<?xml version="1.0" encoding="UTF-8"?>
<testsuites name="UI Verification - List" time="66" tests="11" failures="11" errors="0">
   <testsuite name="UI Verification - List" tests="11" failures="11" errors="0" time="66" timestamp="2019-10-30 15:14:57" hostname="April - April-PC" id="Test Suites/Admin/Delivery 2.0/UI Verification - List">
      <properties>
         <property name="deviceName" value=""/>
         <property name="devicePlatform" value=""/>
         <property name="logFolder" value="C:\\Users\\April\\git\\Trillia\\Reports\\Admin\\Delivery 2.0\\UI Verification - List\\20191030_151456"/>
         <property name="logFiles" value="C:\\Users\\April\\git\\Trillia\\Reports\\Admin\\Delivery 2.0\\UI Verification - List\\20191030_151456\\execution0.log"/>
         <property name="attachments" value="C:\\Users\\April\\git\\Trillia\\Reports\\Admin\\Delivery 2.0\\UI Verification - List\\20191030_151456\\1572419722772.png, C:\\Users\\April\\git\\Trillia\\Reports\\Admin\\Delivery 2.0\\UI Verification - List\\20191030_151456\\1572419754975.png, C:\\Users\\April\\git\\Trillia\\Reports\\Admin\\Delivery 2.0\\UI Verification - List\\20191030_151456\\1572419757057.png, C:\\Users\\April\\git\\Trillia\\Reports\\Admin\\Delivery 2.0\\UI Verification - List\\20191030_151456\\1572419757630.png, C:\\Users\\April\\git\\Trillia\\Reports\\Admin\\Delivery 2.0\\UI Verification - List\\20191030_151456\\1572419759388.png, C:\\Users\\April\\git\\Trillia\\Reports\\Admin\\Delivery 2.0\\UI Verification - List\\20191030_151456\\1572419759747.png, C:\\Users\\April\\git\\Trillia\\Reports\\Admin\\Delivery 2.0\\UI Verification - List\\20191030_151456\\1572419760193.png, C:\\Users\\April\\git\\Trillia\\Reports\\Admin\\Delivery 2.0\\UI Verification - List\\20191030_151456\\1572419760536.png, C:\\Users\\April\\git\\Trillia\\Reports\\Admin\\Delivery 2.0\\UI Verification - List\\20191030_151456\\1572419760957.png, C:\\Users\\April\\git\\Trillia\\Reports\\Admin\\Delivery 2.0\\UI Verification - List\\20191030_151456\\1572419761299.png, C:\\Users\\April\\git\\Trillia\\Reports\\Admin\\Delivery 2.0\\UI Verification - List\\20191030_151456\\1572419761716.png, C:\\Users\\April\\git\\Trillia\\Reports\\Admin\\Delivery 2.0\\UI Verification - List\\20191030_151456\\1572419762060.png, C:\\Users\\April\\git\\Trillia\\Reports\\Admin\\Delivery 2.0\\UI Verification - List\\20191030_151456\\1572419762503.png, C:\\Users\\April\\git\\Trillia\\Reports\\Admin\\Delivery 2.0\\UI Verification - List\\20191030_151456\\1572419762874.png, C:\\Users\\April\\git\\Trillia\\Reports\\Admin\\Delivery 2.0\\UI Verification - List\\20191030_151456\\1572419763350.png, C:\\Users\\April\\git\\Trillia\\Reports\\Admin\\Delivery 2.0\\UI Verification - List\\20191030_151456\\1572419763706.png, C:\\Users\\April\\git\\Trillia\\Reports\\Admin\\Delivery 2.0\\UI Verification - List\\20191030_151456\\1572419764110.png, C:\\Users\\April\\git\\Trillia\\Reports\\Admin\\Delivery 2.0\\UI Verification - List\\20191030_151456\\1572419764448.png"/>
         <property name="hostName" value="April - April-PC"/>
         <property name="os" value="Windows 7 64bit"/>
         <property name="katalonVersion" value="5.4.2.1"/>
         <property name="browser" value="Chrome 78.0.3904.70"/>
         <property name="hostAddress" value="10.10.31.99"/>
         <property name="sessionId" value="1d8e6d2ac30194242a10562365661f1b"/>
         <property name="seleniumVersion" value="3.7.1"/>
         <property name="proxyInformation" value="ProxyInformation{proxyOption=NO_PROXY, proxyServerType=HTTP, password=, proxyServerAddress=, proxyServerPort=0}"/>
         <property name="platform" value="Windows 7"/>
      </properties>
      <testcase name="Test Cases/Utilities/ADMIN/Admin Login" classname="Test Cases/Utilities/ADMIN/Admin Login" status="PASSED">
         <system-out><![CDATA[2019-10-30 15:14:58 - [TEST_CASE][PASSED] - Test Cases/Utilities/ADMIN/Admin Login: Test Cases/Utilities/ADMIN/Admin Login

2019-10-30 15:14:58 - [TEST_STEP][PASSED] - openBrowser: Browser is opened with url: ''

2019-10-30 15:15:01 - [MESSAGE][PASSED] - Browser is opened with url: ''

2019-10-30 15:15:01 - [TEST_STEP][PASSED] - maximizeWindow: Current window maximized

2019-10-30 15:15:02 - [MESSAGE][PASSED] - Current window maximized

2019-10-30 15:15:02 - [TEST_STEP][PASSED] - navigateToUrl: Navigate to 'http://0625bespoke10.test.arcadier.io/admin' successfully

2019-10-30 15:15:07 - [MESSAGE][PASSED] - Navigate to 'http://0625bespoke10.test.arcadier.io/admin' successfully

2019-10-30 15:15:07 - [TEST_STEP][PASSED] - Statement - If (AdminAccountType == "custom"): Object: 'Object Repository/ADMIN/Admin Login Page/button_SignIn' is clicked on

2019-10-30 15:15:07 - [TEST_STEP][PASSED] - waitForElementVisible: Object 'Object Repository/ADMIN/Admin Login Page/textbox_username' is visible

2019-10-30 15:15:07 - [MESSAGE][WARNING] - Timeout '0' is invalid. Using default page load timeout: '30'

2019-10-30 15:15:07 - [MESSAGE][PASSED] - Object 'Object Repository/ADMIN/Admin Login Page/textbox_username' is visible

2019-10-30 15:15:07 - [TEST_STEP][PASSED] - setText: Text '0625bespoke10' is set on object 'Object Repository/ADMIN/Admin Login Page/textbox_username'

2019-10-30 15:15:08 - [MESSAGE][PASSED] - Text '0625bespoke10' is set on object 'Object Repository/ADMIN/Admin Login Page/textbox_username'

2019-10-30 15:15:08 - [TEST_STEP][PASSED] - setText: Text 'welcome8' is set on object 'Object Repository/ADMIN/Admin Login Page/textbox_password'

2019-10-30 15:15:08 - [MESSAGE][PASSED] - Text 'welcome8' is set on object 'Object Repository/ADMIN/Admin Login Page/textbox_password'

2019-10-30 15:15:08 - [TEST_STEP][PASSED] - click: Object: 'Object Repository/ADMIN/Admin Login Page/button_SignIn' is clicked on

2019-10-30 15:15:16 - [MESSAGE][PASSED] - Object: 'Object Repository/ADMIN/Admin Login Page/button_SignIn' is clicked on]]></system-out>
         <system-err><![CDATA[]]></system-err>
      </testcase>
      <testcase name="Test Cases/ADMIN/Features Control/Delivery 2.0/Delivery 2.0 List Page/navigate_Delivery2.0" classname="Test Cases/ADMIN/Features Control/Delivery 2.0/Delivery 2.0 List Page/navigate_Delivery2.0" status="PASSED">
         <system-out><![CDATA[2019-10-30 15:15:16 - [TEST_CASE][PASSED] - Test Cases/ADMIN/Features Control/Delivery 2.0/Delivery 2.0 List Page/navigate_Delivery2.0: Test Cases/ADMIN/Features Control/Delivery 2.0/Delivery 2.0 List Page/navigate_Delivery2.0

2019-10-30 15:15:16 - [TEST_STEP][PASSED] - waitForElementVisible: Object 'Object Repository/ADMIN/Features Control/Delivery 2.0/sidemenu_Features Control' is visible

2019-10-30 15:15:16 - [MESSAGE][WARNING] - Timeout '0' is invalid. Using default page load timeout: '30'

2019-10-30 15:15:16 - [MESSAGE][PASSED] - Object 'Object Repository/ADMIN/Features Control/Delivery 2.0/sidemenu_Features Control' is visible

2019-10-30 15:15:16 - [TEST_STEP][PASSED] - click: Object: 'Object Repository/ADMIN/Features Control/Delivery 2.0/sidemenu_Features Control' is clicked on

2019-10-30 15:15:19 - [MESSAGE][PASSED] - Object: 'Object Repository/ADMIN/Features Control/Delivery 2.0/sidemenu_Features Control' is clicked on

2019-10-30 15:15:19 - [TEST_STEP][PASSED] - waitForElementVisible: Object 'Object Repository/ADMIN/Features Control/Delivery 2.0/button_featureEdit' is visible

2019-10-30 15:15:19 - [MESSAGE][WARNING] - Timeout '0' is invalid. Using default page load timeout: '30'

2019-10-30 15:15:19 - [MESSAGE][PASSED] - Object 'Object Repository/ADMIN/Features Control/Delivery 2.0/button_featureEdit' is visible

2019-10-30 15:15:19 - [TEST_STEP][PASSED] - click: Object: 'Object Repository/ADMIN/Features Control/Delivery 2.0/button_featureEdit' is clicked on

2019-10-30 15:15:22 - [MESSAGE][PASSED] - Object: 'Object Repository/ADMIN/Features Control/Delivery 2.0/button_featureEdit' is clicked on]]></system-out>
         <system-err><![CDATA[]]></system-err>
      </testcase>
      <testcase name="Test Cases/ADMIN/Features Control/Delivery 2.0/Delivery 2.0 List Page/UI/TC005" classname="Test Cases/ADMIN/Features Control/Delivery 2.0/Delivery 2.0 List Page/UI/TC005" status="FAILED">
         <failure type="FAILED" message="Unable to wait for object to be visible (Root cause: java.lang.IllegalArgumentException: Object is null)"/>
         <system-out><![CDATA[2019-10-30 15:15:22 - [TEST_CASE][FAILED] - Test Cases/ADMIN/Features Control/Delivery 2.0/Delivery 2.0 List Page/UI/TC005: Test Cases/ADMIN/Features Control/Delivery 2.0/Delivery 2.0 List Page/UI/TC005 FAILED because (of) Unable to wait for object to be visible (Root cause: java.lang.IllegalArgumentException: Object is null)

2019-10-30 15:15:22 - [TEST_STEP][FAILED] - waitForElementVisible: Unable to wait for object to be visible (Root cause: java.lang.IllegalArgumentException: Object is null)

2019-10-30 15:15:22 - [MESSAGE][WARNING] - Test object with id 'Object Repository/ADMIN/Features Control/Delivery 2.0/a_Delivery 2.0 List/button_Add Delivery Option' does not exist

2019-10-30 15:15:22 - [MESSAGE][WARNING] - Test object with id 'Object Repository/' does not exist

2019-10-30 15:15:23 - [MESSAGE][FAILED] - Unable to wait for object to be visible (Root cause: java.lang.IllegalArgumentException: Object is null)
[[ATTACHMENT|C:\\Users\\April\\git\\Trillia\\Reports\\Admin\\Delivery 2.0\\UI Verification - List\\20191030_151456\\1572419722772.png]]

2019-10-30 15:15:23 - [TEST_STEP][PASSED] - verifyElementVisible: Object 'Object Repository/ADMIN/Admin Delivery Option List/icon_DeliverySettings' is visible

2019-10-30 15:15:23 - [MESSAGE][PASSED] - Object 'Object Repository/ADMIN/Admin Delivery Option List/icon_DeliverySettings' is visible]]></system-out>
         <system-err><![CDATA[2019-10-30 15:15:22 - [TEST_CASE][FAILED] - Test Cases/ADMIN/Features Control/Delivery 2.0/Delivery 2.0 List Page/UI/TC005: Test Cases/ADMIN/Features Control/Delivery 2.0/Delivery 2.0 List Page/UI/TC005 FAILED because (of) Unable to wait for object to be visible (Root cause: java.lang.IllegalArgumentException: Object is null)]]></system-err>
      </testcase>
      <testcase name="Test Cases/ADMIN/Features Control/Delivery 2.0/Delivery 2.0 List Page/UI/TC006" classname="Test Cases/ADMIN/Features Control/Delivery 2.0/Delivery 2.0 List Page/UI/TC006" status="PASSED">
         <system-out><![CDATA[2019-10-30 15:15:23 - [TEST_CASE][PASSED] - Test Cases/ADMIN/Features Control/Delivery 2.0/Delivery 2.0 List Page/UI/TC006: Test Cases/ADMIN/Features Control/Delivery 2.0/Delivery 2.0 List Page/UI/TC006

2019-10-30 15:15:23 - [TEST_STEP][PASSED] - waitForElementVisible: Object 'Object Repository/ADMIN/Admin Delivery Option List/button_Add Delivery Option' is visible

2019-10-30 15:15:23 - [MESSAGE][WARNING] - Timeout '0' is invalid. Using default page load timeout: '30'

2019-10-30 15:15:23 - [MESSAGE][PASSED] - Object 'Object Repository/ADMIN/Admin Delivery Option List/button_Add Delivery Option' is visible

2019-10-30 15:15:23 - [TEST_STEP][PASSED] - verifyElementVisible: Object 'Object Repository/ADMIN/Admin Delivery Option List/textlabel_Delivery2.0' is visible

2019-10-30 15:15:23 - [MESSAGE][PASSED] - Object 'Object Repository/ADMIN/Admin Delivery Option List/textlabel_Delivery2.0' is visible]]></system-out>
         <system-err><![CDATA[]]></system-err>
      </testcase>
      <testcase name="Test Cases/ADMIN/Features Control/Delivery 2.0/Delivery 2.0 List Page/UI/TC007" classname="Test Cases/ADMIN/Features Control/Delivery 2.0/Delivery 2.0 List Page/UI/TC007" status="FAILED">
         <failure type="FAILED" message="Web element with id: 'Object Repository/ADMIN/Admin Delivery Option List/icon_DeliverySettings2nd' located by 'By.xpath: /html[@class=&quot;js flexbox flexboxlegacy canvas canvastext webgl no-touch geolocation postmessage websqldatabase indexeddb hashchange history draganddrop websockets rgba hsla multiplebgs backgroundsize borderimage borderradius boxshadow textshadow opacity cssanimations csscolumns cssgradients cssreflections csstransforms csstransforms3d csstransitions fontface generatedcontent video audio localstorage sessionstorage webworkers applicationcache svg inlinesvg smil svgclippaths&quot;]/body[@class=&quot;page-merchant page-delivery-option&quot;]/div[@class=&quot;main template-sidebar&quot;]/div[@class=&quot;col-sm-9 main-content&quot;]/div[@class=&quot;page-content page-layout&quot;]/div[@class=&quot;gutter-wrapper&quot;]/div[@class=&quot;panel-box&quot;]/div[@class=&quot;page-content-top private-setting-container-switch&quot;]/div[1]/i[@class=&quot;icon icon-3x delivery-icon-big&quot;]' not found"/>
         <system-out><![CDATA[2019-10-30 15:15:23 - [TEST_CASE][FAILED] - Test Cases/ADMIN/Features Control/Delivery 2.0/Delivery 2.0 List Page/UI/TC007: Test Cases/ADMIN/Features Control/Delivery 2.0/Delivery 2.0 List Page/UI/TC007 FAILED because (of) Web element with id: 'Object Repository/ADMIN/Admin Delivery Option List/icon_DeliverySettings2nd' located by 'By.xpath: /html[@class="js flexbox flexboxlegacy canvas canvastext webgl no-touch geolocation postmessage websqldatabase indexeddb hashchange history draganddrop websockets rgba hsla multiplebgs backgroundsize borderimage borderradius boxshadow textshadow opacity cssanimations csscolumns cssgradients cssreflections csstransforms csstransforms3d csstransitions fontface generatedcontent video audio localstorage sessionstorage webworkers applicationcache svg inlinesvg smil svgclippaths"]/body[@class="page-merchant page-delivery-option"]/div[@class="main template-sidebar"]/div[@class="col-sm-9 main-content"]/div[@class="page-content page-layout"]/div[@class="gutter-wrapper"]/div[@class="panel-box"]/div[@class="page-content-top private-setting-container-switch"]/div[1]/i[@class="icon icon-3x delivery-icon-big"]' not found

2019-10-30 15:15:23 - [TEST_STEP][PASSED] - waitForElementVisible: Object 'Object Repository/ADMIN/Admin Delivery Option List/button_Add Delivery Option' is visible

2019-10-30 15:15:23 - [MESSAGE][WARNING] - Timeout '0' is invalid. Using default page load timeout: '30'

2019-10-30 15:15:23 - [MESSAGE][PASSED] - Object 'Object Repository/ADMIN/Admin Delivery Option List/button_Add Delivery Option' is visible

2019-10-30 15:15:23 - [TEST_STEP][FAILED] - verifyElementVisible: Web element with id: 'Object Repository/ADMIN/Admin Delivery Option List/icon_DeliverySettings2nd' located by 'By.xpath: /html[@class="js flexbox flexboxlegacy canvas canvastext webgl no-touch geolocation postmessage websqldatabase indexeddb hashchange history draganddrop websockets rgba hsla multiplebgs backgroundsize borderimage borderradius boxshadow textshadow opacity cssanimations csscolumns cssgradients cssreflections csstransforms csstransforms3d csstransitions fontface generatedcontent video audio localstorage sessionstorage webworkers applicationcache svg inlinesvg smil svgclippaths"]/body[@class="page-merchant page-delivery-option"]/div[@class="main template-sidebar"]/div[@class="col-sm-9 main-content"]/div[@class="page-content page-layout"]/div[@class="gutter-wrapper"]/div[@class="panel-box"]/div[@class="page-content-top private-setting-container-switch"]/div[1]/i[@class="icon icon-3x delivery-icon-big"]' not found

2019-10-30 15:15:55 - [MESSAGE][FAILED] - Web element with id: 'Object Repository/ADMIN/Admin Delivery Option List/icon_DeliverySettings2nd' located by 'By.xpath: /html[@class="js flexbox flexboxlegacy canvas canvastext webgl no-touch geolocation postmessage websqldatabase indexeddb hashchange history draganddrop websockets rgba hsla multiplebgs backgroundsize borderimage borderradius boxshadow textshadow opacity cssanimations csscolumns cssgradients cssreflections csstransforms csstransforms3d csstransitions fontface generatedcontent video audio localstorage sessionstorage webworkers applicationcache svg inlinesvg smil svgclippaths"]/body[@class="page-merchant page-delivery-option"]/div[@class="main template-sidebar"]/div[@class="col-sm-9 main-content"]/div[@class="page-content page-layout"]/div[@class="gutter-wrapper"]/div[@class="panel-box"]/div[@class="page-content-top private-setting-container-switch"]/div[1]/i[@class="icon icon-3x delivery-icon-big"]' not found
[[ATTACHMENT|C:\\Users\\April\\git\\Trillia\\Reports\\Admin\\Delivery 2.0\\UI Verification - List\\20191030_151456\\1572419754975.png]]]]></system-out>
         <system-err><![CDATA[2019-10-30 15:15:23 - [TEST_CASE][FAILED] - Test Cases/ADMIN/Features Control/Delivery 2.0/Delivery 2.0 List Page/UI/TC007: Test Cases/ADMIN/Features Control/Delivery 2.0/Delivery 2.0 List Page/UI/TC007 FAILED because (of) Web element with id: 'Object Repository/ADMIN/Admin Delivery Option List/icon_DeliverySettings2nd' located by 'By.xpath: /html[@class="js flexbox flexboxlegacy canvas canvastext webgl no-touch geolocation postmessage websqldatabase indexeddb hashchange history draganddrop websockets rgba hsla multiplebgs backgroundsize borderimage borderradius boxshadow textshadow opacity cssanimations csscolumns cssgradients cssreflections csstransforms csstransforms3d csstransitions fontface generatedcontent video audio localstorage sessionstorage webworkers applicationcache svg inlinesvg smil svgclippaths"]/body[@class="page-merchant page-delivery-option"]/div[@class="main template-sidebar"]/div[@class="col-sm-9 main-content"]/div[@class="page-content page-layout"]/div[@class="gutter-wrapper"]/div[@class="panel-box"]/div[@class="page-content-top private-setting-container-switch"]/div[1]/i[@class="icon icon-3x delivery-icon-big"]' not found]]></system-err>
      </testcase>
      <testcase name="Test Cases/ADMIN/Features Control/Delivery 2.0/Delivery 2.0 List Page/UI/TC008" classname="Test Cases/ADMIN/Features Control/Delivery 2.0/Delivery 2.0 List Page/UI/TC008" status="PASSED">
         <system-out><![CDATA[2019-10-30 15:15:55 - [TEST_CASE][PASSED] - Test Cases/ADMIN/Features Control/Delivery 2.0/Delivery 2.0 List Page/UI/TC008: Test Cases/ADMIN/Features Control/Delivery 2.0/Delivery 2.0 List Page/UI/TC008

2019-10-30 15:15:55 - [TEST_STEP][PASSED] - waitForElementVisible: Object 'Object Repository/ADMIN/Admin Delivery Option List/button_Add Delivery Option' is visible

2019-10-30 15:15:55 - [MESSAGE][WARNING] - Timeout '0' is invalid. Using default page load timeout: '30'

2019-10-30 15:15:55 - [MESSAGE][PASSED] - Object 'Object Repository/ADMIN/Admin Delivery Option List/button_Add Delivery Option' is visible

2019-10-30 15:15:55 - [TEST_STEP][PASSED] - verifyElementVisible: Object 'Object Repository/ADMIN/Admin Delivery Option List/textlabel_wouldLikeActivate' is visible

2019-10-30 15:15:55 - [MESSAGE][PASSED] - Object 'Object Repository/ADMIN/Admin Delivery Option List/textlabel_wouldLikeActivate' is visible]]></system-out>
         <system-err><![CDATA[]]></system-err>
      </testcase>
      <testcase name="Test Cases/ADMIN/Features Control/Delivery 2.0/Delivery 2.0 List Page/UI/TC009" classname="Test Cases/ADMIN/Features Control/Delivery 2.0/Delivery 2.0 List Page/UI/TC009" status="PASSED">
         <system-out><![CDATA[2019-10-30 15:15:55 - [TEST_CASE][PASSED] - Test Cases/ADMIN/Features Control/Delivery 2.0/Delivery 2.0 List Page/UI/TC009: Test Cases/ADMIN/Features Control/Delivery 2.0/Delivery 2.0 List Page/UI/TC009

2019-10-30 15:15:55 - [TEST_STEP][PASSED] - waitForElementVisible: Object 'Object Repository/ADMIN/Admin Delivery Option List/button_Add Delivery Option' is visible

2019-10-30 15:15:55 - [MESSAGE][WARNING] - Timeout '0' is invalid. Using default page load timeout: '30'

2019-10-30 15:15:55 - [MESSAGE][PASSED] - Object 'Object Repository/ADMIN/Admin Delivery Option List/button_Add Delivery Option' is visible

2019-10-30 15:15:55 - [TEST_STEP][PASSED] - verifyElementVisible: Object 'Object Repository/ADMIN/Admin Delivery Option List/description_Delivery' is visible

2019-10-30 15:15:55 - [MESSAGE][PASSED] - Object 'Object Repository/ADMIN/Admin Delivery Option List/description_Delivery' is visible]]></system-out>
         <system-err><![CDATA[]]></system-err>
      </testcase>
      <testcase name="Test Cases/ADMIN/Features Control/Delivery 2.0/Delivery 2.0 List Page/UI/TC010" classname="Test Cases/ADMIN/Features Control/Delivery 2.0/Delivery 2.0 List Page/UI/TC010" status="PASSED">
         <system-out><![CDATA[2019-10-30 15:15:55 - [TEST_CASE][PASSED] - Test Cases/ADMIN/Features Control/Delivery 2.0/Delivery 2.0 List Page/UI/TC010: Test Cases/ADMIN/Features Control/Delivery 2.0/Delivery 2.0 List Page/UI/TC010

2019-10-30 15:15:56 - [TEST_STEP][PASSED] - waitForElementVisible: Object 'Object Repository/ADMIN/Admin Delivery Option List/button_Add Delivery Option' is visible

2019-10-30 15:15:56 - [MESSAGE][WARNING] - Timeout '0' is invalid. Using default page load timeout: '30'

2019-10-30 15:15:56 - [MESSAGE][PASSED] - Object 'Object Repository/ADMIN/Admin Delivery Option List/button_Add Delivery Option' is visible

2019-10-30 15:15:56 - [TEST_STEP][PASSED] - verifyElementVisible: Object 'Object Repository/ADMIN/Admin Delivery Option List/textlabel_defineWeight' is visible

2019-10-30 15:15:56 - [MESSAGE][PASSED] - Object 'Object Repository/ADMIN/Admin Delivery Option List/textlabel_defineWeight' is visible]]></system-out>
         <system-err><![CDATA[]]></system-err>
      </testcase>
      <testcase name="Test Cases/ADMIN/Features Control/Delivery 2.0/Delivery 2.0 List Page/UI/TC011" classname="Test Cases/ADMIN/Features Control/Delivery 2.0/Delivery 2.0 List Page/UI/TC011" status="PASSED">
         <system-out><![CDATA[2019-10-30 15:15:56 - [TEST_CASE][PASSED] - Test Cases/ADMIN/Features Control/Delivery 2.0/Delivery 2.0 List Page/UI/TC011: Test Cases/ADMIN/Features Control/Delivery 2.0/Delivery 2.0 List Page/UI/TC011

2019-10-30 15:15:56 - [TEST_STEP][PASSED] - waitForElementVisible: Object 'Object Repository/ADMIN/Admin Delivery Option List/button_Add Delivery Option' is visible

2019-10-30 15:15:56 - [MESSAGE][WARNING] - Timeout '0' is invalid. Using default page load timeout: '30'

2019-10-30 15:15:56 - [MESSAGE][PASSED] - Object 'Object Repository/ADMIN/Admin Delivery Option List/button_Add Delivery Option' is visible

2019-10-30 15:15:56 - [TEST_STEP][PASSED] - verifyElementVisible: Object 'Object Repository/ADMIN/Admin Delivery Option List/textfield_defineWeight' is visible

2019-10-30 15:15:56 - [MESSAGE][PASSED] - Object 'Object Repository/ADMIN/Admin Delivery Option List/textfield_defineWeight' is visible]]></system-out>
         <system-err><![CDATA[]]></system-err>
      </testcase>
      <testcase name="Test Cases/ADMIN/Features Control/Delivery 2.0/Delivery 2.0 List Page/UI/TC012" classname="Test Cases/ADMIN/Features Control/Delivery 2.0/Delivery 2.0 List Page/UI/TC012" status="FAILED">
         <failure type="FAILED" message="Object 'Object Repository/ADMIN/Admin Delivery Option List/textfield_defineWeight' does not have attribute '(e.g. kg, lb, oz, etc...)'"/>
         <system-out><![CDATA[2019-10-30 15:15:56 - [TEST_CASE][FAILED] - Test Cases/ADMIN/Features Control/Delivery 2.0/Delivery 2.0 List Page/UI/TC012: Test Cases/ADMIN/Features Control/Delivery 2.0/Delivery 2.0 List Page/UI/TC012 FAILED because (of) Object 'Object Repository/ADMIN/Admin Delivery Option List/textfield_defineWeight' does not have attribute '(e.g. kg, lb, oz, etc...)'

2019-10-30 15:15:56 - [TEST_STEP][PASSED] - waitForElementVisible: Object 'Object Repository/ADMIN/Admin Delivery Option List/button_Add Delivery Option' is visible

2019-10-30 15:15:56 - [MESSAGE][WARNING] - Timeout '0' is invalid. Using default page load timeout: '30'

2019-10-30 15:15:56 - [MESSAGE][PASSED] - Object 'Object Repository/ADMIN/Admin Delivery Option List/button_Add Delivery Option' is visible

2019-10-30 15:15:56 - [TEST_STEP][PASSED] - verifyElementVisible: Object 'Object Repository/ADMIN/Admin Delivery Option List/textfield_defineWeight' is visible

2019-10-30 15:15:56 - [MESSAGE][PASSED] - Object 'Object Repository/ADMIN/Admin Delivery Option List/textfield_defineWeight' is visible

2019-10-30 15:15:56 - [TEST_STEP][FAILED] - verifyElementHasAttribute: Object 'Object Repository/ADMIN/Admin Delivery Option List/textfield_defineWeight' does not have attribute '(e.g. kg, lb, oz, etc...)'

2019-10-30 15:15:56 - [MESSAGE][WARNING] - Timeout '0' is invalid. Using default page load timeout: '30'

2019-10-30 15:15:57 - [MESSAGE][FAILED] - Object 'Object Repository/ADMIN/Admin Delivery Option List/textfield_defineWeight' does not have attribute '(e.g. kg, lb, oz, etc...)'
[[ATTACHMENT|C:\\Users\\April\\git\\Trillia\\Reports\\Admin\\Delivery 2.0\\UI Verification - List\\20191030_151456\\1572419757057.png]]]]></system-out>
         <system-err><![CDATA[2019-10-30 15:15:56 - [TEST_CASE][FAILED] - Test Cases/ADMIN/Features Control/Delivery 2.0/Delivery 2.0 List Page/UI/TC012: Test Cases/ADMIN/Features Control/Delivery 2.0/Delivery 2.0 List Page/UI/TC012 FAILED because (of) Object 'Object Repository/ADMIN/Admin Delivery Option List/textfield_defineWeight' does not have attribute '(e.g. kg, lb, oz, etc...)']]></system-err>
      </testcase>
      <testcase name="Test Cases/ADMIN/Features Control/Delivery 2.0/Delivery 2.0 List Page/UI/TC013" classname="Test Cases/ADMIN/Features Control/Delivery 2.0/Delivery 2.0 List Page/UI/TC013" status="FAILED">
         <failure type="FAILED" message="Unable to verify object is visible (Root cause: java.lang.IllegalArgumentException: Object is null)"/>
         <system-out><![CDATA[2019-10-30 15:15:57 - [TEST_CASE][FAILED] - Test Cases/ADMIN/Features Control/Delivery 2.0/Delivery 2.0 List Page/UI/TC013: Test Cases/ADMIN/Features Control/Delivery 2.0/Delivery 2.0 List Page/UI/TC013 FAILED because (of) Unable to verify object is visible (Root cause: java.lang.IllegalArgumentException: Object is null)

2019-10-30 15:15:57 - [TEST_STEP][PASSED] - waitForElementVisible: Object 'Object Repository/ADMIN/Admin Delivery Option List/button_Add Delivery Option' is visible

2019-10-30 15:15:57 - [MESSAGE][WARNING] - Timeout '0' is invalid. Using default page load timeout: '30'

2019-10-30 15:15:57 - [MESSAGE][PASSED] - Object 'Object Repository/ADMIN/Admin Delivery Option List/button_Add Delivery Option' is visible

2019-10-30 15:15:57 - [TEST_STEP][FAILED] - verifyElementVisible: Unable to verify object is visible (Root cause: java.lang.IllegalArgumentException: Object is null)

2019-10-30 15:15:57 - [MESSAGE][WARNING] - Test object with id 'Object Repository/ADMIN/Features Control/Delivery 2.0/a_Delivery 2.0 List/button_Save' does not exist

2019-10-30 15:15:57 - [MESSAGE][WARNING] - Test object with id 'Object Repository/' does not exist

2019-10-30 15:15:57 - [MESSAGE][FAILED] - Unable to verify object is visible (Root cause: java.lang.IllegalArgumentException: Object is null)
[[ATTACHMENT|C:\\Users\\April\\git\\Trillia\\Reports\\Admin\\Delivery 2.0\\UI Verification - List\\20191030_151456\\1572419757630.png]]]]></system-out>
         <system-err><![CDATA[2019-10-30 15:15:57 - [TEST_CASE][FAILED] - Test Cases/ADMIN/Features Control/Delivery 2.0/Delivery 2.0 List Page/UI/TC013: Test Cases/ADMIN/Features Control/Delivery 2.0/Delivery 2.0 List Page/UI/TC013 FAILED because (of) Unable to verify object is visible (Root cause: java.lang.IllegalArgumentException: Object is null)]]></system-err>
      </testcase>
      <testcase name="Test Cases/ADMIN/Features Control/Delivery 2.0/Delivery 2.0 List Page/UI/TC014" classname="Test Cases/ADMIN/Features Control/Delivery 2.0/Delivery 2.0 List Page/UI/TC014" status="PASSED">
         <system-out><![CDATA[2019-10-30 15:15:57 - [TEST_CASE][PASSED] - Test Cases/ADMIN/Features Control/Delivery 2.0/Delivery 2.0 List Page/UI/TC014: Test Cases/ADMIN/Features Control/Delivery 2.0/Delivery 2.0 List Page/UI/TC014

2019-10-30 15:15:58 - [TEST_STEP][PASSED] - waitForElementVisible: Object 'Object Repository/ADMIN/Admin Delivery Option List/button_Add Delivery Option' is visible

2019-10-30 15:15:58 - [MESSAGE][WARNING] - Timeout '0' is invalid. Using default page load timeout: '30'

2019-10-30 15:15:58 - [MESSAGE][PASSED] - Object 'Object Repository/ADMIN/Admin Delivery Option List/button_Add Delivery Option' is visible

2019-10-30 15:15:58 - [TEST_STEP][PASSED] - verifyElementVisible: Object 'Object Repository/ADMIN/Admin Delivery Option List/description_DefaultDeliveryOptions' is visible

2019-10-30 15:15:58 - [MESSAGE][PASSED] - Object 'Object Repository/ADMIN/Admin Delivery Option List/description_DefaultDeliveryOptions' is visible]]></system-out>
         <system-err><![CDATA[]]></system-err>
      </testcase>
      <testcase name="Test Cases/ADMIN/Features Control/Delivery 2.0/Delivery 2.0 List Page/UI/TC015" classname="Test Cases/ADMIN/Features Control/Delivery 2.0/Delivery 2.0 List Page/UI/TC015" status="PASSED">
         <system-out><![CDATA[2019-10-30 15:15:58 - [TEST_CASE][PASSED] - Test Cases/ADMIN/Features Control/Delivery 2.0/Delivery 2.0 List Page/UI/TC015: Test Cases/ADMIN/Features Control/Delivery 2.0/Delivery 2.0 List Page/UI/TC015

2019-10-30 15:15:58 - [TEST_STEP][PASSED] - waitForElementVisible: Object 'Object Repository/ADMIN/Admin Delivery Option List/button_Add Delivery Option' is visible

2019-10-30 15:15:58 - [MESSAGE][WARNING] - Timeout '0' is invalid. Using default page load timeout: '30'

2019-10-30 15:15:58 - [MESSAGE][PASSED] - Object 'Object Repository/ADMIN/Admin Delivery Option List/button_Add Delivery Option' is visible

2019-10-30 15:15:58 - [TEST_STEP][PASSED] - verifyElementVisible: Object 'Object Repository/ADMIN/Admin Delivery Option List/infotext' is visible

2019-10-30 15:15:58 - [MESSAGE][PASSED] - Object 'Object Repository/ADMIN/Admin Delivery Option List/infotext' is visible]]></system-out>
         <system-err><![CDATA[]]></system-err>
      </testcase>
      <testcase name="Test Cases/ADMIN/Features Control/Delivery 2.0/Delivery 2.0 List Page/UI/TC016" classname="Test Cases/ADMIN/Features Control/Delivery 2.0/Delivery 2.0 List Page/UI/TC016" status="PASSED">
         <system-out><![CDATA[2019-10-30 15:15:58 - [TEST_CASE][PASSED] - Test Cases/ADMIN/Features Control/Delivery 2.0/Delivery 2.0 List Page/UI/TC016: Test Cases/ADMIN/Features Control/Delivery 2.0/Delivery 2.0 List Page/UI/TC016

2019-10-30 15:15:58 - [TEST_STEP][PASSED] - waitForElementVisible: Object 'Object Repository/ADMIN/Admin Delivery Option List/button_Add Delivery Option' is visible

2019-10-30 15:15:58 - [MESSAGE][WARNING] - Timeout '0' is invalid. Using default page load timeout: '30'

2019-10-30 15:15:58 - [MESSAGE][PASSED] - Object 'Object Repository/ADMIN/Admin Delivery Option List/button_Add Delivery Option' is visible

2019-10-30 15:15:58 - [TEST_STEP][PASSED] - verifyElementVisible: Object 'Object Repository/ADMIN/Admin Delivery Option List/button_Add Delivery Option' is visible

2019-10-30 15:15:58 - [MESSAGE][PASSED] - Object 'Object Repository/ADMIN/Admin Delivery Option List/button_Add Delivery Option' is visible]]></system-out>
         <system-err><![CDATA[]]></system-err>
      </testcase>
      <testcase name="Test Cases/ADMIN/Features Control/Delivery 2.0/Delivery 2.0 List Page/UI/TC017" classname="Test Cases/ADMIN/Features Control/Delivery 2.0/Delivery 2.0 List Page/UI/TC017" status="PASSED">
         <system-out><![CDATA[2019-10-30 15:15:58 - [TEST_CASE][PASSED] - Test Cases/ADMIN/Features Control/Delivery 2.0/Delivery 2.0 List Page/UI/TC017: Test Cases/ADMIN/Features Control/Delivery 2.0/Delivery 2.0 List Page/UI/TC017

2019-10-30 15:15:58 - [TEST_STEP][PASSED] - waitForElementVisible: Object 'Object Repository/ADMIN/Admin Delivery Option List/button_Add Delivery Option' is visible

2019-10-30 15:15:59 - [MESSAGE][WARNING] - Timeout '0' is invalid. Using default page load timeout: '30'

2019-10-30 15:15:59 - [MESSAGE][PASSED] - Object 'Object Repository/ADMIN/Admin Delivery Option List/button_Add Delivery Option' is visible

2019-10-30 15:15:59 - [TEST_STEP][PASSED] - verifyElementVisible: Object 'Object Repository/ADMIN/Admin Delivery Option List/description_Delivery' is visible

2019-10-30 15:15:59 - [MESSAGE][PASSED] - Object 'Object Repository/ADMIN/Admin Delivery Option List/description_Delivery' is visible]]></system-out>
         <system-err><![CDATA[]]></system-err>
      </testcase>
      <testcase name="Test Cases/ADMIN/Features Control/Delivery 2.0/Delivery 2.0 List Page/UI/TC018" classname="Test Cases/ADMIN/Features Control/Delivery 2.0/Delivery 2.0 List Page/UI/TC018" status="FAILED">
         <failure type="FAILED" message="Unable to wait for object to be visible (Root cause: java.lang.IllegalArgumentException: Object is null)"/>
         <system-out><![CDATA[2019-10-30 15:15:59 - [TEST_CASE][FAILED] - Test Cases/ADMIN/Features Control/Delivery 2.0/Delivery 2.0 List Page/UI/TC018: Test Cases/ADMIN/Features Control/Delivery 2.0/Delivery 2.0 List Page/UI/TC018 FAILED because (of) Unable to wait for object to be visible (Root cause: java.lang.IllegalArgumentException: Object is null)

2019-10-30 15:15:59 - [TEST_STEP][FAILED] - waitForElementVisible: Unable to wait for object to be visible (Root cause: java.lang.IllegalArgumentException: Object is null)

2019-10-30 15:15:59 - [MESSAGE][WARNING] - Test object with id 'Object Repository/ADMIN/Features Control/Delivery 2.0/a_Delivery 2.0 List/button_Add Delivery Option' does not exist

2019-10-30 15:15:59 - [MESSAGE][WARNING] - Test object with id 'Object Repository/' does not exist

2019-10-30 15:15:59 - [MESSAGE][FAILED] - Unable to wait for object to be visible (Root cause: java.lang.IllegalArgumentException: Object is null)
[[ATTACHMENT|C:\\Users\\April\\git\\Trillia\\Reports\\Admin\\Delivery 2.0\\UI Verification - List\\20191030_151456\\1572419759388.png]]

2019-10-30 15:15:59 - [TEST_STEP][FAILED] - verifyElementVisible: Unable to verify object is visible (Root cause: java.lang.IllegalArgumentException: Object is null)

2019-10-30 15:15:59 - [MESSAGE][WARNING] - Test object with id 'Object Repository/ADMIN/Features Control/Delivery 2.0/a_Delivery 2.0 List/textlabel_Name' does not exist

2019-10-30 15:15:59 - [MESSAGE][WARNING] - Test object with id 'Object Repository/' does not exist

2019-10-30 15:16:00 - [MESSAGE][FAILED] - Unable to verify object is visible (Root cause: java.lang.IllegalArgumentException: Object is null)
[[ATTACHMENT|C:\\Users\\April\\git\\Trillia\\Reports\\Admin\\Delivery 2.0\\UI Verification - List\\20191030_151456\\1572419759747.png]]]]></system-out>
         <system-err><![CDATA[2019-10-30 15:15:59 - [TEST_CASE][FAILED] - Test Cases/ADMIN/Features Control/Delivery 2.0/Delivery 2.0 List Page/UI/TC018: Test Cases/ADMIN/Features Control/Delivery 2.0/Delivery 2.0 List Page/UI/TC018 FAILED because (of) Unable to wait for object to be visible (Root cause: java.lang.IllegalArgumentException: Object is null)]]></system-err>
      </testcase>
      <testcase name="Test Cases/ADMIN/Features Control/Delivery 2.0/Delivery 2.0 List Page/UI/TC019" classname="Test Cases/ADMIN/Features Control/Delivery 2.0/Delivery 2.0 List Page/UI/TC019" status="FAILED">
         <failure type="FAILED" message="Unable to wait for object to be visible (Root cause: java.lang.IllegalArgumentException: Object is null)"/>
         <system-out><![CDATA[2019-10-30 15:16:00 - [TEST_CASE][FAILED] - Test Cases/ADMIN/Features Control/Delivery 2.0/Delivery 2.0 List Page/UI/TC019: Test Cases/ADMIN/Features Control/Delivery 2.0/Delivery 2.0 List Page/UI/TC019 FAILED because (of) Unable to wait for object to be visible (Root cause: java.lang.IllegalArgumentException: Object is null)

2019-10-30 15:16:00 - [TEST_STEP][FAILED] - waitForElementVisible: Unable to wait for object to be visible (Root cause: java.lang.IllegalArgumentException: Object is null)

2019-10-30 15:16:00 - [MESSAGE][WARNING] - Test object with id 'Object Repository/ADMIN/Features Control/Delivery 2.0/a_Delivery 2.0 List/button_Add Delivery Option' does not exist

2019-10-30 15:16:00 - [MESSAGE][WARNING] - Test object with id 'Object Repository/' does not exist

2019-10-30 15:16:00 - [MESSAGE][FAILED] - Unable to wait for object to be visible (Root cause: java.lang.IllegalArgumentException: Object is null)
[[ATTACHMENT|C:\\Users\\April\\git\\Trillia\\Reports\\Admin\\Delivery 2.0\\UI Verification - List\\20191030_151456\\1572419760193.png]]

2019-10-30 15:16:00 - [TEST_STEP][FAILED] - verifyElementVisible: Unable to verify object is visible (Root cause: java.lang.IllegalArgumentException: Object is null)

2019-10-30 15:16:00 - [MESSAGE][WARNING] - Test object with id 'Object Repository/ADMIN/Features Control/Delivery 2.0/a_Delivery 2.0 List/textlabel_Delivers To' does not exist

2019-10-30 15:16:00 - [MESSAGE][WARNING] - Test object with id 'Object Repository/' does not exist

2019-10-30 15:16:00 - [MESSAGE][FAILED] - Unable to verify object is visible (Root cause: java.lang.IllegalArgumentException: Object is null)
[[ATTACHMENT|C:\\Users\\April\\git\\Trillia\\Reports\\Admin\\Delivery 2.0\\UI Verification - List\\20191030_151456\\1572419760536.png]]]]></system-out>
         <system-err><![CDATA[2019-10-30 15:16:00 - [TEST_CASE][FAILED] - Test Cases/ADMIN/Features Control/Delivery 2.0/Delivery 2.0 List Page/UI/TC019: Test Cases/ADMIN/Features Control/Delivery 2.0/Delivery 2.0 List Page/UI/TC019 FAILED because (of) Unable to wait for object to be visible (Root cause: java.lang.IllegalArgumentException: Object is null)]]></system-err>
      </testcase>
      <testcase name="Test Cases/ADMIN/Features Control/Delivery 2.0/Delivery 2.0 List Page/UI/TC045" classname="Test Cases/ADMIN/Features Control/Delivery 2.0/Delivery 2.0 List Page/UI/TC045" status="FAILED">
         <failure type="FAILED" message="Unable to wait for object to be visible (Root cause: java.lang.IllegalArgumentException: Object is null)"/>
         <system-out><![CDATA[2019-10-30 15:16:00 - [TEST_CASE][FAILED] - Test Cases/ADMIN/Features Control/Delivery 2.0/Delivery 2.0 List Page/UI/TC045: Test Cases/ADMIN/Features Control/Delivery 2.0/Delivery 2.0 List Page/UI/TC045 FAILED because (of) Unable to wait for object to be visible (Root cause: java.lang.IllegalArgumentException: Object is null)

2019-10-30 15:16:00 - [TEST_STEP][FAILED] - waitForElementVisible: Unable to wait for object to be visible (Root cause: java.lang.IllegalArgumentException: Object is null)

2019-10-30 15:16:00 - [MESSAGE][WARNING] - Test object with id 'Object Repository/ADMIN/Features Control/Delivery 2.0/a_Delivery 2.0 List/a_Edit Unit/textlabel_Warning' does not exist

2019-10-30 15:16:00 - [MESSAGE][WARNING] - Test object with id 'Object Repository/' does not exist

2019-10-30 15:16:01 - [MESSAGE][FAILED] - Unable to wait for object to be visible (Root cause: java.lang.IllegalArgumentException: Object is null)
[[ATTACHMENT|C:\\Users\\April\\git\\Trillia\\Reports\\Admin\\Delivery 2.0\\UI Verification - List\\20191030_151456\\1572419760957.png]]

2019-10-30 15:16:01 - [TEST_STEP][FAILED] - verifyElementVisible: Unable to verify object is visible (Root cause: java.lang.IllegalArgumentException: Object is null)

2019-10-30 15:16:01 - [MESSAGE][WARNING] - Test object with id 'Object Repository/ADMIN/Features Control/Delivery 2.0/a_Delivery 2.0 List/a_Edit Unit/textlabel_Warning' does not exist

2019-10-30 15:16:01 - [MESSAGE][WARNING] - Test object with id 'Object Repository/' does not exist

2019-10-30 15:16:01 - [MESSAGE][FAILED] - Unable to verify object is visible (Root cause: java.lang.IllegalArgumentException: Object is null)
[[ATTACHMENT|C:\\Users\\April\\git\\Trillia\\Reports\\Admin\\Delivery 2.0\\UI Verification - List\\20191030_151456\\1572419761299.png]]]]></system-out>
         <system-err><![CDATA[2019-10-30 15:16:00 - [TEST_CASE][FAILED] - Test Cases/ADMIN/Features Control/Delivery 2.0/Delivery 2.0 List Page/UI/TC045: Test Cases/ADMIN/Features Control/Delivery 2.0/Delivery 2.0 List Page/UI/TC045 FAILED because (of) Unable to wait for object to be visible (Root cause: java.lang.IllegalArgumentException: Object is null)]]></system-err>
      </testcase>
      <testcase name="Test Cases/ADMIN/Features Control/Delivery 2.0/Delivery 2.0 List Page/UI/TC046" classname="Test Cases/ADMIN/Features Control/Delivery 2.0/Delivery 2.0 List Page/UI/TC046" status="FAILED">
         <failure type="FAILED" message="Unable to wait for object to be visible (Root cause: java.lang.IllegalArgumentException: Object is null)"/>
         <system-out><![CDATA[2019-10-30 15:16:01 - [TEST_CASE][FAILED] - Test Cases/ADMIN/Features Control/Delivery 2.0/Delivery 2.0 List Page/UI/TC046: Test Cases/ADMIN/Features Control/Delivery 2.0/Delivery 2.0 List Page/UI/TC046 FAILED because (of) Unable to wait for object to be visible (Root cause: java.lang.IllegalArgumentException: Object is null)

2019-10-30 15:16:01 - [TEST_STEP][FAILED] - waitForElementVisible: Unable to wait for object to be visible (Root cause: java.lang.IllegalArgumentException: Object is null)

2019-10-30 15:16:01 - [MESSAGE][WARNING] - Test object with id 'Object Repository/ADMIN/Features Control/Delivery 2.0/a_Delivery 2.0 List/a_Edit Unit/textlabel_Warning' does not exist

2019-10-30 15:16:01 - [MESSAGE][WARNING] - Test object with id 'Object Repository/' does not exist

2019-10-30 15:16:02 - [MESSAGE][FAILED] - Unable to wait for object to be visible (Root cause: java.lang.IllegalArgumentException: Object is null)
[[ATTACHMENT|C:\\Users\\April\\git\\Trillia\\Reports\\Admin\\Delivery 2.0\\UI Verification - List\\20191030_151456\\1572419761716.png]]

2019-10-30 15:16:02 - [TEST_STEP][FAILED] - verifyElementVisible: Unable to verify object is visible (Root cause: java.lang.IllegalArgumentException: Object is null)

2019-10-30 15:16:02 - [MESSAGE][WARNING] - Test object with id 'Object Repository/ADMIN/Features Control/Delivery 2.0/a_Delivery 2.0 List/a_Edit Unit/textlabel_Description' does not exist

2019-10-30 15:16:02 - [MESSAGE][WARNING] - Test object with id 'Object Repository/' does not exist

2019-10-30 15:16:02 - [MESSAGE][FAILED] - Unable to verify object is visible (Root cause: java.lang.IllegalArgumentException: Object is null)
[[ATTACHMENT|C:\\Users\\April\\git\\Trillia\\Reports\\Admin\\Delivery 2.0\\UI Verification - List\\20191030_151456\\1572419762060.png]]]]></system-out>
         <system-err><![CDATA[2019-10-30 15:16:01 - [TEST_CASE][FAILED] - Test Cases/ADMIN/Features Control/Delivery 2.0/Delivery 2.0 List Page/UI/TC046: Test Cases/ADMIN/Features Control/Delivery 2.0/Delivery 2.0 List Page/UI/TC046 FAILED because (of) Unable to wait for object to be visible (Root cause: java.lang.IllegalArgumentException: Object is null)]]></system-err>
      </testcase>
      <testcase name="Test Cases/ADMIN/Features Control/Delivery 2.0/Delivery 2.0 List Page/UI/TC047" classname="Test Cases/ADMIN/Features Control/Delivery 2.0/Delivery 2.0 List Page/UI/TC047" status="FAILED">
         <failure type="FAILED" message="Unable to wait for object to be visible (Root cause: java.lang.IllegalArgumentException: Object is null)"/>
         <system-out><![CDATA[2019-10-30 15:16:02 - [TEST_CASE][FAILED] - Test Cases/ADMIN/Features Control/Delivery 2.0/Delivery 2.0 List Page/UI/TC047: Test Cases/ADMIN/Features Control/Delivery 2.0/Delivery 2.0 List Page/UI/TC047 FAILED because (of) Unable to wait for object to be visible (Root cause: java.lang.IllegalArgumentException: Object is null)

2019-10-30 15:16:02 - [TEST_STEP][FAILED] - waitForElementVisible: Unable to wait for object to be visible (Root cause: java.lang.IllegalArgumentException: Object is null)

2019-10-30 15:16:02 - [MESSAGE][WARNING] - Test object with id 'Object Repository/ADMIN/Features Control/Delivery 2.0/a_Delivery 2.0 List/a_Edit Unit/textlabel_Warning' does not exist

2019-10-30 15:16:02 - [MESSAGE][WARNING] - Test object with id 'Object Repository/' does not exist

2019-10-30 15:16:02 - [MESSAGE][FAILED] - Unable to wait for object to be visible (Root cause: java.lang.IllegalArgumentException: Object is null)
[[ATTACHMENT|C:\\Users\\April\\git\\Trillia\\Reports\\Admin\\Delivery 2.0\\UI Verification - List\\20191030_151456\\1572419762503.png]]

2019-10-30 15:16:02 - [TEST_STEP][FAILED] - verifyElementVisible: Unable to verify object is visible (Root cause: java.lang.IllegalArgumentException: Object is null)

2019-10-30 15:16:02 - [MESSAGE][WARNING] - Test object with id 'Object Repository/ADMIN/Features Control/Delivery 2.0/a_Delivery 2.0 List/a_Edit Unit/button_Close' does not exist

2019-10-30 15:16:02 - [MESSAGE][WARNING] - Test object with id 'Object Repository/' does not exist

2019-10-30 15:16:03 - [MESSAGE][FAILED] - Unable to verify object is visible (Root cause: java.lang.IllegalArgumentException: Object is null)
[[ATTACHMENT|C:\\Users\\April\\git\\Trillia\\Reports\\Admin\\Delivery 2.0\\UI Verification - List\\20191030_151456\\1572419762874.png]]]]></system-out>
         <system-err><![CDATA[2019-10-30 15:16:02 - [TEST_CASE][FAILED] - Test Cases/ADMIN/Features Control/Delivery 2.0/Delivery 2.0 List Page/UI/TC047: Test Cases/ADMIN/Features Control/Delivery 2.0/Delivery 2.0 List Page/UI/TC047 FAILED because (of) Unable to wait for object to be visible (Root cause: java.lang.IllegalArgumentException: Object is null)]]></system-err>
      </testcase>
      <testcase name="Test Cases/ADMIN/Features Control/Delivery 2.0/Delivery 2.0 List Page/UI/TC048" classname="Test Cases/ADMIN/Features Control/Delivery 2.0/Delivery 2.0 List Page/UI/TC048" status="FAILED">
         <failure type="FAILED" message="Unable to wait for object to be visible (Root cause: java.lang.IllegalArgumentException: Object is null)"/>
         <system-out><![CDATA[2019-10-30 15:16:03 - [TEST_CASE][FAILED] - Test Cases/ADMIN/Features Control/Delivery 2.0/Delivery 2.0 List Page/UI/TC048: Test Cases/ADMIN/Features Control/Delivery 2.0/Delivery 2.0 List Page/UI/TC048 FAILED because (of) Unable to wait for object to be visible (Root cause: java.lang.IllegalArgumentException: Object is null)

2019-10-30 15:16:03 - [TEST_STEP][FAILED] - waitForElementVisible: Unable to wait for object to be visible (Root cause: java.lang.IllegalArgumentException: Object is null)

2019-10-30 15:16:03 - [MESSAGE][WARNING] - Test object with id 'Object Repository/ADMIN/Features Control/Delivery 2.0/a_Delivery 2.0 List/a_Edit Unit/textlabel_Warning' does not exist

2019-10-30 15:16:03 - [MESSAGE][WARNING] - Test object with id 'Object Repository/' does not exist

2019-10-30 15:16:03 - [MESSAGE][FAILED] - Unable to wait for object to be visible (Root cause: java.lang.IllegalArgumentException: Object is null)
[[ATTACHMENT|C:\\Users\\April\\git\\Trillia\\Reports\\Admin\\Delivery 2.0\\UI Verification - List\\20191030_151456\\1572419763350.png]]

2019-10-30 15:16:03 - [TEST_STEP][FAILED] - verifyElementVisible: Unable to verify object is visible (Root cause: java.lang.IllegalArgumentException: Object is null)

2019-10-30 15:16:03 - [MESSAGE][WARNING] - Test object with id 'Object Repository/ADMIN/Features Control/Delivery 2.0/a_Delivery 2.0 List/a_Edit Unit/button_Cancel' does not exist

2019-10-30 15:16:03 - [MESSAGE][WARNING] - Test object with id 'Object Repository/' does not exist

2019-10-30 15:16:04 - [MESSAGE][FAILED] - Unable to verify object is visible (Root cause: java.lang.IllegalArgumentException: Object is null)
[[ATTACHMENT|C:\\Users\\April\\git\\Trillia\\Reports\\Admin\\Delivery 2.0\\UI Verification - List\\20191030_151456\\1572419763706.png]]]]></system-out>
         <system-err><![CDATA[2019-10-30 15:16:03 - [TEST_CASE][FAILED] - Test Cases/ADMIN/Features Control/Delivery 2.0/Delivery 2.0 List Page/UI/TC048: Test Cases/ADMIN/Features Control/Delivery 2.0/Delivery 2.0 List Page/UI/TC048 FAILED because (of) Unable to wait for object to be visible (Root cause: java.lang.IllegalArgumentException: Object is null)]]></system-err>
      </testcase>
      <testcase name="Test Cases/ADMIN/Features Control/Delivery 2.0/Delivery 2.0 List Page/UI/TC049" classname="Test Cases/ADMIN/Features Control/Delivery 2.0/Delivery 2.0 List Page/UI/TC049" status="FAILED">
         <failure type="FAILED" message="Unable to wait for object to be visible (Root cause: java.lang.IllegalArgumentException: Object is null)"/>
         <system-out><![CDATA[2019-10-30 15:16:04 - [TEST_CASE][FAILED] - Test Cases/ADMIN/Features Control/Delivery 2.0/Delivery 2.0 List Page/UI/TC049: Test Cases/ADMIN/Features Control/Delivery 2.0/Delivery 2.0 List Page/UI/TC049 FAILED because (of) Unable to wait for object to be visible (Root cause: java.lang.IllegalArgumentException: Object is null)

2019-10-30 15:16:04 - [TEST_STEP][FAILED] - waitForElementVisible: Unable to wait for object to be visible (Root cause: java.lang.IllegalArgumentException: Object is null)

2019-10-30 15:16:04 - [MESSAGE][WARNING] - Test object with id 'Object Repository/ADMIN/Features Control/Delivery 2.0/a_Delivery 2.0 List/a_Edit Unit/textlabel_Warning' does not exist

2019-10-30 15:16:04 - [MESSAGE][WARNING] - Test object with id 'Object Repository/' does not exist

2019-10-30 15:16:04 - [MESSAGE][FAILED] - Unable to wait for object to be visible (Root cause: java.lang.IllegalArgumentException: Object is null)
[[ATTACHMENT|C:\\Users\\April\\git\\Trillia\\Reports\\Admin\\Delivery 2.0\\UI Verification - List\\20191030_151456\\1572419764110.png]]

2019-10-30 15:16:04 - [TEST_STEP][FAILED] - verifyElementVisible: Unable to verify object is visible (Root cause: java.lang.IllegalArgumentException: Object is null)

2019-10-30 15:16:04 - [MESSAGE][WARNING] - Test object with id 'Object Repository/ADMIN/Features Control/Delivery 2.0/a_Delivery 2.0 List/a_Edit Unit/button_Okay' does not exist

2019-10-30 15:16:04 - [MESSAGE][WARNING] - Test object with id 'Object Repository/' does not exist

2019-10-30 15:16:04 - [MESSAGE][FAILED] - Unable to verify object is visible (Root cause: java.lang.IllegalArgumentException: Object is null)
[[ATTACHMENT|C:\\Users\\April\\git\\Trillia\\Reports\\Admin\\Delivery 2.0\\UI Verification - List\\20191030_151456\\1572419764448.png]]]]></system-out>
         <system-err><![CDATA[2019-10-30 15:16:04 - [TEST_CASE][FAILED] - Test Cases/ADMIN/Features Control/Delivery 2.0/Delivery 2.0 List Page/UI/TC049: Test Cases/ADMIN/Features Control/Delivery 2.0/Delivery 2.0 List Page/UI/TC049 FAILED because (of) Unable to wait for object to be visible (Root cause: java.lang.IllegalArgumentException: Object is null)]]></system-err>
      </testcase>
      <system-out><![CDATA[2019-10-30 15:14:57 - [TEST_SUITE][FAILED] - UI Verification - List: Test Cases/ADMIN/Features Control/Delivery 2.0/Delivery 2.0 List Page/UI/TC005 FAILED because (of) Unable to wait for object to be visible (Root cause: java.lang.IllegalArgumentException: Object is null)]]></system-out>
      <system-err><![CDATA[2019-10-30 15:14:57 - [TEST_SUITE][FAILED] - UI Verification - List: Test Cases/ADMIN/Features Control/Delivery 2.0/Delivery 2.0 List Page/UI/TC005 FAILED because (of) Unable to wait for object to be visible (Root cause: java.lang.IllegalArgumentException: Object is null)]]></system-err>
   </testsuite>
</testsuites>
