<?xml version="1.0" encoding="UTF-8"?>
<testsuites name="Add Category" time="1652" tests="2" failures="79" errors="0">
   <testsuite name="Add Category" tests="2" failures="79" errors="0" time="1652" timestamp="2019-11-25 09:32:45" hostname="April - April-PC" id="Test Suites/Admin/Categories/Add Category">
      <properties>
         <property name="deviceName" value=""/>
         <property name="devicePlatform" value=""/>
         <property name="logFolder" value="C:\\Users\\April\\git\\Trillia\\Reports\\Admin\\Categories\\Add Category\\20191125_093242"/>
         <property name="logFiles" value="C:\\Users\\April\\git\\Trillia\\Reports\\Admin\\Categories\\Add Category\\20191125_093242\\execution0.log"/>
         <property name="attachments" value="C:\\Users\\April\\git\\Trillia\\Reports\\Admin\\Categories\\Add Category\\20191125_093242\\1574645590431.png, C:\\Users\\April\\git\\Trillia\\Reports\\Admin\\Categories\\Add Category\\20191125_093242\\1574645629329.png, C:\\Users\\April\\git\\Trillia\\Reports\\Admin\\Categories\\Add Category\\20191125_093242\\1574645629918.png, C:\\Users\\April\\git\\Trillia\\Reports\\Admin\\Categories\\Add Category\\20191125_093242\\1574645630373.png, C:\\Users\\April\\git\\Trillia\\Reports\\Admin\\Categories\\Add Category\\20191125_093242\\1574645635936.png, C:\\Users\\April\\git\\Trillia\\Reports\\Admin\\Categories\\Add Category\\20191125_093242\\1574645649609.png, C:\\Users\\April\\git\\Trillia\\Reports\\Admin\\Categories\\Add Category\\20191125_093242\\1574645654878.png, C:\\Users\\April\\git\\Trillia\\Reports\\Admin\\Categories\\Add Category\\20191125_093242\\1574645665261.png, C:\\Users\\April\\git\\Trillia\\Reports\\Admin\\Categories\\Add Category\\20191125_093242\\1574645670284.png, C:\\Users\\April\\git\\Trillia\\Reports\\Admin\\Categories\\Add Category\\20191125_093242\\1574645686857.png, C:\\Users\\April\\git\\Trillia\\Reports\\Admin\\Categories\\Add Category\\20191125_093242\\1574645705227.png, C:\\Users\\April\\git\\Trillia\\Reports\\Admin\\Categories\\Add Category\\20191125_093242\\1574645722276.png, C:\\Users\\April\\git\\Trillia\\Reports\\Admin\\Categories\\Add Category\\20191125_093242\\1574645748850.png, C:\\Users\\April\\git\\Trillia\\Reports\\Admin\\Categories\\Add Category\\20191125_093242\\1574645765695.png, C:\\Users\\April\\git\\Trillia\\Reports\\Admin\\Categories\\Add Category\\20191125_093242\\1574645783469.png, C:\\Users\\April\\git\\Trillia\\Reports\\Admin\\Categories\\Add Category\\20191125_093242\\1574645805090.png, C:\\Users\\April\\git\\Trillia\\Reports\\Admin\\Categories\\Add Category\\20191125_093242\\1574645821293.png, C:\\Users\\April\\git\\Trillia\\Reports\\Admin\\Categories\\Add Category\\20191125_093242\\1574645839970.png, C:\\Users\\April\\git\\Trillia\\Reports\\Admin\\Categories\\Add Category\\20191125_093242\\1574645856336.png, C:\\Users\\April\\git\\Trillia\\Reports\\Admin\\Categories\\Add Category\\20191125_093242\\1574645875122.png, C:\\Users\\April\\git\\Trillia\\Reports\\Admin\\Categories\\Add Category\\20191125_093242\\1574645892483.png, C:\\Users\\April\\git\\Trillia\\Reports\\Admin\\Categories\\Add Category\\20191125_093242\\1574645921668.png, C:\\Users\\April\\git\\Trillia\\Reports\\Admin\\Categories\\Add Category\\20191125_093242\\1574645941923.png, C:\\Users\\April\\git\\Trillia\\Reports\\Admin\\Categories\\Add Category\\20191125_093242\\1574645959915.png, C:\\Users\\April\\git\\Trillia\\Reports\\Admin\\Categories\\Add Category\\20191125_093242\\1574645979355.png, C:\\Users\\April\\git\\Trillia\\Reports\\Admin\\Categories\\Add Category\\20191125_093242\\1574645996405.png, C:\\Users\\April\\git\\Trillia\\Reports\\Admin\\Categories\\Add Category\\20191125_093242\\1574646013870.png, C:\\Users\\April\\git\\Trillia\\Reports\\Admin\\Categories\\Add Category\\20191125_093242\\1574646029683.png, C:\\Users\\April\\git\\Trillia\\Reports\\Admin\\Categories\\Add Category\\20191125_093242\\1574646049643.png, C:\\Users\\April\\git\\Trillia\\Reports\\Admin\\Categories\\Add Category\\20191125_093242\\1574646068887.png, C:\\Users\\April\\git\\Trillia\\Reports\\Admin\\Categories\\Add Category\\20191125_093242\\1574646086120.png, C:\\Users\\April\\git\\Trillia\\Reports\\Admin\\Categories\\Add Category\\20191125_093242\\1574646104075.png, C:\\Users\\April\\git\\Trillia\\Reports\\Admin\\Categories\\Add Category\\20191125_093242\\1574646124445.png, C:\\Users\\April\\git\\Trillia\\Reports\\Admin\\Categories\\Add Category\\20191125_093242\\1574646141723.png, C:\\Users\\April\\git\\Trillia\\Reports\\Admin\\Categories\\Add Category\\20191125_093242\\1574646161026.png, C:\\Users\\April\\git\\Trillia\\Reports\\Admin\\Categories\\Add Category\\20191125_093242\\1574646181621.png, C:\\Users\\April\\git\\Trillia\\Reports\\Admin\\Categories\\Add Category\\20191125_093242\\1574646206070.png, C:\\Users\\April\\git\\Trillia\\Reports\\Admin\\Categories\\Add Category\\20191125_093242\\1574646224695.png, C:\\Users\\April\\git\\Trillia\\Reports\\Admin\\Categories\\Add Category\\20191125_093242\\1574646244257.png, C:\\Users\\April\\git\\Trillia\\Reports\\Admin\\Categories\\Add Category\\20191125_093242\\1574646262710.png, C:\\Users\\April\\git\\Trillia\\Reports\\Admin\\Categories\\Add Category\\20191125_093242\\1574646281107.png, C:\\Users\\April\\git\\Trillia\\Reports\\Admin\\Categories\\Add Category\\20191125_093242\\1574646296459.png, C:\\Users\\April\\git\\Trillia\\Reports\\Admin\\Categories\\Add Category\\20191125_093242\\1574646312078.png, C:\\Users\\April\\git\\Trillia\\Reports\\Admin\\Categories\\Add Category\\20191125_093242\\1574646326591.png, C:\\Users\\April\\git\\Trillia\\Reports\\Admin\\Categories\\Add Category\\20191125_093242\\1574646346922.png, C:\\Users\\April\\git\\Trillia\\Reports\\Admin\\Categories\\Add Category\\20191125_093242\\1574646365673.png, C:\\Users\\April\\git\\Trillia\\Reports\\Admin\\Categories\\Add Category\\20191125_093242\\1574646384990.png, C:\\Users\\April\\git\\Trillia\\Reports\\Admin\\Categories\\Add Category\\20191125_093242\\1574646411824.png, C:\\Users\\April\\git\\Trillia\\Reports\\Admin\\Categories\\Add Category\\20191125_093242\\1574646434605.png, C:\\Users\\April\\git\\Trillia\\Reports\\Admin\\Categories\\Add Category\\20191125_093242\\1574646456962.png, C:\\Users\\April\\git\\Trillia\\Reports\\Admin\\Categories\\Add Category\\20191125_093242\\1574646476056.png, C:\\Users\\April\\git\\Trillia\\Reports\\Admin\\Categories\\Add Category\\20191125_093242\\1574646493987.png, C:\\Users\\April\\git\\Trillia\\Reports\\Admin\\Categories\\Add Category\\20191125_093242\\1574646510359.png, C:\\Users\\April\\git\\Trillia\\Reports\\Admin\\Categories\\Add Category\\20191125_093242\\1574646528194.png, C:\\Users\\April\\git\\Trillia\\Reports\\Admin\\Categories\\Add Category\\20191125_093242\\1574646549714.png, C:\\Users\\April\\git\\Trillia\\Reports\\Admin\\Categories\\Add Category\\20191125_093242\\1574646571845.png, C:\\Users\\April\\git\\Trillia\\Reports\\Admin\\Categories\\Add Category\\20191125_093242\\1574646595091.png, C:\\Users\\April\\git\\Trillia\\Reports\\Admin\\Categories\\Add Category\\20191125_093242\\1574646619201.png, C:\\Users\\April\\git\\Trillia\\Reports\\Admin\\Categories\\Add Category\\20191125_093242\\1574646644645.png, C:\\Users\\April\\git\\Trillia\\Reports\\Admin\\Categories\\Add Category\\20191125_093242\\1574646664489.png, C:\\Users\\April\\git\\Trillia\\Reports\\Admin\\Categories\\Add Category\\20191125_093242\\1574646683742.png, C:\\Users\\April\\git\\Trillia\\Reports\\Admin\\Categories\\Add Category\\20191125_093242\\1574646699067.png, C:\\Users\\April\\git\\Trillia\\Reports\\Admin\\Categories\\Add Category\\20191125_093242\\1574646705280.png, C:\\Users\\April\\git\\Trillia\\Reports\\Admin\\Categories\\Add Category\\20191125_093242\\1574646723916.png, C:\\Users\\April\\git\\Trillia\\Reports\\Admin\\Categories\\Add Category\\20191125_093242\\1574646737901.png, C:\\Users\\April\\git\\Trillia\\Reports\\Admin\\Categories\\Add Category\\20191125_093242\\1574646744334.png, C:\\Users\\April\\git\\Trillia\\Reports\\Admin\\Categories\\Add Category\\20191125_093242\\1574646764653.png, C:\\Users\\April\\git\\Trillia\\Reports\\Admin\\Categories\\Add Category\\20191125_093242\\1574646783799.png, C:\\Users\\April\\git\\Trillia\\Reports\\Admin\\Categories\\Add Category\\20191125_093242\\1574646797653.png, C:\\Users\\April\\git\\Trillia\\Reports\\Admin\\Categories\\Add Category\\20191125_093242\\1574646804116.png, C:\\Users\\April\\git\\Trillia\\Reports\\Admin\\Categories\\Add Category\\20191125_093242\\1574646824443.png, C:\\Users\\April\\git\\Trillia\\Reports\\Admin\\Categories\\Add Category\\20191125_093242\\1574646844532.png, C:\\Users\\April\\git\\Trillia\\Reports\\Admin\\Categories\\Add Category\\20191125_093242\\1574646865145.png, C:\\Users\\April\\git\\Trillia\\Reports\\Admin\\Categories\\Add Category\\20191125_093242\\1574646884982.png, C:\\Users\\April\\git\\Trillia\\Reports\\Admin\\Categories\\Add Category\\20191125_093242\\1574646898980.png, C:\\Users\\April\\git\\Trillia\\Reports\\Admin\\Categories\\Add Category\\20191125_093242\\1574646905892.png, C:\\Users\\April\\git\\Trillia\\Reports\\Admin\\Categories\\Add Category\\20191125_093242\\1574646926765.png, C:\\Users\\April\\git\\Trillia\\Reports\\Admin\\Categories\\Add Category\\20191125_093242\\1574646947951.png, C:\\Users\\April\\git\\Trillia\\Reports\\Admin\\Categories\\Add Category\\20191125_093242\\1574646972493.png, C:\\Users\\April\\git\\Trillia\\Reports\\Admin\\Categories\\Add Category\\20191125_093242\\1574646994897.png, C:\\Users\\April\\git\\Trillia\\Reports\\Admin\\Categories\\Add Category\\20191125_093242\\1574647017669.png, C:\\Users\\April\\git\\Trillia\\Reports\\Admin\\Categories\\Add Category\\20191125_093242\\1574647042134.png, C:\\Users\\April\\git\\Trillia\\Reports\\Admin\\Categories\\Add Category\\20191125_093242\\1574647064667.png, C:\\Users\\April\\git\\Trillia\\Reports\\Admin\\Categories\\Add Category\\20191125_093242\\1574647090080.png, C:\\Users\\April\\git\\Trillia\\Reports\\Admin\\Categories\\Add Category\\20191125_093242\\1574647104430.png, C:\\Users\\April\\git\\Trillia\\Reports\\Admin\\Categories\\Add Category\\20191125_093242\\1574647112110.png, C:\\Users\\April\\git\\Trillia\\Reports\\Admin\\Categories\\Add Category\\20191125_093242\\1574647142569.png, C:\\Users\\April\\git\\Trillia\\Reports\\Admin\\Categories\\Add Category\\20191125_093242\\1574647150148.png, C:\\Users\\April\\git\\Trillia\\Reports\\Admin\\Categories\\Add Category\\20191125_093242\\1574647170282.png, C:\\Users\\April\\git\\Trillia\\Reports\\Admin\\Categories\\Add Category\\20191125_093242\\1574647172959.png, C:\\Users\\April\\git\\Trillia\\Reports\\Admin\\Categories\\Add Category\\20191125_093242\\1574647190841.png, C:\\Users\\April\\git\\Trillia\\Reports\\Admin\\Categories\\Add Category\\20191125_093242\\1574647195619.png, C:\\Users\\April\\git\\Trillia\\Reports\\Admin\\Categories\\Add Category\\20191125_093242\\1574647197841.png"/>
         <property name="hostName" value="April - April-PC"/>
         <property name="os" value="Windows 7 64bit"/>
         <property name="katalonVersion" value="5.4.2.1"/>
         <property name="browser" value="Chrome 78.0.3904.108"/>
         <property name="hostAddress" value="10.10.31.51"/>
         <property name="sessionId" value="cfe3a530f1bc406e2ea68220d7af8649"/>
         <property name="seleniumVersion" value="3.7.1"/>
         <property name="proxyInformation" value="ProxyInformation{proxyOption=NO_PROXY, proxyServerType=HTTP, password=, proxyServerAddress=, proxyServerPort=0}"/>
         <property name="platform" value="Windows 7"/>
      </properties>
      <testcase name="Test Cases/Utilities/ADMIN/Admin Login" classname="Test Cases/Utilities/ADMIN/Admin Login" status="PASSED">
         <system-out><![CDATA[2019-11-25 09:32:45 - [TEST_CASE][PASSED] - Test Cases/Utilities/ADMIN/Admin Login: Test Cases/Utilities/ADMIN/Admin Login

2019-11-25 09:32:45 - [TEST_STEP][PASSED] - openBrowser: Browser is opened with url: ''

2019-11-25 09:32:48 - [MESSAGE][PASSED] - Browser is opened with url: ''

2019-11-25 09:32:48 - [TEST_STEP][PASSED] - maximizeWindow: Current window maximized

2019-11-25 09:32:49 - [MESSAGE][PASSED] - Current window maximized

2019-11-25 09:32:49 - [TEST_STEP][PASSED] - navigateToUrl: Navigate to 'http://qatrilla.staging.arcadier.io/admin' successfully

2019-11-25 09:32:51 - [MESSAGE][PASSED] - Navigate to 'http://qatrilla.staging.arcadier.io/admin' successfully

2019-11-25 09:32:51 - [TEST_STEP][PASSED] - Statement - If (AdminAccountType == "custom"): Object: 'Object Repository/ADMIN/Admin Login Page/button_SignIn' is clicked on

2019-11-25 09:32:51 - [TEST_STEP][PASSED] - waitForElementVisible: Object 'Object Repository/ADMIN/Admin Login Page/textbox_username' is visible

2019-11-25 09:32:51 - [MESSAGE][WARNING] - Timeout '0' is invalid. Using default page load timeout: '30'

2019-11-25 09:32:52 - [MESSAGE][PASSED] - Object 'Object Repository/ADMIN/Admin Login Page/textbox_username' is visible

2019-11-25 09:32:52 - [TEST_STEP][PASSED] - setText: Text 'qatrilla' is set on object 'Object Repository/ADMIN/Admin Login Page/textbox_username'

2019-11-25 09:32:52 - [MESSAGE][PASSED] - Text 'qatrilla' is set on object 'Object Repository/ADMIN/Admin Login Page/textbox_username'

2019-11-25 09:32:52 - [TEST_STEP][PASSED] - setText: Text 'welcome8' is set on object 'Object Repository/ADMIN/Admin Login Page/textbox_password'

2019-11-25 09:32:52 - [MESSAGE][PASSED] - Text 'welcome8' is set on object 'Object Repository/ADMIN/Admin Login Page/textbox_password'

2019-11-25 09:32:52 - [TEST_STEP][PASSED] - click: Object: 'Object Repository/ADMIN/Admin Login Page/button_SignIn' is clicked on

2019-11-25 09:33:02 - [MESSAGE][PASSED] - Object: 'Object Repository/ADMIN/Admin Login Page/button_SignIn' is clicked on]]></system-out>
         <system-err><![CDATA[]]></system-err>
      </testcase>
      <testcase name="Test Cases/ADMIN/Content Mgmt/Categories/Category Add-Edit/Add Category" classname="Test Cases/ADMIN/Content Mgmt/Categories/Category Add-Edit/Add Category" status="FAILED">
         <failure type="FAILED" message="Unable to upload file 'C:\\Users\\Arcadier\\git\\Trillia\\Images\\Category\\1.png' to object 'Object Repository/ADMIN/Categories/Category/image_input image' (Root cause: org.openqa.selenium.WebDriverException: invalid argument: File not found : C:\\Users\\Arcadier\\git\\Trillia\\Images\\Category\\1.png
  (Session info: chrome=78.0.3904.108)
  (Driver info: chromedriver=2.35.528161 (5b82f2d2aae0ca24b877009200ced9065a772e73),platform=Windows NT 6.1.7601 SP1 x86_64) (WARNING: The server did not provide any stacktrace information)
Command duration or timeout: 0 milliseconds
Build info: version: '3.7.1', revision: '8a0099a', time: '2017-11-06T21:07:36.161Z'
System info: host: 'APRIL-PC', ip: '10.10.31.51', os.name: 'Windows 7', os.arch: 'amd64', os.version: '6.1', java.version: '1.8.0_102'
Driver info: com.kms.katalon.selenium.driver.CChromeDriver
Capabilities {acceptInsecureCerts: false, acceptSslCerts: false, applicationCacheEnabled: false, browserConnectionEnabled: false, browserName: chrome, chrome: {chromedriverVersion: 2.35.528161 (5b82f2d2aae0ca..., userDataDir: C:\Users\April\AppData\Loca...}, cssSelectorsEnabled: true, databaseEnabled: false, handlesAlerts: true, hasTouchScreen: false, javascriptEnabled: true, locationContextEnabled: true, mobileEmulationEnabled: false, nativeEvents: true, networkConnectionEnabled: false, pageLoadStrategy: normal, platform: XP, platformName: XP, rotatable: false, setWindowRect: true, takesHeapSnapshot: true, takesScreenshot: true, unexpectedAlertBehaviour: , unhandledPromptBehavior: , version: 78.0.3904.108, webStorageEnabled: true}
Session ID: cfe3a530f1bc406e2ea68220d7af8649)"/>
         <system-out><![CDATA[2019-11-25 09:33:02 - [TEST_CASE][FAILED] - Test Cases/ADMIN/Content Mgmt/Categories/Category Add-Edit/Add Category: Test Cases/ADMIN/Content Mgmt/Categories/Category Add-Edit/Add Category FAILED because (of) Unable to upload file 'C:\\Users\\Arcadier\\git\\Trillia\\Images\\Category\\1.png' to object 'Object Repository/ADMIN/Categories/Category/image_input image' (Root cause: org.openqa.selenium.WebDriverException: invalid argument: File not found : C:\\Users\\Arcadier\\git\\Trillia\\Images\\Category\\1.png
  (Session info: chrome=78.0.3904.108)
  (Driver info: chromedriver=2.35.528161 (5b82f2d2aae0ca24b877009200ced9065a772e73),platform=Windows NT 6.1.7601 SP1 x86_64) (WARNING: The server did not provide any stacktrace information)
Command duration or timeout: 0 milliseconds
Build info: version: '3.7.1', revision: '8a0099a', time: '2017-11-06T21:07:36.161Z'
System info: host: 'APRIL-PC', ip: '10.10.31.51', os.name: 'Windows 7', os.arch: 'amd64', os.version: '6.1', java.version: '1.8.0_102'
Driver info: com.kms.katalon.selenium.driver.CChromeDriver
Capabilities {acceptInsecureCerts: false, acceptSslCerts: false, applicationCacheEnabled: false, browserConnectionEnabled: false, browserName: chrome, chrome: {chromedriverVersion: 2.35.528161 (5b82f2d2aae0ca..., userDataDir: C:\Users\April\AppData\Loca...}, cssSelectorsEnabled: true, databaseEnabled: false, handlesAlerts: true, hasTouchScreen: false, javascriptEnabled: true, locationContextEnabled: true, mobileEmulationEnabled: false, nativeEvents: true, networkConnectionEnabled: false, pageLoadStrategy: normal, platform: XP, platformName: XP, rotatable: false, setWindowRect: true, takesHeapSnapshot: true, takesScreenshot: true, unexpectedAlertBehaviour: , unhandledPromptBehavior: , version: 78.0.3904.108, webStorageEnabled: true}
Session ID: cfe3a530f1bc406e2ea68220d7af8649)

2019-11-25 09:33:03 - [TEST_STEP][PASSED] - waitForElementVisible: Object 'Object Repository/ADMIN/Categories/Category List/button_Content Mgmt' is visible

2019-11-25 09:33:03 - [MESSAGE][WARNING] - Timeout '0' is invalid. Using default page load timeout: '30'

2019-11-25 09:33:03 - [MESSAGE][PASSED] - Object 'Object Repository/ADMIN/Categories/Category List/button_Content Mgmt' is visible

2019-11-25 09:33:03 - [TEST_STEP][PASSED] - click: Object: 'Object Repository/ADMIN/Categories/Category List/button_Content Mgmt' is clicked on

2019-11-25 09:33:03 - [MESSAGE][PASSED] - Object: 'Object Repository/ADMIN/Categories/Category List/button_Content Mgmt' is clicked on

2019-11-25 09:33:03 - [TEST_STEP][PASSED] - waitForElementVisible: Object 'Object Repository/ADMIN/Categories/Category List/button_Categories' is visible

2019-11-25 09:33:03 - [MESSAGE][WARNING] - Timeout '0' is invalid. Using default page load timeout: '30'

2019-11-25 09:33:03 - [MESSAGE][PASSED] - Object 'Object Repository/ADMIN/Categories/Category List/button_Categories' is visible

2019-11-25 09:33:03 - [TEST_STEP][PASSED] - click: Object: 'Object Repository/ADMIN/Categories/Category List/button_Categories' is clicked on

2019-11-25 09:33:05 - [MESSAGE][PASSED] - Object: 'Object Repository/ADMIN/Categories/Category List/button_Categories' is clicked on

2019-11-25 09:33:05 - [TEST_STEP][PASSED] - click: Object: 'Object Repository/ADMIN/Categories/Category List/button_AddACategory' is clicked on

2019-11-25 09:33:05 - [MESSAGE][PASSED] - Object: 'Object Repository/ADMIN/Categories/Category List/button_AddACategory' is clicked on

2019-11-25 09:33:05 - [TEST_STEP][PASSED] - waitForElementPresent: Object 'Object Repository/ADMIN/Categories/Category/dropdown_Parent' is present

2019-11-25 09:33:05 - [MESSAGE][PASSED] - Object 'Object Repository/ADMIN/Categories/Category/dropdown_Parent' is present

2019-11-25 09:33:05 - [TEST_STEP][PASSED] - delay: Delayed 1 second(s)

2019-11-25 09:33:06 - [MESSAGE][PASSED] - Delayed 1 second(s)

2019-11-25 09:33:06 - [TEST_STEP][PASSED] - setText: Text 'Category 01' is set on object 'Object Repository/ADMIN/Categories/Category/textfield_Category Name'

2019-11-25 09:33:06 - [MESSAGE][PASSED] - Text 'Category 01' is set on object 'Object Repository/ADMIN/Categories/Category/textfield_Category Name'

2019-11-25 09:33:06 - [TEST_STEP][PASSED] - click: Object: 'Object Repository/ADMIN/Categories/Category/dropdown_Parent' is clicked on

2019-11-25 09:33:07 - [MESSAGE][PASSED] - Object: 'Object Repository/ADMIN/Categories/Category/dropdown_Parent' is clicked on

2019-11-25 09:33:07 - [TEST_STEP][PASSED] - delay: Delayed 2 second(s)

2019-11-25 09:33:09 - [MESSAGE][PASSED] - Delayed 2 second(s)

2019-11-25 09:33:09 - [TEST_STEP][PASSED] - click: Object: 'Object Repository/ADMIN/Categories/Category/dropdown_Parent' is clicked on

2019-11-25 09:33:09 - [MESSAGE][PASSED] - Object: 'Object Repository/ADMIN/Categories/Category/dropdown_Parent' is clicked on

2019-11-25 09:33:09 - [TEST_STEP][PASSED] - selectOptionByLabel: All options with label '-' are selected in object 'Object Repository/ADMIN/Categories/Category/dropdown_Parent' 

2019-11-25 09:33:09 - [MESSAGE][PASSED] - All options with label '-' are selected in object 'Object Repository/ADMIN/Categories/Category/dropdown_Parent' 

2019-11-25 09:33:09 - [TEST_STEP][PASSED] - click: Object: 'Object Repository/ADMIN/Categories/Category/button_Browse' is clicked on

2019-11-25 09:33:09 - [MESSAGE][PASSED] - Object: 'Object Repository/ADMIN/Categories/Category/button_Browse' is clicked on

2019-11-25 09:33:09 - [TEST_STEP][PASSED] - delay: Delayed 1 second(s)

2019-11-25 09:33:10 - [MESSAGE][PASSED] - Delayed 1 second(s)

2019-11-25 09:33:10 - [TEST_STEP][FAILED] - uploadFile: Unable to upload file 'C:\\Users\\Arcadier\\git\\Trillia\\Images\\Category\\1.png' to object 'Object Repository/ADMIN/Categories/Category/image_input image' (Root cause: org.openqa.selenium.WebDriverException: invalid argument: File not found : C:\\Users\\Arcadier\\git\\Trillia\\Images\\Category\\1.png
  (Session info: chrome=78.0.3904.108)
  (Driver info: chromedriver=2.35.528161 (5b82f2d2aae0ca24b877009200ced9065a772e73),platform=Windows NT 6.1.7601 SP1 x86_64) (WARNING: The server did not provide any stacktrace information)
Command duration or timeout: 0 milliseconds
Build info: version: '3.7.1', revision: '8a0099a', time: '2017-11-06T21:07:36.161Z'
System info: host: 'APRIL-PC', ip: '10.10.31.51', os.name: 'Windows 7', os.arch: 'amd64', os.version: '6.1', java.version: '1.8.0_102'
Driver info: com.kms.katalon.selenium.driver.CChromeDriver
Capabilities {acceptInsecureCerts: false, acceptSslCerts: false, applicationCacheEnabled: false, browserConnectionEnabled: false, browserName: chrome, chrome: {chromedriverVersion: 2.35.528161 (5b82f2d2aae0ca..., userDataDir: C:\Users\April\AppData\Loca...}, cssSelectorsEnabled: true, databaseEnabled: false, handlesAlerts: true, hasTouchScreen: false, javascriptEnabled: true, locationContextEnabled: true, mobileEmulationEnabled: false, nativeEvents: true, networkConnectionEnabled: false, pageLoadStrategy: normal, platform: XP, platformName: XP, rotatable: false, setWindowRect: true, takesHeapSnapshot: true, takesScreenshot: true, unexpectedAlertBehaviour: , unhandledPromptBehavior: , version: 78.0.3904.108, webStorageEnabled: true}
Session ID: cfe3a530f1bc406e2ea68220d7af8649)

2019-11-25 09:33:10 - [MESSAGE][FAILED] - Unable to upload file 'C:\\Users\\Arcadier\\git\\Trillia\\Images\\Category\\1.png' to object 'Object Repository/ADMIN/Categories/Category/image_input image' (Root cause: org.openqa.selenium.WebDriverException: invalid argument: File not found : C:\\Users\\Arcadier\\git\\Trillia\\Images\\Category\\1.png
  (Session info: chrome=78.0.3904.108)
  (Driver info: chromedriver=2.35.528161 (5b82f2d2aae0ca24b877009200ced9065a772e73),platform=Windows NT 6.1.7601 SP1 x86_64) (WARNING: The server did not provide any stacktrace information)
Command duration or timeout: 0 milliseconds
Build info: version: '3.7.1', revision: '8a0099a', time: '2017-11-06T21:07:36.161Z'
System info: host: 'APRIL-PC', ip: '10.10.31.51', os.name: 'Windows 7', os.arch: 'amd64', os.version: '6.1', java.version: '1.8.0_102'
Driver info: com.kms.katalon.selenium.driver.CChromeDriver
Capabilities {acceptInsecureCerts: false, acceptSslCerts: false, applicationCacheEnabled: false, browserConnectionEnabled: false, browserName: chrome, chrome: {chromedriverVersion: 2.35.528161 (5b82f2d2aae0ca..., userDataDir: C:\Users\April\AppData\Loca...}, cssSelectorsEnabled: true, databaseEnabled: false, handlesAlerts: true, hasTouchScreen: false, javascriptEnabled: true, locationContextEnabled: true, mobileEmulationEnabled: false, nativeEvents: true, networkConnectionEnabled: false, pageLoadStrategy: normal, platform: XP, platformName: XP, rotatable: false, setWindowRect: true, takesHeapSnapshot: true, takesScreenshot: true, unexpectedAlertBehaviour: , unhandledPromptBehavior: , version: 78.0.3904.108, webStorageEnabled: true}
Session ID: cfe3a530f1bc406e2ea68220d7af8649)
[[ATTACHMENT|C:\\Users\\April\\git\\Trillia\\Reports\\Admin\\Categories\\Add Category\\20191125_093242\\1574645590431.png]]

2019-11-25 09:33:10 - [TEST_STEP][PASSED] - waitForElementVisible: Object 'Object Repository/ADMIN/Categories/Category/button_upload check' is visible

2019-11-25 09:33:10 - [MESSAGE][WARNING] - Timeout '0' is invalid. Using default page load timeout: '30'

2019-11-25 09:33:16 - [MESSAGE][PASSED] - Object 'Object Repository/ADMIN/Categories/Category/button_upload check' is visible

2019-11-25 09:33:16 - [TEST_STEP][PASSED] - click: Object: 'Object Repository/ADMIN/Categories/Category/button_upload check' is clicked on

2019-11-25 09:33:16 - [MESSAGE][PASSED] - Object: 'Object Repository/ADMIN/Categories/Category/button_upload check' is clicked on

2019-11-25 09:33:16 - [TEST_STEP][PASSED] - waitForElementVisible: Object 'Object Repository/ADMIN/Categories/Category/button_upload save' is visible

2019-11-25 09:33:16 - [MESSAGE][WARNING] - Timeout '0' is invalid. Using default page load timeout: '30'

2019-11-25 09:33:16 - [MESSAGE][PASSED] - Object 'Object Repository/ADMIN/Categories/Category/button_upload save' is visible

2019-11-25 09:33:16 - [TEST_STEP][PASSED] - click: Object: 'Object Repository/ADMIN/Categories/Category/button_upload save' is clicked on

2019-11-25 09:33:16 - [MESSAGE][PASSED] - Object: 'Object Repository/ADMIN/Categories/Category/button_upload save' is clicked on

2019-11-25 09:33:16 - [TEST_STEP][PASSED] - delay: Delayed 1 second(s)

2019-11-25 09:33:17 - [MESSAGE][PASSED] - Delayed 1 second(s)

2019-11-25 09:33:17 - [TEST_STEP][PASSED] - setText: Text 'Description1' is set on object 'Object Repository/ADMIN/Categories/Category/textfield_category_description'

2019-11-25 09:33:17 - [MESSAGE][PASSED] - Text 'Description1' is set on object 'Object Repository/ADMIN/Categories/Category/textfield_category_description'

2019-11-25 09:33:17 - [TEST_STEP][PASSED] - click: Object: 'Object Repository/ADMIN/Categories/Category/button_Save' is clicked on

2019-11-25 09:33:17 - [MESSAGE][PASSED] - Object: 'Object Repository/ADMIN/Categories/Category/button_Save' is clicked on

2019-11-25 09:33:17 - [TEST_STEP][PASSED] - waitForElementVisible: Web element with id: 'Object Repository/ADMIN/Categories/Category/label_edit popup' located by 'By.xpath: //div[(text() = 'Category was successfully saved.' or . = 'Category was successfully saved.')]' not found

2019-11-25 09:33:17 - [MESSAGE][WARNING] - Timeout '0' is invalid. Using default page load timeout: '30'

2019-11-25 09:33:49 - [MESSAGE][WARNING] - Web element with id: 'Object Repository/ADMIN/Categories/Category/label_edit popup' located by 'By.xpath: //div[(text() = 'Category was successfully saved.' or . = 'Category was successfully saved.')]' not found

2019-11-25 09:33:49 - [TEST_STEP][PASSED] - waitForElementNotPresent: Web element with id: 'Object Repository/ADMIN/Categories/Category/label_edit popup' located by 'By.xpath: //div[(text() = 'Category was successfully saved.' or . = 'Category was successfully saved.')]' is not present after '30' second(s)

2019-11-25 09:33:49 - [MESSAGE][WARNING] - Timeout '0' is invalid. Using default page load timeout: '30'

2019-11-25 09:33:49 - [MESSAGE][PASSED] - Web element with id: 'Object Repository/ADMIN/Categories/Category/label_edit popup' located by 'By.xpath: //div[(text() = 'Category was successfully saved.' or . = 'Category was successfully saved.')]' is not present after '30' second(s)]]></system-out>
         <system-err><![CDATA[2019-11-25 09:33:02 - [TEST_CASE][FAILED] - Test Cases/ADMIN/Content Mgmt/Categories/Category Add-Edit/Add Category: Test Cases/ADMIN/Content Mgmt/Categories/Category Add-Edit/Add Category FAILED because (of) Unable to upload file 'C:\\Users\\Arcadier\\git\\Trillia\\Images\\Category\\1.png' to object 'Object Repository/ADMIN/Categories/Category/image_input image' (Root cause: org.openqa.selenium.WebDriverException: invalid argument: File not found : C:\\Users\\Arcadier\\git\\Trillia\\Images\\Category\\1.png
  (Session info: chrome=78.0.3904.108)
  (Driver info: chromedriver=2.35.528161 (5b82f2d2aae0ca24b877009200ced9065a772e73),platform=Windows NT 6.1.7601 SP1 x86_64) (WARNING: The server did not provide any stacktrace information)
Command duration or timeout: 0 milliseconds
Build info: version: '3.7.1', revision: '8a0099a', time: '2017-11-06T21:07:36.161Z'
System info: host: 'APRIL-PC', ip: '10.10.31.51', os.name: 'Windows 7', os.arch: 'amd64', os.version: '6.1', java.version: '1.8.0_102'
Driver info: com.kms.katalon.selenium.driver.CChromeDriver
Capabilities {acceptInsecureCerts: false, acceptSslCerts: false, applicationCacheEnabled: false, browserConnectionEnabled: false, browserName: chrome, chrome: {chromedriverVersion: 2.35.528161 (5b82f2d2aae0ca..., userDataDir: C:\Users\April\AppData\Loca...}, cssSelectorsEnabled: true, databaseEnabled: false, handlesAlerts: true, hasTouchScreen: false, javascriptEnabled: true, locationContextEnabled: true, mobileEmulationEnabled: false, nativeEvents: true, networkConnectionEnabled: false, pageLoadStrategy: normal, platform: XP, platformName: XP, rotatable: false, setWindowRect: true, takesHeapSnapshot: true, takesScreenshot: true, unexpectedAlertBehaviour: , unhandledPromptBehavior: , version: 78.0.3904.108, webStorageEnabled: true}
Session ID: cfe3a530f1bc406e2ea68220d7af8649)]]></system-err>
      </testcase>
      <testcase name="Test Cases/ADMIN/Content Mgmt/Categories/Category Add-Edit/Add Category" classname="Test Cases/ADMIN/Content Mgmt/Categories/Category Add-Edit/Add Category" status="FAILED">
         <failure type="FAILED" message="Unable to click on object 'Object Repository/ADMIN/Categories/Category List/button_Content Mgmt' (Root cause: org.openqa.selenium.WebDriverException: unknown error: Element &lt;a href=&quot;#&quot;>...&lt;/a> is not clickable at point (129, 178). Other element would receive the click: &lt;div id=&quot;addCategory&quot; class=&quot;modal modal-custom fade in&quot; role=&quot;dialog&quot; style=&quot;display: block;&quot;>...&lt;/div>
  (Session info: chrome=78.0.3904.108)
  (Driver info: chromedriver=2.35.528161 (5b82f2d2aae0ca24b877009200ced9065a772e73),platform=Windows NT 6.1.7601 SP1 x86_64) (WARNING: The server did not provide any stacktrace information)
Command duration or timeout: 0 milliseconds
Build info: version: '3.7.1', revision: '8a0099a', time: '2017-11-06T21:07:36.161Z'
System info: host: 'APRIL-PC', ip: '10.10.31.51', os.name: 'Windows 7', os.arch: 'amd64', os.version: '6.1', java.version: '1.8.0_102'
Driver info: com.kms.katalon.selenium.driver.CChromeDriver
Capabilities {acceptInsecureCerts: false, acceptSslCerts: false, applicationCacheEnabled: false, browserConnectionEnabled: false, browserName: chrome, chrome: {chromedriverVersion: 2.35.528161 (5b82f2d2aae0ca..., userDataDir: C:\Users\April\AppData\Loca...}, cssSelectorsEnabled: true, databaseEnabled: false, handlesAlerts: true, hasTouchScreen: false, javascriptEnabled: true, locationContextEnabled: true, mobileEmulationEnabled: false, nativeEvents: true, networkConnectionEnabled: false, pageLoadStrategy: normal, platform: XP, platformName: XP, rotatable: false, setWindowRect: true, takesHeapSnapshot: true, takesScreenshot: true, unexpectedAlertBehaviour: , unhandledPromptBehavior: , version: 78.0.3904.108, webStorageEnabled: true}
Session ID: cfe3a530f1bc406e2ea68220d7af8649)"/>
         <system-out><![CDATA[2019-11-25 09:33:49 - [TEST_CASE][FAILED] - Test Cases/ADMIN/Content Mgmt/Categories/Category Add-Edit/Add Category: Test Cases/ADMIN/Content Mgmt/Categories/Category Add-Edit/Add Category FAILED because (of) Unable to click on object 'Object Repository/ADMIN/Categories/Category List/button_Content Mgmt' (Root cause: org.openqa.selenium.WebDriverException: unknown error: Element <a href="#">...</a> is not clickable at point (129, 178). Other element would receive the click: <div id="addCategory" class="modal modal-custom fade in" role="dialog" style="display: block;">...</div>
  (Session info: chrome=78.0.3904.108)
  (Driver info: chromedriver=2.35.528161 (5b82f2d2aae0ca24b877009200ced9065a772e73),platform=Windows NT 6.1.7601 SP1 x86_64) (WARNING: The server did not provide any stacktrace information)
Command duration or timeout: 0 milliseconds
Build info: version: '3.7.1', revision: '8a0099a', time: '2017-11-06T21:07:36.161Z'
System info: host: 'APRIL-PC', ip: '10.10.31.51', os.name: 'Windows 7', os.arch: 'amd64', os.version: '6.1', java.version: '1.8.0_102'
Driver info: com.kms.katalon.selenium.driver.CChromeDriver
Capabilities {acceptInsecureCerts: false, acceptSslCerts: false, applicationCacheEnabled: false, browserConnectionEnabled: false, browserName: chrome, chrome: {chromedriverVersion: 2.35.528161 (5b82f2d2aae0ca..., userDataDir: C:\Users\April\AppData\Loca...}, cssSelectorsEnabled: true, databaseEnabled: false, handlesAlerts: true, hasTouchScreen: false, javascriptEnabled: true, locationContextEnabled: true, mobileEmulationEnabled: false, nativeEvents: true, networkConnectionEnabled: false, pageLoadStrategy: normal, platform: XP, platformName: XP, rotatable: false, setWindowRect: true, takesHeapSnapshot: true, takesScreenshot: true, unexpectedAlertBehaviour: , unhandledPromptBehavior: , version: 78.0.3904.108, webStorageEnabled: true}
Session ID: cfe3a530f1bc406e2ea68220d7af8649)

2019-11-25 09:33:49 - [TEST_STEP][PASSED] - waitForElementVisible: Object 'Object Repository/ADMIN/Categories/Category List/button_Content Mgmt' is visible

2019-11-25 09:33:49 - [MESSAGE][WARNING] - Timeout '0' is invalid. Using default page load timeout: '30'

2019-11-25 09:33:49 - [MESSAGE][PASSED] - Object 'Object Repository/ADMIN/Categories/Category List/button_Content Mgmt' is visible

2019-11-25 09:33:49 - [TEST_STEP][FAILED] - click: Unable to click on object 'Object Repository/ADMIN/Categories/Category List/button_Content Mgmt' (Root cause: org.openqa.selenium.WebDriverException: unknown error: Element <a href="#">...</a> is not clickable at point (129, 178). Other element would receive the click: <div id="addCategory" class="modal modal-custom fade in" role="dialog" style="display: block;">...</div>
  (Session info: chrome=78.0.3904.108)
  (Driver info: chromedriver=2.35.528161 (5b82f2d2aae0ca24b877009200ced9065a772e73),platform=Windows NT 6.1.7601 SP1 x86_64) (WARNING: The server did not provide any stacktrace information)
Command duration or timeout: 0 milliseconds
Build info: version: '3.7.1', revision: '8a0099a', time: '2017-11-06T21:07:36.161Z'
System info: host: 'APRIL-PC', ip: '10.10.31.51', os.name: 'Windows 7', os.arch: 'amd64', os.version: '6.1', java.version: '1.8.0_102'
Driver info: com.kms.katalon.selenium.driver.CChromeDriver
Capabilities {acceptInsecureCerts: false, acceptSslCerts: false, applicationCacheEnabled: false, browserConnectionEnabled: false, browserName: chrome, chrome: {chromedriverVersion: 2.35.528161 (5b82f2d2aae0ca..., userDataDir: C:\Users\April\AppData\Loca...}, cssSelectorsEnabled: true, databaseEnabled: false, handlesAlerts: true, hasTouchScreen: false, javascriptEnabled: true, locationContextEnabled: true, mobileEmulationEnabled: false, nativeEvents: true, networkConnectionEnabled: false, pageLoadStrategy: normal, platform: XP, platformName: XP, rotatable: false, setWindowRect: true, takesHeapSnapshot: true, takesScreenshot: true, unexpectedAlertBehaviour: , unhandledPromptBehavior: , version: 78.0.3904.108, webStorageEnabled: true}
Session ID: cfe3a530f1bc406e2ea68220d7af8649)

2019-11-25 09:33:49 - [MESSAGE][FAILED] - Unable to click on object 'Object Repository/ADMIN/Categories/Category List/button_Content Mgmt' (Root cause: org.openqa.selenium.WebDriverException: unknown error: Element <a href="#">...</a> is not clickable at point (129, 178). Other element would receive the click: <div id="addCategory" class="modal modal-custom fade in" role="dialog" style="display: block;">...</div>
  (Session info: chrome=78.0.3904.108)
  (Driver info: chromedriver=2.35.528161 (5b82f2d2aae0ca24b877009200ced9065a772e73),platform=Windows NT 6.1.7601 SP1 x86_64) (WARNING: The server did not provide any stacktrace information)
Command duration or timeout: 0 milliseconds
Build info: version: '3.7.1', revision: '8a0099a', time: '2017-11-06T21:07:36.161Z'
System info: host: 'APRIL-PC', ip: '10.10.31.51', os.name: 'Windows 7', os.arch: 'amd64', os.version: '6.1', java.version: '1.8.0_102'
Driver info: com.kms.katalon.selenium.driver.CChromeDriver
Capabilities {acceptInsecureCerts: false, acceptSslCerts: false, applicationCacheEnabled: false, browserConnectionEnabled: false, browserName: chrome, chrome: {chromedriverVersion: 2.35.528161 (5b82f2d2aae0ca..., userDataDir: C:\Users\April\AppData\Loca...}, cssSelectorsEnabled: true, databaseEnabled: false, handlesAlerts: true, hasTouchScreen: false, javascriptEnabled: true, locationContextEnabled: true, mobileEmulationEnabled: false, nativeEvents: true, networkConnectionEnabled: false, pageLoadStrategy: normal, platform: XP, platformName: XP, rotatable: false, setWindowRect: true, takesHeapSnapshot: true, takesScreenshot: true, unexpectedAlertBehaviour: , unhandledPromptBehavior: , version: 78.0.3904.108, webStorageEnabled: true}
Session ID: cfe3a530f1bc406e2ea68220d7af8649)
[[ATTACHMENT|C:\\Users\\April\\git\\Trillia\\Reports\\Admin\\Categories\\Add Category\\20191125_093242\\1574645629329.png]]

2019-11-25 09:33:49 - [TEST_STEP][PASSED] - waitForElementVisible: Object 'Object Repository/ADMIN/Categories/Category List/button_Categories' is visible

2019-11-25 09:33:49 - [MESSAGE][WARNING] - Timeout '0' is invalid. Using default page load timeout: '30'

2019-11-25 09:33:49 - [MESSAGE][PASSED] - Object 'Object Repository/ADMIN/Categories/Category List/button_Categories' is visible

2019-11-25 09:33:49 - [TEST_STEP][FAILED] - click: Unable to click on object 'Object Repository/ADMIN/Categories/Category List/button_Categories' (Root cause: org.openqa.selenium.WebDriverException: unknown error: Element <a href="/admin/categorymanager/index">...</a> is not clickable at point (129, 406). Other element would receive the click: <div id="addCategory" class="modal modal-custom fade in" role="dialog" style="display: block;">...</div>
  (Session info: chrome=78.0.3904.108)
  (Driver info: chromedriver=2.35.528161 (5b82f2d2aae0ca24b877009200ced9065a772e73),platform=Windows NT 6.1.7601 SP1 x86_64) (WARNING: The server did not provide any stacktrace information)
Command duration or timeout: 0 milliseconds
Build info: version: '3.7.1', revision: '8a0099a', time: '2017-11-06T21:07:36.161Z'
System info: host: 'APRIL-PC', ip: '10.10.31.51', os.name: 'Windows 7', os.arch: 'amd64', os.version: '6.1', java.version: '1.8.0_102'
Driver info: com.kms.katalon.selenium.driver.CChromeDriver
Capabilities {acceptInsecureCerts: false, acceptSslCerts: false, applicationCacheEnabled: false, browserConnectionEnabled: false, browserName: chrome, chrome: {chromedriverVersion: 2.35.528161 (5b82f2d2aae0ca..., userDataDir: C:\Users\April\AppData\Loca...}, cssSelectorsEnabled: true, databaseEnabled: false, handlesAlerts: true, hasTouchScreen: false, javascriptEnabled: true, locationContextEnabled: true, mobileEmulationEnabled: false, nativeEvents: true, networkConnectionEnabled: false, pageLoadStrategy: normal, platform: XP, platformName: XP, rotatable: false, setWindowRect: true, takesHeapSnapshot: true, takesScreenshot: true, unexpectedAlertBehaviour: , unhandledPromptBehavior: , version: 78.0.3904.108, webStorageEnabled: true}
Session ID: cfe3a530f1bc406e2ea68220d7af8649)

2019-11-25 09:33:50 - [MESSAGE][FAILED] - Unable to click on object 'Object Repository/ADMIN/Categories/Category List/button_Categories' (Root cause: org.openqa.selenium.WebDriverException: unknown error: Element <a href="/admin/categorymanager/index">...</a> is not clickable at point (129, 406). Other element would receive the click: <div id="addCategory" class="modal modal-custom fade in" role="dialog" style="display: block;">...</div>
  (Session info: chrome=78.0.3904.108)
  (Driver info: chromedriver=2.35.528161 (5b82f2d2aae0ca24b877009200ced9065a772e73),platform=Windows NT 6.1.7601 SP1 x86_64) (WARNING: The server did not provide any stacktrace information)
Command duration or timeout: 0 milliseconds
Build info: version: '3.7.1', revision: '8a0099a', time: '2017-11-06T21:07:36.161Z'
System info: host: 'APRIL-PC', ip: '10.10.31.51', os.name: 'Windows 7', os.arch: 'amd64', os.version: '6.1', java.version: '1.8.0_102'
Driver info: com.kms.katalon.selenium.driver.CChromeDriver
Capabilities {acceptInsecureCerts: false, acceptSslCerts: false, applicationCacheEnabled: false, browserConnectionEnabled: false, browserName: chrome, chrome: {chromedriverVersion: 2.35.528161 (5b82f2d2aae0ca..., userDataDir: C:\Users\April\AppData\Loca...}, cssSelectorsEnabled: true, databaseEnabled: false, handlesAlerts: true, hasTouchScreen: false, javascriptEnabled: true, locationContextEnabled: true, mobileEmulationEnabled: false, nativeEvents: true, networkConnectionEnabled: false, pageLoadStrategy: normal, platform: XP, platformName: XP, rotatable: false, setWindowRect: true, takesHeapSnapshot: true, takesScreenshot: true, unexpectedAlertBehaviour: , unhandledPromptBehavior: , version: 78.0.3904.108, webStorageEnabled: true}
Session ID: cfe3a530f1bc406e2ea68220d7af8649)
[[ATTACHMENT|C:\\Users\\April\\git\\Trillia\\Reports\\Admin\\Categories\\Add Category\\20191125_093242\\1574645629918.png]]

2019-11-25 09:33:50 - [TEST_STEP][FAILED] - click: Unable to click on object 'Object Repository/ADMIN/Categories/Category List/button_AddACategory' (Root cause: org.openqa.selenium.WebDriverException: unknown error: Element <a onclick="CategoryManager.addCategory();" class="blue-btn" href="javascript:void(0)" id="cat_add">...</a> is not clickable at point (1750, 147). Other element would receive the click: <div id="addCategory" class="modal modal-custom fade in" role="dialog" style="display: block;">...</div>
  (Session info: chrome=78.0.3904.108)
  (Driver info: chromedriver=2.35.528161 (5b82f2d2aae0ca24b877009200ced9065a772e73),platform=Windows NT 6.1.7601 SP1 x86_64) (WARNING: The server did not provide any stacktrace information)
Command duration or timeout: 0 milliseconds
Build info: version: '3.7.1', revision: '8a0099a', time: '2017-11-06T21:07:36.161Z'
System info: host: 'APRIL-PC', ip: '10.10.31.51', os.name: 'Windows 7', os.arch: 'amd64', os.version: '6.1', java.version: '1.8.0_102'
Driver info: com.kms.katalon.selenium.driver.CChromeDriver
Capabilities {acceptInsecureCerts: false, acceptSslCerts: false, applicationCacheEnabled: false, browserConnectionEnabled: false, browserName: chrome, chrome: {chromedriverVersion: 2.35.528161 (5b82f2d2aae0ca..., userDataDir: C:\Users\April\AppData\Loca...}, cssSelectorsEnabled: true, databaseEnabled: false, handlesAlerts: true, hasTouchScreen: false, javascriptEnabled: true, locationContextEnabled: true, mobileEmulationEnabled: false, nativeEvents: true, networkConnectionEnabled: false, pageLoadStrategy: normal, platform: XP, platformName: XP, rotatable: false, setWindowRect: true, takesHeapSnapshot: true, takesScreenshot: true, unexpectedAlertBehaviour: , unhandledPromptBehavior: , version: 78.0.3904.108, webStorageEnabled: true}
Session ID: cfe3a530f1bc406e2ea68220d7af8649)

2019-11-25 09:33:50 - [MESSAGE][FAILED] - Unable to click on object 'Object Repository/ADMIN/Categories/Category List/button_AddACategory' (Root cause: org.openqa.selenium.WebDriverException: unknown error: Element <a onclick="CategoryManager.addCategory();" class="blue-btn" href="javascript:void(0)" id="cat_add">...</a> is not clickable at point (1750, 147). Other element would receive the click: <div id="addCategory" class="modal modal-custom fade in" role="dialog" style="display: block;">...</div>
  (Session info: chrome=78.0.3904.108)
  (Driver info: chromedriver=2.35.528161 (5b82f2d2aae0ca24b877009200ced9065a772e73),platform=Windows NT 6.1.7601 SP1 x86_64) (WARNING: The server did not provide any stacktrace information)
Command duration or timeout: 0 milliseconds
Build info: version: '3.7.1', revision: '8a0099a', time: '2017-11-06T21:07:36.161Z'
System info: host: 'APRIL-PC', ip: '10.10.31.51', os.name: 'Windows 7', os.arch: 'amd64', os.version: '6.1', java.version: '1.8.0_102'
Driver info: com.kms.katalon.selenium.driver.CChromeDriver
Capabilities {acceptInsecureCerts: false, acceptSslCerts: false, applicationCacheEnabled: false, browserConnectionEnabled: false, browserName: chrome, chrome: {chromedriverVersion: 2.35.528161 (5b82f2d2aae0ca..., userDataDir: C:\Users\April\AppData\Loca...}, cssSelectorsEnabled: true, databaseEnabled: false, handlesAlerts: true, hasTouchScreen: false, javascriptEnabled: true, locationContextEnabled: true, mobileEmulationEnabled: false, nativeEvents: true, networkConnectionEnabled: false, pageLoadStrategy: normal, platform: XP, platformName: XP, rotatable: false, setWindowRect: true, takesHeapSnapshot: true, takesScreenshot: true, unexpectedAlertBehaviour: , unhandledPromptBehavior: , version: 78.0.3904.108, webStorageEnabled: true}
Session ID: cfe3a530f1bc406e2ea68220d7af8649)
[[ATTACHMENT|C:\\Users\\April\\git\\Trillia\\Reports\\Admin\\Categories\\Add Category\\20191125_093242\\1574645630373.png]]

2019-11-25 09:33:51 - [TEST_STEP][PASSED] - waitForElementPresent: Object 'Object Repository/ADMIN/Categories/Category/dropdown_Parent' is present

2019-11-25 09:33:51 - [MESSAGE][PASSED] - Object 'Object Repository/ADMIN/Categories/Category/dropdown_Parent' is present

2019-11-25 09:33:51 - [TEST_STEP][PASSED] - delay: Delayed 1 second(s)

2019-11-25 09:33:52 - [MESSAGE][PASSED] - Delayed 1 second(s)

2019-11-25 09:33:52 - [TEST_STEP][PASSED] - setText: Text 'Category 02' is set on object 'Object Repository/ADMIN/Categories/Category/textfield_Category Name'

2019-11-25 09:33:52 - [MESSAGE][PASSED] - Text 'Category 02' is set on object 'Object Repository/ADMIN/Categories/Category/textfield_Category Name'

2019-11-25 09:33:52 - [TEST_STEP][PASSED] - click: Object: 'Object Repository/ADMIN/Categories/Category/dropdown_Parent' is clicked on

2019-11-25 09:33:52 - [MESSAGE][PASSED] - Object: 'Object Repository/ADMIN/Categories/Category/dropdown_Parent' is clicked on

2019-11-25 09:33:52 - [TEST_STEP][PASSED] - delay: Delayed 2 second(s)

2019-11-25 09:33:54 - [MESSAGE][PASSED] - Delayed 2 second(s)

2019-11-25 09:33:54 - [TEST_STEP][PASSED] - click: Object: 'Object Repository/ADMIN/Categories/Category/dropdown_Parent' is clicked on

2019-11-25 09:33:54 - [MESSAGE][PASSED] - Object: 'Object Repository/ADMIN/Categories/Category/dropdown_Parent' is clicked on

2019-11-25 09:33:54 - [TEST_STEP][PASSED] - selectOptionByLabel: All options with label '-' are selected in object 'Object Repository/ADMIN/Categories/Category/dropdown_Parent' 

2019-11-25 09:33:54 - [MESSAGE][PASSED] - All options with label '-' are selected in object 'Object Repository/ADMIN/Categories/Category/dropdown_Parent' 

2019-11-25 09:33:54 - [TEST_STEP][PASSED] - click: Object: 'Object Repository/ADMIN/Categories/Category/button_Browse' is clicked on

2019-11-25 09:33:54 - [MESSAGE][PASSED] - Object: 'Object Repository/ADMIN/Categories/Category/button_Browse' is clicked on

2019-11-25 09:33:54 - [TEST_STEP][PASSED] - delay: Delayed 1 second(s)

2019-11-25 09:33:55 - [MESSAGE][PASSED] - Delayed 1 second(s)

2019-11-25 09:33:55 - [TEST_STEP][FAILED] - uploadFile: Unable to upload file 'C:\\Users\\Arcadier\\git\\Trillia\\Images\\Category\\2.png' to object 'Object Repository/ADMIN/Categories/Category/image_input image' (Root cause: org.openqa.selenium.WebDriverException: invalid argument: File not found : C:\\Users\\Arcadier\\git\\Trillia\\Images\\Category\\2.png
  (Session info: chrome=78.0.3904.108)
  (Driver info: chromedriver=2.35.528161 (5b82f2d2aae0ca24b877009200ced9065a772e73),platform=Windows NT 6.1.7601 SP1 x86_64) (WARNING: The server did not provide any stacktrace information)
Command duration or timeout: 0 milliseconds
Build info: version: '3.7.1', revision: '8a0099a', time: '2017-11-06T21:07:36.161Z'
System info: host: 'APRIL-PC', ip: '10.10.31.51', os.name: 'Windows 7', os.arch: 'amd64', os.version: '6.1', java.version: '1.8.0_102'
Driver info: com.kms.katalon.selenium.driver.CChromeDriver
Capabilities {acceptInsecureCerts: false, acceptSslCerts: false, applicationCacheEnabled: false, browserConnectionEnabled: false, browserName: chrome, chrome: {chromedriverVersion: 2.35.528161 (5b82f2d2aae0ca..., userDataDir: C:\Users\April\AppData\Loca...}, cssSelectorsEnabled: true, databaseEnabled: false, handlesAlerts: true, hasTouchScreen: false, javascriptEnabled: true, locationContextEnabled: true, mobileEmulationEnabled: false, nativeEvents: true, networkConnectionEnabled: false, pageLoadStrategy: normal, platform: XP, platformName: XP, rotatable: false, setWindowRect: true, takesHeapSnapshot: true, takesScreenshot: true, unexpectedAlertBehaviour: , unhandledPromptBehavior: , version: 78.0.3904.108, webStorageEnabled: true}
Session ID: cfe3a530f1bc406e2ea68220d7af8649)

2019-11-25 09:33:56 - [MESSAGE][FAILED] - Unable to upload file 'C:\\Users\\Arcadier\\git\\Trillia\\Images\\Category\\2.png' to object 'Object Repository/ADMIN/Categories/Category/image_input image' (Root cause: org.openqa.selenium.WebDriverException: invalid argument: File not found : C:\\Users\\Arcadier\\git\\Trillia\\Images\\Category\\2.png
  (Session info: chrome=78.0.3904.108)
  (Driver info: chromedriver=2.35.528161 (5b82f2d2aae0ca24b877009200ced9065a772e73),platform=Windows NT 6.1.7601 SP1 x86_64) (WARNING: The server did not provide any stacktrace information)
Command duration or timeout: 0 milliseconds
Build info: version: '3.7.1', revision: '8a0099a', time: '2017-11-06T21:07:36.161Z'
System info: host: 'APRIL-PC', ip: '10.10.31.51', os.name: 'Windows 7', os.arch: 'amd64', os.version: '6.1', java.version: '1.8.0_102'
Driver info: com.kms.katalon.selenium.driver.CChromeDriver
Capabilities {acceptInsecureCerts: false, acceptSslCerts: false, applicationCacheEnabled: false, browserConnectionEnabled: false, browserName: chrome, chrome: {chromedriverVersion: 2.35.528161 (5b82f2d2aae0ca..., userDataDir: C:\Users\April\AppData\Loca...}, cssSelectorsEnabled: true, databaseEnabled: false, handlesAlerts: true, hasTouchScreen: false, javascriptEnabled: true, locationContextEnabled: true, mobileEmulationEnabled: false, nativeEvents: true, networkConnectionEnabled: false, pageLoadStrategy: normal, platform: XP, platformName: XP, rotatable: false, setWindowRect: true, takesHeapSnapshot: true, takesScreenshot: true, unexpectedAlertBehaviour: , unhandledPromptBehavior: , version: 78.0.3904.108, webStorageEnabled: true}
Session ID: cfe3a530f1bc406e2ea68220d7af8649)
[[ATTACHMENT|C:\\Users\\April\\git\\Trillia\\Reports\\Admin\\Categories\\Add Category\\20191125_093242\\1574645635936.png]]

2019-11-25 09:33:56 - [TEST_STEP][PASSED] - waitForElementVisible: Object 'Object Repository/ADMIN/Categories/Category/button_upload check' is visible

2019-11-25 09:33:56 - [MESSAGE][WARNING] - Timeout '0' is invalid. Using default page load timeout: '30'

2019-11-25 09:34:01 - [MESSAGE][PASSED] - Object 'Object Repository/ADMIN/Categories/Category/button_upload check' is visible

2019-11-25 09:34:01 - [TEST_STEP][PASSED] - click: Object: 'Object Repository/ADMIN/Categories/Category/button_upload check' is clicked on

2019-11-25 09:34:01 - [MESSAGE][PASSED] - Object: 'Object Repository/ADMIN/Categories/Category/button_upload check' is clicked on

2019-11-25 09:34:01 - [TEST_STEP][PASSED] - waitForElementVisible: Object 'Object Repository/ADMIN/Categories/Category/button_upload save' is visible

2019-11-25 09:34:01 - [MESSAGE][WARNING] - Timeout '0' is invalid. Using default page load timeout: '30'

2019-11-25 09:34:01 - [MESSAGE][PASSED] - Object 'Object Repository/ADMIN/Categories/Category/button_upload save' is visible

2019-11-25 09:34:01 - [TEST_STEP][PASSED] - click: Object: 'Object Repository/ADMIN/Categories/Category/button_upload save' is clicked on

2019-11-25 09:34:01 - [MESSAGE][PASSED] - Object: 'Object Repository/ADMIN/Categories/Category/button_upload save' is clicked on

2019-11-25 09:34:01 - [TEST_STEP][PASSED] - delay: Delayed 1 second(s)

2019-11-25 09:34:02 - [MESSAGE][PASSED] - Delayed 1 second(s)

2019-11-25 09:34:02 - [TEST_STEP][PASSED] - setText: Text 'Description2' is set on object 'Object Repository/ADMIN/Categories/Category/textfield_category_description'

2019-11-25 09:34:02 - [MESSAGE][PASSED] - Text 'Description2' is set on object 'Object Repository/ADMIN/Categories/Category/textfield_category_description'

2019-11-25 09:34:02 - [TEST_STEP][PASSED] - click: Object: 'Object Repository/ADMIN/Categories/Category/button_Save' is clicked on

2019-11-25 09:34:02 - [MESSAGE][PASSED] - Object: 'Object Repository/ADMIN/Categories/Category/button_Save' is clicked on

2019-11-25 09:34:02 - [TEST_STEP][PASSED] - waitForElementVisible: Object 'Object Repository/ADMIN/Categories/Category/label_edit popup' is visible

2019-11-25 09:34:02 - [MESSAGE][WARNING] - Timeout '0' is invalid. Using default page load timeout: '30'

2019-11-25 09:34:03 - [MESSAGE][PASSED] - Object 'Object Repository/ADMIN/Categories/Category/label_edit popup' is visible

2019-11-25 09:34:03 - [TEST_STEP][PASSED] - waitForElementNotPresent: Web element with id: 'Object Repository/ADMIN/Categories/Category/label_edit popup' located by 'By.xpath: //div[(text() = 'Category was successfully saved.' or . = 'Category was successfully saved.')]' is not present after '30' second(s)

2019-11-25 09:34:03 - [MESSAGE][WARNING] - Timeout '0' is invalid. Using default page load timeout: '30'

2019-11-25 09:34:09 - [MESSAGE][PASSED] - Web element with id: 'Object Repository/ADMIN/Categories/Category/label_edit popup' located by 'By.xpath: //div[(text() = 'Category was successfully saved.' or . = 'Category was successfully saved.')]' is not present after '30' second(s)]]></system-out>
         <system-err><![CDATA[2019-11-25 09:33:49 - [TEST_CASE][FAILED] - Test Cases/ADMIN/Content Mgmt/Categories/Category Add-Edit/Add Category: Test Cases/ADMIN/Content Mgmt/Categories/Category Add-Edit/Add Category FAILED because (of) Unable to click on object 'Object Repository/ADMIN/Categories/Category List/button_Content Mgmt' (Root cause: org.openqa.selenium.WebDriverException: unknown error: Element <a href="#">...</a> is not clickable at point (129, 178). Other element would receive the click: <div id="addCategory" class="modal modal-custom fade in" role="dialog" style="display: block;">...</div>
  (Session info: chrome=78.0.3904.108)
  (Driver info: chromedriver=2.35.528161 (5b82f2d2aae0ca24b877009200ced9065a772e73),platform=Windows NT 6.1.7601 SP1 x86_64) (WARNING: The server did not provide any stacktrace information)
Command duration or timeout: 0 milliseconds
Build info: version: '3.7.1', revision: '8a0099a', time: '2017-11-06T21:07:36.161Z'
System info: host: 'APRIL-PC', ip: '10.10.31.51', os.name: 'Windows 7', os.arch: 'amd64', os.version: '6.1', java.version: '1.8.0_102'
Driver info: com.kms.katalon.selenium.driver.CChromeDriver
Capabilities {acceptInsecureCerts: false, acceptSslCerts: false, applicationCacheEnabled: false, browserConnectionEnabled: false, browserName: chrome, chrome: {chromedriverVersion: 2.35.528161 (5b82f2d2aae0ca..., userDataDir: C:\Users\April\AppData\Loca...}, cssSelectorsEnabled: true, databaseEnabled: false, handlesAlerts: true, hasTouchScreen: false, javascriptEnabled: true, locationContextEnabled: true, mobileEmulationEnabled: false, nativeEvents: true, networkConnectionEnabled: false, pageLoadStrategy: normal, platform: XP, platformName: XP, rotatable: false, setWindowRect: true, takesHeapSnapshot: true, takesScreenshot: true, unexpectedAlertBehaviour: , unhandledPromptBehavior: , version: 78.0.3904.108, webStorageEnabled: true}
Session ID: cfe3a530f1bc406e2ea68220d7af8649)]]></system-err>
      </testcase>
      <testcase name="Test Cases/ADMIN/Content Mgmt/Categories/Category Add-Edit/Add Category" classname="Test Cases/ADMIN/Content Mgmt/Categories/Category Add-Edit/Add Category" status="FAILED">
         <failure type="FAILED" message="Unable to click on object 'Object Repository/ADMIN/Categories/Category List/button_Categories' (Root cause: org.openqa.selenium.WebDriverException: unknown error: Element &lt;a href=&quot;/admin/categorymanager/index&quot;>...&lt;/a> is not clickable at point (129, 395). Other element would receive the click: &lt;a href=&quot;#&quot;>...&lt;/a>
  (Session info: chrome=78.0.3904.108)
  (Driver info: chromedriver=2.35.528161 (5b82f2d2aae0ca24b877009200ced9065a772e73),platform=Windows NT 6.1.7601 SP1 x86_64) (WARNING: The server did not provide any stacktrace information)
Command duration or timeout: 0 milliseconds
Build info: version: '3.7.1', revision: '8a0099a', time: '2017-11-06T21:07:36.161Z'
System info: host: 'APRIL-PC', ip: '10.10.31.51', os.name: 'Windows 7', os.arch: 'amd64', os.version: '6.1', java.version: '1.8.0_102'
Driver info: com.kms.katalon.selenium.driver.CChromeDriver
Capabilities {acceptInsecureCerts: false, acceptSslCerts: false, applicationCacheEnabled: false, browserConnectionEnabled: false, browserName: chrome, chrome: {chromedriverVersion: 2.35.528161 (5b82f2d2aae0ca..., userDataDir: C:\Users\April\AppData\Loca...}, cssSelectorsEnabled: true, databaseEnabled: false, handlesAlerts: true, hasTouchScreen: false, javascriptEnabled: true, locationContextEnabled: true, mobileEmulationEnabled: false, nativeEvents: true, networkConnectionEnabled: false, pageLoadStrategy: normal, platform: XP, platformName: XP, rotatable: false, setWindowRect: true, takesHeapSnapshot: true, takesScreenshot: true, unexpectedAlertBehaviour: , unhandledPromptBehavior: , version: 78.0.3904.108, webStorageEnabled: true}
Session ID: cfe3a530f1bc406e2ea68220d7af8649)"/>
         <system-out><![CDATA[2019-11-25 09:34:09 - [TEST_CASE][FAILED] - Test Cases/ADMIN/Content Mgmt/Categories/Category Add-Edit/Add Category: Test Cases/ADMIN/Content Mgmt/Categories/Category Add-Edit/Add Category FAILED because (of) Unable to click on object 'Object Repository/ADMIN/Categories/Category List/button_Categories' (Root cause: org.openqa.selenium.WebDriverException: unknown error: Element <a href="/admin/categorymanager/index">...</a> is not clickable at point (129, 395). Other element would receive the click: <a href="#">...</a>
  (Session info: chrome=78.0.3904.108)
  (Driver info: chromedriver=2.35.528161 (5b82f2d2aae0ca24b877009200ced9065a772e73),platform=Windows NT 6.1.7601 SP1 x86_64) (WARNING: The server did not provide any stacktrace information)
Command duration or timeout: 0 milliseconds
Build info: version: '3.7.1', revision: '8a0099a', time: '2017-11-06T21:07:36.161Z'
System info: host: 'APRIL-PC', ip: '10.10.31.51', os.name: 'Windows 7', os.arch: 'amd64', os.version: '6.1', java.version: '1.8.0_102'
Driver info: com.kms.katalon.selenium.driver.CChromeDriver
Capabilities {acceptInsecureCerts: false, acceptSslCerts: false, applicationCacheEnabled: false, browserConnectionEnabled: false, browserName: chrome, chrome: {chromedriverVersion: 2.35.528161 (5b82f2d2aae0ca..., userDataDir: C:\Users\April\AppData\Loca...}, cssSelectorsEnabled: true, databaseEnabled: false, handlesAlerts: true, hasTouchScreen: false, javascriptEnabled: true, locationContextEnabled: true, mobileEmulationEnabled: false, nativeEvents: true, networkConnectionEnabled: false, pageLoadStrategy: normal, platform: XP, platformName: XP, rotatable: false, setWindowRect: true, takesHeapSnapshot: true, takesScreenshot: true, unexpectedAlertBehaviour: , unhandledPromptBehavior: , version: 78.0.3904.108, webStorageEnabled: true}
Session ID: cfe3a530f1bc406e2ea68220d7af8649)

2019-11-25 09:34:09 - [TEST_STEP][PASSED] - waitForElementVisible: Object 'Object Repository/ADMIN/Categories/Category List/button_Content Mgmt' is visible

2019-11-25 09:34:09 - [MESSAGE][WARNING] - Timeout '0' is invalid. Using default page load timeout: '30'

2019-11-25 09:34:09 - [MESSAGE][PASSED] - Object 'Object Repository/ADMIN/Categories/Category List/button_Content Mgmt' is visible

2019-11-25 09:34:09 - [TEST_STEP][PASSED] - click: Object: 'Object Repository/ADMIN/Categories/Category List/button_Content Mgmt' is clicked on

2019-11-25 09:34:09 - [MESSAGE][PASSED] - Object: 'Object Repository/ADMIN/Categories/Category List/button_Content Mgmt' is clicked on

2019-11-25 09:34:09 - [TEST_STEP][PASSED] - waitForElementVisible: Object 'Object Repository/ADMIN/Categories/Category List/button_Categories' is visible

2019-11-25 09:34:09 - [MESSAGE][WARNING] - Timeout '0' is invalid. Using default page load timeout: '30'

2019-11-25 09:34:09 - [MESSAGE][PASSED] - Object 'Object Repository/ADMIN/Categories/Category List/button_Categories' is visible

2019-11-25 09:34:09 - [TEST_STEP][FAILED] - click: Unable to click on object 'Object Repository/ADMIN/Categories/Category List/button_Categories' (Root cause: org.openqa.selenium.WebDriverException: unknown error: Element <a href="/admin/categorymanager/index">...</a> is not clickable at point (129, 395). Other element would receive the click: <a href="#">...</a>
  (Session info: chrome=78.0.3904.108)
  (Driver info: chromedriver=2.35.528161 (5b82f2d2aae0ca24b877009200ced9065a772e73),platform=Windows NT 6.1.7601 SP1 x86_64) (WARNING: The server did not provide any stacktrace information)
Command duration or timeout: 0 milliseconds
Build info: version: '3.7.1', revision: '8a0099a', time: '2017-11-06T21:07:36.161Z'
System info: host: 'APRIL-PC', ip: '10.10.31.51', os.name: 'Windows 7', os.arch: 'amd64', os.version: '6.1', java.version: '1.8.0_102'
Driver info: com.kms.katalon.selenium.driver.CChromeDriver
Capabilities {acceptInsecureCerts: false, acceptSslCerts: false, applicationCacheEnabled: false, browserConnectionEnabled: false, browserName: chrome, chrome: {chromedriverVersion: 2.35.528161 (5b82f2d2aae0ca..., userDataDir: C:\Users\April\AppData\Loca...}, cssSelectorsEnabled: true, databaseEnabled: false, handlesAlerts: true, hasTouchScreen: false, javascriptEnabled: true, locationContextEnabled: true, mobileEmulationEnabled: false, nativeEvents: true, networkConnectionEnabled: false, pageLoadStrategy: normal, platform: XP, platformName: XP, rotatable: false, setWindowRect: true, takesHeapSnapshot: true, takesScreenshot: true, unexpectedAlertBehaviour: , unhandledPromptBehavior: , version: 78.0.3904.108, webStorageEnabled: true}
Session ID: cfe3a530f1bc406e2ea68220d7af8649)

2019-11-25 09:34:10 - [MESSAGE][FAILED] - Unable to click on object 'Object Repository/ADMIN/Categories/Category List/button_Categories' (Root cause: org.openqa.selenium.WebDriverException: unknown error: Element <a href="/admin/categorymanager/index">...</a> is not clickable at point (129, 395). Other element would receive the click: <a href="#">...</a>
  (Session info: chrome=78.0.3904.108)
  (Driver info: chromedriver=2.35.528161 (5b82f2d2aae0ca24b877009200ced9065a772e73),platform=Windows NT 6.1.7601 SP1 x86_64) (WARNING: The server did not provide any stacktrace information)
Command duration or timeout: 0 milliseconds
Build info: version: '3.7.1', revision: '8a0099a', time: '2017-11-06T21:07:36.161Z'
System info: host: 'APRIL-PC', ip: '10.10.31.51', os.name: 'Windows 7', os.arch: 'amd64', os.version: '6.1', java.version: '1.8.0_102'
Driver info: com.kms.katalon.selenium.driver.CChromeDriver
Capabilities {acceptInsecureCerts: false, acceptSslCerts: false, applicationCacheEnabled: false, browserConnectionEnabled: false, browserName: chrome, chrome: {chromedriverVersion: 2.35.528161 (5b82f2d2aae0ca..., userDataDir: C:\Users\April\AppData\Loca...}, cssSelectorsEnabled: true, databaseEnabled: false, handlesAlerts: true, hasTouchScreen: false, javascriptEnabled: true, locationContextEnabled: true, mobileEmulationEnabled: false, nativeEvents: true, networkConnectionEnabled: false, pageLoadStrategy: normal, platform: XP, platformName: XP, rotatable: false, setWindowRect: true, takesHeapSnapshot: true, takesScreenshot: true, unexpectedAlertBehaviour: , unhandledPromptBehavior: , version: 78.0.3904.108, webStorageEnabled: true}
Session ID: cfe3a530f1bc406e2ea68220d7af8649)
[[ATTACHMENT|C:\\Users\\April\\git\\Trillia\\Reports\\Admin\\Categories\\Add Category\\20191125_093242\\1574645649609.png]]

2019-11-25 09:34:10 - [TEST_STEP][PASSED] - click: Object: 'Object Repository/ADMIN/Categories/Category List/button_AddACategory' is clicked on

2019-11-25 09:34:10 - [MESSAGE][PASSED] - Object: 'Object Repository/ADMIN/Categories/Category List/button_AddACategory' is clicked on

2019-11-25 09:34:10 - [TEST_STEP][PASSED] - waitForElementPresent: Object 'Object Repository/ADMIN/Categories/Category/dropdown_Parent' is present

2019-11-25 09:34:10 - [MESSAGE][PASSED] - Object 'Object Repository/ADMIN/Categories/Category/dropdown_Parent' is present

2019-11-25 09:34:10 - [TEST_STEP][PASSED] - delay: Delayed 1 second(s)

2019-11-25 09:34:11 - [MESSAGE][PASSED] - Delayed 1 second(s)

2019-11-25 09:34:11 - [TEST_STEP][PASSED] - setText: Text 'Category 2.1' is set on object 'Object Repository/ADMIN/Categories/Category/textfield_Category Name'

2019-11-25 09:34:11 - [MESSAGE][PASSED] - Text 'Category 2.1' is set on object 'Object Repository/ADMIN/Categories/Category/textfield_Category Name'

2019-11-25 09:34:11 - [TEST_STEP][PASSED] - click: Object: 'Object Repository/ADMIN/Categories/Category/dropdown_Parent' is clicked on

2019-11-25 09:34:11 - [MESSAGE][PASSED] - Object: 'Object Repository/ADMIN/Categories/Category/dropdown_Parent' is clicked on

2019-11-25 09:34:11 - [TEST_STEP][PASSED] - delay: Delayed 2 second(s)

2019-11-25 09:34:13 - [MESSAGE][PASSED] - Delayed 2 second(s)

2019-11-25 09:34:13 - [TEST_STEP][PASSED] - click: Object: 'Object Repository/ADMIN/Categories/Category/dropdown_Parent' is clicked on

2019-11-25 09:34:13 - [MESSAGE][PASSED] - Object: 'Object Repository/ADMIN/Categories/Category/dropdown_Parent' is clicked on

2019-11-25 09:34:13 - [TEST_STEP][PASSED] - selectOptionByLabel: All options with label 'Category 02' are selected in object 'Object Repository/ADMIN/Categories/Category/dropdown_Parent' 

2019-11-25 09:34:13 - [MESSAGE][PASSED] - All options with label 'Category 02' are selected in object 'Object Repository/ADMIN/Categories/Category/dropdown_Parent' 

2019-11-25 09:34:13 - [TEST_STEP][PASSED] - click: Object: 'Object Repository/ADMIN/Categories/Category/button_Browse' is clicked on

2019-11-25 09:34:13 - [MESSAGE][PASSED] - Object: 'Object Repository/ADMIN/Categories/Category/button_Browse' is clicked on

2019-11-25 09:34:13 - [TEST_STEP][PASSED] - delay: Delayed 1 second(s)

2019-11-25 09:34:14 - [MESSAGE][PASSED] - Delayed 1 second(s)

2019-11-25 09:34:14 - [TEST_STEP][FAILED] - uploadFile: Unable to upload file 'C:\\Users\\Arcadier\\git\\Trillia\\Images\\Category\\2.png' to object 'Object Repository/ADMIN/Categories/Category/image_input image' (Root cause: org.openqa.selenium.WebDriverException: invalid argument: File not found : C:\\Users\\Arcadier\\git\\Trillia\\Images\\Category\\2.png
  (Session info: chrome=78.0.3904.108)
  (Driver info: chromedriver=2.35.528161 (5b82f2d2aae0ca24b877009200ced9065a772e73),platform=Windows NT 6.1.7601 SP1 x86_64) (WARNING: The server did not provide any stacktrace information)
Command duration or timeout: 0 milliseconds
Build info: version: '3.7.1', revision: '8a0099a', time: '2017-11-06T21:07:36.161Z'
System info: host: 'APRIL-PC', ip: '10.10.31.51', os.name: 'Windows 7', os.arch: 'amd64', os.version: '6.1', java.version: '1.8.0_102'
Driver info: com.kms.katalon.selenium.driver.CChromeDriver
Capabilities {acceptInsecureCerts: false, acceptSslCerts: false, applicationCacheEnabled: false, browserConnectionEnabled: false, browserName: chrome, chrome: {chromedriverVersion: 2.35.528161 (5b82f2d2aae0ca..., userDataDir: C:\Users\April\AppData\Loca...}, cssSelectorsEnabled: true, databaseEnabled: false, handlesAlerts: true, hasTouchScreen: false, javascriptEnabled: true, locationContextEnabled: true, mobileEmulationEnabled: false, nativeEvents: true, networkConnectionEnabled: false, pageLoadStrategy: normal, platform: XP, platformName: XP, rotatable: false, setWindowRect: true, takesHeapSnapshot: true, takesScreenshot: true, unexpectedAlertBehaviour: , unhandledPromptBehavior: , version: 78.0.3904.108, webStorageEnabled: true}
Session ID: cfe3a530f1bc406e2ea68220d7af8649)

2019-11-25 09:34:15 - [MESSAGE][FAILED] - Unable to upload file 'C:\\Users\\Arcadier\\git\\Trillia\\Images\\Category\\2.png' to object 'Object Repository/ADMIN/Categories/Category/image_input image' (Root cause: org.openqa.selenium.WebDriverException: invalid argument: File not found : C:\\Users\\Arcadier\\git\\Trillia\\Images\\Category\\2.png
  (Session info: chrome=78.0.3904.108)
  (Driver info: chromedriver=2.35.528161 (5b82f2d2aae0ca24b877009200ced9065a772e73),platform=Windows NT 6.1.7601 SP1 x86_64) (WARNING: The server did not provide any stacktrace information)
Command duration or timeout: 0 milliseconds
Build info: version: '3.7.1', revision: '8a0099a', time: '2017-11-06T21:07:36.161Z'
System info: host: 'APRIL-PC', ip: '10.10.31.51', os.name: 'Windows 7', os.arch: 'amd64', os.version: '6.1', java.version: '1.8.0_102'
Driver info: com.kms.katalon.selenium.driver.CChromeDriver
Capabilities {acceptInsecureCerts: false, acceptSslCerts: false, applicationCacheEnabled: false, browserConnectionEnabled: false, browserName: chrome, chrome: {chromedriverVersion: 2.35.528161 (5b82f2d2aae0ca..., userDataDir: C:\Users\April\AppData\Loca...}, cssSelectorsEnabled: true, databaseEnabled: false, handlesAlerts: true, hasTouchScreen: false, javascriptEnabled: true, locationContextEnabled: true, mobileEmulationEnabled: false, nativeEvents: true, networkConnectionEnabled: false, pageLoadStrategy: normal, platform: XP, platformName: XP, rotatable: false, setWindowRect: true, takesHeapSnapshot: true, takesScreenshot: true, unexpectedAlertBehaviour: , unhandledPromptBehavior: , version: 78.0.3904.108, webStorageEnabled: true}
Session ID: cfe3a530f1bc406e2ea68220d7af8649)
[[ATTACHMENT|C:\\Users\\April\\git\\Trillia\\Reports\\Admin\\Categories\\Add Category\\20191125_093242\\1574645654878.png]]

2019-11-25 09:34:15 - [TEST_STEP][PASSED] - waitForElementVisible: Object 'Object Repository/ADMIN/Categories/Category/button_upload check' is visible

2019-11-25 09:34:15 - [MESSAGE][WARNING] - Timeout '0' is invalid. Using default page load timeout: '30'

2019-11-25 09:34:16 - [MESSAGE][PASSED] - Object 'Object Repository/ADMIN/Categories/Category/button_upload check' is visible

2019-11-25 09:34:16 - [TEST_STEP][PASSED] - click: Object: 'Object Repository/ADMIN/Categories/Category/button_upload check' is clicked on

2019-11-25 09:34:16 - [MESSAGE][PASSED] - Object: 'Object Repository/ADMIN/Categories/Category/button_upload check' is clicked on

2019-11-25 09:34:16 - [TEST_STEP][PASSED] - waitForElementVisible: Object 'Object Repository/ADMIN/Categories/Category/button_upload save' is visible

2019-11-25 09:34:16 - [MESSAGE][WARNING] - Timeout '0' is invalid. Using default page load timeout: '30'

2019-11-25 09:34:16 - [MESSAGE][PASSED] - Object 'Object Repository/ADMIN/Categories/Category/button_upload save' is visible

2019-11-25 09:34:16 - [TEST_STEP][PASSED] - click: Object: 'Object Repository/ADMIN/Categories/Category/button_upload save' is clicked on

2019-11-25 09:34:16 - [MESSAGE][PASSED] - Object: 'Object Repository/ADMIN/Categories/Category/button_upload save' is clicked on

2019-11-25 09:34:16 - [TEST_STEP][PASSED] - delay: Delayed 1 second(s)

2019-11-25 09:34:17 - [MESSAGE][PASSED] - Delayed 1 second(s)

2019-11-25 09:34:17 - [TEST_STEP][PASSED] - setText: Text 'Description3' is set on object 'Object Repository/ADMIN/Categories/Category/textfield_category_description'

2019-11-25 09:34:18 - [MESSAGE][PASSED] - Text 'Description3' is set on object 'Object Repository/ADMIN/Categories/Category/textfield_category_description'

2019-11-25 09:34:18 - [TEST_STEP][PASSED] - click: Object: 'Object Repository/ADMIN/Categories/Category/button_Save' is clicked on

2019-11-25 09:34:18 - [MESSAGE][PASSED] - Object: 'Object Repository/ADMIN/Categories/Category/button_Save' is clicked on

2019-11-25 09:34:18 - [TEST_STEP][PASSED] - waitForElementVisible: Object 'Object Repository/ADMIN/Categories/Category/label_edit popup' is visible

2019-11-25 09:34:18 - [MESSAGE][WARNING] - Timeout '0' is invalid. Using default page load timeout: '30'

2019-11-25 09:34:18 - [MESSAGE][PASSED] - Object 'Object Repository/ADMIN/Categories/Category/label_edit popup' is visible

2019-11-25 09:34:18 - [TEST_STEP][PASSED] - waitForElementNotPresent: Web element with id: 'Object Repository/ADMIN/Categories/Category/label_edit popup' located by 'By.xpath: //div[(text() = 'Category was successfully saved.' or . = 'Category was successfully saved.')]' is not present after '30' second(s)

2019-11-25 09:34:18 - [MESSAGE][WARNING] - Timeout '0' is invalid. Using default page load timeout: '30'

2019-11-25 09:34:24 - [MESSAGE][PASSED] - Web element with id: 'Object Repository/ADMIN/Categories/Category/label_edit popup' located by 'By.xpath: //div[(text() = 'Category was successfully saved.' or . = 'Category was successfully saved.')]' is not present after '30' second(s)]]></system-out>
         <system-err><![CDATA[2019-11-25 09:34:09 - [TEST_CASE][FAILED] - Test Cases/ADMIN/Content Mgmt/Categories/Category Add-Edit/Add Category: Test Cases/ADMIN/Content Mgmt/Categories/Category Add-Edit/Add Category FAILED because (of) Unable to click on object 'Object Repository/ADMIN/Categories/Category List/button_Categories' (Root cause: org.openqa.selenium.WebDriverException: unknown error: Element <a href="/admin/categorymanager/index">...</a> is not clickable at point (129, 395). Other element would receive the click: <a href="#">...</a>
  (Session info: chrome=78.0.3904.108)
  (Driver info: chromedriver=2.35.528161 (5b82f2d2aae0ca24b877009200ced9065a772e73),platform=Windows NT 6.1.7601 SP1 x86_64) (WARNING: The server did not provide any stacktrace information)
Command duration or timeout: 0 milliseconds
Build info: version: '3.7.1', revision: '8a0099a', time: '2017-11-06T21:07:36.161Z'
System info: host: 'APRIL-PC', ip: '10.10.31.51', os.name: 'Windows 7', os.arch: 'amd64', os.version: '6.1', java.version: '1.8.0_102'
Driver info: com.kms.katalon.selenium.driver.CChromeDriver
Capabilities {acceptInsecureCerts: false, acceptSslCerts: false, applicationCacheEnabled: false, browserConnectionEnabled: false, browserName: chrome, chrome: {chromedriverVersion: 2.35.528161 (5b82f2d2aae0ca..., userDataDir: C:\Users\April\AppData\Loca...}, cssSelectorsEnabled: true, databaseEnabled: false, handlesAlerts: true, hasTouchScreen: false, javascriptEnabled: true, locationContextEnabled: true, mobileEmulationEnabled: false, nativeEvents: true, networkConnectionEnabled: false, pageLoadStrategy: normal, platform: XP, platformName: XP, rotatable: false, setWindowRect: true, takesHeapSnapshot: true, takesScreenshot: true, unexpectedAlertBehaviour: , unhandledPromptBehavior: , version: 78.0.3904.108, webStorageEnabled: true}
Session ID: cfe3a530f1bc406e2ea68220d7af8649)]]></system-err>
      </testcase>
      <testcase name="Test Cases/ADMIN/Content Mgmt/Categories/Category Add-Edit/Add Category" classname="Test Cases/ADMIN/Content Mgmt/Categories/Category Add-Edit/Add Category" status="FAILED">
         <failure type="FAILED" message="Unable to click on object 'Object Repository/ADMIN/Categories/Category List/button_Categories' (Root cause: org.openqa.selenium.ElementNotVisibleException: element not visible
  (Session info: chrome=78.0.3904.108)
  (Driver info: chromedriver=2.35.528161 (5b82f2d2aae0ca24b877009200ced9065a772e73),platform=Windows NT 6.1.7601 SP1 x86_64) (WARNING: The server did not provide any stacktrace information)
Command duration or timeout: 0 milliseconds
Build info: version: '3.7.1', revision: '8a0099a', time: '2017-11-06T21:07:36.161Z'
System info: host: 'APRIL-PC', ip: '10.10.31.51', os.name: 'Windows 7', os.arch: 'amd64', os.version: '6.1', java.version: '1.8.0_102'
Driver info: com.kms.katalon.selenium.driver.CChromeDriver
Capabilities {acceptInsecureCerts: false, acceptSslCerts: false, applicationCacheEnabled: false, browserConnectionEnabled: false, browserName: chrome, chrome: {chromedriverVersion: 2.35.528161 (5b82f2d2aae0ca..., userDataDir: C:\Users\April\AppData\Loca...}, cssSelectorsEnabled: true, databaseEnabled: false, handlesAlerts: true, hasTouchScreen: false, javascriptEnabled: true, locationContextEnabled: true, mobileEmulationEnabled: false, nativeEvents: true, networkConnectionEnabled: false, pageLoadStrategy: normal, platform: XP, platformName: XP, rotatable: false, setWindowRect: true, takesHeapSnapshot: true, takesScreenshot: true, unexpectedAlertBehaviour: , unhandledPromptBehavior: , version: 78.0.3904.108, webStorageEnabled: true}
Session ID: cfe3a530f1bc406e2ea68220d7af8649)"/>
         <system-out><![CDATA[2019-11-25 09:34:24 - [TEST_CASE][FAILED] - Test Cases/ADMIN/Content Mgmt/Categories/Category Add-Edit/Add Category: Test Cases/ADMIN/Content Mgmt/Categories/Category Add-Edit/Add Category FAILED because (of) Unable to click on object 'Object Repository/ADMIN/Categories/Category List/button_Categories' (Root cause: org.openqa.selenium.ElementNotVisibleException: element not visible
  (Session info: chrome=78.0.3904.108)
  (Driver info: chromedriver=2.35.528161 (5b82f2d2aae0ca24b877009200ced9065a772e73),platform=Windows NT 6.1.7601 SP1 x86_64) (WARNING: The server did not provide any stacktrace information)
Command duration or timeout: 0 milliseconds
Build info: version: '3.7.1', revision: '8a0099a', time: '2017-11-06T21:07:36.161Z'
System info: host: 'APRIL-PC', ip: '10.10.31.51', os.name: 'Windows 7', os.arch: 'amd64', os.version: '6.1', java.version: '1.8.0_102'
Driver info: com.kms.katalon.selenium.driver.CChromeDriver
Capabilities {acceptInsecureCerts: false, acceptSslCerts: false, applicationCacheEnabled: false, browserConnectionEnabled: false, browserName: chrome, chrome: {chromedriverVersion: 2.35.528161 (5b82f2d2aae0ca..., userDataDir: C:\Users\April\AppData\Loca...}, cssSelectorsEnabled: true, databaseEnabled: false, handlesAlerts: true, hasTouchScreen: false, javascriptEnabled: true, locationContextEnabled: true, mobileEmulationEnabled: false, nativeEvents: true, networkConnectionEnabled: false, pageLoadStrategy: normal, platform: XP, platformName: XP, rotatable: false, setWindowRect: true, takesHeapSnapshot: true, takesScreenshot: true, unexpectedAlertBehaviour: , unhandledPromptBehavior: , version: 78.0.3904.108, webStorageEnabled: true}
Session ID: cfe3a530f1bc406e2ea68220d7af8649)

2019-11-25 09:34:24 - [TEST_STEP][PASSED] - waitForElementVisible: Object 'Object Repository/ADMIN/Categories/Category List/button_Content Mgmt' is visible

2019-11-25 09:34:24 - [MESSAGE][WARNING] - Timeout '0' is invalid. Using default page load timeout: '30'

2019-11-25 09:34:24 - [MESSAGE][PASSED] - Object 'Object Repository/ADMIN/Categories/Category List/button_Content Mgmt' is visible

2019-11-25 09:34:24 - [TEST_STEP][PASSED] - click: Object: 'Object Repository/ADMIN/Categories/Category List/button_Content Mgmt' is clicked on

2019-11-25 09:34:25 - [MESSAGE][PASSED] - Object: 'Object Repository/ADMIN/Categories/Category List/button_Content Mgmt' is clicked on

2019-11-25 09:34:25 - [TEST_STEP][PASSED] - waitForElementVisible: Object 'Object Repository/ADMIN/Categories/Category List/button_Categories' is visible

2019-11-25 09:34:25 - [MESSAGE][WARNING] - Timeout '0' is invalid. Using default page load timeout: '30'

2019-11-25 09:34:25 - [MESSAGE][PASSED] - Object 'Object Repository/ADMIN/Categories/Category List/button_Categories' is visible

2019-11-25 09:34:25 - [TEST_STEP][FAILED] - click: Unable to click on object 'Object Repository/ADMIN/Categories/Category List/button_Categories' (Root cause: org.openqa.selenium.ElementNotVisibleException: element not visible
  (Session info: chrome=78.0.3904.108)
  (Driver info: chromedriver=2.35.528161 (5b82f2d2aae0ca24b877009200ced9065a772e73),platform=Windows NT 6.1.7601 SP1 x86_64) (WARNING: The server did not provide any stacktrace information)
Command duration or timeout: 0 milliseconds
Build info: version: '3.7.1', revision: '8a0099a', time: '2017-11-06T21:07:36.161Z'
System info: host: 'APRIL-PC', ip: '10.10.31.51', os.name: 'Windows 7', os.arch: 'amd64', os.version: '6.1', java.version: '1.8.0_102'
Driver info: com.kms.katalon.selenium.driver.CChromeDriver
Capabilities {acceptInsecureCerts: false, acceptSslCerts: false, applicationCacheEnabled: false, browserConnectionEnabled: false, browserName: chrome, chrome: {chromedriverVersion: 2.35.528161 (5b82f2d2aae0ca..., userDataDir: C:\Users\April\AppData\Loca...}, cssSelectorsEnabled: true, databaseEnabled: false, handlesAlerts: true, hasTouchScreen: false, javascriptEnabled: true, locationContextEnabled: true, mobileEmulationEnabled: false, nativeEvents: true, networkConnectionEnabled: false, pageLoadStrategy: normal, platform: XP, platformName: XP, rotatable: false, setWindowRect: true, takesHeapSnapshot: true, takesScreenshot: true, unexpectedAlertBehaviour: , unhandledPromptBehavior: , version: 78.0.3904.108, webStorageEnabled: true}
Session ID: cfe3a530f1bc406e2ea68220d7af8649)

2019-11-25 09:34:25 - [MESSAGE][FAILED] - Unable to click on object 'Object Repository/ADMIN/Categories/Category List/button_Categories' (Root cause: org.openqa.selenium.ElementNotVisibleException: element not visible
  (Session info: chrome=78.0.3904.108)
  (Driver info: chromedriver=2.35.528161 (5b82f2d2aae0ca24b877009200ced9065a772e73),platform=Windows NT 6.1.7601 SP1 x86_64) (WARNING: The server did not provide any stacktrace information)
Command duration or timeout: 0 milliseconds
Build info: version: '3.7.1', revision: '8a0099a', time: '2017-11-06T21:07:36.161Z'
System info: host: 'APRIL-PC', ip: '10.10.31.51', os.name: 'Windows 7', os.arch: 'amd64', os.version: '6.1', java.version: '1.8.0_102'
Driver info: com.kms.katalon.selenium.driver.CChromeDriver
Capabilities {acceptInsecureCerts: false, acceptSslCerts: false, applicationCacheEnabled: false, browserConnectionEnabled: false, browserName: chrome, chrome: {chromedriverVersion: 2.35.528161 (5b82f2d2aae0ca..., userDataDir: C:\Users\April\AppData\Loca...}, cssSelectorsEnabled: true, databaseEnabled: false, handlesAlerts: true, hasTouchScreen: false, javascriptEnabled: true, locationContextEnabled: true, mobileEmulationEnabled: false, nativeEvents: true, networkConnectionEnabled: false, pageLoadStrategy: normal, platform: XP, platformName: XP, rotatable: false, setWindowRect: true, takesHeapSnapshot: true, takesScreenshot: true, unexpectedAlertBehaviour: , unhandledPromptBehavior: , version: 78.0.3904.108, webStorageEnabled: true}
Session ID: cfe3a530f1bc406e2ea68220d7af8649)
[[ATTACHMENT|C:\\Users\\April\\git\\Trillia\\Reports\\Admin\\Categories\\Add Category\\20191125_093242\\1574645665261.png]]

2019-11-25 09:34:25 - [TEST_STEP][PASSED] - click: Object: 'Object Repository/ADMIN/Categories/Category List/button_AddACategory' is clicked on

2019-11-25 09:34:25 - [MESSAGE][PASSED] - Object: 'Object Repository/ADMIN/Categories/Category List/button_AddACategory' is clicked on

2019-11-25 09:34:25 - [TEST_STEP][PASSED] - waitForElementPresent: Object 'Object Repository/ADMIN/Categories/Category/dropdown_Parent' is present

2019-11-25 09:34:25 - [MESSAGE][PASSED] - Object 'Object Repository/ADMIN/Categories/Category/dropdown_Parent' is present

2019-11-25 09:34:25 - [TEST_STEP][PASSED] - delay: Delayed 1 second(s)

2019-11-25 09:34:26 - [MESSAGE][PASSED] - Delayed 1 second(s)

2019-11-25 09:34:26 - [TEST_STEP][PASSED] - setText: Text 'Category 2.2' is set on object 'Object Repository/ADMIN/Categories/Category/textfield_Category Name'

2019-11-25 09:34:26 - [MESSAGE][PASSED] - Text 'Category 2.2' is set on object 'Object Repository/ADMIN/Categories/Category/textfield_Category Name'

2019-11-25 09:34:26 - [TEST_STEP][PASSED] - click: Object: 'Object Repository/ADMIN/Categories/Category/dropdown_Parent' is clicked on

2019-11-25 09:34:27 - [MESSAGE][PASSED] - Object: 'Object Repository/ADMIN/Categories/Category/dropdown_Parent' is clicked on

2019-11-25 09:34:27 - [TEST_STEP][PASSED] - delay: Delayed 2 second(s)

2019-11-25 09:34:29 - [MESSAGE][PASSED] - Delayed 2 second(s)

2019-11-25 09:34:29 - [TEST_STEP][PASSED] - click: Object: 'Object Repository/ADMIN/Categories/Category/dropdown_Parent' is clicked on

2019-11-25 09:34:29 - [MESSAGE][PASSED] - Object: 'Object Repository/ADMIN/Categories/Category/dropdown_Parent' is clicked on

2019-11-25 09:34:29 - [TEST_STEP][PASSED] - selectOptionByLabel: All options with label 'Category 02' are selected in object 'Object Repository/ADMIN/Categories/Category/dropdown_Parent' 

2019-11-25 09:34:29 - [MESSAGE][PASSED] - All options with label 'Category 02' are selected in object 'Object Repository/ADMIN/Categories/Category/dropdown_Parent' 

2019-11-25 09:34:29 - [TEST_STEP][PASSED] - click: Object: 'Object Repository/ADMIN/Categories/Category/button_Browse' is clicked on

2019-11-25 09:34:29 - [MESSAGE][PASSED] - Object: 'Object Repository/ADMIN/Categories/Category/button_Browse' is clicked on

2019-11-25 09:34:29 - [TEST_STEP][PASSED] - delay: Delayed 1 second(s)

2019-11-25 09:34:30 - [MESSAGE][PASSED] - Delayed 1 second(s)

2019-11-25 09:34:30 - [TEST_STEP][FAILED] - uploadFile: Unable to upload file 'C:\\Users\\Arcadier\\git\\Trillia\\Images\\Category\\2.png' to object 'Object Repository/ADMIN/Categories/Category/image_input image' (Root cause: org.openqa.selenium.WebDriverException: invalid argument: File not found : C:\\Users\\Arcadier\\git\\Trillia\\Images\\Category\\2.png
  (Session info: chrome=78.0.3904.108)
  (Driver info: chromedriver=2.35.528161 (5b82f2d2aae0ca24b877009200ced9065a772e73),platform=Windows NT 6.1.7601 SP1 x86_64) (WARNING: The server did not provide any stacktrace information)
Command duration or timeout: 0 milliseconds
Build info: version: '3.7.1', revision: '8a0099a', time: '2017-11-06T21:07:36.161Z'
System info: host: 'APRIL-PC', ip: '10.10.31.51', os.name: 'Windows 7', os.arch: 'amd64', os.version: '6.1', java.version: '1.8.0_102'
Driver info: com.kms.katalon.selenium.driver.CChromeDriver
Capabilities {acceptInsecureCerts: false, acceptSslCerts: false, applicationCacheEnabled: false, browserConnectionEnabled: false, browserName: chrome, chrome: {chromedriverVersion: 2.35.528161 (5b82f2d2aae0ca..., userDataDir: C:\Users\April\AppData\Loca...}, cssSelectorsEnabled: true, databaseEnabled: false, handlesAlerts: true, hasTouchScreen: false, javascriptEnabled: true, locationContextEnabled: true, mobileEmulationEnabled: false, nativeEvents: true, networkConnectionEnabled: false, pageLoadStrategy: normal, platform: XP, platformName: XP, rotatable: false, setWindowRect: true, takesHeapSnapshot: true, takesScreenshot: true, unexpectedAlertBehaviour: , unhandledPromptBehavior: , version: 78.0.3904.108, webStorageEnabled: true}
Session ID: cfe3a530f1bc406e2ea68220d7af8649)

2019-11-25 09:34:30 - [MESSAGE][FAILED] - Unable to upload file 'C:\\Users\\Arcadier\\git\\Trillia\\Images\\Category\\2.png' to object 'Object Repository/ADMIN/Categories/Category/image_input image' (Root cause: org.openqa.selenium.WebDriverException: invalid argument: File not found : C:\\Users\\Arcadier\\git\\Trillia\\Images\\Category\\2.png
  (Session info: chrome=78.0.3904.108)
  (Driver info: chromedriver=2.35.528161 (5b82f2d2aae0ca24b877009200ced9065a772e73),platform=Windows NT 6.1.7601 SP1 x86_64) (WARNING: The server did not provide any stacktrace information)
Command duration or timeout: 0 milliseconds
Build info: version: '3.7.1', revision: '8a0099a', time: '2017-11-06T21:07:36.161Z'
System info: host: 'APRIL-PC', ip: '10.10.31.51', os.name: 'Windows 7', os.arch: 'amd64', os.version: '6.1', java.version: '1.8.0_102'
Driver info: com.kms.katalon.selenium.driver.CChromeDriver
Capabilities {acceptInsecureCerts: false, acceptSslCerts: false, applicationCacheEnabled: false, browserConnectionEnabled: false, browserName: chrome, chrome: {chromedriverVersion: 2.35.528161 (5b82f2d2aae0ca..., userDataDir: C:\Users\April\AppData\Loca...}, cssSelectorsEnabled: true, databaseEnabled: false, handlesAlerts: true, hasTouchScreen: false, javascriptEnabled: true, locationContextEnabled: true, mobileEmulationEnabled: false, nativeEvents: true, networkConnectionEnabled: false, pageLoadStrategy: normal, platform: XP, platformName: XP, rotatable: false, setWindowRect: true, takesHeapSnapshot: true, takesScreenshot: true, unexpectedAlertBehaviour: , unhandledPromptBehavior: , version: 78.0.3904.108, webStorageEnabled: true}
Session ID: cfe3a530f1bc406e2ea68220d7af8649)
[[ATTACHMENT|C:\\Users\\April\\git\\Trillia\\Reports\\Admin\\Categories\\Add Category\\20191125_093242\\1574645670284.png]]

2019-11-25 09:34:30 - [TEST_STEP][PASSED] - waitForElementVisible: Object 'Object Repository/ADMIN/Categories/Category/button_upload check' is visible

2019-11-25 09:34:30 - [MESSAGE][WARNING] - Timeout '0' is invalid. Using default page load timeout: '30'

2019-11-25 09:34:32 - [MESSAGE][PASSED] - Object 'Object Repository/ADMIN/Categories/Category/button_upload check' is visible

2019-11-25 09:34:32 - [TEST_STEP][PASSED] - click: Object: 'Object Repository/ADMIN/Categories/Category/button_upload check' is clicked on

2019-11-25 09:34:32 - [MESSAGE][PASSED] - Object: 'Object Repository/ADMIN/Categories/Category/button_upload check' is clicked on

2019-11-25 09:34:32 - [TEST_STEP][PASSED] - waitForElementVisible: Object 'Object Repository/ADMIN/Categories/Category/button_upload save' is visible

2019-11-25 09:34:32 - [MESSAGE][WARNING] - Timeout '0' is invalid. Using default page load timeout: '30'

2019-11-25 09:34:32 - [MESSAGE][PASSED] - Object 'Object Repository/ADMIN/Categories/Category/button_upload save' is visible

2019-11-25 09:34:32 - [TEST_STEP][PASSED] - click: Object: 'Object Repository/ADMIN/Categories/Category/button_upload save' is clicked on

2019-11-25 09:34:33 - [MESSAGE][PASSED] - Object: 'Object Repository/ADMIN/Categories/Category/button_upload save' is clicked on

2019-11-25 09:34:33 - [TEST_STEP][PASSED] - delay: Delayed 1 second(s)

2019-11-25 09:34:34 - [MESSAGE][PASSED] - Delayed 1 second(s)

2019-11-25 09:34:34 - [TEST_STEP][PASSED] - setText: Text 'Description4' is set on object 'Object Repository/ADMIN/Categories/Category/textfield_category_description'

2019-11-25 09:34:34 - [MESSAGE][PASSED] - Text 'Description4' is set on object 'Object Repository/ADMIN/Categories/Category/textfield_category_description'

2019-11-25 09:34:34 - [TEST_STEP][PASSED] - click: Object: 'Object Repository/ADMIN/Categories/Category/button_Save' is clicked on

2019-11-25 09:34:34 - [MESSAGE][PASSED] - Object: 'Object Repository/ADMIN/Categories/Category/button_Save' is clicked on

2019-11-25 09:34:34 - [TEST_STEP][PASSED] - waitForElementVisible: Object 'Object Repository/ADMIN/Categories/Category/label_edit popup' is visible

2019-11-25 09:34:34 - [MESSAGE][WARNING] - Timeout '0' is invalid. Using default page load timeout: '30'

2019-11-25 09:34:34 - [MESSAGE][PASSED] - Object 'Object Repository/ADMIN/Categories/Category/label_edit popup' is visible

2019-11-25 09:34:34 - [TEST_STEP][PASSED] - waitForElementNotPresent: Web element with id: 'Object Repository/ADMIN/Categories/Category/label_edit popup' located by 'By.xpath: //div[(text() = 'Category was successfully saved.' or . = 'Category was successfully saved.')]' is not present after '30' second(s)

2019-11-25 09:34:34 - [MESSAGE][WARNING] - Timeout '0' is invalid. Using default page load timeout: '30'

2019-11-25 09:34:41 - [MESSAGE][PASSED] - Web element with id: 'Object Repository/ADMIN/Categories/Category/label_edit popup' located by 'By.xpath: //div[(text() = 'Category was successfully saved.' or . = 'Category was successfully saved.')]' is not present after '30' second(s)]]></system-out>
         <system-err><![CDATA[2019-11-25 09:34:24 - [TEST_CASE][FAILED] - Test Cases/ADMIN/Content Mgmt/Categories/Category Add-Edit/Add Category: Test Cases/ADMIN/Content Mgmt/Categories/Category Add-Edit/Add Category FAILED because (of) Unable to click on object 'Object Repository/ADMIN/Categories/Category List/button_Categories' (Root cause: org.openqa.selenium.ElementNotVisibleException: element not visible
  (Session info: chrome=78.0.3904.108)
  (Driver info: chromedriver=2.35.528161 (5b82f2d2aae0ca24b877009200ced9065a772e73),platform=Windows NT 6.1.7601 SP1 x86_64) (WARNING: The server did not provide any stacktrace information)
Command duration or timeout: 0 milliseconds
Build info: version: '3.7.1', revision: '8a0099a', time: '2017-11-06T21:07:36.161Z'
System info: host: 'APRIL-PC', ip: '10.10.31.51', os.name: 'Windows 7', os.arch: 'amd64', os.version: '6.1', java.version: '1.8.0_102'
Driver info: com.kms.katalon.selenium.driver.CChromeDriver
Capabilities {acceptInsecureCerts: false, acceptSslCerts: false, applicationCacheEnabled: false, browserConnectionEnabled: false, browserName: chrome, chrome: {chromedriverVersion: 2.35.528161 (5b82f2d2aae0ca..., userDataDir: C:\Users\April\AppData\Loca...}, cssSelectorsEnabled: true, databaseEnabled: false, handlesAlerts: true, hasTouchScreen: false, javascriptEnabled: true, locationContextEnabled: true, mobileEmulationEnabled: false, nativeEvents: true, networkConnectionEnabled: false, pageLoadStrategy: normal, platform: XP, platformName: XP, rotatable: false, setWindowRect: true, takesHeapSnapshot: true, takesScreenshot: true, unexpectedAlertBehaviour: , unhandledPromptBehavior: , version: 78.0.3904.108, webStorageEnabled: true}
Session ID: cfe3a530f1bc406e2ea68220d7af8649)]]></system-err>
      </testcase>
      <testcase name="Test Cases/ADMIN/Content Mgmt/Categories/Category Add-Edit/Add Category" classname="Test Cases/ADMIN/Content Mgmt/Categories/Category Add-Edit/Add Category" status="FAILED">
         <failure type="FAILED" message="Unable to upload file 'C:\\Users\\Arcadier\\git\\Trillia\\Images\\Category\\3.png' to object 'Object Repository/ADMIN/Categories/Category/image_input image' (Root cause: org.openqa.selenium.WebDriverException: invalid argument: File not found : C:\\Users\\Arcadier\\git\\Trillia\\Images\\Category\\3.png
  (Session info: chrome=78.0.3904.108)
  (Driver info: chromedriver=2.35.528161 (5b82f2d2aae0ca24b877009200ced9065a772e73),platform=Windows NT 6.1.7601 SP1 x86_64) (WARNING: The server did not provide any stacktrace information)
Command duration or timeout: 0 milliseconds
Build info: version: '3.7.1', revision: '8a0099a', time: '2017-11-06T21:07:36.161Z'
System info: host: 'APRIL-PC', ip: '10.10.31.51', os.name: 'Windows 7', os.arch: 'amd64', os.version: '6.1', java.version: '1.8.0_102'
Driver info: com.kms.katalon.selenium.driver.CChromeDriver
Capabilities {acceptInsecureCerts: false, acceptSslCerts: false, applicationCacheEnabled: false, browserConnectionEnabled: false, browserName: chrome, chrome: {chromedriverVersion: 2.35.528161 (5b82f2d2aae0ca..., userDataDir: C:\Users\April\AppData\Loca...}, cssSelectorsEnabled: true, databaseEnabled: false, handlesAlerts: true, hasTouchScreen: false, javascriptEnabled: true, locationContextEnabled: true, mobileEmulationEnabled: false, nativeEvents: true, networkConnectionEnabled: false, pageLoadStrategy: normal, platform: XP, platformName: XP, rotatable: false, setWindowRect: true, takesHeapSnapshot: true, takesScreenshot: true, unexpectedAlertBehaviour: , unhandledPromptBehavior: , version: 78.0.3904.108, webStorageEnabled: true}
Session ID: cfe3a530f1bc406e2ea68220d7af8649)"/>
         <system-out><![CDATA[2019-11-25 09:34:41 - [TEST_CASE][FAILED] - Test Cases/ADMIN/Content Mgmt/Categories/Category Add-Edit/Add Category: Test Cases/ADMIN/Content Mgmt/Categories/Category Add-Edit/Add Category FAILED because (of) Unable to upload file 'C:\\Users\\Arcadier\\git\\Trillia\\Images\\Category\\3.png' to object 'Object Repository/ADMIN/Categories/Category/image_input image' (Root cause: org.openqa.selenium.WebDriverException: invalid argument: File not found : C:\\Users\\Arcadier\\git\\Trillia\\Images\\Category\\3.png
  (Session info: chrome=78.0.3904.108)
  (Driver info: chromedriver=2.35.528161 (5b82f2d2aae0ca24b877009200ced9065a772e73),platform=Windows NT 6.1.7601 SP1 x86_64) (WARNING: The server did not provide any stacktrace information)
Command duration or timeout: 0 milliseconds
Build info: version: '3.7.1', revision: '8a0099a', time: '2017-11-06T21:07:36.161Z'
System info: host: 'APRIL-PC', ip: '10.10.31.51', os.name: 'Windows 7', os.arch: 'amd64', os.version: '6.1', java.version: '1.8.0_102'
Driver info: com.kms.katalon.selenium.driver.CChromeDriver
Capabilities {acceptInsecureCerts: false, acceptSslCerts: false, applicationCacheEnabled: false, browserConnectionEnabled: false, browserName: chrome, chrome: {chromedriverVersion: 2.35.528161 (5b82f2d2aae0ca..., userDataDir: C:\Users\April\AppData\Loca...}, cssSelectorsEnabled: true, databaseEnabled: false, handlesAlerts: true, hasTouchScreen: false, javascriptEnabled: true, locationContextEnabled: true, mobileEmulationEnabled: false, nativeEvents: true, networkConnectionEnabled: false, pageLoadStrategy: normal, platform: XP, platformName: XP, rotatable: false, setWindowRect: true, takesHeapSnapshot: true, takesScreenshot: true, unexpectedAlertBehaviour: , unhandledPromptBehavior: , version: 78.0.3904.108, webStorageEnabled: true}
Session ID: cfe3a530f1bc406e2ea68220d7af8649)

2019-11-25 09:34:41 - [TEST_STEP][PASSED] - waitForElementVisible: Object 'Object Repository/ADMIN/Categories/Category List/button_Content Mgmt' is visible

2019-11-25 09:34:41 - [MESSAGE][WARNING] - Timeout '0' is invalid. Using default page load timeout: '30'

2019-11-25 09:34:41 - [MESSAGE][PASSED] - Object 'Object Repository/ADMIN/Categories/Category List/button_Content Mgmt' is visible

2019-11-25 09:34:41 - [TEST_STEP][PASSED] - click: Object: 'Object Repository/ADMIN/Categories/Category List/button_Content Mgmt' is clicked on

2019-11-25 09:34:41 - [MESSAGE][PASSED] - Object: 'Object Repository/ADMIN/Categories/Category List/button_Content Mgmt' is clicked on

2019-11-25 09:34:41 - [TEST_STEP][PASSED] - waitForElementVisible: Object 'Object Repository/ADMIN/Categories/Category List/button_Categories' is visible

2019-11-25 09:34:41 - [MESSAGE][WARNING] - Timeout '0' is invalid. Using default page load timeout: '30'

2019-11-25 09:34:41 - [MESSAGE][PASSED] - Object 'Object Repository/ADMIN/Categories/Category List/button_Categories' is visible

2019-11-25 09:34:41 - [TEST_STEP][PASSED] - click: Object: 'Object Repository/ADMIN/Categories/Category List/button_Categories' is clicked on

2019-11-25 09:34:42 - [MESSAGE][PASSED] - Object: 'Object Repository/ADMIN/Categories/Category List/button_Categories' is clicked on

2019-11-25 09:34:42 - [TEST_STEP][PASSED] - click: Object: 'Object Repository/ADMIN/Categories/Category List/button_AddACategory' is clicked on

2019-11-25 09:34:42 - [MESSAGE][PASSED] - Object: 'Object Repository/ADMIN/Categories/Category List/button_AddACategory' is clicked on

2019-11-25 09:34:42 - [TEST_STEP][PASSED] - waitForElementPresent: Object 'Object Repository/ADMIN/Categories/Category/dropdown_Parent' is present

2019-11-25 09:34:42 - [MESSAGE][PASSED] - Object 'Object Repository/ADMIN/Categories/Category/dropdown_Parent' is present

2019-11-25 09:34:42 - [TEST_STEP][PASSED] - delay: Delayed 1 second(s)

2019-11-25 09:34:43 - [MESSAGE][PASSED] - Delayed 1 second(s)

2019-11-25 09:34:43 - [TEST_STEP][PASSED] - setText: Text 'Category 03' is set on object 'Object Repository/ADMIN/Categories/Category/textfield_Category Name'

2019-11-25 09:34:43 - [MESSAGE][PASSED] - Text 'Category 03' is set on object 'Object Repository/ADMIN/Categories/Category/textfield_Category Name'

2019-11-25 09:34:43 - [TEST_STEP][PASSED] - click: Object: 'Object Repository/ADMIN/Categories/Category/dropdown_Parent' is clicked on

2019-11-25 09:34:43 - [MESSAGE][PASSED] - Object: 'Object Repository/ADMIN/Categories/Category/dropdown_Parent' is clicked on

2019-11-25 09:34:43 - [TEST_STEP][PASSED] - delay: Delayed 2 second(s)

2019-11-25 09:34:45 - [MESSAGE][PASSED] - Delayed 2 second(s)

2019-11-25 09:34:45 - [TEST_STEP][PASSED] - click: Object: 'Object Repository/ADMIN/Categories/Category/dropdown_Parent' is clicked on

2019-11-25 09:34:45 - [MESSAGE][PASSED] - Object: 'Object Repository/ADMIN/Categories/Category/dropdown_Parent' is clicked on

2019-11-25 09:34:45 - [TEST_STEP][PASSED] - selectOptionByLabel: All options with label '-' are selected in object 'Object Repository/ADMIN/Categories/Category/dropdown_Parent' 

2019-11-25 09:34:45 - [MESSAGE][PASSED] - All options with label '-' are selected in object 'Object Repository/ADMIN/Categories/Category/dropdown_Parent' 

2019-11-25 09:34:45 - [TEST_STEP][PASSED] - click: Object: 'Object Repository/ADMIN/Categories/Category/button_Browse' is clicked on

2019-11-25 09:34:45 - [MESSAGE][PASSED] - Object: 'Object Repository/ADMIN/Categories/Category/button_Browse' is clicked on

2019-11-25 09:34:45 - [TEST_STEP][PASSED] - delay: Delayed 1 second(s)

2019-11-25 09:34:46 - [MESSAGE][PASSED] - Delayed 1 second(s)

2019-11-25 09:34:46 - [TEST_STEP][FAILED] - uploadFile: Unable to upload file 'C:\\Users\\Arcadier\\git\\Trillia\\Images\\Category\\3.png' to object 'Object Repository/ADMIN/Categories/Category/image_input image' (Root cause: org.openqa.selenium.WebDriverException: invalid argument: File not found : C:\\Users\\Arcadier\\git\\Trillia\\Images\\Category\\3.png
  (Session info: chrome=78.0.3904.108)
  (Driver info: chromedriver=2.35.528161 (5b82f2d2aae0ca24b877009200ced9065a772e73),platform=Windows NT 6.1.7601 SP1 x86_64) (WARNING: The server did not provide any stacktrace information)
Command duration or timeout: 0 milliseconds
Build info: version: '3.7.1', revision: '8a0099a', time: '2017-11-06T21:07:36.161Z'
System info: host: 'APRIL-PC', ip: '10.10.31.51', os.name: 'Windows 7', os.arch: 'amd64', os.version: '6.1', java.version: '1.8.0_102'
Driver info: com.kms.katalon.selenium.driver.CChromeDriver
Capabilities {acceptInsecureCerts: false, acceptSslCerts: false, applicationCacheEnabled: false, browserConnectionEnabled: false, browserName: chrome, chrome: {chromedriverVersion: 2.35.528161 (5b82f2d2aae0ca..., userDataDir: C:\Users\April\AppData\Loca...}, cssSelectorsEnabled: true, databaseEnabled: false, handlesAlerts: true, hasTouchScreen: false, javascriptEnabled: true, locationContextEnabled: true, mobileEmulationEnabled: false, nativeEvents: true, networkConnectionEnabled: false, pageLoadStrategy: normal, platform: XP, platformName: XP, rotatable: false, setWindowRect: true, takesHeapSnapshot: true, takesScreenshot: true, unexpectedAlertBehaviour: , unhandledPromptBehavior: , version: 78.0.3904.108, webStorageEnabled: true}
Session ID: cfe3a530f1bc406e2ea68220d7af8649)

2019-11-25 09:34:47 - [MESSAGE][FAILED] - Unable to upload file 'C:\\Users\\Arcadier\\git\\Trillia\\Images\\Category\\3.png' to object 'Object Repository/ADMIN/Categories/Category/image_input image' (Root cause: org.openqa.selenium.WebDriverException: invalid argument: File not found : C:\\Users\\Arcadier\\git\\Trillia\\Images\\Category\\3.png
  (Session info: chrome=78.0.3904.108)
  (Driver info: chromedriver=2.35.528161 (5b82f2d2aae0ca24b877009200ced9065a772e73),platform=Windows NT 6.1.7601 SP1 x86_64) (WARNING: The server did not provide any stacktrace information)
Command duration or timeout: 0 milliseconds
Build info: version: '3.7.1', revision: '8a0099a', time: '2017-11-06T21:07:36.161Z'
System info: host: 'APRIL-PC', ip: '10.10.31.51', os.name: 'Windows 7', os.arch: 'amd64', os.version: '6.1', java.version: '1.8.0_102'
Driver info: com.kms.katalon.selenium.driver.CChromeDriver
Capabilities {acceptInsecureCerts: false, acceptSslCerts: false, applicationCacheEnabled: false, browserConnectionEnabled: false, browserName: chrome, chrome: {chromedriverVersion: 2.35.528161 (5b82f2d2aae0ca..., userDataDir: C:\Users\April\AppData\Loca...}, cssSelectorsEnabled: true, databaseEnabled: false, handlesAlerts: true, hasTouchScreen: false, javascriptEnabled: true, locationContextEnabled: true, mobileEmulationEnabled: false, nativeEvents: true, networkConnectionEnabled: false, pageLoadStrategy: normal, platform: XP, platformName: XP, rotatable: false, setWindowRect: true, takesHeapSnapshot: true, takesScreenshot: true, unexpectedAlertBehaviour: , unhandledPromptBehavior: , version: 78.0.3904.108, webStorageEnabled: true}
Session ID: cfe3a530f1bc406e2ea68220d7af8649)
[[ATTACHMENT|C:\\Users\\April\\git\\Trillia\\Reports\\Admin\\Categories\\Add Category\\20191125_093242\\1574645686857.png]]

2019-11-25 09:34:47 - [TEST_STEP][PASSED] - waitForElementVisible: Object 'Object Repository/ADMIN/Categories/Category/button_upload check' is visible

2019-11-25 09:34:47 - [MESSAGE][WARNING] - Timeout '0' is invalid. Using default page load timeout: '30'

2019-11-25 09:34:49 - [MESSAGE][PASSED] - Object 'Object Repository/ADMIN/Categories/Category/button_upload check' is visible

2019-11-25 09:34:49 - [TEST_STEP][PASSED] - click: Object: 'Object Repository/ADMIN/Categories/Category/button_upload check' is clicked on

2019-11-25 09:34:49 - [MESSAGE][PASSED] - Object: 'Object Repository/ADMIN/Categories/Category/button_upload check' is clicked on

2019-11-25 09:34:49 - [TEST_STEP][PASSED] - waitForElementVisible: Object 'Object Repository/ADMIN/Categories/Category/button_upload save' is visible

2019-11-25 09:34:49 - [MESSAGE][WARNING] - Timeout '0' is invalid. Using default page load timeout: '30'

2019-11-25 09:34:49 - [MESSAGE][PASSED] - Object 'Object Repository/ADMIN/Categories/Category/button_upload save' is visible

2019-11-25 09:34:49 - [TEST_STEP][PASSED] - click: Object: 'Object Repository/ADMIN/Categories/Category/button_upload save' is clicked on

2019-11-25 09:34:49 - [MESSAGE][PASSED] - Object: 'Object Repository/ADMIN/Categories/Category/button_upload save' is clicked on

2019-11-25 09:34:49 - [TEST_STEP][PASSED] - delay: Delayed 1 second(s)

2019-11-25 09:34:50 - [MESSAGE][PASSED] - Delayed 1 second(s)

2019-11-25 09:34:50 - [TEST_STEP][PASSED] - setText: Text 'Description5' is set on object 'Object Repository/ADMIN/Categories/Category/textfield_category_description'

2019-11-25 09:34:50 - [MESSAGE][PASSED] - Text 'Description5' is set on object 'Object Repository/ADMIN/Categories/Category/textfield_category_description'

2019-11-25 09:34:50 - [TEST_STEP][PASSED] - click: Object: 'Object Repository/ADMIN/Categories/Category/button_Save' is clicked on

2019-11-25 09:34:50 - [MESSAGE][PASSED] - Object: 'Object Repository/ADMIN/Categories/Category/button_Save' is clicked on

2019-11-25 09:34:50 - [TEST_STEP][PASSED] - waitForElementVisible: Object 'Object Repository/ADMIN/Categories/Category/label_edit popup' is visible

2019-11-25 09:34:50 - [MESSAGE][WARNING] - Timeout '0' is invalid. Using default page load timeout: '30'

2019-11-25 09:34:51 - [MESSAGE][PASSED] - Object 'Object Repository/ADMIN/Categories/Category/label_edit popup' is visible

2019-11-25 09:34:51 - [TEST_STEP][PASSED] - waitForElementNotPresent: Web element with id: 'Object Repository/ADMIN/Categories/Category/label_edit popup' located by 'By.xpath: //div[(text() = 'Category was successfully saved.' or . = 'Category was successfully saved.')]' is not present after '30' second(s)

2019-11-25 09:34:51 - [MESSAGE][WARNING] - Timeout '0' is invalid. Using default page load timeout: '30'

2019-11-25 09:34:57 - [MESSAGE][PASSED] - Web element with id: 'Object Repository/ADMIN/Categories/Category/label_edit popup' located by 'By.xpath: //div[(text() = 'Category was successfully saved.' or . = 'Category was successfully saved.')]' is not present after '30' second(s)]]></system-out>
         <system-err><![CDATA[2019-11-25 09:34:41 - [TEST_CASE][FAILED] - Test Cases/ADMIN/Content Mgmt/Categories/Category Add-Edit/Add Category: Test Cases/ADMIN/Content Mgmt/Categories/Category Add-Edit/Add Category FAILED because (of) Unable to upload file 'C:\\Users\\Arcadier\\git\\Trillia\\Images\\Category\\3.png' to object 'Object Repository/ADMIN/Categories/Category/image_input image' (Root cause: org.openqa.selenium.WebDriverException: invalid argument: File not found : C:\\Users\\Arcadier\\git\\Trillia\\Images\\Category\\3.png
  (Session info: chrome=78.0.3904.108)
  (Driver info: chromedriver=2.35.528161 (5b82f2d2aae0ca24b877009200ced9065a772e73),platform=Windows NT 6.1.7601 SP1 x86_64) (WARNING: The server did not provide any stacktrace information)
Command duration or timeout: 0 milliseconds
Build info: version: '3.7.1', revision: '8a0099a', time: '2017-11-06T21:07:36.161Z'
System info: host: 'APRIL-PC', ip: '10.10.31.51', os.name: 'Windows 7', os.arch: 'amd64', os.version: '6.1', java.version: '1.8.0_102'
Driver info: com.kms.katalon.selenium.driver.CChromeDriver
Capabilities {acceptInsecureCerts: false, acceptSslCerts: false, applicationCacheEnabled: false, browserConnectionEnabled: false, browserName: chrome, chrome: {chromedriverVersion: 2.35.528161 (5b82f2d2aae0ca..., userDataDir: C:\Users\April\AppData\Loca...}, cssSelectorsEnabled: true, databaseEnabled: false, handlesAlerts: true, hasTouchScreen: false, javascriptEnabled: true, locationContextEnabled: true, mobileEmulationEnabled: false, nativeEvents: true, networkConnectionEnabled: false, pageLoadStrategy: normal, platform: XP, platformName: XP, rotatable: false, setWindowRect: true, takesHeapSnapshot: true, takesScreenshot: true, unexpectedAlertBehaviour: , unhandledPromptBehavior: , version: 78.0.3904.108, webStorageEnabled: true}
Session ID: cfe3a530f1bc406e2ea68220d7af8649)]]></system-err>
      </testcase>
      <testcase name="Test Cases/ADMIN/Content Mgmt/Categories/Category Add-Edit/Add Category" classname="Test Cases/ADMIN/Content Mgmt/Categories/Category Add-Edit/Add Category" status="FAILED">
         <failure type="FAILED" message="Unable to upload file 'C:\\Users\\Arcadier\\git\\Trillia\\Images\\Category\\3.png' to object 'Object Repository/ADMIN/Categories/Category/image_input image' (Root cause: org.openqa.selenium.WebDriverException: invalid argument: File not found : C:\\Users\\Arcadier\\git\\Trillia\\Images\\Category\\3.png
  (Session info: chrome=78.0.3904.108)
  (Driver info: chromedriver=2.35.528161 (5b82f2d2aae0ca24b877009200ced9065a772e73),platform=Windows NT 6.1.7601 SP1 x86_64) (WARNING: The server did not provide any stacktrace information)
Command duration or timeout: 0 milliseconds
Build info: version: '3.7.1', revision: '8a0099a', time: '2017-11-06T21:07:36.161Z'
System info: host: 'APRIL-PC', ip: '10.10.31.51', os.name: 'Windows 7', os.arch: 'amd64', os.version: '6.1', java.version: '1.8.0_102'
Driver info: com.kms.katalon.selenium.driver.CChromeDriver
Capabilities {acceptInsecureCerts: false, acceptSslCerts: false, applicationCacheEnabled: false, browserConnectionEnabled: false, browserName: chrome, chrome: {chromedriverVersion: 2.35.528161 (5b82f2d2aae0ca..., userDataDir: C:\Users\April\AppData\Loca...}, cssSelectorsEnabled: true, databaseEnabled: false, handlesAlerts: true, hasTouchScreen: false, javascriptEnabled: true, locationContextEnabled: true, mobileEmulationEnabled: false, nativeEvents: true, networkConnectionEnabled: false, pageLoadStrategy: normal, platform: XP, platformName: XP, rotatable: false, setWindowRect: true, takesHeapSnapshot: true, takesScreenshot: true, unexpectedAlertBehaviour: , unhandledPromptBehavior: , version: 78.0.3904.108, webStorageEnabled: true}
Session ID: cfe3a530f1bc406e2ea68220d7af8649)"/>
         <system-out><![CDATA[2019-11-25 09:34:57 - [TEST_CASE][FAILED] - Test Cases/ADMIN/Content Mgmt/Categories/Category Add-Edit/Add Category: Test Cases/ADMIN/Content Mgmt/Categories/Category Add-Edit/Add Category FAILED because (of) Unable to upload file 'C:\\Users\\Arcadier\\git\\Trillia\\Images\\Category\\3.png' to object 'Object Repository/ADMIN/Categories/Category/image_input image' (Root cause: org.openqa.selenium.WebDriverException: invalid argument: File not found : C:\\Users\\Arcadier\\git\\Trillia\\Images\\Category\\3.png
  (Session info: chrome=78.0.3904.108)
  (Driver info: chromedriver=2.35.528161 (5b82f2d2aae0ca24b877009200ced9065a772e73),platform=Windows NT 6.1.7601 SP1 x86_64) (WARNING: The server did not provide any stacktrace information)
Command duration or timeout: 0 milliseconds
Build info: version: '3.7.1', revision: '8a0099a', time: '2017-11-06T21:07:36.161Z'
System info: host: 'APRIL-PC', ip: '10.10.31.51', os.name: 'Windows 7', os.arch: 'amd64', os.version: '6.1', java.version: '1.8.0_102'
Driver info: com.kms.katalon.selenium.driver.CChromeDriver
Capabilities {acceptInsecureCerts: false, acceptSslCerts: false, applicationCacheEnabled: false, browserConnectionEnabled: false, browserName: chrome, chrome: {chromedriverVersion: 2.35.528161 (5b82f2d2aae0ca..., userDataDir: C:\Users\April\AppData\Loca...}, cssSelectorsEnabled: true, databaseEnabled: false, handlesAlerts: true, hasTouchScreen: false, javascriptEnabled: true, locationContextEnabled: true, mobileEmulationEnabled: false, nativeEvents: true, networkConnectionEnabled: false, pageLoadStrategy: normal, platform: XP, platformName: XP, rotatable: false, setWindowRect: true, takesHeapSnapshot: true, takesScreenshot: true, unexpectedAlertBehaviour: , unhandledPromptBehavior: , version: 78.0.3904.108, webStorageEnabled: true}
Session ID: cfe3a530f1bc406e2ea68220d7af8649)

2019-11-25 09:34:57 - [TEST_STEP][PASSED] - waitForElementVisible: Object 'Object Repository/ADMIN/Categories/Category List/button_Content Mgmt' is visible

2019-11-25 09:34:57 - [MESSAGE][WARNING] - Timeout '0' is invalid. Using default page load timeout: '30'

2019-11-25 09:34:57 - [MESSAGE][PASSED] - Object 'Object Repository/ADMIN/Categories/Category List/button_Content Mgmt' is visible

2019-11-25 09:34:57 - [TEST_STEP][PASSED] - click: Object: 'Object Repository/ADMIN/Categories/Category List/button_Content Mgmt' is clicked on

2019-11-25 09:34:57 - [MESSAGE][PASSED] - Object: 'Object Repository/ADMIN/Categories/Category List/button_Content Mgmt' is clicked on

2019-11-25 09:34:57 - [TEST_STEP][PASSED] - waitForElementVisible: Object 'Object Repository/ADMIN/Categories/Category List/button_Categories' is visible

2019-11-25 09:34:57 - [MESSAGE][WARNING] - Timeout '0' is invalid. Using default page load timeout: '30'

2019-11-25 09:34:57 - [MESSAGE][PASSED] - Object 'Object Repository/ADMIN/Categories/Category List/button_Categories' is visible

2019-11-25 09:34:57 - [TEST_STEP][PASSED] - click: Object: 'Object Repository/ADMIN/Categories/Category List/button_Categories' is clicked on

2019-11-25 09:35:00 - [MESSAGE][PASSED] - Object: 'Object Repository/ADMIN/Categories/Category List/button_Categories' is clicked on

2019-11-25 09:35:00 - [TEST_STEP][PASSED] - click: Object: 'Object Repository/ADMIN/Categories/Category List/button_AddACategory' is clicked on

2019-11-25 09:35:00 - [MESSAGE][PASSED] - Object: 'Object Repository/ADMIN/Categories/Category List/button_AddACategory' is clicked on

2019-11-25 09:35:00 - [TEST_STEP][PASSED] - waitForElementPresent: Object 'Object Repository/ADMIN/Categories/Category/dropdown_Parent' is present

2019-11-25 09:35:00 - [MESSAGE][PASSED] - Object 'Object Repository/ADMIN/Categories/Category/dropdown_Parent' is present

2019-11-25 09:35:00 - [TEST_STEP][PASSED] - delay: Delayed 1 second(s)

2019-11-25 09:35:01 - [MESSAGE][PASSED] - Delayed 1 second(s)

2019-11-25 09:35:01 - [TEST_STEP][PASSED] - setText: Text 'Category 3.1' is set on object 'Object Repository/ADMIN/Categories/Category/textfield_Category Name'

2019-11-25 09:35:01 - [MESSAGE][PASSED] - Text 'Category 3.1' is set on object 'Object Repository/ADMIN/Categories/Category/textfield_Category Name'

2019-11-25 09:35:01 - [TEST_STEP][PASSED] - click: Object: 'Object Repository/ADMIN/Categories/Category/dropdown_Parent' is clicked on

2019-11-25 09:35:01 - [MESSAGE][PASSED] - Object: 'Object Repository/ADMIN/Categories/Category/dropdown_Parent' is clicked on

2019-11-25 09:35:01 - [TEST_STEP][PASSED] - delay: Delayed 2 second(s)

2019-11-25 09:35:03 - [MESSAGE][PASSED] - Delayed 2 second(s)

2019-11-25 09:35:03 - [TEST_STEP][PASSED] - click: Object: 'Object Repository/ADMIN/Categories/Category/dropdown_Parent' is clicked on

2019-11-25 09:35:04 - [MESSAGE][PASSED] - Object: 'Object Repository/ADMIN/Categories/Category/dropdown_Parent' is clicked on

2019-11-25 09:35:04 - [TEST_STEP][PASSED] - selectOptionByLabel: All options with label 'Category 03' are selected in object 'Object Repository/ADMIN/Categories/Category/dropdown_Parent' 

2019-11-25 09:35:04 - [MESSAGE][PASSED] - All options with label 'Category 03' are selected in object 'Object Repository/ADMIN/Categories/Category/dropdown_Parent' 

2019-11-25 09:35:04 - [TEST_STEP][PASSED] - click: Object: 'Object Repository/ADMIN/Categories/Category/button_Browse' is clicked on

2019-11-25 09:35:04 - [MESSAGE][PASSED] - Object: 'Object Repository/ADMIN/Categories/Category/button_Browse' is clicked on

2019-11-25 09:35:04 - [TEST_STEP][PASSED] - delay: Delayed 1 second(s)

2019-11-25 09:35:05 - [MESSAGE][PASSED] - Delayed 1 second(s)

2019-11-25 09:35:05 - [TEST_STEP][FAILED] - uploadFile: Unable to upload file 'C:\\Users\\Arcadier\\git\\Trillia\\Images\\Category\\3.png' to object 'Object Repository/ADMIN/Categories/Category/image_input image' (Root cause: org.openqa.selenium.WebDriverException: invalid argument: File not found : C:\\Users\\Arcadier\\git\\Trillia\\Images\\Category\\3.png
  (Session info: chrome=78.0.3904.108)
  (Driver info: chromedriver=2.35.528161 (5b82f2d2aae0ca24b877009200ced9065a772e73),platform=Windows NT 6.1.7601 SP1 x86_64) (WARNING: The server did not provide any stacktrace information)
Command duration or timeout: 0 milliseconds
Build info: version: '3.7.1', revision: '8a0099a', time: '2017-11-06T21:07:36.161Z'
System info: host: 'APRIL-PC', ip: '10.10.31.51', os.name: 'Windows 7', os.arch: 'amd64', os.version: '6.1', java.version: '1.8.0_102'
Driver info: com.kms.katalon.selenium.driver.CChromeDriver
Capabilities {acceptInsecureCerts: false, acceptSslCerts: false, applicationCacheEnabled: false, browserConnectionEnabled: false, browserName: chrome, chrome: {chromedriverVersion: 2.35.528161 (5b82f2d2aae0ca..., userDataDir: C:\Users\April\AppData\Loca...}, cssSelectorsEnabled: true, databaseEnabled: false, handlesAlerts: true, hasTouchScreen: false, javascriptEnabled: true, locationContextEnabled: true, mobileEmulationEnabled: false, nativeEvents: true, networkConnectionEnabled: false, pageLoadStrategy: normal, platform: XP, platformName: XP, rotatable: false, setWindowRect: true, takesHeapSnapshot: true, takesScreenshot: true, unexpectedAlertBehaviour: , unhandledPromptBehavior: , version: 78.0.3904.108, webStorageEnabled: true}
Session ID: cfe3a530f1bc406e2ea68220d7af8649)

2019-11-25 09:35:05 - [MESSAGE][FAILED] - Unable to upload file 'C:\\Users\\Arcadier\\git\\Trillia\\Images\\Category\\3.png' to object 'Object Repository/ADMIN/Categories/Category/image_input image' (Root cause: org.openqa.selenium.WebDriverException: invalid argument: File not found : C:\\Users\\Arcadier\\git\\Trillia\\Images\\Category\\3.png
  (Session info: chrome=78.0.3904.108)
  (Driver info: chromedriver=2.35.528161 (5b82f2d2aae0ca24b877009200ced9065a772e73),platform=Windows NT 6.1.7601 SP1 x86_64) (WARNING: The server did not provide any stacktrace information)
Command duration or timeout: 0 milliseconds
Build info: version: '3.7.1', revision: '8a0099a', time: '2017-11-06T21:07:36.161Z'
System info: host: 'APRIL-PC', ip: '10.10.31.51', os.name: 'Windows 7', os.arch: 'amd64', os.version: '6.1', java.version: '1.8.0_102'
Driver info: com.kms.katalon.selenium.driver.CChromeDriver
Capabilities {acceptInsecureCerts: false, acceptSslCerts: false, applicationCacheEnabled: false, browserConnectionEnabled: false, browserName: chrome, chrome: {chromedriverVersion: 2.35.528161 (5b82f2d2aae0ca..., userDataDir: C:\Users\April\AppData\Loca...}, cssSelectorsEnabled: true, databaseEnabled: false, handlesAlerts: true, hasTouchScreen: false, javascriptEnabled: true, locationContextEnabled: true, mobileEmulationEnabled: false, nativeEvents: true, networkConnectionEnabled: false, pageLoadStrategy: normal, platform: XP, platformName: XP, rotatable: false, setWindowRect: true, takesHeapSnapshot: true, takesScreenshot: true, unexpectedAlertBehaviour: , unhandledPromptBehavior: , version: 78.0.3904.108, webStorageEnabled: true}
Session ID: cfe3a530f1bc406e2ea68220d7af8649)
[[ATTACHMENT|C:\\Users\\April\\git\\Trillia\\Reports\\Admin\\Categories\\Add Category\\20191125_093242\\1574645705227.png]]

2019-11-25 09:35:05 - [TEST_STEP][PASSED] - waitForElementVisible: Object 'Object Repository/ADMIN/Categories/Category/button_upload check' is visible

2019-11-25 09:35:05 - [MESSAGE][WARNING] - Timeout '0' is invalid. Using default page load timeout: '30'

2019-11-25 09:35:07 - [MESSAGE][PASSED] - Object 'Object Repository/ADMIN/Categories/Category/button_upload check' is visible

2019-11-25 09:35:07 - [TEST_STEP][PASSED] - click: Object: 'Object Repository/ADMIN/Categories/Category/button_upload check' is clicked on

2019-11-25 09:35:07 - [MESSAGE][PASSED] - Object: 'Object Repository/ADMIN/Categories/Category/button_upload check' is clicked on

2019-11-25 09:35:07 - [TEST_STEP][PASSED] - waitForElementVisible: Object 'Object Repository/ADMIN/Categories/Category/button_upload save' is visible

2019-11-25 09:35:07 - [MESSAGE][WARNING] - Timeout '0' is invalid. Using default page load timeout: '30'

2019-11-25 09:35:07 - [MESSAGE][PASSED] - Object 'Object Repository/ADMIN/Categories/Category/button_upload save' is visible

2019-11-25 09:35:07 - [TEST_STEP][PASSED] - click: Object: 'Object Repository/ADMIN/Categories/Category/button_upload save' is clicked on

2019-11-25 09:35:07 - [MESSAGE][PASSED] - Object: 'Object Repository/ADMIN/Categories/Category/button_upload save' is clicked on

2019-11-25 09:35:07 - [TEST_STEP][PASSED] - delay: Delayed 1 second(s)

2019-11-25 09:35:08 - [MESSAGE][PASSED] - Delayed 1 second(s)

2019-11-25 09:35:08 - [TEST_STEP][PASSED] - setText: Text 'Description6' is set on object 'Object Repository/ADMIN/Categories/Category/textfield_category_description'

2019-11-25 09:35:09 - [MESSAGE][PASSED] - Text 'Description6' is set on object 'Object Repository/ADMIN/Categories/Category/textfield_category_description'

2019-11-25 09:35:09 - [TEST_STEP][PASSED] - click: Object: 'Object Repository/ADMIN/Categories/Category/button_Save' is clicked on

2019-11-25 09:35:09 - [MESSAGE][PASSED] - Object: 'Object Repository/ADMIN/Categories/Category/button_Save' is clicked on

2019-11-25 09:35:09 - [TEST_STEP][PASSED] - waitForElementVisible: Object 'Object Repository/ADMIN/Categories/Category/label_edit popup' is visible

2019-11-25 09:35:09 - [MESSAGE][WARNING] - Timeout '0' is invalid. Using default page load timeout: '30'

2019-11-25 09:35:09 - [MESSAGE][PASSED] - Object 'Object Repository/ADMIN/Categories/Category/label_edit popup' is visible

2019-11-25 09:35:09 - [TEST_STEP][PASSED] - waitForElementNotPresent: Web element with id: 'Object Repository/ADMIN/Categories/Category/label_edit popup' located by 'By.xpath: //div[(text() = 'Category was successfully saved.' or . = 'Category was successfully saved.')]' is not present after '30' second(s)

2019-11-25 09:35:09 - [MESSAGE][WARNING] - Timeout '0' is invalid. Using default page load timeout: '30'

2019-11-25 09:35:15 - [MESSAGE][PASSED] - Web element with id: 'Object Repository/ADMIN/Categories/Category/label_edit popup' located by 'By.xpath: //div[(text() = 'Category was successfully saved.' or . = 'Category was successfully saved.')]' is not present after '30' second(s)]]></system-out>
         <system-err><![CDATA[2019-11-25 09:34:57 - [TEST_CASE][FAILED] - Test Cases/ADMIN/Content Mgmt/Categories/Category Add-Edit/Add Category: Test Cases/ADMIN/Content Mgmt/Categories/Category Add-Edit/Add Category FAILED because (of) Unable to upload file 'C:\\Users\\Arcadier\\git\\Trillia\\Images\\Category\\3.png' to object 'Object Repository/ADMIN/Categories/Category/image_input image' (Root cause: org.openqa.selenium.WebDriverException: invalid argument: File not found : C:\\Users\\Arcadier\\git\\Trillia\\Images\\Category\\3.png
  (Session info: chrome=78.0.3904.108)
  (Driver info: chromedriver=2.35.528161 (5b82f2d2aae0ca24b877009200ced9065a772e73),platform=Windows NT 6.1.7601 SP1 x86_64) (WARNING: The server did not provide any stacktrace information)
Command duration or timeout: 0 milliseconds
Build info: version: '3.7.1', revision: '8a0099a', time: '2017-11-06T21:07:36.161Z'
System info: host: 'APRIL-PC', ip: '10.10.31.51', os.name: 'Windows 7', os.arch: 'amd64', os.version: '6.1', java.version: '1.8.0_102'
Driver info: com.kms.katalon.selenium.driver.CChromeDriver
Capabilities {acceptInsecureCerts: false, acceptSslCerts: false, applicationCacheEnabled: false, browserConnectionEnabled: false, browserName: chrome, chrome: {chromedriverVersion: 2.35.528161 (5b82f2d2aae0ca..., userDataDir: C:\Users\April\AppData\Loca...}, cssSelectorsEnabled: true, databaseEnabled: false, handlesAlerts: true, hasTouchScreen: false, javascriptEnabled: true, locationContextEnabled: true, mobileEmulationEnabled: false, nativeEvents: true, networkConnectionEnabled: false, pageLoadStrategy: normal, platform: XP, platformName: XP, rotatable: false, setWindowRect: true, takesHeapSnapshot: true, takesScreenshot: true, unexpectedAlertBehaviour: , unhandledPromptBehavior: , version: 78.0.3904.108, webStorageEnabled: true}
Session ID: cfe3a530f1bc406e2ea68220d7af8649)]]></system-err>
      </testcase>
      <testcase name="Test Cases/ADMIN/Content Mgmt/Categories/Category Add-Edit/Add Category" classname="Test Cases/ADMIN/Content Mgmt/Categories/Category Add-Edit/Add Category" status="FAILED">
         <failure type="FAILED" message="Unable to upload file 'C:\\Users\\Arcadier\\git\\Trillia\\Images\\Category\\3.png' to object 'Object Repository/ADMIN/Categories/Category/image_input image' (Root cause: org.openqa.selenium.WebDriverException: invalid argument: File not found : C:\\Users\\Arcadier\\git\\Trillia\\Images\\Category\\3.png
  (Session info: chrome=78.0.3904.108)
  (Driver info: chromedriver=2.35.528161 (5b82f2d2aae0ca24b877009200ced9065a772e73),platform=Windows NT 6.1.7601 SP1 x86_64) (WARNING: The server did not provide any stacktrace information)
Command duration or timeout: 0 milliseconds
Build info: version: '3.7.1', revision: '8a0099a', time: '2017-11-06T21:07:36.161Z'
System info: host: 'APRIL-PC', ip: '10.10.31.51', os.name: 'Windows 7', os.arch: 'amd64', os.version: '6.1', java.version: '1.8.0_102'
Driver info: com.kms.katalon.selenium.driver.CChromeDriver
Capabilities {acceptInsecureCerts: false, acceptSslCerts: false, applicationCacheEnabled: false, browserConnectionEnabled: false, browserName: chrome, chrome: {chromedriverVersion: 2.35.528161 (5b82f2d2aae0ca..., userDataDir: C:\Users\April\AppData\Loca...}, cssSelectorsEnabled: true, databaseEnabled: false, handlesAlerts: true, hasTouchScreen: false, javascriptEnabled: true, locationContextEnabled: true, mobileEmulationEnabled: false, nativeEvents: true, networkConnectionEnabled: false, pageLoadStrategy: normal, platform: XP, platformName: XP, rotatable: false, setWindowRect: true, takesHeapSnapshot: true, takesScreenshot: true, unexpectedAlertBehaviour: , unhandledPromptBehavior: , version: 78.0.3904.108, webStorageEnabled: true}
Session ID: cfe3a530f1bc406e2ea68220d7af8649)"/>
         <system-out><![CDATA[2019-11-25 09:35:15 - [TEST_CASE][FAILED] - Test Cases/ADMIN/Content Mgmt/Categories/Category Add-Edit/Add Category: Test Cases/ADMIN/Content Mgmt/Categories/Category Add-Edit/Add Category FAILED because (of) Unable to upload file 'C:\\Users\\Arcadier\\git\\Trillia\\Images\\Category\\3.png' to object 'Object Repository/ADMIN/Categories/Category/image_input image' (Root cause: org.openqa.selenium.WebDriverException: invalid argument: File not found : C:\\Users\\Arcadier\\git\\Trillia\\Images\\Category\\3.png
  (Session info: chrome=78.0.3904.108)
  (Driver info: chromedriver=2.35.528161 (5b82f2d2aae0ca24b877009200ced9065a772e73),platform=Windows NT 6.1.7601 SP1 x86_64) (WARNING: The server did not provide any stacktrace information)
Command duration or timeout: 0 milliseconds
Build info: version: '3.7.1', revision: '8a0099a', time: '2017-11-06T21:07:36.161Z'
System info: host: 'APRIL-PC', ip: '10.10.31.51', os.name: 'Windows 7', os.arch: 'amd64', os.version: '6.1', java.version: '1.8.0_102'
Driver info: com.kms.katalon.selenium.driver.CChromeDriver
Capabilities {acceptInsecureCerts: false, acceptSslCerts: false, applicationCacheEnabled: false, browserConnectionEnabled: false, browserName: chrome, chrome: {chromedriverVersion: 2.35.528161 (5b82f2d2aae0ca..., userDataDir: C:\Users\April\AppData\Loca...}, cssSelectorsEnabled: true, databaseEnabled: false, handlesAlerts: true, hasTouchScreen: false, javascriptEnabled: true, locationContextEnabled: true, mobileEmulationEnabled: false, nativeEvents: true, networkConnectionEnabled: false, pageLoadStrategy: normal, platform: XP, platformName: XP, rotatable: false, setWindowRect: true, takesHeapSnapshot: true, takesScreenshot: true, unexpectedAlertBehaviour: , unhandledPromptBehavior: , version: 78.0.3904.108, webStorageEnabled: true}
Session ID: cfe3a530f1bc406e2ea68220d7af8649)

2019-11-25 09:35:15 - [TEST_STEP][PASSED] - waitForElementVisible: Object 'Object Repository/ADMIN/Categories/Category List/button_Content Mgmt' is visible

2019-11-25 09:35:15 - [MESSAGE][WARNING] - Timeout '0' is invalid. Using default page load timeout: '30'

2019-11-25 09:35:15 - [MESSAGE][PASSED] - Object 'Object Repository/ADMIN/Categories/Category List/button_Content Mgmt' is visible

2019-11-25 09:35:15 - [TEST_STEP][PASSED] - click: Object: 'Object Repository/ADMIN/Categories/Category List/button_Content Mgmt' is clicked on

2019-11-25 09:35:15 - [MESSAGE][PASSED] - Object: 'Object Repository/ADMIN/Categories/Category List/button_Content Mgmt' is clicked on

2019-11-25 09:35:15 - [TEST_STEP][PASSED] - waitForElementVisible: Object 'Object Repository/ADMIN/Categories/Category List/button_Categories' is visible

2019-11-25 09:35:15 - [MESSAGE][WARNING] - Timeout '0' is invalid. Using default page load timeout: '30'

2019-11-25 09:35:15 - [MESSAGE][PASSED] - Object 'Object Repository/ADMIN/Categories/Category List/button_Categories' is visible

2019-11-25 09:35:15 - [TEST_STEP][PASSED] - click: Object: 'Object Repository/ADMIN/Categories/Category List/button_Categories' is clicked on

2019-11-25 09:35:17 - [MESSAGE][PASSED] - Object: 'Object Repository/ADMIN/Categories/Category List/button_Categories' is clicked on

2019-11-25 09:35:17 - [TEST_STEP][PASSED] - click: Object: 'Object Repository/ADMIN/Categories/Category List/button_AddACategory' is clicked on

2019-11-25 09:35:17 - [MESSAGE][PASSED] - Object: 'Object Repository/ADMIN/Categories/Category List/button_AddACategory' is clicked on

2019-11-25 09:35:17 - [TEST_STEP][PASSED] - waitForElementPresent: Object 'Object Repository/ADMIN/Categories/Category/dropdown_Parent' is present

2019-11-25 09:35:17 - [MESSAGE][PASSED] - Object 'Object Repository/ADMIN/Categories/Category/dropdown_Parent' is present

2019-11-25 09:35:17 - [TEST_STEP][PASSED] - delay: Delayed 1 second(s)

2019-11-25 09:35:18 - [MESSAGE][PASSED] - Delayed 1 second(s)

2019-11-25 09:35:18 - [TEST_STEP][PASSED] - setText: Text 'Category 3.1.1' is set on object 'Object Repository/ADMIN/Categories/Category/textfield_Category Name'

2019-11-25 09:35:18 - [MESSAGE][PASSED] - Text 'Category 3.1.1' is set on object 'Object Repository/ADMIN/Categories/Category/textfield_Category Name'

2019-11-25 09:35:18 - [TEST_STEP][PASSED] - click: Object: 'Object Repository/ADMIN/Categories/Category/dropdown_Parent' is clicked on

2019-11-25 09:35:19 - [MESSAGE][PASSED] - Object: 'Object Repository/ADMIN/Categories/Category/dropdown_Parent' is clicked on

2019-11-25 09:35:19 - [TEST_STEP][PASSED] - delay: Delayed 2 second(s)

2019-11-25 09:35:21 - [MESSAGE][PASSED] - Delayed 2 second(s)

2019-11-25 09:35:21 - [TEST_STEP][PASSED] - click: Object: 'Object Repository/ADMIN/Categories/Category/dropdown_Parent' is clicked on

2019-11-25 09:35:21 - [MESSAGE][PASSED] - Object: 'Object Repository/ADMIN/Categories/Category/dropdown_Parent' is clicked on

2019-11-25 09:35:21 - [TEST_STEP][PASSED] - selectOptionByLabel: All options with label 'Category 3.1' are selected in object 'Object Repository/ADMIN/Categories/Category/dropdown_Parent' 

2019-11-25 09:35:21 - [MESSAGE][PASSED] - All options with label 'Category 3.1' are selected in object 'Object Repository/ADMIN/Categories/Category/dropdown_Parent' 

2019-11-25 09:35:21 - [TEST_STEP][PASSED] - click: Object: 'Object Repository/ADMIN/Categories/Category/button_Browse' is clicked on

2019-11-25 09:35:21 - [MESSAGE][PASSED] - Object: 'Object Repository/ADMIN/Categories/Category/button_Browse' is clicked on

2019-11-25 09:35:21 - [TEST_STEP][PASSED] - delay: Delayed 1 second(s)

2019-11-25 09:35:22 - [MESSAGE][PASSED] - Delayed 1 second(s)

2019-11-25 09:35:22 - [TEST_STEP][FAILED] - uploadFile: Unable to upload file 'C:\\Users\\Arcadier\\git\\Trillia\\Images\\Category\\3.png' to object 'Object Repository/ADMIN/Categories/Category/image_input image' (Root cause: org.openqa.selenium.WebDriverException: invalid argument: File not found : C:\\Users\\Arcadier\\git\\Trillia\\Images\\Category\\3.png
  (Session info: chrome=78.0.3904.108)
  (Driver info: chromedriver=2.35.528161 (5b82f2d2aae0ca24b877009200ced9065a772e73),platform=Windows NT 6.1.7601 SP1 x86_64) (WARNING: The server did not provide any stacktrace information)
Command duration or timeout: 0 milliseconds
Build info: version: '3.7.1', revision: '8a0099a', time: '2017-11-06T21:07:36.161Z'
System info: host: 'APRIL-PC', ip: '10.10.31.51', os.name: 'Windows 7', os.arch: 'amd64', os.version: '6.1', java.version: '1.8.0_102'
Driver info: com.kms.katalon.selenium.driver.CChromeDriver
Capabilities {acceptInsecureCerts: false, acceptSslCerts: false, applicationCacheEnabled: false, browserConnectionEnabled: false, browserName: chrome, chrome: {chromedriverVersion: 2.35.528161 (5b82f2d2aae0ca..., userDataDir: C:\Users\April\AppData\Loca...}, cssSelectorsEnabled: true, databaseEnabled: false, handlesAlerts: true, hasTouchScreen: false, javascriptEnabled: true, locationContextEnabled: true, mobileEmulationEnabled: false, nativeEvents: true, networkConnectionEnabled: false, pageLoadStrategy: normal, platform: XP, platformName: XP, rotatable: false, setWindowRect: true, takesHeapSnapshot: true, takesScreenshot: true, unexpectedAlertBehaviour: , unhandledPromptBehavior: , version: 78.0.3904.108, webStorageEnabled: true}
Session ID: cfe3a530f1bc406e2ea68220d7af8649)

2019-11-25 09:35:22 - [MESSAGE][FAILED] - Unable to upload file 'C:\\Users\\Arcadier\\git\\Trillia\\Images\\Category\\3.png' to object 'Object Repository/ADMIN/Categories/Category/image_input image' (Root cause: org.openqa.selenium.WebDriverException: invalid argument: File not found : C:\\Users\\Arcadier\\git\\Trillia\\Images\\Category\\3.png
  (Session info: chrome=78.0.3904.108)
  (Driver info: chromedriver=2.35.528161 (5b82f2d2aae0ca24b877009200ced9065a772e73),platform=Windows NT 6.1.7601 SP1 x86_64) (WARNING: The server did not provide any stacktrace information)
Command duration or timeout: 0 milliseconds
Build info: version: '3.7.1', revision: '8a0099a', time: '2017-11-06T21:07:36.161Z'
System info: host: 'APRIL-PC', ip: '10.10.31.51', os.name: 'Windows 7', os.arch: 'amd64', os.version: '6.1', java.version: '1.8.0_102'
Driver info: com.kms.katalon.selenium.driver.CChromeDriver
Capabilities {acceptInsecureCerts: false, acceptSslCerts: false, applicationCacheEnabled: false, browserConnectionEnabled: false, browserName: chrome, chrome: {chromedriverVersion: 2.35.528161 (5b82f2d2aae0ca..., userDataDir: C:\Users\April\AppData\Loca...}, cssSelectorsEnabled: true, databaseEnabled: false, handlesAlerts: true, hasTouchScreen: false, javascriptEnabled: true, locationContextEnabled: true, mobileEmulationEnabled: false, nativeEvents: true, networkConnectionEnabled: false, pageLoadStrategy: normal, platform: XP, platformName: XP, rotatable: false, setWindowRect: true, takesHeapSnapshot: true, takesScreenshot: true, unexpectedAlertBehaviour: , unhandledPromptBehavior: , version: 78.0.3904.108, webStorageEnabled: true}
Session ID: cfe3a530f1bc406e2ea68220d7af8649)
[[ATTACHMENT|C:\\Users\\April\\git\\Trillia\\Reports\\Admin\\Categories\\Add Category\\20191125_093242\\1574645722276.png]]

2019-11-25 09:35:22 - [TEST_STEP][PASSED] - waitForElementVisible: Object 'Object Repository/ADMIN/Categories/Category/button_upload check' is visible

2019-11-25 09:35:22 - [MESSAGE][WARNING] - Timeout '0' is invalid. Using default page load timeout: '30'

2019-11-25 09:35:34 - [MESSAGE][PASSED] - Object 'Object Repository/ADMIN/Categories/Category/button_upload check' is visible

2019-11-25 09:35:34 - [TEST_STEP][PASSED] - click: Object: 'Object Repository/ADMIN/Categories/Category/button_upload check' is clicked on

2019-11-25 09:35:34 - [MESSAGE][PASSED] - Object: 'Object Repository/ADMIN/Categories/Category/button_upload check' is clicked on

2019-11-25 09:35:34 - [TEST_STEP][PASSED] - waitForElementVisible: Object 'Object Repository/ADMIN/Categories/Category/button_upload save' is visible

2019-11-25 09:35:34 - [MESSAGE][WARNING] - Timeout '0' is invalid. Using default page load timeout: '30'

2019-11-25 09:35:34 - [MESSAGE][PASSED] - Object 'Object Repository/ADMIN/Categories/Category/button_upload save' is visible

2019-11-25 09:35:34 - [TEST_STEP][PASSED] - click: Object: 'Object Repository/ADMIN/Categories/Category/button_upload save' is clicked on

2019-11-25 09:35:34 - [MESSAGE][PASSED] - Object: 'Object Repository/ADMIN/Categories/Category/button_upload save' is clicked on

2019-11-25 09:35:34 - [TEST_STEP][PASSED] - delay: Delayed 1 second(s)

2019-11-25 09:35:35 - [MESSAGE][PASSED] - Delayed 1 second(s)

2019-11-25 09:35:35 - [TEST_STEP][PASSED] - setText: Text 'Description7' is set on object 'Object Repository/ADMIN/Categories/Category/textfield_category_description'

2019-11-25 09:35:35 - [MESSAGE][PASSED] - Text 'Description7' is set on object 'Object Repository/ADMIN/Categories/Category/textfield_category_description'

2019-11-25 09:35:35 - [TEST_STEP][PASSED] - click: Object: 'Object Repository/ADMIN/Categories/Category/button_Save' is clicked on

2019-11-25 09:35:35 - [MESSAGE][PASSED] - Object: 'Object Repository/ADMIN/Categories/Category/button_Save' is clicked on

2019-11-25 09:35:35 - [TEST_STEP][PASSED] - waitForElementVisible: Object 'Object Repository/ADMIN/Categories/Category/label_edit popup' is visible

2019-11-25 09:35:35 - [MESSAGE][WARNING] - Timeout '0' is invalid. Using default page load timeout: '30'

2019-11-25 09:35:36 - [MESSAGE][PASSED] - Object 'Object Repository/ADMIN/Categories/Category/label_edit popup' is visible

2019-11-25 09:35:36 - [TEST_STEP][PASSED] - waitForElementNotPresent: Web element with id: 'Object Repository/ADMIN/Categories/Category/label_edit popup' located by 'By.xpath: //div[(text() = 'Category was successfully saved.' or . = 'Category was successfully saved.')]' is not present after '30' second(s)

2019-11-25 09:35:36 - [MESSAGE][WARNING] - Timeout '0' is invalid. Using default page load timeout: '30'

2019-11-25 09:35:42 - [MESSAGE][PASSED] - Web element with id: 'Object Repository/ADMIN/Categories/Category/label_edit popup' located by 'By.xpath: //div[(text() = 'Category was successfully saved.' or . = 'Category was successfully saved.')]' is not present after '30' second(s)]]></system-out>
         <system-err><![CDATA[2019-11-25 09:35:15 - [TEST_CASE][FAILED] - Test Cases/ADMIN/Content Mgmt/Categories/Category Add-Edit/Add Category: Test Cases/ADMIN/Content Mgmt/Categories/Category Add-Edit/Add Category FAILED because (of) Unable to upload file 'C:\\Users\\Arcadier\\git\\Trillia\\Images\\Category\\3.png' to object 'Object Repository/ADMIN/Categories/Category/image_input image' (Root cause: org.openqa.selenium.WebDriverException: invalid argument: File not found : C:\\Users\\Arcadier\\git\\Trillia\\Images\\Category\\3.png
  (Session info: chrome=78.0.3904.108)
  (Driver info: chromedriver=2.35.528161 (5b82f2d2aae0ca24b877009200ced9065a772e73),platform=Windows NT 6.1.7601 SP1 x86_64) (WARNING: The server did not provide any stacktrace information)
Command duration or timeout: 0 milliseconds
Build info: version: '3.7.1', revision: '8a0099a', time: '2017-11-06T21:07:36.161Z'
System info: host: 'APRIL-PC', ip: '10.10.31.51', os.name: 'Windows 7', os.arch: 'amd64', os.version: '6.1', java.version: '1.8.0_102'
Driver info: com.kms.katalon.selenium.driver.CChromeDriver
Capabilities {acceptInsecureCerts: false, acceptSslCerts: false, applicationCacheEnabled: false, browserConnectionEnabled: false, browserName: chrome, chrome: {chromedriverVersion: 2.35.528161 (5b82f2d2aae0ca..., userDataDir: C:\Users\April\AppData\Loca...}, cssSelectorsEnabled: true, databaseEnabled: false, handlesAlerts: true, hasTouchScreen: false, javascriptEnabled: true, locationContextEnabled: true, mobileEmulationEnabled: false, nativeEvents: true, networkConnectionEnabled: false, pageLoadStrategy: normal, platform: XP, platformName: XP, rotatable: false, setWindowRect: true, takesHeapSnapshot: true, takesScreenshot: true, unexpectedAlertBehaviour: , unhandledPromptBehavior: , version: 78.0.3904.108, webStorageEnabled: true}
Session ID: cfe3a530f1bc406e2ea68220d7af8649)]]></system-err>
      </testcase>
      <testcase name="Test Cases/ADMIN/Content Mgmt/Categories/Category Add-Edit/Add Category" classname="Test Cases/ADMIN/Content Mgmt/Categories/Category Add-Edit/Add Category" status="FAILED">
         <failure type="FAILED" message="Unable to upload file 'C:\\Users\\Arcadier\\git\\Trillia\\Images\\Category\\3.png' to object 'Object Repository/ADMIN/Categories/Category/image_input image' (Root cause: org.openqa.selenium.WebDriverException: invalid argument: File not found : C:\\Users\\Arcadier\\git\\Trillia\\Images\\Category\\3.png
  (Session info: chrome=78.0.3904.108)
  (Driver info: chromedriver=2.35.528161 (5b82f2d2aae0ca24b877009200ced9065a772e73),platform=Windows NT 6.1.7601 SP1 x86_64) (WARNING: The server did not provide any stacktrace information)
Command duration or timeout: 0 milliseconds
Build info: version: '3.7.1', revision: '8a0099a', time: '2017-11-06T21:07:36.161Z'
System info: host: 'APRIL-PC', ip: '10.10.31.51', os.name: 'Windows 7', os.arch: 'amd64', os.version: '6.1', java.version: '1.8.0_102'
Driver info: com.kms.katalon.selenium.driver.CChromeDriver
Capabilities {acceptInsecureCerts: false, acceptSslCerts: false, applicationCacheEnabled: false, browserConnectionEnabled: false, browserName: chrome, chrome: {chromedriverVersion: 2.35.528161 (5b82f2d2aae0ca..., userDataDir: C:\Users\April\AppData\Loca...}, cssSelectorsEnabled: true, databaseEnabled: false, handlesAlerts: true, hasTouchScreen: false, javascriptEnabled: true, locationContextEnabled: true, mobileEmulationEnabled: false, nativeEvents: true, networkConnectionEnabled: false, pageLoadStrategy: normal, platform: XP, platformName: XP, rotatable: false, setWindowRect: true, takesHeapSnapshot: true, takesScreenshot: true, unexpectedAlertBehaviour: , unhandledPromptBehavior: , version: 78.0.3904.108, webStorageEnabled: true}
Session ID: cfe3a530f1bc406e2ea68220d7af8649)"/>
         <system-out><![CDATA[2019-11-25 09:35:42 - [TEST_CASE][FAILED] - Test Cases/ADMIN/Content Mgmt/Categories/Category Add-Edit/Add Category: Test Cases/ADMIN/Content Mgmt/Categories/Category Add-Edit/Add Category FAILED because (of) Unable to upload file 'C:\\Users\\Arcadier\\git\\Trillia\\Images\\Category\\3.png' to object 'Object Repository/ADMIN/Categories/Category/image_input image' (Root cause: org.openqa.selenium.WebDriverException: invalid argument: File not found : C:\\Users\\Arcadier\\git\\Trillia\\Images\\Category\\3.png
  (Session info: chrome=78.0.3904.108)
  (Driver info: chromedriver=2.35.528161 (5b82f2d2aae0ca24b877009200ced9065a772e73),platform=Windows NT 6.1.7601 SP1 x86_64) (WARNING: The server did not provide any stacktrace information)
Command duration or timeout: 0 milliseconds
Build info: version: '3.7.1', revision: '8a0099a', time: '2017-11-06T21:07:36.161Z'
System info: host: 'APRIL-PC', ip: '10.10.31.51', os.name: 'Windows 7', os.arch: 'amd64', os.version: '6.1', java.version: '1.8.0_102'
Driver info: com.kms.katalon.selenium.driver.CChromeDriver
Capabilities {acceptInsecureCerts: false, acceptSslCerts: false, applicationCacheEnabled: false, browserConnectionEnabled: false, browserName: chrome, chrome: {chromedriverVersion: 2.35.528161 (5b82f2d2aae0ca..., userDataDir: C:\Users\April\AppData\Loca...}, cssSelectorsEnabled: true, databaseEnabled: false, handlesAlerts: true, hasTouchScreen: false, javascriptEnabled: true, locationContextEnabled: true, mobileEmulationEnabled: false, nativeEvents: true, networkConnectionEnabled: false, pageLoadStrategy: normal, platform: XP, platformName: XP, rotatable: false, setWindowRect: true, takesHeapSnapshot: true, takesScreenshot: true, unexpectedAlertBehaviour: , unhandledPromptBehavior: , version: 78.0.3904.108, webStorageEnabled: true}
Session ID: cfe3a530f1bc406e2ea68220d7af8649)

2019-11-25 09:35:42 - [TEST_STEP][PASSED] - waitForElementVisible: Object 'Object Repository/ADMIN/Categories/Category List/button_Content Mgmt' is visible

2019-11-25 09:35:42 - [MESSAGE][WARNING] - Timeout '0' is invalid. Using default page load timeout: '30'

2019-11-25 09:35:42 - [MESSAGE][PASSED] - Object 'Object Repository/ADMIN/Categories/Category List/button_Content Mgmt' is visible

2019-11-25 09:35:42 - [TEST_STEP][PASSED] - click: Object: 'Object Repository/ADMIN/Categories/Category List/button_Content Mgmt' is clicked on

2019-11-25 09:35:42 - [MESSAGE][PASSED] - Object: 'Object Repository/ADMIN/Categories/Category List/button_Content Mgmt' is clicked on

2019-11-25 09:35:42 - [TEST_STEP][PASSED] - waitForElementVisible: Object 'Object Repository/ADMIN/Categories/Category List/button_Categories' is visible

2019-11-25 09:35:42 - [MESSAGE][WARNING] - Timeout '0' is invalid. Using default page load timeout: '30'

2019-11-25 09:35:42 - [MESSAGE][PASSED] - Object 'Object Repository/ADMIN/Categories/Category List/button_Categories' is visible

2019-11-25 09:35:42 - [TEST_STEP][PASSED] - click: Object: 'Object Repository/ADMIN/Categories/Category List/button_Categories' is clicked on

2019-11-25 09:35:43 - [MESSAGE][PASSED] - Object: 'Object Repository/ADMIN/Categories/Category List/button_Categories' is clicked on

2019-11-25 09:35:43 - [TEST_STEP][PASSED] - click: Object: 'Object Repository/ADMIN/Categories/Category List/button_AddACategory' is clicked on

2019-11-25 09:35:44 - [MESSAGE][PASSED] - Object: 'Object Repository/ADMIN/Categories/Category List/button_AddACategory' is clicked on

2019-11-25 09:35:44 - [TEST_STEP][PASSED] - waitForElementPresent: Object 'Object Repository/ADMIN/Categories/Category/dropdown_Parent' is present

2019-11-25 09:35:44 - [MESSAGE][PASSED] - Object 'Object Repository/ADMIN/Categories/Category/dropdown_Parent' is present

2019-11-25 09:35:44 - [TEST_STEP][PASSED] - delay: Delayed 1 second(s)

2019-11-25 09:35:45 - [MESSAGE][PASSED] - Delayed 1 second(s)

2019-11-25 09:35:45 - [TEST_STEP][PASSED] - setText: Text 'Category 3.1.2' is set on object 'Object Repository/ADMIN/Categories/Category/textfield_Category Name'

2019-11-25 09:35:45 - [MESSAGE][PASSED] - Text 'Category 3.1.2' is set on object 'Object Repository/ADMIN/Categories/Category/textfield_Category Name'

2019-11-25 09:35:45 - [TEST_STEP][PASSED] - click: Object: 'Object Repository/ADMIN/Categories/Category/dropdown_Parent' is clicked on

2019-11-25 09:35:45 - [MESSAGE][PASSED] - Object: 'Object Repository/ADMIN/Categories/Category/dropdown_Parent' is clicked on

2019-11-25 09:35:45 - [TEST_STEP][PASSED] - delay: Delayed 2 second(s)

2019-11-25 09:35:47 - [MESSAGE][PASSED] - Delayed 2 second(s)

2019-11-25 09:35:47 - [TEST_STEP][PASSED] - click: Object: 'Object Repository/ADMIN/Categories/Category/dropdown_Parent' is clicked on

2019-11-25 09:35:47 - [MESSAGE][PASSED] - Object: 'Object Repository/ADMIN/Categories/Category/dropdown_Parent' is clicked on

2019-11-25 09:35:47 - [TEST_STEP][PASSED] - selectOptionByLabel: All options with label 'Category 3.1' are selected in object 'Object Repository/ADMIN/Categories/Category/dropdown_Parent' 

2019-11-25 09:35:47 - [MESSAGE][PASSED] - All options with label 'Category 3.1' are selected in object 'Object Repository/ADMIN/Categories/Category/dropdown_Parent' 

2019-11-25 09:35:47 - [TEST_STEP][PASSED] - click: Object: 'Object Repository/ADMIN/Categories/Category/button_Browse' is clicked on

2019-11-25 09:35:47 - [MESSAGE][PASSED] - Object: 'Object Repository/ADMIN/Categories/Category/button_Browse' is clicked on

2019-11-25 09:35:47 - [TEST_STEP][PASSED] - delay: Delayed 1 second(s)

2019-11-25 09:35:48 - [MESSAGE][PASSED] - Delayed 1 second(s)

2019-11-25 09:35:48 - [TEST_STEP][FAILED] - uploadFile: Unable to upload file 'C:\\Users\\Arcadier\\git\\Trillia\\Images\\Category\\3.png' to object 'Object Repository/ADMIN/Categories/Category/image_input image' (Root cause: org.openqa.selenium.WebDriverException: invalid argument: File not found : C:\\Users\\Arcadier\\git\\Trillia\\Images\\Category\\3.png
  (Session info: chrome=78.0.3904.108)
  (Driver info: chromedriver=2.35.528161 (5b82f2d2aae0ca24b877009200ced9065a772e73),platform=Windows NT 6.1.7601 SP1 x86_64) (WARNING: The server did not provide any stacktrace information)
Command duration or timeout: 0 milliseconds
Build info: version: '3.7.1', revision: '8a0099a', time: '2017-11-06T21:07:36.161Z'
System info: host: 'APRIL-PC', ip: '10.10.31.51', os.name: 'Windows 7', os.arch: 'amd64', os.version: '6.1', java.version: '1.8.0_102'
Driver info: com.kms.katalon.selenium.driver.CChromeDriver
Capabilities {acceptInsecureCerts: false, acceptSslCerts: false, applicationCacheEnabled: false, browserConnectionEnabled: false, browserName: chrome, chrome: {chromedriverVersion: 2.35.528161 (5b82f2d2aae0ca..., userDataDir: C:\Users\April\AppData\Loca...}, cssSelectorsEnabled: true, databaseEnabled: false, handlesAlerts: true, hasTouchScreen: false, javascriptEnabled: true, locationContextEnabled: true, mobileEmulationEnabled: false, nativeEvents: true, networkConnectionEnabled: false, pageLoadStrategy: normal, platform: XP, platformName: XP, rotatable: false, setWindowRect: true, takesHeapSnapshot: true, takesScreenshot: true, unexpectedAlertBehaviour: , unhandledPromptBehavior: , version: 78.0.3904.108, webStorageEnabled: true}
Session ID: cfe3a530f1bc406e2ea68220d7af8649)

2019-11-25 09:35:49 - [MESSAGE][FAILED] - Unable to upload file 'C:\\Users\\Arcadier\\git\\Trillia\\Images\\Category\\3.png' to object 'Object Repository/ADMIN/Categories/Category/image_input image' (Root cause: org.openqa.selenium.WebDriverException: invalid argument: File not found : C:\\Users\\Arcadier\\git\\Trillia\\Images\\Category\\3.png
  (Session info: chrome=78.0.3904.108)
  (Driver info: chromedriver=2.35.528161 (5b82f2d2aae0ca24b877009200ced9065a772e73),platform=Windows NT 6.1.7601 SP1 x86_64) (WARNING: The server did not provide any stacktrace information)
Command duration or timeout: 0 milliseconds
Build info: version: '3.7.1', revision: '8a0099a', time: '2017-11-06T21:07:36.161Z'
System info: host: 'APRIL-PC', ip: '10.10.31.51', os.name: 'Windows 7', os.arch: 'amd64', os.version: '6.1', java.version: '1.8.0_102'
Driver info: com.kms.katalon.selenium.driver.CChromeDriver
Capabilities {acceptInsecureCerts: false, acceptSslCerts: false, applicationCacheEnabled: false, browserConnectionEnabled: false, browserName: chrome, chrome: {chromedriverVersion: 2.35.528161 (5b82f2d2aae0ca..., userDataDir: C:\Users\April\AppData\Loca...}, cssSelectorsEnabled: true, databaseEnabled: false, handlesAlerts: true, hasTouchScreen: false, javascriptEnabled: true, locationContextEnabled: true, mobileEmulationEnabled: false, nativeEvents: true, networkConnectionEnabled: false, pageLoadStrategy: normal, platform: XP, platformName: XP, rotatable: false, setWindowRect: true, takesHeapSnapshot: true, takesScreenshot: true, unexpectedAlertBehaviour: , unhandledPromptBehavior: , version: 78.0.3904.108, webStorageEnabled: true}
Session ID: cfe3a530f1bc406e2ea68220d7af8649)
[[ATTACHMENT|C:\\Users\\April\\git\\Trillia\\Reports\\Admin\\Categories\\Add Category\\20191125_093242\\1574645748850.png]]

2019-11-25 09:35:49 - [TEST_STEP][PASSED] - waitForElementVisible: Object 'Object Repository/ADMIN/Categories/Category/button_upload check' is visible

2019-11-25 09:35:49 - [MESSAGE][WARNING] - Timeout '0' is invalid. Using default page load timeout: '30'

2019-11-25 09:35:51 - [MESSAGE][PASSED] - Object 'Object Repository/ADMIN/Categories/Category/button_upload check' is visible

2019-11-25 09:35:51 - [TEST_STEP][PASSED] - click: Object: 'Object Repository/ADMIN/Categories/Category/button_upload check' is clicked on

2019-11-25 09:35:51 - [MESSAGE][PASSED] - Object: 'Object Repository/ADMIN/Categories/Category/button_upload check' is clicked on

2019-11-25 09:35:51 - [TEST_STEP][PASSED] - waitForElementVisible: Object 'Object Repository/ADMIN/Categories/Category/button_upload save' is visible

2019-11-25 09:35:51 - [MESSAGE][WARNING] - Timeout '0' is invalid. Using default page load timeout: '30'

2019-11-25 09:35:51 - [MESSAGE][PASSED] - Object 'Object Repository/ADMIN/Categories/Category/button_upload save' is visible

2019-11-25 09:35:51 - [TEST_STEP][PASSED] - click: Object: 'Object Repository/ADMIN/Categories/Category/button_upload save' is clicked on

2019-11-25 09:35:52 - [MESSAGE][PASSED] - Object: 'Object Repository/ADMIN/Categories/Category/button_upload save' is clicked on

2019-11-25 09:35:52 - [TEST_STEP][PASSED] - delay: Delayed 1 second(s)

2019-11-25 09:35:53 - [MESSAGE][PASSED] - Delayed 1 second(s)

2019-11-25 09:35:53 - [TEST_STEP][PASSED] - setText: Text 'Description8' is set on object 'Object Repository/ADMIN/Categories/Category/textfield_category_description'

2019-11-25 09:35:53 - [MESSAGE][PASSED] - Text 'Description8' is set on object 'Object Repository/ADMIN/Categories/Category/textfield_category_description'

2019-11-25 09:35:53 - [TEST_STEP][PASSED] - click: Object: 'Object Repository/ADMIN/Categories/Category/button_Save' is clicked on

2019-11-25 09:35:53 - [MESSAGE][PASSED] - Object: 'Object Repository/ADMIN/Categories/Category/button_Save' is clicked on

2019-11-25 09:35:53 - [TEST_STEP][PASSED] - waitForElementVisible: Object 'Object Repository/ADMIN/Categories/Category/label_edit popup' is visible

2019-11-25 09:35:53 - [MESSAGE][WARNING] - Timeout '0' is invalid. Using default page load timeout: '30'

2019-11-25 09:35:53 - [MESSAGE][PASSED] - Object 'Object Repository/ADMIN/Categories/Category/label_edit popup' is visible

2019-11-25 09:35:53 - [TEST_STEP][PASSED] - waitForElementNotPresent: Web element with id: 'Object Repository/ADMIN/Categories/Category/label_edit popup' located by 'By.xpath: //div[(text() = 'Category was successfully saved.' or . = 'Category was successfully saved.')]' is not present after '30' second(s)

2019-11-25 09:35:53 - [MESSAGE][WARNING] - Timeout '0' is invalid. Using default page load timeout: '30'

2019-11-25 09:36:00 - [MESSAGE][PASSED] - Web element with id: 'Object Repository/ADMIN/Categories/Category/label_edit popup' located by 'By.xpath: //div[(text() = 'Category was successfully saved.' or . = 'Category was successfully saved.')]' is not present after '30' second(s)]]></system-out>
         <system-err><![CDATA[2019-11-25 09:35:42 - [TEST_CASE][FAILED] - Test Cases/ADMIN/Content Mgmt/Categories/Category Add-Edit/Add Category: Test Cases/ADMIN/Content Mgmt/Categories/Category Add-Edit/Add Category FAILED because (of) Unable to upload file 'C:\\Users\\Arcadier\\git\\Trillia\\Images\\Category\\3.png' to object 'Object Repository/ADMIN/Categories/Category/image_input image' (Root cause: org.openqa.selenium.WebDriverException: invalid argument: File not found : C:\\Users\\Arcadier\\git\\Trillia\\Images\\Category\\3.png
  (Session info: chrome=78.0.3904.108)
  (Driver info: chromedriver=2.35.528161 (5b82f2d2aae0ca24b877009200ced9065a772e73),platform=Windows NT 6.1.7601 SP1 x86_64) (WARNING: The server did not provide any stacktrace information)
Command duration or timeout: 0 milliseconds
Build info: version: '3.7.1', revision: '8a0099a', time: '2017-11-06T21:07:36.161Z'
System info: host: 'APRIL-PC', ip: '10.10.31.51', os.name: 'Windows 7', os.arch: 'amd64', os.version: '6.1', java.version: '1.8.0_102'
Driver info: com.kms.katalon.selenium.driver.CChromeDriver
Capabilities {acceptInsecureCerts: false, acceptSslCerts: false, applicationCacheEnabled: false, browserConnectionEnabled: false, browserName: chrome, chrome: {chromedriverVersion: 2.35.528161 (5b82f2d2aae0ca..., userDataDir: C:\Users\April\AppData\Loca...}, cssSelectorsEnabled: true, databaseEnabled: false, handlesAlerts: true, hasTouchScreen: false, javascriptEnabled: true, locationContextEnabled: true, mobileEmulationEnabled: false, nativeEvents: true, networkConnectionEnabled: false, pageLoadStrategy: normal, platform: XP, platformName: XP, rotatable: false, setWindowRect: true, takesHeapSnapshot: true, takesScreenshot: true, unexpectedAlertBehaviour: , unhandledPromptBehavior: , version: 78.0.3904.108, webStorageEnabled: true}
Session ID: cfe3a530f1bc406e2ea68220d7af8649)]]></system-err>
      </testcase>
      <testcase name="Test Cases/ADMIN/Content Mgmt/Categories/Category Add-Edit/Add Category" classname="Test Cases/ADMIN/Content Mgmt/Categories/Category Add-Edit/Add Category" status="FAILED">
         <failure type="FAILED" message="Unable to upload file 'C:\\Users\\Arcadier\\git\\Trillia\\Images\\Category\\3.png' to object 'Object Repository/ADMIN/Categories/Category/image_input image' (Root cause: org.openqa.selenium.WebDriverException: invalid argument: File not found : C:\\Users\\Arcadier\\git\\Trillia\\Images\\Category\\3.png
  (Session info: chrome=78.0.3904.108)
  (Driver info: chromedriver=2.35.528161 (5b82f2d2aae0ca24b877009200ced9065a772e73),platform=Windows NT 6.1.7601 SP1 x86_64) (WARNING: The server did not provide any stacktrace information)
Command duration or timeout: 0 milliseconds
Build info: version: '3.7.1', revision: '8a0099a', time: '2017-11-06T21:07:36.161Z'
System info: host: 'APRIL-PC', ip: '10.10.31.51', os.name: 'Windows 7', os.arch: 'amd64', os.version: '6.1', java.version: '1.8.0_102'
Driver info: com.kms.katalon.selenium.driver.CChromeDriver
Capabilities {acceptInsecureCerts: false, acceptSslCerts: false, applicationCacheEnabled: false, browserConnectionEnabled: false, browserName: chrome, chrome: {chromedriverVersion: 2.35.528161 (5b82f2d2aae0ca..., userDataDir: C:\Users\April\AppData\Loca...}, cssSelectorsEnabled: true, databaseEnabled: false, handlesAlerts: true, hasTouchScreen: false, javascriptEnabled: true, locationContextEnabled: true, mobileEmulationEnabled: false, nativeEvents: true, networkConnectionEnabled: false, pageLoadStrategy: normal, platform: XP, platformName: XP, rotatable: false, setWindowRect: true, takesHeapSnapshot: true, takesScreenshot: true, unexpectedAlertBehaviour: , unhandledPromptBehavior: , version: 78.0.3904.108, webStorageEnabled: true}
Session ID: cfe3a530f1bc406e2ea68220d7af8649)"/>
         <system-out><![CDATA[2019-11-25 09:36:00 - [TEST_CASE][FAILED] - Test Cases/ADMIN/Content Mgmt/Categories/Category Add-Edit/Add Category: Test Cases/ADMIN/Content Mgmt/Categories/Category Add-Edit/Add Category FAILED because (of) Unable to upload file 'C:\\Users\\Arcadier\\git\\Trillia\\Images\\Category\\3.png' to object 'Object Repository/ADMIN/Categories/Category/image_input image' (Root cause: org.openqa.selenium.WebDriverException: invalid argument: File not found : C:\\Users\\Arcadier\\git\\Trillia\\Images\\Category\\3.png
  (Session info: chrome=78.0.3904.108)
  (Driver info: chromedriver=2.35.528161 (5b82f2d2aae0ca24b877009200ced9065a772e73),platform=Windows NT 6.1.7601 SP1 x86_64) (WARNING: The server did not provide any stacktrace information)
Command duration or timeout: 0 milliseconds
Build info: version: '3.7.1', revision: '8a0099a', time: '2017-11-06T21:07:36.161Z'
System info: host: 'APRIL-PC', ip: '10.10.31.51', os.name: 'Windows 7', os.arch: 'amd64', os.version: '6.1', java.version: '1.8.0_102'
Driver info: com.kms.katalon.selenium.driver.CChromeDriver
Capabilities {acceptInsecureCerts: false, acceptSslCerts: false, applicationCacheEnabled: false, browserConnectionEnabled: false, browserName: chrome, chrome: {chromedriverVersion: 2.35.528161 (5b82f2d2aae0ca..., userDataDir: C:\Users\April\AppData\Loca...}, cssSelectorsEnabled: true, databaseEnabled: false, handlesAlerts: true, hasTouchScreen: false, javascriptEnabled: true, locationContextEnabled: true, mobileEmulationEnabled: false, nativeEvents: true, networkConnectionEnabled: false, pageLoadStrategy: normal, platform: XP, platformName: XP, rotatable: false, setWindowRect: true, takesHeapSnapshot: true, takesScreenshot: true, unexpectedAlertBehaviour: , unhandledPromptBehavior: , version: 78.0.3904.108, webStorageEnabled: true}
Session ID: cfe3a530f1bc406e2ea68220d7af8649)

2019-11-25 09:36:00 - [TEST_STEP][PASSED] - waitForElementVisible: Object 'Object Repository/ADMIN/Categories/Category List/button_Content Mgmt' is visible

2019-11-25 09:36:00 - [MESSAGE][WARNING] - Timeout '0' is invalid. Using default page load timeout: '30'

2019-11-25 09:36:00 - [MESSAGE][PASSED] - Object 'Object Repository/ADMIN/Categories/Category List/button_Content Mgmt' is visible

2019-11-25 09:36:00 - [TEST_STEP][PASSED] - click: Object: 'Object Repository/ADMIN/Categories/Category List/button_Content Mgmt' is clicked on

2019-11-25 09:36:00 - [MESSAGE][PASSED] - Object: 'Object Repository/ADMIN/Categories/Category List/button_Content Mgmt' is clicked on

2019-11-25 09:36:00 - [TEST_STEP][PASSED] - waitForElementVisible: Object 'Object Repository/ADMIN/Categories/Category List/button_Categories' is visible

2019-11-25 09:36:00 - [MESSAGE][WARNING] - Timeout '0' is invalid. Using default page load timeout: '30'

2019-11-25 09:36:00 - [MESSAGE][PASSED] - Object 'Object Repository/ADMIN/Categories/Category List/button_Categories' is visible

2019-11-25 09:36:00 - [TEST_STEP][PASSED] - click: Object: 'Object Repository/ADMIN/Categories/Category List/button_Categories' is clicked on

2019-11-25 09:36:00 - [MESSAGE][PASSED] - Object: 'Object Repository/ADMIN/Categories/Category List/button_Categories' is clicked on

2019-11-25 09:36:00 - [TEST_STEP][PASSED] - click: Object: 'Object Repository/ADMIN/Categories/Category List/button_AddACategory' is clicked on

2019-11-25 09:36:01 - [MESSAGE][PASSED] - Object: 'Object Repository/ADMIN/Categories/Category List/button_AddACategory' is clicked on

2019-11-25 09:36:01 - [TEST_STEP][PASSED] - waitForElementPresent: Object 'Object Repository/ADMIN/Categories/Category/dropdown_Parent' is present

2019-11-25 09:36:01 - [MESSAGE][PASSED] - Object 'Object Repository/ADMIN/Categories/Category/dropdown_Parent' is present

2019-11-25 09:36:01 - [TEST_STEP][PASSED] - delay: Delayed 1 second(s)

2019-11-25 09:36:02 - [MESSAGE][PASSED] - Delayed 1 second(s)

2019-11-25 09:36:02 - [TEST_STEP][PASSED] - setText: Text 'Category 3.2' is set on object 'Object Repository/ADMIN/Categories/Category/textfield_Category Name'

2019-11-25 09:36:02 - [MESSAGE][PASSED] - Text 'Category 3.2' is set on object 'Object Repository/ADMIN/Categories/Category/textfield_Category Name'

2019-11-25 09:36:02 - [TEST_STEP][PASSED] - click: Object: 'Object Repository/ADMIN/Categories/Category/dropdown_Parent' is clicked on

2019-11-25 09:36:02 - [MESSAGE][PASSED] - Object: 'Object Repository/ADMIN/Categories/Category/dropdown_Parent' is clicked on

2019-11-25 09:36:02 - [TEST_STEP][PASSED] - delay: Delayed 2 second(s)

2019-11-25 09:36:04 - [MESSAGE][PASSED] - Delayed 2 second(s)

2019-11-25 09:36:04 - [TEST_STEP][PASSED] - click: Object: 'Object Repository/ADMIN/Categories/Category/dropdown_Parent' is clicked on

2019-11-25 09:36:04 - [MESSAGE][PASSED] - Object: 'Object Repository/ADMIN/Categories/Category/dropdown_Parent' is clicked on

2019-11-25 09:36:04 - [TEST_STEP][PASSED] - selectOptionByLabel: All options with label 'Category 03' are selected in object 'Object Repository/ADMIN/Categories/Category/dropdown_Parent' 

2019-11-25 09:36:04 - [MESSAGE][PASSED] - All options with label 'Category 03' are selected in object 'Object Repository/ADMIN/Categories/Category/dropdown_Parent' 

2019-11-25 09:36:04 - [TEST_STEP][PASSED] - click: Object: 'Object Repository/ADMIN/Categories/Category/button_Browse' is clicked on

2019-11-25 09:36:04 - [MESSAGE][PASSED] - Object: 'Object Repository/ADMIN/Categories/Category/button_Browse' is clicked on

2019-11-25 09:36:04 - [TEST_STEP][PASSED] - delay: Delayed 1 second(s)

2019-11-25 09:36:05 - [MESSAGE][PASSED] - Delayed 1 second(s)

2019-11-25 09:36:05 - [TEST_STEP][FAILED] - uploadFile: Unable to upload file 'C:\\Users\\Arcadier\\git\\Trillia\\Images\\Category\\3.png' to object 'Object Repository/ADMIN/Categories/Category/image_input image' (Root cause: org.openqa.selenium.WebDriverException: invalid argument: File not found : C:\\Users\\Arcadier\\git\\Trillia\\Images\\Category\\3.png
  (Session info: chrome=78.0.3904.108)
  (Driver info: chromedriver=2.35.528161 (5b82f2d2aae0ca24b877009200ced9065a772e73),platform=Windows NT 6.1.7601 SP1 x86_64) (WARNING: The server did not provide any stacktrace information)
Command duration or timeout: 0 milliseconds
Build info: version: '3.7.1', revision: '8a0099a', time: '2017-11-06T21:07:36.161Z'
System info: host: 'APRIL-PC', ip: '10.10.31.51', os.name: 'Windows 7', os.arch: 'amd64', os.version: '6.1', java.version: '1.8.0_102'
Driver info: com.kms.katalon.selenium.driver.CChromeDriver
Capabilities {acceptInsecureCerts: false, acceptSslCerts: false, applicationCacheEnabled: false, browserConnectionEnabled: false, browserName: chrome, chrome: {chromedriverVersion: 2.35.528161 (5b82f2d2aae0ca..., userDataDir: C:\Users\April\AppData\Loca...}, cssSelectorsEnabled: true, databaseEnabled: false, handlesAlerts: true, hasTouchScreen: false, javascriptEnabled: true, locationContextEnabled: true, mobileEmulationEnabled: false, nativeEvents: true, networkConnectionEnabled: false, pageLoadStrategy: normal, platform: XP, platformName: XP, rotatable: false, setWindowRect: true, takesHeapSnapshot: true, takesScreenshot: true, unexpectedAlertBehaviour: , unhandledPromptBehavior: , version: 78.0.3904.108, webStorageEnabled: true}
Session ID: cfe3a530f1bc406e2ea68220d7af8649)

2019-11-25 09:36:06 - [MESSAGE][FAILED] - Unable to upload file 'C:\\Users\\Arcadier\\git\\Trillia\\Images\\Category\\3.png' to object 'Object Repository/ADMIN/Categories/Category/image_input image' (Root cause: org.openqa.selenium.WebDriverException: invalid argument: File not found : C:\\Users\\Arcadier\\git\\Trillia\\Images\\Category\\3.png
  (Session info: chrome=78.0.3904.108)
  (Driver info: chromedriver=2.35.528161 (5b82f2d2aae0ca24b877009200ced9065a772e73),platform=Windows NT 6.1.7601 SP1 x86_64) (WARNING: The server did not provide any stacktrace information)
Command duration or timeout: 0 milliseconds
Build info: version: '3.7.1', revision: '8a0099a', time: '2017-11-06T21:07:36.161Z'
System info: host: 'APRIL-PC', ip: '10.10.31.51', os.name: 'Windows 7', os.arch: 'amd64', os.version: '6.1', java.version: '1.8.0_102'
Driver info: com.kms.katalon.selenium.driver.CChromeDriver
Capabilities {acceptInsecureCerts: false, acceptSslCerts: false, applicationCacheEnabled: false, browserConnectionEnabled: false, browserName: chrome, chrome: {chromedriverVersion: 2.35.528161 (5b82f2d2aae0ca..., userDataDir: C:\Users\April\AppData\Loca...}, cssSelectorsEnabled: true, databaseEnabled: false, handlesAlerts: true, hasTouchScreen: false, javascriptEnabled: true, locationContextEnabled: true, mobileEmulationEnabled: false, nativeEvents: true, networkConnectionEnabled: false, pageLoadStrategy: normal, platform: XP, platformName: XP, rotatable: false, setWindowRect: true, takesHeapSnapshot: true, takesScreenshot: true, unexpectedAlertBehaviour: , unhandledPromptBehavior: , version: 78.0.3904.108, webStorageEnabled: true}
Session ID: cfe3a530f1bc406e2ea68220d7af8649)
[[ATTACHMENT|C:\\Users\\April\\git\\Trillia\\Reports\\Admin\\Categories\\Add Category\\20191125_093242\\1574645765695.png]]

2019-11-25 09:36:06 - [TEST_STEP][PASSED] - waitForElementVisible: Object 'Object Repository/ADMIN/Categories/Category/button_upload check' is visible

2019-11-25 09:36:06 - [MESSAGE][WARNING] - Timeout '0' is invalid. Using default page load timeout: '30'

2019-11-25 09:36:09 - [MESSAGE][PASSED] - Object 'Object Repository/ADMIN/Categories/Category/button_upload check' is visible

2019-11-25 09:36:09 - [TEST_STEP][PASSED] - click: Object: 'Object Repository/ADMIN/Categories/Category/button_upload check' is clicked on

2019-11-25 09:36:09 - [MESSAGE][PASSED] - Object: 'Object Repository/ADMIN/Categories/Category/button_upload check' is clicked on

2019-11-25 09:36:09 - [TEST_STEP][PASSED] - waitForElementVisible: Object 'Object Repository/ADMIN/Categories/Category/button_upload save' is visible

2019-11-25 09:36:09 - [MESSAGE][WARNING] - Timeout '0' is invalid. Using default page load timeout: '30'

2019-11-25 09:36:09 - [MESSAGE][PASSED] - Object 'Object Repository/ADMIN/Categories/Category/button_upload save' is visible

2019-11-25 09:36:09 - [TEST_STEP][PASSED] - click: Object: 'Object Repository/ADMIN/Categories/Category/button_upload save' is clicked on

2019-11-25 09:36:09 - [MESSAGE][PASSED] - Object: 'Object Repository/ADMIN/Categories/Category/button_upload save' is clicked on

2019-11-25 09:36:09 - [TEST_STEP][PASSED] - delay: Delayed 1 second(s)

2019-11-25 09:36:10 - [MESSAGE][PASSED] - Delayed 1 second(s)

2019-11-25 09:36:10 - [TEST_STEP][PASSED] - setText: Text 'Description9' is set on object 'Object Repository/ADMIN/Categories/Category/textfield_category_description'

2019-11-25 09:36:10 - [MESSAGE][PASSED] - Text 'Description9' is set on object 'Object Repository/ADMIN/Categories/Category/textfield_category_description'

2019-11-25 09:36:10 - [TEST_STEP][PASSED] - click: Object: 'Object Repository/ADMIN/Categories/Category/button_Save' is clicked on

2019-11-25 09:36:10 - [MESSAGE][PASSED] - Object: 'Object Repository/ADMIN/Categories/Category/button_Save' is clicked on

2019-11-25 09:36:10 - [TEST_STEP][PASSED] - waitForElementVisible: Object 'Object Repository/ADMIN/Categories/Category/label_edit popup' is visible

2019-11-25 09:36:10 - [MESSAGE][WARNING] - Timeout '0' is invalid. Using default page load timeout: '30'

2019-11-25 09:36:11 - [MESSAGE][PASSED] - Object 'Object Repository/ADMIN/Categories/Category/label_edit popup' is visible

2019-11-25 09:36:11 - [TEST_STEP][PASSED] - waitForElementNotPresent: Web element with id: 'Object Repository/ADMIN/Categories/Category/label_edit popup' located by 'By.xpath: //div[(text() = 'Category was successfully saved.' or . = 'Category was successfully saved.')]' is not present after '30' second(s)

2019-11-25 09:36:11 - [MESSAGE][WARNING] - Timeout '0' is invalid. Using default page load timeout: '30'

2019-11-25 09:36:16 - [MESSAGE][PASSED] - Web element with id: 'Object Repository/ADMIN/Categories/Category/label_edit popup' located by 'By.xpath: //div[(text() = 'Category was successfully saved.' or . = 'Category was successfully saved.')]' is not present after '30' second(s)]]></system-out>
         <system-err><![CDATA[2019-11-25 09:36:00 - [TEST_CASE][FAILED] - Test Cases/ADMIN/Content Mgmt/Categories/Category Add-Edit/Add Category: Test Cases/ADMIN/Content Mgmt/Categories/Category Add-Edit/Add Category FAILED because (of) Unable to upload file 'C:\\Users\\Arcadier\\git\\Trillia\\Images\\Category\\3.png' to object 'Object Repository/ADMIN/Categories/Category/image_input image' (Root cause: org.openqa.selenium.WebDriverException: invalid argument: File not found : C:\\Users\\Arcadier\\git\\Trillia\\Images\\Category\\3.png
  (Session info: chrome=78.0.3904.108)
  (Driver info: chromedriver=2.35.528161 (5b82f2d2aae0ca24b877009200ced9065a772e73),platform=Windows NT 6.1.7601 SP1 x86_64) (WARNING: The server did not provide any stacktrace information)
Command duration or timeout: 0 milliseconds
Build info: version: '3.7.1', revision: '8a0099a', time: '2017-11-06T21:07:36.161Z'
System info: host: 'APRIL-PC', ip: '10.10.31.51', os.name: 'Windows 7', os.arch: 'amd64', os.version: '6.1', java.version: '1.8.0_102'
Driver info: com.kms.katalon.selenium.driver.CChromeDriver
Capabilities {acceptInsecureCerts: false, acceptSslCerts: false, applicationCacheEnabled: false, browserConnectionEnabled: false, browserName: chrome, chrome: {chromedriverVersion: 2.35.528161 (5b82f2d2aae0ca..., userDataDir: C:\Users\April\AppData\Loca...}, cssSelectorsEnabled: true, databaseEnabled: false, handlesAlerts: true, hasTouchScreen: false, javascriptEnabled: true, locationContextEnabled: true, mobileEmulationEnabled: false, nativeEvents: true, networkConnectionEnabled: false, pageLoadStrategy: normal, platform: XP, platformName: XP, rotatable: false, setWindowRect: true, takesHeapSnapshot: true, takesScreenshot: true, unexpectedAlertBehaviour: , unhandledPromptBehavior: , version: 78.0.3904.108, webStorageEnabled: true}
Session ID: cfe3a530f1bc406e2ea68220d7af8649)]]></system-err>
      </testcase>
      <testcase name="Test Cases/ADMIN/Content Mgmt/Categories/Category Add-Edit/Add Category" classname="Test Cases/ADMIN/Content Mgmt/Categories/Category Add-Edit/Add Category" status="FAILED">
         <failure type="FAILED" message="Unable to upload file 'C:\\Users\\Arcadier\\git\\Trillia\\Images\\Category\\4.png' to object 'Object Repository/ADMIN/Categories/Category/image_input image' (Root cause: org.openqa.selenium.WebDriverException: invalid argument: File not found : C:\\Users\\Arcadier\\git\\Trillia\\Images\\Category\\4.png
  (Session info: chrome=78.0.3904.108)
  (Driver info: chromedriver=2.35.528161 (5b82f2d2aae0ca24b877009200ced9065a772e73),platform=Windows NT 6.1.7601 SP1 x86_64) (WARNING: The server did not provide any stacktrace information)
Command duration or timeout: 0 milliseconds
Build info: version: '3.7.1', revision: '8a0099a', time: '2017-11-06T21:07:36.161Z'
System info: host: 'APRIL-PC', ip: '10.10.31.51', os.name: 'Windows 7', os.arch: 'amd64', os.version: '6.1', java.version: '1.8.0_102'
Driver info: com.kms.katalon.selenium.driver.CChromeDriver
Capabilities {acceptInsecureCerts: false, acceptSslCerts: false, applicationCacheEnabled: false, browserConnectionEnabled: false, browserName: chrome, chrome: {chromedriverVersion: 2.35.528161 (5b82f2d2aae0ca..., userDataDir: C:\Users\April\AppData\Loca...}, cssSelectorsEnabled: true, databaseEnabled: false, handlesAlerts: true, hasTouchScreen: false, javascriptEnabled: true, locationContextEnabled: true, mobileEmulationEnabled: false, nativeEvents: true, networkConnectionEnabled: false, pageLoadStrategy: normal, platform: XP, platformName: XP, rotatable: false, setWindowRect: true, takesHeapSnapshot: true, takesScreenshot: true, unexpectedAlertBehaviour: , unhandledPromptBehavior: , version: 78.0.3904.108, webStorageEnabled: true}
Session ID: cfe3a530f1bc406e2ea68220d7af8649)"/>
         <system-out><![CDATA[2019-11-25 09:36:16 - [TEST_CASE][FAILED] - Test Cases/ADMIN/Content Mgmt/Categories/Category Add-Edit/Add Category: Test Cases/ADMIN/Content Mgmt/Categories/Category Add-Edit/Add Category FAILED because (of) Unable to upload file 'C:\\Users\\Arcadier\\git\\Trillia\\Images\\Category\\4.png' to object 'Object Repository/ADMIN/Categories/Category/image_input image' (Root cause: org.openqa.selenium.WebDriverException: invalid argument: File not found : C:\\Users\\Arcadier\\git\\Trillia\\Images\\Category\\4.png
  (Session info: chrome=78.0.3904.108)
  (Driver info: chromedriver=2.35.528161 (5b82f2d2aae0ca24b877009200ced9065a772e73),platform=Windows NT 6.1.7601 SP1 x86_64) (WARNING: The server did not provide any stacktrace information)
Command duration or timeout: 0 milliseconds
Build info: version: '3.7.1', revision: '8a0099a', time: '2017-11-06T21:07:36.161Z'
System info: host: 'APRIL-PC', ip: '10.10.31.51', os.name: 'Windows 7', os.arch: 'amd64', os.version: '6.1', java.version: '1.8.0_102'
Driver info: com.kms.katalon.selenium.driver.CChromeDriver
Capabilities {acceptInsecureCerts: false, acceptSslCerts: false, applicationCacheEnabled: false, browserConnectionEnabled: false, browserName: chrome, chrome: {chromedriverVersion: 2.35.528161 (5b82f2d2aae0ca..., userDataDir: C:\Users\April\AppData\Loca...}, cssSelectorsEnabled: true, databaseEnabled: false, handlesAlerts: true, hasTouchScreen: false, javascriptEnabled: true, locationContextEnabled: true, mobileEmulationEnabled: false, nativeEvents: true, networkConnectionEnabled: false, pageLoadStrategy: normal, platform: XP, platformName: XP, rotatable: false, setWindowRect: true, takesHeapSnapshot: true, takesScreenshot: true, unexpectedAlertBehaviour: , unhandledPromptBehavior: , version: 78.0.3904.108, webStorageEnabled: true}
Session ID: cfe3a530f1bc406e2ea68220d7af8649)

2019-11-25 09:36:16 - [TEST_STEP][PASSED] - waitForElementVisible: Object 'Object Repository/ADMIN/Categories/Category List/button_Content Mgmt' is visible

2019-11-25 09:36:16 - [MESSAGE][WARNING] - Timeout '0' is invalid. Using default page load timeout: '30'

2019-11-25 09:36:16 - [MESSAGE][PASSED] - Object 'Object Repository/ADMIN/Categories/Category List/button_Content Mgmt' is visible

2019-11-25 09:36:16 - [TEST_STEP][PASSED] - click: Object: 'Object Repository/ADMIN/Categories/Category List/button_Content Mgmt' is clicked on

2019-11-25 09:36:17 - [MESSAGE][PASSED] - Object: 'Object Repository/ADMIN/Categories/Category List/button_Content Mgmt' is clicked on

2019-11-25 09:36:17 - [TEST_STEP][PASSED] - waitForElementVisible: Object 'Object Repository/ADMIN/Categories/Category List/button_Categories' is visible

2019-11-25 09:36:17 - [MESSAGE][WARNING] - Timeout '0' is invalid. Using default page load timeout: '30'

2019-11-25 09:36:17 - [MESSAGE][PASSED] - Object 'Object Repository/ADMIN/Categories/Category List/button_Categories' is visible

2019-11-25 09:36:17 - [TEST_STEP][PASSED] - click: Object: 'Object Repository/ADMIN/Categories/Category List/button_Categories' is clicked on

2019-11-25 09:36:18 - [MESSAGE][PASSED] - Object: 'Object Repository/ADMIN/Categories/Category List/button_Categories' is clicked on

2019-11-25 09:36:18 - [TEST_STEP][PASSED] - click: Object: 'Object Repository/ADMIN/Categories/Category List/button_AddACategory' is clicked on

2019-11-25 09:36:18 - [MESSAGE][PASSED] - Object: 'Object Repository/ADMIN/Categories/Category List/button_AddACategory' is clicked on

2019-11-25 09:36:18 - [TEST_STEP][PASSED] - waitForElementPresent: Object 'Object Repository/ADMIN/Categories/Category/dropdown_Parent' is present

2019-11-25 09:36:18 - [MESSAGE][PASSED] - Object 'Object Repository/ADMIN/Categories/Category/dropdown_Parent' is present

2019-11-25 09:36:18 - [TEST_STEP][PASSED] - delay: Delayed 1 second(s)

2019-11-25 09:36:19 - [MESSAGE][PASSED] - Delayed 1 second(s)

2019-11-25 09:36:19 - [TEST_STEP][PASSED] - setText: Text 'Category 04' is set on object 'Object Repository/ADMIN/Categories/Category/textfield_Category Name'

2019-11-25 09:36:20 - [MESSAGE][PASSED] - Text 'Category 04' is set on object 'Object Repository/ADMIN/Categories/Category/textfield_Category Name'

2019-11-25 09:36:20 - [TEST_STEP][PASSED] - click: Object: 'Object Repository/ADMIN/Categories/Category/dropdown_Parent' is clicked on

2019-11-25 09:36:20 - [MESSAGE][PASSED] - Object: 'Object Repository/ADMIN/Categories/Category/dropdown_Parent' is clicked on

2019-11-25 09:36:20 - [TEST_STEP][PASSED] - delay: Delayed 2 second(s)

2019-11-25 09:36:22 - [MESSAGE][PASSED] - Delayed 2 second(s)

2019-11-25 09:36:22 - [TEST_STEP][PASSED] - click: Object: 'Object Repository/ADMIN/Categories/Category/dropdown_Parent' is clicked on

2019-11-25 09:36:22 - [MESSAGE][PASSED] - Object: 'Object Repository/ADMIN/Categories/Category/dropdown_Parent' is clicked on

2019-11-25 09:36:22 - [TEST_STEP][PASSED] - selectOptionByLabel: All options with label '-' are selected in object 'Object Repository/ADMIN/Categories/Category/dropdown_Parent' 

2019-11-25 09:36:22 - [MESSAGE][PASSED] - All options with label '-' are selected in object 'Object Repository/ADMIN/Categories/Category/dropdown_Parent' 

2019-11-25 09:36:22 - [TEST_STEP][PASSED] - click: Object: 'Object Repository/ADMIN/Categories/Category/button_Browse' is clicked on

2019-11-25 09:36:22 - [MESSAGE][PASSED] - Object: 'Object Repository/ADMIN/Categories/Category/button_Browse' is clicked on

2019-11-25 09:36:22 - [TEST_STEP][PASSED] - delay: Delayed 1 second(s)

2019-11-25 09:36:23 - [MESSAGE][PASSED] - Delayed 1 second(s)

2019-11-25 09:36:23 - [TEST_STEP][FAILED] - uploadFile: Unable to upload file 'C:\\Users\\Arcadier\\git\\Trillia\\Images\\Category\\4.png' to object 'Object Repository/ADMIN/Categories/Category/image_input image' (Root cause: org.openqa.selenium.WebDriverException: invalid argument: File not found : C:\\Users\\Arcadier\\git\\Trillia\\Images\\Category\\4.png
  (Session info: chrome=78.0.3904.108)
  (Driver info: chromedriver=2.35.528161 (5b82f2d2aae0ca24b877009200ced9065a772e73),platform=Windows NT 6.1.7601 SP1 x86_64) (WARNING: The server did not provide any stacktrace information)
Command duration or timeout: 0 milliseconds
Build info: version: '3.7.1', revision: '8a0099a', time: '2017-11-06T21:07:36.161Z'
System info: host: 'APRIL-PC', ip: '10.10.31.51', os.name: 'Windows 7', os.arch: 'amd64', os.version: '6.1', java.version: '1.8.0_102'
Driver info: com.kms.katalon.selenium.driver.CChromeDriver
Capabilities {acceptInsecureCerts: false, acceptSslCerts: false, applicationCacheEnabled: false, browserConnectionEnabled: false, browserName: chrome, chrome: {chromedriverVersion: 2.35.528161 (5b82f2d2aae0ca..., userDataDir: C:\Users\April\AppData\Loca...}, cssSelectorsEnabled: true, databaseEnabled: false, handlesAlerts: true, hasTouchScreen: false, javascriptEnabled: true, locationContextEnabled: true, mobileEmulationEnabled: false, nativeEvents: true, networkConnectionEnabled: false, pageLoadStrategy: normal, platform: XP, platformName: XP, rotatable: false, setWindowRect: true, takesHeapSnapshot: true, takesScreenshot: true, unexpectedAlertBehaviour: , unhandledPromptBehavior: , version: 78.0.3904.108, webStorageEnabled: true}
Session ID: cfe3a530f1bc406e2ea68220d7af8649)

2019-11-25 09:36:23 - [MESSAGE][FAILED] - Unable to upload file 'C:\\Users\\Arcadier\\git\\Trillia\\Images\\Category\\4.png' to object 'Object Repository/ADMIN/Categories/Category/image_input image' (Root cause: org.openqa.selenium.WebDriverException: invalid argument: File not found : C:\\Users\\Arcadier\\git\\Trillia\\Images\\Category\\4.png
  (Session info: chrome=78.0.3904.108)
  (Driver info: chromedriver=2.35.528161 (5b82f2d2aae0ca24b877009200ced9065a772e73),platform=Windows NT 6.1.7601 SP1 x86_64) (WARNING: The server did not provide any stacktrace information)
Command duration or timeout: 0 milliseconds
Build info: version: '3.7.1', revision: '8a0099a', time: '2017-11-06T21:07:36.161Z'
System info: host: 'APRIL-PC', ip: '10.10.31.51', os.name: 'Windows 7', os.arch: 'amd64', os.version: '6.1', java.version: '1.8.0_102'
Driver info: com.kms.katalon.selenium.driver.CChromeDriver
Capabilities {acceptInsecureCerts: false, acceptSslCerts: false, applicationCacheEnabled: false, browserConnectionEnabled: false, browserName: chrome, chrome: {chromedriverVersion: 2.35.528161 (5b82f2d2aae0ca..., userDataDir: C:\Users\April\AppData\Loca...}, cssSelectorsEnabled: true, databaseEnabled: false, handlesAlerts: true, hasTouchScreen: false, javascriptEnabled: true, locationContextEnabled: true, mobileEmulationEnabled: false, nativeEvents: true, networkConnectionEnabled: false, pageLoadStrategy: normal, platform: XP, platformName: XP, rotatable: false, setWindowRect: true, takesHeapSnapshot: true, takesScreenshot: true, unexpectedAlertBehaviour: , unhandledPromptBehavior: , version: 78.0.3904.108, webStorageEnabled: true}
Session ID: cfe3a530f1bc406e2ea68220d7af8649)
[[ATTACHMENT|C:\\Users\\April\\git\\Trillia\\Reports\\Admin\\Categories\\Add Category\\20191125_093242\\1574645783469.png]]

2019-11-25 09:36:23 - [TEST_STEP][PASSED] - waitForElementVisible: Object 'Object Repository/ADMIN/Categories/Category/button_upload check' is visible

2019-11-25 09:36:23 - [MESSAGE][WARNING] - Timeout '0' is invalid. Using default page load timeout: '30'

2019-11-25 09:36:25 - [MESSAGE][PASSED] - Object 'Object Repository/ADMIN/Categories/Category/button_upload check' is visible

2019-11-25 09:36:25 - [TEST_STEP][PASSED] - click: Object: 'Object Repository/ADMIN/Categories/Category/button_upload check' is clicked on

2019-11-25 09:36:26 - [MESSAGE][PASSED] - Object: 'Object Repository/ADMIN/Categories/Category/button_upload check' is clicked on

2019-11-25 09:36:26 - [TEST_STEP][PASSED] - waitForElementVisible: Object 'Object Repository/ADMIN/Categories/Category/button_upload save' is visible

2019-11-25 09:36:26 - [MESSAGE][WARNING] - Timeout '0' is invalid. Using default page load timeout: '30'

2019-11-25 09:36:26 - [MESSAGE][PASSED] - Object 'Object Repository/ADMIN/Categories/Category/button_upload save' is visible

2019-11-25 09:36:26 - [TEST_STEP][PASSED] - click: Object: 'Object Repository/ADMIN/Categories/Category/button_upload save' is clicked on

2019-11-25 09:36:26 - [MESSAGE][PASSED] - Object: 'Object Repository/ADMIN/Categories/Category/button_upload save' is clicked on

2019-11-25 09:36:26 - [TEST_STEP][PASSED] - delay: Delayed 1 second(s)

2019-11-25 09:36:27 - [MESSAGE][PASSED] - Delayed 1 second(s)

2019-11-25 09:36:27 - [TEST_STEP][PASSED] - setText: Text 'Description10' is set on object 'Object Repository/ADMIN/Categories/Category/textfield_category_description'

2019-11-25 09:36:27 - [MESSAGE][PASSED] - Text 'Description10' is set on object 'Object Repository/ADMIN/Categories/Category/textfield_category_description'

2019-11-25 09:36:27 - [TEST_STEP][PASSED] - click: Object: 'Object Repository/ADMIN/Categories/Category/button_Save' is clicked on

2019-11-25 09:36:27 - [MESSAGE][PASSED] - Object: 'Object Repository/ADMIN/Categories/Category/button_Save' is clicked on

2019-11-25 09:36:27 - [TEST_STEP][PASSED] - waitForElementVisible: Object 'Object Repository/ADMIN/Categories/Category/label_edit popup' is visible

2019-11-25 09:36:27 - [MESSAGE][WARNING] - Timeout '0' is invalid. Using default page load timeout: '30'

2019-11-25 09:36:27 - [MESSAGE][PASSED] - Object 'Object Repository/ADMIN/Categories/Category/label_edit popup' is visible

2019-11-25 09:36:27 - [TEST_STEP][PASSED] - waitForElementNotPresent: Web element with id: 'Object Repository/ADMIN/Categories/Category/label_edit popup' located by 'By.xpath: //div[(text() = 'Category was successfully saved.' or . = 'Category was successfully saved.')]' is not present after '30' second(s)

2019-11-25 09:36:27 - [MESSAGE][WARNING] - Timeout '0' is invalid. Using default page load timeout: '30'

2019-11-25 09:36:33 - [MESSAGE][PASSED] - Web element with id: 'Object Repository/ADMIN/Categories/Category/label_edit popup' located by 'By.xpath: //div[(text() = 'Category was successfully saved.' or . = 'Category was successfully saved.')]' is not present after '30' second(s)]]></system-out>
         <system-err><![CDATA[2019-11-25 09:36:16 - [TEST_CASE][FAILED] - Test Cases/ADMIN/Content Mgmt/Categories/Category Add-Edit/Add Category: Test Cases/ADMIN/Content Mgmt/Categories/Category Add-Edit/Add Category FAILED because (of) Unable to upload file 'C:\\Users\\Arcadier\\git\\Trillia\\Images\\Category\\4.png' to object 'Object Repository/ADMIN/Categories/Category/image_input image' (Root cause: org.openqa.selenium.WebDriverException: invalid argument: File not found : C:\\Users\\Arcadier\\git\\Trillia\\Images\\Category\\4.png
  (Session info: chrome=78.0.3904.108)
  (Driver info: chromedriver=2.35.528161 (5b82f2d2aae0ca24b877009200ced9065a772e73),platform=Windows NT 6.1.7601 SP1 x86_64) (WARNING: The server did not provide any stacktrace information)
Command duration or timeout: 0 milliseconds
Build info: version: '3.7.1', revision: '8a0099a', time: '2017-11-06T21:07:36.161Z'
System info: host: 'APRIL-PC', ip: '10.10.31.51', os.name: 'Windows 7', os.arch: 'amd64', os.version: '6.1', java.version: '1.8.0_102'
Driver info: com.kms.katalon.selenium.driver.CChromeDriver
Capabilities {acceptInsecureCerts: false, acceptSslCerts: false, applicationCacheEnabled: false, browserConnectionEnabled: false, browserName: chrome, chrome: {chromedriverVersion: 2.35.528161 (5b82f2d2aae0ca..., userDataDir: C:\Users\April\AppData\Loca...}, cssSelectorsEnabled: true, databaseEnabled: false, handlesAlerts: true, hasTouchScreen: false, javascriptEnabled: true, locationContextEnabled: true, mobileEmulationEnabled: false, nativeEvents: true, networkConnectionEnabled: false, pageLoadStrategy: normal, platform: XP, platformName: XP, rotatable: false, setWindowRect: true, takesHeapSnapshot: true, takesScreenshot: true, unexpectedAlertBehaviour: , unhandledPromptBehavior: , version: 78.0.3904.108, webStorageEnabled: true}
Session ID: cfe3a530f1bc406e2ea68220d7af8649)]]></system-err>
      </testcase>
      <testcase name="Test Cases/ADMIN/Content Mgmt/Categories/Category Add-Edit/Add Category" classname="Test Cases/ADMIN/Content Mgmt/Categories/Category Add-Edit/Add Category" status="FAILED">
         <failure type="FAILED" message="Unable to upload file 'C:\\Users\\Arcadier\\git\\Trillia\\Images\\Category\\4.png' to object 'Object Repository/ADMIN/Categories/Category/image_input image' (Root cause: org.openqa.selenium.WebDriverException: invalid argument: File not found : C:\\Users\\Arcadier\\git\\Trillia\\Images\\Category\\4.png
  (Session info: chrome=78.0.3904.108)
  (Driver info: chromedriver=2.35.528161 (5b82f2d2aae0ca24b877009200ced9065a772e73),platform=Windows NT 6.1.7601 SP1 x86_64) (WARNING: The server did not provide any stacktrace information)
Command duration or timeout: 0 milliseconds
Build info: version: '3.7.1', revision: '8a0099a', time: '2017-11-06T21:07:36.161Z'
System info: host: 'APRIL-PC', ip: '10.10.31.51', os.name: 'Windows 7', os.arch: 'amd64', os.version: '6.1', java.version: '1.8.0_102'
Driver info: com.kms.katalon.selenium.driver.CChromeDriver
Capabilities {acceptInsecureCerts: false, acceptSslCerts: false, applicationCacheEnabled: false, browserConnectionEnabled: false, browserName: chrome, chrome: {chromedriverVersion: 2.35.528161 (5b82f2d2aae0ca..., userDataDir: C:\Users\April\AppData\Loca...}, cssSelectorsEnabled: true, databaseEnabled: false, handlesAlerts: true, hasTouchScreen: false, javascriptEnabled: true, locationContextEnabled: true, mobileEmulationEnabled: false, nativeEvents: true, networkConnectionEnabled: false, pageLoadStrategy: normal, platform: XP, platformName: XP, rotatable: false, setWindowRect: true, takesHeapSnapshot: true, takesScreenshot: true, unexpectedAlertBehaviour: , unhandledPromptBehavior: , version: 78.0.3904.108, webStorageEnabled: true}
Session ID: cfe3a530f1bc406e2ea68220d7af8649)"/>
         <system-out><![CDATA[2019-11-25 09:36:33 - [TEST_CASE][FAILED] - Test Cases/ADMIN/Content Mgmt/Categories/Category Add-Edit/Add Category: Test Cases/ADMIN/Content Mgmt/Categories/Category Add-Edit/Add Category FAILED because (of) Unable to upload file 'C:\\Users\\Arcadier\\git\\Trillia\\Images\\Category\\4.png' to object 'Object Repository/ADMIN/Categories/Category/image_input image' (Root cause: org.openqa.selenium.WebDriverException: invalid argument: File not found : C:\\Users\\Arcadier\\git\\Trillia\\Images\\Category\\4.png
  (Session info: chrome=78.0.3904.108)
  (Driver info: chromedriver=2.35.528161 (5b82f2d2aae0ca24b877009200ced9065a772e73),platform=Windows NT 6.1.7601 SP1 x86_64) (WARNING: The server did not provide any stacktrace information)
Command duration or timeout: 0 milliseconds
Build info: version: '3.7.1', revision: '8a0099a', time: '2017-11-06T21:07:36.161Z'
System info: host: 'APRIL-PC', ip: '10.10.31.51', os.name: 'Windows 7', os.arch: 'amd64', os.version: '6.1', java.version: '1.8.0_102'
Driver info: com.kms.katalon.selenium.driver.CChromeDriver
Capabilities {acceptInsecureCerts: false, acceptSslCerts: false, applicationCacheEnabled: false, browserConnectionEnabled: false, browserName: chrome, chrome: {chromedriverVersion: 2.35.528161 (5b82f2d2aae0ca..., userDataDir: C:\Users\April\AppData\Loca...}, cssSelectorsEnabled: true, databaseEnabled: false, handlesAlerts: true, hasTouchScreen: false, javascriptEnabled: true, locationContextEnabled: true, mobileEmulationEnabled: false, nativeEvents: true, networkConnectionEnabled: false, pageLoadStrategy: normal, platform: XP, platformName: XP, rotatable: false, setWindowRect: true, takesHeapSnapshot: true, takesScreenshot: true, unexpectedAlertBehaviour: , unhandledPromptBehavior: , version: 78.0.3904.108, webStorageEnabled: true}
Session ID: cfe3a530f1bc406e2ea68220d7af8649)

2019-11-25 09:36:33 - [TEST_STEP][PASSED] - waitForElementVisible: Object 'Object Repository/ADMIN/Categories/Category List/button_Content Mgmt' is visible

2019-11-25 09:36:33 - [MESSAGE][WARNING] - Timeout '0' is invalid. Using default page load timeout: '30'

2019-11-25 09:36:33 - [MESSAGE][PASSED] - Object 'Object Repository/ADMIN/Categories/Category List/button_Content Mgmt' is visible

2019-11-25 09:36:33 - [TEST_STEP][PASSED] - click: Object: 'Object Repository/ADMIN/Categories/Category List/button_Content Mgmt' is clicked on

2019-11-25 09:36:33 - [MESSAGE][PASSED] - Object: 'Object Repository/ADMIN/Categories/Category List/button_Content Mgmt' is clicked on

2019-11-25 09:36:33 - [TEST_STEP][PASSED] - waitForElementVisible: Object 'Object Repository/ADMIN/Categories/Category List/button_Categories' is visible

2019-11-25 09:36:33 - [MESSAGE][WARNING] - Timeout '0' is invalid. Using default page load timeout: '30'

2019-11-25 09:36:33 - [MESSAGE][PASSED] - Object 'Object Repository/ADMIN/Categories/Category List/button_Categories' is visible

2019-11-25 09:36:33 - [TEST_STEP][PASSED] - click: Object: 'Object Repository/ADMIN/Categories/Category List/button_Categories' is clicked on

2019-11-25 09:36:35 - [MESSAGE][PASSED] - Object: 'Object Repository/ADMIN/Categories/Category List/button_Categories' is clicked on

2019-11-25 09:36:35 - [TEST_STEP][PASSED] - click: Object: 'Object Repository/ADMIN/Categories/Category List/button_AddACategory' is clicked on

2019-11-25 09:36:35 - [MESSAGE][PASSED] - Object: 'Object Repository/ADMIN/Categories/Category List/button_AddACategory' is clicked on

2019-11-25 09:36:35 - [TEST_STEP][PASSED] - waitForElementPresent: Object 'Object Repository/ADMIN/Categories/Category/dropdown_Parent' is present

2019-11-25 09:36:35 - [MESSAGE][PASSED] - Object 'Object Repository/ADMIN/Categories/Category/dropdown_Parent' is present

2019-11-25 09:36:35 - [TEST_STEP][PASSED] - delay: Delayed 1 second(s)

2019-11-25 09:36:36 - [MESSAGE][PASSED] - Delayed 1 second(s)

2019-11-25 09:36:36 - [TEST_STEP][PASSED] - setText: Text 'Category 4.1' is set on object 'Object Repository/ADMIN/Categories/Category/textfield_Category Name'

2019-11-25 09:36:36 - [MESSAGE][PASSED] - Text 'Category 4.1' is set on object 'Object Repository/ADMIN/Categories/Category/textfield_Category Name'

2019-11-25 09:36:36 - [TEST_STEP][PASSED] - click: Object: 'Object Repository/ADMIN/Categories/Category/dropdown_Parent' is clicked on

2019-11-25 09:36:41 - [MESSAGE][PASSED] - Object: 'Object Repository/ADMIN/Categories/Category/dropdown_Parent' is clicked on

2019-11-25 09:36:41 - [TEST_STEP][PASSED] - delay: Delayed 2 second(s)

2019-11-25 09:36:43 - [MESSAGE][PASSED] - Delayed 2 second(s)

2019-11-25 09:36:43 - [TEST_STEP][PASSED] - click: Object: 'Object Repository/ADMIN/Categories/Category/dropdown_Parent' is clicked on

2019-11-25 09:36:43 - [MESSAGE][PASSED] - Object: 'Object Repository/ADMIN/Categories/Category/dropdown_Parent' is clicked on

2019-11-25 09:36:43 - [TEST_STEP][PASSED] - selectOptionByLabel: All options with label 'Category 04' are selected in object 'Object Repository/ADMIN/Categories/Category/dropdown_Parent' 

2019-11-25 09:36:43 - [MESSAGE][PASSED] - All options with label 'Category 04' are selected in object 'Object Repository/ADMIN/Categories/Category/dropdown_Parent' 

2019-11-25 09:36:43 - [TEST_STEP][PASSED] - click: Object: 'Object Repository/ADMIN/Categories/Category/button_Browse' is clicked on

2019-11-25 09:36:44 - [MESSAGE][PASSED] - Object: 'Object Repository/ADMIN/Categories/Category/button_Browse' is clicked on

2019-11-25 09:36:44 - [TEST_STEP][PASSED] - delay: Delayed 1 second(s)

2019-11-25 09:36:45 - [MESSAGE][PASSED] - Delayed 1 second(s)

2019-11-25 09:36:45 - [TEST_STEP][FAILED] - uploadFile: Unable to upload file 'C:\\Users\\Arcadier\\git\\Trillia\\Images\\Category\\4.png' to object 'Object Repository/ADMIN/Categories/Category/image_input image' (Root cause: org.openqa.selenium.WebDriverException: invalid argument: File not found : C:\\Users\\Arcadier\\git\\Trillia\\Images\\Category\\4.png
  (Session info: chrome=78.0.3904.108)
  (Driver info: chromedriver=2.35.528161 (5b82f2d2aae0ca24b877009200ced9065a772e73),platform=Windows NT 6.1.7601 SP1 x86_64) (WARNING: The server did not provide any stacktrace information)
Command duration or timeout: 0 milliseconds
Build info: version: '3.7.1', revision: '8a0099a', time: '2017-11-06T21:07:36.161Z'
System info: host: 'APRIL-PC', ip: '10.10.31.51', os.name: 'Windows 7', os.arch: 'amd64', os.version: '6.1', java.version: '1.8.0_102'
Driver info: com.kms.katalon.selenium.driver.CChromeDriver
Capabilities {acceptInsecureCerts: false, acceptSslCerts: false, applicationCacheEnabled: false, browserConnectionEnabled: false, browserName: chrome, chrome: {chromedriverVersion: 2.35.528161 (5b82f2d2aae0ca..., userDataDir: C:\Users\April\AppData\Loca...}, cssSelectorsEnabled: true, databaseEnabled: false, handlesAlerts: true, hasTouchScreen: false, javascriptEnabled: true, locationContextEnabled: true, mobileEmulationEnabled: false, nativeEvents: true, networkConnectionEnabled: false, pageLoadStrategy: normal, platform: XP, platformName: XP, rotatable: false, setWindowRect: true, takesHeapSnapshot: true, takesScreenshot: true, unexpectedAlertBehaviour: , unhandledPromptBehavior: , version: 78.0.3904.108, webStorageEnabled: true}
Session ID: cfe3a530f1bc406e2ea68220d7af8649)

2019-11-25 09:36:45 - [MESSAGE][FAILED] - Unable to upload file 'C:\\Users\\Arcadier\\git\\Trillia\\Images\\Category\\4.png' to object 'Object Repository/ADMIN/Categories/Category/image_input image' (Root cause: org.openqa.selenium.WebDriverException: invalid argument: File not found : C:\\Users\\Arcadier\\git\\Trillia\\Images\\Category\\4.png
  (Session info: chrome=78.0.3904.108)
  (Driver info: chromedriver=2.35.528161 (5b82f2d2aae0ca24b877009200ced9065a772e73),platform=Windows NT 6.1.7601 SP1 x86_64) (WARNING: The server did not provide any stacktrace information)
Command duration or timeout: 0 milliseconds
Build info: version: '3.7.1', revision: '8a0099a', time: '2017-11-06T21:07:36.161Z'
System info: host: 'APRIL-PC', ip: '10.10.31.51', os.name: 'Windows 7', os.arch: 'amd64', os.version: '6.1', java.version: '1.8.0_102'
Driver info: com.kms.katalon.selenium.driver.CChromeDriver
Capabilities {acceptInsecureCerts: false, acceptSslCerts: false, applicationCacheEnabled: false, browserConnectionEnabled: false, browserName: chrome, chrome: {chromedriverVersion: 2.35.528161 (5b82f2d2aae0ca..., userDataDir: C:\Users\April\AppData\Loca...}, cssSelectorsEnabled: true, databaseEnabled: false, handlesAlerts: true, hasTouchScreen: false, javascriptEnabled: true, locationContextEnabled: true, mobileEmulationEnabled: false, nativeEvents: true, networkConnectionEnabled: false, pageLoadStrategy: normal, platform: XP, platformName: XP, rotatable: false, setWindowRect: true, takesHeapSnapshot: true, takesScreenshot: true, unexpectedAlertBehaviour: , unhandledPromptBehavior: , version: 78.0.3904.108, webStorageEnabled: true}
Session ID: cfe3a530f1bc406e2ea68220d7af8649)
[[ATTACHMENT|C:\\Users\\April\\git\\Trillia\\Reports\\Admin\\Categories\\Add Category\\20191125_093242\\1574645805090.png]]

2019-11-25 09:36:45 - [TEST_STEP][PASSED] - waitForElementVisible: Object 'Object Repository/ADMIN/Categories/Category/button_upload check' is visible

2019-11-25 09:36:45 - [MESSAGE][WARNING] - Timeout '0' is invalid. Using default page load timeout: '30'

2019-11-25 09:36:47 - [MESSAGE][PASSED] - Object 'Object Repository/ADMIN/Categories/Category/button_upload check' is visible

2019-11-25 09:36:47 - [TEST_STEP][PASSED] - click: Object: 'Object Repository/ADMIN/Categories/Category/button_upload check' is clicked on

2019-11-25 09:36:47 - [MESSAGE][PASSED] - Object: 'Object Repository/ADMIN/Categories/Category/button_upload check' is clicked on

2019-11-25 09:36:47 - [TEST_STEP][PASSED] - waitForElementVisible: Object 'Object Repository/ADMIN/Categories/Category/button_upload save' is visible

2019-11-25 09:36:47 - [MESSAGE][WARNING] - Timeout '0' is invalid. Using default page load timeout: '30'

2019-11-25 09:36:47 - [MESSAGE][PASSED] - Object 'Object Repository/ADMIN/Categories/Category/button_upload save' is visible

2019-11-25 09:36:47 - [TEST_STEP][PASSED] - click: Object: 'Object Repository/ADMIN/Categories/Category/button_upload save' is clicked on

2019-11-25 09:36:47 - [MESSAGE][PASSED] - Object: 'Object Repository/ADMIN/Categories/Category/button_upload save' is clicked on

2019-11-25 09:36:47 - [TEST_STEP][PASSED] - delay: Delayed 1 second(s)

2019-11-25 09:36:48 - [MESSAGE][PASSED] - Delayed 1 second(s)

2019-11-25 09:36:48 - [TEST_STEP][PASSED] - setText: Text 'Description11' is set on object 'Object Repository/ADMIN/Categories/Category/textfield_category_description'

2019-11-25 09:36:48 - [MESSAGE][PASSED] - Text 'Description11' is set on object 'Object Repository/ADMIN/Categories/Category/textfield_category_description'

2019-11-25 09:36:48 - [TEST_STEP][PASSED] - click: Object: 'Object Repository/ADMIN/Categories/Category/button_Save' is clicked on

2019-11-25 09:36:48 - [MESSAGE][PASSED] - Object: 'Object Repository/ADMIN/Categories/Category/button_Save' is clicked on

2019-11-25 09:36:48 - [TEST_STEP][PASSED] - waitForElementVisible: Object 'Object Repository/ADMIN/Categories/Category/label_edit popup' is visible

2019-11-25 09:36:48 - [MESSAGE][WARNING] - Timeout '0' is invalid. Using default page load timeout: '30'

2019-11-25 09:36:49 - [MESSAGE][PASSED] - Object 'Object Repository/ADMIN/Categories/Category/label_edit popup' is visible

2019-11-25 09:36:49 - [TEST_STEP][PASSED] - waitForElementNotPresent: Web element with id: 'Object Repository/ADMIN/Categories/Category/label_edit popup' located by 'By.xpath: //div[(text() = 'Category was successfully saved.' or . = 'Category was successfully saved.')]' is not present after '30' second(s)

2019-11-25 09:36:49 - [MESSAGE][WARNING] - Timeout '0' is invalid. Using default page load timeout: '30'

2019-11-25 09:36:55 - [MESSAGE][PASSED] - Web element with id: 'Object Repository/ADMIN/Categories/Category/label_edit popup' located by 'By.xpath: //div[(text() = 'Category was successfully saved.' or . = 'Category was successfully saved.')]' is not present after '30' second(s)]]></system-out>
         <system-err><![CDATA[2019-11-25 09:36:33 - [TEST_CASE][FAILED] - Test Cases/ADMIN/Content Mgmt/Categories/Category Add-Edit/Add Category: Test Cases/ADMIN/Content Mgmt/Categories/Category Add-Edit/Add Category FAILED because (of) Unable to upload file 'C:\\Users\\Arcadier\\git\\Trillia\\Images\\Category\\4.png' to object 'Object Repository/ADMIN/Categories/Category/image_input image' (Root cause: org.openqa.selenium.WebDriverException: invalid argument: File not found : C:\\Users\\Arcadier\\git\\Trillia\\Images\\Category\\4.png
  (Session info: chrome=78.0.3904.108)
  (Driver info: chromedriver=2.35.528161 (5b82f2d2aae0ca24b877009200ced9065a772e73),platform=Windows NT 6.1.7601 SP1 x86_64) (WARNING: The server did not provide any stacktrace information)
Command duration or timeout: 0 milliseconds
Build info: version: '3.7.1', revision: '8a0099a', time: '2017-11-06T21:07:36.161Z'
System info: host: 'APRIL-PC', ip: '10.10.31.51', os.name: 'Windows 7', os.arch: 'amd64', os.version: '6.1', java.version: '1.8.0_102'
Driver info: com.kms.katalon.selenium.driver.CChromeDriver
Capabilities {acceptInsecureCerts: false, acceptSslCerts: false, applicationCacheEnabled: false, browserConnectionEnabled: false, browserName: chrome, chrome: {chromedriverVersion: 2.35.528161 (5b82f2d2aae0ca..., userDataDir: C:\Users\April\AppData\Loca...}, cssSelectorsEnabled: true, databaseEnabled: false, handlesAlerts: true, hasTouchScreen: false, javascriptEnabled: true, locationContextEnabled: true, mobileEmulationEnabled: false, nativeEvents: true, networkConnectionEnabled: false, pageLoadStrategy: normal, platform: XP, platformName: XP, rotatable: false, setWindowRect: true, takesHeapSnapshot: true, takesScreenshot: true, unexpectedAlertBehaviour: , unhandledPromptBehavior: , version: 78.0.3904.108, webStorageEnabled: true}
Session ID: cfe3a530f1bc406e2ea68220d7af8649)]]></system-err>
      </testcase>
      <testcase name="Test Cases/ADMIN/Content Mgmt/Categories/Category Add-Edit/Add Category" classname="Test Cases/ADMIN/Content Mgmt/Categories/Category Add-Edit/Add Category" status="FAILED">
         <failure type="FAILED" message="Unable to upload file 'C:\\Users\\Arcadier\\git\\Trillia\\Images\\Category\\4.png' to object 'Object Repository/ADMIN/Categories/Category/image_input image' (Root cause: org.openqa.selenium.WebDriverException: invalid argument: File not found : C:\\Users\\Arcadier\\git\\Trillia\\Images\\Category\\4.png
  (Session info: chrome=78.0.3904.108)
  (Driver info: chromedriver=2.35.528161 (5b82f2d2aae0ca24b877009200ced9065a772e73),platform=Windows NT 6.1.7601 SP1 x86_64) (WARNING: The server did not provide any stacktrace information)
Command duration or timeout: 0 milliseconds
Build info: version: '3.7.1', revision: '8a0099a', time: '2017-11-06T21:07:36.161Z'
System info: host: 'APRIL-PC', ip: '10.10.31.51', os.name: 'Windows 7', os.arch: 'amd64', os.version: '6.1', java.version: '1.8.0_102'
Driver info: com.kms.katalon.selenium.driver.CChromeDriver
Capabilities {acceptInsecureCerts: false, acceptSslCerts: false, applicationCacheEnabled: false, browserConnectionEnabled: false, browserName: chrome, chrome: {chromedriverVersion: 2.35.528161 (5b82f2d2aae0ca..., userDataDir: C:\Users\April\AppData\Loca...}, cssSelectorsEnabled: true, databaseEnabled: false, handlesAlerts: true, hasTouchScreen: false, javascriptEnabled: true, locationContextEnabled: true, mobileEmulationEnabled: false, nativeEvents: true, networkConnectionEnabled: false, pageLoadStrategy: normal, platform: XP, platformName: XP, rotatable: false, setWindowRect: true, takesHeapSnapshot: true, takesScreenshot: true, unexpectedAlertBehaviour: , unhandledPromptBehavior: , version: 78.0.3904.108, webStorageEnabled: true}
Session ID: cfe3a530f1bc406e2ea68220d7af8649)"/>
         <system-out><![CDATA[2019-11-25 09:36:55 - [TEST_CASE][FAILED] - Test Cases/ADMIN/Content Mgmt/Categories/Category Add-Edit/Add Category: Test Cases/ADMIN/Content Mgmt/Categories/Category Add-Edit/Add Category FAILED because (of) Unable to upload file 'C:\\Users\\Arcadier\\git\\Trillia\\Images\\Category\\4.png' to object 'Object Repository/ADMIN/Categories/Category/image_input image' (Root cause: org.openqa.selenium.WebDriverException: invalid argument: File not found : C:\\Users\\Arcadier\\git\\Trillia\\Images\\Category\\4.png
  (Session info: chrome=78.0.3904.108)
  (Driver info: chromedriver=2.35.528161 (5b82f2d2aae0ca24b877009200ced9065a772e73),platform=Windows NT 6.1.7601 SP1 x86_64) (WARNING: The server did not provide any stacktrace information)
Command duration or timeout: 0 milliseconds
Build info: version: '3.7.1', revision: '8a0099a', time: '2017-11-06T21:07:36.161Z'
System info: host: 'APRIL-PC', ip: '10.10.31.51', os.name: 'Windows 7', os.arch: 'amd64', os.version: '6.1', java.version: '1.8.0_102'
Driver info: com.kms.katalon.selenium.driver.CChromeDriver
Capabilities {acceptInsecureCerts: false, acceptSslCerts: false, applicationCacheEnabled: false, browserConnectionEnabled: false, browserName: chrome, chrome: {chromedriverVersion: 2.35.528161 (5b82f2d2aae0ca..., userDataDir: C:\Users\April\AppData\Loca...}, cssSelectorsEnabled: true, databaseEnabled: false, handlesAlerts: true, hasTouchScreen: false, javascriptEnabled: true, locationContextEnabled: true, mobileEmulationEnabled: false, nativeEvents: true, networkConnectionEnabled: false, pageLoadStrategy: normal, platform: XP, platformName: XP, rotatable: false, setWindowRect: true, takesHeapSnapshot: true, takesScreenshot: true, unexpectedAlertBehaviour: , unhandledPromptBehavior: , version: 78.0.3904.108, webStorageEnabled: true}
Session ID: cfe3a530f1bc406e2ea68220d7af8649)

2019-11-25 09:36:55 - [TEST_STEP][PASSED] - waitForElementVisible: Object 'Object Repository/ADMIN/Categories/Category List/button_Content Mgmt' is visible

2019-11-25 09:36:55 - [MESSAGE][WARNING] - Timeout '0' is invalid. Using default page load timeout: '30'

2019-11-25 09:36:55 - [MESSAGE][PASSED] - Object 'Object Repository/ADMIN/Categories/Category List/button_Content Mgmt' is visible

2019-11-25 09:36:55 - [TEST_STEP][PASSED] - click: Object: 'Object Repository/ADMIN/Categories/Category List/button_Content Mgmt' is clicked on

2019-11-25 09:36:55 - [MESSAGE][PASSED] - Object: 'Object Repository/ADMIN/Categories/Category List/button_Content Mgmt' is clicked on

2019-11-25 09:36:55 - [TEST_STEP][PASSED] - waitForElementVisible: Object 'Object Repository/ADMIN/Categories/Category List/button_Categories' is visible

2019-11-25 09:36:55 - [MESSAGE][WARNING] - Timeout '0' is invalid. Using default page load timeout: '30'

2019-11-25 09:36:55 - [MESSAGE][PASSED] - Object 'Object Repository/ADMIN/Categories/Category List/button_Categories' is visible

2019-11-25 09:36:55 - [TEST_STEP][PASSED] - click: Object: 'Object Repository/ADMIN/Categories/Category List/button_Categories' is clicked on

2019-11-25 09:36:56 - [MESSAGE][PASSED] - Object: 'Object Repository/ADMIN/Categories/Category List/button_Categories' is clicked on

2019-11-25 09:36:56 - [TEST_STEP][PASSED] - click: Object: 'Object Repository/ADMIN/Categories/Category List/button_AddACategory' is clicked on

2019-11-25 09:36:56 - [MESSAGE][PASSED] - Object: 'Object Repository/ADMIN/Categories/Category List/button_AddACategory' is clicked on

2019-11-25 09:36:56 - [TEST_STEP][PASSED] - waitForElementPresent: Object 'Object Repository/ADMIN/Categories/Category/dropdown_Parent' is present

2019-11-25 09:36:56 - [MESSAGE][PASSED] - Object 'Object Repository/ADMIN/Categories/Category/dropdown_Parent' is present

2019-11-25 09:36:56 - [TEST_STEP][PASSED] - delay: Delayed 1 second(s)

2019-11-25 09:36:57 - [MESSAGE][PASSED] - Delayed 1 second(s)

2019-11-25 09:36:57 - [TEST_STEP][PASSED] - setText: Text 'Category 4.2' is set on object 'Object Repository/ADMIN/Categories/Category/textfield_Category Name'

2019-11-25 09:36:57 - [MESSAGE][PASSED] - Text 'Category 4.2' is set on object 'Object Repository/ADMIN/Categories/Category/textfield_Category Name'

2019-11-25 09:36:57 - [TEST_STEP][PASSED] - click: Object: 'Object Repository/ADMIN/Categories/Category/dropdown_Parent' is clicked on

2019-11-25 09:36:57 - [MESSAGE][PASSED] - Object: 'Object Repository/ADMIN/Categories/Category/dropdown_Parent' is clicked on

2019-11-25 09:36:57 - [TEST_STEP][PASSED] - delay: Delayed 2 second(s)

2019-11-25 09:37:00 - [MESSAGE][PASSED] - Delayed 2 second(s)

2019-11-25 09:37:00 - [TEST_STEP][PASSED] - click: Object: 'Object Repository/ADMIN/Categories/Category/dropdown_Parent' is clicked on

2019-11-25 09:37:00 - [MESSAGE][PASSED] - Object: 'Object Repository/ADMIN/Categories/Category/dropdown_Parent' is clicked on

2019-11-25 09:37:00 - [TEST_STEP][PASSED] - selectOptionByLabel: All options with label 'Category 04' are selected in object 'Object Repository/ADMIN/Categories/Category/dropdown_Parent' 

2019-11-25 09:37:00 - [MESSAGE][PASSED] - All options with label 'Category 04' are selected in object 'Object Repository/ADMIN/Categories/Category/dropdown_Parent' 

2019-11-25 09:37:00 - [TEST_STEP][PASSED] - click: Object: 'Object Repository/ADMIN/Categories/Category/button_Browse' is clicked on

2019-11-25 09:37:00 - [MESSAGE][PASSED] - Object: 'Object Repository/ADMIN/Categories/Category/button_Browse' is clicked on

2019-11-25 09:37:00 - [TEST_STEP][PASSED] - delay: Delayed 1 second(s)

2019-11-25 09:37:01 - [MESSAGE][PASSED] - Delayed 1 second(s)

2019-11-25 09:37:01 - [TEST_STEP][FAILED] - uploadFile: Unable to upload file 'C:\\Users\\Arcadier\\git\\Trillia\\Images\\Category\\4.png' to object 'Object Repository/ADMIN/Categories/Category/image_input image' (Root cause: org.openqa.selenium.WebDriverException: invalid argument: File not found : C:\\Users\\Arcadier\\git\\Trillia\\Images\\Category\\4.png
  (Session info: chrome=78.0.3904.108)
  (Driver info: chromedriver=2.35.528161 (5b82f2d2aae0ca24b877009200ced9065a772e73),platform=Windows NT 6.1.7601 SP1 x86_64) (WARNING: The server did not provide any stacktrace information)
Command duration or timeout: 0 milliseconds
Build info: version: '3.7.1', revision: '8a0099a', time: '2017-11-06T21:07:36.161Z'
System info: host: 'APRIL-PC', ip: '10.10.31.51', os.name: 'Windows 7', os.arch: 'amd64', os.version: '6.1', java.version: '1.8.0_102'
Driver info: com.kms.katalon.selenium.driver.CChromeDriver
Capabilities {acceptInsecureCerts: false, acceptSslCerts: false, applicationCacheEnabled: false, browserConnectionEnabled: false, browserName: chrome, chrome: {chromedriverVersion: 2.35.528161 (5b82f2d2aae0ca..., userDataDir: C:\Users\April\AppData\Loca...}, cssSelectorsEnabled: true, databaseEnabled: false, handlesAlerts: true, hasTouchScreen: false, javascriptEnabled: true, locationContextEnabled: true, mobileEmulationEnabled: false, nativeEvents: true, networkConnectionEnabled: false, pageLoadStrategy: normal, platform: XP, platformName: XP, rotatable: false, setWindowRect: true, takesHeapSnapshot: true, takesScreenshot: true, unexpectedAlertBehaviour: , unhandledPromptBehavior: , version: 78.0.3904.108, webStorageEnabled: true}
Session ID: cfe3a530f1bc406e2ea68220d7af8649)

2019-11-25 09:37:01 - [MESSAGE][FAILED] - Unable to upload file 'C:\\Users\\Arcadier\\git\\Trillia\\Images\\Category\\4.png' to object 'Object Repository/ADMIN/Categories/Category/image_input image' (Root cause: org.openqa.selenium.WebDriverException: invalid argument: File not found : C:\\Users\\Arcadier\\git\\Trillia\\Images\\Category\\4.png
  (Session info: chrome=78.0.3904.108)
  (Driver info: chromedriver=2.35.528161 (5b82f2d2aae0ca24b877009200ced9065a772e73),platform=Windows NT 6.1.7601 SP1 x86_64) (WARNING: The server did not provide any stacktrace information)
Command duration or timeout: 0 milliseconds
Build info: version: '3.7.1', revision: '8a0099a', time: '2017-11-06T21:07:36.161Z'
System info: host: 'APRIL-PC', ip: '10.10.31.51', os.name: 'Windows 7', os.arch: 'amd64', os.version: '6.1', java.version: '1.8.0_102'
Driver info: com.kms.katalon.selenium.driver.CChromeDriver
Capabilities {acceptInsecureCerts: false, acceptSslCerts: false, applicationCacheEnabled: false, browserConnectionEnabled: false, browserName: chrome, chrome: {chromedriverVersion: 2.35.528161 (5b82f2d2aae0ca..., userDataDir: C:\Users\April\AppData\Loca...}, cssSelectorsEnabled: true, databaseEnabled: false, handlesAlerts: true, hasTouchScreen: false, javascriptEnabled: true, locationContextEnabled: true, mobileEmulationEnabled: false, nativeEvents: true, networkConnectionEnabled: false, pageLoadStrategy: normal, platform: XP, platformName: XP, rotatable: false, setWindowRect: true, takesHeapSnapshot: true, takesScreenshot: true, unexpectedAlertBehaviour: , unhandledPromptBehavior: , version: 78.0.3904.108, webStorageEnabled: true}
Session ID: cfe3a530f1bc406e2ea68220d7af8649)
[[ATTACHMENT|C:\\Users\\April\\git\\Trillia\\Reports\\Admin\\Categories\\Add Category\\20191125_093242\\1574645821293.png]]

2019-11-25 09:37:01 - [TEST_STEP][PASSED] - waitForElementVisible: Object 'Object Repository/ADMIN/Categories/Category/button_upload check' is visible

2019-11-25 09:37:01 - [MESSAGE][WARNING] - Timeout '0' is invalid. Using default page load timeout: '30'

2019-11-25 09:37:05 - [MESSAGE][PASSED] - Object 'Object Repository/ADMIN/Categories/Category/button_upload check' is visible

2019-11-25 09:37:05 - [TEST_STEP][PASSED] - click: Object: 'Object Repository/ADMIN/Categories/Category/button_upload check' is clicked on

2019-11-25 09:37:05 - [MESSAGE][PASSED] - Object: 'Object Repository/ADMIN/Categories/Category/button_upload check' is clicked on

2019-11-25 09:37:05 - [TEST_STEP][PASSED] - waitForElementVisible: Object 'Object Repository/ADMIN/Categories/Category/button_upload save' is visible

2019-11-25 09:37:05 - [MESSAGE][WARNING] - Timeout '0' is invalid. Using default page load timeout: '30'

2019-11-25 09:37:05 - [MESSAGE][PASSED] - Object 'Object Repository/ADMIN/Categories/Category/button_upload save' is visible

2019-11-25 09:37:05 - [TEST_STEP][PASSED] - click: Object: 'Object Repository/ADMIN/Categories/Category/button_upload save' is clicked on

2019-11-25 09:37:05 - [MESSAGE][PASSED] - Object: 'Object Repository/ADMIN/Categories/Category/button_upload save' is clicked on

2019-11-25 09:37:05 - [TEST_STEP][PASSED] - delay: Delayed 1 second(s)

2019-11-25 09:37:06 - [MESSAGE][PASSED] - Delayed 1 second(s)

2019-11-25 09:37:06 - [TEST_STEP][PASSED] - setText: Text 'Description12' is set on object 'Object Repository/ADMIN/Categories/Category/textfield_category_description'

2019-11-25 09:37:06 - [MESSAGE][PASSED] - Text 'Description12' is set on object 'Object Repository/ADMIN/Categories/Category/textfield_category_description'

2019-11-25 09:37:06 - [TEST_STEP][PASSED] - click: Object: 'Object Repository/ADMIN/Categories/Category/button_Save' is clicked on

2019-11-25 09:37:06 - [MESSAGE][PASSED] - Object: 'Object Repository/ADMIN/Categories/Category/button_Save' is clicked on

2019-11-25 09:37:06 - [TEST_STEP][PASSED] - waitForElementVisible: Object 'Object Repository/ADMIN/Categories/Category/label_edit popup' is visible

2019-11-25 09:37:06 - [MESSAGE][WARNING] - Timeout '0' is invalid. Using default page load timeout: '30'

2019-11-25 09:37:07 - [MESSAGE][PASSED] - Object 'Object Repository/ADMIN/Categories/Category/label_edit popup' is visible

2019-11-25 09:37:07 - [TEST_STEP][PASSED] - waitForElementNotPresent: Web element with id: 'Object Repository/ADMIN/Categories/Category/label_edit popup' located by 'By.xpath: //div[(text() = 'Category was successfully saved.' or . = 'Category was successfully saved.')]' is not present after '30' second(s)

2019-11-25 09:37:07 - [MESSAGE][WARNING] - Timeout '0' is invalid. Using default page load timeout: '30'

2019-11-25 09:37:13 - [MESSAGE][PASSED] - Web element with id: 'Object Repository/ADMIN/Categories/Category/label_edit popup' located by 'By.xpath: //div[(text() = 'Category was successfully saved.' or . = 'Category was successfully saved.')]' is not present after '30' second(s)]]></system-out>
         <system-err><![CDATA[2019-11-25 09:36:55 - [TEST_CASE][FAILED] - Test Cases/ADMIN/Content Mgmt/Categories/Category Add-Edit/Add Category: Test Cases/ADMIN/Content Mgmt/Categories/Category Add-Edit/Add Category FAILED because (of) Unable to upload file 'C:\\Users\\Arcadier\\git\\Trillia\\Images\\Category\\4.png' to object 'Object Repository/ADMIN/Categories/Category/image_input image' (Root cause: org.openqa.selenium.WebDriverException: invalid argument: File not found : C:\\Users\\Arcadier\\git\\Trillia\\Images\\Category\\4.png
  (Session info: chrome=78.0.3904.108)
  (Driver info: chromedriver=2.35.528161 (5b82f2d2aae0ca24b877009200ced9065a772e73),platform=Windows NT 6.1.7601 SP1 x86_64) (WARNING: The server did not provide any stacktrace information)
Command duration or timeout: 0 milliseconds
Build info: version: '3.7.1', revision: '8a0099a', time: '2017-11-06T21:07:36.161Z'
System info: host: 'APRIL-PC', ip: '10.10.31.51', os.name: 'Windows 7', os.arch: 'amd64', os.version: '6.1', java.version: '1.8.0_102'
Driver info: com.kms.katalon.selenium.driver.CChromeDriver
Capabilities {acceptInsecureCerts: false, acceptSslCerts: false, applicationCacheEnabled: false, browserConnectionEnabled: false, browserName: chrome, chrome: {chromedriverVersion: 2.35.528161 (5b82f2d2aae0ca..., userDataDir: C:\Users\April\AppData\Loca...}, cssSelectorsEnabled: true, databaseEnabled: false, handlesAlerts: true, hasTouchScreen: false, javascriptEnabled: true, locationContextEnabled: true, mobileEmulationEnabled: false, nativeEvents: true, networkConnectionEnabled: false, pageLoadStrategy: normal, platform: XP, platformName: XP, rotatable: false, setWindowRect: true, takesHeapSnapshot: true, takesScreenshot: true, unexpectedAlertBehaviour: , unhandledPromptBehavior: , version: 78.0.3904.108, webStorageEnabled: true}
Session ID: cfe3a530f1bc406e2ea68220d7af8649)]]></system-err>
      </testcase>
      <testcase name="Test Cases/ADMIN/Content Mgmt/Categories/Category Add-Edit/Add Category" classname="Test Cases/ADMIN/Content Mgmt/Categories/Category Add-Edit/Add Category" status="FAILED">
         <failure type="FAILED" message="Unable to upload file 'C:\\Users\\Arcadier\\git\\Trillia\\Images\\Category\\4.png' to object 'Object Repository/ADMIN/Categories/Category/image_input image' (Root cause: org.openqa.selenium.WebDriverException: invalid argument: File not found : C:\\Users\\Arcadier\\git\\Trillia\\Images\\Category\\4.png
  (Session info: chrome=78.0.3904.108)
  (Driver info: chromedriver=2.35.528161 (5b82f2d2aae0ca24b877009200ced9065a772e73),platform=Windows NT 6.1.7601 SP1 x86_64) (WARNING: The server did not provide any stacktrace information)
Command duration or timeout: 0 milliseconds
Build info: version: '3.7.1', revision: '8a0099a', time: '2017-11-06T21:07:36.161Z'
System info: host: 'APRIL-PC', ip: '10.10.31.51', os.name: 'Windows 7', os.arch: 'amd64', os.version: '6.1', java.version: '1.8.0_102'
Driver info: com.kms.katalon.selenium.driver.CChromeDriver
Capabilities {acceptInsecureCerts: false, acceptSslCerts: false, applicationCacheEnabled: false, browserConnectionEnabled: false, browserName: chrome, chrome: {chromedriverVersion: 2.35.528161 (5b82f2d2aae0ca..., userDataDir: C:\Users\April\AppData\Loca...}, cssSelectorsEnabled: true, databaseEnabled: false, handlesAlerts: true, hasTouchScreen: false, javascriptEnabled: true, locationContextEnabled: true, mobileEmulationEnabled: false, nativeEvents: true, networkConnectionEnabled: false, pageLoadStrategy: normal, platform: XP, platformName: XP, rotatable: false, setWindowRect: true, takesHeapSnapshot: true, takesScreenshot: true, unexpectedAlertBehaviour: , unhandledPromptBehavior: , version: 78.0.3904.108, webStorageEnabled: true}
Session ID: cfe3a530f1bc406e2ea68220d7af8649)"/>
         <system-out><![CDATA[2019-11-25 09:37:13 - [TEST_CASE][FAILED] - Test Cases/ADMIN/Content Mgmt/Categories/Category Add-Edit/Add Category: Test Cases/ADMIN/Content Mgmt/Categories/Category Add-Edit/Add Category FAILED because (of) Unable to upload file 'C:\\Users\\Arcadier\\git\\Trillia\\Images\\Category\\4.png' to object 'Object Repository/ADMIN/Categories/Category/image_input image' (Root cause: org.openqa.selenium.WebDriverException: invalid argument: File not found : C:\\Users\\Arcadier\\git\\Trillia\\Images\\Category\\4.png
  (Session info: chrome=78.0.3904.108)
  (Driver info: chromedriver=2.35.528161 (5b82f2d2aae0ca24b877009200ced9065a772e73),platform=Windows NT 6.1.7601 SP1 x86_64) (WARNING: The server did not provide any stacktrace information)
Command duration or timeout: 0 milliseconds
Build info: version: '3.7.1', revision: '8a0099a', time: '2017-11-06T21:07:36.161Z'
System info: host: 'APRIL-PC', ip: '10.10.31.51', os.name: 'Windows 7', os.arch: 'amd64', os.version: '6.1', java.version: '1.8.0_102'
Driver info: com.kms.katalon.selenium.driver.CChromeDriver
Capabilities {acceptInsecureCerts: false, acceptSslCerts: false, applicationCacheEnabled: false, browserConnectionEnabled: false, browserName: chrome, chrome: {chromedriverVersion: 2.35.528161 (5b82f2d2aae0ca..., userDataDir: C:\Users\April\AppData\Loca...}, cssSelectorsEnabled: true, databaseEnabled: false, handlesAlerts: true, hasTouchScreen: false, javascriptEnabled: true, locationContextEnabled: true, mobileEmulationEnabled: false, nativeEvents: true, networkConnectionEnabled: false, pageLoadStrategy: normal, platform: XP, platformName: XP, rotatable: false, setWindowRect: true, takesHeapSnapshot: true, takesScreenshot: true, unexpectedAlertBehaviour: , unhandledPromptBehavior: , version: 78.0.3904.108, webStorageEnabled: true}
Session ID: cfe3a530f1bc406e2ea68220d7af8649)

2019-11-25 09:37:13 - [TEST_STEP][PASSED] - waitForElementVisible: Object 'Object Repository/ADMIN/Categories/Category List/button_Content Mgmt' is visible

2019-11-25 09:37:13 - [MESSAGE][WARNING] - Timeout '0' is invalid. Using default page load timeout: '30'

2019-11-25 09:37:13 - [MESSAGE][PASSED] - Object 'Object Repository/ADMIN/Categories/Category List/button_Content Mgmt' is visible

2019-11-25 09:37:13 - [TEST_STEP][PASSED] - click: Object: 'Object Repository/ADMIN/Categories/Category List/button_Content Mgmt' is clicked on

2019-11-25 09:37:13 - [MESSAGE][PASSED] - Object: 'Object Repository/ADMIN/Categories/Category List/button_Content Mgmt' is clicked on

2019-11-25 09:37:13 - [TEST_STEP][PASSED] - waitForElementVisible: Object 'Object Repository/ADMIN/Categories/Category List/button_Categories' is visible

2019-11-25 09:37:13 - [MESSAGE][WARNING] - Timeout '0' is invalid. Using default page load timeout: '30'

2019-11-25 09:37:13 - [MESSAGE][PASSED] - Object 'Object Repository/ADMIN/Categories/Category List/button_Categories' is visible

2019-11-25 09:37:13 - [TEST_STEP][PASSED] - click: Object: 'Object Repository/ADMIN/Categories/Category List/button_Categories' is clicked on

2019-11-25 09:37:15 - [MESSAGE][PASSED] - Object: 'Object Repository/ADMIN/Categories/Category List/button_Categories' is clicked on

2019-11-25 09:37:15 - [TEST_STEP][PASSED] - click: Object: 'Object Repository/ADMIN/Categories/Category List/button_AddACategory' is clicked on

2019-11-25 09:37:15 - [MESSAGE][PASSED] - Object: 'Object Repository/ADMIN/Categories/Category List/button_AddACategory' is clicked on

2019-11-25 09:37:15 - [TEST_STEP][PASSED] - waitForElementPresent: Object 'Object Repository/ADMIN/Categories/Category/dropdown_Parent' is present

2019-11-25 09:37:15 - [MESSAGE][PASSED] - Object 'Object Repository/ADMIN/Categories/Category/dropdown_Parent' is present

2019-11-25 09:37:15 - [TEST_STEP][PASSED] - delay: Delayed 1 second(s)

2019-11-25 09:37:16 - [MESSAGE][PASSED] - Delayed 1 second(s)

2019-11-25 09:37:16 - [TEST_STEP][PASSED] - setText: Text 'Category 4.3' is set on object 'Object Repository/ADMIN/Categories/Category/textfield_Category Name'

2019-11-25 09:37:16 - [MESSAGE][PASSED] - Text 'Category 4.3' is set on object 'Object Repository/ADMIN/Categories/Category/textfield_Category Name'

2019-11-25 09:37:16 - [TEST_STEP][PASSED] - click: Object: 'Object Repository/ADMIN/Categories/Category/dropdown_Parent' is clicked on

2019-11-25 09:37:16 - [MESSAGE][PASSED] - Object: 'Object Repository/ADMIN/Categories/Category/dropdown_Parent' is clicked on

2019-11-25 09:37:16 - [TEST_STEP][PASSED] - delay: Delayed 2 second(s)

2019-11-25 09:37:18 - [MESSAGE][PASSED] - Delayed 2 second(s)

2019-11-25 09:37:18 - [TEST_STEP][PASSED] - click: Object: 'Object Repository/ADMIN/Categories/Category/dropdown_Parent' is clicked on

2019-11-25 09:37:18 - [MESSAGE][PASSED] - Object: 'Object Repository/ADMIN/Categories/Category/dropdown_Parent' is clicked on

2019-11-25 09:37:18 - [TEST_STEP][PASSED] - selectOptionByLabel: All options with label 'Category 04' are selected in object 'Object Repository/ADMIN/Categories/Category/dropdown_Parent' 

2019-11-25 09:37:18 - [MESSAGE][PASSED] - All options with label 'Category 04' are selected in object 'Object Repository/ADMIN/Categories/Category/dropdown_Parent' 

2019-11-25 09:37:18 - [TEST_STEP][PASSED] - click: Object: 'Object Repository/ADMIN/Categories/Category/button_Browse' is clicked on

2019-11-25 09:37:18 - [MESSAGE][PASSED] - Object: 'Object Repository/ADMIN/Categories/Category/button_Browse' is clicked on

2019-11-25 09:37:18 - [TEST_STEP][PASSED] - delay: Delayed 1 second(s)

2019-11-25 09:37:19 - [MESSAGE][PASSED] - Delayed 1 second(s)

2019-11-25 09:37:19 - [TEST_STEP][FAILED] - uploadFile: Unable to upload file 'C:\\Users\\Arcadier\\git\\Trillia\\Images\\Category\\4.png' to object 'Object Repository/ADMIN/Categories/Category/image_input image' (Root cause: org.openqa.selenium.WebDriverException: invalid argument: File not found : C:\\Users\\Arcadier\\git\\Trillia\\Images\\Category\\4.png
  (Session info: chrome=78.0.3904.108)
  (Driver info: chromedriver=2.35.528161 (5b82f2d2aae0ca24b877009200ced9065a772e73),platform=Windows NT 6.1.7601 SP1 x86_64) (WARNING: The server did not provide any stacktrace information)
Command duration or timeout: 0 milliseconds
Build info: version: '3.7.1', revision: '8a0099a', time: '2017-11-06T21:07:36.161Z'
System info: host: 'APRIL-PC', ip: '10.10.31.51', os.name: 'Windows 7', os.arch: 'amd64', os.version: '6.1', java.version: '1.8.0_102'
Driver info: com.kms.katalon.selenium.driver.CChromeDriver
Capabilities {acceptInsecureCerts: false, acceptSslCerts: false, applicationCacheEnabled: false, browserConnectionEnabled: false, browserName: chrome, chrome: {chromedriverVersion: 2.35.528161 (5b82f2d2aae0ca..., userDataDir: C:\Users\April\AppData\Loca...}, cssSelectorsEnabled: true, databaseEnabled: false, handlesAlerts: true, hasTouchScreen: false, javascriptEnabled: true, locationContextEnabled: true, mobileEmulationEnabled: false, nativeEvents: true, networkConnectionEnabled: false, pageLoadStrategy: normal, platform: XP, platformName: XP, rotatable: false, setWindowRect: true, takesHeapSnapshot: true, takesScreenshot: true, unexpectedAlertBehaviour: , unhandledPromptBehavior: , version: 78.0.3904.108, webStorageEnabled: true}
Session ID: cfe3a530f1bc406e2ea68220d7af8649)

2019-11-25 09:37:20 - [MESSAGE][FAILED] - Unable to upload file 'C:\\Users\\Arcadier\\git\\Trillia\\Images\\Category\\4.png' to object 'Object Repository/ADMIN/Categories/Category/image_input image' (Root cause: org.openqa.selenium.WebDriverException: invalid argument: File not found : C:\\Users\\Arcadier\\git\\Trillia\\Images\\Category\\4.png
  (Session info: chrome=78.0.3904.108)
  (Driver info: chromedriver=2.35.528161 (5b82f2d2aae0ca24b877009200ced9065a772e73),platform=Windows NT 6.1.7601 SP1 x86_64) (WARNING: The server did not provide any stacktrace information)
Command duration or timeout: 0 milliseconds
Build info: version: '3.7.1', revision: '8a0099a', time: '2017-11-06T21:07:36.161Z'
System info: host: 'APRIL-PC', ip: '10.10.31.51', os.name: 'Windows 7', os.arch: 'amd64', os.version: '6.1', java.version: '1.8.0_102'
Driver info: com.kms.katalon.selenium.driver.CChromeDriver
Capabilities {acceptInsecureCerts: false, acceptSslCerts: false, applicationCacheEnabled: false, browserConnectionEnabled: false, browserName: chrome, chrome: {chromedriverVersion: 2.35.528161 (5b82f2d2aae0ca..., userDataDir: C:\Users\April\AppData\Loca...}, cssSelectorsEnabled: true, databaseEnabled: false, handlesAlerts: true, hasTouchScreen: false, javascriptEnabled: true, locationContextEnabled: true, mobileEmulationEnabled: false, nativeEvents: true, networkConnectionEnabled: false, pageLoadStrategy: normal, platform: XP, platformName: XP, rotatable: false, setWindowRect: true, takesHeapSnapshot: true, takesScreenshot: true, unexpectedAlertBehaviour: , unhandledPromptBehavior: , version: 78.0.3904.108, webStorageEnabled: true}
Session ID: cfe3a530f1bc406e2ea68220d7af8649)
[[ATTACHMENT|C:\\Users\\April\\git\\Trillia\\Reports\\Admin\\Categories\\Add Category\\20191125_093242\\1574645839970.png]]

2019-11-25 09:37:20 - [TEST_STEP][PASSED] - waitForElementVisible: Object 'Object Repository/ADMIN/Categories/Category/button_upload check' is visible

2019-11-25 09:37:20 - [MESSAGE][WARNING] - Timeout '0' is invalid. Using default page load timeout: '30'

2019-11-25 09:37:22 - [MESSAGE][PASSED] - Object 'Object Repository/ADMIN/Categories/Category/button_upload check' is visible

2019-11-25 09:37:22 - [TEST_STEP][PASSED] - click: Object: 'Object Repository/ADMIN/Categories/Category/button_upload check' is clicked on

2019-11-25 09:37:23 - [MESSAGE][PASSED] - Object: 'Object Repository/ADMIN/Categories/Category/button_upload check' is clicked on

2019-11-25 09:37:23 - [TEST_STEP][PASSED] - waitForElementVisible: Object 'Object Repository/ADMIN/Categories/Category/button_upload save' is visible

2019-11-25 09:37:23 - [MESSAGE][WARNING] - Timeout '0' is invalid. Using default page load timeout: '30'

2019-11-25 09:37:23 - [MESSAGE][PASSED] - Object 'Object Repository/ADMIN/Categories/Category/button_upload save' is visible

2019-11-25 09:37:23 - [TEST_STEP][PASSED] - click: Object: 'Object Repository/ADMIN/Categories/Category/button_upload save' is clicked on

2019-11-25 09:37:23 - [MESSAGE][PASSED] - Object: 'Object Repository/ADMIN/Categories/Category/button_upload save' is clicked on

2019-11-25 09:37:23 - [TEST_STEP][PASSED] - delay: Delayed 1 second(s)

2019-11-25 09:37:24 - [MESSAGE][PASSED] - Delayed 1 second(s)

2019-11-25 09:37:24 - [TEST_STEP][PASSED] - setText: Text 'Description13' is set on object 'Object Repository/ADMIN/Categories/Category/textfield_category_description'

2019-11-25 09:37:24 - [MESSAGE][PASSED] - Text 'Description13' is set on object 'Object Repository/ADMIN/Categories/Category/textfield_category_description'

2019-11-25 09:37:24 - [TEST_STEP][PASSED] - click: Object: 'Object Repository/ADMIN/Categories/Category/button_Save' is clicked on

2019-11-25 09:37:24 - [MESSAGE][PASSED] - Object: 'Object Repository/ADMIN/Categories/Category/button_Save' is clicked on

2019-11-25 09:37:24 - [TEST_STEP][PASSED] - waitForElementVisible: Object 'Object Repository/ADMIN/Categories/Category/label_edit popup' is visible

2019-11-25 09:37:24 - [MESSAGE][WARNING] - Timeout '0' is invalid. Using default page load timeout: '30'

2019-11-25 09:37:25 - [MESSAGE][PASSED] - Object 'Object Repository/ADMIN/Categories/Category/label_edit popup' is visible

2019-11-25 09:37:25 - [TEST_STEP][PASSED] - waitForElementNotPresent: Web element with id: 'Object Repository/ADMIN/Categories/Category/label_edit popup' located by 'By.xpath: //div[(text() = 'Category was successfully saved.' or . = 'Category was successfully saved.')]' is not present after '30' second(s)

2019-11-25 09:37:25 - [MESSAGE][WARNING] - Timeout '0' is invalid. Using default page load timeout: '30'

2019-11-25 09:37:30 - [MESSAGE][PASSED] - Web element with id: 'Object Repository/ADMIN/Categories/Category/label_edit popup' located by 'By.xpath: //div[(text() = 'Category was successfully saved.' or . = 'Category was successfully saved.')]' is not present after '30' second(s)]]></system-out>
         <system-err><![CDATA[2019-11-25 09:37:13 - [TEST_CASE][FAILED] - Test Cases/ADMIN/Content Mgmt/Categories/Category Add-Edit/Add Category: Test Cases/ADMIN/Content Mgmt/Categories/Category Add-Edit/Add Category FAILED because (of) Unable to upload file 'C:\\Users\\Arcadier\\git\\Trillia\\Images\\Category\\4.png' to object 'Object Repository/ADMIN/Categories/Category/image_input image' (Root cause: org.openqa.selenium.WebDriverException: invalid argument: File not found : C:\\Users\\Arcadier\\git\\Trillia\\Images\\Category\\4.png
  (Session info: chrome=78.0.3904.108)
  (Driver info: chromedriver=2.35.528161 (5b82f2d2aae0ca24b877009200ced9065a772e73),platform=Windows NT 6.1.7601 SP1 x86_64) (WARNING: The server did not provide any stacktrace information)
Command duration or timeout: 0 milliseconds
Build info: version: '3.7.1', revision: '8a0099a', time: '2017-11-06T21:07:36.161Z'
System info: host: 'APRIL-PC', ip: '10.10.31.51', os.name: 'Windows 7', os.arch: 'amd64', os.version: '6.1', java.version: '1.8.0_102'
Driver info: com.kms.katalon.selenium.driver.CChromeDriver
Capabilities {acceptInsecureCerts: false, acceptSslCerts: false, applicationCacheEnabled: false, browserConnectionEnabled: false, browserName: chrome, chrome: {chromedriverVersion: 2.35.528161 (5b82f2d2aae0ca..., userDataDir: C:\Users\April\AppData\Loca...}, cssSelectorsEnabled: true, databaseEnabled: false, handlesAlerts: true, hasTouchScreen: false, javascriptEnabled: true, locationContextEnabled: true, mobileEmulationEnabled: false, nativeEvents: true, networkConnectionEnabled: false, pageLoadStrategy: normal, platform: XP, platformName: XP, rotatable: false, setWindowRect: true, takesHeapSnapshot: true, takesScreenshot: true, unexpectedAlertBehaviour: , unhandledPromptBehavior: , version: 78.0.3904.108, webStorageEnabled: true}
Session ID: cfe3a530f1bc406e2ea68220d7af8649)]]></system-err>
      </testcase>
      <testcase name="Test Cases/ADMIN/Content Mgmt/Categories/Category Add-Edit/Add Category" classname="Test Cases/ADMIN/Content Mgmt/Categories/Category Add-Edit/Add Category" status="FAILED">
         <failure type="FAILED" message="Unable to upload file 'C:\\Users\\Arcadier\\git\\Trillia\\Images\\Category\\4.png' to object 'Object Repository/ADMIN/Categories/Category/image_input image' (Root cause: org.openqa.selenium.WebDriverException: invalid argument: File not found : C:\\Users\\Arcadier\\git\\Trillia\\Images\\Category\\4.png
  (Session info: chrome=78.0.3904.108)
  (Driver info: chromedriver=2.35.528161 (5b82f2d2aae0ca24b877009200ced9065a772e73),platform=Windows NT 6.1.7601 SP1 x86_64) (WARNING: The server did not provide any stacktrace information)
Command duration or timeout: 0 milliseconds
Build info: version: '3.7.1', revision: '8a0099a', time: '2017-11-06T21:07:36.161Z'
System info: host: 'APRIL-PC', ip: '10.10.31.51', os.name: 'Windows 7', os.arch: 'amd64', os.version: '6.1', java.version: '1.8.0_102'
Driver info: com.kms.katalon.selenium.driver.CChromeDriver
Capabilities {acceptInsecureCerts: false, acceptSslCerts: false, applicationCacheEnabled: false, browserConnectionEnabled: false, browserName: chrome, chrome: {chromedriverVersion: 2.35.528161 (5b82f2d2aae0ca..., userDataDir: C:\Users\April\AppData\Loca...}, cssSelectorsEnabled: true, databaseEnabled: false, handlesAlerts: true, hasTouchScreen: false, javascriptEnabled: true, locationContextEnabled: true, mobileEmulationEnabled: false, nativeEvents: true, networkConnectionEnabled: false, pageLoadStrategy: normal, platform: XP, platformName: XP, rotatable: false, setWindowRect: true, takesHeapSnapshot: true, takesScreenshot: true, unexpectedAlertBehaviour: , unhandledPromptBehavior: , version: 78.0.3904.108, webStorageEnabled: true}
Session ID: cfe3a530f1bc406e2ea68220d7af8649)"/>
         <system-out><![CDATA[2019-11-25 09:37:30 - [TEST_CASE][FAILED] - Test Cases/ADMIN/Content Mgmt/Categories/Category Add-Edit/Add Category: Test Cases/ADMIN/Content Mgmt/Categories/Category Add-Edit/Add Category FAILED because (of) Unable to upload file 'C:\\Users\\Arcadier\\git\\Trillia\\Images\\Category\\4.png' to object 'Object Repository/ADMIN/Categories/Category/image_input image' (Root cause: org.openqa.selenium.WebDriverException: invalid argument: File not found : C:\\Users\\Arcadier\\git\\Trillia\\Images\\Category\\4.png
  (Session info: chrome=78.0.3904.108)
  (Driver info: chromedriver=2.35.528161 (5b82f2d2aae0ca24b877009200ced9065a772e73),platform=Windows NT 6.1.7601 SP1 x86_64) (WARNING: The server did not provide any stacktrace information)
Command duration or timeout: 0 milliseconds
Build info: version: '3.7.1', revision: '8a0099a', time: '2017-11-06T21:07:36.161Z'
System info: host: 'APRIL-PC', ip: '10.10.31.51', os.name: 'Windows 7', os.arch: 'amd64', os.version: '6.1', java.version: '1.8.0_102'
Driver info: com.kms.katalon.selenium.driver.CChromeDriver
Capabilities {acceptInsecureCerts: false, acceptSslCerts: false, applicationCacheEnabled: false, browserConnectionEnabled: false, browserName: chrome, chrome: {chromedriverVersion: 2.35.528161 (5b82f2d2aae0ca..., userDataDir: C:\Users\April\AppData\Loca...}, cssSelectorsEnabled: true, databaseEnabled: false, handlesAlerts: true, hasTouchScreen: false, javascriptEnabled: true, locationContextEnabled: true, mobileEmulationEnabled: false, nativeEvents: true, networkConnectionEnabled: false, pageLoadStrategy: normal, platform: XP, platformName: XP, rotatable: false, setWindowRect: true, takesHeapSnapshot: true, takesScreenshot: true, unexpectedAlertBehaviour: , unhandledPromptBehavior: , version: 78.0.3904.108, webStorageEnabled: true}
Session ID: cfe3a530f1bc406e2ea68220d7af8649)

2019-11-25 09:37:30 - [TEST_STEP][PASSED] - waitForElementVisible: Object 'Object Repository/ADMIN/Categories/Category List/button_Content Mgmt' is visible

2019-11-25 09:37:30 - [MESSAGE][WARNING] - Timeout '0' is invalid. Using default page load timeout: '30'

2019-11-25 09:37:30 - [MESSAGE][PASSED] - Object 'Object Repository/ADMIN/Categories/Category List/button_Content Mgmt' is visible

2019-11-25 09:37:30 - [TEST_STEP][PASSED] - click: Object: 'Object Repository/ADMIN/Categories/Category List/button_Content Mgmt' is clicked on

2019-11-25 09:37:30 - [MESSAGE][PASSED] - Object: 'Object Repository/ADMIN/Categories/Category List/button_Content Mgmt' is clicked on

2019-11-25 09:37:30 - [TEST_STEP][PASSED] - waitForElementVisible: Object 'Object Repository/ADMIN/Categories/Category List/button_Categories' is visible

2019-11-25 09:37:30 - [MESSAGE][WARNING] - Timeout '0' is invalid. Using default page load timeout: '30'

2019-11-25 09:37:30 - [MESSAGE][PASSED] - Object 'Object Repository/ADMIN/Categories/Category List/button_Categories' is visible

2019-11-25 09:37:30 - [TEST_STEP][PASSED] - click: Object: 'Object Repository/ADMIN/Categories/Category List/button_Categories' is clicked on

2019-11-25 09:37:31 - [MESSAGE][PASSED] - Object: 'Object Repository/ADMIN/Categories/Category List/button_Categories' is clicked on

2019-11-25 09:37:31 - [TEST_STEP][PASSED] - click: Object: 'Object Repository/ADMIN/Categories/Category List/button_AddACategory' is clicked on

2019-11-25 09:37:31 - [MESSAGE][PASSED] - Object: 'Object Repository/ADMIN/Categories/Category List/button_AddACategory' is clicked on

2019-11-25 09:37:31 - [TEST_STEP][PASSED] - waitForElementPresent: Object 'Object Repository/ADMIN/Categories/Category/dropdown_Parent' is present

2019-11-25 09:37:31 - [MESSAGE][PASSED] - Object 'Object Repository/ADMIN/Categories/Category/dropdown_Parent' is present

2019-11-25 09:37:31 - [TEST_STEP][PASSED] - delay: Delayed 1 second(s)

2019-11-25 09:37:32 - [MESSAGE][PASSED] - Delayed 1 second(s)

2019-11-25 09:37:32 - [TEST_STEP][PASSED] - setText: Text 'Category 4.4' is set on object 'Object Repository/ADMIN/Categories/Category/textfield_Category Name'

2019-11-25 09:37:33 - [MESSAGE][PASSED] - Text 'Category 4.4' is set on object 'Object Repository/ADMIN/Categories/Category/textfield_Category Name'

2019-11-25 09:37:33 - [TEST_STEP][PASSED] - click: Object: 'Object Repository/ADMIN/Categories/Category/dropdown_Parent' is clicked on

2019-11-25 09:37:33 - [MESSAGE][PASSED] - Object: 'Object Repository/ADMIN/Categories/Category/dropdown_Parent' is clicked on

2019-11-25 09:37:33 - [TEST_STEP][PASSED] - delay: Delayed 2 second(s)

2019-11-25 09:37:35 - [MESSAGE][PASSED] - Delayed 2 second(s)

2019-11-25 09:37:35 - [TEST_STEP][PASSED] - click: Object: 'Object Repository/ADMIN/Categories/Category/dropdown_Parent' is clicked on

2019-11-25 09:37:35 - [MESSAGE][PASSED] - Object: 'Object Repository/ADMIN/Categories/Category/dropdown_Parent' is clicked on

2019-11-25 09:37:35 - [TEST_STEP][PASSED] - selectOptionByLabel: All options with label 'Category 04' are selected in object 'Object Repository/ADMIN/Categories/Category/dropdown_Parent' 

2019-11-25 09:37:35 - [MESSAGE][PASSED] - All options with label 'Category 04' are selected in object 'Object Repository/ADMIN/Categories/Category/dropdown_Parent' 

2019-11-25 09:37:35 - [TEST_STEP][PASSED] - click: Object: 'Object Repository/ADMIN/Categories/Category/button_Browse' is clicked on

2019-11-25 09:37:35 - [MESSAGE][PASSED] - Object: 'Object Repository/ADMIN/Categories/Category/button_Browse' is clicked on

2019-11-25 09:37:35 - [TEST_STEP][PASSED] - delay: Delayed 1 second(s)

2019-11-25 09:37:36 - [MESSAGE][PASSED] - Delayed 1 second(s)

2019-11-25 09:37:36 - [TEST_STEP][FAILED] - uploadFile: Unable to upload file 'C:\\Users\\Arcadier\\git\\Trillia\\Images\\Category\\4.png' to object 'Object Repository/ADMIN/Categories/Category/image_input image' (Root cause: org.openqa.selenium.WebDriverException: invalid argument: File not found : C:\\Users\\Arcadier\\git\\Trillia\\Images\\Category\\4.png
  (Session info: chrome=78.0.3904.108)
  (Driver info: chromedriver=2.35.528161 (5b82f2d2aae0ca24b877009200ced9065a772e73),platform=Windows NT 6.1.7601 SP1 x86_64) (WARNING: The server did not provide any stacktrace information)
Command duration or timeout: 0 milliseconds
Build info: version: '3.7.1', revision: '8a0099a', time: '2017-11-06T21:07:36.161Z'
System info: host: 'APRIL-PC', ip: '10.10.31.51', os.name: 'Windows 7', os.arch: 'amd64', os.version: '6.1', java.version: '1.8.0_102'
Driver info: com.kms.katalon.selenium.driver.CChromeDriver
Capabilities {acceptInsecureCerts: false, acceptSslCerts: false, applicationCacheEnabled: false, browserConnectionEnabled: false, browserName: chrome, chrome: {chromedriverVersion: 2.35.528161 (5b82f2d2aae0ca..., userDataDir: C:\Users\April\AppData\Loca...}, cssSelectorsEnabled: true, databaseEnabled: false, handlesAlerts: true, hasTouchScreen: false, javascriptEnabled: true, locationContextEnabled: true, mobileEmulationEnabled: false, nativeEvents: true, networkConnectionEnabled: false, pageLoadStrategy: normal, platform: XP, platformName: XP, rotatable: false, setWindowRect: true, takesHeapSnapshot: true, takesScreenshot: true, unexpectedAlertBehaviour: , unhandledPromptBehavior: , version: 78.0.3904.108, webStorageEnabled: true}
Session ID: cfe3a530f1bc406e2ea68220d7af8649)

2019-11-25 09:37:36 - [MESSAGE][FAILED] - Unable to upload file 'C:\\Users\\Arcadier\\git\\Trillia\\Images\\Category\\4.png' to object 'Object Repository/ADMIN/Categories/Category/image_input image' (Root cause: org.openqa.selenium.WebDriverException: invalid argument: File not found : C:\\Users\\Arcadier\\git\\Trillia\\Images\\Category\\4.png
  (Session info: chrome=78.0.3904.108)
  (Driver info: chromedriver=2.35.528161 (5b82f2d2aae0ca24b877009200ced9065a772e73),platform=Windows NT 6.1.7601 SP1 x86_64) (WARNING: The server did not provide any stacktrace information)
Command duration or timeout: 0 milliseconds
Build info: version: '3.7.1', revision: '8a0099a', time: '2017-11-06T21:07:36.161Z'
System info: host: 'APRIL-PC', ip: '10.10.31.51', os.name: 'Windows 7', os.arch: 'amd64', os.version: '6.1', java.version: '1.8.0_102'
Driver info: com.kms.katalon.selenium.driver.CChromeDriver
Capabilities {acceptInsecureCerts: false, acceptSslCerts: false, applicationCacheEnabled: false, browserConnectionEnabled: false, browserName: chrome, chrome: {chromedriverVersion: 2.35.528161 (5b82f2d2aae0ca..., userDataDir: C:\Users\April\AppData\Loca...}, cssSelectorsEnabled: true, databaseEnabled: false, handlesAlerts: true, hasTouchScreen: false, javascriptEnabled: true, locationContextEnabled: true, mobileEmulationEnabled: false, nativeEvents: true, networkConnectionEnabled: false, pageLoadStrategy: normal, platform: XP, platformName: XP, rotatable: false, setWindowRect: true, takesHeapSnapshot: true, takesScreenshot: true, unexpectedAlertBehaviour: , unhandledPromptBehavior: , version: 78.0.3904.108, webStorageEnabled: true}
Session ID: cfe3a530f1bc406e2ea68220d7af8649)
[[ATTACHMENT|C:\\Users\\April\\git\\Trillia\\Reports\\Admin\\Categories\\Add Category\\20191125_093242\\1574645856336.png]]

2019-11-25 09:37:36 - [TEST_STEP][PASSED] - waitForElementVisible: Object 'Object Repository/ADMIN/Categories/Category/button_upload check' is visible

2019-11-25 09:37:36 - [MESSAGE][WARNING] - Timeout '0' is invalid. Using default page load timeout: '30'

2019-11-25 09:37:40 - [MESSAGE][PASSED] - Object 'Object Repository/ADMIN/Categories/Category/button_upload check' is visible

2019-11-25 09:37:40 - [TEST_STEP][PASSED] - click: Object: 'Object Repository/ADMIN/Categories/Category/button_upload check' is clicked on

2019-11-25 09:37:40 - [MESSAGE][PASSED] - Object: 'Object Repository/ADMIN/Categories/Category/button_upload check' is clicked on

2019-11-25 09:37:40 - [TEST_STEP][PASSED] - waitForElementVisible: Object 'Object Repository/ADMIN/Categories/Category/button_upload save' is visible

2019-11-25 09:37:40 - [MESSAGE][WARNING] - Timeout '0' is invalid. Using default page load timeout: '30'

2019-11-25 09:37:40 - [MESSAGE][PASSED] - Object 'Object Repository/ADMIN/Categories/Category/button_upload save' is visible

2019-11-25 09:37:40 - [TEST_STEP][PASSED] - click: Object: 'Object Repository/ADMIN/Categories/Category/button_upload save' is clicked on

2019-11-25 09:37:40 - [MESSAGE][PASSED] - Object: 'Object Repository/ADMIN/Categories/Category/button_upload save' is clicked on

2019-11-25 09:37:40 - [TEST_STEP][PASSED] - delay: Delayed 1 second(s)

2019-11-25 09:37:41 - [MESSAGE][PASSED] - Delayed 1 second(s)

2019-11-25 09:37:41 - [TEST_STEP][PASSED] - setText: Text 'Description14' is set on object 'Object Repository/ADMIN/Categories/Category/textfield_category_description'

2019-11-25 09:37:41 - [MESSAGE][PASSED] - Text 'Description14' is set on object 'Object Repository/ADMIN/Categories/Category/textfield_category_description'

2019-11-25 09:37:41 - [TEST_STEP][PASSED] - click: Object: 'Object Repository/ADMIN/Categories/Category/button_Save' is clicked on

2019-11-25 09:37:41 - [MESSAGE][PASSED] - Object: 'Object Repository/ADMIN/Categories/Category/button_Save' is clicked on

2019-11-25 09:37:41 - [TEST_STEP][PASSED] - waitForElementVisible: Object 'Object Repository/ADMIN/Categories/Category/label_edit popup' is visible

2019-11-25 09:37:41 - [MESSAGE][WARNING] - Timeout '0' is invalid. Using default page load timeout: '30'

2019-11-25 09:37:42 - [MESSAGE][PASSED] - Object 'Object Repository/ADMIN/Categories/Category/label_edit popup' is visible

2019-11-25 09:37:42 - [TEST_STEP][PASSED] - waitForElementNotPresent: Web element with id: 'Object Repository/ADMIN/Categories/Category/label_edit popup' located by 'By.xpath: //div[(text() = 'Category was successfully saved.' or . = 'Category was successfully saved.')]' is not present after '30' second(s)

2019-11-25 09:37:42 - [MESSAGE][WARNING] - Timeout '0' is invalid. Using default page load timeout: '30'

2019-11-25 09:37:48 - [MESSAGE][PASSED] - Web element with id: 'Object Repository/ADMIN/Categories/Category/label_edit popup' located by 'By.xpath: //div[(text() = 'Category was successfully saved.' or . = 'Category was successfully saved.')]' is not present after '30' second(s)]]></system-out>
         <system-err><![CDATA[2019-11-25 09:37:30 - [TEST_CASE][FAILED] - Test Cases/ADMIN/Content Mgmt/Categories/Category Add-Edit/Add Category: Test Cases/ADMIN/Content Mgmt/Categories/Category Add-Edit/Add Category FAILED because (of) Unable to upload file 'C:\\Users\\Arcadier\\git\\Trillia\\Images\\Category\\4.png' to object 'Object Repository/ADMIN/Categories/Category/image_input image' (Root cause: org.openqa.selenium.WebDriverException: invalid argument: File not found : C:\\Users\\Arcadier\\git\\Trillia\\Images\\Category\\4.png
  (Session info: chrome=78.0.3904.108)
  (Driver info: chromedriver=2.35.528161 (5b82f2d2aae0ca24b877009200ced9065a772e73),platform=Windows NT 6.1.7601 SP1 x86_64) (WARNING: The server did not provide any stacktrace information)
Command duration or timeout: 0 milliseconds
Build info: version: '3.7.1', revision: '8a0099a', time: '2017-11-06T21:07:36.161Z'
System info: host: 'APRIL-PC', ip: '10.10.31.51', os.name: 'Windows 7', os.arch: 'amd64', os.version: '6.1', java.version: '1.8.0_102'
Driver info: com.kms.katalon.selenium.driver.CChromeDriver
Capabilities {acceptInsecureCerts: false, acceptSslCerts: false, applicationCacheEnabled: false, browserConnectionEnabled: false, browserName: chrome, chrome: {chromedriverVersion: 2.35.528161 (5b82f2d2aae0ca..., userDataDir: C:\Users\April\AppData\Loca...}, cssSelectorsEnabled: true, databaseEnabled: false, handlesAlerts: true, hasTouchScreen: false, javascriptEnabled: true, locationContextEnabled: true, mobileEmulationEnabled: false, nativeEvents: true, networkConnectionEnabled: false, pageLoadStrategy: normal, platform: XP, platformName: XP, rotatable: false, setWindowRect: true, takesHeapSnapshot: true, takesScreenshot: true, unexpectedAlertBehaviour: , unhandledPromptBehavior: , version: 78.0.3904.108, webStorageEnabled: true}
Session ID: cfe3a530f1bc406e2ea68220d7af8649)]]></system-err>
      </testcase>
      <testcase name="Test Cases/ADMIN/Content Mgmt/Categories/Category Add-Edit/Add Category" classname="Test Cases/ADMIN/Content Mgmt/Categories/Category Add-Edit/Add Category" status="FAILED">
         <failure type="FAILED" message="Unable to upload file 'C:\\Users\\Arcadier\\git\\Trillia\\Images\\Category\\4.png' to object 'Object Repository/ADMIN/Categories/Category/image_input image' (Root cause: org.openqa.selenium.WebDriverException: invalid argument: File not found : C:\\Users\\Arcadier\\git\\Trillia\\Images\\Category\\4.png
  (Session info: chrome=78.0.3904.108)
  (Driver info: chromedriver=2.35.528161 (5b82f2d2aae0ca24b877009200ced9065a772e73),platform=Windows NT 6.1.7601 SP1 x86_64) (WARNING: The server did not provide any stacktrace information)
Command duration or timeout: 0 milliseconds
Build info: version: '3.7.1', revision: '8a0099a', time: '2017-11-06T21:07:36.161Z'
System info: host: 'APRIL-PC', ip: '10.10.31.51', os.name: 'Windows 7', os.arch: 'amd64', os.version: '6.1', java.version: '1.8.0_102'
Driver info: com.kms.katalon.selenium.driver.CChromeDriver
Capabilities {acceptInsecureCerts: false, acceptSslCerts: false, applicationCacheEnabled: false, browserConnectionEnabled: false, browserName: chrome, chrome: {chromedriverVersion: 2.35.528161 (5b82f2d2aae0ca..., userDataDir: C:\Users\April\AppData\Loca...}, cssSelectorsEnabled: true, databaseEnabled: false, handlesAlerts: true, hasTouchScreen: false, javascriptEnabled: true, locationContextEnabled: true, mobileEmulationEnabled: false, nativeEvents: true, networkConnectionEnabled: false, pageLoadStrategy: normal, platform: XP, platformName: XP, rotatable: false, setWindowRect: true, takesHeapSnapshot: true, takesScreenshot: true, unexpectedAlertBehaviour: , unhandledPromptBehavior: , version: 78.0.3904.108, webStorageEnabled: true}
Session ID: cfe3a530f1bc406e2ea68220d7af8649)"/>
         <system-out><![CDATA[2019-11-25 09:37:48 - [TEST_CASE][FAILED] - Test Cases/ADMIN/Content Mgmt/Categories/Category Add-Edit/Add Category: Test Cases/ADMIN/Content Mgmt/Categories/Category Add-Edit/Add Category FAILED because (of) Unable to upload file 'C:\\Users\\Arcadier\\git\\Trillia\\Images\\Category\\4.png' to object 'Object Repository/ADMIN/Categories/Category/image_input image' (Root cause: org.openqa.selenium.WebDriverException: invalid argument: File not found : C:\\Users\\Arcadier\\git\\Trillia\\Images\\Category\\4.png
  (Session info: chrome=78.0.3904.108)
  (Driver info: chromedriver=2.35.528161 (5b82f2d2aae0ca24b877009200ced9065a772e73),platform=Windows NT 6.1.7601 SP1 x86_64) (WARNING: The server did not provide any stacktrace information)
Command duration or timeout: 0 milliseconds
Build info: version: '3.7.1', revision: '8a0099a', time: '2017-11-06T21:07:36.161Z'
System info: host: 'APRIL-PC', ip: '10.10.31.51', os.name: 'Windows 7', os.arch: 'amd64', os.version: '6.1', java.version: '1.8.0_102'
Driver info: com.kms.katalon.selenium.driver.CChromeDriver
Capabilities {acceptInsecureCerts: false, acceptSslCerts: false, applicationCacheEnabled: false, browserConnectionEnabled: false, browserName: chrome, chrome: {chromedriverVersion: 2.35.528161 (5b82f2d2aae0ca..., userDataDir: C:\Users\April\AppData\Loca...}, cssSelectorsEnabled: true, databaseEnabled: false, handlesAlerts: true, hasTouchScreen: false, javascriptEnabled: true, locationContextEnabled: true, mobileEmulationEnabled: false, nativeEvents: true, networkConnectionEnabled: false, pageLoadStrategy: normal, platform: XP, platformName: XP, rotatable: false, setWindowRect: true, takesHeapSnapshot: true, takesScreenshot: true, unexpectedAlertBehaviour: , unhandledPromptBehavior: , version: 78.0.3904.108, webStorageEnabled: true}
Session ID: cfe3a530f1bc406e2ea68220d7af8649)

2019-11-25 09:37:48 - [TEST_STEP][PASSED] - waitForElementVisible: Object 'Object Repository/ADMIN/Categories/Category List/button_Content Mgmt' is visible

2019-11-25 09:37:48 - [MESSAGE][WARNING] - Timeout '0' is invalid. Using default page load timeout: '30'

2019-11-25 09:37:48 - [MESSAGE][PASSED] - Object 'Object Repository/ADMIN/Categories/Category List/button_Content Mgmt' is visible

2019-11-25 09:37:48 - [TEST_STEP][PASSED] - click: Object: 'Object Repository/ADMIN/Categories/Category List/button_Content Mgmt' is clicked on

2019-11-25 09:37:48 - [MESSAGE][PASSED] - Object: 'Object Repository/ADMIN/Categories/Category List/button_Content Mgmt' is clicked on

2019-11-25 09:37:48 - [TEST_STEP][PASSED] - waitForElementVisible: Object 'Object Repository/ADMIN/Categories/Category List/button_Categories' is visible

2019-11-25 09:37:48 - [MESSAGE][WARNING] - Timeout '0' is invalid. Using default page load timeout: '30'

2019-11-25 09:37:48 - [MESSAGE][PASSED] - Object 'Object Repository/ADMIN/Categories/Category List/button_Categories' is visible

2019-11-25 09:37:48 - [TEST_STEP][PASSED] - click: Object: 'Object Repository/ADMIN/Categories/Category List/button_Categories' is clicked on

2019-11-25 09:37:50 - [MESSAGE][PASSED] - Object: 'Object Repository/ADMIN/Categories/Category List/button_Categories' is clicked on

2019-11-25 09:37:50 - [TEST_STEP][PASSED] - click: Object: 'Object Repository/ADMIN/Categories/Category List/button_AddACategory' is clicked on

2019-11-25 09:37:50 - [MESSAGE][PASSED] - Object: 'Object Repository/ADMIN/Categories/Category List/button_AddACategory' is clicked on

2019-11-25 09:37:50 - [TEST_STEP][PASSED] - waitForElementPresent: Object 'Object Repository/ADMIN/Categories/Category/dropdown_Parent' is present

2019-11-25 09:37:50 - [MESSAGE][PASSED] - Object 'Object Repository/ADMIN/Categories/Category/dropdown_Parent' is present

2019-11-25 09:37:50 - [TEST_STEP][PASSED] - delay: Delayed 1 second(s)

2019-11-25 09:37:51 - [MESSAGE][PASSED] - Delayed 1 second(s)

2019-11-25 09:37:51 - [TEST_STEP][PASSED] - setText: Text 'Category 4.5' is set on object 'Object Repository/ADMIN/Categories/Category/textfield_Category Name'

2019-11-25 09:37:51 - [MESSAGE][PASSED] - Text 'Category 4.5' is set on object 'Object Repository/ADMIN/Categories/Category/textfield_Category Name'

2019-11-25 09:37:51 - [TEST_STEP][PASSED] - click: Object: 'Object Repository/ADMIN/Categories/Category/dropdown_Parent' is clicked on

2019-11-25 09:37:51 - [MESSAGE][PASSED] - Object: 'Object Repository/ADMIN/Categories/Category/dropdown_Parent' is clicked on

2019-11-25 09:37:51 - [TEST_STEP][PASSED] - delay: Delayed 2 second(s)

2019-11-25 09:37:53 - [MESSAGE][PASSED] - Delayed 2 second(s)

2019-11-25 09:37:53 - [TEST_STEP][PASSED] - click: Object: 'Object Repository/ADMIN/Categories/Category/dropdown_Parent' is clicked on

2019-11-25 09:37:53 - [MESSAGE][PASSED] - Object: 'Object Repository/ADMIN/Categories/Category/dropdown_Parent' is clicked on

2019-11-25 09:37:53 - [TEST_STEP][PASSED] - selectOptionByLabel: All options with label 'Category 04' are selected in object 'Object Repository/ADMIN/Categories/Category/dropdown_Parent' 

2019-11-25 09:37:54 - [MESSAGE][PASSED] - All options with label 'Category 04' are selected in object 'Object Repository/ADMIN/Categories/Category/dropdown_Parent' 

2019-11-25 09:37:54 - [TEST_STEP][PASSED] - click: Object: 'Object Repository/ADMIN/Categories/Category/button_Browse' is clicked on

2019-11-25 09:37:54 - [MESSAGE][PASSED] - Object: 'Object Repository/ADMIN/Categories/Category/button_Browse' is clicked on

2019-11-25 09:37:54 - [TEST_STEP][PASSED] - delay: Delayed 1 second(s)

2019-11-25 09:37:55 - [MESSAGE][PASSED] - Delayed 1 second(s)

2019-11-25 09:37:55 - [TEST_STEP][FAILED] - uploadFile: Unable to upload file 'C:\\Users\\Arcadier\\git\\Trillia\\Images\\Category\\4.png' to object 'Object Repository/ADMIN/Categories/Category/image_input image' (Root cause: org.openqa.selenium.WebDriverException: invalid argument: File not found : C:\\Users\\Arcadier\\git\\Trillia\\Images\\Category\\4.png
  (Session info: chrome=78.0.3904.108)
  (Driver info: chromedriver=2.35.528161 (5b82f2d2aae0ca24b877009200ced9065a772e73),platform=Windows NT 6.1.7601 SP1 x86_64) (WARNING: The server did not provide any stacktrace information)
Command duration or timeout: 0 milliseconds
Build info: version: '3.7.1', revision: '8a0099a', time: '2017-11-06T21:07:36.161Z'
System info: host: 'APRIL-PC', ip: '10.10.31.51', os.name: 'Windows 7', os.arch: 'amd64', os.version: '6.1', java.version: '1.8.0_102'
Driver info: com.kms.katalon.selenium.driver.CChromeDriver
Capabilities {acceptInsecureCerts: false, acceptSslCerts: false, applicationCacheEnabled: false, browserConnectionEnabled: false, browserName: chrome, chrome: {chromedriverVersion: 2.35.528161 (5b82f2d2aae0ca..., userDataDir: C:\Users\April\AppData\Loca...}, cssSelectorsEnabled: true, databaseEnabled: false, handlesAlerts: true, hasTouchScreen: false, javascriptEnabled: true, locationContextEnabled: true, mobileEmulationEnabled: false, nativeEvents: true, networkConnectionEnabled: false, pageLoadStrategy: normal, platform: XP, platformName: XP, rotatable: false, setWindowRect: true, takesHeapSnapshot: true, takesScreenshot: true, unexpectedAlertBehaviour: , unhandledPromptBehavior: , version: 78.0.3904.108, webStorageEnabled: true}
Session ID: cfe3a530f1bc406e2ea68220d7af8649)

2019-11-25 09:37:55 - [MESSAGE][FAILED] - Unable to upload file 'C:\\Users\\Arcadier\\git\\Trillia\\Images\\Category\\4.png' to object 'Object Repository/ADMIN/Categories/Category/image_input image' (Root cause: org.openqa.selenium.WebDriverException: invalid argument: File not found : C:\\Users\\Arcadier\\git\\Trillia\\Images\\Category\\4.png
  (Session info: chrome=78.0.3904.108)
  (Driver info: chromedriver=2.35.528161 (5b82f2d2aae0ca24b877009200ced9065a772e73),platform=Windows NT 6.1.7601 SP1 x86_64) (WARNING: The server did not provide any stacktrace information)
Command duration or timeout: 0 milliseconds
Build info: version: '3.7.1', revision: '8a0099a', time: '2017-11-06T21:07:36.161Z'
System info: host: 'APRIL-PC', ip: '10.10.31.51', os.name: 'Windows 7', os.arch: 'amd64', os.version: '6.1', java.version: '1.8.0_102'
Driver info: com.kms.katalon.selenium.driver.CChromeDriver
Capabilities {acceptInsecureCerts: false, acceptSslCerts: false, applicationCacheEnabled: false, browserConnectionEnabled: false, browserName: chrome, chrome: {chromedriverVersion: 2.35.528161 (5b82f2d2aae0ca..., userDataDir: C:\Users\April\AppData\Loca...}, cssSelectorsEnabled: true, databaseEnabled: false, handlesAlerts: true, hasTouchScreen: false, javascriptEnabled: true, locationContextEnabled: true, mobileEmulationEnabled: false, nativeEvents: true, networkConnectionEnabled: false, pageLoadStrategy: normal, platform: XP, platformName: XP, rotatable: false, setWindowRect: true, takesHeapSnapshot: true, takesScreenshot: true, unexpectedAlertBehaviour: , unhandledPromptBehavior: , version: 78.0.3904.108, webStorageEnabled: true}
Session ID: cfe3a530f1bc406e2ea68220d7af8649)
[[ATTACHMENT|C:\\Users\\April\\git\\Trillia\\Reports\\Admin\\Categories\\Add Category\\20191125_093242\\1574645875122.png]]

2019-11-25 09:37:55 - [TEST_STEP][PASSED] - waitForElementVisible: Object 'Object Repository/ADMIN/Categories/Category/button_upload check' is visible

2019-11-25 09:37:55 - [MESSAGE][WARNING] - Timeout '0' is invalid. Using default page load timeout: '30'

2019-11-25 09:37:59 - [MESSAGE][PASSED] - Object 'Object Repository/ADMIN/Categories/Category/button_upload check' is visible

2019-11-25 09:37:59 - [TEST_STEP][PASSED] - click: Object: 'Object Repository/ADMIN/Categories/Category/button_upload check' is clicked on

2019-11-25 09:37:59 - [MESSAGE][PASSED] - Object: 'Object Repository/ADMIN/Categories/Category/button_upload check' is clicked on

2019-11-25 09:37:59 - [TEST_STEP][PASSED] - waitForElementVisible: Object 'Object Repository/ADMIN/Categories/Category/button_upload save' is visible

2019-11-25 09:37:59 - [MESSAGE][WARNING] - Timeout '0' is invalid. Using default page load timeout: '30'

2019-11-25 09:37:59 - [MESSAGE][PASSED] - Object 'Object Repository/ADMIN/Categories/Category/button_upload save' is visible

2019-11-25 09:37:59 - [TEST_STEP][PASSED] - click: Object: 'Object Repository/ADMIN/Categories/Category/button_upload save' is clicked on

2019-11-25 09:37:59 - [MESSAGE][PASSED] - Object: 'Object Repository/ADMIN/Categories/Category/button_upload save' is clicked on

2019-11-25 09:37:59 - [TEST_STEP][PASSED] - delay: Delayed 1 second(s)

2019-11-25 09:38:00 - [MESSAGE][PASSED] - Delayed 1 second(s)

2019-11-25 09:38:00 - [TEST_STEP][PASSED] - setText: Text 'Description15' is set on object 'Object Repository/ADMIN/Categories/Category/textfield_category_description'

2019-11-25 09:38:00 - [MESSAGE][PASSED] - Text 'Description15' is set on object 'Object Repository/ADMIN/Categories/Category/textfield_category_description'

2019-11-25 09:38:00 - [TEST_STEP][PASSED] - click: Object: 'Object Repository/ADMIN/Categories/Category/button_Save' is clicked on

2019-11-25 09:38:00 - [MESSAGE][PASSED] - Object: 'Object Repository/ADMIN/Categories/Category/button_Save' is clicked on

2019-11-25 09:38:00 - [TEST_STEP][PASSED] - waitForElementVisible: Object 'Object Repository/ADMIN/Categories/Category/label_edit popup' is visible

2019-11-25 09:38:00 - [MESSAGE][WARNING] - Timeout '0' is invalid. Using default page load timeout: '30'

2019-11-25 09:38:01 - [MESSAGE][PASSED] - Object 'Object Repository/ADMIN/Categories/Category/label_edit popup' is visible

2019-11-25 09:38:01 - [TEST_STEP][PASSED] - waitForElementNotPresent: Web element with id: 'Object Repository/ADMIN/Categories/Category/label_edit popup' located by 'By.xpath: //div[(text() = 'Category was successfully saved.' or . = 'Category was successfully saved.')]' is not present after '30' second(s)

2019-11-25 09:38:01 - [MESSAGE][WARNING] - Timeout '0' is invalid. Using default page load timeout: '30'

2019-11-25 09:38:06 - [MESSAGE][PASSED] - Web element with id: 'Object Repository/ADMIN/Categories/Category/label_edit popup' located by 'By.xpath: //div[(text() = 'Category was successfully saved.' or . = 'Category was successfully saved.')]' is not present after '30' second(s)]]></system-out>
         <system-err><![CDATA[2019-11-25 09:37:48 - [TEST_CASE][FAILED] - Test Cases/ADMIN/Content Mgmt/Categories/Category Add-Edit/Add Category: Test Cases/ADMIN/Content Mgmt/Categories/Category Add-Edit/Add Category FAILED because (of) Unable to upload file 'C:\\Users\\Arcadier\\git\\Trillia\\Images\\Category\\4.png' to object 'Object Repository/ADMIN/Categories/Category/image_input image' (Root cause: org.openqa.selenium.WebDriverException: invalid argument: File not found : C:\\Users\\Arcadier\\git\\Trillia\\Images\\Category\\4.png
  (Session info: chrome=78.0.3904.108)
  (Driver info: chromedriver=2.35.528161 (5b82f2d2aae0ca24b877009200ced9065a772e73),platform=Windows NT 6.1.7601 SP1 x86_64) (WARNING: The server did not provide any stacktrace information)
Command duration or timeout: 0 milliseconds
Build info: version: '3.7.1', revision: '8a0099a', time: '2017-11-06T21:07:36.161Z'
System info: host: 'APRIL-PC', ip: '10.10.31.51', os.name: 'Windows 7', os.arch: 'amd64', os.version: '6.1', java.version: '1.8.0_102'
Driver info: com.kms.katalon.selenium.driver.CChromeDriver
Capabilities {acceptInsecureCerts: false, acceptSslCerts: false, applicationCacheEnabled: false, browserConnectionEnabled: false, browserName: chrome, chrome: {chromedriverVersion: 2.35.528161 (5b82f2d2aae0ca..., userDataDir: C:\Users\April\AppData\Loca...}, cssSelectorsEnabled: true, databaseEnabled: false, handlesAlerts: true, hasTouchScreen: false, javascriptEnabled: true, locationContextEnabled: true, mobileEmulationEnabled: false, nativeEvents: true, networkConnectionEnabled: false, pageLoadStrategy: normal, platform: XP, platformName: XP, rotatable: false, setWindowRect: true, takesHeapSnapshot: true, takesScreenshot: true, unexpectedAlertBehaviour: , unhandledPromptBehavior: , version: 78.0.3904.108, webStorageEnabled: true}
Session ID: cfe3a530f1bc406e2ea68220d7af8649)]]></system-err>
      </testcase>
      <testcase name="Test Cases/ADMIN/Content Mgmt/Categories/Category Add-Edit/Add Category" classname="Test Cases/ADMIN/Content Mgmt/Categories/Category Add-Edit/Add Category" status="FAILED">
         <failure type="FAILED" message="Unable to upload file 'C:\\Users\\Arcadier\\git\\Trillia\\Images\\Category\\4.png' to object 'Object Repository/ADMIN/Categories/Category/image_input image' (Root cause: org.openqa.selenium.WebDriverException: invalid argument: File not found : C:\\Users\\Arcadier\\git\\Trillia\\Images\\Category\\4.png
  (Session info: chrome=78.0.3904.108)
  (Driver info: chromedriver=2.35.528161 (5b82f2d2aae0ca24b877009200ced9065a772e73),platform=Windows NT 6.1.7601 SP1 x86_64) (WARNING: The server did not provide any stacktrace information)
Command duration or timeout: 0 milliseconds
Build info: version: '3.7.1', revision: '8a0099a', time: '2017-11-06T21:07:36.161Z'
System info: host: 'APRIL-PC', ip: '10.10.31.51', os.name: 'Windows 7', os.arch: 'amd64', os.version: '6.1', java.version: '1.8.0_102'
Driver info: com.kms.katalon.selenium.driver.CChromeDriver
Capabilities {acceptInsecureCerts: false, acceptSslCerts: false, applicationCacheEnabled: false, browserConnectionEnabled: false, browserName: chrome, chrome: {chromedriverVersion: 2.35.528161 (5b82f2d2aae0ca..., userDataDir: C:\Users\April\AppData\Loca...}, cssSelectorsEnabled: true, databaseEnabled: false, handlesAlerts: true, hasTouchScreen: false, javascriptEnabled: true, locationContextEnabled: true, mobileEmulationEnabled: false, nativeEvents: true, networkConnectionEnabled: false, pageLoadStrategy: normal, platform: XP, platformName: XP, rotatable: false, setWindowRect: true, takesHeapSnapshot: true, takesScreenshot: true, unexpectedAlertBehaviour: , unhandledPromptBehavior: , version: 78.0.3904.108, webStorageEnabled: true}
Session ID: cfe3a530f1bc406e2ea68220d7af8649)"/>
         <system-out><![CDATA[2019-11-25 09:38:06 - [TEST_CASE][FAILED] - Test Cases/ADMIN/Content Mgmt/Categories/Category Add-Edit/Add Category: Test Cases/ADMIN/Content Mgmt/Categories/Category Add-Edit/Add Category FAILED because (of) Unable to upload file 'C:\\Users\\Arcadier\\git\\Trillia\\Images\\Category\\4.png' to object 'Object Repository/ADMIN/Categories/Category/image_input image' (Root cause: org.openqa.selenium.WebDriverException: invalid argument: File not found : C:\\Users\\Arcadier\\git\\Trillia\\Images\\Category\\4.png
  (Session info: chrome=78.0.3904.108)
  (Driver info: chromedriver=2.35.528161 (5b82f2d2aae0ca24b877009200ced9065a772e73),platform=Windows NT 6.1.7601 SP1 x86_64) (WARNING: The server did not provide any stacktrace information)
Command duration or timeout: 0 milliseconds
Build info: version: '3.7.1', revision: '8a0099a', time: '2017-11-06T21:07:36.161Z'
System info: host: 'APRIL-PC', ip: '10.10.31.51', os.name: 'Windows 7', os.arch: 'amd64', os.version: '6.1', java.version: '1.8.0_102'
Driver info: com.kms.katalon.selenium.driver.CChromeDriver
Capabilities {acceptInsecureCerts: false, acceptSslCerts: false, applicationCacheEnabled: false, browserConnectionEnabled: false, browserName: chrome, chrome: {chromedriverVersion: 2.35.528161 (5b82f2d2aae0ca..., userDataDir: C:\Users\April\AppData\Loca...}, cssSelectorsEnabled: true, databaseEnabled: false, handlesAlerts: true, hasTouchScreen: false, javascriptEnabled: true, locationContextEnabled: true, mobileEmulationEnabled: false, nativeEvents: true, networkConnectionEnabled: false, pageLoadStrategy: normal, platform: XP, platformName: XP, rotatable: false, setWindowRect: true, takesHeapSnapshot: true, takesScreenshot: true, unexpectedAlertBehaviour: , unhandledPromptBehavior: , version: 78.0.3904.108, webStorageEnabled: true}
Session ID: cfe3a530f1bc406e2ea68220d7af8649)

2019-11-25 09:38:06 - [TEST_STEP][PASSED] - waitForElementVisible: Object 'Object Repository/ADMIN/Categories/Category List/button_Content Mgmt' is visible

2019-11-25 09:38:06 - [MESSAGE][WARNING] - Timeout '0' is invalid. Using default page load timeout: '30'

2019-11-25 09:38:06 - [MESSAGE][PASSED] - Object 'Object Repository/ADMIN/Categories/Category List/button_Content Mgmt' is visible

2019-11-25 09:38:06 - [TEST_STEP][PASSED] - click: Object: 'Object Repository/ADMIN/Categories/Category List/button_Content Mgmt' is clicked on

2019-11-25 09:38:06 - [MESSAGE][PASSED] - Object: 'Object Repository/ADMIN/Categories/Category List/button_Content Mgmt' is clicked on

2019-11-25 09:38:06 - [TEST_STEP][PASSED] - waitForElementVisible: Object 'Object Repository/ADMIN/Categories/Category List/button_Categories' is visible

2019-11-25 09:38:06 - [MESSAGE][WARNING] - Timeout '0' is invalid. Using default page load timeout: '30'

2019-11-25 09:38:06 - [MESSAGE][PASSED] - Object 'Object Repository/ADMIN/Categories/Category List/button_Categories' is visible

2019-11-25 09:38:06 - [TEST_STEP][PASSED] - click: Object: 'Object Repository/ADMIN/Categories/Category List/button_Categories' is clicked on

2019-11-25 09:38:07 - [MESSAGE][PASSED] - Object: 'Object Repository/ADMIN/Categories/Category List/button_Categories' is clicked on

2019-11-25 09:38:07 - [TEST_STEP][PASSED] - click: Object: 'Object Repository/ADMIN/Categories/Category List/button_AddACategory' is clicked on

2019-11-25 09:38:08 - [MESSAGE][PASSED] - Object: 'Object Repository/ADMIN/Categories/Category List/button_AddACategory' is clicked on

2019-11-25 09:38:08 - [TEST_STEP][PASSED] - waitForElementPresent: Object 'Object Repository/ADMIN/Categories/Category/dropdown_Parent' is present

2019-11-25 09:38:08 - [MESSAGE][PASSED] - Object 'Object Repository/ADMIN/Categories/Category/dropdown_Parent' is present

2019-11-25 09:38:08 - [TEST_STEP][PASSED] - delay: Delayed 1 second(s)

2019-11-25 09:38:09 - [MESSAGE][PASSED] - Delayed 1 second(s)

2019-11-25 09:38:09 - [TEST_STEP][PASSED] - setText: Text 'Category 4.6' is set on object 'Object Repository/ADMIN/Categories/Category/textfield_Category Name'

2019-11-25 09:38:09 - [MESSAGE][PASSED] - Text 'Category 4.6' is set on object 'Object Repository/ADMIN/Categories/Category/textfield_Category Name'

2019-11-25 09:38:09 - [TEST_STEP][PASSED] - click: Object: 'Object Repository/ADMIN/Categories/Category/dropdown_Parent' is clicked on

2019-11-25 09:38:09 - [MESSAGE][PASSED] - Object: 'Object Repository/ADMIN/Categories/Category/dropdown_Parent' is clicked on

2019-11-25 09:38:09 - [TEST_STEP][PASSED] - delay: Delayed 2 second(s)

2019-11-25 09:38:11 - [MESSAGE][PASSED] - Delayed 2 second(s)

2019-11-25 09:38:11 - [TEST_STEP][PASSED] - click: Object: 'Object Repository/ADMIN/Categories/Category/dropdown_Parent' is clicked on

2019-11-25 09:38:11 - [MESSAGE][PASSED] - Object: 'Object Repository/ADMIN/Categories/Category/dropdown_Parent' is clicked on

2019-11-25 09:38:11 - [TEST_STEP][PASSED] - selectOptionByLabel: All options with label 'Category 04' are selected in object 'Object Repository/ADMIN/Categories/Category/dropdown_Parent' 

2019-11-25 09:38:11 - [MESSAGE][PASSED] - All options with label 'Category 04' are selected in object 'Object Repository/ADMIN/Categories/Category/dropdown_Parent' 

2019-11-25 09:38:11 - [TEST_STEP][PASSED] - click: Object: 'Object Repository/ADMIN/Categories/Category/button_Browse' is clicked on

2019-11-25 09:38:11 - [MESSAGE][PASSED] - Object: 'Object Repository/ADMIN/Categories/Category/button_Browse' is clicked on

2019-11-25 09:38:11 - [TEST_STEP][PASSED] - delay: Delayed 1 second(s)

2019-11-25 09:38:12 - [MESSAGE][PASSED] - Delayed 1 second(s)

2019-11-25 09:38:12 - [TEST_STEP][FAILED] - uploadFile: Unable to upload file 'C:\\Users\\Arcadier\\git\\Trillia\\Images\\Category\\4.png' to object 'Object Repository/ADMIN/Categories/Category/image_input image' (Root cause: org.openqa.selenium.WebDriverException: invalid argument: File not found : C:\\Users\\Arcadier\\git\\Trillia\\Images\\Category\\4.png
  (Session info: chrome=78.0.3904.108)
  (Driver info: chromedriver=2.35.528161 (5b82f2d2aae0ca24b877009200ced9065a772e73),platform=Windows NT 6.1.7601 SP1 x86_64) (WARNING: The server did not provide any stacktrace information)
Command duration or timeout: 0 milliseconds
Build info: version: '3.7.1', revision: '8a0099a', time: '2017-11-06T21:07:36.161Z'
System info: host: 'APRIL-PC', ip: '10.10.31.51', os.name: 'Windows 7', os.arch: 'amd64', os.version: '6.1', java.version: '1.8.0_102'
Driver info: com.kms.katalon.selenium.driver.CChromeDriver
Capabilities {acceptInsecureCerts: false, acceptSslCerts: false, applicationCacheEnabled: false, browserConnectionEnabled: false, browserName: chrome, chrome: {chromedriverVersion: 2.35.528161 (5b82f2d2aae0ca..., userDataDir: C:\Users\April\AppData\Loca...}, cssSelectorsEnabled: true, databaseEnabled: false, handlesAlerts: true, hasTouchScreen: false, javascriptEnabled: true, locationContextEnabled: true, mobileEmulationEnabled: false, nativeEvents: true, networkConnectionEnabled: false, pageLoadStrategy: normal, platform: XP, platformName: XP, rotatable: false, setWindowRect: true, takesHeapSnapshot: true, takesScreenshot: true, unexpectedAlertBehaviour: , unhandledPromptBehavior: , version: 78.0.3904.108, webStorageEnabled: true}
Session ID: cfe3a530f1bc406e2ea68220d7af8649)

2019-11-25 09:38:12 - [MESSAGE][FAILED] - Unable to upload file 'C:\\Users\\Arcadier\\git\\Trillia\\Images\\Category\\4.png' to object 'Object Repository/ADMIN/Categories/Category/image_input image' (Root cause: org.openqa.selenium.WebDriverException: invalid argument: File not found : C:\\Users\\Arcadier\\git\\Trillia\\Images\\Category\\4.png
  (Session info: chrome=78.0.3904.108)
  (Driver info: chromedriver=2.35.528161 (5b82f2d2aae0ca24b877009200ced9065a772e73),platform=Windows NT 6.1.7601 SP1 x86_64) (WARNING: The server did not provide any stacktrace information)
Command duration or timeout: 0 milliseconds
Build info: version: '3.7.1', revision: '8a0099a', time: '2017-11-06T21:07:36.161Z'
System info: host: 'APRIL-PC', ip: '10.10.31.51', os.name: 'Windows 7', os.arch: 'amd64', os.version: '6.1', java.version: '1.8.0_102'
Driver info: com.kms.katalon.selenium.driver.CChromeDriver
Capabilities {acceptInsecureCerts: false, acceptSslCerts: false, applicationCacheEnabled: false, browserConnectionEnabled: false, browserName: chrome, chrome: {chromedriverVersion: 2.35.528161 (5b82f2d2aae0ca..., userDataDir: C:\Users\April\AppData\Loca...}, cssSelectorsEnabled: true, databaseEnabled: false, handlesAlerts: true, hasTouchScreen: false, javascriptEnabled: true, locationContextEnabled: true, mobileEmulationEnabled: false, nativeEvents: true, networkConnectionEnabled: false, pageLoadStrategy: normal, platform: XP, platformName: XP, rotatable: false, setWindowRect: true, takesHeapSnapshot: true, takesScreenshot: true, unexpectedAlertBehaviour: , unhandledPromptBehavior: , version: 78.0.3904.108, webStorageEnabled: true}
Session ID: cfe3a530f1bc406e2ea68220d7af8649)
[[ATTACHMENT|C:\\Users\\April\\git\\Trillia\\Reports\\Admin\\Categories\\Add Category\\20191125_093242\\1574645892483.png]]

2019-11-25 09:38:12 - [TEST_STEP][PASSED] - waitForElementVisible: Object 'Object Repository/ADMIN/Categories/Category/button_upload check' is visible

2019-11-25 09:38:12 - [MESSAGE][WARNING] - Timeout '0' is invalid. Using default page load timeout: '30'

2019-11-25 09:38:23 - [MESSAGE][PASSED] - Object 'Object Repository/ADMIN/Categories/Category/button_upload check' is visible

2019-11-25 09:38:23 - [TEST_STEP][PASSED] - click: Object: 'Object Repository/ADMIN/Categories/Category/button_upload check' is clicked on

2019-11-25 09:38:23 - [MESSAGE][PASSED] - Object: 'Object Repository/ADMIN/Categories/Category/button_upload check' is clicked on

2019-11-25 09:38:23 - [TEST_STEP][PASSED] - waitForElementVisible: Object 'Object Repository/ADMIN/Categories/Category/button_upload save' is visible

2019-11-25 09:38:23 - [MESSAGE][WARNING] - Timeout '0' is invalid. Using default page load timeout: '30'

2019-11-25 09:38:23 - [MESSAGE][PASSED] - Object 'Object Repository/ADMIN/Categories/Category/button_upload save' is visible

2019-11-25 09:38:23 - [TEST_STEP][PASSED] - click: Object: 'Object Repository/ADMIN/Categories/Category/button_upload save' is clicked on

2019-11-25 09:38:23 - [MESSAGE][PASSED] - Object: 'Object Repository/ADMIN/Categories/Category/button_upload save' is clicked on

2019-11-25 09:38:23 - [TEST_STEP][PASSED] - delay: Delayed 1 second(s)

2019-11-25 09:38:24 - [MESSAGE][PASSED] - Delayed 1 second(s)

2019-11-25 09:38:24 - [TEST_STEP][PASSED] - setText: Text 'Description16' is set on object 'Object Repository/ADMIN/Categories/Category/textfield_category_description'

2019-11-25 09:38:24 - [MESSAGE][PASSED] - Text 'Description16' is set on object 'Object Repository/ADMIN/Categories/Category/textfield_category_description'

2019-11-25 09:38:24 - [TEST_STEP][PASSED] - click: Object: 'Object Repository/ADMIN/Categories/Category/button_Save' is clicked on

2019-11-25 09:38:24 - [MESSAGE][PASSED] - Object: 'Object Repository/ADMIN/Categories/Category/button_Save' is clicked on

2019-11-25 09:38:24 - [TEST_STEP][PASSED] - waitForElementVisible: Object 'Object Repository/ADMIN/Categories/Category/label_edit popup' is visible

2019-11-25 09:38:24 - [MESSAGE][WARNING] - Timeout '0' is invalid. Using default page load timeout: '30'

2019-11-25 09:38:25 - [MESSAGE][PASSED] - Object 'Object Repository/ADMIN/Categories/Category/label_edit popup' is visible

2019-11-25 09:38:25 - [TEST_STEP][PASSED] - waitForElementNotPresent: Web element with id: 'Object Repository/ADMIN/Categories/Category/label_edit popup' located by 'By.xpath: //div[(text() = 'Category was successfully saved.' or . = 'Category was successfully saved.')]' is not present after '30' second(s)

2019-11-25 09:38:25 - [MESSAGE][WARNING] - Timeout '0' is invalid. Using default page load timeout: '30'

2019-11-25 09:38:30 - [MESSAGE][PASSED] - Web element with id: 'Object Repository/ADMIN/Categories/Category/label_edit popup' located by 'By.xpath: //div[(text() = 'Category was successfully saved.' or . = 'Category was successfully saved.')]' is not present after '30' second(s)]]></system-out>
         <system-err><![CDATA[2019-11-25 09:38:06 - [TEST_CASE][FAILED] - Test Cases/ADMIN/Content Mgmt/Categories/Category Add-Edit/Add Category: Test Cases/ADMIN/Content Mgmt/Categories/Category Add-Edit/Add Category FAILED because (of) Unable to upload file 'C:\\Users\\Arcadier\\git\\Trillia\\Images\\Category\\4.png' to object 'Object Repository/ADMIN/Categories/Category/image_input image' (Root cause: org.openqa.selenium.WebDriverException: invalid argument: File not found : C:\\Users\\Arcadier\\git\\Trillia\\Images\\Category\\4.png
  (Session info: chrome=78.0.3904.108)
  (Driver info: chromedriver=2.35.528161 (5b82f2d2aae0ca24b877009200ced9065a772e73),platform=Windows NT 6.1.7601 SP1 x86_64) (WARNING: The server did not provide any stacktrace information)
Command duration or timeout: 0 milliseconds
Build info: version: '3.7.1', revision: '8a0099a', time: '2017-11-06T21:07:36.161Z'
System info: host: 'APRIL-PC', ip: '10.10.31.51', os.name: 'Windows 7', os.arch: 'amd64', os.version: '6.1', java.version: '1.8.0_102'
Driver info: com.kms.katalon.selenium.driver.CChromeDriver
Capabilities {acceptInsecureCerts: false, acceptSslCerts: false, applicationCacheEnabled: false, browserConnectionEnabled: false, browserName: chrome, chrome: {chromedriverVersion: 2.35.528161 (5b82f2d2aae0ca..., userDataDir: C:\Users\April\AppData\Loca...}, cssSelectorsEnabled: true, databaseEnabled: false, handlesAlerts: true, hasTouchScreen: false, javascriptEnabled: true, locationContextEnabled: true, mobileEmulationEnabled: false, nativeEvents: true, networkConnectionEnabled: false, pageLoadStrategy: normal, platform: XP, platformName: XP, rotatable: false, setWindowRect: true, takesHeapSnapshot: true, takesScreenshot: true, unexpectedAlertBehaviour: , unhandledPromptBehavior: , version: 78.0.3904.108, webStorageEnabled: true}
Session ID: cfe3a530f1bc406e2ea68220d7af8649)]]></system-err>
      </testcase>
      <testcase name="Test Cases/ADMIN/Content Mgmt/Categories/Category Add-Edit/Add Category" classname="Test Cases/ADMIN/Content Mgmt/Categories/Category Add-Edit/Add Category" status="FAILED">
         <failure type="FAILED" message="Unable to upload file 'C:\\Users\\Arcadier\\git\\Trillia\\Images\\Category\\4.png' to object 'Object Repository/ADMIN/Categories/Category/image_input image' (Root cause: org.openqa.selenium.WebDriverException: invalid argument: File not found : C:\\Users\\Arcadier\\git\\Trillia\\Images\\Category\\4.png
  (Session info: chrome=78.0.3904.108)
  (Driver info: chromedriver=2.35.528161 (5b82f2d2aae0ca24b877009200ced9065a772e73),platform=Windows NT 6.1.7601 SP1 x86_64) (WARNING: The server did not provide any stacktrace information)
Command duration or timeout: 0 milliseconds
Build info: version: '3.7.1', revision: '8a0099a', time: '2017-11-06T21:07:36.161Z'
System info: host: 'APRIL-PC', ip: '10.10.31.51', os.name: 'Windows 7', os.arch: 'amd64', os.version: '6.1', java.version: '1.8.0_102'
Driver info: com.kms.katalon.selenium.driver.CChromeDriver
Capabilities {acceptInsecureCerts: false, acceptSslCerts: false, applicationCacheEnabled: false, browserConnectionEnabled: false, browserName: chrome, chrome: {chromedriverVersion: 2.35.528161 (5b82f2d2aae0ca..., userDataDir: C:\Users\April\AppData\Loca...}, cssSelectorsEnabled: true, databaseEnabled: false, handlesAlerts: true, hasTouchScreen: false, javascriptEnabled: true, locationContextEnabled: true, mobileEmulationEnabled: false, nativeEvents: true, networkConnectionEnabled: false, pageLoadStrategy: normal, platform: XP, platformName: XP, rotatable: false, setWindowRect: true, takesHeapSnapshot: true, takesScreenshot: true, unexpectedAlertBehaviour: , unhandledPromptBehavior: , version: 78.0.3904.108, webStorageEnabled: true}
Session ID: cfe3a530f1bc406e2ea68220d7af8649)"/>
         <system-out><![CDATA[2019-11-25 09:38:30 - [TEST_CASE][FAILED] - Test Cases/ADMIN/Content Mgmt/Categories/Category Add-Edit/Add Category: Test Cases/ADMIN/Content Mgmt/Categories/Category Add-Edit/Add Category FAILED because (of) Unable to upload file 'C:\\Users\\Arcadier\\git\\Trillia\\Images\\Category\\4.png' to object 'Object Repository/ADMIN/Categories/Category/image_input image' (Root cause: org.openqa.selenium.WebDriverException: invalid argument: File not found : C:\\Users\\Arcadier\\git\\Trillia\\Images\\Category\\4.png
  (Session info: chrome=78.0.3904.108)
  (Driver info: chromedriver=2.35.528161 (5b82f2d2aae0ca24b877009200ced9065a772e73),platform=Windows NT 6.1.7601 SP1 x86_64) (WARNING: The server did not provide any stacktrace information)
Command duration or timeout: 0 milliseconds
Build info: version: '3.7.1', revision: '8a0099a', time: '2017-11-06T21:07:36.161Z'
System info: host: 'APRIL-PC', ip: '10.10.31.51', os.name: 'Windows 7', os.arch: 'amd64', os.version: '6.1', java.version: '1.8.0_102'
Driver info: com.kms.katalon.selenium.driver.CChromeDriver
Capabilities {acceptInsecureCerts: false, acceptSslCerts: false, applicationCacheEnabled: false, browserConnectionEnabled: false, browserName: chrome, chrome: {chromedriverVersion: 2.35.528161 (5b82f2d2aae0ca..., userDataDir: C:\Users\April\AppData\Loca...}, cssSelectorsEnabled: true, databaseEnabled: false, handlesAlerts: true, hasTouchScreen: false, javascriptEnabled: true, locationContextEnabled: true, mobileEmulationEnabled: false, nativeEvents: true, networkConnectionEnabled: false, pageLoadStrategy: normal, platform: XP, platformName: XP, rotatable: false, setWindowRect: true, takesHeapSnapshot: true, takesScreenshot: true, unexpectedAlertBehaviour: , unhandledPromptBehavior: , version: 78.0.3904.108, webStorageEnabled: true}
Session ID: cfe3a530f1bc406e2ea68220d7af8649)

2019-11-25 09:38:30 - [TEST_STEP][PASSED] - waitForElementVisible: Object 'Object Repository/ADMIN/Categories/Category List/button_Content Mgmt' is visible

2019-11-25 09:38:30 - [MESSAGE][WARNING] - Timeout '0' is invalid. Using default page load timeout: '30'

2019-11-25 09:38:31 - [MESSAGE][PASSED] - Object 'Object Repository/ADMIN/Categories/Category List/button_Content Mgmt' is visible

2019-11-25 09:38:31 - [TEST_STEP][PASSED] - click: Object: 'Object Repository/ADMIN/Categories/Category List/button_Content Mgmt' is clicked on

2019-11-25 09:38:31 - [MESSAGE][PASSED] - Object: 'Object Repository/ADMIN/Categories/Category List/button_Content Mgmt' is clicked on

2019-11-25 09:38:31 - [TEST_STEP][PASSED] - waitForElementVisible: Object 'Object Repository/ADMIN/Categories/Category List/button_Categories' is visible

2019-11-25 09:38:31 - [MESSAGE][WARNING] - Timeout '0' is invalid. Using default page load timeout: '30'

2019-11-25 09:38:31 - [MESSAGE][PASSED] - Object 'Object Repository/ADMIN/Categories/Category List/button_Categories' is visible

2019-11-25 09:38:31 - [TEST_STEP][PASSED] - click: Object: 'Object Repository/ADMIN/Categories/Category List/button_Categories' is clicked on

2019-11-25 09:38:31 - [MESSAGE][PASSED] - Object: 'Object Repository/ADMIN/Categories/Category List/button_Categories' is clicked on

2019-11-25 09:38:31 - [TEST_STEP][PASSED] - click: Object: 'Object Repository/ADMIN/Categories/Category List/button_AddACategory' is clicked on

2019-11-25 09:38:32 - [MESSAGE][PASSED] - Object: 'Object Repository/ADMIN/Categories/Category List/button_AddACategory' is clicked on

2019-11-25 09:38:32 - [TEST_STEP][PASSED] - waitForElementPresent: Object 'Object Repository/ADMIN/Categories/Category/dropdown_Parent' is present

2019-11-25 09:38:32 - [MESSAGE][PASSED] - Object 'Object Repository/ADMIN/Categories/Category/dropdown_Parent' is present

2019-11-25 09:38:32 - [TEST_STEP][PASSED] - delay: Delayed 1 second(s)

2019-11-25 09:38:33 - [MESSAGE][PASSED] - Delayed 1 second(s)

2019-11-25 09:38:33 - [TEST_STEP][PASSED] - setText: Text 'Category 4.7' is set on object 'Object Repository/ADMIN/Categories/Category/textfield_Category Name'

2019-11-25 09:38:38 - [MESSAGE][PASSED] - Text 'Category 4.7' is set on object 'Object Repository/ADMIN/Categories/Category/textfield_Category Name'

2019-11-25 09:38:38 - [TEST_STEP][PASSED] - click: Object: 'Object Repository/ADMIN/Categories/Category/dropdown_Parent' is clicked on

2019-11-25 09:38:38 - [MESSAGE][PASSED] - Object: 'Object Repository/ADMIN/Categories/Category/dropdown_Parent' is clicked on

2019-11-25 09:38:38 - [TEST_STEP][PASSED] - delay: Delayed 2 second(s)

2019-11-25 09:38:40 - [MESSAGE][PASSED] - Delayed 2 second(s)

2019-11-25 09:38:40 - [TEST_STEP][PASSED] - click: Object: 'Object Repository/ADMIN/Categories/Category/dropdown_Parent' is clicked on

2019-11-25 09:38:40 - [MESSAGE][PASSED] - Object: 'Object Repository/ADMIN/Categories/Category/dropdown_Parent' is clicked on

2019-11-25 09:38:40 - [TEST_STEP][PASSED] - selectOptionByLabel: All options with label 'Category 04' are selected in object 'Object Repository/ADMIN/Categories/Category/dropdown_Parent' 

2019-11-25 09:38:40 - [MESSAGE][PASSED] - All options with label 'Category 04' are selected in object 'Object Repository/ADMIN/Categories/Category/dropdown_Parent' 

2019-11-25 09:38:40 - [TEST_STEP][PASSED] - click: Object: 'Object Repository/ADMIN/Categories/Category/button_Browse' is clicked on

2019-11-25 09:38:40 - [MESSAGE][PASSED] - Object: 'Object Repository/ADMIN/Categories/Category/button_Browse' is clicked on

2019-11-25 09:38:40 - [TEST_STEP][PASSED] - delay: Delayed 1 second(s)

2019-11-25 09:38:41 - [MESSAGE][PASSED] - Delayed 1 second(s)

2019-11-25 09:38:41 - [TEST_STEP][FAILED] - uploadFile: Unable to upload file 'C:\\Users\\Arcadier\\git\\Trillia\\Images\\Category\\4.png' to object 'Object Repository/ADMIN/Categories/Category/image_input image' (Root cause: org.openqa.selenium.WebDriverException: invalid argument: File not found : C:\\Users\\Arcadier\\git\\Trillia\\Images\\Category\\4.png
  (Session info: chrome=78.0.3904.108)
  (Driver info: chromedriver=2.35.528161 (5b82f2d2aae0ca24b877009200ced9065a772e73),platform=Windows NT 6.1.7601 SP1 x86_64) (WARNING: The server did not provide any stacktrace information)
Command duration or timeout: 0 milliseconds
Build info: version: '3.7.1', revision: '8a0099a', time: '2017-11-06T21:07:36.161Z'
System info: host: 'APRIL-PC', ip: '10.10.31.51', os.name: 'Windows 7', os.arch: 'amd64', os.version: '6.1', java.version: '1.8.0_102'
Driver info: com.kms.katalon.selenium.driver.CChromeDriver
Capabilities {acceptInsecureCerts: false, acceptSslCerts: false, applicationCacheEnabled: false, browserConnectionEnabled: false, browserName: chrome, chrome: {chromedriverVersion: 2.35.528161 (5b82f2d2aae0ca..., userDataDir: C:\Users\April\AppData\Loca...}, cssSelectorsEnabled: true, databaseEnabled: false, handlesAlerts: true, hasTouchScreen: false, javascriptEnabled: true, locationContextEnabled: true, mobileEmulationEnabled: false, nativeEvents: true, networkConnectionEnabled: false, pageLoadStrategy: normal, platform: XP, platformName: XP, rotatable: false, setWindowRect: true, takesHeapSnapshot: true, takesScreenshot: true, unexpectedAlertBehaviour: , unhandledPromptBehavior: , version: 78.0.3904.108, webStorageEnabled: true}
Session ID: cfe3a530f1bc406e2ea68220d7af8649)

2019-11-25 09:38:42 - [MESSAGE][FAILED] - Unable to upload file 'C:\\Users\\Arcadier\\git\\Trillia\\Images\\Category\\4.png' to object 'Object Repository/ADMIN/Categories/Category/image_input image' (Root cause: org.openqa.selenium.WebDriverException: invalid argument: File not found : C:\\Users\\Arcadier\\git\\Trillia\\Images\\Category\\4.png
  (Session info: chrome=78.0.3904.108)
  (Driver info: chromedriver=2.35.528161 (5b82f2d2aae0ca24b877009200ced9065a772e73),platform=Windows NT 6.1.7601 SP1 x86_64) (WARNING: The server did not provide any stacktrace information)
Command duration or timeout: 0 milliseconds
Build info: version: '3.7.1', revision: '8a0099a', time: '2017-11-06T21:07:36.161Z'
System info: host: 'APRIL-PC', ip: '10.10.31.51', os.name: 'Windows 7', os.arch: 'amd64', os.version: '6.1', java.version: '1.8.0_102'
Driver info: com.kms.katalon.selenium.driver.CChromeDriver
Capabilities {acceptInsecureCerts: false, acceptSslCerts: false, applicationCacheEnabled: false, browserConnectionEnabled: false, browserName: chrome, chrome: {chromedriverVersion: 2.35.528161 (5b82f2d2aae0ca..., userDataDir: C:\Users\April\AppData\Loca...}, cssSelectorsEnabled: true, databaseEnabled: false, handlesAlerts: true, hasTouchScreen: false, javascriptEnabled: true, locationContextEnabled: true, mobileEmulationEnabled: false, nativeEvents: true, networkConnectionEnabled: false, pageLoadStrategy: normal, platform: XP, platformName: XP, rotatable: false, setWindowRect: true, takesHeapSnapshot: true, takesScreenshot: true, unexpectedAlertBehaviour: , unhandledPromptBehavior: , version: 78.0.3904.108, webStorageEnabled: true}
Session ID: cfe3a530f1bc406e2ea68220d7af8649)
[[ATTACHMENT|C:\\Users\\April\\git\\Trillia\\Reports\\Admin\\Categories\\Add Category\\20191125_093242\\1574645921668.png]]

2019-11-25 09:38:42 - [TEST_STEP][PASSED] - waitForElementVisible: Object 'Object Repository/ADMIN/Categories/Category/button_upload check' is visible

2019-11-25 09:38:42 - [MESSAGE][WARNING] - Timeout '0' is invalid. Using default page load timeout: '30'

2019-11-25 09:38:47 - [MESSAGE][PASSED] - Object 'Object Repository/ADMIN/Categories/Category/button_upload check' is visible

2019-11-25 09:38:47 - [TEST_STEP][PASSED] - click: Object: 'Object Repository/ADMIN/Categories/Category/button_upload check' is clicked on

2019-11-25 09:38:48 - [MESSAGE][PASSED] - Object: 'Object Repository/ADMIN/Categories/Category/button_upload check' is clicked on

2019-11-25 09:38:48 - [TEST_STEP][PASSED] - waitForElementVisible: Object 'Object Repository/ADMIN/Categories/Category/button_upload save' is visible

2019-11-25 09:38:48 - [MESSAGE][WARNING] - Timeout '0' is invalid. Using default page load timeout: '30'

2019-11-25 09:38:48 - [MESSAGE][PASSED] - Object 'Object Repository/ADMIN/Categories/Category/button_upload save' is visible

2019-11-25 09:38:48 - [TEST_STEP][PASSED] - click: Object: 'Object Repository/ADMIN/Categories/Category/button_upload save' is clicked on

2019-11-25 09:38:48 - [MESSAGE][PASSED] - Object: 'Object Repository/ADMIN/Categories/Category/button_upload save' is clicked on

2019-11-25 09:38:48 - [TEST_STEP][PASSED] - delay: Delayed 1 second(s)

2019-11-25 09:38:49 - [MESSAGE][PASSED] - Delayed 1 second(s)

2019-11-25 09:38:49 - [TEST_STEP][PASSED] - setText: Text 'Description17' is set on object 'Object Repository/ADMIN/Categories/Category/textfield_category_description'

2019-11-25 09:38:49 - [MESSAGE][PASSED] - Text 'Description17' is set on object 'Object Repository/ADMIN/Categories/Category/textfield_category_description'

2019-11-25 09:38:49 - [TEST_STEP][PASSED] - click: Object: 'Object Repository/ADMIN/Categories/Category/button_Save' is clicked on

2019-11-25 09:38:49 - [MESSAGE][PASSED] - Object: 'Object Repository/ADMIN/Categories/Category/button_Save' is clicked on

2019-11-25 09:38:49 - [TEST_STEP][PASSED] - waitForElementVisible: Object 'Object Repository/ADMIN/Categories/Category/label_edit popup' is visible

2019-11-25 09:38:49 - [MESSAGE][WARNING] - Timeout '0' is invalid. Using default page load timeout: '30'

2019-11-25 09:38:50 - [MESSAGE][PASSED] - Object 'Object Repository/ADMIN/Categories/Category/label_edit popup' is visible

2019-11-25 09:38:50 - [TEST_STEP][PASSED] - waitForElementNotPresent: Web element with id: 'Object Repository/ADMIN/Categories/Category/label_edit popup' located by 'By.xpath: //div[(text() = 'Category was successfully saved.' or . = 'Category was successfully saved.')]' is not present after '30' second(s)

2019-11-25 09:38:50 - [MESSAGE][WARNING] - Timeout '0' is invalid. Using default page load timeout: '30'

2019-11-25 09:38:56 - [MESSAGE][PASSED] - Web element with id: 'Object Repository/ADMIN/Categories/Category/label_edit popup' located by 'By.xpath: //div[(text() = 'Category was successfully saved.' or . = 'Category was successfully saved.')]' is not present after '30' second(s)]]></system-out>
         <system-err><![CDATA[2019-11-25 09:38:30 - [TEST_CASE][FAILED] - Test Cases/ADMIN/Content Mgmt/Categories/Category Add-Edit/Add Category: Test Cases/ADMIN/Content Mgmt/Categories/Category Add-Edit/Add Category FAILED because (of) Unable to upload file 'C:\\Users\\Arcadier\\git\\Trillia\\Images\\Category\\4.png' to object 'Object Repository/ADMIN/Categories/Category/image_input image' (Root cause: org.openqa.selenium.WebDriverException: invalid argument: File not found : C:\\Users\\Arcadier\\git\\Trillia\\Images\\Category\\4.png
  (Session info: chrome=78.0.3904.108)
  (Driver info: chromedriver=2.35.528161 (5b82f2d2aae0ca24b877009200ced9065a772e73),platform=Windows NT 6.1.7601 SP1 x86_64) (WARNING: The server did not provide any stacktrace information)
Command duration or timeout: 0 milliseconds
Build info: version: '3.7.1', revision: '8a0099a', time: '2017-11-06T21:07:36.161Z'
System info: host: 'APRIL-PC', ip: '10.10.31.51', os.name: 'Windows 7', os.arch: 'amd64', os.version: '6.1', java.version: '1.8.0_102'
Driver info: com.kms.katalon.selenium.driver.CChromeDriver
Capabilities {acceptInsecureCerts: false, acceptSslCerts: false, applicationCacheEnabled: false, browserConnectionEnabled: false, browserName: chrome, chrome: {chromedriverVersion: 2.35.528161 (5b82f2d2aae0ca..., userDataDir: C:\Users\April\AppData\Loca...}, cssSelectorsEnabled: true, databaseEnabled: false, handlesAlerts: true, hasTouchScreen: false, javascriptEnabled: true, locationContextEnabled: true, mobileEmulationEnabled: false, nativeEvents: true, networkConnectionEnabled: false, pageLoadStrategy: normal, platform: XP, platformName: XP, rotatable: false, setWindowRect: true, takesHeapSnapshot: true, takesScreenshot: true, unexpectedAlertBehaviour: , unhandledPromptBehavior: , version: 78.0.3904.108, webStorageEnabled: true}
Session ID: cfe3a530f1bc406e2ea68220d7af8649)]]></system-err>
      </testcase>
      <testcase name="Test Cases/ADMIN/Content Mgmt/Categories/Category Add-Edit/Add Category" classname="Test Cases/ADMIN/Content Mgmt/Categories/Category Add-Edit/Add Category" status="FAILED">
         <failure type="FAILED" message="Unable to upload file 'C:\\Users\\Arcadier\\git\\Trillia\\Images\\Category\\4.png' to object 'Object Repository/ADMIN/Categories/Category/image_input image' (Root cause: org.openqa.selenium.WebDriverException: invalid argument: File not found : C:\\Users\\Arcadier\\git\\Trillia\\Images\\Category\\4.png
  (Session info: chrome=78.0.3904.108)
  (Driver info: chromedriver=2.35.528161 (5b82f2d2aae0ca24b877009200ced9065a772e73),platform=Windows NT 6.1.7601 SP1 x86_64) (WARNING: The server did not provide any stacktrace information)
Command duration or timeout: 0 milliseconds
Build info: version: '3.7.1', revision: '8a0099a', time: '2017-11-06T21:07:36.161Z'
System info: host: 'APRIL-PC', ip: '10.10.31.51', os.name: 'Windows 7', os.arch: 'amd64', os.version: '6.1', java.version: '1.8.0_102'
Driver info: com.kms.katalon.selenium.driver.CChromeDriver
Capabilities {acceptInsecureCerts: false, acceptSslCerts: false, applicationCacheEnabled: false, browserConnectionEnabled: false, browserName: chrome, chrome: {chromedriverVersion: 2.35.528161 (5b82f2d2aae0ca..., userDataDir: C:\Users\April\AppData\Loca...}, cssSelectorsEnabled: true, databaseEnabled: false, handlesAlerts: true, hasTouchScreen: false, javascriptEnabled: true, locationContextEnabled: true, mobileEmulationEnabled: false, nativeEvents: true, networkConnectionEnabled: false, pageLoadStrategy: normal, platform: XP, platformName: XP, rotatable: false, setWindowRect: true, takesHeapSnapshot: true, takesScreenshot: true, unexpectedAlertBehaviour: , unhandledPromptBehavior: , version: 78.0.3904.108, webStorageEnabled: true}
Session ID: cfe3a530f1bc406e2ea68220d7af8649)"/>
         <system-out><![CDATA[2019-11-25 09:38:56 - [TEST_CASE][FAILED] - Test Cases/ADMIN/Content Mgmt/Categories/Category Add-Edit/Add Category: Test Cases/ADMIN/Content Mgmt/Categories/Category Add-Edit/Add Category FAILED because (of) Unable to upload file 'C:\\Users\\Arcadier\\git\\Trillia\\Images\\Category\\4.png' to object 'Object Repository/ADMIN/Categories/Category/image_input image' (Root cause: org.openqa.selenium.WebDriverException: invalid argument: File not found : C:\\Users\\Arcadier\\git\\Trillia\\Images\\Category\\4.png
  (Session info: chrome=78.0.3904.108)
  (Driver info: chromedriver=2.35.528161 (5b82f2d2aae0ca24b877009200ced9065a772e73),platform=Windows NT 6.1.7601 SP1 x86_64) (WARNING: The server did not provide any stacktrace information)
Command duration or timeout: 0 milliseconds
Build info: version: '3.7.1', revision: '8a0099a', time: '2017-11-06T21:07:36.161Z'
System info: host: 'APRIL-PC', ip: '10.10.31.51', os.name: 'Windows 7', os.arch: 'amd64', os.version: '6.1', java.version: '1.8.0_102'
Driver info: com.kms.katalon.selenium.driver.CChromeDriver
Capabilities {acceptInsecureCerts: false, acceptSslCerts: false, applicationCacheEnabled: false, browserConnectionEnabled: false, browserName: chrome, chrome: {chromedriverVersion: 2.35.528161 (5b82f2d2aae0ca..., userDataDir: C:\Users\April\AppData\Loca...}, cssSelectorsEnabled: true, databaseEnabled: false, handlesAlerts: true, hasTouchScreen: false, javascriptEnabled: true, locationContextEnabled: true, mobileEmulationEnabled: false, nativeEvents: true, networkConnectionEnabled: false, pageLoadStrategy: normal, platform: XP, platformName: XP, rotatable: false, setWindowRect: true, takesHeapSnapshot: true, takesScreenshot: true, unexpectedAlertBehaviour: , unhandledPromptBehavior: , version: 78.0.3904.108, webStorageEnabled: true}
Session ID: cfe3a530f1bc406e2ea68220d7af8649)

2019-11-25 09:38:56 - [TEST_STEP][PASSED] - waitForElementVisible: Object 'Object Repository/ADMIN/Categories/Category List/button_Content Mgmt' is visible

2019-11-25 09:38:56 - [MESSAGE][WARNING] - Timeout '0' is invalid. Using default page load timeout: '30'

2019-11-25 09:38:56 - [MESSAGE][PASSED] - Object 'Object Repository/ADMIN/Categories/Category List/button_Content Mgmt' is visible

2019-11-25 09:38:56 - [TEST_STEP][PASSED] - click: Object: 'Object Repository/ADMIN/Categories/Category List/button_Content Mgmt' is clicked on

2019-11-25 09:38:56 - [MESSAGE][PASSED] - Object: 'Object Repository/ADMIN/Categories/Category List/button_Content Mgmt' is clicked on

2019-11-25 09:38:56 - [TEST_STEP][PASSED] - waitForElementVisible: Object 'Object Repository/ADMIN/Categories/Category List/button_Categories' is visible

2019-11-25 09:38:56 - [MESSAGE][WARNING] - Timeout '0' is invalid. Using default page load timeout: '30'

2019-11-25 09:38:56 - [MESSAGE][PASSED] - Object 'Object Repository/ADMIN/Categories/Category List/button_Categories' is visible

2019-11-25 09:38:56 - [TEST_STEP][PASSED] - click: Object: 'Object Repository/ADMIN/Categories/Category List/button_Categories' is clicked on

2019-11-25 09:38:56 - [MESSAGE][PASSED] - Object: 'Object Repository/ADMIN/Categories/Category List/button_Categories' is clicked on

2019-11-25 09:38:56 - [TEST_STEP][PASSED] - click: Object: 'Object Repository/ADMIN/Categories/Category List/button_AddACategory' is clicked on

2019-11-25 09:38:57 - [MESSAGE][PASSED] - Object: 'Object Repository/ADMIN/Categories/Category List/button_AddACategory' is clicked on

2019-11-25 09:38:57 - [TEST_STEP][PASSED] - waitForElementPresent: Object 'Object Repository/ADMIN/Categories/Category/dropdown_Parent' is present

2019-11-25 09:38:57 - [MESSAGE][PASSED] - Object 'Object Repository/ADMIN/Categories/Category/dropdown_Parent' is present

2019-11-25 09:38:57 - [TEST_STEP][PASSED] - delay: Delayed 1 second(s)

2019-11-25 09:38:58 - [MESSAGE][PASSED] - Delayed 1 second(s)

2019-11-25 09:38:58 - [TEST_STEP][PASSED] - setText: Text 'Category 4.8' is set on object 'Object Repository/ADMIN/Categories/Category/textfield_Category Name'

2019-11-25 09:38:58 - [MESSAGE][PASSED] - Text 'Category 4.8' is set on object 'Object Repository/ADMIN/Categories/Category/textfield_Category Name'

2019-11-25 09:38:58 - [TEST_STEP][PASSED] - click: Object: 'Object Repository/ADMIN/Categories/Category/dropdown_Parent' is clicked on

2019-11-25 09:38:58 - [MESSAGE][PASSED] - Object: 'Object Repository/ADMIN/Categories/Category/dropdown_Parent' is clicked on

2019-11-25 09:38:58 - [TEST_STEP][PASSED] - delay: Delayed 2 second(s)

2019-11-25 09:39:00 - [MESSAGE][PASSED] - Delayed 2 second(s)

2019-11-25 09:39:00 - [TEST_STEP][PASSED] - click: Object: 'Object Repository/ADMIN/Categories/Category/dropdown_Parent' is clicked on

2019-11-25 09:39:00 - [MESSAGE][PASSED] - Object: 'Object Repository/ADMIN/Categories/Category/dropdown_Parent' is clicked on

2019-11-25 09:39:00 - [TEST_STEP][PASSED] - selectOptionByLabel: All options with label 'Category 04' are selected in object 'Object Repository/ADMIN/Categories/Category/dropdown_Parent' 

2019-11-25 09:39:00 - [MESSAGE][PASSED] - All options with label 'Category 04' are selected in object 'Object Repository/ADMIN/Categories/Category/dropdown_Parent' 

2019-11-25 09:39:00 - [TEST_STEP][PASSED] - click: Object: 'Object Repository/ADMIN/Categories/Category/button_Browse' is clicked on

2019-11-25 09:39:00 - [MESSAGE][PASSED] - Object: 'Object Repository/ADMIN/Categories/Category/button_Browse' is clicked on

2019-11-25 09:39:00 - [TEST_STEP][PASSED] - delay: Delayed 1 second(s)

2019-11-25 09:39:01 - [MESSAGE][PASSED] - Delayed 1 second(s)

2019-11-25 09:39:01 - [TEST_STEP][FAILED] - uploadFile: Unable to upload file 'C:\\Users\\Arcadier\\git\\Trillia\\Images\\Category\\4.png' to object 'Object Repository/ADMIN/Categories/Category/image_input image' (Root cause: org.openqa.selenium.WebDriverException: invalid argument: File not found : C:\\Users\\Arcadier\\git\\Trillia\\Images\\Category\\4.png
  (Session info: chrome=78.0.3904.108)
  (Driver info: chromedriver=2.35.528161 (5b82f2d2aae0ca24b877009200ced9065a772e73),platform=Windows NT 6.1.7601 SP1 x86_64) (WARNING: The server did not provide any stacktrace information)
Command duration or timeout: 0 milliseconds
Build info: version: '3.7.1', revision: '8a0099a', time: '2017-11-06T21:07:36.161Z'
System info: host: 'APRIL-PC', ip: '10.10.31.51', os.name: 'Windows 7', os.arch: 'amd64', os.version: '6.1', java.version: '1.8.0_102'
Driver info: com.kms.katalon.selenium.driver.CChromeDriver
Capabilities {acceptInsecureCerts: false, acceptSslCerts: false, applicationCacheEnabled: false, browserConnectionEnabled: false, browserName: chrome, chrome: {chromedriverVersion: 2.35.528161 (5b82f2d2aae0ca..., userDataDir: C:\Users\April\AppData\Loca...}, cssSelectorsEnabled: true, databaseEnabled: false, handlesAlerts: true, hasTouchScreen: false, javascriptEnabled: true, locationContextEnabled: true, mobileEmulationEnabled: false, nativeEvents: true, networkConnectionEnabled: false, pageLoadStrategy: normal, platform: XP, platformName: XP, rotatable: false, setWindowRect: true, takesHeapSnapshot: true, takesScreenshot: true, unexpectedAlertBehaviour: , unhandledPromptBehavior: , version: 78.0.3904.108, webStorageEnabled: true}
Session ID: cfe3a530f1bc406e2ea68220d7af8649)

2019-11-25 09:39:02 - [MESSAGE][FAILED] - Unable to upload file 'C:\\Users\\Arcadier\\git\\Trillia\\Images\\Category\\4.png' to object 'Object Repository/ADMIN/Categories/Category/image_input image' (Root cause: org.openqa.selenium.WebDriverException: invalid argument: File not found : C:\\Users\\Arcadier\\git\\Trillia\\Images\\Category\\4.png
  (Session info: chrome=78.0.3904.108)
  (Driver info: chromedriver=2.35.528161 (5b82f2d2aae0ca24b877009200ced9065a772e73),platform=Windows NT 6.1.7601 SP1 x86_64) (WARNING: The server did not provide any stacktrace information)
Command duration or timeout: 0 milliseconds
Build info: version: '3.7.1', revision: '8a0099a', time: '2017-11-06T21:07:36.161Z'
System info: host: 'APRIL-PC', ip: '10.10.31.51', os.name: 'Windows 7', os.arch: 'amd64', os.version: '6.1', java.version: '1.8.0_102'
Driver info: com.kms.katalon.selenium.driver.CChromeDriver
Capabilities {acceptInsecureCerts: false, acceptSslCerts: false, applicationCacheEnabled: false, browserConnectionEnabled: false, browserName: chrome, chrome: {chromedriverVersion: 2.35.528161 (5b82f2d2aae0ca..., userDataDir: C:\Users\April\AppData\Loca...}, cssSelectorsEnabled: true, databaseEnabled: false, handlesAlerts: true, hasTouchScreen: false, javascriptEnabled: true, locationContextEnabled: true, mobileEmulationEnabled: false, nativeEvents: true, networkConnectionEnabled: false, pageLoadStrategy: normal, platform: XP, platformName: XP, rotatable: false, setWindowRect: true, takesHeapSnapshot: true, takesScreenshot: true, unexpectedAlertBehaviour: , unhandledPromptBehavior: , version: 78.0.3904.108, webStorageEnabled: true}
Session ID: cfe3a530f1bc406e2ea68220d7af8649)
[[ATTACHMENT|C:\\Users\\April\\git\\Trillia\\Reports\\Admin\\Categories\\Add Category\\20191125_093242\\1574645941923.png]]

2019-11-25 09:39:02 - [TEST_STEP][PASSED] - waitForElementVisible: Object 'Object Repository/ADMIN/Categories/Category/button_upload check' is visible

2019-11-25 09:39:02 - [MESSAGE][WARNING] - Timeout '0' is invalid. Using default page load timeout: '30'

2019-11-25 09:39:06 - [MESSAGE][PASSED] - Object 'Object Repository/ADMIN/Categories/Category/button_upload check' is visible

2019-11-25 09:39:06 - [TEST_STEP][PASSED] - click: Object: 'Object Repository/ADMIN/Categories/Category/button_upload check' is clicked on

2019-11-25 09:39:06 - [MESSAGE][PASSED] - Object: 'Object Repository/ADMIN/Categories/Category/button_upload check' is clicked on

2019-11-25 09:39:06 - [TEST_STEP][PASSED] - waitForElementVisible: Object 'Object Repository/ADMIN/Categories/Category/button_upload save' is visible

2019-11-25 09:39:06 - [MESSAGE][WARNING] - Timeout '0' is invalid. Using default page load timeout: '30'

2019-11-25 09:39:06 - [MESSAGE][PASSED] - Object 'Object Repository/ADMIN/Categories/Category/button_upload save' is visible

2019-11-25 09:39:06 - [TEST_STEP][PASSED] - click: Object: 'Object Repository/ADMIN/Categories/Category/button_upload save' is clicked on

2019-11-25 09:39:06 - [MESSAGE][PASSED] - Object: 'Object Repository/ADMIN/Categories/Category/button_upload save' is clicked on

2019-11-25 09:39:06 - [TEST_STEP][PASSED] - delay: Delayed 1 second(s)

2019-11-25 09:39:07 - [MESSAGE][PASSED] - Delayed 1 second(s)

2019-11-25 09:39:07 - [TEST_STEP][PASSED] - setText: Text 'Description18' is set on object 'Object Repository/ADMIN/Categories/Category/textfield_category_description'

2019-11-25 09:39:07 - [MESSAGE][PASSED] - Text 'Description18' is set on object 'Object Repository/ADMIN/Categories/Category/textfield_category_description'

2019-11-25 09:39:07 - [TEST_STEP][PASSED] - click: Object: 'Object Repository/ADMIN/Categories/Category/button_Save' is clicked on

2019-11-25 09:39:07 - [MESSAGE][PASSED] - Object: 'Object Repository/ADMIN/Categories/Category/button_Save' is clicked on

2019-11-25 09:39:07 - [TEST_STEP][PASSED] - waitForElementVisible: Object 'Object Repository/ADMIN/Categories/Category/label_edit popup' is visible

2019-11-25 09:39:07 - [MESSAGE][WARNING] - Timeout '0' is invalid. Using default page load timeout: '30'

2019-11-25 09:39:08 - [MESSAGE][PASSED] - Object 'Object Repository/ADMIN/Categories/Category/label_edit popup' is visible

2019-11-25 09:39:08 - [TEST_STEP][PASSED] - waitForElementNotPresent: Web element with id: 'Object Repository/ADMIN/Categories/Category/label_edit popup' located by 'By.xpath: //div[(text() = 'Category was successfully saved.' or . = 'Category was successfully saved.')]' is not present after '30' second(s)

2019-11-25 09:39:08 - [MESSAGE][WARNING] - Timeout '0' is invalid. Using default page load timeout: '30'

2019-11-25 09:39:14 - [MESSAGE][PASSED] - Web element with id: 'Object Repository/ADMIN/Categories/Category/label_edit popup' located by 'By.xpath: //div[(text() = 'Category was successfully saved.' or . = 'Category was successfully saved.')]' is not present after '30' second(s)]]></system-out>
         <system-err><![CDATA[2019-11-25 09:38:56 - [TEST_CASE][FAILED] - Test Cases/ADMIN/Content Mgmt/Categories/Category Add-Edit/Add Category: Test Cases/ADMIN/Content Mgmt/Categories/Category Add-Edit/Add Category FAILED because (of) Unable to upload file 'C:\\Users\\Arcadier\\git\\Trillia\\Images\\Category\\4.png' to object 'Object Repository/ADMIN/Categories/Category/image_input image' (Root cause: org.openqa.selenium.WebDriverException: invalid argument: File not found : C:\\Users\\Arcadier\\git\\Trillia\\Images\\Category\\4.png
  (Session info: chrome=78.0.3904.108)
  (Driver info: chromedriver=2.35.528161 (5b82f2d2aae0ca24b877009200ced9065a772e73),platform=Windows NT 6.1.7601 SP1 x86_64) (WARNING: The server did not provide any stacktrace information)
Command duration or timeout: 0 milliseconds
Build info: version: '3.7.1', revision: '8a0099a', time: '2017-11-06T21:07:36.161Z'
System info: host: 'APRIL-PC', ip: '10.10.31.51', os.name: 'Windows 7', os.arch: 'amd64', os.version: '6.1', java.version: '1.8.0_102'
Driver info: com.kms.katalon.selenium.driver.CChromeDriver
Capabilities {acceptInsecureCerts: false, acceptSslCerts: false, applicationCacheEnabled: false, browserConnectionEnabled: false, browserName: chrome, chrome: {chromedriverVersion: 2.35.528161 (5b82f2d2aae0ca..., userDataDir: C:\Users\April\AppData\Loca...}, cssSelectorsEnabled: true, databaseEnabled: false, handlesAlerts: true, hasTouchScreen: false, javascriptEnabled: true, locationContextEnabled: true, mobileEmulationEnabled: false, nativeEvents: true, networkConnectionEnabled: false, pageLoadStrategy: normal, platform: XP, platformName: XP, rotatable: false, setWindowRect: true, takesHeapSnapshot: true, takesScreenshot: true, unexpectedAlertBehaviour: , unhandledPromptBehavior: , version: 78.0.3904.108, webStorageEnabled: true}
Session ID: cfe3a530f1bc406e2ea68220d7af8649)]]></system-err>
      </testcase>
      <testcase name="Test Cases/ADMIN/Content Mgmt/Categories/Category Add-Edit/Add Category" classname="Test Cases/ADMIN/Content Mgmt/Categories/Category Add-Edit/Add Category" status="FAILED">
         <failure type="FAILED" message="Unable to upload file 'C:\\Users\\Arcadier\\git\\Trillia\\Images\\Category\\4.png' to object 'Object Repository/ADMIN/Categories/Category/image_input image' (Root cause: org.openqa.selenium.WebDriverException: invalid argument: File not found : C:\\Users\\Arcadier\\git\\Trillia\\Images\\Category\\4.png
  (Session info: chrome=78.0.3904.108)
  (Driver info: chromedriver=2.35.528161 (5b82f2d2aae0ca24b877009200ced9065a772e73),platform=Windows NT 6.1.7601 SP1 x86_64) (WARNING: The server did not provide any stacktrace information)
Command duration or timeout: 0 milliseconds
Build info: version: '3.7.1', revision: '8a0099a', time: '2017-11-06T21:07:36.161Z'
System info: host: 'APRIL-PC', ip: '10.10.31.51', os.name: 'Windows 7', os.arch: 'amd64', os.version: '6.1', java.version: '1.8.0_102'
Driver info: com.kms.katalon.selenium.driver.CChromeDriver
Capabilities {acceptInsecureCerts: false, acceptSslCerts: false, applicationCacheEnabled: false, browserConnectionEnabled: false, browserName: chrome, chrome: {chromedriverVersion: 2.35.528161 (5b82f2d2aae0ca..., userDataDir: C:\Users\April\AppData\Loca...}, cssSelectorsEnabled: true, databaseEnabled: false, handlesAlerts: true, hasTouchScreen: false, javascriptEnabled: true, locationContextEnabled: true, mobileEmulationEnabled: false, nativeEvents: true, networkConnectionEnabled: false, pageLoadStrategy: normal, platform: XP, platformName: XP, rotatable: false, setWindowRect: true, takesHeapSnapshot: true, takesScreenshot: true, unexpectedAlertBehaviour: , unhandledPromptBehavior: , version: 78.0.3904.108, webStorageEnabled: true}
Session ID: cfe3a530f1bc406e2ea68220d7af8649)"/>
         <system-out><![CDATA[2019-11-25 09:39:14 - [TEST_CASE][FAILED] - Test Cases/ADMIN/Content Mgmt/Categories/Category Add-Edit/Add Category: Test Cases/ADMIN/Content Mgmt/Categories/Category Add-Edit/Add Category FAILED because (of) Unable to upload file 'C:\\Users\\Arcadier\\git\\Trillia\\Images\\Category\\4.png' to object 'Object Repository/ADMIN/Categories/Category/image_input image' (Root cause: org.openqa.selenium.WebDriverException: invalid argument: File not found : C:\\Users\\Arcadier\\git\\Trillia\\Images\\Category\\4.png
  (Session info: chrome=78.0.3904.108)
  (Driver info: chromedriver=2.35.528161 (5b82f2d2aae0ca24b877009200ced9065a772e73),platform=Windows NT 6.1.7601 SP1 x86_64) (WARNING: The server did not provide any stacktrace information)
Command duration or timeout: 0 milliseconds
Build info: version: '3.7.1', revision: '8a0099a', time: '2017-11-06T21:07:36.161Z'
System info: host: 'APRIL-PC', ip: '10.10.31.51', os.name: 'Windows 7', os.arch: 'amd64', os.version: '6.1', java.version: '1.8.0_102'
Driver info: com.kms.katalon.selenium.driver.CChromeDriver
Capabilities {acceptInsecureCerts: false, acceptSslCerts: false, applicationCacheEnabled: false, browserConnectionEnabled: false, browserName: chrome, chrome: {chromedriverVersion: 2.35.528161 (5b82f2d2aae0ca..., userDataDir: C:\Users\April\AppData\Loca...}, cssSelectorsEnabled: true, databaseEnabled: false, handlesAlerts: true, hasTouchScreen: false, javascriptEnabled: true, locationContextEnabled: true, mobileEmulationEnabled: false, nativeEvents: true, networkConnectionEnabled: false, pageLoadStrategy: normal, platform: XP, platformName: XP, rotatable: false, setWindowRect: true, takesHeapSnapshot: true, takesScreenshot: true, unexpectedAlertBehaviour: , unhandledPromptBehavior: , version: 78.0.3904.108, webStorageEnabled: true}
Session ID: cfe3a530f1bc406e2ea68220d7af8649)

2019-11-25 09:39:14 - [TEST_STEP][PASSED] - waitForElementVisible: Object 'Object Repository/ADMIN/Categories/Category List/button_Content Mgmt' is visible

2019-11-25 09:39:14 - [MESSAGE][WARNING] - Timeout '0' is invalid. Using default page load timeout: '30'

2019-11-25 09:39:14 - [MESSAGE][PASSED] - Object 'Object Repository/ADMIN/Categories/Category List/button_Content Mgmt' is visible

2019-11-25 09:39:14 - [TEST_STEP][PASSED] - click: Object: 'Object Repository/ADMIN/Categories/Category List/button_Content Mgmt' is clicked on

2019-11-25 09:39:14 - [MESSAGE][PASSED] - Object: 'Object Repository/ADMIN/Categories/Category List/button_Content Mgmt' is clicked on

2019-11-25 09:39:14 - [TEST_STEP][PASSED] - waitForElementVisible: Object 'Object Repository/ADMIN/Categories/Category List/button_Categories' is visible

2019-11-25 09:39:14 - [MESSAGE][WARNING] - Timeout '0' is invalid. Using default page load timeout: '30'

2019-11-25 09:39:14 - [MESSAGE][PASSED] - Object 'Object Repository/ADMIN/Categories/Category List/button_Categories' is visible

2019-11-25 09:39:14 - [TEST_STEP][PASSED] - click: Object: 'Object Repository/ADMIN/Categories/Category List/button_Categories' is clicked on

2019-11-25 09:39:14 - [MESSAGE][PASSED] - Object: 'Object Repository/ADMIN/Categories/Category List/button_Categories' is clicked on

2019-11-25 09:39:14 - [TEST_STEP][PASSED] - click: Object: 'Object Repository/ADMIN/Categories/Category List/button_AddACategory' is clicked on

2019-11-25 09:39:15 - [MESSAGE][PASSED] - Object: 'Object Repository/ADMIN/Categories/Category List/button_AddACategory' is clicked on

2019-11-25 09:39:15 - [TEST_STEP][PASSED] - waitForElementPresent: Object 'Object Repository/ADMIN/Categories/Category/dropdown_Parent' is present

2019-11-25 09:39:15 - [MESSAGE][PASSED] - Object 'Object Repository/ADMIN/Categories/Category/dropdown_Parent' is present

2019-11-25 09:39:15 - [TEST_STEP][PASSED] - delay: Delayed 1 second(s)

2019-11-25 09:39:16 - [MESSAGE][PASSED] - Delayed 1 second(s)

2019-11-25 09:39:16 - [TEST_STEP][PASSED] - setText: Text 'Category 4.9' is set on object 'Object Repository/ADMIN/Categories/Category/textfield_Category Name'

2019-11-25 09:39:16 - [MESSAGE][PASSED] - Text 'Category 4.9' is set on object 'Object Repository/ADMIN/Categories/Category/textfield_Category Name'

2019-11-25 09:39:16 - [TEST_STEP][PASSED] - click: Object: 'Object Repository/ADMIN/Categories/Category/dropdown_Parent' is clicked on

2019-11-25 09:39:16 - [MESSAGE][PASSED] - Object: 'Object Repository/ADMIN/Categories/Category/dropdown_Parent' is clicked on

2019-11-25 09:39:16 - [TEST_STEP][PASSED] - delay: Delayed 2 second(s)

2019-11-25 09:39:18 - [MESSAGE][PASSED] - Delayed 2 second(s)

2019-11-25 09:39:18 - [TEST_STEP][PASSED] - click: Object: 'Object Repository/ADMIN/Categories/Category/dropdown_Parent' is clicked on

2019-11-25 09:39:18 - [MESSAGE][PASSED] - Object: 'Object Repository/ADMIN/Categories/Category/dropdown_Parent' is clicked on

2019-11-25 09:39:18 - [TEST_STEP][PASSED] - selectOptionByLabel: All options with label 'Category 04' are selected in object 'Object Repository/ADMIN/Categories/Category/dropdown_Parent' 

2019-11-25 09:39:18 - [MESSAGE][PASSED] - All options with label 'Category 04' are selected in object 'Object Repository/ADMIN/Categories/Category/dropdown_Parent' 

2019-11-25 09:39:18 - [TEST_STEP][PASSED] - click: Object: 'Object Repository/ADMIN/Categories/Category/button_Browse' is clicked on

2019-11-25 09:39:18 - [MESSAGE][PASSED] - Object: 'Object Repository/ADMIN/Categories/Category/button_Browse' is clicked on

2019-11-25 09:39:18 - [TEST_STEP][PASSED] - delay: Delayed 1 second(s)

2019-11-25 09:39:19 - [MESSAGE][PASSED] - Delayed 1 second(s)

2019-11-25 09:39:19 - [TEST_STEP][FAILED] - uploadFile: Unable to upload file 'C:\\Users\\Arcadier\\git\\Trillia\\Images\\Category\\4.png' to object 'Object Repository/ADMIN/Categories/Category/image_input image' (Root cause: org.openqa.selenium.WebDriverException: invalid argument: File not found : C:\\Users\\Arcadier\\git\\Trillia\\Images\\Category\\4.png
  (Session info: chrome=78.0.3904.108)
  (Driver info: chromedriver=2.35.528161 (5b82f2d2aae0ca24b877009200ced9065a772e73),platform=Windows NT 6.1.7601 SP1 x86_64) (WARNING: The server did not provide any stacktrace information)
Command duration or timeout: 0 milliseconds
Build info: version: '3.7.1', revision: '8a0099a', time: '2017-11-06T21:07:36.161Z'
System info: host: 'APRIL-PC', ip: '10.10.31.51', os.name: 'Windows 7', os.arch: 'amd64', os.version: '6.1', java.version: '1.8.0_102'
Driver info: com.kms.katalon.selenium.driver.CChromeDriver
Capabilities {acceptInsecureCerts: false, acceptSslCerts: false, applicationCacheEnabled: false, browserConnectionEnabled: false, browserName: chrome, chrome: {chromedriverVersion: 2.35.528161 (5b82f2d2aae0ca..., userDataDir: C:\Users\April\AppData\Loca...}, cssSelectorsEnabled: true, databaseEnabled: false, handlesAlerts: true, hasTouchScreen: false, javascriptEnabled: true, locationContextEnabled: true, mobileEmulationEnabled: false, nativeEvents: true, networkConnectionEnabled: false, pageLoadStrategy: normal, platform: XP, platformName: XP, rotatable: false, setWindowRect: true, takesHeapSnapshot: true, takesScreenshot: true, unexpectedAlertBehaviour: , unhandledPromptBehavior: , version: 78.0.3904.108, webStorageEnabled: true}
Session ID: cfe3a530f1bc406e2ea68220d7af8649)

2019-11-25 09:39:20 - [MESSAGE][FAILED] - Unable to upload file 'C:\\Users\\Arcadier\\git\\Trillia\\Images\\Category\\4.png' to object 'Object Repository/ADMIN/Categories/Category/image_input image' (Root cause: org.openqa.selenium.WebDriverException: invalid argument: File not found : C:\\Users\\Arcadier\\git\\Trillia\\Images\\Category\\4.png
  (Session info: chrome=78.0.3904.108)
  (Driver info: chromedriver=2.35.528161 (5b82f2d2aae0ca24b877009200ced9065a772e73),platform=Windows NT 6.1.7601 SP1 x86_64) (WARNING: The server did not provide any stacktrace information)
Command duration or timeout: 0 milliseconds
Build info: version: '3.7.1', revision: '8a0099a', time: '2017-11-06T21:07:36.161Z'
System info: host: 'APRIL-PC', ip: '10.10.31.51', os.name: 'Windows 7', os.arch: 'amd64', os.version: '6.1', java.version: '1.8.0_102'
Driver info: com.kms.katalon.selenium.driver.CChromeDriver
Capabilities {acceptInsecureCerts: false, acceptSslCerts: false, applicationCacheEnabled: false, browserConnectionEnabled: false, browserName: chrome, chrome: {chromedriverVersion: 2.35.528161 (5b82f2d2aae0ca..., userDataDir: C:\Users\April\AppData\Loca...}, cssSelectorsEnabled: true, databaseEnabled: false, handlesAlerts: true, hasTouchScreen: false, javascriptEnabled: true, locationContextEnabled: true, mobileEmulationEnabled: false, nativeEvents: true, networkConnectionEnabled: false, pageLoadStrategy: normal, platform: XP, platformName: XP, rotatable: false, setWindowRect: true, takesHeapSnapshot: true, takesScreenshot: true, unexpectedAlertBehaviour: , unhandledPromptBehavior: , version: 78.0.3904.108, webStorageEnabled: true}
Session ID: cfe3a530f1bc406e2ea68220d7af8649)
[[ATTACHMENT|C:\\Users\\April\\git\\Trillia\\Reports\\Admin\\Categories\\Add Category\\20191125_093242\\1574645959915.png]]

2019-11-25 09:39:20 - [TEST_STEP][PASSED] - waitForElementVisible: Object 'Object Repository/ADMIN/Categories/Category/button_upload check' is visible

2019-11-25 09:39:20 - [MESSAGE][WARNING] - Timeout '0' is invalid. Using default page load timeout: '30'

2019-11-25 09:39:25 - [MESSAGE][PASSED] - Object 'Object Repository/ADMIN/Categories/Category/button_upload check' is visible

2019-11-25 09:39:25 - [TEST_STEP][PASSED] - click: Object: 'Object Repository/ADMIN/Categories/Category/button_upload check' is clicked on

2019-11-25 09:39:26 - [MESSAGE][PASSED] - Object: 'Object Repository/ADMIN/Categories/Category/button_upload check' is clicked on

2019-11-25 09:39:26 - [TEST_STEP][PASSED] - waitForElementVisible: Object 'Object Repository/ADMIN/Categories/Category/button_upload save' is visible

2019-11-25 09:39:26 - [MESSAGE][WARNING] - Timeout '0' is invalid. Using default page load timeout: '30'

2019-11-25 09:39:26 - [MESSAGE][PASSED] - Object 'Object Repository/ADMIN/Categories/Category/button_upload save' is visible

2019-11-25 09:39:26 - [TEST_STEP][PASSED] - click: Object: 'Object Repository/ADMIN/Categories/Category/button_upload save' is clicked on

2019-11-25 09:39:26 - [MESSAGE][PASSED] - Object: 'Object Repository/ADMIN/Categories/Category/button_upload save' is clicked on

2019-11-25 09:39:26 - [TEST_STEP][PASSED] - delay: Delayed 1 second(s)

2019-11-25 09:39:27 - [MESSAGE][PASSED] - Delayed 1 second(s)

2019-11-25 09:39:27 - [TEST_STEP][PASSED] - setText: Text 'Description19' is set on object 'Object Repository/ADMIN/Categories/Category/textfield_category_description'

2019-11-25 09:39:27 - [MESSAGE][PASSED] - Text 'Description19' is set on object 'Object Repository/ADMIN/Categories/Category/textfield_category_description'

2019-11-25 09:39:27 - [TEST_STEP][PASSED] - click: Object: 'Object Repository/ADMIN/Categories/Category/button_Save' is clicked on

2019-11-25 09:39:27 - [MESSAGE][PASSED] - Object: 'Object Repository/ADMIN/Categories/Category/button_Save' is clicked on

2019-11-25 09:39:27 - [TEST_STEP][PASSED] - waitForElementVisible: Object 'Object Repository/ADMIN/Categories/Category/label_edit popup' is visible

2019-11-25 09:39:27 - [MESSAGE][WARNING] - Timeout '0' is invalid. Using default page load timeout: '30'

2019-11-25 09:39:27 - [MESSAGE][PASSED] - Object 'Object Repository/ADMIN/Categories/Category/label_edit popup' is visible

2019-11-25 09:39:27 - [TEST_STEP][PASSED] - waitForElementNotPresent: Web element with id: 'Object Repository/ADMIN/Categories/Category/label_edit popup' located by 'By.xpath: //div[(text() = 'Category was successfully saved.' or . = 'Category was successfully saved.')]' is not present after '30' second(s)

2019-11-25 09:39:27 - [MESSAGE][WARNING] - Timeout '0' is invalid. Using default page load timeout: '30'

2019-11-25 09:39:33 - [MESSAGE][PASSED] - Web element with id: 'Object Repository/ADMIN/Categories/Category/label_edit popup' located by 'By.xpath: //div[(text() = 'Category was successfully saved.' or . = 'Category was successfully saved.')]' is not present after '30' second(s)]]></system-out>
         <system-err><![CDATA[2019-11-25 09:39:14 - [TEST_CASE][FAILED] - Test Cases/ADMIN/Content Mgmt/Categories/Category Add-Edit/Add Category: Test Cases/ADMIN/Content Mgmt/Categories/Category Add-Edit/Add Category FAILED because (of) Unable to upload file 'C:\\Users\\Arcadier\\git\\Trillia\\Images\\Category\\4.png' to object 'Object Repository/ADMIN/Categories/Category/image_input image' (Root cause: org.openqa.selenium.WebDriverException: invalid argument: File not found : C:\\Users\\Arcadier\\git\\Trillia\\Images\\Category\\4.png
  (Session info: chrome=78.0.3904.108)
  (Driver info: chromedriver=2.35.528161 (5b82f2d2aae0ca24b877009200ced9065a772e73),platform=Windows NT 6.1.7601 SP1 x86_64) (WARNING: The server did not provide any stacktrace information)
Command duration or timeout: 0 milliseconds
Build info: version: '3.7.1', revision: '8a0099a', time: '2017-11-06T21:07:36.161Z'
System info: host: 'APRIL-PC', ip: '10.10.31.51', os.name: 'Windows 7', os.arch: 'amd64', os.version: '6.1', java.version: '1.8.0_102'
Driver info: com.kms.katalon.selenium.driver.CChromeDriver
Capabilities {acceptInsecureCerts: false, acceptSslCerts: false, applicationCacheEnabled: false, browserConnectionEnabled: false, browserName: chrome, chrome: {chromedriverVersion: 2.35.528161 (5b82f2d2aae0ca..., userDataDir: C:\Users\April\AppData\Loca...}, cssSelectorsEnabled: true, databaseEnabled: false, handlesAlerts: true, hasTouchScreen: false, javascriptEnabled: true, locationContextEnabled: true, mobileEmulationEnabled: false, nativeEvents: true, networkConnectionEnabled: false, pageLoadStrategy: normal, platform: XP, platformName: XP, rotatable: false, setWindowRect: true, takesHeapSnapshot: true, takesScreenshot: true, unexpectedAlertBehaviour: , unhandledPromptBehavior: , version: 78.0.3904.108, webStorageEnabled: true}
Session ID: cfe3a530f1bc406e2ea68220d7af8649)]]></system-err>
      </testcase>
      <testcase name="Test Cases/ADMIN/Content Mgmt/Categories/Category Add-Edit/Add Category" classname="Test Cases/ADMIN/Content Mgmt/Categories/Category Add-Edit/Add Category" status="FAILED">
         <failure type="FAILED" message="Unable to upload file 'C:\\Users\\Arcadier\\git\\Trillia\\Images\\Category\\4.png' to object 'Object Repository/ADMIN/Categories/Category/image_input image' (Root cause: org.openqa.selenium.WebDriverException: invalid argument: File not found : C:\\Users\\Arcadier\\git\\Trillia\\Images\\Category\\4.png
  (Session info: chrome=78.0.3904.108)
  (Driver info: chromedriver=2.35.528161 (5b82f2d2aae0ca24b877009200ced9065a772e73),platform=Windows NT 6.1.7601 SP1 x86_64) (WARNING: The server did not provide any stacktrace information)
Command duration or timeout: 0 milliseconds
Build info: version: '3.7.1', revision: '8a0099a', time: '2017-11-06T21:07:36.161Z'
System info: host: 'APRIL-PC', ip: '10.10.31.51', os.name: 'Windows 7', os.arch: 'amd64', os.version: '6.1', java.version: '1.8.0_102'
Driver info: com.kms.katalon.selenium.driver.CChromeDriver
Capabilities {acceptInsecureCerts: false, acceptSslCerts: false, applicationCacheEnabled: false, browserConnectionEnabled: false, browserName: chrome, chrome: {chromedriverVersion: 2.35.528161 (5b82f2d2aae0ca..., userDataDir: C:\Users\April\AppData\Loca...}, cssSelectorsEnabled: true, databaseEnabled: false, handlesAlerts: true, hasTouchScreen: false, javascriptEnabled: true, locationContextEnabled: true, mobileEmulationEnabled: false, nativeEvents: true, networkConnectionEnabled: false, pageLoadStrategy: normal, platform: XP, platformName: XP, rotatable: false, setWindowRect: true, takesHeapSnapshot: true, takesScreenshot: true, unexpectedAlertBehaviour: , unhandledPromptBehavior: , version: 78.0.3904.108, webStorageEnabled: true}
Session ID: cfe3a530f1bc406e2ea68220d7af8649)"/>
         <system-out><![CDATA[2019-11-25 09:39:33 - [TEST_CASE][FAILED] - Test Cases/ADMIN/Content Mgmt/Categories/Category Add-Edit/Add Category: Test Cases/ADMIN/Content Mgmt/Categories/Category Add-Edit/Add Category FAILED because (of) Unable to upload file 'C:\\Users\\Arcadier\\git\\Trillia\\Images\\Category\\4.png' to object 'Object Repository/ADMIN/Categories/Category/image_input image' (Root cause: org.openqa.selenium.WebDriverException: invalid argument: File not found : C:\\Users\\Arcadier\\git\\Trillia\\Images\\Category\\4.png
  (Session info: chrome=78.0.3904.108)
  (Driver info: chromedriver=2.35.528161 (5b82f2d2aae0ca24b877009200ced9065a772e73),platform=Windows NT 6.1.7601 SP1 x86_64) (WARNING: The server did not provide any stacktrace information)
Command duration or timeout: 0 milliseconds
Build info: version: '3.7.1', revision: '8a0099a', time: '2017-11-06T21:07:36.161Z'
System info: host: 'APRIL-PC', ip: '10.10.31.51', os.name: 'Windows 7', os.arch: 'amd64', os.version: '6.1', java.version: '1.8.0_102'
Driver info: com.kms.katalon.selenium.driver.CChromeDriver
Capabilities {acceptInsecureCerts: false, acceptSslCerts: false, applicationCacheEnabled: false, browserConnectionEnabled: false, browserName: chrome, chrome: {chromedriverVersion: 2.35.528161 (5b82f2d2aae0ca..., userDataDir: C:\Users\April\AppData\Loca...}, cssSelectorsEnabled: true, databaseEnabled: false, handlesAlerts: true, hasTouchScreen: false, javascriptEnabled: true, locationContextEnabled: true, mobileEmulationEnabled: false, nativeEvents: true, networkConnectionEnabled: false, pageLoadStrategy: normal, platform: XP, platformName: XP, rotatable: false, setWindowRect: true, takesHeapSnapshot: true, takesScreenshot: true, unexpectedAlertBehaviour: , unhandledPromptBehavior: , version: 78.0.3904.108, webStorageEnabled: true}
Session ID: cfe3a530f1bc406e2ea68220d7af8649)

2019-11-25 09:39:33 - [TEST_STEP][PASSED] - waitForElementVisible: Object 'Object Repository/ADMIN/Categories/Category List/button_Content Mgmt' is visible

2019-11-25 09:39:33 - [MESSAGE][WARNING] - Timeout '0' is invalid. Using default page load timeout: '30'

2019-11-25 09:39:33 - [MESSAGE][PASSED] - Object 'Object Repository/ADMIN/Categories/Category List/button_Content Mgmt' is visible

2019-11-25 09:39:33 - [TEST_STEP][PASSED] - click: Object: 'Object Repository/ADMIN/Categories/Category List/button_Content Mgmt' is clicked on

2019-11-25 09:39:33 - [MESSAGE][PASSED] - Object: 'Object Repository/ADMIN/Categories/Category List/button_Content Mgmt' is clicked on

2019-11-25 09:39:33 - [TEST_STEP][PASSED] - waitForElementVisible: Object 'Object Repository/ADMIN/Categories/Category List/button_Categories' is visible

2019-11-25 09:39:33 - [MESSAGE][WARNING] - Timeout '0' is invalid. Using default page load timeout: '30'

2019-11-25 09:39:33 - [MESSAGE][PASSED] - Object 'Object Repository/ADMIN/Categories/Category List/button_Categories' is visible

2019-11-25 09:39:33 - [TEST_STEP][PASSED] - click: Object: 'Object Repository/ADMIN/Categories/Category List/button_Categories' is clicked on

2019-11-25 09:39:34 - [MESSAGE][PASSED] - Object: 'Object Repository/ADMIN/Categories/Category List/button_Categories' is clicked on

2019-11-25 09:39:34 - [TEST_STEP][PASSED] - click: Object: 'Object Repository/ADMIN/Categories/Category List/button_AddACategory' is clicked on

2019-11-25 09:39:34 - [MESSAGE][PASSED] - Object: 'Object Repository/ADMIN/Categories/Category List/button_AddACategory' is clicked on

2019-11-25 09:39:34 - [TEST_STEP][PASSED] - waitForElementPresent: Object 'Object Repository/ADMIN/Categories/Category/dropdown_Parent' is present

2019-11-25 09:39:34 - [MESSAGE][PASSED] - Object 'Object Repository/ADMIN/Categories/Category/dropdown_Parent' is present

2019-11-25 09:39:34 - [TEST_STEP][PASSED] - delay: Delayed 1 second(s)

2019-11-25 09:39:35 - [MESSAGE][PASSED] - Delayed 1 second(s)

2019-11-25 09:39:35 - [TEST_STEP][PASSED] - setText: Text 'Category 4.10' is set on object 'Object Repository/ADMIN/Categories/Category/textfield_Category Name'

2019-11-25 09:39:36 - [MESSAGE][PASSED] - Text 'Category 4.10' is set on object 'Object Repository/ADMIN/Categories/Category/textfield_Category Name'

2019-11-25 09:39:36 - [TEST_STEP][PASSED] - click: Object: 'Object Repository/ADMIN/Categories/Category/dropdown_Parent' is clicked on

2019-11-25 09:39:36 - [MESSAGE][PASSED] - Object: 'Object Repository/ADMIN/Categories/Category/dropdown_Parent' is clicked on

2019-11-25 09:39:36 - [TEST_STEP][PASSED] - delay: Delayed 2 second(s)

2019-11-25 09:39:38 - [MESSAGE][PASSED] - Delayed 2 second(s)

2019-11-25 09:39:38 - [TEST_STEP][PASSED] - click: Object: 'Object Repository/ADMIN/Categories/Category/dropdown_Parent' is clicked on

2019-11-25 09:39:38 - [MESSAGE][PASSED] - Object: 'Object Repository/ADMIN/Categories/Category/dropdown_Parent' is clicked on

2019-11-25 09:39:38 - [TEST_STEP][PASSED] - selectOptionByLabel: All options with label 'Category 04' are selected in object 'Object Repository/ADMIN/Categories/Category/dropdown_Parent' 

2019-11-25 09:39:38 - [MESSAGE][PASSED] - All options with label 'Category 04' are selected in object 'Object Repository/ADMIN/Categories/Category/dropdown_Parent' 

2019-11-25 09:39:38 - [TEST_STEP][PASSED] - click: Object: 'Object Repository/ADMIN/Categories/Category/button_Browse' is clicked on

2019-11-25 09:39:38 - [MESSAGE][PASSED] - Object: 'Object Repository/ADMIN/Categories/Category/button_Browse' is clicked on

2019-11-25 09:39:38 - [TEST_STEP][PASSED] - delay: Delayed 1 second(s)

2019-11-25 09:39:39 - [MESSAGE][PASSED] - Delayed 1 second(s)

2019-11-25 09:39:39 - [TEST_STEP][FAILED] - uploadFile: Unable to upload file 'C:\\Users\\Arcadier\\git\\Trillia\\Images\\Category\\4.png' to object 'Object Repository/ADMIN/Categories/Category/image_input image' (Root cause: org.openqa.selenium.WebDriverException: invalid argument: File not found : C:\\Users\\Arcadier\\git\\Trillia\\Images\\Category\\4.png
  (Session info: chrome=78.0.3904.108)
  (Driver info: chromedriver=2.35.528161 (5b82f2d2aae0ca24b877009200ced9065a772e73),platform=Windows NT 6.1.7601 SP1 x86_64) (WARNING: The server did not provide any stacktrace information)
Command duration or timeout: 0 milliseconds
Build info: version: '3.7.1', revision: '8a0099a', time: '2017-11-06T21:07:36.161Z'
System info: host: 'APRIL-PC', ip: '10.10.31.51', os.name: 'Windows 7', os.arch: 'amd64', os.version: '6.1', java.version: '1.8.0_102'
Driver info: com.kms.katalon.selenium.driver.CChromeDriver
Capabilities {acceptInsecureCerts: false, acceptSslCerts: false, applicationCacheEnabled: false, browserConnectionEnabled: false, browserName: chrome, chrome: {chromedriverVersion: 2.35.528161 (5b82f2d2aae0ca..., userDataDir: C:\Users\April\AppData\Loca...}, cssSelectorsEnabled: true, databaseEnabled: false, handlesAlerts: true, hasTouchScreen: false, javascriptEnabled: true, locationContextEnabled: true, mobileEmulationEnabled: false, nativeEvents: true, networkConnectionEnabled: false, pageLoadStrategy: normal, platform: XP, platformName: XP, rotatable: false, setWindowRect: true, takesHeapSnapshot: true, takesScreenshot: true, unexpectedAlertBehaviour: , unhandledPromptBehavior: , version: 78.0.3904.108, webStorageEnabled: true}
Session ID: cfe3a530f1bc406e2ea68220d7af8649)

2019-11-25 09:39:39 - [MESSAGE][FAILED] - Unable to upload file 'C:\\Users\\Arcadier\\git\\Trillia\\Images\\Category\\4.png' to object 'Object Repository/ADMIN/Categories/Category/image_input image' (Root cause: org.openqa.selenium.WebDriverException: invalid argument: File not found : C:\\Users\\Arcadier\\git\\Trillia\\Images\\Category\\4.png
  (Session info: chrome=78.0.3904.108)
  (Driver info: chromedriver=2.35.528161 (5b82f2d2aae0ca24b877009200ced9065a772e73),platform=Windows NT 6.1.7601 SP1 x86_64) (WARNING: The server did not provide any stacktrace information)
Command duration or timeout: 0 milliseconds
Build info: version: '3.7.1', revision: '8a0099a', time: '2017-11-06T21:07:36.161Z'
System info: host: 'APRIL-PC', ip: '10.10.31.51', os.name: 'Windows 7', os.arch: 'amd64', os.version: '6.1', java.version: '1.8.0_102'
Driver info: com.kms.katalon.selenium.driver.CChromeDriver
Capabilities {acceptInsecureCerts: false, acceptSslCerts: false, applicationCacheEnabled: false, browserConnectionEnabled: false, browserName: chrome, chrome: {chromedriverVersion: 2.35.528161 (5b82f2d2aae0ca..., userDataDir: C:\Users\April\AppData\Loca...}, cssSelectorsEnabled: true, databaseEnabled: false, handlesAlerts: true, hasTouchScreen: false, javascriptEnabled: true, locationContextEnabled: true, mobileEmulationEnabled: false, nativeEvents: true, networkConnectionEnabled: false, pageLoadStrategy: normal, platform: XP, platformName: XP, rotatable: false, setWindowRect: true, takesHeapSnapshot: true, takesScreenshot: true, unexpectedAlertBehaviour: , unhandledPromptBehavior: , version: 78.0.3904.108, webStorageEnabled: true}
Session ID: cfe3a530f1bc406e2ea68220d7af8649)
[[ATTACHMENT|C:\\Users\\April\\git\\Trillia\\Reports\\Admin\\Categories\\Add Category\\20191125_093242\\1574645979355.png]]

2019-11-25 09:39:39 - [TEST_STEP][PASSED] - waitForElementVisible: Object 'Object Repository/ADMIN/Categories/Category/button_upload check' is visible

2019-11-25 09:39:39 - [MESSAGE][WARNING] - Timeout '0' is invalid. Using default page load timeout: '30'

2019-11-25 09:39:42 - [MESSAGE][PASSED] - Object 'Object Repository/ADMIN/Categories/Category/button_upload check' is visible

2019-11-25 09:39:42 - [TEST_STEP][PASSED] - click: Object: 'Object Repository/ADMIN/Categories/Category/button_upload check' is clicked on

2019-11-25 09:39:42 - [MESSAGE][PASSED] - Object: 'Object Repository/ADMIN/Categories/Category/button_upload check' is clicked on

2019-11-25 09:39:42 - [TEST_STEP][PASSED] - waitForElementVisible: Object 'Object Repository/ADMIN/Categories/Category/button_upload save' is visible

2019-11-25 09:39:42 - [MESSAGE][WARNING] - Timeout '0' is invalid. Using default page load timeout: '30'

2019-11-25 09:39:42 - [MESSAGE][PASSED] - Object 'Object Repository/ADMIN/Categories/Category/button_upload save' is visible

2019-11-25 09:39:42 - [TEST_STEP][PASSED] - click: Object: 'Object Repository/ADMIN/Categories/Category/button_upload save' is clicked on

2019-11-25 09:39:42 - [MESSAGE][PASSED] - Object: 'Object Repository/ADMIN/Categories/Category/button_upload save' is clicked on

2019-11-25 09:39:42 - [TEST_STEP][PASSED] - delay: Delayed 1 second(s)

2019-11-25 09:39:43 - [MESSAGE][PASSED] - Delayed 1 second(s)

2019-11-25 09:39:43 - [TEST_STEP][PASSED] - setText: Text 'Description20' is set on object 'Object Repository/ADMIN/Categories/Category/textfield_category_description'

2019-11-25 09:39:43 - [MESSAGE][PASSED] - Text 'Description20' is set on object 'Object Repository/ADMIN/Categories/Category/textfield_category_description'

2019-11-25 09:39:43 - [TEST_STEP][PASSED] - click: Object: 'Object Repository/ADMIN/Categories/Category/button_Save' is clicked on

2019-11-25 09:39:43 - [MESSAGE][PASSED] - Object: 'Object Repository/ADMIN/Categories/Category/button_Save' is clicked on

2019-11-25 09:39:43 - [TEST_STEP][PASSED] - waitForElementVisible: Object 'Object Repository/ADMIN/Categories/Category/label_edit popup' is visible

2019-11-25 09:39:43 - [MESSAGE][WARNING] - Timeout '0' is invalid. Using default page load timeout: '30'

2019-11-25 09:39:44 - [MESSAGE][PASSED] - Object 'Object Repository/ADMIN/Categories/Category/label_edit popup' is visible

2019-11-25 09:39:44 - [TEST_STEP][PASSED] - waitForElementNotPresent: Web element with id: 'Object Repository/ADMIN/Categories/Category/label_edit popup' located by 'By.xpath: //div[(text() = 'Category was successfully saved.' or . = 'Category was successfully saved.')]' is not present after '30' second(s)

2019-11-25 09:39:44 - [MESSAGE][WARNING] - Timeout '0' is invalid. Using default page load timeout: '30'

2019-11-25 09:39:50 - [MESSAGE][PASSED] - Web element with id: 'Object Repository/ADMIN/Categories/Category/label_edit popup' located by 'By.xpath: //div[(text() = 'Category was successfully saved.' or . = 'Category was successfully saved.')]' is not present after '30' second(s)]]></system-out>
         <system-err><![CDATA[2019-11-25 09:39:33 - [TEST_CASE][FAILED] - Test Cases/ADMIN/Content Mgmt/Categories/Category Add-Edit/Add Category: Test Cases/ADMIN/Content Mgmt/Categories/Category Add-Edit/Add Category FAILED because (of) Unable to upload file 'C:\\Users\\Arcadier\\git\\Trillia\\Images\\Category\\4.png' to object 'Object Repository/ADMIN/Categories/Category/image_input image' (Root cause: org.openqa.selenium.WebDriverException: invalid argument: File not found : C:\\Users\\Arcadier\\git\\Trillia\\Images\\Category\\4.png
  (Session info: chrome=78.0.3904.108)
  (Driver info: chromedriver=2.35.528161 (5b82f2d2aae0ca24b877009200ced9065a772e73),platform=Windows NT 6.1.7601 SP1 x86_64) (WARNING: The server did not provide any stacktrace information)
Command duration or timeout: 0 milliseconds
Build info: version: '3.7.1', revision: '8a0099a', time: '2017-11-06T21:07:36.161Z'
System info: host: 'APRIL-PC', ip: '10.10.31.51', os.name: 'Windows 7', os.arch: 'amd64', os.version: '6.1', java.version: '1.8.0_102'
Driver info: com.kms.katalon.selenium.driver.CChromeDriver
Capabilities {acceptInsecureCerts: false, acceptSslCerts: false, applicationCacheEnabled: false, browserConnectionEnabled: false, browserName: chrome, chrome: {chromedriverVersion: 2.35.528161 (5b82f2d2aae0ca..., userDataDir: C:\Users\April\AppData\Loca...}, cssSelectorsEnabled: true, databaseEnabled: false, handlesAlerts: true, hasTouchScreen: false, javascriptEnabled: true, locationContextEnabled: true, mobileEmulationEnabled: false, nativeEvents: true, networkConnectionEnabled: false, pageLoadStrategy: normal, platform: XP, platformName: XP, rotatable: false, setWindowRect: true, takesHeapSnapshot: true, takesScreenshot: true, unexpectedAlertBehaviour: , unhandledPromptBehavior: , version: 78.0.3904.108, webStorageEnabled: true}
Session ID: cfe3a530f1bc406e2ea68220d7af8649)]]></system-err>
      </testcase>
      <testcase name="Test Cases/ADMIN/Content Mgmt/Categories/Category Add-Edit/Add Category" classname="Test Cases/ADMIN/Content Mgmt/Categories/Category Add-Edit/Add Category" status="FAILED">
         <failure type="FAILED" message="Unable to upload file 'C:\\Users\\Arcadier\\git\\Trillia\\Images\\Category\\4.png' to object 'Object Repository/ADMIN/Categories/Category/image_input image' (Root cause: org.openqa.selenium.WebDriverException: invalid argument: File not found : C:\\Users\\Arcadier\\git\\Trillia\\Images\\Category\\4.png
  (Session info: chrome=78.0.3904.108)
  (Driver info: chromedriver=2.35.528161 (5b82f2d2aae0ca24b877009200ced9065a772e73),platform=Windows NT 6.1.7601 SP1 x86_64) (WARNING: The server did not provide any stacktrace information)
Command duration or timeout: 0 milliseconds
Build info: version: '3.7.1', revision: '8a0099a', time: '2017-11-06T21:07:36.161Z'
System info: host: 'APRIL-PC', ip: '10.10.31.51', os.name: 'Windows 7', os.arch: 'amd64', os.version: '6.1', java.version: '1.8.0_102'
Driver info: com.kms.katalon.selenium.driver.CChromeDriver
Capabilities {acceptInsecureCerts: false, acceptSslCerts: false, applicationCacheEnabled: false, browserConnectionEnabled: false, browserName: chrome, chrome: {chromedriverVersion: 2.35.528161 (5b82f2d2aae0ca..., userDataDir: C:\Users\April\AppData\Loca...}, cssSelectorsEnabled: true, databaseEnabled: false, handlesAlerts: true, hasTouchScreen: false, javascriptEnabled: true, locationContextEnabled: true, mobileEmulationEnabled: false, nativeEvents: true, networkConnectionEnabled: false, pageLoadStrategy: normal, platform: XP, platformName: XP, rotatable: false, setWindowRect: true, takesHeapSnapshot: true, takesScreenshot: true, unexpectedAlertBehaviour: , unhandledPromptBehavior: , version: 78.0.3904.108, webStorageEnabled: true}
Session ID: cfe3a530f1bc406e2ea68220d7af8649)"/>
         <system-out><![CDATA[2019-11-25 09:39:50 - [TEST_CASE][FAILED] - Test Cases/ADMIN/Content Mgmt/Categories/Category Add-Edit/Add Category: Test Cases/ADMIN/Content Mgmt/Categories/Category Add-Edit/Add Category FAILED because (of) Unable to upload file 'C:\\Users\\Arcadier\\git\\Trillia\\Images\\Category\\4.png' to object 'Object Repository/ADMIN/Categories/Category/image_input image' (Root cause: org.openqa.selenium.WebDriverException: invalid argument: File not found : C:\\Users\\Arcadier\\git\\Trillia\\Images\\Category\\4.png
  (Session info: chrome=78.0.3904.108)
  (Driver info: chromedriver=2.35.528161 (5b82f2d2aae0ca24b877009200ced9065a772e73),platform=Windows NT 6.1.7601 SP1 x86_64) (WARNING: The server did not provide any stacktrace information)
Command duration or timeout: 0 milliseconds
Build info: version: '3.7.1', revision: '8a0099a', time: '2017-11-06T21:07:36.161Z'
System info: host: 'APRIL-PC', ip: '10.10.31.51', os.name: 'Windows 7', os.arch: 'amd64', os.version: '6.1', java.version: '1.8.0_102'
Driver info: com.kms.katalon.selenium.driver.CChromeDriver
Capabilities {acceptInsecureCerts: false, acceptSslCerts: false, applicationCacheEnabled: false, browserConnectionEnabled: false, browserName: chrome, chrome: {chromedriverVersion: 2.35.528161 (5b82f2d2aae0ca..., userDataDir: C:\Users\April\AppData\Loca...}, cssSelectorsEnabled: true, databaseEnabled: false, handlesAlerts: true, hasTouchScreen: false, javascriptEnabled: true, locationContextEnabled: true, mobileEmulationEnabled: false, nativeEvents: true, networkConnectionEnabled: false, pageLoadStrategy: normal, platform: XP, platformName: XP, rotatable: false, setWindowRect: true, takesHeapSnapshot: true, takesScreenshot: true, unexpectedAlertBehaviour: , unhandledPromptBehavior: , version: 78.0.3904.108, webStorageEnabled: true}
Session ID: cfe3a530f1bc406e2ea68220d7af8649)

2019-11-25 09:39:50 - [TEST_STEP][PASSED] - waitForElementVisible: Object 'Object Repository/ADMIN/Categories/Category List/button_Content Mgmt' is visible

2019-11-25 09:39:50 - [MESSAGE][WARNING] - Timeout '0' is invalid. Using default page load timeout: '30'

2019-11-25 09:39:50 - [MESSAGE][PASSED] - Object 'Object Repository/ADMIN/Categories/Category List/button_Content Mgmt' is visible

2019-11-25 09:39:50 - [TEST_STEP][PASSED] - click: Object: 'Object Repository/ADMIN/Categories/Category List/button_Content Mgmt' is clicked on

2019-11-25 09:39:50 - [MESSAGE][PASSED] - Object: 'Object Repository/ADMIN/Categories/Category List/button_Content Mgmt' is clicked on

2019-11-25 09:39:50 - [TEST_STEP][PASSED] - waitForElementVisible: Object 'Object Repository/ADMIN/Categories/Category List/button_Categories' is visible

2019-11-25 09:39:50 - [MESSAGE][WARNING] - Timeout '0' is invalid. Using default page load timeout: '30'

2019-11-25 09:39:50 - [MESSAGE][PASSED] - Object 'Object Repository/ADMIN/Categories/Category List/button_Categories' is visible

2019-11-25 09:39:50 - [TEST_STEP][PASSED] - click: Object: 'Object Repository/ADMIN/Categories/Category List/button_Categories' is clicked on

2019-11-25 09:39:51 - [MESSAGE][PASSED] - Object: 'Object Repository/ADMIN/Categories/Category List/button_Categories' is clicked on

2019-11-25 09:39:51 - [TEST_STEP][PASSED] - click: Object: 'Object Repository/ADMIN/Categories/Category List/button_AddACategory' is clicked on

2019-11-25 09:39:51 - [MESSAGE][PASSED] - Object: 'Object Repository/ADMIN/Categories/Category List/button_AddACategory' is clicked on

2019-11-25 09:39:51 - [TEST_STEP][PASSED] - waitForElementPresent: Object 'Object Repository/ADMIN/Categories/Category/dropdown_Parent' is present

2019-11-25 09:39:51 - [MESSAGE][PASSED] - Object 'Object Repository/ADMIN/Categories/Category/dropdown_Parent' is present

2019-11-25 09:39:51 - [TEST_STEP][PASSED] - delay: Delayed 1 second(s)

2019-11-25 09:39:52 - [MESSAGE][PASSED] - Delayed 1 second(s)

2019-11-25 09:39:52 - [TEST_STEP][PASSED] - setText: Text 'Category 4.11' is set on object 'Object Repository/ADMIN/Categories/Category/textfield_Category Name'

2019-11-25 09:39:53 - [MESSAGE][PASSED] - Text 'Category 4.11' is set on object 'Object Repository/ADMIN/Categories/Category/textfield_Category Name'

2019-11-25 09:39:53 - [TEST_STEP][PASSED] - click: Object: 'Object Repository/ADMIN/Categories/Category/dropdown_Parent' is clicked on

2019-11-25 09:39:53 - [MESSAGE][PASSED] - Object: 'Object Repository/ADMIN/Categories/Category/dropdown_Parent' is clicked on

2019-11-25 09:39:53 - [TEST_STEP][PASSED] - delay: Delayed 2 second(s)

2019-11-25 09:39:55 - [MESSAGE][PASSED] - Delayed 2 second(s)

2019-11-25 09:39:55 - [TEST_STEP][PASSED] - click: Object: 'Object Repository/ADMIN/Categories/Category/dropdown_Parent' is clicked on

2019-11-25 09:39:55 - [MESSAGE][PASSED] - Object: 'Object Repository/ADMIN/Categories/Category/dropdown_Parent' is clicked on

2019-11-25 09:39:55 - [TEST_STEP][PASSED] - selectOptionByLabel: All options with label 'Category 04' are selected in object 'Object Repository/ADMIN/Categories/Category/dropdown_Parent' 

2019-11-25 09:39:55 - [MESSAGE][PASSED] - All options with label 'Category 04' are selected in object 'Object Repository/ADMIN/Categories/Category/dropdown_Parent' 

2019-11-25 09:39:55 - [TEST_STEP][PASSED] - click: Object: 'Object Repository/ADMIN/Categories/Category/button_Browse' is clicked on

2019-11-25 09:39:55 - [MESSAGE][PASSED] - Object: 'Object Repository/ADMIN/Categories/Category/button_Browse' is clicked on

2019-11-25 09:39:55 - [TEST_STEP][PASSED] - delay: Delayed 1 second(s)

2019-11-25 09:39:56 - [MESSAGE][PASSED] - Delayed 1 second(s)

2019-11-25 09:39:56 - [TEST_STEP][FAILED] - uploadFile: Unable to upload file 'C:\\Users\\Arcadier\\git\\Trillia\\Images\\Category\\4.png' to object 'Object Repository/ADMIN/Categories/Category/image_input image' (Root cause: org.openqa.selenium.WebDriverException: invalid argument: File not found : C:\\Users\\Arcadier\\git\\Trillia\\Images\\Category\\4.png
  (Session info: chrome=78.0.3904.108)
  (Driver info: chromedriver=2.35.528161 (5b82f2d2aae0ca24b877009200ced9065a772e73),platform=Windows NT 6.1.7601 SP1 x86_64) (WARNING: The server did not provide any stacktrace information)
Command duration or timeout: 0 milliseconds
Build info: version: '3.7.1', revision: '8a0099a', time: '2017-11-06T21:07:36.161Z'
System info: host: 'APRIL-PC', ip: '10.10.31.51', os.name: 'Windows 7', os.arch: 'amd64', os.version: '6.1', java.version: '1.8.0_102'
Driver info: com.kms.katalon.selenium.driver.CChromeDriver
Capabilities {acceptInsecureCerts: false, acceptSslCerts: false, applicationCacheEnabled: false, browserConnectionEnabled: false, browserName: chrome, chrome: {chromedriverVersion: 2.35.528161 (5b82f2d2aae0ca..., userDataDir: C:\Users\April\AppData\Loca...}, cssSelectorsEnabled: true, databaseEnabled: false, handlesAlerts: true, hasTouchScreen: false, javascriptEnabled: true, locationContextEnabled: true, mobileEmulationEnabled: false, nativeEvents: true, networkConnectionEnabled: false, pageLoadStrategy: normal, platform: XP, platformName: XP, rotatable: false, setWindowRect: true, takesHeapSnapshot: true, takesScreenshot: true, unexpectedAlertBehaviour: , unhandledPromptBehavior: , version: 78.0.3904.108, webStorageEnabled: true}
Session ID: cfe3a530f1bc406e2ea68220d7af8649)

2019-11-25 09:39:56 - [MESSAGE][FAILED] - Unable to upload file 'C:\\Users\\Arcadier\\git\\Trillia\\Images\\Category\\4.png' to object 'Object Repository/ADMIN/Categories/Category/image_input image' (Root cause: org.openqa.selenium.WebDriverException: invalid argument: File not found : C:\\Users\\Arcadier\\git\\Trillia\\Images\\Category\\4.png
  (Session info: chrome=78.0.3904.108)
  (Driver info: chromedriver=2.35.528161 (5b82f2d2aae0ca24b877009200ced9065a772e73),platform=Windows NT 6.1.7601 SP1 x86_64) (WARNING: The server did not provide any stacktrace information)
Command duration or timeout: 0 milliseconds
Build info: version: '3.7.1', revision: '8a0099a', time: '2017-11-06T21:07:36.161Z'
System info: host: 'APRIL-PC', ip: '10.10.31.51', os.name: 'Windows 7', os.arch: 'amd64', os.version: '6.1', java.version: '1.8.0_102'
Driver info: com.kms.katalon.selenium.driver.CChromeDriver
Capabilities {acceptInsecureCerts: false, acceptSslCerts: false, applicationCacheEnabled: false, browserConnectionEnabled: false, browserName: chrome, chrome: {chromedriverVersion: 2.35.528161 (5b82f2d2aae0ca..., userDataDir: C:\Users\April\AppData\Loca...}, cssSelectorsEnabled: true, databaseEnabled: false, handlesAlerts: true, hasTouchScreen: false, javascriptEnabled: true, locationContextEnabled: true, mobileEmulationEnabled: false, nativeEvents: true, networkConnectionEnabled: false, pageLoadStrategy: normal, platform: XP, platformName: XP, rotatable: false, setWindowRect: true, takesHeapSnapshot: true, takesScreenshot: true, unexpectedAlertBehaviour: , unhandledPromptBehavior: , version: 78.0.3904.108, webStorageEnabled: true}
Session ID: cfe3a530f1bc406e2ea68220d7af8649)
[[ATTACHMENT|C:\\Users\\April\\git\\Trillia\\Reports\\Admin\\Categories\\Add Category\\20191125_093242\\1574645996405.png]]

2019-11-25 09:39:56 - [TEST_STEP][PASSED] - waitForElementVisible: Object 'Object Repository/ADMIN/Categories/Category/button_upload check' is visible

2019-11-25 09:39:56 - [MESSAGE][WARNING] - Timeout '0' is invalid. Using default page load timeout: '30'

2019-11-25 09:40:00 - [MESSAGE][PASSED] - Object 'Object Repository/ADMIN/Categories/Category/button_upload check' is visible

2019-11-25 09:40:00 - [TEST_STEP][PASSED] - click: Object: 'Object Repository/ADMIN/Categories/Category/button_upload check' is clicked on

2019-11-25 09:40:00 - [MESSAGE][PASSED] - Object: 'Object Repository/ADMIN/Categories/Category/button_upload check' is clicked on

2019-11-25 09:40:00 - [TEST_STEP][PASSED] - waitForElementVisible: Object 'Object Repository/ADMIN/Categories/Category/button_upload save' is visible

2019-11-25 09:40:00 - [MESSAGE][WARNING] - Timeout '0' is invalid. Using default page load timeout: '30'

2019-11-25 09:40:00 - [MESSAGE][PASSED] - Object 'Object Repository/ADMIN/Categories/Category/button_upload save' is visible

2019-11-25 09:40:00 - [TEST_STEP][PASSED] - click: Object: 'Object Repository/ADMIN/Categories/Category/button_upload save' is clicked on

2019-11-25 09:40:00 - [MESSAGE][PASSED] - Object: 'Object Repository/ADMIN/Categories/Category/button_upload save' is clicked on

2019-11-25 09:40:00 - [TEST_STEP][PASSED] - delay: Delayed 1 second(s)

2019-11-25 09:40:01 - [MESSAGE][PASSED] - Delayed 1 second(s)

2019-11-25 09:40:01 - [TEST_STEP][PASSED] - setText: Text 'Description21' is set on object 'Object Repository/ADMIN/Categories/Category/textfield_category_description'

2019-11-25 09:40:01 - [MESSAGE][PASSED] - Text 'Description21' is set on object 'Object Repository/ADMIN/Categories/Category/textfield_category_description'

2019-11-25 09:40:01 - [TEST_STEP][PASSED] - click: Object: 'Object Repository/ADMIN/Categories/Category/button_Save' is clicked on

2019-11-25 09:40:01 - [MESSAGE][PASSED] - Object: 'Object Repository/ADMIN/Categories/Category/button_Save' is clicked on

2019-11-25 09:40:01 - [TEST_STEP][PASSED] - waitForElementVisible: Object 'Object Repository/ADMIN/Categories/Category/label_edit popup' is visible

2019-11-25 09:40:01 - [MESSAGE][WARNING] - Timeout '0' is invalid. Using default page load timeout: '30'

2019-11-25 09:40:02 - [MESSAGE][PASSED] - Object 'Object Repository/ADMIN/Categories/Category/label_edit popup' is visible

2019-11-25 09:40:02 - [TEST_STEP][PASSED] - waitForElementNotPresent: Web element with id: 'Object Repository/ADMIN/Categories/Category/label_edit popup' located by 'By.xpath: //div[(text() = 'Category was successfully saved.' or . = 'Category was successfully saved.')]' is not present after '30' second(s)

2019-11-25 09:40:02 - [MESSAGE][WARNING] - Timeout '0' is invalid. Using default page load timeout: '30'

2019-11-25 09:40:08 - [MESSAGE][PASSED] - Web element with id: 'Object Repository/ADMIN/Categories/Category/label_edit popup' located by 'By.xpath: //div[(text() = 'Category was successfully saved.' or . = 'Category was successfully saved.')]' is not present after '30' second(s)]]></system-out>
         <system-err><![CDATA[2019-11-25 09:39:50 - [TEST_CASE][FAILED] - Test Cases/ADMIN/Content Mgmt/Categories/Category Add-Edit/Add Category: Test Cases/ADMIN/Content Mgmt/Categories/Category Add-Edit/Add Category FAILED because (of) Unable to upload file 'C:\\Users\\Arcadier\\git\\Trillia\\Images\\Category\\4.png' to object 'Object Repository/ADMIN/Categories/Category/image_input image' (Root cause: org.openqa.selenium.WebDriverException: invalid argument: File not found : C:\\Users\\Arcadier\\git\\Trillia\\Images\\Category\\4.png
  (Session info: chrome=78.0.3904.108)
  (Driver info: chromedriver=2.35.528161 (5b82f2d2aae0ca24b877009200ced9065a772e73),platform=Windows NT 6.1.7601 SP1 x86_64) (WARNING: The server did not provide any stacktrace information)
Command duration or timeout: 0 milliseconds
Build info: version: '3.7.1', revision: '8a0099a', time: '2017-11-06T21:07:36.161Z'
System info: host: 'APRIL-PC', ip: '10.10.31.51', os.name: 'Windows 7', os.arch: 'amd64', os.version: '6.1', java.version: '1.8.0_102'
Driver info: com.kms.katalon.selenium.driver.CChromeDriver
Capabilities {acceptInsecureCerts: false, acceptSslCerts: false, applicationCacheEnabled: false, browserConnectionEnabled: false, browserName: chrome, chrome: {chromedriverVersion: 2.35.528161 (5b82f2d2aae0ca..., userDataDir: C:\Users\April\AppData\Loca...}, cssSelectorsEnabled: true, databaseEnabled: false, handlesAlerts: true, hasTouchScreen: false, javascriptEnabled: true, locationContextEnabled: true, mobileEmulationEnabled: false, nativeEvents: true, networkConnectionEnabled: false, pageLoadStrategy: normal, platform: XP, platformName: XP, rotatable: false, setWindowRect: true, takesHeapSnapshot: true, takesScreenshot: true, unexpectedAlertBehaviour: , unhandledPromptBehavior: , version: 78.0.3904.108, webStorageEnabled: true}
Session ID: cfe3a530f1bc406e2ea68220d7af8649)]]></system-err>
      </testcase>
      <testcase name="Test Cases/ADMIN/Content Mgmt/Categories/Category Add-Edit/Add Category" classname="Test Cases/ADMIN/Content Mgmt/Categories/Category Add-Edit/Add Category" status="FAILED">
         <failure type="FAILED" message="Unable to upload file 'C:\\Users\\Arcadier\\git\\Trillia\\Images\\Category\\4.png' to object 'Object Repository/ADMIN/Categories/Category/image_input image' (Root cause: org.openqa.selenium.WebDriverException: invalid argument: File not found : C:\\Users\\Arcadier\\git\\Trillia\\Images\\Category\\4.png
  (Session info: chrome=78.0.3904.108)
  (Driver info: chromedriver=2.35.528161 (5b82f2d2aae0ca24b877009200ced9065a772e73),platform=Windows NT 6.1.7601 SP1 x86_64) (WARNING: The server did not provide any stacktrace information)
Command duration or timeout: 0 milliseconds
Build info: version: '3.7.1', revision: '8a0099a', time: '2017-11-06T21:07:36.161Z'
System info: host: 'APRIL-PC', ip: '10.10.31.51', os.name: 'Windows 7', os.arch: 'amd64', os.version: '6.1', java.version: '1.8.0_102'
Driver info: com.kms.katalon.selenium.driver.CChromeDriver
Capabilities {acceptInsecureCerts: false, acceptSslCerts: false, applicationCacheEnabled: false, browserConnectionEnabled: false, browserName: chrome, chrome: {chromedriverVersion: 2.35.528161 (5b82f2d2aae0ca..., userDataDir: C:\Users\April\AppData\Loca...}, cssSelectorsEnabled: true, databaseEnabled: false, handlesAlerts: true, hasTouchScreen: false, javascriptEnabled: true, locationContextEnabled: true, mobileEmulationEnabled: false, nativeEvents: true, networkConnectionEnabled: false, pageLoadStrategy: normal, platform: XP, platformName: XP, rotatable: false, setWindowRect: true, takesHeapSnapshot: true, takesScreenshot: true, unexpectedAlertBehaviour: , unhandledPromptBehavior: , version: 78.0.3904.108, webStorageEnabled: true}
Session ID: cfe3a530f1bc406e2ea68220d7af8649)"/>
         <system-out><![CDATA[2019-11-25 09:40:08 - [TEST_CASE][FAILED] - Test Cases/ADMIN/Content Mgmt/Categories/Category Add-Edit/Add Category: Test Cases/ADMIN/Content Mgmt/Categories/Category Add-Edit/Add Category FAILED because (of) Unable to upload file 'C:\\Users\\Arcadier\\git\\Trillia\\Images\\Category\\4.png' to object 'Object Repository/ADMIN/Categories/Category/image_input image' (Root cause: org.openqa.selenium.WebDriverException: invalid argument: File not found : C:\\Users\\Arcadier\\git\\Trillia\\Images\\Category\\4.png
  (Session info: chrome=78.0.3904.108)
  (Driver info: chromedriver=2.35.528161 (5b82f2d2aae0ca24b877009200ced9065a772e73),platform=Windows NT 6.1.7601 SP1 x86_64) (WARNING: The server did not provide any stacktrace information)
Command duration or timeout: 0 milliseconds
Build info: version: '3.7.1', revision: '8a0099a', time: '2017-11-06T21:07:36.161Z'
System info: host: 'APRIL-PC', ip: '10.10.31.51', os.name: 'Windows 7', os.arch: 'amd64', os.version: '6.1', java.version: '1.8.0_102'
Driver info: com.kms.katalon.selenium.driver.CChromeDriver
Capabilities {acceptInsecureCerts: false, acceptSslCerts: false, applicationCacheEnabled: false, browserConnectionEnabled: false, browserName: chrome, chrome: {chromedriverVersion: 2.35.528161 (5b82f2d2aae0ca..., userDataDir: C:\Users\April\AppData\Loca...}, cssSelectorsEnabled: true, databaseEnabled: false, handlesAlerts: true, hasTouchScreen: false, javascriptEnabled: true, locationContextEnabled: true, mobileEmulationEnabled: false, nativeEvents: true, networkConnectionEnabled: false, pageLoadStrategy: normal, platform: XP, platformName: XP, rotatable: false, setWindowRect: true, takesHeapSnapshot: true, takesScreenshot: true, unexpectedAlertBehaviour: , unhandledPromptBehavior: , version: 78.0.3904.108, webStorageEnabled: true}
Session ID: cfe3a530f1bc406e2ea68220d7af8649)

2019-11-25 09:40:08 - [TEST_STEP][PASSED] - waitForElementVisible: Object 'Object Repository/ADMIN/Categories/Category List/button_Content Mgmt' is visible

2019-11-25 09:40:08 - [MESSAGE][WARNING] - Timeout '0' is invalid. Using default page load timeout: '30'

2019-11-25 09:40:08 - [MESSAGE][PASSED] - Object 'Object Repository/ADMIN/Categories/Category List/button_Content Mgmt' is visible

2019-11-25 09:40:08 - [TEST_STEP][PASSED] - click: Object: 'Object Repository/ADMIN/Categories/Category List/button_Content Mgmt' is clicked on

2019-11-25 09:40:08 - [MESSAGE][PASSED] - Object: 'Object Repository/ADMIN/Categories/Category List/button_Content Mgmt' is clicked on

2019-11-25 09:40:08 - [TEST_STEP][PASSED] - waitForElementVisible: Object 'Object Repository/ADMIN/Categories/Category List/button_Categories' is visible

2019-11-25 09:40:08 - [MESSAGE][WARNING] - Timeout '0' is invalid. Using default page load timeout: '30'

2019-11-25 09:40:08 - [MESSAGE][PASSED] - Object 'Object Repository/ADMIN/Categories/Category List/button_Categories' is visible

2019-11-25 09:40:08 - [TEST_STEP][PASSED] - click: Object: 'Object Repository/ADMIN/Categories/Category List/button_Categories' is clicked on

2019-11-25 09:40:08 - [MESSAGE][PASSED] - Object: 'Object Repository/ADMIN/Categories/Category List/button_Categories' is clicked on

2019-11-25 09:40:08 - [TEST_STEP][PASSED] - click: Object: 'Object Repository/ADMIN/Categories/Category List/button_AddACategory' is clicked on

2019-11-25 09:40:09 - [MESSAGE][PASSED] - Object: 'Object Repository/ADMIN/Categories/Category List/button_AddACategory' is clicked on

2019-11-25 09:40:09 - [TEST_STEP][PASSED] - waitForElementPresent: Object 'Object Repository/ADMIN/Categories/Category/dropdown_Parent' is present

2019-11-25 09:40:09 - [MESSAGE][PASSED] - Object 'Object Repository/ADMIN/Categories/Category/dropdown_Parent' is present

2019-11-25 09:40:09 - [TEST_STEP][PASSED] - delay: Delayed 1 second(s)

2019-11-25 09:40:10 - [MESSAGE][PASSED] - Delayed 1 second(s)

2019-11-25 09:40:10 - [TEST_STEP][PASSED] - setText: Text 'Category 4.12' is set on object 'Object Repository/ADMIN/Categories/Category/textfield_Category Name'

2019-11-25 09:40:10 - [MESSAGE][PASSED] - Text 'Category 4.12' is set on object 'Object Repository/ADMIN/Categories/Category/textfield_Category Name'

2019-11-25 09:40:10 - [TEST_STEP][PASSED] - click: Object: 'Object Repository/ADMIN/Categories/Category/dropdown_Parent' is clicked on

2019-11-25 09:40:10 - [MESSAGE][PASSED] - Object: 'Object Repository/ADMIN/Categories/Category/dropdown_Parent' is clicked on

2019-11-25 09:40:10 - [TEST_STEP][PASSED] - delay: Delayed 2 second(s)

2019-11-25 09:40:12 - [MESSAGE][PASSED] - Delayed 2 second(s)

2019-11-25 09:40:12 - [TEST_STEP][PASSED] - click: Object: 'Object Repository/ADMIN/Categories/Category/dropdown_Parent' is clicked on

2019-11-25 09:40:12 - [MESSAGE][PASSED] - Object: 'Object Repository/ADMIN/Categories/Category/dropdown_Parent' is clicked on

2019-11-25 09:40:12 - [TEST_STEP][PASSED] - selectOptionByLabel: All options with label 'Category 04' are selected in object 'Object Repository/ADMIN/Categories/Category/dropdown_Parent' 

2019-11-25 09:40:12 - [MESSAGE][PASSED] - All options with label 'Category 04' are selected in object 'Object Repository/ADMIN/Categories/Category/dropdown_Parent' 

2019-11-25 09:40:12 - [TEST_STEP][PASSED] - click: Object: 'Object Repository/ADMIN/Categories/Category/button_Browse' is clicked on

2019-11-25 09:40:12 - [MESSAGE][PASSED] - Object: 'Object Repository/ADMIN/Categories/Category/button_Browse' is clicked on

2019-11-25 09:40:12 - [TEST_STEP][PASSED] - delay: Delayed 1 second(s)

2019-11-25 09:40:13 - [MESSAGE][PASSED] - Delayed 1 second(s)

2019-11-25 09:40:13 - [TEST_STEP][FAILED] - uploadFile: Unable to upload file 'C:\\Users\\Arcadier\\git\\Trillia\\Images\\Category\\4.png' to object 'Object Repository/ADMIN/Categories/Category/image_input image' (Root cause: org.openqa.selenium.WebDriverException: invalid argument: File not found : C:\\Users\\Arcadier\\git\\Trillia\\Images\\Category\\4.png
  (Session info: chrome=78.0.3904.108)
  (Driver info: chromedriver=2.35.528161 (5b82f2d2aae0ca24b877009200ced9065a772e73),platform=Windows NT 6.1.7601 SP1 x86_64) (WARNING: The server did not provide any stacktrace information)
Command duration or timeout: 0 milliseconds
Build info: version: '3.7.1', revision: '8a0099a', time: '2017-11-06T21:07:36.161Z'
System info: host: 'APRIL-PC', ip: '10.10.31.51', os.name: 'Windows 7', os.arch: 'amd64', os.version: '6.1', java.version: '1.8.0_102'
Driver info: com.kms.katalon.selenium.driver.CChromeDriver
Capabilities {acceptInsecureCerts: false, acceptSslCerts: false, applicationCacheEnabled: false, browserConnectionEnabled: false, browserName: chrome, chrome: {chromedriverVersion: 2.35.528161 (5b82f2d2aae0ca..., userDataDir: C:\Users\April\AppData\Loca...}, cssSelectorsEnabled: true, databaseEnabled: false, handlesAlerts: true, hasTouchScreen: false, javascriptEnabled: true, locationContextEnabled: true, mobileEmulationEnabled: false, nativeEvents: true, networkConnectionEnabled: false, pageLoadStrategy: normal, platform: XP, platformName: XP, rotatable: false, setWindowRect: true, takesHeapSnapshot: true, takesScreenshot: true, unexpectedAlertBehaviour: , unhandledPromptBehavior: , version: 78.0.3904.108, webStorageEnabled: true}
Session ID: cfe3a530f1bc406e2ea68220d7af8649)

2019-11-25 09:40:14 - [MESSAGE][FAILED] - Unable to upload file 'C:\\Users\\Arcadier\\git\\Trillia\\Images\\Category\\4.png' to object 'Object Repository/ADMIN/Categories/Category/image_input image' (Root cause: org.openqa.selenium.WebDriverException: invalid argument: File not found : C:\\Users\\Arcadier\\git\\Trillia\\Images\\Category\\4.png
  (Session info: chrome=78.0.3904.108)
  (Driver info: chromedriver=2.35.528161 (5b82f2d2aae0ca24b877009200ced9065a772e73),platform=Windows NT 6.1.7601 SP1 x86_64) (WARNING: The server did not provide any stacktrace information)
Command duration or timeout: 0 milliseconds
Build info: version: '3.7.1', revision: '8a0099a', time: '2017-11-06T21:07:36.161Z'
System info: host: 'APRIL-PC', ip: '10.10.31.51', os.name: 'Windows 7', os.arch: 'amd64', os.version: '6.1', java.version: '1.8.0_102'
Driver info: com.kms.katalon.selenium.driver.CChromeDriver
Capabilities {acceptInsecureCerts: false, acceptSslCerts: false, applicationCacheEnabled: false, browserConnectionEnabled: false, browserName: chrome, chrome: {chromedriverVersion: 2.35.528161 (5b82f2d2aae0ca..., userDataDir: C:\Users\April\AppData\Loca...}, cssSelectorsEnabled: true, databaseEnabled: false, handlesAlerts: true, hasTouchScreen: false, javascriptEnabled: true, locationContextEnabled: true, mobileEmulationEnabled: false, nativeEvents: true, networkConnectionEnabled: false, pageLoadStrategy: normal, platform: XP, platformName: XP, rotatable: false, setWindowRect: true, takesHeapSnapshot: true, takesScreenshot: true, unexpectedAlertBehaviour: , unhandledPromptBehavior: , version: 78.0.3904.108, webStorageEnabled: true}
Session ID: cfe3a530f1bc406e2ea68220d7af8649)
[[ATTACHMENT|C:\\Users\\April\\git\\Trillia\\Reports\\Admin\\Categories\\Add Category\\20191125_093242\\1574646013870.png]]

2019-11-25 09:40:14 - [TEST_STEP][PASSED] - waitForElementVisible: Object 'Object Repository/ADMIN/Categories/Category/button_upload check' is visible

2019-11-25 09:40:14 - [MESSAGE][WARNING] - Timeout '0' is invalid. Using default page load timeout: '30'

2019-11-25 09:40:16 - [MESSAGE][PASSED] - Object 'Object Repository/ADMIN/Categories/Category/button_upload check' is visible

2019-11-25 09:40:16 - [TEST_STEP][PASSED] - click: Object: 'Object Repository/ADMIN/Categories/Category/button_upload check' is clicked on

2019-11-25 09:40:16 - [MESSAGE][PASSED] - Object: 'Object Repository/ADMIN/Categories/Category/button_upload check' is clicked on

2019-11-25 09:40:16 - [TEST_STEP][PASSED] - waitForElementVisible: Object 'Object Repository/ADMIN/Categories/Category/button_upload save' is visible

2019-11-25 09:40:16 - [MESSAGE][WARNING] - Timeout '0' is invalid. Using default page load timeout: '30'

2019-11-25 09:40:16 - [MESSAGE][PASSED] - Object 'Object Repository/ADMIN/Categories/Category/button_upload save' is visible

2019-11-25 09:40:16 - [TEST_STEP][PASSED] - click: Object: 'Object Repository/ADMIN/Categories/Category/button_upload save' is clicked on

2019-11-25 09:40:16 - [MESSAGE][PASSED] - Object: 'Object Repository/ADMIN/Categories/Category/button_upload save' is clicked on

2019-11-25 09:40:16 - [TEST_STEP][PASSED] - delay: Delayed 1 second(s)

2019-11-25 09:40:17 - [MESSAGE][PASSED] - Delayed 1 second(s)

2019-11-25 09:40:17 - [TEST_STEP][PASSED] - setText: Text 'Description22' is set on object 'Object Repository/ADMIN/Categories/Category/textfield_category_description'

2019-11-25 09:40:17 - [MESSAGE][PASSED] - Text 'Description22' is set on object 'Object Repository/ADMIN/Categories/Category/textfield_category_description'

2019-11-25 09:40:17 - [TEST_STEP][PASSED] - click: Object: 'Object Repository/ADMIN/Categories/Category/button_Save' is clicked on

2019-11-25 09:40:17 - [MESSAGE][PASSED] - Object: 'Object Repository/ADMIN/Categories/Category/button_Save' is clicked on

2019-11-25 09:40:17 - [TEST_STEP][PASSED] - waitForElementVisible: Object 'Object Repository/ADMIN/Categories/Category/label_edit popup' is visible

2019-11-25 09:40:17 - [MESSAGE][WARNING] - Timeout '0' is invalid. Using default page load timeout: '30'

2019-11-25 09:40:18 - [MESSAGE][PASSED] - Object 'Object Repository/ADMIN/Categories/Category/label_edit popup' is visible

2019-11-25 09:40:18 - [TEST_STEP][PASSED] - waitForElementNotPresent: Web element with id: 'Object Repository/ADMIN/Categories/Category/label_edit popup' located by 'By.xpath: //div[(text() = 'Category was successfully saved.' or . = 'Category was successfully saved.')]' is not present after '30' second(s)

2019-11-25 09:40:18 - [MESSAGE][WARNING] - Timeout '0' is invalid. Using default page load timeout: '30'

2019-11-25 09:40:23 - [MESSAGE][PASSED] - Web element with id: 'Object Repository/ADMIN/Categories/Category/label_edit popup' located by 'By.xpath: //div[(text() = 'Category was successfully saved.' or . = 'Category was successfully saved.')]' is not present after '30' second(s)]]></system-out>
         <system-err><![CDATA[2019-11-25 09:40:08 - [TEST_CASE][FAILED] - Test Cases/ADMIN/Content Mgmt/Categories/Category Add-Edit/Add Category: Test Cases/ADMIN/Content Mgmt/Categories/Category Add-Edit/Add Category FAILED because (of) Unable to upload file 'C:\\Users\\Arcadier\\git\\Trillia\\Images\\Category\\4.png' to object 'Object Repository/ADMIN/Categories/Category/image_input image' (Root cause: org.openqa.selenium.WebDriverException: invalid argument: File not found : C:\\Users\\Arcadier\\git\\Trillia\\Images\\Category\\4.png
  (Session info: chrome=78.0.3904.108)
  (Driver info: chromedriver=2.35.528161 (5b82f2d2aae0ca24b877009200ced9065a772e73),platform=Windows NT 6.1.7601 SP1 x86_64) (WARNING: The server did not provide any stacktrace information)
Command duration or timeout: 0 milliseconds
Build info: version: '3.7.1', revision: '8a0099a', time: '2017-11-06T21:07:36.161Z'
System info: host: 'APRIL-PC', ip: '10.10.31.51', os.name: 'Windows 7', os.arch: 'amd64', os.version: '6.1', java.version: '1.8.0_102'
Driver info: com.kms.katalon.selenium.driver.CChromeDriver
Capabilities {acceptInsecureCerts: false, acceptSslCerts: false, applicationCacheEnabled: false, browserConnectionEnabled: false, browserName: chrome, chrome: {chromedriverVersion: 2.35.528161 (5b82f2d2aae0ca..., userDataDir: C:\Users\April\AppData\Loca...}, cssSelectorsEnabled: true, databaseEnabled: false, handlesAlerts: true, hasTouchScreen: false, javascriptEnabled: true, locationContextEnabled: true, mobileEmulationEnabled: false, nativeEvents: true, networkConnectionEnabled: false, pageLoadStrategy: normal, platform: XP, platformName: XP, rotatable: false, setWindowRect: true, takesHeapSnapshot: true, takesScreenshot: true, unexpectedAlertBehaviour: , unhandledPromptBehavior: , version: 78.0.3904.108, webStorageEnabled: true}
Session ID: cfe3a530f1bc406e2ea68220d7af8649)]]></system-err>
      </testcase>
      <testcase name="Test Cases/ADMIN/Content Mgmt/Categories/Category Add-Edit/Add Category" classname="Test Cases/ADMIN/Content Mgmt/Categories/Category Add-Edit/Add Category" status="FAILED">
         <failure type="FAILED" message="Unable to upload file 'C:\\Users\\Arcadier\\git\\Trillia\\Images\\Category\\4.png' to object 'Object Repository/ADMIN/Categories/Category/image_input image' (Root cause: org.openqa.selenium.WebDriverException: invalid argument: File not found : C:\\Users\\Arcadier\\git\\Trillia\\Images\\Category\\4.png
  (Session info: chrome=78.0.3904.108)
  (Driver info: chromedriver=2.35.528161 (5b82f2d2aae0ca24b877009200ced9065a772e73),platform=Windows NT 6.1.7601 SP1 x86_64) (WARNING: The server did not provide any stacktrace information)
Command duration or timeout: 0 milliseconds
Build info: version: '3.7.1', revision: '8a0099a', time: '2017-11-06T21:07:36.161Z'
System info: host: 'APRIL-PC', ip: '10.10.31.51', os.name: 'Windows 7', os.arch: 'amd64', os.version: '6.1', java.version: '1.8.0_102'
Driver info: com.kms.katalon.selenium.driver.CChromeDriver
Capabilities {acceptInsecureCerts: false, acceptSslCerts: false, applicationCacheEnabled: false, browserConnectionEnabled: false, browserName: chrome, chrome: {chromedriverVersion: 2.35.528161 (5b82f2d2aae0ca..., userDataDir: C:\Users\April\AppData\Loca...}, cssSelectorsEnabled: true, databaseEnabled: false, handlesAlerts: true, hasTouchScreen: false, javascriptEnabled: true, locationContextEnabled: true, mobileEmulationEnabled: false, nativeEvents: true, networkConnectionEnabled: false, pageLoadStrategy: normal, platform: XP, platformName: XP, rotatable: false, setWindowRect: true, takesHeapSnapshot: true, takesScreenshot: true, unexpectedAlertBehaviour: , unhandledPromptBehavior: , version: 78.0.3904.108, webStorageEnabled: true}
Session ID: cfe3a530f1bc406e2ea68220d7af8649)"/>
         <system-out><![CDATA[2019-11-25 09:40:23 - [TEST_CASE][FAILED] - Test Cases/ADMIN/Content Mgmt/Categories/Category Add-Edit/Add Category: Test Cases/ADMIN/Content Mgmt/Categories/Category Add-Edit/Add Category FAILED because (of) Unable to upload file 'C:\\Users\\Arcadier\\git\\Trillia\\Images\\Category\\4.png' to object 'Object Repository/ADMIN/Categories/Category/image_input image' (Root cause: org.openqa.selenium.WebDriverException: invalid argument: File not found : C:\\Users\\Arcadier\\git\\Trillia\\Images\\Category\\4.png
  (Session info: chrome=78.0.3904.108)
  (Driver info: chromedriver=2.35.528161 (5b82f2d2aae0ca24b877009200ced9065a772e73),platform=Windows NT 6.1.7601 SP1 x86_64) (WARNING: The server did not provide any stacktrace information)
Command duration or timeout: 0 milliseconds
Build info: version: '3.7.1', revision: '8a0099a', time: '2017-11-06T21:07:36.161Z'
System info: host: 'APRIL-PC', ip: '10.10.31.51', os.name: 'Windows 7', os.arch: 'amd64', os.version: '6.1', java.version: '1.8.0_102'
Driver info: com.kms.katalon.selenium.driver.CChromeDriver
Capabilities {acceptInsecureCerts: false, acceptSslCerts: false, applicationCacheEnabled: false, browserConnectionEnabled: false, browserName: chrome, chrome: {chromedriverVersion: 2.35.528161 (5b82f2d2aae0ca..., userDataDir: C:\Users\April\AppData\Loca...}, cssSelectorsEnabled: true, databaseEnabled: false, handlesAlerts: true, hasTouchScreen: false, javascriptEnabled: true, locationContextEnabled: true, mobileEmulationEnabled: false, nativeEvents: true, networkConnectionEnabled: false, pageLoadStrategy: normal, platform: XP, platformName: XP, rotatable: false, setWindowRect: true, takesHeapSnapshot: true, takesScreenshot: true, unexpectedAlertBehaviour: , unhandledPromptBehavior: , version: 78.0.3904.108, webStorageEnabled: true}
Session ID: cfe3a530f1bc406e2ea68220d7af8649)

2019-11-25 09:40:23 - [TEST_STEP][PASSED] - waitForElementVisible: Object 'Object Repository/ADMIN/Categories/Category List/button_Content Mgmt' is visible

2019-11-25 09:40:23 - [MESSAGE][WARNING] - Timeout '0' is invalid. Using default page load timeout: '30'

2019-11-25 09:40:24 - [MESSAGE][PASSED] - Object 'Object Repository/ADMIN/Categories/Category List/button_Content Mgmt' is visible

2019-11-25 09:40:24 - [TEST_STEP][PASSED] - click: Object: 'Object Repository/ADMIN/Categories/Category List/button_Content Mgmt' is clicked on

2019-11-25 09:40:24 - [MESSAGE][PASSED] - Object: 'Object Repository/ADMIN/Categories/Category List/button_Content Mgmt' is clicked on

2019-11-25 09:40:24 - [TEST_STEP][PASSED] - waitForElementVisible: Object 'Object Repository/ADMIN/Categories/Category List/button_Categories' is visible

2019-11-25 09:40:24 - [MESSAGE][WARNING] - Timeout '0' is invalid. Using default page load timeout: '30'

2019-11-25 09:40:24 - [MESSAGE][PASSED] - Object 'Object Repository/ADMIN/Categories/Category List/button_Categories' is visible

2019-11-25 09:40:24 - [TEST_STEP][PASSED] - click: Object: 'Object Repository/ADMIN/Categories/Category List/button_Categories' is clicked on

2019-11-25 09:40:24 - [MESSAGE][PASSED] - Object: 'Object Repository/ADMIN/Categories/Category List/button_Categories' is clicked on

2019-11-25 09:40:24 - [TEST_STEP][PASSED] - click: Object: 'Object Repository/ADMIN/Categories/Category List/button_AddACategory' is clicked on

2019-11-25 09:40:25 - [MESSAGE][PASSED] - Object: 'Object Repository/ADMIN/Categories/Category List/button_AddACategory' is clicked on

2019-11-25 09:40:25 - [TEST_STEP][PASSED] - waitForElementPresent: Object 'Object Repository/ADMIN/Categories/Category/dropdown_Parent' is present

2019-11-25 09:40:25 - [MESSAGE][PASSED] - Object 'Object Repository/ADMIN/Categories/Category/dropdown_Parent' is present

2019-11-25 09:40:25 - [TEST_STEP][PASSED] - delay: Delayed 1 second(s)

2019-11-25 09:40:26 - [MESSAGE][PASSED] - Delayed 1 second(s)

2019-11-25 09:40:26 - [TEST_STEP][PASSED] - setText: Text 'Category 4.13' is set on object 'Object Repository/ADMIN/Categories/Category/textfield_Category Name'

2019-11-25 09:40:26 - [MESSAGE][PASSED] - Text 'Category 4.13' is set on object 'Object Repository/ADMIN/Categories/Category/textfield_Category Name'

2019-11-25 09:40:26 - [TEST_STEP][PASSED] - click: Object: 'Object Repository/ADMIN/Categories/Category/dropdown_Parent' is clicked on

2019-11-25 09:40:26 - [MESSAGE][PASSED] - Object: 'Object Repository/ADMIN/Categories/Category/dropdown_Parent' is clicked on

2019-11-25 09:40:26 - [TEST_STEP][PASSED] - delay: Delayed 2 second(s)

2019-11-25 09:40:28 - [MESSAGE][PASSED] - Delayed 2 second(s)

2019-11-25 09:40:28 - [TEST_STEP][PASSED] - click: Object: 'Object Repository/ADMIN/Categories/Category/dropdown_Parent' is clicked on

2019-11-25 09:40:28 - [MESSAGE][PASSED] - Object: 'Object Repository/ADMIN/Categories/Category/dropdown_Parent' is clicked on

2019-11-25 09:40:28 - [TEST_STEP][PASSED] - selectOptionByLabel: All options with label 'Category 04' are selected in object 'Object Repository/ADMIN/Categories/Category/dropdown_Parent' 

2019-11-25 09:40:28 - [MESSAGE][PASSED] - All options with label 'Category 04' are selected in object 'Object Repository/ADMIN/Categories/Category/dropdown_Parent' 

2019-11-25 09:40:28 - [TEST_STEP][PASSED] - click: Object: 'Object Repository/ADMIN/Categories/Category/button_Browse' is clicked on

2019-11-25 09:40:28 - [MESSAGE][PASSED] - Object: 'Object Repository/ADMIN/Categories/Category/button_Browse' is clicked on

2019-11-25 09:40:28 - [TEST_STEP][PASSED] - delay: Delayed 1 second(s)

2019-11-25 09:40:29 - [MESSAGE][PASSED] - Delayed 1 second(s)

2019-11-25 09:40:29 - [TEST_STEP][FAILED] - uploadFile: Unable to upload file 'C:\\Users\\Arcadier\\git\\Trillia\\Images\\Category\\4.png' to object 'Object Repository/ADMIN/Categories/Category/image_input image' (Root cause: org.openqa.selenium.WebDriverException: invalid argument: File not found : C:\\Users\\Arcadier\\git\\Trillia\\Images\\Category\\4.png
  (Session info: chrome=78.0.3904.108)
  (Driver info: chromedriver=2.35.528161 (5b82f2d2aae0ca24b877009200ced9065a772e73),platform=Windows NT 6.1.7601 SP1 x86_64) (WARNING: The server did not provide any stacktrace information)
Command duration or timeout: 0 milliseconds
Build info: version: '3.7.1', revision: '8a0099a', time: '2017-11-06T21:07:36.161Z'
System info: host: 'APRIL-PC', ip: '10.10.31.51', os.name: 'Windows 7', os.arch: 'amd64', os.version: '6.1', java.version: '1.8.0_102'
Driver info: com.kms.katalon.selenium.driver.CChromeDriver
Capabilities {acceptInsecureCerts: false, acceptSslCerts: false, applicationCacheEnabled: false, browserConnectionEnabled: false, browserName: chrome, chrome: {chromedriverVersion: 2.35.528161 (5b82f2d2aae0ca..., userDataDir: C:\Users\April\AppData\Loca...}, cssSelectorsEnabled: true, databaseEnabled: false, handlesAlerts: true, hasTouchScreen: false, javascriptEnabled: true, locationContextEnabled: true, mobileEmulationEnabled: false, nativeEvents: true, networkConnectionEnabled: false, pageLoadStrategy: normal, platform: XP, platformName: XP, rotatable: false, setWindowRect: true, takesHeapSnapshot: true, takesScreenshot: true, unexpectedAlertBehaviour: , unhandledPromptBehavior: , version: 78.0.3904.108, webStorageEnabled: true}
Session ID: cfe3a530f1bc406e2ea68220d7af8649)

2019-11-25 09:40:30 - [MESSAGE][FAILED] - Unable to upload file 'C:\\Users\\Arcadier\\git\\Trillia\\Images\\Category\\4.png' to object 'Object Repository/ADMIN/Categories/Category/image_input image' (Root cause: org.openqa.selenium.WebDriverException: invalid argument: File not found : C:\\Users\\Arcadier\\git\\Trillia\\Images\\Category\\4.png
  (Session info: chrome=78.0.3904.108)
  (Driver info: chromedriver=2.35.528161 (5b82f2d2aae0ca24b877009200ced9065a772e73),platform=Windows NT 6.1.7601 SP1 x86_64) (WARNING: The server did not provide any stacktrace information)
Command duration or timeout: 0 milliseconds
Build info: version: '3.7.1', revision: '8a0099a', time: '2017-11-06T21:07:36.161Z'
System info: host: 'APRIL-PC', ip: '10.10.31.51', os.name: 'Windows 7', os.arch: 'amd64', os.version: '6.1', java.version: '1.8.0_102'
Driver info: com.kms.katalon.selenium.driver.CChromeDriver
Capabilities {acceptInsecureCerts: false, acceptSslCerts: false, applicationCacheEnabled: false, browserConnectionEnabled: false, browserName: chrome, chrome: {chromedriverVersion: 2.35.528161 (5b82f2d2aae0ca..., userDataDir: C:\Users\April\AppData\Loca...}, cssSelectorsEnabled: true, databaseEnabled: false, handlesAlerts: true, hasTouchScreen: false, javascriptEnabled: true, locationContextEnabled: true, mobileEmulationEnabled: false, nativeEvents: true, networkConnectionEnabled: false, pageLoadStrategy: normal, platform: XP, platformName: XP, rotatable: false, setWindowRect: true, takesHeapSnapshot: true, takesScreenshot: true, unexpectedAlertBehaviour: , unhandledPromptBehavior: , version: 78.0.3904.108, webStorageEnabled: true}
Session ID: cfe3a530f1bc406e2ea68220d7af8649)
[[ATTACHMENT|C:\\Users\\April\\git\\Trillia\\Reports\\Admin\\Categories\\Add Category\\20191125_093242\\1574646029683.png]]

2019-11-25 09:40:30 - [TEST_STEP][PASSED] - waitForElementVisible: Object 'Object Repository/ADMIN/Categories/Category/button_upload check' is visible

2019-11-25 09:40:30 - [MESSAGE][WARNING] - Timeout '0' is invalid. Using default page load timeout: '30'

2019-11-25 09:40:36 - [MESSAGE][PASSED] - Object 'Object Repository/ADMIN/Categories/Category/button_upload check' is visible

2019-11-25 09:40:36 - [TEST_STEP][PASSED] - click: Object: 'Object Repository/ADMIN/Categories/Category/button_upload check' is clicked on

2019-11-25 09:40:36 - [MESSAGE][PASSED] - Object: 'Object Repository/ADMIN/Categories/Category/button_upload check' is clicked on

2019-11-25 09:40:36 - [TEST_STEP][PASSED] - waitForElementVisible: Object 'Object Repository/ADMIN/Categories/Category/button_upload save' is visible

2019-11-25 09:40:36 - [MESSAGE][WARNING] - Timeout '0' is invalid. Using default page load timeout: '30'

2019-11-25 09:40:36 - [MESSAGE][PASSED] - Object 'Object Repository/ADMIN/Categories/Category/button_upload save' is visible

2019-11-25 09:40:36 - [TEST_STEP][PASSED] - click: Object: 'Object Repository/ADMIN/Categories/Category/button_upload save' is clicked on

2019-11-25 09:40:36 - [MESSAGE][PASSED] - Object: 'Object Repository/ADMIN/Categories/Category/button_upload save' is clicked on

2019-11-25 09:40:36 - [TEST_STEP][PASSED] - delay: Delayed 1 second(s)

2019-11-25 09:40:37 - [MESSAGE][PASSED] - Delayed 1 second(s)

2019-11-25 09:40:37 - [TEST_STEP][PASSED] - setText: Text 'Description23' is set on object 'Object Repository/ADMIN/Categories/Category/textfield_category_description'

2019-11-25 09:40:37 - [MESSAGE][PASSED] - Text 'Description23' is set on object 'Object Repository/ADMIN/Categories/Category/textfield_category_description'

2019-11-25 09:40:37 - [TEST_STEP][PASSED] - click: Object: 'Object Repository/ADMIN/Categories/Category/button_Save' is clicked on

2019-11-25 09:40:37 - [MESSAGE][PASSED] - Object: 'Object Repository/ADMIN/Categories/Category/button_Save' is clicked on

2019-11-25 09:40:37 - [TEST_STEP][PASSED] - waitForElementVisible: Object 'Object Repository/ADMIN/Categories/Category/label_edit popup' is visible

2019-11-25 09:40:37 - [MESSAGE][WARNING] - Timeout '0' is invalid. Using default page load timeout: '30'

2019-11-25 09:40:38 - [MESSAGE][PASSED] - Object 'Object Repository/ADMIN/Categories/Category/label_edit popup' is visible

2019-11-25 09:40:38 - [TEST_STEP][PASSED] - waitForElementNotPresent: Web element with id: 'Object Repository/ADMIN/Categories/Category/label_edit popup' located by 'By.xpath: //div[(text() = 'Category was successfully saved.' or . = 'Category was successfully saved.')]' is not present after '30' second(s)

2019-11-25 09:40:38 - [MESSAGE][WARNING] - Timeout '0' is invalid. Using default page load timeout: '30'

2019-11-25 09:40:43 - [MESSAGE][PASSED] - Web element with id: 'Object Repository/ADMIN/Categories/Category/label_edit popup' located by 'By.xpath: //div[(text() = 'Category was successfully saved.' or . = 'Category was successfully saved.')]' is not present after '30' second(s)]]></system-out>
         <system-err><![CDATA[2019-11-25 09:40:23 - [TEST_CASE][FAILED] - Test Cases/ADMIN/Content Mgmt/Categories/Category Add-Edit/Add Category: Test Cases/ADMIN/Content Mgmt/Categories/Category Add-Edit/Add Category FAILED because (of) Unable to upload file 'C:\\Users\\Arcadier\\git\\Trillia\\Images\\Category\\4.png' to object 'Object Repository/ADMIN/Categories/Category/image_input image' (Root cause: org.openqa.selenium.WebDriverException: invalid argument: File not found : C:\\Users\\Arcadier\\git\\Trillia\\Images\\Category\\4.png
  (Session info: chrome=78.0.3904.108)
  (Driver info: chromedriver=2.35.528161 (5b82f2d2aae0ca24b877009200ced9065a772e73),platform=Windows NT 6.1.7601 SP1 x86_64) (WARNING: The server did not provide any stacktrace information)
Command duration or timeout: 0 milliseconds
Build info: version: '3.7.1', revision: '8a0099a', time: '2017-11-06T21:07:36.161Z'
System info: host: 'APRIL-PC', ip: '10.10.31.51', os.name: 'Windows 7', os.arch: 'amd64', os.version: '6.1', java.version: '1.8.0_102'
Driver info: com.kms.katalon.selenium.driver.CChromeDriver
Capabilities {acceptInsecureCerts: false, acceptSslCerts: false, applicationCacheEnabled: false, browserConnectionEnabled: false, browserName: chrome, chrome: {chromedriverVersion: 2.35.528161 (5b82f2d2aae0ca..., userDataDir: C:\Users\April\AppData\Loca...}, cssSelectorsEnabled: true, databaseEnabled: false, handlesAlerts: true, hasTouchScreen: false, javascriptEnabled: true, locationContextEnabled: true, mobileEmulationEnabled: false, nativeEvents: true, networkConnectionEnabled: false, pageLoadStrategy: normal, platform: XP, platformName: XP, rotatable: false, setWindowRect: true, takesHeapSnapshot: true, takesScreenshot: true, unexpectedAlertBehaviour: , unhandledPromptBehavior: , version: 78.0.3904.108, webStorageEnabled: true}
Session ID: cfe3a530f1bc406e2ea68220d7af8649)]]></system-err>
      </testcase>
      <testcase name="Test Cases/ADMIN/Content Mgmt/Categories/Category Add-Edit/Add Category" classname="Test Cases/ADMIN/Content Mgmt/Categories/Category Add-Edit/Add Category" status="FAILED">
         <failure type="FAILED" message="Unable to upload file 'C:\\Users\\Arcadier\\git\\Trillia\\Images\\Category\\4.png' to object 'Object Repository/ADMIN/Categories/Category/image_input image' (Root cause: org.openqa.selenium.WebDriverException: invalid argument: File not found : C:\\Users\\Arcadier\\git\\Trillia\\Images\\Category\\4.png
  (Session info: chrome=78.0.3904.108)
  (Driver info: chromedriver=2.35.528161 (5b82f2d2aae0ca24b877009200ced9065a772e73),platform=Windows NT 6.1.7601 SP1 x86_64) (WARNING: The server did not provide any stacktrace information)
Command duration or timeout: 0 milliseconds
Build info: version: '3.7.1', revision: '8a0099a', time: '2017-11-06T21:07:36.161Z'
System info: host: 'APRIL-PC', ip: '10.10.31.51', os.name: 'Windows 7', os.arch: 'amd64', os.version: '6.1', java.version: '1.8.0_102'
Driver info: com.kms.katalon.selenium.driver.CChromeDriver
Capabilities {acceptInsecureCerts: false, acceptSslCerts: false, applicationCacheEnabled: false, browserConnectionEnabled: false, browserName: chrome, chrome: {chromedriverVersion: 2.35.528161 (5b82f2d2aae0ca..., userDataDir: C:\Users\April\AppData\Loca...}, cssSelectorsEnabled: true, databaseEnabled: false, handlesAlerts: true, hasTouchScreen: false, javascriptEnabled: true, locationContextEnabled: true, mobileEmulationEnabled: false, nativeEvents: true, networkConnectionEnabled: false, pageLoadStrategy: normal, platform: XP, platformName: XP, rotatable: false, setWindowRect: true, takesHeapSnapshot: true, takesScreenshot: true, unexpectedAlertBehaviour: , unhandledPromptBehavior: , version: 78.0.3904.108, webStorageEnabled: true}
Session ID: cfe3a530f1bc406e2ea68220d7af8649)"/>
         <system-out><![CDATA[2019-11-25 09:40:43 - [TEST_CASE][FAILED] - Test Cases/ADMIN/Content Mgmt/Categories/Category Add-Edit/Add Category: Test Cases/ADMIN/Content Mgmt/Categories/Category Add-Edit/Add Category FAILED because (of) Unable to upload file 'C:\\Users\\Arcadier\\git\\Trillia\\Images\\Category\\4.png' to object 'Object Repository/ADMIN/Categories/Category/image_input image' (Root cause: org.openqa.selenium.WebDriverException: invalid argument: File not found : C:\\Users\\Arcadier\\git\\Trillia\\Images\\Category\\4.png
  (Session info: chrome=78.0.3904.108)
  (Driver info: chromedriver=2.35.528161 (5b82f2d2aae0ca24b877009200ced9065a772e73),platform=Windows NT 6.1.7601 SP1 x86_64) (WARNING: The server did not provide any stacktrace information)
Command duration or timeout: 0 milliseconds
Build info: version: '3.7.1', revision: '8a0099a', time: '2017-11-06T21:07:36.161Z'
System info: host: 'APRIL-PC', ip: '10.10.31.51', os.name: 'Windows 7', os.arch: 'amd64', os.version: '6.1', java.version: '1.8.0_102'
Driver info: com.kms.katalon.selenium.driver.CChromeDriver
Capabilities {acceptInsecureCerts: false, acceptSslCerts: false, applicationCacheEnabled: false, browserConnectionEnabled: false, browserName: chrome, chrome: {chromedriverVersion: 2.35.528161 (5b82f2d2aae0ca..., userDataDir: C:\Users\April\AppData\Loca...}, cssSelectorsEnabled: true, databaseEnabled: false, handlesAlerts: true, hasTouchScreen: false, javascriptEnabled: true, locationContextEnabled: true, mobileEmulationEnabled: false, nativeEvents: true, networkConnectionEnabled: false, pageLoadStrategy: normal, platform: XP, platformName: XP, rotatable: false, setWindowRect: true, takesHeapSnapshot: true, takesScreenshot: true, unexpectedAlertBehaviour: , unhandledPromptBehavior: , version: 78.0.3904.108, webStorageEnabled: true}
Session ID: cfe3a530f1bc406e2ea68220d7af8649)

2019-11-25 09:40:43 - [TEST_STEP][PASSED] - waitForElementVisible: Object 'Object Repository/ADMIN/Categories/Category List/button_Content Mgmt' is visible

2019-11-25 09:40:43 - [MESSAGE][WARNING] - Timeout '0' is invalid. Using default page load timeout: '30'

2019-11-25 09:40:43 - [MESSAGE][PASSED] - Object 'Object Repository/ADMIN/Categories/Category List/button_Content Mgmt' is visible

2019-11-25 09:40:43 - [TEST_STEP][PASSED] - click: Object: 'Object Repository/ADMIN/Categories/Category List/button_Content Mgmt' is clicked on

2019-11-25 09:40:43 - [MESSAGE][PASSED] - Object: 'Object Repository/ADMIN/Categories/Category List/button_Content Mgmt' is clicked on

2019-11-25 09:40:43 - [TEST_STEP][PASSED] - waitForElementVisible: Object 'Object Repository/ADMIN/Categories/Category List/button_Categories' is visible

2019-11-25 09:40:43 - [MESSAGE][WARNING] - Timeout '0' is invalid. Using default page load timeout: '30'

2019-11-25 09:40:43 - [MESSAGE][PASSED] - Object 'Object Repository/ADMIN/Categories/Category List/button_Categories' is visible

2019-11-25 09:40:43 - [TEST_STEP][PASSED] - click: Object: 'Object Repository/ADMIN/Categories/Category List/button_Categories' is clicked on

2019-11-25 09:40:44 - [MESSAGE][PASSED] - Object: 'Object Repository/ADMIN/Categories/Category List/button_Categories' is clicked on

2019-11-25 09:40:44 - [TEST_STEP][PASSED] - click: Object: 'Object Repository/ADMIN/Categories/Category List/button_AddACategory' is clicked on

2019-11-25 09:40:44 - [MESSAGE][PASSED] - Object: 'Object Repository/ADMIN/Categories/Category List/button_AddACategory' is clicked on

2019-11-25 09:40:44 - [TEST_STEP][PASSED] - waitForElementPresent: Object 'Object Repository/ADMIN/Categories/Category/dropdown_Parent' is present

2019-11-25 09:40:45 - [MESSAGE][PASSED] - Object 'Object Repository/ADMIN/Categories/Category/dropdown_Parent' is present

2019-11-25 09:40:45 - [TEST_STEP][PASSED] - delay: Delayed 1 second(s)

2019-11-25 09:40:46 - [MESSAGE][PASSED] - Delayed 1 second(s)

2019-11-25 09:40:46 - [TEST_STEP][PASSED] - setText: Text 'Category 4.14' is set on object 'Object Repository/ADMIN/Categories/Category/textfield_Category Name'

2019-11-25 09:40:46 - [MESSAGE][PASSED] - Text 'Category 4.14' is set on object 'Object Repository/ADMIN/Categories/Category/textfield_Category Name'

2019-11-25 09:40:46 - [TEST_STEP][PASSED] - click: Object: 'Object Repository/ADMIN/Categories/Category/dropdown_Parent' is clicked on

2019-11-25 09:40:46 - [MESSAGE][PASSED] - Object: 'Object Repository/ADMIN/Categories/Category/dropdown_Parent' is clicked on

2019-11-25 09:40:46 - [TEST_STEP][PASSED] - delay: Delayed 2 second(s)

2019-11-25 09:40:48 - [MESSAGE][PASSED] - Delayed 2 second(s)

2019-11-25 09:40:48 - [TEST_STEP][PASSED] - click: Object: 'Object Repository/ADMIN/Categories/Category/dropdown_Parent' is clicked on

2019-11-25 09:40:48 - [MESSAGE][PASSED] - Object: 'Object Repository/ADMIN/Categories/Category/dropdown_Parent' is clicked on

2019-11-25 09:40:48 - [TEST_STEP][PASSED] - selectOptionByLabel: All options with label 'Category 04' are selected in object 'Object Repository/ADMIN/Categories/Category/dropdown_Parent' 

2019-11-25 09:40:48 - [MESSAGE][PASSED] - All options with label 'Category 04' are selected in object 'Object Repository/ADMIN/Categories/Category/dropdown_Parent' 

2019-11-25 09:40:48 - [TEST_STEP][PASSED] - click: Object: 'Object Repository/ADMIN/Categories/Category/button_Browse' is clicked on

2019-11-25 09:40:48 - [MESSAGE][PASSED] - Object: 'Object Repository/ADMIN/Categories/Category/button_Browse' is clicked on

2019-11-25 09:40:48 - [TEST_STEP][PASSED] - delay: Delayed 1 second(s)

2019-11-25 09:40:49 - [MESSAGE][PASSED] - Delayed 1 second(s)

2019-11-25 09:40:49 - [TEST_STEP][FAILED] - uploadFile: Unable to upload file 'C:\\Users\\Arcadier\\git\\Trillia\\Images\\Category\\4.png' to object 'Object Repository/ADMIN/Categories/Category/image_input image' (Root cause: org.openqa.selenium.WebDriverException: invalid argument: File not found : C:\\Users\\Arcadier\\git\\Trillia\\Images\\Category\\4.png
  (Session info: chrome=78.0.3904.108)
  (Driver info: chromedriver=2.35.528161 (5b82f2d2aae0ca24b877009200ced9065a772e73),platform=Windows NT 6.1.7601 SP1 x86_64) (WARNING: The server did not provide any stacktrace information)
Command duration or timeout: 0 milliseconds
Build info: version: '3.7.1', revision: '8a0099a', time: '2017-11-06T21:07:36.161Z'
System info: host: 'APRIL-PC', ip: '10.10.31.51', os.name: 'Windows 7', os.arch: 'amd64', os.version: '6.1', java.version: '1.8.0_102'
Driver info: com.kms.katalon.selenium.driver.CChromeDriver
Capabilities {acceptInsecureCerts: false, acceptSslCerts: false, applicationCacheEnabled: false, browserConnectionEnabled: false, browserName: chrome, chrome: {chromedriverVersion: 2.35.528161 (5b82f2d2aae0ca..., userDataDir: C:\Users\April\AppData\Loca...}, cssSelectorsEnabled: true, databaseEnabled: false, handlesAlerts: true, hasTouchScreen: false, javascriptEnabled: true, locationContextEnabled: true, mobileEmulationEnabled: false, nativeEvents: true, networkConnectionEnabled: false, pageLoadStrategy: normal, platform: XP, platformName: XP, rotatable: false, setWindowRect: true, takesHeapSnapshot: true, takesScreenshot: true, unexpectedAlertBehaviour: , unhandledPromptBehavior: , version: 78.0.3904.108, webStorageEnabled: true}
Session ID: cfe3a530f1bc406e2ea68220d7af8649)

2019-11-25 09:40:49 - [MESSAGE][FAILED] - Unable to upload file 'C:\\Users\\Arcadier\\git\\Trillia\\Images\\Category\\4.png' to object 'Object Repository/ADMIN/Categories/Category/image_input image' (Root cause: org.openqa.selenium.WebDriverException: invalid argument: File not found : C:\\Users\\Arcadier\\git\\Trillia\\Images\\Category\\4.png
  (Session info: chrome=78.0.3904.108)
  (Driver info: chromedriver=2.35.528161 (5b82f2d2aae0ca24b877009200ced9065a772e73),platform=Windows NT 6.1.7601 SP1 x86_64) (WARNING: The server did not provide any stacktrace information)
Command duration or timeout: 0 milliseconds
Build info: version: '3.7.1', revision: '8a0099a', time: '2017-11-06T21:07:36.161Z'
System info: host: 'APRIL-PC', ip: '10.10.31.51', os.name: 'Windows 7', os.arch: 'amd64', os.version: '6.1', java.version: '1.8.0_102'
Driver info: com.kms.katalon.selenium.driver.CChromeDriver
Capabilities {acceptInsecureCerts: false, acceptSslCerts: false, applicationCacheEnabled: false, browserConnectionEnabled: false, browserName: chrome, chrome: {chromedriverVersion: 2.35.528161 (5b82f2d2aae0ca..., userDataDir: C:\Users\April\AppData\Loca...}, cssSelectorsEnabled: true, databaseEnabled: false, handlesAlerts: true, hasTouchScreen: false, javascriptEnabled: true, locationContextEnabled: true, mobileEmulationEnabled: false, nativeEvents: true, networkConnectionEnabled: false, pageLoadStrategy: normal, platform: XP, platformName: XP, rotatable: false, setWindowRect: true, takesHeapSnapshot: true, takesScreenshot: true, unexpectedAlertBehaviour: , unhandledPromptBehavior: , version: 78.0.3904.108, webStorageEnabled: true}
Session ID: cfe3a530f1bc406e2ea68220d7af8649)
[[ATTACHMENT|C:\\Users\\April\\git\\Trillia\\Reports\\Admin\\Categories\\Add Category\\20191125_093242\\1574646049643.png]]

2019-11-25 09:40:49 - [TEST_STEP][PASSED] - waitForElementVisible: Object 'Object Repository/ADMIN/Categories/Category/button_upload check' is visible

2019-11-25 09:40:49 - [MESSAGE][WARNING] - Timeout '0' is invalid. Using default page load timeout: '30'

2019-11-25 09:40:54 - [MESSAGE][PASSED] - Object 'Object Repository/ADMIN/Categories/Category/button_upload check' is visible

2019-11-25 09:40:54 - [TEST_STEP][PASSED] - click: Object: 'Object Repository/ADMIN/Categories/Category/button_upload check' is clicked on

2019-11-25 09:40:54 - [MESSAGE][PASSED] - Object: 'Object Repository/ADMIN/Categories/Category/button_upload check' is clicked on

2019-11-25 09:40:54 - [TEST_STEP][PASSED] - waitForElementVisible: Object 'Object Repository/ADMIN/Categories/Category/button_upload save' is visible

2019-11-25 09:40:54 - [MESSAGE][WARNING] - Timeout '0' is invalid. Using default page load timeout: '30'

2019-11-25 09:40:54 - [MESSAGE][PASSED] - Object 'Object Repository/ADMIN/Categories/Category/button_upload save' is visible

2019-11-25 09:40:54 - [TEST_STEP][PASSED] - click: Object: 'Object Repository/ADMIN/Categories/Category/button_upload save' is clicked on

2019-11-25 09:40:54 - [MESSAGE][PASSED] - Object: 'Object Repository/ADMIN/Categories/Category/button_upload save' is clicked on

2019-11-25 09:40:54 - [TEST_STEP][PASSED] - delay: Delayed 1 second(s)

2019-11-25 09:40:55 - [MESSAGE][PASSED] - Delayed 1 second(s)

2019-11-25 09:40:55 - [TEST_STEP][PASSED] - setText: Text 'Description24' is set on object 'Object Repository/ADMIN/Categories/Category/textfield_category_description'

2019-11-25 09:40:55 - [MESSAGE][PASSED] - Text 'Description24' is set on object 'Object Repository/ADMIN/Categories/Category/textfield_category_description'

2019-11-25 09:40:55 - [TEST_STEP][PASSED] - click: Object: 'Object Repository/ADMIN/Categories/Category/button_Save' is clicked on

2019-11-25 09:40:55 - [MESSAGE][PASSED] - Object: 'Object Repository/ADMIN/Categories/Category/button_Save' is clicked on

2019-11-25 09:40:55 - [TEST_STEP][PASSED] - waitForElementVisible: Object 'Object Repository/ADMIN/Categories/Category/label_edit popup' is visible

2019-11-25 09:40:55 - [MESSAGE][WARNING] - Timeout '0' is invalid. Using default page load timeout: '30'

2019-11-25 09:40:56 - [MESSAGE][PASSED] - Object 'Object Repository/ADMIN/Categories/Category/label_edit popup' is visible

2019-11-25 09:40:56 - [TEST_STEP][PASSED] - waitForElementNotPresent: Web element with id: 'Object Repository/ADMIN/Categories/Category/label_edit popup' located by 'By.xpath: //div[(text() = 'Category was successfully saved.' or . = 'Category was successfully saved.')]' is not present after '30' second(s)

2019-11-25 09:40:56 - [MESSAGE][WARNING] - Timeout '0' is invalid. Using default page load timeout: '30'

2019-11-25 09:41:02 - [MESSAGE][PASSED] - Web element with id: 'Object Repository/ADMIN/Categories/Category/label_edit popup' located by 'By.xpath: //div[(text() = 'Category was successfully saved.' or . = 'Category was successfully saved.')]' is not present after '30' second(s)]]></system-out>
         <system-err><![CDATA[2019-11-25 09:40:43 - [TEST_CASE][FAILED] - Test Cases/ADMIN/Content Mgmt/Categories/Category Add-Edit/Add Category: Test Cases/ADMIN/Content Mgmt/Categories/Category Add-Edit/Add Category FAILED because (of) Unable to upload file 'C:\\Users\\Arcadier\\git\\Trillia\\Images\\Category\\4.png' to object 'Object Repository/ADMIN/Categories/Category/image_input image' (Root cause: org.openqa.selenium.WebDriverException: invalid argument: File not found : C:\\Users\\Arcadier\\git\\Trillia\\Images\\Category\\4.png
  (Session info: chrome=78.0.3904.108)
  (Driver info: chromedriver=2.35.528161 (5b82f2d2aae0ca24b877009200ced9065a772e73),platform=Windows NT 6.1.7601 SP1 x86_64) (WARNING: The server did not provide any stacktrace information)
Command duration or timeout: 0 milliseconds
Build info: version: '3.7.1', revision: '8a0099a', time: '2017-11-06T21:07:36.161Z'
System info: host: 'APRIL-PC', ip: '10.10.31.51', os.name: 'Windows 7', os.arch: 'amd64', os.version: '6.1', java.version: '1.8.0_102'
Driver info: com.kms.katalon.selenium.driver.CChromeDriver
Capabilities {acceptInsecureCerts: false, acceptSslCerts: false, applicationCacheEnabled: false, browserConnectionEnabled: false, browserName: chrome, chrome: {chromedriverVersion: 2.35.528161 (5b82f2d2aae0ca..., userDataDir: C:\Users\April\AppData\Loca...}, cssSelectorsEnabled: true, databaseEnabled: false, handlesAlerts: true, hasTouchScreen: false, javascriptEnabled: true, locationContextEnabled: true, mobileEmulationEnabled: false, nativeEvents: true, networkConnectionEnabled: false, pageLoadStrategy: normal, platform: XP, platformName: XP, rotatable: false, setWindowRect: true, takesHeapSnapshot: true, takesScreenshot: true, unexpectedAlertBehaviour: , unhandledPromptBehavior: , version: 78.0.3904.108, webStorageEnabled: true}
Session ID: cfe3a530f1bc406e2ea68220d7af8649)]]></system-err>
      </testcase>
      <testcase name="Test Cases/ADMIN/Content Mgmt/Categories/Category Add-Edit/Add Category" classname="Test Cases/ADMIN/Content Mgmt/Categories/Category Add-Edit/Add Category" status="FAILED">
         <failure type="FAILED" message="Unable to upload file 'C:\\Users\\Arcadier\\git\\Trillia\\Images\\Category\\4.png' to object 'Object Repository/ADMIN/Categories/Category/image_input image' (Root cause: org.openqa.selenium.WebDriverException: invalid argument: File not found : C:\\Users\\Arcadier\\git\\Trillia\\Images\\Category\\4.png
  (Session info: chrome=78.0.3904.108)
  (Driver info: chromedriver=2.35.528161 (5b82f2d2aae0ca24b877009200ced9065a772e73),platform=Windows NT 6.1.7601 SP1 x86_64) (WARNING: The server did not provide any stacktrace information)
Command duration or timeout: 0 milliseconds
Build info: version: '3.7.1', revision: '8a0099a', time: '2017-11-06T21:07:36.161Z'
System info: host: 'APRIL-PC', ip: '10.10.31.51', os.name: 'Windows 7', os.arch: 'amd64', os.version: '6.1', java.version: '1.8.0_102'
Driver info: com.kms.katalon.selenium.driver.CChromeDriver
Capabilities {acceptInsecureCerts: false, acceptSslCerts: false, applicationCacheEnabled: false, browserConnectionEnabled: false, browserName: chrome, chrome: {chromedriverVersion: 2.35.528161 (5b82f2d2aae0ca..., userDataDir: C:\Users\April\AppData\Loca...}, cssSelectorsEnabled: true, databaseEnabled: false, handlesAlerts: true, hasTouchScreen: false, javascriptEnabled: true, locationContextEnabled: true, mobileEmulationEnabled: false, nativeEvents: true, networkConnectionEnabled: false, pageLoadStrategy: normal, platform: XP, platformName: XP, rotatable: false, setWindowRect: true, takesHeapSnapshot: true, takesScreenshot: true, unexpectedAlertBehaviour: , unhandledPromptBehavior: , version: 78.0.3904.108, webStorageEnabled: true}
Session ID: cfe3a530f1bc406e2ea68220d7af8649)"/>
         <system-out><![CDATA[2019-11-25 09:41:02 - [TEST_CASE][FAILED] - Test Cases/ADMIN/Content Mgmt/Categories/Category Add-Edit/Add Category: Test Cases/ADMIN/Content Mgmt/Categories/Category Add-Edit/Add Category FAILED because (of) Unable to upload file 'C:\\Users\\Arcadier\\git\\Trillia\\Images\\Category\\4.png' to object 'Object Repository/ADMIN/Categories/Category/image_input image' (Root cause: org.openqa.selenium.WebDriverException: invalid argument: File not found : C:\\Users\\Arcadier\\git\\Trillia\\Images\\Category\\4.png
  (Session info: chrome=78.0.3904.108)
  (Driver info: chromedriver=2.35.528161 (5b82f2d2aae0ca24b877009200ced9065a772e73),platform=Windows NT 6.1.7601 SP1 x86_64) (WARNING: The server did not provide any stacktrace information)
Command duration or timeout: 0 milliseconds
Build info: version: '3.7.1', revision: '8a0099a', time: '2017-11-06T21:07:36.161Z'
System info: host: 'APRIL-PC', ip: '10.10.31.51', os.name: 'Windows 7', os.arch: 'amd64', os.version: '6.1', java.version: '1.8.0_102'
Driver info: com.kms.katalon.selenium.driver.CChromeDriver
Capabilities {acceptInsecureCerts: false, acceptSslCerts: false, applicationCacheEnabled: false, browserConnectionEnabled: false, browserName: chrome, chrome: {chromedriverVersion: 2.35.528161 (5b82f2d2aae0ca..., userDataDir: C:\Users\April\AppData\Loca...}, cssSelectorsEnabled: true, databaseEnabled: false, handlesAlerts: true, hasTouchScreen: false, javascriptEnabled: true, locationContextEnabled: true, mobileEmulationEnabled: false, nativeEvents: true, networkConnectionEnabled: false, pageLoadStrategy: normal, platform: XP, platformName: XP, rotatable: false, setWindowRect: true, takesHeapSnapshot: true, takesScreenshot: true, unexpectedAlertBehaviour: , unhandledPromptBehavior: , version: 78.0.3904.108, webStorageEnabled: true}
Session ID: cfe3a530f1bc406e2ea68220d7af8649)

2019-11-25 09:41:02 - [TEST_STEP][PASSED] - waitForElementVisible: Object 'Object Repository/ADMIN/Categories/Category List/button_Content Mgmt' is visible

2019-11-25 09:41:02 - [MESSAGE][WARNING] - Timeout '0' is invalid. Using default page load timeout: '30'

2019-11-25 09:41:02 - [MESSAGE][PASSED] - Object 'Object Repository/ADMIN/Categories/Category List/button_Content Mgmt' is visible

2019-11-25 09:41:02 - [TEST_STEP][PASSED] - click: Object: 'Object Repository/ADMIN/Categories/Category List/button_Content Mgmt' is clicked on

2019-11-25 09:41:02 - [MESSAGE][PASSED] - Object: 'Object Repository/ADMIN/Categories/Category List/button_Content Mgmt' is clicked on

2019-11-25 09:41:02 - [TEST_STEP][PASSED] - waitForElementVisible: Object 'Object Repository/ADMIN/Categories/Category List/button_Categories' is visible

2019-11-25 09:41:02 - [MESSAGE][WARNING] - Timeout '0' is invalid. Using default page load timeout: '30'

2019-11-25 09:41:02 - [MESSAGE][PASSED] - Object 'Object Repository/ADMIN/Categories/Category List/button_Categories' is visible

2019-11-25 09:41:02 - [TEST_STEP][PASSED] - click: Object: 'Object Repository/ADMIN/Categories/Category List/button_Categories' is clicked on

2019-11-25 09:41:03 - [MESSAGE][PASSED] - Object: 'Object Repository/ADMIN/Categories/Category List/button_Categories' is clicked on

2019-11-25 09:41:03 - [TEST_STEP][PASSED] - click: Object: 'Object Repository/ADMIN/Categories/Category List/button_AddACategory' is clicked on

2019-11-25 09:41:04 - [MESSAGE][PASSED] - Object: 'Object Repository/ADMIN/Categories/Category List/button_AddACategory' is clicked on

2019-11-25 09:41:04 - [TEST_STEP][PASSED] - waitForElementPresent: Object 'Object Repository/ADMIN/Categories/Category/dropdown_Parent' is present

2019-11-25 09:41:04 - [MESSAGE][PASSED] - Object 'Object Repository/ADMIN/Categories/Category/dropdown_Parent' is present

2019-11-25 09:41:04 - [TEST_STEP][PASSED] - delay: Delayed 1 second(s)

2019-11-25 09:41:05 - [MESSAGE][PASSED] - Delayed 1 second(s)

2019-11-25 09:41:05 - [TEST_STEP][PASSED] - setText: Text 'Category 4.15' is set on object 'Object Repository/ADMIN/Categories/Category/textfield_Category Name'

2019-11-25 09:41:05 - [MESSAGE][PASSED] - Text 'Category 4.15' is set on object 'Object Repository/ADMIN/Categories/Category/textfield_Category Name'

2019-11-25 09:41:05 - [TEST_STEP][PASSED] - click: Object: 'Object Repository/ADMIN/Categories/Category/dropdown_Parent' is clicked on

2019-11-25 09:41:05 - [MESSAGE][PASSED] - Object: 'Object Repository/ADMIN/Categories/Category/dropdown_Parent' is clicked on

2019-11-25 09:41:05 - [TEST_STEP][PASSED] - delay: Delayed 2 second(s)

2019-11-25 09:41:07 - [MESSAGE][PASSED] - Delayed 2 second(s)

2019-11-25 09:41:07 - [TEST_STEP][PASSED] - click: Object: 'Object Repository/ADMIN/Categories/Category/dropdown_Parent' is clicked on

2019-11-25 09:41:07 - [MESSAGE][PASSED] - Object: 'Object Repository/ADMIN/Categories/Category/dropdown_Parent' is clicked on

2019-11-25 09:41:07 - [TEST_STEP][PASSED] - selectOptionByLabel: All options with label 'Category 04' are selected in object 'Object Repository/ADMIN/Categories/Category/dropdown_Parent' 

2019-11-25 09:41:07 - [MESSAGE][PASSED] - All options with label 'Category 04' are selected in object 'Object Repository/ADMIN/Categories/Category/dropdown_Parent' 

2019-11-25 09:41:07 - [TEST_STEP][PASSED] - click: Object: 'Object Repository/ADMIN/Categories/Category/button_Browse' is clicked on

2019-11-25 09:41:07 - [MESSAGE][PASSED] - Object: 'Object Repository/ADMIN/Categories/Category/button_Browse' is clicked on

2019-11-25 09:41:07 - [TEST_STEP][PASSED] - delay: Delayed 1 second(s)

2019-11-25 09:41:08 - [MESSAGE][PASSED] - Delayed 1 second(s)

2019-11-25 09:41:08 - [TEST_STEP][FAILED] - uploadFile: Unable to upload file 'C:\\Users\\Arcadier\\git\\Trillia\\Images\\Category\\4.png' to object 'Object Repository/ADMIN/Categories/Category/image_input image' (Root cause: org.openqa.selenium.WebDriverException: invalid argument: File not found : C:\\Users\\Arcadier\\git\\Trillia\\Images\\Category\\4.png
  (Session info: chrome=78.0.3904.108)
  (Driver info: chromedriver=2.35.528161 (5b82f2d2aae0ca24b877009200ced9065a772e73),platform=Windows NT 6.1.7601 SP1 x86_64) (WARNING: The server did not provide any stacktrace information)
Command duration or timeout: 0 milliseconds
Build info: version: '3.7.1', revision: '8a0099a', time: '2017-11-06T21:07:36.161Z'
System info: host: 'APRIL-PC', ip: '10.10.31.51', os.name: 'Windows 7', os.arch: 'amd64', os.version: '6.1', java.version: '1.8.0_102'
Driver info: com.kms.katalon.selenium.driver.CChromeDriver
Capabilities {acceptInsecureCerts: false, acceptSslCerts: false, applicationCacheEnabled: false, browserConnectionEnabled: false, browserName: chrome, chrome: {chromedriverVersion: 2.35.528161 (5b82f2d2aae0ca..., userDataDir: C:\Users\April\AppData\Loca...}, cssSelectorsEnabled: true, databaseEnabled: false, handlesAlerts: true, hasTouchScreen: false, javascriptEnabled: true, locationContextEnabled: true, mobileEmulationEnabled: false, nativeEvents: true, networkConnectionEnabled: false, pageLoadStrategy: normal, platform: XP, platformName: XP, rotatable: false, setWindowRect: true, takesHeapSnapshot: true, takesScreenshot: true, unexpectedAlertBehaviour: , unhandledPromptBehavior: , version: 78.0.3904.108, webStorageEnabled: true}
Session ID: cfe3a530f1bc406e2ea68220d7af8649)

2019-11-25 09:41:09 - [MESSAGE][FAILED] - Unable to upload file 'C:\\Users\\Arcadier\\git\\Trillia\\Images\\Category\\4.png' to object 'Object Repository/ADMIN/Categories/Category/image_input image' (Root cause: org.openqa.selenium.WebDriverException: invalid argument: File not found : C:\\Users\\Arcadier\\git\\Trillia\\Images\\Category\\4.png
  (Session info: chrome=78.0.3904.108)
  (Driver info: chromedriver=2.35.528161 (5b82f2d2aae0ca24b877009200ced9065a772e73),platform=Windows NT 6.1.7601 SP1 x86_64) (WARNING: The server did not provide any stacktrace information)
Command duration or timeout: 0 milliseconds
Build info: version: '3.7.1', revision: '8a0099a', time: '2017-11-06T21:07:36.161Z'
System info: host: 'APRIL-PC', ip: '10.10.31.51', os.name: 'Windows 7', os.arch: 'amd64', os.version: '6.1', java.version: '1.8.0_102'
Driver info: com.kms.katalon.selenium.driver.CChromeDriver
Capabilities {acceptInsecureCerts: false, acceptSslCerts: false, applicationCacheEnabled: false, browserConnectionEnabled: false, browserName: chrome, chrome: {chromedriverVersion: 2.35.528161 (5b82f2d2aae0ca..., userDataDir: C:\Users\April\AppData\Loca...}, cssSelectorsEnabled: true, databaseEnabled: false, handlesAlerts: true, hasTouchScreen: false, javascriptEnabled: true, locationContextEnabled: true, mobileEmulationEnabled: false, nativeEvents: true, networkConnectionEnabled: false, pageLoadStrategy: normal, platform: XP, platformName: XP, rotatable: false, setWindowRect: true, takesHeapSnapshot: true, takesScreenshot: true, unexpectedAlertBehaviour: , unhandledPromptBehavior: , version: 78.0.3904.108, webStorageEnabled: true}
Session ID: cfe3a530f1bc406e2ea68220d7af8649)
[[ATTACHMENT|C:\\Users\\April\\git\\Trillia\\Reports\\Admin\\Categories\\Add Category\\20191125_093242\\1574646068887.png]]

2019-11-25 09:41:09 - [TEST_STEP][PASSED] - waitForElementVisible: Object 'Object Repository/ADMIN/Categories/Category/button_upload check' is visible

2019-11-25 09:41:09 - [MESSAGE][WARNING] - Timeout '0' is invalid. Using default page load timeout: '30'

2019-11-25 09:41:11 - [MESSAGE][PASSED] - Object 'Object Repository/ADMIN/Categories/Category/button_upload check' is visible

2019-11-25 09:41:11 - [TEST_STEP][PASSED] - click: Object: 'Object Repository/ADMIN/Categories/Category/button_upload check' is clicked on

2019-11-25 09:41:11 - [MESSAGE][PASSED] - Object: 'Object Repository/ADMIN/Categories/Category/button_upload check' is clicked on

2019-11-25 09:41:11 - [TEST_STEP][PASSED] - waitForElementVisible: Object 'Object Repository/ADMIN/Categories/Category/button_upload save' is visible

2019-11-25 09:41:11 - [MESSAGE][WARNING] - Timeout '0' is invalid. Using default page load timeout: '30'

2019-11-25 09:41:12 - [MESSAGE][PASSED] - Object 'Object Repository/ADMIN/Categories/Category/button_upload save' is visible

2019-11-25 09:41:12 - [TEST_STEP][PASSED] - click: Object: 'Object Repository/ADMIN/Categories/Category/button_upload save' is clicked on

2019-11-25 09:41:12 - [MESSAGE][PASSED] - Object: 'Object Repository/ADMIN/Categories/Category/button_upload save' is clicked on

2019-11-25 09:41:12 - [TEST_STEP][PASSED] - delay: Delayed 1 second(s)

2019-11-25 09:41:13 - [MESSAGE][PASSED] - Delayed 1 second(s)

2019-11-25 09:41:13 - [TEST_STEP][PASSED] - setText: Text 'Description25' is set on object 'Object Repository/ADMIN/Categories/Category/textfield_category_description'

2019-11-25 09:41:13 - [MESSAGE][PASSED] - Text 'Description25' is set on object 'Object Repository/ADMIN/Categories/Category/textfield_category_description'

2019-11-25 09:41:13 - [TEST_STEP][PASSED] - click: Object: 'Object Repository/ADMIN/Categories/Category/button_Save' is clicked on

2019-11-25 09:41:13 - [MESSAGE][PASSED] - Object: 'Object Repository/ADMIN/Categories/Category/button_Save' is clicked on

2019-11-25 09:41:13 - [TEST_STEP][PASSED] - waitForElementVisible: Object 'Object Repository/ADMIN/Categories/Category/label_edit popup' is visible

2019-11-25 09:41:13 - [MESSAGE][WARNING] - Timeout '0' is invalid. Using default page load timeout: '30'

2019-11-25 09:41:13 - [MESSAGE][PASSED] - Object 'Object Repository/ADMIN/Categories/Category/label_edit popup' is visible

2019-11-25 09:41:13 - [TEST_STEP][PASSED] - waitForElementNotPresent: Web element with id: 'Object Repository/ADMIN/Categories/Category/label_edit popup' located by 'By.xpath: //div[(text() = 'Category was successfully saved.' or . = 'Category was successfully saved.')]' is not present after '30' second(s)

2019-11-25 09:41:13 - [MESSAGE][WARNING] - Timeout '0' is invalid. Using default page load timeout: '30'

2019-11-25 09:41:20 - [MESSAGE][PASSED] - Web element with id: 'Object Repository/ADMIN/Categories/Category/label_edit popup' located by 'By.xpath: //div[(text() = 'Category was successfully saved.' or . = 'Category was successfully saved.')]' is not present after '30' second(s)]]></system-out>
         <system-err><![CDATA[2019-11-25 09:41:02 - [TEST_CASE][FAILED] - Test Cases/ADMIN/Content Mgmt/Categories/Category Add-Edit/Add Category: Test Cases/ADMIN/Content Mgmt/Categories/Category Add-Edit/Add Category FAILED because (of) Unable to upload file 'C:\\Users\\Arcadier\\git\\Trillia\\Images\\Category\\4.png' to object 'Object Repository/ADMIN/Categories/Category/image_input image' (Root cause: org.openqa.selenium.WebDriverException: invalid argument: File not found : C:\\Users\\Arcadier\\git\\Trillia\\Images\\Category\\4.png
  (Session info: chrome=78.0.3904.108)
  (Driver info: chromedriver=2.35.528161 (5b82f2d2aae0ca24b877009200ced9065a772e73),platform=Windows NT 6.1.7601 SP1 x86_64) (WARNING: The server did not provide any stacktrace information)
Command duration or timeout: 0 milliseconds
Build info: version: '3.7.1', revision: '8a0099a', time: '2017-11-06T21:07:36.161Z'
System info: host: 'APRIL-PC', ip: '10.10.31.51', os.name: 'Windows 7', os.arch: 'amd64', os.version: '6.1', java.version: '1.8.0_102'
Driver info: com.kms.katalon.selenium.driver.CChromeDriver
Capabilities {acceptInsecureCerts: false, acceptSslCerts: false, applicationCacheEnabled: false, browserConnectionEnabled: false, browserName: chrome, chrome: {chromedriverVersion: 2.35.528161 (5b82f2d2aae0ca..., userDataDir: C:\Users\April\AppData\Loca...}, cssSelectorsEnabled: true, databaseEnabled: false, handlesAlerts: true, hasTouchScreen: false, javascriptEnabled: true, locationContextEnabled: true, mobileEmulationEnabled: false, nativeEvents: true, networkConnectionEnabled: false, pageLoadStrategy: normal, platform: XP, platformName: XP, rotatable: false, setWindowRect: true, takesHeapSnapshot: true, takesScreenshot: true, unexpectedAlertBehaviour: , unhandledPromptBehavior: , version: 78.0.3904.108, webStorageEnabled: true}
Session ID: cfe3a530f1bc406e2ea68220d7af8649)]]></system-err>
      </testcase>
      <testcase name="Test Cases/ADMIN/Content Mgmt/Categories/Category Add-Edit/Add Category" classname="Test Cases/ADMIN/Content Mgmt/Categories/Category Add-Edit/Add Category" status="FAILED">
         <failure type="FAILED" message="Unable to upload file 'C:\\Users\\Arcadier\\git\\Trillia\\Images\\Category\\4.png' to object 'Object Repository/ADMIN/Categories/Category/image_input image' (Root cause: org.openqa.selenium.WebDriverException: invalid argument: File not found : C:\\Users\\Arcadier\\git\\Trillia\\Images\\Category\\4.png
  (Session info: chrome=78.0.3904.108)
  (Driver info: chromedriver=2.35.528161 (5b82f2d2aae0ca24b877009200ced9065a772e73),platform=Windows NT 6.1.7601 SP1 x86_64) (WARNING: The server did not provide any stacktrace information)
Command duration or timeout: 0 milliseconds
Build info: version: '3.7.1', revision: '8a0099a', time: '2017-11-06T21:07:36.161Z'
System info: host: 'APRIL-PC', ip: '10.10.31.51', os.name: 'Windows 7', os.arch: 'amd64', os.version: '6.1', java.version: '1.8.0_102'
Driver info: com.kms.katalon.selenium.driver.CChromeDriver
Capabilities {acceptInsecureCerts: false, acceptSslCerts: false, applicationCacheEnabled: false, browserConnectionEnabled: false, browserName: chrome, chrome: {chromedriverVersion: 2.35.528161 (5b82f2d2aae0ca..., userDataDir: C:\Users\April\AppData\Loca...}, cssSelectorsEnabled: true, databaseEnabled: false, handlesAlerts: true, hasTouchScreen: false, javascriptEnabled: true, locationContextEnabled: true, mobileEmulationEnabled: false, nativeEvents: true, networkConnectionEnabled: false, pageLoadStrategy: normal, platform: XP, platformName: XP, rotatable: false, setWindowRect: true, takesHeapSnapshot: true, takesScreenshot: true, unexpectedAlertBehaviour: , unhandledPromptBehavior: , version: 78.0.3904.108, webStorageEnabled: true}
Session ID: cfe3a530f1bc406e2ea68220d7af8649)"/>
         <system-out><![CDATA[2019-11-25 09:41:20 - [TEST_CASE][FAILED] - Test Cases/ADMIN/Content Mgmt/Categories/Category Add-Edit/Add Category: Test Cases/ADMIN/Content Mgmt/Categories/Category Add-Edit/Add Category FAILED because (of) Unable to upload file 'C:\\Users\\Arcadier\\git\\Trillia\\Images\\Category\\4.png' to object 'Object Repository/ADMIN/Categories/Category/image_input image' (Root cause: org.openqa.selenium.WebDriverException: invalid argument: File not found : C:\\Users\\Arcadier\\git\\Trillia\\Images\\Category\\4.png
  (Session info: chrome=78.0.3904.108)
  (Driver info: chromedriver=2.35.528161 (5b82f2d2aae0ca24b877009200ced9065a772e73),platform=Windows NT 6.1.7601 SP1 x86_64) (WARNING: The server did not provide any stacktrace information)
Command duration or timeout: 0 milliseconds
Build info: version: '3.7.1', revision: '8a0099a', time: '2017-11-06T21:07:36.161Z'
System info: host: 'APRIL-PC', ip: '10.10.31.51', os.name: 'Windows 7', os.arch: 'amd64', os.version: '6.1', java.version: '1.8.0_102'
Driver info: com.kms.katalon.selenium.driver.CChromeDriver
Capabilities {acceptInsecureCerts: false, acceptSslCerts: false, applicationCacheEnabled: false, browserConnectionEnabled: false, browserName: chrome, chrome: {chromedriverVersion: 2.35.528161 (5b82f2d2aae0ca..., userDataDir: C:\Users\April\AppData\Loca...}, cssSelectorsEnabled: true, databaseEnabled: false, handlesAlerts: true, hasTouchScreen: false, javascriptEnabled: true, locationContextEnabled: true, mobileEmulationEnabled: false, nativeEvents: true, networkConnectionEnabled: false, pageLoadStrategy: normal, platform: XP, platformName: XP, rotatable: false, setWindowRect: true, takesHeapSnapshot: true, takesScreenshot: true, unexpectedAlertBehaviour: , unhandledPromptBehavior: , version: 78.0.3904.108, webStorageEnabled: true}
Session ID: cfe3a530f1bc406e2ea68220d7af8649)

2019-11-25 09:41:20 - [TEST_STEP][PASSED] - waitForElementVisible: Object 'Object Repository/ADMIN/Categories/Category List/button_Content Mgmt' is visible

2019-11-25 09:41:20 - [MESSAGE][WARNING] - Timeout '0' is invalid. Using default page load timeout: '30'

2019-11-25 09:41:20 - [MESSAGE][PASSED] - Object 'Object Repository/ADMIN/Categories/Category List/button_Content Mgmt' is visible

2019-11-25 09:41:20 - [TEST_STEP][PASSED] - click: Object: 'Object Repository/ADMIN/Categories/Category List/button_Content Mgmt' is clicked on

2019-11-25 09:41:20 - [MESSAGE][PASSED] - Object: 'Object Repository/ADMIN/Categories/Category List/button_Content Mgmt' is clicked on

2019-11-25 09:41:20 - [TEST_STEP][PASSED] - waitForElementVisible: Object 'Object Repository/ADMIN/Categories/Category List/button_Categories' is visible

2019-11-25 09:41:20 - [MESSAGE][WARNING] - Timeout '0' is invalid. Using default page load timeout: '30'

2019-11-25 09:41:20 - [MESSAGE][PASSED] - Object 'Object Repository/ADMIN/Categories/Category List/button_Categories' is visible

2019-11-25 09:41:20 - [TEST_STEP][PASSED] - click: Object: 'Object Repository/ADMIN/Categories/Category List/button_Categories' is clicked on

2019-11-25 09:41:21 - [MESSAGE][PASSED] - Object: 'Object Repository/ADMIN/Categories/Category List/button_Categories' is clicked on

2019-11-25 09:41:21 - [TEST_STEP][PASSED] - click: Object: 'Object Repository/ADMIN/Categories/Category List/button_AddACategory' is clicked on

2019-11-25 09:41:21 - [MESSAGE][PASSED] - Object: 'Object Repository/ADMIN/Categories/Category List/button_AddACategory' is clicked on

2019-11-25 09:41:21 - [TEST_STEP][PASSED] - waitForElementPresent: Object 'Object Repository/ADMIN/Categories/Category/dropdown_Parent' is present

2019-11-25 09:41:21 - [MESSAGE][PASSED] - Object 'Object Repository/ADMIN/Categories/Category/dropdown_Parent' is present

2019-11-25 09:41:21 - [TEST_STEP][PASSED] - delay: Delayed 1 second(s)

2019-11-25 09:41:22 - [MESSAGE][PASSED] - Delayed 1 second(s)

2019-11-25 09:41:22 - [TEST_STEP][PASSED] - setText: Text 'Category 4.16' is set on object 'Object Repository/ADMIN/Categories/Category/textfield_Category Name'

2019-11-25 09:41:22 - [MESSAGE][PASSED] - Text 'Category 4.16' is set on object 'Object Repository/ADMIN/Categories/Category/textfield_Category Name'

2019-11-25 09:41:22 - [TEST_STEP][PASSED] - click: Object: 'Object Repository/ADMIN/Categories/Category/dropdown_Parent' is clicked on

2019-11-25 09:41:22 - [MESSAGE][PASSED] - Object: 'Object Repository/ADMIN/Categories/Category/dropdown_Parent' is clicked on

2019-11-25 09:41:22 - [TEST_STEP][PASSED] - delay: Delayed 2 second(s)

2019-11-25 09:41:24 - [MESSAGE][PASSED] - Delayed 2 second(s)

2019-11-25 09:41:24 - [TEST_STEP][PASSED] - click: Object: 'Object Repository/ADMIN/Categories/Category/dropdown_Parent' is clicked on

2019-11-25 09:41:24 - [MESSAGE][PASSED] - Object: 'Object Repository/ADMIN/Categories/Category/dropdown_Parent' is clicked on

2019-11-25 09:41:24 - [TEST_STEP][PASSED] - selectOptionByLabel: All options with label 'Category 04' are selected in object 'Object Repository/ADMIN/Categories/Category/dropdown_Parent' 

2019-11-25 09:41:25 - [MESSAGE][PASSED] - All options with label 'Category 04' are selected in object 'Object Repository/ADMIN/Categories/Category/dropdown_Parent' 

2019-11-25 09:41:25 - [TEST_STEP][PASSED] - click: Object: 'Object Repository/ADMIN/Categories/Category/button_Browse' is clicked on

2019-11-25 09:41:25 - [MESSAGE][PASSED] - Object: 'Object Repository/ADMIN/Categories/Category/button_Browse' is clicked on

2019-11-25 09:41:25 - [TEST_STEP][PASSED] - delay: Delayed 1 second(s)

2019-11-25 09:41:26 - [MESSAGE][PASSED] - Delayed 1 second(s)

2019-11-25 09:41:26 - [TEST_STEP][FAILED] - uploadFile: Unable to upload file 'C:\\Users\\Arcadier\\git\\Trillia\\Images\\Category\\4.png' to object 'Object Repository/ADMIN/Categories/Category/image_input image' (Root cause: org.openqa.selenium.WebDriverException: invalid argument: File not found : C:\\Users\\Arcadier\\git\\Trillia\\Images\\Category\\4.png
  (Session info: chrome=78.0.3904.108)
  (Driver info: chromedriver=2.35.528161 (5b82f2d2aae0ca24b877009200ced9065a772e73),platform=Windows NT 6.1.7601 SP1 x86_64) (WARNING: The server did not provide any stacktrace information)
Command duration or timeout: 0 milliseconds
Build info: version: '3.7.1', revision: '8a0099a', time: '2017-11-06T21:07:36.161Z'
System info: host: 'APRIL-PC', ip: '10.10.31.51', os.name: 'Windows 7', os.arch: 'amd64', os.version: '6.1', java.version: '1.8.0_102'
Driver info: com.kms.katalon.selenium.driver.CChromeDriver
Capabilities {acceptInsecureCerts: false, acceptSslCerts: false, applicationCacheEnabled: false, browserConnectionEnabled: false, browserName: chrome, chrome: {chromedriverVersion: 2.35.528161 (5b82f2d2aae0ca..., userDataDir: C:\Users\April\AppData\Loca...}, cssSelectorsEnabled: true, databaseEnabled: false, handlesAlerts: true, hasTouchScreen: false, javascriptEnabled: true, locationContextEnabled: true, mobileEmulationEnabled: false, nativeEvents: true, networkConnectionEnabled: false, pageLoadStrategy: normal, platform: XP, platformName: XP, rotatable: false, setWindowRect: true, takesHeapSnapshot: true, takesScreenshot: true, unexpectedAlertBehaviour: , unhandledPromptBehavior: , version: 78.0.3904.108, webStorageEnabled: true}
Session ID: cfe3a530f1bc406e2ea68220d7af8649)

2019-11-25 09:41:26 - [MESSAGE][FAILED] - Unable to upload file 'C:\\Users\\Arcadier\\git\\Trillia\\Images\\Category\\4.png' to object 'Object Repository/ADMIN/Categories/Category/image_input image' (Root cause: org.openqa.selenium.WebDriverException: invalid argument: File not found : C:\\Users\\Arcadier\\git\\Trillia\\Images\\Category\\4.png
  (Session info: chrome=78.0.3904.108)
  (Driver info: chromedriver=2.35.528161 (5b82f2d2aae0ca24b877009200ced9065a772e73),platform=Windows NT 6.1.7601 SP1 x86_64) (WARNING: The server did not provide any stacktrace information)
Command duration or timeout: 0 milliseconds
Build info: version: '3.7.1', revision: '8a0099a', time: '2017-11-06T21:07:36.161Z'
System info: host: 'APRIL-PC', ip: '10.10.31.51', os.name: 'Windows 7', os.arch: 'amd64', os.version: '6.1', java.version: '1.8.0_102'
Driver info: com.kms.katalon.selenium.driver.CChromeDriver
Capabilities {acceptInsecureCerts: false, acceptSslCerts: false, applicationCacheEnabled: false, browserConnectionEnabled: false, browserName: chrome, chrome: {chromedriverVersion: 2.35.528161 (5b82f2d2aae0ca..., userDataDir: C:\Users\April\AppData\Loca...}, cssSelectorsEnabled: true, databaseEnabled: false, handlesAlerts: true, hasTouchScreen: false, javascriptEnabled: true, locationContextEnabled: true, mobileEmulationEnabled: false, nativeEvents: true, networkConnectionEnabled: false, pageLoadStrategy: normal, platform: XP, platformName: XP, rotatable: false, setWindowRect: true, takesHeapSnapshot: true, takesScreenshot: true, unexpectedAlertBehaviour: , unhandledPromptBehavior: , version: 78.0.3904.108, webStorageEnabled: true}
Session ID: cfe3a530f1bc406e2ea68220d7af8649)
[[ATTACHMENT|C:\\Users\\April\\git\\Trillia\\Reports\\Admin\\Categories\\Add Category\\20191125_093242\\1574646086120.png]]

2019-11-25 09:41:26 - [TEST_STEP][PASSED] - waitForElementVisible: Object 'Object Repository/ADMIN/Categories/Category/button_upload check' is visible

2019-11-25 09:41:26 - [MESSAGE][WARNING] - Timeout '0' is invalid. Using default page load timeout: '30'

2019-11-25 09:41:30 - [MESSAGE][PASSED] - Object 'Object Repository/ADMIN/Categories/Category/button_upload check' is visible

2019-11-25 09:41:30 - [TEST_STEP][PASSED] - click: Object: 'Object Repository/ADMIN/Categories/Category/button_upload check' is clicked on

2019-11-25 09:41:30 - [MESSAGE][PASSED] - Object: 'Object Repository/ADMIN/Categories/Category/button_upload check' is clicked on

2019-11-25 09:41:30 - [TEST_STEP][PASSED] - waitForElementVisible: Object 'Object Repository/ADMIN/Categories/Category/button_upload save' is visible

2019-11-25 09:41:30 - [MESSAGE][WARNING] - Timeout '0' is invalid. Using default page load timeout: '30'

2019-11-25 09:41:30 - [MESSAGE][PASSED] - Object 'Object Repository/ADMIN/Categories/Category/button_upload save' is visible

2019-11-25 09:41:30 - [TEST_STEP][PASSED] - click: Object: 'Object Repository/ADMIN/Categories/Category/button_upload save' is clicked on

2019-11-25 09:41:30 - [MESSAGE][PASSED] - Object: 'Object Repository/ADMIN/Categories/Category/button_upload save' is clicked on

2019-11-25 09:41:30 - [TEST_STEP][PASSED] - delay: Delayed 1 second(s)

2019-11-25 09:41:31 - [MESSAGE][PASSED] - Delayed 1 second(s)

2019-11-25 09:41:31 - [TEST_STEP][PASSED] - setText: Text 'Description26' is set on object 'Object Repository/ADMIN/Categories/Category/textfield_category_description'

2019-11-25 09:41:31 - [MESSAGE][PASSED] - Text 'Description26' is set on object 'Object Repository/ADMIN/Categories/Category/textfield_category_description'

2019-11-25 09:41:31 - [TEST_STEP][PASSED] - click: Object: 'Object Repository/ADMIN/Categories/Category/button_Save' is clicked on

2019-11-25 09:41:31 - [MESSAGE][PASSED] - Object: 'Object Repository/ADMIN/Categories/Category/button_Save' is clicked on

2019-11-25 09:41:31 - [TEST_STEP][PASSED] - waitForElementVisible: Object 'Object Repository/ADMIN/Categories/Category/label_edit popup' is visible

2019-11-25 09:41:31 - [MESSAGE][WARNING] - Timeout '0' is invalid. Using default page load timeout: '30'

2019-11-25 09:41:32 - [MESSAGE][PASSED] - Object 'Object Repository/ADMIN/Categories/Category/label_edit popup' is visible

2019-11-25 09:41:32 - [TEST_STEP][PASSED] - waitForElementNotPresent: Web element with id: 'Object Repository/ADMIN/Categories/Category/label_edit popup' located by 'By.xpath: //div[(text() = 'Category was successfully saved.' or . = 'Category was successfully saved.')]' is not present after '30' second(s)

2019-11-25 09:41:32 - [MESSAGE][WARNING] - Timeout '0' is invalid. Using default page load timeout: '30'

2019-11-25 09:41:38 - [MESSAGE][PASSED] - Web element with id: 'Object Repository/ADMIN/Categories/Category/label_edit popup' located by 'By.xpath: //div[(text() = 'Category was successfully saved.' or . = 'Category was successfully saved.')]' is not present after '30' second(s)]]></system-out>
         <system-err><![CDATA[2019-11-25 09:41:20 - [TEST_CASE][FAILED] - Test Cases/ADMIN/Content Mgmt/Categories/Category Add-Edit/Add Category: Test Cases/ADMIN/Content Mgmt/Categories/Category Add-Edit/Add Category FAILED because (of) Unable to upload file 'C:\\Users\\Arcadier\\git\\Trillia\\Images\\Category\\4.png' to object 'Object Repository/ADMIN/Categories/Category/image_input image' (Root cause: org.openqa.selenium.WebDriverException: invalid argument: File not found : C:\\Users\\Arcadier\\git\\Trillia\\Images\\Category\\4.png
  (Session info: chrome=78.0.3904.108)
  (Driver info: chromedriver=2.35.528161 (5b82f2d2aae0ca24b877009200ced9065a772e73),platform=Windows NT 6.1.7601 SP1 x86_64) (WARNING: The server did not provide any stacktrace information)
Command duration or timeout: 0 milliseconds
Build info: version: '3.7.1', revision: '8a0099a', time: '2017-11-06T21:07:36.161Z'
System info: host: 'APRIL-PC', ip: '10.10.31.51', os.name: 'Windows 7', os.arch: 'amd64', os.version: '6.1', java.version: '1.8.0_102'
Driver info: com.kms.katalon.selenium.driver.CChromeDriver
Capabilities {acceptInsecureCerts: false, acceptSslCerts: false, applicationCacheEnabled: false, browserConnectionEnabled: false, browserName: chrome, chrome: {chromedriverVersion: 2.35.528161 (5b82f2d2aae0ca..., userDataDir: C:\Users\April\AppData\Loca...}, cssSelectorsEnabled: true, databaseEnabled: false, handlesAlerts: true, hasTouchScreen: false, javascriptEnabled: true, locationContextEnabled: true, mobileEmulationEnabled: false, nativeEvents: true, networkConnectionEnabled: false, pageLoadStrategy: normal, platform: XP, platformName: XP, rotatable: false, setWindowRect: true, takesHeapSnapshot: true, takesScreenshot: true, unexpectedAlertBehaviour: , unhandledPromptBehavior: , version: 78.0.3904.108, webStorageEnabled: true}
Session ID: cfe3a530f1bc406e2ea68220d7af8649)]]></system-err>
      </testcase>
      <testcase name="Test Cases/ADMIN/Content Mgmt/Categories/Category Add-Edit/Add Category" classname="Test Cases/ADMIN/Content Mgmt/Categories/Category Add-Edit/Add Category" status="FAILED">
         <failure type="FAILED" message="Unable to upload file 'C:\\Users\\Arcadier\\git\\Trillia\\Images\\Category\\4.png' to object 'Object Repository/ADMIN/Categories/Category/image_input image' (Root cause: org.openqa.selenium.WebDriverException: invalid argument: File not found : C:\\Users\\Arcadier\\git\\Trillia\\Images\\Category\\4.png
  (Session info: chrome=78.0.3904.108)
  (Driver info: chromedriver=2.35.528161 (5b82f2d2aae0ca24b877009200ced9065a772e73),platform=Windows NT 6.1.7601 SP1 x86_64) (WARNING: The server did not provide any stacktrace information)
Command duration or timeout: 0 milliseconds
Build info: version: '3.7.1', revision: '8a0099a', time: '2017-11-06T21:07:36.161Z'
System info: host: 'APRIL-PC', ip: '10.10.31.51', os.name: 'Windows 7', os.arch: 'amd64', os.version: '6.1', java.version: '1.8.0_102'
Driver info: com.kms.katalon.selenium.driver.CChromeDriver
Capabilities {acceptInsecureCerts: false, acceptSslCerts: false, applicationCacheEnabled: false, browserConnectionEnabled: false, browserName: chrome, chrome: {chromedriverVersion: 2.35.528161 (5b82f2d2aae0ca..., userDataDir: C:\Users\April\AppData\Loca...}, cssSelectorsEnabled: true, databaseEnabled: false, handlesAlerts: true, hasTouchScreen: false, javascriptEnabled: true, locationContextEnabled: true, mobileEmulationEnabled: false, nativeEvents: true, networkConnectionEnabled: false, pageLoadStrategy: normal, platform: XP, platformName: XP, rotatable: false, setWindowRect: true, takesHeapSnapshot: true, takesScreenshot: true, unexpectedAlertBehaviour: , unhandledPromptBehavior: , version: 78.0.3904.108, webStorageEnabled: true}
Session ID: cfe3a530f1bc406e2ea68220d7af8649)"/>
         <system-out><![CDATA[2019-11-25 09:41:38 - [TEST_CASE][FAILED] - Test Cases/ADMIN/Content Mgmt/Categories/Category Add-Edit/Add Category: Test Cases/ADMIN/Content Mgmt/Categories/Category Add-Edit/Add Category FAILED because (of) Unable to upload file 'C:\\Users\\Arcadier\\git\\Trillia\\Images\\Category\\4.png' to object 'Object Repository/ADMIN/Categories/Category/image_input image' (Root cause: org.openqa.selenium.WebDriverException: invalid argument: File not found : C:\\Users\\Arcadier\\git\\Trillia\\Images\\Category\\4.png
  (Session info: chrome=78.0.3904.108)
  (Driver info: chromedriver=2.35.528161 (5b82f2d2aae0ca24b877009200ced9065a772e73),platform=Windows NT 6.1.7601 SP1 x86_64) (WARNING: The server did not provide any stacktrace information)
Command duration or timeout: 0 milliseconds
Build info: version: '3.7.1', revision: '8a0099a', time: '2017-11-06T21:07:36.161Z'
System info: host: 'APRIL-PC', ip: '10.10.31.51', os.name: 'Windows 7', os.arch: 'amd64', os.version: '6.1', java.version: '1.8.0_102'
Driver info: com.kms.katalon.selenium.driver.CChromeDriver
Capabilities {acceptInsecureCerts: false, acceptSslCerts: false, applicationCacheEnabled: false, browserConnectionEnabled: false, browserName: chrome, chrome: {chromedriverVersion: 2.35.528161 (5b82f2d2aae0ca..., userDataDir: C:\Users\April\AppData\Loca...}, cssSelectorsEnabled: true, databaseEnabled: false, handlesAlerts: true, hasTouchScreen: false, javascriptEnabled: true, locationContextEnabled: true, mobileEmulationEnabled: false, nativeEvents: true, networkConnectionEnabled: false, pageLoadStrategy: normal, platform: XP, platformName: XP, rotatable: false, setWindowRect: true, takesHeapSnapshot: true, takesScreenshot: true, unexpectedAlertBehaviour: , unhandledPromptBehavior: , version: 78.0.3904.108, webStorageEnabled: true}
Session ID: cfe3a530f1bc406e2ea68220d7af8649)

2019-11-25 09:41:38 - [TEST_STEP][PASSED] - waitForElementVisible: Object 'Object Repository/ADMIN/Categories/Category List/button_Content Mgmt' is visible

2019-11-25 09:41:38 - [MESSAGE][WARNING] - Timeout '0' is invalid. Using default page load timeout: '30'

2019-11-25 09:41:38 - [MESSAGE][PASSED] - Object 'Object Repository/ADMIN/Categories/Category List/button_Content Mgmt' is visible

2019-11-25 09:41:38 - [TEST_STEP][PASSED] - click: Object: 'Object Repository/ADMIN/Categories/Category List/button_Content Mgmt' is clicked on

2019-11-25 09:41:38 - [MESSAGE][PASSED] - Object: 'Object Repository/ADMIN/Categories/Category List/button_Content Mgmt' is clicked on

2019-11-25 09:41:38 - [TEST_STEP][PASSED] - waitForElementVisible: Object 'Object Repository/ADMIN/Categories/Category List/button_Categories' is visible

2019-11-25 09:41:38 - [MESSAGE][WARNING] - Timeout '0' is invalid. Using default page load timeout: '30'

2019-11-25 09:41:38 - [MESSAGE][PASSED] - Object 'Object Repository/ADMIN/Categories/Category List/button_Categories' is visible

2019-11-25 09:41:38 - [TEST_STEP][PASSED] - click: Object: 'Object Repository/ADMIN/Categories/Category List/button_Categories' is clicked on

2019-11-25 09:41:39 - [MESSAGE][PASSED] - Object: 'Object Repository/ADMIN/Categories/Category List/button_Categories' is clicked on

2019-11-25 09:41:39 - [TEST_STEP][PASSED] - click: Object: 'Object Repository/ADMIN/Categories/Category List/button_AddACategory' is clicked on

2019-11-25 09:41:39 - [MESSAGE][PASSED] - Object: 'Object Repository/ADMIN/Categories/Category List/button_AddACategory' is clicked on

2019-11-25 09:41:39 - [TEST_STEP][PASSED] - waitForElementPresent: Object 'Object Repository/ADMIN/Categories/Category/dropdown_Parent' is present

2019-11-25 09:41:39 - [MESSAGE][PASSED] - Object 'Object Repository/ADMIN/Categories/Category/dropdown_Parent' is present

2019-11-25 09:41:39 - [TEST_STEP][PASSED] - delay: Delayed 1 second(s)

2019-11-25 09:41:40 - [MESSAGE][PASSED] - Delayed 1 second(s)

2019-11-25 09:41:40 - [TEST_STEP][PASSED] - setText: Text 'Category 4.17' is set on object 'Object Repository/ADMIN/Categories/Category/textfield_Category Name'

2019-11-25 09:41:40 - [MESSAGE][PASSED] - Text 'Category 4.17' is set on object 'Object Repository/ADMIN/Categories/Category/textfield_Category Name'

2019-11-25 09:41:40 - [TEST_STEP][PASSED] - click: Object: 'Object Repository/ADMIN/Categories/Category/dropdown_Parent' is clicked on

2019-11-25 09:41:40 - [MESSAGE][PASSED] - Object: 'Object Repository/ADMIN/Categories/Category/dropdown_Parent' is clicked on

2019-11-25 09:41:40 - [TEST_STEP][PASSED] - delay: Delayed 2 second(s)

2019-11-25 09:41:42 - [MESSAGE][PASSED] - Delayed 2 second(s)

2019-11-25 09:41:42 - [TEST_STEP][PASSED] - click: Object: 'Object Repository/ADMIN/Categories/Category/dropdown_Parent' is clicked on

2019-11-25 09:41:42 - [MESSAGE][PASSED] - Object: 'Object Repository/ADMIN/Categories/Category/dropdown_Parent' is clicked on

2019-11-25 09:41:42 - [TEST_STEP][PASSED] - selectOptionByLabel: All options with label 'Category 04' are selected in object 'Object Repository/ADMIN/Categories/Category/dropdown_Parent' 

2019-11-25 09:41:43 - [MESSAGE][PASSED] - All options with label 'Category 04' are selected in object 'Object Repository/ADMIN/Categories/Category/dropdown_Parent' 

2019-11-25 09:41:43 - [TEST_STEP][PASSED] - click: Object: 'Object Repository/ADMIN/Categories/Category/button_Browse' is clicked on

2019-11-25 09:41:43 - [MESSAGE][PASSED] - Object: 'Object Repository/ADMIN/Categories/Category/button_Browse' is clicked on

2019-11-25 09:41:43 - [TEST_STEP][PASSED] - delay: Delayed 1 second(s)

2019-11-25 09:41:44 - [MESSAGE][PASSED] - Delayed 1 second(s)

2019-11-25 09:41:44 - [TEST_STEP][FAILED] - uploadFile: Unable to upload file 'C:\\Users\\Arcadier\\git\\Trillia\\Images\\Category\\4.png' to object 'Object Repository/ADMIN/Categories/Category/image_input image' (Root cause: org.openqa.selenium.WebDriverException: invalid argument: File not found : C:\\Users\\Arcadier\\git\\Trillia\\Images\\Category\\4.png
  (Session info: chrome=78.0.3904.108)
  (Driver info: chromedriver=2.35.528161 (5b82f2d2aae0ca24b877009200ced9065a772e73),platform=Windows NT 6.1.7601 SP1 x86_64) (WARNING: The server did not provide any stacktrace information)
Command duration or timeout: 0 milliseconds
Build info: version: '3.7.1', revision: '8a0099a', time: '2017-11-06T21:07:36.161Z'
System info: host: 'APRIL-PC', ip: '10.10.31.51', os.name: 'Windows 7', os.arch: 'amd64', os.version: '6.1', java.version: '1.8.0_102'
Driver info: com.kms.katalon.selenium.driver.CChromeDriver
Capabilities {acceptInsecureCerts: false, acceptSslCerts: false, applicationCacheEnabled: false, browserConnectionEnabled: false, browserName: chrome, chrome: {chromedriverVersion: 2.35.528161 (5b82f2d2aae0ca..., userDataDir: C:\Users\April\AppData\Loca...}, cssSelectorsEnabled: true, databaseEnabled: false, handlesAlerts: true, hasTouchScreen: false, javascriptEnabled: true, locationContextEnabled: true, mobileEmulationEnabled: false, nativeEvents: true, networkConnectionEnabled: false, pageLoadStrategy: normal, platform: XP, platformName: XP, rotatable: false, setWindowRect: true, takesHeapSnapshot: true, takesScreenshot: true, unexpectedAlertBehaviour: , unhandledPromptBehavior: , version: 78.0.3904.108, webStorageEnabled: true}
Session ID: cfe3a530f1bc406e2ea68220d7af8649)

2019-11-25 09:41:44 - [MESSAGE][FAILED] - Unable to upload file 'C:\\Users\\Arcadier\\git\\Trillia\\Images\\Category\\4.png' to object 'Object Repository/ADMIN/Categories/Category/image_input image' (Root cause: org.openqa.selenium.WebDriverException: invalid argument: File not found : C:\\Users\\Arcadier\\git\\Trillia\\Images\\Category\\4.png
  (Session info: chrome=78.0.3904.108)
  (Driver info: chromedriver=2.35.528161 (5b82f2d2aae0ca24b877009200ced9065a772e73),platform=Windows NT 6.1.7601 SP1 x86_64) (WARNING: The server did not provide any stacktrace information)
Command duration or timeout: 0 milliseconds
Build info: version: '3.7.1', revision: '8a0099a', time: '2017-11-06T21:07:36.161Z'
System info: host: 'APRIL-PC', ip: '10.10.31.51', os.name: 'Windows 7', os.arch: 'amd64', os.version: '6.1', java.version: '1.8.0_102'
Driver info: com.kms.katalon.selenium.driver.CChromeDriver
Capabilities {acceptInsecureCerts: false, acceptSslCerts: false, applicationCacheEnabled: false, browserConnectionEnabled: false, browserName: chrome, chrome: {chromedriverVersion: 2.35.528161 (5b82f2d2aae0ca..., userDataDir: C:\Users\April\AppData\Loca...}, cssSelectorsEnabled: true, databaseEnabled: false, handlesAlerts: true, hasTouchScreen: false, javascriptEnabled: true, locationContextEnabled: true, mobileEmulationEnabled: false, nativeEvents: true, networkConnectionEnabled: false, pageLoadStrategy: normal, platform: XP, platformName: XP, rotatable: false, setWindowRect: true, takesHeapSnapshot: true, takesScreenshot: true, unexpectedAlertBehaviour: , unhandledPromptBehavior: , version: 78.0.3904.108, webStorageEnabled: true}
Session ID: cfe3a530f1bc406e2ea68220d7af8649)
[[ATTACHMENT|C:\\Users\\April\\git\\Trillia\\Reports\\Admin\\Categories\\Add Category\\20191125_093242\\1574646104075.png]]

2019-11-25 09:41:44 - [TEST_STEP][PASSED] - waitForElementVisible: Object 'Object Repository/ADMIN/Categories/Category/button_upload check' is visible

2019-11-25 09:41:44 - [MESSAGE][WARNING] - Timeout '0' is invalid. Using default page load timeout: '30'

2019-11-25 09:41:48 - [MESSAGE][PASSED] - Object 'Object Repository/ADMIN/Categories/Category/button_upload check' is visible

2019-11-25 09:41:48 - [TEST_STEP][PASSED] - click: Object: 'Object Repository/ADMIN/Categories/Category/button_upload check' is clicked on

2019-11-25 09:41:48 - [MESSAGE][PASSED] - Object: 'Object Repository/ADMIN/Categories/Category/button_upload check' is clicked on

2019-11-25 09:41:48 - [TEST_STEP][PASSED] - waitForElementVisible: Object 'Object Repository/ADMIN/Categories/Category/button_upload save' is visible

2019-11-25 09:41:48 - [MESSAGE][WARNING] - Timeout '0' is invalid. Using default page load timeout: '30'

2019-11-25 09:41:48 - [MESSAGE][PASSED] - Object 'Object Repository/ADMIN/Categories/Category/button_upload save' is visible

2019-11-25 09:41:48 - [TEST_STEP][PASSED] - click: Object: 'Object Repository/ADMIN/Categories/Category/button_upload save' is clicked on

2019-11-25 09:41:48 - [MESSAGE][PASSED] - Object: 'Object Repository/ADMIN/Categories/Category/button_upload save' is clicked on

2019-11-25 09:41:48 - [TEST_STEP][PASSED] - delay: Delayed 1 second(s)

2019-11-25 09:41:49 - [MESSAGE][PASSED] - Delayed 1 second(s)

2019-11-25 09:41:49 - [TEST_STEP][PASSED] - setText: Text 'Description27' is set on object 'Object Repository/ADMIN/Categories/Category/textfield_category_description'

2019-11-25 09:41:49 - [MESSAGE][PASSED] - Text 'Description27' is set on object 'Object Repository/ADMIN/Categories/Category/textfield_category_description'

2019-11-25 09:41:49 - [TEST_STEP][PASSED] - click: Object: 'Object Repository/ADMIN/Categories/Category/button_Save' is clicked on

2019-11-25 09:41:49 - [MESSAGE][PASSED] - Object: 'Object Repository/ADMIN/Categories/Category/button_Save' is clicked on

2019-11-25 09:41:49 - [TEST_STEP][PASSED] - waitForElementVisible: Object 'Object Repository/ADMIN/Categories/Category/label_edit popup' is visible

2019-11-25 09:41:49 - [MESSAGE][WARNING] - Timeout '0' is invalid. Using default page load timeout: '30'

2019-11-25 09:41:51 - [MESSAGE][PASSED] - Object 'Object Repository/ADMIN/Categories/Category/label_edit popup' is visible

2019-11-25 09:41:51 - [TEST_STEP][PASSED] - waitForElementNotPresent: Web element with id: 'Object Repository/ADMIN/Categories/Category/label_edit popup' located by 'By.xpath: //div[(text() = 'Category was successfully saved.' or . = 'Category was successfully saved.')]' is not present after '30' second(s)

2019-11-25 09:41:51 - [MESSAGE][WARNING] - Timeout '0' is invalid. Using default page load timeout: '30'

2019-11-25 09:41:56 - [MESSAGE][PASSED] - Web element with id: 'Object Repository/ADMIN/Categories/Category/label_edit popup' located by 'By.xpath: //div[(text() = 'Category was successfully saved.' or . = 'Category was successfully saved.')]' is not present after '30' second(s)]]></system-out>
         <system-err><![CDATA[2019-11-25 09:41:38 - [TEST_CASE][FAILED] - Test Cases/ADMIN/Content Mgmt/Categories/Category Add-Edit/Add Category: Test Cases/ADMIN/Content Mgmt/Categories/Category Add-Edit/Add Category FAILED because (of) Unable to upload file 'C:\\Users\\Arcadier\\git\\Trillia\\Images\\Category\\4.png' to object 'Object Repository/ADMIN/Categories/Category/image_input image' (Root cause: org.openqa.selenium.WebDriverException: invalid argument: File not found : C:\\Users\\Arcadier\\git\\Trillia\\Images\\Category\\4.png
  (Session info: chrome=78.0.3904.108)
  (Driver info: chromedriver=2.35.528161 (5b82f2d2aae0ca24b877009200ced9065a772e73),platform=Windows NT 6.1.7601 SP1 x86_64) (WARNING: The server did not provide any stacktrace information)
Command duration or timeout: 0 milliseconds
Build info: version: '3.7.1', revision: '8a0099a', time: '2017-11-06T21:07:36.161Z'
System info: host: 'APRIL-PC', ip: '10.10.31.51', os.name: 'Windows 7', os.arch: 'amd64', os.version: '6.1', java.version: '1.8.0_102'
Driver info: com.kms.katalon.selenium.driver.CChromeDriver
Capabilities {acceptInsecureCerts: false, acceptSslCerts: false, applicationCacheEnabled: false, browserConnectionEnabled: false, browserName: chrome, chrome: {chromedriverVersion: 2.35.528161 (5b82f2d2aae0ca..., userDataDir: C:\Users\April\AppData\Loca...}, cssSelectorsEnabled: true, databaseEnabled: false, handlesAlerts: true, hasTouchScreen: false, javascriptEnabled: true, locationContextEnabled: true, mobileEmulationEnabled: false, nativeEvents: true, networkConnectionEnabled: false, pageLoadStrategy: normal, platform: XP, platformName: XP, rotatable: false, setWindowRect: true, takesHeapSnapshot: true, takesScreenshot: true, unexpectedAlertBehaviour: , unhandledPromptBehavior: , version: 78.0.3904.108, webStorageEnabled: true}
Session ID: cfe3a530f1bc406e2ea68220d7af8649)]]></system-err>
      </testcase>
      <testcase name="Test Cases/ADMIN/Content Mgmt/Categories/Category Add-Edit/Add Category" classname="Test Cases/ADMIN/Content Mgmt/Categories/Category Add-Edit/Add Category" status="FAILED">
         <failure type="FAILED" message="Unable to upload file 'C:\\Users\\Arcadier\\git\\Trillia\\Images\\Category\\4.png' to object 'Object Repository/ADMIN/Categories/Category/image_input image' (Root cause: org.openqa.selenium.WebDriverException: invalid argument: File not found : C:\\Users\\Arcadier\\git\\Trillia\\Images\\Category\\4.png
  (Session info: chrome=78.0.3904.108)
  (Driver info: chromedriver=2.35.528161 (5b82f2d2aae0ca24b877009200ced9065a772e73),platform=Windows NT 6.1.7601 SP1 x86_64) (WARNING: The server did not provide any stacktrace information)
Command duration or timeout: 0 milliseconds
Build info: version: '3.7.1', revision: '8a0099a', time: '2017-11-06T21:07:36.161Z'
System info: host: 'APRIL-PC', ip: '10.10.31.51', os.name: 'Windows 7', os.arch: 'amd64', os.version: '6.1', java.version: '1.8.0_102'
Driver info: com.kms.katalon.selenium.driver.CChromeDriver
Capabilities {acceptInsecureCerts: false, acceptSslCerts: false, applicationCacheEnabled: false, browserConnectionEnabled: false, browserName: chrome, chrome: {chromedriverVersion: 2.35.528161 (5b82f2d2aae0ca..., userDataDir: C:\Users\April\AppData\Loca...}, cssSelectorsEnabled: true, databaseEnabled: false, handlesAlerts: true, hasTouchScreen: false, javascriptEnabled: true, locationContextEnabled: true, mobileEmulationEnabled: false, nativeEvents: true, networkConnectionEnabled: false, pageLoadStrategy: normal, platform: XP, platformName: XP, rotatable: false, setWindowRect: true, takesHeapSnapshot: true, takesScreenshot: true, unexpectedAlertBehaviour: , unhandledPromptBehavior: , version: 78.0.3904.108, webStorageEnabled: true}
Session ID: cfe3a530f1bc406e2ea68220d7af8649)"/>
         <system-out><![CDATA[2019-11-25 09:41:56 - [TEST_CASE][FAILED] - Test Cases/ADMIN/Content Mgmt/Categories/Category Add-Edit/Add Category: Test Cases/ADMIN/Content Mgmt/Categories/Category Add-Edit/Add Category FAILED because (of) Unable to upload file 'C:\\Users\\Arcadier\\git\\Trillia\\Images\\Category\\4.png' to object 'Object Repository/ADMIN/Categories/Category/image_input image' (Root cause: org.openqa.selenium.WebDriverException: invalid argument: File not found : C:\\Users\\Arcadier\\git\\Trillia\\Images\\Category\\4.png
  (Session info: chrome=78.0.3904.108)
  (Driver info: chromedriver=2.35.528161 (5b82f2d2aae0ca24b877009200ced9065a772e73),platform=Windows NT 6.1.7601 SP1 x86_64) (WARNING: The server did not provide any stacktrace information)
Command duration or timeout: 0 milliseconds
Build info: version: '3.7.1', revision: '8a0099a', time: '2017-11-06T21:07:36.161Z'
System info: host: 'APRIL-PC', ip: '10.10.31.51', os.name: 'Windows 7', os.arch: 'amd64', os.version: '6.1', java.version: '1.8.0_102'
Driver info: com.kms.katalon.selenium.driver.CChromeDriver
Capabilities {acceptInsecureCerts: false, acceptSslCerts: false, applicationCacheEnabled: false, browserConnectionEnabled: false, browserName: chrome, chrome: {chromedriverVersion: 2.35.528161 (5b82f2d2aae0ca..., userDataDir: C:\Users\April\AppData\Loca...}, cssSelectorsEnabled: true, databaseEnabled: false, handlesAlerts: true, hasTouchScreen: false, javascriptEnabled: true, locationContextEnabled: true, mobileEmulationEnabled: false, nativeEvents: true, networkConnectionEnabled: false, pageLoadStrategy: normal, platform: XP, platformName: XP, rotatable: false, setWindowRect: true, takesHeapSnapshot: true, takesScreenshot: true, unexpectedAlertBehaviour: , unhandledPromptBehavior: , version: 78.0.3904.108, webStorageEnabled: true}
Session ID: cfe3a530f1bc406e2ea68220d7af8649)

2019-11-25 09:41:56 - [TEST_STEP][PASSED] - waitForElementVisible: Object 'Object Repository/ADMIN/Categories/Category List/button_Content Mgmt' is visible

2019-11-25 09:41:56 - [MESSAGE][WARNING] - Timeout '0' is invalid. Using default page load timeout: '30'

2019-11-25 09:41:56 - [MESSAGE][PASSED] - Object 'Object Repository/ADMIN/Categories/Category List/button_Content Mgmt' is visible

2019-11-25 09:41:56 - [TEST_STEP][PASSED] - click: Object: 'Object Repository/ADMIN/Categories/Category List/button_Content Mgmt' is clicked on

2019-11-25 09:41:56 - [MESSAGE][PASSED] - Object: 'Object Repository/ADMIN/Categories/Category List/button_Content Mgmt' is clicked on

2019-11-25 09:41:56 - [TEST_STEP][PASSED] - waitForElementVisible: Object 'Object Repository/ADMIN/Categories/Category List/button_Categories' is visible

2019-11-25 09:41:56 - [MESSAGE][WARNING] - Timeout '0' is invalid. Using default page load timeout: '30'

2019-11-25 09:41:56 - [MESSAGE][PASSED] - Object 'Object Repository/ADMIN/Categories/Category List/button_Categories' is visible

2019-11-25 09:41:56 - [TEST_STEP][PASSED] - click: Object: 'Object Repository/ADMIN/Categories/Category List/button_Categories' is clicked on

2019-11-25 09:41:59 - [MESSAGE][PASSED] - Object: 'Object Repository/ADMIN/Categories/Category List/button_Categories' is clicked on

2019-11-25 09:41:59 - [TEST_STEP][PASSED] - click: Object: 'Object Repository/ADMIN/Categories/Category List/button_AddACategory' is clicked on

2019-11-25 09:41:59 - [MESSAGE][PASSED] - Object: 'Object Repository/ADMIN/Categories/Category List/button_AddACategory' is clicked on

2019-11-25 09:41:59 - [TEST_STEP][PASSED] - waitForElementPresent: Object 'Object Repository/ADMIN/Categories/Category/dropdown_Parent' is present

2019-11-25 09:42:00 - [MESSAGE][PASSED] - Object 'Object Repository/ADMIN/Categories/Category/dropdown_Parent' is present

2019-11-25 09:42:00 - [TEST_STEP][PASSED] - delay: Delayed 1 second(s)

2019-11-25 09:42:01 - [MESSAGE][PASSED] - Delayed 1 second(s)

2019-11-25 09:42:01 - [TEST_STEP][PASSED] - setText: Text 'Category 4.18' is set on object 'Object Repository/ADMIN/Categories/Category/textfield_Category Name'

2019-11-25 09:42:01 - [MESSAGE][PASSED] - Text 'Category 4.18' is set on object 'Object Repository/ADMIN/Categories/Category/textfield_Category Name'

2019-11-25 09:42:01 - [TEST_STEP][PASSED] - click: Object: 'Object Repository/ADMIN/Categories/Category/dropdown_Parent' is clicked on

2019-11-25 09:42:01 - [MESSAGE][PASSED] - Object: 'Object Repository/ADMIN/Categories/Category/dropdown_Parent' is clicked on

2019-11-25 09:42:01 - [TEST_STEP][PASSED] - delay: Delayed 2 second(s)

2019-11-25 09:42:03 - [MESSAGE][PASSED] - Delayed 2 second(s)

2019-11-25 09:42:03 - [TEST_STEP][PASSED] - click: Object: 'Object Repository/ADMIN/Categories/Category/dropdown_Parent' is clicked on

2019-11-25 09:42:03 - [MESSAGE][PASSED] - Object: 'Object Repository/ADMIN/Categories/Category/dropdown_Parent' is clicked on

2019-11-25 09:42:03 - [TEST_STEP][PASSED] - selectOptionByLabel: All options with label 'Category 04' are selected in object 'Object Repository/ADMIN/Categories/Category/dropdown_Parent' 

2019-11-25 09:42:03 - [MESSAGE][PASSED] - All options with label 'Category 04' are selected in object 'Object Repository/ADMIN/Categories/Category/dropdown_Parent' 

2019-11-25 09:42:03 - [TEST_STEP][PASSED] - click: Object: 'Object Repository/ADMIN/Categories/Category/button_Browse' is clicked on

2019-11-25 09:42:03 - [MESSAGE][PASSED] - Object: 'Object Repository/ADMIN/Categories/Category/button_Browse' is clicked on

2019-11-25 09:42:03 - [TEST_STEP][PASSED] - delay: Delayed 1 second(s)

2019-11-25 09:42:04 - [MESSAGE][PASSED] - Delayed 1 second(s)

2019-11-25 09:42:04 - [TEST_STEP][FAILED] - uploadFile: Unable to upload file 'C:\\Users\\Arcadier\\git\\Trillia\\Images\\Category\\4.png' to object 'Object Repository/ADMIN/Categories/Category/image_input image' (Root cause: org.openqa.selenium.WebDriverException: invalid argument: File not found : C:\\Users\\Arcadier\\git\\Trillia\\Images\\Category\\4.png
  (Session info: chrome=78.0.3904.108)
  (Driver info: chromedriver=2.35.528161 (5b82f2d2aae0ca24b877009200ced9065a772e73),platform=Windows NT 6.1.7601 SP1 x86_64) (WARNING: The server did not provide any stacktrace information)
Command duration or timeout: 0 milliseconds
Build info: version: '3.7.1', revision: '8a0099a', time: '2017-11-06T21:07:36.161Z'
System info: host: 'APRIL-PC', ip: '10.10.31.51', os.name: 'Windows 7', os.arch: 'amd64', os.version: '6.1', java.version: '1.8.0_102'
Driver info: com.kms.katalon.selenium.driver.CChromeDriver
Capabilities {acceptInsecureCerts: false, acceptSslCerts: false, applicationCacheEnabled: false, browserConnectionEnabled: false, browserName: chrome, chrome: {chromedriverVersion: 2.35.528161 (5b82f2d2aae0ca..., userDataDir: C:\Users\April\AppData\Loca...}, cssSelectorsEnabled: true, databaseEnabled: false, handlesAlerts: true, hasTouchScreen: false, javascriptEnabled: true, locationContextEnabled: true, mobileEmulationEnabled: false, nativeEvents: true, networkConnectionEnabled: false, pageLoadStrategy: normal, platform: XP, platformName: XP, rotatable: false, setWindowRect: true, takesHeapSnapshot: true, takesScreenshot: true, unexpectedAlertBehaviour: , unhandledPromptBehavior: , version: 78.0.3904.108, webStorageEnabled: true}
Session ID: cfe3a530f1bc406e2ea68220d7af8649)

2019-11-25 09:42:04 - [MESSAGE][FAILED] - Unable to upload file 'C:\\Users\\Arcadier\\git\\Trillia\\Images\\Category\\4.png' to object 'Object Repository/ADMIN/Categories/Category/image_input image' (Root cause: org.openqa.selenium.WebDriverException: invalid argument: File not found : C:\\Users\\Arcadier\\git\\Trillia\\Images\\Category\\4.png
  (Session info: chrome=78.0.3904.108)
  (Driver info: chromedriver=2.35.528161 (5b82f2d2aae0ca24b877009200ced9065a772e73),platform=Windows NT 6.1.7601 SP1 x86_64) (WARNING: The server did not provide any stacktrace information)
Command duration or timeout: 0 milliseconds
Build info: version: '3.7.1', revision: '8a0099a', time: '2017-11-06T21:07:36.161Z'
System info: host: 'APRIL-PC', ip: '10.10.31.51', os.name: 'Windows 7', os.arch: 'amd64', os.version: '6.1', java.version: '1.8.0_102'
Driver info: com.kms.katalon.selenium.driver.CChromeDriver
Capabilities {acceptInsecureCerts: false, acceptSslCerts: false, applicationCacheEnabled: false, browserConnectionEnabled: false, browserName: chrome, chrome: {chromedriverVersion: 2.35.528161 (5b82f2d2aae0ca..., userDataDir: C:\Users\April\AppData\Loca...}, cssSelectorsEnabled: true, databaseEnabled: false, handlesAlerts: true, hasTouchScreen: false, javascriptEnabled: true, locationContextEnabled: true, mobileEmulationEnabled: false, nativeEvents: true, networkConnectionEnabled: false, pageLoadStrategy: normal, platform: XP, platformName: XP, rotatable: false, setWindowRect: true, takesHeapSnapshot: true, takesScreenshot: true, unexpectedAlertBehaviour: , unhandledPromptBehavior: , version: 78.0.3904.108, webStorageEnabled: true}
Session ID: cfe3a530f1bc406e2ea68220d7af8649)
[[ATTACHMENT|C:\\Users\\April\\git\\Trillia\\Reports\\Admin\\Categories\\Add Category\\20191125_093242\\1574646124445.png]]

2019-11-25 09:42:04 - [TEST_STEP][PASSED] - waitForElementVisible: Object 'Object Repository/ADMIN/Categories/Category/button_upload check' is visible

2019-11-25 09:42:04 - [MESSAGE][WARNING] - Timeout '0' is invalid. Using default page load timeout: '30'

2019-11-25 09:42:08 - [MESSAGE][PASSED] - Object 'Object Repository/ADMIN/Categories/Category/button_upload check' is visible

2019-11-25 09:42:08 - [TEST_STEP][PASSED] - click: Object: 'Object Repository/ADMIN/Categories/Category/button_upload check' is clicked on

2019-11-25 09:42:08 - [MESSAGE][PASSED] - Object: 'Object Repository/ADMIN/Categories/Category/button_upload check' is clicked on

2019-11-25 09:42:08 - [TEST_STEP][PASSED] - waitForElementVisible: Object 'Object Repository/ADMIN/Categories/Category/button_upload save' is visible

2019-11-25 09:42:08 - [MESSAGE][WARNING] - Timeout '0' is invalid. Using default page load timeout: '30'

2019-11-25 09:42:08 - [MESSAGE][PASSED] - Object 'Object Repository/ADMIN/Categories/Category/button_upload save' is visible

2019-11-25 09:42:08 - [TEST_STEP][PASSED] - click: Object: 'Object Repository/ADMIN/Categories/Category/button_upload save' is clicked on

2019-11-25 09:42:08 - [MESSAGE][PASSED] - Object: 'Object Repository/ADMIN/Categories/Category/button_upload save' is clicked on

2019-11-25 09:42:08 - [TEST_STEP][PASSED] - delay: Delayed 1 second(s)

2019-11-25 09:42:09 - [MESSAGE][PASSED] - Delayed 1 second(s)

2019-11-25 09:42:09 - [TEST_STEP][PASSED] - setText: Text 'Description28' is set on object 'Object Repository/ADMIN/Categories/Category/textfield_category_description'

2019-11-25 09:42:09 - [MESSAGE][PASSED] - Text 'Description28' is set on object 'Object Repository/ADMIN/Categories/Category/textfield_category_description'

2019-11-25 09:42:09 - [TEST_STEP][PASSED] - click: Object: 'Object Repository/ADMIN/Categories/Category/button_Save' is clicked on

2019-11-25 09:42:09 - [MESSAGE][PASSED] - Object: 'Object Repository/ADMIN/Categories/Category/button_Save' is clicked on

2019-11-25 09:42:09 - [TEST_STEP][PASSED] - waitForElementVisible: Object 'Object Repository/ADMIN/Categories/Category/label_edit popup' is visible

2019-11-25 09:42:09 - [MESSAGE][WARNING] - Timeout '0' is invalid. Using default page load timeout: '30'

2019-11-25 09:42:10 - [MESSAGE][PASSED] - Object 'Object Repository/ADMIN/Categories/Category/label_edit popup' is visible

2019-11-25 09:42:10 - [TEST_STEP][PASSED] - waitForElementNotPresent: Web element with id: 'Object Repository/ADMIN/Categories/Category/label_edit popup' located by 'By.xpath: //div[(text() = 'Category was successfully saved.' or . = 'Category was successfully saved.')]' is not present after '30' second(s)

2019-11-25 09:42:10 - [MESSAGE][WARNING] - Timeout '0' is invalid. Using default page load timeout: '30'

2019-11-25 09:42:16 - [MESSAGE][PASSED] - Web element with id: 'Object Repository/ADMIN/Categories/Category/label_edit popup' located by 'By.xpath: //div[(text() = 'Category was successfully saved.' or . = 'Category was successfully saved.')]' is not present after '30' second(s)]]></system-out>
         <system-err><![CDATA[2019-11-25 09:41:56 - [TEST_CASE][FAILED] - Test Cases/ADMIN/Content Mgmt/Categories/Category Add-Edit/Add Category: Test Cases/ADMIN/Content Mgmt/Categories/Category Add-Edit/Add Category FAILED because (of) Unable to upload file 'C:\\Users\\Arcadier\\git\\Trillia\\Images\\Category\\4.png' to object 'Object Repository/ADMIN/Categories/Category/image_input image' (Root cause: org.openqa.selenium.WebDriverException: invalid argument: File not found : C:\\Users\\Arcadier\\git\\Trillia\\Images\\Category\\4.png
  (Session info: chrome=78.0.3904.108)
  (Driver info: chromedriver=2.35.528161 (5b82f2d2aae0ca24b877009200ced9065a772e73),platform=Windows NT 6.1.7601 SP1 x86_64) (WARNING: The server did not provide any stacktrace information)
Command duration or timeout: 0 milliseconds
Build info: version: '3.7.1', revision: '8a0099a', time: '2017-11-06T21:07:36.161Z'
System info: host: 'APRIL-PC', ip: '10.10.31.51', os.name: 'Windows 7', os.arch: 'amd64', os.version: '6.1', java.version: '1.8.0_102'
Driver info: com.kms.katalon.selenium.driver.CChromeDriver
Capabilities {acceptInsecureCerts: false, acceptSslCerts: false, applicationCacheEnabled: false, browserConnectionEnabled: false, browserName: chrome, chrome: {chromedriverVersion: 2.35.528161 (5b82f2d2aae0ca..., userDataDir: C:\Users\April\AppData\Loca...}, cssSelectorsEnabled: true, databaseEnabled: false, handlesAlerts: true, hasTouchScreen: false, javascriptEnabled: true, locationContextEnabled: true, mobileEmulationEnabled: false, nativeEvents: true, networkConnectionEnabled: false, pageLoadStrategy: normal, platform: XP, platformName: XP, rotatable: false, setWindowRect: true, takesHeapSnapshot: true, takesScreenshot: true, unexpectedAlertBehaviour: , unhandledPromptBehavior: , version: 78.0.3904.108, webStorageEnabled: true}
Session ID: cfe3a530f1bc406e2ea68220d7af8649)]]></system-err>
      </testcase>
      <testcase name="Test Cases/ADMIN/Content Mgmt/Categories/Category Add-Edit/Add Category" classname="Test Cases/ADMIN/Content Mgmt/Categories/Category Add-Edit/Add Category" status="FAILED">
         <failure type="FAILED" message="Unable to upload file 'C:\\Users\\Arcadier\\git\\Trillia\\Images\\Category\\4.png' to object 'Object Repository/ADMIN/Categories/Category/image_input image' (Root cause: org.openqa.selenium.WebDriverException: invalid argument: File not found : C:\\Users\\Arcadier\\git\\Trillia\\Images\\Category\\4.png
  (Session info: chrome=78.0.3904.108)
  (Driver info: chromedriver=2.35.528161 (5b82f2d2aae0ca24b877009200ced9065a772e73),platform=Windows NT 6.1.7601 SP1 x86_64) (WARNING: The server did not provide any stacktrace information)
Command duration or timeout: 0 milliseconds
Build info: version: '3.7.1', revision: '8a0099a', time: '2017-11-06T21:07:36.161Z'
System info: host: 'APRIL-PC', ip: '10.10.31.51', os.name: 'Windows 7', os.arch: 'amd64', os.version: '6.1', java.version: '1.8.0_102'
Driver info: com.kms.katalon.selenium.driver.CChromeDriver
Capabilities {acceptInsecureCerts: false, acceptSslCerts: false, applicationCacheEnabled: false, browserConnectionEnabled: false, browserName: chrome, chrome: {chromedriverVersion: 2.35.528161 (5b82f2d2aae0ca..., userDataDir: C:\Users\April\AppData\Loca...}, cssSelectorsEnabled: true, databaseEnabled: false, handlesAlerts: true, hasTouchScreen: false, javascriptEnabled: true, locationContextEnabled: true, mobileEmulationEnabled: false, nativeEvents: true, networkConnectionEnabled: false, pageLoadStrategy: normal, platform: XP, platformName: XP, rotatable: false, setWindowRect: true, takesHeapSnapshot: true, takesScreenshot: true, unexpectedAlertBehaviour: , unhandledPromptBehavior: , version: 78.0.3904.108, webStorageEnabled: true}
Session ID: cfe3a530f1bc406e2ea68220d7af8649)"/>
         <system-out><![CDATA[2019-11-25 09:42:16 - [TEST_CASE][FAILED] - Test Cases/ADMIN/Content Mgmt/Categories/Category Add-Edit/Add Category: Test Cases/ADMIN/Content Mgmt/Categories/Category Add-Edit/Add Category FAILED because (of) Unable to upload file 'C:\\Users\\Arcadier\\git\\Trillia\\Images\\Category\\4.png' to object 'Object Repository/ADMIN/Categories/Category/image_input image' (Root cause: org.openqa.selenium.WebDriverException: invalid argument: File not found : C:\\Users\\Arcadier\\git\\Trillia\\Images\\Category\\4.png
  (Session info: chrome=78.0.3904.108)
  (Driver info: chromedriver=2.35.528161 (5b82f2d2aae0ca24b877009200ced9065a772e73),platform=Windows NT 6.1.7601 SP1 x86_64) (WARNING: The server did not provide any stacktrace information)
Command duration or timeout: 0 milliseconds
Build info: version: '3.7.1', revision: '8a0099a', time: '2017-11-06T21:07:36.161Z'
System info: host: 'APRIL-PC', ip: '10.10.31.51', os.name: 'Windows 7', os.arch: 'amd64', os.version: '6.1', java.version: '1.8.0_102'
Driver info: com.kms.katalon.selenium.driver.CChromeDriver
Capabilities {acceptInsecureCerts: false, acceptSslCerts: false, applicationCacheEnabled: false, browserConnectionEnabled: false, browserName: chrome, chrome: {chromedriverVersion: 2.35.528161 (5b82f2d2aae0ca..., userDataDir: C:\Users\April\AppData\Loca...}, cssSelectorsEnabled: true, databaseEnabled: false, handlesAlerts: true, hasTouchScreen: false, javascriptEnabled: true, locationContextEnabled: true, mobileEmulationEnabled: false, nativeEvents: true, networkConnectionEnabled: false, pageLoadStrategy: normal, platform: XP, platformName: XP, rotatable: false, setWindowRect: true, takesHeapSnapshot: true, takesScreenshot: true, unexpectedAlertBehaviour: , unhandledPromptBehavior: , version: 78.0.3904.108, webStorageEnabled: true}
Session ID: cfe3a530f1bc406e2ea68220d7af8649)

2019-11-25 09:42:16 - [TEST_STEP][PASSED] - waitForElementVisible: Object 'Object Repository/ADMIN/Categories/Category List/button_Content Mgmt' is visible

2019-11-25 09:42:16 - [MESSAGE][WARNING] - Timeout '0' is invalid. Using default page load timeout: '30'

2019-11-25 09:42:16 - [MESSAGE][PASSED] - Object 'Object Repository/ADMIN/Categories/Category List/button_Content Mgmt' is visible

2019-11-25 09:42:16 - [TEST_STEP][PASSED] - click: Object: 'Object Repository/ADMIN/Categories/Category List/button_Content Mgmt' is clicked on

2019-11-25 09:42:16 - [MESSAGE][PASSED] - Object: 'Object Repository/ADMIN/Categories/Category List/button_Content Mgmt' is clicked on

2019-11-25 09:42:16 - [TEST_STEP][PASSED] - waitForElementVisible: Object 'Object Repository/ADMIN/Categories/Category List/button_Categories' is visible

2019-11-25 09:42:16 - [MESSAGE][WARNING] - Timeout '0' is invalid. Using default page load timeout: '30'

2019-11-25 09:42:16 - [MESSAGE][PASSED] - Object 'Object Repository/ADMIN/Categories/Category List/button_Categories' is visible

2019-11-25 09:42:16 - [TEST_STEP][PASSED] - click: Object: 'Object Repository/ADMIN/Categories/Category List/button_Categories' is clicked on

2019-11-25 09:42:16 - [MESSAGE][PASSED] - Object: 'Object Repository/ADMIN/Categories/Category List/button_Categories' is clicked on

2019-11-25 09:42:16 - [TEST_STEP][PASSED] - click: Object: 'Object Repository/ADMIN/Categories/Category List/button_AddACategory' is clicked on

2019-11-25 09:42:17 - [MESSAGE][PASSED] - Object: 'Object Repository/ADMIN/Categories/Category List/button_AddACategory' is clicked on

2019-11-25 09:42:17 - [TEST_STEP][PASSED] - waitForElementPresent: Object 'Object Repository/ADMIN/Categories/Category/dropdown_Parent' is present

2019-11-25 09:42:17 - [MESSAGE][PASSED] - Object 'Object Repository/ADMIN/Categories/Category/dropdown_Parent' is present

2019-11-25 09:42:17 - [TEST_STEP][PASSED] - delay: Delayed 1 second(s)

2019-11-25 09:42:18 - [MESSAGE][PASSED] - Delayed 1 second(s)

2019-11-25 09:42:18 - [TEST_STEP][PASSED] - setText: Text 'Category 4.19' is set on object 'Object Repository/ADMIN/Categories/Category/textfield_Category Name'

2019-11-25 09:42:18 - [MESSAGE][PASSED] - Text 'Category 4.19' is set on object 'Object Repository/ADMIN/Categories/Category/textfield_Category Name'

2019-11-25 09:42:18 - [TEST_STEP][PASSED] - click: Object: 'Object Repository/ADMIN/Categories/Category/dropdown_Parent' is clicked on

2019-11-25 09:42:18 - [MESSAGE][PASSED] - Object: 'Object Repository/ADMIN/Categories/Category/dropdown_Parent' is clicked on

2019-11-25 09:42:18 - [TEST_STEP][PASSED] - delay: Delayed 2 second(s)

2019-11-25 09:42:20 - [MESSAGE][PASSED] - Delayed 2 second(s)

2019-11-25 09:42:20 - [TEST_STEP][PASSED] - click: Object: 'Object Repository/ADMIN/Categories/Category/dropdown_Parent' is clicked on

2019-11-25 09:42:20 - [MESSAGE][PASSED] - Object: 'Object Repository/ADMIN/Categories/Category/dropdown_Parent' is clicked on

2019-11-25 09:42:20 - [TEST_STEP][PASSED] - selectOptionByLabel: All options with label 'Category 04' are selected in object 'Object Repository/ADMIN/Categories/Category/dropdown_Parent' 

2019-11-25 09:42:20 - [MESSAGE][PASSED] - All options with label 'Category 04' are selected in object 'Object Repository/ADMIN/Categories/Category/dropdown_Parent' 

2019-11-25 09:42:20 - [TEST_STEP][PASSED] - click: Object: 'Object Repository/ADMIN/Categories/Category/button_Browse' is clicked on

2019-11-25 09:42:20 - [MESSAGE][PASSED] - Object: 'Object Repository/ADMIN/Categories/Category/button_Browse' is clicked on

2019-11-25 09:42:20 - [TEST_STEP][PASSED] - delay: Delayed 1 second(s)

2019-11-25 09:42:21 - [MESSAGE][PASSED] - Delayed 1 second(s)

2019-11-25 09:42:21 - [TEST_STEP][FAILED] - uploadFile: Unable to upload file 'C:\\Users\\Arcadier\\git\\Trillia\\Images\\Category\\4.png' to object 'Object Repository/ADMIN/Categories/Category/image_input image' (Root cause: org.openqa.selenium.WebDriverException: invalid argument: File not found : C:\\Users\\Arcadier\\git\\Trillia\\Images\\Category\\4.png
  (Session info: chrome=78.0.3904.108)
  (Driver info: chromedriver=2.35.528161 (5b82f2d2aae0ca24b877009200ced9065a772e73),platform=Windows NT 6.1.7601 SP1 x86_64) (WARNING: The server did not provide any stacktrace information)
Command duration or timeout: 0 milliseconds
Build info: version: '3.7.1', revision: '8a0099a', time: '2017-11-06T21:07:36.161Z'
System info: host: 'APRIL-PC', ip: '10.10.31.51', os.name: 'Windows 7', os.arch: 'amd64', os.version: '6.1', java.version: '1.8.0_102'
Driver info: com.kms.katalon.selenium.driver.CChromeDriver
Capabilities {acceptInsecureCerts: false, acceptSslCerts: false, applicationCacheEnabled: false, browserConnectionEnabled: false, browserName: chrome, chrome: {chromedriverVersion: 2.35.528161 (5b82f2d2aae0ca..., userDataDir: C:\Users\April\AppData\Loca...}, cssSelectorsEnabled: true, databaseEnabled: false, handlesAlerts: true, hasTouchScreen: false, javascriptEnabled: true, locationContextEnabled: true, mobileEmulationEnabled: false, nativeEvents: true, networkConnectionEnabled: false, pageLoadStrategy: normal, platform: XP, platformName: XP, rotatable: false, setWindowRect: true, takesHeapSnapshot: true, takesScreenshot: true, unexpectedAlertBehaviour: , unhandledPromptBehavior: , version: 78.0.3904.108, webStorageEnabled: true}
Session ID: cfe3a530f1bc406e2ea68220d7af8649)

2019-11-25 09:42:22 - [MESSAGE][FAILED] - Unable to upload file 'C:\\Users\\Arcadier\\git\\Trillia\\Images\\Category\\4.png' to object 'Object Repository/ADMIN/Categories/Category/image_input image' (Root cause: org.openqa.selenium.WebDriverException: invalid argument: File not found : C:\\Users\\Arcadier\\git\\Trillia\\Images\\Category\\4.png
  (Session info: chrome=78.0.3904.108)
  (Driver info: chromedriver=2.35.528161 (5b82f2d2aae0ca24b877009200ced9065a772e73),platform=Windows NT 6.1.7601 SP1 x86_64) (WARNING: The server did not provide any stacktrace information)
Command duration or timeout: 0 milliseconds
Build info: version: '3.7.1', revision: '8a0099a', time: '2017-11-06T21:07:36.161Z'
System info: host: 'APRIL-PC', ip: '10.10.31.51', os.name: 'Windows 7', os.arch: 'amd64', os.version: '6.1', java.version: '1.8.0_102'
Driver info: com.kms.katalon.selenium.driver.CChromeDriver
Capabilities {acceptInsecureCerts: false, acceptSslCerts: false, applicationCacheEnabled: false, browserConnectionEnabled: false, browserName: chrome, chrome: {chromedriverVersion: 2.35.528161 (5b82f2d2aae0ca..., userDataDir: C:\Users\April\AppData\Loca...}, cssSelectorsEnabled: true, databaseEnabled: false, handlesAlerts: true, hasTouchScreen: false, javascriptEnabled: true, locationContextEnabled: true, mobileEmulationEnabled: false, nativeEvents: true, networkConnectionEnabled: false, pageLoadStrategy: normal, platform: XP, platformName: XP, rotatable: false, setWindowRect: true, takesHeapSnapshot: true, takesScreenshot: true, unexpectedAlertBehaviour: , unhandledPromptBehavior: , version: 78.0.3904.108, webStorageEnabled: true}
Session ID: cfe3a530f1bc406e2ea68220d7af8649)
[[ATTACHMENT|C:\\Users\\April\\git\\Trillia\\Reports\\Admin\\Categories\\Add Category\\20191125_093242\\1574646141723.png]]

2019-11-25 09:42:22 - [TEST_STEP][PASSED] - waitForElementVisible: Object 'Object Repository/ADMIN/Categories/Category/button_upload check' is visible

2019-11-25 09:42:22 - [MESSAGE][WARNING] - Timeout '0' is invalid. Using default page load timeout: '30'

2019-11-25 09:42:26 - [MESSAGE][PASSED] - Object 'Object Repository/ADMIN/Categories/Category/button_upload check' is visible

2019-11-25 09:42:26 - [TEST_STEP][PASSED] - click: Object: 'Object Repository/ADMIN/Categories/Category/button_upload check' is clicked on

2019-11-25 09:42:26 - [MESSAGE][PASSED] - Object: 'Object Repository/ADMIN/Categories/Category/button_upload check' is clicked on

2019-11-25 09:42:26 - [TEST_STEP][PASSED] - waitForElementVisible: Object 'Object Repository/ADMIN/Categories/Category/button_upload save' is visible

2019-11-25 09:42:26 - [MESSAGE][WARNING] - Timeout '0' is invalid. Using default page load timeout: '30'

2019-11-25 09:42:26 - [MESSAGE][PASSED] - Object 'Object Repository/ADMIN/Categories/Category/button_upload save' is visible

2019-11-25 09:42:26 - [TEST_STEP][PASSED] - click: Object: 'Object Repository/ADMIN/Categories/Category/button_upload save' is clicked on

2019-11-25 09:42:26 - [MESSAGE][PASSED] - Object: 'Object Repository/ADMIN/Categories/Category/button_upload save' is clicked on

2019-11-25 09:42:26 - [TEST_STEP][PASSED] - delay: Delayed 1 second(s)

2019-11-25 09:42:27 - [MESSAGE][PASSED] - Delayed 1 second(s)

2019-11-25 09:42:27 - [TEST_STEP][PASSED] - setText: Text 'Description29' is set on object 'Object Repository/ADMIN/Categories/Category/textfield_category_description'

2019-11-25 09:42:28 - [MESSAGE][PASSED] - Text 'Description29' is set on object 'Object Repository/ADMIN/Categories/Category/textfield_category_description'

2019-11-25 09:42:28 - [TEST_STEP][PASSED] - click: Object: 'Object Repository/ADMIN/Categories/Category/button_Save' is clicked on

2019-11-25 09:42:28 - [MESSAGE][PASSED] - Object: 'Object Repository/ADMIN/Categories/Category/button_Save' is clicked on

2019-11-25 09:42:28 - [TEST_STEP][PASSED] - waitForElementVisible: Object 'Object Repository/ADMIN/Categories/Category/label_edit popup' is visible

2019-11-25 09:42:28 - [MESSAGE][WARNING] - Timeout '0' is invalid. Using default page load timeout: '30'

2019-11-25 09:42:28 - [MESSAGE][PASSED] - Object 'Object Repository/ADMIN/Categories/Category/label_edit popup' is visible

2019-11-25 09:42:28 - [TEST_STEP][PASSED] - waitForElementNotPresent: Web element with id: 'Object Repository/ADMIN/Categories/Category/label_edit popup' located by 'By.xpath: //div[(text() = 'Category was successfully saved.' or . = 'Category was successfully saved.')]' is not present after '30' second(s)

2019-11-25 09:42:28 - [MESSAGE][WARNING] - Timeout '0' is invalid. Using default page load timeout: '30'

2019-11-25 09:42:34 - [MESSAGE][PASSED] - Web element with id: 'Object Repository/ADMIN/Categories/Category/label_edit popup' located by 'By.xpath: //div[(text() = 'Category was successfully saved.' or . = 'Category was successfully saved.')]' is not present after '30' second(s)]]></system-out>
         <system-err><![CDATA[2019-11-25 09:42:16 - [TEST_CASE][FAILED] - Test Cases/ADMIN/Content Mgmt/Categories/Category Add-Edit/Add Category: Test Cases/ADMIN/Content Mgmt/Categories/Category Add-Edit/Add Category FAILED because (of) Unable to upload file 'C:\\Users\\Arcadier\\git\\Trillia\\Images\\Category\\4.png' to object 'Object Repository/ADMIN/Categories/Category/image_input image' (Root cause: org.openqa.selenium.WebDriverException: invalid argument: File not found : C:\\Users\\Arcadier\\git\\Trillia\\Images\\Category\\4.png
  (Session info: chrome=78.0.3904.108)
  (Driver info: chromedriver=2.35.528161 (5b82f2d2aae0ca24b877009200ced9065a772e73),platform=Windows NT 6.1.7601 SP1 x86_64) (WARNING: The server did not provide any stacktrace information)
Command duration or timeout: 0 milliseconds
Build info: version: '3.7.1', revision: '8a0099a', time: '2017-11-06T21:07:36.161Z'
System info: host: 'APRIL-PC', ip: '10.10.31.51', os.name: 'Windows 7', os.arch: 'amd64', os.version: '6.1', java.version: '1.8.0_102'
Driver info: com.kms.katalon.selenium.driver.CChromeDriver
Capabilities {acceptInsecureCerts: false, acceptSslCerts: false, applicationCacheEnabled: false, browserConnectionEnabled: false, browserName: chrome, chrome: {chromedriverVersion: 2.35.528161 (5b82f2d2aae0ca..., userDataDir: C:\Users\April\AppData\Loca...}, cssSelectorsEnabled: true, databaseEnabled: false, handlesAlerts: true, hasTouchScreen: false, javascriptEnabled: true, locationContextEnabled: true, mobileEmulationEnabled: false, nativeEvents: true, networkConnectionEnabled: false, pageLoadStrategy: normal, platform: XP, platformName: XP, rotatable: false, setWindowRect: true, takesHeapSnapshot: true, takesScreenshot: true, unexpectedAlertBehaviour: , unhandledPromptBehavior: , version: 78.0.3904.108, webStorageEnabled: true}
Session ID: cfe3a530f1bc406e2ea68220d7af8649)]]></system-err>
      </testcase>
      <testcase name="Test Cases/ADMIN/Content Mgmt/Categories/Category Add-Edit/Add Category" classname="Test Cases/ADMIN/Content Mgmt/Categories/Category Add-Edit/Add Category" status="FAILED">
         <failure type="FAILED" message="Unable to upload file 'C:\\Users\\Arcadier\\git\\Trillia\\Images\\Category\\4.png' to object 'Object Repository/ADMIN/Categories/Category/image_input image' (Root cause: org.openqa.selenium.WebDriverException: invalid argument: File not found : C:\\Users\\Arcadier\\git\\Trillia\\Images\\Category\\4.png
  (Session info: chrome=78.0.3904.108)
  (Driver info: chromedriver=2.35.528161 (5b82f2d2aae0ca24b877009200ced9065a772e73),platform=Windows NT 6.1.7601 SP1 x86_64) (WARNING: The server did not provide any stacktrace information)
Command duration or timeout: 0 milliseconds
Build info: version: '3.7.1', revision: '8a0099a', time: '2017-11-06T21:07:36.161Z'
System info: host: 'APRIL-PC', ip: '10.10.31.51', os.name: 'Windows 7', os.arch: 'amd64', os.version: '6.1', java.version: '1.8.0_102'
Driver info: com.kms.katalon.selenium.driver.CChromeDriver
Capabilities {acceptInsecureCerts: false, acceptSslCerts: false, applicationCacheEnabled: false, browserConnectionEnabled: false, browserName: chrome, chrome: {chromedriverVersion: 2.35.528161 (5b82f2d2aae0ca..., userDataDir: C:\Users\April\AppData\Loca...}, cssSelectorsEnabled: true, databaseEnabled: false, handlesAlerts: true, hasTouchScreen: false, javascriptEnabled: true, locationContextEnabled: true, mobileEmulationEnabled: false, nativeEvents: true, networkConnectionEnabled: false, pageLoadStrategy: normal, platform: XP, platformName: XP, rotatable: false, setWindowRect: true, takesHeapSnapshot: true, takesScreenshot: true, unexpectedAlertBehaviour: , unhandledPromptBehavior: , version: 78.0.3904.108, webStorageEnabled: true}
Session ID: cfe3a530f1bc406e2ea68220d7af8649)"/>
         <system-out><![CDATA[2019-11-25 09:42:34 - [TEST_CASE][FAILED] - Test Cases/ADMIN/Content Mgmt/Categories/Category Add-Edit/Add Category: Test Cases/ADMIN/Content Mgmt/Categories/Category Add-Edit/Add Category FAILED because (of) Unable to upload file 'C:\\Users\\Arcadier\\git\\Trillia\\Images\\Category\\4.png' to object 'Object Repository/ADMIN/Categories/Category/image_input image' (Root cause: org.openqa.selenium.WebDriverException: invalid argument: File not found : C:\\Users\\Arcadier\\git\\Trillia\\Images\\Category\\4.png
  (Session info: chrome=78.0.3904.108)
  (Driver info: chromedriver=2.35.528161 (5b82f2d2aae0ca24b877009200ced9065a772e73),platform=Windows NT 6.1.7601 SP1 x86_64) (WARNING: The server did not provide any stacktrace information)
Command duration or timeout: 0 milliseconds
Build info: version: '3.7.1', revision: '8a0099a', time: '2017-11-06T21:07:36.161Z'
System info: host: 'APRIL-PC', ip: '10.10.31.51', os.name: 'Windows 7', os.arch: 'amd64', os.version: '6.1', java.version: '1.8.0_102'
Driver info: com.kms.katalon.selenium.driver.CChromeDriver
Capabilities {acceptInsecureCerts: false, acceptSslCerts: false, applicationCacheEnabled: false, browserConnectionEnabled: false, browserName: chrome, chrome: {chromedriverVersion: 2.35.528161 (5b82f2d2aae0ca..., userDataDir: C:\Users\April\AppData\Loca...}, cssSelectorsEnabled: true, databaseEnabled: false, handlesAlerts: true, hasTouchScreen: false, javascriptEnabled: true, locationContextEnabled: true, mobileEmulationEnabled: false, nativeEvents: true, networkConnectionEnabled: false, pageLoadStrategy: normal, platform: XP, platformName: XP, rotatable: false, setWindowRect: true, takesHeapSnapshot: true, takesScreenshot: true, unexpectedAlertBehaviour: , unhandledPromptBehavior: , version: 78.0.3904.108, webStorageEnabled: true}
Session ID: cfe3a530f1bc406e2ea68220d7af8649)

2019-11-25 09:42:34 - [TEST_STEP][PASSED] - waitForElementVisible: Object 'Object Repository/ADMIN/Categories/Category List/button_Content Mgmt' is visible

2019-11-25 09:42:34 - [MESSAGE][WARNING] - Timeout '0' is invalid. Using default page load timeout: '30'

2019-11-25 09:42:34 - [MESSAGE][PASSED] - Object 'Object Repository/ADMIN/Categories/Category List/button_Content Mgmt' is visible

2019-11-25 09:42:34 - [TEST_STEP][PASSED] - click: Object: 'Object Repository/ADMIN/Categories/Category List/button_Content Mgmt' is clicked on

2019-11-25 09:42:34 - [MESSAGE][PASSED] - Object: 'Object Repository/ADMIN/Categories/Category List/button_Content Mgmt' is clicked on

2019-11-25 09:42:34 - [TEST_STEP][PASSED] - waitForElementVisible: Object 'Object Repository/ADMIN/Categories/Category List/button_Categories' is visible

2019-11-25 09:42:34 - [MESSAGE][WARNING] - Timeout '0' is invalid. Using default page load timeout: '30'

2019-11-25 09:42:34 - [MESSAGE][PASSED] - Object 'Object Repository/ADMIN/Categories/Category List/button_Categories' is visible

2019-11-25 09:42:34 - [TEST_STEP][PASSED] - click: Object: 'Object Repository/ADMIN/Categories/Category List/button_Categories' is clicked on

2019-11-25 09:42:36 - [MESSAGE][PASSED] - Object: 'Object Repository/ADMIN/Categories/Category List/button_Categories' is clicked on

2019-11-25 09:42:36 - [TEST_STEP][PASSED] - click: Object: 'Object Repository/ADMIN/Categories/Category List/button_AddACategory' is clicked on

2019-11-25 09:42:36 - [MESSAGE][PASSED] - Object: 'Object Repository/ADMIN/Categories/Category List/button_AddACategory' is clicked on

2019-11-25 09:42:36 - [TEST_STEP][PASSED] - waitForElementPresent: Object 'Object Repository/ADMIN/Categories/Category/dropdown_Parent' is present

2019-11-25 09:42:36 - [MESSAGE][PASSED] - Object 'Object Repository/ADMIN/Categories/Category/dropdown_Parent' is present

2019-11-25 09:42:36 - [TEST_STEP][PASSED] - delay: Delayed 1 second(s)

2019-11-25 09:42:37 - [MESSAGE][PASSED] - Delayed 1 second(s)

2019-11-25 09:42:37 - [TEST_STEP][PASSED] - setText: Text 'Category 4.20' is set on object 'Object Repository/ADMIN/Categories/Category/textfield_Category Name'

2019-11-25 09:42:37 - [MESSAGE][PASSED] - Text 'Category 4.20' is set on object 'Object Repository/ADMIN/Categories/Category/textfield_Category Name'

2019-11-25 09:42:37 - [TEST_STEP][PASSED] - click: Object: 'Object Repository/ADMIN/Categories/Category/dropdown_Parent' is clicked on

2019-11-25 09:42:37 - [MESSAGE][PASSED] - Object: 'Object Repository/ADMIN/Categories/Category/dropdown_Parent' is clicked on

2019-11-25 09:42:37 - [TEST_STEP][PASSED] - delay: Delayed 2 second(s)

2019-11-25 09:42:39 - [MESSAGE][PASSED] - Delayed 2 second(s)

2019-11-25 09:42:39 - [TEST_STEP][PASSED] - click: Object: 'Object Repository/ADMIN/Categories/Category/dropdown_Parent' is clicked on

2019-11-25 09:42:39 - [MESSAGE][PASSED] - Object: 'Object Repository/ADMIN/Categories/Category/dropdown_Parent' is clicked on

2019-11-25 09:42:39 - [TEST_STEP][PASSED] - selectOptionByLabel: All options with label 'Category 04' are selected in object 'Object Repository/ADMIN/Categories/Category/dropdown_Parent' 

2019-11-25 09:42:39 - [MESSAGE][PASSED] - All options with label 'Category 04' are selected in object 'Object Repository/ADMIN/Categories/Category/dropdown_Parent' 

2019-11-25 09:42:39 - [TEST_STEP][PASSED] - click: Object: 'Object Repository/ADMIN/Categories/Category/button_Browse' is clicked on

2019-11-25 09:42:39 - [MESSAGE][PASSED] - Object: 'Object Repository/ADMIN/Categories/Category/button_Browse' is clicked on

2019-11-25 09:42:39 - [TEST_STEP][PASSED] - delay: Delayed 1 second(s)

2019-11-25 09:42:40 - [MESSAGE][PASSED] - Delayed 1 second(s)

2019-11-25 09:42:40 - [TEST_STEP][FAILED] - uploadFile: Unable to upload file 'C:\\Users\\Arcadier\\git\\Trillia\\Images\\Category\\4.png' to object 'Object Repository/ADMIN/Categories/Category/image_input image' (Root cause: org.openqa.selenium.WebDriverException: invalid argument: File not found : C:\\Users\\Arcadier\\git\\Trillia\\Images\\Category\\4.png
  (Session info: chrome=78.0.3904.108)
  (Driver info: chromedriver=2.35.528161 (5b82f2d2aae0ca24b877009200ced9065a772e73),platform=Windows NT 6.1.7601 SP1 x86_64) (WARNING: The server did not provide any stacktrace information)
Command duration or timeout: 0 milliseconds
Build info: version: '3.7.1', revision: '8a0099a', time: '2017-11-06T21:07:36.161Z'
System info: host: 'APRIL-PC', ip: '10.10.31.51', os.name: 'Windows 7', os.arch: 'amd64', os.version: '6.1', java.version: '1.8.0_102'
Driver info: com.kms.katalon.selenium.driver.CChromeDriver
Capabilities {acceptInsecureCerts: false, acceptSslCerts: false, applicationCacheEnabled: false, browserConnectionEnabled: false, browserName: chrome, chrome: {chromedriverVersion: 2.35.528161 (5b82f2d2aae0ca..., userDataDir: C:\Users\April\AppData\Loca...}, cssSelectorsEnabled: true, databaseEnabled: false, handlesAlerts: true, hasTouchScreen: false, javascriptEnabled: true, locationContextEnabled: true, mobileEmulationEnabled: false, nativeEvents: true, networkConnectionEnabled: false, pageLoadStrategy: normal, platform: XP, platformName: XP, rotatable: false, setWindowRect: true, takesHeapSnapshot: true, takesScreenshot: true, unexpectedAlertBehaviour: , unhandledPromptBehavior: , version: 78.0.3904.108, webStorageEnabled: true}
Session ID: cfe3a530f1bc406e2ea68220d7af8649)

2019-11-25 09:42:41 - [MESSAGE][FAILED] - Unable to upload file 'C:\\Users\\Arcadier\\git\\Trillia\\Images\\Category\\4.png' to object 'Object Repository/ADMIN/Categories/Category/image_input image' (Root cause: org.openqa.selenium.WebDriverException: invalid argument: File not found : C:\\Users\\Arcadier\\git\\Trillia\\Images\\Category\\4.png
  (Session info: chrome=78.0.3904.108)
  (Driver info: chromedriver=2.35.528161 (5b82f2d2aae0ca24b877009200ced9065a772e73),platform=Windows NT 6.1.7601 SP1 x86_64) (WARNING: The server did not provide any stacktrace information)
Command duration or timeout: 0 milliseconds
Build info: version: '3.7.1', revision: '8a0099a', time: '2017-11-06T21:07:36.161Z'
System info: host: 'APRIL-PC', ip: '10.10.31.51', os.name: 'Windows 7', os.arch: 'amd64', os.version: '6.1', java.version: '1.8.0_102'
Driver info: com.kms.katalon.selenium.driver.CChromeDriver
Capabilities {acceptInsecureCerts: false, acceptSslCerts: false, applicationCacheEnabled: false, browserConnectionEnabled: false, browserName: chrome, chrome: {chromedriverVersion: 2.35.528161 (5b82f2d2aae0ca..., userDataDir: C:\Users\April\AppData\Loca...}, cssSelectorsEnabled: true, databaseEnabled: false, handlesAlerts: true, hasTouchScreen: false, javascriptEnabled: true, locationContextEnabled: true, mobileEmulationEnabled: false, nativeEvents: true, networkConnectionEnabled: false, pageLoadStrategy: normal, platform: XP, platformName: XP, rotatable: false, setWindowRect: true, takesHeapSnapshot: true, takesScreenshot: true, unexpectedAlertBehaviour: , unhandledPromptBehavior: , version: 78.0.3904.108, webStorageEnabled: true}
Session ID: cfe3a530f1bc406e2ea68220d7af8649)
[[ATTACHMENT|C:\\Users\\April\\git\\Trillia\\Reports\\Admin\\Categories\\Add Category\\20191125_093242\\1574646161026.png]]

2019-11-25 09:42:41 - [TEST_STEP][PASSED] - waitForElementVisible: Object 'Object Repository/ADMIN/Categories/Category/button_upload check' is visible

2019-11-25 09:42:41 - [MESSAGE][WARNING] - Timeout '0' is invalid. Using default page load timeout: '30'

2019-11-25 09:42:48 - [MESSAGE][PASSED] - Object 'Object Repository/ADMIN/Categories/Category/button_upload check' is visible

2019-11-25 09:42:48 - [TEST_STEP][PASSED] - click: Object: 'Object Repository/ADMIN/Categories/Category/button_upload check' is clicked on

2019-11-25 09:42:48 - [MESSAGE][PASSED] - Object: 'Object Repository/ADMIN/Categories/Category/button_upload check' is clicked on

2019-11-25 09:42:48 - [TEST_STEP][PASSED] - waitForElementVisible: Object 'Object Repository/ADMIN/Categories/Category/button_upload save' is visible

2019-11-25 09:42:48 - [MESSAGE][WARNING] - Timeout '0' is invalid. Using default page load timeout: '30'

2019-11-25 09:42:48 - [MESSAGE][PASSED] - Object 'Object Repository/ADMIN/Categories/Category/button_upload save' is visible

2019-11-25 09:42:48 - [TEST_STEP][PASSED] - click: Object: 'Object Repository/ADMIN/Categories/Category/button_upload save' is clicked on

2019-11-25 09:42:48 - [MESSAGE][PASSED] - Object: 'Object Repository/ADMIN/Categories/Category/button_upload save' is clicked on

2019-11-25 09:42:48 - [TEST_STEP][PASSED] - delay: Delayed 1 second(s)

2019-11-25 09:42:49 - [MESSAGE][PASSED] - Delayed 1 second(s)

2019-11-25 09:42:49 - [TEST_STEP][PASSED] - setText: Text 'Description30' is set on object 'Object Repository/ADMIN/Categories/Category/textfield_category_description'

2019-11-25 09:42:49 - [MESSAGE][PASSED] - Text 'Description30' is set on object 'Object Repository/ADMIN/Categories/Category/textfield_category_description'

2019-11-25 09:42:49 - [TEST_STEP][PASSED] - click: Object: 'Object Repository/ADMIN/Categories/Category/button_Save' is clicked on

2019-11-25 09:42:49 - [MESSAGE][PASSED] - Object: 'Object Repository/ADMIN/Categories/Category/button_Save' is clicked on

2019-11-25 09:42:49 - [TEST_STEP][PASSED] - waitForElementVisible: Object 'Object Repository/ADMIN/Categories/Category/label_edit popup' is visible

2019-11-25 09:42:49 - [MESSAGE][WARNING] - Timeout '0' is invalid. Using default page load timeout: '30'

2019-11-25 09:42:50 - [MESSAGE][PASSED] - Object 'Object Repository/ADMIN/Categories/Category/label_edit popup' is visible

2019-11-25 09:42:50 - [TEST_STEP][PASSED] - waitForElementNotPresent: Web element with id: 'Object Repository/ADMIN/Categories/Category/label_edit popup' located by 'By.xpath: //div[(text() = 'Category was successfully saved.' or . = 'Category was successfully saved.')]' is not present after '30' second(s)

2019-11-25 09:42:50 - [MESSAGE][WARNING] - Timeout '0' is invalid. Using default page load timeout: '30'

2019-11-25 09:42:56 - [MESSAGE][PASSED] - Web element with id: 'Object Repository/ADMIN/Categories/Category/label_edit popup' located by 'By.xpath: //div[(text() = 'Category was successfully saved.' or . = 'Category was successfully saved.')]' is not present after '30' second(s)]]></system-out>
         <system-err><![CDATA[2019-11-25 09:42:34 - [TEST_CASE][FAILED] - Test Cases/ADMIN/Content Mgmt/Categories/Category Add-Edit/Add Category: Test Cases/ADMIN/Content Mgmt/Categories/Category Add-Edit/Add Category FAILED because (of) Unable to upload file 'C:\\Users\\Arcadier\\git\\Trillia\\Images\\Category\\4.png' to object 'Object Repository/ADMIN/Categories/Category/image_input image' (Root cause: org.openqa.selenium.WebDriverException: invalid argument: File not found : C:\\Users\\Arcadier\\git\\Trillia\\Images\\Category\\4.png
  (Session info: chrome=78.0.3904.108)
  (Driver info: chromedriver=2.35.528161 (5b82f2d2aae0ca24b877009200ced9065a772e73),platform=Windows NT 6.1.7601 SP1 x86_64) (WARNING: The server did not provide any stacktrace information)
Command duration or timeout: 0 milliseconds
Build info: version: '3.7.1', revision: '8a0099a', time: '2017-11-06T21:07:36.161Z'
System info: host: 'APRIL-PC', ip: '10.10.31.51', os.name: 'Windows 7', os.arch: 'amd64', os.version: '6.1', java.version: '1.8.0_102'
Driver info: com.kms.katalon.selenium.driver.CChromeDriver
Capabilities {acceptInsecureCerts: false, acceptSslCerts: false, applicationCacheEnabled: false, browserConnectionEnabled: false, browserName: chrome, chrome: {chromedriverVersion: 2.35.528161 (5b82f2d2aae0ca..., userDataDir: C:\Users\April\AppData\Loca...}, cssSelectorsEnabled: true, databaseEnabled: false, handlesAlerts: true, hasTouchScreen: false, javascriptEnabled: true, locationContextEnabled: true, mobileEmulationEnabled: false, nativeEvents: true, networkConnectionEnabled: false, pageLoadStrategy: normal, platform: XP, platformName: XP, rotatable: false, setWindowRect: true, takesHeapSnapshot: true, takesScreenshot: true, unexpectedAlertBehaviour: , unhandledPromptBehavior: , version: 78.0.3904.108, webStorageEnabled: true}
Session ID: cfe3a530f1bc406e2ea68220d7af8649)]]></system-err>
      </testcase>
      <testcase name="Test Cases/ADMIN/Content Mgmt/Categories/Category Add-Edit/Add Category" classname="Test Cases/ADMIN/Content Mgmt/Categories/Category Add-Edit/Add Category" status="FAILED">
         <failure type="FAILED" message="Unable to upload file 'C:\\Users\\Arcadier\\git\\Trillia\\Images\\Category\\5.png' to object 'Object Repository/ADMIN/Categories/Category/image_input image' (Root cause: org.openqa.selenium.WebDriverException: invalid argument: File not found : C:\\Users\\Arcadier\\git\\Trillia\\Images\\Category\\5.png
  (Session info: chrome=78.0.3904.108)
  (Driver info: chromedriver=2.35.528161 (5b82f2d2aae0ca24b877009200ced9065a772e73),platform=Windows NT 6.1.7601 SP1 x86_64) (WARNING: The server did not provide any stacktrace information)
Command duration or timeout: 0 milliseconds
Build info: version: '3.7.1', revision: '8a0099a', time: '2017-11-06T21:07:36.161Z'
System info: host: 'APRIL-PC', ip: '10.10.31.51', os.name: 'Windows 7', os.arch: 'amd64', os.version: '6.1', java.version: '1.8.0_102'
Driver info: com.kms.katalon.selenium.driver.CChromeDriver
Capabilities {acceptInsecureCerts: false, acceptSslCerts: false, applicationCacheEnabled: false, browserConnectionEnabled: false, browserName: chrome, chrome: {chromedriverVersion: 2.35.528161 (5b82f2d2aae0ca..., userDataDir: C:\Users\April\AppData\Loca...}, cssSelectorsEnabled: true, databaseEnabled: false, handlesAlerts: true, hasTouchScreen: false, javascriptEnabled: true, locationContextEnabled: true, mobileEmulationEnabled: false, nativeEvents: true, networkConnectionEnabled: false, pageLoadStrategy: normal, platform: XP, platformName: XP, rotatable: false, setWindowRect: true, takesHeapSnapshot: true, takesScreenshot: true, unexpectedAlertBehaviour: , unhandledPromptBehavior: , version: 78.0.3904.108, webStorageEnabled: true}
Session ID: cfe3a530f1bc406e2ea68220d7af8649)"/>
         <system-out><![CDATA[2019-11-25 09:42:56 - [TEST_CASE][FAILED] - Test Cases/ADMIN/Content Mgmt/Categories/Category Add-Edit/Add Category: Test Cases/ADMIN/Content Mgmt/Categories/Category Add-Edit/Add Category FAILED because (of) Unable to upload file 'C:\\Users\\Arcadier\\git\\Trillia\\Images\\Category\\5.png' to object 'Object Repository/ADMIN/Categories/Category/image_input image' (Root cause: org.openqa.selenium.WebDriverException: invalid argument: File not found : C:\\Users\\Arcadier\\git\\Trillia\\Images\\Category\\5.png
  (Session info: chrome=78.0.3904.108)
  (Driver info: chromedriver=2.35.528161 (5b82f2d2aae0ca24b877009200ced9065a772e73),platform=Windows NT 6.1.7601 SP1 x86_64) (WARNING: The server did not provide any stacktrace information)
Command duration or timeout: 0 milliseconds
Build info: version: '3.7.1', revision: '8a0099a', time: '2017-11-06T21:07:36.161Z'
System info: host: 'APRIL-PC', ip: '10.10.31.51', os.name: 'Windows 7', os.arch: 'amd64', os.version: '6.1', java.version: '1.8.0_102'
Driver info: com.kms.katalon.selenium.driver.CChromeDriver
Capabilities {acceptInsecureCerts: false, acceptSslCerts: false, applicationCacheEnabled: false, browserConnectionEnabled: false, browserName: chrome, chrome: {chromedriverVersion: 2.35.528161 (5b82f2d2aae0ca..., userDataDir: C:\Users\April\AppData\Loca...}, cssSelectorsEnabled: true, databaseEnabled: false, handlesAlerts: true, hasTouchScreen: false, javascriptEnabled: true, locationContextEnabled: true, mobileEmulationEnabled: false, nativeEvents: true, networkConnectionEnabled: false, pageLoadStrategy: normal, platform: XP, platformName: XP, rotatable: false, setWindowRect: true, takesHeapSnapshot: true, takesScreenshot: true, unexpectedAlertBehaviour: , unhandledPromptBehavior: , version: 78.0.3904.108, webStorageEnabled: true}
Session ID: cfe3a530f1bc406e2ea68220d7af8649)

2019-11-25 09:42:56 - [TEST_STEP][PASSED] - waitForElementVisible: Object 'Object Repository/ADMIN/Categories/Category List/button_Content Mgmt' is visible

2019-11-25 09:42:56 - [MESSAGE][WARNING] - Timeout '0' is invalid. Using default page load timeout: '30'

2019-11-25 09:42:56 - [MESSAGE][PASSED] - Object 'Object Repository/ADMIN/Categories/Category List/button_Content Mgmt' is visible

2019-11-25 09:42:56 - [TEST_STEP][PASSED] - click: Object: 'Object Repository/ADMIN/Categories/Category List/button_Content Mgmt' is clicked on

2019-11-25 09:42:56 - [MESSAGE][PASSED] - Object: 'Object Repository/ADMIN/Categories/Category List/button_Content Mgmt' is clicked on

2019-11-25 09:42:56 - [TEST_STEP][PASSED] - waitForElementVisible: Object 'Object Repository/ADMIN/Categories/Category List/button_Categories' is visible

2019-11-25 09:42:56 - [MESSAGE][WARNING] - Timeout '0' is invalid. Using default page load timeout: '30'

2019-11-25 09:42:56 - [MESSAGE][PASSED] - Object 'Object Repository/ADMIN/Categories/Category List/button_Categories' is visible

2019-11-25 09:42:56 - [TEST_STEP][PASSED] - click: Object: 'Object Repository/ADMIN/Categories/Category List/button_Categories' is clicked on

2019-11-25 09:42:57 - [MESSAGE][PASSED] - Object: 'Object Repository/ADMIN/Categories/Category List/button_Categories' is clicked on

2019-11-25 09:42:57 - [TEST_STEP][PASSED] - click: Object: 'Object Repository/ADMIN/Categories/Category List/button_AddACategory' is clicked on

2019-11-25 09:42:57 - [MESSAGE][PASSED] - Object: 'Object Repository/ADMIN/Categories/Category List/button_AddACategory' is clicked on

2019-11-25 09:42:57 - [TEST_STEP][PASSED] - waitForElementPresent: Object 'Object Repository/ADMIN/Categories/Category/dropdown_Parent' is present

2019-11-25 09:42:57 - [MESSAGE][PASSED] - Object 'Object Repository/ADMIN/Categories/Category/dropdown_Parent' is present

2019-11-25 09:42:57 - [TEST_STEP][PASSED] - delay: Delayed 1 second(s)

2019-11-25 09:42:58 - [MESSAGE][PASSED] - Delayed 1 second(s)

2019-11-25 09:42:58 - [TEST_STEP][PASSED] - setText: Text 'Category 05' is set on object 'Object Repository/ADMIN/Categories/Category/textfield_Category Name'

2019-11-25 09:42:58 - [MESSAGE][PASSED] - Text 'Category 05' is set on object 'Object Repository/ADMIN/Categories/Category/textfield_Category Name'

2019-11-25 09:42:58 - [TEST_STEP][PASSED] - click: Object: 'Object Repository/ADMIN/Categories/Category/dropdown_Parent' is clicked on

2019-11-25 09:42:58 - [MESSAGE][PASSED] - Object: 'Object Repository/ADMIN/Categories/Category/dropdown_Parent' is clicked on

2019-11-25 09:42:58 - [TEST_STEP][PASSED] - delay: Delayed 2 second(s)

2019-11-25 09:43:00 - [MESSAGE][PASSED] - Delayed 2 second(s)

2019-11-25 09:43:00 - [TEST_STEP][PASSED] - click: Object: 'Object Repository/ADMIN/Categories/Category/dropdown_Parent' is clicked on

2019-11-25 09:43:00 - [MESSAGE][PASSED] - Object: 'Object Repository/ADMIN/Categories/Category/dropdown_Parent' is clicked on

2019-11-25 09:43:00 - [TEST_STEP][PASSED] - selectOptionByLabel: All options with label '-' are selected in object 'Object Repository/ADMIN/Categories/Category/dropdown_Parent' 

2019-11-25 09:43:00 - [MESSAGE][PASSED] - All options with label '-' are selected in object 'Object Repository/ADMIN/Categories/Category/dropdown_Parent' 

2019-11-25 09:43:00 - [TEST_STEP][PASSED] - click: Object: 'Object Repository/ADMIN/Categories/Category/button_Browse' is clicked on

2019-11-25 09:43:00 - [MESSAGE][PASSED] - Object: 'Object Repository/ADMIN/Categories/Category/button_Browse' is clicked on

2019-11-25 09:43:00 - [TEST_STEP][PASSED] - delay: Delayed 1 second(s)

2019-11-25 09:43:01 - [MESSAGE][PASSED] - Delayed 1 second(s)

2019-11-25 09:43:01 - [TEST_STEP][FAILED] - uploadFile: Unable to upload file 'C:\\Users\\Arcadier\\git\\Trillia\\Images\\Category\\5.png' to object 'Object Repository/ADMIN/Categories/Category/image_input image' (Root cause: org.openqa.selenium.WebDriverException: invalid argument: File not found : C:\\Users\\Arcadier\\git\\Trillia\\Images\\Category\\5.png
  (Session info: chrome=78.0.3904.108)
  (Driver info: chromedriver=2.35.528161 (5b82f2d2aae0ca24b877009200ced9065a772e73),platform=Windows NT 6.1.7601 SP1 x86_64) (WARNING: The server did not provide any stacktrace information)
Command duration or timeout: 0 milliseconds
Build info: version: '3.7.1', revision: '8a0099a', time: '2017-11-06T21:07:36.161Z'
System info: host: 'APRIL-PC', ip: '10.10.31.51', os.name: 'Windows 7', os.arch: 'amd64', os.version: '6.1', java.version: '1.8.0_102'
Driver info: com.kms.katalon.selenium.driver.CChromeDriver
Capabilities {acceptInsecureCerts: false, acceptSslCerts: false, applicationCacheEnabled: false, browserConnectionEnabled: false, browserName: chrome, chrome: {chromedriverVersion: 2.35.528161 (5b82f2d2aae0ca..., userDataDir: C:\Users\April\AppData\Loca...}, cssSelectorsEnabled: true, databaseEnabled: false, handlesAlerts: true, hasTouchScreen: false, javascriptEnabled: true, locationContextEnabled: true, mobileEmulationEnabled: false, nativeEvents: true, networkConnectionEnabled: false, pageLoadStrategy: normal, platform: XP, platformName: XP, rotatable: false, setWindowRect: true, takesHeapSnapshot: true, takesScreenshot: true, unexpectedAlertBehaviour: , unhandledPromptBehavior: , version: 78.0.3904.108, webStorageEnabled: true}
Session ID: cfe3a530f1bc406e2ea68220d7af8649)

2019-11-25 09:43:01 - [MESSAGE][FAILED] - Unable to upload file 'C:\\Users\\Arcadier\\git\\Trillia\\Images\\Category\\5.png' to object 'Object Repository/ADMIN/Categories/Category/image_input image' (Root cause: org.openqa.selenium.WebDriverException: invalid argument: File not found : C:\\Users\\Arcadier\\git\\Trillia\\Images\\Category\\5.png
  (Session info: chrome=78.0.3904.108)
  (Driver info: chromedriver=2.35.528161 (5b82f2d2aae0ca24b877009200ced9065a772e73),platform=Windows NT 6.1.7601 SP1 x86_64) (WARNING: The server did not provide any stacktrace information)
Command duration or timeout: 0 milliseconds
Build info: version: '3.7.1', revision: '8a0099a', time: '2017-11-06T21:07:36.161Z'
System info: host: 'APRIL-PC', ip: '10.10.31.51', os.name: 'Windows 7', os.arch: 'amd64', os.version: '6.1', java.version: '1.8.0_102'
Driver info: com.kms.katalon.selenium.driver.CChromeDriver
Capabilities {acceptInsecureCerts: false, acceptSslCerts: false, applicationCacheEnabled: false, browserConnectionEnabled: false, browserName: chrome, chrome: {chromedriverVersion: 2.35.528161 (5b82f2d2aae0ca..., userDataDir: C:\Users\April\AppData\Loca...}, cssSelectorsEnabled: true, databaseEnabled: false, handlesAlerts: true, hasTouchScreen: false, javascriptEnabled: true, locationContextEnabled: true, mobileEmulationEnabled: false, nativeEvents: true, networkConnectionEnabled: false, pageLoadStrategy: normal, platform: XP, platformName: XP, rotatable: false, setWindowRect: true, takesHeapSnapshot: true, takesScreenshot: true, unexpectedAlertBehaviour: , unhandledPromptBehavior: , version: 78.0.3904.108, webStorageEnabled: true}
Session ID: cfe3a530f1bc406e2ea68220d7af8649)
[[ATTACHMENT|C:\\Users\\April\\git\\Trillia\\Reports\\Admin\\Categories\\Add Category\\20191125_093242\\1574646181621.png]]

2019-11-25 09:43:01 - [TEST_STEP][PASSED] - waitForElementVisible: Object 'Object Repository/ADMIN/Categories/Category/button_upload check' is visible

2019-11-25 09:43:01 - [MESSAGE][WARNING] - Timeout '0' is invalid. Using default page load timeout: '30'

2019-11-25 09:43:06 - [MESSAGE][PASSED] - Object 'Object Repository/ADMIN/Categories/Category/button_upload check' is visible

2019-11-25 09:43:06 - [TEST_STEP][PASSED] - click: Object: 'Object Repository/ADMIN/Categories/Category/button_upload check' is clicked on

2019-11-25 09:43:06 - [MESSAGE][PASSED] - Object: 'Object Repository/ADMIN/Categories/Category/button_upload check' is clicked on

2019-11-25 09:43:06 - [TEST_STEP][PASSED] - waitForElementVisible: Object 'Object Repository/ADMIN/Categories/Category/button_upload save' is visible

2019-11-25 09:43:06 - [MESSAGE][WARNING] - Timeout '0' is invalid. Using default page load timeout: '30'

2019-11-25 09:43:06 - [MESSAGE][PASSED] - Object 'Object Repository/ADMIN/Categories/Category/button_upload save' is visible

2019-11-25 09:43:06 - [TEST_STEP][PASSED] - click: Object: 'Object Repository/ADMIN/Categories/Category/button_upload save' is clicked on

2019-11-25 09:43:06 - [MESSAGE][PASSED] - Object: 'Object Repository/ADMIN/Categories/Category/button_upload save' is clicked on

2019-11-25 09:43:06 - [TEST_STEP][PASSED] - delay: Delayed 1 second(s)

2019-11-25 09:43:07 - [MESSAGE][PASSED] - Delayed 1 second(s)

2019-11-25 09:43:07 - [TEST_STEP][PASSED] - setText: Text 'Description31' is set on object 'Object Repository/ADMIN/Categories/Category/textfield_category_description'

2019-11-25 09:43:07 - [MESSAGE][PASSED] - Text 'Description31' is set on object 'Object Repository/ADMIN/Categories/Category/textfield_category_description'

2019-11-25 09:43:07 - [TEST_STEP][PASSED] - click: Object: 'Object Repository/ADMIN/Categories/Category/button_Save' is clicked on

2019-11-25 09:43:07 - [MESSAGE][PASSED] - Object: 'Object Repository/ADMIN/Categories/Category/button_Save' is clicked on

2019-11-25 09:43:07 - [TEST_STEP][PASSED] - waitForElementVisible: Object 'Object Repository/ADMIN/Categories/Category/label_edit popup' is visible

2019-11-25 09:43:07 - [MESSAGE][WARNING] - Timeout '0' is invalid. Using default page load timeout: '30'

2019-11-25 09:43:08 - [MESSAGE][PASSED] - Object 'Object Repository/ADMIN/Categories/Category/label_edit popup' is visible

2019-11-25 09:43:08 - [TEST_STEP][PASSED] - waitForElementNotPresent: Web element with id: 'Object Repository/ADMIN/Categories/Category/label_edit popup' located by 'By.xpath: //div[(text() = 'Category was successfully saved.' or . = 'Category was successfully saved.')]' is not present after '30' second(s)

2019-11-25 09:43:08 - [MESSAGE][WARNING] - Timeout '0' is invalid. Using default page load timeout: '30'

2019-11-25 09:43:14 - [MESSAGE][PASSED] - Web element with id: 'Object Repository/ADMIN/Categories/Category/label_edit popup' located by 'By.xpath: //div[(text() = 'Category was successfully saved.' or . = 'Category was successfully saved.')]' is not present after '30' second(s)]]></system-out>
         <system-err><![CDATA[2019-11-25 09:42:56 - [TEST_CASE][FAILED] - Test Cases/ADMIN/Content Mgmt/Categories/Category Add-Edit/Add Category: Test Cases/ADMIN/Content Mgmt/Categories/Category Add-Edit/Add Category FAILED because (of) Unable to upload file 'C:\\Users\\Arcadier\\git\\Trillia\\Images\\Category\\5.png' to object 'Object Repository/ADMIN/Categories/Category/image_input image' (Root cause: org.openqa.selenium.WebDriverException: invalid argument: File not found : C:\\Users\\Arcadier\\git\\Trillia\\Images\\Category\\5.png
  (Session info: chrome=78.0.3904.108)
  (Driver info: chromedriver=2.35.528161 (5b82f2d2aae0ca24b877009200ced9065a772e73),platform=Windows NT 6.1.7601 SP1 x86_64) (WARNING: The server did not provide any stacktrace information)
Command duration or timeout: 0 milliseconds
Build info: version: '3.7.1', revision: '8a0099a', time: '2017-11-06T21:07:36.161Z'
System info: host: 'APRIL-PC', ip: '10.10.31.51', os.name: 'Windows 7', os.arch: 'amd64', os.version: '6.1', java.version: '1.8.0_102'
Driver info: com.kms.katalon.selenium.driver.CChromeDriver
Capabilities {acceptInsecureCerts: false, acceptSslCerts: false, applicationCacheEnabled: false, browserConnectionEnabled: false, browserName: chrome, chrome: {chromedriverVersion: 2.35.528161 (5b82f2d2aae0ca..., userDataDir: C:\Users\April\AppData\Loca...}, cssSelectorsEnabled: true, databaseEnabled: false, handlesAlerts: true, hasTouchScreen: false, javascriptEnabled: true, locationContextEnabled: true, mobileEmulationEnabled: false, nativeEvents: true, networkConnectionEnabled: false, pageLoadStrategy: normal, platform: XP, platformName: XP, rotatable: false, setWindowRect: true, takesHeapSnapshot: true, takesScreenshot: true, unexpectedAlertBehaviour: , unhandledPromptBehavior: , version: 78.0.3904.108, webStorageEnabled: true}
Session ID: cfe3a530f1bc406e2ea68220d7af8649)]]></system-err>
      </testcase>
      <testcase name="Test Cases/ADMIN/Content Mgmt/Categories/Category Add-Edit/Add Category" classname="Test Cases/ADMIN/Content Mgmt/Categories/Category Add-Edit/Add Category" status="FAILED">
         <failure type="FAILED" message="Unable to upload file 'C:\\Users\\Arcadier\\git\\Trillia\\Images\\Category\\5.png' to object 'Object Repository/ADMIN/Categories/Category/image_input image' (Root cause: org.openqa.selenium.WebDriverException: invalid argument: File not found : C:\\Users\\Arcadier\\git\\Trillia\\Images\\Category\\5.png
  (Session info: chrome=78.0.3904.108)
  (Driver info: chromedriver=2.35.528161 (5b82f2d2aae0ca24b877009200ced9065a772e73),platform=Windows NT 6.1.7601 SP1 x86_64) (WARNING: The server did not provide any stacktrace information)
Command duration or timeout: 0 milliseconds
Build info: version: '3.7.1', revision: '8a0099a', time: '2017-11-06T21:07:36.161Z'
System info: host: 'APRIL-PC', ip: '10.10.31.51', os.name: 'Windows 7', os.arch: 'amd64', os.version: '6.1', java.version: '1.8.0_102'
Driver info: com.kms.katalon.selenium.driver.CChromeDriver
Capabilities {acceptInsecureCerts: false, acceptSslCerts: false, applicationCacheEnabled: false, browserConnectionEnabled: false, browserName: chrome, chrome: {chromedriverVersion: 2.35.528161 (5b82f2d2aae0ca..., userDataDir: C:\Users\April\AppData\Loca...}, cssSelectorsEnabled: true, databaseEnabled: false, handlesAlerts: true, hasTouchScreen: false, javascriptEnabled: true, locationContextEnabled: true, mobileEmulationEnabled: false, nativeEvents: true, networkConnectionEnabled: false, pageLoadStrategy: normal, platform: XP, platformName: XP, rotatable: false, setWindowRect: true, takesHeapSnapshot: true, takesScreenshot: true, unexpectedAlertBehaviour: , unhandledPromptBehavior: , version: 78.0.3904.108, webStorageEnabled: true}
Session ID: cfe3a530f1bc406e2ea68220d7af8649)"/>
         <system-out><![CDATA[2019-11-25 09:43:14 - [TEST_CASE][FAILED] - Test Cases/ADMIN/Content Mgmt/Categories/Category Add-Edit/Add Category: Test Cases/ADMIN/Content Mgmt/Categories/Category Add-Edit/Add Category FAILED because (of) Unable to upload file 'C:\\Users\\Arcadier\\git\\Trillia\\Images\\Category\\5.png' to object 'Object Repository/ADMIN/Categories/Category/image_input image' (Root cause: org.openqa.selenium.WebDriverException: invalid argument: File not found : C:\\Users\\Arcadier\\git\\Trillia\\Images\\Category\\5.png
  (Session info: chrome=78.0.3904.108)
  (Driver info: chromedriver=2.35.528161 (5b82f2d2aae0ca24b877009200ced9065a772e73),platform=Windows NT 6.1.7601 SP1 x86_64) (WARNING: The server did not provide any stacktrace information)
Command duration or timeout: 0 milliseconds
Build info: version: '3.7.1', revision: '8a0099a', time: '2017-11-06T21:07:36.161Z'
System info: host: 'APRIL-PC', ip: '10.10.31.51', os.name: 'Windows 7', os.arch: 'amd64', os.version: '6.1', java.version: '1.8.0_102'
Driver info: com.kms.katalon.selenium.driver.CChromeDriver
Capabilities {acceptInsecureCerts: false, acceptSslCerts: false, applicationCacheEnabled: false, browserConnectionEnabled: false, browserName: chrome, chrome: {chromedriverVersion: 2.35.528161 (5b82f2d2aae0ca..., userDataDir: C:\Users\April\AppData\Loca...}, cssSelectorsEnabled: true, databaseEnabled: false, handlesAlerts: true, hasTouchScreen: false, javascriptEnabled: true, locationContextEnabled: true, mobileEmulationEnabled: false, nativeEvents: true, networkConnectionEnabled: false, pageLoadStrategy: normal, platform: XP, platformName: XP, rotatable: false, setWindowRect: true, takesHeapSnapshot: true, takesScreenshot: true, unexpectedAlertBehaviour: , unhandledPromptBehavior: , version: 78.0.3904.108, webStorageEnabled: true}
Session ID: cfe3a530f1bc406e2ea68220d7af8649)

2019-11-25 09:43:14 - [TEST_STEP][PASSED] - waitForElementVisible: Object 'Object Repository/ADMIN/Categories/Category List/button_Content Mgmt' is visible

2019-11-25 09:43:14 - [MESSAGE][WARNING] - Timeout '0' is invalid. Using default page load timeout: '30'

2019-11-25 09:43:14 - [MESSAGE][PASSED] - Object 'Object Repository/ADMIN/Categories/Category List/button_Content Mgmt' is visible

2019-11-25 09:43:14 - [TEST_STEP][PASSED] - click: Object: 'Object Repository/ADMIN/Categories/Category List/button_Content Mgmt' is clicked on

2019-11-25 09:43:14 - [MESSAGE][PASSED] - Object: 'Object Repository/ADMIN/Categories/Category List/button_Content Mgmt' is clicked on

2019-11-25 09:43:14 - [TEST_STEP][PASSED] - waitForElementVisible: Object 'Object Repository/ADMIN/Categories/Category List/button_Categories' is visible

2019-11-25 09:43:14 - [MESSAGE][WARNING] - Timeout '0' is invalid. Using default page load timeout: '30'

2019-11-25 09:43:14 - [MESSAGE][PASSED] - Object 'Object Repository/ADMIN/Categories/Category List/button_Categories' is visible

2019-11-25 09:43:14 - [TEST_STEP][PASSED] - click: Object: 'Object Repository/ADMIN/Categories/Category List/button_Categories' is clicked on

2019-11-25 09:43:16 - [MESSAGE][PASSED] - Object: 'Object Repository/ADMIN/Categories/Category List/button_Categories' is clicked on

2019-11-25 09:43:16 - [TEST_STEP][PASSED] - click: Object: 'Object Repository/ADMIN/Categories/Category List/button_AddACategory' is clicked on

2019-11-25 09:43:16 - [MESSAGE][PASSED] - Object: 'Object Repository/ADMIN/Categories/Category List/button_AddACategory' is clicked on

2019-11-25 09:43:16 - [TEST_STEP][PASSED] - waitForElementPresent: Object 'Object Repository/ADMIN/Categories/Category/dropdown_Parent' is present

2019-11-25 09:43:16 - [MESSAGE][PASSED] - Object 'Object Repository/ADMIN/Categories/Category/dropdown_Parent' is present

2019-11-25 09:43:16 - [TEST_STEP][PASSED] - delay: Delayed 1 second(s)

2019-11-25 09:43:17 - [MESSAGE][PASSED] - Delayed 1 second(s)

2019-11-25 09:43:17 - [TEST_STEP][PASSED] - setText: Text 'Category 5.1' is set on object 'Object Repository/ADMIN/Categories/Category/textfield_Category Name'

2019-11-25 09:43:22 - [MESSAGE][PASSED] - Text 'Category 5.1' is set on object 'Object Repository/ADMIN/Categories/Category/textfield_Category Name'

2019-11-25 09:43:22 - [TEST_STEP][PASSED] - click: Object: 'Object Repository/ADMIN/Categories/Category/dropdown_Parent' is clicked on

2019-11-25 09:43:22 - [MESSAGE][PASSED] - Object: 'Object Repository/ADMIN/Categories/Category/dropdown_Parent' is clicked on

2019-11-25 09:43:22 - [TEST_STEP][PASSED] - delay: Delayed 2 second(s)

2019-11-25 09:43:24 - [MESSAGE][PASSED] - Delayed 2 second(s)

2019-11-25 09:43:24 - [TEST_STEP][PASSED] - click: Object: 'Object Repository/ADMIN/Categories/Category/dropdown_Parent' is clicked on

2019-11-25 09:43:24 - [MESSAGE][PASSED] - Object: 'Object Repository/ADMIN/Categories/Category/dropdown_Parent' is clicked on

2019-11-25 09:43:24 - [TEST_STEP][PASSED] - selectOptionByLabel: All options with label 'Category 05' are selected in object 'Object Repository/ADMIN/Categories/Category/dropdown_Parent' 

2019-11-25 09:43:24 - [MESSAGE][PASSED] - All options with label 'Category 05' are selected in object 'Object Repository/ADMIN/Categories/Category/dropdown_Parent' 

2019-11-25 09:43:24 - [TEST_STEP][PASSED] - click: Object: 'Object Repository/ADMIN/Categories/Category/button_Browse' is clicked on

2019-11-25 09:43:25 - [MESSAGE][PASSED] - Object: 'Object Repository/ADMIN/Categories/Category/button_Browse' is clicked on

2019-11-25 09:43:25 - [TEST_STEP][PASSED] - delay: Delayed 1 second(s)

2019-11-25 09:43:26 - [MESSAGE][PASSED] - Delayed 1 second(s)

2019-11-25 09:43:26 - [TEST_STEP][FAILED] - uploadFile: Unable to upload file 'C:\\Users\\Arcadier\\git\\Trillia\\Images\\Category\\5.png' to object 'Object Repository/ADMIN/Categories/Category/image_input image' (Root cause: org.openqa.selenium.WebDriverException: invalid argument: File not found : C:\\Users\\Arcadier\\git\\Trillia\\Images\\Category\\5.png
  (Session info: chrome=78.0.3904.108)
  (Driver info: chromedriver=2.35.528161 (5b82f2d2aae0ca24b877009200ced9065a772e73),platform=Windows NT 6.1.7601 SP1 x86_64) (WARNING: The server did not provide any stacktrace information)
Command duration or timeout: 0 milliseconds
Build info: version: '3.7.1', revision: '8a0099a', time: '2017-11-06T21:07:36.161Z'
System info: host: 'APRIL-PC', ip: '10.10.31.51', os.name: 'Windows 7', os.arch: 'amd64', os.version: '6.1', java.version: '1.8.0_102'
Driver info: com.kms.katalon.selenium.driver.CChromeDriver
Capabilities {acceptInsecureCerts: false, acceptSslCerts: false, applicationCacheEnabled: false, browserConnectionEnabled: false, browserName: chrome, chrome: {chromedriverVersion: 2.35.528161 (5b82f2d2aae0ca..., userDataDir: C:\Users\April\AppData\Loca...}, cssSelectorsEnabled: true, databaseEnabled: false, handlesAlerts: true, hasTouchScreen: false, javascriptEnabled: true, locationContextEnabled: true, mobileEmulationEnabled: false, nativeEvents: true, networkConnectionEnabled: false, pageLoadStrategy: normal, platform: XP, platformName: XP, rotatable: false, setWindowRect: true, takesHeapSnapshot: true, takesScreenshot: true, unexpectedAlertBehaviour: , unhandledPromptBehavior: , version: 78.0.3904.108, webStorageEnabled: true}
Session ID: cfe3a530f1bc406e2ea68220d7af8649)

2019-11-25 09:43:26 - [MESSAGE][FAILED] - Unable to upload file 'C:\\Users\\Arcadier\\git\\Trillia\\Images\\Category\\5.png' to object 'Object Repository/ADMIN/Categories/Category/image_input image' (Root cause: org.openqa.selenium.WebDriverException: invalid argument: File not found : C:\\Users\\Arcadier\\git\\Trillia\\Images\\Category\\5.png
  (Session info: chrome=78.0.3904.108)
  (Driver info: chromedriver=2.35.528161 (5b82f2d2aae0ca24b877009200ced9065a772e73),platform=Windows NT 6.1.7601 SP1 x86_64) (WARNING: The server did not provide any stacktrace information)
Command duration or timeout: 0 milliseconds
Build info: version: '3.7.1', revision: '8a0099a', time: '2017-11-06T21:07:36.161Z'
System info: host: 'APRIL-PC', ip: '10.10.31.51', os.name: 'Windows 7', os.arch: 'amd64', os.version: '6.1', java.version: '1.8.0_102'
Driver info: com.kms.katalon.selenium.driver.CChromeDriver
Capabilities {acceptInsecureCerts: false, acceptSslCerts: false, applicationCacheEnabled: false, browserConnectionEnabled: false, browserName: chrome, chrome: {chromedriverVersion: 2.35.528161 (5b82f2d2aae0ca..., userDataDir: C:\Users\April\AppData\Loca...}, cssSelectorsEnabled: true, databaseEnabled: false, handlesAlerts: true, hasTouchScreen: false, javascriptEnabled: true, locationContextEnabled: true, mobileEmulationEnabled: false, nativeEvents: true, networkConnectionEnabled: false, pageLoadStrategy: normal, platform: XP, platformName: XP, rotatable: false, setWindowRect: true, takesHeapSnapshot: true, takesScreenshot: true, unexpectedAlertBehaviour: , unhandledPromptBehavior: , version: 78.0.3904.108, webStorageEnabled: true}
Session ID: cfe3a530f1bc406e2ea68220d7af8649)
[[ATTACHMENT|C:\\Users\\April\\git\\Trillia\\Reports\\Admin\\Categories\\Add Category\\20191125_093242\\1574646206070.png]]

2019-11-25 09:43:26 - [TEST_STEP][PASSED] - waitForElementVisible: Object 'Object Repository/ADMIN/Categories/Category/button_upload check' is visible

2019-11-25 09:43:26 - [MESSAGE][WARNING] - Timeout '0' is invalid. Using default page load timeout: '30'

2019-11-25 09:43:31 - [MESSAGE][PASSED] - Object 'Object Repository/ADMIN/Categories/Category/button_upload check' is visible

2019-11-25 09:43:31 - [TEST_STEP][PASSED] - click: Object: 'Object Repository/ADMIN/Categories/Category/button_upload check' is clicked on

2019-11-25 09:43:31 - [MESSAGE][PASSED] - Object: 'Object Repository/ADMIN/Categories/Category/button_upload check' is clicked on

2019-11-25 09:43:31 - [TEST_STEP][PASSED] - waitForElementVisible: Object 'Object Repository/ADMIN/Categories/Category/button_upload save' is visible

2019-11-25 09:43:31 - [MESSAGE][WARNING] - Timeout '0' is invalid. Using default page load timeout: '30'

2019-11-25 09:43:31 - [MESSAGE][PASSED] - Object 'Object Repository/ADMIN/Categories/Category/button_upload save' is visible

2019-11-25 09:43:31 - [TEST_STEP][PASSED] - click: Object: 'Object Repository/ADMIN/Categories/Category/button_upload save' is clicked on

2019-11-25 09:43:31 - [MESSAGE][PASSED] - Object: 'Object Repository/ADMIN/Categories/Category/button_upload save' is clicked on

2019-11-25 09:43:31 - [TEST_STEP][PASSED] - delay: Delayed 1 second(s)

2019-11-25 09:43:32 - [MESSAGE][PASSED] - Delayed 1 second(s)

2019-11-25 09:43:32 - [TEST_STEP][PASSED] - setText: Text 'Description32' is set on object 'Object Repository/ADMIN/Categories/Category/textfield_category_description'

2019-11-25 09:43:32 - [MESSAGE][PASSED] - Text 'Description32' is set on object 'Object Repository/ADMIN/Categories/Category/textfield_category_description'

2019-11-25 09:43:32 - [TEST_STEP][PASSED] - click: Object: 'Object Repository/ADMIN/Categories/Category/button_Save' is clicked on

2019-11-25 09:43:32 - [MESSAGE][PASSED] - Object: 'Object Repository/ADMIN/Categories/Category/button_Save' is clicked on

2019-11-25 09:43:32 - [TEST_STEP][PASSED] - waitForElementVisible: Object 'Object Repository/ADMIN/Categories/Category/label_edit popup' is visible

2019-11-25 09:43:32 - [MESSAGE][WARNING] - Timeout '0' is invalid. Using default page load timeout: '30'

2019-11-25 09:43:33 - [MESSAGE][PASSED] - Object 'Object Repository/ADMIN/Categories/Category/label_edit popup' is visible

2019-11-25 09:43:33 - [TEST_STEP][PASSED] - waitForElementNotPresent: Web element with id: 'Object Repository/ADMIN/Categories/Category/label_edit popup' located by 'By.xpath: //div[(text() = 'Category was successfully saved.' or . = 'Category was successfully saved.')]' is not present after '30' second(s)

2019-11-25 09:43:33 - [MESSAGE][WARNING] - Timeout '0' is invalid. Using default page load timeout: '30'

2019-11-25 09:43:39 - [MESSAGE][PASSED] - Web element with id: 'Object Repository/ADMIN/Categories/Category/label_edit popup' located by 'By.xpath: //div[(text() = 'Category was successfully saved.' or . = 'Category was successfully saved.')]' is not present after '30' second(s)]]></system-out>
         <system-err><![CDATA[2019-11-25 09:43:14 - [TEST_CASE][FAILED] - Test Cases/ADMIN/Content Mgmt/Categories/Category Add-Edit/Add Category: Test Cases/ADMIN/Content Mgmt/Categories/Category Add-Edit/Add Category FAILED because (of) Unable to upload file 'C:\\Users\\Arcadier\\git\\Trillia\\Images\\Category\\5.png' to object 'Object Repository/ADMIN/Categories/Category/image_input image' (Root cause: org.openqa.selenium.WebDriverException: invalid argument: File not found : C:\\Users\\Arcadier\\git\\Trillia\\Images\\Category\\5.png
  (Session info: chrome=78.0.3904.108)
  (Driver info: chromedriver=2.35.528161 (5b82f2d2aae0ca24b877009200ced9065a772e73),platform=Windows NT 6.1.7601 SP1 x86_64) (WARNING: The server did not provide any stacktrace information)
Command duration or timeout: 0 milliseconds
Build info: version: '3.7.1', revision: '8a0099a', time: '2017-11-06T21:07:36.161Z'
System info: host: 'APRIL-PC', ip: '10.10.31.51', os.name: 'Windows 7', os.arch: 'amd64', os.version: '6.1', java.version: '1.8.0_102'
Driver info: com.kms.katalon.selenium.driver.CChromeDriver
Capabilities {acceptInsecureCerts: false, acceptSslCerts: false, applicationCacheEnabled: false, browserConnectionEnabled: false, browserName: chrome, chrome: {chromedriverVersion: 2.35.528161 (5b82f2d2aae0ca..., userDataDir: C:\Users\April\AppData\Loca...}, cssSelectorsEnabled: true, databaseEnabled: false, handlesAlerts: true, hasTouchScreen: false, javascriptEnabled: true, locationContextEnabled: true, mobileEmulationEnabled: false, nativeEvents: true, networkConnectionEnabled: false, pageLoadStrategy: normal, platform: XP, platformName: XP, rotatable: false, setWindowRect: true, takesHeapSnapshot: true, takesScreenshot: true, unexpectedAlertBehaviour: , unhandledPromptBehavior: , version: 78.0.3904.108, webStorageEnabled: true}
Session ID: cfe3a530f1bc406e2ea68220d7af8649)]]></system-err>
      </testcase>
      <testcase name="Test Cases/ADMIN/Content Mgmt/Categories/Category Add-Edit/Add Category" classname="Test Cases/ADMIN/Content Mgmt/Categories/Category Add-Edit/Add Category" status="FAILED">
         <failure type="FAILED" message="Unable to upload file 'C:\\Users\\Arcadier\\git\\Trillia\\Images\\Category\\5.png' to object 'Object Repository/ADMIN/Categories/Category/image_input image' (Root cause: org.openqa.selenium.WebDriverException: invalid argument: File not found : C:\\Users\\Arcadier\\git\\Trillia\\Images\\Category\\5.png
  (Session info: chrome=78.0.3904.108)
  (Driver info: chromedriver=2.35.528161 (5b82f2d2aae0ca24b877009200ced9065a772e73),platform=Windows NT 6.1.7601 SP1 x86_64) (WARNING: The server did not provide any stacktrace information)
Command duration or timeout: 0 milliseconds
Build info: version: '3.7.1', revision: '8a0099a', time: '2017-11-06T21:07:36.161Z'
System info: host: 'APRIL-PC', ip: '10.10.31.51', os.name: 'Windows 7', os.arch: 'amd64', os.version: '6.1', java.version: '1.8.0_102'
Driver info: com.kms.katalon.selenium.driver.CChromeDriver
Capabilities {acceptInsecureCerts: false, acceptSslCerts: false, applicationCacheEnabled: false, browserConnectionEnabled: false, browserName: chrome, chrome: {chromedriverVersion: 2.35.528161 (5b82f2d2aae0ca..., userDataDir: C:\Users\April\AppData\Loca...}, cssSelectorsEnabled: true, databaseEnabled: false, handlesAlerts: true, hasTouchScreen: false, javascriptEnabled: true, locationContextEnabled: true, mobileEmulationEnabled: false, nativeEvents: true, networkConnectionEnabled: false, pageLoadStrategy: normal, platform: XP, platformName: XP, rotatable: false, setWindowRect: true, takesHeapSnapshot: true, takesScreenshot: true, unexpectedAlertBehaviour: , unhandledPromptBehavior: , version: 78.0.3904.108, webStorageEnabled: true}
Session ID: cfe3a530f1bc406e2ea68220d7af8649)"/>
         <system-out><![CDATA[2019-11-25 09:43:39 - [TEST_CASE][FAILED] - Test Cases/ADMIN/Content Mgmt/Categories/Category Add-Edit/Add Category: Test Cases/ADMIN/Content Mgmt/Categories/Category Add-Edit/Add Category FAILED because (of) Unable to upload file 'C:\\Users\\Arcadier\\git\\Trillia\\Images\\Category\\5.png' to object 'Object Repository/ADMIN/Categories/Category/image_input image' (Root cause: org.openqa.selenium.WebDriverException: invalid argument: File not found : C:\\Users\\Arcadier\\git\\Trillia\\Images\\Category\\5.png
  (Session info: chrome=78.0.3904.108)
  (Driver info: chromedriver=2.35.528161 (5b82f2d2aae0ca24b877009200ced9065a772e73),platform=Windows NT 6.1.7601 SP1 x86_64) (WARNING: The server did not provide any stacktrace information)
Command duration or timeout: 0 milliseconds
Build info: version: '3.7.1', revision: '8a0099a', time: '2017-11-06T21:07:36.161Z'
System info: host: 'APRIL-PC', ip: '10.10.31.51', os.name: 'Windows 7', os.arch: 'amd64', os.version: '6.1', java.version: '1.8.0_102'
Driver info: com.kms.katalon.selenium.driver.CChromeDriver
Capabilities {acceptInsecureCerts: false, acceptSslCerts: false, applicationCacheEnabled: false, browserConnectionEnabled: false, browserName: chrome, chrome: {chromedriverVersion: 2.35.528161 (5b82f2d2aae0ca..., userDataDir: C:\Users\April\AppData\Loca...}, cssSelectorsEnabled: true, databaseEnabled: false, handlesAlerts: true, hasTouchScreen: false, javascriptEnabled: true, locationContextEnabled: true, mobileEmulationEnabled: false, nativeEvents: true, networkConnectionEnabled: false, pageLoadStrategy: normal, platform: XP, platformName: XP, rotatable: false, setWindowRect: true, takesHeapSnapshot: true, takesScreenshot: true, unexpectedAlertBehaviour: , unhandledPromptBehavior: , version: 78.0.3904.108, webStorageEnabled: true}
Session ID: cfe3a530f1bc406e2ea68220d7af8649)

2019-11-25 09:43:39 - [TEST_STEP][PASSED] - waitForElementVisible: Object 'Object Repository/ADMIN/Categories/Category List/button_Content Mgmt' is visible

2019-11-25 09:43:39 - [MESSAGE][WARNING] - Timeout '0' is invalid. Using default page load timeout: '30'

2019-11-25 09:43:39 - [MESSAGE][PASSED] - Object 'Object Repository/ADMIN/Categories/Category List/button_Content Mgmt' is visible

2019-11-25 09:43:39 - [TEST_STEP][PASSED] - click: Object: 'Object Repository/ADMIN/Categories/Category List/button_Content Mgmt' is clicked on

2019-11-25 09:43:40 - [MESSAGE][PASSED] - Object: 'Object Repository/ADMIN/Categories/Category List/button_Content Mgmt' is clicked on

2019-11-25 09:43:40 - [TEST_STEP][PASSED] - waitForElementVisible: Object 'Object Repository/ADMIN/Categories/Category List/button_Categories' is visible

2019-11-25 09:43:40 - [MESSAGE][WARNING] - Timeout '0' is invalid. Using default page load timeout: '30'

2019-11-25 09:43:40 - [MESSAGE][PASSED] - Object 'Object Repository/ADMIN/Categories/Category List/button_Categories' is visible

2019-11-25 09:43:40 - [TEST_STEP][PASSED] - click: Object: 'Object Repository/ADMIN/Categories/Category List/button_Categories' is clicked on

2019-11-25 09:43:40 - [MESSAGE][PASSED] - Object: 'Object Repository/ADMIN/Categories/Category List/button_Categories' is clicked on

2019-11-25 09:43:40 - [TEST_STEP][PASSED] - click: Object: 'Object Repository/ADMIN/Categories/Category List/button_AddACategory' is clicked on

2019-11-25 09:43:40 - [MESSAGE][PASSED] - Object: 'Object Repository/ADMIN/Categories/Category List/button_AddACategory' is clicked on

2019-11-25 09:43:40 - [TEST_STEP][PASSED] - waitForElementPresent: Object 'Object Repository/ADMIN/Categories/Category/dropdown_Parent' is present

2019-11-25 09:43:40 - [MESSAGE][PASSED] - Object 'Object Repository/ADMIN/Categories/Category/dropdown_Parent' is present

2019-11-25 09:43:40 - [TEST_STEP][PASSED] - delay: Delayed 1 second(s)

2019-11-25 09:43:41 - [MESSAGE][PASSED] - Delayed 1 second(s)

2019-11-25 09:43:41 - [TEST_STEP][PASSED] - setText: Text 'Category 5.1.1' is set on object 'Object Repository/ADMIN/Categories/Category/textfield_Category Name'

2019-11-25 09:43:41 - [MESSAGE][PASSED] - Text 'Category 5.1.1' is set on object 'Object Repository/ADMIN/Categories/Category/textfield_Category Name'

2019-11-25 09:43:41 - [TEST_STEP][PASSED] - click: Object: 'Object Repository/ADMIN/Categories/Category/dropdown_Parent' is clicked on

2019-11-25 09:43:41 - [MESSAGE][PASSED] - Object: 'Object Repository/ADMIN/Categories/Category/dropdown_Parent' is clicked on

2019-11-25 09:43:41 - [TEST_STEP][PASSED] - delay: Delayed 2 second(s)

2019-11-25 09:43:43 - [MESSAGE][PASSED] - Delayed 2 second(s)

2019-11-25 09:43:43 - [TEST_STEP][PASSED] - click: Object: 'Object Repository/ADMIN/Categories/Category/dropdown_Parent' is clicked on

2019-11-25 09:43:43 - [MESSAGE][PASSED] - Object: 'Object Repository/ADMIN/Categories/Category/dropdown_Parent' is clicked on

2019-11-25 09:43:43 - [TEST_STEP][PASSED] - selectOptionByLabel: All options with label 'Category 5.1' are selected in object 'Object Repository/ADMIN/Categories/Category/dropdown_Parent' 

2019-11-25 09:43:43 - [MESSAGE][PASSED] - All options with label 'Category 5.1' are selected in object 'Object Repository/ADMIN/Categories/Category/dropdown_Parent' 

2019-11-25 09:43:43 - [TEST_STEP][PASSED] - click: Object: 'Object Repository/ADMIN/Categories/Category/button_Browse' is clicked on

2019-11-25 09:43:43 - [MESSAGE][PASSED] - Object: 'Object Repository/ADMIN/Categories/Category/button_Browse' is clicked on

2019-11-25 09:43:43 - [TEST_STEP][PASSED] - delay: Delayed 1 second(s)

2019-11-25 09:43:44 - [MESSAGE][PASSED] - Delayed 1 second(s)

2019-11-25 09:43:44 - [TEST_STEP][FAILED] - uploadFile: Unable to upload file 'C:\\Users\\Arcadier\\git\\Trillia\\Images\\Category\\5.png' to object 'Object Repository/ADMIN/Categories/Category/image_input image' (Root cause: org.openqa.selenium.WebDriverException: invalid argument: File not found : C:\\Users\\Arcadier\\git\\Trillia\\Images\\Category\\5.png
  (Session info: chrome=78.0.3904.108)
  (Driver info: chromedriver=2.35.528161 (5b82f2d2aae0ca24b877009200ced9065a772e73),platform=Windows NT 6.1.7601 SP1 x86_64) (WARNING: The server did not provide any stacktrace information)
Command duration or timeout: 0 milliseconds
Build info: version: '3.7.1', revision: '8a0099a', time: '2017-11-06T21:07:36.161Z'
System info: host: 'APRIL-PC', ip: '10.10.31.51', os.name: 'Windows 7', os.arch: 'amd64', os.version: '6.1', java.version: '1.8.0_102'
Driver info: com.kms.katalon.selenium.driver.CChromeDriver
Capabilities {acceptInsecureCerts: false, acceptSslCerts: false, applicationCacheEnabled: false, browserConnectionEnabled: false, browserName: chrome, chrome: {chromedriverVersion: 2.35.528161 (5b82f2d2aae0ca..., userDataDir: C:\Users\April\AppData\Loca...}, cssSelectorsEnabled: true, databaseEnabled: false, handlesAlerts: true, hasTouchScreen: false, javascriptEnabled: true, locationContextEnabled: true, mobileEmulationEnabled: false, nativeEvents: true, networkConnectionEnabled: false, pageLoadStrategy: normal, platform: XP, platformName: XP, rotatable: false, setWindowRect: true, takesHeapSnapshot: true, takesScreenshot: true, unexpectedAlertBehaviour: , unhandledPromptBehavior: , version: 78.0.3904.108, webStorageEnabled: true}
Session ID: cfe3a530f1bc406e2ea68220d7af8649)

2019-11-25 09:43:45 - [MESSAGE][FAILED] - Unable to upload file 'C:\\Users\\Arcadier\\git\\Trillia\\Images\\Category\\5.png' to object 'Object Repository/ADMIN/Categories/Category/image_input image' (Root cause: org.openqa.selenium.WebDriverException: invalid argument: File not found : C:\\Users\\Arcadier\\git\\Trillia\\Images\\Category\\5.png
  (Session info: chrome=78.0.3904.108)
  (Driver info: chromedriver=2.35.528161 (5b82f2d2aae0ca24b877009200ced9065a772e73),platform=Windows NT 6.1.7601 SP1 x86_64) (WARNING: The server did not provide any stacktrace information)
Command duration or timeout: 0 milliseconds
Build info: version: '3.7.1', revision: '8a0099a', time: '2017-11-06T21:07:36.161Z'
System info: host: 'APRIL-PC', ip: '10.10.31.51', os.name: 'Windows 7', os.arch: 'amd64', os.version: '6.1', java.version: '1.8.0_102'
Driver info: com.kms.katalon.selenium.driver.CChromeDriver
Capabilities {acceptInsecureCerts: false, acceptSslCerts: false, applicationCacheEnabled: false, browserConnectionEnabled: false, browserName: chrome, chrome: {chromedriverVersion: 2.35.528161 (5b82f2d2aae0ca..., userDataDir: C:\Users\April\AppData\Loca...}, cssSelectorsEnabled: true, databaseEnabled: false, handlesAlerts: true, hasTouchScreen: false, javascriptEnabled: true, locationContextEnabled: true, mobileEmulationEnabled: false, nativeEvents: true, networkConnectionEnabled: false, pageLoadStrategy: normal, platform: XP, platformName: XP, rotatable: false, setWindowRect: true, takesHeapSnapshot: true, takesScreenshot: true, unexpectedAlertBehaviour: , unhandledPromptBehavior: , version: 78.0.3904.108, webStorageEnabled: true}
Session ID: cfe3a530f1bc406e2ea68220d7af8649)
[[ATTACHMENT|C:\\Users\\April\\git\\Trillia\\Reports\\Admin\\Categories\\Add Category\\20191125_093242\\1574646224695.png]]

2019-11-25 09:43:45 - [TEST_STEP][PASSED] - waitForElementVisible: Object 'Object Repository/ADMIN/Categories/Category/button_upload check' is visible

2019-11-25 09:43:45 - [MESSAGE][WARNING] - Timeout '0' is invalid. Using default page load timeout: '30'

2019-11-25 09:43:50 - [MESSAGE][PASSED] - Object 'Object Repository/ADMIN/Categories/Category/button_upload check' is visible

2019-11-25 09:43:50 - [TEST_STEP][PASSED] - click: Object: 'Object Repository/ADMIN/Categories/Category/button_upload check' is clicked on

2019-11-25 09:43:50 - [MESSAGE][PASSED] - Object: 'Object Repository/ADMIN/Categories/Category/button_upload check' is clicked on

2019-11-25 09:43:50 - [TEST_STEP][PASSED] - waitForElementVisible: Object 'Object Repository/ADMIN/Categories/Category/button_upload save' is visible

2019-11-25 09:43:50 - [MESSAGE][WARNING] - Timeout '0' is invalid. Using default page load timeout: '30'

2019-11-25 09:43:50 - [MESSAGE][PASSED] - Object 'Object Repository/ADMIN/Categories/Category/button_upload save' is visible

2019-11-25 09:43:50 - [TEST_STEP][PASSED] - click: Object: 'Object Repository/ADMIN/Categories/Category/button_upload save' is clicked on

2019-11-25 09:43:50 - [MESSAGE][PASSED] - Object: 'Object Repository/ADMIN/Categories/Category/button_upload save' is clicked on

2019-11-25 09:43:50 - [TEST_STEP][PASSED] - delay: Delayed 1 second(s)

2019-11-25 09:43:51 - [MESSAGE][PASSED] - Delayed 1 second(s)

2019-11-25 09:43:51 - [TEST_STEP][PASSED] - setText: Text 'Description33' is set on object 'Object Repository/ADMIN/Categories/Category/textfield_category_description'

2019-11-25 09:43:51 - [MESSAGE][PASSED] - Text 'Description33' is set on object 'Object Repository/ADMIN/Categories/Category/textfield_category_description'

2019-11-25 09:43:51 - [TEST_STEP][PASSED] - click: Object: 'Object Repository/ADMIN/Categories/Category/button_Save' is clicked on

2019-11-25 09:43:51 - [MESSAGE][PASSED] - Object: 'Object Repository/ADMIN/Categories/Category/button_Save' is clicked on

2019-11-25 09:43:51 - [TEST_STEP][PASSED] - waitForElementVisible: Object 'Object Repository/ADMIN/Categories/Category/label_edit popup' is visible

2019-11-25 09:43:51 - [MESSAGE][WARNING] - Timeout '0' is invalid. Using default page load timeout: '30'

2019-11-25 09:43:52 - [MESSAGE][PASSED] - Object 'Object Repository/ADMIN/Categories/Category/label_edit popup' is visible

2019-11-25 09:43:52 - [TEST_STEP][PASSED] - waitForElementNotPresent: Web element with id: 'Object Repository/ADMIN/Categories/Category/label_edit popup' located by 'By.xpath: //div[(text() = 'Category was successfully saved.' or . = 'Category was successfully saved.')]' is not present after '30' second(s)

2019-11-25 09:43:52 - [MESSAGE][WARNING] - Timeout '0' is invalid. Using default page load timeout: '30'

2019-11-25 09:43:57 - [MESSAGE][PASSED] - Web element with id: 'Object Repository/ADMIN/Categories/Category/label_edit popup' located by 'By.xpath: //div[(text() = 'Category was successfully saved.' or . = 'Category was successfully saved.')]' is not present after '30' second(s)]]></system-out>
         <system-err><![CDATA[2019-11-25 09:43:39 - [TEST_CASE][FAILED] - Test Cases/ADMIN/Content Mgmt/Categories/Category Add-Edit/Add Category: Test Cases/ADMIN/Content Mgmt/Categories/Category Add-Edit/Add Category FAILED because (of) Unable to upload file 'C:\\Users\\Arcadier\\git\\Trillia\\Images\\Category\\5.png' to object 'Object Repository/ADMIN/Categories/Category/image_input image' (Root cause: org.openqa.selenium.WebDriverException: invalid argument: File not found : C:\\Users\\Arcadier\\git\\Trillia\\Images\\Category\\5.png
  (Session info: chrome=78.0.3904.108)
  (Driver info: chromedriver=2.35.528161 (5b82f2d2aae0ca24b877009200ced9065a772e73),platform=Windows NT 6.1.7601 SP1 x86_64) (WARNING: The server did not provide any stacktrace information)
Command duration or timeout: 0 milliseconds
Build info: version: '3.7.1', revision: '8a0099a', time: '2017-11-06T21:07:36.161Z'
System info: host: 'APRIL-PC', ip: '10.10.31.51', os.name: 'Windows 7', os.arch: 'amd64', os.version: '6.1', java.version: '1.8.0_102'
Driver info: com.kms.katalon.selenium.driver.CChromeDriver
Capabilities {acceptInsecureCerts: false, acceptSslCerts: false, applicationCacheEnabled: false, browserConnectionEnabled: false, browserName: chrome, chrome: {chromedriverVersion: 2.35.528161 (5b82f2d2aae0ca..., userDataDir: C:\Users\April\AppData\Loca...}, cssSelectorsEnabled: true, databaseEnabled: false, handlesAlerts: true, hasTouchScreen: false, javascriptEnabled: true, locationContextEnabled: true, mobileEmulationEnabled: false, nativeEvents: true, networkConnectionEnabled: false, pageLoadStrategy: normal, platform: XP, platformName: XP, rotatable: false, setWindowRect: true, takesHeapSnapshot: true, takesScreenshot: true, unexpectedAlertBehaviour: , unhandledPromptBehavior: , version: 78.0.3904.108, webStorageEnabled: true}
Session ID: cfe3a530f1bc406e2ea68220d7af8649)]]></system-err>
      </testcase>
      <testcase name="Test Cases/ADMIN/Content Mgmt/Categories/Category Add-Edit/Add Category" classname="Test Cases/ADMIN/Content Mgmt/Categories/Category Add-Edit/Add Category" status="FAILED">
         <failure type="FAILED" message="Unable to upload file 'C:\\Users\\Arcadier\\git\\Trillia\\Images\\Category\\5.png' to object 'Object Repository/ADMIN/Categories/Category/image_input image' (Root cause: org.openqa.selenium.WebDriverException: invalid argument: File not found : C:\\Users\\Arcadier\\git\\Trillia\\Images\\Category\\5.png
  (Session info: chrome=78.0.3904.108)
  (Driver info: chromedriver=2.35.528161 (5b82f2d2aae0ca24b877009200ced9065a772e73),platform=Windows NT 6.1.7601 SP1 x86_64) (WARNING: The server did not provide any stacktrace information)
Command duration or timeout: 0 milliseconds
Build info: version: '3.7.1', revision: '8a0099a', time: '2017-11-06T21:07:36.161Z'
System info: host: 'APRIL-PC', ip: '10.10.31.51', os.name: 'Windows 7', os.arch: 'amd64', os.version: '6.1', java.version: '1.8.0_102'
Driver info: com.kms.katalon.selenium.driver.CChromeDriver
Capabilities {acceptInsecureCerts: false, acceptSslCerts: false, applicationCacheEnabled: false, browserConnectionEnabled: false, browserName: chrome, chrome: {chromedriverVersion: 2.35.528161 (5b82f2d2aae0ca..., userDataDir: C:\Users\April\AppData\Loca...}, cssSelectorsEnabled: true, databaseEnabled: false, handlesAlerts: true, hasTouchScreen: false, javascriptEnabled: true, locationContextEnabled: true, mobileEmulationEnabled: false, nativeEvents: true, networkConnectionEnabled: false, pageLoadStrategy: normal, platform: XP, platformName: XP, rotatable: false, setWindowRect: true, takesHeapSnapshot: true, takesScreenshot: true, unexpectedAlertBehaviour: , unhandledPromptBehavior: , version: 78.0.3904.108, webStorageEnabled: true}
Session ID: cfe3a530f1bc406e2ea68220d7af8649)"/>
         <system-out><![CDATA[2019-11-25 09:43:57 - [TEST_CASE][FAILED] - Test Cases/ADMIN/Content Mgmt/Categories/Category Add-Edit/Add Category: Test Cases/ADMIN/Content Mgmt/Categories/Category Add-Edit/Add Category FAILED because (of) Unable to upload file 'C:\\Users\\Arcadier\\git\\Trillia\\Images\\Category\\5.png' to object 'Object Repository/ADMIN/Categories/Category/image_input image' (Root cause: org.openqa.selenium.WebDriverException: invalid argument: File not found : C:\\Users\\Arcadier\\git\\Trillia\\Images\\Category\\5.png
  (Session info: chrome=78.0.3904.108)
  (Driver info: chromedriver=2.35.528161 (5b82f2d2aae0ca24b877009200ced9065a772e73),platform=Windows NT 6.1.7601 SP1 x86_64) (WARNING: The server did not provide any stacktrace information)
Command duration or timeout: 0 milliseconds
Build info: version: '3.7.1', revision: '8a0099a', time: '2017-11-06T21:07:36.161Z'
System info: host: 'APRIL-PC', ip: '10.10.31.51', os.name: 'Windows 7', os.arch: 'amd64', os.version: '6.1', java.version: '1.8.0_102'
Driver info: com.kms.katalon.selenium.driver.CChromeDriver
Capabilities {acceptInsecureCerts: false, acceptSslCerts: false, applicationCacheEnabled: false, browserConnectionEnabled: false, browserName: chrome, chrome: {chromedriverVersion: 2.35.528161 (5b82f2d2aae0ca..., userDataDir: C:\Users\April\AppData\Loca...}, cssSelectorsEnabled: true, databaseEnabled: false, handlesAlerts: true, hasTouchScreen: false, javascriptEnabled: true, locationContextEnabled: true, mobileEmulationEnabled: false, nativeEvents: true, networkConnectionEnabled: false, pageLoadStrategy: normal, platform: XP, platformName: XP, rotatable: false, setWindowRect: true, takesHeapSnapshot: true, takesScreenshot: true, unexpectedAlertBehaviour: , unhandledPromptBehavior: , version: 78.0.3904.108, webStorageEnabled: true}
Session ID: cfe3a530f1bc406e2ea68220d7af8649)

2019-11-25 09:43:57 - [TEST_STEP][PASSED] - waitForElementVisible: Object 'Object Repository/ADMIN/Categories/Category List/button_Content Mgmt' is visible

2019-11-25 09:43:57 - [MESSAGE][WARNING] - Timeout '0' is invalid. Using default page load timeout: '30'

2019-11-25 09:43:57 - [MESSAGE][PASSED] - Object 'Object Repository/ADMIN/Categories/Category List/button_Content Mgmt' is visible

2019-11-25 09:43:57 - [TEST_STEP][PASSED] - click: Object: 'Object Repository/ADMIN/Categories/Category List/button_Content Mgmt' is clicked on

2019-11-25 09:43:57 - [MESSAGE][PASSED] - Object: 'Object Repository/ADMIN/Categories/Category List/button_Content Mgmt' is clicked on

2019-11-25 09:43:57 - [TEST_STEP][PASSED] - waitForElementVisible: Object 'Object Repository/ADMIN/Categories/Category List/button_Categories' is visible

2019-11-25 09:43:57 - [MESSAGE][WARNING] - Timeout '0' is invalid. Using default page load timeout: '30'

2019-11-25 09:43:57 - [MESSAGE][PASSED] - Object 'Object Repository/ADMIN/Categories/Category List/button_Categories' is visible

2019-11-25 09:43:58 - [TEST_STEP][PASSED] - click: Object: 'Object Repository/ADMIN/Categories/Category List/button_Categories' is clicked on

2019-11-25 09:43:59 - [MESSAGE][PASSED] - Object: 'Object Repository/ADMIN/Categories/Category List/button_Categories' is clicked on

2019-11-25 09:43:59 - [TEST_STEP][PASSED] - click: Object: 'Object Repository/ADMIN/Categories/Category List/button_AddACategory' is clicked on

2019-11-25 09:43:59 - [MESSAGE][PASSED] - Object: 'Object Repository/ADMIN/Categories/Category List/button_AddACategory' is clicked on

2019-11-25 09:43:59 - [TEST_STEP][PASSED] - waitForElementPresent: Object 'Object Repository/ADMIN/Categories/Category/dropdown_Parent' is present

2019-11-25 09:43:59 - [MESSAGE][PASSED] - Object 'Object Repository/ADMIN/Categories/Category/dropdown_Parent' is present

2019-11-25 09:43:59 - [TEST_STEP][PASSED] - delay: Delayed 1 second(s)

2019-11-25 09:44:00 - [MESSAGE][PASSED] - Delayed 1 second(s)

2019-11-25 09:44:00 - [TEST_STEP][PASSED] - setText: Text 'Category 5.1.2' is set on object 'Object Repository/ADMIN/Categories/Category/textfield_Category Name'

2019-11-25 09:44:01 - [MESSAGE][PASSED] - Text 'Category 5.1.2' is set on object 'Object Repository/ADMIN/Categories/Category/textfield_Category Name'

2019-11-25 09:44:01 - [TEST_STEP][PASSED] - click: Object: 'Object Repository/ADMIN/Categories/Category/dropdown_Parent' is clicked on

2019-11-25 09:44:01 - [MESSAGE][PASSED] - Object: 'Object Repository/ADMIN/Categories/Category/dropdown_Parent' is clicked on

2019-11-25 09:44:01 - [TEST_STEP][PASSED] - delay: Delayed 2 second(s)

2019-11-25 09:44:03 - [MESSAGE][PASSED] - Delayed 2 second(s)

2019-11-25 09:44:03 - [TEST_STEP][PASSED] - click: Object: 'Object Repository/ADMIN/Categories/Category/dropdown_Parent' is clicked on

2019-11-25 09:44:03 - [MESSAGE][PASSED] - Object: 'Object Repository/ADMIN/Categories/Category/dropdown_Parent' is clicked on

2019-11-25 09:44:03 - [TEST_STEP][PASSED] - selectOptionByLabel: All options with label 'Category 5.1' are selected in object 'Object Repository/ADMIN/Categories/Category/dropdown_Parent' 

2019-11-25 09:44:03 - [MESSAGE][PASSED] - All options with label 'Category 5.1' are selected in object 'Object Repository/ADMIN/Categories/Category/dropdown_Parent' 

2019-11-25 09:44:03 - [TEST_STEP][PASSED] - click: Object: 'Object Repository/ADMIN/Categories/Category/button_Browse' is clicked on

2019-11-25 09:44:03 - [MESSAGE][PASSED] - Object: 'Object Repository/ADMIN/Categories/Category/button_Browse' is clicked on

2019-11-25 09:44:03 - [TEST_STEP][PASSED] - delay: Delayed 1 second(s)

2019-11-25 09:44:04 - [MESSAGE][PASSED] - Delayed 1 second(s)

2019-11-25 09:44:04 - [TEST_STEP][FAILED] - uploadFile: Unable to upload file 'C:\\Users\\Arcadier\\git\\Trillia\\Images\\Category\\5.png' to object 'Object Repository/ADMIN/Categories/Category/image_input image' (Root cause: org.openqa.selenium.WebDriverException: invalid argument: File not found : C:\\Users\\Arcadier\\git\\Trillia\\Images\\Category\\5.png
  (Session info: chrome=78.0.3904.108)
  (Driver info: chromedriver=2.35.528161 (5b82f2d2aae0ca24b877009200ced9065a772e73),platform=Windows NT 6.1.7601 SP1 x86_64) (WARNING: The server did not provide any stacktrace information)
Command duration or timeout: 0 milliseconds
Build info: version: '3.7.1', revision: '8a0099a', time: '2017-11-06T21:07:36.161Z'
System info: host: 'APRIL-PC', ip: '10.10.31.51', os.name: 'Windows 7', os.arch: 'amd64', os.version: '6.1', java.version: '1.8.0_102'
Driver info: com.kms.katalon.selenium.driver.CChromeDriver
Capabilities {acceptInsecureCerts: false, acceptSslCerts: false, applicationCacheEnabled: false, browserConnectionEnabled: false, browserName: chrome, chrome: {chromedriverVersion: 2.35.528161 (5b82f2d2aae0ca..., userDataDir: C:\Users\April\AppData\Loca...}, cssSelectorsEnabled: true, databaseEnabled: false, handlesAlerts: true, hasTouchScreen: false, javascriptEnabled: true, locationContextEnabled: true, mobileEmulationEnabled: false, nativeEvents: true, networkConnectionEnabled: false, pageLoadStrategy: normal, platform: XP, platformName: XP, rotatable: false, setWindowRect: true, takesHeapSnapshot: true, takesScreenshot: true, unexpectedAlertBehaviour: , unhandledPromptBehavior: , version: 78.0.3904.108, webStorageEnabled: true}
Session ID: cfe3a530f1bc406e2ea68220d7af8649)

2019-11-25 09:44:04 - [MESSAGE][FAILED] - Unable to upload file 'C:\\Users\\Arcadier\\git\\Trillia\\Images\\Category\\5.png' to object 'Object Repository/ADMIN/Categories/Category/image_input image' (Root cause: org.openqa.selenium.WebDriverException: invalid argument: File not found : C:\\Users\\Arcadier\\git\\Trillia\\Images\\Category\\5.png
  (Session info: chrome=78.0.3904.108)
  (Driver info: chromedriver=2.35.528161 (5b82f2d2aae0ca24b877009200ced9065a772e73),platform=Windows NT 6.1.7601 SP1 x86_64) (WARNING: The server did not provide any stacktrace information)
Command duration or timeout: 0 milliseconds
Build info: version: '3.7.1', revision: '8a0099a', time: '2017-11-06T21:07:36.161Z'
System info: host: 'APRIL-PC', ip: '10.10.31.51', os.name: 'Windows 7', os.arch: 'amd64', os.version: '6.1', java.version: '1.8.0_102'
Driver info: com.kms.katalon.selenium.driver.CChromeDriver
Capabilities {acceptInsecureCerts: false, acceptSslCerts: false, applicationCacheEnabled: false, browserConnectionEnabled: false, browserName: chrome, chrome: {chromedriverVersion: 2.35.528161 (5b82f2d2aae0ca..., userDataDir: C:\Users\April\AppData\Loca...}, cssSelectorsEnabled: true, databaseEnabled: false, handlesAlerts: true, hasTouchScreen: false, javascriptEnabled: true, locationContextEnabled: true, mobileEmulationEnabled: false, nativeEvents: true, networkConnectionEnabled: false, pageLoadStrategy: normal, platform: XP, platformName: XP, rotatable: false, setWindowRect: true, takesHeapSnapshot: true, takesScreenshot: true, unexpectedAlertBehaviour: , unhandledPromptBehavior: , version: 78.0.3904.108, webStorageEnabled: true}
Session ID: cfe3a530f1bc406e2ea68220d7af8649)
[[ATTACHMENT|C:\\Users\\April\\git\\Trillia\\Reports\\Admin\\Categories\\Add Category\\20191125_093242\\1574646244257.png]]

2019-11-25 09:44:04 - [TEST_STEP][PASSED] - waitForElementVisible: Object 'Object Repository/ADMIN/Categories/Category/button_upload check' is visible

2019-11-25 09:44:04 - [MESSAGE][WARNING] - Timeout '0' is invalid. Using default page load timeout: '30'

2019-11-25 09:44:09 - [MESSAGE][PASSED] - Object 'Object Repository/ADMIN/Categories/Category/button_upload check' is visible

2019-11-25 09:44:09 - [TEST_STEP][PASSED] - click: Object: 'Object Repository/ADMIN/Categories/Category/button_upload check' is clicked on

2019-11-25 09:44:09 - [MESSAGE][PASSED] - Object: 'Object Repository/ADMIN/Categories/Category/button_upload check' is clicked on

2019-11-25 09:44:09 - [TEST_STEP][PASSED] - waitForElementVisible: Object 'Object Repository/ADMIN/Categories/Category/button_upload save' is visible

2019-11-25 09:44:09 - [MESSAGE][WARNING] - Timeout '0' is invalid. Using default page load timeout: '30'

2019-11-25 09:44:09 - [MESSAGE][PASSED] - Object 'Object Repository/ADMIN/Categories/Category/button_upload save' is visible

2019-11-25 09:44:09 - [TEST_STEP][PASSED] - click: Object: 'Object Repository/ADMIN/Categories/Category/button_upload save' is clicked on

2019-11-25 09:44:09 - [MESSAGE][PASSED] - Object: 'Object Repository/ADMIN/Categories/Category/button_upload save' is clicked on

2019-11-25 09:44:09 - [TEST_STEP][PASSED] - delay: Delayed 1 second(s)

2019-11-25 09:44:10 - [MESSAGE][PASSED] - Delayed 1 second(s)

2019-11-25 09:44:10 - [TEST_STEP][PASSED] - setText: Text 'Description34' is set on object 'Object Repository/ADMIN/Categories/Category/textfield_category_description'

2019-11-25 09:44:10 - [MESSAGE][PASSED] - Text 'Description34' is set on object 'Object Repository/ADMIN/Categories/Category/textfield_category_description'

2019-11-25 09:44:10 - [TEST_STEP][PASSED] - click: Object: 'Object Repository/ADMIN/Categories/Category/button_Save' is clicked on

2019-11-25 09:44:10 - [MESSAGE][PASSED] - Object: 'Object Repository/ADMIN/Categories/Category/button_Save' is clicked on

2019-11-25 09:44:10 - [TEST_STEP][PASSED] - waitForElementVisible: Object 'Object Repository/ADMIN/Categories/Category/label_edit popup' is visible

2019-11-25 09:44:10 - [MESSAGE][WARNING] - Timeout '0' is invalid. Using default page load timeout: '30'

2019-11-25 09:44:11 - [MESSAGE][PASSED] - Object 'Object Repository/ADMIN/Categories/Category/label_edit popup' is visible

2019-11-25 09:44:11 - [TEST_STEP][PASSED] - waitForElementNotPresent: Web element with id: 'Object Repository/ADMIN/Categories/Category/label_edit popup' located by 'By.xpath: //div[(text() = 'Category was successfully saved.' or . = 'Category was successfully saved.')]' is not present after '30' second(s)

2019-11-25 09:44:11 - [MESSAGE][WARNING] - Timeout '0' is invalid. Using default page load timeout: '30'

2019-11-25 09:44:17 - [MESSAGE][PASSED] - Web element with id: 'Object Repository/ADMIN/Categories/Category/label_edit popup' located by 'By.xpath: //div[(text() = 'Category was successfully saved.' or . = 'Category was successfully saved.')]' is not present after '30' second(s)]]></system-out>
         <system-err><![CDATA[2019-11-25 09:43:57 - [TEST_CASE][FAILED] - Test Cases/ADMIN/Content Mgmt/Categories/Category Add-Edit/Add Category: Test Cases/ADMIN/Content Mgmt/Categories/Category Add-Edit/Add Category FAILED because (of) Unable to upload file 'C:\\Users\\Arcadier\\git\\Trillia\\Images\\Category\\5.png' to object 'Object Repository/ADMIN/Categories/Category/image_input image' (Root cause: org.openqa.selenium.WebDriverException: invalid argument: File not found : C:\\Users\\Arcadier\\git\\Trillia\\Images\\Category\\5.png
  (Session info: chrome=78.0.3904.108)
  (Driver info: chromedriver=2.35.528161 (5b82f2d2aae0ca24b877009200ced9065a772e73),platform=Windows NT 6.1.7601 SP1 x86_64) (WARNING: The server did not provide any stacktrace information)
Command duration or timeout: 0 milliseconds
Build info: version: '3.7.1', revision: '8a0099a', time: '2017-11-06T21:07:36.161Z'
System info: host: 'APRIL-PC', ip: '10.10.31.51', os.name: 'Windows 7', os.arch: 'amd64', os.version: '6.1', java.version: '1.8.0_102'
Driver info: com.kms.katalon.selenium.driver.CChromeDriver
Capabilities {acceptInsecureCerts: false, acceptSslCerts: false, applicationCacheEnabled: false, browserConnectionEnabled: false, browserName: chrome, chrome: {chromedriverVersion: 2.35.528161 (5b82f2d2aae0ca..., userDataDir: C:\Users\April\AppData\Loca...}, cssSelectorsEnabled: true, databaseEnabled: false, handlesAlerts: true, hasTouchScreen: false, javascriptEnabled: true, locationContextEnabled: true, mobileEmulationEnabled: false, nativeEvents: true, networkConnectionEnabled: false, pageLoadStrategy: normal, platform: XP, platformName: XP, rotatable: false, setWindowRect: true, takesHeapSnapshot: true, takesScreenshot: true, unexpectedAlertBehaviour: , unhandledPromptBehavior: , version: 78.0.3904.108, webStorageEnabled: true}
Session ID: cfe3a530f1bc406e2ea68220d7af8649)]]></system-err>
      </testcase>
      <testcase name="Test Cases/ADMIN/Content Mgmt/Categories/Category Add-Edit/Add Category" classname="Test Cases/ADMIN/Content Mgmt/Categories/Category Add-Edit/Add Category" status="FAILED">
         <failure type="FAILED" message="Unable to upload file 'C:\\Users\\Arcadier\\git\\Trillia\\Images\\Category\\5.png' to object 'Object Repository/ADMIN/Categories/Category/image_input image' (Root cause: org.openqa.selenium.WebDriverException: invalid argument: File not found : C:\\Users\\Arcadier\\git\\Trillia\\Images\\Category\\5.png
  (Session info: chrome=78.0.3904.108)
  (Driver info: chromedriver=2.35.528161 (5b82f2d2aae0ca24b877009200ced9065a772e73),platform=Windows NT 6.1.7601 SP1 x86_64) (WARNING: The server did not provide any stacktrace information)
Command duration or timeout: 0 milliseconds
Build info: version: '3.7.1', revision: '8a0099a', time: '2017-11-06T21:07:36.161Z'
System info: host: 'APRIL-PC', ip: '10.10.31.51', os.name: 'Windows 7', os.arch: 'amd64', os.version: '6.1', java.version: '1.8.0_102'
Driver info: com.kms.katalon.selenium.driver.CChromeDriver
Capabilities {acceptInsecureCerts: false, acceptSslCerts: false, applicationCacheEnabled: false, browserConnectionEnabled: false, browserName: chrome, chrome: {chromedriverVersion: 2.35.528161 (5b82f2d2aae0ca..., userDataDir: C:\Users\April\AppData\Loca...}, cssSelectorsEnabled: true, databaseEnabled: false, handlesAlerts: true, hasTouchScreen: false, javascriptEnabled: true, locationContextEnabled: true, mobileEmulationEnabled: false, nativeEvents: true, networkConnectionEnabled: false, pageLoadStrategy: normal, platform: XP, platformName: XP, rotatable: false, setWindowRect: true, takesHeapSnapshot: true, takesScreenshot: true, unexpectedAlertBehaviour: , unhandledPromptBehavior: , version: 78.0.3904.108, webStorageEnabled: true}
Session ID: cfe3a530f1bc406e2ea68220d7af8649)"/>
         <system-out><![CDATA[2019-11-25 09:44:17 - [TEST_CASE][FAILED] - Test Cases/ADMIN/Content Mgmt/Categories/Category Add-Edit/Add Category: Test Cases/ADMIN/Content Mgmt/Categories/Category Add-Edit/Add Category FAILED because (of) Unable to upload file 'C:\\Users\\Arcadier\\git\\Trillia\\Images\\Category\\5.png' to object 'Object Repository/ADMIN/Categories/Category/image_input image' (Root cause: org.openqa.selenium.WebDriverException: invalid argument: File not found : C:\\Users\\Arcadier\\git\\Trillia\\Images\\Category\\5.png
  (Session info: chrome=78.0.3904.108)
  (Driver info: chromedriver=2.35.528161 (5b82f2d2aae0ca24b877009200ced9065a772e73),platform=Windows NT 6.1.7601 SP1 x86_64) (WARNING: The server did not provide any stacktrace information)
Command duration or timeout: 0 milliseconds
Build info: version: '3.7.1', revision: '8a0099a', time: '2017-11-06T21:07:36.161Z'
System info: host: 'APRIL-PC', ip: '10.10.31.51', os.name: 'Windows 7', os.arch: 'amd64', os.version: '6.1', java.version: '1.8.0_102'
Driver info: com.kms.katalon.selenium.driver.CChromeDriver
Capabilities {acceptInsecureCerts: false, acceptSslCerts: false, applicationCacheEnabled: false, browserConnectionEnabled: false, browserName: chrome, chrome: {chromedriverVersion: 2.35.528161 (5b82f2d2aae0ca..., userDataDir: C:\Users\April\AppData\Loca...}, cssSelectorsEnabled: true, databaseEnabled: false, handlesAlerts: true, hasTouchScreen: false, javascriptEnabled: true, locationContextEnabled: true, mobileEmulationEnabled: false, nativeEvents: true, networkConnectionEnabled: false, pageLoadStrategy: normal, platform: XP, platformName: XP, rotatable: false, setWindowRect: true, takesHeapSnapshot: true, takesScreenshot: true, unexpectedAlertBehaviour: , unhandledPromptBehavior: , version: 78.0.3904.108, webStorageEnabled: true}
Session ID: cfe3a530f1bc406e2ea68220d7af8649)

2019-11-25 09:44:17 - [TEST_STEP][PASSED] - waitForElementVisible: Object 'Object Repository/ADMIN/Categories/Category List/button_Content Mgmt' is visible

2019-11-25 09:44:17 - [MESSAGE][WARNING] - Timeout '0' is invalid. Using default page load timeout: '30'

2019-11-25 09:44:17 - [MESSAGE][PASSED] - Object 'Object Repository/ADMIN/Categories/Category List/button_Content Mgmt' is visible

2019-11-25 09:44:17 - [TEST_STEP][PASSED] - click: Object: 'Object Repository/ADMIN/Categories/Category List/button_Content Mgmt' is clicked on

2019-11-25 09:44:17 - [MESSAGE][PASSED] - Object: 'Object Repository/ADMIN/Categories/Category List/button_Content Mgmt' is clicked on

2019-11-25 09:44:17 - [TEST_STEP][PASSED] - waitForElementVisible: Object 'Object Repository/ADMIN/Categories/Category List/button_Categories' is visible

2019-11-25 09:44:17 - [MESSAGE][WARNING] - Timeout '0' is invalid. Using default page load timeout: '30'

2019-11-25 09:44:17 - [MESSAGE][PASSED] - Object 'Object Repository/ADMIN/Categories/Category List/button_Categories' is visible

2019-11-25 09:44:17 - [TEST_STEP][PASSED] - click: Object: 'Object Repository/ADMIN/Categories/Category List/button_Categories' is clicked on

2019-11-25 09:44:17 - [MESSAGE][PASSED] - Object: 'Object Repository/ADMIN/Categories/Category List/button_Categories' is clicked on

2019-11-25 09:44:17 - [TEST_STEP][PASSED] - click: Object: 'Object Repository/ADMIN/Categories/Category List/button_AddACategory' is clicked on

2019-11-25 09:44:18 - [MESSAGE][PASSED] - Object: 'Object Repository/ADMIN/Categories/Category List/button_AddACategory' is clicked on

2019-11-25 09:44:18 - [TEST_STEP][PASSED] - waitForElementPresent: Object 'Object Repository/ADMIN/Categories/Category/dropdown_Parent' is present

2019-11-25 09:44:18 - [MESSAGE][PASSED] - Object 'Object Repository/ADMIN/Categories/Category/dropdown_Parent' is present

2019-11-25 09:44:18 - [TEST_STEP][PASSED] - delay: Delayed 1 second(s)

2019-11-25 09:44:19 - [MESSAGE][PASSED] - Delayed 1 second(s)

2019-11-25 09:44:19 - [TEST_STEP][PASSED] - setText: Text 'Category 5.1.3' is set on object 'Object Repository/ADMIN/Categories/Category/textfield_Category Name'

2019-11-25 09:44:19 - [MESSAGE][PASSED] - Text 'Category 5.1.3' is set on object 'Object Repository/ADMIN/Categories/Category/textfield_Category Name'

2019-11-25 09:44:19 - [TEST_STEP][PASSED] - click: Object: 'Object Repository/ADMIN/Categories/Category/dropdown_Parent' is clicked on

2019-11-25 09:44:19 - [MESSAGE][PASSED] - Object: 'Object Repository/ADMIN/Categories/Category/dropdown_Parent' is clicked on

2019-11-25 09:44:19 - [TEST_STEP][PASSED] - delay: Delayed 2 second(s)

2019-11-25 09:44:21 - [MESSAGE][PASSED] - Delayed 2 second(s)

2019-11-25 09:44:21 - [TEST_STEP][PASSED] - click: Object: 'Object Repository/ADMIN/Categories/Category/dropdown_Parent' is clicked on

2019-11-25 09:44:21 - [MESSAGE][PASSED] - Object: 'Object Repository/ADMIN/Categories/Category/dropdown_Parent' is clicked on

2019-11-25 09:44:21 - [TEST_STEP][PASSED] - selectOptionByLabel: All options with label 'Category 5.1' are selected in object 'Object Repository/ADMIN/Categories/Category/dropdown_Parent' 

2019-11-25 09:44:21 - [MESSAGE][PASSED] - All options with label 'Category 5.1' are selected in object 'Object Repository/ADMIN/Categories/Category/dropdown_Parent' 

2019-11-25 09:44:21 - [TEST_STEP][PASSED] - click: Object: 'Object Repository/ADMIN/Categories/Category/button_Browse' is clicked on

2019-11-25 09:44:21 - [MESSAGE][PASSED] - Object: 'Object Repository/ADMIN/Categories/Category/button_Browse' is clicked on

2019-11-25 09:44:21 - [TEST_STEP][PASSED] - delay: Delayed 1 second(s)

2019-11-25 09:44:22 - [MESSAGE][PASSED] - Delayed 1 second(s)

2019-11-25 09:44:22 - [TEST_STEP][FAILED] - uploadFile: Unable to upload file 'C:\\Users\\Arcadier\\git\\Trillia\\Images\\Category\\5.png' to object 'Object Repository/ADMIN/Categories/Category/image_input image' (Root cause: org.openqa.selenium.WebDriverException: invalid argument: File not found : C:\\Users\\Arcadier\\git\\Trillia\\Images\\Category\\5.png
  (Session info: chrome=78.0.3904.108)
  (Driver info: chromedriver=2.35.528161 (5b82f2d2aae0ca24b877009200ced9065a772e73),platform=Windows NT 6.1.7601 SP1 x86_64) (WARNING: The server did not provide any stacktrace information)
Command duration or timeout: 0 milliseconds
Build info: version: '3.7.1', revision: '8a0099a', time: '2017-11-06T21:07:36.161Z'
System info: host: 'APRIL-PC', ip: '10.10.31.51', os.name: 'Windows 7', os.arch: 'amd64', os.version: '6.1', java.version: '1.8.0_102'
Driver info: com.kms.katalon.selenium.driver.CChromeDriver
Capabilities {acceptInsecureCerts: false, acceptSslCerts: false, applicationCacheEnabled: false, browserConnectionEnabled: false, browserName: chrome, chrome: {chromedriverVersion: 2.35.528161 (5b82f2d2aae0ca..., userDataDir: C:\Users\April\AppData\Loca...}, cssSelectorsEnabled: true, databaseEnabled: false, handlesAlerts: true, hasTouchScreen: false, javascriptEnabled: true, locationContextEnabled: true, mobileEmulationEnabled: false, nativeEvents: true, networkConnectionEnabled: false, pageLoadStrategy: normal, platform: XP, platformName: XP, rotatable: false, setWindowRect: true, takesHeapSnapshot: true, takesScreenshot: true, unexpectedAlertBehaviour: , unhandledPromptBehavior: , version: 78.0.3904.108, webStorageEnabled: true}
Session ID: cfe3a530f1bc406e2ea68220d7af8649)

2019-11-25 09:44:23 - [MESSAGE][FAILED] - Unable to upload file 'C:\\Users\\Arcadier\\git\\Trillia\\Images\\Category\\5.png' to object 'Object Repository/ADMIN/Categories/Category/image_input image' (Root cause: org.openqa.selenium.WebDriverException: invalid argument: File not found : C:\\Users\\Arcadier\\git\\Trillia\\Images\\Category\\5.png
  (Session info: chrome=78.0.3904.108)
  (Driver info: chromedriver=2.35.528161 (5b82f2d2aae0ca24b877009200ced9065a772e73),platform=Windows NT 6.1.7601 SP1 x86_64) (WARNING: The server did not provide any stacktrace information)
Command duration or timeout: 0 milliseconds
Build info: version: '3.7.1', revision: '8a0099a', time: '2017-11-06T21:07:36.161Z'
System info: host: 'APRIL-PC', ip: '10.10.31.51', os.name: 'Windows 7', os.arch: 'amd64', os.version: '6.1', java.version: '1.8.0_102'
Driver info: com.kms.katalon.selenium.driver.CChromeDriver
Capabilities {acceptInsecureCerts: false, acceptSslCerts: false, applicationCacheEnabled: false, browserConnectionEnabled: false, browserName: chrome, chrome: {chromedriverVersion: 2.35.528161 (5b82f2d2aae0ca..., userDataDir: C:\Users\April\AppData\Loca...}, cssSelectorsEnabled: true, databaseEnabled: false, handlesAlerts: true, hasTouchScreen: false, javascriptEnabled: true, locationContextEnabled: true, mobileEmulationEnabled: false, nativeEvents: true, networkConnectionEnabled: false, pageLoadStrategy: normal, platform: XP, platformName: XP, rotatable: false, setWindowRect: true, takesHeapSnapshot: true, takesScreenshot: true, unexpectedAlertBehaviour: , unhandledPromptBehavior: , version: 78.0.3904.108, webStorageEnabled: true}
Session ID: cfe3a530f1bc406e2ea68220d7af8649)
[[ATTACHMENT|C:\\Users\\April\\git\\Trillia\\Reports\\Admin\\Categories\\Add Category\\20191125_093242\\1574646262710.png]]

2019-11-25 09:44:23 - [TEST_STEP][PASSED] - waitForElementVisible: Object 'Object Repository/ADMIN/Categories/Category/button_upload check' is visible

2019-11-25 09:44:23 - [MESSAGE][WARNING] - Timeout '0' is invalid. Using default page load timeout: '30'

2019-11-25 09:44:27 - [MESSAGE][PASSED] - Object 'Object Repository/ADMIN/Categories/Category/button_upload check' is visible

2019-11-25 09:44:27 - [TEST_STEP][PASSED] - click: Object: 'Object Repository/ADMIN/Categories/Category/button_upload check' is clicked on

2019-11-25 09:44:27 - [MESSAGE][PASSED] - Object: 'Object Repository/ADMIN/Categories/Category/button_upload check' is clicked on

2019-11-25 09:44:27 - [TEST_STEP][PASSED] - waitForElementVisible: Object 'Object Repository/ADMIN/Categories/Category/button_upload save' is visible

2019-11-25 09:44:27 - [MESSAGE][WARNING] - Timeout '0' is invalid. Using default page load timeout: '30'

2019-11-25 09:44:27 - [MESSAGE][PASSED] - Object 'Object Repository/ADMIN/Categories/Category/button_upload save' is visible

2019-11-25 09:44:27 - [TEST_STEP][PASSED] - click: Object: 'Object Repository/ADMIN/Categories/Category/button_upload save' is clicked on

2019-11-25 09:44:27 - [MESSAGE][PASSED] - Object: 'Object Repository/ADMIN/Categories/Category/button_upload save' is clicked on

2019-11-25 09:44:27 - [TEST_STEP][PASSED] - delay: Delayed 1 second(s)

2019-11-25 09:44:28 - [MESSAGE][PASSED] - Delayed 1 second(s)

2019-11-25 09:44:28 - [TEST_STEP][PASSED] - setText: Text 'Description35' is set on object 'Object Repository/ADMIN/Categories/Category/textfield_category_description'

2019-11-25 09:44:29 - [MESSAGE][PASSED] - Text 'Description35' is set on object 'Object Repository/ADMIN/Categories/Category/textfield_category_description'

2019-11-25 09:44:29 - [TEST_STEP][PASSED] - click: Object: 'Object Repository/ADMIN/Categories/Category/button_Save' is clicked on

2019-11-25 09:44:29 - [MESSAGE][PASSED] - Object: 'Object Repository/ADMIN/Categories/Category/button_Save' is clicked on

2019-11-25 09:44:29 - [TEST_STEP][PASSED] - waitForElementVisible: Object 'Object Repository/ADMIN/Categories/Category/label_edit popup' is visible

2019-11-25 09:44:29 - [MESSAGE][WARNING] - Timeout '0' is invalid. Using default page load timeout: '30'

2019-11-25 09:44:29 - [MESSAGE][PASSED] - Object 'Object Repository/ADMIN/Categories/Category/label_edit popup' is visible

2019-11-25 09:44:29 - [TEST_STEP][PASSED] - waitForElementNotPresent: Web element with id: 'Object Repository/ADMIN/Categories/Category/label_edit popup' located by 'By.xpath: //div[(text() = 'Category was successfully saved.' or . = 'Category was successfully saved.')]' is not present after '30' second(s)

2019-11-25 09:44:29 - [MESSAGE][WARNING] - Timeout '0' is invalid. Using default page load timeout: '30'

2019-11-25 09:44:35 - [MESSAGE][PASSED] - Web element with id: 'Object Repository/ADMIN/Categories/Category/label_edit popup' located by 'By.xpath: //div[(text() = 'Category was successfully saved.' or . = 'Category was successfully saved.')]' is not present after '30' second(s)]]></system-out>
         <system-err><![CDATA[2019-11-25 09:44:17 - [TEST_CASE][FAILED] - Test Cases/ADMIN/Content Mgmt/Categories/Category Add-Edit/Add Category: Test Cases/ADMIN/Content Mgmt/Categories/Category Add-Edit/Add Category FAILED because (of) Unable to upload file 'C:\\Users\\Arcadier\\git\\Trillia\\Images\\Category\\5.png' to object 'Object Repository/ADMIN/Categories/Category/image_input image' (Root cause: org.openqa.selenium.WebDriverException: invalid argument: File not found : C:\\Users\\Arcadier\\git\\Trillia\\Images\\Category\\5.png
  (Session info: chrome=78.0.3904.108)
  (Driver info: chromedriver=2.35.528161 (5b82f2d2aae0ca24b877009200ced9065a772e73),platform=Windows NT 6.1.7601 SP1 x86_64) (WARNING: The server did not provide any stacktrace information)
Command duration or timeout: 0 milliseconds
Build info: version: '3.7.1', revision: '8a0099a', time: '2017-11-06T21:07:36.161Z'
System info: host: 'APRIL-PC', ip: '10.10.31.51', os.name: 'Windows 7', os.arch: 'amd64', os.version: '6.1', java.version: '1.8.0_102'
Driver info: com.kms.katalon.selenium.driver.CChromeDriver
Capabilities {acceptInsecureCerts: false, acceptSslCerts: false, applicationCacheEnabled: false, browserConnectionEnabled: false, browserName: chrome, chrome: {chromedriverVersion: 2.35.528161 (5b82f2d2aae0ca..., userDataDir: C:\Users\April\AppData\Loca...}, cssSelectorsEnabled: true, databaseEnabled: false, handlesAlerts: true, hasTouchScreen: false, javascriptEnabled: true, locationContextEnabled: true, mobileEmulationEnabled: false, nativeEvents: true, networkConnectionEnabled: false, pageLoadStrategy: normal, platform: XP, platformName: XP, rotatable: false, setWindowRect: true, takesHeapSnapshot: true, takesScreenshot: true, unexpectedAlertBehaviour: , unhandledPromptBehavior: , version: 78.0.3904.108, webStorageEnabled: true}
Session ID: cfe3a530f1bc406e2ea68220d7af8649)]]></system-err>
      </testcase>
      <testcase name="Test Cases/ADMIN/Content Mgmt/Categories/Category Add-Edit/Add Category" classname="Test Cases/ADMIN/Content Mgmt/Categories/Category Add-Edit/Add Category" status="FAILED">
         <failure type="FAILED" message="Unable to upload file 'C:\\Users\\Arcadier\\git\\Trillia\\Images\\Category\\5.png' to object 'Object Repository/ADMIN/Categories/Category/image_input image' (Root cause: org.openqa.selenium.WebDriverException: invalid argument: File not found : C:\\Users\\Arcadier\\git\\Trillia\\Images\\Category\\5.png
  (Session info: chrome=78.0.3904.108)
  (Driver info: chromedriver=2.35.528161 (5b82f2d2aae0ca24b877009200ced9065a772e73),platform=Windows NT 6.1.7601 SP1 x86_64) (WARNING: The server did not provide any stacktrace information)
Command duration or timeout: 0 milliseconds
Build info: version: '3.7.1', revision: '8a0099a', time: '2017-11-06T21:07:36.161Z'
System info: host: 'APRIL-PC', ip: '10.10.31.51', os.name: 'Windows 7', os.arch: 'amd64', os.version: '6.1', java.version: '1.8.0_102'
Driver info: com.kms.katalon.selenium.driver.CChromeDriver
Capabilities {acceptInsecureCerts: false, acceptSslCerts: false, applicationCacheEnabled: false, browserConnectionEnabled: false, browserName: chrome, chrome: {chromedriverVersion: 2.35.528161 (5b82f2d2aae0ca..., userDataDir: C:\Users\April\AppData\Loca...}, cssSelectorsEnabled: true, databaseEnabled: false, handlesAlerts: true, hasTouchScreen: false, javascriptEnabled: true, locationContextEnabled: true, mobileEmulationEnabled: false, nativeEvents: true, networkConnectionEnabled: false, pageLoadStrategy: normal, platform: XP, platformName: XP, rotatable: false, setWindowRect: true, takesHeapSnapshot: true, takesScreenshot: true, unexpectedAlertBehaviour: , unhandledPromptBehavior: , version: 78.0.3904.108, webStorageEnabled: true}
Session ID: cfe3a530f1bc406e2ea68220d7af8649)"/>
         <system-out><![CDATA[2019-11-25 09:44:35 - [TEST_CASE][FAILED] - Test Cases/ADMIN/Content Mgmt/Categories/Category Add-Edit/Add Category: Test Cases/ADMIN/Content Mgmt/Categories/Category Add-Edit/Add Category FAILED because (of) Unable to upload file 'C:\\Users\\Arcadier\\git\\Trillia\\Images\\Category\\5.png' to object 'Object Repository/ADMIN/Categories/Category/image_input image' (Root cause: org.openqa.selenium.WebDriverException: invalid argument: File not found : C:\\Users\\Arcadier\\git\\Trillia\\Images\\Category\\5.png
  (Session info: chrome=78.0.3904.108)
  (Driver info: chromedriver=2.35.528161 (5b82f2d2aae0ca24b877009200ced9065a772e73),platform=Windows NT 6.1.7601 SP1 x86_64) (WARNING: The server did not provide any stacktrace information)
Command duration or timeout: 0 milliseconds
Build info: version: '3.7.1', revision: '8a0099a', time: '2017-11-06T21:07:36.161Z'
System info: host: 'APRIL-PC', ip: '10.10.31.51', os.name: 'Windows 7', os.arch: 'amd64', os.version: '6.1', java.version: '1.8.0_102'
Driver info: com.kms.katalon.selenium.driver.CChromeDriver
Capabilities {acceptInsecureCerts: false, acceptSslCerts: false, applicationCacheEnabled: false, browserConnectionEnabled: false, browserName: chrome, chrome: {chromedriverVersion: 2.35.528161 (5b82f2d2aae0ca..., userDataDir: C:\Users\April\AppData\Loca...}, cssSelectorsEnabled: true, databaseEnabled: false, handlesAlerts: true, hasTouchScreen: false, javascriptEnabled: true, locationContextEnabled: true, mobileEmulationEnabled: false, nativeEvents: true, networkConnectionEnabled: false, pageLoadStrategy: normal, platform: XP, platformName: XP, rotatable: false, setWindowRect: true, takesHeapSnapshot: true, takesScreenshot: true, unexpectedAlertBehaviour: , unhandledPromptBehavior: , version: 78.0.3904.108, webStorageEnabled: true}
Session ID: cfe3a530f1bc406e2ea68220d7af8649)

2019-11-25 09:44:35 - [TEST_STEP][PASSED] - waitForElementVisible: Object 'Object Repository/ADMIN/Categories/Category List/button_Content Mgmt' is visible

2019-11-25 09:44:35 - [MESSAGE][WARNING] - Timeout '0' is invalid. Using default page load timeout: '30'

2019-11-25 09:44:35 - [MESSAGE][PASSED] - Object 'Object Repository/ADMIN/Categories/Category List/button_Content Mgmt' is visible

2019-11-25 09:44:35 - [TEST_STEP][PASSED] - click: Object: 'Object Repository/ADMIN/Categories/Category List/button_Content Mgmt' is clicked on

2019-11-25 09:44:35 - [MESSAGE][PASSED] - Object: 'Object Repository/ADMIN/Categories/Category List/button_Content Mgmt' is clicked on

2019-11-25 09:44:35 - [TEST_STEP][PASSED] - waitForElementVisible: Object 'Object Repository/ADMIN/Categories/Category List/button_Categories' is visible

2019-11-25 09:44:35 - [MESSAGE][WARNING] - Timeout '0' is invalid. Using default page load timeout: '30'

2019-11-25 09:44:35 - [MESSAGE][PASSED] - Object 'Object Repository/ADMIN/Categories/Category List/button_Categories' is visible

2019-11-25 09:44:35 - [TEST_STEP][PASSED] - click: Object: 'Object Repository/ADMIN/Categories/Category List/button_Categories' is clicked on

2019-11-25 09:44:36 - [MESSAGE][PASSED] - Object: 'Object Repository/ADMIN/Categories/Category List/button_Categories' is clicked on

2019-11-25 09:44:36 - [TEST_STEP][PASSED] - click: Object: 'Object Repository/ADMIN/Categories/Category List/button_AddACategory' is clicked on

2019-11-25 09:44:36 - [MESSAGE][PASSED] - Object: 'Object Repository/ADMIN/Categories/Category List/button_AddACategory' is clicked on

2019-11-25 09:44:36 - [TEST_STEP][PASSED] - waitForElementPresent: Object 'Object Repository/ADMIN/Categories/Category/dropdown_Parent' is present

2019-11-25 09:44:36 - [MESSAGE][PASSED] - Object 'Object Repository/ADMIN/Categories/Category/dropdown_Parent' is present

2019-11-25 09:44:36 - [TEST_STEP][PASSED] - delay: Delayed 1 second(s)

2019-11-25 09:44:37 - [MESSAGE][PASSED] - Delayed 1 second(s)

2019-11-25 09:44:37 - [TEST_STEP][PASSED] - setText: Text 'Category 5.1.4' is set on object 'Object Repository/ADMIN/Categories/Category/textfield_Category Name'

2019-11-25 09:44:37 - [MESSAGE][PASSED] - Text 'Category 5.1.4' is set on object 'Object Repository/ADMIN/Categories/Category/textfield_Category Name'

2019-11-25 09:44:37 - [TEST_STEP][PASSED] - click: Object: 'Object Repository/ADMIN/Categories/Category/dropdown_Parent' is clicked on

2019-11-25 09:44:37 - [MESSAGE][PASSED] - Object: 'Object Repository/ADMIN/Categories/Category/dropdown_Parent' is clicked on

2019-11-25 09:44:37 - [TEST_STEP][PASSED] - delay: Delayed 2 second(s)

2019-11-25 09:44:39 - [MESSAGE][PASSED] - Delayed 2 second(s)

2019-11-25 09:44:39 - [TEST_STEP][PASSED] - click: Object: 'Object Repository/ADMIN/Categories/Category/dropdown_Parent' is clicked on

2019-11-25 09:44:39 - [MESSAGE][PASSED] - Object: 'Object Repository/ADMIN/Categories/Category/dropdown_Parent' is clicked on

2019-11-25 09:44:39 - [TEST_STEP][PASSED] - selectOptionByLabel: All options with label 'Category 5.1' are selected in object 'Object Repository/ADMIN/Categories/Category/dropdown_Parent' 

2019-11-25 09:44:39 - [MESSAGE][PASSED] - All options with label 'Category 5.1' are selected in object 'Object Repository/ADMIN/Categories/Category/dropdown_Parent' 

2019-11-25 09:44:39 - [TEST_STEP][PASSED] - click: Object: 'Object Repository/ADMIN/Categories/Category/button_Browse' is clicked on

2019-11-25 09:44:40 - [MESSAGE][PASSED] - Object: 'Object Repository/ADMIN/Categories/Category/button_Browse' is clicked on

2019-11-25 09:44:40 - [TEST_STEP][PASSED] - delay: Delayed 1 second(s)

2019-11-25 09:44:41 - [MESSAGE][PASSED] - Delayed 1 second(s)

2019-11-25 09:44:41 - [TEST_STEP][FAILED] - uploadFile: Unable to upload file 'C:\\Users\\Arcadier\\git\\Trillia\\Images\\Category\\5.png' to object 'Object Repository/ADMIN/Categories/Category/image_input image' (Root cause: org.openqa.selenium.WebDriverException: invalid argument: File not found : C:\\Users\\Arcadier\\git\\Trillia\\Images\\Category\\5.png
  (Session info: chrome=78.0.3904.108)
  (Driver info: chromedriver=2.35.528161 (5b82f2d2aae0ca24b877009200ced9065a772e73),platform=Windows NT 6.1.7601 SP1 x86_64) (WARNING: The server did not provide any stacktrace information)
Command duration or timeout: 0 milliseconds
Build info: version: '3.7.1', revision: '8a0099a', time: '2017-11-06T21:07:36.161Z'
System info: host: 'APRIL-PC', ip: '10.10.31.51', os.name: 'Windows 7', os.arch: 'amd64', os.version: '6.1', java.version: '1.8.0_102'
Driver info: com.kms.katalon.selenium.driver.CChromeDriver
Capabilities {acceptInsecureCerts: false, acceptSslCerts: false, applicationCacheEnabled: false, browserConnectionEnabled: false, browserName: chrome, chrome: {chromedriverVersion: 2.35.528161 (5b82f2d2aae0ca..., userDataDir: C:\Users\April\AppData\Loca...}, cssSelectorsEnabled: true, databaseEnabled: false, handlesAlerts: true, hasTouchScreen: false, javascriptEnabled: true, locationContextEnabled: true, mobileEmulationEnabled: false, nativeEvents: true, networkConnectionEnabled: false, pageLoadStrategy: normal, platform: XP, platformName: XP, rotatable: false, setWindowRect: true, takesHeapSnapshot: true, takesScreenshot: true, unexpectedAlertBehaviour: , unhandledPromptBehavior: , version: 78.0.3904.108, webStorageEnabled: true}
Session ID: cfe3a530f1bc406e2ea68220d7af8649)

2019-11-25 09:44:41 - [MESSAGE][FAILED] - Unable to upload file 'C:\\Users\\Arcadier\\git\\Trillia\\Images\\Category\\5.png' to object 'Object Repository/ADMIN/Categories/Category/image_input image' (Root cause: org.openqa.selenium.WebDriverException: invalid argument: File not found : C:\\Users\\Arcadier\\git\\Trillia\\Images\\Category\\5.png
  (Session info: chrome=78.0.3904.108)
  (Driver info: chromedriver=2.35.528161 (5b82f2d2aae0ca24b877009200ced9065a772e73),platform=Windows NT 6.1.7601 SP1 x86_64) (WARNING: The server did not provide any stacktrace information)
Command duration or timeout: 0 milliseconds
Build info: version: '3.7.1', revision: '8a0099a', time: '2017-11-06T21:07:36.161Z'
System info: host: 'APRIL-PC', ip: '10.10.31.51', os.name: 'Windows 7', os.arch: 'amd64', os.version: '6.1', java.version: '1.8.0_102'
Driver info: com.kms.katalon.selenium.driver.CChromeDriver
Capabilities {acceptInsecureCerts: false, acceptSslCerts: false, applicationCacheEnabled: false, browserConnectionEnabled: false, browserName: chrome, chrome: {chromedriverVersion: 2.35.528161 (5b82f2d2aae0ca..., userDataDir: C:\Users\April\AppData\Loca...}, cssSelectorsEnabled: true, databaseEnabled: false, handlesAlerts: true, hasTouchScreen: false, javascriptEnabled: true, locationContextEnabled: true, mobileEmulationEnabled: false, nativeEvents: true, networkConnectionEnabled: false, pageLoadStrategy: normal, platform: XP, platformName: XP, rotatable: false, setWindowRect: true, takesHeapSnapshot: true, takesScreenshot: true, unexpectedAlertBehaviour: , unhandledPromptBehavior: , version: 78.0.3904.108, webStorageEnabled: true}
Session ID: cfe3a530f1bc406e2ea68220d7af8649)
[[ATTACHMENT|C:\\Users\\April\\git\\Trillia\\Reports\\Admin\\Categories\\Add Category\\20191125_093242\\1574646281107.png]]

2019-11-25 09:44:41 - [TEST_STEP][PASSED] - waitForElementVisible: Object 'Object Repository/ADMIN/Categories/Category/button_upload check' is visible

2019-11-25 09:44:41 - [MESSAGE][WARNING] - Timeout '0' is invalid. Using default page load timeout: '30'

2019-11-25 09:44:43 - [MESSAGE][PASSED] - Object 'Object Repository/ADMIN/Categories/Category/button_upload check' is visible

2019-11-25 09:44:43 - [TEST_STEP][PASSED] - click: Object: 'Object Repository/ADMIN/Categories/Category/button_upload check' is clicked on

2019-11-25 09:44:43 - [MESSAGE][PASSED] - Object: 'Object Repository/ADMIN/Categories/Category/button_upload check' is clicked on

2019-11-25 09:44:43 - [TEST_STEP][PASSED] - waitForElementVisible: Object 'Object Repository/ADMIN/Categories/Category/button_upload save' is visible

2019-11-25 09:44:43 - [MESSAGE][WARNING] - Timeout '0' is invalid. Using default page load timeout: '30'

2019-11-25 09:44:43 - [MESSAGE][PASSED] - Object 'Object Repository/ADMIN/Categories/Category/button_upload save' is visible

2019-11-25 09:44:43 - [TEST_STEP][PASSED] - click: Object: 'Object Repository/ADMIN/Categories/Category/button_upload save' is clicked on

2019-11-25 09:44:43 - [MESSAGE][PASSED] - Object: 'Object Repository/ADMIN/Categories/Category/button_upload save' is clicked on

2019-11-25 09:44:43 - [TEST_STEP][PASSED] - delay: Delayed 1 second(s)

2019-11-25 09:44:44 - [MESSAGE][PASSED] - Delayed 1 second(s)

2019-11-25 09:44:44 - [TEST_STEP][PASSED] - setText: Text 'Description36' is set on object 'Object Repository/ADMIN/Categories/Category/textfield_category_description'

2019-11-25 09:44:44 - [MESSAGE][PASSED] - Text 'Description36' is set on object 'Object Repository/ADMIN/Categories/Category/textfield_category_description'

2019-11-25 09:44:44 - [TEST_STEP][PASSED] - click: Object: 'Object Repository/ADMIN/Categories/Category/button_Save' is clicked on

2019-11-25 09:44:44 - [MESSAGE][PASSED] - Object: 'Object Repository/ADMIN/Categories/Category/button_Save' is clicked on

2019-11-25 09:44:44 - [TEST_STEP][PASSED] - waitForElementVisible: Object 'Object Repository/ADMIN/Categories/Category/label_edit popup' is visible

2019-11-25 09:44:44 - [MESSAGE][WARNING] - Timeout '0' is invalid. Using default page load timeout: '30'

2019-11-25 09:44:45 - [MESSAGE][PASSED] - Object 'Object Repository/ADMIN/Categories/Category/label_edit popup' is visible

2019-11-25 09:44:45 - [TEST_STEP][PASSED] - waitForElementNotPresent: Web element with id: 'Object Repository/ADMIN/Categories/Category/label_edit popup' located by 'By.xpath: //div[(text() = 'Category was successfully saved.' or . = 'Category was successfully saved.')]' is not present after '30' second(s)

2019-11-25 09:44:45 - [MESSAGE][WARNING] - Timeout '0' is invalid. Using default page load timeout: '30'

2019-11-25 09:44:50 - [MESSAGE][PASSED] - Web element with id: 'Object Repository/ADMIN/Categories/Category/label_edit popup' located by 'By.xpath: //div[(text() = 'Category was successfully saved.' or . = 'Category was successfully saved.')]' is not present after '30' second(s)]]></system-out>
         <system-err><![CDATA[2019-11-25 09:44:35 - [TEST_CASE][FAILED] - Test Cases/ADMIN/Content Mgmt/Categories/Category Add-Edit/Add Category: Test Cases/ADMIN/Content Mgmt/Categories/Category Add-Edit/Add Category FAILED because (of) Unable to upload file 'C:\\Users\\Arcadier\\git\\Trillia\\Images\\Category\\5.png' to object 'Object Repository/ADMIN/Categories/Category/image_input image' (Root cause: org.openqa.selenium.WebDriverException: invalid argument: File not found : C:\\Users\\Arcadier\\git\\Trillia\\Images\\Category\\5.png
  (Session info: chrome=78.0.3904.108)
  (Driver info: chromedriver=2.35.528161 (5b82f2d2aae0ca24b877009200ced9065a772e73),platform=Windows NT 6.1.7601 SP1 x86_64) (WARNING: The server did not provide any stacktrace information)
Command duration or timeout: 0 milliseconds
Build info: version: '3.7.1', revision: '8a0099a', time: '2017-11-06T21:07:36.161Z'
System info: host: 'APRIL-PC', ip: '10.10.31.51', os.name: 'Windows 7', os.arch: 'amd64', os.version: '6.1', java.version: '1.8.0_102'
Driver info: com.kms.katalon.selenium.driver.CChromeDriver
Capabilities {acceptInsecureCerts: false, acceptSslCerts: false, applicationCacheEnabled: false, browserConnectionEnabled: false, browserName: chrome, chrome: {chromedriverVersion: 2.35.528161 (5b82f2d2aae0ca..., userDataDir: C:\Users\April\AppData\Loca...}, cssSelectorsEnabled: true, databaseEnabled: false, handlesAlerts: true, hasTouchScreen: false, javascriptEnabled: true, locationContextEnabled: true, mobileEmulationEnabled: false, nativeEvents: true, networkConnectionEnabled: false, pageLoadStrategy: normal, platform: XP, platformName: XP, rotatable: false, setWindowRect: true, takesHeapSnapshot: true, takesScreenshot: true, unexpectedAlertBehaviour: , unhandledPromptBehavior: , version: 78.0.3904.108, webStorageEnabled: true}
Session ID: cfe3a530f1bc406e2ea68220d7af8649)]]></system-err>
      </testcase>
      <testcase name="Test Cases/ADMIN/Content Mgmt/Categories/Category Add-Edit/Add Category" classname="Test Cases/ADMIN/Content Mgmt/Categories/Category Add-Edit/Add Category" status="FAILED">
         <failure type="FAILED" message="Unable to upload file 'C:\\Users\\Arcadier\\git\\Trillia\\Images\\Category\\5.png' to object 'Object Repository/ADMIN/Categories/Category/image_input image' (Root cause: org.openqa.selenium.WebDriverException: invalid argument: File not found : C:\\Users\\Arcadier\\git\\Trillia\\Images\\Category\\5.png
  (Session info: chrome=78.0.3904.108)
  (Driver info: chromedriver=2.35.528161 (5b82f2d2aae0ca24b877009200ced9065a772e73),platform=Windows NT 6.1.7601 SP1 x86_64) (WARNING: The server did not provide any stacktrace information)
Command duration or timeout: 0 milliseconds
Build info: version: '3.7.1', revision: '8a0099a', time: '2017-11-06T21:07:36.161Z'
System info: host: 'APRIL-PC', ip: '10.10.31.51', os.name: 'Windows 7', os.arch: 'amd64', os.version: '6.1', java.version: '1.8.0_102'
Driver info: com.kms.katalon.selenium.driver.CChromeDriver
Capabilities {acceptInsecureCerts: false, acceptSslCerts: false, applicationCacheEnabled: false, browserConnectionEnabled: false, browserName: chrome, chrome: {chromedriverVersion: 2.35.528161 (5b82f2d2aae0ca..., userDataDir: C:\Users\April\AppData\Loca...}, cssSelectorsEnabled: true, databaseEnabled: false, handlesAlerts: true, hasTouchScreen: false, javascriptEnabled: true, locationContextEnabled: true, mobileEmulationEnabled: false, nativeEvents: true, networkConnectionEnabled: false, pageLoadStrategy: normal, platform: XP, platformName: XP, rotatable: false, setWindowRect: true, takesHeapSnapshot: true, takesScreenshot: true, unexpectedAlertBehaviour: , unhandledPromptBehavior: , version: 78.0.3904.108, webStorageEnabled: true}
Session ID: cfe3a530f1bc406e2ea68220d7af8649)"/>
         <system-out><![CDATA[2019-11-25 09:44:50 - [TEST_CASE][FAILED] - Test Cases/ADMIN/Content Mgmt/Categories/Category Add-Edit/Add Category: Test Cases/ADMIN/Content Mgmt/Categories/Category Add-Edit/Add Category FAILED because (of) Unable to upload file 'C:\\Users\\Arcadier\\git\\Trillia\\Images\\Category\\5.png' to object 'Object Repository/ADMIN/Categories/Category/image_input image' (Root cause: org.openqa.selenium.WebDriverException: invalid argument: File not found : C:\\Users\\Arcadier\\git\\Trillia\\Images\\Category\\5.png
  (Session info: chrome=78.0.3904.108)
  (Driver info: chromedriver=2.35.528161 (5b82f2d2aae0ca24b877009200ced9065a772e73),platform=Windows NT 6.1.7601 SP1 x86_64) (WARNING: The server did not provide any stacktrace information)
Command duration or timeout: 0 milliseconds
Build info: version: '3.7.1', revision: '8a0099a', time: '2017-11-06T21:07:36.161Z'
System info: host: 'APRIL-PC', ip: '10.10.31.51', os.name: 'Windows 7', os.arch: 'amd64', os.version: '6.1', java.version: '1.8.0_102'
Driver info: com.kms.katalon.selenium.driver.CChromeDriver
Capabilities {acceptInsecureCerts: false, acceptSslCerts: false, applicationCacheEnabled: false, browserConnectionEnabled: false, browserName: chrome, chrome: {chromedriverVersion: 2.35.528161 (5b82f2d2aae0ca..., userDataDir: C:\Users\April\AppData\Loca...}, cssSelectorsEnabled: true, databaseEnabled: false, handlesAlerts: true, hasTouchScreen: false, javascriptEnabled: true, locationContextEnabled: true, mobileEmulationEnabled: false, nativeEvents: true, networkConnectionEnabled: false, pageLoadStrategy: normal, platform: XP, platformName: XP, rotatable: false, setWindowRect: true, takesHeapSnapshot: true, takesScreenshot: true, unexpectedAlertBehaviour: , unhandledPromptBehavior: , version: 78.0.3904.108, webStorageEnabled: true}
Session ID: cfe3a530f1bc406e2ea68220d7af8649)

2019-11-25 09:44:50 - [TEST_STEP][PASSED] - waitForElementVisible: Object 'Object Repository/ADMIN/Categories/Category List/button_Content Mgmt' is visible

2019-11-25 09:44:50 - [MESSAGE][WARNING] - Timeout '0' is invalid. Using default page load timeout: '30'

2019-11-25 09:44:50 - [MESSAGE][PASSED] - Object 'Object Repository/ADMIN/Categories/Category List/button_Content Mgmt' is visible

2019-11-25 09:44:50 - [TEST_STEP][PASSED] - click: Object: 'Object Repository/ADMIN/Categories/Category List/button_Content Mgmt' is clicked on

2019-11-25 09:44:50 - [MESSAGE][PASSED] - Object: 'Object Repository/ADMIN/Categories/Category List/button_Content Mgmt' is clicked on

2019-11-25 09:44:50 - [TEST_STEP][PASSED] - waitForElementVisible: Object 'Object Repository/ADMIN/Categories/Category List/button_Categories' is visible

2019-11-25 09:44:50 - [MESSAGE][WARNING] - Timeout '0' is invalid. Using default page load timeout: '30'

2019-11-25 09:44:50 - [MESSAGE][PASSED] - Object 'Object Repository/ADMIN/Categories/Category List/button_Categories' is visible

2019-11-25 09:44:51 - [TEST_STEP][PASSED] - click: Object: 'Object Repository/ADMIN/Categories/Category List/button_Categories' is clicked on

2019-11-25 09:44:51 - [MESSAGE][PASSED] - Object: 'Object Repository/ADMIN/Categories/Category List/button_Categories' is clicked on

2019-11-25 09:44:51 - [TEST_STEP][PASSED] - click: Object: 'Object Repository/ADMIN/Categories/Category List/button_AddACategory' is clicked on

2019-11-25 09:44:51 - [MESSAGE][PASSED] - Object: 'Object Repository/ADMIN/Categories/Category List/button_AddACategory' is clicked on

2019-11-25 09:44:51 - [TEST_STEP][PASSED] - waitForElementPresent: Object 'Object Repository/ADMIN/Categories/Category/dropdown_Parent' is present

2019-11-25 09:44:52 - [MESSAGE][PASSED] - Object 'Object Repository/ADMIN/Categories/Category/dropdown_Parent' is present

2019-11-25 09:44:52 - [TEST_STEP][PASSED] - delay: Delayed 1 second(s)

2019-11-25 09:44:53 - [MESSAGE][PASSED] - Delayed 1 second(s)

2019-11-25 09:44:53 - [TEST_STEP][PASSED] - setText: Text 'Category 5.1.5' is set on object 'Object Repository/ADMIN/Categories/Category/textfield_Category Name'

2019-11-25 09:44:53 - [MESSAGE][PASSED] - Text 'Category 5.1.5' is set on object 'Object Repository/ADMIN/Categories/Category/textfield_Category Name'

2019-11-25 09:44:53 - [TEST_STEP][PASSED] - click: Object: 'Object Repository/ADMIN/Categories/Category/dropdown_Parent' is clicked on

2019-11-25 09:44:53 - [MESSAGE][PASSED] - Object: 'Object Repository/ADMIN/Categories/Category/dropdown_Parent' is clicked on

2019-11-25 09:44:53 - [TEST_STEP][PASSED] - delay: Delayed 2 second(s)

2019-11-25 09:44:55 - [MESSAGE][PASSED] - Delayed 2 second(s)

2019-11-25 09:44:55 - [TEST_STEP][PASSED] - click: Object: 'Object Repository/ADMIN/Categories/Category/dropdown_Parent' is clicked on

2019-11-25 09:44:55 - [MESSAGE][PASSED] - Object: 'Object Repository/ADMIN/Categories/Category/dropdown_Parent' is clicked on

2019-11-25 09:44:55 - [TEST_STEP][PASSED] - selectOptionByLabel: All options with label 'Category 5.1' are selected in object 'Object Repository/ADMIN/Categories/Category/dropdown_Parent' 

2019-11-25 09:44:55 - [MESSAGE][PASSED] - All options with label 'Category 5.1' are selected in object 'Object Repository/ADMIN/Categories/Category/dropdown_Parent' 

2019-11-25 09:44:55 - [TEST_STEP][PASSED] - click: Object: 'Object Repository/ADMIN/Categories/Category/button_Browse' is clicked on

2019-11-25 09:44:55 - [MESSAGE][PASSED] - Object: 'Object Repository/ADMIN/Categories/Category/button_Browse' is clicked on

2019-11-25 09:44:55 - [TEST_STEP][PASSED] - delay: Delayed 1 second(s)

2019-11-25 09:44:56 - [MESSAGE][PASSED] - Delayed 1 second(s)

2019-11-25 09:44:56 - [TEST_STEP][FAILED] - uploadFile: Unable to upload file 'C:\\Users\\Arcadier\\git\\Trillia\\Images\\Category\\5.png' to object 'Object Repository/ADMIN/Categories/Category/image_input image' (Root cause: org.openqa.selenium.WebDriverException: invalid argument: File not found : C:\\Users\\Arcadier\\git\\Trillia\\Images\\Category\\5.png
  (Session info: chrome=78.0.3904.108)
  (Driver info: chromedriver=2.35.528161 (5b82f2d2aae0ca24b877009200ced9065a772e73),platform=Windows NT 6.1.7601 SP1 x86_64) (WARNING: The server did not provide any stacktrace information)
Command duration or timeout: 0 milliseconds
Build info: version: '3.7.1', revision: '8a0099a', time: '2017-11-06T21:07:36.161Z'
System info: host: 'APRIL-PC', ip: '10.10.31.51', os.name: 'Windows 7', os.arch: 'amd64', os.version: '6.1', java.version: '1.8.0_102'
Driver info: com.kms.katalon.selenium.driver.CChromeDriver
Capabilities {acceptInsecureCerts: false, acceptSslCerts: false, applicationCacheEnabled: false, browserConnectionEnabled: false, browserName: chrome, chrome: {chromedriverVersion: 2.35.528161 (5b82f2d2aae0ca..., userDataDir: C:\Users\April\AppData\Loca...}, cssSelectorsEnabled: true, databaseEnabled: false, handlesAlerts: true, hasTouchScreen: false, javascriptEnabled: true, locationContextEnabled: true, mobileEmulationEnabled: false, nativeEvents: true, networkConnectionEnabled: false, pageLoadStrategy: normal, platform: XP, platformName: XP, rotatable: false, setWindowRect: true, takesHeapSnapshot: true, takesScreenshot: true, unexpectedAlertBehaviour: , unhandledPromptBehavior: , version: 78.0.3904.108, webStorageEnabled: true}
Session ID: cfe3a530f1bc406e2ea68220d7af8649)

2019-11-25 09:44:56 - [MESSAGE][FAILED] - Unable to upload file 'C:\\Users\\Arcadier\\git\\Trillia\\Images\\Category\\5.png' to object 'Object Repository/ADMIN/Categories/Category/image_input image' (Root cause: org.openqa.selenium.WebDriverException: invalid argument: File not found : C:\\Users\\Arcadier\\git\\Trillia\\Images\\Category\\5.png
  (Session info: chrome=78.0.3904.108)
  (Driver info: chromedriver=2.35.528161 (5b82f2d2aae0ca24b877009200ced9065a772e73),platform=Windows NT 6.1.7601 SP1 x86_64) (WARNING: The server did not provide any stacktrace information)
Command duration or timeout: 0 milliseconds
Build info: version: '3.7.1', revision: '8a0099a', time: '2017-11-06T21:07:36.161Z'
System info: host: 'APRIL-PC', ip: '10.10.31.51', os.name: 'Windows 7', os.arch: 'amd64', os.version: '6.1', java.version: '1.8.0_102'
Driver info: com.kms.katalon.selenium.driver.CChromeDriver
Capabilities {acceptInsecureCerts: false, acceptSslCerts: false, applicationCacheEnabled: false, browserConnectionEnabled: false, browserName: chrome, chrome: {chromedriverVersion: 2.35.528161 (5b82f2d2aae0ca..., userDataDir: C:\Users\April\AppData\Loca...}, cssSelectorsEnabled: true, databaseEnabled: false, handlesAlerts: true, hasTouchScreen: false, javascriptEnabled: true, locationContextEnabled: true, mobileEmulationEnabled: false, nativeEvents: true, networkConnectionEnabled: false, pageLoadStrategy: normal, platform: XP, platformName: XP, rotatable: false, setWindowRect: true, takesHeapSnapshot: true, takesScreenshot: true, unexpectedAlertBehaviour: , unhandledPromptBehavior: , version: 78.0.3904.108, webStorageEnabled: true}
Session ID: cfe3a530f1bc406e2ea68220d7af8649)
[[ATTACHMENT|C:\\Users\\April\\git\\Trillia\\Reports\\Admin\\Categories\\Add Category\\20191125_093242\\1574646296459.png]]

2019-11-25 09:44:56 - [TEST_STEP][PASSED] - waitForElementVisible: Object 'Object Repository/ADMIN/Categories/Category/button_upload check' is visible

2019-11-25 09:44:56 - [MESSAGE][WARNING] - Timeout '0' is invalid. Using default page load timeout: '30'

2019-11-25 09:44:58 - [MESSAGE][PASSED] - Object 'Object Repository/ADMIN/Categories/Category/button_upload check' is visible

2019-11-25 09:44:58 - [TEST_STEP][PASSED] - click: Object: 'Object Repository/ADMIN/Categories/Category/button_upload check' is clicked on

2019-11-25 09:44:58 - [MESSAGE][PASSED] - Object: 'Object Repository/ADMIN/Categories/Category/button_upload check' is clicked on

2019-11-25 09:44:58 - [TEST_STEP][PASSED] - waitForElementVisible: Object 'Object Repository/ADMIN/Categories/Category/button_upload save' is visible

2019-11-25 09:44:58 - [MESSAGE][WARNING] - Timeout '0' is invalid. Using default page load timeout: '30'

2019-11-25 09:44:58 - [MESSAGE][PASSED] - Object 'Object Repository/ADMIN/Categories/Category/button_upload save' is visible

2019-11-25 09:44:58 - [TEST_STEP][PASSED] - click: Object: 'Object Repository/ADMIN/Categories/Category/button_upload save' is clicked on

2019-11-25 09:44:58 - [MESSAGE][PASSED] - Object: 'Object Repository/ADMIN/Categories/Category/button_upload save' is clicked on

2019-11-25 09:44:58 - [TEST_STEP][PASSED] - delay: Delayed 1 second(s)

2019-11-25 09:44:59 - [MESSAGE][PASSED] - Delayed 1 second(s)

2019-11-25 09:44:59 - [TEST_STEP][PASSED] - setText: Text 'Description37' is set on object 'Object Repository/ADMIN/Categories/Category/textfield_category_description'

2019-11-25 09:44:59 - [MESSAGE][PASSED] - Text 'Description37' is set on object 'Object Repository/ADMIN/Categories/Category/textfield_category_description'

2019-11-25 09:44:59 - [TEST_STEP][PASSED] - click: Object: 'Object Repository/ADMIN/Categories/Category/button_Save' is clicked on

2019-11-25 09:44:59 - [MESSAGE][PASSED] - Object: 'Object Repository/ADMIN/Categories/Category/button_Save' is clicked on

2019-11-25 09:44:59 - [TEST_STEP][PASSED] - waitForElementVisible: Object 'Object Repository/ADMIN/Categories/Category/label_edit popup' is visible

2019-11-25 09:44:59 - [MESSAGE][WARNING] - Timeout '0' is invalid. Using default page load timeout: '30'

2019-11-25 09:45:00 - [MESSAGE][PASSED] - Object 'Object Repository/ADMIN/Categories/Category/label_edit popup' is visible

2019-11-25 09:45:00 - [TEST_STEP][PASSED] - waitForElementNotPresent: Web element with id: 'Object Repository/ADMIN/Categories/Category/label_edit popup' located by 'By.xpath: //div[(text() = 'Category was successfully saved.' or . = 'Category was successfully saved.')]' is not present after '30' second(s)

2019-11-25 09:45:00 - [MESSAGE][WARNING] - Timeout '0' is invalid. Using default page load timeout: '30'

2019-11-25 09:45:06 - [MESSAGE][PASSED] - Web element with id: 'Object Repository/ADMIN/Categories/Category/label_edit popup' located by 'By.xpath: //div[(text() = 'Category was successfully saved.' or . = 'Category was successfully saved.')]' is not present after '30' second(s)]]></system-out>
         <system-err><![CDATA[2019-11-25 09:44:50 - [TEST_CASE][FAILED] - Test Cases/ADMIN/Content Mgmt/Categories/Category Add-Edit/Add Category: Test Cases/ADMIN/Content Mgmt/Categories/Category Add-Edit/Add Category FAILED because (of) Unable to upload file 'C:\\Users\\Arcadier\\git\\Trillia\\Images\\Category\\5.png' to object 'Object Repository/ADMIN/Categories/Category/image_input image' (Root cause: org.openqa.selenium.WebDriverException: invalid argument: File not found : C:\\Users\\Arcadier\\git\\Trillia\\Images\\Category\\5.png
  (Session info: chrome=78.0.3904.108)
  (Driver info: chromedriver=2.35.528161 (5b82f2d2aae0ca24b877009200ced9065a772e73),platform=Windows NT 6.1.7601 SP1 x86_64) (WARNING: The server did not provide any stacktrace information)
Command duration or timeout: 0 milliseconds
Build info: version: '3.7.1', revision: '8a0099a', time: '2017-11-06T21:07:36.161Z'
System info: host: 'APRIL-PC', ip: '10.10.31.51', os.name: 'Windows 7', os.arch: 'amd64', os.version: '6.1', java.version: '1.8.0_102'
Driver info: com.kms.katalon.selenium.driver.CChromeDriver
Capabilities {acceptInsecureCerts: false, acceptSslCerts: false, applicationCacheEnabled: false, browserConnectionEnabled: false, browserName: chrome, chrome: {chromedriverVersion: 2.35.528161 (5b82f2d2aae0ca..., userDataDir: C:\Users\April\AppData\Loca...}, cssSelectorsEnabled: true, databaseEnabled: false, handlesAlerts: true, hasTouchScreen: false, javascriptEnabled: true, locationContextEnabled: true, mobileEmulationEnabled: false, nativeEvents: true, networkConnectionEnabled: false, pageLoadStrategy: normal, platform: XP, platformName: XP, rotatable: false, setWindowRect: true, takesHeapSnapshot: true, takesScreenshot: true, unexpectedAlertBehaviour: , unhandledPromptBehavior: , version: 78.0.3904.108, webStorageEnabled: true}
Session ID: cfe3a530f1bc406e2ea68220d7af8649)]]></system-err>
      </testcase>
      <testcase name="Test Cases/ADMIN/Content Mgmt/Categories/Category Add-Edit/Add Category" classname="Test Cases/ADMIN/Content Mgmt/Categories/Category Add-Edit/Add Category" status="FAILED">
         <failure type="FAILED" message="Unable to upload file 'C:\\Users\\Arcadier\\git\\Trillia\\Images\\Category\\5.png' to object 'Object Repository/ADMIN/Categories/Category/image_input image' (Root cause: org.openqa.selenium.WebDriverException: invalid argument: File not found : C:\\Users\\Arcadier\\git\\Trillia\\Images\\Category\\5.png
  (Session info: chrome=78.0.3904.108)
  (Driver info: chromedriver=2.35.528161 (5b82f2d2aae0ca24b877009200ced9065a772e73),platform=Windows NT 6.1.7601 SP1 x86_64) (WARNING: The server did not provide any stacktrace information)
Command duration or timeout: 0 milliseconds
Build info: version: '3.7.1', revision: '8a0099a', time: '2017-11-06T21:07:36.161Z'
System info: host: 'APRIL-PC', ip: '10.10.31.51', os.name: 'Windows 7', os.arch: 'amd64', os.version: '6.1', java.version: '1.8.0_102'
Driver info: com.kms.katalon.selenium.driver.CChromeDriver
Capabilities {acceptInsecureCerts: false, acceptSslCerts: false, applicationCacheEnabled: false, browserConnectionEnabled: false, browserName: chrome, chrome: {chromedriverVersion: 2.35.528161 (5b82f2d2aae0ca..., userDataDir: C:\Users\April\AppData\Loca...}, cssSelectorsEnabled: true, databaseEnabled: false, handlesAlerts: true, hasTouchScreen: false, javascriptEnabled: true, locationContextEnabled: true, mobileEmulationEnabled: false, nativeEvents: true, networkConnectionEnabled: false, pageLoadStrategy: normal, platform: XP, platformName: XP, rotatable: false, setWindowRect: true, takesHeapSnapshot: true, takesScreenshot: true, unexpectedAlertBehaviour: , unhandledPromptBehavior: , version: 78.0.3904.108, webStorageEnabled: true}
Session ID: cfe3a530f1bc406e2ea68220d7af8649)"/>
         <system-out><![CDATA[2019-11-25 09:45:06 - [TEST_CASE][FAILED] - Test Cases/ADMIN/Content Mgmt/Categories/Category Add-Edit/Add Category: Test Cases/ADMIN/Content Mgmt/Categories/Category Add-Edit/Add Category FAILED because (of) Unable to upload file 'C:\\Users\\Arcadier\\git\\Trillia\\Images\\Category\\5.png' to object 'Object Repository/ADMIN/Categories/Category/image_input image' (Root cause: org.openqa.selenium.WebDriverException: invalid argument: File not found : C:\\Users\\Arcadier\\git\\Trillia\\Images\\Category\\5.png
  (Session info: chrome=78.0.3904.108)
  (Driver info: chromedriver=2.35.528161 (5b82f2d2aae0ca24b877009200ced9065a772e73),platform=Windows NT 6.1.7601 SP1 x86_64) (WARNING: The server did not provide any stacktrace information)
Command duration or timeout: 0 milliseconds
Build info: version: '3.7.1', revision: '8a0099a', time: '2017-11-06T21:07:36.161Z'
System info: host: 'APRIL-PC', ip: '10.10.31.51', os.name: 'Windows 7', os.arch: 'amd64', os.version: '6.1', java.version: '1.8.0_102'
Driver info: com.kms.katalon.selenium.driver.CChromeDriver
Capabilities {acceptInsecureCerts: false, acceptSslCerts: false, applicationCacheEnabled: false, browserConnectionEnabled: false, browserName: chrome, chrome: {chromedriverVersion: 2.35.528161 (5b82f2d2aae0ca..., userDataDir: C:\Users\April\AppData\Loca...}, cssSelectorsEnabled: true, databaseEnabled: false, handlesAlerts: true, hasTouchScreen: false, javascriptEnabled: true, locationContextEnabled: true, mobileEmulationEnabled: false, nativeEvents: true, networkConnectionEnabled: false, pageLoadStrategy: normal, platform: XP, platformName: XP, rotatable: false, setWindowRect: true, takesHeapSnapshot: true, takesScreenshot: true, unexpectedAlertBehaviour: , unhandledPromptBehavior: , version: 78.0.3904.108, webStorageEnabled: true}
Session ID: cfe3a530f1bc406e2ea68220d7af8649)

2019-11-25 09:45:06 - [TEST_STEP][PASSED] - waitForElementVisible: Object 'Object Repository/ADMIN/Categories/Category List/button_Content Mgmt' is visible

2019-11-25 09:45:06 - [MESSAGE][WARNING] - Timeout '0' is invalid. Using default page load timeout: '30'

2019-11-25 09:45:06 - [MESSAGE][PASSED] - Object 'Object Repository/ADMIN/Categories/Category List/button_Content Mgmt' is visible

2019-11-25 09:45:06 - [TEST_STEP][PASSED] - click: Object: 'Object Repository/ADMIN/Categories/Category List/button_Content Mgmt' is clicked on

2019-11-25 09:45:06 - [MESSAGE][PASSED] - Object: 'Object Repository/ADMIN/Categories/Category List/button_Content Mgmt' is clicked on

2019-11-25 09:45:06 - [TEST_STEP][PASSED] - waitForElementVisible: Object 'Object Repository/ADMIN/Categories/Category List/button_Categories' is visible

2019-11-25 09:45:06 - [MESSAGE][WARNING] - Timeout '0' is invalid. Using default page load timeout: '30'

2019-11-25 09:45:06 - [MESSAGE][PASSED] - Object 'Object Repository/ADMIN/Categories/Category List/button_Categories' is visible

2019-11-25 09:45:06 - [TEST_STEP][PASSED] - click: Object: 'Object Repository/ADMIN/Categories/Category List/button_Categories' is clicked on

2019-11-25 09:45:07 - [MESSAGE][PASSED] - Object: 'Object Repository/ADMIN/Categories/Category List/button_Categories' is clicked on

2019-11-25 09:45:07 - [TEST_STEP][PASSED] - click: Object: 'Object Repository/ADMIN/Categories/Category List/button_AddACategory' is clicked on

2019-11-25 09:45:07 - [MESSAGE][PASSED] - Object: 'Object Repository/ADMIN/Categories/Category List/button_AddACategory' is clicked on

2019-11-25 09:45:07 - [TEST_STEP][PASSED] - waitForElementPresent: Object 'Object Repository/ADMIN/Categories/Category/dropdown_Parent' is present

2019-11-25 09:45:07 - [MESSAGE][PASSED] - Object 'Object Repository/ADMIN/Categories/Category/dropdown_Parent' is present

2019-11-25 09:45:07 - [TEST_STEP][PASSED] - delay: Delayed 1 second(s)

2019-11-25 09:45:08 - [MESSAGE][PASSED] - Delayed 1 second(s)

2019-11-25 09:45:08 - [TEST_STEP][PASSED] - setText: Text 'Category 5.1.6' is set on object 'Object Repository/ADMIN/Categories/Category/textfield_Category Name'

2019-11-25 09:45:08 - [MESSAGE][PASSED] - Text 'Category 5.1.6' is set on object 'Object Repository/ADMIN/Categories/Category/textfield_Category Name'

2019-11-25 09:45:08 - [TEST_STEP][PASSED] - click: Object: 'Object Repository/ADMIN/Categories/Category/dropdown_Parent' is clicked on

2019-11-25 09:45:08 - [MESSAGE][PASSED] - Object: 'Object Repository/ADMIN/Categories/Category/dropdown_Parent' is clicked on

2019-11-25 09:45:08 - [TEST_STEP][PASSED] - delay: Delayed 2 second(s)

2019-11-25 09:45:10 - [MESSAGE][PASSED] - Delayed 2 second(s)

2019-11-25 09:45:10 - [TEST_STEP][PASSED] - click: Object: 'Object Repository/ADMIN/Categories/Category/dropdown_Parent' is clicked on

2019-11-25 09:45:10 - [MESSAGE][PASSED] - Object: 'Object Repository/ADMIN/Categories/Category/dropdown_Parent' is clicked on

2019-11-25 09:45:10 - [TEST_STEP][PASSED] - selectOptionByLabel: All options with label 'Category 5.1' are selected in object 'Object Repository/ADMIN/Categories/Category/dropdown_Parent' 

2019-11-25 09:45:10 - [MESSAGE][PASSED] - All options with label 'Category 5.1' are selected in object 'Object Repository/ADMIN/Categories/Category/dropdown_Parent' 

2019-11-25 09:45:10 - [TEST_STEP][PASSED] - click: Object: 'Object Repository/ADMIN/Categories/Category/button_Browse' is clicked on

2019-11-25 09:45:11 - [MESSAGE][PASSED] - Object: 'Object Repository/ADMIN/Categories/Category/button_Browse' is clicked on

2019-11-25 09:45:11 - [TEST_STEP][PASSED] - delay: Delayed 1 second(s)

2019-11-25 09:45:12 - [MESSAGE][PASSED] - Delayed 1 second(s)

2019-11-25 09:45:12 - [TEST_STEP][FAILED] - uploadFile: Unable to upload file 'C:\\Users\\Arcadier\\git\\Trillia\\Images\\Category\\5.png' to object 'Object Repository/ADMIN/Categories/Category/image_input image' (Root cause: org.openqa.selenium.WebDriverException: invalid argument: File not found : C:\\Users\\Arcadier\\git\\Trillia\\Images\\Category\\5.png
  (Session info: chrome=78.0.3904.108)
  (Driver info: chromedriver=2.35.528161 (5b82f2d2aae0ca24b877009200ced9065a772e73),platform=Windows NT 6.1.7601 SP1 x86_64) (WARNING: The server did not provide any stacktrace information)
Command duration or timeout: 0 milliseconds
Build info: version: '3.7.1', revision: '8a0099a', time: '2017-11-06T21:07:36.161Z'
System info: host: 'APRIL-PC', ip: '10.10.31.51', os.name: 'Windows 7', os.arch: 'amd64', os.version: '6.1', java.version: '1.8.0_102'
Driver info: com.kms.katalon.selenium.driver.CChromeDriver
Capabilities {acceptInsecureCerts: false, acceptSslCerts: false, applicationCacheEnabled: false, browserConnectionEnabled: false, browserName: chrome, chrome: {chromedriverVersion: 2.35.528161 (5b82f2d2aae0ca..., userDataDir: C:\Users\April\AppData\Loca...}, cssSelectorsEnabled: true, databaseEnabled: false, handlesAlerts: true, hasTouchScreen: false, javascriptEnabled: true, locationContextEnabled: true, mobileEmulationEnabled: false, nativeEvents: true, networkConnectionEnabled: false, pageLoadStrategy: normal, platform: XP, platformName: XP, rotatable: false, setWindowRect: true, takesHeapSnapshot: true, takesScreenshot: true, unexpectedAlertBehaviour: , unhandledPromptBehavior: , version: 78.0.3904.108, webStorageEnabled: true}
Session ID: cfe3a530f1bc406e2ea68220d7af8649)

2019-11-25 09:45:12 - [MESSAGE][FAILED] - Unable to upload file 'C:\\Users\\Arcadier\\git\\Trillia\\Images\\Category\\5.png' to object 'Object Repository/ADMIN/Categories/Category/image_input image' (Root cause: org.openqa.selenium.WebDriverException: invalid argument: File not found : C:\\Users\\Arcadier\\git\\Trillia\\Images\\Category\\5.png
  (Session info: chrome=78.0.3904.108)
  (Driver info: chromedriver=2.35.528161 (5b82f2d2aae0ca24b877009200ced9065a772e73),platform=Windows NT 6.1.7601 SP1 x86_64) (WARNING: The server did not provide any stacktrace information)
Command duration or timeout: 0 milliseconds
Build info: version: '3.7.1', revision: '8a0099a', time: '2017-11-06T21:07:36.161Z'
System info: host: 'APRIL-PC', ip: '10.10.31.51', os.name: 'Windows 7', os.arch: 'amd64', os.version: '6.1', java.version: '1.8.0_102'
Driver info: com.kms.katalon.selenium.driver.CChromeDriver
Capabilities {acceptInsecureCerts: false, acceptSslCerts: false, applicationCacheEnabled: false, browserConnectionEnabled: false, browserName: chrome, chrome: {chromedriverVersion: 2.35.528161 (5b82f2d2aae0ca..., userDataDir: C:\Users\April\AppData\Loca...}, cssSelectorsEnabled: true, databaseEnabled: false, handlesAlerts: true, hasTouchScreen: false, javascriptEnabled: true, locationContextEnabled: true, mobileEmulationEnabled: false, nativeEvents: true, networkConnectionEnabled: false, pageLoadStrategy: normal, platform: XP, platformName: XP, rotatable: false, setWindowRect: true, takesHeapSnapshot: true, takesScreenshot: true, unexpectedAlertBehaviour: , unhandledPromptBehavior: , version: 78.0.3904.108, webStorageEnabled: true}
Session ID: cfe3a530f1bc406e2ea68220d7af8649)
[[ATTACHMENT|C:\\Users\\April\\git\\Trillia\\Reports\\Admin\\Categories\\Add Category\\20191125_093242\\1574646312078.png]]

2019-11-25 09:45:12 - [TEST_STEP][PASSED] - waitForElementVisible: Object 'Object Repository/ADMIN/Categories/Category/button_upload check' is visible

2019-11-25 09:45:12 - [MESSAGE][WARNING] - Timeout '0' is invalid. Using default page load timeout: '30'

2019-11-25 09:45:14 - [MESSAGE][PASSED] - Object 'Object Repository/ADMIN/Categories/Category/button_upload check' is visible

2019-11-25 09:45:14 - [TEST_STEP][PASSED] - click: Object: 'Object Repository/ADMIN/Categories/Category/button_upload check' is clicked on

2019-11-25 09:45:14 - [MESSAGE][PASSED] - Object: 'Object Repository/ADMIN/Categories/Category/button_upload check' is clicked on

2019-11-25 09:45:14 - [TEST_STEP][PASSED] - waitForElementVisible: Object 'Object Repository/ADMIN/Categories/Category/button_upload save' is visible

2019-11-25 09:45:14 - [MESSAGE][WARNING] - Timeout '0' is invalid. Using default page load timeout: '30'

2019-11-25 09:45:14 - [MESSAGE][PASSED] - Object 'Object Repository/ADMIN/Categories/Category/button_upload save' is visible

2019-11-25 09:45:14 - [TEST_STEP][PASSED] - click: Object: 'Object Repository/ADMIN/Categories/Category/button_upload save' is clicked on

2019-11-25 09:45:14 - [MESSAGE][PASSED] - Object: 'Object Repository/ADMIN/Categories/Category/button_upload save' is clicked on

2019-11-25 09:45:14 - [TEST_STEP][PASSED] - delay: Delayed 1 second(s)

2019-11-25 09:45:15 - [MESSAGE][PASSED] - Delayed 1 second(s)

2019-11-25 09:45:15 - [TEST_STEP][PASSED] - setText: Text 'Description38' is set on object 'Object Repository/ADMIN/Categories/Category/textfield_category_description'

2019-11-25 09:45:15 - [MESSAGE][PASSED] - Text 'Description38' is set on object 'Object Repository/ADMIN/Categories/Category/textfield_category_description'

2019-11-25 09:45:15 - [TEST_STEP][PASSED] - click: Object: 'Object Repository/ADMIN/Categories/Category/button_Save' is clicked on

2019-11-25 09:45:15 - [MESSAGE][PASSED] - Object: 'Object Repository/ADMIN/Categories/Category/button_Save' is clicked on

2019-11-25 09:45:15 - [TEST_STEP][PASSED] - waitForElementVisible: Object 'Object Repository/ADMIN/Categories/Category/label_edit popup' is visible

2019-11-25 09:45:15 - [MESSAGE][WARNING] - Timeout '0' is invalid. Using default page load timeout: '30'

2019-11-25 09:45:16 - [MESSAGE][PASSED] - Object 'Object Repository/ADMIN/Categories/Category/label_edit popup' is visible

2019-11-25 09:45:16 - [TEST_STEP][PASSED] - waitForElementNotPresent: Web element with id: 'Object Repository/ADMIN/Categories/Category/label_edit popup' located by 'By.xpath: //div[(text() = 'Category was successfully saved.' or . = 'Category was successfully saved.')]' is not present after '30' second(s)

2019-11-25 09:45:16 - [MESSAGE][WARNING] - Timeout '0' is invalid. Using default page load timeout: '30'

2019-11-25 09:45:21 - [MESSAGE][PASSED] - Web element with id: 'Object Repository/ADMIN/Categories/Category/label_edit popup' located by 'By.xpath: //div[(text() = 'Category was successfully saved.' or . = 'Category was successfully saved.')]' is not present after '30' second(s)]]></system-out>
         <system-err><![CDATA[2019-11-25 09:45:06 - [TEST_CASE][FAILED] - Test Cases/ADMIN/Content Mgmt/Categories/Category Add-Edit/Add Category: Test Cases/ADMIN/Content Mgmt/Categories/Category Add-Edit/Add Category FAILED because (of) Unable to upload file 'C:\\Users\\Arcadier\\git\\Trillia\\Images\\Category\\5.png' to object 'Object Repository/ADMIN/Categories/Category/image_input image' (Root cause: org.openqa.selenium.WebDriverException: invalid argument: File not found : C:\\Users\\Arcadier\\git\\Trillia\\Images\\Category\\5.png
  (Session info: chrome=78.0.3904.108)
  (Driver info: chromedriver=2.35.528161 (5b82f2d2aae0ca24b877009200ced9065a772e73),platform=Windows NT 6.1.7601 SP1 x86_64) (WARNING: The server did not provide any stacktrace information)
Command duration or timeout: 0 milliseconds
Build info: version: '3.7.1', revision: '8a0099a', time: '2017-11-06T21:07:36.161Z'
System info: host: 'APRIL-PC', ip: '10.10.31.51', os.name: 'Windows 7', os.arch: 'amd64', os.version: '6.1', java.version: '1.8.0_102'
Driver info: com.kms.katalon.selenium.driver.CChromeDriver
Capabilities {acceptInsecureCerts: false, acceptSslCerts: false, applicationCacheEnabled: false, browserConnectionEnabled: false, browserName: chrome, chrome: {chromedriverVersion: 2.35.528161 (5b82f2d2aae0ca..., userDataDir: C:\Users\April\AppData\Loca...}, cssSelectorsEnabled: true, databaseEnabled: false, handlesAlerts: true, hasTouchScreen: false, javascriptEnabled: true, locationContextEnabled: true, mobileEmulationEnabled: false, nativeEvents: true, networkConnectionEnabled: false, pageLoadStrategy: normal, platform: XP, platformName: XP, rotatable: false, setWindowRect: true, takesHeapSnapshot: true, takesScreenshot: true, unexpectedAlertBehaviour: , unhandledPromptBehavior: , version: 78.0.3904.108, webStorageEnabled: true}
Session ID: cfe3a530f1bc406e2ea68220d7af8649)]]></system-err>
      </testcase>
      <testcase name="Test Cases/ADMIN/Content Mgmt/Categories/Category Add-Edit/Add Category" classname="Test Cases/ADMIN/Content Mgmt/Categories/Category Add-Edit/Add Category" status="FAILED">
         <failure type="FAILED" message="Unable to upload file 'C:\\Users\\Arcadier\\git\\Trillia\\Images\\Category\\5.png' to object 'Object Repository/ADMIN/Categories/Category/image_input image' (Root cause: org.openqa.selenium.WebDriverException: invalid argument: File not found : C:\\Users\\Arcadier\\git\\Trillia\\Images\\Category\\5.png
  (Session info: chrome=78.0.3904.108)
  (Driver info: chromedriver=2.35.528161 (5b82f2d2aae0ca24b877009200ced9065a772e73),platform=Windows NT 6.1.7601 SP1 x86_64) (WARNING: The server did not provide any stacktrace information)
Command duration or timeout: 0 milliseconds
Build info: version: '3.7.1', revision: '8a0099a', time: '2017-11-06T21:07:36.161Z'
System info: host: 'APRIL-PC', ip: '10.10.31.51', os.name: 'Windows 7', os.arch: 'amd64', os.version: '6.1', java.version: '1.8.0_102'
Driver info: com.kms.katalon.selenium.driver.CChromeDriver
Capabilities {acceptInsecureCerts: false, acceptSslCerts: false, applicationCacheEnabled: false, browserConnectionEnabled: false, browserName: chrome, chrome: {chromedriverVersion: 2.35.528161 (5b82f2d2aae0ca..., userDataDir: C:\Users\April\AppData\Loca...}, cssSelectorsEnabled: true, databaseEnabled: false, handlesAlerts: true, hasTouchScreen: false, javascriptEnabled: true, locationContextEnabled: true, mobileEmulationEnabled: false, nativeEvents: true, networkConnectionEnabled: false, pageLoadStrategy: normal, platform: XP, platformName: XP, rotatable: false, setWindowRect: true, takesHeapSnapshot: true, takesScreenshot: true, unexpectedAlertBehaviour: , unhandledPromptBehavior: , version: 78.0.3904.108, webStorageEnabled: true}
Session ID: cfe3a530f1bc406e2ea68220d7af8649)"/>
         <system-out><![CDATA[2019-11-25 09:45:21 - [TEST_CASE][FAILED] - Test Cases/ADMIN/Content Mgmt/Categories/Category Add-Edit/Add Category: Test Cases/ADMIN/Content Mgmt/Categories/Category Add-Edit/Add Category FAILED because (of) Unable to upload file 'C:\\Users\\Arcadier\\git\\Trillia\\Images\\Category\\5.png' to object 'Object Repository/ADMIN/Categories/Category/image_input image' (Root cause: org.openqa.selenium.WebDriverException: invalid argument: File not found : C:\\Users\\Arcadier\\git\\Trillia\\Images\\Category\\5.png
  (Session info: chrome=78.0.3904.108)
  (Driver info: chromedriver=2.35.528161 (5b82f2d2aae0ca24b877009200ced9065a772e73),platform=Windows NT 6.1.7601 SP1 x86_64) (WARNING: The server did not provide any stacktrace information)
Command duration or timeout: 0 milliseconds
Build info: version: '3.7.1', revision: '8a0099a', time: '2017-11-06T21:07:36.161Z'
System info: host: 'APRIL-PC', ip: '10.10.31.51', os.name: 'Windows 7', os.arch: 'amd64', os.version: '6.1', java.version: '1.8.0_102'
Driver info: com.kms.katalon.selenium.driver.CChromeDriver
Capabilities {acceptInsecureCerts: false, acceptSslCerts: false, applicationCacheEnabled: false, browserConnectionEnabled: false, browserName: chrome, chrome: {chromedriverVersion: 2.35.528161 (5b82f2d2aae0ca..., userDataDir: C:\Users\April\AppData\Loca...}, cssSelectorsEnabled: true, databaseEnabled: false, handlesAlerts: true, hasTouchScreen: false, javascriptEnabled: true, locationContextEnabled: true, mobileEmulationEnabled: false, nativeEvents: true, networkConnectionEnabled: false, pageLoadStrategy: normal, platform: XP, platformName: XP, rotatable: false, setWindowRect: true, takesHeapSnapshot: true, takesScreenshot: true, unexpectedAlertBehaviour: , unhandledPromptBehavior: , version: 78.0.3904.108, webStorageEnabled: true}
Session ID: cfe3a530f1bc406e2ea68220d7af8649)

2019-11-25 09:45:21 - [TEST_STEP][PASSED] - waitForElementVisible: Object 'Object Repository/ADMIN/Categories/Category List/button_Content Mgmt' is visible

2019-11-25 09:45:21 - [MESSAGE][WARNING] - Timeout '0' is invalid. Using default page load timeout: '30'

2019-11-25 09:45:21 - [MESSAGE][PASSED] - Object 'Object Repository/ADMIN/Categories/Category List/button_Content Mgmt' is visible

2019-11-25 09:45:21 - [TEST_STEP][PASSED] - click: Object: 'Object Repository/ADMIN/Categories/Category List/button_Content Mgmt' is clicked on

2019-11-25 09:45:21 - [MESSAGE][PASSED] - Object: 'Object Repository/ADMIN/Categories/Category List/button_Content Mgmt' is clicked on

2019-11-25 09:45:21 - [TEST_STEP][PASSED] - waitForElementVisible: Object 'Object Repository/ADMIN/Categories/Category List/button_Categories' is visible

2019-11-25 09:45:21 - [MESSAGE][WARNING] - Timeout '0' is invalid. Using default page load timeout: '30'

2019-11-25 09:45:21 - [MESSAGE][PASSED] - Object 'Object Repository/ADMIN/Categories/Category List/button_Categories' is visible

2019-11-25 09:45:22 - [TEST_STEP][PASSED] - click: Object: 'Object Repository/ADMIN/Categories/Category List/button_Categories' is clicked on

2019-11-25 09:45:22 - [MESSAGE][PASSED] - Object: 'Object Repository/ADMIN/Categories/Category List/button_Categories' is clicked on

2019-11-25 09:45:22 - [TEST_STEP][PASSED] - click: Object: 'Object Repository/ADMIN/Categories/Category List/button_AddACategory' is clicked on

2019-11-25 09:45:22 - [MESSAGE][PASSED] - Object: 'Object Repository/ADMIN/Categories/Category List/button_AddACategory' is clicked on

2019-11-25 09:45:22 - [TEST_STEP][PASSED] - waitForElementPresent: Object 'Object Repository/ADMIN/Categories/Category/dropdown_Parent' is present

2019-11-25 09:45:22 - [MESSAGE][PASSED] - Object 'Object Repository/ADMIN/Categories/Category/dropdown_Parent' is present

2019-11-25 09:45:22 - [TEST_STEP][PASSED] - delay: Delayed 1 second(s)

2019-11-25 09:45:23 - [MESSAGE][PASSED] - Delayed 1 second(s)

2019-11-25 09:45:23 - [TEST_STEP][PASSED] - setText: Text 'Category 5.1.7' is set on object 'Object Repository/ADMIN/Categories/Category/textfield_Category Name'

2019-11-25 09:45:23 - [MESSAGE][PASSED] - Text 'Category 5.1.7' is set on object 'Object Repository/ADMIN/Categories/Category/textfield_Category Name'

2019-11-25 09:45:23 - [TEST_STEP][PASSED] - click: Object: 'Object Repository/ADMIN/Categories/Category/dropdown_Parent' is clicked on

2019-11-25 09:45:23 - [MESSAGE][PASSED] - Object: 'Object Repository/ADMIN/Categories/Category/dropdown_Parent' is clicked on

2019-11-25 09:45:23 - [TEST_STEP][PASSED] - delay: Delayed 2 second(s)

2019-11-25 09:45:25 - [MESSAGE][PASSED] - Delayed 2 second(s)

2019-11-25 09:45:25 - [TEST_STEP][PASSED] - click: Object: 'Object Repository/ADMIN/Categories/Category/dropdown_Parent' is clicked on

2019-11-25 09:45:25 - [MESSAGE][PASSED] - Object: 'Object Repository/ADMIN/Categories/Category/dropdown_Parent' is clicked on

2019-11-25 09:45:25 - [TEST_STEP][PASSED] - selectOptionByLabel: All options with label 'Category 5.1' are selected in object 'Object Repository/ADMIN/Categories/Category/dropdown_Parent' 

2019-11-25 09:45:25 - [MESSAGE][PASSED] - All options with label 'Category 5.1' are selected in object 'Object Repository/ADMIN/Categories/Category/dropdown_Parent' 

2019-11-25 09:45:25 - [TEST_STEP][PASSED] - click: Object: 'Object Repository/ADMIN/Categories/Category/button_Browse' is clicked on

2019-11-25 09:45:25 - [MESSAGE][PASSED] - Object: 'Object Repository/ADMIN/Categories/Category/button_Browse' is clicked on

2019-11-25 09:45:25 - [TEST_STEP][PASSED] - delay: Delayed 1 second(s)

2019-11-25 09:45:26 - [MESSAGE][PASSED] - Delayed 1 second(s)

2019-11-25 09:45:26 - [TEST_STEP][FAILED] - uploadFile: Unable to upload file 'C:\\Users\\Arcadier\\git\\Trillia\\Images\\Category\\5.png' to object 'Object Repository/ADMIN/Categories/Category/image_input image' (Root cause: org.openqa.selenium.WebDriverException: invalid argument: File not found : C:\\Users\\Arcadier\\git\\Trillia\\Images\\Category\\5.png
  (Session info: chrome=78.0.3904.108)
  (Driver info: chromedriver=2.35.528161 (5b82f2d2aae0ca24b877009200ced9065a772e73),platform=Windows NT 6.1.7601 SP1 x86_64) (WARNING: The server did not provide any stacktrace information)
Command duration or timeout: 0 milliseconds
Build info: version: '3.7.1', revision: '8a0099a', time: '2017-11-06T21:07:36.161Z'
System info: host: 'APRIL-PC', ip: '10.10.31.51', os.name: 'Windows 7', os.arch: 'amd64', os.version: '6.1', java.version: '1.8.0_102'
Driver info: com.kms.katalon.selenium.driver.CChromeDriver
Capabilities {acceptInsecureCerts: false, acceptSslCerts: false, applicationCacheEnabled: false, browserConnectionEnabled: false, browserName: chrome, chrome: {chromedriverVersion: 2.35.528161 (5b82f2d2aae0ca..., userDataDir: C:\Users\April\AppData\Loca...}, cssSelectorsEnabled: true, databaseEnabled: false, handlesAlerts: true, hasTouchScreen: false, javascriptEnabled: true, locationContextEnabled: true, mobileEmulationEnabled: false, nativeEvents: true, networkConnectionEnabled: false, pageLoadStrategy: normal, platform: XP, platformName: XP, rotatable: false, setWindowRect: true, takesHeapSnapshot: true, takesScreenshot: true, unexpectedAlertBehaviour: , unhandledPromptBehavior: , version: 78.0.3904.108, webStorageEnabled: true}
Session ID: cfe3a530f1bc406e2ea68220d7af8649)

2019-11-25 09:45:26 - [MESSAGE][FAILED] - Unable to upload file 'C:\\Users\\Arcadier\\git\\Trillia\\Images\\Category\\5.png' to object 'Object Repository/ADMIN/Categories/Category/image_input image' (Root cause: org.openqa.selenium.WebDriverException: invalid argument: File not found : C:\\Users\\Arcadier\\git\\Trillia\\Images\\Category\\5.png
  (Session info: chrome=78.0.3904.108)
  (Driver info: chromedriver=2.35.528161 (5b82f2d2aae0ca24b877009200ced9065a772e73),platform=Windows NT 6.1.7601 SP1 x86_64) (WARNING: The server did not provide any stacktrace information)
Command duration or timeout: 0 milliseconds
Build info: version: '3.7.1', revision: '8a0099a', time: '2017-11-06T21:07:36.161Z'
System info: host: 'APRIL-PC', ip: '10.10.31.51', os.name: 'Windows 7', os.arch: 'amd64', os.version: '6.1', java.version: '1.8.0_102'
Driver info: com.kms.katalon.selenium.driver.CChromeDriver
Capabilities {acceptInsecureCerts: false, acceptSslCerts: false, applicationCacheEnabled: false, browserConnectionEnabled: false, browserName: chrome, chrome: {chromedriverVersion: 2.35.528161 (5b82f2d2aae0ca..., userDataDir: C:\Users\April\AppData\Loca...}, cssSelectorsEnabled: true, databaseEnabled: false, handlesAlerts: true, hasTouchScreen: false, javascriptEnabled: true, locationContextEnabled: true, mobileEmulationEnabled: false, nativeEvents: true, networkConnectionEnabled: false, pageLoadStrategy: normal, platform: XP, platformName: XP, rotatable: false, setWindowRect: true, takesHeapSnapshot: true, takesScreenshot: true, unexpectedAlertBehaviour: , unhandledPromptBehavior: , version: 78.0.3904.108, webStorageEnabled: true}
Session ID: cfe3a530f1bc406e2ea68220d7af8649)
[[ATTACHMENT|C:\\Users\\April\\git\\Trillia\\Reports\\Admin\\Categories\\Add Category\\20191125_093242\\1574646326591.png]]

2019-11-25 09:45:26 - [TEST_STEP][PASSED] - waitForElementVisible: Object 'Object Repository/ADMIN/Categories/Category/button_upload check' is visible

2019-11-25 09:45:26 - [MESSAGE][WARNING] - Timeout '0' is invalid. Using default page load timeout: '30'

2019-11-25 09:45:33 - [MESSAGE][PASSED] - Object 'Object Repository/ADMIN/Categories/Category/button_upload check' is visible

2019-11-25 09:45:33 - [TEST_STEP][PASSED] - click: Object: 'Object Repository/ADMIN/Categories/Category/button_upload check' is clicked on

2019-11-25 09:45:33 - [MESSAGE][PASSED] - Object: 'Object Repository/ADMIN/Categories/Category/button_upload check' is clicked on

2019-11-25 09:45:33 - [TEST_STEP][PASSED] - waitForElementVisible: Object 'Object Repository/ADMIN/Categories/Category/button_upload save' is visible

2019-11-25 09:45:33 - [MESSAGE][WARNING] - Timeout '0' is invalid. Using default page load timeout: '30'

2019-11-25 09:45:33 - [MESSAGE][PASSED] - Object 'Object Repository/ADMIN/Categories/Category/button_upload save' is visible

2019-11-25 09:45:33 - [TEST_STEP][PASSED] - click: Object: 'Object Repository/ADMIN/Categories/Category/button_upload save' is clicked on

2019-11-25 09:45:33 - [MESSAGE][PASSED] - Object: 'Object Repository/ADMIN/Categories/Category/button_upload save' is clicked on

2019-11-25 09:45:33 - [TEST_STEP][PASSED] - delay: Delayed 1 second(s)

2019-11-25 09:45:34 - [MESSAGE][PASSED] - Delayed 1 second(s)

2019-11-25 09:45:34 - [TEST_STEP][PASSED] - setText: Text 'Description39' is set on object 'Object Repository/ADMIN/Categories/Category/textfield_category_description'

2019-11-25 09:45:34 - [MESSAGE][PASSED] - Text 'Description39' is set on object 'Object Repository/ADMIN/Categories/Category/textfield_category_description'

2019-11-25 09:45:34 - [TEST_STEP][PASSED] - click: Object: 'Object Repository/ADMIN/Categories/Category/button_Save' is clicked on

2019-11-25 09:45:34 - [MESSAGE][PASSED] - Object: 'Object Repository/ADMIN/Categories/Category/button_Save' is clicked on

2019-11-25 09:45:34 - [TEST_STEP][PASSED] - waitForElementVisible: Object 'Object Repository/ADMIN/Categories/Category/label_edit popup' is visible

2019-11-25 09:45:34 - [MESSAGE][WARNING] - Timeout '0' is invalid. Using default page load timeout: '30'

2019-11-25 09:45:35 - [MESSAGE][PASSED] - Object 'Object Repository/ADMIN/Categories/Category/label_edit popup' is visible

2019-11-25 09:45:35 - [TEST_STEP][PASSED] - waitForElementNotPresent: Web element with id: 'Object Repository/ADMIN/Categories/Category/label_edit popup' located by 'By.xpath: //div[(text() = 'Category was successfully saved.' or . = 'Category was successfully saved.')]' is not present after '30' second(s)

2019-11-25 09:45:35 - [MESSAGE][WARNING] - Timeout '0' is invalid. Using default page load timeout: '30'

2019-11-25 09:45:41 - [MESSAGE][PASSED] - Web element with id: 'Object Repository/ADMIN/Categories/Category/label_edit popup' located by 'By.xpath: //div[(text() = 'Category was successfully saved.' or . = 'Category was successfully saved.')]' is not present after '30' second(s)]]></system-out>
         <system-err><![CDATA[2019-11-25 09:45:21 - [TEST_CASE][FAILED] - Test Cases/ADMIN/Content Mgmt/Categories/Category Add-Edit/Add Category: Test Cases/ADMIN/Content Mgmt/Categories/Category Add-Edit/Add Category FAILED because (of) Unable to upload file 'C:\\Users\\Arcadier\\git\\Trillia\\Images\\Category\\5.png' to object 'Object Repository/ADMIN/Categories/Category/image_input image' (Root cause: org.openqa.selenium.WebDriverException: invalid argument: File not found : C:\\Users\\Arcadier\\git\\Trillia\\Images\\Category\\5.png
  (Session info: chrome=78.0.3904.108)
  (Driver info: chromedriver=2.35.528161 (5b82f2d2aae0ca24b877009200ced9065a772e73),platform=Windows NT 6.1.7601 SP1 x86_64) (WARNING: The server did not provide any stacktrace information)
Command duration or timeout: 0 milliseconds
Build info: version: '3.7.1', revision: '8a0099a', time: '2017-11-06T21:07:36.161Z'
System info: host: 'APRIL-PC', ip: '10.10.31.51', os.name: 'Windows 7', os.arch: 'amd64', os.version: '6.1', java.version: '1.8.0_102'
Driver info: com.kms.katalon.selenium.driver.CChromeDriver
Capabilities {acceptInsecureCerts: false, acceptSslCerts: false, applicationCacheEnabled: false, browserConnectionEnabled: false, browserName: chrome, chrome: {chromedriverVersion: 2.35.528161 (5b82f2d2aae0ca..., userDataDir: C:\Users\April\AppData\Loca...}, cssSelectorsEnabled: true, databaseEnabled: false, handlesAlerts: true, hasTouchScreen: false, javascriptEnabled: true, locationContextEnabled: true, mobileEmulationEnabled: false, nativeEvents: true, networkConnectionEnabled: false, pageLoadStrategy: normal, platform: XP, platformName: XP, rotatable: false, setWindowRect: true, takesHeapSnapshot: true, takesScreenshot: true, unexpectedAlertBehaviour: , unhandledPromptBehavior: , version: 78.0.3904.108, webStorageEnabled: true}
Session ID: cfe3a530f1bc406e2ea68220d7af8649)]]></system-err>
      </testcase>
      <testcase name="Test Cases/ADMIN/Content Mgmt/Categories/Category Add-Edit/Add Category" classname="Test Cases/ADMIN/Content Mgmt/Categories/Category Add-Edit/Add Category" status="FAILED">
         <failure type="FAILED" message="Unable to upload file 'C:\\Users\\Arcadier\\git\\Trillia\\Images\\Category\\5.png' to object 'Object Repository/ADMIN/Categories/Category/image_input image' (Root cause: org.openqa.selenium.WebDriverException: invalid argument: File not found : C:\\Users\\Arcadier\\git\\Trillia\\Images\\Category\\5.png
  (Session info: chrome=78.0.3904.108)
  (Driver info: chromedriver=2.35.528161 (5b82f2d2aae0ca24b877009200ced9065a772e73),platform=Windows NT 6.1.7601 SP1 x86_64) (WARNING: The server did not provide any stacktrace information)
Command duration or timeout: 0 milliseconds
Build info: version: '3.7.1', revision: '8a0099a', time: '2017-11-06T21:07:36.161Z'
System info: host: 'APRIL-PC', ip: '10.10.31.51', os.name: 'Windows 7', os.arch: 'amd64', os.version: '6.1', java.version: '1.8.0_102'
Driver info: com.kms.katalon.selenium.driver.CChromeDriver
Capabilities {acceptInsecureCerts: false, acceptSslCerts: false, applicationCacheEnabled: false, browserConnectionEnabled: false, browserName: chrome, chrome: {chromedriverVersion: 2.35.528161 (5b82f2d2aae0ca..., userDataDir: C:\Users\April\AppData\Loca...}, cssSelectorsEnabled: true, databaseEnabled: false, handlesAlerts: true, hasTouchScreen: false, javascriptEnabled: true, locationContextEnabled: true, mobileEmulationEnabled: false, nativeEvents: true, networkConnectionEnabled: false, pageLoadStrategy: normal, platform: XP, platformName: XP, rotatable: false, setWindowRect: true, takesHeapSnapshot: true, takesScreenshot: true, unexpectedAlertBehaviour: , unhandledPromptBehavior: , version: 78.0.3904.108, webStorageEnabled: true}
Session ID: cfe3a530f1bc406e2ea68220d7af8649)"/>
         <system-out><![CDATA[2019-11-25 09:45:41 - [TEST_CASE][FAILED] - Test Cases/ADMIN/Content Mgmt/Categories/Category Add-Edit/Add Category: Test Cases/ADMIN/Content Mgmt/Categories/Category Add-Edit/Add Category FAILED because (of) Unable to upload file 'C:\\Users\\Arcadier\\git\\Trillia\\Images\\Category\\5.png' to object 'Object Repository/ADMIN/Categories/Category/image_input image' (Root cause: org.openqa.selenium.WebDriverException: invalid argument: File not found : C:\\Users\\Arcadier\\git\\Trillia\\Images\\Category\\5.png
  (Session info: chrome=78.0.3904.108)
  (Driver info: chromedriver=2.35.528161 (5b82f2d2aae0ca24b877009200ced9065a772e73),platform=Windows NT 6.1.7601 SP1 x86_64) (WARNING: The server did not provide any stacktrace information)
Command duration or timeout: 0 milliseconds
Build info: version: '3.7.1', revision: '8a0099a', time: '2017-11-06T21:07:36.161Z'
System info: host: 'APRIL-PC', ip: '10.10.31.51', os.name: 'Windows 7', os.arch: 'amd64', os.version: '6.1', java.version: '1.8.0_102'
Driver info: com.kms.katalon.selenium.driver.CChromeDriver
Capabilities {acceptInsecureCerts: false, acceptSslCerts: false, applicationCacheEnabled: false, browserConnectionEnabled: false, browserName: chrome, chrome: {chromedriverVersion: 2.35.528161 (5b82f2d2aae0ca..., userDataDir: C:\Users\April\AppData\Loca...}, cssSelectorsEnabled: true, databaseEnabled: false, handlesAlerts: true, hasTouchScreen: false, javascriptEnabled: true, locationContextEnabled: true, mobileEmulationEnabled: false, nativeEvents: true, networkConnectionEnabled: false, pageLoadStrategy: normal, platform: XP, platformName: XP, rotatable: false, setWindowRect: true, takesHeapSnapshot: true, takesScreenshot: true, unexpectedAlertBehaviour: , unhandledPromptBehavior: , version: 78.0.3904.108, webStorageEnabled: true}
Session ID: cfe3a530f1bc406e2ea68220d7af8649)

2019-11-25 09:45:41 - [TEST_STEP][PASSED] - waitForElementVisible: Object 'Object Repository/ADMIN/Categories/Category List/button_Content Mgmt' is visible

2019-11-25 09:45:41 - [MESSAGE][WARNING] - Timeout '0' is invalid. Using default page load timeout: '30'

2019-11-25 09:45:41 - [MESSAGE][PASSED] - Object 'Object Repository/ADMIN/Categories/Category List/button_Content Mgmt' is visible

2019-11-25 09:45:41 - [TEST_STEP][PASSED] - click: Object: 'Object Repository/ADMIN/Categories/Category List/button_Content Mgmt' is clicked on

2019-11-25 09:45:41 - [MESSAGE][PASSED] - Object: 'Object Repository/ADMIN/Categories/Category List/button_Content Mgmt' is clicked on

2019-11-25 09:45:41 - [TEST_STEP][PASSED] - waitForElementVisible: Object 'Object Repository/ADMIN/Categories/Category List/button_Categories' is visible

2019-11-25 09:45:41 - [MESSAGE][WARNING] - Timeout '0' is invalid. Using default page load timeout: '30'

2019-11-25 09:45:41 - [MESSAGE][PASSED] - Object 'Object Repository/ADMIN/Categories/Category List/button_Categories' is visible

2019-11-25 09:45:41 - [TEST_STEP][PASSED] - click: Object: 'Object Repository/ADMIN/Categories/Category List/button_Categories' is clicked on

2019-11-25 09:45:42 - [MESSAGE][PASSED] - Object: 'Object Repository/ADMIN/Categories/Category List/button_Categories' is clicked on

2019-11-25 09:45:42 - [TEST_STEP][PASSED] - click: Object: 'Object Repository/ADMIN/Categories/Category List/button_AddACategory' is clicked on

2019-11-25 09:45:42 - [MESSAGE][PASSED] - Object: 'Object Repository/ADMIN/Categories/Category List/button_AddACategory' is clicked on

2019-11-25 09:45:42 - [TEST_STEP][PASSED] - waitForElementPresent: Object 'Object Repository/ADMIN/Categories/Category/dropdown_Parent' is present

2019-11-25 09:45:42 - [MESSAGE][PASSED] - Object 'Object Repository/ADMIN/Categories/Category/dropdown_Parent' is present

2019-11-25 09:45:42 - [TEST_STEP][PASSED] - delay: Delayed 1 second(s)

2019-11-25 09:45:43 - [MESSAGE][PASSED] - Delayed 1 second(s)

2019-11-25 09:45:43 - [TEST_STEP][PASSED] - setText: Text 'Category 5.1.8' is set on object 'Object Repository/ADMIN/Categories/Category/textfield_Category Name'

2019-11-25 09:45:43 - [MESSAGE][PASSED] - Text 'Category 5.1.8' is set on object 'Object Repository/ADMIN/Categories/Category/textfield_Category Name'

2019-11-25 09:45:43 - [TEST_STEP][PASSED] - click: Object: 'Object Repository/ADMIN/Categories/Category/dropdown_Parent' is clicked on

2019-11-25 09:45:43 - [MESSAGE][PASSED] - Object: 'Object Repository/ADMIN/Categories/Category/dropdown_Parent' is clicked on

2019-11-25 09:45:43 - [TEST_STEP][PASSED] - delay: Delayed 2 second(s)

2019-11-25 09:45:45 - [MESSAGE][PASSED] - Delayed 2 second(s)

2019-11-25 09:45:45 - [TEST_STEP][PASSED] - click: Object: 'Object Repository/ADMIN/Categories/Category/dropdown_Parent' is clicked on

2019-11-25 09:45:45 - [MESSAGE][PASSED] - Object: 'Object Repository/ADMIN/Categories/Category/dropdown_Parent' is clicked on

2019-11-25 09:45:45 - [TEST_STEP][PASSED] - selectOptionByLabel: All options with label 'Category 5.1' are selected in object 'Object Repository/ADMIN/Categories/Category/dropdown_Parent' 

2019-11-25 09:45:45 - [MESSAGE][PASSED] - All options with label 'Category 5.1' are selected in object 'Object Repository/ADMIN/Categories/Category/dropdown_Parent' 

2019-11-25 09:45:45 - [TEST_STEP][PASSED] - click: Object: 'Object Repository/ADMIN/Categories/Category/button_Browse' is clicked on

2019-11-25 09:45:45 - [MESSAGE][PASSED] - Object: 'Object Repository/ADMIN/Categories/Category/button_Browse' is clicked on

2019-11-25 09:45:45 - [TEST_STEP][PASSED] - delay: Delayed 1 second(s)

2019-11-25 09:45:46 - [MESSAGE][PASSED] - Delayed 1 second(s)

2019-11-25 09:45:46 - [TEST_STEP][FAILED] - uploadFile: Unable to upload file 'C:\\Users\\Arcadier\\git\\Trillia\\Images\\Category\\5.png' to object 'Object Repository/ADMIN/Categories/Category/image_input image' (Root cause: org.openqa.selenium.WebDriverException: invalid argument: File not found : C:\\Users\\Arcadier\\git\\Trillia\\Images\\Category\\5.png
  (Session info: chrome=78.0.3904.108)
  (Driver info: chromedriver=2.35.528161 (5b82f2d2aae0ca24b877009200ced9065a772e73),platform=Windows NT 6.1.7601 SP1 x86_64) (WARNING: The server did not provide any stacktrace information)
Command duration or timeout: 0 milliseconds
Build info: version: '3.7.1', revision: '8a0099a', time: '2017-11-06T21:07:36.161Z'
System info: host: 'APRIL-PC', ip: '10.10.31.51', os.name: 'Windows 7', os.arch: 'amd64', os.version: '6.1', java.version: '1.8.0_102'
Driver info: com.kms.katalon.selenium.driver.CChromeDriver
Capabilities {acceptInsecureCerts: false, acceptSslCerts: false, applicationCacheEnabled: false, browserConnectionEnabled: false, browserName: chrome, chrome: {chromedriverVersion: 2.35.528161 (5b82f2d2aae0ca..., userDataDir: C:\Users\April\AppData\Loca...}, cssSelectorsEnabled: true, databaseEnabled: false, handlesAlerts: true, hasTouchScreen: false, javascriptEnabled: true, locationContextEnabled: true, mobileEmulationEnabled: false, nativeEvents: true, networkConnectionEnabled: false, pageLoadStrategy: normal, platform: XP, platformName: XP, rotatable: false, setWindowRect: true, takesHeapSnapshot: true, takesScreenshot: true, unexpectedAlertBehaviour: , unhandledPromptBehavior: , version: 78.0.3904.108, webStorageEnabled: true}
Session ID: cfe3a530f1bc406e2ea68220d7af8649)

2019-11-25 09:45:47 - [MESSAGE][FAILED] - Unable to upload file 'C:\\Users\\Arcadier\\git\\Trillia\\Images\\Category\\5.png' to object 'Object Repository/ADMIN/Categories/Category/image_input image' (Root cause: org.openqa.selenium.WebDriverException: invalid argument: File not found : C:\\Users\\Arcadier\\git\\Trillia\\Images\\Category\\5.png
  (Session info: chrome=78.0.3904.108)
  (Driver info: chromedriver=2.35.528161 (5b82f2d2aae0ca24b877009200ced9065a772e73),platform=Windows NT 6.1.7601 SP1 x86_64) (WARNING: The server did not provide any stacktrace information)
Command duration or timeout: 0 milliseconds
Build info: version: '3.7.1', revision: '8a0099a', time: '2017-11-06T21:07:36.161Z'
System info: host: 'APRIL-PC', ip: '10.10.31.51', os.name: 'Windows 7', os.arch: 'amd64', os.version: '6.1', java.version: '1.8.0_102'
Driver info: com.kms.katalon.selenium.driver.CChromeDriver
Capabilities {acceptInsecureCerts: false, acceptSslCerts: false, applicationCacheEnabled: false, browserConnectionEnabled: false, browserName: chrome, chrome: {chromedriverVersion: 2.35.528161 (5b82f2d2aae0ca..., userDataDir: C:\Users\April\AppData\Loca...}, cssSelectorsEnabled: true, databaseEnabled: false, handlesAlerts: true, hasTouchScreen: false, javascriptEnabled: true, locationContextEnabled: true, mobileEmulationEnabled: false, nativeEvents: true, networkConnectionEnabled: false, pageLoadStrategy: normal, platform: XP, platformName: XP, rotatable: false, setWindowRect: true, takesHeapSnapshot: true, takesScreenshot: true, unexpectedAlertBehaviour: , unhandledPromptBehavior: , version: 78.0.3904.108, webStorageEnabled: true}
Session ID: cfe3a530f1bc406e2ea68220d7af8649)
[[ATTACHMENT|C:\\Users\\April\\git\\Trillia\\Reports\\Admin\\Categories\\Add Category\\20191125_093242\\1574646346922.png]]

2019-11-25 09:45:47 - [TEST_STEP][PASSED] - waitForElementVisible: Object 'Object Repository/ADMIN/Categories/Category/button_upload check' is visible

2019-11-25 09:45:47 - [MESSAGE][WARNING] - Timeout '0' is invalid. Using default page load timeout: '30'

2019-11-25 09:45:51 - [MESSAGE][PASSED] - Object 'Object Repository/ADMIN/Categories/Category/button_upload check' is visible

2019-11-25 09:45:51 - [TEST_STEP][PASSED] - click: Object: 'Object Repository/ADMIN/Categories/Category/button_upload check' is clicked on

2019-11-25 09:45:51 - [MESSAGE][PASSED] - Object: 'Object Repository/ADMIN/Categories/Category/button_upload check' is clicked on

2019-11-25 09:45:51 - [TEST_STEP][PASSED] - waitForElementVisible: Object 'Object Repository/ADMIN/Categories/Category/button_upload save' is visible

2019-11-25 09:45:51 - [MESSAGE][WARNING] - Timeout '0' is invalid. Using default page load timeout: '30'

2019-11-25 09:45:51 - [MESSAGE][PASSED] - Object 'Object Repository/ADMIN/Categories/Category/button_upload save' is visible

2019-11-25 09:45:51 - [TEST_STEP][PASSED] - click: Object: 'Object Repository/ADMIN/Categories/Category/button_upload save' is clicked on

2019-11-25 09:45:51 - [MESSAGE][PASSED] - Object: 'Object Repository/ADMIN/Categories/Category/button_upload save' is clicked on

2019-11-25 09:45:51 - [TEST_STEP][PASSED] - delay: Delayed 1 second(s)

2019-11-25 09:45:52 - [MESSAGE][PASSED] - Delayed 1 second(s)

2019-11-25 09:45:52 - [TEST_STEP][PASSED] - setText: Text 'Description40' is set on object 'Object Repository/ADMIN/Categories/Category/textfield_category_description'

2019-11-25 09:45:52 - [MESSAGE][PASSED] - Text 'Description40' is set on object 'Object Repository/ADMIN/Categories/Category/textfield_category_description'

2019-11-25 09:45:52 - [TEST_STEP][PASSED] - click: Object: 'Object Repository/ADMIN/Categories/Category/button_Save' is clicked on

2019-11-25 09:45:52 - [MESSAGE][PASSED] - Object: 'Object Repository/ADMIN/Categories/Category/button_Save' is clicked on

2019-11-25 09:45:52 - [TEST_STEP][PASSED] - waitForElementVisible: Object 'Object Repository/ADMIN/Categories/Category/label_edit popup' is visible

2019-11-25 09:45:52 - [MESSAGE][WARNING] - Timeout '0' is invalid. Using default page load timeout: '30'

2019-11-25 09:45:53 - [MESSAGE][PASSED] - Object 'Object Repository/ADMIN/Categories/Category/label_edit popup' is visible

2019-11-25 09:45:53 - [TEST_STEP][PASSED] - waitForElementNotPresent: Web element with id: 'Object Repository/ADMIN/Categories/Category/label_edit popup' located by 'By.xpath: //div[(text() = 'Category was successfully saved.' or . = 'Category was successfully saved.')]' is not present after '30' second(s)

2019-11-25 09:45:53 - [MESSAGE][WARNING] - Timeout '0' is invalid. Using default page load timeout: '30'

2019-11-25 09:45:59 - [MESSAGE][PASSED] - Web element with id: 'Object Repository/ADMIN/Categories/Category/label_edit popup' located by 'By.xpath: //div[(text() = 'Category was successfully saved.' or . = 'Category was successfully saved.')]' is not present after '30' second(s)]]></system-out>
         <system-err><![CDATA[2019-11-25 09:45:41 - [TEST_CASE][FAILED] - Test Cases/ADMIN/Content Mgmt/Categories/Category Add-Edit/Add Category: Test Cases/ADMIN/Content Mgmt/Categories/Category Add-Edit/Add Category FAILED because (of) Unable to upload file 'C:\\Users\\Arcadier\\git\\Trillia\\Images\\Category\\5.png' to object 'Object Repository/ADMIN/Categories/Category/image_input image' (Root cause: org.openqa.selenium.WebDriverException: invalid argument: File not found : C:\\Users\\Arcadier\\git\\Trillia\\Images\\Category\\5.png
  (Session info: chrome=78.0.3904.108)
  (Driver info: chromedriver=2.35.528161 (5b82f2d2aae0ca24b877009200ced9065a772e73),platform=Windows NT 6.1.7601 SP1 x86_64) (WARNING: The server did not provide any stacktrace information)
Command duration or timeout: 0 milliseconds
Build info: version: '3.7.1', revision: '8a0099a', time: '2017-11-06T21:07:36.161Z'
System info: host: 'APRIL-PC', ip: '10.10.31.51', os.name: 'Windows 7', os.arch: 'amd64', os.version: '6.1', java.version: '1.8.0_102'
Driver info: com.kms.katalon.selenium.driver.CChromeDriver
Capabilities {acceptInsecureCerts: false, acceptSslCerts: false, applicationCacheEnabled: false, browserConnectionEnabled: false, browserName: chrome, chrome: {chromedriverVersion: 2.35.528161 (5b82f2d2aae0ca..., userDataDir: C:\Users\April\AppData\Loca...}, cssSelectorsEnabled: true, databaseEnabled: false, handlesAlerts: true, hasTouchScreen: false, javascriptEnabled: true, locationContextEnabled: true, mobileEmulationEnabled: false, nativeEvents: true, networkConnectionEnabled: false, pageLoadStrategy: normal, platform: XP, platformName: XP, rotatable: false, setWindowRect: true, takesHeapSnapshot: true, takesScreenshot: true, unexpectedAlertBehaviour: , unhandledPromptBehavior: , version: 78.0.3904.108, webStorageEnabled: true}
Session ID: cfe3a530f1bc406e2ea68220d7af8649)]]></system-err>
      </testcase>
      <testcase name="Test Cases/ADMIN/Content Mgmt/Categories/Category Add-Edit/Add Category" classname="Test Cases/ADMIN/Content Mgmt/Categories/Category Add-Edit/Add Category" status="FAILED">
         <failure type="FAILED" message="Unable to upload file 'C:\\Users\\Arcadier\\git\\Trillia\\Images\\Category\\5.png' to object 'Object Repository/ADMIN/Categories/Category/image_input image' (Root cause: org.openqa.selenium.WebDriverException: invalid argument: File not found : C:\\Users\\Arcadier\\git\\Trillia\\Images\\Category\\5.png
  (Session info: chrome=78.0.3904.108)
  (Driver info: chromedriver=2.35.528161 (5b82f2d2aae0ca24b877009200ced9065a772e73),platform=Windows NT 6.1.7601 SP1 x86_64) (WARNING: The server did not provide any stacktrace information)
Command duration or timeout: 0 milliseconds
Build info: version: '3.7.1', revision: '8a0099a', time: '2017-11-06T21:07:36.161Z'
System info: host: 'APRIL-PC', ip: '10.10.31.51', os.name: 'Windows 7', os.arch: 'amd64', os.version: '6.1', java.version: '1.8.0_102'
Driver info: com.kms.katalon.selenium.driver.CChromeDriver
Capabilities {acceptInsecureCerts: false, acceptSslCerts: false, applicationCacheEnabled: false, browserConnectionEnabled: false, browserName: chrome, chrome: {chromedriverVersion: 2.35.528161 (5b82f2d2aae0ca..., userDataDir: C:\Users\April\AppData\Loca...}, cssSelectorsEnabled: true, databaseEnabled: false, handlesAlerts: true, hasTouchScreen: false, javascriptEnabled: true, locationContextEnabled: true, mobileEmulationEnabled: false, nativeEvents: true, networkConnectionEnabled: false, pageLoadStrategy: normal, platform: XP, platformName: XP, rotatable: false, setWindowRect: true, takesHeapSnapshot: true, takesScreenshot: true, unexpectedAlertBehaviour: , unhandledPromptBehavior: , version: 78.0.3904.108, webStorageEnabled: true}
Session ID: cfe3a530f1bc406e2ea68220d7af8649)"/>
         <system-out><![CDATA[2019-11-25 09:45:59 - [TEST_CASE][FAILED] - Test Cases/ADMIN/Content Mgmt/Categories/Category Add-Edit/Add Category: Test Cases/ADMIN/Content Mgmt/Categories/Category Add-Edit/Add Category FAILED because (of) Unable to upload file 'C:\\Users\\Arcadier\\git\\Trillia\\Images\\Category\\5.png' to object 'Object Repository/ADMIN/Categories/Category/image_input image' (Root cause: org.openqa.selenium.WebDriverException: invalid argument: File not found : C:\\Users\\Arcadier\\git\\Trillia\\Images\\Category\\5.png
  (Session info: chrome=78.0.3904.108)
  (Driver info: chromedriver=2.35.528161 (5b82f2d2aae0ca24b877009200ced9065a772e73),platform=Windows NT 6.1.7601 SP1 x86_64) (WARNING: The server did not provide any stacktrace information)
Command duration or timeout: 0 milliseconds
Build info: version: '3.7.1', revision: '8a0099a', time: '2017-11-06T21:07:36.161Z'
System info: host: 'APRIL-PC', ip: '10.10.31.51', os.name: 'Windows 7', os.arch: 'amd64', os.version: '6.1', java.version: '1.8.0_102'
Driver info: com.kms.katalon.selenium.driver.CChromeDriver
Capabilities {acceptInsecureCerts: false, acceptSslCerts: false, applicationCacheEnabled: false, browserConnectionEnabled: false, browserName: chrome, chrome: {chromedriverVersion: 2.35.528161 (5b82f2d2aae0ca..., userDataDir: C:\Users\April\AppData\Loca...}, cssSelectorsEnabled: true, databaseEnabled: false, handlesAlerts: true, hasTouchScreen: false, javascriptEnabled: true, locationContextEnabled: true, mobileEmulationEnabled: false, nativeEvents: true, networkConnectionEnabled: false, pageLoadStrategy: normal, platform: XP, platformName: XP, rotatable: false, setWindowRect: true, takesHeapSnapshot: true, takesScreenshot: true, unexpectedAlertBehaviour: , unhandledPromptBehavior: , version: 78.0.3904.108, webStorageEnabled: true}
Session ID: cfe3a530f1bc406e2ea68220d7af8649)

2019-11-25 09:45:59 - [TEST_STEP][PASSED] - waitForElementVisible: Object 'Object Repository/ADMIN/Categories/Category List/button_Content Mgmt' is visible

2019-11-25 09:45:59 - [MESSAGE][WARNING] - Timeout '0' is invalid. Using default page load timeout: '30'

2019-11-25 09:45:59 - [MESSAGE][PASSED] - Object 'Object Repository/ADMIN/Categories/Category List/button_Content Mgmt' is visible

2019-11-25 09:45:59 - [TEST_STEP][PASSED] - click: Object: 'Object Repository/ADMIN/Categories/Category List/button_Content Mgmt' is clicked on

2019-11-25 09:45:59 - [MESSAGE][PASSED] - Object: 'Object Repository/ADMIN/Categories/Category List/button_Content Mgmt' is clicked on

2019-11-25 09:45:59 - [TEST_STEP][PASSED] - waitForElementVisible: Object 'Object Repository/ADMIN/Categories/Category List/button_Categories' is visible

2019-11-25 09:45:59 - [MESSAGE][WARNING] - Timeout '0' is invalid. Using default page load timeout: '30'

2019-11-25 09:45:59 - [MESSAGE][PASSED] - Object 'Object Repository/ADMIN/Categories/Category List/button_Categories' is visible

2019-11-25 09:45:59 - [TEST_STEP][PASSED] - click: Object: 'Object Repository/ADMIN/Categories/Category List/button_Categories' is clicked on

2019-11-25 09:45:59 - [MESSAGE][PASSED] - Object: 'Object Repository/ADMIN/Categories/Category List/button_Categories' is clicked on

2019-11-25 09:45:59 - [TEST_STEP][PASSED] - click: Object: 'Object Repository/ADMIN/Categories/Category List/button_AddACategory' is clicked on

2019-11-25 09:46:00 - [MESSAGE][PASSED] - Object: 'Object Repository/ADMIN/Categories/Category List/button_AddACategory' is clicked on

2019-11-25 09:46:00 - [TEST_STEP][PASSED] - waitForElementPresent: Object 'Object Repository/ADMIN/Categories/Category/dropdown_Parent' is present

2019-11-25 09:46:00 - [MESSAGE][PASSED] - Object 'Object Repository/ADMIN/Categories/Category/dropdown_Parent' is present

2019-11-25 09:46:00 - [TEST_STEP][PASSED] - delay: Delayed 1 second(s)

2019-11-25 09:46:01 - [MESSAGE][PASSED] - Delayed 1 second(s)

2019-11-25 09:46:01 - [TEST_STEP][PASSED] - setText: Text 'Category 5.1.9' is set on object 'Object Repository/ADMIN/Categories/Category/textfield_Category Name'

2019-11-25 09:46:01 - [MESSAGE][PASSED] - Text 'Category 5.1.9' is set on object 'Object Repository/ADMIN/Categories/Category/textfield_Category Name'

2019-11-25 09:46:01 - [TEST_STEP][PASSED] - click: Object: 'Object Repository/ADMIN/Categories/Category/dropdown_Parent' is clicked on

2019-11-25 09:46:01 - [MESSAGE][PASSED] - Object: 'Object Repository/ADMIN/Categories/Category/dropdown_Parent' is clicked on

2019-11-25 09:46:01 - [TEST_STEP][PASSED] - delay: Delayed 2 second(s)

2019-11-25 09:46:04 - [MESSAGE][PASSED] - Delayed 2 second(s)

2019-11-25 09:46:04 - [TEST_STEP][PASSED] - click: Object: 'Object Repository/ADMIN/Categories/Category/dropdown_Parent' is clicked on

2019-11-25 09:46:04 - [MESSAGE][PASSED] - Object: 'Object Repository/ADMIN/Categories/Category/dropdown_Parent' is clicked on

2019-11-25 09:46:04 - [TEST_STEP][PASSED] - selectOptionByLabel: All options with label 'Category 5.1' are selected in object 'Object Repository/ADMIN/Categories/Category/dropdown_Parent' 

2019-11-25 09:46:04 - [MESSAGE][PASSED] - All options with label 'Category 5.1' are selected in object 'Object Repository/ADMIN/Categories/Category/dropdown_Parent' 

2019-11-25 09:46:04 - [TEST_STEP][PASSED] - click: Object: 'Object Repository/ADMIN/Categories/Category/button_Browse' is clicked on

2019-11-25 09:46:04 - [MESSAGE][PASSED] - Object: 'Object Repository/ADMIN/Categories/Category/button_Browse' is clicked on

2019-11-25 09:46:04 - [TEST_STEP][PASSED] - delay: Delayed 1 second(s)

2019-11-25 09:46:05 - [MESSAGE][PASSED] - Delayed 1 second(s)

2019-11-25 09:46:05 - [TEST_STEP][FAILED] - uploadFile: Unable to upload file 'C:\\Users\\Arcadier\\git\\Trillia\\Images\\Category\\5.png' to object 'Object Repository/ADMIN/Categories/Category/image_input image' (Root cause: org.openqa.selenium.WebDriverException: invalid argument: File not found : C:\\Users\\Arcadier\\git\\Trillia\\Images\\Category\\5.png
  (Session info: chrome=78.0.3904.108)
  (Driver info: chromedriver=2.35.528161 (5b82f2d2aae0ca24b877009200ced9065a772e73),platform=Windows NT 6.1.7601 SP1 x86_64) (WARNING: The server did not provide any stacktrace information)
Command duration or timeout: 0 milliseconds
Build info: version: '3.7.1', revision: '8a0099a', time: '2017-11-06T21:07:36.161Z'
System info: host: 'APRIL-PC', ip: '10.10.31.51', os.name: 'Windows 7', os.arch: 'amd64', os.version: '6.1', java.version: '1.8.0_102'
Driver info: com.kms.katalon.selenium.driver.CChromeDriver
Capabilities {acceptInsecureCerts: false, acceptSslCerts: false, applicationCacheEnabled: false, browserConnectionEnabled: false, browserName: chrome, chrome: {chromedriverVersion: 2.35.528161 (5b82f2d2aae0ca..., userDataDir: C:\Users\April\AppData\Loca...}, cssSelectorsEnabled: true, databaseEnabled: false, handlesAlerts: true, hasTouchScreen: false, javascriptEnabled: true, locationContextEnabled: true, mobileEmulationEnabled: false, nativeEvents: true, networkConnectionEnabled: false, pageLoadStrategy: normal, platform: XP, platformName: XP, rotatable: false, setWindowRect: true, takesHeapSnapshot: true, takesScreenshot: true, unexpectedAlertBehaviour: , unhandledPromptBehavior: , version: 78.0.3904.108, webStorageEnabled: true}
Session ID: cfe3a530f1bc406e2ea68220d7af8649)

2019-11-25 09:46:06 - [MESSAGE][FAILED] - Unable to upload file 'C:\\Users\\Arcadier\\git\\Trillia\\Images\\Category\\5.png' to object 'Object Repository/ADMIN/Categories/Category/image_input image' (Root cause: org.openqa.selenium.WebDriverException: invalid argument: File not found : C:\\Users\\Arcadier\\git\\Trillia\\Images\\Category\\5.png
  (Session info: chrome=78.0.3904.108)
  (Driver info: chromedriver=2.35.528161 (5b82f2d2aae0ca24b877009200ced9065a772e73),platform=Windows NT 6.1.7601 SP1 x86_64) (WARNING: The server did not provide any stacktrace information)
Command duration or timeout: 0 milliseconds
Build info: version: '3.7.1', revision: '8a0099a', time: '2017-11-06T21:07:36.161Z'
System info: host: 'APRIL-PC', ip: '10.10.31.51', os.name: 'Windows 7', os.arch: 'amd64', os.version: '6.1', java.version: '1.8.0_102'
Driver info: com.kms.katalon.selenium.driver.CChromeDriver
Capabilities {acceptInsecureCerts: false, acceptSslCerts: false, applicationCacheEnabled: false, browserConnectionEnabled: false, browserName: chrome, chrome: {chromedriverVersion: 2.35.528161 (5b82f2d2aae0ca..., userDataDir: C:\Users\April\AppData\Loca...}, cssSelectorsEnabled: true, databaseEnabled: false, handlesAlerts: true, hasTouchScreen: false, javascriptEnabled: true, locationContextEnabled: true, mobileEmulationEnabled: false, nativeEvents: true, networkConnectionEnabled: false, pageLoadStrategy: normal, platform: XP, platformName: XP, rotatable: false, setWindowRect: true, takesHeapSnapshot: true, takesScreenshot: true, unexpectedAlertBehaviour: , unhandledPromptBehavior: , version: 78.0.3904.108, webStorageEnabled: true}
Session ID: cfe3a530f1bc406e2ea68220d7af8649)
[[ATTACHMENT|C:\\Users\\April\\git\\Trillia\\Reports\\Admin\\Categories\\Add Category\\20191125_093242\\1574646365673.png]]

2019-11-25 09:46:06 - [TEST_STEP][PASSED] - waitForElementVisible: Object 'Object Repository/ADMIN/Categories/Category/button_upload check' is visible

2019-11-25 09:46:06 - [MESSAGE][WARNING] - Timeout '0' is invalid. Using default page load timeout: '30'

2019-11-25 09:46:10 - [MESSAGE][PASSED] - Object 'Object Repository/ADMIN/Categories/Category/button_upload check' is visible

2019-11-25 09:46:10 - [TEST_STEP][PASSED] - click: Object: 'Object Repository/ADMIN/Categories/Category/button_upload check' is clicked on

2019-11-25 09:46:10 - [MESSAGE][PASSED] - Object: 'Object Repository/ADMIN/Categories/Category/button_upload check' is clicked on

2019-11-25 09:46:10 - [TEST_STEP][PASSED] - waitForElementVisible: Object 'Object Repository/ADMIN/Categories/Category/button_upload save' is visible

2019-11-25 09:46:10 - [MESSAGE][WARNING] - Timeout '0' is invalid. Using default page load timeout: '30'

2019-11-25 09:46:10 - [MESSAGE][PASSED] - Object 'Object Repository/ADMIN/Categories/Category/button_upload save' is visible

2019-11-25 09:46:10 - [TEST_STEP][PASSED] - click: Object: 'Object Repository/ADMIN/Categories/Category/button_upload save' is clicked on

2019-11-25 09:46:10 - [MESSAGE][PASSED] - Object: 'Object Repository/ADMIN/Categories/Category/button_upload save' is clicked on

2019-11-25 09:46:10 - [TEST_STEP][PASSED] - delay: Delayed 1 second(s)

2019-11-25 09:46:11 - [MESSAGE][PASSED] - Delayed 1 second(s)

2019-11-25 09:46:11 - [TEST_STEP][PASSED] - setText: Text 'Description41' is set on object 'Object Repository/ADMIN/Categories/Category/textfield_category_description'

2019-11-25 09:46:11 - [MESSAGE][PASSED] - Text 'Description41' is set on object 'Object Repository/ADMIN/Categories/Category/textfield_category_description'

2019-11-25 09:46:11 - [TEST_STEP][PASSED] - click: Object: 'Object Repository/ADMIN/Categories/Category/button_Save' is clicked on

2019-11-25 09:46:11 - [MESSAGE][PASSED] - Object: 'Object Repository/ADMIN/Categories/Category/button_Save' is clicked on

2019-11-25 09:46:11 - [TEST_STEP][PASSED] - waitForElementVisible: Object 'Object Repository/ADMIN/Categories/Category/label_edit popup' is visible

2019-11-25 09:46:11 - [MESSAGE][WARNING] - Timeout '0' is invalid. Using default page load timeout: '30'

2019-11-25 09:46:12 - [MESSAGE][PASSED] - Object 'Object Repository/ADMIN/Categories/Category/label_edit popup' is visible

2019-11-25 09:46:12 - [TEST_STEP][PASSED] - waitForElementNotPresent: Web element with id: 'Object Repository/ADMIN/Categories/Category/label_edit popup' located by 'By.xpath: //div[(text() = 'Category was successfully saved.' or . = 'Category was successfully saved.')]' is not present after '30' second(s)

2019-11-25 09:46:12 - [MESSAGE][WARNING] - Timeout '0' is invalid. Using default page load timeout: '30'

2019-11-25 09:46:18 - [MESSAGE][PASSED] - Web element with id: 'Object Repository/ADMIN/Categories/Category/label_edit popup' located by 'By.xpath: //div[(text() = 'Category was successfully saved.' or . = 'Category was successfully saved.')]' is not present after '30' second(s)]]></system-out>
         <system-err><![CDATA[2019-11-25 09:45:59 - [TEST_CASE][FAILED] - Test Cases/ADMIN/Content Mgmt/Categories/Category Add-Edit/Add Category: Test Cases/ADMIN/Content Mgmt/Categories/Category Add-Edit/Add Category FAILED because (of) Unable to upload file 'C:\\Users\\Arcadier\\git\\Trillia\\Images\\Category\\5.png' to object 'Object Repository/ADMIN/Categories/Category/image_input image' (Root cause: org.openqa.selenium.WebDriverException: invalid argument: File not found : C:\\Users\\Arcadier\\git\\Trillia\\Images\\Category\\5.png
  (Session info: chrome=78.0.3904.108)
  (Driver info: chromedriver=2.35.528161 (5b82f2d2aae0ca24b877009200ced9065a772e73),platform=Windows NT 6.1.7601 SP1 x86_64) (WARNING: The server did not provide any stacktrace information)
Command duration or timeout: 0 milliseconds
Build info: version: '3.7.1', revision: '8a0099a', time: '2017-11-06T21:07:36.161Z'
System info: host: 'APRIL-PC', ip: '10.10.31.51', os.name: 'Windows 7', os.arch: 'amd64', os.version: '6.1', java.version: '1.8.0_102'
Driver info: com.kms.katalon.selenium.driver.CChromeDriver
Capabilities {acceptInsecureCerts: false, acceptSslCerts: false, applicationCacheEnabled: false, browserConnectionEnabled: false, browserName: chrome, chrome: {chromedriverVersion: 2.35.528161 (5b82f2d2aae0ca..., userDataDir: C:\Users\April\AppData\Loca...}, cssSelectorsEnabled: true, databaseEnabled: false, handlesAlerts: true, hasTouchScreen: false, javascriptEnabled: true, locationContextEnabled: true, mobileEmulationEnabled: false, nativeEvents: true, networkConnectionEnabled: false, pageLoadStrategy: normal, platform: XP, platformName: XP, rotatable: false, setWindowRect: true, takesHeapSnapshot: true, takesScreenshot: true, unexpectedAlertBehaviour: , unhandledPromptBehavior: , version: 78.0.3904.108, webStorageEnabled: true}
Session ID: cfe3a530f1bc406e2ea68220d7af8649)]]></system-err>
      </testcase>
      <testcase name="Test Cases/ADMIN/Content Mgmt/Categories/Category Add-Edit/Add Category" classname="Test Cases/ADMIN/Content Mgmt/Categories/Category Add-Edit/Add Category" status="FAILED">
         <failure type="FAILED" message="Unable to upload file 'C:\\Users\\Arcadier\\git\\Trillia\\Images\\Category\\5.png' to object 'Object Repository/ADMIN/Categories/Category/image_input image' (Root cause: org.openqa.selenium.WebDriverException: invalid argument: File not found : C:\\Users\\Arcadier\\git\\Trillia\\Images\\Category\\5.png
  (Session info: chrome=78.0.3904.108)
  (Driver info: chromedriver=2.35.528161 (5b82f2d2aae0ca24b877009200ced9065a772e73),platform=Windows NT 6.1.7601 SP1 x86_64) (WARNING: The server did not provide any stacktrace information)
Command duration or timeout: 0 milliseconds
Build info: version: '3.7.1', revision: '8a0099a', time: '2017-11-06T21:07:36.161Z'
System info: host: 'APRIL-PC', ip: '10.10.31.51', os.name: 'Windows 7', os.arch: 'amd64', os.version: '6.1', java.version: '1.8.0_102'
Driver info: com.kms.katalon.selenium.driver.CChromeDriver
Capabilities {acceptInsecureCerts: false, acceptSslCerts: false, applicationCacheEnabled: false, browserConnectionEnabled: false, browserName: chrome, chrome: {chromedriverVersion: 2.35.528161 (5b82f2d2aae0ca..., userDataDir: C:\Users\April\AppData\Loca...}, cssSelectorsEnabled: true, databaseEnabled: false, handlesAlerts: true, hasTouchScreen: false, javascriptEnabled: true, locationContextEnabled: true, mobileEmulationEnabled: false, nativeEvents: true, networkConnectionEnabled: false, pageLoadStrategy: normal, platform: XP, platformName: XP, rotatable: false, setWindowRect: true, takesHeapSnapshot: true, takesScreenshot: true, unexpectedAlertBehaviour: , unhandledPromptBehavior: , version: 78.0.3904.108, webStorageEnabled: true}
Session ID: cfe3a530f1bc406e2ea68220d7af8649)"/>
         <system-out><![CDATA[2019-11-25 09:46:18 - [TEST_CASE][FAILED] - Test Cases/ADMIN/Content Mgmt/Categories/Category Add-Edit/Add Category: Test Cases/ADMIN/Content Mgmt/Categories/Category Add-Edit/Add Category FAILED because (of) Unable to upload file 'C:\\Users\\Arcadier\\git\\Trillia\\Images\\Category\\5.png' to object 'Object Repository/ADMIN/Categories/Category/image_input image' (Root cause: org.openqa.selenium.WebDriverException: invalid argument: File not found : C:\\Users\\Arcadier\\git\\Trillia\\Images\\Category\\5.png
  (Session info: chrome=78.0.3904.108)
  (Driver info: chromedriver=2.35.528161 (5b82f2d2aae0ca24b877009200ced9065a772e73),platform=Windows NT 6.1.7601 SP1 x86_64) (WARNING: The server did not provide any stacktrace information)
Command duration or timeout: 0 milliseconds
Build info: version: '3.7.1', revision: '8a0099a', time: '2017-11-06T21:07:36.161Z'
System info: host: 'APRIL-PC', ip: '10.10.31.51', os.name: 'Windows 7', os.arch: 'amd64', os.version: '6.1', java.version: '1.8.0_102'
Driver info: com.kms.katalon.selenium.driver.CChromeDriver
Capabilities {acceptInsecureCerts: false, acceptSslCerts: false, applicationCacheEnabled: false, browserConnectionEnabled: false, browserName: chrome, chrome: {chromedriverVersion: 2.35.528161 (5b82f2d2aae0ca..., userDataDir: C:\Users\April\AppData\Loca...}, cssSelectorsEnabled: true, databaseEnabled: false, handlesAlerts: true, hasTouchScreen: false, javascriptEnabled: true, locationContextEnabled: true, mobileEmulationEnabled: false, nativeEvents: true, networkConnectionEnabled: false, pageLoadStrategy: normal, platform: XP, platformName: XP, rotatable: false, setWindowRect: true, takesHeapSnapshot: true, takesScreenshot: true, unexpectedAlertBehaviour: , unhandledPromptBehavior: , version: 78.0.3904.108, webStorageEnabled: true}
Session ID: cfe3a530f1bc406e2ea68220d7af8649)

2019-11-25 09:46:18 - [TEST_STEP][PASSED] - waitForElementVisible: Object 'Object Repository/ADMIN/Categories/Category List/button_Content Mgmt' is visible

2019-11-25 09:46:18 - [MESSAGE][WARNING] - Timeout '0' is invalid. Using default page load timeout: '30'

2019-11-25 09:46:18 - [MESSAGE][PASSED] - Object 'Object Repository/ADMIN/Categories/Category List/button_Content Mgmt' is visible

2019-11-25 09:46:18 - [TEST_STEP][PASSED] - click: Object: 'Object Repository/ADMIN/Categories/Category List/button_Content Mgmt' is clicked on

2019-11-25 09:46:18 - [MESSAGE][PASSED] - Object: 'Object Repository/ADMIN/Categories/Category List/button_Content Mgmt' is clicked on

2019-11-25 09:46:18 - [TEST_STEP][PASSED] - waitForElementVisible: Object 'Object Repository/ADMIN/Categories/Category List/button_Categories' is visible

2019-11-25 09:46:18 - [MESSAGE][WARNING] - Timeout '0' is invalid. Using default page load timeout: '30'

2019-11-25 09:46:18 - [MESSAGE][PASSED] - Object 'Object Repository/ADMIN/Categories/Category List/button_Categories' is visible

2019-11-25 09:46:18 - [TEST_STEP][PASSED] - click: Object: 'Object Repository/ADMIN/Categories/Category List/button_Categories' is clicked on

2019-11-25 09:46:19 - [MESSAGE][PASSED] - Object: 'Object Repository/ADMIN/Categories/Category List/button_Categories' is clicked on

2019-11-25 09:46:19 - [TEST_STEP][PASSED] - click: Object: 'Object Repository/ADMIN/Categories/Category List/button_AddACategory' is clicked on

2019-11-25 09:46:20 - [MESSAGE][PASSED] - Object: 'Object Repository/ADMIN/Categories/Category List/button_AddACategory' is clicked on

2019-11-25 09:46:20 - [TEST_STEP][PASSED] - waitForElementPresent: Object 'Object Repository/ADMIN/Categories/Category/dropdown_Parent' is present

2019-11-25 09:46:20 - [MESSAGE][PASSED] - Object 'Object Repository/ADMIN/Categories/Category/dropdown_Parent' is present

2019-11-25 09:46:20 - [TEST_STEP][PASSED] - delay: Delayed 1 second(s)

2019-11-25 09:46:21 - [MESSAGE][PASSED] - Delayed 1 second(s)

2019-11-25 09:46:21 - [TEST_STEP][PASSED] - setText: Text 'Category 5.1.10' is set on object 'Object Repository/ADMIN/Categories/Category/textfield_Category Name'

2019-11-25 09:46:21 - [MESSAGE][PASSED] - Text 'Category 5.1.10' is set on object 'Object Repository/ADMIN/Categories/Category/textfield_Category Name'

2019-11-25 09:46:21 - [TEST_STEP][PASSED] - click: Object: 'Object Repository/ADMIN/Categories/Category/dropdown_Parent' is clicked on

2019-11-25 09:46:21 - [MESSAGE][PASSED] - Object: 'Object Repository/ADMIN/Categories/Category/dropdown_Parent' is clicked on

2019-11-25 09:46:21 - [TEST_STEP][PASSED] - delay: Delayed 2 second(s)

2019-11-25 09:46:23 - [MESSAGE][PASSED] - Delayed 2 second(s)

2019-11-25 09:46:23 - [TEST_STEP][PASSED] - click: Object: 'Object Repository/ADMIN/Categories/Category/dropdown_Parent' is clicked on

2019-11-25 09:46:23 - [MESSAGE][PASSED] - Object: 'Object Repository/ADMIN/Categories/Category/dropdown_Parent' is clicked on

2019-11-25 09:46:23 - [TEST_STEP][PASSED] - selectOptionByLabel: All options with label 'Category 5.1' are selected in object 'Object Repository/ADMIN/Categories/Category/dropdown_Parent' 

2019-11-25 09:46:23 - [MESSAGE][PASSED] - All options with label 'Category 5.1' are selected in object 'Object Repository/ADMIN/Categories/Category/dropdown_Parent' 

2019-11-25 09:46:23 - [TEST_STEP][PASSED] - click: Object: 'Object Repository/ADMIN/Categories/Category/button_Browse' is clicked on

2019-11-25 09:46:23 - [MESSAGE][PASSED] - Object: 'Object Repository/ADMIN/Categories/Category/button_Browse' is clicked on

2019-11-25 09:46:23 - [TEST_STEP][PASSED] - delay: Delayed 1 second(s)

2019-11-25 09:46:24 - [MESSAGE][PASSED] - Delayed 1 second(s)

2019-11-25 09:46:24 - [TEST_STEP][FAILED] - uploadFile: Unable to upload file 'C:\\Users\\Arcadier\\git\\Trillia\\Images\\Category\\5.png' to object 'Object Repository/ADMIN/Categories/Category/image_input image' (Root cause: org.openqa.selenium.WebDriverException: invalid argument: File not found : C:\\Users\\Arcadier\\git\\Trillia\\Images\\Category\\5.png
  (Session info: chrome=78.0.3904.108)
  (Driver info: chromedriver=2.35.528161 (5b82f2d2aae0ca24b877009200ced9065a772e73),platform=Windows NT 6.1.7601 SP1 x86_64) (WARNING: The server did not provide any stacktrace information)
Command duration or timeout: 0 milliseconds
Build info: version: '3.7.1', revision: '8a0099a', time: '2017-11-06T21:07:36.161Z'
System info: host: 'APRIL-PC', ip: '10.10.31.51', os.name: 'Windows 7', os.arch: 'amd64', os.version: '6.1', java.version: '1.8.0_102'
Driver info: com.kms.katalon.selenium.driver.CChromeDriver
Capabilities {acceptInsecureCerts: false, acceptSslCerts: false, applicationCacheEnabled: false, browserConnectionEnabled: false, browserName: chrome, chrome: {chromedriverVersion: 2.35.528161 (5b82f2d2aae0ca..., userDataDir: C:\Users\April\AppData\Loca...}, cssSelectorsEnabled: true, databaseEnabled: false, handlesAlerts: true, hasTouchScreen: false, javascriptEnabled: true, locationContextEnabled: true, mobileEmulationEnabled: false, nativeEvents: true, networkConnectionEnabled: false, pageLoadStrategy: normal, platform: XP, platformName: XP, rotatable: false, setWindowRect: true, takesHeapSnapshot: true, takesScreenshot: true, unexpectedAlertBehaviour: , unhandledPromptBehavior: , version: 78.0.3904.108, webStorageEnabled: true}
Session ID: cfe3a530f1bc406e2ea68220d7af8649)

2019-11-25 09:46:25 - [MESSAGE][FAILED] - Unable to upload file 'C:\\Users\\Arcadier\\git\\Trillia\\Images\\Category\\5.png' to object 'Object Repository/ADMIN/Categories/Category/image_input image' (Root cause: org.openqa.selenium.WebDriverException: invalid argument: File not found : C:\\Users\\Arcadier\\git\\Trillia\\Images\\Category\\5.png
  (Session info: chrome=78.0.3904.108)
  (Driver info: chromedriver=2.35.528161 (5b82f2d2aae0ca24b877009200ced9065a772e73),platform=Windows NT 6.1.7601 SP1 x86_64) (WARNING: The server did not provide any stacktrace information)
Command duration or timeout: 0 milliseconds
Build info: version: '3.7.1', revision: '8a0099a', time: '2017-11-06T21:07:36.161Z'
System info: host: 'APRIL-PC', ip: '10.10.31.51', os.name: 'Windows 7', os.arch: 'amd64', os.version: '6.1', java.version: '1.8.0_102'
Driver info: com.kms.katalon.selenium.driver.CChromeDriver
Capabilities {acceptInsecureCerts: false, acceptSslCerts: false, applicationCacheEnabled: false, browserConnectionEnabled: false, browserName: chrome, chrome: {chromedriverVersion: 2.35.528161 (5b82f2d2aae0ca..., userDataDir: C:\Users\April\AppData\Loca...}, cssSelectorsEnabled: true, databaseEnabled: false, handlesAlerts: true, hasTouchScreen: false, javascriptEnabled: true, locationContextEnabled: true, mobileEmulationEnabled: false, nativeEvents: true, networkConnectionEnabled: false, pageLoadStrategy: normal, platform: XP, platformName: XP, rotatable: false, setWindowRect: true, takesHeapSnapshot: true, takesScreenshot: true, unexpectedAlertBehaviour: , unhandledPromptBehavior: , version: 78.0.3904.108, webStorageEnabled: true}
Session ID: cfe3a530f1bc406e2ea68220d7af8649)
[[ATTACHMENT|C:\\Users\\April\\git\\Trillia\\Reports\\Admin\\Categories\\Add Category\\20191125_093242\\1574646384990.png]]

2019-11-25 09:46:25 - [TEST_STEP][PASSED] - waitForElementVisible: Object 'Object Repository/ADMIN/Categories/Category/button_upload check' is visible

2019-11-25 09:46:25 - [MESSAGE][WARNING] - Timeout '0' is invalid. Using default page load timeout: '30'

2019-11-25 09:46:37 - [MESSAGE][PASSED] - Object 'Object Repository/ADMIN/Categories/Category/button_upload check' is visible

2019-11-25 09:46:37 - [TEST_STEP][PASSED] - click: Object: 'Object Repository/ADMIN/Categories/Category/button_upload check' is clicked on

2019-11-25 09:46:37 - [MESSAGE][PASSED] - Object: 'Object Repository/ADMIN/Categories/Category/button_upload check' is clicked on

2019-11-25 09:46:37 - [TEST_STEP][PASSED] - waitForElementVisible: Object 'Object Repository/ADMIN/Categories/Category/button_upload save' is visible

2019-11-25 09:46:37 - [MESSAGE][WARNING] - Timeout '0' is invalid. Using default page load timeout: '30'

2019-11-25 09:46:37 - [MESSAGE][PASSED] - Object 'Object Repository/ADMIN/Categories/Category/button_upload save' is visible

2019-11-25 09:46:37 - [TEST_STEP][PASSED] - click: Object: 'Object Repository/ADMIN/Categories/Category/button_upload save' is clicked on

2019-11-25 09:46:37 - [MESSAGE][PASSED] - Object: 'Object Repository/ADMIN/Categories/Category/button_upload save' is clicked on

2019-11-25 09:46:37 - [TEST_STEP][PASSED] - delay: Delayed 1 second(s)

2019-11-25 09:46:38 - [MESSAGE][PASSED] - Delayed 1 second(s)

2019-11-25 09:46:38 - [TEST_STEP][PASSED] - setText: Text 'Description42' is set on object 'Object Repository/ADMIN/Categories/Category/textfield_category_description'

2019-11-25 09:46:38 - [MESSAGE][PASSED] - Text 'Description42' is set on object 'Object Repository/ADMIN/Categories/Category/textfield_category_description'

2019-11-25 09:46:38 - [TEST_STEP][PASSED] - click: Object: 'Object Repository/ADMIN/Categories/Category/button_Save' is clicked on

2019-11-25 09:46:38 - [MESSAGE][PASSED] - Object: 'Object Repository/ADMIN/Categories/Category/button_Save' is clicked on

2019-11-25 09:46:38 - [TEST_STEP][PASSED] - waitForElementVisible: Object 'Object Repository/ADMIN/Categories/Category/label_edit popup' is visible

2019-11-25 09:46:38 - [MESSAGE][WARNING] - Timeout '0' is invalid. Using default page load timeout: '30'

2019-11-25 09:46:39 - [MESSAGE][PASSED] - Object 'Object Repository/ADMIN/Categories/Category/label_edit popup' is visible

2019-11-25 09:46:39 - [TEST_STEP][PASSED] - waitForElementNotPresent: Web element with id: 'Object Repository/ADMIN/Categories/Category/label_edit popup' located by 'By.xpath: //div[(text() = 'Category was successfully saved.' or . = 'Category was successfully saved.')]' is not present after '30' second(s)

2019-11-25 09:46:39 - [MESSAGE][WARNING] - Timeout '0' is invalid. Using default page load timeout: '30'

2019-11-25 09:46:45 - [MESSAGE][PASSED] - Web element with id: 'Object Repository/ADMIN/Categories/Category/label_edit popup' located by 'By.xpath: //div[(text() = 'Category was successfully saved.' or . = 'Category was successfully saved.')]' is not present after '30' second(s)]]></system-out>
         <system-err><![CDATA[2019-11-25 09:46:18 - [TEST_CASE][FAILED] - Test Cases/ADMIN/Content Mgmt/Categories/Category Add-Edit/Add Category: Test Cases/ADMIN/Content Mgmt/Categories/Category Add-Edit/Add Category FAILED because (of) Unable to upload file 'C:\\Users\\Arcadier\\git\\Trillia\\Images\\Category\\5.png' to object 'Object Repository/ADMIN/Categories/Category/image_input image' (Root cause: org.openqa.selenium.WebDriverException: invalid argument: File not found : C:\\Users\\Arcadier\\git\\Trillia\\Images\\Category\\5.png
  (Session info: chrome=78.0.3904.108)
  (Driver info: chromedriver=2.35.528161 (5b82f2d2aae0ca24b877009200ced9065a772e73),platform=Windows NT 6.1.7601 SP1 x86_64) (WARNING: The server did not provide any stacktrace information)
Command duration or timeout: 0 milliseconds
Build info: version: '3.7.1', revision: '8a0099a', time: '2017-11-06T21:07:36.161Z'
System info: host: 'APRIL-PC', ip: '10.10.31.51', os.name: 'Windows 7', os.arch: 'amd64', os.version: '6.1', java.version: '1.8.0_102'
Driver info: com.kms.katalon.selenium.driver.CChromeDriver
Capabilities {acceptInsecureCerts: false, acceptSslCerts: false, applicationCacheEnabled: false, browserConnectionEnabled: false, browserName: chrome, chrome: {chromedriverVersion: 2.35.528161 (5b82f2d2aae0ca..., userDataDir: C:\Users\April\AppData\Loca...}, cssSelectorsEnabled: true, databaseEnabled: false, handlesAlerts: true, hasTouchScreen: false, javascriptEnabled: true, locationContextEnabled: true, mobileEmulationEnabled: false, nativeEvents: true, networkConnectionEnabled: false, pageLoadStrategy: normal, platform: XP, platformName: XP, rotatable: false, setWindowRect: true, takesHeapSnapshot: true, takesScreenshot: true, unexpectedAlertBehaviour: , unhandledPromptBehavior: , version: 78.0.3904.108, webStorageEnabled: true}
Session ID: cfe3a530f1bc406e2ea68220d7af8649)]]></system-err>
      </testcase>
      <testcase name="Test Cases/ADMIN/Content Mgmt/Categories/Category Add-Edit/Add Category" classname="Test Cases/ADMIN/Content Mgmt/Categories/Category Add-Edit/Add Category" status="FAILED">
         <failure type="FAILED" message="Unable to upload file 'C:\\Users\\Arcadier\\git\\Trillia\\Images\\Category\\5.png' to object 'Object Repository/ADMIN/Categories/Category/image_input image' (Root cause: org.openqa.selenium.WebDriverException: invalid argument: File not found : C:\\Users\\Arcadier\\git\\Trillia\\Images\\Category\\5.png
  (Session info: chrome=78.0.3904.108)
  (Driver info: chromedriver=2.35.528161 (5b82f2d2aae0ca24b877009200ced9065a772e73),platform=Windows NT 6.1.7601 SP1 x86_64) (WARNING: The server did not provide any stacktrace information)
Command duration or timeout: 0 milliseconds
Build info: version: '3.7.1', revision: '8a0099a', time: '2017-11-06T21:07:36.161Z'
System info: host: 'APRIL-PC', ip: '10.10.31.51', os.name: 'Windows 7', os.arch: 'amd64', os.version: '6.1', java.version: '1.8.0_102'
Driver info: com.kms.katalon.selenium.driver.CChromeDriver
Capabilities {acceptInsecureCerts: false, acceptSslCerts: false, applicationCacheEnabled: false, browserConnectionEnabled: false, browserName: chrome, chrome: {chromedriverVersion: 2.35.528161 (5b82f2d2aae0ca..., userDataDir: C:\Users\April\AppData\Loca...}, cssSelectorsEnabled: true, databaseEnabled: false, handlesAlerts: true, hasTouchScreen: false, javascriptEnabled: true, locationContextEnabled: true, mobileEmulationEnabled: false, nativeEvents: true, networkConnectionEnabled: false, pageLoadStrategy: normal, platform: XP, platformName: XP, rotatable: false, setWindowRect: true, takesHeapSnapshot: true, takesScreenshot: true, unexpectedAlertBehaviour: , unhandledPromptBehavior: , version: 78.0.3904.108, webStorageEnabled: true}
Session ID: cfe3a530f1bc406e2ea68220d7af8649)"/>
         <system-out><![CDATA[2019-11-25 09:46:45 - [TEST_CASE][FAILED] - Test Cases/ADMIN/Content Mgmt/Categories/Category Add-Edit/Add Category: Test Cases/ADMIN/Content Mgmt/Categories/Category Add-Edit/Add Category FAILED because (of) Unable to upload file 'C:\\Users\\Arcadier\\git\\Trillia\\Images\\Category\\5.png' to object 'Object Repository/ADMIN/Categories/Category/image_input image' (Root cause: org.openqa.selenium.WebDriverException: invalid argument: File not found : C:\\Users\\Arcadier\\git\\Trillia\\Images\\Category\\5.png
  (Session info: chrome=78.0.3904.108)
  (Driver info: chromedriver=2.35.528161 (5b82f2d2aae0ca24b877009200ced9065a772e73),platform=Windows NT 6.1.7601 SP1 x86_64) (WARNING: The server did not provide any stacktrace information)
Command duration or timeout: 0 milliseconds
Build info: version: '3.7.1', revision: '8a0099a', time: '2017-11-06T21:07:36.161Z'
System info: host: 'APRIL-PC', ip: '10.10.31.51', os.name: 'Windows 7', os.arch: 'amd64', os.version: '6.1', java.version: '1.8.0_102'
Driver info: com.kms.katalon.selenium.driver.CChromeDriver
Capabilities {acceptInsecureCerts: false, acceptSslCerts: false, applicationCacheEnabled: false, browserConnectionEnabled: false, browserName: chrome, chrome: {chromedriverVersion: 2.35.528161 (5b82f2d2aae0ca..., userDataDir: C:\Users\April\AppData\Loca...}, cssSelectorsEnabled: true, databaseEnabled: false, handlesAlerts: true, hasTouchScreen: false, javascriptEnabled: true, locationContextEnabled: true, mobileEmulationEnabled: false, nativeEvents: true, networkConnectionEnabled: false, pageLoadStrategy: normal, platform: XP, platformName: XP, rotatable: false, setWindowRect: true, takesHeapSnapshot: true, takesScreenshot: true, unexpectedAlertBehaviour: , unhandledPromptBehavior: , version: 78.0.3904.108, webStorageEnabled: true}
Session ID: cfe3a530f1bc406e2ea68220d7af8649)

2019-11-25 09:46:45 - [TEST_STEP][PASSED] - waitForElementVisible: Object 'Object Repository/ADMIN/Categories/Category List/button_Content Mgmt' is visible

2019-11-25 09:46:45 - [MESSAGE][WARNING] - Timeout '0' is invalid. Using default page load timeout: '30'

2019-11-25 09:46:45 - [MESSAGE][PASSED] - Object 'Object Repository/ADMIN/Categories/Category List/button_Content Mgmt' is visible

2019-11-25 09:46:45 - [TEST_STEP][PASSED] - click: Object: 'Object Repository/ADMIN/Categories/Category List/button_Content Mgmt' is clicked on

2019-11-25 09:46:45 - [MESSAGE][PASSED] - Object: 'Object Repository/ADMIN/Categories/Category List/button_Content Mgmt' is clicked on

2019-11-25 09:46:45 - [TEST_STEP][PASSED] - waitForElementVisible: Object 'Object Repository/ADMIN/Categories/Category List/button_Categories' is visible

2019-11-25 09:46:45 - [MESSAGE][WARNING] - Timeout '0' is invalid. Using default page load timeout: '30'

2019-11-25 09:46:45 - [MESSAGE][PASSED] - Object 'Object Repository/ADMIN/Categories/Category List/button_Categories' is visible

2019-11-25 09:46:45 - [TEST_STEP][PASSED] - click: Object: 'Object Repository/ADMIN/Categories/Category List/button_Categories' is clicked on

2019-11-25 09:46:45 - [MESSAGE][PASSED] - Object: 'Object Repository/ADMIN/Categories/Category List/button_Categories' is clicked on

2019-11-25 09:46:45 - [TEST_STEP][PASSED] - click: Object: 'Object Repository/ADMIN/Categories/Category List/button_AddACategory' is clicked on

2019-11-25 09:46:45 - [MESSAGE][PASSED] - Object: 'Object Repository/ADMIN/Categories/Category List/button_AddACategory' is clicked on

2019-11-25 09:46:45 - [TEST_STEP][PASSED] - waitForElementPresent: Object 'Object Repository/ADMIN/Categories/Category/dropdown_Parent' is present

2019-11-25 09:46:45 - [MESSAGE][PASSED] - Object 'Object Repository/ADMIN/Categories/Category/dropdown_Parent' is present

2019-11-25 09:46:45 - [TEST_STEP][PASSED] - delay: Delayed 1 second(s)

2019-11-25 09:46:46 - [MESSAGE][PASSED] - Delayed 1 second(s)

2019-11-25 09:46:46 - [TEST_STEP][PASSED] - setText: Text 'Category 5.1.11' is set on object 'Object Repository/ADMIN/Categories/Category/textfield_Category Name'

2019-11-25 09:46:47 - [MESSAGE][PASSED] - Text 'Category 5.1.11' is set on object 'Object Repository/ADMIN/Categories/Category/textfield_Category Name'

2019-11-25 09:46:47 - [TEST_STEP][PASSED] - click: Object: 'Object Repository/ADMIN/Categories/Category/dropdown_Parent' is clicked on

2019-11-25 09:46:47 - [MESSAGE][PASSED] - Object: 'Object Repository/ADMIN/Categories/Category/dropdown_Parent' is clicked on

2019-11-25 09:46:47 - [TEST_STEP][PASSED] - delay: Delayed 2 second(s)

2019-11-25 09:46:50 - [MESSAGE][PASSED] - Delayed 2 second(s)

2019-11-25 09:46:50 - [TEST_STEP][PASSED] - click: Object: 'Object Repository/ADMIN/Categories/Category/dropdown_Parent' is clicked on

2019-11-25 09:46:50 - [MESSAGE][PASSED] - Object: 'Object Repository/ADMIN/Categories/Category/dropdown_Parent' is clicked on

2019-11-25 09:46:50 - [TEST_STEP][PASSED] - selectOptionByLabel: All options with label 'Category 5.1' are selected in object 'Object Repository/ADMIN/Categories/Category/dropdown_Parent' 

2019-11-25 09:46:50 - [MESSAGE][PASSED] - All options with label 'Category 5.1' are selected in object 'Object Repository/ADMIN/Categories/Category/dropdown_Parent' 

2019-11-25 09:46:50 - [TEST_STEP][PASSED] - click: Object: 'Object Repository/ADMIN/Categories/Category/button_Browse' is clicked on

2019-11-25 09:46:50 - [MESSAGE][PASSED] - Object: 'Object Repository/ADMIN/Categories/Category/button_Browse' is clicked on

2019-11-25 09:46:50 - [TEST_STEP][PASSED] - delay: Delayed 1 second(s)

2019-11-25 09:46:51 - [MESSAGE][PASSED] - Delayed 1 second(s)

2019-11-25 09:46:51 - [TEST_STEP][FAILED] - uploadFile: Unable to upload file 'C:\\Users\\Arcadier\\git\\Trillia\\Images\\Category\\5.png' to object 'Object Repository/ADMIN/Categories/Category/image_input image' (Root cause: org.openqa.selenium.WebDriverException: invalid argument: File not found : C:\\Users\\Arcadier\\git\\Trillia\\Images\\Category\\5.png
  (Session info: chrome=78.0.3904.108)
  (Driver info: chromedriver=2.35.528161 (5b82f2d2aae0ca24b877009200ced9065a772e73),platform=Windows NT 6.1.7601 SP1 x86_64) (WARNING: The server did not provide any stacktrace information)
Command duration or timeout: 0 milliseconds
Build info: version: '3.7.1', revision: '8a0099a', time: '2017-11-06T21:07:36.161Z'
System info: host: 'APRIL-PC', ip: '10.10.31.51', os.name: 'Windows 7', os.arch: 'amd64', os.version: '6.1', java.version: '1.8.0_102'
Driver info: com.kms.katalon.selenium.driver.CChromeDriver
Capabilities {acceptInsecureCerts: false, acceptSslCerts: false, applicationCacheEnabled: false, browserConnectionEnabled: false, browserName: chrome, chrome: {chromedriverVersion: 2.35.528161 (5b82f2d2aae0ca..., userDataDir: C:\Users\April\AppData\Loca...}, cssSelectorsEnabled: true, databaseEnabled: false, handlesAlerts: true, hasTouchScreen: false, javascriptEnabled: true, locationContextEnabled: true, mobileEmulationEnabled: false, nativeEvents: true, networkConnectionEnabled: false, pageLoadStrategy: normal, platform: XP, platformName: XP, rotatable: false, setWindowRect: true, takesHeapSnapshot: true, takesScreenshot: true, unexpectedAlertBehaviour: , unhandledPromptBehavior: , version: 78.0.3904.108, webStorageEnabled: true}
Session ID: cfe3a530f1bc406e2ea68220d7af8649)

2019-11-25 09:46:52 - [MESSAGE][FAILED] - Unable to upload file 'C:\\Users\\Arcadier\\git\\Trillia\\Images\\Category\\5.png' to object 'Object Repository/ADMIN/Categories/Category/image_input image' (Root cause: org.openqa.selenium.WebDriverException: invalid argument: File not found : C:\\Users\\Arcadier\\git\\Trillia\\Images\\Category\\5.png
  (Session info: chrome=78.0.3904.108)
  (Driver info: chromedriver=2.35.528161 (5b82f2d2aae0ca24b877009200ced9065a772e73),platform=Windows NT 6.1.7601 SP1 x86_64) (WARNING: The server did not provide any stacktrace information)
Command duration or timeout: 0 milliseconds
Build info: version: '3.7.1', revision: '8a0099a', time: '2017-11-06T21:07:36.161Z'
System info: host: 'APRIL-PC', ip: '10.10.31.51', os.name: 'Windows 7', os.arch: 'amd64', os.version: '6.1', java.version: '1.8.0_102'
Driver info: com.kms.katalon.selenium.driver.CChromeDriver
Capabilities {acceptInsecureCerts: false, acceptSslCerts: false, applicationCacheEnabled: false, browserConnectionEnabled: false, browserName: chrome, chrome: {chromedriverVersion: 2.35.528161 (5b82f2d2aae0ca..., userDataDir: C:\Users\April\AppData\Loca...}, cssSelectorsEnabled: true, databaseEnabled: false, handlesAlerts: true, hasTouchScreen: false, javascriptEnabled: true, locationContextEnabled: true, mobileEmulationEnabled: false, nativeEvents: true, networkConnectionEnabled: false, pageLoadStrategy: normal, platform: XP, platformName: XP, rotatable: false, setWindowRect: true, takesHeapSnapshot: true, takesScreenshot: true, unexpectedAlertBehaviour: , unhandledPromptBehavior: , version: 78.0.3904.108, webStorageEnabled: true}
Session ID: cfe3a530f1bc406e2ea68220d7af8649)
[[ATTACHMENT|C:\\Users\\April\\git\\Trillia\\Reports\\Admin\\Categories\\Add Category\\20191125_093242\\1574646411824.png]]

2019-11-25 09:46:52 - [TEST_STEP][PASSED] - waitForElementVisible: Object 'Object Repository/ADMIN/Categories/Category/button_upload check' is visible

2019-11-25 09:46:52 - [MESSAGE][WARNING] - Timeout '0' is invalid. Using default page load timeout: '30'

2019-11-25 09:46:57 - [MESSAGE][PASSED] - Object 'Object Repository/ADMIN/Categories/Category/button_upload check' is visible

2019-11-25 09:46:57 - [TEST_STEP][PASSED] - click: Object: 'Object Repository/ADMIN/Categories/Category/button_upload check' is clicked on

2019-11-25 09:46:57 - [MESSAGE][PASSED] - Object: 'Object Repository/ADMIN/Categories/Category/button_upload check' is clicked on

2019-11-25 09:46:57 - [TEST_STEP][PASSED] - waitForElementVisible: Object 'Object Repository/ADMIN/Categories/Category/button_upload save' is visible

2019-11-25 09:46:57 - [MESSAGE][WARNING] - Timeout '0' is invalid. Using default page load timeout: '30'

2019-11-25 09:46:57 - [MESSAGE][PASSED] - Object 'Object Repository/ADMIN/Categories/Category/button_upload save' is visible

2019-11-25 09:46:57 - [TEST_STEP][PASSED] - click: Object: 'Object Repository/ADMIN/Categories/Category/button_upload save' is clicked on

2019-11-25 09:46:58 - [MESSAGE][PASSED] - Object: 'Object Repository/ADMIN/Categories/Category/button_upload save' is clicked on

2019-11-25 09:46:58 - [TEST_STEP][PASSED] - delay: Delayed 1 second(s)

2019-11-25 09:46:59 - [MESSAGE][PASSED] - Delayed 1 second(s)

2019-11-25 09:46:59 - [TEST_STEP][PASSED] - setText: Text 'Description43' is set on object 'Object Repository/ADMIN/Categories/Category/textfield_category_description'

2019-11-25 09:46:59 - [MESSAGE][PASSED] - Text 'Description43' is set on object 'Object Repository/ADMIN/Categories/Category/textfield_category_description'

2019-11-25 09:46:59 - [TEST_STEP][PASSED] - click: Object: 'Object Repository/ADMIN/Categories/Category/button_Save' is clicked on

2019-11-25 09:46:59 - [MESSAGE][PASSED] - Object: 'Object Repository/ADMIN/Categories/Category/button_Save' is clicked on

2019-11-25 09:46:59 - [TEST_STEP][PASSED] - waitForElementVisible: Object 'Object Repository/ADMIN/Categories/Category/label_edit popup' is visible

2019-11-25 09:46:59 - [MESSAGE][WARNING] - Timeout '0' is invalid. Using default page load timeout: '30'

2019-11-25 09:47:00 - [MESSAGE][PASSED] - Object 'Object Repository/ADMIN/Categories/Category/label_edit popup' is visible

2019-11-25 09:47:00 - [TEST_STEP][PASSED] - waitForElementNotPresent: Web element with id: 'Object Repository/ADMIN/Categories/Category/label_edit popup' located by 'By.xpath: //div[(text() = 'Category was successfully saved.' or . = 'Category was successfully saved.')]' is not present after '30' second(s)

2019-11-25 09:47:00 - [MESSAGE][WARNING] - Timeout '0' is invalid. Using default page load timeout: '30'

2019-11-25 09:47:06 - [MESSAGE][PASSED] - Web element with id: 'Object Repository/ADMIN/Categories/Category/label_edit popup' located by 'By.xpath: //div[(text() = 'Category was successfully saved.' or . = 'Category was successfully saved.')]' is not present after '30' second(s)]]></system-out>
         <system-err><![CDATA[2019-11-25 09:46:45 - [TEST_CASE][FAILED] - Test Cases/ADMIN/Content Mgmt/Categories/Category Add-Edit/Add Category: Test Cases/ADMIN/Content Mgmt/Categories/Category Add-Edit/Add Category FAILED because (of) Unable to upload file 'C:\\Users\\Arcadier\\git\\Trillia\\Images\\Category\\5.png' to object 'Object Repository/ADMIN/Categories/Category/image_input image' (Root cause: org.openqa.selenium.WebDriverException: invalid argument: File not found : C:\\Users\\Arcadier\\git\\Trillia\\Images\\Category\\5.png
  (Session info: chrome=78.0.3904.108)
  (Driver info: chromedriver=2.35.528161 (5b82f2d2aae0ca24b877009200ced9065a772e73),platform=Windows NT 6.1.7601 SP1 x86_64) (WARNING: The server did not provide any stacktrace information)
Command duration or timeout: 0 milliseconds
Build info: version: '3.7.1', revision: '8a0099a', time: '2017-11-06T21:07:36.161Z'
System info: host: 'APRIL-PC', ip: '10.10.31.51', os.name: 'Windows 7', os.arch: 'amd64', os.version: '6.1', java.version: '1.8.0_102'
Driver info: com.kms.katalon.selenium.driver.CChromeDriver
Capabilities {acceptInsecureCerts: false, acceptSslCerts: false, applicationCacheEnabled: false, browserConnectionEnabled: false, browserName: chrome, chrome: {chromedriverVersion: 2.35.528161 (5b82f2d2aae0ca..., userDataDir: C:\Users\April\AppData\Loca...}, cssSelectorsEnabled: true, databaseEnabled: false, handlesAlerts: true, hasTouchScreen: false, javascriptEnabled: true, locationContextEnabled: true, mobileEmulationEnabled: false, nativeEvents: true, networkConnectionEnabled: false, pageLoadStrategy: normal, platform: XP, platformName: XP, rotatable: false, setWindowRect: true, takesHeapSnapshot: true, takesScreenshot: true, unexpectedAlertBehaviour: , unhandledPromptBehavior: , version: 78.0.3904.108, webStorageEnabled: true}
Session ID: cfe3a530f1bc406e2ea68220d7af8649)]]></system-err>
      </testcase>
      <testcase name="Test Cases/ADMIN/Content Mgmt/Categories/Category Add-Edit/Add Category" classname="Test Cases/ADMIN/Content Mgmt/Categories/Category Add-Edit/Add Category" status="FAILED">
         <failure type="FAILED" message="Unable to upload file 'C:\\Users\\Arcadier\\git\\Trillia\\Images\\Category\\5.png' to object 'Object Repository/ADMIN/Categories/Category/image_input image' (Root cause: org.openqa.selenium.WebDriverException: invalid argument: File not found : C:\\Users\\Arcadier\\git\\Trillia\\Images\\Category\\5.png
  (Session info: chrome=78.0.3904.108)
  (Driver info: chromedriver=2.35.528161 (5b82f2d2aae0ca24b877009200ced9065a772e73),platform=Windows NT 6.1.7601 SP1 x86_64) (WARNING: The server did not provide any stacktrace information)
Command duration or timeout: 0 milliseconds
Build info: version: '3.7.1', revision: '8a0099a', time: '2017-11-06T21:07:36.161Z'
System info: host: 'APRIL-PC', ip: '10.10.31.51', os.name: 'Windows 7', os.arch: 'amd64', os.version: '6.1', java.version: '1.8.0_102'
Driver info: com.kms.katalon.selenium.driver.CChromeDriver
Capabilities {acceptInsecureCerts: false, acceptSslCerts: false, applicationCacheEnabled: false, browserConnectionEnabled: false, browserName: chrome, chrome: {chromedriverVersion: 2.35.528161 (5b82f2d2aae0ca..., userDataDir: C:\Users\April\AppData\Loca...}, cssSelectorsEnabled: true, databaseEnabled: false, handlesAlerts: true, hasTouchScreen: false, javascriptEnabled: true, locationContextEnabled: true, mobileEmulationEnabled: false, nativeEvents: true, networkConnectionEnabled: false, pageLoadStrategy: normal, platform: XP, platformName: XP, rotatable: false, setWindowRect: true, takesHeapSnapshot: true, takesScreenshot: true, unexpectedAlertBehaviour: , unhandledPromptBehavior: , version: 78.0.3904.108, webStorageEnabled: true}
Session ID: cfe3a530f1bc406e2ea68220d7af8649)"/>
         <system-out><![CDATA[2019-11-25 09:47:06 - [TEST_CASE][FAILED] - Test Cases/ADMIN/Content Mgmt/Categories/Category Add-Edit/Add Category: Test Cases/ADMIN/Content Mgmt/Categories/Category Add-Edit/Add Category FAILED because (of) Unable to upload file 'C:\\Users\\Arcadier\\git\\Trillia\\Images\\Category\\5.png' to object 'Object Repository/ADMIN/Categories/Category/image_input image' (Root cause: org.openqa.selenium.WebDriverException: invalid argument: File not found : C:\\Users\\Arcadier\\git\\Trillia\\Images\\Category\\5.png
  (Session info: chrome=78.0.3904.108)
  (Driver info: chromedriver=2.35.528161 (5b82f2d2aae0ca24b877009200ced9065a772e73),platform=Windows NT 6.1.7601 SP1 x86_64) (WARNING: The server did not provide any stacktrace information)
Command duration or timeout: 0 milliseconds
Build info: version: '3.7.1', revision: '8a0099a', time: '2017-11-06T21:07:36.161Z'
System info: host: 'APRIL-PC', ip: '10.10.31.51', os.name: 'Windows 7', os.arch: 'amd64', os.version: '6.1', java.version: '1.8.0_102'
Driver info: com.kms.katalon.selenium.driver.CChromeDriver
Capabilities {acceptInsecureCerts: false, acceptSslCerts: false, applicationCacheEnabled: false, browserConnectionEnabled: false, browserName: chrome, chrome: {chromedriverVersion: 2.35.528161 (5b82f2d2aae0ca..., userDataDir: C:\Users\April\AppData\Loca...}, cssSelectorsEnabled: true, databaseEnabled: false, handlesAlerts: true, hasTouchScreen: false, javascriptEnabled: true, locationContextEnabled: true, mobileEmulationEnabled: false, nativeEvents: true, networkConnectionEnabled: false, pageLoadStrategy: normal, platform: XP, platformName: XP, rotatable: false, setWindowRect: true, takesHeapSnapshot: true, takesScreenshot: true, unexpectedAlertBehaviour: , unhandledPromptBehavior: , version: 78.0.3904.108, webStorageEnabled: true}
Session ID: cfe3a530f1bc406e2ea68220d7af8649)

2019-11-25 09:47:06 - [TEST_STEP][PASSED] - waitForElementVisible: Object 'Object Repository/ADMIN/Categories/Category List/button_Content Mgmt' is visible

2019-11-25 09:47:06 - [MESSAGE][WARNING] - Timeout '0' is invalid. Using default page load timeout: '30'

2019-11-25 09:47:06 - [MESSAGE][PASSED] - Object 'Object Repository/ADMIN/Categories/Category List/button_Content Mgmt' is visible

2019-11-25 09:47:06 - [TEST_STEP][PASSED] - click: Object: 'Object Repository/ADMIN/Categories/Category List/button_Content Mgmt' is clicked on

2019-11-25 09:47:06 - [MESSAGE][PASSED] - Object: 'Object Repository/ADMIN/Categories/Category List/button_Content Mgmt' is clicked on

2019-11-25 09:47:06 - [TEST_STEP][PASSED] - waitForElementVisible: Object 'Object Repository/ADMIN/Categories/Category List/button_Categories' is visible

2019-11-25 09:47:06 - [MESSAGE][WARNING] - Timeout '0' is invalid. Using default page load timeout: '30'

2019-11-25 09:47:06 - [MESSAGE][PASSED] - Object 'Object Repository/ADMIN/Categories/Category List/button_Categories' is visible

2019-11-25 09:47:06 - [TEST_STEP][PASSED] - click: Object: 'Object Repository/ADMIN/Categories/Category List/button_Categories' is clicked on

2019-11-25 09:47:06 - [MESSAGE][PASSED] - Object: 'Object Repository/ADMIN/Categories/Category List/button_Categories' is clicked on

2019-11-25 09:47:06 - [TEST_STEP][PASSED] - click: Object: 'Object Repository/ADMIN/Categories/Category List/button_AddACategory' is clicked on

2019-11-25 09:47:06 - [MESSAGE][PASSED] - Object: 'Object Repository/ADMIN/Categories/Category List/button_AddACategory' is clicked on

2019-11-25 09:47:06 - [TEST_STEP][PASSED] - waitForElementPresent: Object 'Object Repository/ADMIN/Categories/Category/dropdown_Parent' is present

2019-11-25 09:47:06 - [MESSAGE][PASSED] - Object 'Object Repository/ADMIN/Categories/Category/dropdown_Parent' is present

2019-11-25 09:47:06 - [TEST_STEP][PASSED] - delay: Delayed 1 second(s)

2019-11-25 09:47:07 - [MESSAGE][PASSED] - Delayed 1 second(s)

2019-11-25 09:47:07 - [TEST_STEP][PASSED] - setText: Text 'Category 5.1.12' is set on object 'Object Repository/ADMIN/Categories/Category/textfield_Category Name'

2019-11-25 09:47:08 - [MESSAGE][PASSED] - Text 'Category 5.1.12' is set on object 'Object Repository/ADMIN/Categories/Category/textfield_Category Name'

2019-11-25 09:47:08 - [TEST_STEP][PASSED] - click: Object: 'Object Repository/ADMIN/Categories/Category/dropdown_Parent' is clicked on

2019-11-25 09:47:08 - [MESSAGE][PASSED] - Object: 'Object Repository/ADMIN/Categories/Category/dropdown_Parent' is clicked on

2019-11-25 09:47:08 - [TEST_STEP][PASSED] - delay: Delayed 2 second(s)

2019-11-25 09:47:12 - [MESSAGE][PASSED] - Delayed 2 second(s)

2019-11-25 09:47:12 - [TEST_STEP][PASSED] - click: Object: 'Object Repository/ADMIN/Categories/Category/dropdown_Parent' is clicked on

2019-11-25 09:47:12 - [MESSAGE][PASSED] - Object: 'Object Repository/ADMIN/Categories/Category/dropdown_Parent' is clicked on

2019-11-25 09:47:12 - [TEST_STEP][PASSED] - selectOptionByLabel: All options with label 'Category 5.1' are selected in object 'Object Repository/ADMIN/Categories/Category/dropdown_Parent' 

2019-11-25 09:47:12 - [MESSAGE][PASSED] - All options with label 'Category 5.1' are selected in object 'Object Repository/ADMIN/Categories/Category/dropdown_Parent' 

2019-11-25 09:47:12 - [TEST_STEP][PASSED] - click: Object: 'Object Repository/ADMIN/Categories/Category/button_Browse' is clicked on

2019-11-25 09:47:12 - [MESSAGE][PASSED] - Object: 'Object Repository/ADMIN/Categories/Category/button_Browse' is clicked on

2019-11-25 09:47:12 - [TEST_STEP][PASSED] - delay: Delayed 1 second(s)

2019-11-25 09:47:13 - [MESSAGE][PASSED] - Delayed 1 second(s)

2019-11-25 09:47:13 - [TEST_STEP][FAILED] - uploadFile: Unable to upload file 'C:\\Users\\Arcadier\\git\\Trillia\\Images\\Category\\5.png' to object 'Object Repository/ADMIN/Categories/Category/image_input image' (Root cause: org.openqa.selenium.WebDriverException: invalid argument: File not found : C:\\Users\\Arcadier\\git\\Trillia\\Images\\Category\\5.png
  (Session info: chrome=78.0.3904.108)
  (Driver info: chromedriver=2.35.528161 (5b82f2d2aae0ca24b877009200ced9065a772e73),platform=Windows NT 6.1.7601 SP1 x86_64) (WARNING: The server did not provide any stacktrace information)
Command duration or timeout: 0 milliseconds
Build info: version: '3.7.1', revision: '8a0099a', time: '2017-11-06T21:07:36.161Z'
System info: host: 'APRIL-PC', ip: '10.10.31.51', os.name: 'Windows 7', os.arch: 'amd64', os.version: '6.1', java.version: '1.8.0_102'
Driver info: com.kms.katalon.selenium.driver.CChromeDriver
Capabilities {acceptInsecureCerts: false, acceptSslCerts: false, applicationCacheEnabled: false, browserConnectionEnabled: false, browserName: chrome, chrome: {chromedriverVersion: 2.35.528161 (5b82f2d2aae0ca..., userDataDir: C:\Users\April\AppData\Loca...}, cssSelectorsEnabled: true, databaseEnabled: false, handlesAlerts: true, hasTouchScreen: false, javascriptEnabled: true, locationContextEnabled: true, mobileEmulationEnabled: false, nativeEvents: true, networkConnectionEnabled: false, pageLoadStrategy: normal, platform: XP, platformName: XP, rotatable: false, setWindowRect: true, takesHeapSnapshot: true, takesScreenshot: true, unexpectedAlertBehaviour: , unhandledPromptBehavior: , version: 78.0.3904.108, webStorageEnabled: true}
Session ID: cfe3a530f1bc406e2ea68220d7af8649)

2019-11-25 09:47:15 - [MESSAGE][FAILED] - Unable to upload file 'C:\\Users\\Arcadier\\git\\Trillia\\Images\\Category\\5.png' to object 'Object Repository/ADMIN/Categories/Category/image_input image' (Root cause: org.openqa.selenium.WebDriverException: invalid argument: File not found : C:\\Users\\Arcadier\\git\\Trillia\\Images\\Category\\5.png
  (Session info: chrome=78.0.3904.108)
  (Driver info: chromedriver=2.35.528161 (5b82f2d2aae0ca24b877009200ced9065a772e73),platform=Windows NT 6.1.7601 SP1 x86_64) (WARNING: The server did not provide any stacktrace information)
Command duration or timeout: 0 milliseconds
Build info: version: '3.7.1', revision: '8a0099a', time: '2017-11-06T21:07:36.161Z'
System info: host: 'APRIL-PC', ip: '10.10.31.51', os.name: 'Windows 7', os.arch: 'amd64', os.version: '6.1', java.version: '1.8.0_102'
Driver info: com.kms.katalon.selenium.driver.CChromeDriver
Capabilities {acceptInsecureCerts: false, acceptSslCerts: false, applicationCacheEnabled: false, browserConnectionEnabled: false, browserName: chrome, chrome: {chromedriverVersion: 2.35.528161 (5b82f2d2aae0ca..., userDataDir: C:\Users\April\AppData\Loca...}, cssSelectorsEnabled: true, databaseEnabled: false, handlesAlerts: true, hasTouchScreen: false, javascriptEnabled: true, locationContextEnabled: true, mobileEmulationEnabled: false, nativeEvents: true, networkConnectionEnabled: false, pageLoadStrategy: normal, platform: XP, platformName: XP, rotatable: false, setWindowRect: true, takesHeapSnapshot: true, takesScreenshot: true, unexpectedAlertBehaviour: , unhandledPromptBehavior: , version: 78.0.3904.108, webStorageEnabled: true}
Session ID: cfe3a530f1bc406e2ea68220d7af8649)
[[ATTACHMENT|C:\\Users\\April\\git\\Trillia\\Reports\\Admin\\Categories\\Add Category\\20191125_093242\\1574646434605.png]]

2019-11-25 09:47:15 - [TEST_STEP][PASSED] - waitForElementVisible: Object 'Object Repository/ADMIN/Categories/Category/button_upload check' is visible

2019-11-25 09:47:15 - [MESSAGE][WARNING] - Timeout '0' is invalid. Using default page load timeout: '30'

2019-11-25 09:47:16 - [MESSAGE][PASSED] - Object 'Object Repository/ADMIN/Categories/Category/button_upload check' is visible

2019-11-25 09:47:16 - [TEST_STEP][PASSED] - click: Object: 'Object Repository/ADMIN/Categories/Category/button_upload check' is clicked on

2019-11-25 09:47:16 - [MESSAGE][PASSED] - Object: 'Object Repository/ADMIN/Categories/Category/button_upload check' is clicked on

2019-11-25 09:47:16 - [TEST_STEP][PASSED] - waitForElementVisible: Object 'Object Repository/ADMIN/Categories/Category/button_upload save' is visible

2019-11-25 09:47:16 - [MESSAGE][WARNING] - Timeout '0' is invalid. Using default page load timeout: '30'

2019-11-25 09:47:16 - [MESSAGE][PASSED] - Object 'Object Repository/ADMIN/Categories/Category/button_upload save' is visible

2019-11-25 09:47:16 - [TEST_STEP][PASSED] - click: Object: 'Object Repository/ADMIN/Categories/Category/button_upload save' is clicked on

2019-11-25 09:47:18 - [MESSAGE][PASSED] - Object: 'Object Repository/ADMIN/Categories/Category/button_upload save' is clicked on

2019-11-25 09:47:18 - [TEST_STEP][PASSED] - delay: Delayed 1 second(s)

2019-11-25 09:47:19 - [MESSAGE][PASSED] - Delayed 1 second(s)

2019-11-25 09:47:19 - [TEST_STEP][PASSED] - setText: Text 'Description44' is set on object 'Object Repository/ADMIN/Categories/Category/textfield_category_description'

2019-11-25 09:47:21 - [MESSAGE][PASSED] - Text 'Description44' is set on object 'Object Repository/ADMIN/Categories/Category/textfield_category_description'

2019-11-25 09:47:21 - [TEST_STEP][PASSED] - click: Object: 'Object Repository/ADMIN/Categories/Category/button_Save' is clicked on

2019-11-25 09:47:21 - [MESSAGE][PASSED] - Object: 'Object Repository/ADMIN/Categories/Category/button_Save' is clicked on

2019-11-25 09:47:21 - [TEST_STEP][PASSED] - waitForElementVisible: Object 'Object Repository/ADMIN/Categories/Category/label_edit popup' is visible

2019-11-25 09:47:21 - [MESSAGE][WARNING] - Timeout '0' is invalid. Using default page load timeout: '30'

2019-11-25 09:47:22 - [MESSAGE][PASSED] - Object 'Object Repository/ADMIN/Categories/Category/label_edit popup' is visible

2019-11-25 09:47:22 - [TEST_STEP][PASSED] - waitForElementNotPresent: Web element with id: 'Object Repository/ADMIN/Categories/Category/label_edit popup' located by 'By.xpath: //div[(text() = 'Category was successfully saved.' or . = 'Category was successfully saved.')]' is not present after '30' second(s)

2019-11-25 09:47:22 - [MESSAGE][WARNING] - Timeout '0' is invalid. Using default page load timeout: '30'

2019-11-25 09:47:27 - [MESSAGE][PASSED] - Web element with id: 'Object Repository/ADMIN/Categories/Category/label_edit popup' located by 'By.xpath: //div[(text() = 'Category was successfully saved.' or . = 'Category was successfully saved.')]' is not present after '30' second(s)]]></system-out>
         <system-err><![CDATA[2019-11-25 09:47:06 - [TEST_CASE][FAILED] - Test Cases/ADMIN/Content Mgmt/Categories/Category Add-Edit/Add Category: Test Cases/ADMIN/Content Mgmt/Categories/Category Add-Edit/Add Category FAILED because (of) Unable to upload file 'C:\\Users\\Arcadier\\git\\Trillia\\Images\\Category\\5.png' to object 'Object Repository/ADMIN/Categories/Category/image_input image' (Root cause: org.openqa.selenium.WebDriverException: invalid argument: File not found : C:\\Users\\Arcadier\\git\\Trillia\\Images\\Category\\5.png
  (Session info: chrome=78.0.3904.108)
  (Driver info: chromedriver=2.35.528161 (5b82f2d2aae0ca24b877009200ced9065a772e73),platform=Windows NT 6.1.7601 SP1 x86_64) (WARNING: The server did not provide any stacktrace information)
Command duration or timeout: 0 milliseconds
Build info: version: '3.7.1', revision: '8a0099a', time: '2017-11-06T21:07:36.161Z'
System info: host: 'APRIL-PC', ip: '10.10.31.51', os.name: 'Windows 7', os.arch: 'amd64', os.version: '6.1', java.version: '1.8.0_102'
Driver info: com.kms.katalon.selenium.driver.CChromeDriver
Capabilities {acceptInsecureCerts: false, acceptSslCerts: false, applicationCacheEnabled: false, browserConnectionEnabled: false, browserName: chrome, chrome: {chromedriverVersion: 2.35.528161 (5b82f2d2aae0ca..., userDataDir: C:\Users\April\AppData\Loca...}, cssSelectorsEnabled: true, databaseEnabled: false, handlesAlerts: true, hasTouchScreen: false, javascriptEnabled: true, locationContextEnabled: true, mobileEmulationEnabled: false, nativeEvents: true, networkConnectionEnabled: false, pageLoadStrategy: normal, platform: XP, platformName: XP, rotatable: false, setWindowRect: true, takesHeapSnapshot: true, takesScreenshot: true, unexpectedAlertBehaviour: , unhandledPromptBehavior: , version: 78.0.3904.108, webStorageEnabled: true}
Session ID: cfe3a530f1bc406e2ea68220d7af8649)]]></system-err>
      </testcase>
      <testcase name="Test Cases/ADMIN/Content Mgmt/Categories/Category Add-Edit/Add Category" classname="Test Cases/ADMIN/Content Mgmt/Categories/Category Add-Edit/Add Category" status="FAILED">
         <failure type="FAILED" message="Unable to upload file 'C:\\Users\\Arcadier\\git\\Trillia\\Images\\Category\\5.png' to object 'Object Repository/ADMIN/Categories/Category/image_input image' (Root cause: org.openqa.selenium.WebDriverException: invalid argument: File not found : C:\\Users\\Arcadier\\git\\Trillia\\Images\\Category\\5.png
  (Session info: chrome=78.0.3904.108)
  (Driver info: chromedriver=2.35.528161 (5b82f2d2aae0ca24b877009200ced9065a772e73),platform=Windows NT 6.1.7601 SP1 x86_64) (WARNING: The server did not provide any stacktrace information)
Command duration or timeout: 0 milliseconds
Build info: version: '3.7.1', revision: '8a0099a', time: '2017-11-06T21:07:36.161Z'
System info: host: 'APRIL-PC', ip: '10.10.31.51', os.name: 'Windows 7', os.arch: 'amd64', os.version: '6.1', java.version: '1.8.0_102'
Driver info: com.kms.katalon.selenium.driver.CChromeDriver
Capabilities {acceptInsecureCerts: false, acceptSslCerts: false, applicationCacheEnabled: false, browserConnectionEnabled: false, browserName: chrome, chrome: {chromedriverVersion: 2.35.528161 (5b82f2d2aae0ca..., userDataDir: C:\Users\April\AppData\Loca...}, cssSelectorsEnabled: true, databaseEnabled: false, handlesAlerts: true, hasTouchScreen: false, javascriptEnabled: true, locationContextEnabled: true, mobileEmulationEnabled: false, nativeEvents: true, networkConnectionEnabled: false, pageLoadStrategy: normal, platform: XP, platformName: XP, rotatable: false, setWindowRect: true, takesHeapSnapshot: true, takesScreenshot: true, unexpectedAlertBehaviour: , unhandledPromptBehavior: , version: 78.0.3904.108, webStorageEnabled: true}
Session ID: cfe3a530f1bc406e2ea68220d7af8649)"/>
         <system-out><![CDATA[2019-11-25 09:47:27 - [TEST_CASE][FAILED] - Test Cases/ADMIN/Content Mgmt/Categories/Category Add-Edit/Add Category: Test Cases/ADMIN/Content Mgmt/Categories/Category Add-Edit/Add Category FAILED because (of) Unable to upload file 'C:\\Users\\Arcadier\\git\\Trillia\\Images\\Category\\5.png' to object 'Object Repository/ADMIN/Categories/Category/image_input image' (Root cause: org.openqa.selenium.WebDriverException: invalid argument: File not found : C:\\Users\\Arcadier\\git\\Trillia\\Images\\Category\\5.png
  (Session info: chrome=78.0.3904.108)
  (Driver info: chromedriver=2.35.528161 (5b82f2d2aae0ca24b877009200ced9065a772e73),platform=Windows NT 6.1.7601 SP1 x86_64) (WARNING: The server did not provide any stacktrace information)
Command duration or timeout: 0 milliseconds
Build info: version: '3.7.1', revision: '8a0099a', time: '2017-11-06T21:07:36.161Z'
System info: host: 'APRIL-PC', ip: '10.10.31.51', os.name: 'Windows 7', os.arch: 'amd64', os.version: '6.1', java.version: '1.8.0_102'
Driver info: com.kms.katalon.selenium.driver.CChromeDriver
Capabilities {acceptInsecureCerts: false, acceptSslCerts: false, applicationCacheEnabled: false, browserConnectionEnabled: false, browserName: chrome, chrome: {chromedriverVersion: 2.35.528161 (5b82f2d2aae0ca..., userDataDir: C:\Users\April\AppData\Loca...}, cssSelectorsEnabled: true, databaseEnabled: false, handlesAlerts: true, hasTouchScreen: false, javascriptEnabled: true, locationContextEnabled: true, mobileEmulationEnabled: false, nativeEvents: true, networkConnectionEnabled: false, pageLoadStrategy: normal, platform: XP, platformName: XP, rotatable: false, setWindowRect: true, takesHeapSnapshot: true, takesScreenshot: true, unexpectedAlertBehaviour: , unhandledPromptBehavior: , version: 78.0.3904.108, webStorageEnabled: true}
Session ID: cfe3a530f1bc406e2ea68220d7af8649)

2019-11-25 09:47:27 - [TEST_STEP][PASSED] - waitForElementVisible: Object 'Object Repository/ADMIN/Categories/Category List/button_Content Mgmt' is visible

2019-11-25 09:47:28 - [MESSAGE][WARNING] - Timeout '0' is invalid. Using default page load timeout: '30'

2019-11-25 09:47:28 - [MESSAGE][PASSED] - Object 'Object Repository/ADMIN/Categories/Category List/button_Content Mgmt' is visible

2019-11-25 09:47:28 - [TEST_STEP][PASSED] - click: Object: 'Object Repository/ADMIN/Categories/Category List/button_Content Mgmt' is clicked on

2019-11-25 09:47:28 - [MESSAGE][PASSED] - Object: 'Object Repository/ADMIN/Categories/Category List/button_Content Mgmt' is clicked on

2019-11-25 09:47:28 - [TEST_STEP][PASSED] - waitForElementVisible: Object 'Object Repository/ADMIN/Categories/Category List/button_Categories' is visible

2019-11-25 09:47:28 - [MESSAGE][WARNING] - Timeout '0' is invalid. Using default page load timeout: '30'

2019-11-25 09:47:29 - [MESSAGE][PASSED] - Object 'Object Repository/ADMIN/Categories/Category List/button_Categories' is visible

2019-11-25 09:47:29 - [TEST_STEP][PASSED] - click: Object: 'Object Repository/ADMIN/Categories/Category List/button_Categories' is clicked on

2019-11-25 09:47:31 - [MESSAGE][PASSED] - Object: 'Object Repository/ADMIN/Categories/Category List/button_Categories' is clicked on

2019-11-25 09:47:31 - [TEST_STEP][PASSED] - click: Object: 'Object Repository/ADMIN/Categories/Category List/button_AddACategory' is clicked on

2019-11-25 09:47:31 - [MESSAGE][PASSED] - Object: 'Object Repository/ADMIN/Categories/Category List/button_AddACategory' is clicked on

2019-11-25 09:47:31 - [TEST_STEP][PASSED] - waitForElementPresent: Object 'Object Repository/ADMIN/Categories/Category/dropdown_Parent' is present

2019-11-25 09:47:32 - [MESSAGE][PASSED] - Object 'Object Repository/ADMIN/Categories/Category/dropdown_Parent' is present

2019-11-25 09:47:32 - [TEST_STEP][PASSED] - delay: Delayed 1 second(s)

2019-11-25 09:47:33 - [MESSAGE][PASSED] - Delayed 1 second(s)

2019-11-25 09:47:33 - [TEST_STEP][PASSED] - setText: Text 'Category 5.1.13' is set on object 'Object Repository/ADMIN/Categories/Category/textfield_Category Name'

2019-11-25 09:47:33 - [MESSAGE][PASSED] - Text 'Category 5.1.13' is set on object 'Object Repository/ADMIN/Categories/Category/textfield_Category Name'

2019-11-25 09:47:33 - [TEST_STEP][PASSED] - click: Object: 'Object Repository/ADMIN/Categories/Category/dropdown_Parent' is clicked on

2019-11-25 09:47:33 - [MESSAGE][PASSED] - Object: 'Object Repository/ADMIN/Categories/Category/dropdown_Parent' is clicked on

2019-11-25 09:47:33 - [TEST_STEP][PASSED] - delay: Delayed 2 second(s)

2019-11-25 09:47:35 - [MESSAGE][PASSED] - Delayed 2 second(s)

2019-11-25 09:47:35 - [TEST_STEP][PASSED] - click: Object: 'Object Repository/ADMIN/Categories/Category/dropdown_Parent' is clicked on

2019-11-25 09:47:35 - [MESSAGE][PASSED] - Object: 'Object Repository/ADMIN/Categories/Category/dropdown_Parent' is clicked on

2019-11-25 09:47:35 - [TEST_STEP][PASSED] - selectOptionByLabel: All options with label 'Category 5.1' are selected in object 'Object Repository/ADMIN/Categories/Category/dropdown_Parent' 

2019-11-25 09:47:35 - [MESSAGE][PASSED] - All options with label 'Category 5.1' are selected in object 'Object Repository/ADMIN/Categories/Category/dropdown_Parent' 

2019-11-25 09:47:35 - [TEST_STEP][PASSED] - click: Object: 'Object Repository/ADMIN/Categories/Category/button_Browse' is clicked on

2019-11-25 09:47:35 - [MESSAGE][PASSED] - Object: 'Object Repository/ADMIN/Categories/Category/button_Browse' is clicked on

2019-11-25 09:47:35 - [TEST_STEP][PASSED] - delay: Delayed 1 second(s)

2019-11-25 09:47:36 - [MESSAGE][PASSED] - Delayed 1 second(s)

2019-11-25 09:47:36 - [TEST_STEP][FAILED] - uploadFile: Unable to upload file 'C:\\Users\\Arcadier\\git\\Trillia\\Images\\Category\\5.png' to object 'Object Repository/ADMIN/Categories/Category/image_input image' (Root cause: org.openqa.selenium.WebDriverException: invalid argument: File not found : C:\\Users\\Arcadier\\git\\Trillia\\Images\\Category\\5.png
  (Session info: chrome=78.0.3904.108)
  (Driver info: chromedriver=2.35.528161 (5b82f2d2aae0ca24b877009200ced9065a772e73),platform=Windows NT 6.1.7601 SP1 x86_64) (WARNING: The server did not provide any stacktrace information)
Command duration or timeout: 0 milliseconds
Build info: version: '3.7.1', revision: '8a0099a', time: '2017-11-06T21:07:36.161Z'
System info: host: 'APRIL-PC', ip: '10.10.31.51', os.name: 'Windows 7', os.arch: 'amd64', os.version: '6.1', java.version: '1.8.0_102'
Driver info: com.kms.katalon.selenium.driver.CChromeDriver
Capabilities {acceptInsecureCerts: false, acceptSslCerts: false, applicationCacheEnabled: false, browserConnectionEnabled: false, browserName: chrome, chrome: {chromedriverVersion: 2.35.528161 (5b82f2d2aae0ca..., userDataDir: C:\Users\April\AppData\Loca...}, cssSelectorsEnabled: true, databaseEnabled: false, handlesAlerts: true, hasTouchScreen: false, javascriptEnabled: true, locationContextEnabled: true, mobileEmulationEnabled: false, nativeEvents: true, networkConnectionEnabled: false, pageLoadStrategy: normal, platform: XP, platformName: XP, rotatable: false, setWindowRect: true, takesHeapSnapshot: true, takesScreenshot: true, unexpectedAlertBehaviour: , unhandledPromptBehavior: , version: 78.0.3904.108, webStorageEnabled: true}
Session ID: cfe3a530f1bc406e2ea68220d7af8649)

2019-11-25 09:47:37 - [MESSAGE][FAILED] - Unable to upload file 'C:\\Users\\Arcadier\\git\\Trillia\\Images\\Category\\5.png' to object 'Object Repository/ADMIN/Categories/Category/image_input image' (Root cause: org.openqa.selenium.WebDriverException: invalid argument: File not found : C:\\Users\\Arcadier\\git\\Trillia\\Images\\Category\\5.png
  (Session info: chrome=78.0.3904.108)
  (Driver info: chromedriver=2.35.528161 (5b82f2d2aae0ca24b877009200ced9065a772e73),platform=Windows NT 6.1.7601 SP1 x86_64) (WARNING: The server did not provide any stacktrace information)
Command duration or timeout: 0 milliseconds
Build info: version: '3.7.1', revision: '8a0099a', time: '2017-11-06T21:07:36.161Z'
System info: host: 'APRIL-PC', ip: '10.10.31.51', os.name: 'Windows 7', os.arch: 'amd64', os.version: '6.1', java.version: '1.8.0_102'
Driver info: com.kms.katalon.selenium.driver.CChromeDriver
Capabilities {acceptInsecureCerts: false, acceptSslCerts: false, applicationCacheEnabled: false, browserConnectionEnabled: false, browserName: chrome, chrome: {chromedriverVersion: 2.35.528161 (5b82f2d2aae0ca..., userDataDir: C:\Users\April\AppData\Loca...}, cssSelectorsEnabled: true, databaseEnabled: false, handlesAlerts: true, hasTouchScreen: false, javascriptEnabled: true, locationContextEnabled: true, mobileEmulationEnabled: false, nativeEvents: true, networkConnectionEnabled: false, pageLoadStrategy: normal, platform: XP, platformName: XP, rotatable: false, setWindowRect: true, takesHeapSnapshot: true, takesScreenshot: true, unexpectedAlertBehaviour: , unhandledPromptBehavior: , version: 78.0.3904.108, webStorageEnabled: true}
Session ID: cfe3a530f1bc406e2ea68220d7af8649)
[[ATTACHMENT|C:\\Users\\April\\git\\Trillia\\Reports\\Admin\\Categories\\Add Category\\20191125_093242\\1574646456962.png]]

2019-11-25 09:47:37 - [TEST_STEP][PASSED] - waitForElementVisible: Object 'Object Repository/ADMIN/Categories/Category/button_upload check' is visible

2019-11-25 09:47:38 - [MESSAGE][WARNING] - Timeout '0' is invalid. Using default page load timeout: '30'

2019-11-25 09:47:39 - [MESSAGE][PASSED] - Object 'Object Repository/ADMIN/Categories/Category/button_upload check' is visible

2019-11-25 09:47:39 - [TEST_STEP][PASSED] - click: Object: 'Object Repository/ADMIN/Categories/Category/button_upload check' is clicked on

2019-11-25 09:47:39 - [MESSAGE][PASSED] - Object: 'Object Repository/ADMIN/Categories/Category/button_upload check' is clicked on

2019-11-25 09:47:39 - [TEST_STEP][PASSED] - waitForElementVisible: Object 'Object Repository/ADMIN/Categories/Category/button_upload save' is visible

2019-11-25 09:47:39 - [MESSAGE][WARNING] - Timeout '0' is invalid. Using default page load timeout: '30'

2019-11-25 09:47:39 - [MESSAGE][PASSED] - Object 'Object Repository/ADMIN/Categories/Category/button_upload save' is visible

2019-11-25 09:47:39 - [TEST_STEP][PASSED] - click: Object: 'Object Repository/ADMIN/Categories/Category/button_upload save' is clicked on

2019-11-25 09:47:39 - [MESSAGE][PASSED] - Object: 'Object Repository/ADMIN/Categories/Category/button_upload save' is clicked on

2019-11-25 09:47:39 - [TEST_STEP][PASSED] - delay: Delayed 1 second(s)

2019-11-25 09:47:40 - [MESSAGE][PASSED] - Delayed 1 second(s)

2019-11-25 09:47:41 - [TEST_STEP][PASSED] - setText: Text 'Description45' is set on object 'Object Repository/ADMIN/Categories/Category/textfield_category_description'

2019-11-25 09:47:41 - [MESSAGE][PASSED] - Text 'Description45' is set on object 'Object Repository/ADMIN/Categories/Category/textfield_category_description'

2019-11-25 09:47:41 - [TEST_STEP][PASSED] - click: Object: 'Object Repository/ADMIN/Categories/Category/button_Save' is clicked on

2019-11-25 09:47:42 - [MESSAGE][PASSED] - Object: 'Object Repository/ADMIN/Categories/Category/button_Save' is clicked on

2019-11-25 09:47:42 - [TEST_STEP][PASSED] - waitForElementVisible: Object 'Object Repository/ADMIN/Categories/Category/label_edit popup' is visible

2019-11-25 09:47:42 - [MESSAGE][WARNING] - Timeout '0' is invalid. Using default page load timeout: '30'

2019-11-25 09:47:43 - [MESSAGE][PASSED] - Object 'Object Repository/ADMIN/Categories/Category/label_edit popup' is visible

2019-11-25 09:47:43 - [TEST_STEP][PASSED] - waitForElementNotPresent: Web element with id: 'Object Repository/ADMIN/Categories/Category/label_edit popup' located by 'By.xpath: //div[(text() = 'Category was successfully saved.' or . = 'Category was successfully saved.')]' is not present after '30' second(s)

2019-11-25 09:47:43 - [MESSAGE][WARNING] - Timeout '0' is invalid. Using default page load timeout: '30'

2019-11-25 09:47:49 - [MESSAGE][PASSED] - Web element with id: 'Object Repository/ADMIN/Categories/Category/label_edit popup' located by 'By.xpath: //div[(text() = 'Category was successfully saved.' or . = 'Category was successfully saved.')]' is not present after '30' second(s)]]></system-out>
         <system-err><![CDATA[2019-11-25 09:47:27 - [TEST_CASE][FAILED] - Test Cases/ADMIN/Content Mgmt/Categories/Category Add-Edit/Add Category: Test Cases/ADMIN/Content Mgmt/Categories/Category Add-Edit/Add Category FAILED because (of) Unable to upload file 'C:\\Users\\Arcadier\\git\\Trillia\\Images\\Category\\5.png' to object 'Object Repository/ADMIN/Categories/Category/image_input image' (Root cause: org.openqa.selenium.WebDriverException: invalid argument: File not found : C:\\Users\\Arcadier\\git\\Trillia\\Images\\Category\\5.png
  (Session info: chrome=78.0.3904.108)
  (Driver info: chromedriver=2.35.528161 (5b82f2d2aae0ca24b877009200ced9065a772e73),platform=Windows NT 6.1.7601 SP1 x86_64) (WARNING: The server did not provide any stacktrace information)
Command duration or timeout: 0 milliseconds
Build info: version: '3.7.1', revision: '8a0099a', time: '2017-11-06T21:07:36.161Z'
System info: host: 'APRIL-PC', ip: '10.10.31.51', os.name: 'Windows 7', os.arch: 'amd64', os.version: '6.1', java.version: '1.8.0_102'
Driver info: com.kms.katalon.selenium.driver.CChromeDriver
Capabilities {acceptInsecureCerts: false, acceptSslCerts: false, applicationCacheEnabled: false, browserConnectionEnabled: false, browserName: chrome, chrome: {chromedriverVersion: 2.35.528161 (5b82f2d2aae0ca..., userDataDir: C:\Users\April\AppData\Loca...}, cssSelectorsEnabled: true, databaseEnabled: false, handlesAlerts: true, hasTouchScreen: false, javascriptEnabled: true, locationContextEnabled: true, mobileEmulationEnabled: false, nativeEvents: true, networkConnectionEnabled: false, pageLoadStrategy: normal, platform: XP, platformName: XP, rotatable: false, setWindowRect: true, takesHeapSnapshot: true, takesScreenshot: true, unexpectedAlertBehaviour: , unhandledPromptBehavior: , version: 78.0.3904.108, webStorageEnabled: true}
Session ID: cfe3a530f1bc406e2ea68220d7af8649)]]></system-err>
      </testcase>
      <testcase name="Test Cases/ADMIN/Content Mgmt/Categories/Category Add-Edit/Add Category" classname="Test Cases/ADMIN/Content Mgmt/Categories/Category Add-Edit/Add Category" status="FAILED">
         <failure type="FAILED" message="Unable to upload file 'C:\\Users\\Arcadier\\git\\Trillia\\Images\\Category\\5.png' to object 'Object Repository/ADMIN/Categories/Category/image_input image' (Root cause: org.openqa.selenium.WebDriverException: invalid argument: File not found : C:\\Users\\Arcadier\\git\\Trillia\\Images\\Category\\5.png
  (Session info: chrome=78.0.3904.108)
  (Driver info: chromedriver=2.35.528161 (5b82f2d2aae0ca24b877009200ced9065a772e73),platform=Windows NT 6.1.7601 SP1 x86_64) (WARNING: The server did not provide any stacktrace information)
Command duration or timeout: 0 milliseconds
Build info: version: '3.7.1', revision: '8a0099a', time: '2017-11-06T21:07:36.161Z'
System info: host: 'APRIL-PC', ip: '10.10.31.51', os.name: 'Windows 7', os.arch: 'amd64', os.version: '6.1', java.version: '1.8.0_102'
Driver info: com.kms.katalon.selenium.driver.CChromeDriver
Capabilities {acceptInsecureCerts: false, acceptSslCerts: false, applicationCacheEnabled: false, browserConnectionEnabled: false, browserName: chrome, chrome: {chromedriverVersion: 2.35.528161 (5b82f2d2aae0ca..., userDataDir: C:\Users\April\AppData\Loca...}, cssSelectorsEnabled: true, databaseEnabled: false, handlesAlerts: true, hasTouchScreen: false, javascriptEnabled: true, locationContextEnabled: true, mobileEmulationEnabled: false, nativeEvents: true, networkConnectionEnabled: false, pageLoadStrategy: normal, platform: XP, platformName: XP, rotatable: false, setWindowRect: true, takesHeapSnapshot: true, takesScreenshot: true, unexpectedAlertBehaviour: , unhandledPromptBehavior: , version: 78.0.3904.108, webStorageEnabled: true}
Session ID: cfe3a530f1bc406e2ea68220d7af8649)"/>
         <system-out><![CDATA[2019-11-25 09:47:49 - [TEST_CASE][FAILED] - Test Cases/ADMIN/Content Mgmt/Categories/Category Add-Edit/Add Category: Test Cases/ADMIN/Content Mgmt/Categories/Category Add-Edit/Add Category FAILED because (of) Unable to upload file 'C:\\Users\\Arcadier\\git\\Trillia\\Images\\Category\\5.png' to object 'Object Repository/ADMIN/Categories/Category/image_input image' (Root cause: org.openqa.selenium.WebDriverException: invalid argument: File not found : C:\\Users\\Arcadier\\git\\Trillia\\Images\\Category\\5.png
  (Session info: chrome=78.0.3904.108)
  (Driver info: chromedriver=2.35.528161 (5b82f2d2aae0ca24b877009200ced9065a772e73),platform=Windows NT 6.1.7601 SP1 x86_64) (WARNING: The server did not provide any stacktrace information)
Command duration or timeout: 0 milliseconds
Build info: version: '3.7.1', revision: '8a0099a', time: '2017-11-06T21:07:36.161Z'
System info: host: 'APRIL-PC', ip: '10.10.31.51', os.name: 'Windows 7', os.arch: 'amd64', os.version: '6.1', java.version: '1.8.0_102'
Driver info: com.kms.katalon.selenium.driver.CChromeDriver
Capabilities {acceptInsecureCerts: false, acceptSslCerts: false, applicationCacheEnabled: false, browserConnectionEnabled: false, browserName: chrome, chrome: {chromedriverVersion: 2.35.528161 (5b82f2d2aae0ca..., userDataDir: C:\Users\April\AppData\Loca...}, cssSelectorsEnabled: true, databaseEnabled: false, handlesAlerts: true, hasTouchScreen: false, javascriptEnabled: true, locationContextEnabled: true, mobileEmulationEnabled: false, nativeEvents: true, networkConnectionEnabled: false, pageLoadStrategy: normal, platform: XP, platformName: XP, rotatable: false, setWindowRect: true, takesHeapSnapshot: true, takesScreenshot: true, unexpectedAlertBehaviour: , unhandledPromptBehavior: , version: 78.0.3904.108, webStorageEnabled: true}
Session ID: cfe3a530f1bc406e2ea68220d7af8649)

2019-11-25 09:47:49 - [TEST_STEP][PASSED] - waitForElementVisible: Object 'Object Repository/ADMIN/Categories/Category List/button_Content Mgmt' is visible

2019-11-25 09:47:49 - [MESSAGE][WARNING] - Timeout '0' is invalid. Using default page load timeout: '30'

2019-11-25 09:47:49 - [MESSAGE][PASSED] - Object 'Object Repository/ADMIN/Categories/Category List/button_Content Mgmt' is visible

2019-11-25 09:47:49 - [TEST_STEP][PASSED] - click: Object: 'Object Repository/ADMIN/Categories/Category List/button_Content Mgmt' is clicked on

2019-11-25 09:47:49 - [MESSAGE][PASSED] - Object: 'Object Repository/ADMIN/Categories/Category List/button_Content Mgmt' is clicked on

2019-11-25 09:47:49 - [TEST_STEP][PASSED] - waitForElementVisible: Object 'Object Repository/ADMIN/Categories/Category List/button_Categories' is visible

2019-11-25 09:47:49 - [MESSAGE][WARNING] - Timeout '0' is invalid. Using default page load timeout: '30'

2019-11-25 09:47:49 - [MESSAGE][PASSED] - Object 'Object Repository/ADMIN/Categories/Category List/button_Categories' is visible

2019-11-25 09:47:49 - [TEST_STEP][PASSED] - click: Object: 'Object Repository/ADMIN/Categories/Category List/button_Categories' is clicked on

2019-11-25 09:47:50 - [MESSAGE][PASSED] - Object: 'Object Repository/ADMIN/Categories/Category List/button_Categories' is clicked on

2019-11-25 09:47:50 - [TEST_STEP][PASSED] - click: Object: 'Object Repository/ADMIN/Categories/Category List/button_AddACategory' is clicked on

2019-11-25 09:47:50 - [MESSAGE][PASSED] - Object: 'Object Repository/ADMIN/Categories/Category List/button_AddACategory' is clicked on

2019-11-25 09:47:50 - [TEST_STEP][PASSED] - waitForElementPresent: Object 'Object Repository/ADMIN/Categories/Category/dropdown_Parent' is present

2019-11-25 09:47:51 - [MESSAGE][PASSED] - Object 'Object Repository/ADMIN/Categories/Category/dropdown_Parent' is present

2019-11-25 09:47:51 - [TEST_STEP][PASSED] - delay: Delayed 1 second(s)

2019-11-25 09:47:52 - [MESSAGE][PASSED] - Delayed 1 second(s)

2019-11-25 09:47:52 - [TEST_STEP][PASSED] - setText: Text 'Category 5.1.14' is set on object 'Object Repository/ADMIN/Categories/Category/textfield_Category Name'

2019-11-25 09:47:52 - [MESSAGE][PASSED] - Text 'Category 5.1.14' is set on object 'Object Repository/ADMIN/Categories/Category/textfield_Category Name'

2019-11-25 09:47:52 - [TEST_STEP][PASSED] - click: Object: 'Object Repository/ADMIN/Categories/Category/dropdown_Parent' is clicked on

2019-11-25 09:47:52 - [MESSAGE][PASSED] - Object: 'Object Repository/ADMIN/Categories/Category/dropdown_Parent' is clicked on

2019-11-25 09:47:52 - [TEST_STEP][PASSED] - delay: Delayed 2 second(s)

2019-11-25 09:47:54 - [MESSAGE][PASSED] - Delayed 2 second(s)

2019-11-25 09:47:54 - [TEST_STEP][PASSED] - click: Object: 'Object Repository/ADMIN/Categories/Category/dropdown_Parent' is clicked on

2019-11-25 09:47:54 - [MESSAGE][PASSED] - Object: 'Object Repository/ADMIN/Categories/Category/dropdown_Parent' is clicked on

2019-11-25 09:47:54 - [TEST_STEP][PASSED] - selectOptionByLabel: All options with label 'Category 5.1' are selected in object 'Object Repository/ADMIN/Categories/Category/dropdown_Parent' 

2019-11-25 09:47:54 - [MESSAGE][PASSED] - All options with label 'Category 5.1' are selected in object 'Object Repository/ADMIN/Categories/Category/dropdown_Parent' 

2019-11-25 09:47:54 - [TEST_STEP][PASSED] - click: Object: 'Object Repository/ADMIN/Categories/Category/button_Browse' is clicked on

2019-11-25 09:47:55 - [MESSAGE][PASSED] - Object: 'Object Repository/ADMIN/Categories/Category/button_Browse' is clicked on

2019-11-25 09:47:55 - [TEST_STEP][PASSED] - delay: Delayed 1 second(s)

2019-11-25 09:47:56 - [MESSAGE][PASSED] - Delayed 1 second(s)

2019-11-25 09:47:56 - [TEST_STEP][FAILED] - uploadFile: Unable to upload file 'C:\\Users\\Arcadier\\git\\Trillia\\Images\\Category\\5.png' to object 'Object Repository/ADMIN/Categories/Category/image_input image' (Root cause: org.openqa.selenium.WebDriverException: invalid argument: File not found : C:\\Users\\Arcadier\\git\\Trillia\\Images\\Category\\5.png
  (Session info: chrome=78.0.3904.108)
  (Driver info: chromedriver=2.35.528161 (5b82f2d2aae0ca24b877009200ced9065a772e73),platform=Windows NT 6.1.7601 SP1 x86_64) (WARNING: The server did not provide any stacktrace information)
Command duration or timeout: 0 milliseconds
Build info: version: '3.7.1', revision: '8a0099a', time: '2017-11-06T21:07:36.161Z'
System info: host: 'APRIL-PC', ip: '10.10.31.51', os.name: 'Windows 7', os.arch: 'amd64', os.version: '6.1', java.version: '1.8.0_102'
Driver info: com.kms.katalon.selenium.driver.CChromeDriver
Capabilities {acceptInsecureCerts: false, acceptSslCerts: false, applicationCacheEnabled: false, browserConnectionEnabled: false, browserName: chrome, chrome: {chromedriverVersion: 2.35.528161 (5b82f2d2aae0ca..., userDataDir: C:\Users\April\AppData\Loca...}, cssSelectorsEnabled: true, databaseEnabled: false, handlesAlerts: true, hasTouchScreen: false, javascriptEnabled: true, locationContextEnabled: true, mobileEmulationEnabled: false, nativeEvents: true, networkConnectionEnabled: false, pageLoadStrategy: normal, platform: XP, platformName: XP, rotatable: false, setWindowRect: true, takesHeapSnapshot: true, takesScreenshot: true, unexpectedAlertBehaviour: , unhandledPromptBehavior: , version: 78.0.3904.108, webStorageEnabled: true}
Session ID: cfe3a530f1bc406e2ea68220d7af8649)

2019-11-25 09:47:56 - [MESSAGE][FAILED] - Unable to upload file 'C:\\Users\\Arcadier\\git\\Trillia\\Images\\Category\\5.png' to object 'Object Repository/ADMIN/Categories/Category/image_input image' (Root cause: org.openqa.selenium.WebDriverException: invalid argument: File not found : C:\\Users\\Arcadier\\git\\Trillia\\Images\\Category\\5.png
  (Session info: chrome=78.0.3904.108)
  (Driver info: chromedriver=2.35.528161 (5b82f2d2aae0ca24b877009200ced9065a772e73),platform=Windows NT 6.1.7601 SP1 x86_64) (WARNING: The server did not provide any stacktrace information)
Command duration or timeout: 0 milliseconds
Build info: version: '3.7.1', revision: '8a0099a', time: '2017-11-06T21:07:36.161Z'
System info: host: 'APRIL-PC', ip: '10.10.31.51', os.name: 'Windows 7', os.arch: 'amd64', os.version: '6.1', java.version: '1.8.0_102'
Driver info: com.kms.katalon.selenium.driver.CChromeDriver
Capabilities {acceptInsecureCerts: false, acceptSslCerts: false, applicationCacheEnabled: false, browserConnectionEnabled: false, browserName: chrome, chrome: {chromedriverVersion: 2.35.528161 (5b82f2d2aae0ca..., userDataDir: C:\Users\April\AppData\Loca...}, cssSelectorsEnabled: true, databaseEnabled: false, handlesAlerts: true, hasTouchScreen: false, javascriptEnabled: true, locationContextEnabled: true, mobileEmulationEnabled: false, nativeEvents: true, networkConnectionEnabled: false, pageLoadStrategy: normal, platform: XP, platformName: XP, rotatable: false, setWindowRect: true, takesHeapSnapshot: true, takesScreenshot: true, unexpectedAlertBehaviour: , unhandledPromptBehavior: , version: 78.0.3904.108, webStorageEnabled: true}
Session ID: cfe3a530f1bc406e2ea68220d7af8649)
[[ATTACHMENT|C:\\Users\\April\\git\\Trillia\\Reports\\Admin\\Categories\\Add Category\\20191125_093242\\1574646476056.png]]

2019-11-25 09:47:56 - [TEST_STEP][PASSED] - waitForElementVisible: Object 'Object Repository/ADMIN/Categories/Category/button_upload check' is visible

2019-11-25 09:47:56 - [MESSAGE][WARNING] - Timeout '0' is invalid. Using default page load timeout: '30'

2019-11-25 09:47:59 - [MESSAGE][PASSED] - Object 'Object Repository/ADMIN/Categories/Category/button_upload check' is visible

2019-11-25 09:47:59 - [TEST_STEP][PASSED] - click: Object: 'Object Repository/ADMIN/Categories/Category/button_upload check' is clicked on

2019-11-25 09:47:59 - [MESSAGE][PASSED] - Object: 'Object Repository/ADMIN/Categories/Category/button_upload check' is clicked on

2019-11-25 09:47:59 - [TEST_STEP][PASSED] - waitForElementVisible: Object 'Object Repository/ADMIN/Categories/Category/button_upload save' is visible

2019-11-25 09:47:59 - [MESSAGE][WARNING] - Timeout '0' is invalid. Using default page load timeout: '30'

2019-11-25 09:47:59 - [MESSAGE][PASSED] - Object 'Object Repository/ADMIN/Categories/Category/button_upload save' is visible

2019-11-25 09:47:59 - [TEST_STEP][PASSED] - click: Object: 'Object Repository/ADMIN/Categories/Category/button_upload save' is clicked on

2019-11-25 09:47:59 - [MESSAGE][PASSED] - Object: 'Object Repository/ADMIN/Categories/Category/button_upload save' is clicked on

2019-11-25 09:47:59 - [TEST_STEP][PASSED] - delay: Delayed 1 second(s)

2019-11-25 09:48:00 - [MESSAGE][PASSED] - Delayed 1 second(s)

2019-11-25 09:48:00 - [TEST_STEP][PASSED] - setText: Text 'Description46' is set on object 'Object Repository/ADMIN/Categories/Category/textfield_category_description'

2019-11-25 09:48:00 - [MESSAGE][PASSED] - Text 'Description46' is set on object 'Object Repository/ADMIN/Categories/Category/textfield_category_description'

2019-11-25 09:48:00 - [TEST_STEP][PASSED] - click: Object: 'Object Repository/ADMIN/Categories/Category/button_Save' is clicked on

2019-11-25 09:48:00 - [MESSAGE][PASSED] - Object: 'Object Repository/ADMIN/Categories/Category/button_Save' is clicked on

2019-11-25 09:48:00 - [TEST_STEP][PASSED] - waitForElementVisible: Object 'Object Repository/ADMIN/Categories/Category/label_edit popup' is visible

2019-11-25 09:48:00 - [MESSAGE][WARNING] - Timeout '0' is invalid. Using default page load timeout: '30'

2019-11-25 09:48:01 - [MESSAGE][PASSED] - Object 'Object Repository/ADMIN/Categories/Category/label_edit popup' is visible

2019-11-25 09:48:01 - [TEST_STEP][PASSED] - waitForElementNotPresent: Web element with id: 'Object Repository/ADMIN/Categories/Category/label_edit popup' located by 'By.xpath: //div[(text() = 'Category was successfully saved.' or . = 'Category was successfully saved.')]' is not present after '30' second(s)

2019-11-25 09:48:01 - [MESSAGE][WARNING] - Timeout '0' is invalid. Using default page load timeout: '30'

2019-11-25 09:48:07 - [MESSAGE][PASSED] - Web element with id: 'Object Repository/ADMIN/Categories/Category/label_edit popup' located by 'By.xpath: //div[(text() = 'Category was successfully saved.' or . = 'Category was successfully saved.')]' is not present after '30' second(s)]]></system-out>
         <system-err><![CDATA[2019-11-25 09:47:49 - [TEST_CASE][FAILED] - Test Cases/ADMIN/Content Mgmt/Categories/Category Add-Edit/Add Category: Test Cases/ADMIN/Content Mgmt/Categories/Category Add-Edit/Add Category FAILED because (of) Unable to upload file 'C:\\Users\\Arcadier\\git\\Trillia\\Images\\Category\\5.png' to object 'Object Repository/ADMIN/Categories/Category/image_input image' (Root cause: org.openqa.selenium.WebDriverException: invalid argument: File not found : C:\\Users\\Arcadier\\git\\Trillia\\Images\\Category\\5.png
  (Session info: chrome=78.0.3904.108)
  (Driver info: chromedriver=2.35.528161 (5b82f2d2aae0ca24b877009200ced9065a772e73),platform=Windows NT 6.1.7601 SP1 x86_64) (WARNING: The server did not provide any stacktrace information)
Command duration or timeout: 0 milliseconds
Build info: version: '3.7.1', revision: '8a0099a', time: '2017-11-06T21:07:36.161Z'
System info: host: 'APRIL-PC', ip: '10.10.31.51', os.name: 'Windows 7', os.arch: 'amd64', os.version: '6.1', java.version: '1.8.0_102'
Driver info: com.kms.katalon.selenium.driver.CChromeDriver
Capabilities {acceptInsecureCerts: false, acceptSslCerts: false, applicationCacheEnabled: false, browserConnectionEnabled: false, browserName: chrome, chrome: {chromedriverVersion: 2.35.528161 (5b82f2d2aae0ca..., userDataDir: C:\Users\April\AppData\Loca...}, cssSelectorsEnabled: true, databaseEnabled: false, handlesAlerts: true, hasTouchScreen: false, javascriptEnabled: true, locationContextEnabled: true, mobileEmulationEnabled: false, nativeEvents: true, networkConnectionEnabled: false, pageLoadStrategy: normal, platform: XP, platformName: XP, rotatable: false, setWindowRect: true, takesHeapSnapshot: true, takesScreenshot: true, unexpectedAlertBehaviour: , unhandledPromptBehavior: , version: 78.0.3904.108, webStorageEnabled: true}
Session ID: cfe3a530f1bc406e2ea68220d7af8649)]]></system-err>
      </testcase>
      <testcase name="Test Cases/ADMIN/Content Mgmt/Categories/Category Add-Edit/Add Category" classname="Test Cases/ADMIN/Content Mgmt/Categories/Category Add-Edit/Add Category" status="FAILED">
         <failure type="FAILED" message="Unable to upload file 'C:\\Users\\Arcadier\\git\\Trillia\\Images\\Category\\5.png' to object 'Object Repository/ADMIN/Categories/Category/image_input image' (Root cause: org.openqa.selenium.WebDriverException: invalid argument: File not found : C:\\Users\\Arcadier\\git\\Trillia\\Images\\Category\\5.png
  (Session info: chrome=78.0.3904.108)
  (Driver info: chromedriver=2.35.528161 (5b82f2d2aae0ca24b877009200ced9065a772e73),platform=Windows NT 6.1.7601 SP1 x86_64) (WARNING: The server did not provide any stacktrace information)
Command duration or timeout: 0 milliseconds
Build info: version: '3.7.1', revision: '8a0099a', time: '2017-11-06T21:07:36.161Z'
System info: host: 'APRIL-PC', ip: '10.10.31.51', os.name: 'Windows 7', os.arch: 'amd64', os.version: '6.1', java.version: '1.8.0_102'
Driver info: com.kms.katalon.selenium.driver.CChromeDriver
Capabilities {acceptInsecureCerts: false, acceptSslCerts: false, applicationCacheEnabled: false, browserConnectionEnabled: false, browserName: chrome, chrome: {chromedriverVersion: 2.35.528161 (5b82f2d2aae0ca..., userDataDir: C:\Users\April\AppData\Loca...}, cssSelectorsEnabled: true, databaseEnabled: false, handlesAlerts: true, hasTouchScreen: false, javascriptEnabled: true, locationContextEnabled: true, mobileEmulationEnabled: false, nativeEvents: true, networkConnectionEnabled: false, pageLoadStrategy: normal, platform: XP, platformName: XP, rotatable: false, setWindowRect: true, takesHeapSnapshot: true, takesScreenshot: true, unexpectedAlertBehaviour: , unhandledPromptBehavior: , version: 78.0.3904.108, webStorageEnabled: true}
Session ID: cfe3a530f1bc406e2ea68220d7af8649)"/>
         <system-out><![CDATA[2019-11-25 09:48:07 - [TEST_CASE][FAILED] - Test Cases/ADMIN/Content Mgmt/Categories/Category Add-Edit/Add Category: Test Cases/ADMIN/Content Mgmt/Categories/Category Add-Edit/Add Category FAILED because (of) Unable to upload file 'C:\\Users\\Arcadier\\git\\Trillia\\Images\\Category\\5.png' to object 'Object Repository/ADMIN/Categories/Category/image_input image' (Root cause: org.openqa.selenium.WebDriverException: invalid argument: File not found : C:\\Users\\Arcadier\\git\\Trillia\\Images\\Category\\5.png
  (Session info: chrome=78.0.3904.108)
  (Driver info: chromedriver=2.35.528161 (5b82f2d2aae0ca24b877009200ced9065a772e73),platform=Windows NT 6.1.7601 SP1 x86_64) (WARNING: The server did not provide any stacktrace information)
Command duration or timeout: 0 milliseconds
Build info: version: '3.7.1', revision: '8a0099a', time: '2017-11-06T21:07:36.161Z'
System info: host: 'APRIL-PC', ip: '10.10.31.51', os.name: 'Windows 7', os.arch: 'amd64', os.version: '6.1', java.version: '1.8.0_102'
Driver info: com.kms.katalon.selenium.driver.CChromeDriver
Capabilities {acceptInsecureCerts: false, acceptSslCerts: false, applicationCacheEnabled: false, browserConnectionEnabled: false, browserName: chrome, chrome: {chromedriverVersion: 2.35.528161 (5b82f2d2aae0ca..., userDataDir: C:\Users\April\AppData\Loca...}, cssSelectorsEnabled: true, databaseEnabled: false, handlesAlerts: true, hasTouchScreen: false, javascriptEnabled: true, locationContextEnabled: true, mobileEmulationEnabled: false, nativeEvents: true, networkConnectionEnabled: false, pageLoadStrategy: normal, platform: XP, platformName: XP, rotatable: false, setWindowRect: true, takesHeapSnapshot: true, takesScreenshot: true, unexpectedAlertBehaviour: , unhandledPromptBehavior: , version: 78.0.3904.108, webStorageEnabled: true}
Session ID: cfe3a530f1bc406e2ea68220d7af8649)

2019-11-25 09:48:07 - [TEST_STEP][PASSED] - waitForElementVisible: Object 'Object Repository/ADMIN/Categories/Category List/button_Content Mgmt' is visible

2019-11-25 09:48:07 - [MESSAGE][WARNING] - Timeout '0' is invalid. Using default page load timeout: '30'

2019-11-25 09:48:07 - [MESSAGE][PASSED] - Object 'Object Repository/ADMIN/Categories/Category List/button_Content Mgmt' is visible

2019-11-25 09:48:07 - [TEST_STEP][PASSED] - click: Object: 'Object Repository/ADMIN/Categories/Category List/button_Content Mgmt' is clicked on

2019-11-25 09:48:07 - [MESSAGE][PASSED] - Object: 'Object Repository/ADMIN/Categories/Category List/button_Content Mgmt' is clicked on

2019-11-25 09:48:07 - [TEST_STEP][PASSED] - waitForElementVisible: Object 'Object Repository/ADMIN/Categories/Category List/button_Categories' is visible

2019-11-25 09:48:07 - [MESSAGE][WARNING] - Timeout '0' is invalid. Using default page load timeout: '30'

2019-11-25 09:48:07 - [MESSAGE][PASSED] - Object 'Object Repository/ADMIN/Categories/Category List/button_Categories' is visible

2019-11-25 09:48:07 - [TEST_STEP][PASSED] - click: Object: 'Object Repository/ADMIN/Categories/Category List/button_Categories' is clicked on

2019-11-25 09:48:07 - [MESSAGE][PASSED] - Object: 'Object Repository/ADMIN/Categories/Category List/button_Categories' is clicked on

2019-11-25 09:48:07 - [TEST_STEP][PASSED] - click: Object: 'Object Repository/ADMIN/Categories/Category List/button_AddACategory' is clicked on

2019-11-25 09:48:07 - [MESSAGE][PASSED] - Object: 'Object Repository/ADMIN/Categories/Category List/button_AddACategory' is clicked on

2019-11-25 09:48:07 - [TEST_STEP][PASSED] - waitForElementPresent: Object 'Object Repository/ADMIN/Categories/Category/dropdown_Parent' is present

2019-11-25 09:48:07 - [MESSAGE][PASSED] - Object 'Object Repository/ADMIN/Categories/Category/dropdown_Parent' is present

2019-11-25 09:48:07 - [TEST_STEP][PASSED] - delay: Delayed 1 second(s)

2019-11-25 09:48:08 - [MESSAGE][PASSED] - Delayed 1 second(s)

2019-11-25 09:48:08 - [TEST_STEP][PASSED] - setText: Text 'Category 5.1.15' is set on object 'Object Repository/ADMIN/Categories/Category/textfield_Category Name'

2019-11-25 09:48:09 - [MESSAGE][PASSED] - Text 'Category 5.1.15' is set on object 'Object Repository/ADMIN/Categories/Category/textfield_Category Name'

2019-11-25 09:48:09 - [TEST_STEP][PASSED] - click: Object: 'Object Repository/ADMIN/Categories/Category/dropdown_Parent' is clicked on

2019-11-25 09:48:09 - [MESSAGE][PASSED] - Object: 'Object Repository/ADMIN/Categories/Category/dropdown_Parent' is clicked on

2019-11-25 09:48:09 - [TEST_STEP][PASSED] - delay: Delayed 2 second(s)

2019-11-25 09:48:12 - [MESSAGE][PASSED] - Delayed 2 second(s)

2019-11-25 09:48:12 - [TEST_STEP][PASSED] - click: Object: 'Object Repository/ADMIN/Categories/Category/dropdown_Parent' is clicked on

2019-11-25 09:48:12 - [MESSAGE][PASSED] - Object: 'Object Repository/ADMIN/Categories/Category/dropdown_Parent' is clicked on

2019-11-25 09:48:12 - [TEST_STEP][PASSED] - selectOptionByLabel: All options with label 'Category 5.1' are selected in object 'Object Repository/ADMIN/Categories/Category/dropdown_Parent' 

2019-11-25 09:48:12 - [MESSAGE][PASSED] - All options with label 'Category 5.1' are selected in object 'Object Repository/ADMIN/Categories/Category/dropdown_Parent' 

2019-11-25 09:48:12 - [TEST_STEP][PASSED] - click: Object: 'Object Repository/ADMIN/Categories/Category/button_Browse' is clicked on

2019-11-25 09:48:12 - [MESSAGE][PASSED] - Object: 'Object Repository/ADMIN/Categories/Category/button_Browse' is clicked on

2019-11-25 09:48:12 - [TEST_STEP][PASSED] - delay: Delayed 1 second(s)

2019-11-25 09:48:13 - [MESSAGE][PASSED] - Delayed 1 second(s)

2019-11-25 09:48:13 - [TEST_STEP][FAILED] - uploadFile: Unable to upload file 'C:\\Users\\Arcadier\\git\\Trillia\\Images\\Category\\5.png' to object 'Object Repository/ADMIN/Categories/Category/image_input image' (Root cause: org.openqa.selenium.WebDriverException: invalid argument: File not found : C:\\Users\\Arcadier\\git\\Trillia\\Images\\Category\\5.png
  (Session info: chrome=78.0.3904.108)
  (Driver info: chromedriver=2.35.528161 (5b82f2d2aae0ca24b877009200ced9065a772e73),platform=Windows NT 6.1.7601 SP1 x86_64) (WARNING: The server did not provide any stacktrace information)
Command duration or timeout: 0 milliseconds
Build info: version: '3.7.1', revision: '8a0099a', time: '2017-11-06T21:07:36.161Z'
System info: host: 'APRIL-PC', ip: '10.10.31.51', os.name: 'Windows 7', os.arch: 'amd64', os.version: '6.1', java.version: '1.8.0_102'
Driver info: com.kms.katalon.selenium.driver.CChromeDriver
Capabilities {acceptInsecureCerts: false, acceptSslCerts: false, applicationCacheEnabled: false, browserConnectionEnabled: false, browserName: chrome, chrome: {chromedriverVersion: 2.35.528161 (5b82f2d2aae0ca..., userDataDir: C:\Users\April\AppData\Loca...}, cssSelectorsEnabled: true, databaseEnabled: false, handlesAlerts: true, hasTouchScreen: false, javascriptEnabled: true, locationContextEnabled: true, mobileEmulationEnabled: false, nativeEvents: true, networkConnectionEnabled: false, pageLoadStrategy: normal, platform: XP, platformName: XP, rotatable: false, setWindowRect: true, takesHeapSnapshot: true, takesScreenshot: true, unexpectedAlertBehaviour: , unhandledPromptBehavior: , version: 78.0.3904.108, webStorageEnabled: true}
Session ID: cfe3a530f1bc406e2ea68220d7af8649)

2019-11-25 09:48:14 - [MESSAGE][FAILED] - Unable to upload file 'C:\\Users\\Arcadier\\git\\Trillia\\Images\\Category\\5.png' to object 'Object Repository/ADMIN/Categories/Category/image_input image' (Root cause: org.openqa.selenium.WebDriverException: invalid argument: File not found : C:\\Users\\Arcadier\\git\\Trillia\\Images\\Category\\5.png
  (Session info: chrome=78.0.3904.108)
  (Driver info: chromedriver=2.35.528161 (5b82f2d2aae0ca24b877009200ced9065a772e73),platform=Windows NT 6.1.7601 SP1 x86_64) (WARNING: The server did not provide any stacktrace information)
Command duration or timeout: 0 milliseconds
Build info: version: '3.7.1', revision: '8a0099a', time: '2017-11-06T21:07:36.161Z'
System info: host: 'APRIL-PC', ip: '10.10.31.51', os.name: 'Windows 7', os.arch: 'amd64', os.version: '6.1', java.version: '1.8.0_102'
Driver info: com.kms.katalon.selenium.driver.CChromeDriver
Capabilities {acceptInsecureCerts: false, acceptSslCerts: false, applicationCacheEnabled: false, browserConnectionEnabled: false, browserName: chrome, chrome: {chromedriverVersion: 2.35.528161 (5b82f2d2aae0ca..., userDataDir: C:\Users\April\AppData\Loca...}, cssSelectorsEnabled: true, databaseEnabled: false, handlesAlerts: true, hasTouchScreen: false, javascriptEnabled: true, locationContextEnabled: true, mobileEmulationEnabled: false, nativeEvents: true, networkConnectionEnabled: false, pageLoadStrategy: normal, platform: XP, platformName: XP, rotatable: false, setWindowRect: true, takesHeapSnapshot: true, takesScreenshot: true, unexpectedAlertBehaviour: , unhandledPromptBehavior: , version: 78.0.3904.108, webStorageEnabled: true}
Session ID: cfe3a530f1bc406e2ea68220d7af8649)
[[ATTACHMENT|C:\\Users\\April\\git\\Trillia\\Reports\\Admin\\Categories\\Add Category\\20191125_093242\\1574646493987.png]]

2019-11-25 09:48:14 - [TEST_STEP][PASSED] - waitForElementVisible: Object 'Object Repository/ADMIN/Categories/Category/button_upload check' is visible

2019-11-25 09:48:14 - [MESSAGE][WARNING] - Timeout '0' is invalid. Using default page load timeout: '30'

2019-11-25 09:48:15 - [MESSAGE][PASSED] - Object 'Object Repository/ADMIN/Categories/Category/button_upload check' is visible

2019-11-25 09:48:15 - [TEST_STEP][PASSED] - click: Object: 'Object Repository/ADMIN/Categories/Category/button_upload check' is clicked on

2019-11-25 09:48:16 - [MESSAGE][PASSED] - Object: 'Object Repository/ADMIN/Categories/Category/button_upload check' is clicked on

2019-11-25 09:48:16 - [TEST_STEP][PASSED] - waitForElementVisible: Object 'Object Repository/ADMIN/Categories/Category/button_upload save' is visible

2019-11-25 09:48:16 - [MESSAGE][WARNING] - Timeout '0' is invalid. Using default page load timeout: '30'

2019-11-25 09:48:16 - [MESSAGE][PASSED] - Object 'Object Repository/ADMIN/Categories/Category/button_upload save' is visible

2019-11-25 09:48:16 - [TEST_STEP][PASSED] - click: Object: 'Object Repository/ADMIN/Categories/Category/button_upload save' is clicked on

2019-11-25 09:48:16 - [MESSAGE][PASSED] - Object: 'Object Repository/ADMIN/Categories/Category/button_upload save' is clicked on

2019-11-25 09:48:16 - [TEST_STEP][PASSED] - delay: Delayed 1 second(s)

2019-11-25 09:48:17 - [MESSAGE][PASSED] - Delayed 1 second(s)

2019-11-25 09:48:17 - [TEST_STEP][PASSED] - setText: Text 'Description47' is set on object 'Object Repository/ADMIN/Categories/Category/textfield_category_description'

2019-11-25 09:48:18 - [MESSAGE][PASSED] - Text 'Description47' is set on object 'Object Repository/ADMIN/Categories/Category/textfield_category_description'

2019-11-25 09:48:18 - [TEST_STEP][PASSED] - click: Object: 'Object Repository/ADMIN/Categories/Category/button_Save' is clicked on

2019-11-25 09:48:18 - [MESSAGE][PASSED] - Object: 'Object Repository/ADMIN/Categories/Category/button_Save' is clicked on

2019-11-25 09:48:18 - [TEST_STEP][PASSED] - waitForElementVisible: Object 'Object Repository/ADMIN/Categories/Category/label_edit popup' is visible

2019-11-25 09:48:18 - [MESSAGE][WARNING] - Timeout '0' is invalid. Using default page load timeout: '30'

2019-11-25 09:48:20 - [MESSAGE][PASSED] - Object 'Object Repository/ADMIN/Categories/Category/label_edit popup' is visible

2019-11-25 09:48:20 - [TEST_STEP][PASSED] - waitForElementNotPresent: Web element with id: 'Object Repository/ADMIN/Categories/Category/label_edit popup' located by 'By.xpath: //div[(text() = 'Category was successfully saved.' or . = 'Category was successfully saved.')]' is not present after '30' second(s)

2019-11-25 09:48:20 - [MESSAGE][WARNING] - Timeout '0' is invalid. Using default page load timeout: '30'

2019-11-25 09:48:25 - [MESSAGE][PASSED] - Web element with id: 'Object Repository/ADMIN/Categories/Category/label_edit popup' located by 'By.xpath: //div[(text() = 'Category was successfully saved.' or . = 'Category was successfully saved.')]' is not present after '30' second(s)]]></system-out>
         <system-err><![CDATA[2019-11-25 09:48:07 - [TEST_CASE][FAILED] - Test Cases/ADMIN/Content Mgmt/Categories/Category Add-Edit/Add Category: Test Cases/ADMIN/Content Mgmt/Categories/Category Add-Edit/Add Category FAILED because (of) Unable to upload file 'C:\\Users\\Arcadier\\git\\Trillia\\Images\\Category\\5.png' to object 'Object Repository/ADMIN/Categories/Category/image_input image' (Root cause: org.openqa.selenium.WebDriverException: invalid argument: File not found : C:\\Users\\Arcadier\\git\\Trillia\\Images\\Category\\5.png
  (Session info: chrome=78.0.3904.108)
  (Driver info: chromedriver=2.35.528161 (5b82f2d2aae0ca24b877009200ced9065a772e73),platform=Windows NT 6.1.7601 SP1 x86_64) (WARNING: The server did not provide any stacktrace information)
Command duration or timeout: 0 milliseconds
Build info: version: '3.7.1', revision: '8a0099a', time: '2017-11-06T21:07:36.161Z'
System info: host: 'APRIL-PC', ip: '10.10.31.51', os.name: 'Windows 7', os.arch: 'amd64', os.version: '6.1', java.version: '1.8.0_102'
Driver info: com.kms.katalon.selenium.driver.CChromeDriver
Capabilities {acceptInsecureCerts: false, acceptSslCerts: false, applicationCacheEnabled: false, browserConnectionEnabled: false, browserName: chrome, chrome: {chromedriverVersion: 2.35.528161 (5b82f2d2aae0ca..., userDataDir: C:\Users\April\AppData\Loca...}, cssSelectorsEnabled: true, databaseEnabled: false, handlesAlerts: true, hasTouchScreen: false, javascriptEnabled: true, locationContextEnabled: true, mobileEmulationEnabled: false, nativeEvents: true, networkConnectionEnabled: false, pageLoadStrategy: normal, platform: XP, platformName: XP, rotatable: false, setWindowRect: true, takesHeapSnapshot: true, takesScreenshot: true, unexpectedAlertBehaviour: , unhandledPromptBehavior: , version: 78.0.3904.108, webStorageEnabled: true}
Session ID: cfe3a530f1bc406e2ea68220d7af8649)]]></system-err>
      </testcase>
      <testcase name="Test Cases/ADMIN/Content Mgmt/Categories/Category Add-Edit/Add Category" classname="Test Cases/ADMIN/Content Mgmt/Categories/Category Add-Edit/Add Category" status="FAILED">
         <failure type="FAILED" message="Unable to upload file 'C:\\Users\\Arcadier\\git\\Trillia\\Images\\Category\\5.png' to object 'Object Repository/ADMIN/Categories/Category/image_input image' (Root cause: org.openqa.selenium.WebDriverException: invalid argument: File not found : C:\\Users\\Arcadier\\git\\Trillia\\Images\\Category\\5.png
  (Session info: chrome=78.0.3904.108)
  (Driver info: chromedriver=2.35.528161 (5b82f2d2aae0ca24b877009200ced9065a772e73),platform=Windows NT 6.1.7601 SP1 x86_64) (WARNING: The server did not provide any stacktrace information)
Command duration or timeout: 0 milliseconds
Build info: version: '3.7.1', revision: '8a0099a', time: '2017-11-06T21:07:36.161Z'
System info: host: 'APRIL-PC', ip: '10.10.31.51', os.name: 'Windows 7', os.arch: 'amd64', os.version: '6.1', java.version: '1.8.0_102'
Driver info: com.kms.katalon.selenium.driver.CChromeDriver
Capabilities {acceptInsecureCerts: false, acceptSslCerts: false, applicationCacheEnabled: false, browserConnectionEnabled: false, browserName: chrome, chrome: {chromedriverVersion: 2.35.528161 (5b82f2d2aae0ca..., userDataDir: C:\Users\April\AppData\Loca...}, cssSelectorsEnabled: true, databaseEnabled: false, handlesAlerts: true, hasTouchScreen: false, javascriptEnabled: true, locationContextEnabled: true, mobileEmulationEnabled: false, nativeEvents: true, networkConnectionEnabled: false, pageLoadStrategy: normal, platform: XP, platformName: XP, rotatable: false, setWindowRect: true, takesHeapSnapshot: true, takesScreenshot: true, unexpectedAlertBehaviour: , unhandledPromptBehavior: , version: 78.0.3904.108, webStorageEnabled: true}
Session ID: cfe3a530f1bc406e2ea68220d7af8649)"/>
         <system-out><![CDATA[2019-11-25 09:48:25 - [TEST_CASE][FAILED] - Test Cases/ADMIN/Content Mgmt/Categories/Category Add-Edit/Add Category: Test Cases/ADMIN/Content Mgmt/Categories/Category Add-Edit/Add Category FAILED because (of) Unable to upload file 'C:\\Users\\Arcadier\\git\\Trillia\\Images\\Category\\5.png' to object 'Object Repository/ADMIN/Categories/Category/image_input image' (Root cause: org.openqa.selenium.WebDriverException: invalid argument: File not found : C:\\Users\\Arcadier\\git\\Trillia\\Images\\Category\\5.png
  (Session info: chrome=78.0.3904.108)
  (Driver info: chromedriver=2.35.528161 (5b82f2d2aae0ca24b877009200ced9065a772e73),platform=Windows NT 6.1.7601 SP1 x86_64) (WARNING: The server did not provide any stacktrace information)
Command duration or timeout: 0 milliseconds
Build info: version: '3.7.1', revision: '8a0099a', time: '2017-11-06T21:07:36.161Z'
System info: host: 'APRIL-PC', ip: '10.10.31.51', os.name: 'Windows 7', os.arch: 'amd64', os.version: '6.1', java.version: '1.8.0_102'
Driver info: com.kms.katalon.selenium.driver.CChromeDriver
Capabilities {acceptInsecureCerts: false, acceptSslCerts: false, applicationCacheEnabled: false, browserConnectionEnabled: false, browserName: chrome, chrome: {chromedriverVersion: 2.35.528161 (5b82f2d2aae0ca..., userDataDir: C:\Users\April\AppData\Loca...}, cssSelectorsEnabled: true, databaseEnabled: false, handlesAlerts: true, hasTouchScreen: false, javascriptEnabled: true, locationContextEnabled: true, mobileEmulationEnabled: false, nativeEvents: true, networkConnectionEnabled: false, pageLoadStrategy: normal, platform: XP, platformName: XP, rotatable: false, setWindowRect: true, takesHeapSnapshot: true, takesScreenshot: true, unexpectedAlertBehaviour: , unhandledPromptBehavior: , version: 78.0.3904.108, webStorageEnabled: true}
Session ID: cfe3a530f1bc406e2ea68220d7af8649)

2019-11-25 09:48:25 - [TEST_STEP][PASSED] - waitForElementVisible: Object 'Object Repository/ADMIN/Categories/Category List/button_Content Mgmt' is visible

2019-11-25 09:48:25 - [MESSAGE][WARNING] - Timeout '0' is invalid. Using default page load timeout: '30'

2019-11-25 09:48:25 - [MESSAGE][PASSED] - Object 'Object Repository/ADMIN/Categories/Category List/button_Content Mgmt' is visible

2019-11-25 09:48:25 - [TEST_STEP][PASSED] - click: Object: 'Object Repository/ADMIN/Categories/Category List/button_Content Mgmt' is clicked on

2019-11-25 09:48:25 - [MESSAGE][PASSED] - Object: 'Object Repository/ADMIN/Categories/Category List/button_Content Mgmt' is clicked on

2019-11-25 09:48:25 - [TEST_STEP][PASSED] - waitForElementVisible: Object 'Object Repository/ADMIN/Categories/Category List/button_Categories' is visible

2019-11-25 09:48:25 - [MESSAGE][WARNING] - Timeout '0' is invalid. Using default page load timeout: '30'

2019-11-25 09:48:25 - [MESSAGE][PASSED] - Object 'Object Repository/ADMIN/Categories/Category List/button_Categories' is visible

2019-11-25 09:48:25 - [TEST_STEP][PASSED] - click: Object: 'Object Repository/ADMIN/Categories/Category List/button_Categories' is clicked on

2019-11-25 09:48:25 - [MESSAGE][PASSED] - Object: 'Object Repository/ADMIN/Categories/Category List/button_Categories' is clicked on

2019-11-25 09:48:25 - [TEST_STEP][PASSED] - click: Object: 'Object Repository/ADMIN/Categories/Category List/button_AddACategory' is clicked on

2019-11-25 09:48:25 - [MESSAGE][PASSED] - Object: 'Object Repository/ADMIN/Categories/Category List/button_AddACategory' is clicked on

2019-11-25 09:48:25 - [TEST_STEP][PASSED] - waitForElementPresent: Object 'Object Repository/ADMIN/Categories/Category/dropdown_Parent' is present

2019-11-25 09:48:25 - [MESSAGE][PASSED] - Object 'Object Repository/ADMIN/Categories/Category/dropdown_Parent' is present

2019-11-25 09:48:25 - [TEST_STEP][PASSED] - delay: Delayed 1 second(s)

2019-11-25 09:48:26 - [MESSAGE][PASSED] - Delayed 1 second(s)

2019-11-25 09:48:26 - [TEST_STEP][PASSED] - setText: Text 'Category 5.1.16' is set on object 'Object Repository/ADMIN/Categories/Category/textfield_Category Name'

2019-11-25 09:48:26 - [MESSAGE][PASSED] - Text 'Category 5.1.16' is set on object 'Object Repository/ADMIN/Categories/Category/textfield_Category Name'

2019-11-25 09:48:26 - [TEST_STEP][PASSED] - click: Object: 'Object Repository/ADMIN/Categories/Category/dropdown_Parent' is clicked on

2019-11-25 09:48:26 - [MESSAGE][PASSED] - Object: 'Object Repository/ADMIN/Categories/Category/dropdown_Parent' is clicked on

2019-11-25 09:48:26 - [TEST_STEP][PASSED] - delay: Delayed 2 second(s)

2019-11-25 09:48:28 - [MESSAGE][PASSED] - Delayed 2 second(s)

2019-11-25 09:48:28 - [TEST_STEP][PASSED] - click: Object: 'Object Repository/ADMIN/Categories/Category/dropdown_Parent' is clicked on

2019-11-25 09:48:29 - [MESSAGE][PASSED] - Object: 'Object Repository/ADMIN/Categories/Category/dropdown_Parent' is clicked on

2019-11-25 09:48:29 - [TEST_STEP][PASSED] - selectOptionByLabel: All options with label 'Category 5.1' are selected in object 'Object Repository/ADMIN/Categories/Category/dropdown_Parent' 

2019-11-25 09:48:29 - [MESSAGE][PASSED] - All options with label 'Category 5.1' are selected in object 'Object Repository/ADMIN/Categories/Category/dropdown_Parent' 

2019-11-25 09:48:29 - [TEST_STEP][PASSED] - click: Object: 'Object Repository/ADMIN/Categories/Category/button_Browse' is clicked on

2019-11-25 09:48:29 - [MESSAGE][PASSED] - Object: 'Object Repository/ADMIN/Categories/Category/button_Browse' is clicked on

2019-11-25 09:48:29 - [TEST_STEP][PASSED] - delay: Delayed 1 second(s)

2019-11-25 09:48:30 - [MESSAGE][PASSED] - Delayed 1 second(s)

2019-11-25 09:48:30 - [TEST_STEP][FAILED] - uploadFile: Unable to upload file 'C:\\Users\\Arcadier\\git\\Trillia\\Images\\Category\\5.png' to object 'Object Repository/ADMIN/Categories/Category/image_input image' (Root cause: org.openqa.selenium.WebDriverException: invalid argument: File not found : C:\\Users\\Arcadier\\git\\Trillia\\Images\\Category\\5.png
  (Session info: chrome=78.0.3904.108)
  (Driver info: chromedriver=2.35.528161 (5b82f2d2aae0ca24b877009200ced9065a772e73),platform=Windows NT 6.1.7601 SP1 x86_64) (WARNING: The server did not provide any stacktrace information)
Command duration or timeout: 0 milliseconds
Build info: version: '3.7.1', revision: '8a0099a', time: '2017-11-06T21:07:36.161Z'
System info: host: 'APRIL-PC', ip: '10.10.31.51', os.name: 'Windows 7', os.arch: 'amd64', os.version: '6.1', java.version: '1.8.0_102'
Driver info: com.kms.katalon.selenium.driver.CChromeDriver
Capabilities {acceptInsecureCerts: false, acceptSslCerts: false, applicationCacheEnabled: false, browserConnectionEnabled: false, browserName: chrome, chrome: {chromedriverVersion: 2.35.528161 (5b82f2d2aae0ca..., userDataDir: C:\Users\April\AppData\Loca...}, cssSelectorsEnabled: true, databaseEnabled: false, handlesAlerts: true, hasTouchScreen: false, javascriptEnabled: true, locationContextEnabled: true, mobileEmulationEnabled: false, nativeEvents: true, networkConnectionEnabled: false, pageLoadStrategy: normal, platform: XP, platformName: XP, rotatable: false, setWindowRect: true, takesHeapSnapshot: true, takesScreenshot: true, unexpectedAlertBehaviour: , unhandledPromptBehavior: , version: 78.0.3904.108, webStorageEnabled: true}
Session ID: cfe3a530f1bc406e2ea68220d7af8649)

2019-11-25 09:48:30 - [MESSAGE][FAILED] - Unable to upload file 'C:\\Users\\Arcadier\\git\\Trillia\\Images\\Category\\5.png' to object 'Object Repository/ADMIN/Categories/Category/image_input image' (Root cause: org.openqa.selenium.WebDriverException: invalid argument: File not found : C:\\Users\\Arcadier\\git\\Trillia\\Images\\Category\\5.png
  (Session info: chrome=78.0.3904.108)
  (Driver info: chromedriver=2.35.528161 (5b82f2d2aae0ca24b877009200ced9065a772e73),platform=Windows NT 6.1.7601 SP1 x86_64) (WARNING: The server did not provide any stacktrace information)
Command duration or timeout: 0 milliseconds
Build info: version: '3.7.1', revision: '8a0099a', time: '2017-11-06T21:07:36.161Z'
System info: host: 'APRIL-PC', ip: '10.10.31.51', os.name: 'Windows 7', os.arch: 'amd64', os.version: '6.1', java.version: '1.8.0_102'
Driver info: com.kms.katalon.selenium.driver.CChromeDriver
Capabilities {acceptInsecureCerts: false, acceptSslCerts: false, applicationCacheEnabled: false, browserConnectionEnabled: false, browserName: chrome, chrome: {chromedriverVersion: 2.35.528161 (5b82f2d2aae0ca..., userDataDir: C:\Users\April\AppData\Loca...}, cssSelectorsEnabled: true, databaseEnabled: false, handlesAlerts: true, hasTouchScreen: false, javascriptEnabled: true, locationContextEnabled: true, mobileEmulationEnabled: false, nativeEvents: true, networkConnectionEnabled: false, pageLoadStrategy: normal, platform: XP, platformName: XP, rotatable: false, setWindowRect: true, takesHeapSnapshot: true, takesScreenshot: true, unexpectedAlertBehaviour: , unhandledPromptBehavior: , version: 78.0.3904.108, webStorageEnabled: true}
Session ID: cfe3a530f1bc406e2ea68220d7af8649)
[[ATTACHMENT|C:\\Users\\April\\git\\Trillia\\Reports\\Admin\\Categories\\Add Category\\20191125_093242\\1574646510359.png]]

2019-11-25 09:48:31 - [TEST_STEP][PASSED] - waitForElementVisible: Object 'Object Repository/ADMIN/Categories/Category/button_upload check' is visible

2019-11-25 09:48:31 - [MESSAGE][WARNING] - Timeout '0' is invalid. Using default page load timeout: '30'

2019-11-25 09:48:32 - [MESSAGE][PASSED] - Object 'Object Repository/ADMIN/Categories/Category/button_upload check' is visible

2019-11-25 09:48:32 - [TEST_STEP][PASSED] - click: Object: 'Object Repository/ADMIN/Categories/Category/button_upload check' is clicked on

2019-11-25 09:48:32 - [MESSAGE][PASSED] - Object: 'Object Repository/ADMIN/Categories/Category/button_upload check' is clicked on

2019-11-25 09:48:32 - [TEST_STEP][PASSED] - waitForElementVisible: Object 'Object Repository/ADMIN/Categories/Category/button_upload save' is visible

2019-11-25 09:48:32 - [MESSAGE][WARNING] - Timeout '0' is invalid. Using default page load timeout: '30'

2019-11-25 09:48:32 - [MESSAGE][PASSED] - Object 'Object Repository/ADMIN/Categories/Category/button_upload save' is visible

2019-11-25 09:48:32 - [TEST_STEP][PASSED] - click: Object: 'Object Repository/ADMIN/Categories/Category/button_upload save' is clicked on

2019-11-25 09:48:33 - [MESSAGE][PASSED] - Object: 'Object Repository/ADMIN/Categories/Category/button_upload save' is clicked on

2019-11-25 09:48:33 - [TEST_STEP][PASSED] - delay: Delayed 1 second(s)

2019-11-25 09:48:34 - [MESSAGE][PASSED] - Delayed 1 second(s)

2019-11-25 09:48:34 - [TEST_STEP][PASSED] - setText: Text 'Description48' is set on object 'Object Repository/ADMIN/Categories/Category/textfield_category_description'

2019-11-25 09:48:35 - [MESSAGE][PASSED] - Text 'Description48' is set on object 'Object Repository/ADMIN/Categories/Category/textfield_category_description'

2019-11-25 09:48:35 - [TEST_STEP][PASSED] - click: Object: 'Object Repository/ADMIN/Categories/Category/button_Save' is clicked on

2019-11-25 09:48:35 - [MESSAGE][PASSED] - Object: 'Object Repository/ADMIN/Categories/Category/button_Save' is clicked on

2019-11-25 09:48:35 - [TEST_STEP][PASSED] - waitForElementVisible: Object 'Object Repository/ADMIN/Categories/Category/label_edit popup' is visible

2019-11-25 09:48:35 - [MESSAGE][WARNING] - Timeout '0' is invalid. Using default page load timeout: '30'

2019-11-25 09:48:36 - [MESSAGE][PASSED] - Object 'Object Repository/ADMIN/Categories/Category/label_edit popup' is visible

2019-11-25 09:48:36 - [TEST_STEP][PASSED] - waitForElementNotPresent: Web element with id: 'Object Repository/ADMIN/Categories/Category/label_edit popup' located by 'By.xpath: //div[(text() = 'Category was successfully saved.' or . = 'Category was successfully saved.')]' is not present after '30' second(s)

2019-11-25 09:48:36 - [MESSAGE][WARNING] - Timeout '0' is invalid. Using default page load timeout: '30'

2019-11-25 09:48:41 - [MESSAGE][PASSED] - Web element with id: 'Object Repository/ADMIN/Categories/Category/label_edit popup' located by 'By.xpath: //div[(text() = 'Category was successfully saved.' or . = 'Category was successfully saved.')]' is not present after '30' second(s)]]></system-out>
         <system-err><![CDATA[2019-11-25 09:48:25 - [TEST_CASE][FAILED] - Test Cases/ADMIN/Content Mgmt/Categories/Category Add-Edit/Add Category: Test Cases/ADMIN/Content Mgmt/Categories/Category Add-Edit/Add Category FAILED because (of) Unable to upload file 'C:\\Users\\Arcadier\\git\\Trillia\\Images\\Category\\5.png' to object 'Object Repository/ADMIN/Categories/Category/image_input image' (Root cause: org.openqa.selenium.WebDriverException: invalid argument: File not found : C:\\Users\\Arcadier\\git\\Trillia\\Images\\Category\\5.png
  (Session info: chrome=78.0.3904.108)
  (Driver info: chromedriver=2.35.528161 (5b82f2d2aae0ca24b877009200ced9065a772e73),platform=Windows NT 6.1.7601 SP1 x86_64) (WARNING: The server did not provide any stacktrace information)
Command duration or timeout: 0 milliseconds
Build info: version: '3.7.1', revision: '8a0099a', time: '2017-11-06T21:07:36.161Z'
System info: host: 'APRIL-PC', ip: '10.10.31.51', os.name: 'Windows 7', os.arch: 'amd64', os.version: '6.1', java.version: '1.8.0_102'
Driver info: com.kms.katalon.selenium.driver.CChromeDriver
Capabilities {acceptInsecureCerts: false, acceptSslCerts: false, applicationCacheEnabled: false, browserConnectionEnabled: false, browserName: chrome, chrome: {chromedriverVersion: 2.35.528161 (5b82f2d2aae0ca..., userDataDir: C:\Users\April\AppData\Loca...}, cssSelectorsEnabled: true, databaseEnabled: false, handlesAlerts: true, hasTouchScreen: false, javascriptEnabled: true, locationContextEnabled: true, mobileEmulationEnabled: false, nativeEvents: true, networkConnectionEnabled: false, pageLoadStrategy: normal, platform: XP, platformName: XP, rotatable: false, setWindowRect: true, takesHeapSnapshot: true, takesScreenshot: true, unexpectedAlertBehaviour: , unhandledPromptBehavior: , version: 78.0.3904.108, webStorageEnabled: true}
Session ID: cfe3a530f1bc406e2ea68220d7af8649)]]></system-err>
      </testcase>
      <testcase name="Test Cases/ADMIN/Content Mgmt/Categories/Category Add-Edit/Add Category" classname="Test Cases/ADMIN/Content Mgmt/Categories/Category Add-Edit/Add Category" status="FAILED">
         <failure type="FAILED" message="Unable to upload file 'C:\\Users\\Arcadier\\git\\Trillia\\Images\\Category\\5.png' to object 'Object Repository/ADMIN/Categories/Category/image_input image' (Root cause: org.openqa.selenium.WebDriverException: invalid argument: File not found : C:\\Users\\Arcadier\\git\\Trillia\\Images\\Category\\5.png
  (Session info: chrome=78.0.3904.108)
  (Driver info: chromedriver=2.35.528161 (5b82f2d2aae0ca24b877009200ced9065a772e73),platform=Windows NT 6.1.7601 SP1 x86_64) (WARNING: The server did not provide any stacktrace information)
Command duration or timeout: 0 milliseconds
Build info: version: '3.7.1', revision: '8a0099a', time: '2017-11-06T21:07:36.161Z'
System info: host: 'APRIL-PC', ip: '10.10.31.51', os.name: 'Windows 7', os.arch: 'amd64', os.version: '6.1', java.version: '1.8.0_102'
Driver info: com.kms.katalon.selenium.driver.CChromeDriver
Capabilities {acceptInsecureCerts: false, acceptSslCerts: false, applicationCacheEnabled: false, browserConnectionEnabled: false, browserName: chrome, chrome: {chromedriverVersion: 2.35.528161 (5b82f2d2aae0ca..., userDataDir: C:\Users\April\AppData\Loca...}, cssSelectorsEnabled: true, databaseEnabled: false, handlesAlerts: true, hasTouchScreen: false, javascriptEnabled: true, locationContextEnabled: true, mobileEmulationEnabled: false, nativeEvents: true, networkConnectionEnabled: false, pageLoadStrategy: normal, platform: XP, platformName: XP, rotatable: false, setWindowRect: true, takesHeapSnapshot: true, takesScreenshot: true, unexpectedAlertBehaviour: , unhandledPromptBehavior: , version: 78.0.3904.108, webStorageEnabled: true}
Session ID: cfe3a530f1bc406e2ea68220d7af8649)"/>
         <system-out><![CDATA[2019-11-25 09:48:41 - [TEST_CASE][FAILED] - Test Cases/ADMIN/Content Mgmt/Categories/Category Add-Edit/Add Category: Test Cases/ADMIN/Content Mgmt/Categories/Category Add-Edit/Add Category FAILED because (of) Unable to upload file 'C:\\Users\\Arcadier\\git\\Trillia\\Images\\Category\\5.png' to object 'Object Repository/ADMIN/Categories/Category/image_input image' (Root cause: org.openqa.selenium.WebDriverException: invalid argument: File not found : C:\\Users\\Arcadier\\git\\Trillia\\Images\\Category\\5.png
  (Session info: chrome=78.0.3904.108)
  (Driver info: chromedriver=2.35.528161 (5b82f2d2aae0ca24b877009200ced9065a772e73),platform=Windows NT 6.1.7601 SP1 x86_64) (WARNING: The server did not provide any stacktrace information)
Command duration or timeout: 0 milliseconds
Build info: version: '3.7.1', revision: '8a0099a', time: '2017-11-06T21:07:36.161Z'
System info: host: 'APRIL-PC', ip: '10.10.31.51', os.name: 'Windows 7', os.arch: 'amd64', os.version: '6.1', java.version: '1.8.0_102'
Driver info: com.kms.katalon.selenium.driver.CChromeDriver
Capabilities {acceptInsecureCerts: false, acceptSslCerts: false, applicationCacheEnabled: false, browserConnectionEnabled: false, browserName: chrome, chrome: {chromedriverVersion: 2.35.528161 (5b82f2d2aae0ca..., userDataDir: C:\Users\April\AppData\Loca...}, cssSelectorsEnabled: true, databaseEnabled: false, handlesAlerts: true, hasTouchScreen: false, javascriptEnabled: true, locationContextEnabled: true, mobileEmulationEnabled: false, nativeEvents: true, networkConnectionEnabled: false, pageLoadStrategy: normal, platform: XP, platformName: XP, rotatable: false, setWindowRect: true, takesHeapSnapshot: true, takesScreenshot: true, unexpectedAlertBehaviour: , unhandledPromptBehavior: , version: 78.0.3904.108, webStorageEnabled: true}
Session ID: cfe3a530f1bc406e2ea68220d7af8649)

2019-11-25 09:48:41 - [TEST_STEP][PASSED] - waitForElementVisible: Object 'Object Repository/ADMIN/Categories/Category List/button_Content Mgmt' is visible

2019-11-25 09:48:41 - [MESSAGE][WARNING] - Timeout '0' is invalid. Using default page load timeout: '30'

2019-11-25 09:48:42 - [MESSAGE][PASSED] - Object 'Object Repository/ADMIN/Categories/Category List/button_Content Mgmt' is visible

2019-11-25 09:48:42 - [TEST_STEP][PASSED] - click: Object: 'Object Repository/ADMIN/Categories/Category List/button_Content Mgmt' is clicked on

2019-11-25 09:48:42 - [MESSAGE][PASSED] - Object: 'Object Repository/ADMIN/Categories/Category List/button_Content Mgmt' is clicked on

2019-11-25 09:48:42 - [TEST_STEP][PASSED] - waitForElementVisible: Object 'Object Repository/ADMIN/Categories/Category List/button_Categories' is visible

2019-11-25 09:48:42 - [MESSAGE][WARNING] - Timeout '0' is invalid. Using default page load timeout: '30'

2019-11-25 09:48:42 - [MESSAGE][PASSED] - Object 'Object Repository/ADMIN/Categories/Category List/button_Categories' is visible

2019-11-25 09:48:42 - [TEST_STEP][PASSED] - click: Object: 'Object Repository/ADMIN/Categories/Category List/button_Categories' is clicked on

2019-11-25 09:48:43 - [MESSAGE][PASSED] - Object: 'Object Repository/ADMIN/Categories/Category List/button_Categories' is clicked on

2019-11-25 09:48:43 - [TEST_STEP][PASSED] - click: Object: 'Object Repository/ADMIN/Categories/Category List/button_AddACategory' is clicked on

2019-11-25 09:48:43 - [MESSAGE][PASSED] - Object: 'Object Repository/ADMIN/Categories/Category List/button_AddACategory' is clicked on

2019-11-25 09:48:43 - [TEST_STEP][PASSED] - waitForElementPresent: Object 'Object Repository/ADMIN/Categories/Category/dropdown_Parent' is present

2019-11-25 09:48:43 - [MESSAGE][PASSED] - Object 'Object Repository/ADMIN/Categories/Category/dropdown_Parent' is present

2019-11-25 09:48:43 - [TEST_STEP][PASSED] - delay: Delayed 1 second(s)

2019-11-25 09:48:44 - [MESSAGE][PASSED] - Delayed 1 second(s)

2019-11-25 09:48:44 - [TEST_STEP][PASSED] - setText: Text 'Category 5.1.17' is set on object 'Object Repository/ADMIN/Categories/Category/textfield_Category Name'

2019-11-25 09:48:44 - [MESSAGE][PASSED] - Text 'Category 5.1.17' is set on object 'Object Repository/ADMIN/Categories/Category/textfield_Category Name'

2019-11-25 09:48:44 - [TEST_STEP][PASSED] - click: Object: 'Object Repository/ADMIN/Categories/Category/dropdown_Parent' is clicked on

2019-11-25 09:48:44 - [MESSAGE][PASSED] - Object: 'Object Repository/ADMIN/Categories/Category/dropdown_Parent' is clicked on

2019-11-25 09:48:44 - [TEST_STEP][PASSED] - delay: Delayed 2 second(s)

2019-11-25 09:48:46 - [MESSAGE][PASSED] - Delayed 2 second(s)

2019-11-25 09:48:46 - [TEST_STEP][PASSED] - click: Object: 'Object Repository/ADMIN/Categories/Category/dropdown_Parent' is clicked on

2019-11-25 09:48:47 - [MESSAGE][PASSED] - Object: 'Object Repository/ADMIN/Categories/Category/dropdown_Parent' is clicked on

2019-11-25 09:48:47 - [TEST_STEP][PASSED] - selectOptionByLabel: All options with label 'Category 5.1' are selected in object 'Object Repository/ADMIN/Categories/Category/dropdown_Parent' 

2019-11-25 09:48:47 - [MESSAGE][PASSED] - All options with label 'Category 5.1' are selected in object 'Object Repository/ADMIN/Categories/Category/dropdown_Parent' 

2019-11-25 09:48:47 - [TEST_STEP][PASSED] - click: Object: 'Object Repository/ADMIN/Categories/Category/button_Browse' is clicked on

2019-11-25 09:48:47 - [MESSAGE][PASSED] - Object: 'Object Repository/ADMIN/Categories/Category/button_Browse' is clicked on

2019-11-25 09:48:47 - [TEST_STEP][PASSED] - delay: Delayed 1 second(s)

2019-11-25 09:48:48 - [MESSAGE][PASSED] - Delayed 1 second(s)

2019-11-25 09:48:48 - [TEST_STEP][FAILED] - uploadFile: Unable to upload file 'C:\\Users\\Arcadier\\git\\Trillia\\Images\\Category\\5.png' to object 'Object Repository/ADMIN/Categories/Category/image_input image' (Root cause: org.openqa.selenium.WebDriverException: invalid argument: File not found : C:\\Users\\Arcadier\\git\\Trillia\\Images\\Category\\5.png
  (Session info: chrome=78.0.3904.108)
  (Driver info: chromedriver=2.35.528161 (5b82f2d2aae0ca24b877009200ced9065a772e73),platform=Windows NT 6.1.7601 SP1 x86_64) (WARNING: The server did not provide any stacktrace information)
Command duration or timeout: 0 milliseconds
Build info: version: '3.7.1', revision: '8a0099a', time: '2017-11-06T21:07:36.161Z'
System info: host: 'APRIL-PC', ip: '10.10.31.51', os.name: 'Windows 7', os.arch: 'amd64', os.version: '6.1', java.version: '1.8.0_102'
Driver info: com.kms.katalon.selenium.driver.CChromeDriver
Capabilities {acceptInsecureCerts: false, acceptSslCerts: false, applicationCacheEnabled: false, browserConnectionEnabled: false, browserName: chrome, chrome: {chromedriverVersion: 2.35.528161 (5b82f2d2aae0ca..., userDataDir: C:\Users\April\AppData\Loca...}, cssSelectorsEnabled: true, databaseEnabled: false, handlesAlerts: true, hasTouchScreen: false, javascriptEnabled: true, locationContextEnabled: true, mobileEmulationEnabled: false, nativeEvents: true, networkConnectionEnabled: false, pageLoadStrategy: normal, platform: XP, platformName: XP, rotatable: false, setWindowRect: true, takesHeapSnapshot: true, takesScreenshot: true, unexpectedAlertBehaviour: , unhandledPromptBehavior: , version: 78.0.3904.108, webStorageEnabled: true}
Session ID: cfe3a530f1bc406e2ea68220d7af8649)

2019-11-25 09:48:48 - [MESSAGE][FAILED] - Unable to upload file 'C:\\Users\\Arcadier\\git\\Trillia\\Images\\Category\\5.png' to object 'Object Repository/ADMIN/Categories/Category/image_input image' (Root cause: org.openqa.selenium.WebDriverException: invalid argument: File not found : C:\\Users\\Arcadier\\git\\Trillia\\Images\\Category\\5.png
  (Session info: chrome=78.0.3904.108)
  (Driver info: chromedriver=2.35.528161 (5b82f2d2aae0ca24b877009200ced9065a772e73),platform=Windows NT 6.1.7601 SP1 x86_64) (WARNING: The server did not provide any stacktrace information)
Command duration or timeout: 0 milliseconds
Build info: version: '3.7.1', revision: '8a0099a', time: '2017-11-06T21:07:36.161Z'
System info: host: 'APRIL-PC', ip: '10.10.31.51', os.name: 'Windows 7', os.arch: 'amd64', os.version: '6.1', java.version: '1.8.0_102'
Driver info: com.kms.katalon.selenium.driver.CChromeDriver
Capabilities {acceptInsecureCerts: false, acceptSslCerts: false, applicationCacheEnabled: false, browserConnectionEnabled: false, browserName: chrome, chrome: {chromedriverVersion: 2.35.528161 (5b82f2d2aae0ca..., userDataDir: C:\Users\April\AppData\Loca...}, cssSelectorsEnabled: true, databaseEnabled: false, handlesAlerts: true, hasTouchScreen: false, javascriptEnabled: true, locationContextEnabled: true, mobileEmulationEnabled: false, nativeEvents: true, networkConnectionEnabled: false, pageLoadStrategy: normal, platform: XP, platformName: XP, rotatable: false, setWindowRect: true, takesHeapSnapshot: true, takesScreenshot: true, unexpectedAlertBehaviour: , unhandledPromptBehavior: , version: 78.0.3904.108, webStorageEnabled: true}
Session ID: cfe3a530f1bc406e2ea68220d7af8649)
[[ATTACHMENT|C:\\Users\\April\\git\\Trillia\\Reports\\Admin\\Categories\\Add Category\\20191125_093242\\1574646528194.png]]

2019-11-25 09:48:48 - [TEST_STEP][PASSED] - waitForElementVisible: Object 'Object Repository/ADMIN/Categories/Category/button_upload check' is visible

2019-11-25 09:48:48 - [MESSAGE][WARNING] - Timeout '0' is invalid. Using default page load timeout: '30'

2019-11-25 09:48:51 - [MESSAGE][PASSED] - Object 'Object Repository/ADMIN/Categories/Category/button_upload check' is visible

2019-11-25 09:48:51 - [TEST_STEP][PASSED] - click: Object: 'Object Repository/ADMIN/Categories/Category/button_upload check' is clicked on

2019-11-25 09:48:51 - [MESSAGE][PASSED] - Object: 'Object Repository/ADMIN/Categories/Category/button_upload check' is clicked on

2019-11-25 09:48:51 - [TEST_STEP][PASSED] - waitForElementVisible: Object 'Object Repository/ADMIN/Categories/Category/button_upload save' is visible

2019-11-25 09:48:51 - [MESSAGE][WARNING] - Timeout '0' is invalid. Using default page load timeout: '30'

2019-11-25 09:48:51 - [MESSAGE][PASSED] - Object 'Object Repository/ADMIN/Categories/Category/button_upload save' is visible

2019-11-25 09:48:51 - [TEST_STEP][PASSED] - click: Object: 'Object Repository/ADMIN/Categories/Category/button_upload save' is clicked on

2019-11-25 09:48:51 - [MESSAGE][PASSED] - Object: 'Object Repository/ADMIN/Categories/Category/button_upload save' is clicked on

2019-11-25 09:48:51 - [TEST_STEP][PASSED] - delay: Delayed 1 second(s)

2019-11-25 09:48:52 - [MESSAGE][PASSED] - Delayed 1 second(s)

2019-11-25 09:48:52 - [TEST_STEP][PASSED] - setText: Text 'Description49' is set on object 'Object Repository/ADMIN/Categories/Category/textfield_category_description'

2019-11-25 09:48:52 - [MESSAGE][PASSED] - Text 'Description49' is set on object 'Object Repository/ADMIN/Categories/Category/textfield_category_description'

2019-11-25 09:48:52 - [TEST_STEP][PASSED] - click: Object: 'Object Repository/ADMIN/Categories/Category/button_Save' is clicked on

2019-11-25 09:48:52 - [MESSAGE][PASSED] - Object: 'Object Repository/ADMIN/Categories/Category/button_Save' is clicked on

2019-11-25 09:48:52 - [TEST_STEP][PASSED] - waitForElementVisible: Object 'Object Repository/ADMIN/Categories/Category/label_edit popup' is visible

2019-11-25 09:48:52 - [MESSAGE][WARNING] - Timeout '0' is invalid. Using default page load timeout: '30'

2019-11-25 09:48:54 - [MESSAGE][PASSED] - Object 'Object Repository/ADMIN/Categories/Category/label_edit popup' is visible

2019-11-25 09:48:54 - [TEST_STEP][PASSED] - waitForElementNotPresent: Web element with id: 'Object Repository/ADMIN/Categories/Category/label_edit popup' located by 'By.xpath: //div[(text() = 'Category was successfully saved.' or . = 'Category was successfully saved.')]' is not present after '30' second(s)

2019-11-25 09:48:54 - [MESSAGE][WARNING] - Timeout '0' is invalid. Using default page load timeout: '30'

2019-11-25 09:48:58 - [MESSAGE][PASSED] - Web element with id: 'Object Repository/ADMIN/Categories/Category/label_edit popup' located by 'By.xpath: //div[(text() = 'Category was successfully saved.' or . = 'Category was successfully saved.')]' is not present after '30' second(s)]]></system-out>
         <system-err><![CDATA[2019-11-25 09:48:41 - [TEST_CASE][FAILED] - Test Cases/ADMIN/Content Mgmt/Categories/Category Add-Edit/Add Category: Test Cases/ADMIN/Content Mgmt/Categories/Category Add-Edit/Add Category FAILED because (of) Unable to upload file 'C:\\Users\\Arcadier\\git\\Trillia\\Images\\Category\\5.png' to object 'Object Repository/ADMIN/Categories/Category/image_input image' (Root cause: org.openqa.selenium.WebDriverException: invalid argument: File not found : C:\\Users\\Arcadier\\git\\Trillia\\Images\\Category\\5.png
  (Session info: chrome=78.0.3904.108)
  (Driver info: chromedriver=2.35.528161 (5b82f2d2aae0ca24b877009200ced9065a772e73),platform=Windows NT 6.1.7601 SP1 x86_64) (WARNING: The server did not provide any stacktrace information)
Command duration or timeout: 0 milliseconds
Build info: version: '3.7.1', revision: '8a0099a', time: '2017-11-06T21:07:36.161Z'
System info: host: 'APRIL-PC', ip: '10.10.31.51', os.name: 'Windows 7', os.arch: 'amd64', os.version: '6.1', java.version: '1.8.0_102'
Driver info: com.kms.katalon.selenium.driver.CChromeDriver
Capabilities {acceptInsecureCerts: false, acceptSslCerts: false, applicationCacheEnabled: false, browserConnectionEnabled: false, browserName: chrome, chrome: {chromedriverVersion: 2.35.528161 (5b82f2d2aae0ca..., userDataDir: C:\Users\April\AppData\Loca...}, cssSelectorsEnabled: true, databaseEnabled: false, handlesAlerts: true, hasTouchScreen: false, javascriptEnabled: true, locationContextEnabled: true, mobileEmulationEnabled: false, nativeEvents: true, networkConnectionEnabled: false, pageLoadStrategy: normal, platform: XP, platformName: XP, rotatable: false, setWindowRect: true, takesHeapSnapshot: true, takesScreenshot: true, unexpectedAlertBehaviour: , unhandledPromptBehavior: , version: 78.0.3904.108, webStorageEnabled: true}
Session ID: cfe3a530f1bc406e2ea68220d7af8649)]]></system-err>
      </testcase>
      <testcase name="Test Cases/ADMIN/Content Mgmt/Categories/Category Add-Edit/Add Category" classname="Test Cases/ADMIN/Content Mgmt/Categories/Category Add-Edit/Add Category" status="FAILED">
         <failure type="FAILED" message="Unable to upload file 'C:\\Users\\Arcadier\\git\\Trillia\\Images\\Category\\5.png' to object 'Object Repository/ADMIN/Categories/Category/image_input image' (Root cause: org.openqa.selenium.WebDriverException: invalid argument: File not found : C:\\Users\\Arcadier\\git\\Trillia\\Images\\Category\\5.png
  (Session info: chrome=78.0.3904.108)
  (Driver info: chromedriver=2.35.528161 (5b82f2d2aae0ca24b877009200ced9065a772e73),platform=Windows NT 6.1.7601 SP1 x86_64) (WARNING: The server did not provide any stacktrace information)
Command duration or timeout: 0 milliseconds
Build info: version: '3.7.1', revision: '8a0099a', time: '2017-11-06T21:07:36.161Z'
System info: host: 'APRIL-PC', ip: '10.10.31.51', os.name: 'Windows 7', os.arch: 'amd64', os.version: '6.1', java.version: '1.8.0_102'
Driver info: com.kms.katalon.selenium.driver.CChromeDriver
Capabilities {acceptInsecureCerts: false, acceptSslCerts: false, applicationCacheEnabled: false, browserConnectionEnabled: false, browserName: chrome, chrome: {chromedriverVersion: 2.35.528161 (5b82f2d2aae0ca..., userDataDir: C:\Users\April\AppData\Loca...}, cssSelectorsEnabled: true, databaseEnabled: false, handlesAlerts: true, hasTouchScreen: false, javascriptEnabled: true, locationContextEnabled: true, mobileEmulationEnabled: false, nativeEvents: true, networkConnectionEnabled: false, pageLoadStrategy: normal, platform: XP, platformName: XP, rotatable: false, setWindowRect: true, takesHeapSnapshot: true, takesScreenshot: true, unexpectedAlertBehaviour: , unhandledPromptBehavior: , version: 78.0.3904.108, webStorageEnabled: true}
Session ID: cfe3a530f1bc406e2ea68220d7af8649)"/>
         <system-out><![CDATA[2019-11-25 09:48:58 - [TEST_CASE][FAILED] - Test Cases/ADMIN/Content Mgmt/Categories/Category Add-Edit/Add Category: Test Cases/ADMIN/Content Mgmt/Categories/Category Add-Edit/Add Category FAILED because (of) Unable to upload file 'C:\\Users\\Arcadier\\git\\Trillia\\Images\\Category\\5.png' to object 'Object Repository/ADMIN/Categories/Category/image_input image' (Root cause: org.openqa.selenium.WebDriverException: invalid argument: File not found : C:\\Users\\Arcadier\\git\\Trillia\\Images\\Category\\5.png
  (Session info: chrome=78.0.3904.108)
  (Driver info: chromedriver=2.35.528161 (5b82f2d2aae0ca24b877009200ced9065a772e73),platform=Windows NT 6.1.7601 SP1 x86_64) (WARNING: The server did not provide any stacktrace information)
Command duration or timeout: 0 milliseconds
Build info: version: '3.7.1', revision: '8a0099a', time: '2017-11-06T21:07:36.161Z'
System info: host: 'APRIL-PC', ip: '10.10.31.51', os.name: 'Windows 7', os.arch: 'amd64', os.version: '6.1', java.version: '1.8.0_102'
Driver info: com.kms.katalon.selenium.driver.CChromeDriver
Capabilities {acceptInsecureCerts: false, acceptSslCerts: false, applicationCacheEnabled: false, browserConnectionEnabled: false, browserName: chrome, chrome: {chromedriverVersion: 2.35.528161 (5b82f2d2aae0ca..., userDataDir: C:\Users\April\AppData\Loca...}, cssSelectorsEnabled: true, databaseEnabled: false, handlesAlerts: true, hasTouchScreen: false, javascriptEnabled: true, locationContextEnabled: true, mobileEmulationEnabled: false, nativeEvents: true, networkConnectionEnabled: false, pageLoadStrategy: normal, platform: XP, platformName: XP, rotatable: false, setWindowRect: true, takesHeapSnapshot: true, takesScreenshot: true, unexpectedAlertBehaviour: , unhandledPromptBehavior: , version: 78.0.3904.108, webStorageEnabled: true}
Session ID: cfe3a530f1bc406e2ea68220d7af8649)

2019-11-25 09:48:58 - [TEST_STEP][PASSED] - waitForElementVisible: Object 'Object Repository/ADMIN/Categories/Category List/button_Content Mgmt' is visible

2019-11-25 09:48:58 - [MESSAGE][WARNING] - Timeout '0' is invalid. Using default page load timeout: '30'

2019-11-25 09:48:59 - [MESSAGE][PASSED] - Object 'Object Repository/ADMIN/Categories/Category List/button_Content Mgmt' is visible

2019-11-25 09:48:59 - [TEST_STEP][PASSED] - click: Object: 'Object Repository/ADMIN/Categories/Category List/button_Content Mgmt' is clicked on

2019-11-25 09:48:59 - [MESSAGE][PASSED] - Object: 'Object Repository/ADMIN/Categories/Category List/button_Content Mgmt' is clicked on

2019-11-25 09:48:59 - [TEST_STEP][PASSED] - waitForElementVisible: Object 'Object Repository/ADMIN/Categories/Category List/button_Categories' is visible

2019-11-25 09:49:00 - [MESSAGE][WARNING] - Timeout '0' is invalid. Using default page load timeout: '30'

2019-11-25 09:49:00 - [MESSAGE][PASSED] - Object 'Object Repository/ADMIN/Categories/Category List/button_Categories' is visible

2019-11-25 09:49:00 - [TEST_STEP][PASSED] - click: Object: 'Object Repository/ADMIN/Categories/Category List/button_Categories' is clicked on

2019-11-25 09:49:01 - [MESSAGE][PASSED] - Object: 'Object Repository/ADMIN/Categories/Category List/button_Categories' is clicked on

2019-11-25 09:49:01 - [TEST_STEP][PASSED] - click: Object: 'Object Repository/ADMIN/Categories/Category List/button_AddACategory' is clicked on

2019-11-25 09:49:02 - [MESSAGE][PASSED] - Object: 'Object Repository/ADMIN/Categories/Category List/button_AddACategory' is clicked on

2019-11-25 09:49:02 - [TEST_STEP][PASSED] - waitForElementPresent: Object 'Object Repository/ADMIN/Categories/Category/dropdown_Parent' is present

2019-11-25 09:49:02 - [MESSAGE][PASSED] - Object 'Object Repository/ADMIN/Categories/Category/dropdown_Parent' is present

2019-11-25 09:49:02 - [TEST_STEP][PASSED] - delay: Delayed 1 second(s)

2019-11-25 09:49:03 - [MESSAGE][PASSED] - Delayed 1 second(s)

2019-11-25 09:49:03 - [TEST_STEP][PASSED] - setText: Text 'Category 5.1.18' is set on object 'Object Repository/ADMIN/Categories/Category/textfield_Category Name'

2019-11-25 09:49:03 - [MESSAGE][PASSED] - Text 'Category 5.1.18' is set on object 'Object Repository/ADMIN/Categories/Category/textfield_Category Name'

2019-11-25 09:49:03 - [TEST_STEP][PASSED] - click: Object: 'Object Repository/ADMIN/Categories/Category/dropdown_Parent' is clicked on

2019-11-25 09:49:05 - [MESSAGE][PASSED] - Object: 'Object Repository/ADMIN/Categories/Category/dropdown_Parent' is clicked on

2019-11-25 09:49:05 - [TEST_STEP][PASSED] - delay: Delayed 2 second(s)

2019-11-25 09:49:07 - [MESSAGE][PASSED] - Delayed 2 second(s)

2019-11-25 09:49:07 - [TEST_STEP][PASSED] - click: Object: 'Object Repository/ADMIN/Categories/Category/dropdown_Parent' is clicked on

2019-11-25 09:49:07 - [MESSAGE][PASSED] - Object: 'Object Repository/ADMIN/Categories/Category/dropdown_Parent' is clicked on

2019-11-25 09:49:07 - [TEST_STEP][PASSED] - selectOptionByLabel: All options with label 'Category 5.1' are selected in object 'Object Repository/ADMIN/Categories/Category/dropdown_Parent' 

2019-11-25 09:49:07 - [MESSAGE][PASSED] - All options with label 'Category 5.1' are selected in object 'Object Repository/ADMIN/Categories/Category/dropdown_Parent' 

2019-11-25 09:49:07 - [TEST_STEP][PASSED] - click: Object: 'Object Repository/ADMIN/Categories/Category/button_Browse' is clicked on

2019-11-25 09:49:07 - [MESSAGE][PASSED] - Object: 'Object Repository/ADMIN/Categories/Category/button_Browse' is clicked on

2019-11-25 09:49:07 - [TEST_STEP][PASSED] - delay: Delayed 1 second(s)

2019-11-25 09:49:09 - [MESSAGE][PASSED] - Delayed 1 second(s)

2019-11-25 09:49:09 - [TEST_STEP][FAILED] - uploadFile: Unable to upload file 'C:\\Users\\Arcadier\\git\\Trillia\\Images\\Category\\5.png' to object 'Object Repository/ADMIN/Categories/Category/image_input image' (Root cause: org.openqa.selenium.WebDriverException: invalid argument: File not found : C:\\Users\\Arcadier\\git\\Trillia\\Images\\Category\\5.png
  (Session info: chrome=78.0.3904.108)
  (Driver info: chromedriver=2.35.528161 (5b82f2d2aae0ca24b877009200ced9065a772e73),platform=Windows NT 6.1.7601 SP1 x86_64) (WARNING: The server did not provide any stacktrace information)
Command duration or timeout: 0 milliseconds
Build info: version: '3.7.1', revision: '8a0099a', time: '2017-11-06T21:07:36.161Z'
System info: host: 'APRIL-PC', ip: '10.10.31.51', os.name: 'Windows 7', os.arch: 'amd64', os.version: '6.1', java.version: '1.8.0_102'
Driver info: com.kms.katalon.selenium.driver.CChromeDriver
Capabilities {acceptInsecureCerts: false, acceptSslCerts: false, applicationCacheEnabled: false, browserConnectionEnabled: false, browserName: chrome, chrome: {chromedriverVersion: 2.35.528161 (5b82f2d2aae0ca..., userDataDir: C:\Users\April\AppData\Loca...}, cssSelectorsEnabled: true, databaseEnabled: false, handlesAlerts: true, hasTouchScreen: false, javascriptEnabled: true, locationContextEnabled: true, mobileEmulationEnabled: false, nativeEvents: true, networkConnectionEnabled: false, pageLoadStrategy: normal, platform: XP, platformName: XP, rotatable: false, setWindowRect: true, takesHeapSnapshot: true, takesScreenshot: true, unexpectedAlertBehaviour: , unhandledPromptBehavior: , version: 78.0.3904.108, webStorageEnabled: true}
Session ID: cfe3a530f1bc406e2ea68220d7af8649)

2019-11-25 09:49:10 - [MESSAGE][FAILED] - Unable to upload file 'C:\\Users\\Arcadier\\git\\Trillia\\Images\\Category\\5.png' to object 'Object Repository/ADMIN/Categories/Category/image_input image' (Root cause: org.openqa.selenium.WebDriverException: invalid argument: File not found : C:\\Users\\Arcadier\\git\\Trillia\\Images\\Category\\5.png
  (Session info: chrome=78.0.3904.108)
  (Driver info: chromedriver=2.35.528161 (5b82f2d2aae0ca24b877009200ced9065a772e73),platform=Windows NT 6.1.7601 SP1 x86_64) (WARNING: The server did not provide any stacktrace information)
Command duration or timeout: 0 milliseconds
Build info: version: '3.7.1', revision: '8a0099a', time: '2017-11-06T21:07:36.161Z'
System info: host: 'APRIL-PC', ip: '10.10.31.51', os.name: 'Windows 7', os.arch: 'amd64', os.version: '6.1', java.version: '1.8.0_102'
Driver info: com.kms.katalon.selenium.driver.CChromeDriver
Capabilities {acceptInsecureCerts: false, acceptSslCerts: false, applicationCacheEnabled: false, browserConnectionEnabled: false, browserName: chrome, chrome: {chromedriverVersion: 2.35.528161 (5b82f2d2aae0ca..., userDataDir: C:\Users\April\AppData\Loca...}, cssSelectorsEnabled: true, databaseEnabled: false, handlesAlerts: true, hasTouchScreen: false, javascriptEnabled: true, locationContextEnabled: true, mobileEmulationEnabled: false, nativeEvents: true, networkConnectionEnabled: false, pageLoadStrategy: normal, platform: XP, platformName: XP, rotatable: false, setWindowRect: true, takesHeapSnapshot: true, takesScreenshot: true, unexpectedAlertBehaviour: , unhandledPromptBehavior: , version: 78.0.3904.108, webStorageEnabled: true}
Session ID: cfe3a530f1bc406e2ea68220d7af8649)
[[ATTACHMENT|C:\\Users\\April\\git\\Trillia\\Reports\\Admin\\Categories\\Add Category\\20191125_093242\\1574646549714.png]]

2019-11-25 09:49:10 - [TEST_STEP][PASSED] - waitForElementVisible: Object 'Object Repository/ADMIN/Categories/Category/button_upload check' is visible

2019-11-25 09:49:10 - [MESSAGE][WARNING] - Timeout '0' is invalid. Using default page load timeout: '30'

2019-11-25 09:49:16 - [MESSAGE][PASSED] - Object 'Object Repository/ADMIN/Categories/Category/button_upload check' is visible

2019-11-25 09:49:16 - [TEST_STEP][PASSED] - click: Object: 'Object Repository/ADMIN/Categories/Category/button_upload check' is clicked on

2019-11-25 09:49:17 - [MESSAGE][PASSED] - Object: 'Object Repository/ADMIN/Categories/Category/button_upload check' is clicked on

2019-11-25 09:49:17 - [TEST_STEP][PASSED] - waitForElementVisible: Object 'Object Repository/ADMIN/Categories/Category/button_upload save' is visible

2019-11-25 09:49:17 - [MESSAGE][WARNING] - Timeout '0' is invalid. Using default page load timeout: '30'

2019-11-25 09:49:17 - [MESSAGE][PASSED] - Object 'Object Repository/ADMIN/Categories/Category/button_upload save' is visible

2019-11-25 09:49:17 - [TEST_STEP][PASSED] - click: Object: 'Object Repository/ADMIN/Categories/Category/button_upload save' is clicked on

2019-11-25 09:49:17 - [MESSAGE][PASSED] - Object: 'Object Repository/ADMIN/Categories/Category/button_upload save' is clicked on

2019-11-25 09:49:17 - [TEST_STEP][PASSED] - delay: Delayed 1 second(s)

2019-11-25 09:49:18 - [MESSAGE][PASSED] - Delayed 1 second(s)

2019-11-25 09:49:18 - [TEST_STEP][PASSED] - setText: Text 'Description50' is set on object 'Object Repository/ADMIN/Categories/Category/textfield_category_description'

2019-11-25 09:49:18 - [MESSAGE][PASSED] - Text 'Description50' is set on object 'Object Repository/ADMIN/Categories/Category/textfield_category_description'

2019-11-25 09:49:18 - [TEST_STEP][PASSED] - click: Object: 'Object Repository/ADMIN/Categories/Category/button_Save' is clicked on

2019-11-25 09:49:18 - [MESSAGE][PASSED] - Object: 'Object Repository/ADMIN/Categories/Category/button_Save' is clicked on

2019-11-25 09:49:18 - [TEST_STEP][PASSED] - waitForElementVisible: Object 'Object Repository/ADMIN/Categories/Category/label_edit popup' is visible

2019-11-25 09:49:18 - [MESSAGE][WARNING] - Timeout '0' is invalid. Using default page load timeout: '30'

2019-11-25 09:49:19 - [MESSAGE][PASSED] - Object 'Object Repository/ADMIN/Categories/Category/label_edit popup' is visible

2019-11-25 09:49:19 - [TEST_STEP][PASSED] - waitForElementNotPresent: Web element with id: 'Object Repository/ADMIN/Categories/Category/label_edit popup' located by 'By.xpath: //div[(text() = 'Category was successfully saved.' or . = 'Category was successfully saved.')]' is not present after '30' second(s)

2019-11-25 09:49:19 - [MESSAGE][WARNING] - Timeout '0' is invalid. Using default page load timeout: '30'

2019-11-25 09:49:25 - [MESSAGE][PASSED] - Web element with id: 'Object Repository/ADMIN/Categories/Category/label_edit popup' located by 'By.xpath: //div[(text() = 'Category was successfully saved.' or . = 'Category was successfully saved.')]' is not present after '30' second(s)]]></system-out>
         <system-err><![CDATA[2019-11-25 09:48:58 - [TEST_CASE][FAILED] - Test Cases/ADMIN/Content Mgmt/Categories/Category Add-Edit/Add Category: Test Cases/ADMIN/Content Mgmt/Categories/Category Add-Edit/Add Category FAILED because (of) Unable to upload file 'C:\\Users\\Arcadier\\git\\Trillia\\Images\\Category\\5.png' to object 'Object Repository/ADMIN/Categories/Category/image_input image' (Root cause: org.openqa.selenium.WebDriverException: invalid argument: File not found : C:\\Users\\Arcadier\\git\\Trillia\\Images\\Category\\5.png
  (Session info: chrome=78.0.3904.108)
  (Driver info: chromedriver=2.35.528161 (5b82f2d2aae0ca24b877009200ced9065a772e73),platform=Windows NT 6.1.7601 SP1 x86_64) (WARNING: The server did not provide any stacktrace information)
Command duration or timeout: 0 milliseconds
Build info: version: '3.7.1', revision: '8a0099a', time: '2017-11-06T21:07:36.161Z'
System info: host: 'APRIL-PC', ip: '10.10.31.51', os.name: 'Windows 7', os.arch: 'amd64', os.version: '6.1', java.version: '1.8.0_102'
Driver info: com.kms.katalon.selenium.driver.CChromeDriver
Capabilities {acceptInsecureCerts: false, acceptSslCerts: false, applicationCacheEnabled: false, browserConnectionEnabled: false, browserName: chrome, chrome: {chromedriverVersion: 2.35.528161 (5b82f2d2aae0ca..., userDataDir: C:\Users\April\AppData\Loca...}, cssSelectorsEnabled: true, databaseEnabled: false, handlesAlerts: true, hasTouchScreen: false, javascriptEnabled: true, locationContextEnabled: true, mobileEmulationEnabled: false, nativeEvents: true, networkConnectionEnabled: false, pageLoadStrategy: normal, platform: XP, platformName: XP, rotatable: false, setWindowRect: true, takesHeapSnapshot: true, takesScreenshot: true, unexpectedAlertBehaviour: , unhandledPromptBehavior: , version: 78.0.3904.108, webStorageEnabled: true}
Session ID: cfe3a530f1bc406e2ea68220d7af8649)]]></system-err>
      </testcase>
      <testcase name="Test Cases/ADMIN/Content Mgmt/Categories/Category Add-Edit/Add Category" classname="Test Cases/ADMIN/Content Mgmt/Categories/Category Add-Edit/Add Category" status="FAILED">
         <failure type="FAILED" message="Unable to upload file 'C:\\Users\\Arcadier\\git\\Trillia\\Images\\Category\\5.png' to object 'Object Repository/ADMIN/Categories/Category/image_input image' (Root cause: org.openqa.selenium.WebDriverException: invalid argument: File not found : C:\\Users\\Arcadier\\git\\Trillia\\Images\\Category\\5.png
  (Session info: chrome=78.0.3904.108)
  (Driver info: chromedriver=2.35.528161 (5b82f2d2aae0ca24b877009200ced9065a772e73),platform=Windows NT 6.1.7601 SP1 x86_64) (WARNING: The server did not provide any stacktrace information)
Command duration or timeout: 0 milliseconds
Build info: version: '3.7.1', revision: '8a0099a', time: '2017-11-06T21:07:36.161Z'
System info: host: 'APRIL-PC', ip: '10.10.31.51', os.name: 'Windows 7', os.arch: 'amd64', os.version: '6.1', java.version: '1.8.0_102'
Driver info: com.kms.katalon.selenium.driver.CChromeDriver
Capabilities {acceptInsecureCerts: false, acceptSslCerts: false, applicationCacheEnabled: false, browserConnectionEnabled: false, browserName: chrome, chrome: {chromedriverVersion: 2.35.528161 (5b82f2d2aae0ca..., userDataDir: C:\Users\April\AppData\Loca...}, cssSelectorsEnabled: true, databaseEnabled: false, handlesAlerts: true, hasTouchScreen: false, javascriptEnabled: true, locationContextEnabled: true, mobileEmulationEnabled: false, nativeEvents: true, networkConnectionEnabled: false, pageLoadStrategy: normal, platform: XP, platformName: XP, rotatable: false, setWindowRect: true, takesHeapSnapshot: true, takesScreenshot: true, unexpectedAlertBehaviour: , unhandledPromptBehavior: , version: 78.0.3904.108, webStorageEnabled: true}
Session ID: cfe3a530f1bc406e2ea68220d7af8649)"/>
         <system-out><![CDATA[2019-11-25 09:49:25 - [TEST_CASE][FAILED] - Test Cases/ADMIN/Content Mgmt/Categories/Category Add-Edit/Add Category: Test Cases/ADMIN/Content Mgmt/Categories/Category Add-Edit/Add Category FAILED because (of) Unable to upload file 'C:\\Users\\Arcadier\\git\\Trillia\\Images\\Category\\5.png' to object 'Object Repository/ADMIN/Categories/Category/image_input image' (Root cause: org.openqa.selenium.WebDriverException: invalid argument: File not found : C:\\Users\\Arcadier\\git\\Trillia\\Images\\Category\\5.png
  (Session info: chrome=78.0.3904.108)
  (Driver info: chromedriver=2.35.528161 (5b82f2d2aae0ca24b877009200ced9065a772e73),platform=Windows NT 6.1.7601 SP1 x86_64) (WARNING: The server did not provide any stacktrace information)
Command duration or timeout: 0 milliseconds
Build info: version: '3.7.1', revision: '8a0099a', time: '2017-11-06T21:07:36.161Z'
System info: host: 'APRIL-PC', ip: '10.10.31.51', os.name: 'Windows 7', os.arch: 'amd64', os.version: '6.1', java.version: '1.8.0_102'
Driver info: com.kms.katalon.selenium.driver.CChromeDriver
Capabilities {acceptInsecureCerts: false, acceptSslCerts: false, applicationCacheEnabled: false, browserConnectionEnabled: false, browserName: chrome, chrome: {chromedriverVersion: 2.35.528161 (5b82f2d2aae0ca..., userDataDir: C:\Users\April\AppData\Loca...}, cssSelectorsEnabled: true, databaseEnabled: false, handlesAlerts: true, hasTouchScreen: false, javascriptEnabled: true, locationContextEnabled: true, mobileEmulationEnabled: false, nativeEvents: true, networkConnectionEnabled: false, pageLoadStrategy: normal, platform: XP, platformName: XP, rotatable: false, setWindowRect: true, takesHeapSnapshot: true, takesScreenshot: true, unexpectedAlertBehaviour: , unhandledPromptBehavior: , version: 78.0.3904.108, webStorageEnabled: true}
Session ID: cfe3a530f1bc406e2ea68220d7af8649)

2019-11-25 09:49:25 - [TEST_STEP][PASSED] - waitForElementVisible: Object 'Object Repository/ADMIN/Categories/Category List/button_Content Mgmt' is visible

2019-11-25 09:49:25 - [MESSAGE][WARNING] - Timeout '0' is invalid. Using default page load timeout: '30'

2019-11-25 09:49:25 - [MESSAGE][PASSED] - Object 'Object Repository/ADMIN/Categories/Category List/button_Content Mgmt' is visible

2019-11-25 09:49:25 - [TEST_STEP][PASSED] - click: Object: 'Object Repository/ADMIN/Categories/Category List/button_Content Mgmt' is clicked on

2019-11-25 09:49:25 - [MESSAGE][PASSED] - Object: 'Object Repository/ADMIN/Categories/Category List/button_Content Mgmt' is clicked on

2019-11-25 09:49:25 - [TEST_STEP][PASSED] - waitForElementVisible: Object 'Object Repository/ADMIN/Categories/Category List/button_Categories' is visible

2019-11-25 09:49:25 - [MESSAGE][WARNING] - Timeout '0' is invalid. Using default page load timeout: '30'

2019-11-25 09:49:25 - [MESSAGE][PASSED] - Object 'Object Repository/ADMIN/Categories/Category List/button_Categories' is visible

2019-11-25 09:49:25 - [TEST_STEP][PASSED] - click: Object: 'Object Repository/ADMIN/Categories/Category List/button_Categories' is clicked on

2019-11-25 09:49:25 - [MESSAGE][PASSED] - Object: 'Object Repository/ADMIN/Categories/Category List/button_Categories' is clicked on

2019-11-25 09:49:25 - [TEST_STEP][PASSED] - click: Object: 'Object Repository/ADMIN/Categories/Category List/button_AddACategory' is clicked on

2019-11-25 09:49:26 - [MESSAGE][PASSED] - Object: 'Object Repository/ADMIN/Categories/Category List/button_AddACategory' is clicked on

2019-11-25 09:49:26 - [TEST_STEP][PASSED] - waitForElementPresent: Object 'Object Repository/ADMIN/Categories/Category/dropdown_Parent' is present

2019-11-25 09:49:26 - [MESSAGE][PASSED] - Object 'Object Repository/ADMIN/Categories/Category/dropdown_Parent' is present

2019-11-25 09:49:26 - [TEST_STEP][PASSED] - delay: Delayed 1 second(s)

2019-11-25 09:49:27 - [MESSAGE][PASSED] - Delayed 1 second(s)

2019-11-25 09:49:27 - [TEST_STEP][PASSED] - setText: Text 'Category 5.1.19' is set on object 'Object Repository/ADMIN/Categories/Category/textfield_Category Name'

2019-11-25 09:49:27 - [MESSAGE][PASSED] - Text 'Category 5.1.19' is set on object 'Object Repository/ADMIN/Categories/Category/textfield_Category Name'

2019-11-25 09:49:27 - [TEST_STEP][PASSED] - click: Object: 'Object Repository/ADMIN/Categories/Category/dropdown_Parent' is clicked on

2019-11-25 09:49:27 - [MESSAGE][PASSED] - Object: 'Object Repository/ADMIN/Categories/Category/dropdown_Parent' is clicked on

2019-11-25 09:49:27 - [TEST_STEP][PASSED] - delay: Delayed 2 second(s)

2019-11-25 09:49:30 - [MESSAGE][PASSED] - Delayed 2 second(s)

2019-11-25 09:49:30 - [TEST_STEP][PASSED] - click: Object: 'Object Repository/ADMIN/Categories/Category/dropdown_Parent' is clicked on

2019-11-25 09:49:30 - [MESSAGE][PASSED] - Object: 'Object Repository/ADMIN/Categories/Category/dropdown_Parent' is clicked on

2019-11-25 09:49:30 - [TEST_STEP][PASSED] - selectOptionByLabel: All options with label 'Category 5.1' are selected in object 'Object Repository/ADMIN/Categories/Category/dropdown_Parent' 

2019-11-25 09:49:30 - [MESSAGE][PASSED] - All options with label 'Category 5.1' are selected in object 'Object Repository/ADMIN/Categories/Category/dropdown_Parent' 

2019-11-25 09:49:30 - [TEST_STEP][PASSED] - click: Object: 'Object Repository/ADMIN/Categories/Category/button_Browse' is clicked on

2019-11-25 09:49:30 - [MESSAGE][PASSED] - Object: 'Object Repository/ADMIN/Categories/Category/button_Browse' is clicked on

2019-11-25 09:49:30 - [TEST_STEP][PASSED] - delay: Delayed 1 second(s)

2019-11-25 09:49:31 - [MESSAGE][PASSED] - Delayed 1 second(s)

2019-11-25 09:49:31 - [TEST_STEP][FAILED] - uploadFile: Unable to upload file 'C:\\Users\\Arcadier\\git\\Trillia\\Images\\Category\\5.png' to object 'Object Repository/ADMIN/Categories/Category/image_input image' (Root cause: org.openqa.selenium.WebDriverException: invalid argument: File not found : C:\\Users\\Arcadier\\git\\Trillia\\Images\\Category\\5.png
  (Session info: chrome=78.0.3904.108)
  (Driver info: chromedriver=2.35.528161 (5b82f2d2aae0ca24b877009200ced9065a772e73),platform=Windows NT 6.1.7601 SP1 x86_64) (WARNING: The server did not provide any stacktrace information)
Command duration or timeout: 0 milliseconds
Build info: version: '3.7.1', revision: '8a0099a', time: '2017-11-06T21:07:36.161Z'
System info: host: 'APRIL-PC', ip: '10.10.31.51', os.name: 'Windows 7', os.arch: 'amd64', os.version: '6.1', java.version: '1.8.0_102'
Driver info: com.kms.katalon.selenium.driver.CChromeDriver
Capabilities {acceptInsecureCerts: false, acceptSslCerts: false, applicationCacheEnabled: false, browserConnectionEnabled: false, browserName: chrome, chrome: {chromedriverVersion: 2.35.528161 (5b82f2d2aae0ca..., userDataDir: C:\Users\April\AppData\Loca...}, cssSelectorsEnabled: true, databaseEnabled: false, handlesAlerts: true, hasTouchScreen: false, javascriptEnabled: true, locationContextEnabled: true, mobileEmulationEnabled: false, nativeEvents: true, networkConnectionEnabled: false, pageLoadStrategy: normal, platform: XP, platformName: XP, rotatable: false, setWindowRect: true, takesHeapSnapshot: true, takesScreenshot: true, unexpectedAlertBehaviour: , unhandledPromptBehavior: , version: 78.0.3904.108, webStorageEnabled: true}
Session ID: cfe3a530f1bc406e2ea68220d7af8649)

2019-11-25 09:49:32 - [MESSAGE][FAILED] - Unable to upload file 'C:\\Users\\Arcadier\\git\\Trillia\\Images\\Category\\5.png' to object 'Object Repository/ADMIN/Categories/Category/image_input image' (Root cause: org.openqa.selenium.WebDriverException: invalid argument: File not found : C:\\Users\\Arcadier\\git\\Trillia\\Images\\Category\\5.png
  (Session info: chrome=78.0.3904.108)
  (Driver info: chromedriver=2.35.528161 (5b82f2d2aae0ca24b877009200ced9065a772e73),platform=Windows NT 6.1.7601 SP1 x86_64) (WARNING: The server did not provide any stacktrace information)
Command duration or timeout: 0 milliseconds
Build info: version: '3.7.1', revision: '8a0099a', time: '2017-11-06T21:07:36.161Z'
System info: host: 'APRIL-PC', ip: '10.10.31.51', os.name: 'Windows 7', os.arch: 'amd64', os.version: '6.1', java.version: '1.8.0_102'
Driver info: com.kms.katalon.selenium.driver.CChromeDriver
Capabilities {acceptInsecureCerts: false, acceptSslCerts: false, applicationCacheEnabled: false, browserConnectionEnabled: false, browserName: chrome, chrome: {chromedriverVersion: 2.35.528161 (5b82f2d2aae0ca..., userDataDir: C:\Users\April\AppData\Loca...}, cssSelectorsEnabled: true, databaseEnabled: false, handlesAlerts: true, hasTouchScreen: false, javascriptEnabled: true, locationContextEnabled: true, mobileEmulationEnabled: false, nativeEvents: true, networkConnectionEnabled: false, pageLoadStrategy: normal, platform: XP, platformName: XP, rotatable: false, setWindowRect: true, takesHeapSnapshot: true, takesScreenshot: true, unexpectedAlertBehaviour: , unhandledPromptBehavior: , version: 78.0.3904.108, webStorageEnabled: true}
Session ID: cfe3a530f1bc406e2ea68220d7af8649)
[[ATTACHMENT|C:\\Users\\April\\git\\Trillia\\Reports\\Admin\\Categories\\Add Category\\20191125_093242\\1574646571845.png]]

2019-11-25 09:49:32 - [TEST_STEP][PASSED] - waitForElementVisible: Object 'Object Repository/ADMIN/Categories/Category/button_upload check' is visible

2019-11-25 09:49:32 - [MESSAGE][WARNING] - Timeout '0' is invalid. Using default page load timeout: '30'

2019-11-25 09:49:39 - [MESSAGE][PASSED] - Object 'Object Repository/ADMIN/Categories/Category/button_upload check' is visible

2019-11-25 09:49:39 - [TEST_STEP][PASSED] - click: Object: 'Object Repository/ADMIN/Categories/Category/button_upload check' is clicked on

2019-11-25 09:49:39 - [MESSAGE][PASSED] - Object: 'Object Repository/ADMIN/Categories/Category/button_upload check' is clicked on

2019-11-25 09:49:39 - [TEST_STEP][PASSED] - waitForElementVisible: Object 'Object Repository/ADMIN/Categories/Category/button_upload save' is visible

2019-11-25 09:49:39 - [MESSAGE][WARNING] - Timeout '0' is invalid. Using default page load timeout: '30'

2019-11-25 09:49:39 - [MESSAGE][PASSED] - Object 'Object Repository/ADMIN/Categories/Category/button_upload save' is visible

2019-11-25 09:49:39 - [TEST_STEP][PASSED] - click: Object: 'Object Repository/ADMIN/Categories/Category/button_upload save' is clicked on

2019-11-25 09:49:39 - [MESSAGE][PASSED] - Object: 'Object Repository/ADMIN/Categories/Category/button_upload save' is clicked on

2019-11-25 09:49:39 - [TEST_STEP][PASSED] - delay: Delayed 1 second(s)

2019-11-25 09:49:40 - [MESSAGE][PASSED] - Delayed 1 second(s)

2019-11-25 09:49:40 - [TEST_STEP][PASSED] - setText: Text 'Description51' is set on object 'Object Repository/ADMIN/Categories/Category/textfield_category_description'

2019-11-25 09:49:40 - [MESSAGE][PASSED] - Text 'Description51' is set on object 'Object Repository/ADMIN/Categories/Category/textfield_category_description'

2019-11-25 09:49:40 - [TEST_STEP][PASSED] - click: Object: 'Object Repository/ADMIN/Categories/Category/button_Save' is clicked on

2019-11-25 09:49:40 - [MESSAGE][PASSED] - Object: 'Object Repository/ADMIN/Categories/Category/button_Save' is clicked on

2019-11-25 09:49:40 - [TEST_STEP][PASSED] - waitForElementVisible: Object 'Object Repository/ADMIN/Categories/Category/label_edit popup' is visible

2019-11-25 09:49:40 - [MESSAGE][WARNING] - Timeout '0' is invalid. Using default page load timeout: '30'

2019-11-25 09:49:41 - [MESSAGE][PASSED] - Object 'Object Repository/ADMIN/Categories/Category/label_edit popup' is visible

2019-11-25 09:49:41 - [TEST_STEP][PASSED] - waitForElementNotPresent: Web element with id: 'Object Repository/ADMIN/Categories/Category/label_edit popup' located by 'By.xpath: //div[(text() = 'Category was successfully saved.' or . = 'Category was successfully saved.')]' is not present after '30' second(s)

2019-11-25 09:49:41 - [MESSAGE][WARNING] - Timeout '0' is invalid. Using default page load timeout: '30'

2019-11-25 09:49:48 - [MESSAGE][PASSED] - Web element with id: 'Object Repository/ADMIN/Categories/Category/label_edit popup' located by 'By.xpath: //div[(text() = 'Category was successfully saved.' or . = 'Category was successfully saved.')]' is not present after '30' second(s)]]></system-out>
         <system-err><![CDATA[2019-11-25 09:49:25 - [TEST_CASE][FAILED] - Test Cases/ADMIN/Content Mgmt/Categories/Category Add-Edit/Add Category: Test Cases/ADMIN/Content Mgmt/Categories/Category Add-Edit/Add Category FAILED because (of) Unable to upload file 'C:\\Users\\Arcadier\\git\\Trillia\\Images\\Category\\5.png' to object 'Object Repository/ADMIN/Categories/Category/image_input image' (Root cause: org.openqa.selenium.WebDriverException: invalid argument: File not found : C:\\Users\\Arcadier\\git\\Trillia\\Images\\Category\\5.png
  (Session info: chrome=78.0.3904.108)
  (Driver info: chromedriver=2.35.528161 (5b82f2d2aae0ca24b877009200ced9065a772e73),platform=Windows NT 6.1.7601 SP1 x86_64) (WARNING: The server did not provide any stacktrace information)
Command duration or timeout: 0 milliseconds
Build info: version: '3.7.1', revision: '8a0099a', time: '2017-11-06T21:07:36.161Z'
System info: host: 'APRIL-PC', ip: '10.10.31.51', os.name: 'Windows 7', os.arch: 'amd64', os.version: '6.1', java.version: '1.8.0_102'
Driver info: com.kms.katalon.selenium.driver.CChromeDriver
Capabilities {acceptInsecureCerts: false, acceptSslCerts: false, applicationCacheEnabled: false, browserConnectionEnabled: false, browserName: chrome, chrome: {chromedriverVersion: 2.35.528161 (5b82f2d2aae0ca..., userDataDir: C:\Users\April\AppData\Loca...}, cssSelectorsEnabled: true, databaseEnabled: false, handlesAlerts: true, hasTouchScreen: false, javascriptEnabled: true, locationContextEnabled: true, mobileEmulationEnabled: false, nativeEvents: true, networkConnectionEnabled: false, pageLoadStrategy: normal, platform: XP, platformName: XP, rotatable: false, setWindowRect: true, takesHeapSnapshot: true, takesScreenshot: true, unexpectedAlertBehaviour: , unhandledPromptBehavior: , version: 78.0.3904.108, webStorageEnabled: true}
Session ID: cfe3a530f1bc406e2ea68220d7af8649)]]></system-err>
      </testcase>
      <testcase name="Test Cases/ADMIN/Content Mgmt/Categories/Category Add-Edit/Add Category" classname="Test Cases/ADMIN/Content Mgmt/Categories/Category Add-Edit/Add Category" status="FAILED">
         <failure type="FAILED" message="Unable to upload file 'C:\\Users\\Arcadier\\git\\Trillia\\Images\\Category\\5.png' to object 'Object Repository/ADMIN/Categories/Category/image_input image' (Root cause: org.openqa.selenium.WebDriverException: invalid argument: File not found : C:\\Users\\Arcadier\\git\\Trillia\\Images\\Category\\5.png
  (Session info: chrome=78.0.3904.108)
  (Driver info: chromedriver=2.35.528161 (5b82f2d2aae0ca24b877009200ced9065a772e73),platform=Windows NT 6.1.7601 SP1 x86_64) (WARNING: The server did not provide any stacktrace information)
Command duration or timeout: 0 milliseconds
Build info: version: '3.7.1', revision: '8a0099a', time: '2017-11-06T21:07:36.161Z'
System info: host: 'APRIL-PC', ip: '10.10.31.51', os.name: 'Windows 7', os.arch: 'amd64', os.version: '6.1', java.version: '1.8.0_102'
Driver info: com.kms.katalon.selenium.driver.CChromeDriver
Capabilities {acceptInsecureCerts: false, acceptSslCerts: false, applicationCacheEnabled: false, browserConnectionEnabled: false, browserName: chrome, chrome: {chromedriverVersion: 2.35.528161 (5b82f2d2aae0ca..., userDataDir: C:\Users\April\AppData\Loca...}, cssSelectorsEnabled: true, databaseEnabled: false, handlesAlerts: true, hasTouchScreen: false, javascriptEnabled: true, locationContextEnabled: true, mobileEmulationEnabled: false, nativeEvents: true, networkConnectionEnabled: false, pageLoadStrategy: normal, platform: XP, platformName: XP, rotatable: false, setWindowRect: true, takesHeapSnapshot: true, takesScreenshot: true, unexpectedAlertBehaviour: , unhandledPromptBehavior: , version: 78.0.3904.108, webStorageEnabled: true}
Session ID: cfe3a530f1bc406e2ea68220d7af8649)"/>
         <system-out><![CDATA[2019-11-25 09:49:48 - [TEST_CASE][FAILED] - Test Cases/ADMIN/Content Mgmt/Categories/Category Add-Edit/Add Category: Test Cases/ADMIN/Content Mgmt/Categories/Category Add-Edit/Add Category FAILED because (of) Unable to upload file 'C:\\Users\\Arcadier\\git\\Trillia\\Images\\Category\\5.png' to object 'Object Repository/ADMIN/Categories/Category/image_input image' (Root cause: org.openqa.selenium.WebDriverException: invalid argument: File not found : C:\\Users\\Arcadier\\git\\Trillia\\Images\\Category\\5.png
  (Session info: chrome=78.0.3904.108)
  (Driver info: chromedriver=2.35.528161 (5b82f2d2aae0ca24b877009200ced9065a772e73),platform=Windows NT 6.1.7601 SP1 x86_64) (WARNING: The server did not provide any stacktrace information)
Command duration or timeout: 0 milliseconds
Build info: version: '3.7.1', revision: '8a0099a', time: '2017-11-06T21:07:36.161Z'
System info: host: 'APRIL-PC', ip: '10.10.31.51', os.name: 'Windows 7', os.arch: 'amd64', os.version: '6.1', java.version: '1.8.0_102'
Driver info: com.kms.katalon.selenium.driver.CChromeDriver
Capabilities {acceptInsecureCerts: false, acceptSslCerts: false, applicationCacheEnabled: false, browserConnectionEnabled: false, browserName: chrome, chrome: {chromedriverVersion: 2.35.528161 (5b82f2d2aae0ca..., userDataDir: C:\Users\April\AppData\Loca...}, cssSelectorsEnabled: true, databaseEnabled: false, handlesAlerts: true, hasTouchScreen: false, javascriptEnabled: true, locationContextEnabled: true, mobileEmulationEnabled: false, nativeEvents: true, networkConnectionEnabled: false, pageLoadStrategy: normal, platform: XP, platformName: XP, rotatable: false, setWindowRect: true, takesHeapSnapshot: true, takesScreenshot: true, unexpectedAlertBehaviour: , unhandledPromptBehavior: , version: 78.0.3904.108, webStorageEnabled: true}
Session ID: cfe3a530f1bc406e2ea68220d7af8649)

2019-11-25 09:49:48 - [TEST_STEP][PASSED] - waitForElementVisible: Object 'Object Repository/ADMIN/Categories/Category List/button_Content Mgmt' is visible

2019-11-25 09:49:48 - [MESSAGE][WARNING] - Timeout '0' is invalid. Using default page load timeout: '30'

2019-11-25 09:49:48 - [MESSAGE][PASSED] - Object 'Object Repository/ADMIN/Categories/Category List/button_Content Mgmt' is visible

2019-11-25 09:49:48 - [TEST_STEP][PASSED] - click: Object: 'Object Repository/ADMIN/Categories/Category List/button_Content Mgmt' is clicked on

2019-11-25 09:49:48 - [MESSAGE][PASSED] - Object: 'Object Repository/ADMIN/Categories/Category List/button_Content Mgmt' is clicked on

2019-11-25 09:49:48 - [TEST_STEP][PASSED] - waitForElementVisible: Object 'Object Repository/ADMIN/Categories/Category List/button_Categories' is visible

2019-11-25 09:49:48 - [MESSAGE][WARNING] - Timeout '0' is invalid. Using default page load timeout: '30'

2019-11-25 09:49:48 - [MESSAGE][PASSED] - Object 'Object Repository/ADMIN/Categories/Category List/button_Categories' is visible

2019-11-25 09:49:48 - [TEST_STEP][PASSED] - click: Object: 'Object Repository/ADMIN/Categories/Category List/button_Categories' is clicked on

2019-11-25 09:49:48 - [MESSAGE][PASSED] - Object: 'Object Repository/ADMIN/Categories/Category List/button_Categories' is clicked on

2019-11-25 09:49:48 - [TEST_STEP][PASSED] - click: Object: 'Object Repository/ADMIN/Categories/Category List/button_AddACategory' is clicked on

2019-11-25 09:49:48 - [MESSAGE][PASSED] - Object: 'Object Repository/ADMIN/Categories/Category List/button_AddACategory' is clicked on

2019-11-25 09:49:48 - [TEST_STEP][PASSED] - waitForElementPresent: Object 'Object Repository/ADMIN/Categories/Category/dropdown_Parent' is present

2019-11-25 09:49:48 - [MESSAGE][PASSED] - Object 'Object Repository/ADMIN/Categories/Category/dropdown_Parent' is present

2019-11-25 09:49:48 - [TEST_STEP][PASSED] - delay: Delayed 1 second(s)

2019-11-25 09:49:49 - [MESSAGE][PASSED] - Delayed 1 second(s)

2019-11-25 09:49:49 - [TEST_STEP][PASSED] - setText: Text 'Category 5.1.20' is set on object 'Object Repository/ADMIN/Categories/Category/textfield_Category Name'

2019-11-25 09:49:50 - [MESSAGE][PASSED] - Text 'Category 5.1.20' is set on object 'Object Repository/ADMIN/Categories/Category/textfield_Category Name'

2019-11-25 09:49:50 - [TEST_STEP][PASSED] - click: Object: 'Object Repository/ADMIN/Categories/Category/dropdown_Parent' is clicked on

2019-11-25 09:49:50 - [MESSAGE][PASSED] - Object: 'Object Repository/ADMIN/Categories/Category/dropdown_Parent' is clicked on

2019-11-25 09:49:50 - [TEST_STEP][PASSED] - delay: Delayed 2 second(s)

2019-11-25 09:49:53 - [MESSAGE][PASSED] - Delayed 2 second(s)

2019-11-25 09:49:53 - [TEST_STEP][PASSED] - click: Object: 'Object Repository/ADMIN/Categories/Category/dropdown_Parent' is clicked on

2019-11-25 09:49:53 - [MESSAGE][PASSED] - Object: 'Object Repository/ADMIN/Categories/Category/dropdown_Parent' is clicked on

2019-11-25 09:49:53 - [TEST_STEP][PASSED] - selectOptionByLabel: All options with label 'Category 5.1' are selected in object 'Object Repository/ADMIN/Categories/Category/dropdown_Parent' 

2019-11-25 09:49:53 - [MESSAGE][PASSED] - All options with label 'Category 5.1' are selected in object 'Object Repository/ADMIN/Categories/Category/dropdown_Parent' 

2019-11-25 09:49:53 - [TEST_STEP][PASSED] - click: Object: 'Object Repository/ADMIN/Categories/Category/button_Browse' is clicked on

2019-11-25 09:49:53 - [MESSAGE][PASSED] - Object: 'Object Repository/ADMIN/Categories/Category/button_Browse' is clicked on

2019-11-25 09:49:53 - [TEST_STEP][PASSED] - delay: Delayed 1 second(s)

2019-11-25 09:49:54 - [MESSAGE][PASSED] - Delayed 1 second(s)

2019-11-25 09:49:54 - [TEST_STEP][FAILED] - uploadFile: Unable to upload file 'C:\\Users\\Arcadier\\git\\Trillia\\Images\\Category\\5.png' to object 'Object Repository/ADMIN/Categories/Category/image_input image' (Root cause: org.openqa.selenium.WebDriverException: invalid argument: File not found : C:\\Users\\Arcadier\\git\\Trillia\\Images\\Category\\5.png
  (Session info: chrome=78.0.3904.108)
  (Driver info: chromedriver=2.35.528161 (5b82f2d2aae0ca24b877009200ced9065a772e73),platform=Windows NT 6.1.7601 SP1 x86_64) (WARNING: The server did not provide any stacktrace information)
Command duration or timeout: 0 milliseconds
Build info: version: '3.7.1', revision: '8a0099a', time: '2017-11-06T21:07:36.161Z'
System info: host: 'APRIL-PC', ip: '10.10.31.51', os.name: 'Windows 7', os.arch: 'amd64', os.version: '6.1', java.version: '1.8.0_102'
Driver info: com.kms.katalon.selenium.driver.CChromeDriver
Capabilities {acceptInsecureCerts: false, acceptSslCerts: false, applicationCacheEnabled: false, browserConnectionEnabled: false, browserName: chrome, chrome: {chromedriverVersion: 2.35.528161 (5b82f2d2aae0ca..., userDataDir: C:\Users\April\AppData\Loca...}, cssSelectorsEnabled: true, databaseEnabled: false, handlesAlerts: true, hasTouchScreen: false, javascriptEnabled: true, locationContextEnabled: true, mobileEmulationEnabled: false, nativeEvents: true, networkConnectionEnabled: false, pageLoadStrategy: normal, platform: XP, platformName: XP, rotatable: false, setWindowRect: true, takesHeapSnapshot: true, takesScreenshot: true, unexpectedAlertBehaviour: , unhandledPromptBehavior: , version: 78.0.3904.108, webStorageEnabled: true}
Session ID: cfe3a530f1bc406e2ea68220d7af8649)

2019-11-25 09:49:55 - [MESSAGE][FAILED] - Unable to upload file 'C:\\Users\\Arcadier\\git\\Trillia\\Images\\Category\\5.png' to object 'Object Repository/ADMIN/Categories/Category/image_input image' (Root cause: org.openqa.selenium.WebDriverException: invalid argument: File not found : C:\\Users\\Arcadier\\git\\Trillia\\Images\\Category\\5.png
  (Session info: chrome=78.0.3904.108)
  (Driver info: chromedriver=2.35.528161 (5b82f2d2aae0ca24b877009200ced9065a772e73),platform=Windows NT 6.1.7601 SP1 x86_64) (WARNING: The server did not provide any stacktrace information)
Command duration or timeout: 0 milliseconds
Build info: version: '3.7.1', revision: '8a0099a', time: '2017-11-06T21:07:36.161Z'
System info: host: 'APRIL-PC', ip: '10.10.31.51', os.name: 'Windows 7', os.arch: 'amd64', os.version: '6.1', java.version: '1.8.0_102'
Driver info: com.kms.katalon.selenium.driver.CChromeDriver
Capabilities {acceptInsecureCerts: false, acceptSslCerts: false, applicationCacheEnabled: false, browserConnectionEnabled: false, browserName: chrome, chrome: {chromedriverVersion: 2.35.528161 (5b82f2d2aae0ca..., userDataDir: C:\Users\April\AppData\Loca...}, cssSelectorsEnabled: true, databaseEnabled: false, handlesAlerts: true, hasTouchScreen: false, javascriptEnabled: true, locationContextEnabled: true, mobileEmulationEnabled: false, nativeEvents: true, networkConnectionEnabled: false, pageLoadStrategy: normal, platform: XP, platformName: XP, rotatable: false, setWindowRect: true, takesHeapSnapshot: true, takesScreenshot: true, unexpectedAlertBehaviour: , unhandledPromptBehavior: , version: 78.0.3904.108, webStorageEnabled: true}
Session ID: cfe3a530f1bc406e2ea68220d7af8649)
[[ATTACHMENT|C:\\Users\\April\\git\\Trillia\\Reports\\Admin\\Categories\\Add Category\\20191125_093242\\1574646595091.png]]

2019-11-25 09:49:55 - [TEST_STEP][PASSED] - waitForElementVisible: Object 'Object Repository/ADMIN/Categories/Category/button_upload check' is visible

2019-11-25 09:49:55 - [MESSAGE][WARNING] - Timeout '0' is invalid. Using default page load timeout: '30'

2019-11-25 09:49:58 - [MESSAGE][PASSED] - Object 'Object Repository/ADMIN/Categories/Category/button_upload check' is visible

2019-11-25 09:49:58 - [TEST_STEP][PASSED] - click: Object: 'Object Repository/ADMIN/Categories/Category/button_upload check' is clicked on

2019-11-25 09:49:58 - [MESSAGE][PASSED] - Object: 'Object Repository/ADMIN/Categories/Category/button_upload check' is clicked on

2019-11-25 09:49:58 - [TEST_STEP][PASSED] - waitForElementVisible: Object 'Object Repository/ADMIN/Categories/Category/button_upload save' is visible

2019-11-25 09:49:58 - [MESSAGE][WARNING] - Timeout '0' is invalid. Using default page load timeout: '30'

2019-11-25 09:49:58 - [MESSAGE][PASSED] - Object 'Object Repository/ADMIN/Categories/Category/button_upload save' is visible

2019-11-25 09:49:58 - [TEST_STEP][PASSED] - click: Object: 'Object Repository/ADMIN/Categories/Category/button_upload save' is clicked on

2019-11-25 09:49:59 - [MESSAGE][PASSED] - Object: 'Object Repository/ADMIN/Categories/Category/button_upload save' is clicked on

2019-11-25 09:49:59 - [TEST_STEP][PASSED] - delay: Delayed 1 second(s)

2019-11-25 09:50:00 - [MESSAGE][PASSED] - Delayed 1 second(s)

2019-11-25 09:50:00 - [TEST_STEP][PASSED] - setText: Text 'Description52' is set on object 'Object Repository/ADMIN/Categories/Category/textfield_category_description'

2019-11-25 09:50:01 - [MESSAGE][PASSED] - Text 'Description52' is set on object 'Object Repository/ADMIN/Categories/Category/textfield_category_description'

2019-11-25 09:50:01 - [TEST_STEP][PASSED] - click: Object: 'Object Repository/ADMIN/Categories/Category/button_Save' is clicked on

2019-11-25 09:50:01 - [MESSAGE][PASSED] - Object: 'Object Repository/ADMIN/Categories/Category/button_Save' is clicked on

2019-11-25 09:50:01 - [TEST_STEP][PASSED] - waitForElementVisible: Object 'Object Repository/ADMIN/Categories/Category/label_edit popup' is visible

2019-11-25 09:50:01 - [MESSAGE][WARNING] - Timeout '0' is invalid. Using default page load timeout: '30'

2019-11-25 09:50:03 - [MESSAGE][PASSED] - Object 'Object Repository/ADMIN/Categories/Category/label_edit popup' is visible

2019-11-25 09:50:03 - [TEST_STEP][PASSED] - waitForElementNotPresent: Web element with id: 'Object Repository/ADMIN/Categories/Category/label_edit popup' located by 'By.xpath: //div[(text() = 'Category was successfully saved.' or . = 'Category was successfully saved.')]' is not present after '30' second(s)

2019-11-25 09:50:03 - [MESSAGE][WARNING] - Timeout '0' is invalid. Using default page load timeout: '30'

2019-11-25 09:50:08 - [MESSAGE][PASSED] - Web element with id: 'Object Repository/ADMIN/Categories/Category/label_edit popup' located by 'By.xpath: //div[(text() = 'Category was successfully saved.' or . = 'Category was successfully saved.')]' is not present after '30' second(s)]]></system-out>
         <system-err><![CDATA[2019-11-25 09:49:48 - [TEST_CASE][FAILED] - Test Cases/ADMIN/Content Mgmt/Categories/Category Add-Edit/Add Category: Test Cases/ADMIN/Content Mgmt/Categories/Category Add-Edit/Add Category FAILED because (of) Unable to upload file 'C:\\Users\\Arcadier\\git\\Trillia\\Images\\Category\\5.png' to object 'Object Repository/ADMIN/Categories/Category/image_input image' (Root cause: org.openqa.selenium.WebDriverException: invalid argument: File not found : C:\\Users\\Arcadier\\git\\Trillia\\Images\\Category\\5.png
  (Session info: chrome=78.0.3904.108)
  (Driver info: chromedriver=2.35.528161 (5b82f2d2aae0ca24b877009200ced9065a772e73),platform=Windows NT 6.1.7601 SP1 x86_64) (WARNING: The server did not provide any stacktrace information)
Command duration or timeout: 0 milliseconds
Build info: version: '3.7.1', revision: '8a0099a', time: '2017-11-06T21:07:36.161Z'
System info: host: 'APRIL-PC', ip: '10.10.31.51', os.name: 'Windows 7', os.arch: 'amd64', os.version: '6.1', java.version: '1.8.0_102'
Driver info: com.kms.katalon.selenium.driver.CChromeDriver
Capabilities {acceptInsecureCerts: false, acceptSslCerts: false, applicationCacheEnabled: false, browserConnectionEnabled: false, browserName: chrome, chrome: {chromedriverVersion: 2.35.528161 (5b82f2d2aae0ca..., userDataDir: C:\Users\April\AppData\Loca...}, cssSelectorsEnabled: true, databaseEnabled: false, handlesAlerts: true, hasTouchScreen: false, javascriptEnabled: true, locationContextEnabled: true, mobileEmulationEnabled: false, nativeEvents: true, networkConnectionEnabled: false, pageLoadStrategy: normal, platform: XP, platformName: XP, rotatable: false, setWindowRect: true, takesHeapSnapshot: true, takesScreenshot: true, unexpectedAlertBehaviour: , unhandledPromptBehavior: , version: 78.0.3904.108, webStorageEnabled: true}
Session ID: cfe3a530f1bc406e2ea68220d7af8649)]]></system-err>
      </testcase>
      <testcase name="Test Cases/ADMIN/Content Mgmt/Categories/Category Add-Edit/Add Category" classname="Test Cases/ADMIN/Content Mgmt/Categories/Category Add-Edit/Add Category" status="FAILED">
         <failure type="FAILED" message="Unable to upload file 'C:\\Users\\Arcadier\\git\\Trillia\\Images\\Category\\5.png' to object 'Object Repository/ADMIN/Categories/Category/image_input image' (Root cause: org.openqa.selenium.WebDriverException: invalid argument: File not found : C:\\Users\\Arcadier\\git\\Trillia\\Images\\Category\\5.png
  (Session info: chrome=78.0.3904.108)
  (Driver info: chromedriver=2.35.528161 (5b82f2d2aae0ca24b877009200ced9065a772e73),platform=Windows NT 6.1.7601 SP1 x86_64) (WARNING: The server did not provide any stacktrace information)
Command duration or timeout: 0 milliseconds
Build info: version: '3.7.1', revision: '8a0099a', time: '2017-11-06T21:07:36.161Z'
System info: host: 'APRIL-PC', ip: '10.10.31.51', os.name: 'Windows 7', os.arch: 'amd64', os.version: '6.1', java.version: '1.8.0_102'
Driver info: com.kms.katalon.selenium.driver.CChromeDriver
Capabilities {acceptInsecureCerts: false, acceptSslCerts: false, applicationCacheEnabled: false, browserConnectionEnabled: false, browserName: chrome, chrome: {chromedriverVersion: 2.35.528161 (5b82f2d2aae0ca..., userDataDir: C:\Users\April\AppData\Loca...}, cssSelectorsEnabled: true, databaseEnabled: false, handlesAlerts: true, hasTouchScreen: false, javascriptEnabled: true, locationContextEnabled: true, mobileEmulationEnabled: false, nativeEvents: true, networkConnectionEnabled: false, pageLoadStrategy: normal, platform: XP, platformName: XP, rotatable: false, setWindowRect: true, takesHeapSnapshot: true, takesScreenshot: true, unexpectedAlertBehaviour: , unhandledPromptBehavior: , version: 78.0.3904.108, webStorageEnabled: true}
Session ID: cfe3a530f1bc406e2ea68220d7af8649)"/>
         <system-out><![CDATA[2019-11-25 09:50:08 - [TEST_CASE][FAILED] - Test Cases/ADMIN/Content Mgmt/Categories/Category Add-Edit/Add Category: Test Cases/ADMIN/Content Mgmt/Categories/Category Add-Edit/Add Category FAILED because (of) Unable to upload file 'C:\\Users\\Arcadier\\git\\Trillia\\Images\\Category\\5.png' to object 'Object Repository/ADMIN/Categories/Category/image_input image' (Root cause: org.openqa.selenium.WebDriverException: invalid argument: File not found : C:\\Users\\Arcadier\\git\\Trillia\\Images\\Category\\5.png
  (Session info: chrome=78.0.3904.108)
  (Driver info: chromedriver=2.35.528161 (5b82f2d2aae0ca24b877009200ced9065a772e73),platform=Windows NT 6.1.7601 SP1 x86_64) (WARNING: The server did not provide any stacktrace information)
Command duration or timeout: 0 milliseconds
Build info: version: '3.7.1', revision: '8a0099a', time: '2017-11-06T21:07:36.161Z'
System info: host: 'APRIL-PC', ip: '10.10.31.51', os.name: 'Windows 7', os.arch: 'amd64', os.version: '6.1', java.version: '1.8.0_102'
Driver info: com.kms.katalon.selenium.driver.CChromeDriver
Capabilities {acceptInsecureCerts: false, acceptSslCerts: false, applicationCacheEnabled: false, browserConnectionEnabled: false, browserName: chrome, chrome: {chromedriverVersion: 2.35.528161 (5b82f2d2aae0ca..., userDataDir: C:\Users\April\AppData\Loca...}, cssSelectorsEnabled: true, databaseEnabled: false, handlesAlerts: true, hasTouchScreen: false, javascriptEnabled: true, locationContextEnabled: true, mobileEmulationEnabled: false, nativeEvents: true, networkConnectionEnabled: false, pageLoadStrategy: normal, platform: XP, platformName: XP, rotatable: false, setWindowRect: true, takesHeapSnapshot: true, takesScreenshot: true, unexpectedAlertBehaviour: , unhandledPromptBehavior: , version: 78.0.3904.108, webStorageEnabled: true}
Session ID: cfe3a530f1bc406e2ea68220d7af8649)

2019-11-25 09:50:08 - [TEST_STEP][PASSED] - waitForElementVisible: Object 'Object Repository/ADMIN/Categories/Category List/button_Content Mgmt' is visible

2019-11-25 09:50:08 - [MESSAGE][WARNING] - Timeout '0' is invalid. Using default page load timeout: '30'

2019-11-25 09:50:08 - [MESSAGE][PASSED] - Object 'Object Repository/ADMIN/Categories/Category List/button_Content Mgmt' is visible

2019-11-25 09:50:08 - [TEST_STEP][PASSED] - click: Object: 'Object Repository/ADMIN/Categories/Category List/button_Content Mgmt' is clicked on

2019-11-25 09:50:09 - [MESSAGE][PASSED] - Object: 'Object Repository/ADMIN/Categories/Category List/button_Content Mgmt' is clicked on

2019-11-25 09:50:09 - [TEST_STEP][PASSED] - waitForElementVisible: Object 'Object Repository/ADMIN/Categories/Category List/button_Categories' is visible

2019-11-25 09:50:09 - [MESSAGE][WARNING] - Timeout '0' is invalid. Using default page load timeout: '30'

2019-11-25 09:50:09 - [MESSAGE][PASSED] - Object 'Object Repository/ADMIN/Categories/Category List/button_Categories' is visible

2019-11-25 09:50:09 - [TEST_STEP][PASSED] - click: Object: 'Object Repository/ADMIN/Categories/Category List/button_Categories' is clicked on

2019-11-25 09:50:11 - [MESSAGE][PASSED] - Object: 'Object Repository/ADMIN/Categories/Category List/button_Categories' is clicked on

2019-11-25 09:50:11 - [TEST_STEP][PASSED] - click: Object: 'Object Repository/ADMIN/Categories/Category List/button_AddACategory' is clicked on

2019-11-25 09:50:11 - [MESSAGE][PASSED] - Object: 'Object Repository/ADMIN/Categories/Category List/button_AddACategory' is clicked on

2019-11-25 09:50:11 - [TEST_STEP][PASSED] - waitForElementPresent: Object 'Object Repository/ADMIN/Categories/Category/dropdown_Parent' is present

2019-11-25 09:50:12 - [MESSAGE][PASSED] - Object 'Object Repository/ADMIN/Categories/Category/dropdown_Parent' is present

2019-11-25 09:50:12 - [TEST_STEP][PASSED] - delay: Delayed 1 second(s)

2019-11-25 09:50:13 - [MESSAGE][PASSED] - Delayed 1 second(s)

2019-11-25 09:50:13 - [TEST_STEP][PASSED] - setText: Text 'Category 5.2' is set on object 'Object Repository/ADMIN/Categories/Category/textfield_Category Name'

2019-11-25 09:50:13 - [MESSAGE][PASSED] - Text 'Category 5.2' is set on object 'Object Repository/ADMIN/Categories/Category/textfield_Category Name'

2019-11-25 09:50:13 - [TEST_STEP][PASSED] - click: Object: 'Object Repository/ADMIN/Categories/Category/dropdown_Parent' is clicked on

2019-11-25 09:50:13 - [MESSAGE][PASSED] - Object: 'Object Repository/ADMIN/Categories/Category/dropdown_Parent' is clicked on

2019-11-25 09:50:13 - [TEST_STEP][PASSED] - delay: Delayed 2 second(s)

2019-11-25 09:50:15 - [MESSAGE][PASSED] - Delayed 2 second(s)

2019-11-25 09:50:15 - [TEST_STEP][PASSED] - click: Object: 'Object Repository/ADMIN/Categories/Category/dropdown_Parent' is clicked on

2019-11-25 09:50:15 - [MESSAGE][PASSED] - Object: 'Object Repository/ADMIN/Categories/Category/dropdown_Parent' is clicked on

2019-11-25 09:50:15 - [TEST_STEP][PASSED] - selectOptionByLabel: All options with label 'Category 05' are selected in object 'Object Repository/ADMIN/Categories/Category/dropdown_Parent' 

2019-11-25 09:50:15 - [MESSAGE][PASSED] - All options with label 'Category 05' are selected in object 'Object Repository/ADMIN/Categories/Category/dropdown_Parent' 

2019-11-25 09:50:15 - [TEST_STEP][PASSED] - click: Object: 'Object Repository/ADMIN/Categories/Category/button_Browse' is clicked on

2019-11-25 09:50:16 - [MESSAGE][PASSED] - Object: 'Object Repository/ADMIN/Categories/Category/button_Browse' is clicked on

2019-11-25 09:50:18 - [TEST_STEP][PASSED] - delay: Delayed 1 second(s)

2019-11-25 09:50:19 - [MESSAGE][PASSED] - Delayed 1 second(s)

2019-11-25 09:50:19 - [TEST_STEP][FAILED] - uploadFile: Unable to upload file 'C:\\Users\\Arcadier\\git\\Trillia\\Images\\Category\\5.png' to object 'Object Repository/ADMIN/Categories/Category/image_input image' (Root cause: org.openqa.selenium.WebDriverException: invalid argument: File not found : C:\\Users\\Arcadier\\git\\Trillia\\Images\\Category\\5.png
  (Session info: chrome=78.0.3904.108)
  (Driver info: chromedriver=2.35.528161 (5b82f2d2aae0ca24b877009200ced9065a772e73),platform=Windows NT 6.1.7601 SP1 x86_64) (WARNING: The server did not provide any stacktrace information)
Command duration or timeout: 0 milliseconds
Build info: version: '3.7.1', revision: '8a0099a', time: '2017-11-06T21:07:36.161Z'
System info: host: 'APRIL-PC', ip: '10.10.31.51', os.name: 'Windows 7', os.arch: 'amd64', os.version: '6.1', java.version: '1.8.0_102'
Driver info: com.kms.katalon.selenium.driver.CChromeDriver
Capabilities {acceptInsecureCerts: false, acceptSslCerts: false, applicationCacheEnabled: false, browserConnectionEnabled: false, browserName: chrome, chrome: {chromedriverVersion: 2.35.528161 (5b82f2d2aae0ca..., userDataDir: C:\Users\April\AppData\Loca...}, cssSelectorsEnabled: true, databaseEnabled: false, handlesAlerts: true, hasTouchScreen: false, javascriptEnabled: true, locationContextEnabled: true, mobileEmulationEnabled: false, nativeEvents: true, networkConnectionEnabled: false, pageLoadStrategy: normal, platform: XP, platformName: XP, rotatable: false, setWindowRect: true, takesHeapSnapshot: true, takesScreenshot: true, unexpectedAlertBehaviour: , unhandledPromptBehavior: , version: 78.0.3904.108, webStorageEnabled: true}
Session ID: cfe3a530f1bc406e2ea68220d7af8649)

2019-11-25 09:50:19 - [MESSAGE][FAILED] - Unable to upload file 'C:\\Users\\Arcadier\\git\\Trillia\\Images\\Category\\5.png' to object 'Object Repository/ADMIN/Categories/Category/image_input image' (Root cause: org.openqa.selenium.WebDriverException: invalid argument: File not found : C:\\Users\\Arcadier\\git\\Trillia\\Images\\Category\\5.png
  (Session info: chrome=78.0.3904.108)
  (Driver info: chromedriver=2.35.528161 (5b82f2d2aae0ca24b877009200ced9065a772e73),platform=Windows NT 6.1.7601 SP1 x86_64) (WARNING: The server did not provide any stacktrace information)
Command duration or timeout: 0 milliseconds
Build info: version: '3.7.1', revision: '8a0099a', time: '2017-11-06T21:07:36.161Z'
System info: host: 'APRIL-PC', ip: '10.10.31.51', os.name: 'Windows 7', os.arch: 'amd64', os.version: '6.1', java.version: '1.8.0_102'
Driver info: com.kms.katalon.selenium.driver.CChromeDriver
Capabilities {acceptInsecureCerts: false, acceptSslCerts: false, applicationCacheEnabled: false, browserConnectionEnabled: false, browserName: chrome, chrome: {chromedriverVersion: 2.35.528161 (5b82f2d2aae0ca..., userDataDir: C:\Users\April\AppData\Loca...}, cssSelectorsEnabled: true, databaseEnabled: false, handlesAlerts: true, hasTouchScreen: false, javascriptEnabled: true, locationContextEnabled: true, mobileEmulationEnabled: false, nativeEvents: true, networkConnectionEnabled: false, pageLoadStrategy: normal, platform: XP, platformName: XP, rotatable: false, setWindowRect: true, takesHeapSnapshot: true, takesScreenshot: true, unexpectedAlertBehaviour: , unhandledPromptBehavior: , version: 78.0.3904.108, webStorageEnabled: true}
Session ID: cfe3a530f1bc406e2ea68220d7af8649)
[[ATTACHMENT|C:\\Users\\April\\git\\Trillia\\Reports\\Admin\\Categories\\Add Category\\20191125_093242\\1574646619201.png]]

2019-11-25 09:50:19 - [TEST_STEP][PASSED] - waitForElementVisible: Object 'Object Repository/ADMIN/Categories/Category/button_upload check' is visible

2019-11-25 09:50:21 - [MESSAGE][WARNING] - Timeout '0' is invalid. Using default page load timeout: '30'

2019-11-25 09:50:22 - [MESSAGE][PASSED] - Object 'Object Repository/ADMIN/Categories/Category/button_upload check' is visible

2019-11-25 09:50:22 - [TEST_STEP][PASSED] - click: Object: 'Object Repository/ADMIN/Categories/Category/button_upload check' is clicked on

2019-11-25 09:50:22 - [MESSAGE][PASSED] - Object: 'Object Repository/ADMIN/Categories/Category/button_upload check' is clicked on

2019-11-25 09:50:22 - [TEST_STEP][PASSED] - waitForElementVisible: Object 'Object Repository/ADMIN/Categories/Category/button_upload save' is visible

2019-11-25 09:50:24 - [MESSAGE][WARNING] - Timeout '0' is invalid. Using default page load timeout: '30'

2019-11-25 09:50:24 - [MESSAGE][PASSED] - Object 'Object Repository/ADMIN/Categories/Category/button_upload save' is visible

2019-11-25 09:50:24 - [TEST_STEP][PASSED] - click: Object: 'Object Repository/ADMIN/Categories/Category/button_upload save' is clicked on

2019-11-25 09:50:24 - [MESSAGE][PASSED] - Object: 'Object Repository/ADMIN/Categories/Category/button_upload save' is clicked on

2019-11-25 09:50:24 - [TEST_STEP][PASSED] - delay: Delayed 1 second(s)

2019-11-25 09:50:25 - [MESSAGE][PASSED] - Delayed 1 second(s)

2019-11-25 09:50:26 - [TEST_STEP][PASSED] - setText: Text 'Description53' is set on object 'Object Repository/ADMIN/Categories/Category/textfield_category_description'

2019-11-25 09:50:26 - [MESSAGE][PASSED] - Text 'Description53' is set on object 'Object Repository/ADMIN/Categories/Category/textfield_category_description'

2019-11-25 09:50:26 - [TEST_STEP][PASSED] - click: Object: 'Object Repository/ADMIN/Categories/Category/button_Save' is clicked on

2019-11-25 09:50:28 - [MESSAGE][PASSED] - Object: 'Object Repository/ADMIN/Categories/Category/button_Save' is clicked on

2019-11-25 09:50:28 - [TEST_STEP][PASSED] - waitForElementVisible: Object 'Object Repository/ADMIN/Categories/Category/label_edit popup' is visible

2019-11-25 09:50:28 - [MESSAGE][WARNING] - Timeout '0' is invalid. Using default page load timeout: '30'

2019-11-25 09:50:29 - [MESSAGE][PASSED] - Object 'Object Repository/ADMIN/Categories/Category/label_edit popup' is visible

2019-11-25 09:50:29 - [TEST_STEP][PASSED] - waitForElementNotPresent: Web element with id: 'Object Repository/ADMIN/Categories/Category/label_edit popup' located by 'By.xpath: //div[(text() = 'Category was successfully saved.' or . = 'Category was successfully saved.')]' is not present after '30' second(s)

2019-11-25 09:50:31 - [MESSAGE][WARNING] - Timeout '0' is invalid. Using default page load timeout: '30'

2019-11-25 09:50:35 - [MESSAGE][PASSED] - Web element with id: 'Object Repository/ADMIN/Categories/Category/label_edit popup' located by 'By.xpath: //div[(text() = 'Category was successfully saved.' or . = 'Category was successfully saved.')]' is not present after '30' second(s)]]></system-out>
         <system-err><![CDATA[2019-11-25 09:50:08 - [TEST_CASE][FAILED] - Test Cases/ADMIN/Content Mgmt/Categories/Category Add-Edit/Add Category: Test Cases/ADMIN/Content Mgmt/Categories/Category Add-Edit/Add Category FAILED because (of) Unable to upload file 'C:\\Users\\Arcadier\\git\\Trillia\\Images\\Category\\5.png' to object 'Object Repository/ADMIN/Categories/Category/image_input image' (Root cause: org.openqa.selenium.WebDriverException: invalid argument: File not found : C:\\Users\\Arcadier\\git\\Trillia\\Images\\Category\\5.png
  (Session info: chrome=78.0.3904.108)
  (Driver info: chromedriver=2.35.528161 (5b82f2d2aae0ca24b877009200ced9065a772e73),platform=Windows NT 6.1.7601 SP1 x86_64) (WARNING: The server did not provide any stacktrace information)
Command duration or timeout: 0 milliseconds
Build info: version: '3.7.1', revision: '8a0099a', time: '2017-11-06T21:07:36.161Z'
System info: host: 'APRIL-PC', ip: '10.10.31.51', os.name: 'Windows 7', os.arch: 'amd64', os.version: '6.1', java.version: '1.8.0_102'
Driver info: com.kms.katalon.selenium.driver.CChromeDriver
Capabilities {acceptInsecureCerts: false, acceptSslCerts: false, applicationCacheEnabled: false, browserConnectionEnabled: false, browserName: chrome, chrome: {chromedriverVersion: 2.35.528161 (5b82f2d2aae0ca..., userDataDir: C:\Users\April\AppData\Loca...}, cssSelectorsEnabled: true, databaseEnabled: false, handlesAlerts: true, hasTouchScreen: false, javascriptEnabled: true, locationContextEnabled: true, mobileEmulationEnabled: false, nativeEvents: true, networkConnectionEnabled: false, pageLoadStrategy: normal, platform: XP, platformName: XP, rotatable: false, setWindowRect: true, takesHeapSnapshot: true, takesScreenshot: true, unexpectedAlertBehaviour: , unhandledPromptBehavior: , version: 78.0.3904.108, webStorageEnabled: true}
Session ID: cfe3a530f1bc406e2ea68220d7af8649)]]></system-err>
      </testcase>
      <testcase name="Test Cases/ADMIN/Content Mgmt/Categories/Category Add-Edit/Add Category" classname="Test Cases/ADMIN/Content Mgmt/Categories/Category Add-Edit/Add Category" status="FAILED">
         <failure type="FAILED" message="Unable to upload file 'C:\\Users\\Arcadier\\git\\Trillia\\Images\\Category\\6.png' to object 'Object Repository/ADMIN/Categories/Category/image_input image' (Root cause: org.openqa.selenium.WebDriverException: invalid argument: File not found : C:\\Users\\Arcadier\\git\\Trillia\\Images\\Category\\6.png
  (Session info: chrome=78.0.3904.108)
  (Driver info: chromedriver=2.35.528161 (5b82f2d2aae0ca24b877009200ced9065a772e73),platform=Windows NT 6.1.7601 SP1 x86_64) (WARNING: The server did not provide any stacktrace information)
Command duration or timeout: 0 milliseconds
Build info: version: '3.7.1', revision: '8a0099a', time: '2017-11-06T21:07:36.161Z'
System info: host: 'APRIL-PC', ip: '10.10.31.51', os.name: 'Windows 7', os.arch: 'amd64', os.version: '6.1', java.version: '1.8.0_102'
Driver info: com.kms.katalon.selenium.driver.CChromeDriver
Capabilities {acceptInsecureCerts: false, acceptSslCerts: false, applicationCacheEnabled: false, browserConnectionEnabled: false, browserName: chrome, chrome: {chromedriverVersion: 2.35.528161 (5b82f2d2aae0ca..., userDataDir: C:\Users\April\AppData\Loca...}, cssSelectorsEnabled: true, databaseEnabled: false, handlesAlerts: true, hasTouchScreen: false, javascriptEnabled: true, locationContextEnabled: true, mobileEmulationEnabled: false, nativeEvents: true, networkConnectionEnabled: false, pageLoadStrategy: normal, platform: XP, platformName: XP, rotatable: false, setWindowRect: true, takesHeapSnapshot: true, takesScreenshot: true, unexpectedAlertBehaviour: , unhandledPromptBehavior: , version: 78.0.3904.108, webStorageEnabled: true}
Session ID: cfe3a530f1bc406e2ea68220d7af8649)"/>
         <system-out><![CDATA[2019-11-25 09:50:35 - [TEST_CASE][FAILED] - Test Cases/ADMIN/Content Mgmt/Categories/Category Add-Edit/Add Category: Test Cases/ADMIN/Content Mgmt/Categories/Category Add-Edit/Add Category FAILED because (of) Unable to upload file 'C:\\Users\\Arcadier\\git\\Trillia\\Images\\Category\\6.png' to object 'Object Repository/ADMIN/Categories/Category/image_input image' (Root cause: org.openqa.selenium.WebDriverException: invalid argument: File not found : C:\\Users\\Arcadier\\git\\Trillia\\Images\\Category\\6.png
  (Session info: chrome=78.0.3904.108)
  (Driver info: chromedriver=2.35.528161 (5b82f2d2aae0ca24b877009200ced9065a772e73),platform=Windows NT 6.1.7601 SP1 x86_64) (WARNING: The server did not provide any stacktrace information)
Command duration or timeout: 0 milliseconds
Build info: version: '3.7.1', revision: '8a0099a', time: '2017-11-06T21:07:36.161Z'
System info: host: 'APRIL-PC', ip: '10.10.31.51', os.name: 'Windows 7', os.arch: 'amd64', os.version: '6.1', java.version: '1.8.0_102'
Driver info: com.kms.katalon.selenium.driver.CChromeDriver
Capabilities {acceptInsecureCerts: false, acceptSslCerts: false, applicationCacheEnabled: false, browserConnectionEnabled: false, browserName: chrome, chrome: {chromedriverVersion: 2.35.528161 (5b82f2d2aae0ca..., userDataDir: C:\Users\April\AppData\Loca...}, cssSelectorsEnabled: true, databaseEnabled: false, handlesAlerts: true, hasTouchScreen: false, javascriptEnabled: true, locationContextEnabled: true, mobileEmulationEnabled: false, nativeEvents: true, networkConnectionEnabled: false, pageLoadStrategy: normal, platform: XP, platformName: XP, rotatable: false, setWindowRect: true, takesHeapSnapshot: true, takesScreenshot: true, unexpectedAlertBehaviour: , unhandledPromptBehavior: , version: 78.0.3904.108, webStorageEnabled: true}
Session ID: cfe3a530f1bc406e2ea68220d7af8649)

2019-11-25 09:50:35 - [TEST_STEP][PASSED] - waitForElementVisible: Object 'Object Repository/ADMIN/Categories/Category List/button_Content Mgmt' is visible

2019-11-25 09:50:35 - [MESSAGE][WARNING] - Timeout '0' is invalid. Using default page load timeout: '30'

2019-11-25 09:50:35 - [MESSAGE][PASSED] - Object 'Object Repository/ADMIN/Categories/Category List/button_Content Mgmt' is visible

2019-11-25 09:50:35 - [TEST_STEP][PASSED] - click: Object: 'Object Repository/ADMIN/Categories/Category List/button_Content Mgmt' is clicked on

2019-11-25 09:50:35 - [MESSAGE][PASSED] - Object: 'Object Repository/ADMIN/Categories/Category List/button_Content Mgmt' is clicked on

2019-11-25 09:50:35 - [TEST_STEP][PASSED] - waitForElementVisible: Object 'Object Repository/ADMIN/Categories/Category List/button_Categories' is visible

2019-11-25 09:50:37 - [MESSAGE][WARNING] - Timeout '0' is invalid. Using default page load timeout: '30'

2019-11-25 09:50:37 - [MESSAGE][PASSED] - Object 'Object Repository/ADMIN/Categories/Category List/button_Categories' is visible

2019-11-25 09:50:37 - [TEST_STEP][PASSED] - click: Object: 'Object Repository/ADMIN/Categories/Category List/button_Categories' is clicked on

2019-11-25 09:50:38 - [MESSAGE][PASSED] - Object: 'Object Repository/ADMIN/Categories/Category List/button_Categories' is clicked on

2019-11-25 09:50:38 - [TEST_STEP][PASSED] - click: Object: 'Object Repository/ADMIN/Categories/Category List/button_AddACategory' is clicked on

2019-11-25 09:50:39 - [MESSAGE][PASSED] - Object: 'Object Repository/ADMIN/Categories/Category List/button_AddACategory' is clicked on

2019-11-25 09:50:39 - [TEST_STEP][PASSED] - waitForElementPresent: Object 'Object Repository/ADMIN/Categories/Category/dropdown_Parent' is present

2019-11-25 09:50:39 - [MESSAGE][PASSED] - Object 'Object Repository/ADMIN/Categories/Category/dropdown_Parent' is present

2019-11-25 09:50:39 - [TEST_STEP][PASSED] - delay: Delayed 1 second(s)

2019-11-25 09:50:40 - [MESSAGE][PASSED] - Delayed 1 second(s)

2019-11-25 09:50:40 - [TEST_STEP][PASSED] - setText: Text 'Category 06' is set on object 'Object Repository/ADMIN/Categories/Category/textfield_Category Name'

2019-11-25 09:50:40 - [MESSAGE][PASSED] - Text 'Category 06' is set on object 'Object Repository/ADMIN/Categories/Category/textfield_Category Name'

2019-11-25 09:50:40 - [TEST_STEP][PASSED] - click: Object: 'Object Repository/ADMIN/Categories/Category/dropdown_Parent' is clicked on

2019-11-25 09:50:40 - [MESSAGE][PASSED] - Object: 'Object Repository/ADMIN/Categories/Category/dropdown_Parent' is clicked on

2019-11-25 09:50:41 - [TEST_STEP][PASSED] - delay: Delayed 2 second(s)

2019-11-25 09:50:43 - [MESSAGE][PASSED] - Delayed 2 second(s)

2019-11-25 09:50:43 - [TEST_STEP][PASSED] - click: Object: 'Object Repository/ADMIN/Categories/Category/dropdown_Parent' is clicked on

2019-11-25 09:50:43 - [MESSAGE][PASSED] - Object: 'Object Repository/ADMIN/Categories/Category/dropdown_Parent' is clicked on

2019-11-25 09:50:43 - [TEST_STEP][PASSED] - selectOptionByLabel: All options with label '-' are selected in object 'Object Repository/ADMIN/Categories/Category/dropdown_Parent' 

2019-11-25 09:50:43 - [MESSAGE][PASSED] - All options with label '-' are selected in object 'Object Repository/ADMIN/Categories/Category/dropdown_Parent' 

2019-11-25 09:50:43 - [TEST_STEP][PASSED] - click: Object: 'Object Repository/ADMIN/Categories/Category/button_Browse' is clicked on

2019-11-25 09:50:43 - [MESSAGE][PASSED] - Object: 'Object Repository/ADMIN/Categories/Category/button_Browse' is clicked on

2019-11-25 09:50:43 - [TEST_STEP][PASSED] - delay: Delayed 1 second(s)

2019-11-25 09:50:44 - [MESSAGE][PASSED] - Delayed 1 second(s)

2019-11-25 09:50:44 - [TEST_STEP][FAILED] - uploadFile: Unable to upload file 'C:\\Users\\Arcadier\\git\\Trillia\\Images\\Category\\6.png' to object 'Object Repository/ADMIN/Categories/Category/image_input image' (Root cause: org.openqa.selenium.WebDriverException: invalid argument: File not found : C:\\Users\\Arcadier\\git\\Trillia\\Images\\Category\\6.png
  (Session info: chrome=78.0.3904.108)
  (Driver info: chromedriver=2.35.528161 (5b82f2d2aae0ca24b877009200ced9065a772e73),platform=Windows NT 6.1.7601 SP1 x86_64) (WARNING: The server did not provide any stacktrace information)
Command duration or timeout: 0 milliseconds
Build info: version: '3.7.1', revision: '8a0099a', time: '2017-11-06T21:07:36.161Z'
System info: host: 'APRIL-PC', ip: '10.10.31.51', os.name: 'Windows 7', os.arch: 'amd64', os.version: '6.1', java.version: '1.8.0_102'
Driver info: com.kms.katalon.selenium.driver.CChromeDriver
Capabilities {acceptInsecureCerts: false, acceptSslCerts: false, applicationCacheEnabled: false, browserConnectionEnabled: false, browserName: chrome, chrome: {chromedriverVersion: 2.35.528161 (5b82f2d2aae0ca..., userDataDir: C:\Users\April\AppData\Loca...}, cssSelectorsEnabled: true, databaseEnabled: false, handlesAlerts: true, hasTouchScreen: false, javascriptEnabled: true, locationContextEnabled: true, mobileEmulationEnabled: false, nativeEvents: true, networkConnectionEnabled: false, pageLoadStrategy: normal, platform: XP, platformName: XP, rotatable: false, setWindowRect: true, takesHeapSnapshot: true, takesScreenshot: true, unexpectedAlertBehaviour: , unhandledPromptBehavior: , version: 78.0.3904.108, webStorageEnabled: true}
Session ID: cfe3a530f1bc406e2ea68220d7af8649)

2019-11-25 09:50:45 - [MESSAGE][FAILED] - Unable to upload file 'C:\\Users\\Arcadier\\git\\Trillia\\Images\\Category\\6.png' to object 'Object Repository/ADMIN/Categories/Category/image_input image' (Root cause: org.openqa.selenium.WebDriverException: invalid argument: File not found : C:\\Users\\Arcadier\\git\\Trillia\\Images\\Category\\6.png
  (Session info: chrome=78.0.3904.108)
  (Driver info: chromedriver=2.35.528161 (5b82f2d2aae0ca24b877009200ced9065a772e73),platform=Windows NT 6.1.7601 SP1 x86_64) (WARNING: The server did not provide any stacktrace information)
Command duration or timeout: 0 milliseconds
Build info: version: '3.7.1', revision: '8a0099a', time: '2017-11-06T21:07:36.161Z'
System info: host: 'APRIL-PC', ip: '10.10.31.51', os.name: 'Windows 7', os.arch: 'amd64', os.version: '6.1', java.version: '1.8.0_102'
Driver info: com.kms.katalon.selenium.driver.CChromeDriver
Capabilities {acceptInsecureCerts: false, acceptSslCerts: false, applicationCacheEnabled: false, browserConnectionEnabled: false, browserName: chrome, chrome: {chromedriverVersion: 2.35.528161 (5b82f2d2aae0ca..., userDataDir: C:\Users\April\AppData\Loca...}, cssSelectorsEnabled: true, databaseEnabled: false, handlesAlerts: true, hasTouchScreen: false, javascriptEnabled: true, locationContextEnabled: true, mobileEmulationEnabled: false, nativeEvents: true, networkConnectionEnabled: false, pageLoadStrategy: normal, platform: XP, platformName: XP, rotatable: false, setWindowRect: true, takesHeapSnapshot: true, takesScreenshot: true, unexpectedAlertBehaviour: , unhandledPromptBehavior: , version: 78.0.3904.108, webStorageEnabled: true}
Session ID: cfe3a530f1bc406e2ea68220d7af8649)
[[ATTACHMENT|C:\\Users\\April\\git\\Trillia\\Reports\\Admin\\Categories\\Add Category\\20191125_093242\\1574646644645.png]]

2019-11-25 09:50:45 - [TEST_STEP][PASSED] - waitForElementVisible: Object 'Object Repository/ADMIN/Categories/Category/button_upload check' is visible

2019-11-25 09:50:45 - [MESSAGE][WARNING] - Timeout '0' is invalid. Using default page load timeout: '30'

2019-11-25 09:50:47 - [MESSAGE][PASSED] - Object 'Object Repository/ADMIN/Categories/Category/button_upload check' is visible

2019-11-25 09:50:47 - [TEST_STEP][PASSED] - click: Object: 'Object Repository/ADMIN/Categories/Category/button_upload check' is clicked on

2019-11-25 09:50:47 - [MESSAGE][PASSED] - Object: 'Object Repository/ADMIN/Categories/Category/button_upload check' is clicked on

2019-11-25 09:50:47 - [TEST_STEP][PASSED] - waitForElementVisible: Object 'Object Repository/ADMIN/Categories/Category/button_upload save' is visible

2019-11-25 09:50:47 - [MESSAGE][WARNING] - Timeout '0' is invalid. Using default page load timeout: '30'

2019-11-25 09:50:47 - [MESSAGE][PASSED] - Object 'Object Repository/ADMIN/Categories/Category/button_upload save' is visible

2019-11-25 09:50:47 - [TEST_STEP][PASSED] - click: Object: 'Object Repository/ADMIN/Categories/Category/button_upload save' is clicked on

2019-11-25 09:50:48 - [MESSAGE][PASSED] - Object: 'Object Repository/ADMIN/Categories/Category/button_upload save' is clicked on

2019-11-25 09:50:48 - [TEST_STEP][PASSED] - delay: Delayed 1 second(s)

2019-11-25 09:50:49 - [MESSAGE][PASSED] - Delayed 1 second(s)

2019-11-25 09:50:49 - [TEST_STEP][PASSED] - setText: Text 'Description54' is set on object 'Object Repository/ADMIN/Categories/Category/textfield_category_description'

2019-11-25 09:50:50 - [MESSAGE][PASSED] - Text 'Description54' is set on object 'Object Repository/ADMIN/Categories/Category/textfield_category_description'

2019-11-25 09:50:50 - [TEST_STEP][PASSED] - click: Object: 'Object Repository/ADMIN/Categories/Category/button_Save' is clicked on

2019-11-25 09:50:50 - [MESSAGE][PASSED] - Object: 'Object Repository/ADMIN/Categories/Category/button_Save' is clicked on

2019-11-25 09:50:50 - [TEST_STEP][PASSED] - waitForElementVisible: Object 'Object Repository/ADMIN/Categories/Category/label_edit popup' is visible

2019-11-25 09:50:51 - [MESSAGE][WARNING] - Timeout '0' is invalid. Using default page load timeout: '30'

2019-11-25 09:50:51 - [MESSAGE][PASSED] - Object 'Object Repository/ADMIN/Categories/Category/label_edit popup' is visible

2019-11-25 09:50:51 - [TEST_STEP][PASSED] - waitForElementNotPresent: Web element with id: 'Object Repository/ADMIN/Categories/Category/label_edit popup' located by 'By.xpath: //div[(text() = 'Category was successfully saved.' or . = 'Category was successfully saved.')]' is not present after '30' second(s)

2019-11-25 09:50:51 - [MESSAGE][WARNING] - Timeout '0' is invalid. Using default page load timeout: '30'

2019-11-25 09:50:56 - [MESSAGE][PASSED] - Web element with id: 'Object Repository/ADMIN/Categories/Category/label_edit popup' located by 'By.xpath: //div[(text() = 'Category was successfully saved.' or . = 'Category was successfully saved.')]' is not present after '30' second(s)]]></system-out>
         <system-err><![CDATA[2019-11-25 09:50:35 - [TEST_CASE][FAILED] - Test Cases/ADMIN/Content Mgmt/Categories/Category Add-Edit/Add Category: Test Cases/ADMIN/Content Mgmt/Categories/Category Add-Edit/Add Category FAILED because (of) Unable to upload file 'C:\\Users\\Arcadier\\git\\Trillia\\Images\\Category\\6.png' to object 'Object Repository/ADMIN/Categories/Category/image_input image' (Root cause: org.openqa.selenium.WebDriverException: invalid argument: File not found : C:\\Users\\Arcadier\\git\\Trillia\\Images\\Category\\6.png
  (Session info: chrome=78.0.3904.108)
  (Driver info: chromedriver=2.35.528161 (5b82f2d2aae0ca24b877009200ced9065a772e73),platform=Windows NT 6.1.7601 SP1 x86_64) (WARNING: The server did not provide any stacktrace information)
Command duration or timeout: 0 milliseconds
Build info: version: '3.7.1', revision: '8a0099a', time: '2017-11-06T21:07:36.161Z'
System info: host: 'APRIL-PC', ip: '10.10.31.51', os.name: 'Windows 7', os.arch: 'amd64', os.version: '6.1', java.version: '1.8.0_102'
Driver info: com.kms.katalon.selenium.driver.CChromeDriver
Capabilities {acceptInsecureCerts: false, acceptSslCerts: false, applicationCacheEnabled: false, browserConnectionEnabled: false, browserName: chrome, chrome: {chromedriverVersion: 2.35.528161 (5b82f2d2aae0ca..., userDataDir: C:\Users\April\AppData\Loca...}, cssSelectorsEnabled: true, databaseEnabled: false, handlesAlerts: true, hasTouchScreen: false, javascriptEnabled: true, locationContextEnabled: true, mobileEmulationEnabled: false, nativeEvents: true, networkConnectionEnabled: false, pageLoadStrategy: normal, platform: XP, platformName: XP, rotatable: false, setWindowRect: true, takesHeapSnapshot: true, takesScreenshot: true, unexpectedAlertBehaviour: , unhandledPromptBehavior: , version: 78.0.3904.108, webStorageEnabled: true}
Session ID: cfe3a530f1bc406e2ea68220d7af8649)]]></system-err>
      </testcase>
      <testcase name="Test Cases/ADMIN/Content Mgmt/Categories/Category Add-Edit/Add Category" classname="Test Cases/ADMIN/Content Mgmt/Categories/Category Add-Edit/Add Category" status="FAILED">
         <failure type="FAILED" message="Unable to upload file 'C:\\Users\\Arcadier\\git\\Trillia\\Images\\Category\\6.png' to object 'Object Repository/ADMIN/Categories/Category/image_input image' (Root cause: org.openqa.selenium.WebDriverException: invalid argument: File not found : C:\\Users\\Arcadier\\git\\Trillia\\Images\\Category\\6.png
  (Session info: chrome=78.0.3904.108)
  (Driver info: chromedriver=2.35.528161 (5b82f2d2aae0ca24b877009200ced9065a772e73),platform=Windows NT 6.1.7601 SP1 x86_64) (WARNING: The server did not provide any stacktrace information)
Command duration or timeout: 0 milliseconds
Build info: version: '3.7.1', revision: '8a0099a', time: '2017-11-06T21:07:36.161Z'
System info: host: 'APRIL-PC', ip: '10.10.31.51', os.name: 'Windows 7', os.arch: 'amd64', os.version: '6.1', java.version: '1.8.0_102'
Driver info: com.kms.katalon.selenium.driver.CChromeDriver
Capabilities {acceptInsecureCerts: false, acceptSslCerts: false, applicationCacheEnabled: false, browserConnectionEnabled: false, browserName: chrome, chrome: {chromedriverVersion: 2.35.528161 (5b82f2d2aae0ca..., userDataDir: C:\Users\April\AppData\Loca...}, cssSelectorsEnabled: true, databaseEnabled: false, handlesAlerts: true, hasTouchScreen: false, javascriptEnabled: true, locationContextEnabled: true, mobileEmulationEnabled: false, nativeEvents: true, networkConnectionEnabled: false, pageLoadStrategy: normal, platform: XP, platformName: XP, rotatable: false, setWindowRect: true, takesHeapSnapshot: true, takesScreenshot: true, unexpectedAlertBehaviour: , unhandledPromptBehavior: , version: 78.0.3904.108, webStorageEnabled: true}
Session ID: cfe3a530f1bc406e2ea68220d7af8649)"/>
         <system-out><![CDATA[2019-11-25 09:50:56 - [TEST_CASE][FAILED] - Test Cases/ADMIN/Content Mgmt/Categories/Category Add-Edit/Add Category: Test Cases/ADMIN/Content Mgmt/Categories/Category Add-Edit/Add Category FAILED because (of) Unable to upload file 'C:\\Users\\Arcadier\\git\\Trillia\\Images\\Category\\6.png' to object 'Object Repository/ADMIN/Categories/Category/image_input image' (Root cause: org.openqa.selenium.WebDriverException: invalid argument: File not found : C:\\Users\\Arcadier\\git\\Trillia\\Images\\Category\\6.png
  (Session info: chrome=78.0.3904.108)
  (Driver info: chromedriver=2.35.528161 (5b82f2d2aae0ca24b877009200ced9065a772e73),platform=Windows NT 6.1.7601 SP1 x86_64) (WARNING: The server did not provide any stacktrace information)
Command duration or timeout: 0 milliseconds
Build info: version: '3.7.1', revision: '8a0099a', time: '2017-11-06T21:07:36.161Z'
System info: host: 'APRIL-PC', ip: '10.10.31.51', os.name: 'Windows 7', os.arch: 'amd64', os.version: '6.1', java.version: '1.8.0_102'
Driver info: com.kms.katalon.selenium.driver.CChromeDriver
Capabilities {acceptInsecureCerts: false, acceptSslCerts: false, applicationCacheEnabled: false, browserConnectionEnabled: false, browserName: chrome, chrome: {chromedriverVersion: 2.35.528161 (5b82f2d2aae0ca..., userDataDir: C:\Users\April\AppData\Loca...}, cssSelectorsEnabled: true, databaseEnabled: false, handlesAlerts: true, hasTouchScreen: false, javascriptEnabled: true, locationContextEnabled: true, mobileEmulationEnabled: false, nativeEvents: true, networkConnectionEnabled: false, pageLoadStrategy: normal, platform: XP, platformName: XP, rotatable: false, setWindowRect: true, takesHeapSnapshot: true, takesScreenshot: true, unexpectedAlertBehaviour: , unhandledPromptBehavior: , version: 78.0.3904.108, webStorageEnabled: true}
Session ID: cfe3a530f1bc406e2ea68220d7af8649)

2019-11-25 09:50:56 - [TEST_STEP][PASSED] - waitForElementVisible: Object 'Object Repository/ADMIN/Categories/Category List/button_Content Mgmt' is visible

2019-11-25 09:50:56 - [MESSAGE][WARNING] - Timeout '0' is invalid. Using default page load timeout: '30'

2019-11-25 09:50:56 - [MESSAGE][PASSED] - Object 'Object Repository/ADMIN/Categories/Category List/button_Content Mgmt' is visible

2019-11-25 09:50:56 - [TEST_STEP][PASSED] - click: Object: 'Object Repository/ADMIN/Categories/Category List/button_Content Mgmt' is clicked on

2019-11-25 09:50:56 - [MESSAGE][PASSED] - Object: 'Object Repository/ADMIN/Categories/Category List/button_Content Mgmt' is clicked on

2019-11-25 09:50:56 - [TEST_STEP][PASSED] - waitForElementVisible: Object 'Object Repository/ADMIN/Categories/Category List/button_Categories' is visible

2019-11-25 09:50:56 - [MESSAGE][WARNING] - Timeout '0' is invalid. Using default page load timeout: '30'

2019-11-25 09:50:57 - [MESSAGE][PASSED] - Object 'Object Repository/ADMIN/Categories/Category List/button_Categories' is visible

2019-11-25 09:50:57 - [TEST_STEP][PASSED] - click: Object: 'Object Repository/ADMIN/Categories/Category List/button_Categories' is clicked on

2019-11-25 09:50:58 - [MESSAGE][PASSED] - Object: 'Object Repository/ADMIN/Categories/Category List/button_Categories' is clicked on

2019-11-25 09:50:58 - [TEST_STEP][PASSED] - click: Object: 'Object Repository/ADMIN/Categories/Category List/button_AddACategory' is clicked on

2019-11-25 09:50:58 - [MESSAGE][PASSED] - Object: 'Object Repository/ADMIN/Categories/Category List/button_AddACategory' is clicked on

2019-11-25 09:50:58 - [TEST_STEP][PASSED] - waitForElementPresent: Object 'Object Repository/ADMIN/Categories/Category/dropdown_Parent' is present

2019-11-25 09:50:59 - [MESSAGE][PASSED] - Object 'Object Repository/ADMIN/Categories/Category/dropdown_Parent' is present

2019-11-25 09:50:59 - [TEST_STEP][PASSED] - delay: Delayed 1 second(s)

2019-11-25 09:51:00 - [MESSAGE][PASSED] - Delayed 1 second(s)

2019-11-25 09:51:00 - [TEST_STEP][PASSED] - setText: Text 'Category 6.1' is set on object 'Object Repository/ADMIN/Categories/Category/textfield_Category Name'

2019-11-25 09:51:00 - [MESSAGE][PASSED] - Text 'Category 6.1' is set on object 'Object Repository/ADMIN/Categories/Category/textfield_Category Name'

2019-11-25 09:51:00 - [TEST_STEP][PASSED] - click: Object: 'Object Repository/ADMIN/Categories/Category/dropdown_Parent' is clicked on

2019-11-25 09:51:00 - [MESSAGE][PASSED] - Object: 'Object Repository/ADMIN/Categories/Category/dropdown_Parent' is clicked on

2019-11-25 09:51:00 - [TEST_STEP][PASSED] - delay: Delayed 2 second(s)

2019-11-25 09:51:03 - [MESSAGE][PASSED] - Delayed 2 second(s)

2019-11-25 09:51:03 - [TEST_STEP][PASSED] - click: Object: 'Object Repository/ADMIN/Categories/Category/dropdown_Parent' is clicked on

2019-11-25 09:51:03 - [MESSAGE][PASSED] - Object: 'Object Repository/ADMIN/Categories/Category/dropdown_Parent' is clicked on

2019-11-25 09:51:03 - [TEST_STEP][PASSED] - selectOptionByLabel: All options with label 'Category 06' are selected in object 'Object Repository/ADMIN/Categories/Category/dropdown_Parent' 

2019-11-25 09:51:03 - [MESSAGE][PASSED] - All options with label 'Category 06' are selected in object 'Object Repository/ADMIN/Categories/Category/dropdown_Parent' 

2019-11-25 09:51:03 - [TEST_STEP][PASSED] - click: Object: 'Object Repository/ADMIN/Categories/Category/button_Browse' is clicked on

2019-11-25 09:51:03 - [MESSAGE][PASSED] - Object: 'Object Repository/ADMIN/Categories/Category/button_Browse' is clicked on

2019-11-25 09:51:03 - [TEST_STEP][PASSED] - delay: Delayed 1 second(s)

2019-11-25 09:51:04 - [MESSAGE][PASSED] - Delayed 1 second(s)

2019-11-25 09:51:04 - [TEST_STEP][FAILED] - uploadFile: Unable to upload file 'C:\\Users\\Arcadier\\git\\Trillia\\Images\\Category\\6.png' to object 'Object Repository/ADMIN/Categories/Category/image_input image' (Root cause: org.openqa.selenium.WebDriverException: invalid argument: File not found : C:\\Users\\Arcadier\\git\\Trillia\\Images\\Category\\6.png
  (Session info: chrome=78.0.3904.108)
  (Driver info: chromedriver=2.35.528161 (5b82f2d2aae0ca24b877009200ced9065a772e73),platform=Windows NT 6.1.7601 SP1 x86_64) (WARNING: The server did not provide any stacktrace information)
Command duration or timeout: 0 milliseconds
Build info: version: '3.7.1', revision: '8a0099a', time: '2017-11-06T21:07:36.161Z'
System info: host: 'APRIL-PC', ip: '10.10.31.51', os.name: 'Windows 7', os.arch: 'amd64', os.version: '6.1', java.version: '1.8.0_102'
Driver info: com.kms.katalon.selenium.driver.CChromeDriver
Capabilities {acceptInsecureCerts: false, acceptSslCerts: false, applicationCacheEnabled: false, browserConnectionEnabled: false, browserName: chrome, chrome: {chromedriverVersion: 2.35.528161 (5b82f2d2aae0ca..., userDataDir: C:\Users\April\AppData\Loca...}, cssSelectorsEnabled: true, databaseEnabled: false, handlesAlerts: true, hasTouchScreen: false, javascriptEnabled: true, locationContextEnabled: true, mobileEmulationEnabled: false, nativeEvents: true, networkConnectionEnabled: false, pageLoadStrategy: normal, platform: XP, platformName: XP, rotatable: false, setWindowRect: true, takesHeapSnapshot: true, takesScreenshot: true, unexpectedAlertBehaviour: , unhandledPromptBehavior: , version: 78.0.3904.108, webStorageEnabled: true}
Session ID: cfe3a530f1bc406e2ea68220d7af8649)

2019-11-25 09:51:04 - [MESSAGE][FAILED] - Unable to upload file 'C:\\Users\\Arcadier\\git\\Trillia\\Images\\Category\\6.png' to object 'Object Repository/ADMIN/Categories/Category/image_input image' (Root cause: org.openqa.selenium.WebDriverException: invalid argument: File not found : C:\\Users\\Arcadier\\git\\Trillia\\Images\\Category\\6.png
  (Session info: chrome=78.0.3904.108)
  (Driver info: chromedriver=2.35.528161 (5b82f2d2aae0ca24b877009200ced9065a772e73),platform=Windows NT 6.1.7601 SP1 x86_64) (WARNING: The server did not provide any stacktrace information)
Command duration or timeout: 0 milliseconds
Build info: version: '3.7.1', revision: '8a0099a', time: '2017-11-06T21:07:36.161Z'
System info: host: 'APRIL-PC', ip: '10.10.31.51', os.name: 'Windows 7', os.arch: 'amd64', os.version: '6.1', java.version: '1.8.0_102'
Driver info: com.kms.katalon.selenium.driver.CChromeDriver
Capabilities {acceptInsecureCerts: false, acceptSslCerts: false, applicationCacheEnabled: false, browserConnectionEnabled: false, browserName: chrome, chrome: {chromedriverVersion: 2.35.528161 (5b82f2d2aae0ca..., userDataDir: C:\Users\April\AppData\Loca...}, cssSelectorsEnabled: true, databaseEnabled: false, handlesAlerts: true, hasTouchScreen: false, javascriptEnabled: true, locationContextEnabled: true, mobileEmulationEnabled: false, nativeEvents: true, networkConnectionEnabled: false, pageLoadStrategy: normal, platform: XP, platformName: XP, rotatable: false, setWindowRect: true, takesHeapSnapshot: true, takesScreenshot: true, unexpectedAlertBehaviour: , unhandledPromptBehavior: , version: 78.0.3904.108, webStorageEnabled: true}
Session ID: cfe3a530f1bc406e2ea68220d7af8649)
[[ATTACHMENT|C:\\Users\\April\\git\\Trillia\\Reports\\Admin\\Categories\\Add Category\\20191125_093242\\1574646664489.png]]

2019-11-25 09:51:04 - [TEST_STEP][PASSED] - waitForElementVisible: Object 'Object Repository/ADMIN/Categories/Category/button_upload check' is visible

2019-11-25 09:51:04 - [MESSAGE][WARNING] - Timeout '0' is invalid. Using default page load timeout: '30'

2019-11-25 09:51:07 - [MESSAGE][PASSED] - Object 'Object Repository/ADMIN/Categories/Category/button_upload check' is visible

2019-11-25 09:51:07 - [TEST_STEP][PASSED] - click: Object: 'Object Repository/ADMIN/Categories/Category/button_upload check' is clicked on

2019-11-25 09:51:07 - [MESSAGE][PASSED] - Object: 'Object Repository/ADMIN/Categories/Category/button_upload check' is clicked on

2019-11-25 09:51:07 - [TEST_STEP][PASSED] - waitForElementVisible: Object 'Object Repository/ADMIN/Categories/Category/button_upload save' is visible

2019-11-25 09:51:07 - [MESSAGE][WARNING] - Timeout '0' is invalid. Using default page load timeout: '30'

2019-11-25 09:51:07 - [MESSAGE][PASSED] - Object 'Object Repository/ADMIN/Categories/Category/button_upload save' is visible

2019-11-25 09:51:07 - [TEST_STEP][PASSED] - click: Object: 'Object Repository/ADMIN/Categories/Category/button_upload save' is clicked on

2019-11-25 09:51:08 - [MESSAGE][PASSED] - Object: 'Object Repository/ADMIN/Categories/Category/button_upload save' is clicked on

2019-11-25 09:51:08 - [TEST_STEP][PASSED] - delay: Delayed 1 second(s)

2019-11-25 09:51:09 - [MESSAGE][PASSED] - Delayed 1 second(s)

2019-11-25 09:51:09 - [TEST_STEP][PASSED] - setText: Text 'Description55' is set on object 'Object Repository/ADMIN/Categories/Category/textfield_category_description'

2019-11-25 09:51:09 - [MESSAGE][PASSED] - Text 'Description55' is set on object 'Object Repository/ADMIN/Categories/Category/textfield_category_description'

2019-11-25 09:51:09 - [TEST_STEP][PASSED] - click: Object: 'Object Repository/ADMIN/Categories/Category/button_Save' is clicked on

2019-11-25 09:51:09 - [MESSAGE][PASSED] - Object: 'Object Repository/ADMIN/Categories/Category/button_Save' is clicked on

2019-11-25 09:51:09 - [TEST_STEP][PASSED] - waitForElementVisible: Object 'Object Repository/ADMIN/Categories/Category/label_edit popup' is visible

2019-11-25 09:51:09 - [MESSAGE][WARNING] - Timeout '0' is invalid. Using default page load timeout: '30'

2019-11-25 09:51:11 - [MESSAGE][PASSED] - Object 'Object Repository/ADMIN/Categories/Category/label_edit popup' is visible

2019-11-25 09:51:11 - [TEST_STEP][PASSED] - waitForElementNotPresent: Web element with id: 'Object Repository/ADMIN/Categories/Category/label_edit popup' located by 'By.xpath: //div[(text() = 'Category was successfully saved.' or . = 'Category was successfully saved.')]' is not present after '30' second(s)

2019-11-25 09:51:11 - [MESSAGE][WARNING] - Timeout '0' is invalid. Using default page load timeout: '30'

2019-11-25 09:51:16 - [MESSAGE][PASSED] - Web element with id: 'Object Repository/ADMIN/Categories/Category/label_edit popup' located by 'By.xpath: //div[(text() = 'Category was successfully saved.' or . = 'Category was successfully saved.')]' is not present after '30' second(s)]]></system-out>
         <system-err><![CDATA[2019-11-25 09:50:56 - [TEST_CASE][FAILED] - Test Cases/ADMIN/Content Mgmt/Categories/Category Add-Edit/Add Category: Test Cases/ADMIN/Content Mgmt/Categories/Category Add-Edit/Add Category FAILED because (of) Unable to upload file 'C:\\Users\\Arcadier\\git\\Trillia\\Images\\Category\\6.png' to object 'Object Repository/ADMIN/Categories/Category/image_input image' (Root cause: org.openqa.selenium.WebDriverException: invalid argument: File not found : C:\\Users\\Arcadier\\git\\Trillia\\Images\\Category\\6.png
  (Session info: chrome=78.0.3904.108)
  (Driver info: chromedriver=2.35.528161 (5b82f2d2aae0ca24b877009200ced9065a772e73),platform=Windows NT 6.1.7601 SP1 x86_64) (WARNING: The server did not provide any stacktrace information)
Command duration or timeout: 0 milliseconds
Build info: version: '3.7.1', revision: '8a0099a', time: '2017-11-06T21:07:36.161Z'
System info: host: 'APRIL-PC', ip: '10.10.31.51', os.name: 'Windows 7', os.arch: 'amd64', os.version: '6.1', java.version: '1.8.0_102'
Driver info: com.kms.katalon.selenium.driver.CChromeDriver
Capabilities {acceptInsecureCerts: false, acceptSslCerts: false, applicationCacheEnabled: false, browserConnectionEnabled: false, browserName: chrome, chrome: {chromedriverVersion: 2.35.528161 (5b82f2d2aae0ca..., userDataDir: C:\Users\April\AppData\Loca...}, cssSelectorsEnabled: true, databaseEnabled: false, handlesAlerts: true, hasTouchScreen: false, javascriptEnabled: true, locationContextEnabled: true, mobileEmulationEnabled: false, nativeEvents: true, networkConnectionEnabled: false, pageLoadStrategy: normal, platform: XP, platformName: XP, rotatable: false, setWindowRect: true, takesHeapSnapshot: true, takesScreenshot: true, unexpectedAlertBehaviour: , unhandledPromptBehavior: , version: 78.0.3904.108, webStorageEnabled: true}
Session ID: cfe3a530f1bc406e2ea68220d7af8649)]]></system-err>
      </testcase>
      <testcase name="Test Cases/ADMIN/Content Mgmt/Categories/Category Add-Edit/Add Category" classname="Test Cases/ADMIN/Content Mgmt/Categories/Category Add-Edit/Add Category" status="FAILED">
         <failure type="FAILED" message="Unable to upload file 'C:\\Users\\Arcadier\\git\\Trillia\\Images\\Category\\6.png' to object 'Object Repository/ADMIN/Categories/Category/image_input image' (Root cause: org.openqa.selenium.WebDriverException: invalid argument: File not found : C:\\Users\\Arcadier\\git\\Trillia\\Images\\Category\\6.png
  (Session info: chrome=78.0.3904.108)
  (Driver info: chromedriver=2.35.528161 (5b82f2d2aae0ca24b877009200ced9065a772e73),platform=Windows NT 6.1.7601 SP1 x86_64) (WARNING: The server did not provide any stacktrace information)
Command duration or timeout: 0 milliseconds
Build info: version: '3.7.1', revision: '8a0099a', time: '2017-11-06T21:07:36.161Z'
System info: host: 'APRIL-PC', ip: '10.10.31.51', os.name: 'Windows 7', os.arch: 'amd64', os.version: '6.1', java.version: '1.8.0_102'
Driver info: com.kms.katalon.selenium.driver.CChromeDriver
Capabilities {acceptInsecureCerts: false, acceptSslCerts: false, applicationCacheEnabled: false, browserConnectionEnabled: false, browserName: chrome, chrome: {chromedriverVersion: 2.35.528161 (5b82f2d2aae0ca..., userDataDir: C:\Users\April\AppData\Loca...}, cssSelectorsEnabled: true, databaseEnabled: false, handlesAlerts: true, hasTouchScreen: false, javascriptEnabled: true, locationContextEnabled: true, mobileEmulationEnabled: false, nativeEvents: true, networkConnectionEnabled: false, pageLoadStrategy: normal, platform: XP, platformName: XP, rotatable: false, setWindowRect: true, takesHeapSnapshot: true, takesScreenshot: true, unexpectedAlertBehaviour: , unhandledPromptBehavior: , version: 78.0.3904.108, webStorageEnabled: true}
Session ID: cfe3a530f1bc406e2ea68220d7af8649)"/>
         <system-out><![CDATA[2019-11-25 09:51:16 - [TEST_CASE][FAILED] - Test Cases/ADMIN/Content Mgmt/Categories/Category Add-Edit/Add Category: Test Cases/ADMIN/Content Mgmt/Categories/Category Add-Edit/Add Category FAILED because (of) Unable to upload file 'C:\\Users\\Arcadier\\git\\Trillia\\Images\\Category\\6.png' to object 'Object Repository/ADMIN/Categories/Category/image_input image' (Root cause: org.openqa.selenium.WebDriverException: invalid argument: File not found : C:\\Users\\Arcadier\\git\\Trillia\\Images\\Category\\6.png
  (Session info: chrome=78.0.3904.108)
  (Driver info: chromedriver=2.35.528161 (5b82f2d2aae0ca24b877009200ced9065a772e73),platform=Windows NT 6.1.7601 SP1 x86_64) (WARNING: The server did not provide any stacktrace information)
Command duration or timeout: 0 milliseconds
Build info: version: '3.7.1', revision: '8a0099a', time: '2017-11-06T21:07:36.161Z'
System info: host: 'APRIL-PC', ip: '10.10.31.51', os.name: 'Windows 7', os.arch: 'amd64', os.version: '6.1', java.version: '1.8.0_102'
Driver info: com.kms.katalon.selenium.driver.CChromeDriver
Capabilities {acceptInsecureCerts: false, acceptSslCerts: false, applicationCacheEnabled: false, browserConnectionEnabled: false, browserName: chrome, chrome: {chromedriverVersion: 2.35.528161 (5b82f2d2aae0ca..., userDataDir: C:\Users\April\AppData\Loca...}, cssSelectorsEnabled: true, databaseEnabled: false, handlesAlerts: true, hasTouchScreen: false, javascriptEnabled: true, locationContextEnabled: true, mobileEmulationEnabled: false, nativeEvents: true, networkConnectionEnabled: false, pageLoadStrategy: normal, platform: XP, platformName: XP, rotatable: false, setWindowRect: true, takesHeapSnapshot: true, takesScreenshot: true, unexpectedAlertBehaviour: , unhandledPromptBehavior: , version: 78.0.3904.108, webStorageEnabled: true}
Session ID: cfe3a530f1bc406e2ea68220d7af8649)

2019-11-25 09:51:16 - [TEST_STEP][PASSED] - waitForElementVisible: Object 'Object Repository/ADMIN/Categories/Category List/button_Content Mgmt' is visible

2019-11-25 09:51:16 - [MESSAGE][WARNING] - Timeout '0' is invalid. Using default page load timeout: '30'

2019-11-25 09:51:16 - [MESSAGE][PASSED] - Object 'Object Repository/ADMIN/Categories/Category List/button_Content Mgmt' is visible

2019-11-25 09:51:16 - [TEST_STEP][PASSED] - click: Object: 'Object Repository/ADMIN/Categories/Category List/button_Content Mgmt' is clicked on

2019-11-25 09:51:16 - [MESSAGE][PASSED] - Object: 'Object Repository/ADMIN/Categories/Category List/button_Content Mgmt' is clicked on

2019-11-25 09:51:16 - [TEST_STEP][PASSED] - waitForElementVisible: Object 'Object Repository/ADMIN/Categories/Category List/button_Categories' is visible

2019-11-25 09:51:16 - [MESSAGE][WARNING] - Timeout '0' is invalid. Using default page load timeout: '30'

2019-11-25 09:51:17 - [MESSAGE][PASSED] - Object 'Object Repository/ADMIN/Categories/Category List/button_Categories' is visible

2019-11-25 09:51:17 - [TEST_STEP][PASSED] - click: Object: 'Object Repository/ADMIN/Categories/Category List/button_Categories' is clicked on

2019-11-25 09:51:17 - [MESSAGE][PASSED] - Object: 'Object Repository/ADMIN/Categories/Category List/button_Categories' is clicked on

2019-11-25 09:51:17 - [TEST_STEP][PASSED] - click: Object: 'Object Repository/ADMIN/Categories/Category List/button_AddACategory' is clicked on

2019-11-25 09:51:18 - [MESSAGE][PASSED] - Object: 'Object Repository/ADMIN/Categories/Category List/button_AddACategory' is clicked on

2019-11-25 09:51:18 - [TEST_STEP][PASSED] - waitForElementPresent: Object 'Object Repository/ADMIN/Categories/Category/dropdown_Parent' is present

2019-11-25 09:51:18 - [MESSAGE][PASSED] - Object 'Object Repository/ADMIN/Categories/Category/dropdown_Parent' is present

2019-11-25 09:51:18 - [TEST_STEP][PASSED] - delay: Delayed 1 second(s)

2019-11-25 09:51:19 - [MESSAGE][PASSED] - Delayed 1 second(s)

2019-11-25 09:51:19 - [TEST_STEP][PASSED] - setText: Text 'Category 6.1.1' is set on object 'Object Repository/ADMIN/Categories/Category/textfield_Category Name'

2019-11-25 09:51:19 - [MESSAGE][PASSED] - Text 'Category 6.1.1' is set on object 'Object Repository/ADMIN/Categories/Category/textfield_Category Name'

2019-11-25 09:51:19 - [TEST_STEP][PASSED] - click: Object: 'Object Repository/ADMIN/Categories/Category/dropdown_Parent' is clicked on

2019-11-25 09:51:19 - [MESSAGE][PASSED] - Object: 'Object Repository/ADMIN/Categories/Category/dropdown_Parent' is clicked on

2019-11-25 09:51:19 - [TEST_STEP][PASSED] - delay: Delayed 2 second(s)

2019-11-25 09:51:22 - [MESSAGE][PASSED] - Delayed 2 second(s)

2019-11-25 09:51:22 - [TEST_STEP][PASSED] - click: Object: 'Object Repository/ADMIN/Categories/Category/dropdown_Parent' is clicked on

2019-11-25 09:51:22 - [MESSAGE][PASSED] - Object: 'Object Repository/ADMIN/Categories/Category/dropdown_Parent' is clicked on

2019-11-25 09:51:22 - [TEST_STEP][PASSED] - selectOptionByLabel: All options with label 'Category 6.1' are selected in object 'Object Repository/ADMIN/Categories/Category/dropdown_Parent' 

2019-11-25 09:51:22 - [MESSAGE][PASSED] - All options with label 'Category 6.1' are selected in object 'Object Repository/ADMIN/Categories/Category/dropdown_Parent' 

2019-11-25 09:51:22 - [TEST_STEP][PASSED] - click: Object: 'Object Repository/ADMIN/Categories/Category/button_Browse' is clicked on

2019-11-25 09:51:22 - [MESSAGE][PASSED] - Object: 'Object Repository/ADMIN/Categories/Category/button_Browse' is clicked on

2019-11-25 09:51:22 - [TEST_STEP][PASSED] - delay: Delayed 1 second(s)

2019-11-25 09:51:23 - [MESSAGE][PASSED] - Delayed 1 second(s)

2019-11-25 09:51:23 - [TEST_STEP][FAILED] - uploadFile: Unable to upload file 'C:\\Users\\Arcadier\\git\\Trillia\\Images\\Category\\6.png' to object 'Object Repository/ADMIN/Categories/Category/image_input image' (Root cause: org.openqa.selenium.WebDriverException: invalid argument: File not found : C:\\Users\\Arcadier\\git\\Trillia\\Images\\Category\\6.png
  (Session info: chrome=78.0.3904.108)
  (Driver info: chromedriver=2.35.528161 (5b82f2d2aae0ca24b877009200ced9065a772e73),platform=Windows NT 6.1.7601 SP1 x86_64) (WARNING: The server did not provide any stacktrace information)
Command duration or timeout: 0 milliseconds
Build info: version: '3.7.1', revision: '8a0099a', time: '2017-11-06T21:07:36.161Z'
System info: host: 'APRIL-PC', ip: '10.10.31.51', os.name: 'Windows 7', os.arch: 'amd64', os.version: '6.1', java.version: '1.8.0_102'
Driver info: com.kms.katalon.selenium.driver.CChromeDriver
Capabilities {acceptInsecureCerts: false, acceptSslCerts: false, applicationCacheEnabled: false, browserConnectionEnabled: false, browserName: chrome, chrome: {chromedriverVersion: 2.35.528161 (5b82f2d2aae0ca..., userDataDir: C:\Users\April\AppData\Loca...}, cssSelectorsEnabled: true, databaseEnabled: false, handlesAlerts: true, hasTouchScreen: false, javascriptEnabled: true, locationContextEnabled: true, mobileEmulationEnabled: false, nativeEvents: true, networkConnectionEnabled: false, pageLoadStrategy: normal, platform: XP, platformName: XP, rotatable: false, setWindowRect: true, takesHeapSnapshot: true, takesScreenshot: true, unexpectedAlertBehaviour: , unhandledPromptBehavior: , version: 78.0.3904.108, webStorageEnabled: true}
Session ID: cfe3a530f1bc406e2ea68220d7af8649)

2019-11-25 09:51:24 - [MESSAGE][FAILED] - Unable to upload file 'C:\\Users\\Arcadier\\git\\Trillia\\Images\\Category\\6.png' to object 'Object Repository/ADMIN/Categories/Category/image_input image' (Root cause: org.openqa.selenium.WebDriverException: invalid argument: File not found : C:\\Users\\Arcadier\\git\\Trillia\\Images\\Category\\6.png
  (Session info: chrome=78.0.3904.108)
  (Driver info: chromedriver=2.35.528161 (5b82f2d2aae0ca24b877009200ced9065a772e73),platform=Windows NT 6.1.7601 SP1 x86_64) (WARNING: The server did not provide any stacktrace information)
Command duration or timeout: 0 milliseconds
Build info: version: '3.7.1', revision: '8a0099a', time: '2017-11-06T21:07:36.161Z'
System info: host: 'APRIL-PC', ip: '10.10.31.51', os.name: 'Windows 7', os.arch: 'amd64', os.version: '6.1', java.version: '1.8.0_102'
Driver info: com.kms.katalon.selenium.driver.CChromeDriver
Capabilities {acceptInsecureCerts: false, acceptSslCerts: false, applicationCacheEnabled: false, browserConnectionEnabled: false, browserName: chrome, chrome: {chromedriverVersion: 2.35.528161 (5b82f2d2aae0ca..., userDataDir: C:\Users\April\AppData\Loca...}, cssSelectorsEnabled: true, databaseEnabled: false, handlesAlerts: true, hasTouchScreen: false, javascriptEnabled: true, locationContextEnabled: true, mobileEmulationEnabled: false, nativeEvents: true, networkConnectionEnabled: false, pageLoadStrategy: normal, platform: XP, platformName: XP, rotatable: false, setWindowRect: true, takesHeapSnapshot: true, takesScreenshot: true, unexpectedAlertBehaviour: , unhandledPromptBehavior: , version: 78.0.3904.108, webStorageEnabled: true}
Session ID: cfe3a530f1bc406e2ea68220d7af8649)
[[ATTACHMENT|C:\\Users\\April\\git\\Trillia\\Reports\\Admin\\Categories\\Add Category\\20191125_093242\\1574646683742.png]]

2019-11-25 09:51:24 - [TEST_STEP][PASSED] - waitForElementVisible: Object 'Object Repository/ADMIN/Categories/Category/button_upload check' is visible

2019-11-25 09:51:24 - [MESSAGE][WARNING] - Timeout '0' is invalid. Using default page load timeout: '30'

2019-11-25 09:51:30 - [MESSAGE][PASSED] - Object 'Object Repository/ADMIN/Categories/Category/button_upload check' is visible

2019-11-25 09:51:30 - [TEST_STEP][PASSED] - click: Object: 'Object Repository/ADMIN/Categories/Category/button_upload check' is clicked on

2019-11-25 09:51:30 - [MESSAGE][PASSED] - Object: 'Object Repository/ADMIN/Categories/Category/button_upload check' is clicked on

2019-11-25 09:51:30 - [TEST_STEP][PASSED] - waitForElementVisible: Object 'Object Repository/ADMIN/Categories/Category/button_upload save' is visible

2019-11-25 09:51:30 - [MESSAGE][WARNING] - Timeout '0' is invalid. Using default page load timeout: '30'

2019-11-25 09:51:30 - [MESSAGE][PASSED] - Object 'Object Repository/ADMIN/Categories/Category/button_upload save' is visible

2019-11-25 09:51:30 - [TEST_STEP][PASSED] - click: Object: 'Object Repository/ADMIN/Categories/Category/button_upload save' is clicked on

2019-11-25 09:51:30 - [MESSAGE][PASSED] - Object: 'Object Repository/ADMIN/Categories/Category/button_upload save' is clicked on

2019-11-25 09:51:30 - [TEST_STEP][PASSED] - delay: Delayed 1 second(s)

2019-11-25 09:51:31 - [MESSAGE][PASSED] - Delayed 1 second(s)

2019-11-25 09:51:31 - [TEST_STEP][PASSED] - setText: Text 'Description56' is set on object 'Object Repository/ADMIN/Categories/Category/textfield_category_description'

2019-11-25 09:51:32 - [MESSAGE][PASSED] - Text 'Description56' is set on object 'Object Repository/ADMIN/Categories/Category/textfield_category_description'

2019-11-25 09:51:32 - [TEST_STEP][PASSED] - click: Object: 'Object Repository/ADMIN/Categories/Category/button_Save' is clicked on

2019-11-25 09:51:32 - [MESSAGE][PASSED] - Object: 'Object Repository/ADMIN/Categories/Category/button_Save' is clicked on

2019-11-25 09:51:32 - [TEST_STEP][PASSED] - waitForElementVisible: Object 'Object Repository/ADMIN/Categories/Category/label_edit popup' is visible

2019-11-25 09:51:32 - [MESSAGE][WARNING] - Timeout '0' is invalid. Using default page load timeout: '30'

2019-11-25 09:51:33 - [MESSAGE][PASSED] - Object 'Object Repository/ADMIN/Categories/Category/label_edit popup' is visible

2019-11-25 09:51:33 - [TEST_STEP][PASSED] - waitForElementNotPresent: Web element with id: 'Object Repository/ADMIN/Categories/Category/label_edit popup' located by 'By.xpath: //div[(text() = 'Category was successfully saved.' or . = 'Category was successfully saved.')]' is not present after '30' second(s)

2019-11-25 09:51:33 - [MESSAGE][WARNING] - Timeout '0' is invalid. Using default page load timeout: '30'

2019-11-25 09:51:38 - [MESSAGE][PASSED] - Web element with id: 'Object Repository/ADMIN/Categories/Category/label_edit popup' located by 'By.xpath: //div[(text() = 'Category was successfully saved.' or . = 'Category was successfully saved.')]' is not present after '30' second(s)]]></system-out>
         <system-err><![CDATA[2019-11-25 09:51:16 - [TEST_CASE][FAILED] - Test Cases/ADMIN/Content Mgmt/Categories/Category Add-Edit/Add Category: Test Cases/ADMIN/Content Mgmt/Categories/Category Add-Edit/Add Category FAILED because (of) Unable to upload file 'C:\\Users\\Arcadier\\git\\Trillia\\Images\\Category\\6.png' to object 'Object Repository/ADMIN/Categories/Category/image_input image' (Root cause: org.openqa.selenium.WebDriverException: invalid argument: File not found : C:\\Users\\Arcadier\\git\\Trillia\\Images\\Category\\6.png
  (Session info: chrome=78.0.3904.108)
  (Driver info: chromedriver=2.35.528161 (5b82f2d2aae0ca24b877009200ced9065a772e73),platform=Windows NT 6.1.7601 SP1 x86_64) (WARNING: The server did not provide any stacktrace information)
Command duration or timeout: 0 milliseconds
Build info: version: '3.7.1', revision: '8a0099a', time: '2017-11-06T21:07:36.161Z'
System info: host: 'APRIL-PC', ip: '10.10.31.51', os.name: 'Windows 7', os.arch: 'amd64', os.version: '6.1', java.version: '1.8.0_102'
Driver info: com.kms.katalon.selenium.driver.CChromeDriver
Capabilities {acceptInsecureCerts: false, acceptSslCerts: false, applicationCacheEnabled: false, browserConnectionEnabled: false, browserName: chrome, chrome: {chromedriverVersion: 2.35.528161 (5b82f2d2aae0ca..., userDataDir: C:\Users\April\AppData\Loca...}, cssSelectorsEnabled: true, databaseEnabled: false, handlesAlerts: true, hasTouchScreen: false, javascriptEnabled: true, locationContextEnabled: true, mobileEmulationEnabled: false, nativeEvents: true, networkConnectionEnabled: false, pageLoadStrategy: normal, platform: XP, platformName: XP, rotatable: false, setWindowRect: true, takesHeapSnapshot: true, takesScreenshot: true, unexpectedAlertBehaviour: , unhandledPromptBehavior: , version: 78.0.3904.108, webStorageEnabled: true}
Session ID: cfe3a530f1bc406e2ea68220d7af8649)]]></system-err>
      </testcase>
      <testcase name="Test Cases/ADMIN/Content Mgmt/Categories/Category Add-Edit/Add Category" classname="Test Cases/ADMIN/Content Mgmt/Categories/Category Add-Edit/Add Category" status="FAILED">
         <failure type="FAILED" message="Unable to click on object 'Object Repository/ADMIN/Categories/Category List/button_Categories' (Root cause: org.openqa.selenium.ElementNotVisibleException: element not visible
  (Session info: chrome=78.0.3904.108)
  (Driver info: chromedriver=2.35.528161 (5b82f2d2aae0ca24b877009200ced9065a772e73),platform=Windows NT 6.1.7601 SP1 x86_64) (WARNING: The server did not provide any stacktrace information)
Command duration or timeout: 0 milliseconds
Build info: version: '3.7.1', revision: '8a0099a', time: '2017-11-06T21:07:36.161Z'
System info: host: 'APRIL-PC', ip: '10.10.31.51', os.name: 'Windows 7', os.arch: 'amd64', os.version: '6.1', java.version: '1.8.0_102'
Driver info: com.kms.katalon.selenium.driver.CChromeDriver
Capabilities {acceptInsecureCerts: false, acceptSslCerts: false, applicationCacheEnabled: false, browserConnectionEnabled: false, browserName: chrome, chrome: {chromedriverVersion: 2.35.528161 (5b82f2d2aae0ca..., userDataDir: C:\Users\April\AppData\Loca...}, cssSelectorsEnabled: true, databaseEnabled: false, handlesAlerts: true, hasTouchScreen: false, javascriptEnabled: true, locationContextEnabled: true, mobileEmulationEnabled: false, nativeEvents: true, networkConnectionEnabled: false, pageLoadStrategy: normal, platform: XP, platformName: XP, rotatable: false, setWindowRect: true, takesHeapSnapshot: true, takesScreenshot: true, unexpectedAlertBehaviour: , unhandledPromptBehavior: , version: 78.0.3904.108, webStorageEnabled: true}
Session ID: cfe3a530f1bc406e2ea68220d7af8649)"/>
         <system-out><![CDATA[2019-11-25 09:51:38 - [TEST_CASE][FAILED] - Test Cases/ADMIN/Content Mgmt/Categories/Category Add-Edit/Add Category: Test Cases/ADMIN/Content Mgmt/Categories/Category Add-Edit/Add Category FAILED because (of) Unable to click on object 'Object Repository/ADMIN/Categories/Category List/button_Categories' (Root cause: org.openqa.selenium.ElementNotVisibleException: element not visible
  (Session info: chrome=78.0.3904.108)
  (Driver info: chromedriver=2.35.528161 (5b82f2d2aae0ca24b877009200ced9065a772e73),platform=Windows NT 6.1.7601 SP1 x86_64) (WARNING: The server did not provide any stacktrace information)
Command duration or timeout: 0 milliseconds
Build info: version: '3.7.1', revision: '8a0099a', time: '2017-11-06T21:07:36.161Z'
System info: host: 'APRIL-PC', ip: '10.10.31.51', os.name: 'Windows 7', os.arch: 'amd64', os.version: '6.1', java.version: '1.8.0_102'
Driver info: com.kms.katalon.selenium.driver.CChromeDriver
Capabilities {acceptInsecureCerts: false, acceptSslCerts: false, applicationCacheEnabled: false, browserConnectionEnabled: false, browserName: chrome, chrome: {chromedriverVersion: 2.35.528161 (5b82f2d2aae0ca..., userDataDir: C:\Users\April\AppData\Loca...}, cssSelectorsEnabled: true, databaseEnabled: false, handlesAlerts: true, hasTouchScreen: false, javascriptEnabled: true, locationContextEnabled: true, mobileEmulationEnabled: false, nativeEvents: true, networkConnectionEnabled: false, pageLoadStrategy: normal, platform: XP, platformName: XP, rotatable: false, setWindowRect: true, takesHeapSnapshot: true, takesScreenshot: true, unexpectedAlertBehaviour: , unhandledPromptBehavior: , version: 78.0.3904.108, webStorageEnabled: true}
Session ID: cfe3a530f1bc406e2ea68220d7af8649)

2019-11-25 09:51:38 - [TEST_STEP][PASSED] - waitForElementVisible: Object 'Object Repository/ADMIN/Categories/Category List/button_Content Mgmt' is visible

2019-11-25 09:51:38 - [MESSAGE][WARNING] - Timeout '0' is invalid. Using default page load timeout: '30'

2019-11-25 09:51:38 - [MESSAGE][PASSED] - Object 'Object Repository/ADMIN/Categories/Category List/button_Content Mgmt' is visible

2019-11-25 09:51:38 - [TEST_STEP][PASSED] - click: Object: 'Object Repository/ADMIN/Categories/Category List/button_Content Mgmt' is clicked on

2019-11-25 09:51:38 - [MESSAGE][PASSED] - Object: 'Object Repository/ADMIN/Categories/Category List/button_Content Mgmt' is clicked on

2019-11-25 09:51:38 - [TEST_STEP][PASSED] - waitForElementVisible: Object 'Object Repository/ADMIN/Categories/Category List/button_Categories' is visible

2019-11-25 09:51:38 - [MESSAGE][WARNING] - Timeout '0' is invalid. Using default page load timeout: '30'

2019-11-25 09:51:38 - [MESSAGE][PASSED] - Object 'Object Repository/ADMIN/Categories/Category List/button_Categories' is visible

2019-11-25 09:51:39 - [TEST_STEP][FAILED] - click: Unable to click on object 'Object Repository/ADMIN/Categories/Category List/button_Categories' (Root cause: org.openqa.selenium.ElementNotVisibleException: element not visible
  (Session info: chrome=78.0.3904.108)
  (Driver info: chromedriver=2.35.528161 (5b82f2d2aae0ca24b877009200ced9065a772e73),platform=Windows NT 6.1.7601 SP1 x86_64) (WARNING: The server did not provide any stacktrace information)
Command duration or timeout: 0 milliseconds
Build info: version: '3.7.1', revision: '8a0099a', time: '2017-11-06T21:07:36.161Z'
System info: host: 'APRIL-PC', ip: '10.10.31.51', os.name: 'Windows 7', os.arch: 'amd64', os.version: '6.1', java.version: '1.8.0_102'
Driver info: com.kms.katalon.selenium.driver.CChromeDriver
Capabilities {acceptInsecureCerts: false, acceptSslCerts: false, applicationCacheEnabled: false, browserConnectionEnabled: false, browserName: chrome, chrome: {chromedriverVersion: 2.35.528161 (5b82f2d2aae0ca..., userDataDir: C:\Users\April\AppData\Loca...}, cssSelectorsEnabled: true, databaseEnabled: false, handlesAlerts: true, hasTouchScreen: false, javascriptEnabled: true, locationContextEnabled: true, mobileEmulationEnabled: false, nativeEvents: true, networkConnectionEnabled: false, pageLoadStrategy: normal, platform: XP, platformName: XP, rotatable: false, setWindowRect: true, takesHeapSnapshot: true, takesScreenshot: true, unexpectedAlertBehaviour: , unhandledPromptBehavior: , version: 78.0.3904.108, webStorageEnabled: true}
Session ID: cfe3a530f1bc406e2ea68220d7af8649)

2019-11-25 09:51:39 - [MESSAGE][FAILED] - Unable to click on object 'Object Repository/ADMIN/Categories/Category List/button_Categories' (Root cause: org.openqa.selenium.ElementNotVisibleException: element not visible
  (Session info: chrome=78.0.3904.108)
  (Driver info: chromedriver=2.35.528161 (5b82f2d2aae0ca24b877009200ced9065a772e73),platform=Windows NT 6.1.7601 SP1 x86_64) (WARNING: The server did not provide any stacktrace information)
Command duration or timeout: 0 milliseconds
Build info: version: '3.7.1', revision: '8a0099a', time: '2017-11-06T21:07:36.161Z'
System info: host: 'APRIL-PC', ip: '10.10.31.51', os.name: 'Windows 7', os.arch: 'amd64', os.version: '6.1', java.version: '1.8.0_102'
Driver info: com.kms.katalon.selenium.driver.CChromeDriver
Capabilities {acceptInsecureCerts: false, acceptSslCerts: false, applicationCacheEnabled: false, browserConnectionEnabled: false, browserName: chrome, chrome: {chromedriverVersion: 2.35.528161 (5b82f2d2aae0ca..., userDataDir: C:\Users\April\AppData\Loca...}, cssSelectorsEnabled: true, databaseEnabled: false, handlesAlerts: true, hasTouchScreen: false, javascriptEnabled: true, locationContextEnabled: true, mobileEmulationEnabled: false, nativeEvents: true, networkConnectionEnabled: false, pageLoadStrategy: normal, platform: XP, platformName: XP, rotatable: false, setWindowRect: true, takesHeapSnapshot: true, takesScreenshot: true, unexpectedAlertBehaviour: , unhandledPromptBehavior: , version: 78.0.3904.108, webStorageEnabled: true}
Session ID: cfe3a530f1bc406e2ea68220d7af8649)
[[ATTACHMENT|C:\\Users\\April\\git\\Trillia\\Reports\\Admin\\Categories\\Add Category\\20191125_093242\\1574646699067.png]]

2019-11-25 09:51:39 - [TEST_STEP][PASSED] - click: Object: 'Object Repository/ADMIN/Categories/Category List/button_AddACategory' is clicked on

2019-11-25 09:51:39 - [MESSAGE][PASSED] - Object: 'Object Repository/ADMIN/Categories/Category List/button_AddACategory' is clicked on

2019-11-25 09:51:39 - [TEST_STEP][PASSED] - waitForElementPresent: Object 'Object Repository/ADMIN/Categories/Category/dropdown_Parent' is present

2019-11-25 09:51:39 - [MESSAGE][PASSED] - Object 'Object Repository/ADMIN/Categories/Category/dropdown_Parent' is present

2019-11-25 09:51:39 - [TEST_STEP][PASSED] - delay: Delayed 1 second(s)

2019-11-25 09:51:40 - [MESSAGE][PASSED] - Delayed 1 second(s)

2019-11-25 09:51:40 - [TEST_STEP][PASSED] - setText: Text 'Category 6.1.1.1' is set on object 'Object Repository/ADMIN/Categories/Category/textfield_Category Name'

2019-11-25 09:51:40 - [MESSAGE][PASSED] - Text 'Category 6.1.1.1' is set on object 'Object Repository/ADMIN/Categories/Category/textfield_Category Name'

2019-11-25 09:51:40 - [TEST_STEP][PASSED] - click: Object: 'Object Repository/ADMIN/Categories/Category/dropdown_Parent' is clicked on

2019-11-25 09:51:40 - [MESSAGE][PASSED] - Object: 'Object Repository/ADMIN/Categories/Category/dropdown_Parent' is clicked on

2019-11-25 09:51:40 - [TEST_STEP][PASSED] - delay: Delayed 2 second(s)

2019-11-25 09:51:44 - [MESSAGE][PASSED] - Delayed 2 second(s)

2019-11-25 09:51:44 - [TEST_STEP][PASSED] - click: Object: 'Object Repository/ADMIN/Categories/Category/dropdown_Parent' is clicked on

2019-11-25 09:51:44 - [MESSAGE][PASSED] - Object: 'Object Repository/ADMIN/Categories/Category/dropdown_Parent' is clicked on

2019-11-25 09:51:44 - [TEST_STEP][PASSED] - selectOptionByLabel: All options with label 'Category 6.1.1' are selected in object 'Object Repository/ADMIN/Categories/Category/dropdown_Parent' 

2019-11-25 09:51:44 - [MESSAGE][PASSED] - All options with label 'Category 6.1.1' are selected in object 'Object Repository/ADMIN/Categories/Category/dropdown_Parent' 

2019-11-25 09:51:44 - [TEST_STEP][PASSED] - click: Object: 'Object Repository/ADMIN/Categories/Category/button_Browse' is clicked on

2019-11-25 09:51:44 - [MESSAGE][PASSED] - Object: 'Object Repository/ADMIN/Categories/Category/button_Browse' is clicked on

2019-11-25 09:51:44 - [TEST_STEP][PASSED] - delay: Delayed 1 second(s)

2019-11-25 09:51:45 - [MESSAGE][PASSED] - Delayed 1 second(s)

2019-11-25 09:51:45 - [TEST_STEP][FAILED] - uploadFile: Unable to upload file 'C:\\Users\\Arcadier\\git\\Trillia\\Images\\Category\\6.png' to object 'Object Repository/ADMIN/Categories/Category/image_input image' (Root cause: org.openqa.selenium.WebDriverException: invalid argument: File not found : C:\\Users\\Arcadier\\git\\Trillia\\Images\\Category\\6.png
  (Session info: chrome=78.0.3904.108)
  (Driver info: chromedriver=2.35.528161 (5b82f2d2aae0ca24b877009200ced9065a772e73),platform=Windows NT 6.1.7601 SP1 x86_64) (WARNING: The server did not provide any stacktrace information)
Command duration or timeout: 0 milliseconds
Build info: version: '3.7.1', revision: '8a0099a', time: '2017-11-06T21:07:36.161Z'
System info: host: 'APRIL-PC', ip: '10.10.31.51', os.name: 'Windows 7', os.arch: 'amd64', os.version: '6.1', java.version: '1.8.0_102'
Driver info: com.kms.katalon.selenium.driver.CChromeDriver
Capabilities {acceptInsecureCerts: false, acceptSslCerts: false, applicationCacheEnabled: false, browserConnectionEnabled: false, browserName: chrome, chrome: {chromedriverVersion: 2.35.528161 (5b82f2d2aae0ca..., userDataDir: C:\Users\April\AppData\Loca...}, cssSelectorsEnabled: true, databaseEnabled: false, handlesAlerts: true, hasTouchScreen: false, javascriptEnabled: true, locationContextEnabled: true, mobileEmulationEnabled: false, nativeEvents: true, networkConnectionEnabled: false, pageLoadStrategy: normal, platform: XP, platformName: XP, rotatable: false, setWindowRect: true, takesHeapSnapshot: true, takesScreenshot: true, unexpectedAlertBehaviour: , unhandledPromptBehavior: , version: 78.0.3904.108, webStorageEnabled: true}
Session ID: cfe3a530f1bc406e2ea68220d7af8649)

2019-11-25 09:51:45 - [MESSAGE][FAILED] - Unable to upload file 'C:\\Users\\Arcadier\\git\\Trillia\\Images\\Category\\6.png' to object 'Object Repository/ADMIN/Categories/Category/image_input image' (Root cause: org.openqa.selenium.WebDriverException: invalid argument: File not found : C:\\Users\\Arcadier\\git\\Trillia\\Images\\Category\\6.png
  (Session info: chrome=78.0.3904.108)
  (Driver info: chromedriver=2.35.528161 (5b82f2d2aae0ca24b877009200ced9065a772e73),platform=Windows NT 6.1.7601 SP1 x86_64) (WARNING: The server did not provide any stacktrace information)
Command duration or timeout: 0 milliseconds
Build info: version: '3.7.1', revision: '8a0099a', time: '2017-11-06T21:07:36.161Z'
System info: host: 'APRIL-PC', ip: '10.10.31.51', os.name: 'Windows 7', os.arch: 'amd64', os.version: '6.1', java.version: '1.8.0_102'
Driver info: com.kms.katalon.selenium.driver.CChromeDriver
Capabilities {acceptInsecureCerts: false, acceptSslCerts: false, applicationCacheEnabled: false, browserConnectionEnabled: false, browserName: chrome, chrome: {chromedriverVersion: 2.35.528161 (5b82f2d2aae0ca..., userDataDir: C:\Users\April\AppData\Loca...}, cssSelectorsEnabled: true, databaseEnabled: false, handlesAlerts: true, hasTouchScreen: false, javascriptEnabled: true, locationContextEnabled: true, mobileEmulationEnabled: false, nativeEvents: true, networkConnectionEnabled: false, pageLoadStrategy: normal, platform: XP, platformName: XP, rotatable: false, setWindowRect: true, takesHeapSnapshot: true, takesScreenshot: true, unexpectedAlertBehaviour: , unhandledPromptBehavior: , version: 78.0.3904.108, webStorageEnabled: true}
Session ID: cfe3a530f1bc406e2ea68220d7af8649)
[[ATTACHMENT|C:\\Users\\April\\git\\Trillia\\Reports\\Admin\\Categories\\Add Category\\20191125_093242\\1574646705280.png]]

2019-11-25 09:51:45 - [TEST_STEP][PASSED] - waitForElementVisible: Object 'Object Repository/ADMIN/Categories/Category/button_upload check' is visible

2019-11-25 09:51:45 - [MESSAGE][WARNING] - Timeout '0' is invalid. Using default page load timeout: '30'

2019-11-25 09:51:49 - [MESSAGE][PASSED] - Object 'Object Repository/ADMIN/Categories/Category/button_upload check' is visible

2019-11-25 09:51:49 - [TEST_STEP][PASSED] - click: Object: 'Object Repository/ADMIN/Categories/Category/button_upload check' is clicked on

2019-11-25 09:51:49 - [MESSAGE][PASSED] - Object: 'Object Repository/ADMIN/Categories/Category/button_upload check' is clicked on

2019-11-25 09:51:49 - [TEST_STEP][PASSED] - waitForElementVisible: Object 'Object Repository/ADMIN/Categories/Category/button_upload save' is visible

2019-11-25 09:51:49 - [MESSAGE][WARNING] - Timeout '0' is invalid. Using default page load timeout: '30'

2019-11-25 09:51:49 - [MESSAGE][PASSED] - Object 'Object Repository/ADMIN/Categories/Category/button_upload save' is visible

2019-11-25 09:51:49 - [TEST_STEP][PASSED] - click: Object: 'Object Repository/ADMIN/Categories/Category/button_upload save' is clicked on

2019-11-25 09:51:49 - [MESSAGE][PASSED] - Object: 'Object Repository/ADMIN/Categories/Category/button_upload save' is clicked on

2019-11-25 09:51:49 - [TEST_STEP][PASSED] - delay: Delayed 1 second(s)

2019-11-25 09:51:50 - [MESSAGE][PASSED] - Delayed 1 second(s)

2019-11-25 09:51:50 - [TEST_STEP][PASSED] - setText: Text 'Description57' is set on object 'Object Repository/ADMIN/Categories/Category/textfield_category_description'

2019-11-25 09:51:50 - [MESSAGE][PASSED] - Text 'Description57' is set on object 'Object Repository/ADMIN/Categories/Category/textfield_category_description'

2019-11-25 09:51:50 - [TEST_STEP][PASSED] - click: Object: 'Object Repository/ADMIN/Categories/Category/button_Save' is clicked on

2019-11-25 09:51:50 - [MESSAGE][PASSED] - Object: 'Object Repository/ADMIN/Categories/Category/button_Save' is clicked on

2019-11-25 09:51:50 - [TEST_STEP][PASSED] - waitForElementVisible: Object 'Object Repository/ADMIN/Categories/Category/label_edit popup' is visible

2019-11-25 09:51:50 - [MESSAGE][WARNING] - Timeout '0' is invalid. Using default page load timeout: '30'

2019-11-25 09:51:51 - [MESSAGE][PASSED] - Object 'Object Repository/ADMIN/Categories/Category/label_edit popup' is visible

2019-11-25 09:51:51 - [TEST_STEP][PASSED] - waitForElementNotPresent: Web element with id: 'Object Repository/ADMIN/Categories/Category/label_edit popup' located by 'By.xpath: //div[(text() = 'Category was successfully saved.' or . = 'Category was successfully saved.')]' is not present after '30' second(s)

2019-11-25 09:51:51 - [MESSAGE][WARNING] - Timeout '0' is invalid. Using default page load timeout: '30'

2019-11-25 09:51:57 - [MESSAGE][PASSED] - Web element with id: 'Object Repository/ADMIN/Categories/Category/label_edit popup' located by 'By.xpath: //div[(text() = 'Category was successfully saved.' or . = 'Category was successfully saved.')]' is not present after '30' second(s)]]></system-out>
         <system-err><![CDATA[2019-11-25 09:51:38 - [TEST_CASE][FAILED] - Test Cases/ADMIN/Content Mgmt/Categories/Category Add-Edit/Add Category: Test Cases/ADMIN/Content Mgmt/Categories/Category Add-Edit/Add Category FAILED because (of) Unable to click on object 'Object Repository/ADMIN/Categories/Category List/button_Categories' (Root cause: org.openqa.selenium.ElementNotVisibleException: element not visible
  (Session info: chrome=78.0.3904.108)
  (Driver info: chromedriver=2.35.528161 (5b82f2d2aae0ca24b877009200ced9065a772e73),platform=Windows NT 6.1.7601 SP1 x86_64) (WARNING: The server did not provide any stacktrace information)
Command duration or timeout: 0 milliseconds
Build info: version: '3.7.1', revision: '8a0099a', time: '2017-11-06T21:07:36.161Z'
System info: host: 'APRIL-PC', ip: '10.10.31.51', os.name: 'Windows 7', os.arch: 'amd64', os.version: '6.1', java.version: '1.8.0_102'
Driver info: com.kms.katalon.selenium.driver.CChromeDriver
Capabilities {acceptInsecureCerts: false, acceptSslCerts: false, applicationCacheEnabled: false, browserConnectionEnabled: false, browserName: chrome, chrome: {chromedriverVersion: 2.35.528161 (5b82f2d2aae0ca..., userDataDir: C:\Users\April\AppData\Loca...}, cssSelectorsEnabled: true, databaseEnabled: false, handlesAlerts: true, hasTouchScreen: false, javascriptEnabled: true, locationContextEnabled: true, mobileEmulationEnabled: false, nativeEvents: true, networkConnectionEnabled: false, pageLoadStrategy: normal, platform: XP, platformName: XP, rotatable: false, setWindowRect: true, takesHeapSnapshot: true, takesScreenshot: true, unexpectedAlertBehaviour: , unhandledPromptBehavior: , version: 78.0.3904.108, webStorageEnabled: true}
Session ID: cfe3a530f1bc406e2ea68220d7af8649)]]></system-err>
      </testcase>
      <testcase name="Test Cases/ADMIN/Content Mgmt/Categories/Category Add-Edit/Add Category" classname="Test Cases/ADMIN/Content Mgmt/Categories/Category Add-Edit/Add Category" status="FAILED">
         <failure type="FAILED" message="Unable to upload file 'C:\\Users\\Arcadier\\git\\Trillia\\Images\\Category\\6.png' to object 'Object Repository/ADMIN/Categories/Category/image_input image' (Root cause: org.openqa.selenium.WebDriverException: invalid argument: File not found : C:\\Users\\Arcadier\\git\\Trillia\\Images\\Category\\6.png
  (Session info: chrome=78.0.3904.108)
  (Driver info: chromedriver=2.35.528161 (5b82f2d2aae0ca24b877009200ced9065a772e73),platform=Windows NT 6.1.7601 SP1 x86_64) (WARNING: The server did not provide any stacktrace information)
Command duration or timeout: 0 milliseconds
Build info: version: '3.7.1', revision: '8a0099a', time: '2017-11-06T21:07:36.161Z'
System info: host: 'APRIL-PC', ip: '10.10.31.51', os.name: 'Windows 7', os.arch: 'amd64', os.version: '6.1', java.version: '1.8.0_102'
Driver info: com.kms.katalon.selenium.driver.CChromeDriver
Capabilities {acceptInsecureCerts: false, acceptSslCerts: false, applicationCacheEnabled: false, browserConnectionEnabled: false, browserName: chrome, chrome: {chromedriverVersion: 2.35.528161 (5b82f2d2aae0ca..., userDataDir: C:\Users\April\AppData\Loca...}, cssSelectorsEnabled: true, databaseEnabled: false, handlesAlerts: true, hasTouchScreen: false, javascriptEnabled: true, locationContextEnabled: true, mobileEmulationEnabled: false, nativeEvents: true, networkConnectionEnabled: false, pageLoadStrategy: normal, platform: XP, platformName: XP, rotatable: false, setWindowRect: true, takesHeapSnapshot: true, takesScreenshot: true, unexpectedAlertBehaviour: , unhandledPromptBehavior: , version: 78.0.3904.108, webStorageEnabled: true}
Session ID: cfe3a530f1bc406e2ea68220d7af8649)"/>
         <system-out><![CDATA[2019-11-25 09:51:57 - [TEST_CASE][FAILED] - Test Cases/ADMIN/Content Mgmt/Categories/Category Add-Edit/Add Category: Test Cases/ADMIN/Content Mgmt/Categories/Category Add-Edit/Add Category FAILED because (of) Unable to upload file 'C:\\Users\\Arcadier\\git\\Trillia\\Images\\Category\\6.png' to object 'Object Repository/ADMIN/Categories/Category/image_input image' (Root cause: org.openqa.selenium.WebDriverException: invalid argument: File not found : C:\\Users\\Arcadier\\git\\Trillia\\Images\\Category\\6.png
  (Session info: chrome=78.0.3904.108)
  (Driver info: chromedriver=2.35.528161 (5b82f2d2aae0ca24b877009200ced9065a772e73),platform=Windows NT 6.1.7601 SP1 x86_64) (WARNING: The server did not provide any stacktrace information)
Command duration or timeout: 0 milliseconds
Build info: version: '3.7.1', revision: '8a0099a', time: '2017-11-06T21:07:36.161Z'
System info: host: 'APRIL-PC', ip: '10.10.31.51', os.name: 'Windows 7', os.arch: 'amd64', os.version: '6.1', java.version: '1.8.0_102'
Driver info: com.kms.katalon.selenium.driver.CChromeDriver
Capabilities {acceptInsecureCerts: false, acceptSslCerts: false, applicationCacheEnabled: false, browserConnectionEnabled: false, browserName: chrome, chrome: {chromedriverVersion: 2.35.528161 (5b82f2d2aae0ca..., userDataDir: C:\Users\April\AppData\Loca...}, cssSelectorsEnabled: true, databaseEnabled: false, handlesAlerts: true, hasTouchScreen: false, javascriptEnabled: true, locationContextEnabled: true, mobileEmulationEnabled: false, nativeEvents: true, networkConnectionEnabled: false, pageLoadStrategy: normal, platform: XP, platformName: XP, rotatable: false, setWindowRect: true, takesHeapSnapshot: true, takesScreenshot: true, unexpectedAlertBehaviour: , unhandledPromptBehavior: , version: 78.0.3904.108, webStorageEnabled: true}
Session ID: cfe3a530f1bc406e2ea68220d7af8649)

2019-11-25 09:51:57 - [TEST_STEP][PASSED] - waitForElementVisible: Object 'Object Repository/ADMIN/Categories/Category List/button_Content Mgmt' is visible

2019-11-25 09:51:57 - [MESSAGE][WARNING] - Timeout '0' is invalid. Using default page load timeout: '30'

2019-11-25 09:51:57 - [MESSAGE][PASSED] - Object 'Object Repository/ADMIN/Categories/Category List/button_Content Mgmt' is visible

2019-11-25 09:51:57 - [TEST_STEP][PASSED] - click: Object: 'Object Repository/ADMIN/Categories/Category List/button_Content Mgmt' is clicked on

2019-11-25 09:51:57 - [MESSAGE][PASSED] - Object: 'Object Repository/ADMIN/Categories/Category List/button_Content Mgmt' is clicked on

2019-11-25 09:51:57 - [TEST_STEP][PASSED] - waitForElementVisible: Object 'Object Repository/ADMIN/Categories/Category List/button_Categories' is visible

2019-11-25 09:51:57 - [MESSAGE][WARNING] - Timeout '0' is invalid. Using default page load timeout: '30'

2019-11-25 09:51:57 - [MESSAGE][PASSED] - Object 'Object Repository/ADMIN/Categories/Category List/button_Categories' is visible

2019-11-25 09:51:57 - [TEST_STEP][PASSED] - click: Object: 'Object Repository/ADMIN/Categories/Category List/button_Categories' is clicked on

2019-11-25 09:51:58 - [MESSAGE][PASSED] - Object: 'Object Repository/ADMIN/Categories/Category List/button_Categories' is clicked on

2019-11-25 09:51:58 - [TEST_STEP][PASSED] - click: Object: 'Object Repository/ADMIN/Categories/Category List/button_AddACategory' is clicked on

2019-11-25 09:51:58 - [MESSAGE][PASSED] - Object: 'Object Repository/ADMIN/Categories/Category List/button_AddACategory' is clicked on

2019-11-25 09:51:58 - [TEST_STEP][PASSED] - waitForElementPresent: Object 'Object Repository/ADMIN/Categories/Category/dropdown_Parent' is present

2019-11-25 09:51:58 - [MESSAGE][PASSED] - Object 'Object Repository/ADMIN/Categories/Category/dropdown_Parent' is present

2019-11-25 09:51:58 - [TEST_STEP][PASSED] - delay: Delayed 1 second(s)

2019-11-25 09:51:59 - [MESSAGE][PASSED] - Delayed 1 second(s)

2019-11-25 09:51:59 - [TEST_STEP][PASSED] - setText: Text 'Category 6.1.1.1.1' is set on object 'Object Repository/ADMIN/Categories/Category/textfield_Category Name'

2019-11-25 09:51:59 - [MESSAGE][PASSED] - Text 'Category 6.1.1.1.1' is set on object 'Object Repository/ADMIN/Categories/Category/textfield_Category Name'

2019-11-25 09:51:59 - [TEST_STEP][PASSED] - click: Object: 'Object Repository/ADMIN/Categories/Category/dropdown_Parent' is clicked on

2019-11-25 09:51:59 - [MESSAGE][PASSED] - Object: 'Object Repository/ADMIN/Categories/Category/dropdown_Parent' is clicked on

2019-11-25 09:51:59 - [TEST_STEP][PASSED] - delay: Delayed 2 second(s)

2019-11-25 09:52:02 - [MESSAGE][PASSED] - Delayed 2 second(s)

2019-11-25 09:52:02 - [TEST_STEP][PASSED] - click: Object: 'Object Repository/ADMIN/Categories/Category/dropdown_Parent' is clicked on

2019-11-25 09:52:02 - [MESSAGE][PASSED] - Object: 'Object Repository/ADMIN/Categories/Category/dropdown_Parent' is clicked on

2019-11-25 09:52:02 - [TEST_STEP][PASSED] - selectOptionByLabel: All options with label 'Category 6.1.1.1' are selected in object 'Object Repository/ADMIN/Categories/Category/dropdown_Parent' 

2019-11-25 09:52:02 - [MESSAGE][PASSED] - All options with label 'Category 6.1.1.1' are selected in object 'Object Repository/ADMIN/Categories/Category/dropdown_Parent' 

2019-11-25 09:52:02 - [TEST_STEP][PASSED] - click: Object: 'Object Repository/ADMIN/Categories/Category/button_Browse' is clicked on

2019-11-25 09:52:02 - [MESSAGE][PASSED] - Object: 'Object Repository/ADMIN/Categories/Category/button_Browse' is clicked on

2019-11-25 09:52:02 - [TEST_STEP][PASSED] - delay: Delayed 1 second(s)

2019-11-25 09:52:03 - [MESSAGE][PASSED] - Delayed 1 second(s)

2019-11-25 09:52:03 - [TEST_STEP][FAILED] - uploadFile: Unable to upload file 'C:\\Users\\Arcadier\\git\\Trillia\\Images\\Category\\6.png' to object 'Object Repository/ADMIN/Categories/Category/image_input image' (Root cause: org.openqa.selenium.WebDriverException: invalid argument: File not found : C:\\Users\\Arcadier\\git\\Trillia\\Images\\Category\\6.png
  (Session info: chrome=78.0.3904.108)
  (Driver info: chromedriver=2.35.528161 (5b82f2d2aae0ca24b877009200ced9065a772e73),platform=Windows NT 6.1.7601 SP1 x86_64) (WARNING: The server did not provide any stacktrace information)
Command duration or timeout: 0 milliseconds
Build info: version: '3.7.1', revision: '8a0099a', time: '2017-11-06T21:07:36.161Z'
System info: host: 'APRIL-PC', ip: '10.10.31.51', os.name: 'Windows 7', os.arch: 'amd64', os.version: '6.1', java.version: '1.8.0_102'
Driver info: com.kms.katalon.selenium.driver.CChromeDriver
Capabilities {acceptInsecureCerts: false, acceptSslCerts: false, applicationCacheEnabled: false, browserConnectionEnabled: false, browserName: chrome, chrome: {chromedriverVersion: 2.35.528161 (5b82f2d2aae0ca..., userDataDir: C:\Users\April\AppData\Loca...}, cssSelectorsEnabled: true, databaseEnabled: false, handlesAlerts: true, hasTouchScreen: false, javascriptEnabled: true, locationContextEnabled: true, mobileEmulationEnabled: false, nativeEvents: true, networkConnectionEnabled: false, pageLoadStrategy: normal, platform: XP, platformName: XP, rotatable: false, setWindowRect: true, takesHeapSnapshot: true, takesScreenshot: true, unexpectedAlertBehaviour: , unhandledPromptBehavior: , version: 78.0.3904.108, webStorageEnabled: true}
Session ID: cfe3a530f1bc406e2ea68220d7af8649)

2019-11-25 09:52:04 - [MESSAGE][FAILED] - Unable to upload file 'C:\\Users\\Arcadier\\git\\Trillia\\Images\\Category\\6.png' to object 'Object Repository/ADMIN/Categories/Category/image_input image' (Root cause: org.openqa.selenium.WebDriverException: invalid argument: File not found : C:\\Users\\Arcadier\\git\\Trillia\\Images\\Category\\6.png
  (Session info: chrome=78.0.3904.108)
  (Driver info: chromedriver=2.35.528161 (5b82f2d2aae0ca24b877009200ced9065a772e73),platform=Windows NT 6.1.7601 SP1 x86_64) (WARNING: The server did not provide any stacktrace information)
Command duration or timeout: 0 milliseconds
Build info: version: '3.7.1', revision: '8a0099a', time: '2017-11-06T21:07:36.161Z'
System info: host: 'APRIL-PC', ip: '10.10.31.51', os.name: 'Windows 7', os.arch: 'amd64', os.version: '6.1', java.version: '1.8.0_102'
Driver info: com.kms.katalon.selenium.driver.CChromeDriver
Capabilities {acceptInsecureCerts: false, acceptSslCerts: false, applicationCacheEnabled: false, browserConnectionEnabled: false, browserName: chrome, chrome: {chromedriverVersion: 2.35.528161 (5b82f2d2aae0ca..., userDataDir: C:\Users\April\AppData\Loca...}, cssSelectorsEnabled: true, databaseEnabled: false, handlesAlerts: true, hasTouchScreen: false, javascriptEnabled: true, locationContextEnabled: true, mobileEmulationEnabled: false, nativeEvents: true, networkConnectionEnabled: false, pageLoadStrategy: normal, platform: XP, platformName: XP, rotatable: false, setWindowRect: true, takesHeapSnapshot: true, takesScreenshot: true, unexpectedAlertBehaviour: , unhandledPromptBehavior: , version: 78.0.3904.108, webStorageEnabled: true}
Session ID: cfe3a530f1bc406e2ea68220d7af8649)
[[ATTACHMENT|C:\\Users\\April\\git\\Trillia\\Reports\\Admin\\Categories\\Add Category\\20191125_093242\\1574646723916.png]]

2019-11-25 09:52:04 - [TEST_STEP][PASSED] - waitForElementVisible: Object 'Object Repository/ADMIN/Categories/Category/button_upload check' is visible

2019-11-25 09:52:04 - [MESSAGE][WARNING] - Timeout '0' is invalid. Using default page load timeout: '30'

2019-11-25 09:52:09 - [MESSAGE][PASSED] - Object 'Object Repository/ADMIN/Categories/Category/button_upload check' is visible

2019-11-25 09:52:09 - [TEST_STEP][PASSED] - click: Object: 'Object Repository/ADMIN/Categories/Category/button_upload check' is clicked on

2019-11-25 09:52:09 - [MESSAGE][PASSED] - Object: 'Object Repository/ADMIN/Categories/Category/button_upload check' is clicked on

2019-11-25 09:52:09 - [TEST_STEP][PASSED] - waitForElementVisible: Object 'Object Repository/ADMIN/Categories/Category/button_upload save' is visible

2019-11-25 09:52:09 - [MESSAGE][WARNING] - Timeout '0' is invalid. Using default page load timeout: '30'

2019-11-25 09:52:10 - [MESSAGE][PASSED] - Object 'Object Repository/ADMIN/Categories/Category/button_upload save' is visible

2019-11-25 09:52:10 - [TEST_STEP][PASSED] - click: Object: 'Object Repository/ADMIN/Categories/Category/button_upload save' is clicked on

2019-11-25 09:52:10 - [MESSAGE][PASSED] - Object: 'Object Repository/ADMIN/Categories/Category/button_upload save' is clicked on

2019-11-25 09:52:10 - [TEST_STEP][PASSED] - delay: Delayed 1 second(s)

2019-11-25 09:52:11 - [MESSAGE][PASSED] - Delayed 1 second(s)

2019-11-25 09:52:11 - [TEST_STEP][PASSED] - setText: Text 'Description58' is set on object 'Object Repository/ADMIN/Categories/Category/textfield_category_description'

2019-11-25 09:52:11 - [MESSAGE][PASSED] - Text 'Description58' is set on object 'Object Repository/ADMIN/Categories/Category/textfield_category_description'

2019-11-25 09:52:11 - [TEST_STEP][PASSED] - click: Object: 'Object Repository/ADMIN/Categories/Category/button_Save' is clicked on

2019-11-25 09:52:11 - [MESSAGE][PASSED] - Object: 'Object Repository/ADMIN/Categories/Category/button_Save' is clicked on

2019-11-25 09:52:11 - [TEST_STEP][PASSED] - waitForElementVisible: Object 'Object Repository/ADMIN/Categories/Category/label_edit popup' is visible

2019-11-25 09:52:11 - [MESSAGE][WARNING] - Timeout '0' is invalid. Using default page load timeout: '30'

2019-11-25 09:52:11 - [MESSAGE][PASSED] - Object 'Object Repository/ADMIN/Categories/Category/label_edit popup' is visible

2019-11-25 09:52:11 - [TEST_STEP][PASSED] - waitForElementNotPresent: Web element with id: 'Object Repository/ADMIN/Categories/Category/label_edit popup' located by 'By.xpath: //div[(text() = 'Category was successfully saved.' or . = 'Category was successfully saved.')]' is not present after '30' second(s)

2019-11-25 09:52:11 - [MESSAGE][WARNING] - Timeout '0' is invalid. Using default page load timeout: '30'

2019-11-25 09:52:17 - [MESSAGE][PASSED] - Web element with id: 'Object Repository/ADMIN/Categories/Category/label_edit popup' located by 'By.xpath: //div[(text() = 'Category was successfully saved.' or . = 'Category was successfully saved.')]' is not present after '30' second(s)]]></system-out>
         <system-err><![CDATA[2019-11-25 09:51:57 - [TEST_CASE][FAILED] - Test Cases/ADMIN/Content Mgmt/Categories/Category Add-Edit/Add Category: Test Cases/ADMIN/Content Mgmt/Categories/Category Add-Edit/Add Category FAILED because (of) Unable to upload file 'C:\\Users\\Arcadier\\git\\Trillia\\Images\\Category\\6.png' to object 'Object Repository/ADMIN/Categories/Category/image_input image' (Root cause: org.openqa.selenium.WebDriverException: invalid argument: File not found : C:\\Users\\Arcadier\\git\\Trillia\\Images\\Category\\6.png
  (Session info: chrome=78.0.3904.108)
  (Driver info: chromedriver=2.35.528161 (5b82f2d2aae0ca24b877009200ced9065a772e73),platform=Windows NT 6.1.7601 SP1 x86_64) (WARNING: The server did not provide any stacktrace information)
Command duration or timeout: 0 milliseconds
Build info: version: '3.7.1', revision: '8a0099a', time: '2017-11-06T21:07:36.161Z'
System info: host: 'APRIL-PC', ip: '10.10.31.51', os.name: 'Windows 7', os.arch: 'amd64', os.version: '6.1', java.version: '1.8.0_102'
Driver info: com.kms.katalon.selenium.driver.CChromeDriver
Capabilities {acceptInsecureCerts: false, acceptSslCerts: false, applicationCacheEnabled: false, browserConnectionEnabled: false, browserName: chrome, chrome: {chromedriverVersion: 2.35.528161 (5b82f2d2aae0ca..., userDataDir: C:\Users\April\AppData\Loca...}, cssSelectorsEnabled: true, databaseEnabled: false, handlesAlerts: true, hasTouchScreen: false, javascriptEnabled: true, locationContextEnabled: true, mobileEmulationEnabled: false, nativeEvents: true, networkConnectionEnabled: false, pageLoadStrategy: normal, platform: XP, platformName: XP, rotatable: false, setWindowRect: true, takesHeapSnapshot: true, takesScreenshot: true, unexpectedAlertBehaviour: , unhandledPromptBehavior: , version: 78.0.3904.108, webStorageEnabled: true}
Session ID: cfe3a530f1bc406e2ea68220d7af8649)]]></system-err>
      </testcase>
      <testcase name="Test Cases/ADMIN/Content Mgmt/Categories/Category Add-Edit/Add Category" classname="Test Cases/ADMIN/Content Mgmt/Categories/Category Add-Edit/Add Category" status="FAILED">
         <failure type="FAILED" message="Unable to click on object 'Object Repository/ADMIN/Categories/Category List/button_Categories' (Root cause: org.openqa.selenium.ElementNotVisibleException: element not visible
  (Session info: chrome=78.0.3904.108)
  (Driver info: chromedriver=2.35.528161 (5b82f2d2aae0ca24b877009200ced9065a772e73),platform=Windows NT 6.1.7601 SP1 x86_64) (WARNING: The server did not provide any stacktrace information)
Command duration or timeout: 0 milliseconds
Build info: version: '3.7.1', revision: '8a0099a', time: '2017-11-06T21:07:36.161Z'
System info: host: 'APRIL-PC', ip: '10.10.31.51', os.name: 'Windows 7', os.arch: 'amd64', os.version: '6.1', java.version: '1.8.0_102'
Driver info: com.kms.katalon.selenium.driver.CChromeDriver
Capabilities {acceptInsecureCerts: false, acceptSslCerts: false, applicationCacheEnabled: false, browserConnectionEnabled: false, browserName: chrome, chrome: {chromedriverVersion: 2.35.528161 (5b82f2d2aae0ca..., userDataDir: C:\Users\April\AppData\Loca...}, cssSelectorsEnabled: true, databaseEnabled: false, handlesAlerts: true, hasTouchScreen: false, javascriptEnabled: true, locationContextEnabled: true, mobileEmulationEnabled: false, nativeEvents: true, networkConnectionEnabled: false, pageLoadStrategy: normal, platform: XP, platformName: XP, rotatable: false, setWindowRect: true, takesHeapSnapshot: true, takesScreenshot: true, unexpectedAlertBehaviour: , unhandledPromptBehavior: , version: 78.0.3904.108, webStorageEnabled: true}
Session ID: cfe3a530f1bc406e2ea68220d7af8649)"/>
         <system-out><![CDATA[2019-11-25 09:52:17 - [TEST_CASE][FAILED] - Test Cases/ADMIN/Content Mgmt/Categories/Category Add-Edit/Add Category: Test Cases/ADMIN/Content Mgmt/Categories/Category Add-Edit/Add Category FAILED because (of) Unable to click on object 'Object Repository/ADMIN/Categories/Category List/button_Categories' (Root cause: org.openqa.selenium.ElementNotVisibleException: element not visible
  (Session info: chrome=78.0.3904.108)
  (Driver info: chromedriver=2.35.528161 (5b82f2d2aae0ca24b877009200ced9065a772e73),platform=Windows NT 6.1.7601 SP1 x86_64) (WARNING: The server did not provide any stacktrace information)
Command duration or timeout: 0 milliseconds
Build info: version: '3.7.1', revision: '8a0099a', time: '2017-11-06T21:07:36.161Z'
System info: host: 'APRIL-PC', ip: '10.10.31.51', os.name: 'Windows 7', os.arch: 'amd64', os.version: '6.1', java.version: '1.8.0_102'
Driver info: com.kms.katalon.selenium.driver.CChromeDriver
Capabilities {acceptInsecureCerts: false, acceptSslCerts: false, applicationCacheEnabled: false, browserConnectionEnabled: false, browserName: chrome, chrome: {chromedriverVersion: 2.35.528161 (5b82f2d2aae0ca..., userDataDir: C:\Users\April\AppData\Loca...}, cssSelectorsEnabled: true, databaseEnabled: false, handlesAlerts: true, hasTouchScreen: false, javascriptEnabled: true, locationContextEnabled: true, mobileEmulationEnabled: false, nativeEvents: true, networkConnectionEnabled: false, pageLoadStrategy: normal, platform: XP, platformName: XP, rotatable: false, setWindowRect: true, takesHeapSnapshot: true, takesScreenshot: true, unexpectedAlertBehaviour: , unhandledPromptBehavior: , version: 78.0.3904.108, webStorageEnabled: true}
Session ID: cfe3a530f1bc406e2ea68220d7af8649)

2019-11-25 09:52:17 - [TEST_STEP][PASSED] - waitForElementVisible: Object 'Object Repository/ADMIN/Categories/Category List/button_Content Mgmt' is visible

2019-11-25 09:52:17 - [MESSAGE][WARNING] - Timeout '0' is invalid. Using default page load timeout: '30'

2019-11-25 09:52:17 - [MESSAGE][PASSED] - Object 'Object Repository/ADMIN/Categories/Category List/button_Content Mgmt' is visible

2019-11-25 09:52:17 - [TEST_STEP][PASSED] - click: Object: 'Object Repository/ADMIN/Categories/Category List/button_Content Mgmt' is clicked on

2019-11-25 09:52:17 - [MESSAGE][PASSED] - Object: 'Object Repository/ADMIN/Categories/Category List/button_Content Mgmt' is clicked on

2019-11-25 09:52:17 - [TEST_STEP][PASSED] - waitForElementVisible: Object 'Object Repository/ADMIN/Categories/Category List/button_Categories' is visible

2019-11-25 09:52:17 - [MESSAGE][WARNING] - Timeout '0' is invalid. Using default page load timeout: '30'

2019-11-25 09:52:17 - [MESSAGE][PASSED] - Object 'Object Repository/ADMIN/Categories/Category List/button_Categories' is visible

2019-11-25 09:52:17 - [TEST_STEP][FAILED] - click: Unable to click on object 'Object Repository/ADMIN/Categories/Category List/button_Categories' (Root cause: org.openqa.selenium.ElementNotVisibleException: element not visible
  (Session info: chrome=78.0.3904.108)
  (Driver info: chromedriver=2.35.528161 (5b82f2d2aae0ca24b877009200ced9065a772e73),platform=Windows NT 6.1.7601 SP1 x86_64) (WARNING: The server did not provide any stacktrace information)
Command duration or timeout: 0 milliseconds
Build info: version: '3.7.1', revision: '8a0099a', time: '2017-11-06T21:07:36.161Z'
System info: host: 'APRIL-PC', ip: '10.10.31.51', os.name: 'Windows 7', os.arch: 'amd64', os.version: '6.1', java.version: '1.8.0_102'
Driver info: com.kms.katalon.selenium.driver.CChromeDriver
Capabilities {acceptInsecureCerts: false, acceptSslCerts: false, applicationCacheEnabled: false, browserConnectionEnabled: false, browserName: chrome, chrome: {chromedriverVersion: 2.35.528161 (5b82f2d2aae0ca..., userDataDir: C:\Users\April\AppData\Loca...}, cssSelectorsEnabled: true, databaseEnabled: false, handlesAlerts: true, hasTouchScreen: false, javascriptEnabled: true, locationContextEnabled: true, mobileEmulationEnabled: false, nativeEvents: true, networkConnectionEnabled: false, pageLoadStrategy: normal, platform: XP, platformName: XP, rotatable: false, setWindowRect: true, takesHeapSnapshot: true, takesScreenshot: true, unexpectedAlertBehaviour: , unhandledPromptBehavior: , version: 78.0.3904.108, webStorageEnabled: true}
Session ID: cfe3a530f1bc406e2ea68220d7af8649)

2019-11-25 09:52:18 - [MESSAGE][FAILED] - Unable to click on object 'Object Repository/ADMIN/Categories/Category List/button_Categories' (Root cause: org.openqa.selenium.ElementNotVisibleException: element not visible
  (Session info: chrome=78.0.3904.108)
  (Driver info: chromedriver=2.35.528161 (5b82f2d2aae0ca24b877009200ced9065a772e73),platform=Windows NT 6.1.7601 SP1 x86_64) (WARNING: The server did not provide any stacktrace information)
Command duration or timeout: 0 milliseconds
Build info: version: '3.7.1', revision: '8a0099a', time: '2017-11-06T21:07:36.161Z'
System info: host: 'APRIL-PC', ip: '10.10.31.51', os.name: 'Windows 7', os.arch: 'amd64', os.version: '6.1', java.version: '1.8.0_102'
Driver info: com.kms.katalon.selenium.driver.CChromeDriver
Capabilities {acceptInsecureCerts: false, acceptSslCerts: false, applicationCacheEnabled: false, browserConnectionEnabled: false, browserName: chrome, chrome: {chromedriverVersion: 2.35.528161 (5b82f2d2aae0ca..., userDataDir: C:\Users\April\AppData\Loca...}, cssSelectorsEnabled: true, databaseEnabled: false, handlesAlerts: true, hasTouchScreen: false, javascriptEnabled: true, locationContextEnabled: true, mobileEmulationEnabled: false, nativeEvents: true, networkConnectionEnabled: false, pageLoadStrategy: normal, platform: XP, platformName: XP, rotatable: false, setWindowRect: true, takesHeapSnapshot: true, takesScreenshot: true, unexpectedAlertBehaviour: , unhandledPromptBehavior: , version: 78.0.3904.108, webStorageEnabled: true}
Session ID: cfe3a530f1bc406e2ea68220d7af8649)
[[ATTACHMENT|C:\\Users\\April\\git\\Trillia\\Reports\\Admin\\Categories\\Add Category\\20191125_093242\\1574646737901.png]]

2019-11-25 09:52:18 - [TEST_STEP][PASSED] - click: Object: 'Object Repository/ADMIN/Categories/Category List/button_AddACategory' is clicked on

2019-11-25 09:52:18 - [MESSAGE][PASSED] - Object: 'Object Repository/ADMIN/Categories/Category List/button_AddACategory' is clicked on

2019-11-25 09:52:18 - [TEST_STEP][PASSED] - waitForElementPresent: Object 'Object Repository/ADMIN/Categories/Category/dropdown_Parent' is present

2019-11-25 09:52:18 - [MESSAGE][PASSED] - Object 'Object Repository/ADMIN/Categories/Category/dropdown_Parent' is present

2019-11-25 09:52:18 - [TEST_STEP][PASSED] - delay: Delayed 1 second(s)

2019-11-25 09:52:19 - [MESSAGE][PASSED] - Delayed 1 second(s)

2019-11-25 09:52:19 - [TEST_STEP][PASSED] - setText: Text 'Category 6.1.1.1.1.1' is set on object 'Object Repository/ADMIN/Categories/Category/textfield_Category Name'

2019-11-25 09:52:19 - [MESSAGE][PASSED] - Text 'Category 6.1.1.1.1.1' is set on object 'Object Repository/ADMIN/Categories/Category/textfield_Category Name'

2019-11-25 09:52:19 - [TEST_STEP][PASSED] - click: Object: 'Object Repository/ADMIN/Categories/Category/dropdown_Parent' is clicked on

2019-11-25 09:52:19 - [MESSAGE][PASSED] - Object: 'Object Repository/ADMIN/Categories/Category/dropdown_Parent' is clicked on

2019-11-25 09:52:21 - [TEST_STEP][PASSED] - delay: Delayed 2 second(s)

2019-11-25 09:52:23 - [MESSAGE][PASSED] - Delayed 2 second(s)

2019-11-25 09:52:23 - [TEST_STEP][PASSED] - click: Object: 'Object Repository/ADMIN/Categories/Category/dropdown_Parent' is clicked on

2019-11-25 09:52:23 - [MESSAGE][PASSED] - Object: 'Object Repository/ADMIN/Categories/Category/dropdown_Parent' is clicked on

2019-11-25 09:52:23 - [TEST_STEP][PASSED] - selectOptionByLabel: All options with label 'Category 6.1.1.1.1' are selected in object 'Object Repository/ADMIN/Categories/Category/dropdown_Parent' 

2019-11-25 09:52:23 - [MESSAGE][PASSED] - All options with label 'Category 6.1.1.1.1' are selected in object 'Object Repository/ADMIN/Categories/Category/dropdown_Parent' 

2019-11-25 09:52:23 - [TEST_STEP][PASSED] - click: Object: 'Object Repository/ADMIN/Categories/Category/button_Browse' is clicked on

2019-11-25 09:52:23 - [MESSAGE][PASSED] - Object: 'Object Repository/ADMIN/Categories/Category/button_Browse' is clicked on

2019-11-25 09:52:23 - [TEST_STEP][PASSED] - delay: Delayed 1 second(s)

2019-11-25 09:52:24 - [MESSAGE][PASSED] - Delayed 1 second(s)

2019-11-25 09:52:24 - [TEST_STEP][FAILED] - uploadFile: Unable to upload file 'C:\\Users\\Arcadier\\git\\Trillia\\Images\\Category\\6.png' to object 'Object Repository/ADMIN/Categories/Category/image_input image' (Root cause: org.openqa.selenium.WebDriverException: invalid argument: File not found : C:\\Users\\Arcadier\\git\\Trillia\\Images\\Category\\6.png
  (Session info: chrome=78.0.3904.108)
  (Driver info: chromedriver=2.35.528161 (5b82f2d2aae0ca24b877009200ced9065a772e73),platform=Windows NT 6.1.7601 SP1 x86_64) (WARNING: The server did not provide any stacktrace information)
Command duration or timeout: 0 milliseconds
Build info: version: '3.7.1', revision: '8a0099a', time: '2017-11-06T21:07:36.161Z'
System info: host: 'APRIL-PC', ip: '10.10.31.51', os.name: 'Windows 7', os.arch: 'amd64', os.version: '6.1', java.version: '1.8.0_102'
Driver info: com.kms.katalon.selenium.driver.CChromeDriver
Capabilities {acceptInsecureCerts: false, acceptSslCerts: false, applicationCacheEnabled: false, browserConnectionEnabled: false, browserName: chrome, chrome: {chromedriverVersion: 2.35.528161 (5b82f2d2aae0ca..., userDataDir: C:\Users\April\AppData\Loca...}, cssSelectorsEnabled: true, databaseEnabled: false, handlesAlerts: true, hasTouchScreen: false, javascriptEnabled: true, locationContextEnabled: true, mobileEmulationEnabled: false, nativeEvents: true, networkConnectionEnabled: false, pageLoadStrategy: normal, platform: XP, platformName: XP, rotatable: false, setWindowRect: true, takesHeapSnapshot: true, takesScreenshot: true, unexpectedAlertBehaviour: , unhandledPromptBehavior: , version: 78.0.3904.108, webStorageEnabled: true}
Session ID: cfe3a530f1bc406e2ea68220d7af8649)

2019-11-25 09:52:24 - [MESSAGE][FAILED] - Unable to upload file 'C:\\Users\\Arcadier\\git\\Trillia\\Images\\Category\\6.png' to object 'Object Repository/ADMIN/Categories/Category/image_input image' (Root cause: org.openqa.selenium.WebDriverException: invalid argument: File not found : C:\\Users\\Arcadier\\git\\Trillia\\Images\\Category\\6.png
  (Session info: chrome=78.0.3904.108)
  (Driver info: chromedriver=2.35.528161 (5b82f2d2aae0ca24b877009200ced9065a772e73),platform=Windows NT 6.1.7601 SP1 x86_64) (WARNING: The server did not provide any stacktrace information)
Command duration or timeout: 0 milliseconds
Build info: version: '3.7.1', revision: '8a0099a', time: '2017-11-06T21:07:36.161Z'
System info: host: 'APRIL-PC', ip: '10.10.31.51', os.name: 'Windows 7', os.arch: 'amd64', os.version: '6.1', java.version: '1.8.0_102'
Driver info: com.kms.katalon.selenium.driver.CChromeDriver
Capabilities {acceptInsecureCerts: false, acceptSslCerts: false, applicationCacheEnabled: false, browserConnectionEnabled: false, browserName: chrome, chrome: {chromedriverVersion: 2.35.528161 (5b82f2d2aae0ca..., userDataDir: C:\Users\April\AppData\Loca...}, cssSelectorsEnabled: true, databaseEnabled: false, handlesAlerts: true, hasTouchScreen: false, javascriptEnabled: true, locationContextEnabled: true, mobileEmulationEnabled: false, nativeEvents: true, networkConnectionEnabled: false, pageLoadStrategy: normal, platform: XP, platformName: XP, rotatable: false, setWindowRect: true, takesHeapSnapshot: true, takesScreenshot: true, unexpectedAlertBehaviour: , unhandledPromptBehavior: , version: 78.0.3904.108, webStorageEnabled: true}
Session ID: cfe3a530f1bc406e2ea68220d7af8649)
[[ATTACHMENT|C:\\Users\\April\\git\\Trillia\\Reports\\Admin\\Categories\\Add Category\\20191125_093242\\1574646744334.png]]

2019-11-25 09:52:24 - [TEST_STEP][PASSED] - waitForElementVisible: Object 'Object Repository/ADMIN/Categories/Category/button_upload check' is visible

2019-11-25 09:52:24 - [MESSAGE][WARNING] - Timeout '0' is invalid. Using default page load timeout: '30'

2019-11-25 09:52:29 - [MESSAGE][PASSED] - Object 'Object Repository/ADMIN/Categories/Category/button_upload check' is visible

2019-11-25 09:52:29 - [TEST_STEP][PASSED] - click: Object: 'Object Repository/ADMIN/Categories/Category/button_upload check' is clicked on

2019-11-25 09:52:29 - [MESSAGE][PASSED] - Object: 'Object Repository/ADMIN/Categories/Category/button_upload check' is clicked on

2019-11-25 09:52:29 - [TEST_STEP][PASSED] - waitForElementVisible: Object 'Object Repository/ADMIN/Categories/Category/button_upload save' is visible

2019-11-25 09:52:29 - [MESSAGE][WARNING] - Timeout '0' is invalid. Using default page load timeout: '30'

2019-11-25 09:52:29 - [MESSAGE][PASSED] - Object 'Object Repository/ADMIN/Categories/Category/button_upload save' is visible

2019-11-25 09:52:29 - [TEST_STEP][PASSED] - click: Object: 'Object Repository/ADMIN/Categories/Category/button_upload save' is clicked on

2019-11-25 09:52:30 - [MESSAGE][PASSED] - Object: 'Object Repository/ADMIN/Categories/Category/button_upload save' is clicked on

2019-11-25 09:52:30 - [TEST_STEP][PASSED] - delay: Delayed 1 second(s)

2019-11-25 09:52:31 - [MESSAGE][PASSED] - Delayed 1 second(s)

2019-11-25 09:52:31 - [TEST_STEP][PASSED] - setText: Text 'Description59' is set on object 'Object Repository/ADMIN/Categories/Category/textfield_category_description'

2019-11-25 09:52:31 - [MESSAGE][PASSED] - Text 'Description59' is set on object 'Object Repository/ADMIN/Categories/Category/textfield_category_description'

2019-11-25 09:52:31 - [TEST_STEP][PASSED] - click: Object: 'Object Repository/ADMIN/Categories/Category/button_Save' is clicked on

2019-11-25 09:52:31 - [MESSAGE][PASSED] - Object: 'Object Repository/ADMIN/Categories/Category/button_Save' is clicked on

2019-11-25 09:52:31 - [TEST_STEP][PASSED] - waitForElementVisible: Object 'Object Repository/ADMIN/Categories/Category/label_edit popup' is visible

2019-11-25 09:52:31 - [MESSAGE][WARNING] - Timeout '0' is invalid. Using default page load timeout: '30'

2019-11-25 09:52:32 - [MESSAGE][PASSED] - Object 'Object Repository/ADMIN/Categories/Category/label_edit popup' is visible

2019-11-25 09:52:32 - [TEST_STEP][PASSED] - waitForElementNotPresent: Web element with id: 'Object Repository/ADMIN/Categories/Category/label_edit popup' located by 'By.xpath: //div[(text() = 'Category was successfully saved.' or . = 'Category was successfully saved.')]' is not present after '30' second(s)

2019-11-25 09:52:32 - [MESSAGE][WARNING] - Timeout '0' is invalid. Using default page load timeout: '30'

2019-11-25 09:52:37 - [MESSAGE][PASSED] - Web element with id: 'Object Repository/ADMIN/Categories/Category/label_edit popup' located by 'By.xpath: //div[(text() = 'Category was successfully saved.' or . = 'Category was successfully saved.')]' is not present after '30' second(s)]]></system-out>
         <system-err><![CDATA[2019-11-25 09:52:17 - [TEST_CASE][FAILED] - Test Cases/ADMIN/Content Mgmt/Categories/Category Add-Edit/Add Category: Test Cases/ADMIN/Content Mgmt/Categories/Category Add-Edit/Add Category FAILED because (of) Unable to click on object 'Object Repository/ADMIN/Categories/Category List/button_Categories' (Root cause: org.openqa.selenium.ElementNotVisibleException: element not visible
  (Session info: chrome=78.0.3904.108)
  (Driver info: chromedriver=2.35.528161 (5b82f2d2aae0ca24b877009200ced9065a772e73),platform=Windows NT 6.1.7601 SP1 x86_64) (WARNING: The server did not provide any stacktrace information)
Command duration or timeout: 0 milliseconds
Build info: version: '3.7.1', revision: '8a0099a', time: '2017-11-06T21:07:36.161Z'
System info: host: 'APRIL-PC', ip: '10.10.31.51', os.name: 'Windows 7', os.arch: 'amd64', os.version: '6.1', java.version: '1.8.0_102'
Driver info: com.kms.katalon.selenium.driver.CChromeDriver
Capabilities {acceptInsecureCerts: false, acceptSslCerts: false, applicationCacheEnabled: false, browserConnectionEnabled: false, browserName: chrome, chrome: {chromedriverVersion: 2.35.528161 (5b82f2d2aae0ca..., userDataDir: C:\Users\April\AppData\Loca...}, cssSelectorsEnabled: true, databaseEnabled: false, handlesAlerts: true, hasTouchScreen: false, javascriptEnabled: true, locationContextEnabled: true, mobileEmulationEnabled: false, nativeEvents: true, networkConnectionEnabled: false, pageLoadStrategy: normal, platform: XP, platformName: XP, rotatable: false, setWindowRect: true, takesHeapSnapshot: true, takesScreenshot: true, unexpectedAlertBehaviour: , unhandledPromptBehavior: , version: 78.0.3904.108, webStorageEnabled: true}
Session ID: cfe3a530f1bc406e2ea68220d7af8649)]]></system-err>
      </testcase>
      <testcase name="Test Cases/ADMIN/Content Mgmt/Categories/Category Add-Edit/Add Category" classname="Test Cases/ADMIN/Content Mgmt/Categories/Category Add-Edit/Add Category" status="FAILED">
         <failure type="FAILED" message="Unable to upload file 'C:\\Users\\Arcadier\\git\\Trillia\\Images\\Category\\6.png' to object 'Object Repository/ADMIN/Categories/Category/image_input image' (Root cause: org.openqa.selenium.WebDriverException: invalid argument: File not found : C:\\Users\\Arcadier\\git\\Trillia\\Images\\Category\\6.png
  (Session info: chrome=78.0.3904.108)
  (Driver info: chromedriver=2.35.528161 (5b82f2d2aae0ca24b877009200ced9065a772e73),platform=Windows NT 6.1.7601 SP1 x86_64) (WARNING: The server did not provide any stacktrace information)
Command duration or timeout: 0 milliseconds
Build info: version: '3.7.1', revision: '8a0099a', time: '2017-11-06T21:07:36.161Z'
System info: host: 'APRIL-PC', ip: '10.10.31.51', os.name: 'Windows 7', os.arch: 'amd64', os.version: '6.1', java.version: '1.8.0_102'
Driver info: com.kms.katalon.selenium.driver.CChromeDriver
Capabilities {acceptInsecureCerts: false, acceptSslCerts: false, applicationCacheEnabled: false, browserConnectionEnabled: false, browserName: chrome, chrome: {chromedriverVersion: 2.35.528161 (5b82f2d2aae0ca..., userDataDir: C:\Users\April\AppData\Loca...}, cssSelectorsEnabled: true, databaseEnabled: false, handlesAlerts: true, hasTouchScreen: false, javascriptEnabled: true, locationContextEnabled: true, mobileEmulationEnabled: false, nativeEvents: true, networkConnectionEnabled: false, pageLoadStrategy: normal, platform: XP, platformName: XP, rotatable: false, setWindowRect: true, takesHeapSnapshot: true, takesScreenshot: true, unexpectedAlertBehaviour: , unhandledPromptBehavior: , version: 78.0.3904.108, webStorageEnabled: true}
Session ID: cfe3a530f1bc406e2ea68220d7af8649)"/>
         <system-out><![CDATA[2019-11-25 09:52:37 - [TEST_CASE][FAILED] - Test Cases/ADMIN/Content Mgmt/Categories/Category Add-Edit/Add Category: Test Cases/ADMIN/Content Mgmt/Categories/Category Add-Edit/Add Category FAILED because (of) Unable to upload file 'C:\\Users\\Arcadier\\git\\Trillia\\Images\\Category\\6.png' to object 'Object Repository/ADMIN/Categories/Category/image_input image' (Root cause: org.openqa.selenium.WebDriverException: invalid argument: File not found : C:\\Users\\Arcadier\\git\\Trillia\\Images\\Category\\6.png
  (Session info: chrome=78.0.3904.108)
  (Driver info: chromedriver=2.35.528161 (5b82f2d2aae0ca24b877009200ced9065a772e73),platform=Windows NT 6.1.7601 SP1 x86_64) (WARNING: The server did not provide any stacktrace information)
Command duration or timeout: 0 milliseconds
Build info: version: '3.7.1', revision: '8a0099a', time: '2017-11-06T21:07:36.161Z'
System info: host: 'APRIL-PC', ip: '10.10.31.51', os.name: 'Windows 7', os.arch: 'amd64', os.version: '6.1', java.version: '1.8.0_102'
Driver info: com.kms.katalon.selenium.driver.CChromeDriver
Capabilities {acceptInsecureCerts: false, acceptSslCerts: false, applicationCacheEnabled: false, browserConnectionEnabled: false, browserName: chrome, chrome: {chromedriverVersion: 2.35.528161 (5b82f2d2aae0ca..., userDataDir: C:\Users\April\AppData\Loca...}, cssSelectorsEnabled: true, databaseEnabled: false, handlesAlerts: true, hasTouchScreen: false, javascriptEnabled: true, locationContextEnabled: true, mobileEmulationEnabled: false, nativeEvents: true, networkConnectionEnabled: false, pageLoadStrategy: normal, platform: XP, platformName: XP, rotatable: false, setWindowRect: true, takesHeapSnapshot: true, takesScreenshot: true, unexpectedAlertBehaviour: , unhandledPromptBehavior: , version: 78.0.3904.108, webStorageEnabled: true}
Session ID: cfe3a530f1bc406e2ea68220d7af8649)

2019-11-25 09:52:37 - [TEST_STEP][PASSED] - waitForElementVisible: Object 'Object Repository/ADMIN/Categories/Category List/button_Content Mgmt' is visible

2019-11-25 09:52:37 - [MESSAGE][WARNING] - Timeout '0' is invalid. Using default page load timeout: '30'

2019-11-25 09:52:37 - [MESSAGE][PASSED] - Object 'Object Repository/ADMIN/Categories/Category List/button_Content Mgmt' is visible

2019-11-25 09:52:37 - [TEST_STEP][PASSED] - click: Object: 'Object Repository/ADMIN/Categories/Category List/button_Content Mgmt' is clicked on

2019-11-25 09:52:37 - [MESSAGE][PASSED] - Object: 'Object Repository/ADMIN/Categories/Category List/button_Content Mgmt' is clicked on

2019-11-25 09:52:37 - [TEST_STEP][PASSED] - waitForElementVisible: Object 'Object Repository/ADMIN/Categories/Category List/button_Categories' is visible

2019-11-25 09:52:37 - [MESSAGE][WARNING] - Timeout '0' is invalid. Using default page load timeout: '30'

2019-11-25 09:52:37 - [MESSAGE][PASSED] - Object 'Object Repository/ADMIN/Categories/Category List/button_Categories' is visible

2019-11-25 09:52:37 - [TEST_STEP][PASSED] - click: Object: 'Object Repository/ADMIN/Categories/Category List/button_Categories' is clicked on

2019-11-25 09:52:38 - [MESSAGE][PASSED] - Object: 'Object Repository/ADMIN/Categories/Category List/button_Categories' is clicked on

2019-11-25 09:52:38 - [TEST_STEP][PASSED] - click: Object: 'Object Repository/ADMIN/Categories/Category List/button_AddACategory' is clicked on

2019-11-25 09:52:39 - [MESSAGE][PASSED] - Object: 'Object Repository/ADMIN/Categories/Category List/button_AddACategory' is clicked on

2019-11-25 09:52:39 - [TEST_STEP][PASSED] - waitForElementPresent: Object 'Object Repository/ADMIN/Categories/Category/dropdown_Parent' is present

2019-11-25 09:52:39 - [MESSAGE][PASSED] - Object 'Object Repository/ADMIN/Categories/Category/dropdown_Parent' is present

2019-11-25 09:52:39 - [TEST_STEP][PASSED] - delay: Delayed 1 second(s)

2019-11-25 09:52:40 - [MESSAGE][PASSED] - Delayed 1 second(s)

2019-11-25 09:52:40 - [TEST_STEP][PASSED] - setText: Text 'Category 6.1.1.1.1.1.1' is set on object 'Object Repository/ADMIN/Categories/Category/textfield_Category Name'

2019-11-25 09:52:40 - [MESSAGE][PASSED] - Text 'Category 6.1.1.1.1.1.1' is set on object 'Object Repository/ADMIN/Categories/Category/textfield_Category Name'

2019-11-25 09:52:40 - [TEST_STEP][PASSED] - click: Object: 'Object Repository/ADMIN/Categories/Category/dropdown_Parent' is clicked on

2019-11-25 09:52:40 - [MESSAGE][PASSED] - Object: 'Object Repository/ADMIN/Categories/Category/dropdown_Parent' is clicked on

2019-11-25 09:52:40 - [TEST_STEP][PASSED] - delay: Delayed 2 second(s)

2019-11-25 09:52:43 - [MESSAGE][PASSED] - Delayed 2 second(s)

2019-11-25 09:52:43 - [TEST_STEP][PASSED] - click: Object: 'Object Repository/ADMIN/Categories/Category/dropdown_Parent' is clicked on

2019-11-25 09:52:43 - [MESSAGE][PASSED] - Object: 'Object Repository/ADMIN/Categories/Category/dropdown_Parent' is clicked on

2019-11-25 09:52:43 - [TEST_STEP][PASSED] - selectOptionByLabel: All options with label 'Category 6.1.1.1.1.1' are selected in object 'Object Repository/ADMIN/Categories/Category/dropdown_Parent' 

2019-11-25 09:52:43 - [MESSAGE][PASSED] - All options with label 'Category 6.1.1.1.1.1' are selected in object 'Object Repository/ADMIN/Categories/Category/dropdown_Parent' 

2019-11-25 09:52:43 - [TEST_STEP][PASSED] - click: Object: 'Object Repository/ADMIN/Categories/Category/button_Browse' is clicked on

2019-11-25 09:52:43 - [MESSAGE][PASSED] - Object: 'Object Repository/ADMIN/Categories/Category/button_Browse' is clicked on

2019-11-25 09:52:43 - [TEST_STEP][PASSED] - delay: Delayed 1 second(s)

2019-11-25 09:52:44 - [MESSAGE][PASSED] - Delayed 1 second(s)

2019-11-25 09:52:44 - [TEST_STEP][FAILED] - uploadFile: Unable to upload file 'C:\\Users\\Arcadier\\git\\Trillia\\Images\\Category\\6.png' to object 'Object Repository/ADMIN/Categories/Category/image_input image' (Root cause: org.openqa.selenium.WebDriverException: invalid argument: File not found : C:\\Users\\Arcadier\\git\\Trillia\\Images\\Category\\6.png
  (Session info: chrome=78.0.3904.108)
  (Driver info: chromedriver=2.35.528161 (5b82f2d2aae0ca24b877009200ced9065a772e73),platform=Windows NT 6.1.7601 SP1 x86_64) (WARNING: The server did not provide any stacktrace information)
Command duration or timeout: 0 milliseconds
Build info: version: '3.7.1', revision: '8a0099a', time: '2017-11-06T21:07:36.161Z'
System info: host: 'APRIL-PC', ip: '10.10.31.51', os.name: 'Windows 7', os.arch: 'amd64', os.version: '6.1', java.version: '1.8.0_102'
Driver info: com.kms.katalon.selenium.driver.CChromeDriver
Capabilities {acceptInsecureCerts: false, acceptSslCerts: false, applicationCacheEnabled: false, browserConnectionEnabled: false, browserName: chrome, chrome: {chromedriverVersion: 2.35.528161 (5b82f2d2aae0ca..., userDataDir: C:\Users\April\AppData\Loca...}, cssSelectorsEnabled: true, databaseEnabled: false, handlesAlerts: true, hasTouchScreen: false, javascriptEnabled: true, locationContextEnabled: true, mobileEmulationEnabled: false, nativeEvents: true, networkConnectionEnabled: false, pageLoadStrategy: normal, platform: XP, platformName: XP, rotatable: false, setWindowRect: true, takesHeapSnapshot: true, takesScreenshot: true, unexpectedAlertBehaviour: , unhandledPromptBehavior: , version: 78.0.3904.108, webStorageEnabled: true}
Session ID: cfe3a530f1bc406e2ea68220d7af8649)

2019-11-25 09:52:45 - [MESSAGE][FAILED] - Unable to upload file 'C:\\Users\\Arcadier\\git\\Trillia\\Images\\Category\\6.png' to object 'Object Repository/ADMIN/Categories/Category/image_input image' (Root cause: org.openqa.selenium.WebDriverException: invalid argument: File not found : C:\\Users\\Arcadier\\git\\Trillia\\Images\\Category\\6.png
  (Session info: chrome=78.0.3904.108)
  (Driver info: chromedriver=2.35.528161 (5b82f2d2aae0ca24b877009200ced9065a772e73),platform=Windows NT 6.1.7601 SP1 x86_64) (WARNING: The server did not provide any stacktrace information)
Command duration or timeout: 0 milliseconds
Build info: version: '3.7.1', revision: '8a0099a', time: '2017-11-06T21:07:36.161Z'
System info: host: 'APRIL-PC', ip: '10.10.31.51', os.name: 'Windows 7', os.arch: 'amd64', os.version: '6.1', java.version: '1.8.0_102'
Driver info: com.kms.katalon.selenium.driver.CChromeDriver
Capabilities {acceptInsecureCerts: false, acceptSslCerts: false, applicationCacheEnabled: false, browserConnectionEnabled: false, browserName: chrome, chrome: {chromedriverVersion: 2.35.528161 (5b82f2d2aae0ca..., userDataDir: C:\Users\April\AppData\Loca...}, cssSelectorsEnabled: true, databaseEnabled: false, handlesAlerts: true, hasTouchScreen: false, javascriptEnabled: true, locationContextEnabled: true, mobileEmulationEnabled: false, nativeEvents: true, networkConnectionEnabled: false, pageLoadStrategy: normal, platform: XP, platformName: XP, rotatable: false, setWindowRect: true, takesHeapSnapshot: true, takesScreenshot: true, unexpectedAlertBehaviour: , unhandledPromptBehavior: , version: 78.0.3904.108, webStorageEnabled: true}
Session ID: cfe3a530f1bc406e2ea68220d7af8649)
[[ATTACHMENT|C:\\Users\\April\\git\\Trillia\\Reports\\Admin\\Categories\\Add Category\\20191125_093242\\1574646764653.png]]

2019-11-25 09:52:45 - [TEST_STEP][PASSED] - waitForElementVisible: Object 'Object Repository/ADMIN/Categories/Category/button_upload check' is visible

2019-11-25 09:52:45 - [MESSAGE][WARNING] - Timeout '0' is invalid. Using default page load timeout: '30'

2019-11-25 09:52:47 - [MESSAGE][PASSED] - Object 'Object Repository/ADMIN/Categories/Category/button_upload check' is visible

2019-11-25 09:52:47 - [TEST_STEP][PASSED] - click: Object: 'Object Repository/ADMIN/Categories/Category/button_upload check' is clicked on

2019-11-25 09:52:47 - [MESSAGE][PASSED] - Object: 'Object Repository/ADMIN/Categories/Category/button_upload check' is clicked on

2019-11-25 09:52:47 - [TEST_STEP][PASSED] - waitForElementVisible: Object 'Object Repository/ADMIN/Categories/Category/button_upload save' is visible

2019-11-25 09:52:47 - [MESSAGE][WARNING] - Timeout '0' is invalid. Using default page load timeout: '30'

2019-11-25 09:52:47 - [MESSAGE][PASSED] - Object 'Object Repository/ADMIN/Categories/Category/button_upload save' is visible

2019-11-25 09:52:47 - [TEST_STEP][PASSED] - click: Object: 'Object Repository/ADMIN/Categories/Category/button_upload save' is clicked on

2019-11-25 09:52:48 - [MESSAGE][PASSED] - Object: 'Object Repository/ADMIN/Categories/Category/button_upload save' is clicked on

2019-11-25 09:52:48 - [TEST_STEP][PASSED] - delay: Delayed 1 second(s)

2019-11-25 09:52:49 - [MESSAGE][PASSED] - Delayed 1 second(s)

2019-11-25 09:52:49 - [TEST_STEP][PASSED] - setText: Text 'Description60' is set on object 'Object Repository/ADMIN/Categories/Category/textfield_category_description'

2019-11-25 09:52:49 - [MESSAGE][PASSED] - Text 'Description60' is set on object 'Object Repository/ADMIN/Categories/Category/textfield_category_description'

2019-11-25 09:52:49 - [TEST_STEP][PASSED] - click: Object: 'Object Repository/ADMIN/Categories/Category/button_Save' is clicked on

2019-11-25 09:52:49 - [MESSAGE][PASSED] - Object: 'Object Repository/ADMIN/Categories/Category/button_Save' is clicked on

2019-11-25 09:52:49 - [TEST_STEP][PASSED] - waitForElementVisible: Object 'Object Repository/ADMIN/Categories/Category/label_edit popup' is visible

2019-11-25 09:52:49 - [MESSAGE][WARNING] - Timeout '0' is invalid. Using default page load timeout: '30'

2019-11-25 09:52:51 - [MESSAGE][PASSED] - Object 'Object Repository/ADMIN/Categories/Category/label_edit popup' is visible

2019-11-25 09:52:51 - [TEST_STEP][PASSED] - waitForElementNotPresent: Web element with id: 'Object Repository/ADMIN/Categories/Category/label_edit popup' located by 'By.xpath: //div[(text() = 'Category was successfully saved.' or . = 'Category was successfully saved.')]' is not present after '30' second(s)

2019-11-25 09:52:51 - [MESSAGE][WARNING] - Timeout '0' is invalid. Using default page load timeout: '30'

2019-11-25 09:52:56 - [MESSAGE][PASSED] - Web element with id: 'Object Repository/ADMIN/Categories/Category/label_edit popup' located by 'By.xpath: //div[(text() = 'Category was successfully saved.' or . = 'Category was successfully saved.')]' is not present after '30' second(s)]]></system-out>
         <system-err><![CDATA[2019-11-25 09:52:37 - [TEST_CASE][FAILED] - Test Cases/ADMIN/Content Mgmt/Categories/Category Add-Edit/Add Category: Test Cases/ADMIN/Content Mgmt/Categories/Category Add-Edit/Add Category FAILED because (of) Unable to upload file 'C:\\Users\\Arcadier\\git\\Trillia\\Images\\Category\\6.png' to object 'Object Repository/ADMIN/Categories/Category/image_input image' (Root cause: org.openqa.selenium.WebDriverException: invalid argument: File not found : C:\\Users\\Arcadier\\git\\Trillia\\Images\\Category\\6.png
  (Session info: chrome=78.0.3904.108)
  (Driver info: chromedriver=2.35.528161 (5b82f2d2aae0ca24b877009200ced9065a772e73),platform=Windows NT 6.1.7601 SP1 x86_64) (WARNING: The server did not provide any stacktrace information)
Command duration or timeout: 0 milliseconds
Build info: version: '3.7.1', revision: '8a0099a', time: '2017-11-06T21:07:36.161Z'
System info: host: 'APRIL-PC', ip: '10.10.31.51', os.name: 'Windows 7', os.arch: 'amd64', os.version: '6.1', java.version: '1.8.0_102'
Driver info: com.kms.katalon.selenium.driver.CChromeDriver
Capabilities {acceptInsecureCerts: false, acceptSslCerts: false, applicationCacheEnabled: false, browserConnectionEnabled: false, browserName: chrome, chrome: {chromedriverVersion: 2.35.528161 (5b82f2d2aae0ca..., userDataDir: C:\Users\April\AppData\Loca...}, cssSelectorsEnabled: true, databaseEnabled: false, handlesAlerts: true, hasTouchScreen: false, javascriptEnabled: true, locationContextEnabled: true, mobileEmulationEnabled: false, nativeEvents: true, networkConnectionEnabled: false, pageLoadStrategy: normal, platform: XP, platformName: XP, rotatable: false, setWindowRect: true, takesHeapSnapshot: true, takesScreenshot: true, unexpectedAlertBehaviour: , unhandledPromptBehavior: , version: 78.0.3904.108, webStorageEnabled: true}
Session ID: cfe3a530f1bc406e2ea68220d7af8649)]]></system-err>
      </testcase>
      <testcase name="Test Cases/ADMIN/Content Mgmt/Categories/Category Add-Edit/Add Category" classname="Test Cases/ADMIN/Content Mgmt/Categories/Category Add-Edit/Add Category" status="FAILED">
         <failure type="FAILED" message="Unable to upload file 'C:\\Users\\Arcadier\\git\\Trillia\\Images\\Category\\6.png' to object 'Object Repository/ADMIN/Categories/Category/image_input image' (Root cause: org.openqa.selenium.WebDriverException: invalid argument: File not found : C:\\Users\\Arcadier\\git\\Trillia\\Images\\Category\\6.png
  (Session info: chrome=78.0.3904.108)
  (Driver info: chromedriver=2.35.528161 (5b82f2d2aae0ca24b877009200ced9065a772e73),platform=Windows NT 6.1.7601 SP1 x86_64) (WARNING: The server did not provide any stacktrace information)
Command duration or timeout: 0 milliseconds
Build info: version: '3.7.1', revision: '8a0099a', time: '2017-11-06T21:07:36.161Z'
System info: host: 'APRIL-PC', ip: '10.10.31.51', os.name: 'Windows 7', os.arch: 'amd64', os.version: '6.1', java.version: '1.8.0_102'
Driver info: com.kms.katalon.selenium.driver.CChromeDriver
Capabilities {acceptInsecureCerts: false, acceptSslCerts: false, applicationCacheEnabled: false, browserConnectionEnabled: false, browserName: chrome, chrome: {chromedriverVersion: 2.35.528161 (5b82f2d2aae0ca..., userDataDir: C:\Users\April\AppData\Loca...}, cssSelectorsEnabled: true, databaseEnabled: false, handlesAlerts: true, hasTouchScreen: false, javascriptEnabled: true, locationContextEnabled: true, mobileEmulationEnabled: false, nativeEvents: true, networkConnectionEnabled: false, pageLoadStrategy: normal, platform: XP, platformName: XP, rotatable: false, setWindowRect: true, takesHeapSnapshot: true, takesScreenshot: true, unexpectedAlertBehaviour: , unhandledPromptBehavior: , version: 78.0.3904.108, webStorageEnabled: true}
Session ID: cfe3a530f1bc406e2ea68220d7af8649)"/>
         <system-out><![CDATA[2019-11-25 09:52:56 - [TEST_CASE][FAILED] - Test Cases/ADMIN/Content Mgmt/Categories/Category Add-Edit/Add Category: Test Cases/ADMIN/Content Mgmt/Categories/Category Add-Edit/Add Category FAILED because (of) Unable to upload file 'C:\\Users\\Arcadier\\git\\Trillia\\Images\\Category\\6.png' to object 'Object Repository/ADMIN/Categories/Category/image_input image' (Root cause: org.openqa.selenium.WebDriverException: invalid argument: File not found : C:\\Users\\Arcadier\\git\\Trillia\\Images\\Category\\6.png
  (Session info: chrome=78.0.3904.108)
  (Driver info: chromedriver=2.35.528161 (5b82f2d2aae0ca24b877009200ced9065a772e73),platform=Windows NT 6.1.7601 SP1 x86_64) (WARNING: The server did not provide any stacktrace information)
Command duration or timeout: 0 milliseconds
Build info: version: '3.7.1', revision: '8a0099a', time: '2017-11-06T21:07:36.161Z'
System info: host: 'APRIL-PC', ip: '10.10.31.51', os.name: 'Windows 7', os.arch: 'amd64', os.version: '6.1', java.version: '1.8.0_102'
Driver info: com.kms.katalon.selenium.driver.CChromeDriver
Capabilities {acceptInsecureCerts: false, acceptSslCerts: false, applicationCacheEnabled: false, browserConnectionEnabled: false, browserName: chrome, chrome: {chromedriverVersion: 2.35.528161 (5b82f2d2aae0ca..., userDataDir: C:\Users\April\AppData\Loca...}, cssSelectorsEnabled: true, databaseEnabled: false, handlesAlerts: true, hasTouchScreen: false, javascriptEnabled: true, locationContextEnabled: true, mobileEmulationEnabled: false, nativeEvents: true, networkConnectionEnabled: false, pageLoadStrategy: normal, platform: XP, platformName: XP, rotatable: false, setWindowRect: true, takesHeapSnapshot: true, takesScreenshot: true, unexpectedAlertBehaviour: , unhandledPromptBehavior: , version: 78.0.3904.108, webStorageEnabled: true}
Session ID: cfe3a530f1bc406e2ea68220d7af8649)

2019-11-25 09:52:56 - [TEST_STEP][PASSED] - waitForElementVisible: Object 'Object Repository/ADMIN/Categories/Category List/button_Content Mgmt' is visible

2019-11-25 09:52:56 - [MESSAGE][WARNING] - Timeout '0' is invalid. Using default page load timeout: '30'

2019-11-25 09:52:56 - [MESSAGE][PASSED] - Object 'Object Repository/ADMIN/Categories/Category List/button_Content Mgmt' is visible

2019-11-25 09:52:56 - [TEST_STEP][PASSED] - click: Object: 'Object Repository/ADMIN/Categories/Category List/button_Content Mgmt' is clicked on

2019-11-25 09:52:56 - [MESSAGE][PASSED] - Object: 'Object Repository/ADMIN/Categories/Category List/button_Content Mgmt' is clicked on

2019-11-25 09:52:56 - [TEST_STEP][PASSED] - waitForElementVisible: Object 'Object Repository/ADMIN/Categories/Category List/button_Categories' is visible

2019-11-25 09:52:56 - [MESSAGE][WARNING] - Timeout '0' is invalid. Using default page load timeout: '30'

2019-11-25 09:52:57 - [MESSAGE][PASSED] - Object 'Object Repository/ADMIN/Categories/Category List/button_Categories' is visible

2019-11-25 09:52:57 - [TEST_STEP][PASSED] - click: Object: 'Object Repository/ADMIN/Categories/Category List/button_Categories' is clicked on

2019-11-25 09:52:58 - [MESSAGE][PASSED] - Object: 'Object Repository/ADMIN/Categories/Category List/button_Categories' is clicked on

2019-11-25 09:52:58 - [TEST_STEP][PASSED] - click: Object: 'Object Repository/ADMIN/Categories/Category List/button_AddACategory' is clicked on

2019-11-25 09:52:58 - [MESSAGE][PASSED] - Object: 'Object Repository/ADMIN/Categories/Category List/button_AddACategory' is clicked on

2019-11-25 09:52:58 - [TEST_STEP][PASSED] - waitForElementPresent: Object 'Object Repository/ADMIN/Categories/Category/dropdown_Parent' is present

2019-11-25 09:52:58 - [MESSAGE][PASSED] - Object 'Object Repository/ADMIN/Categories/Category/dropdown_Parent' is present

2019-11-25 09:52:58 - [TEST_STEP][PASSED] - delay: Delayed 1 second(s)

2019-11-25 09:52:59 - [MESSAGE][PASSED] - Delayed 1 second(s)

2019-11-25 09:52:59 - [TEST_STEP][PASSED] - setText: Text 'Category 6.1.1.1.1.1.1.1' is set on object 'Object Repository/ADMIN/Categories/Category/textfield_Category Name'

2019-11-25 09:52:59 - [MESSAGE][PASSED] - Text 'Category 6.1.1.1.1.1.1.1' is set on object 'Object Repository/ADMIN/Categories/Category/textfield_Category Name'

2019-11-25 09:52:59 - [TEST_STEP][PASSED] - click: Object: 'Object Repository/ADMIN/Categories/Category/dropdown_Parent' is clicked on

2019-11-25 09:53:00 - [MESSAGE][PASSED] - Object: 'Object Repository/ADMIN/Categories/Category/dropdown_Parent' is clicked on

2019-11-25 09:53:00 - [TEST_STEP][PASSED] - delay: Delayed 2 second(s)

2019-11-25 09:53:02 - [MESSAGE][PASSED] - Delayed 2 second(s)

2019-11-25 09:53:02 - [TEST_STEP][PASSED] - click: Object: 'Object Repository/ADMIN/Categories/Category/dropdown_Parent' is clicked on

2019-11-25 09:53:02 - [MESSAGE][PASSED] - Object: 'Object Repository/ADMIN/Categories/Category/dropdown_Parent' is clicked on

2019-11-25 09:53:02 - [TEST_STEP][PASSED] - selectOptionByLabel: All options with label 'Category 6.1.1.1.1.1.1' are selected in object 'Object Repository/ADMIN/Categories/Category/dropdown_Parent' 

2019-11-25 09:53:02 - [MESSAGE][PASSED] - All options with label 'Category 6.1.1.1.1.1.1' are selected in object 'Object Repository/ADMIN/Categories/Category/dropdown_Parent' 

2019-11-25 09:53:02 - [TEST_STEP][PASSED] - click: Object: 'Object Repository/ADMIN/Categories/Category/button_Browse' is clicked on

2019-11-25 09:53:02 - [MESSAGE][PASSED] - Object: 'Object Repository/ADMIN/Categories/Category/button_Browse' is clicked on

2019-11-25 09:53:02 - [TEST_STEP][PASSED] - delay: Delayed 1 second(s)

2019-11-25 09:53:03 - [MESSAGE][PASSED] - Delayed 1 second(s)

2019-11-25 09:53:03 - [TEST_STEP][FAILED] - uploadFile: Unable to upload file 'C:\\Users\\Arcadier\\git\\Trillia\\Images\\Category\\6.png' to object 'Object Repository/ADMIN/Categories/Category/image_input image' (Root cause: org.openqa.selenium.WebDriverException: invalid argument: File not found : C:\\Users\\Arcadier\\git\\Trillia\\Images\\Category\\6.png
  (Session info: chrome=78.0.3904.108)
  (Driver info: chromedriver=2.35.528161 (5b82f2d2aae0ca24b877009200ced9065a772e73),platform=Windows NT 6.1.7601 SP1 x86_64) (WARNING: The server did not provide any stacktrace information)
Command duration or timeout: 0 milliseconds
Build info: version: '3.7.1', revision: '8a0099a', time: '2017-11-06T21:07:36.161Z'
System info: host: 'APRIL-PC', ip: '10.10.31.51', os.name: 'Windows 7', os.arch: 'amd64', os.version: '6.1', java.version: '1.8.0_102'
Driver info: com.kms.katalon.selenium.driver.CChromeDriver
Capabilities {acceptInsecureCerts: false, acceptSslCerts: false, applicationCacheEnabled: false, browserConnectionEnabled: false, browserName: chrome, chrome: {chromedriverVersion: 2.35.528161 (5b82f2d2aae0ca..., userDataDir: C:\Users\April\AppData\Loca...}, cssSelectorsEnabled: true, databaseEnabled: false, handlesAlerts: true, hasTouchScreen: false, javascriptEnabled: true, locationContextEnabled: true, mobileEmulationEnabled: false, nativeEvents: true, networkConnectionEnabled: false, pageLoadStrategy: normal, platform: XP, platformName: XP, rotatable: false, setWindowRect: true, takesHeapSnapshot: true, takesScreenshot: true, unexpectedAlertBehaviour: , unhandledPromptBehavior: , version: 78.0.3904.108, webStorageEnabled: true}
Session ID: cfe3a530f1bc406e2ea68220d7af8649)

2019-11-25 09:53:04 - [MESSAGE][FAILED] - Unable to upload file 'C:\\Users\\Arcadier\\git\\Trillia\\Images\\Category\\6.png' to object 'Object Repository/ADMIN/Categories/Category/image_input image' (Root cause: org.openqa.selenium.WebDriverException: invalid argument: File not found : C:\\Users\\Arcadier\\git\\Trillia\\Images\\Category\\6.png
  (Session info: chrome=78.0.3904.108)
  (Driver info: chromedriver=2.35.528161 (5b82f2d2aae0ca24b877009200ced9065a772e73),platform=Windows NT 6.1.7601 SP1 x86_64) (WARNING: The server did not provide any stacktrace information)
Command duration or timeout: 0 milliseconds
Build info: version: '3.7.1', revision: '8a0099a', time: '2017-11-06T21:07:36.161Z'
System info: host: 'APRIL-PC', ip: '10.10.31.51', os.name: 'Windows 7', os.arch: 'amd64', os.version: '6.1', java.version: '1.8.0_102'
Driver info: com.kms.katalon.selenium.driver.CChromeDriver
Capabilities {acceptInsecureCerts: false, acceptSslCerts: false, applicationCacheEnabled: false, browserConnectionEnabled: false, browserName: chrome, chrome: {chromedriverVersion: 2.35.528161 (5b82f2d2aae0ca..., userDataDir: C:\Users\April\AppData\Loca...}, cssSelectorsEnabled: true, databaseEnabled: false, handlesAlerts: true, hasTouchScreen: false, javascriptEnabled: true, locationContextEnabled: true, mobileEmulationEnabled: false, nativeEvents: true, networkConnectionEnabled: false, pageLoadStrategy: normal, platform: XP, platformName: XP, rotatable: false, setWindowRect: true, takesHeapSnapshot: true, takesScreenshot: true, unexpectedAlertBehaviour: , unhandledPromptBehavior: , version: 78.0.3904.108, webStorageEnabled: true}
Session ID: cfe3a530f1bc406e2ea68220d7af8649)
[[ATTACHMENT|C:\\Users\\April\\git\\Trillia\\Reports\\Admin\\Categories\\Add Category\\20191125_093242\\1574646783799.png]]

2019-11-25 09:53:04 - [TEST_STEP][PASSED] - waitForElementVisible: Object 'Object Repository/ADMIN/Categories/Category/button_upload check' is visible

2019-11-25 09:53:04 - [MESSAGE][WARNING] - Timeout '0' is invalid. Using default page load timeout: '30'

2019-11-25 09:53:09 - [MESSAGE][PASSED] - Object 'Object Repository/ADMIN/Categories/Category/button_upload check' is visible

2019-11-25 09:53:09 - [TEST_STEP][PASSED] - click: Object: 'Object Repository/ADMIN/Categories/Category/button_upload check' is clicked on

2019-11-25 09:53:09 - [MESSAGE][PASSED] - Object: 'Object Repository/ADMIN/Categories/Category/button_upload check' is clicked on

2019-11-25 09:53:09 - [TEST_STEP][PASSED] - waitForElementVisible: Object 'Object Repository/ADMIN/Categories/Category/button_upload save' is visible

2019-11-25 09:53:09 - [MESSAGE][WARNING] - Timeout '0' is invalid. Using default page load timeout: '30'

2019-11-25 09:53:09 - [MESSAGE][PASSED] - Object 'Object Repository/ADMIN/Categories/Category/button_upload save' is visible

2019-11-25 09:53:09 - [TEST_STEP][PASSED] - click: Object: 'Object Repository/ADMIN/Categories/Category/button_upload save' is clicked on

2019-11-25 09:53:09 - [MESSAGE][PASSED] - Object: 'Object Repository/ADMIN/Categories/Category/button_upload save' is clicked on

2019-11-25 09:53:09 - [TEST_STEP][PASSED] - delay: Delayed 1 second(s)

2019-11-25 09:53:10 - [MESSAGE][PASSED] - Delayed 1 second(s)

2019-11-25 09:53:10 - [TEST_STEP][PASSED] - setText: Text 'Description61' is set on object 'Object Repository/ADMIN/Categories/Category/textfield_category_description'

2019-11-25 09:53:10 - [MESSAGE][PASSED] - Text 'Description61' is set on object 'Object Repository/ADMIN/Categories/Category/textfield_category_description'

2019-11-25 09:53:10 - [TEST_STEP][PASSED] - click: Object: 'Object Repository/ADMIN/Categories/Category/button_Save' is clicked on

2019-11-25 09:53:10 - [MESSAGE][PASSED] - Object: 'Object Repository/ADMIN/Categories/Category/button_Save' is clicked on

2019-11-25 09:53:10 - [TEST_STEP][PASSED] - waitForElementVisible: Object 'Object Repository/ADMIN/Categories/Category/label_edit popup' is visible

2019-11-25 09:53:10 - [MESSAGE][WARNING] - Timeout '0' is invalid. Using default page load timeout: '30'

2019-11-25 09:53:11 - [MESSAGE][PASSED] - Object 'Object Repository/ADMIN/Categories/Category/label_edit popup' is visible

2019-11-25 09:53:11 - [TEST_STEP][PASSED] - waitForElementNotPresent: Web element with id: 'Object Repository/ADMIN/Categories/Category/label_edit popup' located by 'By.xpath: //div[(text() = 'Category was successfully saved.' or . = 'Category was successfully saved.')]' is not present after '30' second(s)

2019-11-25 09:53:11 - [MESSAGE][WARNING] - Timeout '0' is invalid. Using default page load timeout: '30'

2019-11-25 09:53:17 - [MESSAGE][PASSED] - Web element with id: 'Object Repository/ADMIN/Categories/Category/label_edit popup' located by 'By.xpath: //div[(text() = 'Category was successfully saved.' or . = 'Category was successfully saved.')]' is not present after '30' second(s)]]></system-out>
         <system-err><![CDATA[2019-11-25 09:52:56 - [TEST_CASE][FAILED] - Test Cases/ADMIN/Content Mgmt/Categories/Category Add-Edit/Add Category: Test Cases/ADMIN/Content Mgmt/Categories/Category Add-Edit/Add Category FAILED because (of) Unable to upload file 'C:\\Users\\Arcadier\\git\\Trillia\\Images\\Category\\6.png' to object 'Object Repository/ADMIN/Categories/Category/image_input image' (Root cause: org.openqa.selenium.WebDriverException: invalid argument: File not found : C:\\Users\\Arcadier\\git\\Trillia\\Images\\Category\\6.png
  (Session info: chrome=78.0.3904.108)
  (Driver info: chromedriver=2.35.528161 (5b82f2d2aae0ca24b877009200ced9065a772e73),platform=Windows NT 6.1.7601 SP1 x86_64) (WARNING: The server did not provide any stacktrace information)
Command duration or timeout: 0 milliseconds
Build info: version: '3.7.1', revision: '8a0099a', time: '2017-11-06T21:07:36.161Z'
System info: host: 'APRIL-PC', ip: '10.10.31.51', os.name: 'Windows 7', os.arch: 'amd64', os.version: '6.1', java.version: '1.8.0_102'
Driver info: com.kms.katalon.selenium.driver.CChromeDriver
Capabilities {acceptInsecureCerts: false, acceptSslCerts: false, applicationCacheEnabled: false, browserConnectionEnabled: false, browserName: chrome, chrome: {chromedriverVersion: 2.35.528161 (5b82f2d2aae0ca..., userDataDir: C:\Users\April\AppData\Loca...}, cssSelectorsEnabled: true, databaseEnabled: false, handlesAlerts: true, hasTouchScreen: false, javascriptEnabled: true, locationContextEnabled: true, mobileEmulationEnabled: false, nativeEvents: true, networkConnectionEnabled: false, pageLoadStrategy: normal, platform: XP, platformName: XP, rotatable: false, setWindowRect: true, takesHeapSnapshot: true, takesScreenshot: true, unexpectedAlertBehaviour: , unhandledPromptBehavior: , version: 78.0.3904.108, webStorageEnabled: true}
Session ID: cfe3a530f1bc406e2ea68220d7af8649)]]></system-err>
      </testcase>
      <testcase name="Test Cases/ADMIN/Content Mgmt/Categories/Category Add-Edit/Add Category" classname="Test Cases/ADMIN/Content Mgmt/Categories/Category Add-Edit/Add Category" status="FAILED">
         <failure type="FAILED" message="Unable to click on object 'Object Repository/ADMIN/Categories/Category List/button_Categories' (Root cause: org.openqa.selenium.ElementNotVisibleException: element not visible
  (Session info: chrome=78.0.3904.108)
  (Driver info: chromedriver=2.35.528161 (5b82f2d2aae0ca24b877009200ced9065a772e73),platform=Windows NT 6.1.7601 SP1 x86_64) (WARNING: The server did not provide any stacktrace information)
Command duration or timeout: 0 milliseconds
Build info: version: '3.7.1', revision: '8a0099a', time: '2017-11-06T21:07:36.161Z'
System info: host: 'APRIL-PC', ip: '10.10.31.51', os.name: 'Windows 7', os.arch: 'amd64', os.version: '6.1', java.version: '1.8.0_102'
Driver info: com.kms.katalon.selenium.driver.CChromeDriver
Capabilities {acceptInsecureCerts: false, acceptSslCerts: false, applicationCacheEnabled: false, browserConnectionEnabled: false, browserName: chrome, chrome: {chromedriverVersion: 2.35.528161 (5b82f2d2aae0ca..., userDataDir: C:\Users\April\AppData\Loca...}, cssSelectorsEnabled: true, databaseEnabled: false, handlesAlerts: true, hasTouchScreen: false, javascriptEnabled: true, locationContextEnabled: true, mobileEmulationEnabled: false, nativeEvents: true, networkConnectionEnabled: false, pageLoadStrategy: normal, platform: XP, platformName: XP, rotatable: false, setWindowRect: true, takesHeapSnapshot: true, takesScreenshot: true, unexpectedAlertBehaviour: , unhandledPromptBehavior: , version: 78.0.3904.108, webStorageEnabled: true}
Session ID: cfe3a530f1bc406e2ea68220d7af8649)"/>
         <system-out><![CDATA[2019-11-25 09:53:17 - [TEST_CASE][FAILED] - Test Cases/ADMIN/Content Mgmt/Categories/Category Add-Edit/Add Category: Test Cases/ADMIN/Content Mgmt/Categories/Category Add-Edit/Add Category FAILED because (of) Unable to click on object 'Object Repository/ADMIN/Categories/Category List/button_Categories' (Root cause: org.openqa.selenium.ElementNotVisibleException: element not visible
  (Session info: chrome=78.0.3904.108)
  (Driver info: chromedriver=2.35.528161 (5b82f2d2aae0ca24b877009200ced9065a772e73),platform=Windows NT 6.1.7601 SP1 x86_64) (WARNING: The server did not provide any stacktrace information)
Command duration or timeout: 0 milliseconds
Build info: version: '3.7.1', revision: '8a0099a', time: '2017-11-06T21:07:36.161Z'
System info: host: 'APRIL-PC', ip: '10.10.31.51', os.name: 'Windows 7', os.arch: 'amd64', os.version: '6.1', java.version: '1.8.0_102'
Driver info: com.kms.katalon.selenium.driver.CChromeDriver
Capabilities {acceptInsecureCerts: false, acceptSslCerts: false, applicationCacheEnabled: false, browserConnectionEnabled: false, browserName: chrome, chrome: {chromedriverVersion: 2.35.528161 (5b82f2d2aae0ca..., userDataDir: C:\Users\April\AppData\Loca...}, cssSelectorsEnabled: true, databaseEnabled: false, handlesAlerts: true, hasTouchScreen: false, javascriptEnabled: true, locationContextEnabled: true, mobileEmulationEnabled: false, nativeEvents: true, networkConnectionEnabled: false, pageLoadStrategy: normal, platform: XP, platformName: XP, rotatable: false, setWindowRect: true, takesHeapSnapshot: true, takesScreenshot: true, unexpectedAlertBehaviour: , unhandledPromptBehavior: , version: 78.0.3904.108, webStorageEnabled: true}
Session ID: cfe3a530f1bc406e2ea68220d7af8649)

2019-11-25 09:53:17 - [TEST_STEP][PASSED] - waitForElementVisible: Object 'Object Repository/ADMIN/Categories/Category List/button_Content Mgmt' is visible

2019-11-25 09:53:17 - [MESSAGE][WARNING] - Timeout '0' is invalid. Using default page load timeout: '30'

2019-11-25 09:53:17 - [MESSAGE][PASSED] - Object 'Object Repository/ADMIN/Categories/Category List/button_Content Mgmt' is visible

2019-11-25 09:53:17 - [TEST_STEP][PASSED] - click: Object: 'Object Repository/ADMIN/Categories/Category List/button_Content Mgmt' is clicked on

2019-11-25 09:53:17 - [MESSAGE][PASSED] - Object: 'Object Repository/ADMIN/Categories/Category List/button_Content Mgmt' is clicked on

2019-11-25 09:53:17 - [TEST_STEP][PASSED] - waitForElementVisible: Object 'Object Repository/ADMIN/Categories/Category List/button_Categories' is visible

2019-11-25 09:53:17 - [MESSAGE][WARNING] - Timeout '0' is invalid. Using default page load timeout: '30'

2019-11-25 09:53:17 - [MESSAGE][PASSED] - Object 'Object Repository/ADMIN/Categories/Category List/button_Categories' is visible

2019-11-25 09:53:17 - [TEST_STEP][FAILED] - click: Unable to click on object 'Object Repository/ADMIN/Categories/Category List/button_Categories' (Root cause: org.openqa.selenium.ElementNotVisibleException: element not visible
  (Session info: chrome=78.0.3904.108)
  (Driver info: chromedriver=2.35.528161 (5b82f2d2aae0ca24b877009200ced9065a772e73),platform=Windows NT 6.1.7601 SP1 x86_64) (WARNING: The server did not provide any stacktrace information)
Command duration or timeout: 0 milliseconds
Build info: version: '3.7.1', revision: '8a0099a', time: '2017-11-06T21:07:36.161Z'
System info: host: 'APRIL-PC', ip: '10.10.31.51', os.name: 'Windows 7', os.arch: 'amd64', os.version: '6.1', java.version: '1.8.0_102'
Driver info: com.kms.katalon.selenium.driver.CChromeDriver
Capabilities {acceptInsecureCerts: false, acceptSslCerts: false, applicationCacheEnabled: false, browserConnectionEnabled: false, browserName: chrome, chrome: {chromedriverVersion: 2.35.528161 (5b82f2d2aae0ca..., userDataDir: C:\Users\April\AppData\Loca...}, cssSelectorsEnabled: true, databaseEnabled: false, handlesAlerts: true, hasTouchScreen: false, javascriptEnabled: true, locationContextEnabled: true, mobileEmulationEnabled: false, nativeEvents: true, networkConnectionEnabled: false, pageLoadStrategy: normal, platform: XP, platformName: XP, rotatable: false, setWindowRect: true, takesHeapSnapshot: true, takesScreenshot: true, unexpectedAlertBehaviour: , unhandledPromptBehavior: , version: 78.0.3904.108, webStorageEnabled: true}
Session ID: cfe3a530f1bc406e2ea68220d7af8649)

2019-11-25 09:53:18 - [MESSAGE][FAILED] - Unable to click on object 'Object Repository/ADMIN/Categories/Category List/button_Categories' (Root cause: org.openqa.selenium.ElementNotVisibleException: element not visible
  (Session info: chrome=78.0.3904.108)
  (Driver info: chromedriver=2.35.528161 (5b82f2d2aae0ca24b877009200ced9065a772e73),platform=Windows NT 6.1.7601 SP1 x86_64) (WARNING: The server did not provide any stacktrace information)
Command duration or timeout: 0 milliseconds
Build info: version: '3.7.1', revision: '8a0099a', time: '2017-11-06T21:07:36.161Z'
System info: host: 'APRIL-PC', ip: '10.10.31.51', os.name: 'Windows 7', os.arch: 'amd64', os.version: '6.1', java.version: '1.8.0_102'
Driver info: com.kms.katalon.selenium.driver.CChromeDriver
Capabilities {acceptInsecureCerts: false, acceptSslCerts: false, applicationCacheEnabled: false, browserConnectionEnabled: false, browserName: chrome, chrome: {chromedriverVersion: 2.35.528161 (5b82f2d2aae0ca..., userDataDir: C:\Users\April\AppData\Loca...}, cssSelectorsEnabled: true, databaseEnabled: false, handlesAlerts: true, hasTouchScreen: false, javascriptEnabled: true, locationContextEnabled: true, mobileEmulationEnabled: false, nativeEvents: true, networkConnectionEnabled: false, pageLoadStrategy: normal, platform: XP, platformName: XP, rotatable: false, setWindowRect: true, takesHeapSnapshot: true, takesScreenshot: true, unexpectedAlertBehaviour: , unhandledPromptBehavior: , version: 78.0.3904.108, webStorageEnabled: true}
Session ID: cfe3a530f1bc406e2ea68220d7af8649)
[[ATTACHMENT|C:\\Users\\April\\git\\Trillia\\Reports\\Admin\\Categories\\Add Category\\20191125_093242\\1574646797653.png]]

2019-11-25 09:53:18 - [TEST_STEP][PASSED] - click: Object: 'Object Repository/ADMIN/Categories/Category List/button_AddACategory' is clicked on

2019-11-25 09:53:18 - [MESSAGE][PASSED] - Object: 'Object Repository/ADMIN/Categories/Category List/button_AddACategory' is clicked on

2019-11-25 09:53:18 - [TEST_STEP][PASSED] - waitForElementPresent: Object 'Object Repository/ADMIN/Categories/Category/dropdown_Parent' is present

2019-11-25 09:53:18 - [MESSAGE][PASSED] - Object 'Object Repository/ADMIN/Categories/Category/dropdown_Parent' is present

2019-11-25 09:53:18 - [TEST_STEP][PASSED] - delay: Delayed 1 second(s)

2019-11-25 09:53:19 - [MESSAGE][PASSED] - Delayed 1 second(s)

2019-11-25 09:53:19 - [TEST_STEP][PASSED] - setText: Text 'Category 6.1.1.1.1.1.1.1.1' is set on object 'Object Repository/ADMIN/Categories/Category/textfield_Category Name'

2019-11-25 09:53:19 - [MESSAGE][PASSED] - Text 'Category 6.1.1.1.1.1.1.1.1' is set on object 'Object Repository/ADMIN/Categories/Category/textfield_Category Name'

2019-11-25 09:53:19 - [TEST_STEP][PASSED] - click: Object: 'Object Repository/ADMIN/Categories/Category/dropdown_Parent' is clicked on

2019-11-25 09:53:19 - [MESSAGE][PASSED] - Object: 'Object Repository/ADMIN/Categories/Category/dropdown_Parent' is clicked on

2019-11-25 09:53:19 - [TEST_STEP][PASSED] - delay: Delayed 2 second(s)

2019-11-25 09:53:22 - [MESSAGE][PASSED] - Delayed 2 second(s)

2019-11-25 09:53:22 - [TEST_STEP][PASSED] - click: Object: 'Object Repository/ADMIN/Categories/Category/dropdown_Parent' is clicked on

2019-11-25 09:53:22 - [MESSAGE][PASSED] - Object: 'Object Repository/ADMIN/Categories/Category/dropdown_Parent' is clicked on

2019-11-25 09:53:22 - [TEST_STEP][PASSED] - selectOptionByLabel: All options with label 'Category 6.1.1.1.1.1.1.1' are selected in object 'Object Repository/ADMIN/Categories/Category/dropdown_Parent' 

2019-11-25 09:53:23 - [MESSAGE][PASSED] - All options with label 'Category 6.1.1.1.1.1.1.1' are selected in object 'Object Repository/ADMIN/Categories/Category/dropdown_Parent' 

2019-11-25 09:53:23 - [TEST_STEP][PASSED] - click: Object: 'Object Repository/ADMIN/Categories/Category/button_Browse' is clicked on

2019-11-25 09:53:23 - [MESSAGE][PASSED] - Object: 'Object Repository/ADMIN/Categories/Category/button_Browse' is clicked on

2019-11-25 09:53:23 - [TEST_STEP][PASSED] - delay: Delayed 1 second(s)

2019-11-25 09:53:24 - [MESSAGE][PASSED] - Delayed 1 second(s)

2019-11-25 09:53:24 - [TEST_STEP][FAILED] - uploadFile: Unable to upload file 'C:\\Users\\Arcadier\\git\\Trillia\\Images\\Category\\6.png' to object 'Object Repository/ADMIN/Categories/Category/image_input image' (Root cause: org.openqa.selenium.WebDriverException: invalid argument: File not found : C:\\Users\\Arcadier\\git\\Trillia\\Images\\Category\\6.png
  (Session info: chrome=78.0.3904.108)
  (Driver info: chromedriver=2.35.528161 (5b82f2d2aae0ca24b877009200ced9065a772e73),platform=Windows NT 6.1.7601 SP1 x86_64) (WARNING: The server did not provide any stacktrace information)
Command duration or timeout: 0 milliseconds
Build info: version: '3.7.1', revision: '8a0099a', time: '2017-11-06T21:07:36.161Z'
System info: host: 'APRIL-PC', ip: '10.10.31.51', os.name: 'Windows 7', os.arch: 'amd64', os.version: '6.1', java.version: '1.8.0_102'
Driver info: com.kms.katalon.selenium.driver.CChromeDriver
Capabilities {acceptInsecureCerts: false, acceptSslCerts: false, applicationCacheEnabled: false, browserConnectionEnabled: false, browserName: chrome, chrome: {chromedriverVersion: 2.35.528161 (5b82f2d2aae0ca..., userDataDir: C:\Users\April\AppData\Loca...}, cssSelectorsEnabled: true, databaseEnabled: false, handlesAlerts: true, hasTouchScreen: false, javascriptEnabled: true, locationContextEnabled: true, mobileEmulationEnabled: false, nativeEvents: true, networkConnectionEnabled: false, pageLoadStrategy: normal, platform: XP, platformName: XP, rotatable: false, setWindowRect: true, takesHeapSnapshot: true, takesScreenshot: true, unexpectedAlertBehaviour: , unhandledPromptBehavior: , version: 78.0.3904.108, webStorageEnabled: true}
Session ID: cfe3a530f1bc406e2ea68220d7af8649)

2019-11-25 09:53:24 - [MESSAGE][FAILED] - Unable to upload file 'C:\\Users\\Arcadier\\git\\Trillia\\Images\\Category\\6.png' to object 'Object Repository/ADMIN/Categories/Category/image_input image' (Root cause: org.openqa.selenium.WebDriverException: invalid argument: File not found : C:\\Users\\Arcadier\\git\\Trillia\\Images\\Category\\6.png
  (Session info: chrome=78.0.3904.108)
  (Driver info: chromedriver=2.35.528161 (5b82f2d2aae0ca24b877009200ced9065a772e73),platform=Windows NT 6.1.7601 SP1 x86_64) (WARNING: The server did not provide any stacktrace information)
Command duration or timeout: 0 milliseconds
Build info: version: '3.7.1', revision: '8a0099a', time: '2017-11-06T21:07:36.161Z'
System info: host: 'APRIL-PC', ip: '10.10.31.51', os.name: 'Windows 7', os.arch: 'amd64', os.version: '6.1', java.version: '1.8.0_102'
Driver info: com.kms.katalon.selenium.driver.CChromeDriver
Capabilities {acceptInsecureCerts: false, acceptSslCerts: false, applicationCacheEnabled: false, browserConnectionEnabled: false, browserName: chrome, chrome: {chromedriverVersion: 2.35.528161 (5b82f2d2aae0ca..., userDataDir: C:\Users\April\AppData\Loca...}, cssSelectorsEnabled: true, databaseEnabled: false, handlesAlerts: true, hasTouchScreen: false, javascriptEnabled: true, locationContextEnabled: true, mobileEmulationEnabled: false, nativeEvents: true, networkConnectionEnabled: false, pageLoadStrategy: normal, platform: XP, platformName: XP, rotatable: false, setWindowRect: true, takesHeapSnapshot: true, takesScreenshot: true, unexpectedAlertBehaviour: , unhandledPromptBehavior: , version: 78.0.3904.108, webStorageEnabled: true}
Session ID: cfe3a530f1bc406e2ea68220d7af8649)
[[ATTACHMENT|C:\\Users\\April\\git\\Trillia\\Reports\\Admin\\Categories\\Add Category\\20191125_093242\\1574646804116.png]]

2019-11-25 09:53:24 - [TEST_STEP][PASSED] - waitForElementVisible: Object 'Object Repository/ADMIN/Categories/Category/button_upload check' is visible

2019-11-25 09:53:24 - [MESSAGE][WARNING] - Timeout '0' is invalid. Using default page load timeout: '30'

2019-11-25 09:53:28 - [MESSAGE][PASSED] - Object 'Object Repository/ADMIN/Categories/Category/button_upload check' is visible

2019-11-25 09:53:28 - [TEST_STEP][PASSED] - click: Object: 'Object Repository/ADMIN/Categories/Category/button_upload check' is clicked on

2019-11-25 09:53:28 - [MESSAGE][PASSED] - Object: 'Object Repository/ADMIN/Categories/Category/button_upload check' is clicked on

2019-11-25 09:53:28 - [TEST_STEP][PASSED] - waitForElementVisible: Object 'Object Repository/ADMIN/Categories/Category/button_upload save' is visible

2019-11-25 09:53:28 - [MESSAGE][WARNING] - Timeout '0' is invalid. Using default page load timeout: '30'

2019-11-25 09:53:28 - [MESSAGE][PASSED] - Object 'Object Repository/ADMIN/Categories/Category/button_upload save' is visible

2019-11-25 09:53:28 - [TEST_STEP][PASSED] - click: Object: 'Object Repository/ADMIN/Categories/Category/button_upload save' is clicked on

2019-11-25 09:53:28 - [MESSAGE][PASSED] - Object: 'Object Repository/ADMIN/Categories/Category/button_upload save' is clicked on

2019-11-25 09:53:28 - [TEST_STEP][PASSED] - delay: Delayed 1 second(s)

2019-11-25 09:53:29 - [MESSAGE][PASSED] - Delayed 1 second(s)

2019-11-25 09:53:29 - [TEST_STEP][PASSED] - setText: Text 'Description62' is set on object 'Object Repository/ADMIN/Categories/Category/textfield_category_description'

2019-11-25 09:53:29 - [MESSAGE][PASSED] - Text 'Description62' is set on object 'Object Repository/ADMIN/Categories/Category/textfield_category_description'

2019-11-25 09:53:29 - [TEST_STEP][PASSED] - click: Object: 'Object Repository/ADMIN/Categories/Category/button_Save' is clicked on

2019-11-25 09:53:29 - [MESSAGE][PASSED] - Object: 'Object Repository/ADMIN/Categories/Category/button_Save' is clicked on

2019-11-25 09:53:29 - [TEST_STEP][PASSED] - waitForElementVisible: Object 'Object Repository/ADMIN/Categories/Category/label_edit popup' is visible

2019-11-25 09:53:29 - [MESSAGE][WARNING] - Timeout '0' is invalid. Using default page load timeout: '30'

2019-11-25 09:53:31 - [MESSAGE][PASSED] - Object 'Object Repository/ADMIN/Categories/Category/label_edit popup' is visible

2019-11-25 09:53:31 - [TEST_STEP][PASSED] - waitForElementNotPresent: Web element with id: 'Object Repository/ADMIN/Categories/Category/label_edit popup' located by 'By.xpath: //div[(text() = 'Category was successfully saved.' or . = 'Category was successfully saved.')]' is not present after '30' second(s)

2019-11-25 09:53:31 - [MESSAGE][WARNING] - Timeout '0' is invalid. Using default page load timeout: '30'

2019-11-25 09:53:36 - [MESSAGE][PASSED] - Web element with id: 'Object Repository/ADMIN/Categories/Category/label_edit popup' located by 'By.xpath: //div[(text() = 'Category was successfully saved.' or . = 'Category was successfully saved.')]' is not present after '30' second(s)]]></system-out>
         <system-err><![CDATA[2019-11-25 09:53:17 - [TEST_CASE][FAILED] - Test Cases/ADMIN/Content Mgmt/Categories/Category Add-Edit/Add Category: Test Cases/ADMIN/Content Mgmt/Categories/Category Add-Edit/Add Category FAILED because (of) Unable to click on object 'Object Repository/ADMIN/Categories/Category List/button_Categories' (Root cause: org.openqa.selenium.ElementNotVisibleException: element not visible
  (Session info: chrome=78.0.3904.108)
  (Driver info: chromedriver=2.35.528161 (5b82f2d2aae0ca24b877009200ced9065a772e73),platform=Windows NT 6.1.7601 SP1 x86_64) (WARNING: The server did not provide any stacktrace information)
Command duration or timeout: 0 milliseconds
Build info: version: '3.7.1', revision: '8a0099a', time: '2017-11-06T21:07:36.161Z'
System info: host: 'APRIL-PC', ip: '10.10.31.51', os.name: 'Windows 7', os.arch: 'amd64', os.version: '6.1', java.version: '1.8.0_102'
Driver info: com.kms.katalon.selenium.driver.CChromeDriver
Capabilities {acceptInsecureCerts: false, acceptSslCerts: false, applicationCacheEnabled: false, browserConnectionEnabled: false, browserName: chrome, chrome: {chromedriverVersion: 2.35.528161 (5b82f2d2aae0ca..., userDataDir: C:\Users\April\AppData\Loca...}, cssSelectorsEnabled: true, databaseEnabled: false, handlesAlerts: true, hasTouchScreen: false, javascriptEnabled: true, locationContextEnabled: true, mobileEmulationEnabled: false, nativeEvents: true, networkConnectionEnabled: false, pageLoadStrategy: normal, platform: XP, platformName: XP, rotatable: false, setWindowRect: true, takesHeapSnapshot: true, takesScreenshot: true, unexpectedAlertBehaviour: , unhandledPromptBehavior: , version: 78.0.3904.108, webStorageEnabled: true}
Session ID: cfe3a530f1bc406e2ea68220d7af8649)]]></system-err>
      </testcase>
      <testcase name="Test Cases/ADMIN/Content Mgmt/Categories/Category Add-Edit/Add Category" classname="Test Cases/ADMIN/Content Mgmt/Categories/Category Add-Edit/Add Category" status="FAILED">
         <failure type="FAILED" message="Unable to upload file 'C:\\Users\\Arcadier\\git\\Trillia\\Images\\Category\\7.png' to object 'Object Repository/ADMIN/Categories/Category/image_input image' (Root cause: org.openqa.selenium.WebDriverException: invalid argument: File not found : C:\\Users\\Arcadier\\git\\Trillia\\Images\\Category\\7.png
  (Session info: chrome=78.0.3904.108)
  (Driver info: chromedriver=2.35.528161 (5b82f2d2aae0ca24b877009200ced9065a772e73),platform=Windows NT 6.1.7601 SP1 x86_64) (WARNING: The server did not provide any stacktrace information)
Command duration or timeout: 0 milliseconds
Build info: version: '3.7.1', revision: '8a0099a', time: '2017-11-06T21:07:36.161Z'
System info: host: 'APRIL-PC', ip: '10.10.31.51', os.name: 'Windows 7', os.arch: 'amd64', os.version: '6.1', java.version: '1.8.0_102'
Driver info: com.kms.katalon.selenium.driver.CChromeDriver
Capabilities {acceptInsecureCerts: false, acceptSslCerts: false, applicationCacheEnabled: false, browserConnectionEnabled: false, browserName: chrome, chrome: {chromedriverVersion: 2.35.528161 (5b82f2d2aae0ca..., userDataDir: C:\Users\April\AppData\Loca...}, cssSelectorsEnabled: true, databaseEnabled: false, handlesAlerts: true, hasTouchScreen: false, javascriptEnabled: true, locationContextEnabled: true, mobileEmulationEnabled: false, nativeEvents: true, networkConnectionEnabled: false, pageLoadStrategy: normal, platform: XP, platformName: XP, rotatable: false, setWindowRect: true, takesHeapSnapshot: true, takesScreenshot: true, unexpectedAlertBehaviour: , unhandledPromptBehavior: , version: 78.0.3904.108, webStorageEnabled: true}
Session ID: cfe3a530f1bc406e2ea68220d7af8649)"/>
         <system-out><![CDATA[2019-11-25 09:53:36 - [TEST_CASE][FAILED] - Test Cases/ADMIN/Content Mgmt/Categories/Category Add-Edit/Add Category: Test Cases/ADMIN/Content Mgmt/Categories/Category Add-Edit/Add Category FAILED because (of) Unable to upload file 'C:\\Users\\Arcadier\\git\\Trillia\\Images\\Category\\7.png' to object 'Object Repository/ADMIN/Categories/Category/image_input image' (Root cause: org.openqa.selenium.WebDriverException: invalid argument: File not found : C:\\Users\\Arcadier\\git\\Trillia\\Images\\Category\\7.png
  (Session info: chrome=78.0.3904.108)
  (Driver info: chromedriver=2.35.528161 (5b82f2d2aae0ca24b877009200ced9065a772e73),platform=Windows NT 6.1.7601 SP1 x86_64) (WARNING: The server did not provide any stacktrace information)
Command duration or timeout: 0 milliseconds
Build info: version: '3.7.1', revision: '8a0099a', time: '2017-11-06T21:07:36.161Z'
System info: host: 'APRIL-PC', ip: '10.10.31.51', os.name: 'Windows 7', os.arch: 'amd64', os.version: '6.1', java.version: '1.8.0_102'
Driver info: com.kms.katalon.selenium.driver.CChromeDriver
Capabilities {acceptInsecureCerts: false, acceptSslCerts: false, applicationCacheEnabled: false, browserConnectionEnabled: false, browserName: chrome, chrome: {chromedriverVersion: 2.35.528161 (5b82f2d2aae0ca..., userDataDir: C:\Users\April\AppData\Loca...}, cssSelectorsEnabled: true, databaseEnabled: false, handlesAlerts: true, hasTouchScreen: false, javascriptEnabled: true, locationContextEnabled: true, mobileEmulationEnabled: false, nativeEvents: true, networkConnectionEnabled: false, pageLoadStrategy: normal, platform: XP, platformName: XP, rotatable: false, setWindowRect: true, takesHeapSnapshot: true, takesScreenshot: true, unexpectedAlertBehaviour: , unhandledPromptBehavior: , version: 78.0.3904.108, webStorageEnabled: true}
Session ID: cfe3a530f1bc406e2ea68220d7af8649)

2019-11-25 09:53:36 - [TEST_STEP][PASSED] - waitForElementVisible: Object 'Object Repository/ADMIN/Categories/Category List/button_Content Mgmt' is visible

2019-11-25 09:53:36 - [MESSAGE][WARNING] - Timeout '0' is invalid. Using default page load timeout: '30'

2019-11-25 09:53:36 - [MESSAGE][PASSED] - Object 'Object Repository/ADMIN/Categories/Category List/button_Content Mgmt' is visible

2019-11-25 09:53:36 - [TEST_STEP][PASSED] - click: Object: 'Object Repository/ADMIN/Categories/Category List/button_Content Mgmt' is clicked on

2019-11-25 09:53:36 - [MESSAGE][PASSED] - Object: 'Object Repository/ADMIN/Categories/Category List/button_Content Mgmt' is clicked on

2019-11-25 09:53:36 - [TEST_STEP][PASSED] - waitForElementVisible: Object 'Object Repository/ADMIN/Categories/Category List/button_Categories' is visible

2019-11-25 09:53:36 - [MESSAGE][WARNING] - Timeout '0' is invalid. Using default page load timeout: '30'

2019-11-25 09:53:36 - [MESSAGE][PASSED] - Object 'Object Repository/ADMIN/Categories/Category List/button_Categories' is visible

2019-11-25 09:53:36 - [TEST_STEP][PASSED] - click: Object: 'Object Repository/ADMIN/Categories/Category List/button_Categories' is clicked on

2019-11-25 09:53:38 - [MESSAGE][PASSED] - Object: 'Object Repository/ADMIN/Categories/Category List/button_Categories' is clicked on

2019-11-25 09:53:38 - [TEST_STEP][PASSED] - click: Object: 'Object Repository/ADMIN/Categories/Category List/button_AddACategory' is clicked on

2019-11-25 09:53:38 - [MESSAGE][PASSED] - Object: 'Object Repository/ADMIN/Categories/Category List/button_AddACategory' is clicked on

2019-11-25 09:53:38 - [TEST_STEP][PASSED] - waitForElementPresent: Object 'Object Repository/ADMIN/Categories/Category/dropdown_Parent' is present

2019-11-25 09:53:39 - [MESSAGE][PASSED] - Object 'Object Repository/ADMIN/Categories/Category/dropdown_Parent' is present

2019-11-25 09:53:39 - [TEST_STEP][PASSED] - delay: Delayed 1 second(s)

2019-11-25 09:53:40 - [MESSAGE][PASSED] - Delayed 1 second(s)

2019-11-25 09:53:40 - [TEST_STEP][PASSED] - setText: Text 'Category 07' is set on object 'Object Repository/ADMIN/Categories/Category/textfield_Category Name'

2019-11-25 09:53:40 - [MESSAGE][PASSED] - Text 'Category 07' is set on object 'Object Repository/ADMIN/Categories/Category/textfield_Category Name'

2019-11-25 09:53:40 - [TEST_STEP][PASSED] - click: Object: 'Object Repository/ADMIN/Categories/Category/dropdown_Parent' is clicked on

2019-11-25 09:53:40 - [MESSAGE][PASSED] - Object: 'Object Repository/ADMIN/Categories/Category/dropdown_Parent' is clicked on

2019-11-25 09:53:40 - [TEST_STEP][PASSED] - delay: Delayed 2 second(s)

2019-11-25 09:53:42 - [MESSAGE][PASSED] - Delayed 2 second(s)

2019-11-25 09:53:42 - [TEST_STEP][PASSED] - click: Object: 'Object Repository/ADMIN/Categories/Category/dropdown_Parent' is clicked on

2019-11-25 09:53:42 - [MESSAGE][PASSED] - Object: 'Object Repository/ADMIN/Categories/Category/dropdown_Parent' is clicked on

2019-11-25 09:53:42 - [TEST_STEP][PASSED] - selectOptionByLabel: All options with label '-' are selected in object 'Object Repository/ADMIN/Categories/Category/dropdown_Parent' 

2019-11-25 09:53:42 - [MESSAGE][PASSED] - All options with label '-' are selected in object 'Object Repository/ADMIN/Categories/Category/dropdown_Parent' 

2019-11-25 09:53:42 - [TEST_STEP][PASSED] - click: Object: 'Object Repository/ADMIN/Categories/Category/button_Browse' is clicked on

2019-11-25 09:53:43 - [MESSAGE][PASSED] - Object: 'Object Repository/ADMIN/Categories/Category/button_Browse' is clicked on

2019-11-25 09:53:43 - [TEST_STEP][PASSED] - delay: Delayed 1 second(s)

2019-11-25 09:53:44 - [MESSAGE][PASSED] - Delayed 1 second(s)

2019-11-25 09:53:44 - [TEST_STEP][FAILED] - uploadFile: Unable to upload file 'C:\\Users\\Arcadier\\git\\Trillia\\Images\\Category\\7.png' to object 'Object Repository/ADMIN/Categories/Category/image_input image' (Root cause: org.openqa.selenium.WebDriverException: invalid argument: File not found : C:\\Users\\Arcadier\\git\\Trillia\\Images\\Category\\7.png
  (Session info: chrome=78.0.3904.108)
  (Driver info: chromedriver=2.35.528161 (5b82f2d2aae0ca24b877009200ced9065a772e73),platform=Windows NT 6.1.7601 SP1 x86_64) (WARNING: The server did not provide any stacktrace information)
Command duration or timeout: 0 milliseconds
Build info: version: '3.7.1', revision: '8a0099a', time: '2017-11-06T21:07:36.161Z'
System info: host: 'APRIL-PC', ip: '10.10.31.51', os.name: 'Windows 7', os.arch: 'amd64', os.version: '6.1', java.version: '1.8.0_102'
Driver info: com.kms.katalon.selenium.driver.CChromeDriver
Capabilities {acceptInsecureCerts: false, acceptSslCerts: false, applicationCacheEnabled: false, browserConnectionEnabled: false, browserName: chrome, chrome: {chromedriverVersion: 2.35.528161 (5b82f2d2aae0ca..., userDataDir: C:\Users\April\AppData\Loca...}, cssSelectorsEnabled: true, databaseEnabled: false, handlesAlerts: true, hasTouchScreen: false, javascriptEnabled: true, locationContextEnabled: true, mobileEmulationEnabled: false, nativeEvents: true, networkConnectionEnabled: false, pageLoadStrategy: normal, platform: XP, platformName: XP, rotatable: false, setWindowRect: true, takesHeapSnapshot: true, takesScreenshot: true, unexpectedAlertBehaviour: , unhandledPromptBehavior: , version: 78.0.3904.108, webStorageEnabled: true}
Session ID: cfe3a530f1bc406e2ea68220d7af8649)

2019-11-25 09:53:45 - [MESSAGE][FAILED] - Unable to upload file 'C:\\Users\\Arcadier\\git\\Trillia\\Images\\Category\\7.png' to object 'Object Repository/ADMIN/Categories/Category/image_input image' (Root cause: org.openqa.selenium.WebDriverException: invalid argument: File not found : C:\\Users\\Arcadier\\git\\Trillia\\Images\\Category\\7.png
  (Session info: chrome=78.0.3904.108)
  (Driver info: chromedriver=2.35.528161 (5b82f2d2aae0ca24b877009200ced9065a772e73),platform=Windows NT 6.1.7601 SP1 x86_64) (WARNING: The server did not provide any stacktrace information)
Command duration or timeout: 0 milliseconds
Build info: version: '3.7.1', revision: '8a0099a', time: '2017-11-06T21:07:36.161Z'
System info: host: 'APRIL-PC', ip: '10.10.31.51', os.name: 'Windows 7', os.arch: 'amd64', os.version: '6.1', java.version: '1.8.0_102'
Driver info: com.kms.katalon.selenium.driver.CChromeDriver
Capabilities {acceptInsecureCerts: false, acceptSslCerts: false, applicationCacheEnabled: false, browserConnectionEnabled: false, browserName: chrome, chrome: {chromedriverVersion: 2.35.528161 (5b82f2d2aae0ca..., userDataDir: C:\Users\April\AppData\Loca...}, cssSelectorsEnabled: true, databaseEnabled: false, handlesAlerts: true, hasTouchScreen: false, javascriptEnabled: true, locationContextEnabled: true, mobileEmulationEnabled: false, nativeEvents: true, networkConnectionEnabled: false, pageLoadStrategy: normal, platform: XP, platformName: XP, rotatable: false, setWindowRect: true, takesHeapSnapshot: true, takesScreenshot: true, unexpectedAlertBehaviour: , unhandledPromptBehavior: , version: 78.0.3904.108, webStorageEnabled: true}
Session ID: cfe3a530f1bc406e2ea68220d7af8649)
[[ATTACHMENT|C:\\Users\\April\\git\\Trillia\\Reports\\Admin\\Categories\\Add Category\\20191125_093242\\1574646824443.png]]

2019-11-25 09:53:45 - [TEST_STEP][PASSED] - waitForElementVisible: Object 'Object Repository/ADMIN/Categories/Category/button_upload check' is visible

2019-11-25 09:53:45 - [MESSAGE][WARNING] - Timeout '0' is invalid. Using default page load timeout: '30'

2019-11-25 09:53:46 - [MESSAGE][PASSED] - Object 'Object Repository/ADMIN/Categories/Category/button_upload check' is visible

2019-11-25 09:53:46 - [TEST_STEP][PASSED] - click: Object: 'Object Repository/ADMIN/Categories/Category/button_upload check' is clicked on

2019-11-25 09:53:46 - [MESSAGE][PASSED] - Object: 'Object Repository/ADMIN/Categories/Category/button_upload check' is clicked on

2019-11-25 09:53:46 - [TEST_STEP][PASSED] - waitForElementVisible: Object 'Object Repository/ADMIN/Categories/Category/button_upload save' is visible

2019-11-25 09:53:47 - [MESSAGE][WARNING] - Timeout '0' is invalid. Using default page load timeout: '30'

2019-11-25 09:53:47 - [MESSAGE][PASSED] - Object 'Object Repository/ADMIN/Categories/Category/button_upload save' is visible

2019-11-25 09:53:47 - [TEST_STEP][PASSED] - click: Object: 'Object Repository/ADMIN/Categories/Category/button_upload save' is clicked on

2019-11-25 09:53:47 - [MESSAGE][PASSED] - Object: 'Object Repository/ADMIN/Categories/Category/button_upload save' is clicked on

2019-11-25 09:53:47 - [TEST_STEP][PASSED] - delay: Delayed 1 second(s)

2019-11-25 09:53:48 - [MESSAGE][PASSED] - Delayed 1 second(s)

2019-11-25 09:53:49 - [TEST_STEP][PASSED] - setText: Text 'Description63' is set on object 'Object Repository/ADMIN/Categories/Category/textfield_category_description'

2019-11-25 09:53:49 - [MESSAGE][PASSED] - Text 'Description63' is set on object 'Object Repository/ADMIN/Categories/Category/textfield_category_description'

2019-11-25 09:53:49 - [TEST_STEP][PASSED] - click: Object: 'Object Repository/ADMIN/Categories/Category/button_Save' is clicked on

2019-11-25 09:53:50 - [MESSAGE][PASSED] - Object: 'Object Repository/ADMIN/Categories/Category/button_Save' is clicked on

2019-11-25 09:53:50 - [TEST_STEP][PASSED] - waitForElementVisible: Object 'Object Repository/ADMIN/Categories/Category/label_edit popup' is visible

2019-11-25 09:53:50 - [MESSAGE][WARNING] - Timeout '0' is invalid. Using default page load timeout: '30'

2019-11-25 09:53:51 - [MESSAGE][PASSED] - Object 'Object Repository/ADMIN/Categories/Category/label_edit popup' is visible

2019-11-25 09:53:51 - [TEST_STEP][PASSED] - waitForElementNotPresent: Web element with id: 'Object Repository/ADMIN/Categories/Category/label_edit popup' located by 'By.xpath: //div[(text() = 'Category was successfully saved.' or . = 'Category was successfully saved.')]' is not present after '30' second(s)

2019-11-25 09:53:52 - [MESSAGE][WARNING] - Timeout '0' is invalid. Using default page load timeout: '30'

2019-11-25 09:53:56 - [MESSAGE][PASSED] - Web element with id: 'Object Repository/ADMIN/Categories/Category/label_edit popup' located by 'By.xpath: //div[(text() = 'Category was successfully saved.' or . = 'Category was successfully saved.')]' is not present after '30' second(s)]]></system-out>
         <system-err><![CDATA[2019-11-25 09:53:36 - [TEST_CASE][FAILED] - Test Cases/ADMIN/Content Mgmt/Categories/Category Add-Edit/Add Category: Test Cases/ADMIN/Content Mgmt/Categories/Category Add-Edit/Add Category FAILED because (of) Unable to upload file 'C:\\Users\\Arcadier\\git\\Trillia\\Images\\Category\\7.png' to object 'Object Repository/ADMIN/Categories/Category/image_input image' (Root cause: org.openqa.selenium.WebDriverException: invalid argument: File not found : C:\\Users\\Arcadier\\git\\Trillia\\Images\\Category\\7.png
  (Session info: chrome=78.0.3904.108)
  (Driver info: chromedriver=2.35.528161 (5b82f2d2aae0ca24b877009200ced9065a772e73),platform=Windows NT 6.1.7601 SP1 x86_64) (WARNING: The server did not provide any stacktrace information)
Command duration or timeout: 0 milliseconds
Build info: version: '3.7.1', revision: '8a0099a', time: '2017-11-06T21:07:36.161Z'
System info: host: 'APRIL-PC', ip: '10.10.31.51', os.name: 'Windows 7', os.arch: 'amd64', os.version: '6.1', java.version: '1.8.0_102'
Driver info: com.kms.katalon.selenium.driver.CChromeDriver
Capabilities {acceptInsecureCerts: false, acceptSslCerts: false, applicationCacheEnabled: false, browserConnectionEnabled: false, browserName: chrome, chrome: {chromedriverVersion: 2.35.528161 (5b82f2d2aae0ca..., userDataDir: C:\Users\April\AppData\Loca...}, cssSelectorsEnabled: true, databaseEnabled: false, handlesAlerts: true, hasTouchScreen: false, javascriptEnabled: true, locationContextEnabled: true, mobileEmulationEnabled: false, nativeEvents: true, networkConnectionEnabled: false, pageLoadStrategy: normal, platform: XP, platformName: XP, rotatable: false, setWindowRect: true, takesHeapSnapshot: true, takesScreenshot: true, unexpectedAlertBehaviour: , unhandledPromptBehavior: , version: 78.0.3904.108, webStorageEnabled: true}
Session ID: cfe3a530f1bc406e2ea68220d7af8649)]]></system-err>
      </testcase>
      <testcase name="Test Cases/ADMIN/Content Mgmt/Categories/Category Add-Edit/Add Category" classname="Test Cases/ADMIN/Content Mgmt/Categories/Category Add-Edit/Add Category" status="FAILED">
         <failure type="FAILED" message="Unable to upload file 'C:\\Users\\Arcadier\\git\\Trillia\\Images\\Category\\8.png' to object 'Object Repository/ADMIN/Categories/Category/image_input image' (Root cause: org.openqa.selenium.WebDriverException: invalid argument: File not found : C:\\Users\\Arcadier\\git\\Trillia\\Images\\Category\\8.png
  (Session info: chrome=78.0.3904.108)
  (Driver info: chromedriver=2.35.528161 (5b82f2d2aae0ca24b877009200ced9065a772e73),platform=Windows NT 6.1.7601 SP1 x86_64) (WARNING: The server did not provide any stacktrace information)
Command duration or timeout: 0 milliseconds
Build info: version: '3.7.1', revision: '8a0099a', time: '2017-11-06T21:07:36.161Z'
System info: host: 'APRIL-PC', ip: '10.10.31.51', os.name: 'Windows 7', os.arch: 'amd64', os.version: '6.1', java.version: '1.8.0_102'
Driver info: com.kms.katalon.selenium.driver.CChromeDriver
Capabilities {acceptInsecureCerts: false, acceptSslCerts: false, applicationCacheEnabled: false, browserConnectionEnabled: false, browserName: chrome, chrome: {chromedriverVersion: 2.35.528161 (5b82f2d2aae0ca..., userDataDir: C:\Users\April\AppData\Loca...}, cssSelectorsEnabled: true, databaseEnabled: false, handlesAlerts: true, hasTouchScreen: false, javascriptEnabled: true, locationContextEnabled: true, mobileEmulationEnabled: false, nativeEvents: true, networkConnectionEnabled: false, pageLoadStrategy: normal, platform: XP, platformName: XP, rotatable: false, setWindowRect: true, takesHeapSnapshot: true, takesScreenshot: true, unexpectedAlertBehaviour: , unhandledPromptBehavior: , version: 78.0.3904.108, webStorageEnabled: true}
Session ID: cfe3a530f1bc406e2ea68220d7af8649)"/>
         <system-out><![CDATA[2019-11-25 09:53:56 - [TEST_CASE][FAILED] - Test Cases/ADMIN/Content Mgmt/Categories/Category Add-Edit/Add Category: Test Cases/ADMIN/Content Mgmt/Categories/Category Add-Edit/Add Category FAILED because (of) Unable to upload file 'C:\\Users\\Arcadier\\git\\Trillia\\Images\\Category\\8.png' to object 'Object Repository/ADMIN/Categories/Category/image_input image' (Root cause: org.openqa.selenium.WebDriverException: invalid argument: File not found : C:\\Users\\Arcadier\\git\\Trillia\\Images\\Category\\8.png
  (Session info: chrome=78.0.3904.108)
  (Driver info: chromedriver=2.35.528161 (5b82f2d2aae0ca24b877009200ced9065a772e73),platform=Windows NT 6.1.7601 SP1 x86_64) (WARNING: The server did not provide any stacktrace information)
Command duration or timeout: 0 milliseconds
Build info: version: '3.7.1', revision: '8a0099a', time: '2017-11-06T21:07:36.161Z'
System info: host: 'APRIL-PC', ip: '10.10.31.51', os.name: 'Windows 7', os.arch: 'amd64', os.version: '6.1', java.version: '1.8.0_102'
Driver info: com.kms.katalon.selenium.driver.CChromeDriver
Capabilities {acceptInsecureCerts: false, acceptSslCerts: false, applicationCacheEnabled: false, browserConnectionEnabled: false, browserName: chrome, chrome: {chromedriverVersion: 2.35.528161 (5b82f2d2aae0ca..., userDataDir: C:\Users\April\AppData\Loca...}, cssSelectorsEnabled: true, databaseEnabled: false, handlesAlerts: true, hasTouchScreen: false, javascriptEnabled: true, locationContextEnabled: true, mobileEmulationEnabled: false, nativeEvents: true, networkConnectionEnabled: false, pageLoadStrategy: normal, platform: XP, platformName: XP, rotatable: false, setWindowRect: true, takesHeapSnapshot: true, takesScreenshot: true, unexpectedAlertBehaviour: , unhandledPromptBehavior: , version: 78.0.3904.108, webStorageEnabled: true}
Session ID: cfe3a530f1bc406e2ea68220d7af8649)

2019-11-25 09:53:56 - [TEST_STEP][PASSED] - waitForElementVisible: Object 'Object Repository/ADMIN/Categories/Category List/button_Content Mgmt' is visible

2019-11-25 09:53:56 - [MESSAGE][WARNING] - Timeout '0' is invalid. Using default page load timeout: '30'

2019-11-25 09:53:56 - [MESSAGE][PASSED] - Object 'Object Repository/ADMIN/Categories/Category List/button_Content Mgmt' is visible

2019-11-25 09:53:56 - [TEST_STEP][PASSED] - click: Object: 'Object Repository/ADMIN/Categories/Category List/button_Content Mgmt' is clicked on

2019-11-25 09:53:56 - [MESSAGE][PASSED] - Object: 'Object Repository/ADMIN/Categories/Category List/button_Content Mgmt' is clicked on

2019-11-25 09:53:56 - [TEST_STEP][PASSED] - waitForElementVisible: Object 'Object Repository/ADMIN/Categories/Category List/button_Categories' is visible

2019-11-25 09:53:57 - [MESSAGE][WARNING] - Timeout '0' is invalid. Using default page load timeout: '30'

2019-11-25 09:53:57 - [MESSAGE][PASSED] - Object 'Object Repository/ADMIN/Categories/Category List/button_Categories' is visible

2019-11-25 09:53:57 - [TEST_STEP][PASSED] - click: Object: 'Object Repository/ADMIN/Categories/Category List/button_Categories' is clicked on

2019-11-25 09:53:58 - [MESSAGE][PASSED] - Object: 'Object Repository/ADMIN/Categories/Category List/button_Categories' is clicked on

2019-11-25 09:53:58 - [TEST_STEP][PASSED] - click: Object: 'Object Repository/ADMIN/Categories/Category List/button_AddACategory' is clicked on

2019-11-25 09:53:58 - [MESSAGE][PASSED] - Object: 'Object Repository/ADMIN/Categories/Category List/button_AddACategory' is clicked on

2019-11-25 09:53:58 - [TEST_STEP][PASSED] - waitForElementPresent: Object 'Object Repository/ADMIN/Categories/Category/dropdown_Parent' is present

2019-11-25 09:53:58 - [MESSAGE][PASSED] - Object 'Object Repository/ADMIN/Categories/Category/dropdown_Parent' is present

2019-11-25 09:53:58 - [TEST_STEP][PASSED] - delay: Delayed 1 second(s)

2019-11-25 09:53:59 - [MESSAGE][PASSED] - Delayed 1 second(s)

2019-11-25 09:53:59 - [TEST_STEP][PASSED] - setText: Text 'Category 08' is set on object 'Object Repository/ADMIN/Categories/Category/textfield_Category Name'

2019-11-25 09:54:00 - [MESSAGE][PASSED] - Text 'Category 08' is set on object 'Object Repository/ADMIN/Categories/Category/textfield_Category Name'

2019-11-25 09:54:00 - [TEST_STEP][PASSED] - click: Object: 'Object Repository/ADMIN/Categories/Category/dropdown_Parent' is clicked on

2019-11-25 09:54:00 - [MESSAGE][PASSED] - Object: 'Object Repository/ADMIN/Categories/Category/dropdown_Parent' is clicked on

2019-11-25 09:54:00 - [TEST_STEP][PASSED] - delay: Delayed 2 second(s)

2019-11-25 09:54:02 - [MESSAGE][PASSED] - Delayed 2 second(s)

2019-11-25 09:54:02 - [TEST_STEP][PASSED] - click: Object: 'Object Repository/ADMIN/Categories/Category/dropdown_Parent' is clicked on

2019-11-25 09:54:03 - [MESSAGE][PASSED] - Object: 'Object Repository/ADMIN/Categories/Category/dropdown_Parent' is clicked on

2019-11-25 09:54:03 - [TEST_STEP][PASSED] - selectOptionByLabel: All options with label '-' are selected in object 'Object Repository/ADMIN/Categories/Category/dropdown_Parent' 

2019-11-25 09:54:03 - [MESSAGE][PASSED] - All options with label '-' are selected in object 'Object Repository/ADMIN/Categories/Category/dropdown_Parent' 

2019-11-25 09:54:03 - [TEST_STEP][PASSED] - click: Object: 'Object Repository/ADMIN/Categories/Category/button_Browse' is clicked on

2019-11-25 09:54:03 - [MESSAGE][PASSED] - Object: 'Object Repository/ADMIN/Categories/Category/button_Browse' is clicked on

2019-11-25 09:54:03 - [TEST_STEP][PASSED] - delay: Delayed 1 second(s)

2019-11-25 09:54:04 - [MESSAGE][PASSED] - Delayed 1 second(s)

2019-11-25 09:54:04 - [TEST_STEP][FAILED] - uploadFile: Unable to upload file 'C:\\Users\\Arcadier\\git\\Trillia\\Images\\Category\\8.png' to object 'Object Repository/ADMIN/Categories/Category/image_input image' (Root cause: org.openqa.selenium.WebDriverException: invalid argument: File not found : C:\\Users\\Arcadier\\git\\Trillia\\Images\\Category\\8.png
  (Session info: chrome=78.0.3904.108)
  (Driver info: chromedriver=2.35.528161 (5b82f2d2aae0ca24b877009200ced9065a772e73),platform=Windows NT 6.1.7601 SP1 x86_64) (WARNING: The server did not provide any stacktrace information)
Command duration or timeout: 0 milliseconds
Build info: version: '3.7.1', revision: '8a0099a', time: '2017-11-06T21:07:36.161Z'
System info: host: 'APRIL-PC', ip: '10.10.31.51', os.name: 'Windows 7', os.arch: 'amd64', os.version: '6.1', java.version: '1.8.0_102'
Driver info: com.kms.katalon.selenium.driver.CChromeDriver
Capabilities {acceptInsecureCerts: false, acceptSslCerts: false, applicationCacheEnabled: false, browserConnectionEnabled: false, browserName: chrome, chrome: {chromedriverVersion: 2.35.528161 (5b82f2d2aae0ca..., userDataDir: C:\Users\April\AppData\Loca...}, cssSelectorsEnabled: true, databaseEnabled: false, handlesAlerts: true, hasTouchScreen: false, javascriptEnabled: true, locationContextEnabled: true, mobileEmulationEnabled: false, nativeEvents: true, networkConnectionEnabled: false, pageLoadStrategy: normal, platform: XP, platformName: XP, rotatable: false, setWindowRect: true, takesHeapSnapshot: true, takesScreenshot: true, unexpectedAlertBehaviour: , unhandledPromptBehavior: , version: 78.0.3904.108, webStorageEnabled: true}
Session ID: cfe3a530f1bc406e2ea68220d7af8649)

2019-11-25 09:54:04 - [MESSAGE][FAILED] - Unable to upload file 'C:\\Users\\Arcadier\\git\\Trillia\\Images\\Category\\8.png' to object 'Object Repository/ADMIN/Categories/Category/image_input image' (Root cause: org.openqa.selenium.WebDriverException: invalid argument: File not found : C:\\Users\\Arcadier\\git\\Trillia\\Images\\Category\\8.png
  (Session info: chrome=78.0.3904.108)
  (Driver info: chromedriver=2.35.528161 (5b82f2d2aae0ca24b877009200ced9065a772e73),platform=Windows NT 6.1.7601 SP1 x86_64) (WARNING: The server did not provide any stacktrace information)
Command duration or timeout: 0 milliseconds
Build info: version: '3.7.1', revision: '8a0099a', time: '2017-11-06T21:07:36.161Z'
System info: host: 'APRIL-PC', ip: '10.10.31.51', os.name: 'Windows 7', os.arch: 'amd64', os.version: '6.1', java.version: '1.8.0_102'
Driver info: com.kms.katalon.selenium.driver.CChromeDriver
Capabilities {acceptInsecureCerts: false, acceptSslCerts: false, applicationCacheEnabled: false, browserConnectionEnabled: false, browserName: chrome, chrome: {chromedriverVersion: 2.35.528161 (5b82f2d2aae0ca..., userDataDir: C:\Users\April\AppData\Loca...}, cssSelectorsEnabled: true, databaseEnabled: false, handlesAlerts: true, hasTouchScreen: false, javascriptEnabled: true, locationContextEnabled: true, mobileEmulationEnabled: false, nativeEvents: true, networkConnectionEnabled: false, pageLoadStrategy: normal, platform: XP, platformName: XP, rotatable: false, setWindowRect: true, takesHeapSnapshot: true, takesScreenshot: true, unexpectedAlertBehaviour: , unhandledPromptBehavior: , version: 78.0.3904.108, webStorageEnabled: true}
Session ID: cfe3a530f1bc406e2ea68220d7af8649)
[[ATTACHMENT|C:\\Users\\April\\git\\Trillia\\Reports\\Admin\\Categories\\Add Category\\20191125_093242\\1574646844532.png]]

2019-11-25 09:54:04 - [TEST_STEP][PASSED] - waitForElementVisible: Object 'Object Repository/ADMIN/Categories/Category/button_upload check' is visible

2019-11-25 09:54:04 - [MESSAGE][WARNING] - Timeout '0' is invalid. Using default page load timeout: '30'

2019-11-25 09:54:05 - [MESSAGE][PASSED] - Object 'Object Repository/ADMIN/Categories/Category/button_upload check' is visible

2019-11-25 09:54:06 - [TEST_STEP][PASSED] - click: Object: 'Object Repository/ADMIN/Categories/Category/button_upload check' is clicked on

2019-11-25 09:54:06 - [MESSAGE][PASSED] - Object: 'Object Repository/ADMIN/Categories/Category/button_upload check' is clicked on

2019-11-25 09:54:06 - [TEST_STEP][PASSED] - waitForElementVisible: Object 'Object Repository/ADMIN/Categories/Category/button_upload save' is visible

2019-11-25 09:54:06 - [MESSAGE][WARNING] - Timeout '0' is invalid. Using default page load timeout: '30'

2019-11-25 09:54:06 - [MESSAGE][PASSED] - Object 'Object Repository/ADMIN/Categories/Category/button_upload save' is visible

2019-11-25 09:54:08 - [TEST_STEP][PASSED] - click: Object: 'Object Repository/ADMIN/Categories/Category/button_upload save' is clicked on

2019-11-25 09:54:08 - [MESSAGE][PASSED] - Object: 'Object Repository/ADMIN/Categories/Category/button_upload save' is clicked on

2019-11-25 09:54:08 - [TEST_STEP][PASSED] - delay: Delayed 1 second(s)

2019-11-25 09:54:09 - [MESSAGE][PASSED] - Delayed 1 second(s)

2019-11-25 09:54:09 - [TEST_STEP][PASSED] - setText: Text 'Description64' is set on object 'Object Repository/ADMIN/Categories/Category/textfield_category_description'

2019-11-25 09:54:10 - [MESSAGE][PASSED] - Text 'Description64' is set on object 'Object Repository/ADMIN/Categories/Category/textfield_category_description'

2019-11-25 09:54:10 - [TEST_STEP][PASSED] - click: Object: 'Object Repository/ADMIN/Categories/Category/button_Save' is clicked on

2019-11-25 09:54:10 - [MESSAGE][PASSED] - Object: 'Object Repository/ADMIN/Categories/Category/button_Save' is clicked on

2019-11-25 09:54:10 - [TEST_STEP][PASSED] - waitForElementVisible: Object 'Object Repository/ADMIN/Categories/Category/label_edit popup' is visible

2019-11-25 09:54:11 - [MESSAGE][WARNING] - Timeout '0' is invalid. Using default page load timeout: '30'

2019-11-25 09:54:11 - [MESSAGE][PASSED] - Object 'Object Repository/ADMIN/Categories/Category/label_edit popup' is visible

2019-11-25 09:54:11 - [TEST_STEP][PASSED] - waitForElementNotPresent: Web element with id: 'Object Repository/ADMIN/Categories/Category/label_edit popup' located by 'By.xpath: //div[(text() = 'Category was successfully saved.' or . = 'Category was successfully saved.')]' is not present after '30' second(s)

2019-11-25 09:54:11 - [MESSAGE][WARNING] - Timeout '0' is invalid. Using default page load timeout: '30'

2019-11-25 09:54:16 - [MESSAGE][PASSED] - Web element with id: 'Object Repository/ADMIN/Categories/Category/label_edit popup' located by 'By.xpath: //div[(text() = 'Category was successfully saved.' or . = 'Category was successfully saved.')]' is not present after '30' second(s)]]></system-out>
         <system-err><![CDATA[2019-11-25 09:53:56 - [TEST_CASE][FAILED] - Test Cases/ADMIN/Content Mgmt/Categories/Category Add-Edit/Add Category: Test Cases/ADMIN/Content Mgmt/Categories/Category Add-Edit/Add Category FAILED because (of) Unable to upload file 'C:\\Users\\Arcadier\\git\\Trillia\\Images\\Category\\8.png' to object 'Object Repository/ADMIN/Categories/Category/image_input image' (Root cause: org.openqa.selenium.WebDriverException: invalid argument: File not found : C:\\Users\\Arcadier\\git\\Trillia\\Images\\Category\\8.png
  (Session info: chrome=78.0.3904.108)
  (Driver info: chromedriver=2.35.528161 (5b82f2d2aae0ca24b877009200ced9065a772e73),platform=Windows NT 6.1.7601 SP1 x86_64) (WARNING: The server did not provide any stacktrace information)
Command duration or timeout: 0 milliseconds
Build info: version: '3.7.1', revision: '8a0099a', time: '2017-11-06T21:07:36.161Z'
System info: host: 'APRIL-PC', ip: '10.10.31.51', os.name: 'Windows 7', os.arch: 'amd64', os.version: '6.1', java.version: '1.8.0_102'
Driver info: com.kms.katalon.selenium.driver.CChromeDriver
Capabilities {acceptInsecureCerts: false, acceptSslCerts: false, applicationCacheEnabled: false, browserConnectionEnabled: false, browserName: chrome, chrome: {chromedriverVersion: 2.35.528161 (5b82f2d2aae0ca..., userDataDir: C:\Users\April\AppData\Loca...}, cssSelectorsEnabled: true, databaseEnabled: false, handlesAlerts: true, hasTouchScreen: false, javascriptEnabled: true, locationContextEnabled: true, mobileEmulationEnabled: false, nativeEvents: true, networkConnectionEnabled: false, pageLoadStrategy: normal, platform: XP, platformName: XP, rotatable: false, setWindowRect: true, takesHeapSnapshot: true, takesScreenshot: true, unexpectedAlertBehaviour: , unhandledPromptBehavior: , version: 78.0.3904.108, webStorageEnabled: true}
Session ID: cfe3a530f1bc406e2ea68220d7af8649)]]></system-err>
      </testcase>
      <testcase name="Test Cases/ADMIN/Content Mgmt/Categories/Category Add-Edit/Add Category" classname="Test Cases/ADMIN/Content Mgmt/Categories/Category Add-Edit/Add Category" status="FAILED">
         <failure type="FAILED" message="Unable to upload file 'C:\\Users\\Arcadier\\git\\Trillia\\Images\\Category\\9.png' to object 'Object Repository/ADMIN/Categories/Category/image_input image' (Root cause: org.openqa.selenium.WebDriverException: invalid argument: File not found : C:\\Users\\Arcadier\\git\\Trillia\\Images\\Category\\9.png
  (Session info: chrome=78.0.3904.108)
  (Driver info: chromedriver=2.35.528161 (5b82f2d2aae0ca24b877009200ced9065a772e73),platform=Windows NT 6.1.7601 SP1 x86_64) (WARNING: The server did not provide any stacktrace information)
Command duration or timeout: 0 milliseconds
Build info: version: '3.7.1', revision: '8a0099a', time: '2017-11-06T21:07:36.161Z'
System info: host: 'APRIL-PC', ip: '10.10.31.51', os.name: 'Windows 7', os.arch: 'amd64', os.version: '6.1', java.version: '1.8.0_102'
Driver info: com.kms.katalon.selenium.driver.CChromeDriver
Capabilities {acceptInsecureCerts: false, acceptSslCerts: false, applicationCacheEnabled: false, browserConnectionEnabled: false, browserName: chrome, chrome: {chromedriverVersion: 2.35.528161 (5b82f2d2aae0ca..., userDataDir: C:\Users\April\AppData\Loca...}, cssSelectorsEnabled: true, databaseEnabled: false, handlesAlerts: true, hasTouchScreen: false, javascriptEnabled: true, locationContextEnabled: true, mobileEmulationEnabled: false, nativeEvents: true, networkConnectionEnabled: false, pageLoadStrategy: normal, platform: XP, platformName: XP, rotatable: false, setWindowRect: true, takesHeapSnapshot: true, takesScreenshot: true, unexpectedAlertBehaviour: , unhandledPromptBehavior: , version: 78.0.3904.108, webStorageEnabled: true}
Session ID: cfe3a530f1bc406e2ea68220d7af8649)"/>
         <system-out><![CDATA[2019-11-25 09:54:16 - [TEST_CASE][FAILED] - Test Cases/ADMIN/Content Mgmt/Categories/Category Add-Edit/Add Category: Test Cases/ADMIN/Content Mgmt/Categories/Category Add-Edit/Add Category FAILED because (of) Unable to upload file 'C:\\Users\\Arcadier\\git\\Trillia\\Images\\Category\\9.png' to object 'Object Repository/ADMIN/Categories/Category/image_input image' (Root cause: org.openqa.selenium.WebDriverException: invalid argument: File not found : C:\\Users\\Arcadier\\git\\Trillia\\Images\\Category\\9.png
  (Session info: chrome=78.0.3904.108)
  (Driver info: chromedriver=2.35.528161 (5b82f2d2aae0ca24b877009200ced9065a772e73),platform=Windows NT 6.1.7601 SP1 x86_64) (WARNING: The server did not provide any stacktrace information)
Command duration or timeout: 0 milliseconds
Build info: version: '3.7.1', revision: '8a0099a', time: '2017-11-06T21:07:36.161Z'
System info: host: 'APRIL-PC', ip: '10.10.31.51', os.name: 'Windows 7', os.arch: 'amd64', os.version: '6.1', java.version: '1.8.0_102'
Driver info: com.kms.katalon.selenium.driver.CChromeDriver
Capabilities {acceptInsecureCerts: false, acceptSslCerts: false, applicationCacheEnabled: false, browserConnectionEnabled: false, browserName: chrome, chrome: {chromedriverVersion: 2.35.528161 (5b82f2d2aae0ca..., userDataDir: C:\Users\April\AppData\Loca...}, cssSelectorsEnabled: true, databaseEnabled: false, handlesAlerts: true, hasTouchScreen: false, javascriptEnabled: true, locationContextEnabled: true, mobileEmulationEnabled: false, nativeEvents: true, networkConnectionEnabled: false, pageLoadStrategy: normal, platform: XP, platformName: XP, rotatable: false, setWindowRect: true, takesHeapSnapshot: true, takesScreenshot: true, unexpectedAlertBehaviour: , unhandledPromptBehavior: , version: 78.0.3904.108, webStorageEnabled: true}
Session ID: cfe3a530f1bc406e2ea68220d7af8649)

2019-11-25 09:54:16 - [TEST_STEP][PASSED] - waitForElementVisible: Object 'Object Repository/ADMIN/Categories/Category List/button_Content Mgmt' is visible

2019-11-25 09:54:16 - [MESSAGE][WARNING] - Timeout '0' is invalid. Using default page load timeout: '30'

2019-11-25 09:54:16 - [MESSAGE][PASSED] - Object 'Object Repository/ADMIN/Categories/Category List/button_Content Mgmt' is visible

2019-11-25 09:54:16 - [TEST_STEP][PASSED] - click: Object: 'Object Repository/ADMIN/Categories/Category List/button_Content Mgmt' is clicked on

2019-11-25 09:54:16 - [MESSAGE][PASSED] - Object: 'Object Repository/ADMIN/Categories/Category List/button_Content Mgmt' is clicked on

2019-11-25 09:54:16 - [TEST_STEP][PASSED] - waitForElementVisible: Object 'Object Repository/ADMIN/Categories/Category List/button_Categories' is visible

2019-11-25 09:54:16 - [MESSAGE][WARNING] - Timeout '0' is invalid. Using default page load timeout: '30'

2019-11-25 09:54:17 - [MESSAGE][PASSED] - Object 'Object Repository/ADMIN/Categories/Category List/button_Categories' is visible

2019-11-25 09:54:17 - [TEST_STEP][PASSED] - click: Object: 'Object Repository/ADMIN/Categories/Category List/button_Categories' is clicked on

2019-11-25 09:54:18 - [MESSAGE][PASSED] - Object: 'Object Repository/ADMIN/Categories/Category List/button_Categories' is clicked on

2019-11-25 09:54:18 - [TEST_STEP][PASSED] - click: Object: 'Object Repository/ADMIN/Categories/Category List/button_AddACategory' is clicked on

2019-11-25 09:54:18 - [MESSAGE][PASSED] - Object: 'Object Repository/ADMIN/Categories/Category List/button_AddACategory' is clicked on

2019-11-25 09:54:18 - [TEST_STEP][PASSED] - waitForElementPresent: Object 'Object Repository/ADMIN/Categories/Category/dropdown_Parent' is present

2019-11-25 09:54:18 - [MESSAGE][PASSED] - Object 'Object Repository/ADMIN/Categories/Category/dropdown_Parent' is present

2019-11-25 09:54:18 - [TEST_STEP][PASSED] - delay: Delayed 1 second(s)

2019-11-25 09:54:19 - [MESSAGE][PASSED] - Delayed 1 second(s)

2019-11-25 09:54:19 - [TEST_STEP][PASSED] - setText: Text 'Category 09' is set on object 'Object Repository/ADMIN/Categories/Category/textfield_Category Name'

2019-11-25 09:54:19 - [MESSAGE][PASSED] - Text 'Category 09' is set on object 'Object Repository/ADMIN/Categories/Category/textfield_Category Name'

2019-11-25 09:54:19 - [TEST_STEP][PASSED] - click: Object: 'Object Repository/ADMIN/Categories/Category/dropdown_Parent' is clicked on

2019-11-25 09:54:20 - [MESSAGE][PASSED] - Object: 'Object Repository/ADMIN/Categories/Category/dropdown_Parent' is clicked on

2019-11-25 09:54:20 - [TEST_STEP][PASSED] - delay: Delayed 2 second(s)

2019-11-25 09:54:23 - [MESSAGE][PASSED] - Delayed 2 second(s)

2019-11-25 09:54:23 - [TEST_STEP][PASSED] - click: Object: 'Object Repository/ADMIN/Categories/Category/dropdown_Parent' is clicked on

2019-11-25 09:54:23 - [MESSAGE][PASSED] - Object: 'Object Repository/ADMIN/Categories/Category/dropdown_Parent' is clicked on

2019-11-25 09:54:23 - [TEST_STEP][PASSED] - selectOptionByLabel: All options with label '-' are selected in object 'Object Repository/ADMIN/Categories/Category/dropdown_Parent' 

2019-11-25 09:54:23 - [MESSAGE][PASSED] - All options with label '-' are selected in object 'Object Repository/ADMIN/Categories/Category/dropdown_Parent' 

2019-11-25 09:54:23 - [TEST_STEP][PASSED] - click: Object: 'Object Repository/ADMIN/Categories/Category/button_Browse' is clicked on

2019-11-25 09:54:23 - [MESSAGE][PASSED] - Object: 'Object Repository/ADMIN/Categories/Category/button_Browse' is clicked on

2019-11-25 09:54:23 - [TEST_STEP][PASSED] - delay: Delayed 1 second(s)

2019-11-25 09:54:24 - [MESSAGE][PASSED] - Delayed 1 second(s)

2019-11-25 09:54:24 - [TEST_STEP][FAILED] - uploadFile: Unable to upload file 'C:\\Users\\Arcadier\\git\\Trillia\\Images\\Category\\9.png' to object 'Object Repository/ADMIN/Categories/Category/image_input image' (Root cause: org.openqa.selenium.WebDriverException: invalid argument: File not found : C:\\Users\\Arcadier\\git\\Trillia\\Images\\Category\\9.png
  (Session info: chrome=78.0.3904.108)
  (Driver info: chromedriver=2.35.528161 (5b82f2d2aae0ca24b877009200ced9065a772e73),platform=Windows NT 6.1.7601 SP1 x86_64) (WARNING: The server did not provide any stacktrace information)
Command duration or timeout: 0 milliseconds
Build info: version: '3.7.1', revision: '8a0099a', time: '2017-11-06T21:07:36.161Z'
System info: host: 'APRIL-PC', ip: '10.10.31.51', os.name: 'Windows 7', os.arch: 'amd64', os.version: '6.1', java.version: '1.8.0_102'
Driver info: com.kms.katalon.selenium.driver.CChromeDriver
Capabilities {acceptInsecureCerts: false, acceptSslCerts: false, applicationCacheEnabled: false, browserConnectionEnabled: false, browserName: chrome, chrome: {chromedriverVersion: 2.35.528161 (5b82f2d2aae0ca..., userDataDir: C:\Users\April\AppData\Loca...}, cssSelectorsEnabled: true, databaseEnabled: false, handlesAlerts: true, hasTouchScreen: false, javascriptEnabled: true, locationContextEnabled: true, mobileEmulationEnabled: false, nativeEvents: true, networkConnectionEnabled: false, pageLoadStrategy: normal, platform: XP, platformName: XP, rotatable: false, setWindowRect: true, takesHeapSnapshot: true, takesScreenshot: true, unexpectedAlertBehaviour: , unhandledPromptBehavior: , version: 78.0.3904.108, webStorageEnabled: true}
Session ID: cfe3a530f1bc406e2ea68220d7af8649)

2019-11-25 09:54:25 - [MESSAGE][FAILED] - Unable to upload file 'C:\\Users\\Arcadier\\git\\Trillia\\Images\\Category\\9.png' to object 'Object Repository/ADMIN/Categories/Category/image_input image' (Root cause: org.openqa.selenium.WebDriverException: invalid argument: File not found : C:\\Users\\Arcadier\\git\\Trillia\\Images\\Category\\9.png
  (Session info: chrome=78.0.3904.108)
  (Driver info: chromedriver=2.35.528161 (5b82f2d2aae0ca24b877009200ced9065a772e73),platform=Windows NT 6.1.7601 SP1 x86_64) (WARNING: The server did not provide any stacktrace information)
Command duration or timeout: 0 milliseconds
Build info: version: '3.7.1', revision: '8a0099a', time: '2017-11-06T21:07:36.161Z'
System info: host: 'APRIL-PC', ip: '10.10.31.51', os.name: 'Windows 7', os.arch: 'amd64', os.version: '6.1', java.version: '1.8.0_102'
Driver info: com.kms.katalon.selenium.driver.CChromeDriver
Capabilities {acceptInsecureCerts: false, acceptSslCerts: false, applicationCacheEnabled: false, browserConnectionEnabled: false, browserName: chrome, chrome: {chromedriverVersion: 2.35.528161 (5b82f2d2aae0ca..., userDataDir: C:\Users\April\AppData\Loca...}, cssSelectorsEnabled: true, databaseEnabled: false, handlesAlerts: true, hasTouchScreen: false, javascriptEnabled: true, locationContextEnabled: true, mobileEmulationEnabled: false, nativeEvents: true, networkConnectionEnabled: false, pageLoadStrategy: normal, platform: XP, platformName: XP, rotatable: false, setWindowRect: true, takesHeapSnapshot: true, takesScreenshot: true, unexpectedAlertBehaviour: , unhandledPromptBehavior: , version: 78.0.3904.108, webStorageEnabled: true}
Session ID: cfe3a530f1bc406e2ea68220d7af8649)
[[ATTACHMENT|C:\\Users\\April\\git\\Trillia\\Reports\\Admin\\Categories\\Add Category\\20191125_093242\\1574646865145.png]]

2019-11-25 09:54:25 - [TEST_STEP][PASSED] - waitForElementVisible: Object 'Object Repository/ADMIN/Categories/Category/button_upload check' is visible

2019-11-25 09:54:25 - [MESSAGE][WARNING] - Timeout '0' is invalid. Using default page load timeout: '30'

2019-11-25 09:54:26 - [MESSAGE][PASSED] - Object 'Object Repository/ADMIN/Categories/Category/button_upload check' is visible

2019-11-25 09:54:26 - [TEST_STEP][PASSED] - click: Object: 'Object Repository/ADMIN/Categories/Category/button_upload check' is clicked on

2019-11-25 09:54:26 - [MESSAGE][PASSED] - Object: 'Object Repository/ADMIN/Categories/Category/button_upload check' is clicked on

2019-11-25 09:54:26 - [TEST_STEP][PASSED] - waitForElementVisible: Object 'Object Repository/ADMIN/Categories/Category/button_upload save' is visible

2019-11-25 09:54:26 - [MESSAGE][WARNING] - Timeout '0' is invalid. Using default page load timeout: '30'

2019-11-25 09:54:27 - [MESSAGE][PASSED] - Object 'Object Repository/ADMIN/Categories/Category/button_upload save' is visible

2019-11-25 09:54:27 - [TEST_STEP][PASSED] - click: Object: 'Object Repository/ADMIN/Categories/Category/button_upload save' is clicked on

2019-11-25 09:54:28 - [MESSAGE][PASSED] - Object: 'Object Repository/ADMIN/Categories/Category/button_upload save' is clicked on

2019-11-25 09:54:28 - [TEST_STEP][PASSED] - delay: Delayed 1 second(s)

2019-11-25 09:54:29 - [MESSAGE][PASSED] - Delayed 1 second(s)

2019-11-25 09:54:29 - [TEST_STEP][PASSED] - setText: Text 'Description65' is set on object 'Object Repository/ADMIN/Categories/Category/textfield_category_description'

2019-11-25 09:54:30 - [MESSAGE][PASSED] - Text 'Description65' is set on object 'Object Repository/ADMIN/Categories/Category/textfield_category_description'

2019-11-25 09:54:30 - [TEST_STEP][PASSED] - click: Object: 'Object Repository/ADMIN/Categories/Category/button_Save' is clicked on

2019-11-25 09:54:30 - [MESSAGE][PASSED] - Object: 'Object Repository/ADMIN/Categories/Category/button_Save' is clicked on

2019-11-25 09:54:30 - [TEST_STEP][PASSED] - waitForElementVisible: Object 'Object Repository/ADMIN/Categories/Category/label_edit popup' is visible

2019-11-25 09:54:30 - [MESSAGE][WARNING] - Timeout '0' is invalid. Using default page load timeout: '30'

2019-11-25 09:54:32 - [MESSAGE][PASSED] - Object 'Object Repository/ADMIN/Categories/Category/label_edit popup' is visible

2019-11-25 09:54:32 - [TEST_STEP][PASSED] - waitForElementNotPresent: Web element with id: 'Object Repository/ADMIN/Categories/Category/label_edit popup' located by 'By.xpath: //div[(text() = 'Category was successfully saved.' or . = 'Category was successfully saved.')]' is not present after '30' second(s)

2019-11-25 09:54:32 - [MESSAGE][WARNING] - Timeout '0' is invalid. Using default page load timeout: '30'

2019-11-25 09:54:37 - [MESSAGE][PASSED] - Web element with id: 'Object Repository/ADMIN/Categories/Category/label_edit popup' located by 'By.xpath: //div[(text() = 'Category was successfully saved.' or . = 'Category was successfully saved.')]' is not present after '30' second(s)]]></system-out>
         <system-err><![CDATA[2019-11-25 09:54:16 - [TEST_CASE][FAILED] - Test Cases/ADMIN/Content Mgmt/Categories/Category Add-Edit/Add Category: Test Cases/ADMIN/Content Mgmt/Categories/Category Add-Edit/Add Category FAILED because (of) Unable to upload file 'C:\\Users\\Arcadier\\git\\Trillia\\Images\\Category\\9.png' to object 'Object Repository/ADMIN/Categories/Category/image_input image' (Root cause: org.openqa.selenium.WebDriverException: invalid argument: File not found : C:\\Users\\Arcadier\\git\\Trillia\\Images\\Category\\9.png
  (Session info: chrome=78.0.3904.108)
  (Driver info: chromedriver=2.35.528161 (5b82f2d2aae0ca24b877009200ced9065a772e73),platform=Windows NT 6.1.7601 SP1 x86_64) (WARNING: The server did not provide any stacktrace information)
Command duration or timeout: 0 milliseconds
Build info: version: '3.7.1', revision: '8a0099a', time: '2017-11-06T21:07:36.161Z'
System info: host: 'APRIL-PC', ip: '10.10.31.51', os.name: 'Windows 7', os.arch: 'amd64', os.version: '6.1', java.version: '1.8.0_102'
Driver info: com.kms.katalon.selenium.driver.CChromeDriver
Capabilities {acceptInsecureCerts: false, acceptSslCerts: false, applicationCacheEnabled: false, browserConnectionEnabled: false, browserName: chrome, chrome: {chromedriverVersion: 2.35.528161 (5b82f2d2aae0ca..., userDataDir: C:\Users\April\AppData\Loca...}, cssSelectorsEnabled: true, databaseEnabled: false, handlesAlerts: true, hasTouchScreen: false, javascriptEnabled: true, locationContextEnabled: true, mobileEmulationEnabled: false, nativeEvents: true, networkConnectionEnabled: false, pageLoadStrategy: normal, platform: XP, platformName: XP, rotatable: false, setWindowRect: true, takesHeapSnapshot: true, takesScreenshot: true, unexpectedAlertBehaviour: , unhandledPromptBehavior: , version: 78.0.3904.108, webStorageEnabled: true}
Session ID: cfe3a530f1bc406e2ea68220d7af8649)]]></system-err>
      </testcase>
      <testcase name="Test Cases/ADMIN/Content Mgmt/Categories/Category Add-Edit/Add Category" classname="Test Cases/ADMIN/Content Mgmt/Categories/Category Add-Edit/Add Category" status="FAILED">
         <failure type="FAILED" message="Unable to upload file 'C:\\Users\\Arcadier\\git\\Trillia\\Images\\Category\\10.png' to object 'Object Repository/ADMIN/Categories/Category/image_input image' (Root cause: org.openqa.selenium.WebDriverException: invalid argument: File not found : C:\\Users\\Arcadier\\git\\Trillia\\Images\\Category\\10.png
  (Session info: chrome=78.0.3904.108)
  (Driver info: chromedriver=2.35.528161 (5b82f2d2aae0ca24b877009200ced9065a772e73),platform=Windows NT 6.1.7601 SP1 x86_64) (WARNING: The server did not provide any stacktrace information)
Command duration or timeout: 0 milliseconds
Build info: version: '3.7.1', revision: '8a0099a', time: '2017-11-06T21:07:36.161Z'
System info: host: 'APRIL-PC', ip: '10.10.31.51', os.name: 'Windows 7', os.arch: 'amd64', os.version: '6.1', java.version: '1.8.0_102'
Driver info: com.kms.katalon.selenium.driver.CChromeDriver
Capabilities {acceptInsecureCerts: false, acceptSslCerts: false, applicationCacheEnabled: false, browserConnectionEnabled: false, browserName: chrome, chrome: {chromedriverVersion: 2.35.528161 (5b82f2d2aae0ca..., userDataDir: C:\Users\April\AppData\Loca...}, cssSelectorsEnabled: true, databaseEnabled: false, handlesAlerts: true, hasTouchScreen: false, javascriptEnabled: true, locationContextEnabled: true, mobileEmulationEnabled: false, nativeEvents: true, networkConnectionEnabled: false, pageLoadStrategy: normal, platform: XP, platformName: XP, rotatable: false, setWindowRect: true, takesHeapSnapshot: true, takesScreenshot: true, unexpectedAlertBehaviour: , unhandledPromptBehavior: , version: 78.0.3904.108, webStorageEnabled: true}
Session ID: cfe3a530f1bc406e2ea68220d7af8649)"/>
         <system-out><![CDATA[2019-11-25 09:54:37 - [TEST_CASE][FAILED] - Test Cases/ADMIN/Content Mgmt/Categories/Category Add-Edit/Add Category: Test Cases/ADMIN/Content Mgmt/Categories/Category Add-Edit/Add Category FAILED because (of) Unable to upload file 'C:\\Users\\Arcadier\\git\\Trillia\\Images\\Category\\10.png' to object 'Object Repository/ADMIN/Categories/Category/image_input image' (Root cause: org.openqa.selenium.WebDriverException: invalid argument: File not found : C:\\Users\\Arcadier\\git\\Trillia\\Images\\Category\\10.png
  (Session info: chrome=78.0.3904.108)
  (Driver info: chromedriver=2.35.528161 (5b82f2d2aae0ca24b877009200ced9065a772e73),platform=Windows NT 6.1.7601 SP1 x86_64) (WARNING: The server did not provide any stacktrace information)
Command duration or timeout: 0 milliseconds
Build info: version: '3.7.1', revision: '8a0099a', time: '2017-11-06T21:07:36.161Z'
System info: host: 'APRIL-PC', ip: '10.10.31.51', os.name: 'Windows 7', os.arch: 'amd64', os.version: '6.1', java.version: '1.8.0_102'
Driver info: com.kms.katalon.selenium.driver.CChromeDriver
Capabilities {acceptInsecureCerts: false, acceptSslCerts: false, applicationCacheEnabled: false, browserConnectionEnabled: false, browserName: chrome, chrome: {chromedriverVersion: 2.35.528161 (5b82f2d2aae0ca..., userDataDir: C:\Users\April\AppData\Loca...}, cssSelectorsEnabled: true, databaseEnabled: false, handlesAlerts: true, hasTouchScreen: false, javascriptEnabled: true, locationContextEnabled: true, mobileEmulationEnabled: false, nativeEvents: true, networkConnectionEnabled: false, pageLoadStrategy: normal, platform: XP, platformName: XP, rotatable: false, setWindowRect: true, takesHeapSnapshot: true, takesScreenshot: true, unexpectedAlertBehaviour: , unhandledPromptBehavior: , version: 78.0.3904.108, webStorageEnabled: true}
Session ID: cfe3a530f1bc406e2ea68220d7af8649)

2019-11-25 09:54:37 - [TEST_STEP][PASSED] - waitForElementVisible: Object 'Object Repository/ADMIN/Categories/Category List/button_Content Mgmt' is visible

2019-11-25 09:54:37 - [MESSAGE][WARNING] - Timeout '0' is invalid. Using default page load timeout: '30'

2019-11-25 09:54:37 - [MESSAGE][PASSED] - Object 'Object Repository/ADMIN/Categories/Category List/button_Content Mgmt' is visible

2019-11-25 09:54:37 - [TEST_STEP][PASSED] - click: Object: 'Object Repository/ADMIN/Categories/Category List/button_Content Mgmt' is clicked on

2019-11-25 09:54:37 - [MESSAGE][PASSED] - Object: 'Object Repository/ADMIN/Categories/Category List/button_Content Mgmt' is clicked on

2019-11-25 09:54:37 - [TEST_STEP][PASSED] - waitForElementVisible: Object 'Object Repository/ADMIN/Categories/Category List/button_Categories' is visible

2019-11-25 09:54:37 - [MESSAGE][WARNING] - Timeout '0' is invalid. Using default page load timeout: '30'

2019-11-25 09:54:38 - [MESSAGE][PASSED] - Object 'Object Repository/ADMIN/Categories/Category List/button_Categories' is visible

2019-11-25 09:54:38 - [TEST_STEP][PASSED] - click: Object: 'Object Repository/ADMIN/Categories/Category List/button_Categories' is clicked on

2019-11-25 09:54:39 - [MESSAGE][PASSED] - Object: 'Object Repository/ADMIN/Categories/Category List/button_Categories' is clicked on

2019-11-25 09:54:39 - [TEST_STEP][PASSED] - click: Object: 'Object Repository/ADMIN/Categories/Category List/button_AddACategory' is clicked on

2019-11-25 09:54:39 - [MESSAGE][PASSED] - Object: 'Object Repository/ADMIN/Categories/Category List/button_AddACategory' is clicked on

2019-11-25 09:54:39 - [TEST_STEP][PASSED] - waitForElementPresent: Object 'Object Repository/ADMIN/Categories/Category/dropdown_Parent' is present

2019-11-25 09:54:39 - [MESSAGE][PASSED] - Object 'Object Repository/ADMIN/Categories/Category/dropdown_Parent' is present

2019-11-25 09:54:39 - [TEST_STEP][PASSED] - delay: Delayed 1 second(s)

2019-11-25 09:54:40 - [MESSAGE][PASSED] - Delayed 1 second(s)

2019-11-25 09:54:40 - [TEST_STEP][PASSED] - setText: Text 'Category 10' is set on object 'Object Repository/ADMIN/Categories/Category/textfield_Category Name'

2019-11-25 09:54:40 - [MESSAGE][PASSED] - Text 'Category 10' is set on object 'Object Repository/ADMIN/Categories/Category/textfield_Category Name'

2019-11-25 09:54:40 - [TEST_STEP][PASSED] - click: Object: 'Object Repository/ADMIN/Categories/Category/dropdown_Parent' is clicked on

2019-11-25 09:54:40 - [MESSAGE][PASSED] - Object: 'Object Repository/ADMIN/Categories/Category/dropdown_Parent' is clicked on

2019-11-25 09:54:40 - [TEST_STEP][PASSED] - delay: Delayed 2 second(s)

2019-11-25 09:54:43 - [MESSAGE][PASSED] - Delayed 2 second(s)

2019-11-25 09:54:43 - [TEST_STEP][PASSED] - click: Object: 'Object Repository/ADMIN/Categories/Category/dropdown_Parent' is clicked on

2019-11-25 09:54:43 - [MESSAGE][PASSED] - Object: 'Object Repository/ADMIN/Categories/Category/dropdown_Parent' is clicked on

2019-11-25 09:54:43 - [TEST_STEP][PASSED] - selectOptionByLabel: All options with label '-' are selected in object 'Object Repository/ADMIN/Categories/Category/dropdown_Parent' 

2019-11-25 09:54:43 - [MESSAGE][PASSED] - All options with label '-' are selected in object 'Object Repository/ADMIN/Categories/Category/dropdown_Parent' 

2019-11-25 09:54:43 - [TEST_STEP][PASSED] - click: Object: 'Object Repository/ADMIN/Categories/Category/button_Browse' is clicked on

2019-11-25 09:54:43 - [MESSAGE][PASSED] - Object: 'Object Repository/ADMIN/Categories/Category/button_Browse' is clicked on

2019-11-25 09:54:43 - [TEST_STEP][PASSED] - delay: Delayed 1 second(s)

2019-11-25 09:54:44 - [MESSAGE][PASSED] - Delayed 1 second(s)

2019-11-25 09:54:44 - [TEST_STEP][FAILED] - uploadFile: Unable to upload file 'C:\\Users\\Arcadier\\git\\Trillia\\Images\\Category\\10.png' to object 'Object Repository/ADMIN/Categories/Category/image_input image' (Root cause: org.openqa.selenium.WebDriverException: invalid argument: File not found : C:\\Users\\Arcadier\\git\\Trillia\\Images\\Category\\10.png
  (Session info: chrome=78.0.3904.108)
  (Driver info: chromedriver=2.35.528161 (5b82f2d2aae0ca24b877009200ced9065a772e73),platform=Windows NT 6.1.7601 SP1 x86_64) (WARNING: The server did not provide any stacktrace information)
Command duration or timeout: 0 milliseconds
Build info: version: '3.7.1', revision: '8a0099a', time: '2017-11-06T21:07:36.161Z'
System info: host: 'APRIL-PC', ip: '10.10.31.51', os.name: 'Windows 7', os.arch: 'amd64', os.version: '6.1', java.version: '1.8.0_102'
Driver info: com.kms.katalon.selenium.driver.CChromeDriver
Capabilities {acceptInsecureCerts: false, acceptSslCerts: false, applicationCacheEnabled: false, browserConnectionEnabled: false, browserName: chrome, chrome: {chromedriverVersion: 2.35.528161 (5b82f2d2aae0ca..., userDataDir: C:\Users\April\AppData\Loca...}, cssSelectorsEnabled: true, databaseEnabled: false, handlesAlerts: true, hasTouchScreen: false, javascriptEnabled: true, locationContextEnabled: true, mobileEmulationEnabled: false, nativeEvents: true, networkConnectionEnabled: false, pageLoadStrategy: normal, platform: XP, platformName: XP, rotatable: false, setWindowRect: true, takesHeapSnapshot: true, takesScreenshot: true, unexpectedAlertBehaviour: , unhandledPromptBehavior: , version: 78.0.3904.108, webStorageEnabled: true}
Session ID: cfe3a530f1bc406e2ea68220d7af8649)

2019-11-25 09:54:45 - [MESSAGE][FAILED] - Unable to upload file 'C:\\Users\\Arcadier\\git\\Trillia\\Images\\Category\\10.png' to object 'Object Repository/ADMIN/Categories/Category/image_input image' (Root cause: org.openqa.selenium.WebDriverException: invalid argument: File not found : C:\\Users\\Arcadier\\git\\Trillia\\Images\\Category\\10.png
  (Session info: chrome=78.0.3904.108)
  (Driver info: chromedriver=2.35.528161 (5b82f2d2aae0ca24b877009200ced9065a772e73),platform=Windows NT 6.1.7601 SP1 x86_64) (WARNING: The server did not provide any stacktrace information)
Command duration or timeout: 0 milliseconds
Build info: version: '3.7.1', revision: '8a0099a', time: '2017-11-06T21:07:36.161Z'
System info: host: 'APRIL-PC', ip: '10.10.31.51', os.name: 'Windows 7', os.arch: 'amd64', os.version: '6.1', java.version: '1.8.0_102'
Driver info: com.kms.katalon.selenium.driver.CChromeDriver
Capabilities {acceptInsecureCerts: false, acceptSslCerts: false, applicationCacheEnabled: false, browserConnectionEnabled: false, browserName: chrome, chrome: {chromedriverVersion: 2.35.528161 (5b82f2d2aae0ca..., userDataDir: C:\Users\April\AppData\Loca...}, cssSelectorsEnabled: true, databaseEnabled: false, handlesAlerts: true, hasTouchScreen: false, javascriptEnabled: true, locationContextEnabled: true, mobileEmulationEnabled: false, nativeEvents: true, networkConnectionEnabled: false, pageLoadStrategy: normal, platform: XP, platformName: XP, rotatable: false, setWindowRect: true, takesHeapSnapshot: true, takesScreenshot: true, unexpectedAlertBehaviour: , unhandledPromptBehavior: , version: 78.0.3904.108, webStorageEnabled: true}
Session ID: cfe3a530f1bc406e2ea68220d7af8649)
[[ATTACHMENT|C:\\Users\\April\\git\\Trillia\\Reports\\Admin\\Categories\\Add Category\\20191125_093242\\1574646884982.png]]

2019-11-25 09:54:45 - [TEST_STEP][PASSED] - waitForElementVisible: Object 'Object Repository/ADMIN/Categories/Category/button_upload check' is visible

2019-11-25 09:54:45 - [MESSAGE][WARNING] - Timeout '0' is invalid. Using default page load timeout: '30'

2019-11-25 09:54:50 - [MESSAGE][PASSED] - Object 'Object Repository/ADMIN/Categories/Category/button_upload check' is visible

2019-11-25 09:54:50 - [TEST_STEP][PASSED] - click: Object: 'Object Repository/ADMIN/Categories/Category/button_upload check' is clicked on

2019-11-25 09:54:50 - [MESSAGE][PASSED] - Object: 'Object Repository/ADMIN/Categories/Category/button_upload check' is clicked on

2019-11-25 09:54:50 - [TEST_STEP][PASSED] - waitForElementVisible: Object 'Object Repository/ADMIN/Categories/Category/button_upload save' is visible

2019-11-25 09:54:50 - [MESSAGE][WARNING] - Timeout '0' is invalid. Using default page load timeout: '30'

2019-11-25 09:54:51 - [MESSAGE][PASSED] - Object 'Object Repository/ADMIN/Categories/Category/button_upload save' is visible

2019-11-25 09:54:51 - [TEST_STEP][PASSED] - click: Object: 'Object Repository/ADMIN/Categories/Category/button_upload save' is clicked on

2019-11-25 09:54:51 - [MESSAGE][PASSED] - Object: 'Object Repository/ADMIN/Categories/Category/button_upload save' is clicked on

2019-11-25 09:54:51 - [TEST_STEP][PASSED] - delay: Delayed 1 second(s)

2019-11-25 09:54:52 - [MESSAGE][PASSED] - Delayed 1 second(s)

2019-11-25 09:54:52 - [TEST_STEP][PASSED] - setText: Text 'Description66' is set on object 'Object Repository/ADMIN/Categories/Category/textfield_category_description'

2019-11-25 09:54:52 - [MESSAGE][PASSED] - Text 'Description66' is set on object 'Object Repository/ADMIN/Categories/Category/textfield_category_description'

2019-11-25 09:54:52 - [TEST_STEP][PASSED] - click: Object: 'Object Repository/ADMIN/Categories/Category/button_Save' is clicked on

2019-11-25 09:54:52 - [MESSAGE][PASSED] - Object: 'Object Repository/ADMIN/Categories/Category/button_Save' is clicked on

2019-11-25 09:54:52 - [TEST_STEP][PASSED] - waitForElementVisible: Object 'Object Repository/ADMIN/Categories/Category/label_edit popup' is visible

2019-11-25 09:54:52 - [MESSAGE][WARNING] - Timeout '0' is invalid. Using default page load timeout: '30'

2019-11-25 09:54:53 - [MESSAGE][PASSED] - Object 'Object Repository/ADMIN/Categories/Category/label_edit popup' is visible

2019-11-25 09:54:53 - [TEST_STEP][PASSED] - waitForElementNotPresent: Web element with id: 'Object Repository/ADMIN/Categories/Category/label_edit popup' located by 'By.xpath: //div[(text() = 'Category was successfully saved.' or . = 'Category was successfully saved.')]' is not present after '30' second(s)

2019-11-25 09:54:53 - [MESSAGE][WARNING] - Timeout '0' is invalid. Using default page load timeout: '30'

2019-11-25 09:54:58 - [MESSAGE][PASSED] - Web element with id: 'Object Repository/ADMIN/Categories/Category/label_edit popup' located by 'By.xpath: //div[(text() = 'Category was successfully saved.' or . = 'Category was successfully saved.')]' is not present after '30' second(s)]]></system-out>
         <system-err><![CDATA[2019-11-25 09:54:37 - [TEST_CASE][FAILED] - Test Cases/ADMIN/Content Mgmt/Categories/Category Add-Edit/Add Category: Test Cases/ADMIN/Content Mgmt/Categories/Category Add-Edit/Add Category FAILED because (of) Unable to upload file 'C:\\Users\\Arcadier\\git\\Trillia\\Images\\Category\\10.png' to object 'Object Repository/ADMIN/Categories/Category/image_input image' (Root cause: org.openqa.selenium.WebDriverException: invalid argument: File not found : C:\\Users\\Arcadier\\git\\Trillia\\Images\\Category\\10.png
  (Session info: chrome=78.0.3904.108)
  (Driver info: chromedriver=2.35.528161 (5b82f2d2aae0ca24b877009200ced9065a772e73),platform=Windows NT 6.1.7601 SP1 x86_64) (WARNING: The server did not provide any stacktrace information)
Command duration or timeout: 0 milliseconds
Build info: version: '3.7.1', revision: '8a0099a', time: '2017-11-06T21:07:36.161Z'
System info: host: 'APRIL-PC', ip: '10.10.31.51', os.name: 'Windows 7', os.arch: 'amd64', os.version: '6.1', java.version: '1.8.0_102'
Driver info: com.kms.katalon.selenium.driver.CChromeDriver
Capabilities {acceptInsecureCerts: false, acceptSslCerts: false, applicationCacheEnabled: false, browserConnectionEnabled: false, browserName: chrome, chrome: {chromedriverVersion: 2.35.528161 (5b82f2d2aae0ca..., userDataDir: C:\Users\April\AppData\Loca...}, cssSelectorsEnabled: true, databaseEnabled: false, handlesAlerts: true, hasTouchScreen: false, javascriptEnabled: true, locationContextEnabled: true, mobileEmulationEnabled: false, nativeEvents: true, networkConnectionEnabled: false, pageLoadStrategy: normal, platform: XP, platformName: XP, rotatable: false, setWindowRect: true, takesHeapSnapshot: true, takesScreenshot: true, unexpectedAlertBehaviour: , unhandledPromptBehavior: , version: 78.0.3904.108, webStorageEnabled: true}
Session ID: cfe3a530f1bc406e2ea68220d7af8649)]]></system-err>
      </testcase>
      <testcase name="Test Cases/ADMIN/Content Mgmt/Categories/Category Add-Edit/Add Category" classname="Test Cases/ADMIN/Content Mgmt/Categories/Category Add-Edit/Add Category" status="FAILED">
         <failure type="FAILED" message="Unable to click on object 'Object Repository/ADMIN/Categories/Category List/button_Categories' (Root cause: org.openqa.selenium.ElementNotVisibleException: element not visible
  (Session info: chrome=78.0.3904.108)
  (Driver info: chromedriver=2.35.528161 (5b82f2d2aae0ca24b877009200ced9065a772e73),platform=Windows NT 6.1.7601 SP1 x86_64) (WARNING: The server did not provide any stacktrace information)
Command duration or timeout: 0 milliseconds
Build info: version: '3.7.1', revision: '8a0099a', time: '2017-11-06T21:07:36.161Z'
System info: host: 'APRIL-PC', ip: '10.10.31.51', os.name: 'Windows 7', os.arch: 'amd64', os.version: '6.1', java.version: '1.8.0_102'
Driver info: com.kms.katalon.selenium.driver.CChromeDriver
Capabilities {acceptInsecureCerts: false, acceptSslCerts: false, applicationCacheEnabled: false, browserConnectionEnabled: false, browserName: chrome, chrome: {chromedriverVersion: 2.35.528161 (5b82f2d2aae0ca..., userDataDir: C:\Users\April\AppData\Loca...}, cssSelectorsEnabled: true, databaseEnabled: false, handlesAlerts: true, hasTouchScreen: false, javascriptEnabled: true, locationContextEnabled: true, mobileEmulationEnabled: false, nativeEvents: true, networkConnectionEnabled: false, pageLoadStrategy: normal, platform: XP, platformName: XP, rotatable: false, setWindowRect: true, takesHeapSnapshot: true, takesScreenshot: true, unexpectedAlertBehaviour: , unhandledPromptBehavior: , version: 78.0.3904.108, webStorageEnabled: true}
Session ID: cfe3a530f1bc406e2ea68220d7af8649)"/>
         <system-out><![CDATA[2019-11-25 09:54:58 - [TEST_CASE][FAILED] - Test Cases/ADMIN/Content Mgmt/Categories/Category Add-Edit/Add Category: Test Cases/ADMIN/Content Mgmt/Categories/Category Add-Edit/Add Category FAILED because (of) Unable to click on object 'Object Repository/ADMIN/Categories/Category List/button_Categories' (Root cause: org.openqa.selenium.ElementNotVisibleException: element not visible
  (Session info: chrome=78.0.3904.108)
  (Driver info: chromedriver=2.35.528161 (5b82f2d2aae0ca24b877009200ced9065a772e73),platform=Windows NT 6.1.7601 SP1 x86_64) (WARNING: The server did not provide any stacktrace information)
Command duration or timeout: 0 milliseconds
Build info: version: '3.7.1', revision: '8a0099a', time: '2017-11-06T21:07:36.161Z'
System info: host: 'APRIL-PC', ip: '10.10.31.51', os.name: 'Windows 7', os.arch: 'amd64', os.version: '6.1', java.version: '1.8.0_102'
Driver info: com.kms.katalon.selenium.driver.CChromeDriver
Capabilities {acceptInsecureCerts: false, acceptSslCerts: false, applicationCacheEnabled: false, browserConnectionEnabled: false, browserName: chrome, chrome: {chromedriverVersion: 2.35.528161 (5b82f2d2aae0ca..., userDataDir: C:\Users\April\AppData\Loca...}, cssSelectorsEnabled: true, databaseEnabled: false, handlesAlerts: true, hasTouchScreen: false, javascriptEnabled: true, locationContextEnabled: true, mobileEmulationEnabled: false, nativeEvents: true, networkConnectionEnabled: false, pageLoadStrategy: normal, platform: XP, platformName: XP, rotatable: false, setWindowRect: true, takesHeapSnapshot: true, takesScreenshot: true, unexpectedAlertBehaviour: , unhandledPromptBehavior: , version: 78.0.3904.108, webStorageEnabled: true}
Session ID: cfe3a530f1bc406e2ea68220d7af8649)

2019-11-25 09:54:58 - [TEST_STEP][PASSED] - waitForElementVisible: Object 'Object Repository/ADMIN/Categories/Category List/button_Content Mgmt' is visible

2019-11-25 09:54:58 - [MESSAGE][WARNING] - Timeout '0' is invalid. Using default page load timeout: '30'

2019-11-25 09:54:58 - [MESSAGE][PASSED] - Object 'Object Repository/ADMIN/Categories/Category List/button_Content Mgmt' is visible

2019-11-25 09:54:58 - [TEST_STEP][PASSED] - click: Object: 'Object Repository/ADMIN/Categories/Category List/button_Content Mgmt' is clicked on

2019-11-25 09:54:58 - [MESSAGE][PASSED] - Object: 'Object Repository/ADMIN/Categories/Category List/button_Content Mgmt' is clicked on

2019-11-25 09:54:58 - [TEST_STEP][PASSED] - waitForElementVisible: Object 'Object Repository/ADMIN/Categories/Category List/button_Categories' is visible

2019-11-25 09:54:58 - [MESSAGE][WARNING] - Timeout '0' is invalid. Using default page load timeout: '30'

2019-11-25 09:54:58 - [MESSAGE][PASSED] - Object 'Object Repository/ADMIN/Categories/Category List/button_Categories' is visible

2019-11-25 09:54:58 - [TEST_STEP][FAILED] - click: Unable to click on object 'Object Repository/ADMIN/Categories/Category List/button_Categories' (Root cause: org.openqa.selenium.ElementNotVisibleException: element not visible
  (Session info: chrome=78.0.3904.108)
  (Driver info: chromedriver=2.35.528161 (5b82f2d2aae0ca24b877009200ced9065a772e73),platform=Windows NT 6.1.7601 SP1 x86_64) (WARNING: The server did not provide any stacktrace information)
Command duration or timeout: 0 milliseconds
Build info: version: '3.7.1', revision: '8a0099a', time: '2017-11-06T21:07:36.161Z'
System info: host: 'APRIL-PC', ip: '10.10.31.51', os.name: 'Windows 7', os.arch: 'amd64', os.version: '6.1', java.version: '1.8.0_102'
Driver info: com.kms.katalon.selenium.driver.CChromeDriver
Capabilities {acceptInsecureCerts: false, acceptSslCerts: false, applicationCacheEnabled: false, browserConnectionEnabled: false, browserName: chrome, chrome: {chromedriverVersion: 2.35.528161 (5b82f2d2aae0ca..., userDataDir: C:\Users\April\AppData\Loca...}, cssSelectorsEnabled: true, databaseEnabled: false, handlesAlerts: true, hasTouchScreen: false, javascriptEnabled: true, locationContextEnabled: true, mobileEmulationEnabled: false, nativeEvents: true, networkConnectionEnabled: false, pageLoadStrategy: normal, platform: XP, platformName: XP, rotatable: false, setWindowRect: true, takesHeapSnapshot: true, takesScreenshot: true, unexpectedAlertBehaviour: , unhandledPromptBehavior: , version: 78.0.3904.108, webStorageEnabled: true}
Session ID: cfe3a530f1bc406e2ea68220d7af8649)

2019-11-25 09:54:59 - [MESSAGE][FAILED] - Unable to click on object 'Object Repository/ADMIN/Categories/Category List/button_Categories' (Root cause: org.openqa.selenium.ElementNotVisibleException: element not visible
  (Session info: chrome=78.0.3904.108)
  (Driver info: chromedriver=2.35.528161 (5b82f2d2aae0ca24b877009200ced9065a772e73),platform=Windows NT 6.1.7601 SP1 x86_64) (WARNING: The server did not provide any stacktrace information)
Command duration or timeout: 0 milliseconds
Build info: version: '3.7.1', revision: '8a0099a', time: '2017-11-06T21:07:36.161Z'
System info: host: 'APRIL-PC', ip: '10.10.31.51', os.name: 'Windows 7', os.arch: 'amd64', os.version: '6.1', java.version: '1.8.0_102'
Driver info: com.kms.katalon.selenium.driver.CChromeDriver
Capabilities {acceptInsecureCerts: false, acceptSslCerts: false, applicationCacheEnabled: false, browserConnectionEnabled: false, browserName: chrome, chrome: {chromedriverVersion: 2.35.528161 (5b82f2d2aae0ca..., userDataDir: C:\Users\April\AppData\Loca...}, cssSelectorsEnabled: true, databaseEnabled: false, handlesAlerts: true, hasTouchScreen: false, javascriptEnabled: true, locationContextEnabled: true, mobileEmulationEnabled: false, nativeEvents: true, networkConnectionEnabled: false, pageLoadStrategy: normal, platform: XP, platformName: XP, rotatable: false, setWindowRect: true, takesHeapSnapshot: true, takesScreenshot: true, unexpectedAlertBehaviour: , unhandledPromptBehavior: , version: 78.0.3904.108, webStorageEnabled: true}
Session ID: cfe3a530f1bc406e2ea68220d7af8649)
[[ATTACHMENT|C:\\Users\\April\\git\\Trillia\\Reports\\Admin\\Categories\\Add Category\\20191125_093242\\1574646898980.png]]

2019-11-25 09:54:59 - [TEST_STEP][PASSED] - click: Object: 'Object Repository/ADMIN/Categories/Category List/button_AddACategory' is clicked on

2019-11-25 09:54:59 - [MESSAGE][PASSED] - Object: 'Object Repository/ADMIN/Categories/Category List/button_AddACategory' is clicked on

2019-11-25 09:54:59 - [TEST_STEP][PASSED] - waitForElementPresent: Object 'Object Repository/ADMIN/Categories/Category/dropdown_Parent' is present

2019-11-25 09:54:59 - [MESSAGE][PASSED] - Object 'Object Repository/ADMIN/Categories/Category/dropdown_Parent' is present

2019-11-25 09:54:59 - [TEST_STEP][PASSED] - delay: Delayed 1 second(s)

2019-11-25 09:55:00 - [MESSAGE][PASSED] - Delayed 1 second(s)

2019-11-25 09:55:00 - [TEST_STEP][PASSED] - setText: Text 'Category 11' is set on object 'Object Repository/ADMIN/Categories/Category/textfield_Category Name'

2019-11-25 09:55:00 - [MESSAGE][PASSED] - Text 'Category 11' is set on object 'Object Repository/ADMIN/Categories/Category/textfield_Category Name'

2019-11-25 09:55:00 - [TEST_STEP][PASSED] - click: Object: 'Object Repository/ADMIN/Categories/Category/dropdown_Parent' is clicked on

2019-11-25 09:55:00 - [MESSAGE][PASSED] - Object: 'Object Repository/ADMIN/Categories/Category/dropdown_Parent' is clicked on

2019-11-25 09:55:00 - [TEST_STEP][PASSED] - delay: Delayed 2 second(s)

2019-11-25 09:55:04 - [MESSAGE][PASSED] - Delayed 2 second(s)

2019-11-25 09:55:04 - [TEST_STEP][PASSED] - click: Object: 'Object Repository/ADMIN/Categories/Category/dropdown_Parent' is clicked on

2019-11-25 09:55:04 - [MESSAGE][PASSED] - Object: 'Object Repository/ADMIN/Categories/Category/dropdown_Parent' is clicked on

2019-11-25 09:55:04 - [TEST_STEP][PASSED] - selectOptionByLabel: All options with label '-' are selected in object 'Object Repository/ADMIN/Categories/Category/dropdown_Parent' 

2019-11-25 09:55:04 - [MESSAGE][PASSED] - All options with label '-' are selected in object 'Object Repository/ADMIN/Categories/Category/dropdown_Parent' 

2019-11-25 09:55:04 - [TEST_STEP][PASSED] - click: Object: 'Object Repository/ADMIN/Categories/Category/button_Browse' is clicked on

2019-11-25 09:55:04 - [MESSAGE][PASSED] - Object: 'Object Repository/ADMIN/Categories/Category/button_Browse' is clicked on

2019-11-25 09:55:04 - [TEST_STEP][PASSED] - delay: Delayed 1 second(s)

2019-11-25 09:55:05 - [MESSAGE][PASSED] - Delayed 1 second(s)

2019-11-25 09:55:05 - [TEST_STEP][FAILED] - uploadFile: Unable to upload file 'C:\\Users\\Arcadier\\git\\Trillia\\Images\\Category\\11.png' to object 'Object Repository/ADMIN/Categories/Category/image_input image' (Root cause: org.openqa.selenium.WebDriverException: invalid argument: File not found : C:\\Users\\Arcadier\\git\\Trillia\\Images\\Category\\11.png
  (Session info: chrome=78.0.3904.108)
  (Driver info: chromedriver=2.35.528161 (5b82f2d2aae0ca24b877009200ced9065a772e73),platform=Windows NT 6.1.7601 SP1 x86_64) (WARNING: The server did not provide any stacktrace information)
Command duration or timeout: 0 milliseconds
Build info: version: '3.7.1', revision: '8a0099a', time: '2017-11-06T21:07:36.161Z'
System info: host: 'APRIL-PC', ip: '10.10.31.51', os.name: 'Windows 7', os.arch: 'amd64', os.version: '6.1', java.version: '1.8.0_102'
Driver info: com.kms.katalon.selenium.driver.CChromeDriver
Capabilities {acceptInsecureCerts: false, acceptSslCerts: false, applicationCacheEnabled: false, browserConnectionEnabled: false, browserName: chrome, chrome: {chromedriverVersion: 2.35.528161 (5b82f2d2aae0ca..., userDataDir: C:\Users\April\AppData\Loca...}, cssSelectorsEnabled: true, databaseEnabled: false, handlesAlerts: true, hasTouchScreen: false, javascriptEnabled: true, locationContextEnabled: true, mobileEmulationEnabled: false, nativeEvents: true, networkConnectionEnabled: false, pageLoadStrategy: normal, platform: XP, platformName: XP, rotatable: false, setWindowRect: true, takesHeapSnapshot: true, takesScreenshot: true, unexpectedAlertBehaviour: , unhandledPromptBehavior: , version: 78.0.3904.108, webStorageEnabled: true}
Session ID: cfe3a530f1bc406e2ea68220d7af8649)

2019-11-25 09:55:06 - [MESSAGE][FAILED] - Unable to upload file 'C:\\Users\\Arcadier\\git\\Trillia\\Images\\Category\\11.png' to object 'Object Repository/ADMIN/Categories/Category/image_input image' (Root cause: org.openqa.selenium.WebDriverException: invalid argument: File not found : C:\\Users\\Arcadier\\git\\Trillia\\Images\\Category\\11.png
  (Session info: chrome=78.0.3904.108)
  (Driver info: chromedriver=2.35.528161 (5b82f2d2aae0ca24b877009200ced9065a772e73),platform=Windows NT 6.1.7601 SP1 x86_64) (WARNING: The server did not provide any stacktrace information)
Command duration or timeout: 0 milliseconds
Build info: version: '3.7.1', revision: '8a0099a', time: '2017-11-06T21:07:36.161Z'
System info: host: 'APRIL-PC', ip: '10.10.31.51', os.name: 'Windows 7', os.arch: 'amd64', os.version: '6.1', java.version: '1.8.0_102'
Driver info: com.kms.katalon.selenium.driver.CChromeDriver
Capabilities {acceptInsecureCerts: false, acceptSslCerts: false, applicationCacheEnabled: false, browserConnectionEnabled: false, browserName: chrome, chrome: {chromedriverVersion: 2.35.528161 (5b82f2d2aae0ca..., userDataDir: C:\Users\April\AppData\Loca...}, cssSelectorsEnabled: true, databaseEnabled: false, handlesAlerts: true, hasTouchScreen: false, javascriptEnabled: true, locationContextEnabled: true, mobileEmulationEnabled: false, nativeEvents: true, networkConnectionEnabled: false, pageLoadStrategy: normal, platform: XP, platformName: XP, rotatable: false, setWindowRect: true, takesHeapSnapshot: true, takesScreenshot: true, unexpectedAlertBehaviour: , unhandledPromptBehavior: , version: 78.0.3904.108, webStorageEnabled: true}
Session ID: cfe3a530f1bc406e2ea68220d7af8649)
[[ATTACHMENT|C:\\Users\\April\\git\\Trillia\\Reports\\Admin\\Categories\\Add Category\\20191125_093242\\1574646905892.png]]

2019-11-25 09:55:06 - [TEST_STEP][PASSED] - waitForElementVisible: Object 'Object Repository/ADMIN/Categories/Category/button_upload check' is visible

2019-11-25 09:55:06 - [MESSAGE][WARNING] - Timeout '0' is invalid. Using default page load timeout: '30'

2019-11-25 09:55:07 - [MESSAGE][PASSED] - Object 'Object Repository/ADMIN/Categories/Category/button_upload check' is visible

2019-11-25 09:55:07 - [TEST_STEP][PASSED] - click: Object: 'Object Repository/ADMIN/Categories/Category/button_upload check' is clicked on

2019-11-25 09:55:07 - [MESSAGE][PASSED] - Object: 'Object Repository/ADMIN/Categories/Category/button_upload check' is clicked on

2019-11-25 09:55:07 - [TEST_STEP][PASSED] - waitForElementVisible: Object 'Object Repository/ADMIN/Categories/Category/button_upload save' is visible

2019-11-25 09:55:07 - [MESSAGE][WARNING] - Timeout '0' is invalid. Using default page load timeout: '30'

2019-11-25 09:55:07 - [MESSAGE][PASSED] - Object 'Object Repository/ADMIN/Categories/Category/button_upload save' is visible

2019-11-25 09:55:07 - [TEST_STEP][PASSED] - click: Object: 'Object Repository/ADMIN/Categories/Category/button_upload save' is clicked on

2019-11-25 09:55:09 - [MESSAGE][PASSED] - Object: 'Object Repository/ADMIN/Categories/Category/button_upload save' is clicked on

2019-11-25 09:55:09 - [TEST_STEP][PASSED] - delay: Delayed 1 second(s)

2019-11-25 09:55:10 - [MESSAGE][PASSED] - Delayed 1 second(s)

2019-11-25 09:55:10 - [TEST_STEP][PASSED] - setText: Text 'Description67' is set on object 'Object Repository/ADMIN/Categories/Category/textfield_category_description'

2019-11-25 09:55:11 - [MESSAGE][PASSED] - Text 'Description67' is set on object 'Object Repository/ADMIN/Categories/Category/textfield_category_description'

2019-11-25 09:55:11 - [TEST_STEP][PASSED] - click: Object: 'Object Repository/ADMIN/Categories/Category/button_Save' is clicked on

2019-11-25 09:55:11 - [MESSAGE][PASSED] - Object: 'Object Repository/ADMIN/Categories/Category/button_Save' is clicked on

2019-11-25 09:55:11 - [TEST_STEP][PASSED] - waitForElementVisible: Object 'Object Repository/ADMIN/Categories/Category/label_edit popup' is visible

2019-11-25 09:55:11 - [MESSAGE][WARNING] - Timeout '0' is invalid. Using default page load timeout: '30'

2019-11-25 09:55:12 - [MESSAGE][PASSED] - Object 'Object Repository/ADMIN/Categories/Category/label_edit popup' is visible

2019-11-25 09:55:12 - [TEST_STEP][PASSED] - waitForElementNotPresent: Web element with id: 'Object Repository/ADMIN/Categories/Category/label_edit popup' located by 'By.xpath: //div[(text() = 'Category was successfully saved.' or . = 'Category was successfully saved.')]' is not present after '30' second(s)

2019-11-25 09:55:12 - [MESSAGE][WARNING] - Timeout '0' is invalid. Using default page load timeout: '30'

2019-11-25 09:55:18 - [MESSAGE][PASSED] - Web element with id: 'Object Repository/ADMIN/Categories/Category/label_edit popup' located by 'By.xpath: //div[(text() = 'Category was successfully saved.' or . = 'Category was successfully saved.')]' is not present after '30' second(s)]]></system-out>
         <system-err><![CDATA[2019-11-25 09:54:58 - [TEST_CASE][FAILED] - Test Cases/ADMIN/Content Mgmt/Categories/Category Add-Edit/Add Category: Test Cases/ADMIN/Content Mgmt/Categories/Category Add-Edit/Add Category FAILED because (of) Unable to click on object 'Object Repository/ADMIN/Categories/Category List/button_Categories' (Root cause: org.openqa.selenium.ElementNotVisibleException: element not visible
  (Session info: chrome=78.0.3904.108)
  (Driver info: chromedriver=2.35.528161 (5b82f2d2aae0ca24b877009200ced9065a772e73),platform=Windows NT 6.1.7601 SP1 x86_64) (WARNING: The server did not provide any stacktrace information)
Command duration or timeout: 0 milliseconds
Build info: version: '3.7.1', revision: '8a0099a', time: '2017-11-06T21:07:36.161Z'
System info: host: 'APRIL-PC', ip: '10.10.31.51', os.name: 'Windows 7', os.arch: 'amd64', os.version: '6.1', java.version: '1.8.0_102'
Driver info: com.kms.katalon.selenium.driver.CChromeDriver
Capabilities {acceptInsecureCerts: false, acceptSslCerts: false, applicationCacheEnabled: false, browserConnectionEnabled: false, browserName: chrome, chrome: {chromedriverVersion: 2.35.528161 (5b82f2d2aae0ca..., userDataDir: C:\Users\April\AppData\Loca...}, cssSelectorsEnabled: true, databaseEnabled: false, handlesAlerts: true, hasTouchScreen: false, javascriptEnabled: true, locationContextEnabled: true, mobileEmulationEnabled: false, nativeEvents: true, networkConnectionEnabled: false, pageLoadStrategy: normal, platform: XP, platformName: XP, rotatable: false, setWindowRect: true, takesHeapSnapshot: true, takesScreenshot: true, unexpectedAlertBehaviour: , unhandledPromptBehavior: , version: 78.0.3904.108, webStorageEnabled: true}
Session ID: cfe3a530f1bc406e2ea68220d7af8649)]]></system-err>
      </testcase>
      <testcase name="Test Cases/ADMIN/Content Mgmt/Categories/Category Add-Edit/Add Category" classname="Test Cases/ADMIN/Content Mgmt/Categories/Category Add-Edit/Add Category" status="FAILED">
         <failure type="FAILED" message="Unable to upload file 'C:\\Users\\Arcadier\\git\\Trillia\\Images\\Category\\12.png' to object 'Object Repository/ADMIN/Categories/Category/image_input image' (Root cause: org.openqa.selenium.WebDriverException: invalid argument: File not found : C:\\Users\\Arcadier\\git\\Trillia\\Images\\Category\\12.png
  (Session info: chrome=78.0.3904.108)
  (Driver info: chromedriver=2.35.528161 (5b82f2d2aae0ca24b877009200ced9065a772e73),platform=Windows NT 6.1.7601 SP1 x86_64) (WARNING: The server did not provide any stacktrace information)
Command duration or timeout: 0 milliseconds
Build info: version: '3.7.1', revision: '8a0099a', time: '2017-11-06T21:07:36.161Z'
System info: host: 'APRIL-PC', ip: '10.10.31.51', os.name: 'Windows 7', os.arch: 'amd64', os.version: '6.1', java.version: '1.8.0_102'
Driver info: com.kms.katalon.selenium.driver.CChromeDriver
Capabilities {acceptInsecureCerts: false, acceptSslCerts: false, applicationCacheEnabled: false, browserConnectionEnabled: false, browserName: chrome, chrome: {chromedriverVersion: 2.35.528161 (5b82f2d2aae0ca..., userDataDir: C:\Users\April\AppData\Loca...}, cssSelectorsEnabled: true, databaseEnabled: false, handlesAlerts: true, hasTouchScreen: false, javascriptEnabled: true, locationContextEnabled: true, mobileEmulationEnabled: false, nativeEvents: true, networkConnectionEnabled: false, pageLoadStrategy: normal, platform: XP, platformName: XP, rotatable: false, setWindowRect: true, takesHeapSnapshot: true, takesScreenshot: true, unexpectedAlertBehaviour: , unhandledPromptBehavior: , version: 78.0.3904.108, webStorageEnabled: true}
Session ID: cfe3a530f1bc406e2ea68220d7af8649)"/>
         <system-out><![CDATA[2019-11-25 09:55:18 - [TEST_CASE][FAILED] - Test Cases/ADMIN/Content Mgmt/Categories/Category Add-Edit/Add Category: Test Cases/ADMIN/Content Mgmt/Categories/Category Add-Edit/Add Category FAILED because (of) Unable to upload file 'C:\\Users\\Arcadier\\git\\Trillia\\Images\\Category\\12.png' to object 'Object Repository/ADMIN/Categories/Category/image_input image' (Root cause: org.openqa.selenium.WebDriverException: invalid argument: File not found : C:\\Users\\Arcadier\\git\\Trillia\\Images\\Category\\12.png
  (Session info: chrome=78.0.3904.108)
  (Driver info: chromedriver=2.35.528161 (5b82f2d2aae0ca24b877009200ced9065a772e73),platform=Windows NT 6.1.7601 SP1 x86_64) (WARNING: The server did not provide any stacktrace information)
Command duration or timeout: 0 milliseconds
Build info: version: '3.7.1', revision: '8a0099a', time: '2017-11-06T21:07:36.161Z'
System info: host: 'APRIL-PC', ip: '10.10.31.51', os.name: 'Windows 7', os.arch: 'amd64', os.version: '6.1', java.version: '1.8.0_102'
Driver info: com.kms.katalon.selenium.driver.CChromeDriver
Capabilities {acceptInsecureCerts: false, acceptSslCerts: false, applicationCacheEnabled: false, browserConnectionEnabled: false, browserName: chrome, chrome: {chromedriverVersion: 2.35.528161 (5b82f2d2aae0ca..., userDataDir: C:\Users\April\AppData\Loca...}, cssSelectorsEnabled: true, databaseEnabled: false, handlesAlerts: true, hasTouchScreen: false, javascriptEnabled: true, locationContextEnabled: true, mobileEmulationEnabled: false, nativeEvents: true, networkConnectionEnabled: false, pageLoadStrategy: normal, platform: XP, platformName: XP, rotatable: false, setWindowRect: true, takesHeapSnapshot: true, takesScreenshot: true, unexpectedAlertBehaviour: , unhandledPromptBehavior: , version: 78.0.3904.108, webStorageEnabled: true}
Session ID: cfe3a530f1bc406e2ea68220d7af8649)

2019-11-25 09:55:18 - [TEST_STEP][PASSED] - waitForElementVisible: Object 'Object Repository/ADMIN/Categories/Category List/button_Content Mgmt' is visible

2019-11-25 09:55:18 - [MESSAGE][WARNING] - Timeout '0' is invalid. Using default page load timeout: '30'

2019-11-25 09:55:18 - [MESSAGE][PASSED] - Object 'Object Repository/ADMIN/Categories/Category List/button_Content Mgmt' is visible

2019-11-25 09:55:18 - [TEST_STEP][PASSED] - click: Object: 'Object Repository/ADMIN/Categories/Category List/button_Content Mgmt' is clicked on

2019-11-25 09:55:18 - [MESSAGE][PASSED] - Object: 'Object Repository/ADMIN/Categories/Category List/button_Content Mgmt' is clicked on

2019-11-25 09:55:18 - [TEST_STEP][PASSED] - waitForElementVisible: Object 'Object Repository/ADMIN/Categories/Category List/button_Categories' is visible

2019-11-25 09:55:18 - [MESSAGE][WARNING] - Timeout '0' is invalid. Using default page load timeout: '30'

2019-11-25 09:55:18 - [MESSAGE][PASSED] - Object 'Object Repository/ADMIN/Categories/Category List/button_Categories' is visible

2019-11-25 09:55:19 - [TEST_STEP][PASSED] - click: Object: 'Object Repository/ADMIN/Categories/Category List/button_Categories' is clicked on

2019-11-25 09:55:19 - [MESSAGE][PASSED] - Object: 'Object Repository/ADMIN/Categories/Category List/button_Categories' is clicked on

2019-11-25 09:55:19 - [TEST_STEP][PASSED] - click: Object: 'Object Repository/ADMIN/Categories/Category List/button_AddACategory' is clicked on

2019-11-25 09:55:19 - [MESSAGE][PASSED] - Object: 'Object Repository/ADMIN/Categories/Category List/button_AddACategory' is clicked on

2019-11-25 09:55:19 - [TEST_STEP][PASSED] - waitForElementPresent: Object 'Object Repository/ADMIN/Categories/Category/dropdown_Parent' is present

2019-11-25 09:55:20 - [MESSAGE][PASSED] - Object 'Object Repository/ADMIN/Categories/Category/dropdown_Parent' is present

2019-11-25 09:55:20 - [TEST_STEP][PASSED] - delay: Delayed 1 second(s)

2019-11-25 09:55:21 - [MESSAGE][PASSED] - Delayed 1 second(s)

2019-11-25 09:55:21 - [TEST_STEP][PASSED] - setText: Text 'Category 12' is set on object 'Object Repository/ADMIN/Categories/Category/textfield_Category Name'

2019-11-25 09:55:21 - [MESSAGE][PASSED] - Text 'Category 12' is set on object 'Object Repository/ADMIN/Categories/Category/textfield_Category Name'

2019-11-25 09:55:21 - [TEST_STEP][PASSED] - click: Object: 'Object Repository/ADMIN/Categories/Category/dropdown_Parent' is clicked on

2019-11-25 09:55:21 - [MESSAGE][PASSED] - Object: 'Object Repository/ADMIN/Categories/Category/dropdown_Parent' is clicked on

2019-11-25 09:55:21 - [TEST_STEP][PASSED] - delay: Delayed 2 second(s)

2019-11-25 09:55:23 - [MESSAGE][PASSED] - Delayed 2 second(s)

2019-11-25 09:55:23 - [TEST_STEP][PASSED] - click: Object: 'Object Repository/ADMIN/Categories/Category/dropdown_Parent' is clicked on

2019-11-25 09:55:23 - [MESSAGE][PASSED] - Object: 'Object Repository/ADMIN/Categories/Category/dropdown_Parent' is clicked on

2019-11-25 09:55:23 - [TEST_STEP][PASSED] - selectOptionByLabel: All options with label '-' are selected in object 'Object Repository/ADMIN/Categories/Category/dropdown_Parent' 

2019-11-25 09:55:23 - [MESSAGE][PASSED] - All options with label '-' are selected in object 'Object Repository/ADMIN/Categories/Category/dropdown_Parent' 

2019-11-25 09:55:24 - [TEST_STEP][PASSED] - click: Object: 'Object Repository/ADMIN/Categories/Category/button_Browse' is clicked on

2019-11-25 09:55:24 - [MESSAGE][PASSED] - Object: 'Object Repository/ADMIN/Categories/Category/button_Browse' is clicked on

2019-11-25 09:55:24 - [TEST_STEP][PASSED] - delay: Delayed 1 second(s)

2019-11-25 09:55:25 - [MESSAGE][PASSED] - Delayed 1 second(s)

2019-11-25 09:55:25 - [TEST_STEP][FAILED] - uploadFile: Unable to upload file 'C:\\Users\\Arcadier\\git\\Trillia\\Images\\Category\\12.png' to object 'Object Repository/ADMIN/Categories/Category/image_input image' (Root cause: org.openqa.selenium.WebDriverException: invalid argument: File not found : C:\\Users\\Arcadier\\git\\Trillia\\Images\\Category\\12.png
  (Session info: chrome=78.0.3904.108)
  (Driver info: chromedriver=2.35.528161 (5b82f2d2aae0ca24b877009200ced9065a772e73),platform=Windows NT 6.1.7601 SP1 x86_64) (WARNING: The server did not provide any stacktrace information)
Command duration or timeout: 0 milliseconds
Build info: version: '3.7.1', revision: '8a0099a', time: '2017-11-06T21:07:36.161Z'
System info: host: 'APRIL-PC', ip: '10.10.31.51', os.name: 'Windows 7', os.arch: 'amd64', os.version: '6.1', java.version: '1.8.0_102'
Driver info: com.kms.katalon.selenium.driver.CChromeDriver
Capabilities {acceptInsecureCerts: false, acceptSslCerts: false, applicationCacheEnabled: false, browserConnectionEnabled: false, browserName: chrome, chrome: {chromedriverVersion: 2.35.528161 (5b82f2d2aae0ca..., userDataDir: C:\Users\April\AppData\Loca...}, cssSelectorsEnabled: true, databaseEnabled: false, handlesAlerts: true, hasTouchScreen: false, javascriptEnabled: true, locationContextEnabled: true, mobileEmulationEnabled: false, nativeEvents: true, networkConnectionEnabled: false, pageLoadStrategy: normal, platform: XP, platformName: XP, rotatable: false, setWindowRect: true, takesHeapSnapshot: true, takesScreenshot: true, unexpectedAlertBehaviour: , unhandledPromptBehavior: , version: 78.0.3904.108, webStorageEnabled: true}
Session ID: cfe3a530f1bc406e2ea68220d7af8649)

2019-11-25 09:55:27 - [MESSAGE][FAILED] - Unable to upload file 'C:\\Users\\Arcadier\\git\\Trillia\\Images\\Category\\12.png' to object 'Object Repository/ADMIN/Categories/Category/image_input image' (Root cause: org.openqa.selenium.WebDriverException: invalid argument: File not found : C:\\Users\\Arcadier\\git\\Trillia\\Images\\Category\\12.png
  (Session info: chrome=78.0.3904.108)
  (Driver info: chromedriver=2.35.528161 (5b82f2d2aae0ca24b877009200ced9065a772e73),platform=Windows NT 6.1.7601 SP1 x86_64) (WARNING: The server did not provide any stacktrace information)
Command duration or timeout: 0 milliseconds
Build info: version: '3.7.1', revision: '8a0099a', time: '2017-11-06T21:07:36.161Z'
System info: host: 'APRIL-PC', ip: '10.10.31.51', os.name: 'Windows 7', os.arch: 'amd64', os.version: '6.1', java.version: '1.8.0_102'
Driver info: com.kms.katalon.selenium.driver.CChromeDriver
Capabilities {acceptInsecureCerts: false, acceptSslCerts: false, applicationCacheEnabled: false, browserConnectionEnabled: false, browserName: chrome, chrome: {chromedriverVersion: 2.35.528161 (5b82f2d2aae0ca..., userDataDir: C:\Users\April\AppData\Loca...}, cssSelectorsEnabled: true, databaseEnabled: false, handlesAlerts: true, hasTouchScreen: false, javascriptEnabled: true, locationContextEnabled: true, mobileEmulationEnabled: false, nativeEvents: true, networkConnectionEnabled: false, pageLoadStrategy: normal, platform: XP, platformName: XP, rotatable: false, setWindowRect: true, takesHeapSnapshot: true, takesScreenshot: true, unexpectedAlertBehaviour: , unhandledPromptBehavior: , version: 78.0.3904.108, webStorageEnabled: true}
Session ID: cfe3a530f1bc406e2ea68220d7af8649)
[[ATTACHMENT|C:\\Users\\April\\git\\Trillia\\Reports\\Admin\\Categories\\Add Category\\20191125_093242\\1574646926765.png]]

2019-11-25 09:55:27 - [TEST_STEP][PASSED] - waitForElementVisible: Object 'Object Repository/ADMIN/Categories/Category/button_upload check' is visible

2019-11-25 09:55:27 - [MESSAGE][WARNING] - Timeout '0' is invalid. Using default page load timeout: '30'

2019-11-25 09:55:27 - [MESSAGE][PASSED] - Object 'Object Repository/ADMIN/Categories/Category/button_upload check' is visible

2019-11-25 09:55:27 - [TEST_STEP][PASSED] - click: Object: 'Object Repository/ADMIN/Categories/Category/button_upload check' is clicked on

2019-11-25 09:55:28 - [MESSAGE][PASSED] - Object: 'Object Repository/ADMIN/Categories/Category/button_upload check' is clicked on

2019-11-25 09:55:28 - [TEST_STEP][PASSED] - waitForElementVisible: Object 'Object Repository/ADMIN/Categories/Category/button_upload save' is visible

2019-11-25 09:55:28 - [MESSAGE][WARNING] - Timeout '0' is invalid. Using default page load timeout: '30'

2019-11-25 09:55:28 - [MESSAGE][PASSED] - Object 'Object Repository/ADMIN/Categories/Category/button_upload save' is visible

2019-11-25 09:55:28 - [TEST_STEP][PASSED] - click: Object: 'Object Repository/ADMIN/Categories/Category/button_upload save' is clicked on

2019-11-25 09:55:30 - [MESSAGE][PASSED] - Object: 'Object Repository/ADMIN/Categories/Category/button_upload save' is clicked on

2019-11-25 09:55:30 - [TEST_STEP][PASSED] - delay: Delayed 1 second(s)

2019-11-25 09:55:31 - [MESSAGE][PASSED] - Delayed 1 second(s)

2019-11-25 09:55:31 - [TEST_STEP][PASSED] - setText: Text 'Description68' is set on object 'Object Repository/ADMIN/Categories/Category/textfield_category_description'

2019-11-25 09:55:32 - [MESSAGE][PASSED] - Text 'Description68' is set on object 'Object Repository/ADMIN/Categories/Category/textfield_category_description'

2019-11-25 09:55:32 - [TEST_STEP][PASSED] - click: Object: 'Object Repository/ADMIN/Categories/Category/button_Save' is clicked on

2019-11-25 09:55:32 - [MESSAGE][PASSED] - Object: 'Object Repository/ADMIN/Categories/Category/button_Save' is clicked on

2019-11-25 09:55:32 - [TEST_STEP][PASSED] - waitForElementVisible: Object 'Object Repository/ADMIN/Categories/Category/label_edit popup' is visible

2019-11-25 09:55:32 - [MESSAGE][WARNING] - Timeout '0' is invalid. Using default page load timeout: '30'

2019-11-25 09:55:34 - [MESSAGE][PASSED] - Object 'Object Repository/ADMIN/Categories/Category/label_edit popup' is visible

2019-11-25 09:55:34 - [TEST_STEP][PASSED] - waitForElementNotPresent: Web element with id: 'Object Repository/ADMIN/Categories/Category/label_edit popup' located by 'By.xpath: //div[(text() = 'Category was successfully saved.' or . = 'Category was successfully saved.')]' is not present after '30' second(s)

2019-11-25 09:55:34 - [MESSAGE][WARNING] - Timeout '0' is invalid. Using default page load timeout: '30'

2019-11-25 09:55:39 - [MESSAGE][PASSED] - Web element with id: 'Object Repository/ADMIN/Categories/Category/label_edit popup' located by 'By.xpath: //div[(text() = 'Category was successfully saved.' or . = 'Category was successfully saved.')]' is not present after '30' second(s)]]></system-out>
         <system-err><![CDATA[2019-11-25 09:55:18 - [TEST_CASE][FAILED] - Test Cases/ADMIN/Content Mgmt/Categories/Category Add-Edit/Add Category: Test Cases/ADMIN/Content Mgmt/Categories/Category Add-Edit/Add Category FAILED because (of) Unable to upload file 'C:\\Users\\Arcadier\\git\\Trillia\\Images\\Category\\12.png' to object 'Object Repository/ADMIN/Categories/Category/image_input image' (Root cause: org.openqa.selenium.WebDriverException: invalid argument: File not found : C:\\Users\\Arcadier\\git\\Trillia\\Images\\Category\\12.png
  (Session info: chrome=78.0.3904.108)
  (Driver info: chromedriver=2.35.528161 (5b82f2d2aae0ca24b877009200ced9065a772e73),platform=Windows NT 6.1.7601 SP1 x86_64) (WARNING: The server did not provide any stacktrace information)
Command duration or timeout: 0 milliseconds
Build info: version: '3.7.1', revision: '8a0099a', time: '2017-11-06T21:07:36.161Z'
System info: host: 'APRIL-PC', ip: '10.10.31.51', os.name: 'Windows 7', os.arch: 'amd64', os.version: '6.1', java.version: '1.8.0_102'
Driver info: com.kms.katalon.selenium.driver.CChromeDriver
Capabilities {acceptInsecureCerts: false, acceptSslCerts: false, applicationCacheEnabled: false, browserConnectionEnabled: false, browserName: chrome, chrome: {chromedriverVersion: 2.35.528161 (5b82f2d2aae0ca..., userDataDir: C:\Users\April\AppData\Loca...}, cssSelectorsEnabled: true, databaseEnabled: false, handlesAlerts: true, hasTouchScreen: false, javascriptEnabled: true, locationContextEnabled: true, mobileEmulationEnabled: false, nativeEvents: true, networkConnectionEnabled: false, pageLoadStrategy: normal, platform: XP, platformName: XP, rotatable: false, setWindowRect: true, takesHeapSnapshot: true, takesScreenshot: true, unexpectedAlertBehaviour: , unhandledPromptBehavior: , version: 78.0.3904.108, webStorageEnabled: true}
Session ID: cfe3a530f1bc406e2ea68220d7af8649)]]></system-err>
      </testcase>
      <testcase name="Test Cases/ADMIN/Content Mgmt/Categories/Category Add-Edit/Add Category" classname="Test Cases/ADMIN/Content Mgmt/Categories/Category Add-Edit/Add Category" status="FAILED">
         <failure type="FAILED" message="Unable to upload file 'C:\\Users\\Arcadier\\git\\Trillia\\Images\\Category\\13.png' to object 'Object Repository/ADMIN/Categories/Category/image_input image' (Root cause: org.openqa.selenium.WebDriverException: invalid argument: File not found : C:\\Users\\Arcadier\\git\\Trillia\\Images\\Category\\13.png
  (Session info: chrome=78.0.3904.108)
  (Driver info: chromedriver=2.35.528161 (5b82f2d2aae0ca24b877009200ced9065a772e73),platform=Windows NT 6.1.7601 SP1 x86_64) (WARNING: The server did not provide any stacktrace information)
Command duration or timeout: 0 milliseconds
Build info: version: '3.7.1', revision: '8a0099a', time: '2017-11-06T21:07:36.161Z'
System info: host: 'APRIL-PC', ip: '10.10.31.51', os.name: 'Windows 7', os.arch: 'amd64', os.version: '6.1', java.version: '1.8.0_102'
Driver info: com.kms.katalon.selenium.driver.CChromeDriver
Capabilities {acceptInsecureCerts: false, acceptSslCerts: false, applicationCacheEnabled: false, browserConnectionEnabled: false, browserName: chrome, chrome: {chromedriverVersion: 2.35.528161 (5b82f2d2aae0ca..., userDataDir: C:\Users\April\AppData\Loca...}, cssSelectorsEnabled: true, databaseEnabled: false, handlesAlerts: true, hasTouchScreen: false, javascriptEnabled: true, locationContextEnabled: true, mobileEmulationEnabled: false, nativeEvents: true, networkConnectionEnabled: false, pageLoadStrategy: normal, platform: XP, platformName: XP, rotatable: false, setWindowRect: true, takesHeapSnapshot: true, takesScreenshot: true, unexpectedAlertBehaviour: , unhandledPromptBehavior: , version: 78.0.3904.108, webStorageEnabled: true}
Session ID: cfe3a530f1bc406e2ea68220d7af8649)"/>
         <system-out><![CDATA[2019-11-25 09:55:39 - [TEST_CASE][FAILED] - Test Cases/ADMIN/Content Mgmt/Categories/Category Add-Edit/Add Category: Test Cases/ADMIN/Content Mgmt/Categories/Category Add-Edit/Add Category FAILED because (of) Unable to upload file 'C:\\Users\\Arcadier\\git\\Trillia\\Images\\Category\\13.png' to object 'Object Repository/ADMIN/Categories/Category/image_input image' (Root cause: org.openqa.selenium.WebDriverException: invalid argument: File not found : C:\\Users\\Arcadier\\git\\Trillia\\Images\\Category\\13.png
  (Session info: chrome=78.0.3904.108)
  (Driver info: chromedriver=2.35.528161 (5b82f2d2aae0ca24b877009200ced9065a772e73),platform=Windows NT 6.1.7601 SP1 x86_64) (WARNING: The server did not provide any stacktrace information)
Command duration or timeout: 0 milliseconds
Build info: version: '3.7.1', revision: '8a0099a', time: '2017-11-06T21:07:36.161Z'
System info: host: 'APRIL-PC', ip: '10.10.31.51', os.name: 'Windows 7', os.arch: 'amd64', os.version: '6.1', java.version: '1.8.0_102'
Driver info: com.kms.katalon.selenium.driver.CChromeDriver
Capabilities {acceptInsecureCerts: false, acceptSslCerts: false, applicationCacheEnabled: false, browserConnectionEnabled: false, browserName: chrome, chrome: {chromedriverVersion: 2.35.528161 (5b82f2d2aae0ca..., userDataDir: C:\Users\April\AppData\Loca...}, cssSelectorsEnabled: true, databaseEnabled: false, handlesAlerts: true, hasTouchScreen: false, javascriptEnabled: true, locationContextEnabled: true, mobileEmulationEnabled: false, nativeEvents: true, networkConnectionEnabled: false, pageLoadStrategy: normal, platform: XP, platformName: XP, rotatable: false, setWindowRect: true, takesHeapSnapshot: true, takesScreenshot: true, unexpectedAlertBehaviour: , unhandledPromptBehavior: , version: 78.0.3904.108, webStorageEnabled: true}
Session ID: cfe3a530f1bc406e2ea68220d7af8649)

2019-11-25 09:55:39 - [TEST_STEP][PASSED] - waitForElementVisible: Object 'Object Repository/ADMIN/Categories/Category List/button_Content Mgmt' is visible

2019-11-25 09:55:39 - [MESSAGE][WARNING] - Timeout '0' is invalid. Using default page load timeout: '30'

2019-11-25 09:55:39 - [MESSAGE][PASSED] - Object 'Object Repository/ADMIN/Categories/Category List/button_Content Mgmt' is visible

2019-11-25 09:55:39 - [TEST_STEP][PASSED] - click: Object: 'Object Repository/ADMIN/Categories/Category List/button_Content Mgmt' is clicked on

2019-11-25 09:55:39 - [MESSAGE][PASSED] - Object: 'Object Repository/ADMIN/Categories/Category List/button_Content Mgmt' is clicked on

2019-11-25 09:55:39 - [TEST_STEP][PASSED] - waitForElementVisible: Object 'Object Repository/ADMIN/Categories/Category List/button_Categories' is visible

2019-11-25 09:55:39 - [MESSAGE][WARNING] - Timeout '0' is invalid. Using default page load timeout: '30'

2019-11-25 09:55:39 - [MESSAGE][PASSED] - Object 'Object Repository/ADMIN/Categories/Category List/button_Categories' is visible

2019-11-25 09:55:39 - [TEST_STEP][PASSED] - click: Object: 'Object Repository/ADMIN/Categories/Category List/button_Categories' is clicked on

2019-11-25 09:55:40 - [MESSAGE][PASSED] - Object: 'Object Repository/ADMIN/Categories/Category List/button_Categories' is clicked on

2019-11-25 09:55:40 - [TEST_STEP][PASSED] - click: Object: 'Object Repository/ADMIN/Categories/Category List/button_AddACategory' is clicked on

2019-11-25 09:55:41 - [MESSAGE][PASSED] - Object: 'Object Repository/ADMIN/Categories/Category List/button_AddACategory' is clicked on

2019-11-25 09:55:41 - [TEST_STEP][PASSED] - waitForElementPresent: Object 'Object Repository/ADMIN/Categories/Category/dropdown_Parent' is present

2019-11-25 09:55:41 - [MESSAGE][PASSED] - Object 'Object Repository/ADMIN/Categories/Category/dropdown_Parent' is present

2019-11-25 09:55:41 - [TEST_STEP][PASSED] - delay: Delayed 1 second(s)

2019-11-25 09:55:42 - [MESSAGE][PASSED] - Delayed 1 second(s)

2019-11-25 09:55:42 - [TEST_STEP][PASSED] - setText: Text 'Category 13' is set on object 'Object Repository/ADMIN/Categories/Category/textfield_Category Name'

2019-11-25 09:55:42 - [MESSAGE][PASSED] - Text 'Category 13' is set on object 'Object Repository/ADMIN/Categories/Category/textfield_Category Name'

2019-11-25 09:55:42 - [TEST_STEP][PASSED] - click: Object: 'Object Repository/ADMIN/Categories/Category/dropdown_Parent' is clicked on

2019-11-25 09:55:43 - [MESSAGE][PASSED] - Object: 'Object Repository/ADMIN/Categories/Category/dropdown_Parent' is clicked on

2019-11-25 09:55:43 - [TEST_STEP][PASSED] - delay: Delayed 2 second(s)

2019-11-25 09:55:45 - [MESSAGE][PASSED] - Delayed 2 second(s)

2019-11-25 09:55:45 - [TEST_STEP][PASSED] - click: Object: 'Object Repository/ADMIN/Categories/Category/dropdown_Parent' is clicked on

2019-11-25 09:55:45 - [MESSAGE][PASSED] - Object: 'Object Repository/ADMIN/Categories/Category/dropdown_Parent' is clicked on

2019-11-25 09:55:45 - [TEST_STEP][PASSED] - selectOptionByLabel: All options with label '-' are selected in object 'Object Repository/ADMIN/Categories/Category/dropdown_Parent' 

2019-11-25 09:55:45 - [MESSAGE][PASSED] - All options with label '-' are selected in object 'Object Repository/ADMIN/Categories/Category/dropdown_Parent' 

2019-11-25 09:55:45 - [TEST_STEP][PASSED] - click: Object: 'Object Repository/ADMIN/Categories/Category/button_Browse' is clicked on

2019-11-25 09:55:45 - [MESSAGE][PASSED] - Object: 'Object Repository/ADMIN/Categories/Category/button_Browse' is clicked on

2019-11-25 09:55:46 - [TEST_STEP][PASSED] - delay: Delayed 1 second(s)

2019-11-25 09:55:47 - [MESSAGE][PASSED] - Delayed 1 second(s)

2019-11-25 09:55:47 - [TEST_STEP][FAILED] - uploadFile: Unable to upload file 'C:\\Users\\Arcadier\\git\\Trillia\\Images\\Category\\13.png' to object 'Object Repository/ADMIN/Categories/Category/image_input image' (Root cause: org.openqa.selenium.WebDriverException: invalid argument: File not found : C:\\Users\\Arcadier\\git\\Trillia\\Images\\Category\\13.png
  (Session info: chrome=78.0.3904.108)
  (Driver info: chromedriver=2.35.528161 (5b82f2d2aae0ca24b877009200ced9065a772e73),platform=Windows NT 6.1.7601 SP1 x86_64) (WARNING: The server did not provide any stacktrace information)
Command duration or timeout: 0 milliseconds
Build info: version: '3.7.1', revision: '8a0099a', time: '2017-11-06T21:07:36.161Z'
System info: host: 'APRIL-PC', ip: '10.10.31.51', os.name: 'Windows 7', os.arch: 'amd64', os.version: '6.1', java.version: '1.8.0_102'
Driver info: com.kms.katalon.selenium.driver.CChromeDriver
Capabilities {acceptInsecureCerts: false, acceptSslCerts: false, applicationCacheEnabled: false, browserConnectionEnabled: false, browserName: chrome, chrome: {chromedriverVersion: 2.35.528161 (5b82f2d2aae0ca..., userDataDir: C:\Users\April\AppData\Loca...}, cssSelectorsEnabled: true, databaseEnabled: false, handlesAlerts: true, hasTouchScreen: false, javascriptEnabled: true, locationContextEnabled: true, mobileEmulationEnabled: false, nativeEvents: true, networkConnectionEnabled: false, pageLoadStrategy: normal, platform: XP, platformName: XP, rotatable: false, setWindowRect: true, takesHeapSnapshot: true, takesScreenshot: true, unexpectedAlertBehaviour: , unhandledPromptBehavior: , version: 78.0.3904.108, webStorageEnabled: true}
Session ID: cfe3a530f1bc406e2ea68220d7af8649)

2019-11-25 09:55:48 - [MESSAGE][FAILED] - Unable to upload file 'C:\\Users\\Arcadier\\git\\Trillia\\Images\\Category\\13.png' to object 'Object Repository/ADMIN/Categories/Category/image_input image' (Root cause: org.openqa.selenium.WebDriverException: invalid argument: File not found : C:\\Users\\Arcadier\\git\\Trillia\\Images\\Category\\13.png
  (Session info: chrome=78.0.3904.108)
  (Driver info: chromedriver=2.35.528161 (5b82f2d2aae0ca24b877009200ced9065a772e73),platform=Windows NT 6.1.7601 SP1 x86_64) (WARNING: The server did not provide any stacktrace information)
Command duration or timeout: 0 milliseconds
Build info: version: '3.7.1', revision: '8a0099a', time: '2017-11-06T21:07:36.161Z'
System info: host: 'APRIL-PC', ip: '10.10.31.51', os.name: 'Windows 7', os.arch: 'amd64', os.version: '6.1', java.version: '1.8.0_102'
Driver info: com.kms.katalon.selenium.driver.CChromeDriver
Capabilities {acceptInsecureCerts: false, acceptSslCerts: false, applicationCacheEnabled: false, browserConnectionEnabled: false, browserName: chrome, chrome: {chromedriverVersion: 2.35.528161 (5b82f2d2aae0ca..., userDataDir: C:\Users\April\AppData\Loca...}, cssSelectorsEnabled: true, databaseEnabled: false, handlesAlerts: true, hasTouchScreen: false, javascriptEnabled: true, locationContextEnabled: true, mobileEmulationEnabled: false, nativeEvents: true, networkConnectionEnabled: false, pageLoadStrategy: normal, platform: XP, platformName: XP, rotatable: false, setWindowRect: true, takesHeapSnapshot: true, takesScreenshot: true, unexpectedAlertBehaviour: , unhandledPromptBehavior: , version: 78.0.3904.108, webStorageEnabled: true}
Session ID: cfe3a530f1bc406e2ea68220d7af8649)
[[ATTACHMENT|C:\\Users\\April\\git\\Trillia\\Reports\\Admin\\Categories\\Add Category\\20191125_093242\\1574646947951.png]]

2019-11-25 09:55:48 - [TEST_STEP][PASSED] - waitForElementVisible: Object 'Object Repository/ADMIN/Categories/Category/button_upload check' is visible

2019-11-25 09:55:48 - [MESSAGE][WARNING] - Timeout '0' is invalid. Using default page load timeout: '30'

2019-11-25 09:55:56 - [MESSAGE][PASSED] - Object 'Object Repository/ADMIN/Categories/Category/button_upload check' is visible

2019-11-25 09:55:56 - [TEST_STEP][PASSED] - click: Object: 'Object Repository/ADMIN/Categories/Category/button_upload check' is clicked on

2019-11-25 09:55:57 - [MESSAGE][PASSED] - Object: 'Object Repository/ADMIN/Categories/Category/button_upload check' is clicked on

2019-11-25 09:55:57 - [TEST_STEP][PASSED] - waitForElementVisible: Object 'Object Repository/ADMIN/Categories/Category/button_upload save' is visible

2019-11-25 09:55:57 - [MESSAGE][WARNING] - Timeout '0' is invalid. Using default page load timeout: '30'

2019-11-25 09:55:57 - [MESSAGE][PASSED] - Object 'Object Repository/ADMIN/Categories/Category/button_upload save' is visible

2019-11-25 09:55:57 - [TEST_STEP][PASSED] - click: Object: 'Object Repository/ADMIN/Categories/Category/button_upload save' is clicked on

2019-11-25 09:55:57 - [MESSAGE][PASSED] - Object: 'Object Repository/ADMIN/Categories/Category/button_upload save' is clicked on

2019-11-25 09:55:57 - [TEST_STEP][PASSED] - delay: Delayed 1 second(s)

2019-11-25 09:55:58 - [MESSAGE][PASSED] - Delayed 1 second(s)

2019-11-25 09:55:58 - [TEST_STEP][PASSED] - setText: Text 'Description69' is set on object 'Object Repository/ADMIN/Categories/Category/textfield_category_description'

2019-11-25 09:55:58 - [MESSAGE][PASSED] - Text 'Description69' is set on object 'Object Repository/ADMIN/Categories/Category/textfield_category_description'

2019-11-25 09:55:58 - [TEST_STEP][PASSED] - click: Object: 'Object Repository/ADMIN/Categories/Category/button_Save' is clicked on

2019-11-25 09:55:58 - [MESSAGE][PASSED] - Object: 'Object Repository/ADMIN/Categories/Category/button_Save' is clicked on

2019-11-25 09:55:58 - [TEST_STEP][PASSED] - waitForElementVisible: Object 'Object Repository/ADMIN/Categories/Category/label_edit popup' is visible

2019-11-25 09:55:58 - [MESSAGE][WARNING] - Timeout '0' is invalid. Using default page load timeout: '30'

2019-11-25 09:55:59 - [MESSAGE][PASSED] - Object 'Object Repository/ADMIN/Categories/Category/label_edit popup' is visible

2019-11-25 09:55:59 - [TEST_STEP][PASSED] - waitForElementNotPresent: Web element with id: 'Object Repository/ADMIN/Categories/Category/label_edit popup' located by 'By.xpath: //div[(text() = 'Category was successfully saved.' or . = 'Category was successfully saved.')]' is not present after '30' second(s)

2019-11-25 09:55:59 - [MESSAGE][WARNING] - Timeout '0' is invalid. Using default page load timeout: '30'

2019-11-25 09:56:04 - [MESSAGE][PASSED] - Web element with id: 'Object Repository/ADMIN/Categories/Category/label_edit popup' located by 'By.xpath: //div[(text() = 'Category was successfully saved.' or . = 'Category was successfully saved.')]' is not present after '30' second(s)]]></system-out>
         <system-err><![CDATA[2019-11-25 09:55:39 - [TEST_CASE][FAILED] - Test Cases/ADMIN/Content Mgmt/Categories/Category Add-Edit/Add Category: Test Cases/ADMIN/Content Mgmt/Categories/Category Add-Edit/Add Category FAILED because (of) Unable to upload file 'C:\\Users\\Arcadier\\git\\Trillia\\Images\\Category\\13.png' to object 'Object Repository/ADMIN/Categories/Category/image_input image' (Root cause: org.openqa.selenium.WebDriverException: invalid argument: File not found : C:\\Users\\Arcadier\\git\\Trillia\\Images\\Category\\13.png
  (Session info: chrome=78.0.3904.108)
  (Driver info: chromedriver=2.35.528161 (5b82f2d2aae0ca24b877009200ced9065a772e73),platform=Windows NT 6.1.7601 SP1 x86_64) (WARNING: The server did not provide any stacktrace information)
Command duration or timeout: 0 milliseconds
Build info: version: '3.7.1', revision: '8a0099a', time: '2017-11-06T21:07:36.161Z'
System info: host: 'APRIL-PC', ip: '10.10.31.51', os.name: 'Windows 7', os.arch: 'amd64', os.version: '6.1', java.version: '1.8.0_102'
Driver info: com.kms.katalon.selenium.driver.CChromeDriver
Capabilities {acceptInsecureCerts: false, acceptSslCerts: false, applicationCacheEnabled: false, browserConnectionEnabled: false, browserName: chrome, chrome: {chromedriverVersion: 2.35.528161 (5b82f2d2aae0ca..., userDataDir: C:\Users\April\AppData\Loca...}, cssSelectorsEnabled: true, databaseEnabled: false, handlesAlerts: true, hasTouchScreen: false, javascriptEnabled: true, locationContextEnabled: true, mobileEmulationEnabled: false, nativeEvents: true, networkConnectionEnabled: false, pageLoadStrategy: normal, platform: XP, platformName: XP, rotatable: false, setWindowRect: true, takesHeapSnapshot: true, takesScreenshot: true, unexpectedAlertBehaviour: , unhandledPromptBehavior: , version: 78.0.3904.108, webStorageEnabled: true}
Session ID: cfe3a530f1bc406e2ea68220d7af8649)]]></system-err>
      </testcase>
      <testcase name="Test Cases/ADMIN/Content Mgmt/Categories/Category Add-Edit/Add Category" classname="Test Cases/ADMIN/Content Mgmt/Categories/Category Add-Edit/Add Category" status="FAILED">
         <failure type="FAILED" message="Unable to upload file 'C:\\Users\\Arcadier\\git\\Trillia\\Images\\Category\\14.png' to object 'Object Repository/ADMIN/Categories/Category/image_input image' (Root cause: org.openqa.selenium.WebDriverException: invalid argument: File not found : C:\\Users\\Arcadier\\git\\Trillia\\Images\\Category\\14.png
  (Session info: chrome=78.0.3904.108)
  (Driver info: chromedriver=2.35.528161 (5b82f2d2aae0ca24b877009200ced9065a772e73),platform=Windows NT 6.1.7601 SP1 x86_64) (WARNING: The server did not provide any stacktrace information)
Command duration or timeout: 0 milliseconds
Build info: version: '3.7.1', revision: '8a0099a', time: '2017-11-06T21:07:36.161Z'
System info: host: 'APRIL-PC', ip: '10.10.31.51', os.name: 'Windows 7', os.arch: 'amd64', os.version: '6.1', java.version: '1.8.0_102'
Driver info: com.kms.katalon.selenium.driver.CChromeDriver
Capabilities {acceptInsecureCerts: false, acceptSslCerts: false, applicationCacheEnabled: false, browserConnectionEnabled: false, browserName: chrome, chrome: {chromedriverVersion: 2.35.528161 (5b82f2d2aae0ca..., userDataDir: C:\Users\April\AppData\Loca...}, cssSelectorsEnabled: true, databaseEnabled: false, handlesAlerts: true, hasTouchScreen: false, javascriptEnabled: true, locationContextEnabled: true, mobileEmulationEnabled: false, nativeEvents: true, networkConnectionEnabled: false, pageLoadStrategy: normal, platform: XP, platformName: XP, rotatable: false, setWindowRect: true, takesHeapSnapshot: true, takesScreenshot: true, unexpectedAlertBehaviour: , unhandledPromptBehavior: , version: 78.0.3904.108, webStorageEnabled: true}
Session ID: cfe3a530f1bc406e2ea68220d7af8649)"/>
         <system-out><![CDATA[2019-11-25 09:56:04 - [TEST_CASE][FAILED] - Test Cases/ADMIN/Content Mgmt/Categories/Category Add-Edit/Add Category: Test Cases/ADMIN/Content Mgmt/Categories/Category Add-Edit/Add Category FAILED because (of) Unable to upload file 'C:\\Users\\Arcadier\\git\\Trillia\\Images\\Category\\14.png' to object 'Object Repository/ADMIN/Categories/Category/image_input image' (Root cause: org.openqa.selenium.WebDriverException: invalid argument: File not found : C:\\Users\\Arcadier\\git\\Trillia\\Images\\Category\\14.png
  (Session info: chrome=78.0.3904.108)
  (Driver info: chromedriver=2.35.528161 (5b82f2d2aae0ca24b877009200ced9065a772e73),platform=Windows NT 6.1.7601 SP1 x86_64) (WARNING: The server did not provide any stacktrace information)
Command duration or timeout: 0 milliseconds
Build info: version: '3.7.1', revision: '8a0099a', time: '2017-11-06T21:07:36.161Z'
System info: host: 'APRIL-PC', ip: '10.10.31.51', os.name: 'Windows 7', os.arch: 'amd64', os.version: '6.1', java.version: '1.8.0_102'
Driver info: com.kms.katalon.selenium.driver.CChromeDriver
Capabilities {acceptInsecureCerts: false, acceptSslCerts: false, applicationCacheEnabled: false, browserConnectionEnabled: false, browserName: chrome, chrome: {chromedriverVersion: 2.35.528161 (5b82f2d2aae0ca..., userDataDir: C:\Users\April\AppData\Loca...}, cssSelectorsEnabled: true, databaseEnabled: false, handlesAlerts: true, hasTouchScreen: false, javascriptEnabled: true, locationContextEnabled: true, mobileEmulationEnabled: false, nativeEvents: true, networkConnectionEnabled: false, pageLoadStrategy: normal, platform: XP, platformName: XP, rotatable: false, setWindowRect: true, takesHeapSnapshot: true, takesScreenshot: true, unexpectedAlertBehaviour: , unhandledPromptBehavior: , version: 78.0.3904.108, webStorageEnabled: true}
Session ID: cfe3a530f1bc406e2ea68220d7af8649)

2019-11-25 09:56:04 - [TEST_STEP][PASSED] - waitForElementVisible: Object 'Object Repository/ADMIN/Categories/Category List/button_Content Mgmt' is visible

2019-11-25 09:56:04 - [MESSAGE][WARNING] - Timeout '0' is invalid. Using default page load timeout: '30'

2019-11-25 09:56:04 - [MESSAGE][PASSED] - Object 'Object Repository/ADMIN/Categories/Category List/button_Content Mgmt' is visible

2019-11-25 09:56:04 - [TEST_STEP][PASSED] - click: Object: 'Object Repository/ADMIN/Categories/Category List/button_Content Mgmt' is clicked on

2019-11-25 09:56:04 - [MESSAGE][PASSED] - Object: 'Object Repository/ADMIN/Categories/Category List/button_Content Mgmt' is clicked on

2019-11-25 09:56:04 - [TEST_STEP][PASSED] - waitForElementVisible: Object 'Object Repository/ADMIN/Categories/Category List/button_Categories' is visible

2019-11-25 09:56:04 - [MESSAGE][WARNING] - Timeout '0' is invalid. Using default page load timeout: '30'

2019-11-25 09:56:05 - [MESSAGE][PASSED] - Object 'Object Repository/ADMIN/Categories/Category List/button_Categories' is visible

2019-11-25 09:56:05 - [TEST_STEP][PASSED] - click: Object: 'Object Repository/ADMIN/Categories/Category List/button_Categories' is clicked on

2019-11-25 09:56:05 - [MESSAGE][PASSED] - Object: 'Object Repository/ADMIN/Categories/Category List/button_Categories' is clicked on

2019-11-25 09:56:05 - [TEST_STEP][PASSED] - click: Object: 'Object Repository/ADMIN/Categories/Category List/button_AddACategory' is clicked on

2019-11-25 09:56:05 - [MESSAGE][PASSED] - Object: 'Object Repository/ADMIN/Categories/Category List/button_AddACategory' is clicked on

2019-11-25 09:56:05 - [TEST_STEP][PASSED] - waitForElementPresent: Object 'Object Repository/ADMIN/Categories/Category/dropdown_Parent' is present

2019-11-25 09:56:06 - [MESSAGE][PASSED] - Object 'Object Repository/ADMIN/Categories/Category/dropdown_Parent' is present

2019-11-25 09:56:06 - [TEST_STEP][PASSED] - delay: Delayed 1 second(s)

2019-11-25 09:56:07 - [MESSAGE][PASSED] - Delayed 1 second(s)

2019-11-25 09:56:07 - [TEST_STEP][PASSED] - setText: Text 'Category 14' is set on object 'Object Repository/ADMIN/Categories/Category/textfield_Category Name'

2019-11-25 09:56:07 - [MESSAGE][PASSED] - Text 'Category 14' is set on object 'Object Repository/ADMIN/Categories/Category/textfield_Category Name'

2019-11-25 09:56:07 - [TEST_STEP][PASSED] - click: Object: 'Object Repository/ADMIN/Categories/Category/dropdown_Parent' is clicked on

2019-11-25 09:56:07 - [MESSAGE][PASSED] - Object: 'Object Repository/ADMIN/Categories/Category/dropdown_Parent' is clicked on

2019-11-25 09:56:07 - [TEST_STEP][PASSED] - delay: Delayed 2 second(s)

2019-11-25 09:56:10 - [MESSAGE][PASSED] - Delayed 2 second(s)

2019-11-25 09:56:10 - [TEST_STEP][PASSED] - click: Object: 'Object Repository/ADMIN/Categories/Category/dropdown_Parent' is clicked on

2019-11-25 09:56:10 - [MESSAGE][PASSED] - Object: 'Object Repository/ADMIN/Categories/Category/dropdown_Parent' is clicked on

2019-11-25 09:56:10 - [TEST_STEP][PASSED] - selectOptionByLabel: All options with label '-' are selected in object 'Object Repository/ADMIN/Categories/Category/dropdown_Parent' 

2019-11-25 09:56:11 - [MESSAGE][PASSED] - All options with label '-' are selected in object 'Object Repository/ADMIN/Categories/Category/dropdown_Parent' 

2019-11-25 09:56:11 - [TEST_STEP][PASSED] - click: Object: 'Object Repository/ADMIN/Categories/Category/button_Browse' is clicked on

2019-11-25 09:56:11 - [MESSAGE][PASSED] - Object: 'Object Repository/ADMIN/Categories/Category/button_Browse' is clicked on

2019-11-25 09:56:11 - [TEST_STEP][PASSED] - delay: Delayed 1 second(s)

2019-11-25 09:56:12 - [MESSAGE][PASSED] - Delayed 1 second(s)

2019-11-25 09:56:12 - [TEST_STEP][FAILED] - uploadFile: Unable to upload file 'C:\\Users\\Arcadier\\git\\Trillia\\Images\\Category\\14.png' to object 'Object Repository/ADMIN/Categories/Category/image_input image' (Root cause: org.openqa.selenium.WebDriverException: invalid argument: File not found : C:\\Users\\Arcadier\\git\\Trillia\\Images\\Category\\14.png
  (Session info: chrome=78.0.3904.108)
  (Driver info: chromedriver=2.35.528161 (5b82f2d2aae0ca24b877009200ced9065a772e73),platform=Windows NT 6.1.7601 SP1 x86_64) (WARNING: The server did not provide any stacktrace information)
Command duration or timeout: 0 milliseconds
Build info: version: '3.7.1', revision: '8a0099a', time: '2017-11-06T21:07:36.161Z'
System info: host: 'APRIL-PC', ip: '10.10.31.51', os.name: 'Windows 7', os.arch: 'amd64', os.version: '6.1', java.version: '1.8.0_102'
Driver info: com.kms.katalon.selenium.driver.CChromeDriver
Capabilities {acceptInsecureCerts: false, acceptSslCerts: false, applicationCacheEnabled: false, browserConnectionEnabled: false, browserName: chrome, chrome: {chromedriverVersion: 2.35.528161 (5b82f2d2aae0ca..., userDataDir: C:\Users\April\AppData\Loca...}, cssSelectorsEnabled: true, databaseEnabled: false, handlesAlerts: true, hasTouchScreen: false, javascriptEnabled: true, locationContextEnabled: true, mobileEmulationEnabled: false, nativeEvents: true, networkConnectionEnabled: false, pageLoadStrategy: normal, platform: XP, platformName: XP, rotatable: false, setWindowRect: true, takesHeapSnapshot: true, takesScreenshot: true, unexpectedAlertBehaviour: , unhandledPromptBehavior: , version: 78.0.3904.108, webStorageEnabled: true}
Session ID: cfe3a530f1bc406e2ea68220d7af8649)

2019-11-25 09:56:12 - [MESSAGE][FAILED] - Unable to upload file 'C:\\Users\\Arcadier\\git\\Trillia\\Images\\Category\\14.png' to object 'Object Repository/ADMIN/Categories/Category/image_input image' (Root cause: org.openqa.selenium.WebDriverException: invalid argument: File not found : C:\\Users\\Arcadier\\git\\Trillia\\Images\\Category\\14.png
  (Session info: chrome=78.0.3904.108)
  (Driver info: chromedriver=2.35.528161 (5b82f2d2aae0ca24b877009200ced9065a772e73),platform=Windows NT 6.1.7601 SP1 x86_64) (WARNING: The server did not provide any stacktrace information)
Command duration or timeout: 0 milliseconds
Build info: version: '3.7.1', revision: '8a0099a', time: '2017-11-06T21:07:36.161Z'
System info: host: 'APRIL-PC', ip: '10.10.31.51', os.name: 'Windows 7', os.arch: 'amd64', os.version: '6.1', java.version: '1.8.0_102'
Driver info: com.kms.katalon.selenium.driver.CChromeDriver
Capabilities {acceptInsecureCerts: false, acceptSslCerts: false, applicationCacheEnabled: false, browserConnectionEnabled: false, browserName: chrome, chrome: {chromedriverVersion: 2.35.528161 (5b82f2d2aae0ca..., userDataDir: C:\Users\April\AppData\Loca...}, cssSelectorsEnabled: true, databaseEnabled: false, handlesAlerts: true, hasTouchScreen: false, javascriptEnabled: true, locationContextEnabled: true, mobileEmulationEnabled: false, nativeEvents: true, networkConnectionEnabled: false, pageLoadStrategy: normal, platform: XP, platformName: XP, rotatable: false, setWindowRect: true, takesHeapSnapshot: true, takesScreenshot: true, unexpectedAlertBehaviour: , unhandledPromptBehavior: , version: 78.0.3904.108, webStorageEnabled: true}
Session ID: cfe3a530f1bc406e2ea68220d7af8649)
[[ATTACHMENT|C:\\Users\\April\\git\\Trillia\\Reports\\Admin\\Categories\\Add Category\\20191125_093242\\1574646972493.png]]

2019-11-25 09:56:12 - [TEST_STEP][PASSED] - waitForElementVisible: Object 'Object Repository/ADMIN/Categories/Category/button_upload check' is visible

2019-11-25 09:56:12 - [MESSAGE][WARNING] - Timeout '0' is invalid. Using default page load timeout: '30'

2019-11-25 09:56:18 - [MESSAGE][PASSED] - Object 'Object Repository/ADMIN/Categories/Category/button_upload check' is visible

2019-11-25 09:56:18 - [TEST_STEP][PASSED] - click: Object: 'Object Repository/ADMIN/Categories/Category/button_upload check' is clicked on

2019-11-25 09:56:18 - [MESSAGE][PASSED] - Object: 'Object Repository/ADMIN/Categories/Category/button_upload check' is clicked on

2019-11-25 09:56:18 - [TEST_STEP][PASSED] - waitForElementVisible: Object 'Object Repository/ADMIN/Categories/Category/button_upload save' is visible

2019-11-25 09:56:18 - [MESSAGE][WARNING] - Timeout '0' is invalid. Using default page load timeout: '30'

2019-11-25 09:56:18 - [MESSAGE][PASSED] - Object 'Object Repository/ADMIN/Categories/Category/button_upload save' is visible

2019-11-25 09:56:18 - [TEST_STEP][PASSED] - click: Object: 'Object Repository/ADMIN/Categories/Category/button_upload save' is clicked on

2019-11-25 09:56:18 - [MESSAGE][PASSED] - Object: 'Object Repository/ADMIN/Categories/Category/button_upload save' is clicked on

2019-11-25 09:56:18 - [TEST_STEP][PASSED] - delay: Delayed 1 second(s)

2019-11-25 09:56:19 - [MESSAGE][PASSED] - Delayed 1 second(s)

2019-11-25 09:56:19 - [TEST_STEP][PASSED] - setText: Text 'Description70' is set on object 'Object Repository/ADMIN/Categories/Category/textfield_category_description'

2019-11-25 09:56:19 - [MESSAGE][PASSED] - Text 'Description70' is set on object 'Object Repository/ADMIN/Categories/Category/textfield_category_description'

2019-11-25 09:56:19 - [TEST_STEP][PASSED] - click: Object: 'Object Repository/ADMIN/Categories/Category/button_Save' is clicked on

2019-11-25 09:56:19 - [MESSAGE][PASSED] - Object: 'Object Repository/ADMIN/Categories/Category/button_Save' is clicked on

2019-11-25 09:56:19 - [TEST_STEP][PASSED] - waitForElementVisible: Object 'Object Repository/ADMIN/Categories/Category/label_edit popup' is visible

2019-11-25 09:56:20 - [MESSAGE][WARNING] - Timeout '0' is invalid. Using default page load timeout: '30'

2019-11-25 09:56:20 - [MESSAGE][PASSED] - Object 'Object Repository/ADMIN/Categories/Category/label_edit popup' is visible

2019-11-25 09:56:20 - [TEST_STEP][PASSED] - waitForElementNotPresent: Web element with id: 'Object Repository/ADMIN/Categories/Category/label_edit popup' located by 'By.xpath: //div[(text() = 'Category was successfully saved.' or . = 'Category was successfully saved.')]' is not present after '30' second(s)

2019-11-25 09:56:20 - [MESSAGE][WARNING] - Timeout '0' is invalid. Using default page load timeout: '30'

2019-11-25 09:56:26 - [MESSAGE][PASSED] - Web element with id: 'Object Repository/ADMIN/Categories/Category/label_edit popup' located by 'By.xpath: //div[(text() = 'Category was successfully saved.' or . = 'Category was successfully saved.')]' is not present after '30' second(s)]]></system-out>
         <system-err><![CDATA[2019-11-25 09:56:04 - [TEST_CASE][FAILED] - Test Cases/ADMIN/Content Mgmt/Categories/Category Add-Edit/Add Category: Test Cases/ADMIN/Content Mgmt/Categories/Category Add-Edit/Add Category FAILED because (of) Unable to upload file 'C:\\Users\\Arcadier\\git\\Trillia\\Images\\Category\\14.png' to object 'Object Repository/ADMIN/Categories/Category/image_input image' (Root cause: org.openqa.selenium.WebDriverException: invalid argument: File not found : C:\\Users\\Arcadier\\git\\Trillia\\Images\\Category\\14.png
  (Session info: chrome=78.0.3904.108)
  (Driver info: chromedriver=2.35.528161 (5b82f2d2aae0ca24b877009200ced9065a772e73),platform=Windows NT 6.1.7601 SP1 x86_64) (WARNING: The server did not provide any stacktrace information)
Command duration or timeout: 0 milliseconds
Build info: version: '3.7.1', revision: '8a0099a', time: '2017-11-06T21:07:36.161Z'
System info: host: 'APRIL-PC', ip: '10.10.31.51', os.name: 'Windows 7', os.arch: 'amd64', os.version: '6.1', java.version: '1.8.0_102'
Driver info: com.kms.katalon.selenium.driver.CChromeDriver
Capabilities {acceptInsecureCerts: false, acceptSslCerts: false, applicationCacheEnabled: false, browserConnectionEnabled: false, browserName: chrome, chrome: {chromedriverVersion: 2.35.528161 (5b82f2d2aae0ca..., userDataDir: C:\Users\April\AppData\Loca...}, cssSelectorsEnabled: true, databaseEnabled: false, handlesAlerts: true, hasTouchScreen: false, javascriptEnabled: true, locationContextEnabled: true, mobileEmulationEnabled: false, nativeEvents: true, networkConnectionEnabled: false, pageLoadStrategy: normal, platform: XP, platformName: XP, rotatable: false, setWindowRect: true, takesHeapSnapshot: true, takesScreenshot: true, unexpectedAlertBehaviour: , unhandledPromptBehavior: , version: 78.0.3904.108, webStorageEnabled: true}
Session ID: cfe3a530f1bc406e2ea68220d7af8649)]]></system-err>
      </testcase>
      <testcase name="Test Cases/ADMIN/Content Mgmt/Categories/Category Add-Edit/Add Category" classname="Test Cases/ADMIN/Content Mgmt/Categories/Category Add-Edit/Add Category" status="FAILED">
         <failure type="FAILED" message="Unable to upload file 'C:\\Users\\Arcadier\\git\\Trillia\\Images\\Category\\15.png' to object 'Object Repository/ADMIN/Categories/Category/image_input image' (Root cause: org.openqa.selenium.WebDriverException: invalid argument: File not found : C:\\Users\\Arcadier\\git\\Trillia\\Images\\Category\\15.png
  (Session info: chrome=78.0.3904.108)
  (Driver info: chromedriver=2.35.528161 (5b82f2d2aae0ca24b877009200ced9065a772e73),platform=Windows NT 6.1.7601 SP1 x86_64) (WARNING: The server did not provide any stacktrace information)
Command duration or timeout: 0 milliseconds
Build info: version: '3.7.1', revision: '8a0099a', time: '2017-11-06T21:07:36.161Z'
System info: host: 'APRIL-PC', ip: '10.10.31.51', os.name: 'Windows 7', os.arch: 'amd64', os.version: '6.1', java.version: '1.8.0_102'
Driver info: com.kms.katalon.selenium.driver.CChromeDriver
Capabilities {acceptInsecureCerts: false, acceptSslCerts: false, applicationCacheEnabled: false, browserConnectionEnabled: false, browserName: chrome, chrome: {chromedriverVersion: 2.35.528161 (5b82f2d2aae0ca..., userDataDir: C:\Users\April\AppData\Loca...}, cssSelectorsEnabled: true, databaseEnabled: false, handlesAlerts: true, hasTouchScreen: false, javascriptEnabled: true, locationContextEnabled: true, mobileEmulationEnabled: false, nativeEvents: true, networkConnectionEnabled: false, pageLoadStrategy: normal, platform: XP, platformName: XP, rotatable: false, setWindowRect: true, takesHeapSnapshot: true, takesScreenshot: true, unexpectedAlertBehaviour: , unhandledPromptBehavior: , version: 78.0.3904.108, webStorageEnabled: true}
Session ID: cfe3a530f1bc406e2ea68220d7af8649)"/>
         <system-out><![CDATA[2019-11-25 09:56:26 - [TEST_CASE][FAILED] - Test Cases/ADMIN/Content Mgmt/Categories/Category Add-Edit/Add Category: Test Cases/ADMIN/Content Mgmt/Categories/Category Add-Edit/Add Category FAILED because (of) Unable to upload file 'C:\\Users\\Arcadier\\git\\Trillia\\Images\\Category\\15.png' to object 'Object Repository/ADMIN/Categories/Category/image_input image' (Root cause: org.openqa.selenium.WebDriverException: invalid argument: File not found : C:\\Users\\Arcadier\\git\\Trillia\\Images\\Category\\15.png
  (Session info: chrome=78.0.3904.108)
  (Driver info: chromedriver=2.35.528161 (5b82f2d2aae0ca24b877009200ced9065a772e73),platform=Windows NT 6.1.7601 SP1 x86_64) (WARNING: The server did not provide any stacktrace information)
Command duration or timeout: 0 milliseconds
Build info: version: '3.7.1', revision: '8a0099a', time: '2017-11-06T21:07:36.161Z'
System info: host: 'APRIL-PC', ip: '10.10.31.51', os.name: 'Windows 7', os.arch: 'amd64', os.version: '6.1', java.version: '1.8.0_102'
Driver info: com.kms.katalon.selenium.driver.CChromeDriver
Capabilities {acceptInsecureCerts: false, acceptSslCerts: false, applicationCacheEnabled: false, browserConnectionEnabled: false, browserName: chrome, chrome: {chromedriverVersion: 2.35.528161 (5b82f2d2aae0ca..., userDataDir: C:\Users\April\AppData\Loca...}, cssSelectorsEnabled: true, databaseEnabled: false, handlesAlerts: true, hasTouchScreen: false, javascriptEnabled: true, locationContextEnabled: true, mobileEmulationEnabled: false, nativeEvents: true, networkConnectionEnabled: false, pageLoadStrategy: normal, platform: XP, platformName: XP, rotatable: false, setWindowRect: true, takesHeapSnapshot: true, takesScreenshot: true, unexpectedAlertBehaviour: , unhandledPromptBehavior: , version: 78.0.3904.108, webStorageEnabled: true}
Session ID: cfe3a530f1bc406e2ea68220d7af8649)

2019-11-25 09:56:26 - [TEST_STEP][PASSED] - waitForElementVisible: Object 'Object Repository/ADMIN/Categories/Category List/button_Content Mgmt' is visible

2019-11-25 09:56:26 - [MESSAGE][WARNING] - Timeout '0' is invalid. Using default page load timeout: '30'

2019-11-25 09:56:26 - [MESSAGE][PASSED] - Object 'Object Repository/ADMIN/Categories/Category List/button_Content Mgmt' is visible

2019-11-25 09:56:26 - [TEST_STEP][PASSED] - click: Object: 'Object Repository/ADMIN/Categories/Category List/button_Content Mgmt' is clicked on

2019-11-25 09:56:26 - [MESSAGE][PASSED] - Object: 'Object Repository/ADMIN/Categories/Category List/button_Content Mgmt' is clicked on

2019-11-25 09:56:26 - [TEST_STEP][PASSED] - waitForElementVisible: Object 'Object Repository/ADMIN/Categories/Category List/button_Categories' is visible

2019-11-25 09:56:26 - [MESSAGE][WARNING] - Timeout '0' is invalid. Using default page load timeout: '30'

2019-11-25 09:56:27 - [MESSAGE][PASSED] - Object 'Object Repository/ADMIN/Categories/Category List/button_Categories' is visible

2019-11-25 09:56:27 - [TEST_STEP][PASSED] - click: Object: 'Object Repository/ADMIN/Categories/Category List/button_Categories' is clicked on

2019-11-25 09:56:28 - [MESSAGE][PASSED] - Object: 'Object Repository/ADMIN/Categories/Category List/button_Categories' is clicked on

2019-11-25 09:56:28 - [TEST_STEP][PASSED] - click: Object: 'Object Repository/ADMIN/Categories/Category List/button_AddACategory' is clicked on

2019-11-25 09:56:28 - [MESSAGE][PASSED] - Object: 'Object Repository/ADMIN/Categories/Category List/button_AddACategory' is clicked on

2019-11-25 09:56:28 - [TEST_STEP][PASSED] - waitForElementPresent: Object 'Object Repository/ADMIN/Categories/Category/dropdown_Parent' is present

2019-11-25 09:56:28 - [MESSAGE][PASSED] - Object 'Object Repository/ADMIN/Categories/Category/dropdown_Parent' is present

2019-11-25 09:56:28 - [TEST_STEP][PASSED] - delay: Delayed 1 second(s)

2019-11-25 09:56:29 - [MESSAGE][PASSED] - Delayed 1 second(s)

2019-11-25 09:56:29 - [TEST_STEP][PASSED] - setText: Text 'Category 15' is set on object 'Object Repository/ADMIN/Categories/Category/textfield_Category Name'

2019-11-25 09:56:29 - [MESSAGE][PASSED] - Text 'Category 15' is set on object 'Object Repository/ADMIN/Categories/Category/textfield_Category Name'

2019-11-25 09:56:29 - [TEST_STEP][PASSED] - click: Object: 'Object Repository/ADMIN/Categories/Category/dropdown_Parent' is clicked on

2019-11-25 09:56:30 - [MESSAGE][PASSED] - Object: 'Object Repository/ADMIN/Categories/Category/dropdown_Parent' is clicked on

2019-11-25 09:56:30 - [TEST_STEP][PASSED] - delay: Delayed 2 second(s)

2019-11-25 09:56:33 - [MESSAGE][PASSED] - Delayed 2 second(s)

2019-11-25 09:56:33 - [TEST_STEP][PASSED] - click: Object: 'Object Repository/ADMIN/Categories/Category/dropdown_Parent' is clicked on

2019-11-25 09:56:33 - [MESSAGE][PASSED] - Object: 'Object Repository/ADMIN/Categories/Category/dropdown_Parent' is clicked on

2019-11-25 09:56:33 - [TEST_STEP][PASSED] - selectOptionByLabel: All options with label '-' are selected in object 'Object Repository/ADMIN/Categories/Category/dropdown_Parent' 

2019-11-25 09:56:33 - [MESSAGE][PASSED] - All options with label '-' are selected in object 'Object Repository/ADMIN/Categories/Category/dropdown_Parent' 

2019-11-25 09:56:33 - [TEST_STEP][PASSED] - click: Object: 'Object Repository/ADMIN/Categories/Category/button_Browse' is clicked on

2019-11-25 09:56:33 - [MESSAGE][PASSED] - Object: 'Object Repository/ADMIN/Categories/Category/button_Browse' is clicked on

2019-11-25 09:56:33 - [TEST_STEP][PASSED] - delay: Delayed 1 second(s)

2019-11-25 09:56:34 - [MESSAGE][PASSED] - Delayed 1 second(s)

2019-11-25 09:56:34 - [TEST_STEP][FAILED] - uploadFile: Unable to upload file 'C:\\Users\\Arcadier\\git\\Trillia\\Images\\Category\\15.png' to object 'Object Repository/ADMIN/Categories/Category/image_input image' (Root cause: org.openqa.selenium.WebDriverException: invalid argument: File not found : C:\\Users\\Arcadier\\git\\Trillia\\Images\\Category\\15.png
  (Session info: chrome=78.0.3904.108)
  (Driver info: chromedriver=2.35.528161 (5b82f2d2aae0ca24b877009200ced9065a772e73),platform=Windows NT 6.1.7601 SP1 x86_64) (WARNING: The server did not provide any stacktrace information)
Command duration or timeout: 0 milliseconds
Build info: version: '3.7.1', revision: '8a0099a', time: '2017-11-06T21:07:36.161Z'
System info: host: 'APRIL-PC', ip: '10.10.31.51', os.name: 'Windows 7', os.arch: 'amd64', os.version: '6.1', java.version: '1.8.0_102'
Driver info: com.kms.katalon.selenium.driver.CChromeDriver
Capabilities {acceptInsecureCerts: false, acceptSslCerts: false, applicationCacheEnabled: false, browserConnectionEnabled: false, browserName: chrome, chrome: {chromedriverVersion: 2.35.528161 (5b82f2d2aae0ca..., userDataDir: C:\Users\April\AppData\Loca...}, cssSelectorsEnabled: true, databaseEnabled: false, handlesAlerts: true, hasTouchScreen: false, javascriptEnabled: true, locationContextEnabled: true, mobileEmulationEnabled: false, nativeEvents: true, networkConnectionEnabled: false, pageLoadStrategy: normal, platform: XP, platformName: XP, rotatable: false, setWindowRect: true, takesHeapSnapshot: true, takesScreenshot: true, unexpectedAlertBehaviour: , unhandledPromptBehavior: , version: 78.0.3904.108, webStorageEnabled: true}
Session ID: cfe3a530f1bc406e2ea68220d7af8649)

2019-11-25 09:56:35 - [MESSAGE][FAILED] - Unable to upload file 'C:\\Users\\Arcadier\\git\\Trillia\\Images\\Category\\15.png' to object 'Object Repository/ADMIN/Categories/Category/image_input image' (Root cause: org.openqa.selenium.WebDriverException: invalid argument: File not found : C:\\Users\\Arcadier\\git\\Trillia\\Images\\Category\\15.png
  (Session info: chrome=78.0.3904.108)
  (Driver info: chromedriver=2.35.528161 (5b82f2d2aae0ca24b877009200ced9065a772e73),platform=Windows NT 6.1.7601 SP1 x86_64) (WARNING: The server did not provide any stacktrace information)
Command duration or timeout: 0 milliseconds
Build info: version: '3.7.1', revision: '8a0099a', time: '2017-11-06T21:07:36.161Z'
System info: host: 'APRIL-PC', ip: '10.10.31.51', os.name: 'Windows 7', os.arch: 'amd64', os.version: '6.1', java.version: '1.8.0_102'
Driver info: com.kms.katalon.selenium.driver.CChromeDriver
Capabilities {acceptInsecureCerts: false, acceptSslCerts: false, applicationCacheEnabled: false, browserConnectionEnabled: false, browserName: chrome, chrome: {chromedriverVersion: 2.35.528161 (5b82f2d2aae0ca..., userDataDir: C:\Users\April\AppData\Loca...}, cssSelectorsEnabled: true, databaseEnabled: false, handlesAlerts: true, hasTouchScreen: false, javascriptEnabled: true, locationContextEnabled: true, mobileEmulationEnabled: false, nativeEvents: true, networkConnectionEnabled: false, pageLoadStrategy: normal, platform: XP, platformName: XP, rotatable: false, setWindowRect: true, takesHeapSnapshot: true, takesScreenshot: true, unexpectedAlertBehaviour: , unhandledPromptBehavior: , version: 78.0.3904.108, webStorageEnabled: true}
Session ID: cfe3a530f1bc406e2ea68220d7af8649)
[[ATTACHMENT|C:\\Users\\April\\git\\Trillia\\Reports\\Admin\\Categories\\Add Category\\20191125_093242\\1574646994897.png]]

2019-11-25 09:56:35 - [TEST_STEP][PASSED] - waitForElementVisible: Object 'Object Repository/ADMIN/Categories/Category/button_upload check' is visible

2019-11-25 09:56:35 - [MESSAGE][WARNING] - Timeout '0' is invalid. Using default page load timeout: '30'

2019-11-25 09:56:39 - [MESSAGE][PASSED] - Object 'Object Repository/ADMIN/Categories/Category/button_upload check' is visible

2019-11-25 09:56:39 - [TEST_STEP][PASSED] - click: Object: 'Object Repository/ADMIN/Categories/Category/button_upload check' is clicked on

2019-11-25 09:56:39 - [MESSAGE][PASSED] - Object: 'Object Repository/ADMIN/Categories/Category/button_upload check' is clicked on

2019-11-25 09:56:39 - [TEST_STEP][PASSED] - waitForElementVisible: Object 'Object Repository/ADMIN/Categories/Category/button_upload save' is visible

2019-11-25 09:56:39 - [MESSAGE][WARNING] - Timeout '0' is invalid. Using default page load timeout: '30'

2019-11-25 09:56:39 - [MESSAGE][PASSED] - Object 'Object Repository/ADMIN/Categories/Category/button_upload save' is visible

2019-11-25 09:56:39 - [TEST_STEP][PASSED] - click: Object: 'Object Repository/ADMIN/Categories/Category/button_upload save' is clicked on

2019-11-25 09:56:40 - [MESSAGE][PASSED] - Object: 'Object Repository/ADMIN/Categories/Category/button_upload save' is clicked on

2019-11-25 09:56:40 - [TEST_STEP][PASSED] - delay: Delayed 1 second(s)

2019-11-25 09:56:41 - [MESSAGE][PASSED] - Delayed 1 second(s)

2019-11-25 09:56:41 - [TEST_STEP][PASSED] - setText: Text 'Description71' is set on object 'Object Repository/ADMIN/Categories/Category/textfield_category_description'

2019-11-25 09:56:41 - [MESSAGE][PASSED] - Text 'Description71' is set on object 'Object Repository/ADMIN/Categories/Category/textfield_category_description'

2019-11-25 09:56:41 - [TEST_STEP][PASSED] - click: Object: 'Object Repository/ADMIN/Categories/Category/button_Save' is clicked on

2019-11-25 09:56:41 - [MESSAGE][PASSED] - Object: 'Object Repository/ADMIN/Categories/Category/button_Save' is clicked on

2019-11-25 09:56:41 - [TEST_STEP][PASSED] - waitForElementVisible: Object 'Object Repository/ADMIN/Categories/Category/label_edit popup' is visible

2019-11-25 09:56:41 - [MESSAGE][WARNING] - Timeout '0' is invalid. Using default page load timeout: '30'

2019-11-25 09:56:42 - [MESSAGE][PASSED] - Object 'Object Repository/ADMIN/Categories/Category/label_edit popup' is visible

2019-11-25 09:56:42 - [TEST_STEP][PASSED] - waitForElementNotPresent: Web element with id: 'Object Repository/ADMIN/Categories/Category/label_edit popup' located by 'By.xpath: //div[(text() = 'Category was successfully saved.' or . = 'Category was successfully saved.')]' is not present after '30' second(s)

2019-11-25 09:56:42 - [MESSAGE][WARNING] - Timeout '0' is invalid. Using default page load timeout: '30'

2019-11-25 09:56:48 - [MESSAGE][PASSED] - Web element with id: 'Object Repository/ADMIN/Categories/Category/label_edit popup' located by 'By.xpath: //div[(text() = 'Category was successfully saved.' or . = 'Category was successfully saved.')]' is not present after '30' second(s)]]></system-out>
         <system-err><![CDATA[2019-11-25 09:56:26 - [TEST_CASE][FAILED] - Test Cases/ADMIN/Content Mgmt/Categories/Category Add-Edit/Add Category: Test Cases/ADMIN/Content Mgmt/Categories/Category Add-Edit/Add Category FAILED because (of) Unable to upload file 'C:\\Users\\Arcadier\\git\\Trillia\\Images\\Category\\15.png' to object 'Object Repository/ADMIN/Categories/Category/image_input image' (Root cause: org.openqa.selenium.WebDriverException: invalid argument: File not found : C:\\Users\\Arcadier\\git\\Trillia\\Images\\Category\\15.png
  (Session info: chrome=78.0.3904.108)
  (Driver info: chromedriver=2.35.528161 (5b82f2d2aae0ca24b877009200ced9065a772e73),platform=Windows NT 6.1.7601 SP1 x86_64) (WARNING: The server did not provide any stacktrace information)
Command duration or timeout: 0 milliseconds
Build info: version: '3.7.1', revision: '8a0099a', time: '2017-11-06T21:07:36.161Z'
System info: host: 'APRIL-PC', ip: '10.10.31.51', os.name: 'Windows 7', os.arch: 'amd64', os.version: '6.1', java.version: '1.8.0_102'
Driver info: com.kms.katalon.selenium.driver.CChromeDriver
Capabilities {acceptInsecureCerts: false, acceptSslCerts: false, applicationCacheEnabled: false, browserConnectionEnabled: false, browserName: chrome, chrome: {chromedriverVersion: 2.35.528161 (5b82f2d2aae0ca..., userDataDir: C:\Users\April\AppData\Loca...}, cssSelectorsEnabled: true, databaseEnabled: false, handlesAlerts: true, hasTouchScreen: false, javascriptEnabled: true, locationContextEnabled: true, mobileEmulationEnabled: false, nativeEvents: true, networkConnectionEnabled: false, pageLoadStrategy: normal, platform: XP, platformName: XP, rotatable: false, setWindowRect: true, takesHeapSnapshot: true, takesScreenshot: true, unexpectedAlertBehaviour: , unhandledPromptBehavior: , version: 78.0.3904.108, webStorageEnabled: true}
Session ID: cfe3a530f1bc406e2ea68220d7af8649)]]></system-err>
      </testcase>
      <testcase name="Test Cases/ADMIN/Content Mgmt/Categories/Category Add-Edit/Add Category" classname="Test Cases/ADMIN/Content Mgmt/Categories/Category Add-Edit/Add Category" status="FAILED">
         <failure type="FAILED" message="Unable to upload file 'C:\\Users\\Arcadier\\git\\Trillia\\Images\\Category\\16.png' to object 'Object Repository/ADMIN/Categories/Category/image_input image' (Root cause: org.openqa.selenium.WebDriverException: invalid argument: File not found : C:\\Users\\Arcadier\\git\\Trillia\\Images\\Category\\16.png
  (Session info: chrome=78.0.3904.108)
  (Driver info: chromedriver=2.35.528161 (5b82f2d2aae0ca24b877009200ced9065a772e73),platform=Windows NT 6.1.7601 SP1 x86_64) (WARNING: The server did not provide any stacktrace information)
Command duration or timeout: 0 milliseconds
Build info: version: '3.7.1', revision: '8a0099a', time: '2017-11-06T21:07:36.161Z'
System info: host: 'APRIL-PC', ip: '10.10.31.51', os.name: 'Windows 7', os.arch: 'amd64', os.version: '6.1', java.version: '1.8.0_102'
Driver info: com.kms.katalon.selenium.driver.CChromeDriver
Capabilities {acceptInsecureCerts: false, acceptSslCerts: false, applicationCacheEnabled: false, browserConnectionEnabled: false, browserName: chrome, chrome: {chromedriverVersion: 2.35.528161 (5b82f2d2aae0ca..., userDataDir: C:\Users\April\AppData\Loca...}, cssSelectorsEnabled: true, databaseEnabled: false, handlesAlerts: true, hasTouchScreen: false, javascriptEnabled: true, locationContextEnabled: true, mobileEmulationEnabled: false, nativeEvents: true, networkConnectionEnabled: false, pageLoadStrategy: normal, platform: XP, platformName: XP, rotatable: false, setWindowRect: true, takesHeapSnapshot: true, takesScreenshot: true, unexpectedAlertBehaviour: , unhandledPromptBehavior: , version: 78.0.3904.108, webStorageEnabled: true}
Session ID: cfe3a530f1bc406e2ea68220d7af8649)"/>
         <system-out><![CDATA[2019-11-25 09:56:48 - [TEST_CASE][FAILED] - Test Cases/ADMIN/Content Mgmt/Categories/Category Add-Edit/Add Category: Test Cases/ADMIN/Content Mgmt/Categories/Category Add-Edit/Add Category FAILED because (of) Unable to upload file 'C:\\Users\\Arcadier\\git\\Trillia\\Images\\Category\\16.png' to object 'Object Repository/ADMIN/Categories/Category/image_input image' (Root cause: org.openqa.selenium.WebDriverException: invalid argument: File not found : C:\\Users\\Arcadier\\git\\Trillia\\Images\\Category\\16.png
  (Session info: chrome=78.0.3904.108)
  (Driver info: chromedriver=2.35.528161 (5b82f2d2aae0ca24b877009200ced9065a772e73),platform=Windows NT 6.1.7601 SP1 x86_64) (WARNING: The server did not provide any stacktrace information)
Command duration or timeout: 0 milliseconds
Build info: version: '3.7.1', revision: '8a0099a', time: '2017-11-06T21:07:36.161Z'
System info: host: 'APRIL-PC', ip: '10.10.31.51', os.name: 'Windows 7', os.arch: 'amd64', os.version: '6.1', java.version: '1.8.0_102'
Driver info: com.kms.katalon.selenium.driver.CChromeDriver
Capabilities {acceptInsecureCerts: false, acceptSslCerts: false, applicationCacheEnabled: false, browserConnectionEnabled: false, browserName: chrome, chrome: {chromedriverVersion: 2.35.528161 (5b82f2d2aae0ca..., userDataDir: C:\Users\April\AppData\Loca...}, cssSelectorsEnabled: true, databaseEnabled: false, handlesAlerts: true, hasTouchScreen: false, javascriptEnabled: true, locationContextEnabled: true, mobileEmulationEnabled: false, nativeEvents: true, networkConnectionEnabled: false, pageLoadStrategy: normal, platform: XP, platformName: XP, rotatable: false, setWindowRect: true, takesHeapSnapshot: true, takesScreenshot: true, unexpectedAlertBehaviour: , unhandledPromptBehavior: , version: 78.0.3904.108, webStorageEnabled: true}
Session ID: cfe3a530f1bc406e2ea68220d7af8649)

2019-11-25 09:56:48 - [TEST_STEP][PASSED] - waitForElementVisible: Object 'Object Repository/ADMIN/Categories/Category List/button_Content Mgmt' is visible

2019-11-25 09:56:48 - [MESSAGE][WARNING] - Timeout '0' is invalid. Using default page load timeout: '30'

2019-11-25 09:56:48 - [MESSAGE][PASSED] - Object 'Object Repository/ADMIN/Categories/Category List/button_Content Mgmt' is visible

2019-11-25 09:56:48 - [TEST_STEP][PASSED] - click: Object: 'Object Repository/ADMIN/Categories/Category List/button_Content Mgmt' is clicked on

2019-11-25 09:56:48 - [MESSAGE][PASSED] - Object: 'Object Repository/ADMIN/Categories/Category List/button_Content Mgmt' is clicked on

2019-11-25 09:56:48 - [TEST_STEP][PASSED] - waitForElementVisible: Object 'Object Repository/ADMIN/Categories/Category List/button_Categories' is visible

2019-11-25 09:56:48 - [MESSAGE][WARNING] - Timeout '0' is invalid. Using default page load timeout: '30'

2019-11-25 09:56:48 - [MESSAGE][PASSED] - Object 'Object Repository/ADMIN/Categories/Category List/button_Categories' is visible

2019-11-25 09:56:48 - [TEST_STEP][PASSED] - click: Object: 'Object Repository/ADMIN/Categories/Category List/button_Categories' is clicked on

2019-11-25 09:56:50 - [MESSAGE][PASSED] - Object: 'Object Repository/ADMIN/Categories/Category List/button_Categories' is clicked on

2019-11-25 09:56:50 - [TEST_STEP][PASSED] - click: Object: 'Object Repository/ADMIN/Categories/Category List/button_AddACategory' is clicked on

2019-11-25 09:56:51 - [MESSAGE][PASSED] - Object: 'Object Repository/ADMIN/Categories/Category List/button_AddACategory' is clicked on

2019-11-25 09:56:51 - [TEST_STEP][PASSED] - waitForElementPresent: Object 'Object Repository/ADMIN/Categories/Category/dropdown_Parent' is present

2019-11-25 09:56:51 - [MESSAGE][PASSED] - Object 'Object Repository/ADMIN/Categories/Category/dropdown_Parent' is present

2019-11-25 09:56:51 - [TEST_STEP][PASSED] - delay: Delayed 1 second(s)

2019-11-25 09:56:52 - [MESSAGE][PASSED] - Delayed 1 second(s)

2019-11-25 09:56:52 - [TEST_STEP][PASSED] - setText: Text 'Category 16' is set on object 'Object Repository/ADMIN/Categories/Category/textfield_Category Name'

2019-11-25 09:56:52 - [MESSAGE][PASSED] - Text 'Category 16' is set on object 'Object Repository/ADMIN/Categories/Category/textfield_Category Name'

2019-11-25 09:56:52 - [TEST_STEP][PASSED] - click: Object: 'Object Repository/ADMIN/Categories/Category/dropdown_Parent' is clicked on

2019-11-25 09:56:52 - [MESSAGE][PASSED] - Object: 'Object Repository/ADMIN/Categories/Category/dropdown_Parent' is clicked on

2019-11-25 09:56:52 - [TEST_STEP][PASSED] - delay: Delayed 2 second(s)

2019-11-25 09:56:54 - [MESSAGE][PASSED] - Delayed 2 second(s)

2019-11-25 09:56:54 - [TEST_STEP][PASSED] - click: Object: 'Object Repository/ADMIN/Categories/Category/dropdown_Parent' is clicked on

2019-11-25 09:56:54 - [MESSAGE][PASSED] - Object: 'Object Repository/ADMIN/Categories/Category/dropdown_Parent' is clicked on

2019-11-25 09:56:54 - [TEST_STEP][PASSED] - selectOptionByLabel: All options with label '-' are selected in object 'Object Repository/ADMIN/Categories/Category/dropdown_Parent' 

2019-11-25 09:56:54 - [MESSAGE][PASSED] - All options with label '-' are selected in object 'Object Repository/ADMIN/Categories/Category/dropdown_Parent' 

2019-11-25 09:56:54 - [TEST_STEP][PASSED] - click: Object: 'Object Repository/ADMIN/Categories/Category/button_Browse' is clicked on

2019-11-25 09:56:54 - [MESSAGE][PASSED] - Object: 'Object Repository/ADMIN/Categories/Category/button_Browse' is clicked on

2019-11-25 09:56:56 - [TEST_STEP][PASSED] - delay: Delayed 1 second(s)

2019-11-25 09:56:57 - [MESSAGE][PASSED] - Delayed 1 second(s)

2019-11-25 09:56:57 - [TEST_STEP][FAILED] - uploadFile: Unable to upload file 'C:\\Users\\Arcadier\\git\\Trillia\\Images\\Category\\16.png' to object 'Object Repository/ADMIN/Categories/Category/image_input image' (Root cause: org.openqa.selenium.WebDriverException: invalid argument: File not found : C:\\Users\\Arcadier\\git\\Trillia\\Images\\Category\\16.png
  (Session info: chrome=78.0.3904.108)
  (Driver info: chromedriver=2.35.528161 (5b82f2d2aae0ca24b877009200ced9065a772e73),platform=Windows NT 6.1.7601 SP1 x86_64) (WARNING: The server did not provide any stacktrace information)
Command duration or timeout: 0 milliseconds
Build info: version: '3.7.1', revision: '8a0099a', time: '2017-11-06T21:07:36.161Z'
System info: host: 'APRIL-PC', ip: '10.10.31.51', os.name: 'Windows 7', os.arch: 'amd64', os.version: '6.1', java.version: '1.8.0_102'
Driver info: com.kms.katalon.selenium.driver.CChromeDriver
Capabilities {acceptInsecureCerts: false, acceptSslCerts: false, applicationCacheEnabled: false, browserConnectionEnabled: false, browserName: chrome, chrome: {chromedriverVersion: 2.35.528161 (5b82f2d2aae0ca..., userDataDir: C:\Users\April\AppData\Loca...}, cssSelectorsEnabled: true, databaseEnabled: false, handlesAlerts: true, hasTouchScreen: false, javascriptEnabled: true, locationContextEnabled: true, mobileEmulationEnabled: false, nativeEvents: true, networkConnectionEnabled: false, pageLoadStrategy: normal, platform: XP, platformName: XP, rotatable: false, setWindowRect: true, takesHeapSnapshot: true, takesScreenshot: true, unexpectedAlertBehaviour: , unhandledPromptBehavior: , version: 78.0.3904.108, webStorageEnabled: true}
Session ID: cfe3a530f1bc406e2ea68220d7af8649)

2019-11-25 09:56:58 - [MESSAGE][FAILED] - Unable to upload file 'C:\\Users\\Arcadier\\git\\Trillia\\Images\\Category\\16.png' to object 'Object Repository/ADMIN/Categories/Category/image_input image' (Root cause: org.openqa.selenium.WebDriverException: invalid argument: File not found : C:\\Users\\Arcadier\\git\\Trillia\\Images\\Category\\16.png
  (Session info: chrome=78.0.3904.108)
  (Driver info: chromedriver=2.35.528161 (5b82f2d2aae0ca24b877009200ced9065a772e73),platform=Windows NT 6.1.7601 SP1 x86_64) (WARNING: The server did not provide any stacktrace information)
Command duration or timeout: 0 milliseconds
Build info: version: '3.7.1', revision: '8a0099a', time: '2017-11-06T21:07:36.161Z'
System info: host: 'APRIL-PC', ip: '10.10.31.51', os.name: 'Windows 7', os.arch: 'amd64', os.version: '6.1', java.version: '1.8.0_102'
Driver info: com.kms.katalon.selenium.driver.CChromeDriver
Capabilities {acceptInsecureCerts: false, acceptSslCerts: false, applicationCacheEnabled: false, browserConnectionEnabled: false, browserName: chrome, chrome: {chromedriverVersion: 2.35.528161 (5b82f2d2aae0ca..., userDataDir: C:\Users\April\AppData\Loca...}, cssSelectorsEnabled: true, databaseEnabled: false, handlesAlerts: true, hasTouchScreen: false, javascriptEnabled: true, locationContextEnabled: true, mobileEmulationEnabled: false, nativeEvents: true, networkConnectionEnabled: false, pageLoadStrategy: normal, platform: XP, platformName: XP, rotatable: false, setWindowRect: true, takesHeapSnapshot: true, takesScreenshot: true, unexpectedAlertBehaviour: , unhandledPromptBehavior: , version: 78.0.3904.108, webStorageEnabled: true}
Session ID: cfe3a530f1bc406e2ea68220d7af8649)
[[ATTACHMENT|C:\\Users\\April\\git\\Trillia\\Reports\\Admin\\Categories\\Add Category\\20191125_093242\\1574647017669.png]]

2019-11-25 09:56:58 - [TEST_STEP][PASSED] - waitForElementVisible: Object 'Object Repository/ADMIN/Categories/Category/button_upload check' is visible

2019-11-25 09:56:58 - [MESSAGE][WARNING] - Timeout '0' is invalid. Using default page load timeout: '30'

2019-11-25 09:56:58 - [MESSAGE][PASSED] - Object 'Object Repository/ADMIN/Categories/Category/button_upload check' is visible

2019-11-25 09:56:58 - [TEST_STEP][PASSED] - click: Object: 'Object Repository/ADMIN/Categories/Category/button_upload check' is clicked on

2019-11-25 09:56:58 - [MESSAGE][PASSED] - Object: 'Object Repository/ADMIN/Categories/Category/button_upload check' is clicked on

2019-11-25 09:56:58 - [TEST_STEP][PASSED] - waitForElementVisible: Object 'Object Repository/ADMIN/Categories/Category/button_upload save' is visible

2019-11-25 09:57:00 - [MESSAGE][WARNING] - Timeout '0' is invalid. Using default page load timeout: '30'

2019-11-25 09:57:00 - [MESSAGE][PASSED] - Object 'Object Repository/ADMIN/Categories/Category/button_upload save' is visible

2019-11-25 09:57:00 - [TEST_STEP][PASSED] - click: Object: 'Object Repository/ADMIN/Categories/Category/button_upload save' is clicked on

2019-11-25 09:57:00 - [MESSAGE][PASSED] - Object: 'Object Repository/ADMIN/Categories/Category/button_upload save' is clicked on

2019-11-25 09:57:00 - [TEST_STEP][PASSED] - delay: Delayed 1 second(s)

2019-11-25 09:57:01 - [MESSAGE][PASSED] - Delayed 1 second(s)

2019-11-25 09:57:02 - [TEST_STEP][PASSED] - setText: Text 'Description72' is set on object 'Object Repository/ADMIN/Categories/Category/textfield_category_description'

2019-11-25 09:57:02 - [MESSAGE][PASSED] - Text 'Description72' is set on object 'Object Repository/ADMIN/Categories/Category/textfield_category_description'

2019-11-25 09:57:02 - [TEST_STEP][PASSED] - click: Object: 'Object Repository/ADMIN/Categories/Category/button_Save' is clicked on

2019-11-25 09:57:04 - [MESSAGE][PASSED] - Object: 'Object Repository/ADMIN/Categories/Category/button_Save' is clicked on

2019-11-25 09:57:04 - [TEST_STEP][PASSED] - waitForElementVisible: Object 'Object Repository/ADMIN/Categories/Category/label_edit popup' is visible

2019-11-25 09:57:04 - [MESSAGE][WARNING] - Timeout '0' is invalid. Using default page load timeout: '30'

2019-11-25 09:57:05 - [MESSAGE][PASSED] - Object 'Object Repository/ADMIN/Categories/Category/label_edit popup' is visible

2019-11-25 09:57:05 - [TEST_STEP][PASSED] - waitForElementNotPresent: Web element with id: 'Object Repository/ADMIN/Categories/Category/label_edit popup' located by 'By.xpath: //div[(text() = 'Category was successfully saved.' or . = 'Category was successfully saved.')]' is not present after '30' second(s)

2019-11-25 09:57:05 - [MESSAGE][WARNING] - Timeout '0' is invalid. Using default page load timeout: '30'

2019-11-25 09:57:10 - [MESSAGE][PASSED] - Web element with id: 'Object Repository/ADMIN/Categories/Category/label_edit popup' located by 'By.xpath: //div[(text() = 'Category was successfully saved.' or . = 'Category was successfully saved.')]' is not present after '30' second(s)]]></system-out>
         <system-err><![CDATA[2019-11-25 09:56:48 - [TEST_CASE][FAILED] - Test Cases/ADMIN/Content Mgmt/Categories/Category Add-Edit/Add Category: Test Cases/ADMIN/Content Mgmt/Categories/Category Add-Edit/Add Category FAILED because (of) Unable to upload file 'C:\\Users\\Arcadier\\git\\Trillia\\Images\\Category\\16.png' to object 'Object Repository/ADMIN/Categories/Category/image_input image' (Root cause: org.openqa.selenium.WebDriverException: invalid argument: File not found : C:\\Users\\Arcadier\\git\\Trillia\\Images\\Category\\16.png
  (Session info: chrome=78.0.3904.108)
  (Driver info: chromedriver=2.35.528161 (5b82f2d2aae0ca24b877009200ced9065a772e73),platform=Windows NT 6.1.7601 SP1 x86_64) (WARNING: The server did not provide any stacktrace information)
Command duration or timeout: 0 milliseconds
Build info: version: '3.7.1', revision: '8a0099a', time: '2017-11-06T21:07:36.161Z'
System info: host: 'APRIL-PC', ip: '10.10.31.51', os.name: 'Windows 7', os.arch: 'amd64', os.version: '6.1', java.version: '1.8.0_102'
Driver info: com.kms.katalon.selenium.driver.CChromeDriver
Capabilities {acceptInsecureCerts: false, acceptSslCerts: false, applicationCacheEnabled: false, browserConnectionEnabled: false, browserName: chrome, chrome: {chromedriverVersion: 2.35.528161 (5b82f2d2aae0ca..., userDataDir: C:\Users\April\AppData\Loca...}, cssSelectorsEnabled: true, databaseEnabled: false, handlesAlerts: true, hasTouchScreen: false, javascriptEnabled: true, locationContextEnabled: true, mobileEmulationEnabled: false, nativeEvents: true, networkConnectionEnabled: false, pageLoadStrategy: normal, platform: XP, platformName: XP, rotatable: false, setWindowRect: true, takesHeapSnapshot: true, takesScreenshot: true, unexpectedAlertBehaviour: , unhandledPromptBehavior: , version: 78.0.3904.108, webStorageEnabled: true}
Session ID: cfe3a530f1bc406e2ea68220d7af8649)]]></system-err>
      </testcase>
      <testcase name="Test Cases/ADMIN/Content Mgmt/Categories/Category Add-Edit/Add Category" classname="Test Cases/ADMIN/Content Mgmt/Categories/Category Add-Edit/Add Category" status="FAILED">
         <failure type="FAILED" message="Unable to upload file 'C:\\Users\\Arcadier\\git\\Trillia\\Images\\Category\\17.png' to object 'Object Repository/ADMIN/Categories/Category/image_input image' (Root cause: org.openqa.selenium.WebDriverException: invalid argument: File not found : C:\\Users\\Arcadier\\git\\Trillia\\Images\\Category\\17.png
  (Session info: chrome=78.0.3904.108)
  (Driver info: chromedriver=2.35.528161 (5b82f2d2aae0ca24b877009200ced9065a772e73),platform=Windows NT 6.1.7601 SP1 x86_64) (WARNING: The server did not provide any stacktrace information)
Command duration or timeout: 0 milliseconds
Build info: version: '3.7.1', revision: '8a0099a', time: '2017-11-06T21:07:36.161Z'
System info: host: 'APRIL-PC', ip: '10.10.31.51', os.name: 'Windows 7', os.arch: 'amd64', os.version: '6.1', java.version: '1.8.0_102'
Driver info: com.kms.katalon.selenium.driver.CChromeDriver
Capabilities {acceptInsecureCerts: false, acceptSslCerts: false, applicationCacheEnabled: false, browserConnectionEnabled: false, browserName: chrome, chrome: {chromedriverVersion: 2.35.528161 (5b82f2d2aae0ca..., userDataDir: C:\Users\April\AppData\Loca...}, cssSelectorsEnabled: true, databaseEnabled: false, handlesAlerts: true, hasTouchScreen: false, javascriptEnabled: true, locationContextEnabled: true, mobileEmulationEnabled: false, nativeEvents: true, networkConnectionEnabled: false, pageLoadStrategy: normal, platform: XP, platformName: XP, rotatable: false, setWindowRect: true, takesHeapSnapshot: true, takesScreenshot: true, unexpectedAlertBehaviour: , unhandledPromptBehavior: , version: 78.0.3904.108, webStorageEnabled: true}
Session ID: cfe3a530f1bc406e2ea68220d7af8649)"/>
         <system-out><![CDATA[2019-11-25 09:57:10 - [TEST_CASE][FAILED] - Test Cases/ADMIN/Content Mgmt/Categories/Category Add-Edit/Add Category: Test Cases/ADMIN/Content Mgmt/Categories/Category Add-Edit/Add Category FAILED because (of) Unable to upload file 'C:\\Users\\Arcadier\\git\\Trillia\\Images\\Category\\17.png' to object 'Object Repository/ADMIN/Categories/Category/image_input image' (Root cause: org.openqa.selenium.WebDriverException: invalid argument: File not found : C:\\Users\\Arcadier\\git\\Trillia\\Images\\Category\\17.png
  (Session info: chrome=78.0.3904.108)
  (Driver info: chromedriver=2.35.528161 (5b82f2d2aae0ca24b877009200ced9065a772e73),platform=Windows NT 6.1.7601 SP1 x86_64) (WARNING: The server did not provide any stacktrace information)
Command duration or timeout: 0 milliseconds
Build info: version: '3.7.1', revision: '8a0099a', time: '2017-11-06T21:07:36.161Z'
System info: host: 'APRIL-PC', ip: '10.10.31.51', os.name: 'Windows 7', os.arch: 'amd64', os.version: '6.1', java.version: '1.8.0_102'
Driver info: com.kms.katalon.selenium.driver.CChromeDriver
Capabilities {acceptInsecureCerts: false, acceptSslCerts: false, applicationCacheEnabled: false, browserConnectionEnabled: false, browserName: chrome, chrome: {chromedriverVersion: 2.35.528161 (5b82f2d2aae0ca..., userDataDir: C:\Users\April\AppData\Loca...}, cssSelectorsEnabled: true, databaseEnabled: false, handlesAlerts: true, hasTouchScreen: false, javascriptEnabled: true, locationContextEnabled: true, mobileEmulationEnabled: false, nativeEvents: true, networkConnectionEnabled: false, pageLoadStrategy: normal, platform: XP, platformName: XP, rotatable: false, setWindowRect: true, takesHeapSnapshot: true, takesScreenshot: true, unexpectedAlertBehaviour: , unhandledPromptBehavior: , version: 78.0.3904.108, webStorageEnabled: true}
Session ID: cfe3a530f1bc406e2ea68220d7af8649)

2019-11-25 09:57:10 - [TEST_STEP][PASSED] - waitForElementVisible: Object 'Object Repository/ADMIN/Categories/Category List/button_Content Mgmt' is visible

2019-11-25 09:57:10 - [MESSAGE][WARNING] - Timeout '0' is invalid. Using default page load timeout: '30'

2019-11-25 09:57:15 - [MESSAGE][PASSED] - Object 'Object Repository/ADMIN/Categories/Category List/button_Content Mgmt' is visible

2019-11-25 09:57:15 - [TEST_STEP][PASSED] - click: Object: 'Object Repository/ADMIN/Categories/Category List/button_Content Mgmt' is clicked on

2019-11-25 09:57:15 - [MESSAGE][PASSED] - Object: 'Object Repository/ADMIN/Categories/Category List/button_Content Mgmt' is clicked on

2019-11-25 09:57:15 - [TEST_STEP][PASSED] - waitForElementVisible: Object 'Object Repository/ADMIN/Categories/Category List/button_Categories' is visible

2019-11-25 09:57:15 - [MESSAGE][WARNING] - Timeout '0' is invalid. Using default page load timeout: '30'

2019-11-25 09:57:15 - [MESSAGE][PASSED] - Object 'Object Repository/ADMIN/Categories/Category List/button_Categories' is visible

2019-11-25 09:57:15 - [TEST_STEP][PASSED] - click: Object: 'Object Repository/ADMIN/Categories/Category List/button_Categories' is clicked on

2019-11-25 09:57:17 - [MESSAGE][PASSED] - Object: 'Object Repository/ADMIN/Categories/Category List/button_Categories' is clicked on

2019-11-25 09:57:17 - [TEST_STEP][PASSED] - click: Object: 'Object Repository/ADMIN/Categories/Category List/button_AddACategory' is clicked on

2019-11-25 09:57:17 - [MESSAGE][PASSED] - Object: 'Object Repository/ADMIN/Categories/Category List/button_AddACategory' is clicked on

2019-11-25 09:57:17 - [TEST_STEP][PASSED] - waitForElementPresent: Object 'Object Repository/ADMIN/Categories/Category/dropdown_Parent' is present

2019-11-25 09:57:17 - [MESSAGE][PASSED] - Object 'Object Repository/ADMIN/Categories/Category/dropdown_Parent' is present

2019-11-25 09:57:17 - [TEST_STEP][PASSED] - delay: Delayed 1 second(s)

2019-11-25 09:57:18 - [MESSAGE][PASSED] - Delayed 1 second(s)

2019-11-25 09:57:18 - [TEST_STEP][PASSED] - setText: Text 'Category 17' is set on object 'Object Repository/ADMIN/Categories/Category/textfield_Category Name'

2019-11-25 09:57:18 - [MESSAGE][PASSED] - Text 'Category 17' is set on object 'Object Repository/ADMIN/Categories/Category/textfield_Category Name'

2019-11-25 09:57:18 - [TEST_STEP][PASSED] - click: Object: 'Object Repository/ADMIN/Categories/Category/dropdown_Parent' is clicked on

2019-11-25 09:57:18 - [MESSAGE][PASSED] - Object: 'Object Repository/ADMIN/Categories/Category/dropdown_Parent' is clicked on

2019-11-25 09:57:18 - [TEST_STEP][PASSED] - delay: Delayed 2 second(s)

2019-11-25 09:57:20 - [MESSAGE][PASSED] - Delayed 2 second(s)

2019-11-25 09:57:20 - [TEST_STEP][PASSED] - click: Object: 'Object Repository/ADMIN/Categories/Category/dropdown_Parent' is clicked on

2019-11-25 09:57:21 - [MESSAGE][PASSED] - Object: 'Object Repository/ADMIN/Categories/Category/dropdown_Parent' is clicked on

2019-11-25 09:57:21 - [TEST_STEP][PASSED] - selectOptionByLabel: All options with label '-' are selected in object 'Object Repository/ADMIN/Categories/Category/dropdown_Parent' 

2019-11-25 09:57:21 - [MESSAGE][PASSED] - All options with label '-' are selected in object 'Object Repository/ADMIN/Categories/Category/dropdown_Parent' 

2019-11-25 09:57:21 - [TEST_STEP][PASSED] - click: Object: 'Object Repository/ADMIN/Categories/Category/button_Browse' is clicked on

2019-11-25 09:57:21 - [MESSAGE][PASSED] - Object: 'Object Repository/ADMIN/Categories/Category/button_Browse' is clicked on

2019-11-25 09:57:21 - [TEST_STEP][PASSED] - delay: Delayed 1 second(s)

2019-11-25 09:57:22 - [MESSAGE][PASSED] - Delayed 1 second(s)

2019-11-25 09:57:22 - [TEST_STEP][FAILED] - uploadFile: Unable to upload file 'C:\\Users\\Arcadier\\git\\Trillia\\Images\\Category\\17.png' to object 'Object Repository/ADMIN/Categories/Category/image_input image' (Root cause: org.openqa.selenium.WebDriverException: invalid argument: File not found : C:\\Users\\Arcadier\\git\\Trillia\\Images\\Category\\17.png
  (Session info: chrome=78.0.3904.108)
  (Driver info: chromedriver=2.35.528161 (5b82f2d2aae0ca24b877009200ced9065a772e73),platform=Windows NT 6.1.7601 SP1 x86_64) (WARNING: The server did not provide any stacktrace information)
Command duration or timeout: 0 milliseconds
Build info: version: '3.7.1', revision: '8a0099a', time: '2017-11-06T21:07:36.161Z'
System info: host: 'APRIL-PC', ip: '10.10.31.51', os.name: 'Windows 7', os.arch: 'amd64', os.version: '6.1', java.version: '1.8.0_102'
Driver info: com.kms.katalon.selenium.driver.CChromeDriver
Capabilities {acceptInsecureCerts: false, acceptSslCerts: false, applicationCacheEnabled: false, browserConnectionEnabled: false, browserName: chrome, chrome: {chromedriverVersion: 2.35.528161 (5b82f2d2aae0ca..., userDataDir: C:\Users\April\AppData\Loca...}, cssSelectorsEnabled: true, databaseEnabled: false, handlesAlerts: true, hasTouchScreen: false, javascriptEnabled: true, locationContextEnabled: true, mobileEmulationEnabled: false, nativeEvents: true, networkConnectionEnabled: false, pageLoadStrategy: normal, platform: XP, platformName: XP, rotatable: false, setWindowRect: true, takesHeapSnapshot: true, takesScreenshot: true, unexpectedAlertBehaviour: , unhandledPromptBehavior: , version: 78.0.3904.108, webStorageEnabled: true}
Session ID: cfe3a530f1bc406e2ea68220d7af8649)

2019-11-25 09:57:22 - [MESSAGE][FAILED] - Unable to upload file 'C:\\Users\\Arcadier\\git\\Trillia\\Images\\Category\\17.png' to object 'Object Repository/ADMIN/Categories/Category/image_input image' (Root cause: org.openqa.selenium.WebDriverException: invalid argument: File not found : C:\\Users\\Arcadier\\git\\Trillia\\Images\\Category\\17.png
  (Session info: chrome=78.0.3904.108)
  (Driver info: chromedriver=2.35.528161 (5b82f2d2aae0ca24b877009200ced9065a772e73),platform=Windows NT 6.1.7601 SP1 x86_64) (WARNING: The server did not provide any stacktrace information)
Command duration or timeout: 0 milliseconds
Build info: version: '3.7.1', revision: '8a0099a', time: '2017-11-06T21:07:36.161Z'
System info: host: 'APRIL-PC', ip: '10.10.31.51', os.name: 'Windows 7', os.arch: 'amd64', os.version: '6.1', java.version: '1.8.0_102'
Driver info: com.kms.katalon.selenium.driver.CChromeDriver
Capabilities {acceptInsecureCerts: false, acceptSslCerts: false, applicationCacheEnabled: false, browserConnectionEnabled: false, browserName: chrome, chrome: {chromedriverVersion: 2.35.528161 (5b82f2d2aae0ca..., userDataDir: C:\Users\April\AppData\Loca...}, cssSelectorsEnabled: true, databaseEnabled: false, handlesAlerts: true, hasTouchScreen: false, javascriptEnabled: true, locationContextEnabled: true, mobileEmulationEnabled: false, nativeEvents: true, networkConnectionEnabled: false, pageLoadStrategy: normal, platform: XP, platformName: XP, rotatable: false, setWindowRect: true, takesHeapSnapshot: true, takesScreenshot: true, unexpectedAlertBehaviour: , unhandledPromptBehavior: , version: 78.0.3904.108, webStorageEnabled: true}
Session ID: cfe3a530f1bc406e2ea68220d7af8649)
[[ATTACHMENT|C:\\Users\\April\\git\\Trillia\\Reports\\Admin\\Categories\\Add Category\\20191125_093242\\1574647042134.png]]

2019-11-25 09:57:22 - [TEST_STEP][PASSED] - waitForElementVisible: Object 'Object Repository/ADMIN/Categories/Category/button_upload check' is visible

2019-11-25 09:57:22 - [MESSAGE][WARNING] - Timeout '0' is invalid. Using default page load timeout: '30'

2019-11-25 09:57:27 - [MESSAGE][PASSED] - Object 'Object Repository/ADMIN/Categories/Category/button_upload check' is visible

2019-11-25 09:57:27 - [TEST_STEP][PASSED] - click: Object: 'Object Repository/ADMIN/Categories/Category/button_upload check' is clicked on

2019-11-25 09:57:27 - [MESSAGE][PASSED] - Object: 'Object Repository/ADMIN/Categories/Category/button_upload check' is clicked on

2019-11-25 09:57:27 - [TEST_STEP][PASSED] - waitForElementVisible: Object 'Object Repository/ADMIN/Categories/Category/button_upload save' is visible

2019-11-25 09:57:27 - [MESSAGE][WARNING] - Timeout '0' is invalid. Using default page load timeout: '30'

2019-11-25 09:57:27 - [MESSAGE][PASSED] - Object 'Object Repository/ADMIN/Categories/Category/button_upload save' is visible

2019-11-25 09:57:27 - [TEST_STEP][PASSED] - click: Object: 'Object Repository/ADMIN/Categories/Category/button_upload save' is clicked on

2019-11-25 09:57:27 - [MESSAGE][PASSED] - Object: 'Object Repository/ADMIN/Categories/Category/button_upload save' is clicked on

2019-11-25 09:57:27 - [TEST_STEP][PASSED] - delay: Delayed 1 second(s)

2019-11-25 09:57:28 - [MESSAGE][PASSED] - Delayed 1 second(s)

2019-11-25 09:57:28 - [TEST_STEP][PASSED] - setText: Text 'Description73' is set on object 'Object Repository/ADMIN/Categories/Category/textfield_category_description'

2019-11-25 09:57:28 - [MESSAGE][PASSED] - Text 'Description73' is set on object 'Object Repository/ADMIN/Categories/Category/textfield_category_description'

2019-11-25 09:57:28 - [TEST_STEP][PASSED] - click: Object: 'Object Repository/ADMIN/Categories/Category/button_Save' is clicked on

2019-11-25 09:57:29 - [MESSAGE][PASSED] - Object: 'Object Repository/ADMIN/Categories/Category/button_Save' is clicked on

2019-11-25 09:57:29 - [TEST_STEP][PASSED] - waitForElementVisible: Object 'Object Repository/ADMIN/Categories/Category/label_edit popup' is visible

2019-11-25 09:57:29 - [MESSAGE][WARNING] - Timeout '0' is invalid. Using default page load timeout: '30'

2019-11-25 09:57:29 - [MESSAGE][PASSED] - Object 'Object Repository/ADMIN/Categories/Category/label_edit popup' is visible

2019-11-25 09:57:29 - [TEST_STEP][PASSED] - waitForElementNotPresent: Web element with id: 'Object Repository/ADMIN/Categories/Category/label_edit popup' located by 'By.xpath: //div[(text() = 'Category was successfully saved.' or . = 'Category was successfully saved.')]' is not present after '30' second(s)

2019-11-25 09:57:29 - [MESSAGE][WARNING] - Timeout '0' is invalid. Using default page load timeout: '30'

2019-11-25 09:57:35 - [MESSAGE][PASSED] - Web element with id: 'Object Repository/ADMIN/Categories/Category/label_edit popup' located by 'By.xpath: //div[(text() = 'Category was successfully saved.' or . = 'Category was successfully saved.')]' is not present after '30' second(s)]]></system-out>
         <system-err><![CDATA[2019-11-25 09:57:10 - [TEST_CASE][FAILED] - Test Cases/ADMIN/Content Mgmt/Categories/Category Add-Edit/Add Category: Test Cases/ADMIN/Content Mgmt/Categories/Category Add-Edit/Add Category FAILED because (of) Unable to upload file 'C:\\Users\\Arcadier\\git\\Trillia\\Images\\Category\\17.png' to object 'Object Repository/ADMIN/Categories/Category/image_input image' (Root cause: org.openqa.selenium.WebDriverException: invalid argument: File not found : C:\\Users\\Arcadier\\git\\Trillia\\Images\\Category\\17.png
  (Session info: chrome=78.0.3904.108)
  (Driver info: chromedriver=2.35.528161 (5b82f2d2aae0ca24b877009200ced9065a772e73),platform=Windows NT 6.1.7601 SP1 x86_64) (WARNING: The server did not provide any stacktrace information)
Command duration or timeout: 0 milliseconds
Build info: version: '3.7.1', revision: '8a0099a', time: '2017-11-06T21:07:36.161Z'
System info: host: 'APRIL-PC', ip: '10.10.31.51', os.name: 'Windows 7', os.arch: 'amd64', os.version: '6.1', java.version: '1.8.0_102'
Driver info: com.kms.katalon.selenium.driver.CChromeDriver
Capabilities {acceptInsecureCerts: false, acceptSslCerts: false, applicationCacheEnabled: false, browserConnectionEnabled: false, browserName: chrome, chrome: {chromedriverVersion: 2.35.528161 (5b82f2d2aae0ca..., userDataDir: C:\Users\April\AppData\Loca...}, cssSelectorsEnabled: true, databaseEnabled: false, handlesAlerts: true, hasTouchScreen: false, javascriptEnabled: true, locationContextEnabled: true, mobileEmulationEnabled: false, nativeEvents: true, networkConnectionEnabled: false, pageLoadStrategy: normal, platform: XP, platformName: XP, rotatable: false, setWindowRect: true, takesHeapSnapshot: true, takesScreenshot: true, unexpectedAlertBehaviour: , unhandledPromptBehavior: , version: 78.0.3904.108, webStorageEnabled: true}
Session ID: cfe3a530f1bc406e2ea68220d7af8649)]]></system-err>
      </testcase>
      <testcase name="Test Cases/ADMIN/Content Mgmt/Categories/Category Add-Edit/Add Category" classname="Test Cases/ADMIN/Content Mgmt/Categories/Category Add-Edit/Add Category" status="FAILED">
         <failure type="FAILED" message="Unable to upload file 'C:\\Users\\Arcadier\\git\\Trillia\\Images\\Category\\18.png' to object 'Object Repository/ADMIN/Categories/Category/image_input image' (Root cause: org.openqa.selenium.WebDriverException: invalid argument: File not found : C:\\Users\\Arcadier\\git\\Trillia\\Images\\Category\\18.png
  (Session info: chrome=78.0.3904.108)
  (Driver info: chromedriver=2.35.528161 (5b82f2d2aae0ca24b877009200ced9065a772e73),platform=Windows NT 6.1.7601 SP1 x86_64) (WARNING: The server did not provide any stacktrace information)
Command duration or timeout: 0 milliseconds
Build info: version: '3.7.1', revision: '8a0099a', time: '2017-11-06T21:07:36.161Z'
System info: host: 'APRIL-PC', ip: '10.10.31.51', os.name: 'Windows 7', os.arch: 'amd64', os.version: '6.1', java.version: '1.8.0_102'
Driver info: com.kms.katalon.selenium.driver.CChromeDriver
Capabilities {acceptInsecureCerts: false, acceptSslCerts: false, applicationCacheEnabled: false, browserConnectionEnabled: false, browserName: chrome, chrome: {chromedriverVersion: 2.35.528161 (5b82f2d2aae0ca..., userDataDir: C:\Users\April\AppData\Loca...}, cssSelectorsEnabled: true, databaseEnabled: false, handlesAlerts: true, hasTouchScreen: false, javascriptEnabled: true, locationContextEnabled: true, mobileEmulationEnabled: false, nativeEvents: true, networkConnectionEnabled: false, pageLoadStrategy: normal, platform: XP, platformName: XP, rotatable: false, setWindowRect: true, takesHeapSnapshot: true, takesScreenshot: true, unexpectedAlertBehaviour: , unhandledPromptBehavior: , version: 78.0.3904.108, webStorageEnabled: true}
Session ID: cfe3a530f1bc406e2ea68220d7af8649)"/>
         <system-out><![CDATA[2019-11-25 09:57:35 - [TEST_CASE][FAILED] - Test Cases/ADMIN/Content Mgmt/Categories/Category Add-Edit/Add Category: Test Cases/ADMIN/Content Mgmt/Categories/Category Add-Edit/Add Category FAILED because (of) Unable to upload file 'C:\\Users\\Arcadier\\git\\Trillia\\Images\\Category\\18.png' to object 'Object Repository/ADMIN/Categories/Category/image_input image' (Root cause: org.openqa.selenium.WebDriverException: invalid argument: File not found : C:\\Users\\Arcadier\\git\\Trillia\\Images\\Category\\18.png
  (Session info: chrome=78.0.3904.108)
  (Driver info: chromedriver=2.35.528161 (5b82f2d2aae0ca24b877009200ced9065a772e73),platform=Windows NT 6.1.7601 SP1 x86_64) (WARNING: The server did not provide any stacktrace information)
Command duration or timeout: 0 milliseconds
Build info: version: '3.7.1', revision: '8a0099a', time: '2017-11-06T21:07:36.161Z'
System info: host: 'APRIL-PC', ip: '10.10.31.51', os.name: 'Windows 7', os.arch: 'amd64', os.version: '6.1', java.version: '1.8.0_102'
Driver info: com.kms.katalon.selenium.driver.CChromeDriver
Capabilities {acceptInsecureCerts: false, acceptSslCerts: false, applicationCacheEnabled: false, browserConnectionEnabled: false, browserName: chrome, chrome: {chromedriverVersion: 2.35.528161 (5b82f2d2aae0ca..., userDataDir: C:\Users\April\AppData\Loca...}, cssSelectorsEnabled: true, databaseEnabled: false, handlesAlerts: true, hasTouchScreen: false, javascriptEnabled: true, locationContextEnabled: true, mobileEmulationEnabled: false, nativeEvents: true, networkConnectionEnabled: false, pageLoadStrategy: normal, platform: XP, platformName: XP, rotatable: false, setWindowRect: true, takesHeapSnapshot: true, takesScreenshot: true, unexpectedAlertBehaviour: , unhandledPromptBehavior: , version: 78.0.3904.108, webStorageEnabled: true}
Session ID: cfe3a530f1bc406e2ea68220d7af8649)

2019-11-25 09:57:35 - [TEST_STEP][PASSED] - waitForElementVisible: Object 'Object Repository/ADMIN/Categories/Category List/button_Content Mgmt' is visible

2019-11-25 09:57:35 - [MESSAGE][WARNING] - Timeout '0' is invalid. Using default page load timeout: '30'

2019-11-25 09:57:35 - [MESSAGE][PASSED] - Object 'Object Repository/ADMIN/Categories/Category List/button_Content Mgmt' is visible

2019-11-25 09:57:35 - [TEST_STEP][PASSED] - click: Object: 'Object Repository/ADMIN/Categories/Category List/button_Content Mgmt' is clicked on

2019-11-25 09:57:35 - [MESSAGE][PASSED] - Object: 'Object Repository/ADMIN/Categories/Category List/button_Content Mgmt' is clicked on

2019-11-25 09:57:35 - [TEST_STEP][PASSED] - waitForElementVisible: Object 'Object Repository/ADMIN/Categories/Category List/button_Categories' is visible

2019-11-25 09:57:35 - [MESSAGE][WARNING] - Timeout '0' is invalid. Using default page load timeout: '30'

2019-11-25 09:57:36 - [MESSAGE][PASSED] - Object 'Object Repository/ADMIN/Categories/Category List/button_Categories' is visible

2019-11-25 09:57:36 - [TEST_STEP][PASSED] - click: Object: 'Object Repository/ADMIN/Categories/Category List/button_Categories' is clicked on

2019-11-25 09:57:38 - [MESSAGE][PASSED] - Object: 'Object Repository/ADMIN/Categories/Category List/button_Categories' is clicked on

2019-11-25 09:57:38 - [TEST_STEP][PASSED] - click: Object: 'Object Repository/ADMIN/Categories/Category List/button_AddACategory' is clicked on

2019-11-25 09:57:38 - [MESSAGE][PASSED] - Object: 'Object Repository/ADMIN/Categories/Category List/button_AddACategory' is clicked on

2019-11-25 09:57:38 - [TEST_STEP][PASSED] - waitForElementPresent: Object 'Object Repository/ADMIN/Categories/Category/dropdown_Parent' is present

2019-11-25 09:57:38 - [MESSAGE][PASSED] - Object 'Object Repository/ADMIN/Categories/Category/dropdown_Parent' is present

2019-11-25 09:57:38 - [TEST_STEP][PASSED] - delay: Delayed 1 second(s)

2019-11-25 09:57:39 - [MESSAGE][PASSED] - Delayed 1 second(s)

2019-11-25 09:57:39 - [TEST_STEP][PASSED] - setText: Text 'Category 18' is set on object 'Object Repository/ADMIN/Categories/Category/textfield_Category Name'

2019-11-25 09:57:40 - [MESSAGE][PASSED] - Text 'Category 18' is set on object 'Object Repository/ADMIN/Categories/Category/textfield_Category Name'

2019-11-25 09:57:40 - [TEST_STEP][PASSED] - click: Object: 'Object Repository/ADMIN/Categories/Category/dropdown_Parent' is clicked on

2019-11-25 09:57:40 - [MESSAGE][PASSED] - Object: 'Object Repository/ADMIN/Categories/Category/dropdown_Parent' is clicked on

2019-11-25 09:57:40 - [TEST_STEP][PASSED] - delay: Delayed 2 second(s)

2019-11-25 09:57:42 - [MESSAGE][PASSED] - Delayed 2 second(s)

2019-11-25 09:57:42 - [TEST_STEP][PASSED] - click: Object: 'Object Repository/ADMIN/Categories/Category/dropdown_Parent' is clicked on

2019-11-25 09:57:42 - [MESSAGE][PASSED] - Object: 'Object Repository/ADMIN/Categories/Category/dropdown_Parent' is clicked on

2019-11-25 09:57:42 - [TEST_STEP][PASSED] - selectOptionByLabel: All options with label '-' are selected in object 'Object Repository/ADMIN/Categories/Category/dropdown_Parent' 

2019-11-25 09:57:42 - [MESSAGE][PASSED] - All options with label '-' are selected in object 'Object Repository/ADMIN/Categories/Category/dropdown_Parent' 

2019-11-25 09:57:42 - [TEST_STEP][PASSED] - click: Object: 'Object Repository/ADMIN/Categories/Category/button_Browse' is clicked on

2019-11-25 09:57:42 - [MESSAGE][PASSED] - Object: 'Object Repository/ADMIN/Categories/Category/button_Browse' is clicked on

2019-11-25 09:57:42 - [TEST_STEP][PASSED] - delay: Delayed 1 second(s)

2019-11-25 09:57:43 - [MESSAGE][PASSED] - Delayed 1 second(s)

2019-11-25 09:57:43 - [TEST_STEP][FAILED] - uploadFile: Unable to upload file 'C:\\Users\\Arcadier\\git\\Trillia\\Images\\Category\\18.png' to object 'Object Repository/ADMIN/Categories/Category/image_input image' (Root cause: org.openqa.selenium.WebDriverException: invalid argument: File not found : C:\\Users\\Arcadier\\git\\Trillia\\Images\\Category\\18.png
  (Session info: chrome=78.0.3904.108)
  (Driver info: chromedriver=2.35.528161 (5b82f2d2aae0ca24b877009200ced9065a772e73),platform=Windows NT 6.1.7601 SP1 x86_64) (WARNING: The server did not provide any stacktrace information)
Command duration or timeout: 0 milliseconds
Build info: version: '3.7.1', revision: '8a0099a', time: '2017-11-06T21:07:36.161Z'
System info: host: 'APRIL-PC', ip: '10.10.31.51', os.name: 'Windows 7', os.arch: 'amd64', os.version: '6.1', java.version: '1.8.0_102'
Driver info: com.kms.katalon.selenium.driver.CChromeDriver
Capabilities {acceptInsecureCerts: false, acceptSslCerts: false, applicationCacheEnabled: false, browserConnectionEnabled: false, browserName: chrome, chrome: {chromedriverVersion: 2.35.528161 (5b82f2d2aae0ca..., userDataDir: C:\Users\April\AppData\Loca...}, cssSelectorsEnabled: true, databaseEnabled: false, handlesAlerts: true, hasTouchScreen: false, javascriptEnabled: true, locationContextEnabled: true, mobileEmulationEnabled: false, nativeEvents: true, networkConnectionEnabled: false, pageLoadStrategy: normal, platform: XP, platformName: XP, rotatable: false, setWindowRect: true, takesHeapSnapshot: true, takesScreenshot: true, unexpectedAlertBehaviour: , unhandledPromptBehavior: , version: 78.0.3904.108, webStorageEnabled: true}
Session ID: cfe3a530f1bc406e2ea68220d7af8649)

2019-11-25 09:57:45 - [MESSAGE][FAILED] - Unable to upload file 'C:\\Users\\Arcadier\\git\\Trillia\\Images\\Category\\18.png' to object 'Object Repository/ADMIN/Categories/Category/image_input image' (Root cause: org.openqa.selenium.WebDriverException: invalid argument: File not found : C:\\Users\\Arcadier\\git\\Trillia\\Images\\Category\\18.png
  (Session info: chrome=78.0.3904.108)
  (Driver info: chromedriver=2.35.528161 (5b82f2d2aae0ca24b877009200ced9065a772e73),platform=Windows NT 6.1.7601 SP1 x86_64) (WARNING: The server did not provide any stacktrace information)
Command duration or timeout: 0 milliseconds
Build info: version: '3.7.1', revision: '8a0099a', time: '2017-11-06T21:07:36.161Z'
System info: host: 'APRIL-PC', ip: '10.10.31.51', os.name: 'Windows 7', os.arch: 'amd64', os.version: '6.1', java.version: '1.8.0_102'
Driver info: com.kms.katalon.selenium.driver.CChromeDriver
Capabilities {acceptInsecureCerts: false, acceptSslCerts: false, applicationCacheEnabled: false, browserConnectionEnabled: false, browserName: chrome, chrome: {chromedriverVersion: 2.35.528161 (5b82f2d2aae0ca..., userDataDir: C:\Users\April\AppData\Loca...}, cssSelectorsEnabled: true, databaseEnabled: false, handlesAlerts: true, hasTouchScreen: false, javascriptEnabled: true, locationContextEnabled: true, mobileEmulationEnabled: false, nativeEvents: true, networkConnectionEnabled: false, pageLoadStrategy: normal, platform: XP, platformName: XP, rotatable: false, setWindowRect: true, takesHeapSnapshot: true, takesScreenshot: true, unexpectedAlertBehaviour: , unhandledPromptBehavior: , version: 78.0.3904.108, webStorageEnabled: true}
Session ID: cfe3a530f1bc406e2ea68220d7af8649)
[[ATTACHMENT|C:\\Users\\April\\git\\Trillia\\Reports\\Admin\\Categories\\Add Category\\20191125_093242\\1574647064667.png]]

2019-11-25 09:57:45 - [TEST_STEP][PASSED] - waitForElementVisible: Object 'Object Repository/ADMIN/Categories/Category/button_upload check' is visible

2019-11-25 09:57:45 - [MESSAGE][WARNING] - Timeout '0' is invalid. Using default page load timeout: '30'

2019-11-25 09:57:45 - [MESSAGE][PASSED] - Object 'Object Repository/ADMIN/Categories/Category/button_upload check' is visible

2019-11-25 09:57:45 - [TEST_STEP][PASSED] - click: Object: 'Object Repository/ADMIN/Categories/Category/button_upload check' is clicked on

2019-11-25 09:57:46 - [MESSAGE][PASSED] - Object: 'Object Repository/ADMIN/Categories/Category/button_upload check' is clicked on

2019-11-25 09:57:46 - [TEST_STEP][PASSED] - waitForElementVisible: Object 'Object Repository/ADMIN/Categories/Category/button_upload save' is visible

2019-11-25 09:57:46 - [MESSAGE][WARNING] - Timeout '0' is invalid. Using default page load timeout: '30'

2019-11-25 09:57:46 - [MESSAGE][PASSED] - Object 'Object Repository/ADMIN/Categories/Category/button_upload save' is visible

2019-11-25 09:57:46 - [TEST_STEP][PASSED] - click: Object: 'Object Repository/ADMIN/Categories/Category/button_upload save' is clicked on

2019-11-25 09:57:48 - [MESSAGE][PASSED] - Object: 'Object Repository/ADMIN/Categories/Category/button_upload save' is clicked on

2019-11-25 09:57:48 - [TEST_STEP][PASSED] - delay: Delayed 1 second(s)

2019-11-25 09:57:49 - [MESSAGE][PASSED] - Delayed 1 second(s)

2019-11-25 09:57:49 - [TEST_STEP][PASSED] - setText: Text 'Description74' is set on object 'Object Repository/ADMIN/Categories/Category/textfield_category_description'

2019-11-25 09:57:50 - [MESSAGE][PASSED] - Text 'Description74' is set on object 'Object Repository/ADMIN/Categories/Category/textfield_category_description'

2019-11-25 09:57:50 - [TEST_STEP][PASSED] - click: Object: 'Object Repository/ADMIN/Categories/Category/button_Save' is clicked on

2019-11-25 09:57:50 - [MESSAGE][PASSED] - Object: 'Object Repository/ADMIN/Categories/Category/button_Save' is clicked on

2019-11-25 09:57:50 - [TEST_STEP][PASSED] - waitForElementVisible: Object 'Object Repository/ADMIN/Categories/Category/label_edit popup' is visible

2019-11-25 09:57:50 - [MESSAGE][WARNING] - Timeout '0' is invalid. Using default page load timeout: '30'

2019-11-25 09:57:52 - [MESSAGE][PASSED] - Object 'Object Repository/ADMIN/Categories/Category/label_edit popup' is visible

2019-11-25 09:57:52 - [TEST_STEP][PASSED] - waitForElementNotPresent: Web element with id: 'Object Repository/ADMIN/Categories/Category/label_edit popup' located by 'By.xpath: //div[(text() = 'Category was successfully saved.' or . = 'Category was successfully saved.')]' is not present after '30' second(s)

2019-11-25 09:57:52 - [MESSAGE][WARNING] - Timeout '0' is invalid. Using default page load timeout: '30'

2019-11-25 09:57:57 - [MESSAGE][PASSED] - Web element with id: 'Object Repository/ADMIN/Categories/Category/label_edit popup' located by 'By.xpath: //div[(text() = 'Category was successfully saved.' or . = 'Category was successfully saved.')]' is not present after '30' second(s)]]></system-out>
         <system-err><![CDATA[2019-11-25 09:57:35 - [TEST_CASE][FAILED] - Test Cases/ADMIN/Content Mgmt/Categories/Category Add-Edit/Add Category: Test Cases/ADMIN/Content Mgmt/Categories/Category Add-Edit/Add Category FAILED because (of) Unable to upload file 'C:\\Users\\Arcadier\\git\\Trillia\\Images\\Category\\18.png' to object 'Object Repository/ADMIN/Categories/Category/image_input image' (Root cause: org.openqa.selenium.WebDriverException: invalid argument: File not found : C:\\Users\\Arcadier\\git\\Trillia\\Images\\Category\\18.png
  (Session info: chrome=78.0.3904.108)
  (Driver info: chromedriver=2.35.528161 (5b82f2d2aae0ca24b877009200ced9065a772e73),platform=Windows NT 6.1.7601 SP1 x86_64) (WARNING: The server did not provide any stacktrace information)
Command duration or timeout: 0 milliseconds
Build info: version: '3.7.1', revision: '8a0099a', time: '2017-11-06T21:07:36.161Z'
System info: host: 'APRIL-PC', ip: '10.10.31.51', os.name: 'Windows 7', os.arch: 'amd64', os.version: '6.1', java.version: '1.8.0_102'
Driver info: com.kms.katalon.selenium.driver.CChromeDriver
Capabilities {acceptInsecureCerts: false, acceptSslCerts: false, applicationCacheEnabled: false, browserConnectionEnabled: false, browserName: chrome, chrome: {chromedriverVersion: 2.35.528161 (5b82f2d2aae0ca..., userDataDir: C:\Users\April\AppData\Loca...}, cssSelectorsEnabled: true, databaseEnabled: false, handlesAlerts: true, hasTouchScreen: false, javascriptEnabled: true, locationContextEnabled: true, mobileEmulationEnabled: false, nativeEvents: true, networkConnectionEnabled: false, pageLoadStrategy: normal, platform: XP, platformName: XP, rotatable: false, setWindowRect: true, takesHeapSnapshot: true, takesScreenshot: true, unexpectedAlertBehaviour: , unhandledPromptBehavior: , version: 78.0.3904.108, webStorageEnabled: true}
Session ID: cfe3a530f1bc406e2ea68220d7af8649)]]></system-err>
      </testcase>
      <testcase name="Test Cases/ADMIN/Content Mgmt/Categories/Category Add-Edit/Add Category" classname="Test Cases/ADMIN/Content Mgmt/Categories/Category Add-Edit/Add Category" status="FAILED">
         <failure type="FAILED" message="Unable to upload file 'C:\\Users\\Arcadier\\git\\Trillia\\Images\\Category\\19.png' to object 'Object Repository/ADMIN/Categories/Category/image_input image' (Root cause: org.openqa.selenium.WebDriverException: invalid argument: File not found : C:\\Users\\Arcadier\\git\\Trillia\\Images\\Category\\19.png
  (Session info: chrome=78.0.3904.108)
  (Driver info: chromedriver=2.35.528161 (5b82f2d2aae0ca24b877009200ced9065a772e73),platform=Windows NT 6.1.7601 SP1 x86_64) (WARNING: The server did not provide any stacktrace information)
Command duration or timeout: 0 milliseconds
Build info: version: '3.7.1', revision: '8a0099a', time: '2017-11-06T21:07:36.161Z'
System info: host: 'APRIL-PC', ip: '10.10.31.51', os.name: 'Windows 7', os.arch: 'amd64', os.version: '6.1', java.version: '1.8.0_102'
Driver info: com.kms.katalon.selenium.driver.CChromeDriver
Capabilities {acceptInsecureCerts: false, acceptSslCerts: false, applicationCacheEnabled: false, browserConnectionEnabled: false, browserName: chrome, chrome: {chromedriverVersion: 2.35.528161 (5b82f2d2aae0ca..., userDataDir: C:\Users\April\AppData\Loca...}, cssSelectorsEnabled: true, databaseEnabled: false, handlesAlerts: true, hasTouchScreen: false, javascriptEnabled: true, locationContextEnabled: true, mobileEmulationEnabled: false, nativeEvents: true, networkConnectionEnabled: false, pageLoadStrategy: normal, platform: XP, platformName: XP, rotatable: false, setWindowRect: true, takesHeapSnapshot: true, takesScreenshot: true, unexpectedAlertBehaviour: , unhandledPromptBehavior: , version: 78.0.3904.108, webStorageEnabled: true}
Session ID: cfe3a530f1bc406e2ea68220d7af8649)"/>
         <system-out><![CDATA[2019-11-25 09:57:57 - [TEST_CASE][FAILED] - Test Cases/ADMIN/Content Mgmt/Categories/Category Add-Edit/Add Category: Test Cases/ADMIN/Content Mgmt/Categories/Category Add-Edit/Add Category FAILED because (of) Unable to upload file 'C:\\Users\\Arcadier\\git\\Trillia\\Images\\Category\\19.png' to object 'Object Repository/ADMIN/Categories/Category/image_input image' (Root cause: org.openqa.selenium.WebDriverException: invalid argument: File not found : C:\\Users\\Arcadier\\git\\Trillia\\Images\\Category\\19.png
  (Session info: chrome=78.0.3904.108)
  (Driver info: chromedriver=2.35.528161 (5b82f2d2aae0ca24b877009200ced9065a772e73),platform=Windows NT 6.1.7601 SP1 x86_64) (WARNING: The server did not provide any stacktrace information)
Command duration or timeout: 0 milliseconds
Build info: version: '3.7.1', revision: '8a0099a', time: '2017-11-06T21:07:36.161Z'
System info: host: 'APRIL-PC', ip: '10.10.31.51', os.name: 'Windows 7', os.arch: 'amd64', os.version: '6.1', java.version: '1.8.0_102'
Driver info: com.kms.katalon.selenium.driver.CChromeDriver
Capabilities {acceptInsecureCerts: false, acceptSslCerts: false, applicationCacheEnabled: false, browserConnectionEnabled: false, browserName: chrome, chrome: {chromedriverVersion: 2.35.528161 (5b82f2d2aae0ca..., userDataDir: C:\Users\April\AppData\Loca...}, cssSelectorsEnabled: true, databaseEnabled: false, handlesAlerts: true, hasTouchScreen: false, javascriptEnabled: true, locationContextEnabled: true, mobileEmulationEnabled: false, nativeEvents: true, networkConnectionEnabled: false, pageLoadStrategy: normal, platform: XP, platformName: XP, rotatable: false, setWindowRect: true, takesHeapSnapshot: true, takesScreenshot: true, unexpectedAlertBehaviour: , unhandledPromptBehavior: , version: 78.0.3904.108, webStorageEnabled: true}
Session ID: cfe3a530f1bc406e2ea68220d7af8649)

2019-11-25 09:57:57 - [TEST_STEP][PASSED] - waitForElementVisible: Object 'Object Repository/ADMIN/Categories/Category List/button_Content Mgmt' is visible

2019-11-25 09:57:57 - [MESSAGE][WARNING] - Timeout '0' is invalid. Using default page load timeout: '30'

2019-11-25 09:57:57 - [MESSAGE][PASSED] - Object 'Object Repository/ADMIN/Categories/Category List/button_Content Mgmt' is visible

2019-11-25 09:57:57 - [TEST_STEP][PASSED] - click: Object: 'Object Repository/ADMIN/Categories/Category List/button_Content Mgmt' is clicked on

2019-11-25 09:57:58 - [MESSAGE][PASSED] - Object: 'Object Repository/ADMIN/Categories/Category List/button_Content Mgmt' is clicked on

2019-11-25 09:57:58 - [TEST_STEP][PASSED] - waitForElementVisible: Object 'Object Repository/ADMIN/Categories/Category List/button_Categories' is visible

2019-11-25 09:57:58 - [MESSAGE][WARNING] - Timeout '0' is invalid. Using default page load timeout: '30'

2019-11-25 09:57:58 - [MESSAGE][PASSED] - Object 'Object Repository/ADMIN/Categories/Category List/button_Categories' is visible

2019-11-25 09:57:58 - [TEST_STEP][PASSED] - click: Object: 'Object Repository/ADMIN/Categories/Category List/button_Categories' is clicked on

2019-11-25 09:58:00 - [MESSAGE][PASSED] - Object: 'Object Repository/ADMIN/Categories/Category List/button_Categories' is clicked on

2019-11-25 09:58:00 - [TEST_STEP][PASSED] - click: Object: 'Object Repository/ADMIN/Categories/Category List/button_AddACategory' is clicked on

2019-11-25 09:58:00 - [MESSAGE][PASSED] - Object: 'Object Repository/ADMIN/Categories/Category List/button_AddACategory' is clicked on

2019-11-25 09:58:00 - [TEST_STEP][PASSED] - waitForElementPresent: Object 'Object Repository/ADMIN/Categories/Category/dropdown_Parent' is present

2019-11-25 09:58:00 - [MESSAGE][PASSED] - Object 'Object Repository/ADMIN/Categories/Category/dropdown_Parent' is present

2019-11-25 09:58:00 - [TEST_STEP][PASSED] - delay: Delayed 1 second(s)

2019-11-25 09:58:01 - [MESSAGE][PASSED] - Delayed 1 second(s)

2019-11-25 09:58:01 - [TEST_STEP][PASSED] - setText: Text 'Category 19' is set on object 'Object Repository/ADMIN/Categories/Category/textfield_Category Name'

2019-11-25 09:58:06 - [MESSAGE][PASSED] - Text 'Category 19' is set on object 'Object Repository/ADMIN/Categories/Category/textfield_Category Name'

2019-11-25 09:58:06 - [TEST_STEP][PASSED] - click: Object: 'Object Repository/ADMIN/Categories/Category/dropdown_Parent' is clicked on

2019-11-25 09:58:06 - [MESSAGE][PASSED] - Object: 'Object Repository/ADMIN/Categories/Category/dropdown_Parent' is clicked on

2019-11-25 09:58:06 - [TEST_STEP][PASSED] - delay: Delayed 2 second(s)

2019-11-25 09:58:08 - [MESSAGE][PASSED] - Delayed 2 second(s)

2019-11-25 09:58:08 - [TEST_STEP][PASSED] - click: Object: 'Object Repository/ADMIN/Categories/Category/dropdown_Parent' is clicked on

2019-11-25 09:58:08 - [MESSAGE][PASSED] - Object: 'Object Repository/ADMIN/Categories/Category/dropdown_Parent' is clicked on

2019-11-25 09:58:08 - [TEST_STEP][PASSED] - selectOptionByLabel: All options with label '-' are selected in object 'Object Repository/ADMIN/Categories/Category/dropdown_Parent' 

2019-11-25 09:58:08 - [MESSAGE][PASSED] - All options with label '-' are selected in object 'Object Repository/ADMIN/Categories/Category/dropdown_Parent' 

2019-11-25 09:58:08 - [TEST_STEP][PASSED] - click: Object: 'Object Repository/ADMIN/Categories/Category/button_Browse' is clicked on

2019-11-25 09:58:09 - [MESSAGE][PASSED] - Object: 'Object Repository/ADMIN/Categories/Category/button_Browse' is clicked on

2019-11-25 09:58:09 - [TEST_STEP][PASSED] - delay: Delayed 1 second(s)

2019-11-25 09:58:10 - [MESSAGE][PASSED] - Delayed 1 second(s)

2019-11-25 09:58:10 - [TEST_STEP][FAILED] - uploadFile: Unable to upload file 'C:\\Users\\Arcadier\\git\\Trillia\\Images\\Category\\19.png' to object 'Object Repository/ADMIN/Categories/Category/image_input image' (Root cause: org.openqa.selenium.WebDriverException: invalid argument: File not found : C:\\Users\\Arcadier\\git\\Trillia\\Images\\Category\\19.png
  (Session info: chrome=78.0.3904.108)
  (Driver info: chromedriver=2.35.528161 (5b82f2d2aae0ca24b877009200ced9065a772e73),platform=Windows NT 6.1.7601 SP1 x86_64) (WARNING: The server did not provide any stacktrace information)
Command duration or timeout: 0 milliseconds
Build info: version: '3.7.1', revision: '8a0099a', time: '2017-11-06T21:07:36.161Z'
System info: host: 'APRIL-PC', ip: '10.10.31.51', os.name: 'Windows 7', os.arch: 'amd64', os.version: '6.1', java.version: '1.8.0_102'
Driver info: com.kms.katalon.selenium.driver.CChromeDriver
Capabilities {acceptInsecureCerts: false, acceptSslCerts: false, applicationCacheEnabled: false, browserConnectionEnabled: false, browserName: chrome, chrome: {chromedriverVersion: 2.35.528161 (5b82f2d2aae0ca..., userDataDir: C:\Users\April\AppData\Loca...}, cssSelectorsEnabled: true, databaseEnabled: false, handlesAlerts: true, hasTouchScreen: false, javascriptEnabled: true, locationContextEnabled: true, mobileEmulationEnabled: false, nativeEvents: true, networkConnectionEnabled: false, pageLoadStrategy: normal, platform: XP, platformName: XP, rotatable: false, setWindowRect: true, takesHeapSnapshot: true, takesScreenshot: true, unexpectedAlertBehaviour: , unhandledPromptBehavior: , version: 78.0.3904.108, webStorageEnabled: true}
Session ID: cfe3a530f1bc406e2ea68220d7af8649)

2019-11-25 09:58:10 - [MESSAGE][FAILED] - Unable to upload file 'C:\\Users\\Arcadier\\git\\Trillia\\Images\\Category\\19.png' to object 'Object Repository/ADMIN/Categories/Category/image_input image' (Root cause: org.openqa.selenium.WebDriverException: invalid argument: File not found : C:\\Users\\Arcadier\\git\\Trillia\\Images\\Category\\19.png
  (Session info: chrome=78.0.3904.108)
  (Driver info: chromedriver=2.35.528161 (5b82f2d2aae0ca24b877009200ced9065a772e73),platform=Windows NT 6.1.7601 SP1 x86_64) (WARNING: The server did not provide any stacktrace information)
Command duration or timeout: 0 milliseconds
Build info: version: '3.7.1', revision: '8a0099a', time: '2017-11-06T21:07:36.161Z'
System info: host: 'APRIL-PC', ip: '10.10.31.51', os.name: 'Windows 7', os.arch: 'amd64', os.version: '6.1', java.version: '1.8.0_102'
Driver info: com.kms.katalon.selenium.driver.CChromeDriver
Capabilities {acceptInsecureCerts: false, acceptSslCerts: false, applicationCacheEnabled: false, browserConnectionEnabled: false, browserName: chrome, chrome: {chromedriverVersion: 2.35.528161 (5b82f2d2aae0ca..., userDataDir: C:\Users\April\AppData\Loca...}, cssSelectorsEnabled: true, databaseEnabled: false, handlesAlerts: true, hasTouchScreen: false, javascriptEnabled: true, locationContextEnabled: true, mobileEmulationEnabled: false, nativeEvents: true, networkConnectionEnabled: false, pageLoadStrategy: normal, platform: XP, platformName: XP, rotatable: false, setWindowRect: true, takesHeapSnapshot: true, takesScreenshot: true, unexpectedAlertBehaviour: , unhandledPromptBehavior: , version: 78.0.3904.108, webStorageEnabled: true}
Session ID: cfe3a530f1bc406e2ea68220d7af8649)
[[ATTACHMENT|C:\\Users\\April\\git\\Trillia\\Reports\\Admin\\Categories\\Add Category\\20191125_093242\\1574647090080.png]]

2019-11-25 09:58:10 - [TEST_STEP][PASSED] - waitForElementVisible: Object 'Object Repository/ADMIN/Categories/Category/button_upload check' is visible

2019-11-25 09:58:10 - [MESSAGE][WARNING] - Timeout '0' is invalid. Using default page load timeout: '30'

2019-11-25 09:58:16 - [MESSAGE][PASSED] - Object 'Object Repository/ADMIN/Categories/Category/button_upload check' is visible

2019-11-25 09:58:16 - [TEST_STEP][PASSED] - click: Object: 'Object Repository/ADMIN/Categories/Category/button_upload check' is clicked on

2019-11-25 09:58:16 - [MESSAGE][PASSED] - Object: 'Object Repository/ADMIN/Categories/Category/button_upload check' is clicked on

2019-11-25 09:58:16 - [TEST_STEP][PASSED] - waitForElementVisible: Object 'Object Repository/ADMIN/Categories/Category/button_upload save' is visible

2019-11-25 09:58:16 - [MESSAGE][WARNING] - Timeout '0' is invalid. Using default page load timeout: '30'

2019-11-25 09:58:16 - [MESSAGE][PASSED] - Object 'Object Repository/ADMIN/Categories/Category/button_upload save' is visible

2019-11-25 09:58:16 - [TEST_STEP][PASSED] - click: Object: 'Object Repository/ADMIN/Categories/Category/button_upload save' is clicked on

2019-11-25 09:58:16 - [MESSAGE][PASSED] - Object: 'Object Repository/ADMIN/Categories/Category/button_upload save' is clicked on

2019-11-25 09:58:16 - [TEST_STEP][PASSED] - delay: Delayed 1 second(s)

2019-11-25 09:58:17 - [MESSAGE][PASSED] - Delayed 1 second(s)

2019-11-25 09:58:17 - [TEST_STEP][PASSED] - setText: Text 'Description75' is set on object 'Object Repository/ADMIN/Categories/Category/textfield_category_description'

2019-11-25 09:58:17 - [MESSAGE][PASSED] - Text 'Description75' is set on object 'Object Repository/ADMIN/Categories/Category/textfield_category_description'

2019-11-25 09:58:17 - [TEST_STEP][PASSED] - click: Object: 'Object Repository/ADMIN/Categories/Category/button_Save' is clicked on

2019-11-25 09:58:17 - [MESSAGE][PASSED] - Object: 'Object Repository/ADMIN/Categories/Category/button_Save' is clicked on

2019-11-25 09:58:17 - [TEST_STEP][PASSED] - waitForElementVisible: Object 'Object Repository/ADMIN/Categories/Category/label_edit popup' is visible

2019-11-25 09:58:17 - [MESSAGE][WARNING] - Timeout '0' is invalid. Using default page load timeout: '30'

2019-11-25 09:58:18 - [MESSAGE][PASSED] - Object 'Object Repository/ADMIN/Categories/Category/label_edit popup' is visible

2019-11-25 09:58:18 - [TEST_STEP][PASSED] - waitForElementNotPresent: Web element with id: 'Object Repository/ADMIN/Categories/Category/label_edit popup' located by 'By.xpath: //div[(text() = 'Category was successfully saved.' or . = 'Category was successfully saved.')]' is not present after '30' second(s)

2019-11-25 09:58:18 - [MESSAGE][WARNING] - Timeout '0' is invalid. Using default page load timeout: '30'

2019-11-25 09:58:24 - [MESSAGE][PASSED] - Web element with id: 'Object Repository/ADMIN/Categories/Category/label_edit popup' located by 'By.xpath: //div[(text() = 'Category was successfully saved.' or . = 'Category was successfully saved.')]' is not present after '30' second(s)]]></system-out>
         <system-err><![CDATA[2019-11-25 09:57:57 - [TEST_CASE][FAILED] - Test Cases/ADMIN/Content Mgmt/Categories/Category Add-Edit/Add Category: Test Cases/ADMIN/Content Mgmt/Categories/Category Add-Edit/Add Category FAILED because (of) Unable to upload file 'C:\\Users\\Arcadier\\git\\Trillia\\Images\\Category\\19.png' to object 'Object Repository/ADMIN/Categories/Category/image_input image' (Root cause: org.openqa.selenium.WebDriverException: invalid argument: File not found : C:\\Users\\Arcadier\\git\\Trillia\\Images\\Category\\19.png
  (Session info: chrome=78.0.3904.108)
  (Driver info: chromedriver=2.35.528161 (5b82f2d2aae0ca24b877009200ced9065a772e73),platform=Windows NT 6.1.7601 SP1 x86_64) (WARNING: The server did not provide any stacktrace information)
Command duration or timeout: 0 milliseconds
Build info: version: '3.7.1', revision: '8a0099a', time: '2017-11-06T21:07:36.161Z'
System info: host: 'APRIL-PC', ip: '10.10.31.51', os.name: 'Windows 7', os.arch: 'amd64', os.version: '6.1', java.version: '1.8.0_102'
Driver info: com.kms.katalon.selenium.driver.CChromeDriver
Capabilities {acceptInsecureCerts: false, acceptSslCerts: false, applicationCacheEnabled: false, browserConnectionEnabled: false, browserName: chrome, chrome: {chromedriverVersion: 2.35.528161 (5b82f2d2aae0ca..., userDataDir: C:\Users\April\AppData\Loca...}, cssSelectorsEnabled: true, databaseEnabled: false, handlesAlerts: true, hasTouchScreen: false, javascriptEnabled: true, locationContextEnabled: true, mobileEmulationEnabled: false, nativeEvents: true, networkConnectionEnabled: false, pageLoadStrategy: normal, platform: XP, platformName: XP, rotatable: false, setWindowRect: true, takesHeapSnapshot: true, takesScreenshot: true, unexpectedAlertBehaviour: , unhandledPromptBehavior: , version: 78.0.3904.108, webStorageEnabled: true}
Session ID: cfe3a530f1bc406e2ea68220d7af8649)]]></system-err>
      </testcase>
      <testcase name="Test Cases/ADMIN/Content Mgmt/Categories/Category Add-Edit/Add Category" classname="Test Cases/ADMIN/Content Mgmt/Categories/Category Add-Edit/Add Category" status="FAILED">
         <failure type="FAILED" message="Unable to click on object 'Object Repository/ADMIN/Categories/Category List/button_Categories' (Root cause: org.openqa.selenium.ElementNotVisibleException: element not visible
  (Session info: chrome=78.0.3904.108)
  (Driver info: chromedriver=2.35.528161 (5b82f2d2aae0ca24b877009200ced9065a772e73),platform=Windows NT 6.1.7601 SP1 x86_64) (WARNING: The server did not provide any stacktrace information)
Command duration or timeout: 0 milliseconds
Build info: version: '3.7.1', revision: '8a0099a', time: '2017-11-06T21:07:36.161Z'
System info: host: 'APRIL-PC', ip: '10.10.31.51', os.name: 'Windows 7', os.arch: 'amd64', os.version: '6.1', java.version: '1.8.0_102'
Driver info: com.kms.katalon.selenium.driver.CChromeDriver
Capabilities {acceptInsecureCerts: false, acceptSslCerts: false, applicationCacheEnabled: false, browserConnectionEnabled: false, browserName: chrome, chrome: {chromedriverVersion: 2.35.528161 (5b82f2d2aae0ca..., userDataDir: C:\Users\April\AppData\Loca...}, cssSelectorsEnabled: true, databaseEnabled: false, handlesAlerts: true, hasTouchScreen: false, javascriptEnabled: true, locationContextEnabled: true, mobileEmulationEnabled: false, nativeEvents: true, networkConnectionEnabled: false, pageLoadStrategy: normal, platform: XP, platformName: XP, rotatable: false, setWindowRect: true, takesHeapSnapshot: true, takesScreenshot: true, unexpectedAlertBehaviour: , unhandledPromptBehavior: , version: 78.0.3904.108, webStorageEnabled: true}
Session ID: cfe3a530f1bc406e2ea68220d7af8649)"/>
         <system-out><![CDATA[2019-11-25 09:58:24 - [TEST_CASE][FAILED] - Test Cases/ADMIN/Content Mgmt/Categories/Category Add-Edit/Add Category: Test Cases/ADMIN/Content Mgmt/Categories/Category Add-Edit/Add Category FAILED because (of) Unable to click on object 'Object Repository/ADMIN/Categories/Category List/button_Categories' (Root cause: org.openqa.selenium.ElementNotVisibleException: element not visible
  (Session info: chrome=78.0.3904.108)
  (Driver info: chromedriver=2.35.528161 (5b82f2d2aae0ca24b877009200ced9065a772e73),platform=Windows NT 6.1.7601 SP1 x86_64) (WARNING: The server did not provide any stacktrace information)
Command duration or timeout: 0 milliseconds
Build info: version: '3.7.1', revision: '8a0099a', time: '2017-11-06T21:07:36.161Z'
System info: host: 'APRIL-PC', ip: '10.10.31.51', os.name: 'Windows 7', os.arch: 'amd64', os.version: '6.1', java.version: '1.8.0_102'
Driver info: com.kms.katalon.selenium.driver.CChromeDriver
Capabilities {acceptInsecureCerts: false, acceptSslCerts: false, applicationCacheEnabled: false, browserConnectionEnabled: false, browserName: chrome, chrome: {chromedriverVersion: 2.35.528161 (5b82f2d2aae0ca..., userDataDir: C:\Users\April\AppData\Loca...}, cssSelectorsEnabled: true, databaseEnabled: false, handlesAlerts: true, hasTouchScreen: false, javascriptEnabled: true, locationContextEnabled: true, mobileEmulationEnabled: false, nativeEvents: true, networkConnectionEnabled: false, pageLoadStrategy: normal, platform: XP, platformName: XP, rotatable: false, setWindowRect: true, takesHeapSnapshot: true, takesScreenshot: true, unexpectedAlertBehaviour: , unhandledPromptBehavior: , version: 78.0.3904.108, webStorageEnabled: true}
Session ID: cfe3a530f1bc406e2ea68220d7af8649)

2019-11-25 09:58:24 - [TEST_STEP][PASSED] - waitForElementVisible: Object 'Object Repository/ADMIN/Categories/Category List/button_Content Mgmt' is visible

2019-11-25 09:58:24 - [MESSAGE][WARNING] - Timeout '0' is invalid. Using default page load timeout: '30'

2019-11-25 09:58:24 - [MESSAGE][PASSED] - Object 'Object Repository/ADMIN/Categories/Category List/button_Content Mgmt' is visible

2019-11-25 09:58:24 - [TEST_STEP][PASSED] - click: Object: 'Object Repository/ADMIN/Categories/Category List/button_Content Mgmt' is clicked on

2019-11-25 09:58:24 - [MESSAGE][PASSED] - Object: 'Object Repository/ADMIN/Categories/Category List/button_Content Mgmt' is clicked on

2019-11-25 09:58:24 - [TEST_STEP][PASSED] - waitForElementVisible: Object 'Object Repository/ADMIN/Categories/Category List/button_Categories' is visible

2019-11-25 09:58:24 - [MESSAGE][WARNING] - Timeout '0' is invalid. Using default page load timeout: '30'

2019-11-25 09:58:24 - [MESSAGE][PASSED] - Object 'Object Repository/ADMIN/Categories/Category List/button_Categories' is visible

2019-11-25 09:58:24 - [TEST_STEP][FAILED] - click: Unable to click on object 'Object Repository/ADMIN/Categories/Category List/button_Categories' (Root cause: org.openqa.selenium.ElementNotVisibleException: element not visible
  (Session info: chrome=78.0.3904.108)
  (Driver info: chromedriver=2.35.528161 (5b82f2d2aae0ca24b877009200ced9065a772e73),platform=Windows NT 6.1.7601 SP1 x86_64) (WARNING: The server did not provide any stacktrace information)
Command duration or timeout: 0 milliseconds
Build info: version: '3.7.1', revision: '8a0099a', time: '2017-11-06T21:07:36.161Z'
System info: host: 'APRIL-PC', ip: '10.10.31.51', os.name: 'Windows 7', os.arch: 'amd64', os.version: '6.1', java.version: '1.8.0_102'
Driver info: com.kms.katalon.selenium.driver.CChromeDriver
Capabilities {acceptInsecureCerts: false, acceptSslCerts: false, applicationCacheEnabled: false, browserConnectionEnabled: false, browserName: chrome, chrome: {chromedriverVersion: 2.35.528161 (5b82f2d2aae0ca..., userDataDir: C:\Users\April\AppData\Loca...}, cssSelectorsEnabled: true, databaseEnabled: false, handlesAlerts: true, hasTouchScreen: false, javascriptEnabled: true, locationContextEnabled: true, mobileEmulationEnabled: false, nativeEvents: true, networkConnectionEnabled: false, pageLoadStrategy: normal, platform: XP, platformName: XP, rotatable: false, setWindowRect: true, takesHeapSnapshot: true, takesScreenshot: true, unexpectedAlertBehaviour: , unhandledPromptBehavior: , version: 78.0.3904.108, webStorageEnabled: true}
Session ID: cfe3a530f1bc406e2ea68220d7af8649)

2019-11-25 09:58:24 - [MESSAGE][FAILED] - Unable to click on object 'Object Repository/ADMIN/Categories/Category List/button_Categories' (Root cause: org.openqa.selenium.ElementNotVisibleException: element not visible
  (Session info: chrome=78.0.3904.108)
  (Driver info: chromedriver=2.35.528161 (5b82f2d2aae0ca24b877009200ced9065a772e73),platform=Windows NT 6.1.7601 SP1 x86_64) (WARNING: The server did not provide any stacktrace information)
Command duration or timeout: 0 milliseconds
Build info: version: '3.7.1', revision: '8a0099a', time: '2017-11-06T21:07:36.161Z'
System info: host: 'APRIL-PC', ip: '10.10.31.51', os.name: 'Windows 7', os.arch: 'amd64', os.version: '6.1', java.version: '1.8.0_102'
Driver info: com.kms.katalon.selenium.driver.CChromeDriver
Capabilities {acceptInsecureCerts: false, acceptSslCerts: false, applicationCacheEnabled: false, browserConnectionEnabled: false, browserName: chrome, chrome: {chromedriverVersion: 2.35.528161 (5b82f2d2aae0ca..., userDataDir: C:\Users\April\AppData\Loca...}, cssSelectorsEnabled: true, databaseEnabled: false, handlesAlerts: true, hasTouchScreen: false, javascriptEnabled: true, locationContextEnabled: true, mobileEmulationEnabled: false, nativeEvents: true, networkConnectionEnabled: false, pageLoadStrategy: normal, platform: XP, platformName: XP, rotatable: false, setWindowRect: true, takesHeapSnapshot: true, takesScreenshot: true, unexpectedAlertBehaviour: , unhandledPromptBehavior: , version: 78.0.3904.108, webStorageEnabled: true}
Session ID: cfe3a530f1bc406e2ea68220d7af8649)
[[ATTACHMENT|C:\\Users\\April\\git\\Trillia\\Reports\\Admin\\Categories\\Add Category\\20191125_093242\\1574647104430.png]]

2019-11-25 09:58:24 - [TEST_STEP][PASSED] - click: Object: 'Object Repository/ADMIN/Categories/Category List/button_AddACategory' is clicked on

2019-11-25 09:58:24 - [MESSAGE][PASSED] - Object: 'Object Repository/ADMIN/Categories/Category List/button_AddACategory' is clicked on

2019-11-25 09:58:24 - [TEST_STEP][PASSED] - waitForElementPresent: Object 'Object Repository/ADMIN/Categories/Category/dropdown_Parent' is present

2019-11-25 09:58:24 - [MESSAGE][PASSED] - Object 'Object Repository/ADMIN/Categories/Category/dropdown_Parent' is present

2019-11-25 09:58:24 - [TEST_STEP][PASSED] - delay: Delayed 1 second(s)

2019-11-25 09:58:25 - [MESSAGE][PASSED] - Delayed 1 second(s)

2019-11-25 09:58:25 - [TEST_STEP][PASSED] - setText: Text 'Category 20' is set on object 'Object Repository/ADMIN/Categories/Category/textfield_Category Name'

2019-11-25 09:58:26 - [MESSAGE][PASSED] - Text 'Category 20' is set on object 'Object Repository/ADMIN/Categories/Category/textfield_Category Name'

2019-11-25 09:58:26 - [TEST_STEP][PASSED] - click: Object: 'Object Repository/ADMIN/Categories/Category/dropdown_Parent' is clicked on

2019-11-25 09:58:26 - [MESSAGE][PASSED] - Object: 'Object Repository/ADMIN/Categories/Category/dropdown_Parent' is clicked on

2019-11-25 09:58:26 - [TEST_STEP][PASSED] - delay: Delayed 2 second(s)

2019-11-25 09:58:30 - [MESSAGE][PASSED] - Delayed 2 second(s)

2019-11-25 09:58:30 - [TEST_STEP][PASSED] - click: Object: 'Object Repository/ADMIN/Categories/Category/dropdown_Parent' is clicked on

2019-11-25 09:58:30 - [MESSAGE][PASSED] - Object: 'Object Repository/ADMIN/Categories/Category/dropdown_Parent' is clicked on

2019-11-25 09:58:30 - [TEST_STEP][PASSED] - selectOptionByLabel: All options with label '-' are selected in object 'Object Repository/ADMIN/Categories/Category/dropdown_Parent' 

2019-11-25 09:58:30 - [MESSAGE][PASSED] - All options with label '-' are selected in object 'Object Repository/ADMIN/Categories/Category/dropdown_Parent' 

2019-11-25 09:58:30 - [TEST_STEP][PASSED] - click: Object: 'Object Repository/ADMIN/Categories/Category/button_Browse' is clicked on

2019-11-25 09:58:30 - [MESSAGE][PASSED] - Object: 'Object Repository/ADMIN/Categories/Category/button_Browse' is clicked on

2019-11-25 09:58:30 - [TEST_STEP][PASSED] - delay: Delayed 1 second(s)

2019-11-25 09:58:31 - [MESSAGE][PASSED] - Delayed 1 second(s)

2019-11-25 09:58:31 - [TEST_STEP][FAILED] - uploadFile: Unable to upload file 'C:\\Users\\Arcadier\\git\\Trillia\\Images\\Category\\20.png' to object 'Object Repository/ADMIN/Categories/Category/image_input image' (Root cause: org.openqa.selenium.WebDriverException: invalid argument: File not found : C:\\Users\\Arcadier\\git\\Trillia\\Images\\Category\\20.png
  (Session info: chrome=78.0.3904.108)
  (Driver info: chromedriver=2.35.528161 (5b82f2d2aae0ca24b877009200ced9065a772e73),platform=Windows NT 6.1.7601 SP1 x86_64) (WARNING: The server did not provide any stacktrace information)
Command duration or timeout: 0 milliseconds
Build info: version: '3.7.1', revision: '8a0099a', time: '2017-11-06T21:07:36.161Z'
System info: host: 'APRIL-PC', ip: '10.10.31.51', os.name: 'Windows 7', os.arch: 'amd64', os.version: '6.1', java.version: '1.8.0_102'
Driver info: com.kms.katalon.selenium.driver.CChromeDriver
Capabilities {acceptInsecureCerts: false, acceptSslCerts: false, applicationCacheEnabled: false, browserConnectionEnabled: false, browserName: chrome, chrome: {chromedriverVersion: 2.35.528161 (5b82f2d2aae0ca..., userDataDir: C:\Users\April\AppData\Loca...}, cssSelectorsEnabled: true, databaseEnabled: false, handlesAlerts: true, hasTouchScreen: false, javascriptEnabled: true, locationContextEnabled: true, mobileEmulationEnabled: false, nativeEvents: true, networkConnectionEnabled: false, pageLoadStrategy: normal, platform: XP, platformName: XP, rotatable: false, setWindowRect: true, takesHeapSnapshot: true, takesScreenshot: true, unexpectedAlertBehaviour: , unhandledPromptBehavior: , version: 78.0.3904.108, webStorageEnabled: true}
Session ID: cfe3a530f1bc406e2ea68220d7af8649)

2019-11-25 09:58:32 - [MESSAGE][FAILED] - Unable to upload file 'C:\\Users\\Arcadier\\git\\Trillia\\Images\\Category\\20.png' to object 'Object Repository/ADMIN/Categories/Category/image_input image' (Root cause: org.openqa.selenium.WebDriverException: invalid argument: File not found : C:\\Users\\Arcadier\\git\\Trillia\\Images\\Category\\20.png
  (Session info: chrome=78.0.3904.108)
  (Driver info: chromedriver=2.35.528161 (5b82f2d2aae0ca24b877009200ced9065a772e73),platform=Windows NT 6.1.7601 SP1 x86_64) (WARNING: The server did not provide any stacktrace information)
Command duration or timeout: 0 milliseconds
Build info: version: '3.7.1', revision: '8a0099a', time: '2017-11-06T21:07:36.161Z'
System info: host: 'APRIL-PC', ip: '10.10.31.51', os.name: 'Windows 7', os.arch: 'amd64', os.version: '6.1', java.version: '1.8.0_102'
Driver info: com.kms.katalon.selenium.driver.CChromeDriver
Capabilities {acceptInsecureCerts: false, acceptSslCerts: false, applicationCacheEnabled: false, browserConnectionEnabled: false, browserName: chrome, chrome: {chromedriverVersion: 2.35.528161 (5b82f2d2aae0ca..., userDataDir: C:\Users\April\AppData\Loca...}, cssSelectorsEnabled: true, databaseEnabled: false, handlesAlerts: true, hasTouchScreen: false, javascriptEnabled: true, locationContextEnabled: true, mobileEmulationEnabled: false, nativeEvents: true, networkConnectionEnabled: false, pageLoadStrategy: normal, platform: XP, platformName: XP, rotatable: false, setWindowRect: true, takesHeapSnapshot: true, takesScreenshot: true, unexpectedAlertBehaviour: , unhandledPromptBehavior: , version: 78.0.3904.108, webStorageEnabled: true}
Session ID: cfe3a530f1bc406e2ea68220d7af8649)
[[ATTACHMENT|C:\\Users\\April\\git\\Trillia\\Reports\\Admin\\Categories\\Add Category\\20191125_093242\\1574647112110.png]]

2019-11-25 09:58:32 - [TEST_STEP][PASSED] - waitForElementVisible: Object 'Object Repository/ADMIN/Categories/Category/button_upload check' is visible

2019-11-25 09:58:32 - [MESSAGE][WARNING] - Timeout '0' is invalid. Using default page load timeout: '30'

2019-11-25 09:58:54 - [MESSAGE][PASSED] - Object 'Object Repository/ADMIN/Categories/Category/button_upload check' is visible

2019-11-25 09:58:54 - [TEST_STEP][PASSED] - click: Object: 'Object Repository/ADMIN/Categories/Category/button_upload check' is clicked on

2019-11-25 09:58:54 - [MESSAGE][PASSED] - Object: 'Object Repository/ADMIN/Categories/Category/button_upload check' is clicked on

2019-11-25 09:58:54 - [TEST_STEP][PASSED] - waitForElementVisible: Object 'Object Repository/ADMIN/Categories/Category/button_upload save' is visible

2019-11-25 09:58:54 - [MESSAGE][WARNING] - Timeout '0' is invalid. Using default page load timeout: '30'

2019-11-25 09:58:54 - [MESSAGE][PASSED] - Object 'Object Repository/ADMIN/Categories/Category/button_upload save' is visible

2019-11-25 09:58:54 - [TEST_STEP][PASSED] - click: Object: 'Object Repository/ADMIN/Categories/Category/button_upload save' is clicked on

2019-11-25 09:58:54 - [MESSAGE][PASSED] - Object: 'Object Repository/ADMIN/Categories/Category/button_upload save' is clicked on

2019-11-25 09:58:54 - [TEST_STEP][PASSED] - delay: Delayed 1 second(s)

2019-11-25 09:58:55 - [MESSAGE][PASSED] - Delayed 1 second(s)

2019-11-25 09:58:55 - [TEST_STEP][PASSED] - setText: Text 'Description76' is set on object 'Object Repository/ADMIN/Categories/Category/textfield_category_description'

2019-11-25 09:58:55 - [MESSAGE][PASSED] - Text 'Description76' is set on object 'Object Repository/ADMIN/Categories/Category/textfield_category_description'

2019-11-25 09:58:55 - [TEST_STEP][PASSED] - click: Object: 'Object Repository/ADMIN/Categories/Category/button_Save' is clicked on

2019-11-25 09:58:55 - [MESSAGE][PASSED] - Object: 'Object Repository/ADMIN/Categories/Category/button_Save' is clicked on

2019-11-25 09:58:55 - [TEST_STEP][PASSED] - waitForElementVisible: Object 'Object Repository/ADMIN/Categories/Category/label_edit popup' is visible

2019-11-25 09:58:55 - [MESSAGE][WARNING] - Timeout '0' is invalid. Using default page load timeout: '30'

2019-11-25 09:58:57 - [MESSAGE][PASSED] - Object 'Object Repository/ADMIN/Categories/Category/label_edit popup' is visible

2019-11-25 09:58:57 - [TEST_STEP][PASSED] - waitForElementNotPresent: Web element with id: 'Object Repository/ADMIN/Categories/Category/label_edit popup' located by 'By.xpath: //div[(text() = 'Category was successfully saved.' or . = 'Category was successfully saved.')]' is not present after '30' second(s)

2019-11-25 09:58:57 - [MESSAGE][WARNING] - Timeout '0' is invalid. Using default page load timeout: '30'

2019-11-25 09:59:02 - [MESSAGE][PASSED] - Web element with id: 'Object Repository/ADMIN/Categories/Category/label_edit popup' located by 'By.xpath: //div[(text() = 'Category was successfully saved.' or . = 'Category was successfully saved.')]' is not present after '30' second(s)]]></system-out>
         <system-err><![CDATA[2019-11-25 09:58:24 - [TEST_CASE][FAILED] - Test Cases/ADMIN/Content Mgmt/Categories/Category Add-Edit/Add Category: Test Cases/ADMIN/Content Mgmt/Categories/Category Add-Edit/Add Category FAILED because (of) Unable to click on object 'Object Repository/ADMIN/Categories/Category List/button_Categories' (Root cause: org.openqa.selenium.ElementNotVisibleException: element not visible
  (Session info: chrome=78.0.3904.108)
  (Driver info: chromedriver=2.35.528161 (5b82f2d2aae0ca24b877009200ced9065a772e73),platform=Windows NT 6.1.7601 SP1 x86_64) (WARNING: The server did not provide any stacktrace information)
Command duration or timeout: 0 milliseconds
Build info: version: '3.7.1', revision: '8a0099a', time: '2017-11-06T21:07:36.161Z'
System info: host: 'APRIL-PC', ip: '10.10.31.51', os.name: 'Windows 7', os.arch: 'amd64', os.version: '6.1', java.version: '1.8.0_102'
Driver info: com.kms.katalon.selenium.driver.CChromeDriver
Capabilities {acceptInsecureCerts: false, acceptSslCerts: false, applicationCacheEnabled: false, browserConnectionEnabled: false, browserName: chrome, chrome: {chromedriverVersion: 2.35.528161 (5b82f2d2aae0ca..., userDataDir: C:\Users\April\AppData\Loca...}, cssSelectorsEnabled: true, databaseEnabled: false, handlesAlerts: true, hasTouchScreen: false, javascriptEnabled: true, locationContextEnabled: true, mobileEmulationEnabled: false, nativeEvents: true, networkConnectionEnabled: false, pageLoadStrategy: normal, platform: XP, platformName: XP, rotatable: false, setWindowRect: true, takesHeapSnapshot: true, takesScreenshot: true, unexpectedAlertBehaviour: , unhandledPromptBehavior: , version: 78.0.3904.108, webStorageEnabled: true}
Session ID: cfe3a530f1bc406e2ea68220d7af8649)]]></system-err>
      </testcase>
      <testcase name="Test Cases/ADMIN/Content Mgmt/Categories/Category Add-Edit/Add Category" classname="Test Cases/ADMIN/Content Mgmt/Categories/Category Add-Edit/Add Category" status="FAILED">
         <failure type="FAILED" message="Unable to click on object 'Object Repository/ADMIN/Categories/Category List/button_Categories' (Root cause: org.openqa.selenium.ElementNotVisibleException: element not visible
  (Session info: chrome=78.0.3904.108)
  (Driver info: chromedriver=2.35.528161 (5b82f2d2aae0ca24b877009200ced9065a772e73),platform=Windows NT 6.1.7601 SP1 x86_64) (WARNING: The server did not provide any stacktrace information)
Command duration or timeout: 0 milliseconds
Build info: version: '3.7.1', revision: '8a0099a', time: '2017-11-06T21:07:36.161Z'
System info: host: 'APRIL-PC', ip: '10.10.31.51', os.name: 'Windows 7', os.arch: 'amd64', os.version: '6.1', java.version: '1.8.0_102'
Driver info: com.kms.katalon.selenium.driver.CChromeDriver
Capabilities {acceptInsecureCerts: false, acceptSslCerts: false, applicationCacheEnabled: false, browserConnectionEnabled: false, browserName: chrome, chrome: {chromedriverVersion: 2.35.528161 (5b82f2d2aae0ca..., userDataDir: C:\Users\April\AppData\Loca...}, cssSelectorsEnabled: true, databaseEnabled: false, handlesAlerts: true, hasTouchScreen: false, javascriptEnabled: true, locationContextEnabled: true, mobileEmulationEnabled: false, nativeEvents: true, networkConnectionEnabled: false, pageLoadStrategy: normal, platform: XP, platformName: XP, rotatable: false, setWindowRect: true, takesHeapSnapshot: true, takesScreenshot: true, unexpectedAlertBehaviour: , unhandledPromptBehavior: , version: 78.0.3904.108, webStorageEnabled: true}
Session ID: cfe3a530f1bc406e2ea68220d7af8649)"/>
         <system-out><![CDATA[2019-11-25 09:59:02 - [TEST_CASE][FAILED] - Test Cases/ADMIN/Content Mgmt/Categories/Category Add-Edit/Add Category: Test Cases/ADMIN/Content Mgmt/Categories/Category Add-Edit/Add Category FAILED because (of) Unable to click on object 'Object Repository/ADMIN/Categories/Category List/button_Categories' (Root cause: org.openqa.selenium.ElementNotVisibleException: element not visible
  (Session info: chrome=78.0.3904.108)
  (Driver info: chromedriver=2.35.528161 (5b82f2d2aae0ca24b877009200ced9065a772e73),platform=Windows NT 6.1.7601 SP1 x86_64) (WARNING: The server did not provide any stacktrace information)
Command duration or timeout: 0 milliseconds
Build info: version: '3.7.1', revision: '8a0099a', time: '2017-11-06T21:07:36.161Z'
System info: host: 'APRIL-PC', ip: '10.10.31.51', os.name: 'Windows 7', os.arch: 'amd64', os.version: '6.1', java.version: '1.8.0_102'
Driver info: com.kms.katalon.selenium.driver.CChromeDriver
Capabilities {acceptInsecureCerts: false, acceptSslCerts: false, applicationCacheEnabled: false, browserConnectionEnabled: false, browserName: chrome, chrome: {chromedriverVersion: 2.35.528161 (5b82f2d2aae0ca..., userDataDir: C:\Users\April\AppData\Loca...}, cssSelectorsEnabled: true, databaseEnabled: false, handlesAlerts: true, hasTouchScreen: false, javascriptEnabled: true, locationContextEnabled: true, mobileEmulationEnabled: false, nativeEvents: true, networkConnectionEnabled: false, pageLoadStrategy: normal, platform: XP, platformName: XP, rotatable: false, setWindowRect: true, takesHeapSnapshot: true, takesScreenshot: true, unexpectedAlertBehaviour: , unhandledPromptBehavior: , version: 78.0.3904.108, webStorageEnabled: true}
Session ID: cfe3a530f1bc406e2ea68220d7af8649)

2019-11-25 09:59:02 - [TEST_STEP][PASSED] - waitForElementVisible: Object 'Object Repository/ADMIN/Categories/Category List/button_Content Mgmt' is visible

2019-11-25 09:59:02 - [MESSAGE][WARNING] - Timeout '0' is invalid. Using default page load timeout: '30'

2019-11-25 09:59:02 - [MESSAGE][PASSED] - Object 'Object Repository/ADMIN/Categories/Category List/button_Content Mgmt' is visible

2019-11-25 09:59:02 - [TEST_STEP][PASSED] - click: Object: 'Object Repository/ADMIN/Categories/Category List/button_Content Mgmt' is clicked on

2019-11-25 09:59:02 - [MESSAGE][PASSED] - Object: 'Object Repository/ADMIN/Categories/Category List/button_Content Mgmt' is clicked on

2019-11-25 09:59:02 - [TEST_STEP][PASSED] - waitForElementVisible: Object 'Object Repository/ADMIN/Categories/Category List/button_Categories' is visible

2019-11-25 09:59:02 - [MESSAGE][WARNING] - Timeout '0' is invalid. Using default page load timeout: '30'

2019-11-25 09:59:02 - [MESSAGE][PASSED] - Object 'Object Repository/ADMIN/Categories/Category List/button_Categories' is visible

2019-11-25 09:59:02 - [TEST_STEP][FAILED] - click: Unable to click on object 'Object Repository/ADMIN/Categories/Category List/button_Categories' (Root cause: org.openqa.selenium.ElementNotVisibleException: element not visible
  (Session info: chrome=78.0.3904.108)
  (Driver info: chromedriver=2.35.528161 (5b82f2d2aae0ca24b877009200ced9065a772e73),platform=Windows NT 6.1.7601 SP1 x86_64) (WARNING: The server did not provide any stacktrace information)
Command duration or timeout: 0 milliseconds
Build info: version: '3.7.1', revision: '8a0099a', time: '2017-11-06T21:07:36.161Z'
System info: host: 'APRIL-PC', ip: '10.10.31.51', os.name: 'Windows 7', os.arch: 'amd64', os.version: '6.1', java.version: '1.8.0_102'
Driver info: com.kms.katalon.selenium.driver.CChromeDriver
Capabilities {acceptInsecureCerts: false, acceptSslCerts: false, applicationCacheEnabled: false, browserConnectionEnabled: false, browserName: chrome, chrome: {chromedriverVersion: 2.35.528161 (5b82f2d2aae0ca..., userDataDir: C:\Users\April\AppData\Loca...}, cssSelectorsEnabled: true, databaseEnabled: false, handlesAlerts: true, hasTouchScreen: false, javascriptEnabled: true, locationContextEnabled: true, mobileEmulationEnabled: false, nativeEvents: true, networkConnectionEnabled: false, pageLoadStrategy: normal, platform: XP, platformName: XP, rotatable: false, setWindowRect: true, takesHeapSnapshot: true, takesScreenshot: true, unexpectedAlertBehaviour: , unhandledPromptBehavior: , version: 78.0.3904.108, webStorageEnabled: true}
Session ID: cfe3a530f1bc406e2ea68220d7af8649)

2019-11-25 09:59:02 - [MESSAGE][FAILED] - Unable to click on object 'Object Repository/ADMIN/Categories/Category List/button_Categories' (Root cause: org.openqa.selenium.ElementNotVisibleException: element not visible
  (Session info: chrome=78.0.3904.108)
  (Driver info: chromedriver=2.35.528161 (5b82f2d2aae0ca24b877009200ced9065a772e73),platform=Windows NT 6.1.7601 SP1 x86_64) (WARNING: The server did not provide any stacktrace information)
Command duration or timeout: 0 milliseconds
Build info: version: '3.7.1', revision: '8a0099a', time: '2017-11-06T21:07:36.161Z'
System info: host: 'APRIL-PC', ip: '10.10.31.51', os.name: 'Windows 7', os.arch: 'amd64', os.version: '6.1', java.version: '1.8.0_102'
Driver info: com.kms.katalon.selenium.driver.CChromeDriver
Capabilities {acceptInsecureCerts: false, acceptSslCerts: false, applicationCacheEnabled: false, browserConnectionEnabled: false, browserName: chrome, chrome: {chromedriverVersion: 2.35.528161 (5b82f2d2aae0ca..., userDataDir: C:\Users\April\AppData\Loca...}, cssSelectorsEnabled: true, databaseEnabled: false, handlesAlerts: true, hasTouchScreen: false, javascriptEnabled: true, locationContextEnabled: true, mobileEmulationEnabled: false, nativeEvents: true, networkConnectionEnabled: false, pageLoadStrategy: normal, platform: XP, platformName: XP, rotatable: false, setWindowRect: true, takesHeapSnapshot: true, takesScreenshot: true, unexpectedAlertBehaviour: , unhandledPromptBehavior: , version: 78.0.3904.108, webStorageEnabled: true}
Session ID: cfe3a530f1bc406e2ea68220d7af8649)
[[ATTACHMENT|C:\\Users\\April\\git\\Trillia\\Reports\\Admin\\Categories\\Add Category\\20191125_093242\\1574647142569.png]]

2019-11-25 09:59:02 - [TEST_STEP][PASSED] - click: Object: 'Object Repository/ADMIN/Categories/Category List/button_AddACategory' is clicked on

2019-11-25 09:59:03 - [MESSAGE][PASSED] - Object: 'Object Repository/ADMIN/Categories/Category List/button_AddACategory' is clicked on

2019-11-25 09:59:03 - [TEST_STEP][PASSED] - waitForElementPresent: Object 'Object Repository/ADMIN/Categories/Category/dropdown_Parent' is present

2019-11-25 09:59:03 - [MESSAGE][PASSED] - Object 'Object Repository/ADMIN/Categories/Category/dropdown_Parent' is present

2019-11-25 09:59:03 - [TEST_STEP][PASSED] - delay: Delayed 1 second(s)

2019-11-25 09:59:04 - [MESSAGE][PASSED] - Delayed 1 second(s)

2019-11-25 09:59:04 - [TEST_STEP][PASSED] - setText: Text 'Category Name mAx 021!!@#$%^&!' is set on object 'Object Repository/ADMIN/Categories/Category/textfield_Category Name'

2019-11-25 09:59:04 - [MESSAGE][PASSED] - Text 'Category Name mAx 021!!@#$%^&!' is set on object 'Object Repository/ADMIN/Categories/Category/textfield_Category Name'

2019-11-25 09:59:04 - [TEST_STEP][PASSED] - click: Object: 'Object Repository/ADMIN/Categories/Category/dropdown_Parent' is clicked on

2019-11-25 09:59:04 - [MESSAGE][PASSED] - Object: 'Object Repository/ADMIN/Categories/Category/dropdown_Parent' is clicked on

2019-11-25 09:59:06 - [TEST_STEP][PASSED] - delay: Delayed 2 second(s)

2019-11-25 09:59:08 - [MESSAGE][PASSED] - Delayed 2 second(s)

2019-11-25 09:59:08 - [TEST_STEP][PASSED] - click: Object: 'Object Repository/ADMIN/Categories/Category/dropdown_Parent' is clicked on

2019-11-25 09:59:08 - [MESSAGE][PASSED] - Object: 'Object Repository/ADMIN/Categories/Category/dropdown_Parent' is clicked on

2019-11-25 09:59:08 - [TEST_STEP][PASSED] - selectOptionByLabel: All options with label '-' are selected in object 'Object Repository/ADMIN/Categories/Category/dropdown_Parent' 

2019-11-25 09:59:08 - [MESSAGE][PASSED] - All options with label '-' are selected in object 'Object Repository/ADMIN/Categories/Category/dropdown_Parent' 

2019-11-25 09:59:08 - [TEST_STEP][PASSED] - click: Object: 'Object Repository/ADMIN/Categories/Category/button_Browse' is clicked on

2019-11-25 09:59:08 - [MESSAGE][PASSED] - Object: 'Object Repository/ADMIN/Categories/Category/button_Browse' is clicked on

2019-11-25 09:59:08 - [TEST_STEP][PASSED] - delay: Delayed 1 second(s)

2019-11-25 09:59:09 - [MESSAGE][PASSED] - Delayed 1 second(s)

2019-11-25 09:59:09 - [TEST_STEP][FAILED] - uploadFile: Unable to upload file 'C:\\Users\\Arcadier\\git\\Trillia\\Images\\Category\\21.png' to object 'Object Repository/ADMIN/Categories/Category/image_input image' (Root cause: org.openqa.selenium.WebDriverException: invalid argument: File not found : C:\\Users\\Arcadier\\git\\Trillia\\Images\\Category\\21.png
  (Session info: chrome=78.0.3904.108)
  (Driver info: chromedriver=2.35.528161 (5b82f2d2aae0ca24b877009200ced9065a772e73),platform=Windows NT 6.1.7601 SP1 x86_64) (WARNING: The server did not provide any stacktrace information)
Command duration or timeout: 0 milliseconds
Build info: version: '3.7.1', revision: '8a0099a', time: '2017-11-06T21:07:36.161Z'
System info: host: 'APRIL-PC', ip: '10.10.31.51', os.name: 'Windows 7', os.arch: 'amd64', os.version: '6.1', java.version: '1.8.0_102'
Driver info: com.kms.katalon.selenium.driver.CChromeDriver
Capabilities {acceptInsecureCerts: false, acceptSslCerts: false, applicationCacheEnabled: false, browserConnectionEnabled: false, browserName: chrome, chrome: {chromedriverVersion: 2.35.528161 (5b82f2d2aae0ca..., userDataDir: C:\Users\April\AppData\Loca...}, cssSelectorsEnabled: true, databaseEnabled: false, handlesAlerts: true, hasTouchScreen: false, javascriptEnabled: true, locationContextEnabled: true, mobileEmulationEnabled: false, nativeEvents: true, networkConnectionEnabled: false, pageLoadStrategy: normal, platform: XP, platformName: XP, rotatable: false, setWindowRect: true, takesHeapSnapshot: true, takesScreenshot: true, unexpectedAlertBehaviour: , unhandledPromptBehavior: , version: 78.0.3904.108, webStorageEnabled: true}
Session ID: cfe3a530f1bc406e2ea68220d7af8649)

2019-11-25 09:59:10 - [MESSAGE][FAILED] - Unable to upload file 'C:\\Users\\Arcadier\\git\\Trillia\\Images\\Category\\21.png' to object 'Object Repository/ADMIN/Categories/Category/image_input image' (Root cause: org.openqa.selenium.WebDriverException: invalid argument: File not found : C:\\Users\\Arcadier\\git\\Trillia\\Images\\Category\\21.png
  (Session info: chrome=78.0.3904.108)
  (Driver info: chromedriver=2.35.528161 (5b82f2d2aae0ca24b877009200ced9065a772e73),platform=Windows NT 6.1.7601 SP1 x86_64) (WARNING: The server did not provide any stacktrace information)
Command duration or timeout: 0 milliseconds
Build info: version: '3.7.1', revision: '8a0099a', time: '2017-11-06T21:07:36.161Z'
System info: host: 'APRIL-PC', ip: '10.10.31.51', os.name: 'Windows 7', os.arch: 'amd64', os.version: '6.1', java.version: '1.8.0_102'
Driver info: com.kms.katalon.selenium.driver.CChromeDriver
Capabilities {acceptInsecureCerts: false, acceptSslCerts: false, applicationCacheEnabled: false, browserConnectionEnabled: false, browserName: chrome, chrome: {chromedriverVersion: 2.35.528161 (5b82f2d2aae0ca..., userDataDir: C:\Users\April\AppData\Loca...}, cssSelectorsEnabled: true, databaseEnabled: false, handlesAlerts: true, hasTouchScreen: false, javascriptEnabled: true, locationContextEnabled: true, mobileEmulationEnabled: false, nativeEvents: true, networkConnectionEnabled: false, pageLoadStrategy: normal, platform: XP, platformName: XP, rotatable: false, setWindowRect: true, takesHeapSnapshot: true, takesScreenshot: true, unexpectedAlertBehaviour: , unhandledPromptBehavior: , version: 78.0.3904.108, webStorageEnabled: true}
Session ID: cfe3a530f1bc406e2ea68220d7af8649)
[[ATTACHMENT|C:\\Users\\April\\git\\Trillia\\Reports\\Admin\\Categories\\Add Category\\20191125_093242\\1574647150148.png]]

2019-11-25 09:59:10 - [TEST_STEP][PASSED] - waitForElementVisible: Object 'Object Repository/ADMIN/Categories/Category/button_upload check' is visible

2019-11-25 09:59:10 - [MESSAGE][WARNING] - Timeout '0' is invalid. Using default page load timeout: '30'

2019-11-25 09:59:14 - [MESSAGE][PASSED] - Object 'Object Repository/ADMIN/Categories/Category/button_upload check' is visible

2019-11-25 09:59:14 - [TEST_STEP][PASSED] - click: Object: 'Object Repository/ADMIN/Categories/Category/button_upload check' is clicked on

2019-11-25 09:59:14 - [MESSAGE][PASSED] - Object: 'Object Repository/ADMIN/Categories/Category/button_upload check' is clicked on

2019-11-25 09:59:14 - [TEST_STEP][PASSED] - waitForElementVisible: Object 'Object Repository/ADMIN/Categories/Category/button_upload save' is visible

2019-11-25 09:59:14 - [MESSAGE][WARNING] - Timeout '0' is invalid. Using default page load timeout: '30'

2019-11-25 09:59:14 - [MESSAGE][PASSED] - Object 'Object Repository/ADMIN/Categories/Category/button_upload save' is visible

2019-11-25 09:59:14 - [TEST_STEP][PASSED] - click: Object: 'Object Repository/ADMIN/Categories/Category/button_upload save' is clicked on

2019-11-25 09:59:14 - [MESSAGE][PASSED] - Object: 'Object Repository/ADMIN/Categories/Category/button_upload save' is clicked on

2019-11-25 09:59:14 - [TEST_STEP][PASSED] - delay: Delayed 1 second(s)

2019-11-25 09:59:15 - [MESSAGE][PASSED] - Delayed 1 second(s)

2019-11-25 09:59:15 - [TEST_STEP][PASSED] - setText: Text 'Description77' is set on object 'Object Repository/ADMIN/Categories/Category/textfield_category_description'

2019-11-25 09:59:16 - [MESSAGE][PASSED] - Text 'Description77' is set on object 'Object Repository/ADMIN/Categories/Category/textfield_category_description'

2019-11-25 09:59:16 - [TEST_STEP][PASSED] - click: Object: 'Object Repository/ADMIN/Categories/Category/button_Save' is clicked on

2019-11-25 09:59:16 - [MESSAGE][PASSED] - Object: 'Object Repository/ADMIN/Categories/Category/button_Save' is clicked on

2019-11-25 09:59:16 - [TEST_STEP][PASSED] - waitForElementVisible: Object 'Object Repository/ADMIN/Categories/Category/label_edit popup' is visible

2019-11-25 09:59:16 - [MESSAGE][WARNING] - Timeout '0' is invalid. Using default page load timeout: '30'

2019-11-25 09:59:18 - [MESSAGE][PASSED] - Object 'Object Repository/ADMIN/Categories/Category/label_edit popup' is visible

2019-11-25 09:59:18 - [TEST_STEP][PASSED] - waitForElementNotPresent: Web element with id: 'Object Repository/ADMIN/Categories/Category/label_edit popup' located by 'By.xpath: //div[(text() = 'Category was successfully saved.' or . = 'Category was successfully saved.')]' is not present after '30' second(s)

2019-11-25 09:59:18 - [MESSAGE][WARNING] - Timeout '0' is invalid. Using default page load timeout: '30'

2019-11-25 09:59:23 - [MESSAGE][PASSED] - Web element with id: 'Object Repository/ADMIN/Categories/Category/label_edit popup' located by 'By.xpath: //div[(text() = 'Category was successfully saved.' or . = 'Category was successfully saved.')]' is not present after '30' second(s)]]></system-out>
         <system-err><![CDATA[2019-11-25 09:59:02 - [TEST_CASE][FAILED] - Test Cases/ADMIN/Content Mgmt/Categories/Category Add-Edit/Add Category: Test Cases/ADMIN/Content Mgmt/Categories/Category Add-Edit/Add Category FAILED because (of) Unable to click on object 'Object Repository/ADMIN/Categories/Category List/button_Categories' (Root cause: org.openqa.selenium.ElementNotVisibleException: element not visible
  (Session info: chrome=78.0.3904.108)
  (Driver info: chromedriver=2.35.528161 (5b82f2d2aae0ca24b877009200ced9065a772e73),platform=Windows NT 6.1.7601 SP1 x86_64) (WARNING: The server did not provide any stacktrace information)
Command duration or timeout: 0 milliseconds
Build info: version: '3.7.1', revision: '8a0099a', time: '2017-11-06T21:07:36.161Z'
System info: host: 'APRIL-PC', ip: '10.10.31.51', os.name: 'Windows 7', os.arch: 'amd64', os.version: '6.1', java.version: '1.8.0_102'
Driver info: com.kms.katalon.selenium.driver.CChromeDriver
Capabilities {acceptInsecureCerts: false, acceptSslCerts: false, applicationCacheEnabled: false, browserConnectionEnabled: false, browserName: chrome, chrome: {chromedriverVersion: 2.35.528161 (5b82f2d2aae0ca..., userDataDir: C:\Users\April\AppData\Loca...}, cssSelectorsEnabled: true, databaseEnabled: false, handlesAlerts: true, hasTouchScreen: false, javascriptEnabled: true, locationContextEnabled: true, mobileEmulationEnabled: false, nativeEvents: true, networkConnectionEnabled: false, pageLoadStrategy: normal, platform: XP, platformName: XP, rotatable: false, setWindowRect: true, takesHeapSnapshot: true, takesScreenshot: true, unexpectedAlertBehaviour: , unhandledPromptBehavior: , version: 78.0.3904.108, webStorageEnabled: true}
Session ID: cfe3a530f1bc406e2ea68220d7af8649)]]></system-err>
      </testcase>
      <testcase name="Test Cases/ADMIN/Content Mgmt/Categories/Category Add-Edit/Add Category" classname="Test Cases/ADMIN/Content Mgmt/Categories/Category Add-Edit/Add Category" status="FAILED">
         <failure type="FAILED" message="Unable to select option by label '' of object 'Object Repository/ADMIN/Categories/Category/dropdown_Parent'  (Root cause: org.openqa.selenium.NoSuchElementException: Cannot locate element with text: 
For documentation on this error, please visit: http://seleniumhq.org/exceptions/no_such_element.html
Build info: version: '3.7.1', revision: '8a0099a', time: '2017-11-06T21:07:36.161Z'
System info: host: 'APRIL-PC', ip: '10.10.31.51', os.name: 'Windows 7', os.arch: 'amd64', os.version: '6.1', java.version: '1.8.0_102'
Driver info: driver.version: unknown)"/>
         <system-out><![CDATA[2019-11-25 09:59:23 - [TEST_CASE][FAILED] - Test Cases/ADMIN/Content Mgmt/Categories/Category Add-Edit/Add Category: Test Cases/ADMIN/Content Mgmt/Categories/Category Add-Edit/Add Category FAILED because (of) Unable to select option by label '' of object 'Object Repository/ADMIN/Categories/Category/dropdown_Parent'  (Root cause: org.openqa.selenium.NoSuchElementException: Cannot locate element with text: 
For documentation on this error, please visit: http://seleniumhq.org/exceptions/no_such_element.html
Build info: version: '3.7.1', revision: '8a0099a', time: '2017-11-06T21:07:36.161Z'
System info: host: 'APRIL-PC', ip: '10.10.31.51', os.name: 'Windows 7', os.arch: 'amd64', os.version: '6.1', java.version: '1.8.0_102'
Driver info: driver.version: unknown)

2019-11-25 09:59:23 - [TEST_STEP][PASSED] - waitForElementVisible: Object 'Object Repository/ADMIN/Categories/Category List/button_Content Mgmt' is visible

2019-11-25 09:59:23 - [MESSAGE][WARNING] - Timeout '0' is invalid. Using default page load timeout: '30'

2019-11-25 09:59:23 - [MESSAGE][PASSED] - Object 'Object Repository/ADMIN/Categories/Category List/button_Content Mgmt' is visible

2019-11-25 09:59:23 - [TEST_STEP][PASSED] - click: Object: 'Object Repository/ADMIN/Categories/Category List/button_Content Mgmt' is clicked on

2019-11-25 09:59:23 - [MESSAGE][PASSED] - Object: 'Object Repository/ADMIN/Categories/Category List/button_Content Mgmt' is clicked on

2019-11-25 09:59:23 - [TEST_STEP][PASSED] - waitForElementVisible: Object 'Object Repository/ADMIN/Categories/Category List/button_Categories' is visible

2019-11-25 09:59:23 - [MESSAGE][WARNING] - Timeout '0' is invalid. Using default page load timeout: '30'

2019-11-25 09:59:23 - [MESSAGE][PASSED] - Object 'Object Repository/ADMIN/Categories/Category List/button_Categories' is visible

2019-11-25 09:59:23 - [TEST_STEP][PASSED] - click: Object: 'Object Repository/ADMIN/Categories/Category List/button_Categories' is clicked on

2019-11-25 09:59:25 - [MESSAGE][PASSED] - Object: 'Object Repository/ADMIN/Categories/Category List/button_Categories' is clicked on

2019-11-25 09:59:25 - [TEST_STEP][PASSED] - click: Object: 'Object Repository/ADMIN/Categories/Category List/button_AddACategory' is clicked on

2019-11-25 09:59:26 - [MESSAGE][PASSED] - Object: 'Object Repository/ADMIN/Categories/Category List/button_AddACategory' is clicked on

2019-11-25 09:59:26 - [TEST_STEP][PASSED] - waitForElementPresent: Object 'Object Repository/ADMIN/Categories/Category/dropdown_Parent' is present

2019-11-25 09:59:26 - [MESSAGE][PASSED] - Object 'Object Repository/ADMIN/Categories/Category/dropdown_Parent' is present

2019-11-25 09:59:26 - [TEST_STEP][PASSED] - delay: Delayed 1 second(s)

2019-11-25 09:59:27 - [MESSAGE][PASSED] - Delayed 1 second(s)

2019-11-25 09:59:27 - [TEST_STEP][PASSED] - setText: Text 'Category For Edit' is set on object 'Object Repository/ADMIN/Categories/Category/textfield_Category Name'

2019-11-25 09:59:27 - [MESSAGE][PASSED] - Text 'Category For Edit' is set on object 'Object Repository/ADMIN/Categories/Category/textfield_Category Name'

2019-11-25 09:59:28 - [TEST_STEP][PASSED] - click: Object: 'Object Repository/ADMIN/Categories/Category/dropdown_Parent' is clicked on

2019-11-25 09:59:28 - [MESSAGE][PASSED] - Object: 'Object Repository/ADMIN/Categories/Category/dropdown_Parent' is clicked on

2019-11-25 09:59:28 - [TEST_STEP][PASSED] - delay: Delayed 2 second(s)

2019-11-25 09:59:30 - [MESSAGE][PASSED] - Delayed 2 second(s)

2019-11-25 09:59:30 - [TEST_STEP][PASSED] - click: Object: 'Object Repository/ADMIN/Categories/Category/dropdown_Parent' is clicked on

2019-11-25 09:59:30 - [MESSAGE][PASSED] - Object: 'Object Repository/ADMIN/Categories/Category/dropdown_Parent' is clicked on

2019-11-25 09:59:30 - [TEST_STEP][FAILED] - selectOptionByLabel: Unable to select option by label '' of object 'Object Repository/ADMIN/Categories/Category/dropdown_Parent'  (Root cause: org.openqa.selenium.NoSuchElementException: Cannot locate element with text: 
For documentation on this error, please visit: http://seleniumhq.org/exceptions/no_such_element.html
Build info: version: '3.7.1', revision: '8a0099a', time: '2017-11-06T21:07:36.161Z'
System info: host: 'APRIL-PC', ip: '10.10.31.51', os.name: 'Windows 7', os.arch: 'amd64', os.version: '6.1', java.version: '1.8.0_102'
Driver info: driver.version: unknown)

2019-11-25 09:59:30 - [MESSAGE][FAILED] - Unable to select option by label '' of object 'Object Repository/ADMIN/Categories/Category/dropdown_Parent'  (Root cause: org.openqa.selenium.NoSuchElementException: Cannot locate element with text: 
For documentation on this error, please visit: http://seleniumhq.org/exceptions/no_such_element.html
Build info: version: '3.7.1', revision: '8a0099a', time: '2017-11-06T21:07:36.161Z'
System info: host: 'APRIL-PC', ip: '10.10.31.51', os.name: 'Windows 7', os.arch: 'amd64', os.version: '6.1', java.version: '1.8.0_102'
Driver info: driver.version: unknown)
[[ATTACHMENT|C:\\Users\\April\\git\\Trillia\\Reports\\Admin\\Categories\\Add Category\\20191125_093242\\1574647170282.png]]

2019-11-25 09:59:30 - [TEST_STEP][PASSED] - click: Object: 'Object Repository/ADMIN/Categories/Category/button_Browse' is clicked on

2019-11-25 09:59:31 - [MESSAGE][PASSED] - Object: 'Object Repository/ADMIN/Categories/Category/button_Browse' is clicked on

2019-11-25 09:59:31 - [TEST_STEP][PASSED] - delay: Delayed 1 second(s)

2019-11-25 09:59:32 - [MESSAGE][PASSED] - Delayed 1 second(s)

2019-11-25 09:59:32 - [TEST_STEP][FAILED] - uploadFile: Unable to upload file 'C:\\Users\\Arcadier\\git\\Trillia\\Images\\Category\\22.png' to object 'Object Repository/ADMIN/Categories/Category/image_input image' (Root cause: org.openqa.selenium.WebDriverException: invalid argument: File not found : C:\\Users\\Arcadier\\git\\Trillia\\Images\\Category\\22.png
  (Session info: chrome=78.0.3904.108)
  (Driver info: chromedriver=2.35.528161 (5b82f2d2aae0ca24b877009200ced9065a772e73),platform=Windows NT 6.1.7601 SP1 x86_64) (WARNING: The server did not provide any stacktrace information)
Command duration or timeout: 0 milliseconds
Build info: version: '3.7.1', revision: '8a0099a', time: '2017-11-06T21:07:36.161Z'
System info: host: 'APRIL-PC', ip: '10.10.31.51', os.name: 'Windows 7', os.arch: 'amd64', os.version: '6.1', java.version: '1.8.0_102'
Driver info: com.kms.katalon.selenium.driver.CChromeDriver
Capabilities {acceptInsecureCerts: false, acceptSslCerts: false, applicationCacheEnabled: false, browserConnectionEnabled: false, browserName: chrome, chrome: {chromedriverVersion: 2.35.528161 (5b82f2d2aae0ca..., userDataDir: C:\Users\April\AppData\Loca...}, cssSelectorsEnabled: true, databaseEnabled: false, handlesAlerts: true, hasTouchScreen: false, javascriptEnabled: true, locationContextEnabled: true, mobileEmulationEnabled: false, nativeEvents: true, networkConnectionEnabled: false, pageLoadStrategy: normal, platform: XP, platformName: XP, rotatable: false, setWindowRect: true, takesHeapSnapshot: true, takesScreenshot: true, unexpectedAlertBehaviour: , unhandledPromptBehavior: , version: 78.0.3904.108, webStorageEnabled: true}
Session ID: cfe3a530f1bc406e2ea68220d7af8649)

2019-11-25 09:59:33 - [MESSAGE][FAILED] - Unable to upload file 'C:\\Users\\Arcadier\\git\\Trillia\\Images\\Category\\22.png' to object 'Object Repository/ADMIN/Categories/Category/image_input image' (Root cause: org.openqa.selenium.WebDriverException: invalid argument: File not found : C:\\Users\\Arcadier\\git\\Trillia\\Images\\Category\\22.png
  (Session info: chrome=78.0.3904.108)
  (Driver info: chromedriver=2.35.528161 (5b82f2d2aae0ca24b877009200ced9065a772e73),platform=Windows NT 6.1.7601 SP1 x86_64) (WARNING: The server did not provide any stacktrace information)
Command duration or timeout: 0 milliseconds
Build info: version: '3.7.1', revision: '8a0099a', time: '2017-11-06T21:07:36.161Z'
System info: host: 'APRIL-PC', ip: '10.10.31.51', os.name: 'Windows 7', os.arch: 'amd64', os.version: '6.1', java.version: '1.8.0_102'
Driver info: com.kms.katalon.selenium.driver.CChromeDriver
Capabilities {acceptInsecureCerts: false, acceptSslCerts: false, applicationCacheEnabled: false, browserConnectionEnabled: false, browserName: chrome, chrome: {chromedriverVersion: 2.35.528161 (5b82f2d2aae0ca..., userDataDir: C:\Users\April\AppData\Loca...}, cssSelectorsEnabled: true, databaseEnabled: false, handlesAlerts: true, hasTouchScreen: false, javascriptEnabled: true, locationContextEnabled: true, mobileEmulationEnabled: false, nativeEvents: true, networkConnectionEnabled: false, pageLoadStrategy: normal, platform: XP, platformName: XP, rotatable: false, setWindowRect: true, takesHeapSnapshot: true, takesScreenshot: true, unexpectedAlertBehaviour: , unhandledPromptBehavior: , version: 78.0.3904.108, webStorageEnabled: true}
Session ID: cfe3a530f1bc406e2ea68220d7af8649)
[[ATTACHMENT|C:\\Users\\April\\git\\Trillia\\Reports\\Admin\\Categories\\Add Category\\20191125_093242\\1574647172959.png]]

2019-11-25 09:59:33 - [TEST_STEP][PASSED] - waitForElementVisible: Object 'Object Repository/ADMIN/Categories/Category/button_upload check' is visible

2019-11-25 09:59:33 - [MESSAGE][WARNING] - Timeout '0' is invalid. Using default page load timeout: '30'

2019-11-25 09:59:42 - [MESSAGE][PASSED] - Object 'Object Repository/ADMIN/Categories/Category/button_upload check' is visible

2019-11-25 09:59:42 - [TEST_STEP][PASSED] - click: Object: 'Object Repository/ADMIN/Categories/Category/button_upload check' is clicked on

2019-11-25 09:59:42 - [MESSAGE][PASSED] - Object: 'Object Repository/ADMIN/Categories/Category/button_upload check' is clicked on

2019-11-25 09:59:42 - [TEST_STEP][PASSED] - waitForElementVisible: Object 'Object Repository/ADMIN/Categories/Category/button_upload save' is visible

2019-11-25 09:59:42 - [MESSAGE][WARNING] - Timeout '0' is invalid. Using default page load timeout: '30'

2019-11-25 09:59:42 - [MESSAGE][PASSED] - Object 'Object Repository/ADMIN/Categories/Category/button_upload save' is visible

2019-11-25 09:59:42 - [TEST_STEP][PASSED] - click: Object: 'Object Repository/ADMIN/Categories/Category/button_upload save' is clicked on

2019-11-25 09:59:42 - [MESSAGE][PASSED] - Object: 'Object Repository/ADMIN/Categories/Category/button_upload save' is clicked on

2019-11-25 09:59:42 - [TEST_STEP][PASSED] - delay: Delayed 1 second(s)

2019-11-25 09:59:43 - [MESSAGE][PASSED] - Delayed 1 second(s)

2019-11-25 09:59:43 - [TEST_STEP][PASSED] - setText: Text 'Description78' is set on object 'Object Repository/ADMIN/Categories/Category/textfield_category_description'

2019-11-25 09:59:43 - [MESSAGE][PASSED] - Text 'Description78' is set on object 'Object Repository/ADMIN/Categories/Category/textfield_category_description'

2019-11-25 09:59:43 - [TEST_STEP][PASSED] - click: Object: 'Object Repository/ADMIN/Categories/Category/button_Save' is clicked on

2019-11-25 09:59:43 - [MESSAGE][PASSED] - Object: 'Object Repository/ADMIN/Categories/Category/button_Save' is clicked on

2019-11-25 09:59:43 - [TEST_STEP][PASSED] - waitForElementVisible: Object 'Object Repository/ADMIN/Categories/Category/label_edit popup' is visible

2019-11-25 09:59:43 - [MESSAGE][WARNING] - Timeout '0' is invalid. Using default page load timeout: '30'

2019-11-25 09:59:45 - [MESSAGE][PASSED] - Object 'Object Repository/ADMIN/Categories/Category/label_edit popup' is visible

2019-11-25 09:59:45 - [TEST_STEP][PASSED] - waitForElementNotPresent: Web element with id: 'Object Repository/ADMIN/Categories/Category/label_edit popup' located by 'By.xpath: //div[(text() = 'Category was successfully saved.' or . = 'Category was successfully saved.')]' is not present after '30' second(s)

2019-11-25 09:59:45 - [MESSAGE][WARNING] - Timeout '0' is invalid. Using default page load timeout: '30'

2019-11-25 09:59:50 - [MESSAGE][PASSED] - Web element with id: 'Object Repository/ADMIN/Categories/Category/label_edit popup' located by 'By.xpath: //div[(text() = 'Category was successfully saved.' or . = 'Category was successfully saved.')]' is not present after '30' second(s)]]></system-out>
         <system-err><![CDATA[2019-11-25 09:59:23 - [TEST_CASE][FAILED] - Test Cases/ADMIN/Content Mgmt/Categories/Category Add-Edit/Add Category: Test Cases/ADMIN/Content Mgmt/Categories/Category Add-Edit/Add Category FAILED because (of) Unable to select option by label '' of object 'Object Repository/ADMIN/Categories/Category/dropdown_Parent'  (Root cause: org.openqa.selenium.NoSuchElementException: Cannot locate element with text: 
For documentation on this error, please visit: http://seleniumhq.org/exceptions/no_such_element.html
Build info: version: '3.7.1', revision: '8a0099a', time: '2017-11-06T21:07:36.161Z'
System info: host: 'APRIL-PC', ip: '10.10.31.51', os.name: 'Windows 7', os.arch: 'amd64', os.version: '6.1', java.version: '1.8.0_102'
Driver info: driver.version: unknown)]]></system-err>
      </testcase>
      <testcase name="Test Cases/ADMIN/Content Mgmt/Categories/Category Add-Edit/Add Category" classname="Test Cases/ADMIN/Content Mgmt/Categories/Category Add-Edit/Add Category" status="FAILED">
         <failure type="FAILED" message="Unable to click on object 'Object Repository/ADMIN/Categories/Category List/button_Categories' (Root cause: org.openqa.selenium.ElementNotVisibleException: element not visible
  (Session info: chrome=78.0.3904.108)
  (Driver info: chromedriver=2.35.528161 (5b82f2d2aae0ca24b877009200ced9065a772e73),platform=Windows NT 6.1.7601 SP1 x86_64) (WARNING: The server did not provide any stacktrace information)
Command duration or timeout: 0 milliseconds
Build info: version: '3.7.1', revision: '8a0099a', time: '2017-11-06T21:07:36.161Z'
System info: host: 'APRIL-PC', ip: '10.10.31.51', os.name: 'Windows 7', os.arch: 'amd64', os.version: '6.1', java.version: '1.8.0_102'
Driver info: com.kms.katalon.selenium.driver.CChromeDriver
Capabilities {acceptInsecureCerts: false, acceptSslCerts: false, applicationCacheEnabled: false, browserConnectionEnabled: false, browserName: chrome, chrome: {chromedriverVersion: 2.35.528161 (5b82f2d2aae0ca..., userDataDir: C:\Users\April\AppData\Loca...}, cssSelectorsEnabled: true, databaseEnabled: false, handlesAlerts: true, hasTouchScreen: false, javascriptEnabled: true, locationContextEnabled: true, mobileEmulationEnabled: false, nativeEvents: true, networkConnectionEnabled: false, pageLoadStrategy: normal, platform: XP, platformName: XP, rotatable: false, setWindowRect: true, takesHeapSnapshot: true, takesScreenshot: true, unexpectedAlertBehaviour: , unhandledPromptBehavior: , version: 78.0.3904.108, webStorageEnabled: true}
Session ID: cfe3a530f1bc406e2ea68220d7af8649)"/>
         <system-out><![CDATA[2019-11-25 09:59:50 - [TEST_CASE][FAILED] - Test Cases/ADMIN/Content Mgmt/Categories/Category Add-Edit/Add Category: Test Cases/ADMIN/Content Mgmt/Categories/Category Add-Edit/Add Category FAILED because (of) Unable to click on object 'Object Repository/ADMIN/Categories/Category List/button_Categories' (Root cause: org.openqa.selenium.ElementNotVisibleException: element not visible
  (Session info: chrome=78.0.3904.108)
  (Driver info: chromedriver=2.35.528161 (5b82f2d2aae0ca24b877009200ced9065a772e73),platform=Windows NT 6.1.7601 SP1 x86_64) (WARNING: The server did not provide any stacktrace information)
Command duration or timeout: 0 milliseconds
Build info: version: '3.7.1', revision: '8a0099a', time: '2017-11-06T21:07:36.161Z'
System info: host: 'APRIL-PC', ip: '10.10.31.51', os.name: 'Windows 7', os.arch: 'amd64', os.version: '6.1', java.version: '1.8.0_102'
Driver info: com.kms.katalon.selenium.driver.CChromeDriver
Capabilities {acceptInsecureCerts: false, acceptSslCerts: false, applicationCacheEnabled: false, browserConnectionEnabled: false, browserName: chrome, chrome: {chromedriverVersion: 2.35.528161 (5b82f2d2aae0ca..., userDataDir: C:\Users\April\AppData\Loca...}, cssSelectorsEnabled: true, databaseEnabled: false, handlesAlerts: true, hasTouchScreen: false, javascriptEnabled: true, locationContextEnabled: true, mobileEmulationEnabled: false, nativeEvents: true, networkConnectionEnabled: false, pageLoadStrategy: normal, platform: XP, platformName: XP, rotatable: false, setWindowRect: true, takesHeapSnapshot: true, takesScreenshot: true, unexpectedAlertBehaviour: , unhandledPromptBehavior: , version: 78.0.3904.108, webStorageEnabled: true}
Session ID: cfe3a530f1bc406e2ea68220d7af8649)

2019-11-25 09:59:50 - [TEST_STEP][PASSED] - waitForElementVisible: Object 'Object Repository/ADMIN/Categories/Category List/button_Content Mgmt' is visible

2019-11-25 09:59:50 - [MESSAGE][WARNING] - Timeout '0' is invalid. Using default page load timeout: '30'

2019-11-25 09:59:50 - [MESSAGE][PASSED] - Object 'Object Repository/ADMIN/Categories/Category List/button_Content Mgmt' is visible

2019-11-25 09:59:50 - [TEST_STEP][PASSED] - click: Object: 'Object Repository/ADMIN/Categories/Category List/button_Content Mgmt' is clicked on

2019-11-25 09:59:50 - [MESSAGE][PASSED] - Object: 'Object Repository/ADMIN/Categories/Category List/button_Content Mgmt' is clicked on

2019-11-25 09:59:50 - [TEST_STEP][PASSED] - waitForElementVisible: Object 'Object Repository/ADMIN/Categories/Category List/button_Categories' is visible

2019-11-25 09:59:50 - [MESSAGE][WARNING] - Timeout '0' is invalid. Using default page load timeout: '30'

2019-11-25 09:59:50 - [MESSAGE][PASSED] - Object 'Object Repository/ADMIN/Categories/Category List/button_Categories' is visible

2019-11-25 09:59:50 - [TEST_STEP][FAILED] - click: Unable to click on object 'Object Repository/ADMIN/Categories/Category List/button_Categories' (Root cause: org.openqa.selenium.ElementNotVisibleException: element not visible
  (Session info: chrome=78.0.3904.108)
  (Driver info: chromedriver=2.35.528161 (5b82f2d2aae0ca24b877009200ced9065a772e73),platform=Windows NT 6.1.7601 SP1 x86_64) (WARNING: The server did not provide any stacktrace information)
Command duration or timeout: 0 milliseconds
Build info: version: '3.7.1', revision: '8a0099a', time: '2017-11-06T21:07:36.161Z'
System info: host: 'APRIL-PC', ip: '10.10.31.51', os.name: 'Windows 7', os.arch: 'amd64', os.version: '6.1', java.version: '1.8.0_102'
Driver info: com.kms.katalon.selenium.driver.CChromeDriver
Capabilities {acceptInsecureCerts: false, acceptSslCerts: false, applicationCacheEnabled: false, browserConnectionEnabled: false, browserName: chrome, chrome: {chromedriverVersion: 2.35.528161 (5b82f2d2aae0ca..., userDataDir: C:\Users\April\AppData\Loca...}, cssSelectorsEnabled: true, databaseEnabled: false, handlesAlerts: true, hasTouchScreen: false, javascriptEnabled: true, locationContextEnabled: true, mobileEmulationEnabled: false, nativeEvents: true, networkConnectionEnabled: false, pageLoadStrategy: normal, platform: XP, platformName: XP, rotatable: false, setWindowRect: true, takesHeapSnapshot: true, takesScreenshot: true, unexpectedAlertBehaviour: , unhandledPromptBehavior: , version: 78.0.3904.108, webStorageEnabled: true}
Session ID: cfe3a530f1bc406e2ea68220d7af8649)

2019-11-25 09:59:51 - [MESSAGE][FAILED] - Unable to click on object 'Object Repository/ADMIN/Categories/Category List/button_Categories' (Root cause: org.openqa.selenium.ElementNotVisibleException: element not visible
  (Session info: chrome=78.0.3904.108)
  (Driver info: chromedriver=2.35.528161 (5b82f2d2aae0ca24b877009200ced9065a772e73),platform=Windows NT 6.1.7601 SP1 x86_64) (WARNING: The server did not provide any stacktrace information)
Command duration or timeout: 0 milliseconds
Build info: version: '3.7.1', revision: '8a0099a', time: '2017-11-06T21:07:36.161Z'
System info: host: 'APRIL-PC', ip: '10.10.31.51', os.name: 'Windows 7', os.arch: 'amd64', os.version: '6.1', java.version: '1.8.0_102'
Driver info: com.kms.katalon.selenium.driver.CChromeDriver
Capabilities {acceptInsecureCerts: false, acceptSslCerts: false, applicationCacheEnabled: false, browserConnectionEnabled: false, browserName: chrome, chrome: {chromedriverVersion: 2.35.528161 (5b82f2d2aae0ca..., userDataDir: C:\Users\April\AppData\Loca...}, cssSelectorsEnabled: true, databaseEnabled: false, handlesAlerts: true, hasTouchScreen: false, javascriptEnabled: true, locationContextEnabled: true, mobileEmulationEnabled: false, nativeEvents: true, networkConnectionEnabled: false, pageLoadStrategy: normal, platform: XP, platformName: XP, rotatable: false, setWindowRect: true, takesHeapSnapshot: true, takesScreenshot: true, unexpectedAlertBehaviour: , unhandledPromptBehavior: , version: 78.0.3904.108, webStorageEnabled: true}
Session ID: cfe3a530f1bc406e2ea68220d7af8649)
[[ATTACHMENT|C:\\Users\\April\\git\\Trillia\\Reports\\Admin\\Categories\\Add Category\\20191125_093242\\1574647190841.png]]

2019-11-25 09:59:51 - [TEST_STEP][PASSED] - click: Object: 'Object Repository/ADMIN/Categories/Category List/button_AddACategory' is clicked on

2019-11-25 09:59:51 - [MESSAGE][PASSED] - Object: 'Object Repository/ADMIN/Categories/Category List/button_AddACategory' is clicked on

2019-11-25 09:59:51 - [TEST_STEP][PASSED] - waitForElementPresent: Object 'Object Repository/ADMIN/Categories/Category/dropdown_Parent' is present

2019-11-25 09:59:51 - [MESSAGE][PASSED] - Object 'Object Repository/ADMIN/Categories/Category/dropdown_Parent' is present

2019-11-25 09:59:51 - [TEST_STEP][PASSED] - delay: Delayed 1 second(s)

2019-11-25 09:59:52 - [MESSAGE][PASSED] - Delayed 1 second(s)

2019-11-25 09:59:52 - [TEST_STEP][PASSED] - setText: Text 'Category For Delete' is set on object 'Object Repository/ADMIN/Categories/Category/textfield_Category Name'

2019-11-25 09:59:53 - [MESSAGE][PASSED] - Text 'Category For Delete' is set on object 'Object Repository/ADMIN/Categories/Category/textfield_Category Name'

2019-11-25 09:59:53 - [TEST_STEP][PASSED] - click: Object: 'Object Repository/ADMIN/Categories/Category/dropdown_Parent' is clicked on

2019-11-25 09:59:53 - [MESSAGE][PASSED] - Object: 'Object Repository/ADMIN/Categories/Category/dropdown_Parent' is clicked on

2019-11-25 09:59:53 - [TEST_STEP][PASSED] - delay: Delayed 2 second(s)

2019-11-25 09:59:55 - [MESSAGE][PASSED] - Delayed 2 second(s)

2019-11-25 09:59:55 - [TEST_STEP][PASSED] - click: Object: 'Object Repository/ADMIN/Categories/Category/dropdown_Parent' is clicked on

2019-11-25 09:59:55 - [MESSAGE][PASSED] - Object: 'Object Repository/ADMIN/Categories/Category/dropdown_Parent' is clicked on

2019-11-25 09:59:55 - [TEST_STEP][FAILED] - selectOptionByLabel: Unable to select option by label '' of object 'Object Repository/ADMIN/Categories/Category/dropdown_Parent'  (Root cause: org.openqa.selenium.NoSuchElementException: Cannot locate element with text: 
For documentation on this error, please visit: http://seleniumhq.org/exceptions/no_such_element.html
Build info: version: '3.7.1', revision: '8a0099a', time: '2017-11-06T21:07:36.161Z'
System info: host: 'APRIL-PC', ip: '10.10.31.51', os.name: 'Windows 7', os.arch: 'amd64', os.version: '6.1', java.version: '1.8.0_102'
Driver info: driver.version: unknown)

2019-11-25 09:59:55 - [MESSAGE][FAILED] - Unable to select option by label '' of object 'Object Repository/ADMIN/Categories/Category/dropdown_Parent'  (Root cause: org.openqa.selenium.NoSuchElementException: Cannot locate element with text: 
For documentation on this error, please visit: http://seleniumhq.org/exceptions/no_such_element.html
Build info: version: '3.7.1', revision: '8a0099a', time: '2017-11-06T21:07:36.161Z'
System info: host: 'APRIL-PC', ip: '10.10.31.51', os.name: 'Windows 7', os.arch: 'amd64', os.version: '6.1', java.version: '1.8.0_102'
Driver info: driver.version: unknown)
[[ATTACHMENT|C:\\Users\\April\\git\\Trillia\\Reports\\Admin\\Categories\\Add Category\\20191125_093242\\1574647195619.png]]

2019-11-25 09:59:55 - [TEST_STEP][PASSED] - click: Object: 'Object Repository/ADMIN/Categories/Category/button_Browse' is clicked on

2019-11-25 09:59:56 - [MESSAGE][PASSED] - Object: 'Object Repository/ADMIN/Categories/Category/button_Browse' is clicked on

2019-11-25 09:59:56 - [TEST_STEP][PASSED] - delay: Delayed 1 second(s)

2019-11-25 09:59:57 - [MESSAGE][PASSED] - Delayed 1 second(s)

2019-11-25 09:59:57 - [TEST_STEP][FAILED] - uploadFile: Unable to upload file 'C:\\Users\\Arcadier\\git\\Trillia\\Images\\Category\\23.png' to object 'Object Repository/ADMIN/Categories/Category/image_input image' (Root cause: org.openqa.selenium.WebDriverException: invalid argument: File not found : C:\\Users\\Arcadier\\git\\Trillia\\Images\\Category\\23.png
  (Session info: chrome=78.0.3904.108)
  (Driver info: chromedriver=2.35.528161 (5b82f2d2aae0ca24b877009200ced9065a772e73),platform=Windows NT 6.1.7601 SP1 x86_64) (WARNING: The server did not provide any stacktrace information)
Command duration or timeout: 0 milliseconds
Build info: version: '3.7.1', revision: '8a0099a', time: '2017-11-06T21:07:36.161Z'
System info: host: 'APRIL-PC', ip: '10.10.31.51', os.name: 'Windows 7', os.arch: 'amd64', os.version: '6.1', java.version: '1.8.0_102'
Driver info: com.kms.katalon.selenium.driver.CChromeDriver
Capabilities {acceptInsecureCerts: false, acceptSslCerts: false, applicationCacheEnabled: false, browserConnectionEnabled: false, browserName: chrome, chrome: {chromedriverVersion: 2.35.528161 (5b82f2d2aae0ca..., userDataDir: C:\Users\April\AppData\Loca...}, cssSelectorsEnabled: true, databaseEnabled: false, handlesAlerts: true, hasTouchScreen: false, javascriptEnabled: true, locationContextEnabled: true, mobileEmulationEnabled: false, nativeEvents: true, networkConnectionEnabled: false, pageLoadStrategy: normal, platform: XP, platformName: XP, rotatable: false, setWindowRect: true, takesHeapSnapshot: true, takesScreenshot: true, unexpectedAlertBehaviour: , unhandledPromptBehavior: , version: 78.0.3904.108, webStorageEnabled: true}
Session ID: cfe3a530f1bc406e2ea68220d7af8649)

2019-11-25 09:59:58 - [MESSAGE][FAILED] - Unable to upload file 'C:\\Users\\Arcadier\\git\\Trillia\\Images\\Category\\23.png' to object 'Object Repository/ADMIN/Categories/Category/image_input image' (Root cause: org.openqa.selenium.WebDriverException: invalid argument: File not found : C:\\Users\\Arcadier\\git\\Trillia\\Images\\Category\\23.png
  (Session info: chrome=78.0.3904.108)
  (Driver info: chromedriver=2.35.528161 (5b82f2d2aae0ca24b877009200ced9065a772e73),platform=Windows NT 6.1.7601 SP1 x86_64) (WARNING: The server did not provide any stacktrace information)
Command duration or timeout: 0 milliseconds
Build info: version: '3.7.1', revision: '8a0099a', time: '2017-11-06T21:07:36.161Z'
System info: host: 'APRIL-PC', ip: '10.10.31.51', os.name: 'Windows 7', os.arch: 'amd64', os.version: '6.1', java.version: '1.8.0_102'
Driver info: com.kms.katalon.selenium.driver.CChromeDriver
Capabilities {acceptInsecureCerts: false, acceptSslCerts: false, applicationCacheEnabled: false, browserConnectionEnabled: false, browserName: chrome, chrome: {chromedriverVersion: 2.35.528161 (5b82f2d2aae0ca..., userDataDir: C:\Users\April\AppData\Loca...}, cssSelectorsEnabled: true, databaseEnabled: false, handlesAlerts: true, hasTouchScreen: false, javascriptEnabled: true, locationContextEnabled: true, mobileEmulationEnabled: false, nativeEvents: true, networkConnectionEnabled: false, pageLoadStrategy: normal, platform: XP, platformName: XP, rotatable: false, setWindowRect: true, takesHeapSnapshot: true, takesScreenshot: true, unexpectedAlertBehaviour: , unhandledPromptBehavior: , version: 78.0.3904.108, webStorageEnabled: true}
Session ID: cfe3a530f1bc406e2ea68220d7af8649)
[[ATTACHMENT|C:\\Users\\April\\git\\Trillia\\Reports\\Admin\\Categories\\Add Category\\20191125_093242\\1574647197841.png]]

2019-11-25 09:59:58 - [TEST_STEP][PASSED] - waitForElementVisible: Object 'Object Repository/ADMIN/Categories/Category/button_upload check' is visible

2019-11-25 09:59:58 - [MESSAGE][WARNING] - Timeout '0' is invalid. Using default page load timeout: '30'

2019-11-25 10:00:08 - [MESSAGE][PASSED] - Object 'Object Repository/ADMIN/Categories/Category/button_upload check' is visible

2019-11-25 10:00:08 - [TEST_STEP][PASSED] - click: Object: 'Object Repository/ADMIN/Categories/Category/button_upload check' is clicked on

2019-11-25 10:00:08 - [MESSAGE][PASSED] - Object: 'Object Repository/ADMIN/Categories/Category/button_upload check' is clicked on

2019-11-25 10:00:08 - [TEST_STEP][PASSED] - waitForElementVisible: Object 'Object Repository/ADMIN/Categories/Category/button_upload save' is visible

2019-11-25 10:00:08 - [MESSAGE][WARNING] - Timeout '0' is invalid. Using default page load timeout: '30'

2019-11-25 10:00:08 - [MESSAGE][PASSED] - Object 'Object Repository/ADMIN/Categories/Category/button_upload save' is visible

2019-11-25 10:00:08 - [TEST_STEP][PASSED] - click: Object: 'Object Repository/ADMIN/Categories/Category/button_upload save' is clicked on

2019-11-25 10:00:08 - [MESSAGE][PASSED] - Object: 'Object Repository/ADMIN/Categories/Category/button_upload save' is clicked on

2019-11-25 10:00:08 - [TEST_STEP][PASSED] - delay: Delayed 1 second(s)

2019-11-25 10:00:09 - [MESSAGE][PASSED] - Delayed 1 second(s)

2019-11-25 10:00:09 - [TEST_STEP][PASSED] - setText: Text 'Description79' is set on object 'Object Repository/ADMIN/Categories/Category/textfield_category_description'

2019-11-25 10:00:09 - [MESSAGE][PASSED] - Text 'Description79' is set on object 'Object Repository/ADMIN/Categories/Category/textfield_category_description'

2019-11-25 10:00:09 - [TEST_STEP][PASSED] - click: Object: 'Object Repository/ADMIN/Categories/Category/button_Save' is clicked on

2019-11-25 10:00:10 - [MESSAGE][PASSED] - Object: 'Object Repository/ADMIN/Categories/Category/button_Save' is clicked on

2019-11-25 10:00:10 - [TEST_STEP][PASSED] - waitForElementVisible: Object 'Object Repository/ADMIN/Categories/Category/label_edit popup' is visible

2019-11-25 10:00:10 - [MESSAGE][WARNING] - Timeout '0' is invalid. Using default page load timeout: '30'

2019-11-25 10:00:11 - [MESSAGE][PASSED] - Object 'Object Repository/ADMIN/Categories/Category/label_edit popup' is visible

2019-11-25 10:00:11 - [TEST_STEP][PASSED] - waitForElementNotPresent: Web element with id: 'Object Repository/ADMIN/Categories/Category/label_edit popup' located by 'By.xpath: //div[(text() = 'Category was successfully saved.' or . = 'Category was successfully saved.')]' is not present after '30' second(s)

2019-11-25 10:00:11 - [MESSAGE][WARNING] - Timeout '0' is invalid. Using default page load timeout: '30'

2019-11-25 10:00:16 - [MESSAGE][PASSED] - Web element with id: 'Object Repository/ADMIN/Categories/Category/label_edit popup' located by 'By.xpath: //div[(text() = 'Category was successfully saved.' or . = 'Category was successfully saved.')]' is not present after '30' second(s)]]></system-out>
         <system-err><![CDATA[2019-11-25 09:59:50 - [TEST_CASE][FAILED] - Test Cases/ADMIN/Content Mgmt/Categories/Category Add-Edit/Add Category: Test Cases/ADMIN/Content Mgmt/Categories/Category Add-Edit/Add Category FAILED because (of) Unable to click on object 'Object Repository/ADMIN/Categories/Category List/button_Categories' (Root cause: org.openqa.selenium.ElementNotVisibleException: element not visible
  (Session info: chrome=78.0.3904.108)
  (Driver info: chromedriver=2.35.528161 (5b82f2d2aae0ca24b877009200ced9065a772e73),platform=Windows NT 6.1.7601 SP1 x86_64) (WARNING: The server did not provide any stacktrace information)
Command duration or timeout: 0 milliseconds
Build info: version: '3.7.1', revision: '8a0099a', time: '2017-11-06T21:07:36.161Z'
System info: host: 'APRIL-PC', ip: '10.10.31.51', os.name: 'Windows 7', os.arch: 'amd64', os.version: '6.1', java.version: '1.8.0_102'
Driver info: com.kms.katalon.selenium.driver.CChromeDriver
Capabilities {acceptInsecureCerts: false, acceptSslCerts: false, applicationCacheEnabled: false, browserConnectionEnabled: false, browserName: chrome, chrome: {chromedriverVersion: 2.35.528161 (5b82f2d2aae0ca..., userDataDir: C:\Users\April\AppData\Loca...}, cssSelectorsEnabled: true, databaseEnabled: false, handlesAlerts: true, hasTouchScreen: false, javascriptEnabled: true, locationContextEnabled: true, mobileEmulationEnabled: false, nativeEvents: true, networkConnectionEnabled: false, pageLoadStrategy: normal, platform: XP, platformName: XP, rotatable: false, setWindowRect: true, takesHeapSnapshot: true, takesScreenshot: true, unexpectedAlertBehaviour: , unhandledPromptBehavior: , version: 78.0.3904.108, webStorageEnabled: true}
Session ID: cfe3a530f1bc406e2ea68220d7af8649)]]></system-err>
      </testcase>
      <testcase name="Test Cases/Utilities/ADMIN/Admin Logout" classname="Test Cases/Utilities/ADMIN/Admin Logout" status="PASSED">
         <system-out><![CDATA[2019-11-25 10:00:16 - [TEST_CASE][PASSED] - Test Cases/Utilities/ADMIN/Admin Logout: Test Cases/Utilities/ADMIN/Admin Logout

2019-11-25 10:00:16 - [TEST_STEP][PASSED] - waitForElementVisible: Object 'Object Repository/Utilities/Admin Logout/button_Logout' is visible

2019-11-25 10:00:16 - [MESSAGE][WARNING] - Timeout '0' is invalid. Using default page load timeout: '30'

2019-11-25 10:00:16 - [MESSAGE][PASSED] - Object 'Object Repository/Utilities/Admin Logout/button_Logout' is visible

2019-11-25 10:00:16 - [TEST_STEP][PASSED] - click: Object: 'Object Repository/Utilities/Admin Logout/button_Logout' is clicked on

2019-11-25 10:00:17 - [MESSAGE][PASSED] - Object: 'Object Repository/Utilities/Admin Logout/button_Logout' is clicked on

2019-11-25 10:00:17 - [TEST_STEP][PASSED] - closeBrowser: Browser is closed

2019-11-25 10:00:17 - [MESSAGE][PASSED] - Browser is closed]]></system-out>
         <system-err><![CDATA[]]></system-err>
      </testcase>
      <system-out><![CDATA[2019-11-25 09:32:45 - [TEST_SUITE][FAILED] - Add Category: Test Cases/ADMIN/Content Mgmt/Categories/Category Add-Edit/Add Category FAILED because (of) Unable to upload file 'C:\\Users\\Arcadier\\git\\Trillia\\Images\\Category\\1.png' to object 'Object Repository/ADMIN/Categories/Category/image_input image' (Root cause: org.openqa.selenium.WebDriverException: invalid argument: File not found : C:\\Users\\Arcadier\\git\\Trillia\\Images\\Category\\1.png
  (Session info: chrome=78.0.3904.108)
  (Driver info: chromedriver=2.35.528161 (5b82f2d2aae0ca24b877009200ced9065a772e73),platform=Windows NT 6.1.7601 SP1 x86_64) (WARNING: The server did not provide any stacktrace information)
Command duration or timeout: 0 milliseconds
Build info: version: '3.7.1', revision: '8a0099a', time: '2017-11-06T21:07:36.161Z'
System info: host: 'APRIL-PC', ip: '10.10.31.51', os.name: 'Windows 7', os.arch: 'amd64', os.version: '6.1', java.version: '1.8.0_102'
Driver info: com.kms.katalon.selenium.driver.CChromeDriver
Capabilities {acceptInsecureCerts: false, acceptSslCerts: false, applicationCacheEnabled: false, browserConnectionEnabled: false, browserName: chrome, chrome: {chromedriverVersion: 2.35.528161 (5b82f2d2aae0ca..., userDataDir: C:\Users\April\AppData\Loca...}, cssSelectorsEnabled: true, databaseEnabled: false, handlesAlerts: true, hasTouchScreen: false, javascriptEnabled: true, locationContextEnabled: true, mobileEmulationEnabled: false, nativeEvents: true, networkConnectionEnabled: false, pageLoadStrategy: normal, platform: XP, platformName: XP, rotatable: false, setWindowRect: true, takesHeapSnapshot: true, takesScreenshot: true, unexpectedAlertBehaviour: , unhandledPromptBehavior: , version: 78.0.3904.108, webStorageEnabled: true}
Session ID: cfe3a530f1bc406e2ea68220d7af8649)]]></system-out>
      <system-err><![CDATA[2019-11-25 09:32:45 - [TEST_SUITE][FAILED] - Add Category: Test Cases/ADMIN/Content Mgmt/Categories/Category Add-Edit/Add Category FAILED because (of) Unable to upload file 'C:\\Users\\Arcadier\\git\\Trillia\\Images\\Category\\1.png' to object 'Object Repository/ADMIN/Categories/Category/image_input image' (Root cause: org.openqa.selenium.WebDriverException: invalid argument: File not found : C:\\Users\\Arcadier\\git\\Trillia\\Images\\Category\\1.png
  (Session info: chrome=78.0.3904.108)
  (Driver info: chromedriver=2.35.528161 (5b82f2d2aae0ca24b877009200ced9065a772e73),platform=Windows NT 6.1.7601 SP1 x86_64) (WARNING: The server did not provide any stacktrace information)
Command duration or timeout: 0 milliseconds
Build info: version: '3.7.1', revision: '8a0099a', time: '2017-11-06T21:07:36.161Z'
System info: host: 'APRIL-PC', ip: '10.10.31.51', os.name: 'Windows 7', os.arch: 'amd64', os.version: '6.1', java.version: '1.8.0_102'
Driver info: com.kms.katalon.selenium.driver.CChromeDriver
Capabilities {acceptInsecureCerts: false, acceptSslCerts: false, applicationCacheEnabled: false, browserConnectionEnabled: false, browserName: chrome, chrome: {chromedriverVersion: 2.35.528161 (5b82f2d2aae0ca..., userDataDir: C:\Users\April\AppData\Loca...}, cssSelectorsEnabled: true, databaseEnabled: false, handlesAlerts: true, hasTouchScreen: false, javascriptEnabled: true, locationContextEnabled: true, mobileEmulationEnabled: false, nativeEvents: true, networkConnectionEnabled: false, pageLoadStrategy: normal, platform: XP, platformName: XP, rotatable: false, setWindowRect: true, takesHeapSnapshot: true, takesScreenshot: true, unexpectedAlertBehaviour: , unhandledPromptBehavior: , version: 78.0.3904.108, webStorageEnabled: true}
Session ID: cfe3a530f1bc406e2ea68220d7af8649)]]></system-err>
   </testsuite>
</testsuites>
