<?xml version="1.0" encoding="UTF-8"?>
<testsuites name="UI_Settings" time="7" tests="0" failures="17" errors="0">
   <testsuite name="UI_Settings" tests="0" failures="17" errors="0" time="7" timestamp="2019-09-17 11:11:27" hostname="April - April-PC" id="Test Suites/Consumer/UI/UI_Settings">
      <properties>
         <property name="deviceName" value=""/>
         <property name="devicePlatform" value=""/>
         <property name="logFolder" value="C:\\Users\\April\\git\\Trillia\\Reports\\Consumer\\UI\\UI_Settings\\20190917_111125"/>
         <property name="logFiles" value="C:\\Users\\April\\git\\Trillia\\Reports\\Consumer\\UI\\UI_Settings\\20190917_111125\\execution0.log"/>
         <property name="attachments" value=""/>
         <property name="hostName" value="April - April-PC"/>
         <property name="hostAddress" value="10.10.31.99"/>
         <property name="os" value="Windows 7 64bit"/>
         <property name="katalonVersion" value="5.4.2.1"/>
      </properties>
      <testcase name="Test Cases/CONSUMER/Settings/UI/24_textfieldAddress" classname="Test Cases/CONSUMER/Settings/UI/24_textfieldAddress" status="FAILED">
         <failure type="FAILED" message="Unable to wait for object 'Object Repository/CONSUMER/Settings/textfield_FirstNameAddress' to be visible (Root cause: com.kms.katalon.core.webui.exception.BrowserNotOpenedException: Browser is not opened
Build info: version: '3.7.1', revision: '8a0099a', time: '2017-11-06T21:07:36.161Z'
System info: host: 'APRIL-PC', ip: '10.10.31.99', os.name: 'Windows 7', os.arch: 'amd64', os.version: '6.1', java.version: '1.8.0_102'
Driver info: driver.version: unknown)"/>
         <system-out><![CDATA[2019-09-17 11:11:27 - [TEST_CASE][FAILED] - Test Cases/CONSUMER/Settings/UI/24_textfieldAddress: Test Cases/CONSUMER/Settings/UI/24_textfieldAddress FAILED because (of) Unable to wait for object 'Object Repository/CONSUMER/Settings/textfield_FirstNameAddress' to be visible (Root cause: com.kms.katalon.core.webui.exception.BrowserNotOpenedException: Browser is not opened
Build info: version: '3.7.1', revision: '8a0099a', time: '2017-11-06T21:07:36.161Z'
System info: host: 'APRIL-PC', ip: '10.10.31.99', os.name: 'Windows 7', os.arch: 'amd64', os.version: '6.1', java.version: '1.8.0_102'
Driver info: driver.version: unknown)

2019-09-17 11:11:27 - [TEST_STEP][FAILED] - waitForElementVisible: Unable to wait for object 'Object Repository/CONSUMER/Settings/textfield_FirstNameAddress' to be visible (Root cause: com.kms.katalon.core.webui.exception.BrowserNotOpenedException: Browser is not opened
Build info: version: '3.7.1', revision: '8a0099a', time: '2017-11-06T21:07:36.161Z'
System info: host: 'APRIL-PC', ip: '10.10.31.99', os.name: 'Windows 7', os.arch: 'amd64', os.version: '6.1', java.version: '1.8.0_102'
Driver info: driver.version: unknown)

2019-09-17 11:11:28 - [MESSAGE][WARNING] - Timeout '0' is invalid. Using default page load timeout: '30'

2019-09-17 11:11:28 - [MESSAGE][WARNING] - Cannot take screenshot

2019-09-17 11:11:28 - [MESSAGE][FAILED] - Unable to wait for object 'Object Repository/CONSUMER/Settings/textfield_FirstNameAddress' to be visible (Root cause: com.kms.katalon.core.webui.exception.BrowserNotOpenedException: Browser is not opened
Build info: version: '3.7.1', revision: '8a0099a', time: '2017-11-06T21:07:36.161Z'
System info: host: 'APRIL-PC', ip: '10.10.31.99', os.name: 'Windows 7', os.arch: 'amd64', os.version: '6.1', java.version: '1.8.0_102'
Driver info: driver.version: unknown)

2019-09-17 11:11:28 - [TEST_STEP][FAILED] - verifyElementVisible: Unable to verify object 'Object Repository/CONSUMER/Settings/textfield_Address' is visible (Root cause: com.kms.katalon.core.webui.exception.BrowserNotOpenedException: Browser is not opened
Build info: version: '3.7.1', revision: '8a0099a', time: '2017-11-06T21:07:36.161Z'
System info: host: 'APRIL-PC', ip: '10.10.31.99', os.name: 'Windows 7', os.arch: 'amd64', os.version: '6.1', java.version: '1.8.0_102'
Driver info: driver.version: unknown)

2019-09-17 11:11:28 - [MESSAGE][WARNING] - Cannot take screenshot

2019-09-17 11:11:28 - [MESSAGE][FAILED] - Unable to verify object 'Object Repository/CONSUMER/Settings/textfield_Address' is visible (Root cause: com.kms.katalon.core.webui.exception.BrowserNotOpenedException: Browser is not opened
Build info: version: '3.7.1', revision: '8a0099a', time: '2017-11-06T21:07:36.161Z'
System info: host: 'APRIL-PC', ip: '10.10.31.99', os.name: 'Windows 7', os.arch: 'amd64', os.version: '6.1', java.version: '1.8.0_102'
Driver info: driver.version: unknown)]]></system-out>
         <system-err><![CDATA[2019-09-17 11:11:27 - [TEST_CASE][FAILED] - Test Cases/CONSUMER/Settings/UI/24_textfieldAddress: Test Cases/CONSUMER/Settings/UI/24_textfieldAddress FAILED because (of) Unable to wait for object 'Object Repository/CONSUMER/Settings/textfield_FirstNameAddress' to be visible (Root cause: com.kms.katalon.core.webui.exception.BrowserNotOpenedException: Browser is not opened
Build info: version: '3.7.1', revision: '8a0099a', time: '2017-11-06T21:07:36.161Z'
System info: host: 'APRIL-PC', ip: '10.10.31.99', os.name: 'Windows 7', os.arch: 'amd64', os.version: '6.1', java.version: '1.8.0_102'
Driver info: driver.version: unknown)]]></system-err>
      </testcase>
      <testcase name="Test Cases/CONSUMER/Settings/UI/25_textlabelCountry" classname="Test Cases/CONSUMER/Settings/UI/25_textlabelCountry" status="FAILED">
         <failure type="FAILED" message="Unable to wait for object 'Object Repository/CONSUMER/Settings/textfield_FirstNameAddress' to be visible (Root cause: com.kms.katalon.core.webui.exception.BrowserNotOpenedException: Browser is not opened
Build info: version: '3.7.1', revision: '8a0099a', time: '2017-11-06T21:07:36.161Z'
System info: host: 'APRIL-PC', ip: '10.10.31.99', os.name: 'Windows 7', os.arch: 'amd64', os.version: '6.1', java.version: '1.8.0_102'
Driver info: driver.version: unknown)"/>
         <system-out><![CDATA[2019-09-17 11:11:28 - [TEST_CASE][FAILED] - Test Cases/CONSUMER/Settings/UI/25_textlabelCountry: Test Cases/CONSUMER/Settings/UI/25_textlabelCountry FAILED because (of) Unable to wait for object 'Object Repository/CONSUMER/Settings/textfield_FirstNameAddress' to be visible (Root cause: com.kms.katalon.core.webui.exception.BrowserNotOpenedException: Browser is not opened
Build info: version: '3.7.1', revision: '8a0099a', time: '2017-11-06T21:07:36.161Z'
System info: host: 'APRIL-PC', ip: '10.10.31.99', os.name: 'Windows 7', os.arch: 'amd64', os.version: '6.1', java.version: '1.8.0_102'
Driver info: driver.version: unknown)

2019-09-17 11:11:28 - [TEST_STEP][FAILED] - waitForElementVisible: Unable to wait for object 'Object Repository/CONSUMER/Settings/textfield_FirstNameAddress' to be visible (Root cause: com.kms.katalon.core.webui.exception.BrowserNotOpenedException: Browser is not opened
Build info: version: '3.7.1', revision: '8a0099a', time: '2017-11-06T21:07:36.161Z'
System info: host: 'APRIL-PC', ip: '10.10.31.99', os.name: 'Windows 7', os.arch: 'amd64', os.version: '6.1', java.version: '1.8.0_102'
Driver info: driver.version: unknown)

2019-09-17 11:11:28 - [MESSAGE][WARNING] - Timeout '0' is invalid. Using default page load timeout: '30'

2019-09-17 11:11:28 - [MESSAGE][WARNING] - Cannot take screenshot

2019-09-17 11:11:28 - [MESSAGE][FAILED] - Unable to wait for object 'Object Repository/CONSUMER/Settings/textfield_FirstNameAddress' to be visible (Root cause: com.kms.katalon.core.webui.exception.BrowserNotOpenedException: Browser is not opened
Build info: version: '3.7.1', revision: '8a0099a', time: '2017-11-06T21:07:36.161Z'
System info: host: 'APRIL-PC', ip: '10.10.31.99', os.name: 'Windows 7', os.arch: 'amd64', os.version: '6.1', java.version: '1.8.0_102'
Driver info: driver.version: unknown)

2019-09-17 11:11:28 - [TEST_STEP][FAILED] - verifyElementVisible: Unable to verify object 'Object Repository/CONSUMER/Settings/texltlabel_Country' is visible (Root cause: com.kms.katalon.core.webui.exception.BrowserNotOpenedException: Browser is not opened
Build info: version: '3.7.1', revision: '8a0099a', time: '2017-11-06T21:07:36.161Z'
System info: host: 'APRIL-PC', ip: '10.10.31.99', os.name: 'Windows 7', os.arch: 'amd64', os.version: '6.1', java.version: '1.8.0_102'
Driver info: driver.version: unknown)

2019-09-17 11:11:28 - [MESSAGE][WARNING] - Cannot take screenshot

2019-09-17 11:11:28 - [MESSAGE][FAILED] - Unable to verify object 'Object Repository/CONSUMER/Settings/texltlabel_Country' is visible (Root cause: com.kms.katalon.core.webui.exception.BrowserNotOpenedException: Browser is not opened
Build info: version: '3.7.1', revision: '8a0099a', time: '2017-11-06T21:07:36.161Z'
System info: host: 'APRIL-PC', ip: '10.10.31.99', os.name: 'Windows 7', os.arch: 'amd64', os.version: '6.1', java.version: '1.8.0_102'
Driver info: driver.version: unknown)]]></system-out>
         <system-err><![CDATA[2019-09-17 11:11:28 - [TEST_CASE][FAILED] - Test Cases/CONSUMER/Settings/UI/25_textlabelCountry: Test Cases/CONSUMER/Settings/UI/25_textlabelCountry FAILED because (of) Unable to wait for object 'Object Repository/CONSUMER/Settings/textfield_FirstNameAddress' to be visible (Root cause: com.kms.katalon.core.webui.exception.BrowserNotOpenedException: Browser is not opened
Build info: version: '3.7.1', revision: '8a0099a', time: '2017-11-06T21:07:36.161Z'
System info: host: 'APRIL-PC', ip: '10.10.31.99', os.name: 'Windows 7', os.arch: 'amd64', os.version: '6.1', java.version: '1.8.0_102'
Driver info: driver.version: unknown)]]></system-err>
      </testcase>
      <testcase name="Test Cases/CONSUMER/Settings/UI/26_dropdownCountry" classname="Test Cases/CONSUMER/Settings/UI/26_dropdownCountry" status="FAILED">
         <failure type="FAILED" message="Unable to wait for object 'Object Repository/CONSUMER/Settings/textfield_FirstNameAddress' to be visible (Root cause: com.kms.katalon.core.webui.exception.BrowserNotOpenedException: Browser is not opened
Build info: version: '3.7.1', revision: '8a0099a', time: '2017-11-06T21:07:36.161Z'
System info: host: 'APRIL-PC', ip: '10.10.31.99', os.name: 'Windows 7', os.arch: 'amd64', os.version: '6.1', java.version: '1.8.0_102'
Driver info: driver.version: unknown)"/>
         <system-out><![CDATA[2019-09-17 11:11:28 - [TEST_CASE][FAILED] - Test Cases/CONSUMER/Settings/UI/26_dropdownCountry: Test Cases/CONSUMER/Settings/UI/26_dropdownCountry FAILED because (of) Unable to wait for object 'Object Repository/CONSUMER/Settings/textfield_FirstNameAddress' to be visible (Root cause: com.kms.katalon.core.webui.exception.BrowserNotOpenedException: Browser is not opened
Build info: version: '3.7.1', revision: '8a0099a', time: '2017-11-06T21:07:36.161Z'
System info: host: 'APRIL-PC', ip: '10.10.31.99', os.name: 'Windows 7', os.arch: 'amd64', os.version: '6.1', java.version: '1.8.0_102'
Driver info: driver.version: unknown)

2019-09-17 11:11:28 - [TEST_STEP][FAILED] - waitForElementVisible: Unable to wait for object 'Object Repository/CONSUMER/Settings/textfield_FirstNameAddress' to be visible (Root cause: com.kms.katalon.core.webui.exception.BrowserNotOpenedException: Browser is not opened
Build info: version: '3.7.1', revision: '8a0099a', time: '2017-11-06T21:07:36.161Z'
System info: host: 'APRIL-PC', ip: '10.10.31.99', os.name: 'Windows 7', os.arch: 'amd64', os.version: '6.1', java.version: '1.8.0_102'
Driver info: driver.version: unknown)

2019-09-17 11:11:28 - [MESSAGE][WARNING] - Timeout '0' is invalid. Using default page load timeout: '30'

2019-09-17 11:11:28 - [MESSAGE][WARNING] - Cannot take screenshot

2019-09-17 11:11:28 - [MESSAGE][FAILED] - Unable to wait for object 'Object Repository/CONSUMER/Settings/textfield_FirstNameAddress' to be visible (Root cause: com.kms.katalon.core.webui.exception.BrowserNotOpenedException: Browser is not opened
Build info: version: '3.7.1', revision: '8a0099a', time: '2017-11-06T21:07:36.161Z'
System info: host: 'APRIL-PC', ip: '10.10.31.99', os.name: 'Windows 7', os.arch: 'amd64', os.version: '6.1', java.version: '1.8.0_102'
Driver info: driver.version: unknown)

2019-09-17 11:11:28 - [TEST_STEP][FAILED] - verifyElementVisible: Unable to verify object 'Object Repository/CONSUMER/Settings/dropdown_Country' is visible (Root cause: com.kms.katalon.core.webui.exception.BrowserNotOpenedException: Browser is not opened
Build info: version: '3.7.1', revision: '8a0099a', time: '2017-11-06T21:07:36.161Z'
System info: host: 'APRIL-PC', ip: '10.10.31.99', os.name: 'Windows 7', os.arch: 'amd64', os.version: '6.1', java.version: '1.8.0_102'
Driver info: driver.version: unknown)

2019-09-17 11:11:28 - [MESSAGE][WARNING] - Cannot take screenshot

2019-09-17 11:11:28 - [MESSAGE][FAILED] - Unable to verify object 'Object Repository/CONSUMER/Settings/dropdown_Country' is visible (Root cause: com.kms.katalon.core.webui.exception.BrowserNotOpenedException: Browser is not opened
Build info: version: '3.7.1', revision: '8a0099a', time: '2017-11-06T21:07:36.161Z'
System info: host: 'APRIL-PC', ip: '10.10.31.99', os.name: 'Windows 7', os.arch: 'amd64', os.version: '6.1', java.version: '1.8.0_102'
Driver info: driver.version: unknown)]]></system-out>
         <system-err><![CDATA[2019-09-17 11:11:28 - [TEST_CASE][FAILED] - Test Cases/CONSUMER/Settings/UI/26_dropdownCountry: Test Cases/CONSUMER/Settings/UI/26_dropdownCountry FAILED because (of) Unable to wait for object 'Object Repository/CONSUMER/Settings/textfield_FirstNameAddress' to be visible (Root cause: com.kms.katalon.core.webui.exception.BrowserNotOpenedException: Browser is not opened
Build info: version: '3.7.1', revision: '8a0099a', time: '2017-11-06T21:07:36.161Z'
System info: host: 'APRIL-PC', ip: '10.10.31.99', os.name: 'Windows 7', os.arch: 'amd64', os.version: '6.1', java.version: '1.8.0_102'
Driver info: driver.version: unknown)]]></system-err>
      </testcase>
      <testcase name="Test Cases/CONSUMER/Settings/UI/27_textlabelState" classname="Test Cases/CONSUMER/Settings/UI/27_textlabelState" status="FAILED">
         <failure type="FAILED" message="Unable to wait for object 'Object Repository/CONSUMER/Settings/textfield_FirstNameAddress' to be visible (Root cause: com.kms.katalon.core.webui.exception.BrowserNotOpenedException: Browser is not opened
Build info: version: '3.7.1', revision: '8a0099a', time: '2017-11-06T21:07:36.161Z'
System info: host: 'APRIL-PC', ip: '10.10.31.99', os.name: 'Windows 7', os.arch: 'amd64', os.version: '6.1', java.version: '1.8.0_102'
Driver info: driver.version: unknown)"/>
         <system-out><![CDATA[2019-09-17 11:11:28 - [TEST_CASE][FAILED] - Test Cases/CONSUMER/Settings/UI/27_textlabelState: Test Cases/CONSUMER/Settings/UI/27_textlabelState FAILED because (of) Unable to wait for object 'Object Repository/CONSUMER/Settings/textfield_FirstNameAddress' to be visible (Root cause: com.kms.katalon.core.webui.exception.BrowserNotOpenedException: Browser is not opened
Build info: version: '3.7.1', revision: '8a0099a', time: '2017-11-06T21:07:36.161Z'
System info: host: 'APRIL-PC', ip: '10.10.31.99', os.name: 'Windows 7', os.arch: 'amd64', os.version: '6.1', java.version: '1.8.0_102'
Driver info: driver.version: unknown)

2019-09-17 11:11:29 - [TEST_STEP][FAILED] - waitForElementVisible: Unable to wait for object 'Object Repository/CONSUMER/Settings/textfield_FirstNameAddress' to be visible (Root cause: com.kms.katalon.core.webui.exception.BrowserNotOpenedException: Browser is not opened
Build info: version: '3.7.1', revision: '8a0099a', time: '2017-11-06T21:07:36.161Z'
System info: host: 'APRIL-PC', ip: '10.10.31.99', os.name: 'Windows 7', os.arch: 'amd64', os.version: '6.1', java.version: '1.8.0_102'
Driver info: driver.version: unknown)

2019-09-17 11:11:29 - [MESSAGE][WARNING] - Timeout '0' is invalid. Using default page load timeout: '30'

2019-09-17 11:11:29 - [MESSAGE][WARNING] - Cannot take screenshot

2019-09-17 11:11:29 - [MESSAGE][FAILED] - Unable to wait for object 'Object Repository/CONSUMER/Settings/textfield_FirstNameAddress' to be visible (Root cause: com.kms.katalon.core.webui.exception.BrowserNotOpenedException: Browser is not opened
Build info: version: '3.7.1', revision: '8a0099a', time: '2017-11-06T21:07:36.161Z'
System info: host: 'APRIL-PC', ip: '10.10.31.99', os.name: 'Windows 7', os.arch: 'amd64', os.version: '6.1', java.version: '1.8.0_102'
Driver info: driver.version: unknown)

2019-09-17 11:11:29 - [TEST_STEP][FAILED] - verifyElementVisible: Unable to verify object 'Object Repository/CONSUMER/Settings/textlabel_State' is visible (Root cause: com.kms.katalon.core.webui.exception.BrowserNotOpenedException: Browser is not opened
Build info: version: '3.7.1', revision: '8a0099a', time: '2017-11-06T21:07:36.161Z'
System info: host: 'APRIL-PC', ip: '10.10.31.99', os.name: 'Windows 7', os.arch: 'amd64', os.version: '6.1', java.version: '1.8.0_102'
Driver info: driver.version: unknown)

2019-09-17 11:11:29 - [MESSAGE][WARNING] - Cannot take screenshot

2019-09-17 11:11:29 - [MESSAGE][FAILED] - Unable to verify object 'Object Repository/CONSUMER/Settings/textlabel_State' is visible (Root cause: com.kms.katalon.core.webui.exception.BrowserNotOpenedException: Browser is not opened
Build info: version: '3.7.1', revision: '8a0099a', time: '2017-11-06T21:07:36.161Z'
System info: host: 'APRIL-PC', ip: '10.10.31.99', os.name: 'Windows 7', os.arch: 'amd64', os.version: '6.1', java.version: '1.8.0_102'
Driver info: driver.version: unknown)]]></system-out>
         <system-err><![CDATA[2019-09-17 11:11:28 - [TEST_CASE][FAILED] - Test Cases/CONSUMER/Settings/UI/27_textlabelState: Test Cases/CONSUMER/Settings/UI/27_textlabelState FAILED because (of) Unable to wait for object 'Object Repository/CONSUMER/Settings/textfield_FirstNameAddress' to be visible (Root cause: com.kms.katalon.core.webui.exception.BrowserNotOpenedException: Browser is not opened
Build info: version: '3.7.1', revision: '8a0099a', time: '2017-11-06T21:07:36.161Z'
System info: host: 'APRIL-PC', ip: '10.10.31.99', os.name: 'Windows 7', os.arch: 'amd64', os.version: '6.1', java.version: '1.8.0_102'
Driver info: driver.version: unknown)]]></system-err>
      </testcase>
      <testcase name="Test Cases/CONSUMER/Settings/UI/28_textfieldState" classname="Test Cases/CONSUMER/Settings/UI/28_textfieldState" status="FAILED">
         <failure type="FAILED" message="Unable to wait for object 'Object Repository/CONSUMER/Settings/textfield_FirstNameAddress' to be visible (Root cause: com.kms.katalon.core.webui.exception.BrowserNotOpenedException: Browser is not opened
Build info: version: '3.7.1', revision: '8a0099a', time: '2017-11-06T21:07:36.161Z'
System info: host: 'APRIL-PC', ip: '10.10.31.99', os.name: 'Windows 7', os.arch: 'amd64', os.version: '6.1', java.version: '1.8.0_102'
Driver info: driver.version: unknown)"/>
         <system-out><![CDATA[2019-09-17 11:11:29 - [TEST_CASE][FAILED] - Test Cases/CONSUMER/Settings/UI/28_textfieldState: Test Cases/CONSUMER/Settings/UI/28_textfieldState FAILED because (of) Unable to wait for object 'Object Repository/CONSUMER/Settings/textfield_FirstNameAddress' to be visible (Root cause: com.kms.katalon.core.webui.exception.BrowserNotOpenedException: Browser is not opened
Build info: version: '3.7.1', revision: '8a0099a', time: '2017-11-06T21:07:36.161Z'
System info: host: 'APRIL-PC', ip: '10.10.31.99', os.name: 'Windows 7', os.arch: 'amd64', os.version: '6.1', java.version: '1.8.0_102'
Driver info: driver.version: unknown)

2019-09-17 11:11:29 - [TEST_STEP][FAILED] - waitForElementVisible: Unable to wait for object 'Object Repository/CONSUMER/Settings/textfield_FirstNameAddress' to be visible (Root cause: com.kms.katalon.core.webui.exception.BrowserNotOpenedException: Browser is not opened
Build info: version: '3.7.1', revision: '8a0099a', time: '2017-11-06T21:07:36.161Z'
System info: host: 'APRIL-PC', ip: '10.10.31.99', os.name: 'Windows 7', os.arch: 'amd64', os.version: '6.1', java.version: '1.8.0_102'
Driver info: driver.version: unknown)

2019-09-17 11:11:29 - [MESSAGE][WARNING] - Timeout '0' is invalid. Using default page load timeout: '30'

2019-09-17 11:11:29 - [MESSAGE][WARNING] - Cannot take screenshot

2019-09-17 11:11:29 - [MESSAGE][FAILED] - Unable to wait for object 'Object Repository/CONSUMER/Settings/textfield_FirstNameAddress' to be visible (Root cause: com.kms.katalon.core.webui.exception.BrowserNotOpenedException: Browser is not opened
Build info: version: '3.7.1', revision: '8a0099a', time: '2017-11-06T21:07:36.161Z'
System info: host: 'APRIL-PC', ip: '10.10.31.99', os.name: 'Windows 7', os.arch: 'amd64', os.version: '6.1', java.version: '1.8.0_102'
Driver info: driver.version: unknown)

2019-09-17 11:11:29 - [TEST_STEP][FAILED] - verifyElementVisible: Unable to verify object 'Object Repository/CONSUMER/Settings/textlabel_State' is visible (Root cause: com.kms.katalon.core.webui.exception.BrowserNotOpenedException: Browser is not opened
Build info: version: '3.7.1', revision: '8a0099a', time: '2017-11-06T21:07:36.161Z'
System info: host: 'APRIL-PC', ip: '10.10.31.99', os.name: 'Windows 7', os.arch: 'amd64', os.version: '6.1', java.version: '1.8.0_102'
Driver info: driver.version: unknown)

2019-09-17 11:11:29 - [MESSAGE][WARNING] - Cannot take screenshot

2019-09-17 11:11:29 - [MESSAGE][FAILED] - Unable to verify object 'Object Repository/CONSUMER/Settings/textlabel_State' is visible (Root cause: com.kms.katalon.core.webui.exception.BrowserNotOpenedException: Browser is not opened
Build info: version: '3.7.1', revision: '8a0099a', time: '2017-11-06T21:07:36.161Z'
System info: host: 'APRIL-PC', ip: '10.10.31.99', os.name: 'Windows 7', os.arch: 'amd64', os.version: '6.1', java.version: '1.8.0_102'
Driver info: driver.version: unknown)]]></system-out>
         <system-err><![CDATA[2019-09-17 11:11:29 - [TEST_CASE][FAILED] - Test Cases/CONSUMER/Settings/UI/28_textfieldState: Test Cases/CONSUMER/Settings/UI/28_textfieldState FAILED because (of) Unable to wait for object 'Object Repository/CONSUMER/Settings/textfield_FirstNameAddress' to be visible (Root cause: com.kms.katalon.core.webui.exception.BrowserNotOpenedException: Browser is not opened
Build info: version: '3.7.1', revision: '8a0099a', time: '2017-11-06T21:07:36.161Z'
System info: host: 'APRIL-PC', ip: '10.10.31.99', os.name: 'Windows 7', os.arch: 'amd64', os.version: '6.1', java.version: '1.8.0_102'
Driver info: driver.version: unknown)]]></system-err>
      </testcase>
      <testcase name="Test Cases/CONSUMER/Settings/UI/29_textlabelCity" classname="Test Cases/CONSUMER/Settings/UI/29_textlabelCity" status="FAILED">
         <failure type="FAILED" message="Unable to wait for object 'Object Repository/CONSUMER/Settings/textfield_FirstNameAddress' to be visible (Root cause: com.kms.katalon.core.webui.exception.BrowserNotOpenedException: Browser is not opened
Build info: version: '3.7.1', revision: '8a0099a', time: '2017-11-06T21:07:36.161Z'
System info: host: 'APRIL-PC', ip: '10.10.31.99', os.name: 'Windows 7', os.arch: 'amd64', os.version: '6.1', java.version: '1.8.0_102'
Driver info: driver.version: unknown)"/>
         <system-out><![CDATA[2019-09-17 11:11:29 - [TEST_CASE][FAILED] - Test Cases/CONSUMER/Settings/UI/29_textlabelCity: Test Cases/CONSUMER/Settings/UI/29_textlabelCity FAILED because (of) Unable to wait for object 'Object Repository/CONSUMER/Settings/textfield_FirstNameAddress' to be visible (Root cause: com.kms.katalon.core.webui.exception.BrowserNotOpenedException: Browser is not opened
Build info: version: '3.7.1', revision: '8a0099a', time: '2017-11-06T21:07:36.161Z'
System info: host: 'APRIL-PC', ip: '10.10.31.99', os.name: 'Windows 7', os.arch: 'amd64', os.version: '6.1', java.version: '1.8.0_102'
Driver info: driver.version: unknown)

2019-09-17 11:11:29 - [TEST_STEP][FAILED] - waitForElementVisible: Unable to wait for object 'Object Repository/CONSUMER/Settings/textfield_FirstNameAddress' to be visible (Root cause: com.kms.katalon.core.webui.exception.BrowserNotOpenedException: Browser is not opened
Build info: version: '3.7.1', revision: '8a0099a', time: '2017-11-06T21:07:36.161Z'
System info: host: 'APRIL-PC', ip: '10.10.31.99', os.name: 'Windows 7', os.arch: 'amd64', os.version: '6.1', java.version: '1.8.0_102'
Driver info: driver.version: unknown)

2019-09-17 11:11:29 - [MESSAGE][WARNING] - Timeout '0' is invalid. Using default page load timeout: '30'

2019-09-17 11:11:29 - [MESSAGE][WARNING] - Cannot take screenshot

2019-09-17 11:11:29 - [MESSAGE][FAILED] - Unable to wait for object 'Object Repository/CONSUMER/Settings/textfield_FirstNameAddress' to be visible (Root cause: com.kms.katalon.core.webui.exception.BrowserNotOpenedException: Browser is not opened
Build info: version: '3.7.1', revision: '8a0099a', time: '2017-11-06T21:07:36.161Z'
System info: host: 'APRIL-PC', ip: '10.10.31.99', os.name: 'Windows 7', os.arch: 'amd64', os.version: '6.1', java.version: '1.8.0_102'
Driver info: driver.version: unknown)

2019-09-17 11:11:29 - [TEST_STEP][FAILED] - verifyElementVisible: Unable to verify object 'Object Repository/CONSUMER/Settings/textlabel_City' is visible (Root cause: com.kms.katalon.core.webui.exception.BrowserNotOpenedException: Browser is not opened
Build info: version: '3.7.1', revision: '8a0099a', time: '2017-11-06T21:07:36.161Z'
System info: host: 'APRIL-PC', ip: '10.10.31.99', os.name: 'Windows 7', os.arch: 'amd64', os.version: '6.1', java.version: '1.8.0_102'
Driver info: driver.version: unknown)

2019-09-17 11:11:29 - [MESSAGE][WARNING] - Cannot take screenshot

2019-09-17 11:11:29 - [MESSAGE][FAILED] - Unable to verify object 'Object Repository/CONSUMER/Settings/textlabel_City' is visible (Root cause: com.kms.katalon.core.webui.exception.BrowserNotOpenedException: Browser is not opened
Build info: version: '3.7.1', revision: '8a0099a', time: '2017-11-06T21:07:36.161Z'
System info: host: 'APRIL-PC', ip: '10.10.31.99', os.name: 'Windows 7', os.arch: 'amd64', os.version: '6.1', java.version: '1.8.0_102'
Driver info: driver.version: unknown)]]></system-out>
         <system-err><![CDATA[2019-09-17 11:11:29 - [TEST_CASE][FAILED] - Test Cases/CONSUMER/Settings/UI/29_textlabelCity: Test Cases/CONSUMER/Settings/UI/29_textlabelCity FAILED because (of) Unable to wait for object 'Object Repository/CONSUMER/Settings/textfield_FirstNameAddress' to be visible (Root cause: com.kms.katalon.core.webui.exception.BrowserNotOpenedException: Browser is not opened
Build info: version: '3.7.1', revision: '8a0099a', time: '2017-11-06T21:07:36.161Z'
System info: host: 'APRIL-PC', ip: '10.10.31.99', os.name: 'Windows 7', os.arch: 'amd64', os.version: '6.1', java.version: '1.8.0_102'
Driver info: driver.version: unknown)]]></system-err>
      </testcase>
      <testcase name="Test Cases/CONSUMER/Settings/UI/30_textfieldCity" classname="Test Cases/CONSUMER/Settings/UI/30_textfieldCity" status="FAILED">
         <failure type="FAILED" message="Unable to wait for object 'Object Repository/CONSUMER/Settings/textfield_FirstNameAddress' to be visible (Root cause: com.kms.katalon.core.webui.exception.BrowserNotOpenedException: Browser is not opened
Build info: version: '3.7.1', revision: '8a0099a', time: '2017-11-06T21:07:36.161Z'
System info: host: 'APRIL-PC', ip: '10.10.31.99', os.name: 'Windows 7', os.arch: 'amd64', os.version: '6.1', java.version: '1.8.0_102'
Driver info: driver.version: unknown)"/>
         <system-out><![CDATA[2019-09-17 11:11:29 - [TEST_CASE][FAILED] - Test Cases/CONSUMER/Settings/UI/30_textfieldCity: Test Cases/CONSUMER/Settings/UI/30_textfieldCity FAILED because (of) Unable to wait for object 'Object Repository/CONSUMER/Settings/textfield_FirstNameAddress' to be visible (Root cause: com.kms.katalon.core.webui.exception.BrowserNotOpenedException: Browser is not opened
Build info: version: '3.7.1', revision: '8a0099a', time: '2017-11-06T21:07:36.161Z'
System info: host: 'APRIL-PC', ip: '10.10.31.99', os.name: 'Windows 7', os.arch: 'amd64', os.version: '6.1', java.version: '1.8.0_102'
Driver info: driver.version: unknown)

2019-09-17 11:11:29 - [TEST_STEP][FAILED] - waitForElementVisible: Unable to wait for object 'Object Repository/CONSUMER/Settings/textfield_FirstNameAddress' to be visible (Root cause: com.kms.katalon.core.webui.exception.BrowserNotOpenedException: Browser is not opened
Build info: version: '3.7.1', revision: '8a0099a', time: '2017-11-06T21:07:36.161Z'
System info: host: 'APRIL-PC', ip: '10.10.31.99', os.name: 'Windows 7', os.arch: 'amd64', os.version: '6.1', java.version: '1.8.0_102'
Driver info: driver.version: unknown)

2019-09-17 11:11:29 - [MESSAGE][WARNING] - Timeout '0' is invalid. Using default page load timeout: '30'

2019-09-17 11:11:29 - [MESSAGE][WARNING] - Cannot take screenshot

2019-09-17 11:11:29 - [MESSAGE][FAILED] - Unable to wait for object 'Object Repository/CONSUMER/Settings/textfield_FirstNameAddress' to be visible (Root cause: com.kms.katalon.core.webui.exception.BrowserNotOpenedException: Browser is not opened
Build info: version: '3.7.1', revision: '8a0099a', time: '2017-11-06T21:07:36.161Z'
System info: host: 'APRIL-PC', ip: '10.10.31.99', os.name: 'Windows 7', os.arch: 'amd64', os.version: '6.1', java.version: '1.8.0_102'
Driver info: driver.version: unknown)

2019-09-17 11:11:29 - [TEST_STEP][FAILED] - verifyElementVisible: Unable to verify object 'Object Repository/CONSUMER/Settings/textfield_City' is visible (Root cause: com.kms.katalon.core.webui.exception.BrowserNotOpenedException: Browser is not opened
Build info: version: '3.7.1', revision: '8a0099a', time: '2017-11-06T21:07:36.161Z'
System info: host: 'APRIL-PC', ip: '10.10.31.99', os.name: 'Windows 7', os.arch: 'amd64', os.version: '6.1', java.version: '1.8.0_102'
Driver info: driver.version: unknown)

2019-09-17 11:11:29 - [MESSAGE][WARNING] - Cannot take screenshot

2019-09-17 11:11:29 - [MESSAGE][FAILED] - Unable to verify object 'Object Repository/CONSUMER/Settings/textfield_City' is visible (Root cause: com.kms.katalon.core.webui.exception.BrowserNotOpenedException: Browser is not opened
Build info: version: '3.7.1', revision: '8a0099a', time: '2017-11-06T21:07:36.161Z'
System info: host: 'APRIL-PC', ip: '10.10.31.99', os.name: 'Windows 7', os.arch: 'amd64', os.version: '6.1', java.version: '1.8.0_102'
Driver info: driver.version: unknown)]]></system-out>
         <system-err><![CDATA[2019-09-17 11:11:29 - [TEST_CASE][FAILED] - Test Cases/CONSUMER/Settings/UI/30_textfieldCity: Test Cases/CONSUMER/Settings/UI/30_textfieldCity FAILED because (of) Unable to wait for object 'Object Repository/CONSUMER/Settings/textfield_FirstNameAddress' to be visible (Root cause: com.kms.katalon.core.webui.exception.BrowserNotOpenedException: Browser is not opened
Build info: version: '3.7.1', revision: '8a0099a', time: '2017-11-06T21:07:36.161Z'
System info: host: 'APRIL-PC', ip: '10.10.31.99', os.name: 'Windows 7', os.arch: 'amd64', os.version: '6.1', java.version: '1.8.0_102'
Driver info: driver.version: unknown)]]></system-err>
      </testcase>
      <testcase name="Test Cases/CONSUMER/Settings/UI/32_textfieldPostalCode" classname="Test Cases/CONSUMER/Settings/UI/32_textfieldPostalCode" status="FAILED">
         <failure type="FAILED" message="Unable to wait for object 'Object Repository/CONSUMER/Settings/textfield_FirstNameAddress' to be visible (Root cause: com.kms.katalon.core.webui.exception.BrowserNotOpenedException: Browser is not opened
Build info: version: '3.7.1', revision: '8a0099a', time: '2017-11-06T21:07:36.161Z'
System info: host: 'APRIL-PC', ip: '10.10.31.99', os.name: 'Windows 7', os.arch: 'amd64', os.version: '6.1', java.version: '1.8.0_102'
Driver info: driver.version: unknown)"/>
         <system-out><![CDATA[2019-09-17 11:11:30 - [TEST_CASE][FAILED] - Test Cases/CONSUMER/Settings/UI/32_textfieldPostalCode: Test Cases/CONSUMER/Settings/UI/32_textfieldPostalCode FAILED because (of) Unable to wait for object 'Object Repository/CONSUMER/Settings/textfield_FirstNameAddress' to be visible (Root cause: com.kms.katalon.core.webui.exception.BrowserNotOpenedException: Browser is not opened
Build info: version: '3.7.1', revision: '8a0099a', time: '2017-11-06T21:07:36.161Z'
System info: host: 'APRIL-PC', ip: '10.10.31.99', os.name: 'Windows 7', os.arch: 'amd64', os.version: '6.1', java.version: '1.8.0_102'
Driver info: driver.version: unknown)

2019-09-17 11:11:30 - [TEST_STEP][FAILED] - waitForElementVisible: Unable to wait for object 'Object Repository/CONSUMER/Settings/textfield_FirstNameAddress' to be visible (Root cause: com.kms.katalon.core.webui.exception.BrowserNotOpenedException: Browser is not opened
Build info: version: '3.7.1', revision: '8a0099a', time: '2017-11-06T21:07:36.161Z'
System info: host: 'APRIL-PC', ip: '10.10.31.99', os.name: 'Windows 7', os.arch: 'amd64', os.version: '6.1', java.version: '1.8.0_102'
Driver info: driver.version: unknown)

2019-09-17 11:11:30 - [MESSAGE][WARNING] - Timeout '0' is invalid. Using default page load timeout: '30'

2019-09-17 11:11:30 - [MESSAGE][WARNING] - Cannot take screenshot

2019-09-17 11:11:30 - [MESSAGE][FAILED] - Unable to wait for object 'Object Repository/CONSUMER/Settings/textfield_FirstNameAddress' to be visible (Root cause: com.kms.katalon.core.webui.exception.BrowserNotOpenedException: Browser is not opened
Build info: version: '3.7.1', revision: '8a0099a', time: '2017-11-06T21:07:36.161Z'
System info: host: 'APRIL-PC', ip: '10.10.31.99', os.name: 'Windows 7', os.arch: 'amd64', os.version: '6.1', java.version: '1.8.0_102'
Driver info: driver.version: unknown)

2019-09-17 11:11:30 - [TEST_STEP][FAILED] - verifyElementVisible: Unable to verify object 'Object Repository/CONSUMER/Settings/textfield_PostalCode' is visible (Root cause: com.kms.katalon.core.webui.exception.BrowserNotOpenedException: Browser is not opened
Build info: version: '3.7.1', revision: '8a0099a', time: '2017-11-06T21:07:36.161Z'
System info: host: 'APRIL-PC', ip: '10.10.31.99', os.name: 'Windows 7', os.arch: 'amd64', os.version: '6.1', java.version: '1.8.0_102'
Driver info: driver.version: unknown)

2019-09-17 11:11:30 - [MESSAGE][WARNING] - Cannot take screenshot

2019-09-17 11:11:30 - [MESSAGE][FAILED] - Unable to verify object 'Object Repository/CONSUMER/Settings/textfield_PostalCode' is visible (Root cause: com.kms.katalon.core.webui.exception.BrowserNotOpenedException: Browser is not opened
Build info: version: '3.7.1', revision: '8a0099a', time: '2017-11-06T21:07:36.161Z'
System info: host: 'APRIL-PC', ip: '10.10.31.99', os.name: 'Windows 7', os.arch: 'amd64', os.version: '6.1', java.version: '1.8.0_102'
Driver info: driver.version: unknown)]]></system-out>
         <system-err><![CDATA[2019-09-17 11:11:30 - [TEST_CASE][FAILED] - Test Cases/CONSUMER/Settings/UI/32_textfieldPostalCode: Test Cases/CONSUMER/Settings/UI/32_textfieldPostalCode FAILED because (of) Unable to wait for object 'Object Repository/CONSUMER/Settings/textfield_FirstNameAddress' to be visible (Root cause: com.kms.katalon.core.webui.exception.BrowserNotOpenedException: Browser is not opened
Build info: version: '3.7.1', revision: '8a0099a', time: '2017-11-06T21:07:36.161Z'
System info: host: 'APRIL-PC', ip: '10.10.31.99', os.name: 'Windows 7', os.arch: 'amd64', os.version: '6.1', java.version: '1.8.0_102'
Driver info: driver.version: unknown)]]></system-err>
      </testcase>
      <testcase name="Test Cases/CONSUMER/Settings/UI/31_textlabelPostalCode" classname="Test Cases/CONSUMER/Settings/UI/31_textlabelPostalCode" status="FAILED">
         <failure type="FAILED" message="Unable to wait for object 'Object Repository/CONSUMER/Settings/textfield_FirstNameAddress' to be visible (Root cause: com.kms.katalon.core.webui.exception.BrowserNotOpenedException: Browser is not opened
Build info: version: '3.7.1', revision: '8a0099a', time: '2017-11-06T21:07:36.161Z'
System info: host: 'APRIL-PC', ip: '10.10.31.99', os.name: 'Windows 7', os.arch: 'amd64', os.version: '6.1', java.version: '1.8.0_102'
Driver info: driver.version: unknown)"/>
         <system-out><![CDATA[2019-09-17 11:11:30 - [TEST_CASE][FAILED] - Test Cases/CONSUMER/Settings/UI/31_textlabelPostalCode: Test Cases/CONSUMER/Settings/UI/31_textlabelPostalCode FAILED because (of) Unable to wait for object 'Object Repository/CONSUMER/Settings/textfield_FirstNameAddress' to be visible (Root cause: com.kms.katalon.core.webui.exception.BrowserNotOpenedException: Browser is not opened
Build info: version: '3.7.1', revision: '8a0099a', time: '2017-11-06T21:07:36.161Z'
System info: host: 'APRIL-PC', ip: '10.10.31.99', os.name: 'Windows 7', os.arch: 'amd64', os.version: '6.1', java.version: '1.8.0_102'
Driver info: driver.version: unknown)

2019-09-17 11:11:30 - [TEST_STEP][FAILED] - waitForElementVisible: Unable to wait for object 'Object Repository/CONSUMER/Settings/textfield_FirstNameAddress' to be visible (Root cause: com.kms.katalon.core.webui.exception.BrowserNotOpenedException: Browser is not opened
Build info: version: '3.7.1', revision: '8a0099a', time: '2017-11-06T21:07:36.161Z'
System info: host: 'APRIL-PC', ip: '10.10.31.99', os.name: 'Windows 7', os.arch: 'amd64', os.version: '6.1', java.version: '1.8.0_102'
Driver info: driver.version: unknown)

2019-09-17 11:11:30 - [MESSAGE][WARNING] - Timeout '0' is invalid. Using default page load timeout: '30'

2019-09-17 11:11:30 - [MESSAGE][WARNING] - Cannot take screenshot

2019-09-17 11:11:30 - [MESSAGE][FAILED] - Unable to wait for object 'Object Repository/CONSUMER/Settings/textfield_FirstNameAddress' to be visible (Root cause: com.kms.katalon.core.webui.exception.BrowserNotOpenedException: Browser is not opened
Build info: version: '3.7.1', revision: '8a0099a', time: '2017-11-06T21:07:36.161Z'
System info: host: 'APRIL-PC', ip: '10.10.31.99', os.name: 'Windows 7', os.arch: 'amd64', os.version: '6.1', java.version: '1.8.0_102'
Driver info: driver.version: unknown)

2019-09-17 11:11:30 - [TEST_STEP][FAILED] - verifyElementVisible: Unable to verify object 'Object Repository/CONSUMER/Settings/textlabel_PostalCode' is visible (Root cause: com.kms.katalon.core.webui.exception.BrowserNotOpenedException: Browser is not opened
Build info: version: '3.7.1', revision: '8a0099a', time: '2017-11-06T21:07:36.161Z'
System info: host: 'APRIL-PC', ip: '10.10.31.99', os.name: 'Windows 7', os.arch: 'amd64', os.version: '6.1', java.version: '1.8.0_102'
Driver info: driver.version: unknown)

2019-09-17 11:11:30 - [MESSAGE][WARNING] - Cannot take screenshot

2019-09-17 11:11:30 - [MESSAGE][FAILED] - Unable to verify object 'Object Repository/CONSUMER/Settings/textlabel_PostalCode' is visible (Root cause: com.kms.katalon.core.webui.exception.BrowserNotOpenedException: Browser is not opened
Build info: version: '3.7.1', revision: '8a0099a', time: '2017-11-06T21:07:36.161Z'
System info: host: 'APRIL-PC', ip: '10.10.31.99', os.name: 'Windows 7', os.arch: 'amd64', os.version: '6.1', java.version: '1.8.0_102'
Driver info: driver.version: unknown)]]></system-out>
         <system-err><![CDATA[2019-09-17 11:11:30 - [TEST_CASE][FAILED] - Test Cases/CONSUMER/Settings/UI/31_textlabelPostalCode: Test Cases/CONSUMER/Settings/UI/31_textlabelPostalCode FAILED because (of) Unable to wait for object 'Object Repository/CONSUMER/Settings/textfield_FirstNameAddress' to be visible (Root cause: com.kms.katalon.core.webui.exception.BrowserNotOpenedException: Browser is not opened
Build info: version: '3.7.1', revision: '8a0099a', time: '2017-11-06T21:07:36.161Z'
System info: host: 'APRIL-PC', ip: '10.10.31.99', os.name: 'Windows 7', os.arch: 'amd64', os.version: '6.1', java.version: '1.8.0_102'
Driver info: driver.version: unknown)]]></system-err>
      </testcase>
      <testcase name="Test Cases/CONSUMER/Settings/UI/33_buttonPrevious" classname="Test Cases/CONSUMER/Settings/UI/33_buttonPrevious" status="FAILED">
         <failure type="FAILED" message="Unable to wait for object 'Object Repository/CONSUMER/Settings/textfield_FirstNameAddress' to be visible (Root cause: com.kms.katalon.core.webui.exception.BrowserNotOpenedException: Browser is not opened
Build info: version: '3.7.1', revision: '8a0099a', time: '2017-11-06T21:07:36.161Z'
System info: host: 'APRIL-PC', ip: '10.10.31.99', os.name: 'Windows 7', os.arch: 'amd64', os.version: '6.1', java.version: '1.8.0_102'
Driver info: driver.version: unknown)"/>
         <system-out><![CDATA[2019-09-17 11:11:30 - [TEST_CASE][FAILED] - Test Cases/CONSUMER/Settings/UI/33_buttonPrevious: Test Cases/CONSUMER/Settings/UI/33_buttonPrevious FAILED because (of) Unable to wait for object 'Object Repository/CONSUMER/Settings/textfield_FirstNameAddress' to be visible (Root cause: com.kms.katalon.core.webui.exception.BrowserNotOpenedException: Browser is not opened
Build info: version: '3.7.1', revision: '8a0099a', time: '2017-11-06T21:07:36.161Z'
System info: host: 'APRIL-PC', ip: '10.10.31.99', os.name: 'Windows 7', os.arch: 'amd64', os.version: '6.1', java.version: '1.8.0_102'
Driver info: driver.version: unknown)

2019-09-17 11:11:30 - [TEST_STEP][FAILED] - waitForElementVisible: Unable to wait for object 'Object Repository/CONSUMER/Settings/textfield_FirstNameAddress' to be visible (Root cause: com.kms.katalon.core.webui.exception.BrowserNotOpenedException: Browser is not opened
Build info: version: '3.7.1', revision: '8a0099a', time: '2017-11-06T21:07:36.161Z'
System info: host: 'APRIL-PC', ip: '10.10.31.99', os.name: 'Windows 7', os.arch: 'amd64', os.version: '6.1', java.version: '1.8.0_102'
Driver info: driver.version: unknown)

2019-09-17 11:11:30 - [MESSAGE][WARNING] - Timeout '0' is invalid. Using default page load timeout: '30'

2019-09-17 11:11:30 - [MESSAGE][WARNING] - Cannot take screenshot

2019-09-17 11:11:30 - [MESSAGE][FAILED] - Unable to wait for object 'Object Repository/CONSUMER/Settings/textfield_FirstNameAddress' to be visible (Root cause: com.kms.katalon.core.webui.exception.BrowserNotOpenedException: Browser is not opened
Build info: version: '3.7.1', revision: '8a0099a', time: '2017-11-06T21:07:36.161Z'
System info: host: 'APRIL-PC', ip: '10.10.31.99', os.name: 'Windows 7', os.arch: 'amd64', os.version: '6.1', java.version: '1.8.0_102'
Driver info: driver.version: unknown)

2019-09-17 11:11:30 - [TEST_STEP][FAILED] - scrollToElement: Unable to scroll to object 'Object Repository/CONSUMER/Settings/button_Previous' (Root cause: com.kms.katalon.core.webui.exception.BrowserNotOpenedException: Browser is not opened
Build info: version: '3.7.1', revision: '8a0099a', time: '2017-11-06T21:07:36.161Z'
System info: host: 'APRIL-PC', ip: '10.10.31.99', os.name: 'Windows 7', os.arch: 'amd64', os.version: '6.1', java.version: '1.8.0_102'
Driver info: driver.version: unknown)

2019-09-17 11:11:30 - [MESSAGE][WARNING] - Timeout '0' is invalid. Using default page load timeout: '30'

2019-09-17 11:11:30 - [MESSAGE][WARNING] - Cannot take screenshot

2019-09-17 11:11:30 - [MESSAGE][FAILED] - Unable to scroll to object 'Object Repository/CONSUMER/Settings/button_Previous' (Root cause: com.kms.katalon.core.webui.exception.BrowserNotOpenedException: Browser is not opened
Build info: version: '3.7.1', revision: '8a0099a', time: '2017-11-06T21:07:36.161Z'
System info: host: 'APRIL-PC', ip: '10.10.31.99', os.name: 'Windows 7', os.arch: 'amd64', os.version: '6.1', java.version: '1.8.0_102'
Driver info: driver.version: unknown)

2019-09-17 11:11:30 - [TEST_STEP][FAILED] - verifyElementVisible: Unable to verify object 'Object Repository/CONSUMER/Settings/button_Previous' is visible (Root cause: com.kms.katalon.core.webui.exception.BrowserNotOpenedException: Browser is not opened
Build info: version: '3.7.1', revision: '8a0099a', time: '2017-11-06T21:07:36.161Z'
System info: host: 'APRIL-PC', ip: '10.10.31.99', os.name: 'Windows 7', os.arch: 'amd64', os.version: '6.1', java.version: '1.8.0_102'
Driver info: driver.version: unknown)

2019-09-17 11:11:30 - [MESSAGE][WARNING] - Cannot take screenshot

2019-09-17 11:11:30 - [MESSAGE][FAILED] - Unable to verify object 'Object Repository/CONSUMER/Settings/button_Previous' is visible (Root cause: com.kms.katalon.core.webui.exception.BrowserNotOpenedException: Browser is not opened
Build info: version: '3.7.1', revision: '8a0099a', time: '2017-11-06T21:07:36.161Z'
System info: host: 'APRIL-PC', ip: '10.10.31.99', os.name: 'Windows 7', os.arch: 'amd64', os.version: '6.1', java.version: '1.8.0_102'
Driver info: driver.version: unknown)]]></system-out>
         <system-err><![CDATA[2019-09-17 11:11:30 - [TEST_CASE][FAILED] - Test Cases/CONSUMER/Settings/UI/33_buttonPrevious: Test Cases/CONSUMER/Settings/UI/33_buttonPrevious FAILED because (of) Unable to wait for object 'Object Repository/CONSUMER/Settings/textfield_FirstNameAddress' to be visible (Root cause: com.kms.katalon.core.webui.exception.BrowserNotOpenedException: Browser is not opened
Build info: version: '3.7.1', revision: '8a0099a', time: '2017-11-06T21:07:36.161Z'
System info: host: 'APRIL-PC', ip: '10.10.31.99', os.name: 'Windows 7', os.arch: 'amd64', os.version: '6.1', java.version: '1.8.0_102'
Driver info: driver.version: unknown)]]></system-err>
      </testcase>
      <testcase name="Test Cases/CONSUMER/Settings/UI/34_buttonAdd" classname="Test Cases/CONSUMER/Settings/UI/34_buttonAdd" status="FAILED">
         <failure type="FAILED" message="Unable to wait for object 'Object Repository/CONSUMER/Settings/textfield_FirstNameAddress' to be visible (Root cause: com.kms.katalon.core.webui.exception.BrowserNotOpenedException: Browser is not opened
Build info: version: '3.7.1', revision: '8a0099a', time: '2017-11-06T21:07:36.161Z'
System info: host: 'APRIL-PC', ip: '10.10.31.99', os.name: 'Windows 7', os.arch: 'amd64', os.version: '6.1', java.version: '1.8.0_102'
Driver info: driver.version: unknown)"/>
         <system-out><![CDATA[2019-09-17 11:11:31 - [TEST_CASE][FAILED] - Test Cases/CONSUMER/Settings/UI/34_buttonAdd: Test Cases/CONSUMER/Settings/UI/34_buttonAdd FAILED because (of) Unable to wait for object 'Object Repository/CONSUMER/Settings/textfield_FirstNameAddress' to be visible (Root cause: com.kms.katalon.core.webui.exception.BrowserNotOpenedException: Browser is not opened
Build info: version: '3.7.1', revision: '8a0099a', time: '2017-11-06T21:07:36.161Z'
System info: host: 'APRIL-PC', ip: '10.10.31.99', os.name: 'Windows 7', os.arch: 'amd64', os.version: '6.1', java.version: '1.8.0_102'
Driver info: driver.version: unknown)

2019-09-17 11:11:31 - [TEST_STEP][FAILED] - waitForElementVisible: Unable to wait for object 'Object Repository/CONSUMER/Settings/textfield_FirstNameAddress' to be visible (Root cause: com.kms.katalon.core.webui.exception.BrowserNotOpenedException: Browser is not opened
Build info: version: '3.7.1', revision: '8a0099a', time: '2017-11-06T21:07:36.161Z'
System info: host: 'APRIL-PC', ip: '10.10.31.99', os.name: 'Windows 7', os.arch: 'amd64', os.version: '6.1', java.version: '1.8.0_102'
Driver info: driver.version: unknown)

2019-09-17 11:11:31 - [MESSAGE][WARNING] - Timeout '0' is invalid. Using default page load timeout: '30'

2019-09-17 11:11:31 - [MESSAGE][WARNING] - Cannot take screenshot

2019-09-17 11:11:31 - [MESSAGE][FAILED] - Unable to wait for object 'Object Repository/CONSUMER/Settings/textfield_FirstNameAddress' to be visible (Root cause: com.kms.katalon.core.webui.exception.BrowserNotOpenedException: Browser is not opened
Build info: version: '3.7.1', revision: '8a0099a', time: '2017-11-06T21:07:36.161Z'
System info: host: 'APRIL-PC', ip: '10.10.31.99', os.name: 'Windows 7', os.arch: 'amd64', os.version: '6.1', java.version: '1.8.0_102'
Driver info: driver.version: unknown)

2019-09-17 11:11:31 - [TEST_STEP][FAILED] - scrollToElement: Unable to scroll to object 'Object Repository/CONSUMER/Settings/button_Add' (Root cause: com.kms.katalon.core.webui.exception.BrowserNotOpenedException: Browser is not opened
Build info: version: '3.7.1', revision: '8a0099a', time: '2017-11-06T21:07:36.161Z'
System info: host: 'APRIL-PC', ip: '10.10.31.99', os.name: 'Windows 7', os.arch: 'amd64', os.version: '6.1', java.version: '1.8.0_102'
Driver info: driver.version: unknown)

2019-09-17 11:11:31 - [MESSAGE][WARNING] - Timeout '0' is invalid. Using default page load timeout: '30'

2019-09-17 11:11:31 - [MESSAGE][WARNING] - Cannot take screenshot

2019-09-17 11:11:31 - [MESSAGE][FAILED] - Unable to scroll to object 'Object Repository/CONSUMER/Settings/button_Add' (Root cause: com.kms.katalon.core.webui.exception.BrowserNotOpenedException: Browser is not opened
Build info: version: '3.7.1', revision: '8a0099a', time: '2017-11-06T21:07:36.161Z'
System info: host: 'APRIL-PC', ip: '10.10.31.99', os.name: 'Windows 7', os.arch: 'amd64', os.version: '6.1', java.version: '1.8.0_102'
Driver info: driver.version: unknown)

2019-09-17 11:11:31 - [TEST_STEP][FAILED] - verifyElementVisible: Unable to verify object 'Object Repository/CONSUMER/Settings/button_Add' is visible (Root cause: com.kms.katalon.core.webui.exception.BrowserNotOpenedException: Browser is not opened
Build info: version: '3.7.1', revision: '8a0099a', time: '2017-11-06T21:07:36.161Z'
System info: host: 'APRIL-PC', ip: '10.10.31.99', os.name: 'Windows 7', os.arch: 'amd64', os.version: '6.1', java.version: '1.8.0_102'
Driver info: driver.version: unknown)

2019-09-17 11:11:31 - [MESSAGE][WARNING] - Cannot take screenshot

2019-09-17 11:11:31 - [MESSAGE][FAILED] - Unable to verify object 'Object Repository/CONSUMER/Settings/button_Add' is visible (Root cause: com.kms.katalon.core.webui.exception.BrowserNotOpenedException: Browser is not opened
Build info: version: '3.7.1', revision: '8a0099a', time: '2017-11-06T21:07:36.161Z'
System info: host: 'APRIL-PC', ip: '10.10.31.99', os.name: 'Windows 7', os.arch: 'amd64', os.version: '6.1', java.version: '1.8.0_102'
Driver info: driver.version: unknown)]]></system-out>
         <system-err><![CDATA[2019-09-17 11:11:31 - [TEST_CASE][FAILED] - Test Cases/CONSUMER/Settings/UI/34_buttonAdd: Test Cases/CONSUMER/Settings/UI/34_buttonAdd FAILED because (of) Unable to wait for object 'Object Repository/CONSUMER/Settings/textfield_FirstNameAddress' to be visible (Root cause: com.kms.katalon.core.webui.exception.BrowserNotOpenedException: Browser is not opened
Build info: version: '3.7.1', revision: '8a0099a', time: '2017-11-06T21:07:36.161Z'
System info: host: 'APRIL-PC', ip: '10.10.31.99', os.name: 'Windows 7', os.arch: 'amd64', os.version: '6.1', java.version: '1.8.0_102'
Driver info: driver.version: unknown)]]></system-err>
      </testcase>
      <testcase name="Test Cases/CONSUMER/Settings/Simple/dataInput_Addresstab" classname="Test Cases/CONSUMER/Settings/Simple/dataInput_Addresstab" status="FAILED">
         <failure type="FAILED" message="Unable to wait for object 'Object Repository/CONSUMER/Settings/textfield_FirstNameAddress' to be visible (Root cause: com.kms.katalon.core.webui.exception.BrowserNotOpenedException: Browser is not opened
Build info: version: '3.7.1', revision: '8a0099a', time: '2017-11-06T21:07:36.161Z'
System info: host: 'APRIL-PC', ip: '10.10.31.99', os.name: 'Windows 7', os.arch: 'amd64', os.version: '6.1', java.version: '1.8.0_102'
Driver info: driver.version: unknown)"/>
         <system-out><![CDATA[2019-09-17 11:11:31 - [TEST_CASE][FAILED] - Test Cases/CONSUMER/Settings/Simple/dataInput_Addresstab: Test Cases/CONSUMER/Settings/Simple/dataInput_Addresstab FAILED because (of) Unable to wait for object 'Object Repository/CONSUMER/Settings/textfield_FirstNameAddress' to be visible (Root cause: com.kms.katalon.core.webui.exception.BrowserNotOpenedException: Browser is not opened
Build info: version: '3.7.1', revision: '8a0099a', time: '2017-11-06T21:07:36.161Z'
System info: host: 'APRIL-PC', ip: '10.10.31.99', os.name: 'Windows 7', os.arch: 'amd64', os.version: '6.1', java.version: '1.8.0_102'
Driver info: driver.version: unknown)

2019-09-17 11:11:31 - [TEST_STEP][FAILED] - waitForElementVisible: Unable to wait for object 'Object Repository/CONSUMER/Settings/textfield_FirstNameAddress' to be visible (Root cause: com.kms.katalon.core.webui.exception.BrowserNotOpenedException: Browser is not opened
Build info: version: '3.7.1', revision: '8a0099a', time: '2017-11-06T21:07:36.161Z'
System info: host: 'APRIL-PC', ip: '10.10.31.99', os.name: 'Windows 7', os.arch: 'amd64', os.version: '6.1', java.version: '1.8.0_102'
Driver info: driver.version: unknown)

2019-09-17 11:11:31 - [MESSAGE][WARNING] - Timeout '0' is invalid. Using default page load timeout: '30'

2019-09-17 11:11:31 - [MESSAGE][WARNING] - Cannot take screenshot

2019-09-17 11:11:31 - [MESSAGE][FAILED] - Unable to wait for object 'Object Repository/CONSUMER/Settings/textfield_FirstNameAddress' to be visible (Root cause: com.kms.katalon.core.webui.exception.BrowserNotOpenedException: Browser is not opened
Build info: version: '3.7.1', revision: '8a0099a', time: '2017-11-06T21:07:36.161Z'
System info: host: 'APRIL-PC', ip: '10.10.31.99', os.name: 'Windows 7', os.arch: 'amd64', os.version: '6.1', java.version: '1.8.0_102'
Driver info: driver.version: unknown)

2019-09-17 11:11:31 - [TEST_STEP][PASSED] - comment: add First Name

2019-09-17 11:11:32 - [TEST_STEP][FAILED] - setText: Unable to set text 'Jane' of object 'Object Repository/CONSUMER/Settings/textfield_FirstNameAddress' (Root cause: com.kms.katalon.core.webui.exception.BrowserNotOpenedException: Browser is not opened
Build info: version: '3.7.1', revision: '8a0099a', time: '2017-11-06T21:07:36.161Z'
System info: host: 'APRIL-PC', ip: '10.10.31.99', os.name: 'Windows 7', os.arch: 'amd64', os.version: '6.1', java.version: '1.8.0_102'
Driver info: driver.version: unknown)

2019-09-17 11:11:32 - [MESSAGE][WARNING] - Cannot take screenshot

2019-09-17 11:11:32 - [MESSAGE][FAILED] - Unable to set text 'Jane' of object 'Object Repository/CONSUMER/Settings/textfield_FirstNameAddress' (Root cause: com.kms.katalon.core.webui.exception.BrowserNotOpenedException: Browser is not opened
Build info: version: '3.7.1', revision: '8a0099a', time: '2017-11-06T21:07:36.161Z'
System info: host: 'APRIL-PC', ip: '10.10.31.99', os.name: 'Windows 7', os.arch: 'amd64', os.version: '6.1', java.version: '1.8.0_102'
Driver info: driver.version: unknown)

2019-09-17 11:11:32 - [TEST_STEP][PASSED] - comment: add Last Name

2019-09-17 11:11:32 - [TEST_STEP][FAILED] - setText: Unable to set text 'Doe' of object 'Object Repository/CONSUMER/Settings/textfield_LastNameAddress' (Root cause: com.kms.katalon.core.webui.exception.BrowserNotOpenedException: Browser is not opened
Build info: version: '3.7.1', revision: '8a0099a', time: '2017-11-06T21:07:36.161Z'
System info: host: 'APRIL-PC', ip: '10.10.31.99', os.name: 'Windows 7', os.arch: 'amd64', os.version: '6.1', java.version: '1.8.0_102'
Driver info: driver.version: unknown)

2019-09-17 11:11:32 - [MESSAGE][WARNING] - Cannot take screenshot

2019-09-17 11:11:32 - [MESSAGE][FAILED] - Unable to set text 'Doe' of object 'Object Repository/CONSUMER/Settings/textfield_LastNameAddress' (Root cause: com.kms.katalon.core.webui.exception.BrowserNotOpenedException: Browser is not opened
Build info: version: '3.7.1', revision: '8a0099a', time: '2017-11-06T21:07:36.161Z'
System info: host: 'APRIL-PC', ip: '10.10.31.99', os.name: 'Windows 7', os.arch: 'amd64', os.version: '6.1', java.version: '1.8.0_102'
Driver info: driver.version: unknown)

2019-09-17 11:11:32 - [TEST_STEP][PASSED] - comment: add Address

2019-09-17 11:11:32 - [TEST_STEP][FAILED] - setText: Unable to set text 'Room 315 RDM Bldg. 2' of object 'Object Repository/CONSUMER/Settings/textfield_Address' (Root cause: com.kms.katalon.core.webui.exception.BrowserNotOpenedException: Browser is not opened
Build info: version: '3.7.1', revision: '8a0099a', time: '2017-11-06T21:07:36.161Z'
System info: host: 'APRIL-PC', ip: '10.10.31.99', os.name: 'Windows 7', os.arch: 'amd64', os.version: '6.1', java.version: '1.8.0_102'
Driver info: driver.version: unknown)

2019-09-17 11:11:32 - [MESSAGE][WARNING] - Cannot take screenshot

2019-09-17 11:11:32 - [MESSAGE][FAILED] - Unable to set text 'Room 315 RDM Bldg. 2' of object 'Object Repository/CONSUMER/Settings/textfield_Address' (Root cause: com.kms.katalon.core.webui.exception.BrowserNotOpenedException: Browser is not opened
Build info: version: '3.7.1', revision: '8a0099a', time: '2017-11-06T21:07:36.161Z'
System info: host: 'APRIL-PC', ip: '10.10.31.99', os.name: 'Windows 7', os.arch: 'amd64', os.version: '6.1', java.version: '1.8.0_102'
Driver info: driver.version: unknown)

2019-09-17 11:11:32 - [TEST_STEP][PASSED] - comment: add Country

2019-09-17 11:11:32 - [TEST_STEP][FAILED] - selectOptionByLabel: Unable to select option by label 'Philippines' of object 'Object Repository/CONSUMER/Settings/dropdown_Country'  (Root cause: com.kms.katalon.core.webui.exception.BrowserNotOpenedException: Browser is not opened
Build info: version: '3.7.1', revision: '8a0099a', time: '2017-11-06T21:07:36.161Z'
System info: host: 'APRIL-PC', ip: '10.10.31.99', os.name: 'Windows 7', os.arch: 'amd64', os.version: '6.1', java.version: '1.8.0_102'
Driver info: driver.version: unknown)

2019-09-17 11:11:32 - [MESSAGE][WARNING] - Cannot take screenshot

2019-09-17 11:11:32 - [MESSAGE][FAILED] - Unable to select option by label 'Philippines' of object 'Object Repository/CONSUMER/Settings/dropdown_Country'  (Root cause: com.kms.katalon.core.webui.exception.BrowserNotOpenedException: Browser is not opened
Build info: version: '3.7.1', revision: '8a0099a', time: '2017-11-06T21:07:36.161Z'
System info: host: 'APRIL-PC', ip: '10.10.31.99', os.name: 'Windows 7', os.arch: 'amd64', os.version: '6.1', java.version: '1.8.0_102'
Driver info: driver.version: unknown)

2019-09-17 11:11:32 - [TEST_STEP][PASSED] - comment: add State

2019-09-17 11:11:32 - [TEST_STEP][FAILED] - setText: Unable to set text 'Pandacan' of object 'Object Repository/CONSUMER/Settings/textfield_State' (Root cause: com.kms.katalon.core.webui.exception.BrowserNotOpenedException: Browser is not opened
Build info: version: '3.7.1', revision: '8a0099a', time: '2017-11-06T21:07:36.161Z'
System info: host: 'APRIL-PC', ip: '10.10.31.99', os.name: 'Windows 7', os.arch: 'amd64', os.version: '6.1', java.version: '1.8.0_102'
Driver info: driver.version: unknown)

2019-09-17 11:11:32 - [MESSAGE][WARNING] - Cannot take screenshot

2019-09-17 11:11:32 - [MESSAGE][FAILED] - Unable to set text 'Pandacan' of object 'Object Repository/CONSUMER/Settings/textfield_State' (Root cause: com.kms.katalon.core.webui.exception.BrowserNotOpenedException: Browser is not opened
Build info: version: '3.7.1', revision: '8a0099a', time: '2017-11-06T21:07:36.161Z'
System info: host: 'APRIL-PC', ip: '10.10.31.99', os.name: 'Windows 7', os.arch: 'amd64', os.version: '6.1', java.version: '1.8.0_102'
Driver info: driver.version: unknown)

2019-09-17 11:11:32 - [TEST_STEP][PASSED] - comment: add City

2019-09-17 11:11:32 - [TEST_STEP][FAILED] - setText: Unable to set text 'Metro Manila' of object 'Object Repository/CONSUMER/Settings/textfield_City' (Root cause: com.kms.katalon.core.webui.exception.BrowserNotOpenedException: Browser is not opened
Build info: version: '3.7.1', revision: '8a0099a', time: '2017-11-06T21:07:36.161Z'
System info: host: 'APRIL-PC', ip: '10.10.31.99', os.name: 'Windows 7', os.arch: 'amd64', os.version: '6.1', java.version: '1.8.0_102'
Driver info: driver.version: unknown)

2019-09-17 11:11:32 - [MESSAGE][WARNING] - Cannot take screenshot

2019-09-17 11:11:32 - [MESSAGE][FAILED] - Unable to set text 'Metro Manila' of object 'Object Repository/CONSUMER/Settings/textfield_City' (Root cause: com.kms.katalon.core.webui.exception.BrowserNotOpenedException: Browser is not opened
Build info: version: '3.7.1', revision: '8a0099a', time: '2017-11-06T21:07:36.161Z'
System info: host: 'APRIL-PC', ip: '10.10.31.99', os.name: 'Windows 7', os.arch: 'amd64', os.version: '6.1', java.version: '1.8.0_102'
Driver info: driver.version: unknown)

2019-09-17 11:11:32 - [TEST_STEP][PASSED] - comment: add Postal Code

2019-09-17 11:11:32 - [TEST_STEP][FAILED] - setText: Unable to set text '1001' of object 'Object Repository/CONSUMER/Settings/textfield_PostalCode' (Root cause: com.kms.katalon.core.webui.exception.BrowserNotOpenedException: Browser is not opened
Build info: version: '3.7.1', revision: '8a0099a', time: '2017-11-06T21:07:36.161Z'
System info: host: 'APRIL-PC', ip: '10.10.31.99', os.name: 'Windows 7', os.arch: 'amd64', os.version: '6.1', java.version: '1.8.0_102'
Driver info: driver.version: unknown)

2019-09-17 11:11:32 - [MESSAGE][WARNING] - Cannot take screenshot

2019-09-17 11:11:32 - [MESSAGE][FAILED] - Unable to set text '1001' of object 'Object Repository/CONSUMER/Settings/textfield_PostalCode' (Root cause: com.kms.katalon.core.webui.exception.BrowserNotOpenedException: Browser is not opened
Build info: version: '3.7.1', revision: '8a0099a', time: '2017-11-06T21:07:36.161Z'
System info: host: 'APRIL-PC', ip: '10.10.31.99', os.name: 'Windows 7', os.arch: 'amd64', os.version: '6.1', java.version: '1.8.0_102'
Driver info: driver.version: unknown)

2019-09-17 11:11:32 - [TEST_STEP][FAILED] - scrollToElement: Unable to scroll to object 'Object Repository/CONSUMER/Settings/button_Add' (Root cause: com.kms.katalon.core.webui.exception.BrowserNotOpenedException: Browser is not opened
Build info: version: '3.7.1', revision: '8a0099a', time: '2017-11-06T21:07:36.161Z'
System info: host: 'APRIL-PC', ip: '10.10.31.99', os.name: 'Windows 7', os.arch: 'amd64', os.version: '6.1', java.version: '1.8.0_102'
Driver info: driver.version: unknown)

2019-09-17 11:11:32 - [MESSAGE][WARNING] - Timeout '0' is invalid. Using default page load timeout: '30'

2019-09-17 11:11:32 - [MESSAGE][WARNING] - Cannot take screenshot

2019-09-17 11:11:32 - [MESSAGE][FAILED] - Unable to scroll to object 'Object Repository/CONSUMER/Settings/button_Add' (Root cause: com.kms.katalon.core.webui.exception.BrowserNotOpenedException: Browser is not opened
Build info: version: '3.7.1', revision: '8a0099a', time: '2017-11-06T21:07:36.161Z'
System info: host: 'APRIL-PC', ip: '10.10.31.99', os.name: 'Windows 7', os.arch: 'amd64', os.version: '6.1', java.version: '1.8.0_102'
Driver info: driver.version: unknown)

2019-09-17 11:11:32 - [TEST_STEP][FAILED] - click: Unable to click on object 'Object Repository/CONSUMER/Settings/button_Add' (Root cause: com.kms.katalon.core.webui.exception.BrowserNotOpenedException: Browser is not opened
Build info: version: '3.7.1', revision: '8a0099a', time: '2017-11-06T21:07:36.161Z'
System info: host: 'APRIL-PC', ip: '10.10.31.99', os.name: 'Windows 7', os.arch: 'amd64', os.version: '6.1', java.version: '1.8.0_102'
Driver info: driver.version: unknown)

2019-09-17 11:11:32 - [MESSAGE][WARNING] - Cannot take screenshot

2019-09-17 11:11:32 - [MESSAGE][FAILED] - Unable to click on object 'Object Repository/CONSUMER/Settings/button_Add' (Root cause: com.kms.katalon.core.webui.exception.BrowserNotOpenedException: Browser is not opened
Build info: version: '3.7.1', revision: '8a0099a', time: '2017-11-06T21:07:36.161Z'
System info: host: 'APRIL-PC', ip: '10.10.31.99', os.name: 'Windows 7', os.arch: 'amd64', os.version: '6.1', java.version: '1.8.0_102'
Driver info: driver.version: unknown)

2019-09-17 11:11:32 - [TEST_STEP][FAILED] - waitForElementVisible: Unable to wait for object 'Object Repository/CONSUMER/Settings/link_AddDeliveryAddress' to be visible (Root cause: com.kms.katalon.core.webui.exception.BrowserNotOpenedException: Browser is not opened
Build info: version: '3.7.1', revision: '8a0099a', time: '2017-11-06T21:07:36.161Z'
System info: host: 'APRIL-PC', ip: '10.10.31.99', os.name: 'Windows 7', os.arch: 'amd64', os.version: '6.1', java.version: '1.8.0_102'
Driver info: driver.version: unknown)

2019-09-17 11:11:32 - [MESSAGE][WARNING] - Timeout '0' is invalid. Using default page load timeout: '30'

2019-09-17 11:11:32 - [MESSAGE][WARNING] - Cannot take screenshot

2019-09-17 11:11:32 - [MESSAGE][FAILED] - Unable to wait for object 'Object Repository/CONSUMER/Settings/link_AddDeliveryAddress' to be visible (Root cause: com.kms.katalon.core.webui.exception.BrowserNotOpenedException: Browser is not opened
Build info: version: '3.7.1', revision: '8a0099a', time: '2017-11-06T21:07:36.161Z'
System info: host: 'APRIL-PC', ip: '10.10.31.99', os.name: 'Windows 7', os.arch: 'amd64', os.version: '6.1', java.version: '1.8.0_102'
Driver info: driver.version: unknown)]]></system-out>
         <system-err><![CDATA[2019-09-17 11:11:31 - [TEST_CASE][FAILED] - Test Cases/CONSUMER/Settings/Simple/dataInput_Addresstab: Test Cases/CONSUMER/Settings/Simple/dataInput_Addresstab FAILED because (of) Unable to wait for object 'Object Repository/CONSUMER/Settings/textfield_FirstNameAddress' to be visible (Root cause: com.kms.katalon.core.webui.exception.BrowserNotOpenedException: Browser is not opened
Build info: version: '3.7.1', revision: '8a0099a', time: '2017-11-06T21:07:36.161Z'
System info: host: 'APRIL-PC', ip: '10.10.31.99', os.name: 'Windows 7', os.arch: 'amd64', os.version: '6.1', java.version: '1.8.0_102'
Driver info: driver.version: unknown)]]></system-err>
      </testcase>
      <testcase name="Test Cases/CONSUMER/Settings/UI/18_buttonAddDeliveryAddress" classname="Test Cases/CONSUMER/Settings/UI/18_buttonAddDeliveryAddress" status="FAILED">
         <failure type="FAILED" message="Unable to wait for object 'Object Repository/CONSUMER/Settings/link_AddDeliveryAddress' to be visible (Root cause: com.kms.katalon.core.webui.exception.BrowserNotOpenedException: Browser is not opened
Build info: version: '3.7.1', revision: '8a0099a', time: '2017-11-06T21:07:36.161Z'
System info: host: 'APRIL-PC', ip: '10.10.31.99', os.name: 'Windows 7', os.arch: 'amd64', os.version: '6.1', java.version: '1.8.0_102'
Driver info: driver.version: unknown)"/>
         <system-out><![CDATA[2019-09-17 11:11:33 - [TEST_CASE][FAILED] - Test Cases/CONSUMER/Settings/UI/18_buttonAddDeliveryAddress: Test Cases/CONSUMER/Settings/UI/18_buttonAddDeliveryAddress FAILED because (of) Unable to wait for object 'Object Repository/CONSUMER/Settings/link_AddDeliveryAddress' to be visible (Root cause: com.kms.katalon.core.webui.exception.BrowserNotOpenedException: Browser is not opened
Build info: version: '3.7.1', revision: '8a0099a', time: '2017-11-06T21:07:36.161Z'
System info: host: 'APRIL-PC', ip: '10.10.31.99', os.name: 'Windows 7', os.arch: 'amd64', os.version: '6.1', java.version: '1.8.0_102'
Driver info: driver.version: unknown)

2019-09-17 11:11:33 - [TEST_STEP][FAILED] - waitForElementVisible: Unable to wait for object 'Object Repository/CONSUMER/Settings/link_AddDeliveryAddress' to be visible (Root cause: com.kms.katalon.core.webui.exception.BrowserNotOpenedException: Browser is not opened
Build info: version: '3.7.1', revision: '8a0099a', time: '2017-11-06T21:07:36.161Z'
System info: host: 'APRIL-PC', ip: '10.10.31.99', os.name: 'Windows 7', os.arch: 'amd64', os.version: '6.1', java.version: '1.8.0_102'
Driver info: driver.version: unknown)

2019-09-17 11:11:33 - [MESSAGE][WARNING] - Timeout '0' is invalid. Using default page load timeout: '30'

2019-09-17 11:11:33 - [MESSAGE][WARNING] - Cannot take screenshot

2019-09-17 11:11:33 - [MESSAGE][FAILED] - Unable to wait for object 'Object Repository/CONSUMER/Settings/link_AddDeliveryAddress' to be visible (Root cause: com.kms.katalon.core.webui.exception.BrowserNotOpenedException: Browser is not opened
Build info: version: '3.7.1', revision: '8a0099a', time: '2017-11-06T21:07:36.161Z'
System info: host: 'APRIL-PC', ip: '10.10.31.99', os.name: 'Windows 7', os.arch: 'amd64', os.version: '6.1', java.version: '1.8.0_102'
Driver info: driver.version: unknown)

2019-09-17 11:11:33 - [TEST_STEP][FAILED] - verifyElementVisible: Unable to verify object 'Object Repository/CONSUMER/Settings/link_AddDeliveryAddress' is visible (Root cause: com.kms.katalon.core.webui.exception.BrowserNotOpenedException: Browser is not opened
Build info: version: '3.7.1', revision: '8a0099a', time: '2017-11-06T21:07:36.161Z'
System info: host: 'APRIL-PC', ip: '10.10.31.99', os.name: 'Windows 7', os.arch: 'amd64', os.version: '6.1', java.version: '1.8.0_102'
Driver info: driver.version: unknown)

2019-09-17 11:11:33 - [MESSAGE][WARNING] - Cannot take screenshot

2019-09-17 11:11:33 - [MESSAGE][FAILED] - Unable to verify object 'Object Repository/CONSUMER/Settings/link_AddDeliveryAddress' is visible (Root cause: com.kms.katalon.core.webui.exception.BrowserNotOpenedException: Browser is not opened
Build info: version: '3.7.1', revision: '8a0099a', time: '2017-11-06T21:07:36.161Z'
System info: host: 'APRIL-PC', ip: '10.10.31.99', os.name: 'Windows 7', os.arch: 'amd64', os.version: '6.1', java.version: '1.8.0_102'
Driver info: driver.version: unknown)]]></system-out>
         <system-err><![CDATA[2019-09-17 11:11:33 - [TEST_CASE][FAILED] - Test Cases/CONSUMER/Settings/UI/18_buttonAddDeliveryAddress: Test Cases/CONSUMER/Settings/UI/18_buttonAddDeliveryAddress FAILED because (of) Unable to wait for object 'Object Repository/CONSUMER/Settings/link_AddDeliveryAddress' to be visible (Root cause: com.kms.katalon.core.webui.exception.BrowserNotOpenedException: Browser is not opened
Build info: version: '3.7.1', revision: '8a0099a', time: '2017-11-06T21:07:36.161Z'
System info: host: 'APRIL-PC', ip: '10.10.31.99', os.name: 'Windows 7', os.arch: 'amd64', os.version: '6.1', java.version: '1.8.0_102'
Driver info: driver.version: unknown)]]></system-err>
      </testcase>
      <testcase name="Test Cases/CONSUMER/Settings/UI/35_buttonDelete" classname="Test Cases/CONSUMER/Settings/UI/35_buttonDelete" status="FAILED">
         <failure type="FAILED" message="Unable to wait for object 'Object Repository/CONSUMER/Settings/button_delete' to be visible (Root cause: com.kms.katalon.core.webui.exception.BrowserNotOpenedException: Browser is not opened
Build info: version: '3.7.1', revision: '8a0099a', time: '2017-11-06T21:07:36.161Z'
System info: host: 'APRIL-PC', ip: '10.10.31.99', os.name: 'Windows 7', os.arch: 'amd64', os.version: '6.1', java.version: '1.8.0_102'
Driver info: driver.version: unknown)"/>
         <system-out><![CDATA[2019-09-17 11:11:33 - [TEST_CASE][FAILED] - Test Cases/CONSUMER/Settings/UI/35_buttonDelete: Test Cases/CONSUMER/Settings/UI/35_buttonDelete FAILED because (of) Unable to wait for object 'Object Repository/CONSUMER/Settings/button_delete' to be visible (Root cause: com.kms.katalon.core.webui.exception.BrowserNotOpenedException: Browser is not opened
Build info: version: '3.7.1', revision: '8a0099a', time: '2017-11-06T21:07:36.161Z'
System info: host: 'APRIL-PC', ip: '10.10.31.99', os.name: 'Windows 7', os.arch: 'amd64', os.version: '6.1', java.version: '1.8.0_102'
Driver info: driver.version: unknown)

2019-09-17 11:11:33 - [TEST_STEP][FAILED] - waitForElementVisible: Unable to wait for object 'Object Repository/CONSUMER/Settings/button_delete' to be visible (Root cause: com.kms.katalon.core.webui.exception.BrowserNotOpenedException: Browser is not opened
Build info: version: '3.7.1', revision: '8a0099a', time: '2017-11-06T21:07:36.161Z'
System info: host: 'APRIL-PC', ip: '10.10.31.99', os.name: 'Windows 7', os.arch: 'amd64', os.version: '6.1', java.version: '1.8.0_102'
Driver info: driver.version: unknown)

2019-09-17 11:11:33 - [MESSAGE][WARNING] - Timeout '0' is invalid. Using default page load timeout: '30'

2019-09-17 11:11:33 - [MESSAGE][WARNING] - Cannot take screenshot

2019-09-17 11:11:33 - [MESSAGE][FAILED] - Unable to wait for object 'Object Repository/CONSUMER/Settings/button_delete' to be visible (Root cause: com.kms.katalon.core.webui.exception.BrowserNotOpenedException: Browser is not opened
Build info: version: '3.7.1', revision: '8a0099a', time: '2017-11-06T21:07:36.161Z'
System info: host: 'APRIL-PC', ip: '10.10.31.99', os.name: 'Windows 7', os.arch: 'amd64', os.version: '6.1', java.version: '1.8.0_102'
Driver info: driver.version: unknown)

2019-09-17 11:11:33 - [TEST_STEP][FAILED] - verifyElementVisible: Unable to verify object 'Object Repository/CONSUMER/Settings/button_delete' is visible (Root cause: com.kms.katalon.core.webui.exception.BrowserNotOpenedException: Browser is not opened
Build info: version: '3.7.1', revision: '8a0099a', time: '2017-11-06T21:07:36.161Z'
System info: host: 'APRIL-PC', ip: '10.10.31.99', os.name: 'Windows 7', os.arch: 'amd64', os.version: '6.1', java.version: '1.8.0_102'
Driver info: driver.version: unknown)

2019-09-17 11:11:33 - [MESSAGE][WARNING] - Cannot take screenshot

2019-09-17 11:11:33 - [MESSAGE][FAILED] - Unable to verify object 'Object Repository/CONSUMER/Settings/button_delete' is visible (Root cause: com.kms.katalon.core.webui.exception.BrowserNotOpenedException: Browser is not opened
Build info: version: '3.7.1', revision: '8a0099a', time: '2017-11-06T21:07:36.161Z'
System info: host: 'APRIL-PC', ip: '10.10.31.99', os.name: 'Windows 7', os.arch: 'amd64', os.version: '6.1', java.version: '1.8.0_102'
Driver info: driver.version: unknown)]]></system-out>
         <system-err><![CDATA[2019-09-17 11:11:33 - [TEST_CASE][FAILED] - Test Cases/CONSUMER/Settings/UI/35_buttonDelete: Test Cases/CONSUMER/Settings/UI/35_buttonDelete FAILED because (of) Unable to wait for object 'Object Repository/CONSUMER/Settings/button_delete' to be visible (Root cause: com.kms.katalon.core.webui.exception.BrowserNotOpenedException: Browser is not opened
Build info: version: '3.7.1', revision: '8a0099a', time: '2017-11-06T21:07:36.161Z'
System info: host: 'APRIL-PC', ip: '10.10.31.99', os.name: 'Windows 7', os.arch: 'amd64', os.version: '6.1', java.version: '1.8.0_102'
Driver info: driver.version: unknown)]]></system-err>
      </testcase>
      <testcase name="Test Cases/CONSUMER/Settings/UI/36_textlabelDelete" classname="Test Cases/CONSUMER/Settings/UI/36_textlabelDelete" status="FAILED">
         <failure type="FAILED" message="Unable to wait for object 'Object Repository/CONSUMER/Settings/button_delete' to be visible (Root cause: com.kms.katalon.core.webui.exception.BrowserNotOpenedException: Browser is not opened
Build info: version: '3.7.1', revision: '8a0099a', time: '2017-11-06T21:07:36.161Z'
System info: host: 'APRIL-PC', ip: '10.10.31.99', os.name: 'Windows 7', os.arch: 'amd64', os.version: '6.1', java.version: '1.8.0_102'
Driver info: driver.version: unknown)"/>
         <system-out><![CDATA[2019-09-17 11:11:33 - [TEST_CASE][FAILED] - Test Cases/CONSUMER/Settings/UI/36_textlabelDelete: Test Cases/CONSUMER/Settings/UI/36_textlabelDelete FAILED because (of) Unable to wait for object 'Object Repository/CONSUMER/Settings/button_delete' to be visible (Root cause: com.kms.katalon.core.webui.exception.BrowserNotOpenedException: Browser is not opened
Build info: version: '3.7.1', revision: '8a0099a', time: '2017-11-06T21:07:36.161Z'
System info: host: 'APRIL-PC', ip: '10.10.31.99', os.name: 'Windows 7', os.arch: 'amd64', os.version: '6.1', java.version: '1.8.0_102'
Driver info: driver.version: unknown)

2019-09-17 11:11:33 - [TEST_STEP][FAILED] - waitForElementVisible: Unable to wait for object 'Object Repository/CONSUMER/Settings/button_delete' to be visible (Root cause: com.kms.katalon.core.webui.exception.BrowserNotOpenedException: Browser is not opened
Build info: version: '3.7.1', revision: '8a0099a', time: '2017-11-06T21:07:36.161Z'
System info: host: 'APRIL-PC', ip: '10.10.31.99', os.name: 'Windows 7', os.arch: 'amd64', os.version: '6.1', java.version: '1.8.0_102'
Driver info: driver.version: unknown)

2019-09-17 11:11:33 - [MESSAGE][WARNING] - Timeout '0' is invalid. Using default page load timeout: '30'

2019-09-17 11:11:33 - [MESSAGE][WARNING] - Cannot take screenshot

2019-09-17 11:11:33 - [MESSAGE][FAILED] - Unable to wait for object 'Object Repository/CONSUMER/Settings/button_delete' to be visible (Root cause: com.kms.katalon.core.webui.exception.BrowserNotOpenedException: Browser is not opened
Build info: version: '3.7.1', revision: '8a0099a', time: '2017-11-06T21:07:36.161Z'
System info: host: 'APRIL-PC', ip: '10.10.31.99', os.name: 'Windows 7', os.arch: 'amd64', os.version: '6.1', java.version: '1.8.0_102'
Driver info: driver.version: unknown)

2019-09-17 11:11:33 - [TEST_STEP][FAILED] - click: Unable to click on object 'Object Repository/CONSUMER/Settings/button_delete' (Root cause: com.kms.katalon.core.webui.exception.BrowserNotOpenedException: Browser is not opened
Build info: version: '3.7.1', revision: '8a0099a', time: '2017-11-06T21:07:36.161Z'
System info: host: 'APRIL-PC', ip: '10.10.31.99', os.name: 'Windows 7', os.arch: 'amd64', os.version: '6.1', java.version: '1.8.0_102'
Driver info: driver.version: unknown)

2019-09-17 11:11:33 - [MESSAGE][WARNING] - Cannot take screenshot

2019-09-17 11:11:33 - [MESSAGE][FAILED] - Unable to click on object 'Object Repository/CONSUMER/Settings/button_delete' (Root cause: com.kms.katalon.core.webui.exception.BrowserNotOpenedException: Browser is not opened
Build info: version: '3.7.1', revision: '8a0099a', time: '2017-11-06T21:07:36.161Z'
System info: host: 'APRIL-PC', ip: '10.10.31.99', os.name: 'Windows 7', os.arch: 'amd64', os.version: '6.1', java.version: '1.8.0_102'
Driver info: driver.version: unknown)

2019-09-17 11:11:33 - [TEST_STEP][FAILED] - waitForElementVisible: Unable to wait for object 'Object Repository/CONSUMER/Settings/textlabel_Deletepopup' to be visible (Root cause: com.kms.katalon.core.webui.exception.BrowserNotOpenedException: Browser is not opened
Build info: version: '3.7.1', revision: '8a0099a', time: '2017-11-06T21:07:36.161Z'
System info: host: 'APRIL-PC', ip: '10.10.31.99', os.name: 'Windows 7', os.arch: 'amd64', os.version: '6.1', java.version: '1.8.0_102'
Driver info: driver.version: unknown)

2019-09-17 11:11:33 - [MESSAGE][WARNING] - Timeout '0' is invalid. Using default page load timeout: '30'

2019-09-17 11:11:33 - [MESSAGE][WARNING] - Cannot take screenshot

2019-09-17 11:11:33 - [MESSAGE][FAILED] - Unable to wait for object 'Object Repository/CONSUMER/Settings/textlabel_Deletepopup' to be visible (Root cause: com.kms.katalon.core.webui.exception.BrowserNotOpenedException: Browser is not opened
Build info: version: '3.7.1', revision: '8a0099a', time: '2017-11-06T21:07:36.161Z'
System info: host: 'APRIL-PC', ip: '10.10.31.99', os.name: 'Windows 7', os.arch: 'amd64', os.version: '6.1', java.version: '1.8.0_102'
Driver info: driver.version: unknown)

2019-09-17 11:11:33 - [TEST_STEP][FAILED] - verifyElementVisible: Unable to verify object 'Object Repository/CONSUMER/Settings/textlabel_Deletepopup' is visible (Root cause: com.kms.katalon.core.webui.exception.BrowserNotOpenedException: Browser is not opened
Build info: version: '3.7.1', revision: '8a0099a', time: '2017-11-06T21:07:36.161Z'
System info: host: 'APRIL-PC', ip: '10.10.31.99', os.name: 'Windows 7', os.arch: 'amd64', os.version: '6.1', java.version: '1.8.0_102'
Driver info: driver.version: unknown)

2019-09-17 11:11:33 - [MESSAGE][WARNING] - Cannot take screenshot

2019-09-17 11:11:33 - [MESSAGE][FAILED] - Unable to verify object 'Object Repository/CONSUMER/Settings/textlabel_Deletepopup' is visible (Root cause: com.kms.katalon.core.webui.exception.BrowserNotOpenedException: Browser is not opened
Build info: version: '3.7.1', revision: '8a0099a', time: '2017-11-06T21:07:36.161Z'
System info: host: 'APRIL-PC', ip: '10.10.31.99', os.name: 'Windows 7', os.arch: 'amd64', os.version: '6.1', java.version: '1.8.0_102'
Driver info: driver.version: unknown)]]></system-out>
         <system-err><![CDATA[2019-09-17 11:11:33 - [TEST_CASE][FAILED] - Test Cases/CONSUMER/Settings/UI/36_textlabelDelete: Test Cases/CONSUMER/Settings/UI/36_textlabelDelete FAILED because (of) Unable to wait for object 'Object Repository/CONSUMER/Settings/button_delete' to be visible (Root cause: com.kms.katalon.core.webui.exception.BrowserNotOpenedException: Browser is not opened
Build info: version: '3.7.1', revision: '8a0099a', time: '2017-11-06T21:07:36.161Z'
System info: host: 'APRIL-PC', ip: '10.10.31.99', os.name: 'Windows 7', os.arch: 'amd64', os.version: '6.1', java.version: '1.8.0_102'
Driver info: driver.version: unknown)]]></system-err>
      </testcase>
      <testcase name="Test Cases/CONSUMER/Settings/UI/37_buttonOkay" classname="Test Cases/CONSUMER/Settings/UI/37_buttonOkay" status="FAILED">
         <failure type="FAILED" message="Unable to wait for object 'Object Repository/CONSUMER/Settings/textlabel_Deletepopup' to be visible (Root cause: com.kms.katalon.core.webui.exception.BrowserNotOpenedException: Browser is not opened
Build info: version: '3.7.1', revision: '8a0099a', time: '2017-11-06T21:07:36.161Z'
System info: host: 'APRIL-PC', ip: '10.10.31.99', os.name: 'Windows 7', os.arch: 'amd64', os.version: '6.1', java.version: '1.8.0_102'
Driver info: driver.version: unknown)"/>
         <system-out><![CDATA[2019-09-17 11:11:34 - [TEST_CASE][FAILED] - Test Cases/CONSUMER/Settings/UI/37_buttonOkay: Test Cases/CONSUMER/Settings/UI/37_buttonOkay FAILED because (of) Unable to wait for object 'Object Repository/CONSUMER/Settings/textlabel_Deletepopup' to be visible (Root cause: com.kms.katalon.core.webui.exception.BrowserNotOpenedException: Browser is not opened
Build info: version: '3.7.1', revision: '8a0099a', time: '2017-11-06T21:07:36.161Z'
System info: host: 'APRIL-PC', ip: '10.10.31.99', os.name: 'Windows 7', os.arch: 'amd64', os.version: '6.1', java.version: '1.8.0_102'
Driver info: driver.version: unknown)

2019-09-17 11:11:34 - [TEST_STEP][FAILED] - waitForElementVisible: Unable to wait for object 'Object Repository/CONSUMER/Settings/textlabel_Deletepopup' to be visible (Root cause: com.kms.katalon.core.webui.exception.BrowserNotOpenedException: Browser is not opened
Build info: version: '3.7.1', revision: '8a0099a', time: '2017-11-06T21:07:36.161Z'
System info: host: 'APRIL-PC', ip: '10.10.31.99', os.name: 'Windows 7', os.arch: 'amd64', os.version: '6.1', java.version: '1.8.0_102'
Driver info: driver.version: unknown)

2019-09-17 11:11:34 - [MESSAGE][WARNING] - Timeout '0' is invalid. Using default page load timeout: '30'

2019-09-17 11:11:34 - [MESSAGE][WARNING] - Cannot take screenshot

2019-09-17 11:11:34 - [MESSAGE][FAILED] - Unable to wait for object 'Object Repository/CONSUMER/Settings/textlabel_Deletepopup' to be visible (Root cause: com.kms.katalon.core.webui.exception.BrowserNotOpenedException: Browser is not opened
Build info: version: '3.7.1', revision: '8a0099a', time: '2017-11-06T21:07:36.161Z'
System info: host: 'APRIL-PC', ip: '10.10.31.99', os.name: 'Windows 7', os.arch: 'amd64', os.version: '6.1', java.version: '1.8.0_102'
Driver info: driver.version: unknown)

2019-09-17 11:11:34 - [TEST_STEP][FAILED] - verifyElementVisible: Unable to verify object 'Object Repository/CONSUMER/Settings/button_Okay' is visible (Root cause: com.kms.katalon.core.webui.exception.BrowserNotOpenedException: Browser is not opened
Build info: version: '3.7.1', revision: '8a0099a', time: '2017-11-06T21:07:36.161Z'
System info: host: 'APRIL-PC', ip: '10.10.31.99', os.name: 'Windows 7', os.arch: 'amd64', os.version: '6.1', java.version: '1.8.0_102'
Driver info: driver.version: unknown)

2019-09-17 11:11:34 - [MESSAGE][WARNING] - Cannot take screenshot

2019-09-17 11:11:34 - [MESSAGE][FAILED] - Unable to verify object 'Object Repository/CONSUMER/Settings/button_Okay' is visible (Root cause: com.kms.katalon.core.webui.exception.BrowserNotOpenedException: Browser is not opened
Build info: version: '3.7.1', revision: '8a0099a', time: '2017-11-06T21:07:36.161Z'
System info: host: 'APRIL-PC', ip: '10.10.31.99', os.name: 'Windows 7', os.arch: 'amd64', os.version: '6.1', java.version: '1.8.0_102'
Driver info: driver.version: unknown)]]></system-out>
         <system-err><![CDATA[2019-09-17 11:11:34 - [TEST_CASE][FAILED] - Test Cases/CONSUMER/Settings/UI/37_buttonOkay: Test Cases/CONSUMER/Settings/UI/37_buttonOkay FAILED because (of) Unable to wait for object 'Object Repository/CONSUMER/Settings/textlabel_Deletepopup' to be visible (Root cause: com.kms.katalon.core.webui.exception.BrowserNotOpenedException: Browser is not opened
Build info: version: '3.7.1', revision: '8a0099a', time: '2017-11-06T21:07:36.161Z'
System info: host: 'APRIL-PC', ip: '10.10.31.99', os.name: 'Windows 7', os.arch: 'amd64', os.version: '6.1', java.version: '1.8.0_102'
Driver info: driver.version: unknown)]]></system-err>
      </testcase>
      <testcase name="Test Cases/CONSUMER/Settings/UI/38_buttonCancel" classname="Test Cases/CONSUMER/Settings/UI/38_buttonCancel" status="FAILED">
         <failure type="FAILED" message="Unable to wait for object 'Object Repository/CONSUMER/Settings/textlabel_Deletepopup' to be visible (Root cause: com.kms.katalon.core.webui.exception.BrowserNotOpenedException: Browser is not opened
Build info: version: '3.7.1', revision: '8a0099a', time: '2017-11-06T21:07:36.161Z'
System info: host: 'APRIL-PC', ip: '10.10.31.99', os.name: 'Windows 7', os.arch: 'amd64', os.version: '6.1', java.version: '1.8.0_102'
Driver info: driver.version: unknown)"/>
         <system-out><![CDATA[2019-09-17 11:11:34 - [TEST_CASE][FAILED] - Test Cases/CONSUMER/Settings/UI/38_buttonCancel: Test Cases/CONSUMER/Settings/UI/38_buttonCancel FAILED because (of) Unable to wait for object 'Object Repository/CONSUMER/Settings/textlabel_Deletepopup' to be visible (Root cause: com.kms.katalon.core.webui.exception.BrowserNotOpenedException: Browser is not opened
Build info: version: '3.7.1', revision: '8a0099a', time: '2017-11-06T21:07:36.161Z'
System info: host: 'APRIL-PC', ip: '10.10.31.99', os.name: 'Windows 7', os.arch: 'amd64', os.version: '6.1', java.version: '1.8.0_102'
Driver info: driver.version: unknown)

2019-09-17 11:11:34 - [TEST_STEP][FAILED] - waitForElementVisible: Unable to wait for object 'Object Repository/CONSUMER/Settings/textlabel_Deletepopup' to be visible (Root cause: com.kms.katalon.core.webui.exception.BrowserNotOpenedException: Browser is not opened
Build info: version: '3.7.1', revision: '8a0099a', time: '2017-11-06T21:07:36.161Z'
System info: host: 'APRIL-PC', ip: '10.10.31.99', os.name: 'Windows 7', os.arch: 'amd64', os.version: '6.1', java.version: '1.8.0_102'
Driver info: driver.version: unknown)

2019-09-17 11:11:34 - [MESSAGE][WARNING] - Timeout '0' is invalid. Using default page load timeout: '30'

2019-09-17 11:11:34 - [MESSAGE][WARNING] - Cannot take screenshot

2019-09-17 11:11:34 - [MESSAGE][FAILED] - Unable to wait for object 'Object Repository/CONSUMER/Settings/textlabel_Deletepopup' to be visible (Root cause: com.kms.katalon.core.webui.exception.BrowserNotOpenedException: Browser is not opened
Build info: version: '3.7.1', revision: '8a0099a', time: '2017-11-06T21:07:36.161Z'
System info: host: 'APRIL-PC', ip: '10.10.31.99', os.name: 'Windows 7', os.arch: 'amd64', os.version: '6.1', java.version: '1.8.0_102'
Driver info: driver.version: unknown)

2019-09-17 11:11:34 - [TEST_STEP][FAILED] - verifyElementVisible: Unable to verify object 'Object Repository/CONSUMER/Settings/button_Cancel' is visible (Root cause: com.kms.katalon.core.webui.exception.BrowserNotOpenedException: Browser is not opened
Build info: version: '3.7.1', revision: '8a0099a', time: '2017-11-06T21:07:36.161Z'
System info: host: 'APRIL-PC', ip: '10.10.31.99', os.name: 'Windows 7', os.arch: 'amd64', os.version: '6.1', java.version: '1.8.0_102'
Driver info: driver.version: unknown)

2019-09-17 11:11:34 - [MESSAGE][WARNING] - Cannot take screenshot

2019-09-17 11:11:34 - [MESSAGE][FAILED] - Unable to verify object 'Object Repository/CONSUMER/Settings/button_Cancel' is visible (Root cause: com.kms.katalon.core.webui.exception.BrowserNotOpenedException: Browser is not opened
Build info: version: '3.7.1', revision: '8a0099a', time: '2017-11-06T21:07:36.161Z'
System info: host: 'APRIL-PC', ip: '10.10.31.99', os.name: 'Windows 7', os.arch: 'amd64', os.version: '6.1', java.version: '1.8.0_102'
Driver info: driver.version: unknown)

2019-09-17 11:11:34 - [TEST_STEP][FAILED] - click: Unable to click on object 'Object Repository/CONSUMER/Settings/button_Cancel' (Root cause: com.kms.katalon.core.webui.exception.BrowserNotOpenedException: Browser is not opened
Build info: version: '3.7.1', revision: '8a0099a', time: '2017-11-06T21:07:36.161Z'
System info: host: 'APRIL-PC', ip: '10.10.31.99', os.name: 'Windows 7', os.arch: 'amd64', os.version: '6.1', java.version: '1.8.0_102'
Driver info: driver.version: unknown)

2019-09-17 11:11:34 - [MESSAGE][WARNING] - Cannot take screenshot

2019-09-17 11:11:34 - [MESSAGE][FAILED] - Unable to click on object 'Object Repository/CONSUMER/Settings/button_Cancel' (Root cause: com.kms.katalon.core.webui.exception.BrowserNotOpenedException: Browser is not opened
Build info: version: '3.7.1', revision: '8a0099a', time: '2017-11-06T21:07:36.161Z'
System info: host: 'APRIL-PC', ip: '10.10.31.99', os.name: 'Windows 7', os.arch: 'amd64', os.version: '6.1', java.version: '1.8.0_102'
Driver info: driver.version: unknown)]]></system-out>
         <system-err><![CDATA[2019-09-17 11:11:34 - [TEST_CASE][FAILED] - Test Cases/CONSUMER/Settings/UI/38_buttonCancel: Test Cases/CONSUMER/Settings/UI/38_buttonCancel FAILED because (of) Unable to wait for object 'Object Repository/CONSUMER/Settings/textlabel_Deletepopup' to be visible (Root cause: com.kms.katalon.core.webui.exception.BrowserNotOpenedException: Browser is not opened
Build info: version: '3.7.1', revision: '8a0099a', time: '2017-11-06T21:07:36.161Z'
System info: host: 'APRIL-PC', ip: '10.10.31.99', os.name: 'Windows 7', os.arch: 'amd64', os.version: '6.1', java.version: '1.8.0_102'
Driver info: driver.version: unknown)]]></system-err>
      </testcase>
      <system-out><![CDATA[2019-09-17 11:11:27 - [TEST_SUITE][FAILED] - UI_Settings: Test Cases/CONSUMER/Settings/UI/24_textfieldAddress FAILED because (of) Unable to wait for object 'Object Repository/CONSUMER/Settings/textfield_FirstNameAddress' to be visible (Root cause: com.kms.katalon.core.webui.exception.BrowserNotOpenedException: Browser is not opened
Build info: version: '3.7.1', revision: '8a0099a', time: '2017-11-06T21:07:36.161Z'
System info: host: 'APRIL-PC', ip: '10.10.31.99', os.name: 'Windows 7', os.arch: 'amd64', os.version: '6.1', java.version: '1.8.0_102'
Driver info: driver.version: unknown)]]></system-out>
      <system-err><![CDATA[2019-09-17 11:11:27 - [TEST_SUITE][FAILED] - UI_Settings: Test Cases/CONSUMER/Settings/UI/24_textfieldAddress FAILED because (of) Unable to wait for object 'Object Repository/CONSUMER/Settings/textfield_FirstNameAddress' to be visible (Root cause: com.kms.katalon.core.webui.exception.BrowserNotOpenedException: Browser is not opened
Build info: version: '3.7.1', revision: '8a0099a', time: '2017-11-06T21:07:36.161Z'
System info: host: 'APRIL-PC', ip: '10.10.31.99', os.name: 'Windows 7', os.arch: 'amd64', os.version: '6.1', java.version: '1.8.0_102'
Driver info: driver.version: unknown)]]></system-err>
   </testsuite>
</testsuites>
