<?xml version="1.0" encoding="UTF-8"?>
<testsuites name="UI_Settings" time="36" tests="40" failures="2" errors="0">
   <testsuite name="UI_Settings" tests="40" failures="2" errors="0" time="36" timestamp="2019-09-17 11:58:15" hostname="April - April-PC" id="Test Suites/Consumer/UI/UI_Settings">
      <properties>
         <property name="deviceName" value=""/>
         <property name="devicePlatform" value=""/>
         <property name="logFolder" value="C:\\Users\\April\\git\\Trillia\\Reports\\Consumer\\UI\\UI_Settings\\20190917_115813"/>
         <property name="logFiles" value="C:\\Users\\April\\git\\Trillia\\Reports\\Consumer\\UI\\UI_Settings\\20190917_115813\\execution0.log"/>
         <property name="attachments" value="C:\\Users\\April\\git\\Trillia\\Reports\\Consumer\\UI\\UI_Settings\\20190917_115813\\1568692718538.png, C:\\Users\\April\\git\\Trillia\\Reports\\Consumer\\UI\\UI_Settings\\20190917_115813\\1568692719070.png"/>
         <property name="hostName" value="April - April-PC"/>
         <property name="os" value="Windows 7 64bit"/>
         <property name="katalonVersion" value="5.4.2.1"/>
         <property name="browser" value="Chrome 76.0.3809.132"/>
         <property name="hostAddress" value="10.10.31.99"/>
         <property name="sessionId" value="4c3c0674e04d93a4d757ce581cd61105"/>
         <property name="seleniumVersion" value="3.7.1"/>
         <property name="proxyInformation" value="ProxyInformation{proxyOption=NO_PROXY, proxyServerType=HTTP, password=, proxyServerAddress=, proxyServerPort=0}"/>
         <property name="platform" value="Windows 7"/>
      </properties>
      <testcase name="Test Cases/Utilities/CONSUMER/Consumer Login" classname="Test Cases/Utilities/CONSUMER/Consumer Login" status="PASSED">
         <system-out><![CDATA[2019-09-17 11:58:15 - [TEST_CASE][PASSED] - Test Cases/Utilities/CONSUMER/Consumer Login: Test Cases/Utilities/CONSUMER/Consumer Login

2019-09-17 11:58:16 - [TEST_STEP][PASSED] - openBrowser: Browser is opened with url: ''

2019-09-17 11:58:19 - [MESSAGE][PASSED] - Browser is opened with url: ''

2019-09-17 11:58:19 - [TEST_STEP][PASSED] - maximizeWindow: Current window maximized

2019-09-17 11:58:20 - [MESSAGE][PASSED] - Current window maximized

2019-09-17 11:58:20 - [TEST_STEP][PASSED] - navigateToUrl: Navigate to 'http://0625bespoke10.test.arcadier.io' successfully

2019-09-17 11:58:22 - [MESSAGE][PASSED] - Navigate to 'http://0625bespoke10.test.arcadier.io' successfully

2019-09-17 11:58:22 - [TEST_STEP][PASSED] - waitForElementVisible: Object 'Object Repository/CONSUMER/Landing Page/button_Buyer Sign in' is visible

2019-09-17 11:58:22 - [MESSAGE][WARNING] - Timeout '0' is invalid. Using default page load timeout: '30'

2019-09-17 11:58:22 - [MESSAGE][PASSED] - Object 'Object Repository/CONSUMER/Landing Page/button_Buyer Sign in' is visible

2019-09-17 11:58:22 - [TEST_STEP][PASSED] - click: Object: 'Object Repository/CONSUMER/Landing Page/button_Buyer Sign in' is clicked on

2019-09-17 11:58:22 - [MESSAGE][PASSED] - Object: 'Object Repository/CONSUMER/Landing Page/button_Buyer Sign in' is clicked on

2019-09-17 11:58:22 - [TEST_STEP][PASSED] - Statement - If (ConsumerAccountType == "custom"): Object: 'Object Repository/CONSUMER/Login Buyer/a_Sign In' is clicked on

2019-09-17 11:58:22 - [TEST_STEP][PASSED] - waitForElementVisible: Object 'Object Repository/CONSUMER/Login Buyer/input_username' is visible

2019-09-17 11:58:22 - [MESSAGE][WARNING] - Timeout '0' is invalid. Using default page load timeout: '30'

2019-09-17 11:58:22 - [MESSAGE][PASSED] - Object 'Object Repository/CONSUMER/Login Buyer/input_username' is visible

2019-09-17 11:58:22 - [TEST_STEP][PASSED] - setText: Text 'buyer_april' is set on object 'Object Repository/CONSUMER/Login Buyer/input_username'

2019-09-17 11:58:22 - [MESSAGE][PASSED] - Text 'buyer_april' is set on object 'Object Repository/CONSUMER/Login Buyer/input_username'

2019-09-17 11:58:22 - [TEST_STEP][PASSED] - setText: Text 'welcome8' is set on object 'Object Repository/CONSUMER/Login Buyer/input_password'

2019-09-17 11:58:23 - [MESSAGE][PASSED] - Text 'welcome8' is set on object 'Object Repository/CONSUMER/Login Buyer/input_password'

2019-09-17 11:58:23 - [TEST_STEP][PASSED] - click: Object: 'Object Repository/CONSUMER/Login Buyer/a_Sign In' is clicked on

2019-09-17 11:58:25 - [MESSAGE][PASSED] - Object: 'Object Repository/CONSUMER/Login Buyer/a_Sign In' is clicked on]]></system-out>
         <system-err><![CDATA[]]></system-err>
      </testcase>
      <testcase name="Test Cases/CONSUMER/Settings/Simple/navigateTo_SettingsPage" classname="Test Cases/CONSUMER/Settings/Simple/navigateTo_SettingsPage" status="PASSED">
         <system-out><![CDATA[2019-09-17 11:58:25 - [TEST_CASE][PASSED] - Test Cases/CONSUMER/Settings/Simple/navigateTo_SettingsPage: Test Cases/CONSUMER/Settings/Simple/navigateTo_SettingsPage

2019-09-17 11:58:26 - [TEST_STEP][PASSED] - waitForElementVisible: Object 'Object Repository/CONSUMER/Homepage/button_arrowDown' is visible

2019-09-17 11:58:26 - [MESSAGE][WARNING] - Timeout '0' is invalid. Using default page load timeout: '30'

2019-09-17 11:58:26 - [MESSAGE][PASSED] - Object 'Object Repository/CONSUMER/Homepage/button_arrowDown' is visible

2019-09-17 11:58:26 - [TEST_STEP][PASSED] - click: Object: 'Object Repository/CONSUMER/Homepage/button_arrowDown' is clicked on

2019-09-17 11:58:26 - [MESSAGE][PASSED] - Object: 'Object Repository/CONSUMER/Homepage/button_arrowDown' is clicked on

2019-09-17 11:58:26 - [TEST_STEP][PASSED] - waitForElementVisible: Object 'Object Repository/CONSUMER/Settings/linktext_Settings' is visible

2019-09-17 11:58:26 - [MESSAGE][WARNING] - Timeout '0' is invalid. Using default page load timeout: '30'

2019-09-17 11:58:26 - [MESSAGE][PASSED] - Object 'Object Repository/CONSUMER/Settings/linktext_Settings' is visible

2019-09-17 11:58:26 - [TEST_STEP][PASSED] - click: Object: 'Object Repository/CONSUMER/Settings/linktext_Settings' is clicked on

2019-09-17 11:58:27 - [MESSAGE][PASSED] - Object: 'Object Repository/CONSUMER/Settings/linktext_Settings' is clicked on]]></system-out>
         <system-err><![CDATA[]]></system-err>
      </testcase>
      <testcase name="Test Cases/CONSUMER/Settings/UI/01_textlabelHome" classname="Test Cases/CONSUMER/Settings/UI/01_textlabelHome" status="PASSED">
         <system-out><![CDATA[2019-09-17 11:58:27 - [TEST_CASE][PASSED] - Test Cases/CONSUMER/Settings/UI/01_textlabelHome: Test Cases/CONSUMER/Settings/UI/01_textlabelHome

2019-09-17 11:58:28 - [TEST_STEP][PASSED] - waitForElementVisible: Object 'Object Repository/CONSUMER/Settings/linktext_Home' is visible

2019-09-17 11:58:28 - [MESSAGE][WARNING] - Timeout '0' is invalid. Using default page load timeout: '30'

2019-09-17 11:58:28 - [MESSAGE][PASSED] - Object 'Object Repository/CONSUMER/Settings/linktext_Home' is visible

2019-09-17 11:58:28 - [TEST_STEP][PASSED] - verifyElementVisible: Object 'Object Repository/CONSUMER/Settings/linktext_Home' is visible

2019-09-17 11:58:28 - [MESSAGE][PASSED] - Object 'Object Repository/CONSUMER/Settings/linktext_Home' is visible

2019-09-17 11:58:28 - [TEST_STEP][PASSED] - verifyElementClickable: Object 'Object Repository/CONSUMER/Settings/linktext_Home' is clickable

2019-09-17 11:58:28 - [MESSAGE][PASSED] - Object 'Object Repository/CONSUMER/Settings/linktext_Home' is clickable]]></system-out>
         <system-err><![CDATA[]]></system-err>
      </testcase>
      <testcase name="Test Cases/CONSUMER/Settings/UI/02_linktextUserSettings" classname="Test Cases/CONSUMER/Settings/UI/02_linktextUserSettings" status="PASSED">
         <system-out><![CDATA[2019-09-17 11:58:28 - [TEST_CASE][PASSED] - Test Cases/CONSUMER/Settings/UI/02_linktextUserSettings: Test Cases/CONSUMER/Settings/UI/02_linktextUserSettings

2019-09-17 11:58:28 - [TEST_STEP][PASSED] - waitForElementVisible: Object 'Object Repository/CONSUMER/Settings/linktext_Home' is visible

2019-09-17 11:58:28 - [MESSAGE][WARNING] - Timeout '0' is invalid. Using default page load timeout: '30'

2019-09-17 11:58:28 - [MESSAGE][PASSED] - Object 'Object Repository/CONSUMER/Settings/linktext_Home' is visible

2019-09-17 11:58:28 - [TEST_STEP][PASSED] - verifyElementVisible: Object 'Object Repository/CONSUMER/Settings/linktext_UserSettings' is visible

2019-09-17 11:58:28 - [MESSAGE][PASSED] - Object 'Object Repository/CONSUMER/Settings/linktext_UserSettings' is visible

2019-09-17 11:58:28 - [TEST_STEP][PASSED] - verifyElementClickable: Object 'Object Repository/CONSUMER/Settings/linktext_UserSettings' is clickable

2019-09-17 11:58:28 - [MESSAGE][PASSED] - Object 'Object Repository/CONSUMER/Settings/linktext_UserSettings' is clickable]]></system-out>
         <system-err><![CDATA[]]></system-err>
      </testcase>
      <testcase name="Test Cases/CONSUMER/Settings/UI/03_textlabelUserSettings" classname="Test Cases/CONSUMER/Settings/UI/03_textlabelUserSettings" status="PASSED">
         <system-out><![CDATA[2019-09-17 11:58:28 - [TEST_CASE][PASSED] - Test Cases/CONSUMER/Settings/UI/03_textlabelUserSettings: Test Cases/CONSUMER/Settings/UI/03_textlabelUserSettings

2019-09-17 11:58:28 - [TEST_STEP][PASSED] - waitForElementVisible: Object 'Object Repository/CONSUMER/Settings/linktext_Home' is visible

2019-09-17 11:58:28 - [MESSAGE][WARNING] - Timeout '0' is invalid. Using default page load timeout: '30'

2019-09-17 11:58:28 - [MESSAGE][PASSED] - Object 'Object Repository/CONSUMER/Settings/linktext_Home' is visible

2019-09-17 11:58:28 - [TEST_STEP][PASSED] - verifyElementVisible: Object 'Object Repository/CONSUMER/Settings/textlabel_UserSettings' is visible

2019-09-17 11:58:28 - [MESSAGE][PASSED] - Object 'Object Repository/CONSUMER/Settings/textlabel_UserSettings' is visible]]></system-out>
         <system-err><![CDATA[]]></system-err>
      </testcase>
      <testcase name="Test Cases/CONSUMER/Settings/UI/04_linktextProfile" classname="Test Cases/CONSUMER/Settings/UI/04_linktextProfile" status="PASSED">
         <system-out><![CDATA[2019-09-17 11:58:28 - [TEST_CASE][PASSED] - Test Cases/CONSUMER/Settings/UI/04_linktextProfile: Test Cases/CONSUMER/Settings/UI/04_linktextProfile

2019-09-17 11:58:28 - [TEST_STEP][PASSED] - waitForElementVisible: Object 'Object Repository/CONSUMER/Settings/linktext_Home' is visible

2019-09-17 11:58:28 - [MESSAGE][WARNING] - Timeout '0' is invalid. Using default page load timeout: '30'

2019-09-17 11:58:28 - [MESSAGE][PASSED] - Object 'Object Repository/CONSUMER/Settings/linktext_Home' is visible

2019-09-17 11:58:28 - [TEST_STEP][PASSED] - verifyElementVisible: Object 'Object Repository/CONSUMER/Settings/linktext_Profile' is visible

2019-09-17 11:58:29 - [MESSAGE][PASSED] - Object 'Object Repository/CONSUMER/Settings/linktext_Profile' is visible]]></system-out>
         <system-err><![CDATA[]]></system-err>
      </testcase>
      <testcase name="Test Cases/CONSUMER/Settings/UI/06_buttonChange" classname="Test Cases/CONSUMER/Settings/UI/06_buttonChange" status="PASSED">
         <system-out><![CDATA[2019-09-17 11:58:29 - [TEST_CASE][PASSED] - Test Cases/CONSUMER/Settings/UI/06_buttonChange: Test Cases/CONSUMER/Settings/UI/06_buttonChange

2019-09-17 11:58:29 - [TEST_STEP][PASSED] - waitForElementVisible: Object 'Object Repository/CONSUMER/Settings/linktext_Home' is visible

2019-09-17 11:58:29 - [MESSAGE][WARNING] - Timeout '0' is invalid. Using default page load timeout: '30'

2019-09-17 11:58:29 - [MESSAGE][PASSED] - Object 'Object Repository/CONSUMER/Settings/linktext_Home' is visible

2019-09-17 11:58:29 - [TEST_STEP][PASSED] - verifyElementVisible: Object 'Object Repository/CONSUMER/Settings/button_Change' is visible

2019-09-17 11:58:29 - [MESSAGE][PASSED] - Object 'Object Repository/CONSUMER/Settings/button_Change' is visible]]></system-out>
         <system-err><![CDATA[]]></system-err>
      </testcase>
      <testcase name="Test Cases/CONSUMER/Settings/UI/05_linktextAddress" classname="Test Cases/CONSUMER/Settings/UI/05_linktextAddress" status="PASSED">
         <system-out><![CDATA[2019-09-17 11:58:29 - [TEST_CASE][PASSED] - Test Cases/CONSUMER/Settings/UI/05_linktextAddress: Test Cases/CONSUMER/Settings/UI/05_linktextAddress

2019-09-17 11:58:29 - [TEST_STEP][PASSED] - waitForElementVisible: Object 'Object Repository/CONSUMER/Settings/linktext_Home' is visible

2019-09-17 11:58:29 - [MESSAGE][WARNING] - Timeout '0' is invalid. Using default page load timeout: '30'

2019-09-17 11:58:29 - [MESSAGE][PASSED] - Object 'Object Repository/CONSUMER/Settings/linktext_Home' is visible

2019-09-17 11:58:29 - [TEST_STEP][PASSED] - verifyElementVisible: Object 'Object Repository/CONSUMER/Settings/linktext_Address' is visible

2019-09-17 11:58:29 - [MESSAGE][PASSED] - Object 'Object Repository/CONSUMER/Settings/linktext_Address' is visible]]></system-out>
         <system-err><![CDATA[]]></system-err>
      </testcase>
      <testcase name="Test Cases/CONSUMER/Settings/UI/07_textlabelDisplayName" classname="Test Cases/CONSUMER/Settings/UI/07_textlabelDisplayName" status="PASSED">
         <system-out><![CDATA[2019-09-17 11:58:29 - [TEST_CASE][PASSED] - Test Cases/CONSUMER/Settings/UI/07_textlabelDisplayName: Test Cases/CONSUMER/Settings/UI/07_textlabelDisplayName

2019-09-17 11:58:29 - [TEST_STEP][PASSED] - waitForElementVisible: Object 'Object Repository/CONSUMER/Settings/linktext_Home' is visible

2019-09-17 11:58:29 - [MESSAGE][WARNING] - Timeout '0' is invalid. Using default page load timeout: '30'

2019-09-17 11:58:29 - [MESSAGE][PASSED] - Object 'Object Repository/CONSUMER/Settings/linktext_Home' is visible

2019-09-17 11:58:29 - [TEST_STEP][PASSED] - verifyElementVisible: Object 'Object Repository/CONSUMER/Settings/textlabel_DisplayName' is visible

2019-09-17 11:58:30 - [MESSAGE][PASSED] - Object 'Object Repository/CONSUMER/Settings/textlabel_DisplayName' is visible]]></system-out>
         <system-err><![CDATA[]]></system-err>
      </testcase>
      <testcase name="Test Cases/CONSUMER/Settings/UI/08_textfieldDisplayName" classname="Test Cases/CONSUMER/Settings/UI/08_textfieldDisplayName" status="PASSED">
         <system-out><![CDATA[2019-09-17 11:58:30 - [TEST_CASE][PASSED] - Test Cases/CONSUMER/Settings/UI/08_textfieldDisplayName: Test Cases/CONSUMER/Settings/UI/08_textfieldDisplayName

2019-09-17 11:58:30 - [TEST_STEP][PASSED] - waitForElementVisible: Object 'Object Repository/CONSUMER/Settings/linktext_Home' is visible

2019-09-17 11:58:30 - [MESSAGE][WARNING] - Timeout '0' is invalid. Using default page load timeout: '30'

2019-09-17 11:58:30 - [MESSAGE][PASSED] - Object 'Object Repository/CONSUMER/Settings/linktext_Home' is visible

2019-09-17 11:58:30 - [TEST_STEP][PASSED] - verifyElementVisible: Object 'Object Repository/CONSUMER/Settings/textfield_DisplayName' is visible

2019-09-17 11:58:30 - [MESSAGE][PASSED] - Object 'Object Repository/CONSUMER/Settings/textfield_DisplayName' is visible]]></system-out>
         <system-err><![CDATA[]]></system-err>
      </testcase>
      <testcase name="Test Cases/CONSUMER/Settings/UI/09_textlabelFirstName" classname="Test Cases/CONSUMER/Settings/UI/09_textlabelFirstName" status="PASSED">
         <system-out><![CDATA[2019-09-17 11:58:30 - [TEST_CASE][PASSED] - Test Cases/CONSUMER/Settings/UI/09_textlabelFirstName: Test Cases/CONSUMER/Settings/UI/09_textlabelFirstName

2019-09-17 11:58:30 - [TEST_STEP][PASSED] - waitForElementVisible: Object 'Object Repository/CONSUMER/Settings/linktext_Home' is visible

2019-09-17 11:58:30 - [MESSAGE][WARNING] - Timeout '0' is invalid. Using default page load timeout: '30'

2019-09-17 11:58:30 - [MESSAGE][PASSED] - Object 'Object Repository/CONSUMER/Settings/linktext_Home' is visible

2019-09-17 11:58:30 - [TEST_STEP][PASSED] - verifyElementVisible: Object 'Object Repository/CONSUMER/Settings/textlabel_FirstName' is visible

2019-09-17 11:58:30 - [MESSAGE][PASSED] - Object 'Object Repository/CONSUMER/Settings/textlabel_FirstName' is visible]]></system-out>
         <system-err><![CDATA[]]></system-err>
      </testcase>
      <testcase name="Test Cases/CONSUMER/Settings/UI/10_textfieldFirstName" classname="Test Cases/CONSUMER/Settings/UI/10_textfieldFirstName" status="PASSED">
         <system-out><![CDATA[2019-09-17 11:58:30 - [TEST_CASE][PASSED] - Test Cases/CONSUMER/Settings/UI/10_textfieldFirstName: Test Cases/CONSUMER/Settings/UI/10_textfieldFirstName

2019-09-17 11:58:30 - [TEST_STEP][PASSED] - waitForElementVisible: Object 'Object Repository/CONSUMER/Settings/linktext_Home' is visible

2019-09-17 11:58:30 - [MESSAGE][WARNING] - Timeout '0' is invalid. Using default page load timeout: '30'

2019-09-17 11:58:30 - [MESSAGE][PASSED] - Object 'Object Repository/CONSUMER/Settings/linktext_Home' is visible

2019-09-17 11:58:30 - [TEST_STEP][PASSED] - verifyElementVisible: Object 'Object Repository/CONSUMER/Settings/textfield_FirstName' is visible

2019-09-17 11:58:30 - [MESSAGE][PASSED] - Object 'Object Repository/CONSUMER/Settings/textfield_FirstName' is visible]]></system-out>
         <system-err><![CDATA[]]></system-err>
      </testcase>
      <testcase name="Test Cases/CONSUMER/Settings/UI/11_textlabelLastName" classname="Test Cases/CONSUMER/Settings/UI/11_textlabelLastName" status="PASSED">
         <system-out><![CDATA[2019-09-17 11:58:30 - [TEST_CASE][PASSED] - Test Cases/CONSUMER/Settings/UI/11_textlabelLastName: Test Cases/CONSUMER/Settings/UI/11_textlabelLastName

2019-09-17 11:58:30 - [TEST_STEP][PASSED] - waitForElementVisible: Object 'Object Repository/CONSUMER/Settings/linktext_Home' is visible

2019-09-17 11:58:30 - [MESSAGE][WARNING] - Timeout '0' is invalid. Using default page load timeout: '30'

2019-09-17 11:58:30 - [MESSAGE][PASSED] - Object 'Object Repository/CONSUMER/Settings/linktext_Home' is visible

2019-09-17 11:58:30 - [TEST_STEP][PASSED] - verifyElementVisible: Object 'Object Repository/CONSUMER/Settings/textlabel_LastName' is visible

2019-09-17 11:58:31 - [MESSAGE][PASSED] - Object 'Object Repository/CONSUMER/Settings/textlabel_LastName' is visible]]></system-out>
         <system-err><![CDATA[]]></system-err>
      </testcase>
      <testcase name="Test Cases/CONSUMER/Settings/UI/12_textfieldLastName" classname="Test Cases/CONSUMER/Settings/UI/12_textfieldLastName" status="PASSED">
         <system-out><![CDATA[2019-09-17 11:58:31 - [TEST_CASE][PASSED] - Test Cases/CONSUMER/Settings/UI/12_textfieldLastName: Test Cases/CONSUMER/Settings/UI/12_textfieldLastName

2019-09-17 11:58:31 - [TEST_STEP][PASSED] - waitForElementVisible: Object 'Object Repository/CONSUMER/Settings/linktext_Home' is visible

2019-09-17 11:58:31 - [MESSAGE][WARNING] - Timeout '0' is invalid. Using default page load timeout: '30'

2019-09-17 11:58:31 - [MESSAGE][PASSED] - Object 'Object Repository/CONSUMER/Settings/linktext_Home' is visible

2019-09-17 11:58:31 - [TEST_STEP][PASSED] - verifyElementVisible: Object 'Object Repository/CONSUMER/Settings/textfield_LastName' is visible

2019-09-17 11:58:31 - [MESSAGE][PASSED] - Object 'Object Repository/CONSUMER/Settings/textfield_LastName' is visible]]></system-out>
         <system-err><![CDATA[]]></system-err>
      </testcase>
      <testcase name="Test Cases/CONSUMER/Settings/UI/13_textlabelEmail" classname="Test Cases/CONSUMER/Settings/UI/13_textlabelEmail" status="PASSED">
         <system-out><![CDATA[2019-09-17 11:58:31 - [TEST_CASE][PASSED] - Test Cases/CONSUMER/Settings/UI/13_textlabelEmail: Test Cases/CONSUMER/Settings/UI/13_textlabelEmail

2019-09-17 11:58:31 - [TEST_STEP][PASSED] - waitForElementVisible: Object 'Object Repository/CONSUMER/Settings/linktext_Home' is visible

2019-09-17 11:58:31 - [MESSAGE][WARNING] - Timeout '0' is invalid. Using default page load timeout: '30'

2019-09-17 11:58:31 - [MESSAGE][PASSED] - Object 'Object Repository/CONSUMER/Settings/linktext_Home' is visible

2019-09-17 11:58:31 - [TEST_STEP][PASSED] - verifyElementVisible: Object 'Object Repository/CONSUMER/Settings/textlabel_Email' is visible

2019-09-17 11:58:31 - [MESSAGE][PASSED] - Object 'Object Repository/CONSUMER/Settings/textlabel_Email' is visible]]></system-out>
         <system-err><![CDATA[]]></system-err>
      </testcase>
      <testcase name="Test Cases/CONSUMER/Settings/UI/14_textfieldEmail" classname="Test Cases/CONSUMER/Settings/UI/14_textfieldEmail" status="PASSED">
         <system-out><![CDATA[2019-09-17 11:58:31 - [TEST_CASE][PASSED] - Test Cases/CONSUMER/Settings/UI/14_textfieldEmail: Test Cases/CONSUMER/Settings/UI/14_textfieldEmail

2019-09-17 11:58:31 - [TEST_STEP][PASSED] - waitForElementVisible: Object 'Object Repository/CONSUMER/Settings/linktext_Home' is visible

2019-09-17 11:58:31 - [MESSAGE][WARNING] - Timeout '0' is invalid. Using default page load timeout: '30'

2019-09-17 11:58:31 - [MESSAGE][PASSED] - Object 'Object Repository/CONSUMER/Settings/linktext_Home' is visible

2019-09-17 11:58:31 - [TEST_STEP][PASSED] - verifyElementVisible: Object 'Object Repository/CONSUMER/Settings/textfield_Email' is visible

2019-09-17 11:58:31 - [MESSAGE][PASSED] - Object 'Object Repository/CONSUMER/Settings/textfield_Email' is visible]]></system-out>
         <system-err><![CDATA[]]></system-err>
      </testcase>
      <testcase name="Test Cases/CONSUMER/Settings/UI/15_textlabelContact" classname="Test Cases/CONSUMER/Settings/UI/15_textlabelContact" status="PASSED">
         <system-out><![CDATA[2019-09-17 11:58:31 - [TEST_CASE][PASSED] - Test Cases/CONSUMER/Settings/UI/15_textlabelContact: Test Cases/CONSUMER/Settings/UI/15_textlabelContact

2019-09-17 11:58:31 - [TEST_STEP][PASSED] - waitForElementVisible: Object 'Object Repository/CONSUMER/Settings/linktext_Home' is visible

2019-09-17 11:58:31 - [MESSAGE][WARNING] - Timeout '0' is invalid. Using default page load timeout: '30'

2019-09-17 11:58:32 - [MESSAGE][PASSED] - Object 'Object Repository/CONSUMER/Settings/linktext_Home' is visible

2019-09-17 11:58:32 - [TEST_STEP][PASSED] - verifyElementVisible: Object 'Object Repository/CONSUMER/Settings/textlabel_Contact' is visible

2019-09-17 11:58:32 - [MESSAGE][PASSED] - Object 'Object Repository/CONSUMER/Settings/textlabel_Contact' is visible]]></system-out>
         <system-err><![CDATA[]]></system-err>
      </testcase>
      <testcase name="Test Cases/CONSUMER/Settings/UI/16_textfieldContact" classname="Test Cases/CONSUMER/Settings/UI/16_textfieldContact" status="PASSED">
         <system-out><![CDATA[2019-09-17 11:58:32 - [TEST_CASE][PASSED] - Test Cases/CONSUMER/Settings/UI/16_textfieldContact: Test Cases/CONSUMER/Settings/UI/16_textfieldContact

2019-09-17 11:58:32 - [TEST_STEP][PASSED] - waitForElementVisible: Object 'Object Repository/CONSUMER/Settings/linktext_Home' is visible

2019-09-17 11:58:32 - [MESSAGE][WARNING] - Timeout '0' is invalid. Using default page load timeout: '30'

2019-09-17 11:58:32 - [MESSAGE][PASSED] - Object 'Object Repository/CONSUMER/Settings/linktext_Home' is visible

2019-09-17 11:58:32 - [TEST_STEP][PASSED] - verifyElementVisible: Object 'Object Repository/CONSUMER/Settings/textfield_Contact' is visible

2019-09-17 11:58:32 - [MESSAGE][PASSED] - Object 'Object Repository/CONSUMER/Settings/textfield_Contact' is visible]]></system-out>
         <system-err><![CDATA[]]></system-err>
      </testcase>
      <testcase name="Test Cases/CONSUMER/Settings/UI/17_buttonNext" classname="Test Cases/CONSUMER/Settings/UI/17_buttonNext" status="PASSED">
         <system-out><![CDATA[2019-09-17 11:58:32 - [TEST_CASE][PASSED] - Test Cases/CONSUMER/Settings/UI/17_buttonNext: Test Cases/CONSUMER/Settings/UI/17_buttonNext

2019-09-17 11:58:32 - [TEST_STEP][PASSED] - waitForElementVisible: Object 'Object Repository/CONSUMER/Settings/linktext_Home' is visible

2019-09-17 11:58:32 - [MESSAGE][WARNING] - Timeout '0' is invalid. Using default page load timeout: '30'

2019-09-17 11:58:32 - [MESSAGE][PASSED] - Object 'Object Repository/CONSUMER/Settings/linktext_Home' is visible

2019-09-17 11:58:32 - [TEST_STEP][PASSED] - verifyElementVisible: Object 'Object Repository/CONSUMER/Settings/button_Next' is visible

2019-09-17 11:58:32 - [MESSAGE][PASSED] - Object 'Object Repository/CONSUMER/Settings/button_Next' is visible]]></system-out>
         <system-err><![CDATA[]]></system-err>
      </testcase>
      <testcase name="Test Cases/CONSUMER/Settings/Simple/dataInput_Profiletab" classname="Test Cases/CONSUMER/Settings/Simple/dataInput_Profiletab" status="PASSED">
         <system-out><![CDATA[2019-09-17 11:58:32 - [TEST_CASE][PASSED] - Test Cases/CONSUMER/Settings/Simple/dataInput_Profiletab: Test Cases/CONSUMER/Settings/Simple/dataInput_Profiletab

2019-09-17 11:58:32 - [TEST_STEP][PASSED] - waitForElementVisible: Object 'Object Repository/CONSUMER/Settings/button_Change' is visible

2019-09-17 11:58:32 - [MESSAGE][WARNING] - Timeout '0' is invalid. Using default page load timeout: '30'

2019-09-17 11:58:32 - [MESSAGE][PASSED] - Object 'Object Repository/CONSUMER/Settings/button_Change' is visible

2019-09-17 11:58:32 - [TEST_STEP][PASSED] - comment: add Profile Image

2019-09-17 11:58:32 - [TEST_STEP][PASSED] - click: Object: 'Object Repository/CONSUMER/Settings/button_Change' is clicked on

2019-09-17 11:58:33 - [MESSAGE][PASSED] - Object: 'Object Repository/CONSUMER/Settings/button_Change' is clicked on

2019-09-17 11:58:33 - [TEST_STEP][PASSED] - delay: Delayed 1 second(s)

2019-09-17 11:58:34 - [MESSAGE][PASSED] - Delayed 1 second(s)

2019-09-17 11:58:34 - [TEST_STEP][PASSED] - uploadFile: File 'C:\Katalon\Image\photo8.jpg' sent to object: 'Object Repository/CONSUMER/Settings/a_upload/upload_Photo'

2019-09-17 11:58:34 - [MESSAGE][PASSED] - File 'C:\Katalon\Image\photo8.jpg' sent to object: 'Object Repository/CONSUMER/Settings/a_upload/upload_Photo'

2019-09-17 11:58:34 - [TEST_STEP][PASSED] - waitForElementVisible: Object 'Object Repository/CONSUMER/Settings/a_upload/button_AddPhoto' is visible

2019-09-17 11:58:34 - [MESSAGE][WARNING] - Timeout '0' is invalid. Using default page load timeout: '30'

2019-09-17 11:58:34 - [MESSAGE][PASSED] - Object 'Object Repository/CONSUMER/Settings/a_upload/button_AddPhoto' is visible

2019-09-17 11:58:34 - [TEST_STEP][PASSED] - click: Object: 'Object Repository/CONSUMER/Settings/a_upload/button_AddPhoto' is clicked on

2019-09-17 11:58:34 - [MESSAGE][PASSED] - Object: 'Object Repository/CONSUMER/Settings/a_upload/button_AddPhoto' is clicked on

2019-09-17 11:58:34 - [TEST_STEP][PASSED] - delay: Delayed 2 second(s)

2019-09-17 11:58:36 - [MESSAGE][PASSED] - Delayed 2 second(s)

2019-09-17 11:58:36 - [TEST_STEP][PASSED] - comment: add Display Name

2019-09-17 11:58:36 - [TEST_STEP][PASSED] - setText: Text 'buyer_april01' is set on object 'Object Repository/CONSUMER/Settings/textfield_DisplayName'

2019-09-17 11:58:36 - [MESSAGE][PASSED] - Text 'buyer_april01' is set on object 'Object Repository/CONSUMER/Settings/textfield_DisplayName'

2019-09-17 11:58:36 - [TEST_STEP][PASSED] - comment: add First Name

2019-09-17 11:58:36 - [TEST_STEP][PASSED] - setText: Text 'Jane' is set on object 'Object Repository/CONSUMER/Settings/textfield_FirstName'

2019-09-17 11:58:36 - [MESSAGE][PASSED] - Text 'Jane' is set on object 'Object Repository/CONSUMER/Settings/textfield_FirstName'

2019-09-17 11:58:36 - [TEST_STEP][PASSED] - comment: add Last Name

2019-09-17 11:58:36 - [TEST_STEP][PASSED] - setText: Text 'Doe' is set on object 'Object Repository/CONSUMER/Settings/textfield_LastName'

2019-09-17 11:58:37 - [MESSAGE][PASSED] - Text 'Doe' is set on object 'Object Repository/CONSUMER/Settings/textfield_LastName'

2019-09-17 11:58:37 - [TEST_STEP][PASSED] - comment: add Email

2019-09-17 11:58:37 - [TEST_STEP][PASSED] - setText: Text 'taylorallison820@gmail.com' is set on object 'Object Repository/CONSUMER/Settings/textfield_Email'

2019-09-17 11:58:37 - [MESSAGE][PASSED] - Text 'taylorallison820@gmail.com' is set on object 'Object Repository/CONSUMER/Settings/textfield_Email'

2019-09-17 11:58:37 - [TEST_STEP][PASSED] - comment: Contact No

2019-09-17 11:58:37 - [TEST_STEP][PASSED] - setText: Text '25646454151' is set on object 'Object Repository/CONSUMER/Settings/textfield_Contact'

2019-09-17 11:58:37 - [MESSAGE][PASSED] - Text '25646454151' is set on object 'Object Repository/CONSUMER/Settings/textfield_Contact'

2019-09-17 11:58:37 - [TEST_STEP][PASSED] - scrollToElement: Scroll to object 'Object Repository/CONSUMER/Settings/button_Next' successfully

2019-09-17 11:58:37 - [MESSAGE][WARNING] - Timeout '0' is invalid. Using default page load timeout: '30'

2019-09-17 11:58:37 - [MESSAGE][PASSED] - Scroll to object 'Object Repository/CONSUMER/Settings/button_Next' successfully

2019-09-17 11:58:37 - [TEST_STEP][PASSED] - click: Object: 'Object Repository/CONSUMER/Settings/button_Next' is clicked on

2019-09-17 11:58:37 - [MESSAGE][PASSED] - Object: 'Object Repository/CONSUMER/Settings/button_Next' is clicked on]]></system-out>
         <system-err><![CDATA[]]></system-err>
      </testcase>
      <testcase name="Test Cases/CONSUMER/Settings/UI/19_textlabelFirstNameAddress" classname="Test Cases/CONSUMER/Settings/UI/19_textlabelFirstNameAddress" status="FAILED">
         <failure type="FAILED" message="Object 'Object Repository/CONSUMER/Settings/textlabel_FirstName' is NOT visible"/>
         <system-out><![CDATA[2019-09-17 11:58:37 - [TEST_CASE][FAILED] - Test Cases/CONSUMER/Settings/UI/19_textlabelFirstNameAddress: Test Cases/CONSUMER/Settings/UI/19_textlabelFirstNameAddress FAILED because (of) Object 'Object Repository/CONSUMER/Settings/textlabel_FirstName' is NOT visible

2019-09-17 11:58:37 - [TEST_STEP][PASSED] - waitForElementVisible: Object 'Object Repository/CONSUMER/Settings/textfield_FirstNameAddress' is visible

2019-09-17 11:58:37 - [MESSAGE][WARNING] - Timeout '0' is invalid. Using default page load timeout: '30'

2019-09-17 11:58:38 - [MESSAGE][PASSED] - Object 'Object Repository/CONSUMER/Settings/textfield_FirstNameAddress' is visible

2019-09-17 11:58:38 - [TEST_STEP][FAILED] - verifyElementVisible: Object 'Object Repository/CONSUMER/Settings/textlabel_FirstName' is NOT visible

2019-09-17 11:58:38 - [MESSAGE][FAILED] - Object 'Object Repository/CONSUMER/Settings/textlabel_FirstName' is NOT visible
[[ATTACHMENT|C:\\Users\\April\\git\\Trillia\\Reports\\Consumer\\UI\\UI_Settings\\20190917_115813\\1568692718538.png]]]]></system-out>
         <system-err><![CDATA[2019-09-17 11:58:37 - [TEST_CASE][FAILED] - Test Cases/CONSUMER/Settings/UI/19_textlabelFirstNameAddress: Test Cases/CONSUMER/Settings/UI/19_textlabelFirstNameAddress FAILED because (of) Object 'Object Repository/CONSUMER/Settings/textlabel_FirstName' is NOT visible]]></system-err>
      </testcase>
      <testcase name="Test Cases/CONSUMER/Settings/UI/20_textlabelLastNameAddress" classname="Test Cases/CONSUMER/Settings/UI/20_textlabelLastNameAddress" status="FAILED">
         <failure type="FAILED" message="Object 'Object Repository/CONSUMER/Settings/textlabel_LastName' is NOT visible"/>
         <system-out><![CDATA[2019-09-17 11:58:38 - [TEST_CASE][FAILED] - Test Cases/CONSUMER/Settings/UI/20_textlabelLastNameAddress: Test Cases/CONSUMER/Settings/UI/20_textlabelLastNameAddress FAILED because (of) Object 'Object Repository/CONSUMER/Settings/textlabel_LastName' is NOT visible

2019-09-17 11:58:38 - [TEST_STEP][PASSED] - waitForElementVisible: Object 'Object Repository/CONSUMER/Settings/textfield_FirstNameAddress' is visible

2019-09-17 11:58:38 - [MESSAGE][WARNING] - Timeout '0' is invalid. Using default page load timeout: '30'

2019-09-17 11:58:39 - [MESSAGE][PASSED] - Object 'Object Repository/CONSUMER/Settings/textfield_FirstNameAddress' is visible

2019-09-17 11:58:39 - [TEST_STEP][FAILED] - verifyElementVisible: Object 'Object Repository/CONSUMER/Settings/textlabel_LastName' is NOT visible

2019-09-17 11:58:39 - [MESSAGE][FAILED] - Object 'Object Repository/CONSUMER/Settings/textlabel_LastName' is NOT visible
[[ATTACHMENT|C:\\Users\\April\\git\\Trillia\\Reports\\Consumer\\UI\\UI_Settings\\20190917_115813\\1568692719070.png]]]]></system-out>
         <system-err><![CDATA[2019-09-17 11:58:38 - [TEST_CASE][FAILED] - Test Cases/CONSUMER/Settings/UI/20_textlabelLastNameAddress: Test Cases/CONSUMER/Settings/UI/20_textlabelLastNameAddress FAILED because (of) Object 'Object Repository/CONSUMER/Settings/textlabel_LastName' is NOT visible]]></system-err>
      </testcase>
      <testcase name="Test Cases/CONSUMER/Settings/UI/21_textfieldFirstNameAddress" classname="Test Cases/CONSUMER/Settings/UI/21_textfieldFirstNameAddress" status="PASSED">
         <system-out><![CDATA[2019-09-17 11:58:39 - [TEST_CASE][PASSED] - Test Cases/CONSUMER/Settings/UI/21_textfieldFirstNameAddress: Test Cases/CONSUMER/Settings/UI/21_textfieldFirstNameAddress

2019-09-17 11:58:39 - [TEST_STEP][PASSED] - waitForElementVisible: Object 'Object Repository/CONSUMER/Settings/textfield_FirstNameAddress' is visible

2019-09-17 11:58:39 - [MESSAGE][WARNING] - Timeout '0' is invalid. Using default page load timeout: '30'

2019-09-17 11:58:39 - [MESSAGE][PASSED] - Object 'Object Repository/CONSUMER/Settings/textfield_FirstNameAddress' is visible

2019-09-17 11:58:39 - [TEST_STEP][PASSED] - verifyElementVisible: Object 'Object Repository/CONSUMER/Settings/textfield_FirstNameAddress' is visible

2019-09-17 11:58:39 - [MESSAGE][PASSED] - Object 'Object Repository/CONSUMER/Settings/textfield_FirstNameAddress' is visible]]></system-out>
         <system-err><![CDATA[]]></system-err>
      </testcase>
      <testcase name="Test Cases/CONSUMER/Settings/UI/22_textfieldLastNameAddress" classname="Test Cases/CONSUMER/Settings/UI/22_textfieldLastNameAddress" status="PASSED">
         <system-out><![CDATA[2019-09-17 11:58:39 - [TEST_CASE][PASSED] - Test Cases/CONSUMER/Settings/UI/22_textfieldLastNameAddress: Test Cases/CONSUMER/Settings/UI/22_textfieldLastNameAddress

2019-09-17 11:58:39 - [TEST_STEP][PASSED] - waitForElementVisible: Object 'Object Repository/CONSUMER/Settings/textfield_FirstNameAddress' is visible

2019-09-17 11:58:39 - [MESSAGE][WARNING] - Timeout '0' is invalid. Using default page load timeout: '30'

2019-09-17 11:58:39 - [MESSAGE][PASSED] - Object 'Object Repository/CONSUMER/Settings/textfield_FirstNameAddress' is visible

2019-09-17 11:58:39 - [TEST_STEP][PASSED] - verifyElementVisible: Object 'Object Repository/CONSUMER/Settings/textfield_LastNameAddress' is visible

2019-09-17 11:58:44 - [MESSAGE][PASSED] - Object 'Object Repository/CONSUMER/Settings/textfield_LastNameAddress' is visible]]></system-out>
         <system-err><![CDATA[]]></system-err>
      </testcase>
      <testcase name="Test Cases/CONSUMER/Settings/UI/23_textlabelAddress" classname="Test Cases/CONSUMER/Settings/UI/23_textlabelAddress" status="PASSED">
         <system-out><![CDATA[2019-09-17 11:58:44 - [TEST_CASE][PASSED] - Test Cases/CONSUMER/Settings/UI/23_textlabelAddress: Test Cases/CONSUMER/Settings/UI/23_textlabelAddress

2019-09-17 11:58:44 - [TEST_STEP][PASSED] - waitForElementVisible: Object 'Object Repository/CONSUMER/Settings/textfield_FirstNameAddress' is visible

2019-09-17 11:58:44 - [MESSAGE][WARNING] - Timeout '0' is invalid. Using default page load timeout: '30'

2019-09-17 11:58:44 - [MESSAGE][PASSED] - Object 'Object Repository/CONSUMER/Settings/textfield_FirstNameAddress' is visible

2019-09-17 11:58:44 - [TEST_STEP][PASSED] - verifyElementVisible: Object 'Object Repository/CONSUMER/Settings/textlabel_Address' is visible

2019-09-17 11:58:44 - [MESSAGE][PASSED] - Object 'Object Repository/CONSUMER/Settings/textlabel_Address' is visible]]></system-out>
         <system-err><![CDATA[]]></system-err>
      </testcase>
      <testcase name="Test Cases/CONSUMER/Settings/UI/24_textfieldAddress" classname="Test Cases/CONSUMER/Settings/UI/24_textfieldAddress" status="PASSED">
         <system-out><![CDATA[2019-09-17 11:58:44 - [TEST_CASE][PASSED] - Test Cases/CONSUMER/Settings/UI/24_textfieldAddress: Test Cases/CONSUMER/Settings/UI/24_textfieldAddress

2019-09-17 11:58:44 - [TEST_STEP][PASSED] - waitForElementVisible: Object 'Object Repository/CONSUMER/Settings/textfield_FirstNameAddress' is visible

2019-09-17 11:58:44 - [MESSAGE][WARNING] - Timeout '0' is invalid. Using default page load timeout: '30'

2019-09-17 11:58:45 - [MESSAGE][PASSED] - Object 'Object Repository/CONSUMER/Settings/textfield_FirstNameAddress' is visible

2019-09-17 11:58:45 - [TEST_STEP][PASSED] - verifyElementVisible: Object 'Object Repository/CONSUMER/Settings/textfield_Address' is visible

2019-09-17 11:58:45 - [MESSAGE][PASSED] - Object 'Object Repository/CONSUMER/Settings/textfield_Address' is visible]]></system-out>
         <system-err><![CDATA[]]></system-err>
      </testcase>
      <testcase name="Test Cases/CONSUMER/Settings/UI/25_textlabelCountry" classname="Test Cases/CONSUMER/Settings/UI/25_textlabelCountry" status="PASSED">
         <system-out><![CDATA[2019-09-17 11:58:45 - [TEST_CASE][PASSED] - Test Cases/CONSUMER/Settings/UI/25_textlabelCountry: Test Cases/CONSUMER/Settings/UI/25_textlabelCountry

2019-09-17 11:58:45 - [TEST_STEP][PASSED] - waitForElementVisible: Object 'Object Repository/CONSUMER/Settings/textfield_FirstNameAddress' is visible

2019-09-17 11:58:45 - [MESSAGE][WARNING] - Timeout '0' is invalid. Using default page load timeout: '30'

2019-09-17 11:58:45 - [MESSAGE][PASSED] - Object 'Object Repository/CONSUMER/Settings/textfield_FirstNameAddress' is visible

2019-09-17 11:58:45 - [TEST_STEP][PASSED] - verifyElementVisible: Object 'Object Repository/CONSUMER/Settings/texltlabel_Country' is visible

2019-09-17 11:58:45 - [MESSAGE][PASSED] - Object 'Object Repository/CONSUMER/Settings/texltlabel_Country' is visible]]></system-out>
         <system-err><![CDATA[]]></system-err>
      </testcase>
      <testcase name="Test Cases/CONSUMER/Settings/UI/26_dropdownCountry" classname="Test Cases/CONSUMER/Settings/UI/26_dropdownCountry" status="PASSED">
         <system-out><![CDATA[2019-09-17 11:58:45 - [TEST_CASE][PASSED] - Test Cases/CONSUMER/Settings/UI/26_dropdownCountry: Test Cases/CONSUMER/Settings/UI/26_dropdownCountry

2019-09-17 11:58:45 - [TEST_STEP][PASSED] - waitForElementVisible: Object 'Object Repository/CONSUMER/Settings/textfield_FirstNameAddress' is visible

2019-09-17 11:58:45 - [MESSAGE][WARNING] - Timeout '0' is invalid. Using default page load timeout: '30'

2019-09-17 11:58:45 - [MESSAGE][PASSED] - Object 'Object Repository/CONSUMER/Settings/textfield_FirstNameAddress' is visible

2019-09-17 11:58:45 - [TEST_STEP][PASSED] - verifyElementVisible: Object 'Object Repository/CONSUMER/Settings/dropdown_Country' is visible

2019-09-17 11:58:45 - [MESSAGE][PASSED] - Object 'Object Repository/CONSUMER/Settings/dropdown_Country' is visible]]></system-out>
         <system-err><![CDATA[]]></system-err>
      </testcase>
      <testcase name="Test Cases/CONSUMER/Settings/UI/27_textlabelState" classname="Test Cases/CONSUMER/Settings/UI/27_textlabelState" status="PASSED">
         <system-out><![CDATA[2019-09-17 11:58:45 - [TEST_CASE][PASSED] - Test Cases/CONSUMER/Settings/UI/27_textlabelState: Test Cases/CONSUMER/Settings/UI/27_textlabelState

2019-09-17 11:58:45 - [TEST_STEP][PASSED] - waitForElementVisible: Object 'Object Repository/CONSUMER/Settings/textfield_FirstNameAddress' is visible

2019-09-17 11:58:45 - [MESSAGE][WARNING] - Timeout '0' is invalid. Using default page load timeout: '30'

2019-09-17 11:58:45 - [MESSAGE][PASSED] - Object 'Object Repository/CONSUMER/Settings/textfield_FirstNameAddress' is visible

2019-09-17 11:58:45 - [TEST_STEP][PASSED] - verifyElementVisible: Object 'Object Repository/CONSUMER/Settings/textlabel_State' is visible

2019-09-17 11:58:45 - [MESSAGE][PASSED] - Object 'Object Repository/CONSUMER/Settings/textlabel_State' is visible]]></system-out>
         <system-err><![CDATA[]]></system-err>
      </testcase>
      <testcase name="Test Cases/CONSUMER/Settings/UI/28_textfieldState" classname="Test Cases/CONSUMER/Settings/UI/28_textfieldState" status="PASSED">
         <system-out><![CDATA[2019-09-17 11:58:45 - [TEST_CASE][PASSED] - Test Cases/CONSUMER/Settings/UI/28_textfieldState: Test Cases/CONSUMER/Settings/UI/28_textfieldState

2019-09-17 11:58:45 - [TEST_STEP][PASSED] - waitForElementVisible: Object 'Object Repository/CONSUMER/Settings/textfield_FirstNameAddress' is visible

2019-09-17 11:58:45 - [MESSAGE][WARNING] - Timeout '0' is invalid. Using default page load timeout: '30'

2019-09-17 11:58:45 - [MESSAGE][PASSED] - Object 'Object Repository/CONSUMER/Settings/textfield_FirstNameAddress' is visible

2019-09-17 11:58:45 - [TEST_STEP][PASSED] - verifyElementVisible: Object 'Object Repository/CONSUMER/Settings/textlabel_State' is visible

2019-09-17 11:58:45 - [MESSAGE][PASSED] - Object 'Object Repository/CONSUMER/Settings/textlabel_State' is visible]]></system-out>
         <system-err><![CDATA[]]></system-err>
      </testcase>
      <testcase name="Test Cases/CONSUMER/Settings/UI/29_textlabelCity" classname="Test Cases/CONSUMER/Settings/UI/29_textlabelCity" status="PASSED">
         <system-out><![CDATA[2019-09-17 11:58:45 - [TEST_CASE][PASSED] - Test Cases/CONSUMER/Settings/UI/29_textlabelCity: Test Cases/CONSUMER/Settings/UI/29_textlabelCity

2019-09-17 11:58:45 - [TEST_STEP][PASSED] - waitForElementVisible: Object 'Object Repository/CONSUMER/Settings/textfield_FirstNameAddress' is visible

2019-09-17 11:58:45 - [MESSAGE][WARNING] - Timeout '0' is invalid. Using default page load timeout: '30'

2019-09-17 11:58:45 - [MESSAGE][PASSED] - Object 'Object Repository/CONSUMER/Settings/textfield_FirstNameAddress' is visible

2019-09-17 11:58:45 - [TEST_STEP][PASSED] - verifyElementVisible: Object 'Object Repository/CONSUMER/Settings/textlabel_City' is visible

2019-09-17 11:58:46 - [MESSAGE][PASSED] - Object 'Object Repository/CONSUMER/Settings/textlabel_City' is visible]]></system-out>
         <system-err><![CDATA[]]></system-err>
      </testcase>
      <testcase name="Test Cases/CONSUMER/Settings/UI/30_textfieldCity" classname="Test Cases/CONSUMER/Settings/UI/30_textfieldCity" status="PASSED">
         <system-out><![CDATA[2019-09-17 11:58:46 - [TEST_CASE][PASSED] - Test Cases/CONSUMER/Settings/UI/30_textfieldCity: Test Cases/CONSUMER/Settings/UI/30_textfieldCity

2019-09-17 11:58:46 - [TEST_STEP][PASSED] - waitForElementVisible: Object 'Object Repository/CONSUMER/Settings/textfield_FirstNameAddress' is visible

2019-09-17 11:58:46 - [MESSAGE][WARNING] - Timeout '0' is invalid. Using default page load timeout: '30'

2019-09-17 11:58:46 - [MESSAGE][PASSED] - Object 'Object Repository/CONSUMER/Settings/textfield_FirstNameAddress' is visible

2019-09-17 11:58:46 - [TEST_STEP][PASSED] - verifyElementVisible: Object 'Object Repository/CONSUMER/Settings/textfield_City' is visible

2019-09-17 11:58:46 - [MESSAGE][PASSED] - Object 'Object Repository/CONSUMER/Settings/textfield_City' is visible]]></system-out>
         <system-err><![CDATA[]]></system-err>
      </testcase>
      <testcase name="Test Cases/CONSUMER/Settings/UI/32_textfieldPostalCode" classname="Test Cases/CONSUMER/Settings/UI/32_textfieldPostalCode" status="PASSED">
         <system-out><![CDATA[2019-09-17 11:58:46 - [TEST_CASE][PASSED] - Test Cases/CONSUMER/Settings/UI/32_textfieldPostalCode: Test Cases/CONSUMER/Settings/UI/32_textfieldPostalCode

2019-09-17 11:58:46 - [TEST_STEP][PASSED] - waitForElementVisible: Object 'Object Repository/CONSUMER/Settings/textfield_FirstNameAddress' is visible

2019-09-17 11:58:46 - [MESSAGE][WARNING] - Timeout '0' is invalid. Using default page load timeout: '30'

2019-09-17 11:58:46 - [MESSAGE][PASSED] - Object 'Object Repository/CONSUMER/Settings/textfield_FirstNameAddress' is visible

2019-09-17 11:58:46 - [TEST_STEP][PASSED] - verifyElementVisible: Object 'Object Repository/CONSUMER/Settings/textfield_PostalCode' is visible

2019-09-17 11:58:46 - [MESSAGE][PASSED] - Object 'Object Repository/CONSUMER/Settings/textfield_PostalCode' is visible]]></system-out>
         <system-err><![CDATA[]]></system-err>
      </testcase>
      <testcase name="Test Cases/CONSUMER/Settings/UI/31_textlabelPostalCode" classname="Test Cases/CONSUMER/Settings/UI/31_textlabelPostalCode" status="PASSED">
         <system-out><![CDATA[2019-09-17 11:58:46 - [TEST_CASE][PASSED] - Test Cases/CONSUMER/Settings/UI/31_textlabelPostalCode: Test Cases/CONSUMER/Settings/UI/31_textlabelPostalCode

2019-09-17 11:58:46 - [TEST_STEP][PASSED] - waitForElementVisible: Object 'Object Repository/CONSUMER/Settings/textfield_FirstNameAddress' is visible

2019-09-17 11:58:46 - [MESSAGE][WARNING] - Timeout '0' is invalid. Using default page load timeout: '30'

2019-09-17 11:58:46 - [MESSAGE][PASSED] - Object 'Object Repository/CONSUMER/Settings/textfield_FirstNameAddress' is visible

2019-09-17 11:58:46 - [TEST_STEP][PASSED] - verifyElementVisible: Object 'Object Repository/CONSUMER/Settings/textlabel_PostalCode' is visible

2019-09-17 11:58:46 - [MESSAGE][PASSED] - Object 'Object Repository/CONSUMER/Settings/textlabel_PostalCode' is visible]]></system-out>
         <system-err><![CDATA[]]></system-err>
      </testcase>
      <testcase name="Test Cases/CONSUMER/Settings/UI/33_buttonPrevious" classname="Test Cases/CONSUMER/Settings/UI/33_buttonPrevious" status="PASSED">
         <system-out><![CDATA[2019-09-17 11:58:46 - [TEST_CASE][PASSED] - Test Cases/CONSUMER/Settings/UI/33_buttonPrevious: Test Cases/CONSUMER/Settings/UI/33_buttonPrevious

2019-09-17 11:58:46 - [TEST_STEP][PASSED] - waitForElementVisible: Object 'Object Repository/CONSUMER/Settings/textfield_FirstNameAddress' is visible

2019-09-17 11:58:47 - [MESSAGE][WARNING] - Timeout '0' is invalid. Using default page load timeout: '30'

2019-09-17 11:58:47 - [MESSAGE][PASSED] - Object 'Object Repository/CONSUMER/Settings/textfield_FirstNameAddress' is visible

2019-09-17 11:58:47 - [TEST_STEP][PASSED] - scrollToElement: Scroll to object 'Object Repository/CONSUMER/Settings/button_Previous' successfully

2019-09-17 11:58:47 - [MESSAGE][WARNING] - Timeout '0' is invalid. Using default page load timeout: '30'

2019-09-17 11:58:47 - [MESSAGE][PASSED] - Scroll to object 'Object Repository/CONSUMER/Settings/button_Previous' successfully

2019-09-17 11:58:47 - [TEST_STEP][PASSED] - verifyElementVisible: Object 'Object Repository/CONSUMER/Settings/button_Previous' is visible

2019-09-17 11:58:47 - [MESSAGE][PASSED] - Object 'Object Repository/CONSUMER/Settings/button_Previous' is visible]]></system-out>
         <system-err><![CDATA[]]></system-err>
      </testcase>
      <testcase name="Test Cases/CONSUMER/Settings/UI/34_buttonAdd" classname="Test Cases/CONSUMER/Settings/UI/34_buttonAdd" status="PASSED">
         <system-out><![CDATA[2019-09-17 11:58:47 - [TEST_CASE][PASSED] - Test Cases/CONSUMER/Settings/UI/34_buttonAdd: Test Cases/CONSUMER/Settings/UI/34_buttonAdd

2019-09-17 11:58:47 - [TEST_STEP][PASSED] - waitForElementVisible: Object 'Object Repository/CONSUMER/Settings/textfield_FirstNameAddress' is visible

2019-09-17 11:58:47 - [MESSAGE][WARNING] - Timeout '0' is invalid. Using default page load timeout: '30'

2019-09-17 11:58:47 - [MESSAGE][PASSED] - Object 'Object Repository/CONSUMER/Settings/textfield_FirstNameAddress' is visible

2019-09-17 11:58:47 - [TEST_STEP][PASSED] - scrollToElement: Scroll to object 'Object Repository/CONSUMER/Settings/button_Add' successfully

2019-09-17 11:58:47 - [MESSAGE][WARNING] - Timeout '0' is invalid. Using default page load timeout: '30'

2019-09-17 11:58:47 - [MESSAGE][PASSED] - Scroll to object 'Object Repository/CONSUMER/Settings/button_Add' successfully

2019-09-17 11:58:47 - [TEST_STEP][PASSED] - verifyElementVisible: Object 'Object Repository/CONSUMER/Settings/button_Add' is visible

2019-09-17 11:58:47 - [MESSAGE][PASSED] - Object 'Object Repository/CONSUMER/Settings/button_Add' is visible]]></system-out>
         <system-err><![CDATA[]]></system-err>
      </testcase>
      <testcase name="Test Cases/CONSUMER/Settings/Simple/dataInput_Addresstab" classname="Test Cases/CONSUMER/Settings/Simple/dataInput_Addresstab" status="PASSED">
         <system-out><![CDATA[2019-09-17 11:58:47 - [TEST_CASE][PASSED] - Test Cases/CONSUMER/Settings/Simple/dataInput_Addresstab: Test Cases/CONSUMER/Settings/Simple/dataInput_Addresstab

2019-09-17 11:58:47 - [TEST_STEP][PASSED] - waitForElementVisible: Object 'Object Repository/CONSUMER/Settings/textfield_FirstNameAddress' is visible

2019-09-17 11:58:47 - [MESSAGE][WARNING] - Timeout '0' is invalid. Using default page load timeout: '30'

2019-09-17 11:58:47 - [MESSAGE][PASSED] - Object 'Object Repository/CONSUMER/Settings/textfield_FirstNameAddress' is visible

2019-09-17 11:58:47 - [TEST_STEP][PASSED] - comment: add First Name

2019-09-17 11:58:47 - [TEST_STEP][PASSED] - setText: Text 'Jane' is set on object 'Object Repository/CONSUMER/Settings/textfield_FirstNameAddress'

2019-09-17 11:58:48 - [MESSAGE][PASSED] - Text 'Jane' is set on object 'Object Repository/CONSUMER/Settings/textfield_FirstNameAddress'

2019-09-17 11:58:48 - [TEST_STEP][PASSED] - comment: add Last Name

2019-09-17 11:58:48 - [TEST_STEP][PASSED] - setText: Text 'Doe' is set on object 'Object Repository/CONSUMER/Settings/textfield_LastNameAddress'

2019-09-17 11:58:48 - [MESSAGE][PASSED] - Text 'Doe' is set on object 'Object Repository/CONSUMER/Settings/textfield_LastNameAddress'

2019-09-17 11:58:48 - [TEST_STEP][PASSED] - comment: add Address

2019-09-17 11:58:48 - [TEST_STEP][PASSED] - setText: Text 'Room 315 RDM Bldg. 2' is set on object 'Object Repository/CONSUMER/Settings/textfield_Address'

2019-09-17 11:58:49 - [MESSAGE][PASSED] - Text 'Room 315 RDM Bldg. 2' is set on object 'Object Repository/CONSUMER/Settings/textfield_Address'

2019-09-17 11:58:49 - [TEST_STEP][PASSED] - comment: add Country

2019-09-17 11:58:49 - [TEST_STEP][PASSED] - selectOptionByLabel: All options with label 'Philippines' are selected in object 'Object Repository/CONSUMER/Settings/dropdown_Country' 

2019-09-17 11:58:49 - [MESSAGE][PASSED] - All options with label 'Philippines' are selected in object 'Object Repository/CONSUMER/Settings/dropdown_Country' 

2019-09-17 11:58:49 - [TEST_STEP][PASSED] - comment: add State

2019-09-17 11:58:49 - [TEST_STEP][PASSED] - setText: Text 'Pandacan' is set on object 'Object Repository/CONSUMER/Settings/textfield_State'

2019-09-17 11:58:49 - [MESSAGE][PASSED] - Text 'Pandacan' is set on object 'Object Repository/CONSUMER/Settings/textfield_State'

2019-09-17 11:58:49 - [TEST_STEP][PASSED] - comment: add City

2019-09-17 11:58:49 - [TEST_STEP][PASSED] - setText: Text 'Metro Manila' is set on object 'Object Repository/CONSUMER/Settings/textfield_City'

2019-09-17 11:58:49 - [MESSAGE][PASSED] - Text 'Metro Manila' is set on object 'Object Repository/CONSUMER/Settings/textfield_City'

2019-09-17 11:58:49 - [TEST_STEP][PASSED] - comment: add Postal Code

2019-09-17 11:58:49 - [TEST_STEP][PASSED] - setText: Text '1001' is set on object 'Object Repository/CONSUMER/Settings/textfield_PostalCode'

2019-09-17 11:58:49 - [MESSAGE][PASSED] - Text '1001' is set on object 'Object Repository/CONSUMER/Settings/textfield_PostalCode'

2019-09-17 11:58:49 - [TEST_STEP][PASSED] - scrollToElement: Scroll to object 'Object Repository/CONSUMER/Settings/button_Add' successfully

2019-09-17 11:58:50 - [MESSAGE][WARNING] - Timeout '0' is invalid. Using default page load timeout: '30'

2019-09-17 11:58:50 - [MESSAGE][PASSED] - Scroll to object 'Object Repository/CONSUMER/Settings/button_Add' successfully

2019-09-17 11:58:50 - [TEST_STEP][PASSED] - click: Object: 'Object Repository/CONSUMER/Settings/button_Add' is clicked on

2019-09-17 11:58:50 - [MESSAGE][PASSED] - Object: 'Object Repository/CONSUMER/Settings/button_Add' is clicked on

2019-09-17 11:58:50 - [TEST_STEP][PASSED] - waitForElementVisible: Object 'Object Repository/CONSUMER/Settings/link_AddDeliveryAddress' is visible

2019-09-17 11:58:50 - [MESSAGE][WARNING] - Timeout '0' is invalid. Using default page load timeout: '30'

2019-09-17 11:58:50 - [MESSAGE][PASSED] - Object 'Object Repository/CONSUMER/Settings/link_AddDeliveryAddress' is visible]]></system-out>
         <system-err><![CDATA[]]></system-err>
      </testcase>
      <testcase name="Test Cases/CONSUMER/Settings/UI/18_buttonAddDeliveryAddress" classname="Test Cases/CONSUMER/Settings/UI/18_buttonAddDeliveryAddress" status="PASSED">
         <system-out><![CDATA[2019-09-17 11:58:50 - [TEST_CASE][PASSED] - Test Cases/CONSUMER/Settings/UI/18_buttonAddDeliveryAddress: Test Cases/CONSUMER/Settings/UI/18_buttonAddDeliveryAddress

2019-09-17 11:58:50 - [TEST_STEP][PASSED] - waitForElementVisible: Object 'Object Repository/CONSUMER/Settings/link_AddDeliveryAddress' is visible

2019-09-17 11:58:50 - [MESSAGE][WARNING] - Timeout '0' is invalid. Using default page load timeout: '30'

2019-09-17 11:58:50 - [MESSAGE][PASSED] - Object 'Object Repository/CONSUMER/Settings/link_AddDeliveryAddress' is visible

2019-09-17 11:58:50 - [TEST_STEP][PASSED] - verifyElementVisible: Object 'Object Repository/CONSUMER/Settings/link_AddDeliveryAddress' is visible

2019-09-17 11:58:50 - [MESSAGE][PASSED] - Object 'Object Repository/CONSUMER/Settings/link_AddDeliveryAddress' is visible]]></system-out>
         <system-err><![CDATA[]]></system-err>
      </testcase>
      <testcase name="Test Cases/CONSUMER/Settings/UI/35_buttonDelete" classname="Test Cases/CONSUMER/Settings/UI/35_buttonDelete" status="PASSED">
         <system-out><![CDATA[2019-09-17 11:58:50 - [TEST_CASE][PASSED] - Test Cases/CONSUMER/Settings/UI/35_buttonDelete: Test Cases/CONSUMER/Settings/UI/35_buttonDelete

2019-09-17 11:58:50 - [TEST_STEP][PASSED] - waitForElementVisible: Object 'Object Repository/CONSUMER/Settings/button_delete' is visible

2019-09-17 11:58:50 - [MESSAGE][WARNING] - Timeout '0' is invalid. Using default page load timeout: '30'

2019-09-17 11:58:50 - [MESSAGE][PASSED] - Object 'Object Repository/CONSUMER/Settings/button_delete' is visible

2019-09-17 11:58:50 - [TEST_STEP][PASSED] - verifyElementVisible: Object 'Object Repository/CONSUMER/Settings/button_delete' is visible

2019-09-17 11:58:50 - [MESSAGE][PASSED] - Object 'Object Repository/CONSUMER/Settings/button_delete' is visible]]></system-out>
         <system-err><![CDATA[]]></system-err>
      </testcase>
      <testcase name="Test Cases/CONSUMER/Settings/UI/36_textlabelDelete" classname="Test Cases/CONSUMER/Settings/UI/36_textlabelDelete" status="PASSED">
         <system-out><![CDATA[2019-09-17 11:58:50 - [TEST_CASE][PASSED] - Test Cases/CONSUMER/Settings/UI/36_textlabelDelete: Test Cases/CONSUMER/Settings/UI/36_textlabelDelete

2019-09-17 11:58:50 - [TEST_STEP][PASSED] - waitForElementVisible: Object 'Object Repository/CONSUMER/Settings/button_delete' is visible

2019-09-17 11:58:50 - [MESSAGE][WARNING] - Timeout '0' is invalid. Using default page load timeout: '30'

2019-09-17 11:58:50 - [MESSAGE][PASSED] - Object 'Object Repository/CONSUMER/Settings/button_delete' is visible

2019-09-17 11:58:50 - [TEST_STEP][PASSED] - click: Object: 'Object Repository/CONSUMER/Settings/button_delete' is clicked on

2019-09-17 11:58:51 - [MESSAGE][PASSED] - Object: 'Object Repository/CONSUMER/Settings/button_delete' is clicked on

2019-09-17 11:58:51 - [TEST_STEP][PASSED] - waitForElementVisible: Object 'Object Repository/CONSUMER/Settings/textlabel_Deletepopup' is visible

2019-09-17 11:58:51 - [MESSAGE][WARNING] - Timeout '0' is invalid. Using default page load timeout: '30'

2019-09-17 11:58:51 - [MESSAGE][PASSED] - Object 'Object Repository/CONSUMER/Settings/textlabel_Deletepopup' is visible

2019-09-17 11:58:51 - [TEST_STEP][PASSED] - verifyElementVisible: Object 'Object Repository/CONSUMER/Settings/textlabel_Deletepopup' is visible

2019-09-17 11:58:51 - [MESSAGE][PASSED] - Object 'Object Repository/CONSUMER/Settings/textlabel_Deletepopup' is visible]]></system-out>
         <system-err><![CDATA[]]></system-err>
      </testcase>
      <testcase name="Test Cases/CONSUMER/Settings/UI/37_buttonOkay" classname="Test Cases/CONSUMER/Settings/UI/37_buttonOkay" status="PASSED">
         <system-out><![CDATA[2019-09-17 11:58:51 - [TEST_CASE][PASSED] - Test Cases/CONSUMER/Settings/UI/37_buttonOkay: Test Cases/CONSUMER/Settings/UI/37_buttonOkay

2019-09-17 11:58:51 - [TEST_STEP][PASSED] - waitForElementVisible: Object 'Object Repository/CONSUMER/Settings/textlabel_Deletepopup' is visible

2019-09-17 11:58:51 - [MESSAGE][WARNING] - Timeout '0' is invalid. Using default page load timeout: '30'

2019-09-17 11:58:51 - [MESSAGE][PASSED] - Object 'Object Repository/CONSUMER/Settings/textlabel_Deletepopup' is visible

2019-09-17 11:58:51 - [TEST_STEP][PASSED] - verifyElementVisible: Object 'Object Repository/CONSUMER/Settings/button_Okay' is visible

2019-09-17 11:58:51 - [MESSAGE][PASSED] - Object 'Object Repository/CONSUMER/Settings/button_Okay' is visible]]></system-out>
         <system-err><![CDATA[]]></system-err>
      </testcase>
      <testcase name="Test Cases/CONSUMER/Settings/UI/38_buttonCancel" classname="Test Cases/CONSUMER/Settings/UI/38_buttonCancel" status="PASSED">
         <system-out><![CDATA[2019-09-17 11:58:51 - [TEST_CASE][PASSED] - Test Cases/CONSUMER/Settings/UI/38_buttonCancel: Test Cases/CONSUMER/Settings/UI/38_buttonCancel

2019-09-17 11:58:51 - [TEST_STEP][PASSED] - waitForElementVisible: Object 'Object Repository/CONSUMER/Settings/textlabel_Deletepopup' is visible

2019-09-17 11:58:51 - [MESSAGE][WARNING] - Timeout '0' is invalid. Using default page load timeout: '30'

2019-09-17 11:58:51 - [MESSAGE][PASSED] - Object 'Object Repository/CONSUMER/Settings/textlabel_Deletepopup' is visible

2019-09-17 11:58:51 - [TEST_STEP][PASSED] - verifyElementVisible: Object 'Object Repository/CONSUMER/Settings/button_Cancel' is visible

2019-09-17 11:58:51 - [MESSAGE][PASSED] - Object 'Object Repository/CONSUMER/Settings/button_Cancel' is visible

2019-09-17 11:58:51 - [TEST_STEP][PASSED] - click: Object: 'Object Repository/CONSUMER/Settings/button_Cancel' is clicked on

2019-09-17 11:58:52 - [MESSAGE][PASSED] - Object: 'Object Repository/CONSUMER/Settings/button_Cancel' is clicked on]]></system-out>
         <system-err><![CDATA[]]></system-err>
      </testcase>
      <system-out><![CDATA[2019-09-17 11:58:15 - [TEST_SUITE][FAILED] - UI_Settings: Test Cases/CONSUMER/Settings/UI/19_textlabelFirstNameAddress FAILED because (of) Object 'Object Repository/CONSUMER/Settings/textlabel_FirstName' is NOT visible]]></system-out>
      <system-err><![CDATA[2019-09-17 11:58:15 - [TEST_SUITE][FAILED] - UI_Settings: Test Cases/CONSUMER/Settings/UI/19_textlabelFirstNameAddress FAILED because (of) Object 'Object Repository/CONSUMER/Settings/textlabel_FirstName' is NOT visible]]></system-err>
   </testsuite>
</testsuites>
