<?xml version="1.0" encoding="UTF-8"?>
<testsuites name="1_UI Verification" time="241" tests="54" failures="5" errors="0">
   <testsuite name="1_UI Verification" tests="54" failures="5" errors="0" time="241" timestamp="2019-11-04 14:55:48" hostname="April - April-PC" id="Test Suites/Admin/Private Settings/1_UI Verification">
      <properties>
         <property name="deviceName" value=""/>
         <property name="devicePlatform" value=""/>
         <property name="logFolder" value="C:\\Users\\April\\git\\Trillia\\Reports\\Admin\\Private Settings\\1_UI Verification\\20191104_145547"/>
         <property name="logFiles" value="C:\\Users\\April\\git\\Trillia\\Reports\\Admin\\Private Settings\\1_UI Verification\\20191104_145547\\execution0.log"/>
         <property name="attachments" value="C:\\Users\\April\\git\\Trillia\\Reports\\Admin\\Private Settings\\1_UI Verification\\20191104_145547\\1572850620284.png, C:\\Users\\April\\git\\Trillia\\Reports\\Admin\\Private Settings\\1_UI Verification\\20191104_145547\\1572850654908.png, C:\\Users\\April\\git\\Trillia\\Reports\\Admin\\Private Settings\\1_UI Verification\\20191104_145547\\1572850699905.png, C:\\Users\\April\\git\\Trillia\\Reports\\Admin\\Private Settings\\1_UI Verification\\20191104_145547\\1572850734234.png, C:\\Users\\April\\git\\Trillia\\Reports\\Admin\\Private Settings\\1_UI Verification\\20191104_145547\\1572850774487.png"/>
         <property name="hostName" value="April - April-PC"/>
         <property name="os" value="Windows 7 64bit"/>
         <property name="katalonVersion" value="5.4.2.1"/>
         <property name="browser" value="Chrome 78.0.3904.87"/>
         <property name="hostAddress" value="10.10.31.99"/>
         <property name="sessionId" value="0c89db4865ce4e7aef1f53ad537e51a4"/>
         <property name="seleniumVersion" value="3.7.1"/>
         <property name="proxyInformation" value="ProxyInformation{proxyOption=NO_PROXY, proxyServerType=HTTP, password=, proxyServerAddress=, proxyServerPort=0}"/>
         <property name="platform" value="Windows 7"/>
      </properties>
      <testcase name="Test Cases/Utilities/ADMIN/Admin Login" classname="Test Cases/Utilities/ADMIN/Admin Login" status="PASSED">
         <system-out><![CDATA[2019-11-04 14:55:49 - [TEST_CASE][PASSED] - Test Cases/Utilities/ADMIN/Admin Login: Test Cases/Utilities/ADMIN/Admin Login

2019-11-04 14:55:49 - [TEST_STEP][PASSED] - openBrowser: Browser is opened with url: ''

2019-11-04 14:55:52 - [MESSAGE][PASSED] - Browser is opened with url: ''

2019-11-04 14:55:52 - [TEST_STEP][PASSED] - maximizeWindow: Current window maximized

2019-11-04 14:55:54 - [MESSAGE][PASSED] - Current window maximized

2019-11-04 14:55:54 - [TEST_STEP][PASSED] - navigateToUrl: Navigate to 'http://1104bp1.test.arcadier.io/admin' successfully

2019-11-04 14:55:57 - [MESSAGE][PASSED] - Navigate to 'http://1104bp1.test.arcadier.io/admin' successfully

2019-11-04 14:55:57 - [TEST_STEP][PASSED] - Statement - If (AdminAccountType == "custom"): Object: 'Object Repository/ADMIN/Admin Login Page/button_SignIn' is clicked on

2019-11-04 14:55:57 - [TEST_STEP][PASSED] - waitForElementVisible: Object 'Object Repository/ADMIN/Admin Login Page/textbox_username' is visible

2019-11-04 14:55:57 - [MESSAGE][WARNING] - Timeout '0' is invalid. Using default page load timeout: '30'

2019-11-04 14:55:57 - [MESSAGE][PASSED] - Object 'Object Repository/ADMIN/Admin Login Page/textbox_username' is visible

2019-11-04 14:55:57 - [TEST_STEP][PASSED] - setText: Text '1104bp1' is set on object 'Object Repository/ADMIN/Admin Login Page/textbox_username'

2019-11-04 14:55:57 - [MESSAGE][PASSED] - Text '1104bp1' is set on object 'Object Repository/ADMIN/Admin Login Page/textbox_username'

2019-11-04 14:55:57 - [TEST_STEP][PASSED] - setText: Text 'welcome8' is set on object 'Object Repository/ADMIN/Admin Login Page/textbox_password'

2019-11-04 14:55:58 - [MESSAGE][PASSED] - Text 'welcome8' is set on object 'Object Repository/ADMIN/Admin Login Page/textbox_password'

2019-11-04 14:55:58 - [TEST_STEP][PASSED] - click: Object: 'Object Repository/ADMIN/Admin Login Page/button_SignIn' is clicked on

2019-11-04 14:56:03 - [MESSAGE][PASSED] - Object: 'Object Repository/ADMIN/Admin Login Page/button_SignIn' is clicked on]]></system-out>
         <system-err><![CDATA[]]></system-err>
      </testcase>
      <testcase name="Test Cases/ADMIN/Advanced/Private Settings/goto_PrivateSettings" classname="Test Cases/ADMIN/Advanced/Private Settings/goto_PrivateSettings" status="PASSED">
         <system-out><![CDATA[2019-11-04 14:56:03 - [TEST_CASE][PASSED] - Test Cases/ADMIN/Advanced/Private Settings/goto_PrivateSettings: Test Cases/ADMIN/Advanced/Private Settings/goto_PrivateSettings

2019-11-04 14:56:04 - [TEST_STEP][PASSED] - waitForElementVisible: Object 'Object Repository/ADMIN/Private Settings/sidemenu_Advanced' is visible

2019-11-04 14:56:04 - [MESSAGE][WARNING] - Timeout '0' is invalid. Using default page load timeout: '30'

2019-11-04 14:56:04 - [MESSAGE][PASSED] - Object 'Object Repository/ADMIN/Private Settings/sidemenu_Advanced' is visible

2019-11-04 14:56:04 - [TEST_STEP][PASSED] - click: Object: 'Object Repository/ADMIN/Private Settings/sidemenu_Advanced' is clicked on

2019-11-04 14:56:04 - [MESSAGE][PASSED] - Object: 'Object Repository/ADMIN/Private Settings/sidemenu_Advanced' is clicked on

2019-11-04 14:56:04 - [TEST_STEP][PASSED] - waitForElementVisible: Object 'Object Repository/ADMIN/Private Settings/sidemenu_Private Settings' is visible

2019-11-04 14:56:04 - [MESSAGE][WARNING] - Timeout '0' is invalid. Using default page load timeout: '30'

2019-11-04 14:56:04 - [MESSAGE][PASSED] - Object 'Object Repository/ADMIN/Private Settings/sidemenu_Private Settings' is visible

2019-11-04 14:56:04 - [TEST_STEP][PASSED] - click: Object: 'Object Repository/ADMIN/Private Settings/sidemenu_Private Settings' is clicked on

2019-11-04 14:56:10 - [MESSAGE][PASSED] - Object: 'Object Repository/ADMIN/Private Settings/sidemenu_Private Settings' is clicked on

2019-11-04 14:56:10 - [TEST_STEP][PASSED] - waitForElementVisible: Object 'Object Repository/ADMIN/Private Settings/textlabel_Restricted Access Setting' is visible

2019-11-04 14:56:10 - [MESSAGE][WARNING] - Timeout '0' is invalid. Using default page load timeout: '30'

2019-11-04 14:56:10 - [MESSAGE][PASSED] - Object 'Object Repository/ADMIN/Private Settings/textlabel_Restricted Access Setting' is visible]]></system-out>
         <system-err><![CDATA[]]></system-err>
      </testcase>
      <testcase name="Test Cases/ADMIN/Advanced/Private Settings/Private Off UI/00_sidemenuPrivate settings" classname="Test Cases/ADMIN/Advanced/Private Settings/Private Off UI/00_sidemenuPrivate settings" status="PASSED">
         <system-out><![CDATA[2019-11-04 14:56:10 - [TEST_CASE][PASSED] - Test Cases/ADMIN/Advanced/Private Settings/Private Off UI/00_sidemenuPrivate settings: Test Cases/ADMIN/Advanced/Private Settings/Private Off UI/00_sidemenuPrivate settings

2019-11-04 14:56:10 - [TEST_STEP][PASSED] - verifyElementPresent: Object 'Object Repository/ADMIN/Private Settings/Private Off UI/sidemenu_Private Settings' is present

2019-11-04 14:56:10 - [MESSAGE][WARNING] - Timeout '0' is invalid. Using default page load timeout: '30'

2019-11-04 14:56:10 - [MESSAGE][PASSED] - Object 'Object Repository/ADMIN/Private Settings/Private Off UI/sidemenu_Private Settings' is present

2019-11-04 14:56:10 - [TEST_STEP][PASSED] - click: Object: 'Object Repository/ADMIN/Private Settings/Private Off UI/sidemenu_Private Settings' is clicked on

2019-11-04 14:56:11 - [MESSAGE][PASSED] - Object: 'Object Repository/ADMIN/Private Settings/Private Off UI/sidemenu_Private Settings' is clicked on]]></system-out>
         <system-err><![CDATA[]]></system-err>
      </testcase>
      <testcase name="Test Cases/ADMIN/Advanced/Private Settings/Private Off UI/07_RestrictedDescription" classname="Test Cases/ADMIN/Advanced/Private Settings/Private Off UI/07_RestrictedDescription" status="PASSED">
         <system-out><![CDATA[2019-11-04 14:56:11 - [TEST_CASE][PASSED] - Test Cases/ADMIN/Advanced/Private Settings/Private Off UI/07_RestrictedDescription: Test Cases/ADMIN/Advanced/Private Settings/Private Off UI/07_RestrictedDescription

2019-11-04 14:56:11 - [TEST_STEP][PASSED] - verifyElementPresent: Object 'Object Repository/ADMIN/Private Settings/Private Off UI/sidemenu_Private Settings' is present

2019-11-04 14:56:11 - [MESSAGE][WARNING] - Timeout '0' is invalid. Using default page load timeout: '30'

2019-11-04 14:56:11 - [MESSAGE][PASSED] - Object 'Object Repository/ADMIN/Private Settings/Private Off UI/sidemenu_Private Settings' is present

2019-11-04 14:56:11 - [TEST_STEP][PASSED] - click: Object: 'Object Repository/ADMIN/Private Settings/Private Off UI/sidemenu_Private Settings' is clicked on

2019-11-04 14:56:11 - [MESSAGE][PASSED] - Object: 'Object Repository/ADMIN/Private Settings/Private Off UI/sidemenu_Private Settings' is clicked on

2019-11-04 14:56:11 - [TEST_STEP][PASSED] - verifyElementPresent: Object 'Object Repository/ADMIN/Private Settings/Private Off UI/textlabel_Restricted Access Marketplac' is present

2019-11-04 14:56:11 - [MESSAGE][WARNING] - Timeout '0' is invalid. Using default page load timeout: '30'

2019-11-04 14:56:12 - [MESSAGE][PASSED] - Object 'Object Repository/ADMIN/Private Settings/Private Off UI/textlabel_Restricted Access Marketplac' is present]]></system-out>
         <system-err><![CDATA[]]></system-err>
      </testcase>
      <testcase name="Test Cases/ADMIN/Advanced/Private Settings/Private Off UI/01_HeaderIcon" classname="Test Cases/ADMIN/Advanced/Private Settings/Private Off UI/01_HeaderIcon" status="PASSED">
         <system-out><![CDATA[2019-11-04 14:56:12 - [TEST_CASE][PASSED] - Test Cases/ADMIN/Advanced/Private Settings/Private Off UI/01_HeaderIcon: Test Cases/ADMIN/Advanced/Private Settings/Private Off UI/01_HeaderIcon

2019-11-04 14:56:12 - [TEST_STEP][PASSED] - verifyElementPresent: Object 'Object Repository/ADMIN/Private Settings/Private Off UI/sidemenu_Private Settings' is present

2019-11-04 14:56:12 - [MESSAGE][WARNING] - Timeout '0' is invalid. Using default page load timeout: '30'

2019-11-04 14:56:12 - [MESSAGE][PASSED] - Object 'Object Repository/ADMIN/Private Settings/Private Off UI/sidemenu_Private Settings' is present

2019-11-04 14:56:12 - [TEST_STEP][PASSED] - click: Object: 'Object Repository/ADMIN/Private Settings/Private Off UI/sidemenu_Private Settings' is clicked on

2019-11-04 14:56:12 - [MESSAGE][PASSED] - Object: 'Object Repository/ADMIN/Private Settings/Private Off UI/sidemenu_Private Settings' is clicked on

2019-11-04 14:56:12 - [TEST_STEP][PASSED] - verifyElementPresent: Object 'Object Repository/ADMIN/Private Settings/Private Off UI/header_icon' is present

2019-11-04 14:56:12 - [MESSAGE][WARNING] - Timeout '0' is invalid. Using default page load timeout: '30'

2019-11-04 14:56:12 - [MESSAGE][PASSED] - Object 'Object Repository/ADMIN/Private Settings/Private Off UI/header_icon' is present]]></system-out>
         <system-err><![CDATA[]]></system-err>
      </testcase>
      <testcase name="Test Cases/ADMIN/Advanced/Private Settings/Private Off UI/02_HeaderRestricted Settings" classname="Test Cases/ADMIN/Advanced/Private Settings/Private Off UI/02_HeaderRestricted Settings" status="PASSED">
         <system-out><![CDATA[2019-11-04 14:56:12 - [TEST_CASE][PASSED] - Test Cases/ADMIN/Advanced/Private Settings/Private Off UI/02_HeaderRestricted Settings: Test Cases/ADMIN/Advanced/Private Settings/Private Off UI/02_HeaderRestricted Settings

2019-11-04 14:56:13 - [TEST_STEP][PASSED] - verifyElementPresent: Object 'Object Repository/ADMIN/Private Settings/Private Off UI/sidemenu_Private Settings' is present

2019-11-04 14:56:13 - [MESSAGE][WARNING] - Timeout '0' is invalid. Using default page load timeout: '30'

2019-11-04 14:56:13 - [MESSAGE][PASSED] - Object 'Object Repository/ADMIN/Private Settings/Private Off UI/sidemenu_Private Settings' is present

2019-11-04 14:56:13 - [TEST_STEP][PASSED] - click: Object: 'Object Repository/ADMIN/Private Settings/Private Off UI/sidemenu_Private Settings' is clicked on

2019-11-04 14:56:13 - [MESSAGE][PASSED] - Object: 'Object Repository/ADMIN/Private Settings/Private Off UI/sidemenu_Private Settings' is clicked on

2019-11-04 14:56:13 - [TEST_STEP][PASSED] - verifyElementPresent: Object 'Object Repository/ADMIN/Private Settings/Private Off UI/header_Restricted Access Setting' is present

2019-11-04 14:56:13 - [MESSAGE][WARNING] - Timeout '0' is invalid. Using default page load timeout: '30'

2019-11-04 14:56:13 - [MESSAGE][PASSED] - Object 'Object Repository/ADMIN/Private Settings/Private Off UI/header_Restricted Access Setting' is present]]></system-out>
         <system-err><![CDATA[]]></system-err>
      </testcase>
      <testcase name="Test Cases/ADMIN/Advanced/Private Settings/Private Off UI/03_RestrictedAccessIcon" classname="Test Cases/ADMIN/Advanced/Private Settings/Private Off UI/03_RestrictedAccessIcon" status="PASSED">
         <system-out><![CDATA[2019-11-04 14:56:13 - [TEST_CASE][PASSED] - Test Cases/ADMIN/Advanced/Private Settings/Private Off UI/03_RestrictedAccessIcon: Test Cases/ADMIN/Advanced/Private Settings/Private Off UI/03_RestrictedAccessIcon

2019-11-04 14:56:14 - [TEST_STEP][PASSED] - verifyElementPresent: Object 'Object Repository/ADMIN/Private Settings/Private Off UI/sidemenu_Private Settings' is present

2019-11-04 14:56:14 - [MESSAGE][WARNING] - Timeout '0' is invalid. Using default page load timeout: '30'

2019-11-04 14:56:14 - [MESSAGE][PASSED] - Object 'Object Repository/ADMIN/Private Settings/Private Off UI/sidemenu_Private Settings' is present

2019-11-04 14:56:14 - [TEST_STEP][PASSED] - click: Object: 'Object Repository/ADMIN/Private Settings/Private Off UI/sidemenu_Private Settings' is clicked on

2019-11-04 14:56:14 - [MESSAGE][PASSED] - Object: 'Object Repository/ADMIN/Private Settings/Private Off UI/sidemenu_Private Settings' is clicked on

2019-11-04 14:56:14 - [TEST_STEP][PASSED] - verifyElementPresent: Object 'Object Repository/ADMIN/Private Settings/Private Off UI/icon_privatesettings' is present

2019-11-04 14:56:14 - [MESSAGE][WARNING] - Timeout '0' is invalid. Using default page load timeout: '30'

2019-11-04 14:56:14 - [MESSAGE][PASSED] - Object 'Object Repository/ADMIN/Private Settings/Private Off UI/icon_privatesettings' is present]]></system-out>
         <system-err><![CDATA[]]></system-err>
      </testcase>
      <testcase name="Test Cases/ADMIN/Advanced/Private Settings/Private Off UI/04_SetyourMarketplaceRestrictedAccess" classname="Test Cases/ADMIN/Advanced/Private Settings/Private Off UI/04_SetyourMarketplaceRestrictedAccess" status="PASSED">
         <system-out><![CDATA[2019-11-04 14:56:14 - [TEST_CASE][PASSED] - Test Cases/ADMIN/Advanced/Private Settings/Private Off UI/04_SetyourMarketplaceRestrictedAccess: Test Cases/ADMIN/Advanced/Private Settings/Private Off UI/04_SetyourMarketplaceRestrictedAccess

2019-11-04 14:56:14 - [TEST_STEP][PASSED] - verifyElementPresent: Object 'Object Repository/ADMIN/Private Settings/Private Off UI/sidemenu_Private Settings' is present

2019-11-04 14:56:14 - [MESSAGE][WARNING] - Timeout '0' is invalid. Using default page load timeout: '30'

2019-11-04 14:56:14 - [MESSAGE][PASSED] - Object 'Object Repository/ADMIN/Private Settings/Private Off UI/sidemenu_Private Settings' is present

2019-11-04 14:56:14 - [TEST_STEP][PASSED] - click: Object: 'Object Repository/ADMIN/Private Settings/Private Off UI/sidemenu_Private Settings' is clicked on

2019-11-04 14:56:15 - [MESSAGE][PASSED] - Object: 'Object Repository/ADMIN/Private Settings/Private Off UI/sidemenu_Private Settings' is clicked on

2019-11-04 14:56:15 - [TEST_STEP][PASSED] - verifyElementPresent: Object 'Object Repository/ADMIN/Private Settings/Private Off UI/textlabel_Set your Marketplace Restri' is present

2019-11-04 14:56:15 - [MESSAGE][WARNING] - Timeout '0' is invalid. Using default page load timeout: '30'

2019-11-04 14:56:15 - [MESSAGE][PASSED] - Object 'Object Repository/ADMIN/Private Settings/Private Off UI/textlabel_Set your Marketplace Restri' is present]]></system-out>
         <system-err><![CDATA[]]></system-err>
      </testcase>
      <testcase name="Test Cases/ADMIN/Advanced/Private Settings/Private Off UI/05_togglebutton" classname="Test Cases/ADMIN/Advanced/Private Settings/Private Off UI/05_togglebutton" status="PASSED">
         <system-out><![CDATA[2019-11-04 14:56:15 - [TEST_CASE][PASSED] - Test Cases/ADMIN/Advanced/Private Settings/Private Off UI/05_togglebutton: Test Cases/ADMIN/Advanced/Private Settings/Private Off UI/05_togglebutton

2019-11-04 14:56:15 - [TEST_STEP][PASSED] - verifyElementPresent: Object 'Object Repository/ADMIN/Private Settings/Private Off UI/sidemenu_Private Settings' is present

2019-11-04 14:56:15 - [MESSAGE][WARNING] - Timeout '0' is invalid. Using default page load timeout: '30'

2019-11-04 14:56:15 - [MESSAGE][PASSED] - Object 'Object Repository/ADMIN/Private Settings/Private Off UI/sidemenu_Private Settings' is present

2019-11-04 14:56:15 - [TEST_STEP][PASSED] - click: Object: 'Object Repository/ADMIN/Private Settings/Private Off UI/sidemenu_Private Settings' is clicked on

2019-11-04 14:56:16 - [MESSAGE][PASSED] - Object: 'Object Repository/ADMIN/Private Settings/Private Off UI/sidemenu_Private Settings' is clicked on

2019-11-04 14:56:16 - [TEST_STEP][PASSED] - verifyElementPresent: Object 'Object Repository/ADMIN/Private Settings/Private Off UI/toggle_private' is present

2019-11-04 14:56:16 - [MESSAGE][WARNING] - Timeout '0' is invalid. Using default page load timeout: '30'

2019-11-04 14:56:16 - [MESSAGE][PASSED] - Object 'Object Repository/ADMIN/Private Settings/Private Off UI/toggle_private' is present]]></system-out>
         <system-err><![CDATA[]]></system-err>
      </testcase>
      <testcase name="Test Cases/ADMIN/Advanced/Private Settings/Private Off UI/06_WhatisRestrictedAccessMarketplace" classname="Test Cases/ADMIN/Advanced/Private Settings/Private Off UI/06_WhatisRestrictedAccessMarketplace" status="PASSED">
         <system-out><![CDATA[2019-11-04 14:56:16 - [TEST_CASE][PASSED] - Test Cases/ADMIN/Advanced/Private Settings/Private Off UI/06_WhatisRestrictedAccessMarketplace: Test Cases/ADMIN/Advanced/Private Settings/Private Off UI/06_WhatisRestrictedAccessMarketplace

2019-11-04 14:56:16 - [TEST_STEP][PASSED] - verifyElementPresent: Object 'Object Repository/ADMIN/Private Settings/Private Off UI/sidemenu_Private Settings' is present

2019-11-04 14:56:16 - [MESSAGE][WARNING] - Timeout '0' is invalid. Using default page load timeout: '30'

2019-11-04 14:56:16 - [MESSAGE][PASSED] - Object 'Object Repository/ADMIN/Private Settings/Private Off UI/sidemenu_Private Settings' is present

2019-11-04 14:56:16 - [TEST_STEP][PASSED] - click: Object: 'Object Repository/ADMIN/Private Settings/Private Off UI/sidemenu_Private Settings' is clicked on

2019-11-04 14:56:17 - [MESSAGE][PASSED] - Object: 'Object Repository/ADMIN/Private Settings/Private Off UI/sidemenu_Private Settings' is clicked on

2019-11-04 14:56:17 - [TEST_STEP][PASSED] - verifyElementPresent: Object 'Object Repository/ADMIN/Private Settings/Private Off UI/textlabel_What is Restricted Access M' is present

2019-11-04 14:56:17 - [MESSAGE][WARNING] - Timeout '0' is invalid. Using default page load timeout: '30'

2019-11-04 14:56:17 - [MESSAGE][PASSED] - Object 'Object Repository/ADMIN/Private Settings/Private Off UI/textlabel_What is Restricted Access M' is present]]></system-out>
         <system-err><![CDATA[]]></system-err>
      </testcase>
      <testcase name="Test Cases/ADMIN/Advanced/Private Settings/set_Private" classname="Test Cases/ADMIN/Advanced/Private Settings/set_Private" status="PASSED">
         <system-out><![CDATA[2019-11-04 14:56:17 - [TEST_CASE][PASSED] - Test Cases/ADMIN/Advanced/Private Settings/set_Private: Test Cases/ADMIN/Advanced/Private Settings/set_Private

2019-11-04 14:56:17 - [TEST_STEP][PASSED] - waitForElementVisible: Object 'Object Repository/ADMIN/Private Settings/textlabel_Restricted Access Setting' is visible

2019-11-04 14:56:17 - [MESSAGE][WARNING] - Timeout '0' is invalid. Using default page load timeout: '30'

2019-11-04 14:56:17 - [MESSAGE][PASSED] - Object 'Object Repository/ADMIN/Private Settings/textlabel_Restricted Access Setting' is visible

2019-11-04 14:56:17 - [TEST_STEP][PASSED] - click: Object: 'Object Repository/ADMIN/Private Settings/toggle_on off' is clicked on

2019-11-04 14:56:17 - [MESSAGE][PASSED] - Object: 'Object Repository/ADMIN/Private Settings/toggle_on off' is clicked on

2019-11-04 14:56:17 - [TEST_STEP][PASSED] - waitForElementVisible: Object 'Object Repository/ADMIN/Private Settings/textbox_page title' is visible

2019-11-04 14:56:17 - [MESSAGE][WARNING] - Timeout '0' is invalid. Using default page load timeout: '30'

2019-11-04 14:56:17 - [MESSAGE][PASSED] - Object 'Object Repository/ADMIN/Private Settings/textbox_page title' is visible]]></system-out>
         <system-err><![CDATA[]]></system-err>
      </testcase>
      <testcase name="Test Cases/ADMIN/Advanced/Private Settings/Private On UI/00_HeaderIcon" classname="Test Cases/ADMIN/Advanced/Private Settings/Private On UI/00_HeaderIcon" status="PASSED">
         <system-out><![CDATA[2019-11-04 14:56:17 - [TEST_CASE][PASSED] - Test Cases/ADMIN/Advanced/Private Settings/Private On UI/00_HeaderIcon: Test Cases/ADMIN/Advanced/Private Settings/Private On UI/00_HeaderIcon

2019-11-04 14:56:17 - [TEST_STEP][PASSED] - verifyElementPresent: Object 'Object Repository/ADMIN/Private Settings/Private Off UI/sidemenu_Private Settings' is present

2019-11-04 14:56:17 - [MESSAGE][WARNING] - Timeout '0' is invalid. Using default page load timeout: '30'

2019-11-04 14:56:17 - [MESSAGE][PASSED] - Object 'Object Repository/ADMIN/Private Settings/Private Off UI/sidemenu_Private Settings' is present

2019-11-04 14:56:17 - [TEST_STEP][PASSED] - click: Object: 'Object Repository/ADMIN/Private Settings/Private Off UI/sidemenu_Private Settings' is clicked on

2019-11-04 14:56:18 - [MESSAGE][PASSED] - Object: 'Object Repository/ADMIN/Private Settings/Private Off UI/sidemenu_Private Settings' is clicked on

2019-11-04 14:56:18 - [TEST_STEP][PASSED] - verifyElementPresent: Object 'Object Repository/ADMIN/Private Settings/Private Off UI/header_icon' is present

2019-11-04 14:56:18 - [MESSAGE][WARNING] - Timeout '0' is invalid. Using default page load timeout: '30'

2019-11-04 14:56:18 - [MESSAGE][PASSED] - Object 'Object Repository/ADMIN/Private Settings/Private Off UI/header_icon' is present]]></system-out>
         <system-err><![CDATA[]]></system-err>
      </testcase>
      <testcase name="Test Cases/ADMIN/Advanced/Private Settings/Private On UI/00_HeaderRestricted Settings" classname="Test Cases/ADMIN/Advanced/Private Settings/Private On UI/00_HeaderRestricted Settings" status="PASSED">
         <system-out><![CDATA[2019-11-04 14:56:18 - [TEST_CASE][PASSED] - Test Cases/ADMIN/Advanced/Private Settings/Private On UI/00_HeaderRestricted Settings: Test Cases/ADMIN/Advanced/Private Settings/Private On UI/00_HeaderRestricted Settings

2019-11-04 14:56:18 - [TEST_STEP][PASSED] - verifyElementPresent: Object 'Object Repository/ADMIN/Private Settings/Private Off UI/sidemenu_Private Settings' is present

2019-11-04 14:56:18 - [MESSAGE][WARNING] - Timeout '0' is invalid. Using default page load timeout: '30'

2019-11-04 14:56:18 - [MESSAGE][PASSED] - Object 'Object Repository/ADMIN/Private Settings/Private Off UI/sidemenu_Private Settings' is present

2019-11-04 14:56:18 - [TEST_STEP][PASSED] - click: Object: 'Object Repository/ADMIN/Private Settings/Private Off UI/sidemenu_Private Settings' is clicked on

2019-11-04 14:56:20 - [MESSAGE][PASSED] - Object: 'Object Repository/ADMIN/Private Settings/Private Off UI/sidemenu_Private Settings' is clicked on

2019-11-04 14:56:20 - [TEST_STEP][PASSED] - verifyElementPresent: Object 'Object Repository/ADMIN/Private Settings/Private Off UI/header_Restricted Access Setting' is present

2019-11-04 14:56:20 - [MESSAGE][WARNING] - Timeout '0' is invalid. Using default page load timeout: '30'

2019-11-04 14:56:20 - [MESSAGE][PASSED] - Object 'Object Repository/ADMIN/Private Settings/Private Off UI/header_Restricted Access Setting' is present]]></system-out>
         <system-err><![CDATA[]]></system-err>
      </testcase>
      <testcase name="Test Cases/ADMIN/Advanced/Private Settings/Private On UI/00_RestrictedAccessIcon" classname="Test Cases/ADMIN/Advanced/Private Settings/Private On UI/00_RestrictedAccessIcon" status="PASSED">
         <system-out><![CDATA[2019-11-04 14:56:20 - [TEST_CASE][PASSED] - Test Cases/ADMIN/Advanced/Private Settings/Private On UI/00_RestrictedAccessIcon: Test Cases/ADMIN/Advanced/Private Settings/Private On UI/00_RestrictedAccessIcon

2019-11-04 14:56:20 - [TEST_STEP][PASSED] - verifyElementPresent: Object 'Object Repository/ADMIN/Private Settings/Private Off UI/sidemenu_Private Settings' is present

2019-11-04 14:56:20 - [MESSAGE][WARNING] - Timeout '0' is invalid. Using default page load timeout: '30'

2019-11-04 14:56:20 - [MESSAGE][PASSED] - Object 'Object Repository/ADMIN/Private Settings/Private Off UI/sidemenu_Private Settings' is present

2019-11-04 14:56:20 - [TEST_STEP][PASSED] - click: Object: 'Object Repository/ADMIN/Private Settings/Private Off UI/sidemenu_Private Settings' is clicked on

2019-11-04 14:56:21 - [MESSAGE][PASSED] - Object: 'Object Repository/ADMIN/Private Settings/Private Off UI/sidemenu_Private Settings' is clicked on

2019-11-04 14:56:21 - [TEST_STEP][PASSED] - verifyElementPresent: Object 'Object Repository/ADMIN/Private Settings/Private Off UI/icon_privatesettings' is present

2019-11-04 14:56:21 - [MESSAGE][WARNING] - Timeout '0' is invalid. Using default page load timeout: '30'

2019-11-04 14:56:21 - [MESSAGE][PASSED] - Object 'Object Repository/ADMIN/Private Settings/Private Off UI/icon_privatesettings' is present]]></system-out>
         <system-err><![CDATA[]]></system-err>
      </testcase>
      <testcase name="Test Cases/ADMIN/Advanced/Private Settings/Private On UI/00_SetyourMarketplaceRestrictedAccess" classname="Test Cases/ADMIN/Advanced/Private Settings/Private On UI/00_SetyourMarketplaceRestrictedAccess" status="PASSED">
         <system-out><![CDATA[2019-11-04 14:56:21 - [TEST_CASE][PASSED] - Test Cases/ADMIN/Advanced/Private Settings/Private On UI/00_SetyourMarketplaceRestrictedAccess: Test Cases/ADMIN/Advanced/Private Settings/Private On UI/00_SetyourMarketplaceRestrictedAccess

2019-11-04 14:56:21 - [TEST_STEP][PASSED] - verifyElementPresent: Object 'Object Repository/ADMIN/Private Settings/Private Off UI/sidemenu_Private Settings' is present

2019-11-04 14:56:21 - [MESSAGE][WARNING] - Timeout '0' is invalid. Using default page load timeout: '30'

2019-11-04 14:56:21 - [MESSAGE][PASSED] - Object 'Object Repository/ADMIN/Private Settings/Private Off UI/sidemenu_Private Settings' is present

2019-11-04 14:56:21 - [TEST_STEP][PASSED] - click: Object: 'Object Repository/ADMIN/Private Settings/Private Off UI/sidemenu_Private Settings' is clicked on

2019-11-04 14:56:22 - [MESSAGE][PASSED] - Object: 'Object Repository/ADMIN/Private Settings/Private Off UI/sidemenu_Private Settings' is clicked on

2019-11-04 14:56:22 - [TEST_STEP][PASSED] - verifyElementPresent: Object 'Object Repository/ADMIN/Private Settings/Private Off UI/textlabel_Set your Marketplace Restri' is present

2019-11-04 14:56:22 - [MESSAGE][WARNING] - Timeout '0' is invalid. Using default page load timeout: '30'

2019-11-04 14:56:22 - [MESSAGE][PASSED] - Object 'Object Repository/ADMIN/Private Settings/Private Off UI/textlabel_Set your Marketplace Restri' is present]]></system-out>
         <system-err><![CDATA[]]></system-err>
      </testcase>
      <testcase name="Test Cases/ADMIN/Advanced/Private Settings/Private On UI/00_togglebutton" classname="Test Cases/ADMIN/Advanced/Private Settings/Private On UI/00_togglebutton" status="PASSED">
         <system-out><![CDATA[2019-11-04 14:56:22 - [TEST_CASE][PASSED] - Test Cases/ADMIN/Advanced/Private Settings/Private On UI/00_togglebutton: Test Cases/ADMIN/Advanced/Private Settings/Private On UI/00_togglebutton

2019-11-04 14:56:22 - [TEST_STEP][PASSED] - verifyElementPresent: Object 'Object Repository/ADMIN/Private Settings/Private Off UI/sidemenu_Private Settings' is present

2019-11-04 14:56:22 - [MESSAGE][WARNING] - Timeout '0' is invalid. Using default page load timeout: '30'

2019-11-04 14:56:22 - [MESSAGE][PASSED] - Object 'Object Repository/ADMIN/Private Settings/Private Off UI/sidemenu_Private Settings' is present

2019-11-04 14:56:22 - [TEST_STEP][PASSED] - click: Object: 'Object Repository/ADMIN/Private Settings/Private Off UI/sidemenu_Private Settings' is clicked on

2019-11-04 14:56:23 - [MESSAGE][PASSED] - Object: 'Object Repository/ADMIN/Private Settings/Private Off UI/sidemenu_Private Settings' is clicked on

2019-11-04 14:56:23 - [TEST_STEP][PASSED] - verifyElementPresent: Object 'Object Repository/ADMIN/Private Settings/Private Off UI/toggle_private' is present

2019-11-04 14:56:23 - [MESSAGE][WARNING] - Timeout '0' is invalid. Using default page load timeout: '30'

2019-11-04 14:56:23 - [MESSAGE][PASSED] - Object 'Object Repository/ADMIN/Private Settings/Private Off UI/toggle_private' is present]]></system-out>
         <system-err><![CDATA[]]></system-err>
      </testcase>
      <testcase name="Test Cases/ADMIN/Advanced/Private Settings/Private On UI/09_AllGuestUser" classname="Test Cases/ADMIN/Advanced/Private Settings/Private On UI/09_AllGuestUser" status="PASSED">
         <system-out><![CDATA[2019-11-04 14:56:23 - [TEST_CASE][PASSED] - Test Cases/ADMIN/Advanced/Private Settings/Private On UI/09_AllGuestUser: Test Cases/ADMIN/Advanced/Private Settings/Private On UI/09_AllGuestUser

2019-11-04 14:56:23 - [TEST_STEP][PASSED] - verifyElementPresent: Object 'Object Repository/ADMIN/Private Settings/Private Off UI/sidemenu_Private Settings' is present

2019-11-04 14:56:23 - [MESSAGE][WARNING] - Timeout '0' is invalid. Using default page load timeout: '30'

2019-11-04 14:56:23 - [MESSAGE][PASSED] - Object 'Object Repository/ADMIN/Private Settings/Private Off UI/sidemenu_Private Settings' is present

2019-11-04 14:56:23 - [TEST_STEP][PASSED] - click: Object: 'Object Repository/ADMIN/Private Settings/Private Off UI/sidemenu_Private Settings' is clicked on

2019-11-04 14:56:23 - [MESSAGE][PASSED] - Object: 'Object Repository/ADMIN/Private Settings/Private Off UI/sidemenu_Private Settings' is clicked on

2019-11-04 14:56:23 - [TEST_STEP][PASSED] - verifyElementPresent: Object 'Object Repository/ADMIN/Private Settings/Private On UI/icon_guestusers' is present

2019-11-04 14:56:23 - [MESSAGE][WARNING] - Timeout '0' is invalid. Using default page load timeout: '30'

2019-11-04 14:56:24 - [MESSAGE][PASSED] - Object 'Object Repository/ADMIN/Private Settings/Private On UI/icon_guestusers' is present]]></system-out>
         <system-err><![CDATA[]]></system-err>
      </testcase>
      <testcase name="Test Cases/ADMIN/Advanced/Private Settings/Private On UI/16_HeaderRestrictedAccessto" classname="Test Cases/ADMIN/Advanced/Private Settings/Private On UI/16_HeaderRestrictedAccessto" status="PASSED">
         <system-out><![CDATA[2019-11-04 14:56:24 - [TEST_CASE][PASSED] - Test Cases/ADMIN/Advanced/Private Settings/Private On UI/16_HeaderRestrictedAccessto: Test Cases/ADMIN/Advanced/Private Settings/Private On UI/16_HeaderRestrictedAccessto

2019-11-04 14:56:24 - [TEST_STEP][PASSED] - verifyElementPresent: Object 'Object Repository/ADMIN/Private Settings/Private Off UI/sidemenu_Private Settings' is present

2019-11-04 14:56:24 - [MESSAGE][WARNING] - Timeout '0' is invalid. Using default page load timeout: '30'

2019-11-04 14:56:24 - [MESSAGE][PASSED] - Object 'Object Repository/ADMIN/Private Settings/Private Off UI/sidemenu_Private Settings' is present

2019-11-04 14:56:24 - [TEST_STEP][PASSED] - click: Object: 'Object Repository/ADMIN/Private Settings/Private Off UI/sidemenu_Private Settings' is clicked on

2019-11-04 14:56:25 - [MESSAGE][PASSED] - Object: 'Object Repository/ADMIN/Private Settings/Private Off UI/sidemenu_Private Settings' is clicked on

2019-11-04 14:56:25 - [TEST_STEP][PASSED] - verifyElementPresent: Object 'Object Repository/ADMIN/Private Settings/Private On UI/textlabel_Restricted Access to' is present

2019-11-04 14:56:25 - [MESSAGE][WARNING] - Timeout '0' is invalid. Using default page load timeout: '30'

2019-11-04 14:56:25 - [MESSAGE][PASSED] - Object 'Object Repository/ADMIN/Private Settings/Private On UI/textlabel_Restricted Access to' is present]]></system-out>
         <system-err><![CDATA[]]></system-err>
      </testcase>
      <testcase name="Test Cases/ADMIN/Advanced/Private Settings/Private On UI/17_allguestuserIcon" classname="Test Cases/ADMIN/Advanced/Private Settings/Private On UI/17_allguestuserIcon" status="PASSED">
         <system-out><![CDATA[2019-11-04 14:56:25 - [TEST_CASE][PASSED] - Test Cases/ADMIN/Advanced/Private Settings/Private On UI/17_allguestuserIcon: Test Cases/ADMIN/Advanced/Private Settings/Private On UI/17_allguestuserIcon

2019-11-04 14:56:25 - [TEST_STEP][PASSED] - verifyElementPresent: Object 'Object Repository/ADMIN/Private Settings/Private Off UI/sidemenu_Private Settings' is present

2019-11-04 14:56:25 - [MESSAGE][WARNING] - Timeout '0' is invalid. Using default page load timeout: '30'

2019-11-04 14:56:25 - [MESSAGE][PASSED] - Object 'Object Repository/ADMIN/Private Settings/Private Off UI/sidemenu_Private Settings' is present

2019-11-04 14:56:25 - [TEST_STEP][PASSED] - click: Object: 'Object Repository/ADMIN/Private Settings/Private Off UI/sidemenu_Private Settings' is clicked on

2019-11-04 14:56:27 - [MESSAGE][PASSED] - Object: 'Object Repository/ADMIN/Private Settings/Private Off UI/sidemenu_Private Settings' is clicked on

2019-11-04 14:56:27 - [TEST_STEP][PASSED] - verifyElementPresent: Object 'Object Repository/ADMIN/Private Settings/Private On UI/icon_guestusers' is present

2019-11-04 14:56:27 - [MESSAGE][WARNING] - Timeout '0' is invalid. Using default page load timeout: '30'

2019-11-04 14:56:27 - [MESSAGE][PASSED] - Object 'Object Repository/ADMIN/Private Settings/Private On UI/icon_guestusers' is present]]></system-out>
         <system-err><![CDATA[]]></system-err>
      </testcase>
      <testcase name="Test Cases/ADMIN/Advanced/Private Settings/Private On UI/18_AllGuestUserLabel" classname="Test Cases/ADMIN/Advanced/Private Settings/Private On UI/18_AllGuestUserLabel" status="PASSED">
         <system-out><![CDATA[2019-11-04 14:56:27 - [TEST_CASE][PASSED] - Test Cases/ADMIN/Advanced/Private Settings/Private On UI/18_AllGuestUserLabel: Test Cases/ADMIN/Advanced/Private Settings/Private On UI/18_AllGuestUserLabel

2019-11-04 14:56:27 - [TEST_STEP][PASSED] - verifyElementPresent: Object 'Object Repository/ADMIN/Private Settings/Private Off UI/sidemenu_Private Settings' is present

2019-11-04 14:56:27 - [MESSAGE][WARNING] - Timeout '0' is invalid. Using default page load timeout: '30'

2019-11-04 14:56:27 - [MESSAGE][PASSED] - Object 'Object Repository/ADMIN/Private Settings/Private Off UI/sidemenu_Private Settings' is present

2019-11-04 14:56:27 - [TEST_STEP][PASSED] - click: Object: 'Object Repository/ADMIN/Private Settings/Private Off UI/sidemenu_Private Settings' is clicked on

2019-11-04 14:56:28 - [MESSAGE][PASSED] - Object: 'Object Repository/ADMIN/Private Settings/Private Off UI/sidemenu_Private Settings' is clicked on

2019-11-04 14:56:28 - [TEST_STEP][PASSED] - verifyElementPresent: Object 'Object Repository/ADMIN/Private Settings/Private On UI/textlabel_AllGuestUsers' is present

2019-11-04 14:56:28 - [MESSAGE][WARNING] - Timeout '0' is invalid. Using default page load timeout: '30'

2019-11-04 14:56:28 - [MESSAGE][PASSED] - Object 'Object Repository/ADMIN/Private Settings/Private On UI/textlabel_AllGuestUsers' is present]]></system-out>
         <system-err><![CDATA[]]></system-err>
      </testcase>
      <testcase name="Test Cases/ADMIN/Advanced/Private Settings/Private On UI/19_AllGuestUserRestrictedIcon" classname="Test Cases/ADMIN/Advanced/Private Settings/Private On UI/19_AllGuestUserRestrictedIcon" status="FAILED">
         <failure type="FAILED" message="com.kms.katalon.core.webui.exception.WebElementNotFoundException: Web element with id: 'Object Repository/ADMIN/Private Settings/Private On UI/icon_allguestusersrestricted' located by 'By.xpath: //div[3]/div[2]/div[2]/div/div[3]/div[1]/div/div/ul/li[1]/a/span[3]' not found"/>
         <system-out><![CDATA[2019-11-04 14:56:28 - [TEST_CASE][FAILED] - Test Cases/ADMIN/Advanced/Private Settings/Private On UI/19_AllGuestUserRestrictedIcon: Test Cases/ADMIN/Advanced/Private Settings/Private On UI/19_AllGuestUserRestrictedIcon FAILED because (of) com.kms.katalon.core.webui.exception.WebElementNotFoundException: Web element with id: 'Object Repository/ADMIN/Private Settings/Private On UI/icon_allguestusersrestricted' located by 'By.xpath: //div[3]/div[2]/div[2]/div/div[3]/div[1]/div/div/ul/li[1]/a/span[3]' not found

2019-11-04 14:56:28 - [TEST_STEP][PASSED] - verifyElementPresent: Object 'Object Repository/ADMIN/Private Settings/Private Off UI/sidemenu_Private Settings' is present

2019-11-04 14:56:28 - [MESSAGE][WARNING] - Timeout '0' is invalid. Using default page load timeout: '30'

2019-11-04 14:56:28 - [MESSAGE][PASSED] - Object 'Object Repository/ADMIN/Private Settings/Private Off UI/sidemenu_Private Settings' is present

2019-11-04 14:56:28 - [TEST_STEP][PASSED] - click: Object: 'Object Repository/ADMIN/Private Settings/Private Off UI/sidemenu_Private Settings' is clicked on

2019-11-04 14:56:29 - [MESSAGE][PASSED] - Object: 'Object Repository/ADMIN/Private Settings/Private Off UI/sidemenu_Private Settings' is clicked on

2019-11-04 14:56:29 - [TEST_STEP][FAILED] - verifyElementPresent: com.kms.katalon.core.webui.exception.WebElementNotFoundException: Web element with id: 'Object Repository/ADMIN/Private Settings/Private On UI/icon_allguestusersrestricted' located by 'By.xpath: //div[3]/div[2]/div[2]/div/div[3]/div[1]/div/div/ul/li[1]/a/span[3]' not found

2019-11-04 14:56:29 - [MESSAGE][WARNING] - Timeout '0' is invalid. Using default page load timeout: '30'

2019-11-04 14:57:00 - [MESSAGE][FAILED] - com.kms.katalon.core.webui.exception.WebElementNotFoundException: Web element with id: 'Object Repository/ADMIN/Private Settings/Private On UI/icon_allguestusersrestricted' located by 'By.xpath: //div[3]/div[2]/div[2]/div/div[3]/div[1]/div/div/ul/li[1]/a/span[3]' not found
[[ATTACHMENT|C:\\Users\\April\\git\\Trillia\\Reports\\Admin\\Private Settings\\1_UI Verification\\20191104_145547\\1572850620284.png]]]]></system-out>
         <system-err><![CDATA[2019-11-04 14:56:28 - [TEST_CASE][FAILED] - Test Cases/ADMIN/Advanced/Private Settings/Private On UI/19_AllGuestUserRestrictedIcon: Test Cases/ADMIN/Advanced/Private Settings/Private On UI/19_AllGuestUserRestrictedIcon FAILED because (of) com.kms.katalon.core.webui.exception.WebElementNotFoundException: Web element with id: 'Object Repository/ADMIN/Private Settings/Private On UI/icon_allguestusersrestricted' located by 'By.xpath: //div[3]/div[2]/div[2]/div/div[3]/div[1]/div/div/ul/li[1]/a/span[3]' not found]]></system-err>
      </testcase>
      <testcase name="Test Cases/ADMIN/Advanced/Private Settings/Private On UI/20_SellerSignUpIcon" classname="Test Cases/ADMIN/Advanced/Private Settings/Private On UI/20_SellerSignUpIcon" status="PASSED">
         <system-out><![CDATA[2019-11-04 14:57:00 - [TEST_CASE][PASSED] - Test Cases/ADMIN/Advanced/Private Settings/Private On UI/20_SellerSignUpIcon: Test Cases/ADMIN/Advanced/Private Settings/Private On UI/20_SellerSignUpIcon

2019-11-04 14:57:00 - [TEST_STEP][PASSED] - verifyElementPresent: Object 'Object Repository/ADMIN/Private Settings/Private Off UI/sidemenu_Private Settings' is present

2019-11-04 14:57:00 - [MESSAGE][WARNING] - Timeout '0' is invalid. Using default page load timeout: '30'

2019-11-04 14:57:00 - [MESSAGE][PASSED] - Object 'Object Repository/ADMIN/Private Settings/Private Off UI/sidemenu_Private Settings' is present

2019-11-04 14:57:00 - [TEST_STEP][PASSED] - click: Object: 'Object Repository/ADMIN/Private Settings/Private Off UI/sidemenu_Private Settings' is clicked on

2019-11-04 14:57:01 - [MESSAGE][PASSED] - Object: 'Object Repository/ADMIN/Private Settings/Private Off UI/sidemenu_Private Settings' is clicked on

2019-11-04 14:57:01 - [TEST_STEP][PASSED] - verifyElementPresent: Object 'Object Repository/ADMIN/Private Settings/Private On UI/icon_sellersignup' is present

2019-11-04 14:57:01 - [MESSAGE][WARNING] - Timeout '0' is invalid. Using default page load timeout: '30'

2019-11-04 14:57:02 - [MESSAGE][PASSED] - Object 'Object Repository/ADMIN/Private Settings/Private On UI/icon_sellersignup' is present]]></system-out>
         <system-err><![CDATA[]]></system-err>
      </testcase>
      <testcase name="Test Cases/ADMIN/Advanced/Private Settings/Private On UI/21_SellerSignupLabel" classname="Test Cases/ADMIN/Advanced/Private Settings/Private On UI/21_SellerSignupLabel" status="PASSED">
         <system-out><![CDATA[2019-11-04 14:57:02 - [TEST_CASE][PASSED] - Test Cases/ADMIN/Advanced/Private Settings/Private On UI/21_SellerSignupLabel: Test Cases/ADMIN/Advanced/Private Settings/Private On UI/21_SellerSignupLabel

2019-11-04 14:57:02 - [TEST_STEP][PASSED] - verifyElementPresent: Object 'Object Repository/ADMIN/Private Settings/Private Off UI/sidemenu_Private Settings' is present

2019-11-04 14:57:02 - [MESSAGE][WARNING] - Timeout '0' is invalid. Using default page load timeout: '30'

2019-11-04 14:57:02 - [MESSAGE][PASSED] - Object 'Object Repository/ADMIN/Private Settings/Private Off UI/sidemenu_Private Settings' is present

2019-11-04 14:57:02 - [TEST_STEP][PASSED] - click: Object: 'Object Repository/ADMIN/Private Settings/Private Off UI/sidemenu_Private Settings' is clicked on

2019-11-04 14:57:02 - [MESSAGE][PASSED] - Object: 'Object Repository/ADMIN/Private Settings/Private Off UI/sidemenu_Private Settings' is clicked on

2019-11-04 14:57:02 - [TEST_STEP][PASSED] - verifyElementPresent: Object 'Object Repository/ADMIN/Private Settings/Private On UI/textlabel_Seller Sign Up' is present

2019-11-04 14:57:02 - [MESSAGE][WARNING] - Timeout '0' is invalid. Using default page load timeout: '30'

2019-11-04 14:57:02 - [MESSAGE][PASSED] - Object 'Object Repository/ADMIN/Private Settings/Private On UI/textlabel_Seller Sign Up' is present]]></system-out>
         <system-err><![CDATA[]]></system-err>
      </testcase>
      <testcase name="Test Cases/ADMIN/Advanced/Private Settings/Private On UI/22_SellerSignupRestricted" classname="Test Cases/ADMIN/Advanced/Private Settings/Private On UI/22_SellerSignupRestricted" status="FAILED">
         <failure type="FAILED" message="com.kms.katalon.core.webui.exception.WebElementNotFoundException: Web element with id: 'Object Repository/ADMIN/Private Settings/Private On UI/icon_sellersignuprestricted' located by 'By.xpath: //div[3]/div[2]/div[2]/div/div[3]/div[1]/div/div/ul/li[2]/a/span[3]' not found"/>
         <system-out><![CDATA[2019-11-04 14:57:02 - [TEST_CASE][FAILED] - Test Cases/ADMIN/Advanced/Private Settings/Private On UI/22_SellerSignupRestricted: Test Cases/ADMIN/Advanced/Private Settings/Private On UI/22_SellerSignupRestricted FAILED because (of) com.kms.katalon.core.webui.exception.WebElementNotFoundException: Web element with id: 'Object Repository/ADMIN/Private Settings/Private On UI/icon_sellersignuprestricted' located by 'By.xpath: //div[3]/div[2]/div[2]/div/div[3]/div[1]/div/div/ul/li[2]/a/span[3]' not found

2019-11-04 14:57:03 - [TEST_STEP][PASSED] - verifyElementPresent: Object 'Object Repository/ADMIN/Private Settings/Private Off UI/sidemenu_Private Settings' is present

2019-11-04 14:57:03 - [MESSAGE][WARNING] - Timeout '0' is invalid. Using default page load timeout: '30'

2019-11-04 14:57:03 - [MESSAGE][PASSED] - Object 'Object Repository/ADMIN/Private Settings/Private Off UI/sidemenu_Private Settings' is present

2019-11-04 14:57:03 - [TEST_STEP][PASSED] - click: Object: 'Object Repository/ADMIN/Private Settings/Private Off UI/sidemenu_Private Settings' is clicked on

2019-11-04 14:57:03 - [MESSAGE][PASSED] - Object: 'Object Repository/ADMIN/Private Settings/Private Off UI/sidemenu_Private Settings' is clicked on

2019-11-04 14:57:03 - [TEST_STEP][FAILED] - verifyElementPresent: com.kms.katalon.core.webui.exception.WebElementNotFoundException: Web element with id: 'Object Repository/ADMIN/Private Settings/Private On UI/icon_sellersignuprestricted' located by 'By.xpath: //div[3]/div[2]/div[2]/div/div[3]/div[1]/div/div/ul/li[2]/a/span[3]' not found

2019-11-04 14:57:03 - [MESSAGE][WARNING] - Timeout '0' is invalid. Using default page load timeout: '30'

2019-11-04 14:57:35 - [MESSAGE][FAILED] - com.kms.katalon.core.webui.exception.WebElementNotFoundException: Web element with id: 'Object Repository/ADMIN/Private Settings/Private On UI/icon_sellersignuprestricted' located by 'By.xpath: //div[3]/div[2]/div[2]/div/div[3]/div[1]/div/div/ul/li[2]/a/span[3]' not found
[[ATTACHMENT|C:\\Users\\April\\git\\Trillia\\Reports\\Admin\\Private Settings\\1_UI Verification\\20191104_145547\\1572850654908.png]]]]></system-out>
         <system-err><![CDATA[2019-11-04 14:57:02 - [TEST_CASE][FAILED] - Test Cases/ADMIN/Advanced/Private Settings/Private On UI/22_SellerSignupRestricted: Test Cases/ADMIN/Advanced/Private Settings/Private On UI/22_SellerSignupRestricted FAILED because (of) com.kms.katalon.core.webui.exception.WebElementNotFoundException: Web element with id: 'Object Repository/ADMIN/Private Settings/Private On UI/icon_sellersignuprestricted' located by 'By.xpath: //div[3]/div[2]/div[2]/div/div[3]/div[1]/div/div/ul/li[2]/a/span[3]' not found]]></system-err>
      </testcase>
      <testcase name="Test Cases/ADMIN/Advanced/Private Settings/Private On UI/23_AccessStatus" classname="Test Cases/ADMIN/Advanced/Private Settings/Private On UI/23_AccessStatus" status="PASSED">
         <system-out><![CDATA[2019-11-04 14:57:35 - [TEST_CASE][PASSED] - Test Cases/ADMIN/Advanced/Private Settings/Private On UI/23_AccessStatus: Test Cases/ADMIN/Advanced/Private Settings/Private On UI/23_AccessStatus

2019-11-04 14:57:35 - [TEST_STEP][PASSED] - verifyElementPresent: Object 'Object Repository/ADMIN/Private Settings/Private Off UI/sidemenu_Private Settings' is present

2019-11-04 14:57:35 - [MESSAGE][WARNING] - Timeout '0' is invalid. Using default page load timeout: '30'

2019-11-04 14:57:35 - [MESSAGE][PASSED] - Object 'Object Repository/ADMIN/Private Settings/Private Off UI/sidemenu_Private Settings' is present

2019-11-04 14:57:35 - [TEST_STEP][PASSED] - click: Object: 'Object Repository/ADMIN/Private Settings/Private Off UI/sidemenu_Private Settings' is clicked on

2019-11-04 14:57:36 - [MESSAGE][PASSED] - Object: 'Object Repository/ADMIN/Private Settings/Private Off UI/sidemenu_Private Settings' is clicked on

2019-11-04 14:57:36 - [TEST_STEP][PASSED] - verifyElementPresent: Object 'Object Repository/ADMIN/Private Settings/Private On UI/textlabel_Access Status' is present

2019-11-04 14:57:36 - [MESSAGE][WARNING] - Timeout '0' is invalid. Using default page load timeout: '30'

2019-11-04 14:57:36 - [MESSAGE][PASSED] - Object 'Object Repository/ADMIN/Private Settings/Private On UI/textlabel_Access Status' is present]]></system-out>
         <system-err><![CDATA[]]></system-err>
      </testcase>
      <testcase name="Test Cases/ADMIN/Advanced/Private Settings/Private On UI/24_RestrictIcon" classname="Test Cases/ADMIN/Advanced/Private Settings/Private On UI/24_RestrictIcon" status="PASSED">
         <system-out><![CDATA[2019-11-04 14:57:36 - [TEST_CASE][PASSED] - Test Cases/ADMIN/Advanced/Private Settings/Private On UI/24_RestrictIcon: Test Cases/ADMIN/Advanced/Private Settings/Private On UI/24_RestrictIcon

2019-11-04 14:57:36 - [TEST_STEP][PASSED] - verifyElementPresent: Object 'Object Repository/ADMIN/Private Settings/Private Off UI/sidemenu_Private Settings' is present

2019-11-04 14:57:36 - [MESSAGE][WARNING] - Timeout '0' is invalid. Using default page load timeout: '30'

2019-11-04 14:57:36 - [MESSAGE][PASSED] - Object 'Object Repository/ADMIN/Private Settings/Private Off UI/sidemenu_Private Settings' is present

2019-11-04 14:57:36 - [TEST_STEP][PASSED] - click: Object: 'Object Repository/ADMIN/Private Settings/Private Off UI/sidemenu_Private Settings' is clicked on

2019-11-04 14:57:38 - [MESSAGE][PASSED] - Object: 'Object Repository/ADMIN/Private Settings/Private Off UI/sidemenu_Private Settings' is clicked on

2019-11-04 14:57:38 - [TEST_STEP][PASSED] - verifyElementPresent: Object 'Object Repository/ADMIN/Private Settings/Private On UI/icon_restrictsellersvisibilitytoownitems' is present

2019-11-04 14:57:38 - [MESSAGE][WARNING] - Timeout '0' is invalid. Using default page load timeout: '30'

2019-11-04 14:57:38 - [MESSAGE][PASSED] - Object 'Object Repository/ADMIN/Private Settings/Private On UI/icon_restrictsellersvisibilitytoownitems' is present]]></system-out>
         <system-err><![CDATA[]]></system-err>
      </testcase>
      <testcase name="Test Cases/ADMIN/Advanced/Private Settings/Private On UI/25_RestrictsellerLabel" classname="Test Cases/ADMIN/Advanced/Private Settings/Private On UI/25_RestrictsellerLabel" status="PASSED">
         <system-out><![CDATA[2019-11-04 14:57:38 - [TEST_CASE][PASSED] - Test Cases/ADMIN/Advanced/Private Settings/Private On UI/25_RestrictsellerLabel: Test Cases/ADMIN/Advanced/Private Settings/Private On UI/25_RestrictsellerLabel

2019-11-04 14:57:38 - [TEST_STEP][PASSED] - verifyElementPresent: Object 'Object Repository/ADMIN/Private Settings/Private Off UI/sidemenu_Private Settings' is present

2019-11-04 14:57:38 - [MESSAGE][WARNING] - Timeout '0' is invalid. Using default page load timeout: '30'

2019-11-04 14:57:38 - [MESSAGE][PASSED] - Object 'Object Repository/ADMIN/Private Settings/Private Off UI/sidemenu_Private Settings' is present

2019-11-04 14:57:38 - [TEST_STEP][PASSED] - click: Object: 'Object Repository/ADMIN/Private Settings/Private Off UI/sidemenu_Private Settings' is clicked on

2019-11-04 14:57:39 - [MESSAGE][PASSED] - Object: 'Object Repository/ADMIN/Private Settings/Private Off UI/sidemenu_Private Settings' is clicked on

2019-11-04 14:57:39 - [TEST_STEP][PASSED] - verifyElementPresent: Object 'Object Repository/ADMIN/Private Settings/Private On UI/textlabel_Restrict sellers visibilit' is present

2019-11-04 14:57:39 - [MESSAGE][WARNING] - Timeout '0' is invalid. Using default page load timeout: '30'

2019-11-04 14:57:39 - [MESSAGE][PASSED] - Object 'Object Repository/ADMIN/Private Settings/Private On UI/textlabel_Restrict sellers visibilit' is present]]></system-out>
         <system-err><![CDATA[]]></system-err>
      </testcase>
      <testcase name="Test Cases/ADMIN/Advanced/Private Settings/Private On UI/26_Togglebutton" classname="Test Cases/ADMIN/Advanced/Private Settings/Private On UI/26_Togglebutton" status="PASSED">
         <system-out><![CDATA[2019-11-04 14:57:39 - [TEST_CASE][PASSED] - Test Cases/ADMIN/Advanced/Private Settings/Private On UI/26_Togglebutton: Test Cases/ADMIN/Advanced/Private Settings/Private On UI/26_Togglebutton

2019-11-04 14:57:39 - [TEST_STEP][PASSED] - verifyElementPresent: Object 'Object Repository/ADMIN/Private Settings/Private Off UI/sidemenu_Private Settings' is present

2019-11-04 14:57:39 - [MESSAGE][WARNING] - Timeout '0' is invalid. Using default page load timeout: '30'

2019-11-04 14:57:39 - [MESSAGE][PASSED] - Object 'Object Repository/ADMIN/Private Settings/Private Off UI/sidemenu_Private Settings' is present

2019-11-04 14:57:39 - [TEST_STEP][PASSED] - click: Object: 'Object Repository/ADMIN/Private Settings/Private Off UI/sidemenu_Private Settings' is clicked on

2019-11-04 14:57:40 - [MESSAGE][PASSED] - Object: 'Object Repository/ADMIN/Private Settings/Private Off UI/sidemenu_Private Settings' is clicked on

2019-11-04 14:57:40 - [TEST_STEP][PASSED] - verifyElementPresent: Object 'Object Repository/ADMIN/Private Settings/Private On UI/toggle_item visibility' is present

2019-11-04 14:57:40 - [MESSAGE][WARNING] - Timeout '0' is invalid. Using default page load timeout: '30'

2019-11-04 14:57:40 - [MESSAGE][PASSED] - Object 'Object Repository/ADMIN/Private Settings/Private On UI/toggle_item visibility' is present]]></system-out>
         <system-err><![CDATA[]]></system-err>
      </testcase>
      <testcase name="Test Cases/ADMIN/Advanced/Private Settings/Private On UI/27_PageTitle" classname="Test Cases/ADMIN/Advanced/Private Settings/Private On UI/27_PageTitle" status="PASSED">
         <system-out><![CDATA[2019-11-04 14:57:40 - [TEST_CASE][PASSED] - Test Cases/ADMIN/Advanced/Private Settings/Private On UI/27_PageTitle: Test Cases/ADMIN/Advanced/Private Settings/Private On UI/27_PageTitle

2019-11-04 14:57:40 - [TEST_STEP][PASSED] - verifyElementPresent: Object 'Object Repository/ADMIN/Private Settings/Private Off UI/sidemenu_Private Settings' is present

2019-11-04 14:57:40 - [MESSAGE][WARNING] - Timeout '0' is invalid. Using default page load timeout: '30'

2019-11-04 14:57:40 - [MESSAGE][PASSED] - Object 'Object Repository/ADMIN/Private Settings/Private Off UI/sidemenu_Private Settings' is present

2019-11-04 14:57:40 - [TEST_STEP][PASSED] - click: Object: 'Object Repository/ADMIN/Private Settings/Private Off UI/sidemenu_Private Settings' is clicked on

2019-11-04 14:57:41 - [MESSAGE][PASSED] - Object: 'Object Repository/ADMIN/Private Settings/Private Off UI/sidemenu_Private Settings' is clicked on

2019-11-04 14:57:41 - [TEST_STEP][PASSED] - verifyElementPresent: Object 'Object Repository/ADMIN/Private Settings/Private On UI/textlabel_Page Title (30 characters ma' is present

2019-11-04 14:57:41 - [MESSAGE][WARNING] - Timeout '0' is invalid. Using default page load timeout: '30'

2019-11-04 14:57:41 - [MESSAGE][PASSED] - Object 'Object Repository/ADMIN/Private Settings/Private On UI/textlabel_Page Title (30 characters ma' is present]]></system-out>
         <system-err><![CDATA[]]></system-err>
      </testcase>
      <testcase name="Test Cases/ADMIN/Advanced/Private Settings/Private On UI/28_PageTitleTextfield" classname="Test Cases/ADMIN/Advanced/Private Settings/Private On UI/28_PageTitleTextfield" status="PASSED">
         <system-out><![CDATA[2019-11-04 14:57:41 - [TEST_CASE][PASSED] - Test Cases/ADMIN/Advanced/Private Settings/Private On UI/28_PageTitleTextfield: Test Cases/ADMIN/Advanced/Private Settings/Private On UI/28_PageTitleTextfield

2019-11-04 14:57:41 - [TEST_STEP][PASSED] - verifyElementPresent: Object 'Object Repository/ADMIN/Private Settings/Private Off UI/sidemenu_Private Settings' is present

2019-11-04 14:57:41 - [MESSAGE][WARNING] - Timeout '0' is invalid. Using default page load timeout: '30'

2019-11-04 14:57:41 - [MESSAGE][PASSED] - Object 'Object Repository/ADMIN/Private Settings/Private Off UI/sidemenu_Private Settings' is present

2019-11-04 14:57:41 - [TEST_STEP][PASSED] - click: Object: 'Object Repository/ADMIN/Private Settings/Private Off UI/sidemenu_Private Settings' is clicked on

2019-11-04 14:57:47 - [MESSAGE][PASSED] - Object: 'Object Repository/ADMIN/Private Settings/Private Off UI/sidemenu_Private Settings' is clicked on

2019-11-04 14:57:47 - [TEST_STEP][PASSED] - verifyElementPresent: Object 'Object Repository/ADMIN/Private Settings/Private On UI/textbox_PageTitle' is present

2019-11-04 14:57:47 - [MESSAGE][WARNING] - Timeout '0' is invalid. Using default page load timeout: '30'

2019-11-04 14:57:47 - [MESSAGE][PASSED] - Object 'Object Repository/ADMIN/Private Settings/Private On UI/textbox_PageTitle' is present]]></system-out>
         <system-err><![CDATA[]]></system-err>
      </testcase>
      <testcase name="Test Cases/ADMIN/Advanced/Private Settings/Private On UI/29_AboutUs" classname="Test Cases/ADMIN/Advanced/Private Settings/Private On UI/29_AboutUs" status="PASSED">
         <system-out><![CDATA[2019-11-04 14:57:47 - [TEST_CASE][PASSED] - Test Cases/ADMIN/Advanced/Private Settings/Private On UI/29_AboutUs: Test Cases/ADMIN/Advanced/Private Settings/Private On UI/29_AboutUs

2019-11-04 14:57:47 - [TEST_STEP][PASSED] - verifyElementPresent: Object 'Object Repository/ADMIN/Private Settings/Private Off UI/sidemenu_Private Settings' is present

2019-11-04 14:57:47 - [MESSAGE][WARNING] - Timeout '0' is invalid. Using default page load timeout: '30'

2019-11-04 14:57:47 - [MESSAGE][PASSED] - Object 'Object Repository/ADMIN/Private Settings/Private Off UI/sidemenu_Private Settings' is present

2019-11-04 14:57:47 - [TEST_STEP][PASSED] - click: Object: 'Object Repository/ADMIN/Private Settings/Private Off UI/sidemenu_Private Settings' is clicked on

2019-11-04 14:57:48 - [MESSAGE][PASSED] - Object: 'Object Repository/ADMIN/Private Settings/Private Off UI/sidemenu_Private Settings' is clicked on

2019-11-04 14:57:48 - [TEST_STEP][PASSED] - verifyElementPresent: Object 'Object Repository/ADMIN/Private Settings/Private On UI/textlabel_About Us (120 character max.' is present

2019-11-04 14:57:48 - [MESSAGE][WARNING] - Timeout '0' is invalid. Using default page load timeout: '30'

2019-11-04 14:57:48 - [MESSAGE][PASSED] - Object 'Object Repository/ADMIN/Private Settings/Private On UI/textlabel_About Us (120 character max.' is present]]></system-out>
         <system-err><![CDATA[]]></system-err>
      </testcase>
      <testcase name="Test Cases/ADMIN/Advanced/Private Settings/Private On UI/30_AboutUsTextfield" classname="Test Cases/ADMIN/Advanced/Private Settings/Private On UI/30_AboutUsTextfield" status="FAILED">
         <failure type="FAILED" message="com.kms.katalon.core.webui.exception.WebElementNotFoundException: Web element with id: 'Object Repository/ADMIN/Private Settings/Private On UI/textbox_about us' located by 'By.xpath: //textarea[@id = 'AboutUs' and @name = 'AboutUs' and @placeholder = 'Tell us about your marketplace and restricted access to your marketplace' and (text() = 'Ahh sarado? Ano oras bukas? Alas Kwatro' or . = 'Ahh sarado? Ano oras bukas? Alas Kwatro')]' not found"/>
         <system-out><![CDATA[2019-11-04 14:57:48 - [TEST_CASE][FAILED] - Test Cases/ADMIN/Advanced/Private Settings/Private On UI/30_AboutUsTextfield: Test Cases/ADMIN/Advanced/Private Settings/Private On UI/30_AboutUsTextfield FAILED because (of) com.kms.katalon.core.webui.exception.WebElementNotFoundException: Web element with id: 'Object Repository/ADMIN/Private Settings/Private On UI/textbox_about us' located by 'By.xpath: //textarea[@id = 'AboutUs' and @name = 'AboutUs' and @placeholder = 'Tell us about your marketplace and restricted access to your marketplace' and (text() = 'Ahh sarado? Ano oras bukas? Alas Kwatro' or . = 'Ahh sarado? Ano oras bukas? Alas Kwatro')]' not found

2019-11-04 14:57:48 - [TEST_STEP][PASSED] - verifyElementPresent: Object 'Object Repository/ADMIN/Private Settings/Private Off UI/sidemenu_Private Settings' is present

2019-11-04 14:57:48 - [MESSAGE][WARNING] - Timeout '0' is invalid. Using default page load timeout: '30'

2019-11-04 14:57:48 - [MESSAGE][PASSED] - Object 'Object Repository/ADMIN/Private Settings/Private Off UI/sidemenu_Private Settings' is present

2019-11-04 14:57:48 - [TEST_STEP][PASSED] - click: Object: 'Object Repository/ADMIN/Private Settings/Private Off UI/sidemenu_Private Settings' is clicked on

2019-11-04 14:57:49 - [MESSAGE][PASSED] - Object: 'Object Repository/ADMIN/Private Settings/Private Off UI/sidemenu_Private Settings' is clicked on

2019-11-04 14:57:49 - [TEST_STEP][FAILED] - verifyElementPresent: com.kms.katalon.core.webui.exception.WebElementNotFoundException: Web element with id: 'Object Repository/ADMIN/Private Settings/Private On UI/textbox_about us' located by 'By.xpath: //textarea[@id = 'AboutUs' and @name = 'AboutUs' and @placeholder = 'Tell us about your marketplace and restricted access to your marketplace' and (text() = 'Ahh sarado? Ano oras bukas? Alas Kwatro' or . = 'Ahh sarado? Ano oras bukas? Alas Kwatro')]' not found

2019-11-04 14:57:49 - [MESSAGE][WARNING] - Timeout '0' is invalid. Using default page load timeout: '30'

2019-11-04 14:58:20 - [MESSAGE][FAILED] - com.kms.katalon.core.webui.exception.WebElementNotFoundException: Web element with id: 'Object Repository/ADMIN/Private Settings/Private On UI/textbox_about us' located by 'By.xpath: //textarea[@id = 'AboutUs' and @name = 'AboutUs' and @placeholder = 'Tell us about your marketplace and restricted access to your marketplace' and (text() = 'Ahh sarado? Ano oras bukas? Alas Kwatro' or . = 'Ahh sarado? Ano oras bukas? Alas Kwatro')]' not found
[[ATTACHMENT|C:\\Users\\April\\git\\Trillia\\Reports\\Admin\\Private Settings\\1_UI Verification\\20191104_145547\\1572850699905.png]]]]></system-out>
         <system-err><![CDATA[2019-11-04 14:57:48 - [TEST_CASE][FAILED] - Test Cases/ADMIN/Advanced/Private Settings/Private On UI/30_AboutUsTextfield: Test Cases/ADMIN/Advanced/Private Settings/Private On UI/30_AboutUsTextfield FAILED because (of) com.kms.katalon.core.webui.exception.WebElementNotFoundException: Web element with id: 'Object Repository/ADMIN/Private Settings/Private On UI/textbox_about us' located by 'By.xpath: //textarea[@id = 'AboutUs' and @name = 'AboutUs' and @placeholder = 'Tell us about your marketplace and restricted access to your marketplace' and (text() = 'Ahh sarado? Ano oras bukas? Alas Kwatro' or . = 'Ahh sarado? Ano oras bukas? Alas Kwatro')]' not found]]></system-err>
      </testcase>
      <testcase name="Test Cases/ADMIN/Advanced/Private Settings/Private On UI/31_URLLinkLabel" classname="Test Cases/ADMIN/Advanced/Private Settings/Private On UI/31_URLLinkLabel" status="PASSED">
         <system-out><![CDATA[2019-11-04 14:58:20 - [TEST_CASE][PASSED] - Test Cases/ADMIN/Advanced/Private Settings/Private On UI/31_URLLinkLabel: Test Cases/ADMIN/Advanced/Private Settings/Private On UI/31_URLLinkLabel

2019-11-04 14:58:20 - [TEST_STEP][PASSED] - verifyElementPresent: Object 'Object Repository/ADMIN/Private Settings/Private Off UI/sidemenu_Private Settings' is present

2019-11-04 14:58:20 - [MESSAGE][WARNING] - Timeout '0' is invalid. Using default page load timeout: '30'

2019-11-04 14:58:20 - [MESSAGE][PASSED] - Object 'Object Repository/ADMIN/Private Settings/Private Off UI/sidemenu_Private Settings' is present

2019-11-04 14:58:20 - [TEST_STEP][PASSED] - click: Object: 'Object Repository/ADMIN/Private Settings/Private Off UI/sidemenu_Private Settings' is clicked on

2019-11-04 14:58:21 - [MESSAGE][PASSED] - Object: 'Object Repository/ADMIN/Private Settings/Private Off UI/sidemenu_Private Settings' is clicked on

2019-11-04 14:58:21 - [TEST_STEP][PASSED] - verifyElementPresent: Object 'Object Repository/ADMIN/Private Settings/Private On UI/textlabel_URL Link (Optional)' is present

2019-11-04 14:58:21 - [MESSAGE][WARNING] - Timeout '0' is invalid. Using default page load timeout: '30'

2019-11-04 14:58:21 - [MESSAGE][PASSED] - Object 'Object Repository/ADMIN/Private Settings/Private On UI/textlabel_URL Link (Optional)' is present]]></system-out>
         <system-err><![CDATA[]]></system-err>
      </testcase>
      <testcase name="Test Cases/ADMIN/Advanced/Private Settings/Private On UI/32_URLTextfield" classname="Test Cases/ADMIN/Advanced/Private Settings/Private On UI/32_URLTextfield" status="PASSED">
         <system-out><![CDATA[2019-11-04 14:58:21 - [TEST_CASE][PASSED] - Test Cases/ADMIN/Advanced/Private Settings/Private On UI/32_URLTextfield: Test Cases/ADMIN/Advanced/Private Settings/Private On UI/32_URLTextfield

2019-11-04 14:58:21 - [TEST_STEP][PASSED] - verifyElementPresent: Object 'Object Repository/ADMIN/Private Settings/Private Off UI/sidemenu_Private Settings' is present

2019-11-04 14:58:21 - [MESSAGE][WARNING] - Timeout '0' is invalid. Using default page load timeout: '30'

2019-11-04 14:58:21 - [MESSAGE][PASSED] - Object 'Object Repository/ADMIN/Private Settings/Private Off UI/sidemenu_Private Settings' is present

2019-11-04 14:58:21 - [TEST_STEP][PASSED] - click: Object: 'Object Repository/ADMIN/Private Settings/Private Off UI/sidemenu_Private Settings' is clicked on

2019-11-04 14:58:22 - [MESSAGE][PASSED] - Object: 'Object Repository/ADMIN/Private Settings/Private Off UI/sidemenu_Private Settings' is clicked on

2019-11-04 14:58:22 - [TEST_STEP][PASSED] - verifyElementPresent: Object 'Object Repository/ADMIN/Private Settings/textbox_page title' is present

2019-11-04 14:58:22 - [MESSAGE][WARNING] - Timeout '0' is invalid. Using default page load timeout: '30'

2019-11-04 14:58:22 - [MESSAGE][PASSED] - Object 'Object Repository/ADMIN/Private Settings/textbox_page title' is present]]></system-out>
         <system-err><![CDATA[]]></system-err>
      </testcase>
      <testcase name="Test Cases/ADMIN/Advanced/Private Settings/Private On UI/33_FileUpload" classname="Test Cases/ADMIN/Advanced/Private Settings/Private On UI/33_FileUpload" status="FAILED">
         <failure type="FAILED" message="com.kms.katalon.core.webui.exception.WebElementNotFoundException: Web element with id: 'Object Repository/ADMIN/Private Settings/Private On UI/textbox_about us' located by 'By.xpath: //textarea[@id = 'AboutUs' and @name = 'AboutUs' and @placeholder = 'Tell us about your marketplace and restricted access to your marketplace' and (text() = 'Ahh sarado? Ano oras bukas? Alas Kwatro' or . = 'Ahh sarado? Ano oras bukas? Alas Kwatro')]' not found"/>
         <system-out><![CDATA[2019-11-04 14:58:22 - [TEST_CASE][FAILED] - Test Cases/ADMIN/Advanced/Private Settings/Private On UI/33_FileUpload: Test Cases/ADMIN/Advanced/Private Settings/Private On UI/33_FileUpload FAILED because (of) com.kms.katalon.core.webui.exception.WebElementNotFoundException: Web element with id: 'Object Repository/ADMIN/Private Settings/Private On UI/textbox_about us' located by 'By.xpath: //textarea[@id = 'AboutUs' and @name = 'AboutUs' and @placeholder = 'Tell us about your marketplace and restricted access to your marketplace' and (text() = 'Ahh sarado? Ano oras bukas? Alas Kwatro' or . = 'Ahh sarado? Ano oras bukas? Alas Kwatro')]' not found

2019-11-04 14:58:22 - [TEST_STEP][PASSED] - verifyElementPresent: Object 'Object Repository/ADMIN/Private Settings/Private Off UI/sidemenu_Private Settings' is present

2019-11-04 14:58:22 - [MESSAGE][WARNING] - Timeout '0' is invalid. Using default page load timeout: '30'

2019-11-04 14:58:22 - [MESSAGE][PASSED] - Object 'Object Repository/ADMIN/Private Settings/Private Off UI/sidemenu_Private Settings' is present

2019-11-04 14:58:22 - [TEST_STEP][PASSED] - click: Object: 'Object Repository/ADMIN/Private Settings/Private Off UI/sidemenu_Private Settings' is clicked on

2019-11-04 14:58:23 - [MESSAGE][PASSED] - Object: 'Object Repository/ADMIN/Private Settings/Private Off UI/sidemenu_Private Settings' is clicked on

2019-11-04 14:58:23 - [TEST_STEP][FAILED] - verifyElementPresent: com.kms.katalon.core.webui.exception.WebElementNotFoundException: Web element with id: 'Object Repository/ADMIN/Private Settings/Private On UI/textbox_about us' located by 'By.xpath: //textarea[@id = 'AboutUs' and @name = 'AboutUs' and @placeholder = 'Tell us about your marketplace and restricted access to your marketplace' and (text() = 'Ahh sarado? Ano oras bukas? Alas Kwatro' or . = 'Ahh sarado? Ano oras bukas? Alas Kwatro')]' not found

2019-11-04 14:58:23 - [MESSAGE][WARNING] - Timeout '0' is invalid. Using default page load timeout: '30'

2019-11-04 14:58:54 - [MESSAGE][FAILED] - com.kms.katalon.core.webui.exception.WebElementNotFoundException: Web element with id: 'Object Repository/ADMIN/Private Settings/Private On UI/textbox_about us' located by 'By.xpath: //textarea[@id = 'AboutUs' and @name = 'AboutUs' and @placeholder = 'Tell us about your marketplace and restricted access to your marketplace' and (text() = 'Ahh sarado? Ano oras bukas? Alas Kwatro' or . = 'Ahh sarado? Ano oras bukas? Alas Kwatro')]' not found
[[ATTACHMENT|C:\\Users\\April\\git\\Trillia\\Reports\\Admin\\Private Settings\\1_UI Verification\\20191104_145547\\1572850734234.png]]]]></system-out>
         <system-err><![CDATA[2019-11-04 14:58:22 - [TEST_CASE][FAILED] - Test Cases/ADMIN/Advanced/Private Settings/Private On UI/33_FileUpload: Test Cases/ADMIN/Advanced/Private Settings/Private On UI/33_FileUpload FAILED because (of) com.kms.katalon.core.webui.exception.WebElementNotFoundException: Web element with id: 'Object Repository/ADMIN/Private Settings/Private On UI/textbox_about us' located by 'By.xpath: //textarea[@id = 'AboutUs' and @name = 'AboutUs' and @placeholder = 'Tell us about your marketplace and restricted access to your marketplace' and (text() = 'Ahh sarado? Ano oras bukas? Alas Kwatro' or . = 'Ahh sarado? Ano oras bukas? Alas Kwatro')]' not found]]></system-err>
      </testcase>
      <testcase name="Test Cases/ADMIN/Advanced/Private Settings/Private On UI/34_BackgrountLabel" classname="Test Cases/ADMIN/Advanced/Private Settings/Private On UI/34_BackgrountLabel" status="PASSED">
         <system-out><![CDATA[2019-11-04 14:58:54 - [TEST_CASE][PASSED] - Test Cases/ADMIN/Advanced/Private Settings/Private On UI/34_BackgrountLabel: Test Cases/ADMIN/Advanced/Private Settings/Private On UI/34_BackgrountLabel

2019-11-04 14:58:54 - [TEST_STEP][PASSED] - verifyElementPresent: Object 'Object Repository/ADMIN/Private Settings/Private Off UI/sidemenu_Private Settings' is present

2019-11-04 14:58:54 - [MESSAGE][WARNING] - Timeout '0' is invalid. Using default page load timeout: '30'

2019-11-04 14:58:54 - [MESSAGE][PASSED] - Object 'Object Repository/ADMIN/Private Settings/Private Off UI/sidemenu_Private Settings' is present

2019-11-04 14:58:54 - [TEST_STEP][PASSED] - click: Object: 'Object Repository/ADMIN/Private Settings/Private Off UI/sidemenu_Private Settings' is clicked on

2019-11-04 14:58:55 - [MESSAGE][PASSED] - Object: 'Object Repository/ADMIN/Private Settings/Private Off UI/sidemenu_Private Settings' is clicked on

2019-11-04 14:58:55 - [TEST_STEP][PASSED] - verifyElementPresent: Object 'Object Repository/ADMIN/Private Settings/Private On UI/textlabel_Background Image' is present

2019-11-04 14:58:55 - [MESSAGE][WARNING] - Timeout '0' is invalid. Using default page load timeout: '30'

2019-11-04 14:58:55 - [MESSAGE][PASSED] - Object 'Object Repository/ADMIN/Private Settings/Private On UI/textlabel_Background Image' is present]]></system-out>
         <system-err><![CDATA[]]></system-err>
      </testcase>
      <testcase name="Test Cases/ADMIN/Advanced/Private Settings/Private On UI/35_Browsebutton" classname="Test Cases/ADMIN/Advanced/Private Settings/Private On UI/35_Browsebutton" status="PASSED">
         <system-out><![CDATA[2019-11-04 14:58:55 - [TEST_CASE][PASSED] - Test Cases/ADMIN/Advanced/Private Settings/Private On UI/35_Browsebutton: Test Cases/ADMIN/Advanced/Private Settings/Private On UI/35_Browsebutton

2019-11-04 14:58:55 - [TEST_STEP][PASSED] - verifyElementPresent: Object 'Object Repository/ADMIN/Private Settings/Private Off UI/sidemenu_Private Settings' is present

2019-11-04 14:58:55 - [MESSAGE][WARNING] - Timeout '0' is invalid. Using default page load timeout: '30'

2019-11-04 14:58:55 - [MESSAGE][PASSED] - Object 'Object Repository/ADMIN/Private Settings/Private Off UI/sidemenu_Private Settings' is present

2019-11-04 14:58:55 - [TEST_STEP][PASSED] - click: Object: 'Object Repository/ADMIN/Private Settings/Private Off UI/sidemenu_Private Settings' is clicked on

2019-11-04 14:58:56 - [MESSAGE][PASSED] - Object: 'Object Repository/ADMIN/Private Settings/Private Off UI/sidemenu_Private Settings' is clicked on

2019-11-04 14:58:56 - [TEST_STEP][PASSED] - verifyElementPresent: Object 'Object Repository/ADMIN/Private Settings/Private On UI/button_Browse' is present

2019-11-04 14:58:56 - [MESSAGE][WARNING] - Timeout '0' is invalid. Using default page load timeout: '30'

2019-11-04 14:58:56 - [MESSAGE][PASSED] - Object 'Object Repository/ADMIN/Private Settings/Private On UI/button_Browse' is present]]></system-out>
         <system-err><![CDATA[]]></system-err>
      </testcase>
      <testcase name="Test Cases/ADMIN/Advanced/Private Settings/Private On UI/36_Savebutton" classname="Test Cases/ADMIN/Advanced/Private Settings/Private On UI/36_Savebutton" status="PASSED">
         <system-out><![CDATA[2019-11-04 14:58:56 - [TEST_CASE][PASSED] - Test Cases/ADMIN/Advanced/Private Settings/Private On UI/36_Savebutton: Test Cases/ADMIN/Advanced/Private Settings/Private On UI/36_Savebutton

2019-11-04 14:58:56 - [TEST_STEP][PASSED] - verifyElementPresent: Object 'Object Repository/ADMIN/Private Settings/Private Off UI/sidemenu_Private Settings' is present

2019-11-04 14:58:56 - [MESSAGE][WARNING] - Timeout '0' is invalid. Using default page load timeout: '30'

2019-11-04 14:58:56 - [MESSAGE][PASSED] - Object 'Object Repository/ADMIN/Private Settings/Private Off UI/sidemenu_Private Settings' is present

2019-11-04 14:58:56 - [TEST_STEP][PASSED] - click: Object: 'Object Repository/ADMIN/Private Settings/Private Off UI/sidemenu_Private Settings' is clicked on

2019-11-04 14:58:57 - [MESSAGE][PASSED] - Object: 'Object Repository/ADMIN/Private Settings/Private Off UI/sidemenu_Private Settings' is clicked on

2019-11-04 14:58:57 - [TEST_STEP][PASSED] - verifyElementPresent: Object 'Object Repository/ADMIN/Private Settings/Private On UI/button_Save' is present

2019-11-04 14:58:57 - [MESSAGE][WARNING] - Timeout '0' is invalid. Using default page load timeout: '30'

2019-11-04 14:58:57 - [MESSAGE][PASSED] - Object 'Object Repository/ADMIN/Private Settings/Private On UI/button_Save' is present]]></system-out>
         <system-err><![CDATA[]]></system-err>
      </testcase>
      <testcase name="Test Cases/ADMIN/Advanced/Private Settings/Private On UI/button_browse" classname="Test Cases/ADMIN/Advanced/Private Settings/Private On UI/button_browse" status="PASSED">
         <system-out><![CDATA[2019-11-04 14:58:57 - [TEST_CASE][PASSED] - Test Cases/ADMIN/Advanced/Private Settings/Private On UI/button_browse: Test Cases/ADMIN/Advanced/Private Settings/Private On UI/button_browse

2019-11-04 14:58:57 - [TEST_STEP][PASSED] - verifyElementPresent: Object 'Object Repository/ADMIN/Private Settings/Private Off UI/sidemenu_Private Settings' is present

2019-11-04 14:58:57 - [MESSAGE][WARNING] - Timeout '0' is invalid. Using default page load timeout: '30'

2019-11-04 14:58:57 - [MESSAGE][PASSED] - Object 'Object Repository/ADMIN/Private Settings/Private Off UI/sidemenu_Private Settings' is present

2019-11-04 14:58:57 - [TEST_STEP][PASSED] - click: Object: 'Object Repository/ADMIN/Private Settings/Private Off UI/sidemenu_Private Settings' is clicked on

2019-11-04 14:58:58 - [MESSAGE][PASSED] - Object: 'Object Repository/ADMIN/Private Settings/Private Off UI/sidemenu_Private Settings' is clicked on

2019-11-04 14:58:58 - [TEST_STEP][PASSED] - verifyElementPresent: Object 'Object Repository/ADMIN/Private Settings/Private On UI/button_Browse' is present

2019-11-04 14:58:58 - [MESSAGE][WARNING] - Timeout '0' is invalid. Using default page load timeout: '30'

2019-11-04 14:58:58 - [MESSAGE][PASSED] - Object 'Object Repository/ADMIN/Private Settings/Private On UI/button_Browse' is present]]></system-out>
         <system-err><![CDATA[]]></system-err>
      </testcase>
      <testcase name="Test Cases/ADMIN/Advanced/Private Settings/Private On UI/button_save" classname="Test Cases/ADMIN/Advanced/Private Settings/Private On UI/button_save" status="PASSED">
         <system-out><![CDATA[2019-11-04 14:58:58 - [TEST_CASE][PASSED] - Test Cases/ADMIN/Advanced/Private Settings/Private On UI/button_save: Test Cases/ADMIN/Advanced/Private Settings/Private On UI/button_save

2019-11-04 14:58:58 - [TEST_STEP][PASSED] - verifyElementPresent: Object 'Object Repository/ADMIN/Private Settings/Private Off UI/sidemenu_Private Settings' is present

2019-11-04 14:58:58 - [MESSAGE][WARNING] - Timeout '0' is invalid. Using default page load timeout: '30'

2019-11-04 14:58:58 - [MESSAGE][PASSED] - Object 'Object Repository/ADMIN/Private Settings/Private Off UI/sidemenu_Private Settings' is present

2019-11-04 14:58:58 - [TEST_STEP][PASSED] - click: Object: 'Object Repository/ADMIN/Private Settings/Private Off UI/sidemenu_Private Settings' is clicked on

2019-11-04 14:59:00 - [MESSAGE][PASSED] - Object: 'Object Repository/ADMIN/Private Settings/Private Off UI/sidemenu_Private Settings' is clicked on

2019-11-04 14:59:00 - [TEST_STEP][PASSED] - verifyElementPresent: Object 'Object Repository/ADMIN/Private Settings/Private On UI/button_Save' is present

2019-11-04 14:59:00 - [MESSAGE][WARNING] - Timeout '0' is invalid. Using default page load timeout: '30'

2019-11-04 14:59:00 - [MESSAGE][PASSED] - Object 'Object Repository/ADMIN/Private Settings/Private On UI/button_Save' is present]]></system-out>
         <system-err><![CDATA[]]></system-err>
      </testcase>
      <testcase name="Test Cases/ADMIN/Advanced/Private Settings/Private On UI/icon_info" classname="Test Cases/ADMIN/Advanced/Private Settings/Private On UI/icon_info" status="PASSED">
         <system-out><![CDATA[2019-11-04 14:59:00 - [TEST_CASE][PASSED] - Test Cases/ADMIN/Advanced/Private Settings/Private On UI/icon_info: Test Cases/ADMIN/Advanced/Private Settings/Private On UI/icon_info

2019-11-04 14:59:00 - [TEST_STEP][PASSED] - verifyElementPresent: Object 'Object Repository/ADMIN/Private Settings/Private Off UI/sidemenu_Private Settings' is present

2019-11-04 14:59:00 - [MESSAGE][WARNING] - Timeout '0' is invalid. Using default page load timeout: '30'

2019-11-04 14:59:00 - [MESSAGE][PASSED] - Object 'Object Repository/ADMIN/Private Settings/Private Off UI/sidemenu_Private Settings' is present

2019-11-04 14:59:00 - [TEST_STEP][PASSED] - click: Object: 'Object Repository/ADMIN/Private Settings/Private Off UI/sidemenu_Private Settings' is clicked on

2019-11-04 14:59:00 - [MESSAGE][PASSED] - Object: 'Object Repository/ADMIN/Private Settings/Private Off UI/sidemenu_Private Settings' is clicked on

2019-11-04 14:59:00 - [TEST_STEP][PASSED] - verifyElementPresent: Object 'Object Repository/ADMIN/Private Settings/Private On UI/img_info' is present

2019-11-04 14:59:00 - [MESSAGE][WARNING] - Timeout '0' is invalid. Using default page load timeout: '30'

2019-11-04 14:59:01 - [MESSAGE][PASSED] - Object 'Object Repository/ADMIN/Private Settings/Private On UI/img_info' is present]]></system-out>
         <system-err><![CDATA[]]></system-err>
      </testcase>
      <testcase name="Test Cases/ADMIN/Advanced/Private Settings/Private On UI/tab_all guest" classname="Test Cases/ADMIN/Advanced/Private Settings/Private On UI/tab_all guest" status="PASSED">
         <system-out><![CDATA[2019-11-04 14:59:01 - [TEST_CASE][PASSED] - Test Cases/ADMIN/Advanced/Private Settings/Private On UI/tab_all guest: Test Cases/ADMIN/Advanced/Private Settings/Private On UI/tab_all guest

2019-11-04 14:59:01 - [TEST_STEP][PASSED] - verifyElementPresent: Object 'Object Repository/ADMIN/Private Settings/Private Off UI/sidemenu_Private Settings' is present

2019-11-04 14:59:01 - [MESSAGE][WARNING] - Timeout '0' is invalid. Using default page load timeout: '30'

2019-11-04 14:59:01 - [MESSAGE][PASSED] - Object 'Object Repository/ADMIN/Private Settings/Private Off UI/sidemenu_Private Settings' is present

2019-11-04 14:59:01 - [TEST_STEP][PASSED] - click: Object: 'Object Repository/ADMIN/Private Settings/Private Off UI/sidemenu_Private Settings' is clicked on

2019-11-04 14:59:01 - [MESSAGE][PASSED] - Object: 'Object Repository/ADMIN/Private Settings/Private Off UI/sidemenu_Private Settings' is clicked on

2019-11-04 14:59:01 - [TEST_STEP][PASSED] - verifyElementPresent: Object 'Object Repository/ADMIN/Private Settings/Private On UI/tab_All Guest Users' is present

2019-11-04 14:59:01 - [MESSAGE][WARNING] - Timeout '0' is invalid. Using default page load timeout: '30'

2019-11-04 14:59:01 - [MESSAGE][PASSED] - Object 'Object Repository/ADMIN/Private Settings/Private On UI/tab_All Guest Users' is present]]></system-out>
         <system-err><![CDATA[]]></system-err>
      </testcase>
      <testcase name="Test Cases/ADMIN/Advanced/Private Settings/Private On UI/tab_seller sign up" classname="Test Cases/ADMIN/Advanced/Private Settings/Private On UI/tab_seller sign up" status="PASSED">
         <system-out><![CDATA[2019-11-04 14:59:01 - [TEST_CASE][PASSED] - Test Cases/ADMIN/Advanced/Private Settings/Private On UI/tab_seller sign up: Test Cases/ADMIN/Advanced/Private Settings/Private On UI/tab_seller sign up

2019-11-04 14:59:02 - [TEST_STEP][PASSED] - verifyElementPresent: Object 'Object Repository/ADMIN/Private Settings/Private Off UI/sidemenu_Private Settings' is present

2019-11-04 14:59:02 - [MESSAGE][WARNING] - Timeout '0' is invalid. Using default page load timeout: '30'

2019-11-04 14:59:02 - [MESSAGE][PASSED] - Object 'Object Repository/ADMIN/Private Settings/Private Off UI/sidemenu_Private Settings' is present

2019-11-04 14:59:02 - [TEST_STEP][PASSED] - click: Object: 'Object Repository/ADMIN/Private Settings/Private Off UI/sidemenu_Private Settings' is clicked on

2019-11-04 14:59:02 - [MESSAGE][PASSED] - Object: 'Object Repository/ADMIN/Private Settings/Private Off UI/sidemenu_Private Settings' is clicked on

2019-11-04 14:59:02 - [TEST_STEP][PASSED] - verifyElementPresent: Object 'Object Repository/ADMIN/Private Settings/Private On UI/tab_Seller Sign Up' is present

2019-11-04 14:59:02 - [MESSAGE][WARNING] - Timeout '0' is invalid. Using default page load timeout: '30'

2019-11-04 14:59:02 - [MESSAGE][PASSED] - Object 'Object Repository/ADMIN/Private Settings/Private On UI/tab_Seller Sign Up' is present]]></system-out>
         <system-err><![CDATA[]]></system-err>
      </testcase>
      <testcase name="Test Cases/ADMIN/Advanced/Private Settings/Private On UI/textbox_about us" classname="Test Cases/ADMIN/Advanced/Private Settings/Private On UI/textbox_about us" status="FAILED">
         <failure type="FAILED" message="com.kms.katalon.core.webui.exception.WebElementNotFoundException: Web element with id: 'Object Repository/ADMIN/Private Settings/Private On UI/textbox_about us' located by 'By.xpath: //textarea[@id = 'AboutUs' and @name = 'AboutUs' and @placeholder = 'Tell us about your marketplace and restricted access to your marketplace' and (text() = 'Ahh sarado? Ano oras bukas? Alas Kwatro' or . = 'Ahh sarado? Ano oras bukas? Alas Kwatro')]' not found"/>
         <system-out><![CDATA[2019-11-04 14:59:02 - [TEST_CASE][FAILED] - Test Cases/ADMIN/Advanced/Private Settings/Private On UI/textbox_about us: Test Cases/ADMIN/Advanced/Private Settings/Private On UI/textbox_about us FAILED because (of) com.kms.katalon.core.webui.exception.WebElementNotFoundException: Web element with id: 'Object Repository/ADMIN/Private Settings/Private On UI/textbox_about us' located by 'By.xpath: //textarea[@id = 'AboutUs' and @name = 'AboutUs' and @placeholder = 'Tell us about your marketplace and restricted access to your marketplace' and (text() = 'Ahh sarado? Ano oras bukas? Alas Kwatro' or . = 'Ahh sarado? Ano oras bukas? Alas Kwatro')]' not found

2019-11-04 14:59:02 - [TEST_STEP][PASSED] - verifyElementPresent: Object 'Object Repository/ADMIN/Private Settings/Private Off UI/sidemenu_Private Settings' is present

2019-11-04 14:59:02 - [MESSAGE][WARNING] - Timeout '0' is invalid. Using default page load timeout: '30'

2019-11-04 14:59:02 - [MESSAGE][PASSED] - Object 'Object Repository/ADMIN/Private Settings/Private Off UI/sidemenu_Private Settings' is present

2019-11-04 14:59:02 - [TEST_STEP][PASSED] - click: Object: 'Object Repository/ADMIN/Private Settings/Private Off UI/sidemenu_Private Settings' is clicked on

2019-11-04 14:59:03 - [MESSAGE][PASSED] - Object: 'Object Repository/ADMIN/Private Settings/Private Off UI/sidemenu_Private Settings' is clicked on

2019-11-04 14:59:03 - [TEST_STEP][FAILED] - verifyElementPresent: com.kms.katalon.core.webui.exception.WebElementNotFoundException: Web element with id: 'Object Repository/ADMIN/Private Settings/Private On UI/textbox_about us' located by 'By.xpath: //textarea[@id = 'AboutUs' and @name = 'AboutUs' and @placeholder = 'Tell us about your marketplace and restricted access to your marketplace' and (text() = 'Ahh sarado? Ano oras bukas? Alas Kwatro' or . = 'Ahh sarado? Ano oras bukas? Alas Kwatro')]' not found

2019-11-04 14:59:03 - [MESSAGE][WARNING] - Timeout '0' is invalid. Using default page load timeout: '30'

2019-11-04 14:59:34 - [MESSAGE][FAILED] - com.kms.katalon.core.webui.exception.WebElementNotFoundException: Web element with id: 'Object Repository/ADMIN/Private Settings/Private On UI/textbox_about us' located by 'By.xpath: //textarea[@id = 'AboutUs' and @name = 'AboutUs' and @placeholder = 'Tell us about your marketplace and restricted access to your marketplace' and (text() = 'Ahh sarado? Ano oras bukas? Alas Kwatro' or . = 'Ahh sarado? Ano oras bukas? Alas Kwatro')]' not found
[[ATTACHMENT|C:\\Users\\April\\git\\Trillia\\Reports\\Admin\\Private Settings\\1_UI Verification\\20191104_145547\\1572850774487.png]]]]></system-out>
         <system-err><![CDATA[2019-11-04 14:59:02 - [TEST_CASE][FAILED] - Test Cases/ADMIN/Advanced/Private Settings/Private On UI/textbox_about us: Test Cases/ADMIN/Advanced/Private Settings/Private On UI/textbox_about us FAILED because (of) com.kms.katalon.core.webui.exception.WebElementNotFoundException: Web element with id: 'Object Repository/ADMIN/Private Settings/Private On UI/textbox_about us' located by 'By.xpath: //textarea[@id = 'AboutUs' and @name = 'AboutUs' and @placeholder = 'Tell us about your marketplace and restricted access to your marketplace' and (text() = 'Ahh sarado? Ano oras bukas? Alas Kwatro' or . = 'Ahh sarado? Ano oras bukas? Alas Kwatro')]' not found]]></system-err>
      </testcase>
      <testcase name="Test Cases/ADMIN/Advanced/Private Settings/Private On UI/textbox_page title" classname="Test Cases/ADMIN/Advanced/Private Settings/Private On UI/textbox_page title" status="PASSED">
         <system-out><![CDATA[2019-11-04 14:59:34 - [TEST_CASE][PASSED] - Test Cases/ADMIN/Advanced/Private Settings/Private On UI/textbox_page title: Test Cases/ADMIN/Advanced/Private Settings/Private On UI/textbox_page title

2019-11-04 14:59:34 - [TEST_STEP][PASSED] - verifyElementPresent: Object 'Object Repository/ADMIN/Private Settings/Private Off UI/sidemenu_Private Settings' is present

2019-11-04 14:59:34 - [MESSAGE][WARNING] - Timeout '0' is invalid. Using default page load timeout: '30'

2019-11-04 14:59:34 - [MESSAGE][PASSED] - Object 'Object Repository/ADMIN/Private Settings/Private Off UI/sidemenu_Private Settings' is present

2019-11-04 14:59:34 - [TEST_STEP][PASSED] - click: Object: 'Object Repository/ADMIN/Private Settings/Private Off UI/sidemenu_Private Settings' is clicked on

2019-11-04 14:59:36 - [MESSAGE][PASSED] - Object: 'Object Repository/ADMIN/Private Settings/Private Off UI/sidemenu_Private Settings' is clicked on

2019-11-04 14:59:36 - [TEST_STEP][PASSED] - verifyElementPresent: Object 'Object Repository/ADMIN/Private Settings/Private On UI/textbox_PageTitle' is present

2019-11-04 14:59:36 - [MESSAGE][WARNING] - Timeout '0' is invalid. Using default page load timeout: '30'

2019-11-04 14:59:36 - [MESSAGE][PASSED] - Object 'Object Repository/ADMIN/Private Settings/Private On UI/textbox_PageTitle' is present]]></system-out>
         <system-err><![CDATA[]]></system-err>
      </testcase>
      <testcase name="Test Cases/ADMIN/Advanced/Private Settings/Private On UI/textbox_url link" classname="Test Cases/ADMIN/Advanced/Private Settings/Private On UI/textbox_url link" status="PASSED">
         <system-out><![CDATA[2019-11-04 14:59:36 - [TEST_CASE][PASSED] - Test Cases/ADMIN/Advanced/Private Settings/Private On UI/textbox_url link: Test Cases/ADMIN/Advanced/Private Settings/Private On UI/textbox_url link

2019-11-04 14:59:36 - [TEST_STEP][PASSED] - verifyElementPresent: Object 'Object Repository/ADMIN/Private Settings/Private Off UI/sidemenu_Private Settings' is present

2019-11-04 14:59:36 - [MESSAGE][WARNING] - Timeout '0' is invalid. Using default page load timeout: '30'

2019-11-04 14:59:36 - [MESSAGE][PASSED] - Object 'Object Repository/ADMIN/Private Settings/Private Off UI/sidemenu_Private Settings' is present

2019-11-04 14:59:36 - [TEST_STEP][PASSED] - click: Object: 'Object Repository/ADMIN/Private Settings/Private Off UI/sidemenu_Private Settings' is clicked on

2019-11-04 14:59:36 - [MESSAGE][PASSED] - Object: 'Object Repository/ADMIN/Private Settings/Private Off UI/sidemenu_Private Settings' is clicked on

2019-11-04 14:59:36 - [TEST_STEP][PASSED] - verifyElementPresent: Object 'Object Repository/ADMIN/Private Settings/Private On UI/textbox_WebsiteLink' is present

2019-11-04 14:59:36 - [MESSAGE][WARNING] - Timeout '0' is invalid. Using default page load timeout: '30'

2019-11-04 14:59:37 - [MESSAGE][PASSED] - Object 'Object Repository/ADMIN/Private Settings/Private On UI/textbox_WebsiteLink' is present]]></system-out>
         <system-err><![CDATA[]]></system-err>
      </testcase>
      <testcase name="Test Cases/ADMIN/Advanced/Private Settings/Private On UI/textlabel_about us" classname="Test Cases/ADMIN/Advanced/Private Settings/Private On UI/textlabel_about us" status="PASSED">
         <system-out><![CDATA[2019-11-04 14:59:37 - [TEST_CASE][PASSED] - Test Cases/ADMIN/Advanced/Private Settings/Private On UI/textlabel_about us: Test Cases/ADMIN/Advanced/Private Settings/Private On UI/textlabel_about us

2019-11-04 14:59:37 - [TEST_STEP][PASSED] - verifyElementPresent: Object 'Object Repository/ADMIN/Private Settings/Private Off UI/sidemenu_Private Settings' is present

2019-11-04 14:59:37 - [MESSAGE][WARNING] - Timeout '0' is invalid. Using default page load timeout: '30'

2019-11-04 14:59:37 - [MESSAGE][PASSED] - Object 'Object Repository/ADMIN/Private Settings/Private Off UI/sidemenu_Private Settings' is present

2019-11-04 14:59:37 - [TEST_STEP][PASSED] - click: Object: 'Object Repository/ADMIN/Private Settings/Private Off UI/sidemenu_Private Settings' is clicked on

2019-11-04 14:59:37 - [MESSAGE][PASSED] - Object: 'Object Repository/ADMIN/Private Settings/Private Off UI/sidemenu_Private Settings' is clicked on

2019-11-04 14:59:37 - [TEST_STEP][PASSED] - verifyElementPresent: Object 'Object Repository/ADMIN/Private Settings/Private On UI/textlabel_About Us (120 character max.' is present

2019-11-04 14:59:37 - [MESSAGE][WARNING] - Timeout '0' is invalid. Using default page load timeout: '30'

2019-11-04 14:59:38 - [MESSAGE][PASSED] - Object 'Object Repository/ADMIN/Private Settings/Private On UI/textlabel_About Us (120 character max.' is present]]></system-out>
         <system-err><![CDATA[]]></system-err>
      </testcase>
      <testcase name="Test Cases/ADMIN/Advanced/Private Settings/Private On UI/textlabel_access status" classname="Test Cases/ADMIN/Advanced/Private Settings/Private On UI/textlabel_access status" status="PASSED">
         <system-out><![CDATA[2019-11-04 14:59:38 - [TEST_CASE][PASSED] - Test Cases/ADMIN/Advanced/Private Settings/Private On UI/textlabel_access status: Test Cases/ADMIN/Advanced/Private Settings/Private On UI/textlabel_access status

2019-11-04 14:59:38 - [TEST_STEP][PASSED] - verifyElementPresent: Object 'Object Repository/ADMIN/Private Settings/Private Off UI/sidemenu_Private Settings' is present

2019-11-04 14:59:38 - [MESSAGE][WARNING] - Timeout '0' is invalid. Using default page load timeout: '30'

2019-11-04 14:59:38 - [MESSAGE][PASSED] - Object 'Object Repository/ADMIN/Private Settings/Private Off UI/sidemenu_Private Settings' is present

2019-11-04 14:59:38 - [TEST_STEP][PASSED] - click: Object: 'Object Repository/ADMIN/Private Settings/Private Off UI/sidemenu_Private Settings' is clicked on

2019-11-04 14:59:39 - [MESSAGE][PASSED] - Object: 'Object Repository/ADMIN/Private Settings/Private Off UI/sidemenu_Private Settings' is clicked on

2019-11-04 14:59:39 - [TEST_STEP][PASSED] - verifyElementPresent: Object 'Object Repository/ADMIN/Private Settings/Private On UI/textlabel_Access Status' is present

2019-11-04 14:59:39 - [MESSAGE][WARNING] - Timeout '0' is invalid. Using default page load timeout: '30'

2019-11-04 14:59:39 - [MESSAGE][PASSED] - Object 'Object Repository/ADMIN/Private Settings/Private On UI/textlabel_Access Status' is present]]></system-out>
         <system-err><![CDATA[]]></system-err>
      </testcase>
      <testcase name="Test Cases/ADMIN/Advanced/Private Settings/Private On UI/textlabel_buyer signup" classname="Test Cases/ADMIN/Advanced/Private Settings/Private On UI/textlabel_buyer signup" status="PASSED">
         <system-out><![CDATA[2019-11-04 14:59:39 - [TEST_CASE][PASSED] - Test Cases/ADMIN/Advanced/Private Settings/Private On UI/textlabel_buyer signup: Test Cases/ADMIN/Advanced/Private Settings/Private On UI/textlabel_buyer signup

2019-11-04 14:59:39 - [TEST_STEP][PASSED] - verifyElementPresent: Object 'Object Repository/ADMIN/Private Settings/Private Off UI/sidemenu_Private Settings' is present

2019-11-04 14:59:39 - [MESSAGE][WARNING] - Timeout '0' is invalid. Using default page load timeout: '30'

2019-11-04 14:59:39 - [MESSAGE][PASSED] - Object 'Object Repository/ADMIN/Private Settings/Private Off UI/sidemenu_Private Settings' is present

2019-11-04 14:59:39 - [TEST_STEP][PASSED] - click: Object: 'Object Repository/ADMIN/Private Settings/Private Off UI/sidemenu_Private Settings' is clicked on

2019-11-04 14:59:40 - [MESSAGE][PASSED] - Object: 'Object Repository/ADMIN/Private Settings/Private Off UI/sidemenu_Private Settings' is clicked on

2019-11-04 14:59:40 - [TEST_STEP][PASSED] - verifyElementPresent: Object 'Object Repository/ADMIN/Private Settings/Private On UI/textlabel_Buyer Sign Up' is present

2019-11-04 14:59:40 - [MESSAGE][WARNING] - Timeout '0' is invalid. Using default page load timeout: '30'

2019-11-04 14:59:40 - [MESSAGE][PASSED] - Object 'Object Repository/ADMIN/Private Settings/Private On UI/textlabel_Buyer Sign Up' is present]]></system-out>
         <system-err><![CDATA[]]></system-err>
      </testcase>
      <testcase name="Test Cases/ADMIN/Advanced/Private Settings/Private On UI/textlabel_guest users" classname="Test Cases/ADMIN/Advanced/Private Settings/Private On UI/textlabel_guest users" status="PASSED">
         <system-out><![CDATA[2019-11-04 14:59:40 - [TEST_CASE][PASSED] - Test Cases/ADMIN/Advanced/Private Settings/Private On UI/textlabel_guest users: Test Cases/ADMIN/Advanced/Private Settings/Private On UI/textlabel_guest users

2019-11-04 14:59:40 - [TEST_STEP][PASSED] - verifyElementPresent: Object 'Object Repository/ADMIN/Private Settings/Private Off UI/sidemenu_Private Settings' is present

2019-11-04 14:59:40 - [MESSAGE][WARNING] - Timeout '0' is invalid. Using default page load timeout: '30'

2019-11-04 14:59:40 - [MESSAGE][PASSED] - Object 'Object Repository/ADMIN/Private Settings/Private Off UI/sidemenu_Private Settings' is present

2019-11-04 14:59:40 - [TEST_STEP][PASSED] - click: Object: 'Object Repository/ADMIN/Private Settings/Private Off UI/sidemenu_Private Settings' is clicked on

2019-11-04 14:59:40 - [MESSAGE][PASSED] - Object: 'Object Repository/ADMIN/Private Settings/Private Off UI/sidemenu_Private Settings' is clicked on

2019-11-04 14:59:40 - [TEST_STEP][PASSED] - verifyElementPresent: Object 'Object Repository/ADMIN/Private Settings/Private On UI/textlabel_Guest Users' is present

2019-11-04 14:59:40 - [MESSAGE][WARNING] - Timeout '0' is invalid. Using default page load timeout: '30'

2019-11-04 14:59:41 - [MESSAGE][PASSED] - Object 'Object Repository/ADMIN/Private Settings/Private On UI/textlabel_Guest Users' is present]]></system-out>
         <system-err><![CDATA[]]></system-err>
      </testcase>
      <testcase name="Test Cases/ADMIN/Advanced/Private Settings/Private On UI/textlabel_item visibility" classname="Test Cases/ADMIN/Advanced/Private Settings/Private On UI/textlabel_item visibility" status="PASSED">
         <system-out><![CDATA[2019-11-04 14:59:41 - [TEST_CASE][PASSED] - Test Cases/ADMIN/Advanced/Private Settings/Private On UI/textlabel_item visibility: Test Cases/ADMIN/Advanced/Private Settings/Private On UI/textlabel_item visibility

2019-11-04 14:59:41 - [TEST_STEP][PASSED] - verifyElementPresent: Object 'Object Repository/ADMIN/Private Settings/Private Off UI/sidemenu_Private Settings' is present

2019-11-04 14:59:41 - [MESSAGE][WARNING] - Timeout '0' is invalid. Using default page load timeout: '30'

2019-11-04 14:59:41 - [MESSAGE][PASSED] - Object 'Object Repository/ADMIN/Private Settings/Private Off UI/sidemenu_Private Settings' is present

2019-11-04 14:59:41 - [TEST_STEP][PASSED] - click: Object: 'Object Repository/ADMIN/Private Settings/Private Off UI/sidemenu_Private Settings' is clicked on

2019-11-04 14:59:41 - [MESSAGE][PASSED] - Object: 'Object Repository/ADMIN/Private Settings/Private Off UI/sidemenu_Private Settings' is clicked on

2019-11-04 14:59:41 - [TEST_STEP][PASSED] - verifyElementPresent: Object 'Object Repository/ADMIN/Private Settings/Private On UI/textlabel_Restrict sellers visibilit' is present

2019-11-04 14:59:41 - [MESSAGE][WARNING] - Timeout '0' is invalid. Using default page load timeout: '30'

2019-11-04 14:59:41 - [MESSAGE][PASSED] - Object 'Object Repository/ADMIN/Private Settings/Private On UI/textlabel_Restrict sellers visibilit' is present]]></system-out>
         <system-err><![CDATA[]]></system-err>
      </testcase>
      <testcase name="Test Cases/ADMIN/Advanced/Private Settings/Private On UI/textlabel_page title" classname="Test Cases/ADMIN/Advanced/Private Settings/Private On UI/textlabel_page title" status="PASSED">
         <system-out><![CDATA[2019-11-04 14:59:41 - [TEST_CASE][PASSED] - Test Cases/ADMIN/Advanced/Private Settings/Private On UI/textlabel_page title: Test Cases/ADMIN/Advanced/Private Settings/Private On UI/textlabel_page title

2019-11-04 14:59:41 - [TEST_STEP][PASSED] - verifyElementPresent: Object 'Object Repository/ADMIN/Private Settings/Private Off UI/sidemenu_Private Settings' is present

2019-11-04 14:59:41 - [MESSAGE][WARNING] - Timeout '0' is invalid. Using default page load timeout: '30'

2019-11-04 14:59:42 - [MESSAGE][PASSED] - Object 'Object Repository/ADMIN/Private Settings/Private Off UI/sidemenu_Private Settings' is present

2019-11-04 14:59:42 - [TEST_STEP][PASSED] - click: Object: 'Object Repository/ADMIN/Private Settings/Private Off UI/sidemenu_Private Settings' is clicked on

2019-11-04 14:59:43 - [MESSAGE][PASSED] - Object: 'Object Repository/ADMIN/Private Settings/Private Off UI/sidemenu_Private Settings' is clicked on

2019-11-04 14:59:43 - [TEST_STEP][PASSED] - verifyElementPresent: Object 'Object Repository/ADMIN/Private Settings/Private On UI/textlabel_Page Title (30 characters ma' is present

2019-11-04 14:59:43 - [MESSAGE][WARNING] - Timeout '0' is invalid. Using default page load timeout: '30'

2019-11-04 14:59:43 - [MESSAGE][PASSED] - Object 'Object Repository/ADMIN/Private Settings/Private On UI/textlabel_Page Title (30 characters ma' is present]]></system-out>
         <system-err><![CDATA[]]></system-err>
      </testcase>
      <testcase name="Test Cases/ADMIN/Advanced/Private Settings/Private On UI/textlabel_registered buyers" classname="Test Cases/ADMIN/Advanced/Private Settings/Private On UI/textlabel_registered buyers" status="PASSED">
         <system-out><![CDATA[2019-11-04 14:59:43 - [TEST_CASE][PASSED] - Test Cases/ADMIN/Advanced/Private Settings/Private On UI/textlabel_registered buyers: Test Cases/ADMIN/Advanced/Private Settings/Private On UI/textlabel_registered buyers

2019-11-04 14:59:44 - [TEST_STEP][PASSED] - verifyElementPresent: Object 'Object Repository/ADMIN/Private Settings/Private Off UI/sidemenu_Private Settings' is present

2019-11-04 14:59:44 - [MESSAGE][WARNING] - Timeout '0' is invalid. Using default page load timeout: '30'

2019-11-04 14:59:44 - [MESSAGE][PASSED] - Object 'Object Repository/ADMIN/Private Settings/Private Off UI/sidemenu_Private Settings' is present

2019-11-04 14:59:44 - [TEST_STEP][PASSED] - click: Object: 'Object Repository/ADMIN/Private Settings/Private Off UI/sidemenu_Private Settings' is clicked on

2019-11-04 14:59:44 - [MESSAGE][PASSED] - Object: 'Object Repository/ADMIN/Private Settings/Private Off UI/sidemenu_Private Settings' is clicked on

2019-11-04 14:59:44 - [TEST_STEP][PASSED] - verifyElementPresent: Object 'Object Repository/ADMIN/Private Settings/Private On UI/textlabel_Registered Buyers' is present

2019-11-04 14:59:44 - [MESSAGE][WARNING] - Timeout '0' is invalid. Using default page load timeout: '30'

2019-11-04 14:59:44 - [MESSAGE][PASSED] - Object 'Object Repository/ADMIN/Private Settings/Private On UI/textlabel_Registered Buyers' is present]]></system-out>
         <system-err><![CDATA[]]></system-err>
      </testcase>
      <testcase name="Test Cases/ADMIN/Advanced/Private Settings/Private On UI/textlabel_registered sellers" classname="Test Cases/ADMIN/Advanced/Private Settings/Private On UI/textlabel_registered sellers" status="PASSED">
         <system-out><![CDATA[2019-11-04 14:59:44 - [TEST_CASE][PASSED] - Test Cases/ADMIN/Advanced/Private Settings/Private On UI/textlabel_registered sellers: Test Cases/ADMIN/Advanced/Private Settings/Private On UI/textlabel_registered sellers

2019-11-04 14:59:44 - [TEST_STEP][PASSED] - verifyElementPresent: Object 'Object Repository/ADMIN/Private Settings/Private Off UI/sidemenu_Private Settings' is present

2019-11-04 14:59:44 - [MESSAGE][WARNING] - Timeout '0' is invalid. Using default page load timeout: '30'

2019-11-04 14:59:44 - [MESSAGE][PASSED] - Object 'Object Repository/ADMIN/Private Settings/Private Off UI/sidemenu_Private Settings' is present

2019-11-04 14:59:44 - [TEST_STEP][PASSED] - click: Object: 'Object Repository/ADMIN/Private Settings/Private Off UI/sidemenu_Private Settings' is clicked on

2019-11-04 14:59:45 - [MESSAGE][PASSED] - Object: 'Object Repository/ADMIN/Private Settings/Private Off UI/sidemenu_Private Settings' is clicked on

2019-11-04 14:59:45 - [TEST_STEP][PASSED] - verifyElementPresent: Object 'Object Repository/ADMIN/Private Settings/Private On UI/textlabel_Registered Sellers' is present

2019-11-04 14:59:45 - [MESSAGE][WARNING] - Timeout '0' is invalid. Using default page load timeout: '30'

2019-11-04 14:59:45 - [MESSAGE][PASSED] - Object 'Object Repository/ADMIN/Private Settings/Private On UI/textlabel_Registered Sellers' is present]]></system-out>
         <system-err><![CDATA[]]></system-err>
      </testcase>
      <testcase name="Test Cases/ADMIN/Advanced/Private Settings/Private On UI/textlabel_restricted access page" classname="Test Cases/ADMIN/Advanced/Private Settings/Private On UI/textlabel_restricted access page" status="PASSED">
         <system-out><![CDATA[2019-11-04 14:59:45 - [TEST_CASE][PASSED] - Test Cases/ADMIN/Advanced/Private Settings/Private On UI/textlabel_restricted access page: Test Cases/ADMIN/Advanced/Private Settings/Private On UI/textlabel_restricted access page

2019-11-04 14:59:45 - [TEST_STEP][PASSED] - verifyElementPresent: Object 'Object Repository/ADMIN/Private Settings/Private Off UI/sidemenu_Private Settings' is present

2019-11-04 14:59:45 - [MESSAGE][WARNING] - Timeout '0' is invalid. Using default page load timeout: '30'

2019-11-04 14:59:45 - [MESSAGE][PASSED] - Object 'Object Repository/ADMIN/Private Settings/Private Off UI/sidemenu_Private Settings' is present

2019-11-04 14:59:45 - [TEST_STEP][PASSED] - click: Object: 'Object Repository/ADMIN/Private Settings/Private Off UI/sidemenu_Private Settings' is clicked on

2019-11-04 14:59:46 - [MESSAGE][PASSED] - Object: 'Object Repository/ADMIN/Private Settings/Private Off UI/sidemenu_Private Settings' is clicked on

2019-11-04 14:59:46 - [TEST_STEP][PASSED] - verifyElementPresent: Object 'Object Repository/ADMIN/Private Settings/Private On UI/textlabel_Restricted Access Page' is present

2019-11-04 14:59:46 - [MESSAGE][WARNING] - Timeout '0' is invalid. Using default page load timeout: '30'

2019-11-04 14:59:46 - [MESSAGE][PASSED] - Object 'Object Repository/ADMIN/Private Settings/Private On UI/textlabel_Restricted Access Page' is present]]></system-out>
         <system-err><![CDATA[]]></system-err>
      </testcase>
      <testcase name="Test Cases/ADMIN/Advanced/Private Settings/Private On UI/textlabel_retrictted access to" classname="Test Cases/ADMIN/Advanced/Private Settings/Private On UI/textlabel_retrictted access to" status="PASSED">
         <system-out><![CDATA[2019-11-04 14:59:46 - [TEST_CASE][PASSED] - Test Cases/ADMIN/Advanced/Private Settings/Private On UI/textlabel_retrictted access to: Test Cases/ADMIN/Advanced/Private Settings/Private On UI/textlabel_retrictted access to

2019-11-04 14:59:46 - [TEST_STEP][PASSED] - verifyElementPresent: Object 'Object Repository/ADMIN/Private Settings/Private Off UI/sidemenu_Private Settings' is present

2019-11-04 14:59:46 - [MESSAGE][WARNING] - Timeout '0' is invalid. Using default page load timeout: '30'

2019-11-04 14:59:46 - [MESSAGE][PASSED] - Object 'Object Repository/ADMIN/Private Settings/Private Off UI/sidemenu_Private Settings' is present

2019-11-04 14:59:46 - [TEST_STEP][PASSED] - click: Object: 'Object Repository/ADMIN/Private Settings/Private Off UI/sidemenu_Private Settings' is clicked on

2019-11-04 14:59:47 - [MESSAGE][PASSED] - Object: 'Object Repository/ADMIN/Private Settings/Private Off UI/sidemenu_Private Settings' is clicked on

2019-11-04 14:59:47 - [TEST_STEP][PASSED] - verifyElementPresent: Object 'Object Repository/ADMIN/Private Settings/Private On UI/textlabel_Restricted Access to' is present

2019-11-04 14:59:47 - [MESSAGE][WARNING] - Timeout '0' is invalid. Using default page load timeout: '30'

2019-11-04 14:59:47 - [MESSAGE][PASSED] - Object 'Object Repository/ADMIN/Private Settings/Private On UI/textlabel_Restricted Access to' is present]]></system-out>
         <system-err><![CDATA[]]></system-err>
      </testcase>
      <testcase name="Test Cases/ADMIN/Advanced/Private Settings/Private On UI/textlabel_seller signup" classname="Test Cases/ADMIN/Advanced/Private Settings/Private On UI/textlabel_seller signup" status="PASSED">
         <system-out><![CDATA[2019-11-04 14:59:47 - [TEST_CASE][PASSED] - Test Cases/ADMIN/Advanced/Private Settings/Private On UI/textlabel_seller signup: Test Cases/ADMIN/Advanced/Private Settings/Private On UI/textlabel_seller signup

2019-11-04 14:59:47 - [TEST_STEP][PASSED] - verifyElementPresent: Object 'Object Repository/ADMIN/Private Settings/Private Off UI/sidemenu_Private Settings' is present

2019-11-04 14:59:47 - [MESSAGE][WARNING] - Timeout '0' is invalid. Using default page load timeout: '30'

2019-11-04 14:59:47 - [MESSAGE][PASSED] - Object 'Object Repository/ADMIN/Private Settings/Private Off UI/sidemenu_Private Settings' is present

2019-11-04 14:59:47 - [TEST_STEP][PASSED] - click: Object: 'Object Repository/ADMIN/Private Settings/Private Off UI/sidemenu_Private Settings' is clicked on

2019-11-04 14:59:48 - [MESSAGE][PASSED] - Object: 'Object Repository/ADMIN/Private Settings/Private Off UI/sidemenu_Private Settings' is clicked on

2019-11-04 14:59:48 - [TEST_STEP][PASSED] - verifyElementPresent: Object 'Object Repository/ADMIN/Private Settings/Private On UI/textlabel_Seller Sign Up' is present

2019-11-04 14:59:48 - [MESSAGE][WARNING] - Timeout '0' is invalid. Using default page load timeout: '30'

2019-11-04 14:59:48 - [MESSAGE][PASSED] - Object 'Object Repository/ADMIN/Private Settings/Private On UI/textlabel_Seller Sign Up' is present]]></system-out>
         <system-err><![CDATA[]]></system-err>
      </testcase>
      <testcase name="Test Cases/ADMIN/Advanced/Private Settings/Private On UI/textlabel_url link" classname="Test Cases/ADMIN/Advanced/Private Settings/Private On UI/textlabel_url link" status="PASSED">
         <system-out><![CDATA[2019-11-04 14:59:48 - [TEST_CASE][PASSED] - Test Cases/ADMIN/Advanced/Private Settings/Private On UI/textlabel_url link: Test Cases/ADMIN/Advanced/Private Settings/Private On UI/textlabel_url link

2019-11-04 14:59:48 - [TEST_STEP][PASSED] - verifyElementPresent: Object 'Object Repository/ADMIN/Private Settings/Private Off UI/sidemenu_Private Settings' is present

2019-11-04 14:59:48 - [MESSAGE][WARNING] - Timeout '0' is invalid. Using default page load timeout: '30'

2019-11-04 14:59:48 - [MESSAGE][PASSED] - Object 'Object Repository/ADMIN/Private Settings/Private Off UI/sidemenu_Private Settings' is present

2019-11-04 14:59:48 - [TEST_STEP][PASSED] - click: Object: 'Object Repository/ADMIN/Private Settings/Private Off UI/sidemenu_Private Settings' is clicked on

2019-11-04 14:59:49 - [MESSAGE][PASSED] - Object: 'Object Repository/ADMIN/Private Settings/Private Off UI/sidemenu_Private Settings' is clicked on

2019-11-04 14:59:49 - [TEST_STEP][PASSED] - verifyElementPresent: Object 'Object Repository/ADMIN/Private Settings/Private On UI/textlabel_URL Link (Optional)' is present

2019-11-04 14:59:49 - [MESSAGE][WARNING] - Timeout '0' is invalid. Using default page load timeout: '30'

2019-11-04 14:59:49 - [MESSAGE][PASSED] - Object 'Object Repository/ADMIN/Private Settings/Private On UI/textlabel_URL Link (Optional)' is present]]></system-out>
         <system-err><![CDATA[]]></system-err>
      </testcase>
      <testcase name="Test Cases/ADMIN/Advanced/Private Settings/Private On UI/toggle_item visibility" classname="Test Cases/ADMIN/Advanced/Private Settings/Private On UI/toggle_item visibility" status="PASSED">
         <system-out><![CDATA[2019-11-04 14:59:49 - [TEST_CASE][PASSED] - Test Cases/ADMIN/Advanced/Private Settings/Private On UI/toggle_item visibility: Test Cases/ADMIN/Advanced/Private Settings/Private On UI/toggle_item visibility

2019-11-04 14:59:49 - [TEST_STEP][PASSED] - verifyElementPresent: Object 'Object Repository/ADMIN/Private Settings/Private Off UI/sidemenu_Private Settings' is present

2019-11-04 14:59:49 - [MESSAGE][WARNING] - Timeout '0' is invalid. Using default page load timeout: '30'

2019-11-04 14:59:49 - [MESSAGE][PASSED] - Object 'Object Repository/ADMIN/Private Settings/Private Off UI/sidemenu_Private Settings' is present

2019-11-04 14:59:49 - [TEST_STEP][PASSED] - click: Object: 'Object Repository/ADMIN/Private Settings/Private Off UI/sidemenu_Private Settings' is clicked on

2019-11-04 14:59:50 - [MESSAGE][PASSED] - Object: 'Object Repository/ADMIN/Private Settings/Private Off UI/sidemenu_Private Settings' is clicked on

2019-11-04 14:59:50 - [TEST_STEP][PASSED] - verifyElementPresent: Object 'Object Repository/ADMIN/Private Settings/Private On UI/toggle_item visibility' is present

2019-11-04 14:59:50 - [MESSAGE][WARNING] - Timeout '0' is invalid. Using default page load timeout: '30'

2019-11-04 14:59:50 - [MESSAGE][PASSED] - Object 'Object Repository/ADMIN/Private Settings/Private On UI/toggle_item visibility' is present]]></system-out>
         <system-err><![CDATA[]]></system-err>
      </testcase>
      <system-out><![CDATA[2019-11-04 14:55:48 - [TEST_SUITE][FAILED] - 1_UI Verification: Test Cases/ADMIN/Advanced/Private Settings/Private On UI/19_AllGuestUserRestrictedIcon FAILED because (of) com.kms.katalon.core.webui.exception.WebElementNotFoundException: Web element with id: 'Object Repository/ADMIN/Private Settings/Private On UI/icon_allguestusersrestricted' located by 'By.xpath: //div[3]/div[2]/div[2]/div/div[3]/div[1]/div/div/ul/li[1]/a/span[3]' not found]]></system-out>
      <system-err><![CDATA[2019-11-04 14:55:48 - [TEST_SUITE][FAILED] - 1_UI Verification: Test Cases/ADMIN/Advanced/Private Settings/Private On UI/19_AllGuestUserRestrictedIcon FAILED because (of) com.kms.katalon.core.webui.exception.WebElementNotFoundException: Web element with id: 'Object Repository/ADMIN/Private Settings/Private On UI/icon_allguestusersrestricted' located by 'By.xpath: //div[3]/div[2]/div[2]/div/div[3]/div[1]/div/div/ul/li[1]/a/span[3]' not found]]></system-err>
   </testsuite>
</testsuites>
