<?xml version="1.0" encoding="UTF-8"?>
<testsuites name="UI Verification_Start Selling" time="114" tests="39" failures="1" errors="0">
   <testsuite name="UI Verification_Start Selling" tests="39" failures="1" errors="0" time="114" timestamp="2019-10-08 13:39:43" hostname="ARCADIER01 - ARCADIER-01" id="Test Suites/Admin/Email Customization/UI Verification_Start Selling">
      <properties>
         <property name="deviceName" value=""/>
         <property name="devicePlatform" value=""/>
         <property name="logFolder" value="C:\\Users\\ARCADIER01\\git\\Trillia\\Reports\\Admin\\Email Customization\\UI Verification_Start Selling\\20191008_133942"/>
         <property name="logFiles" value="C:\\Users\\ARCADIER01\\git\\Trillia\\Reports\\Admin\\Email Customization\\UI Verification_Start Selling\\20191008_133942\\execution0.log"/>
         <property name="attachments" value="C:\\Users\\ARCADIER01\\git\\Trillia\\Reports\\Admin\\Email Customization\\UI Verification_Start Selling\\20191008_133942\\1570513275111.png"/>
         <property name="hostName" value="ARCADIER01 - ARCADIER-01"/>
         <property name="os" value="Windows 7 64bit"/>
         <property name="katalonVersion" value="5.4.2.1"/>
         <property name="browser" value="Chrome 77.0.3865.90"/>
         <property name="hostAddress" value="10.10.31.88"/>
         <property name="sessionId" value="76b429b2063d9413362b974a6602f645"/>
         <property name="seleniumVersion" value="3.7.1"/>
         <property name="proxyInformation" value="ProxyInformation{proxyOption=NO_PROXY, proxyServerType=HTTP, password=, proxyServerAddress=, proxyServerPort=0}"/>
         <property name="platform" value="Windows 7"/>
      </properties>
      <testcase name="Test Cases/Utilities/ADMIN/Admin Login" classname="Test Cases/Utilities/ADMIN/Admin Login" status="PASSED">
         <system-out><![CDATA[2019-10-08 13:39:43 - [TEST_CASE][PASSED] - Test Cases/Utilities/ADMIN/Admin Login: Test Cases/Utilities/ADMIN/Admin Login

2019-10-08 13:39:44 - [TEST_STEP][PASSED] - openBrowser: Browser is opened with url: ''

2019-10-08 13:39:46 - [MESSAGE][PASSED] - Browser is opened with url: ''

2019-10-08 13:39:46 - [TEST_STEP][PASSED] - maximizeWindow: Current window maximized

2019-10-08 13:39:47 - [MESSAGE][PASSED] - Current window maximized

2019-10-08 13:39:47 - [TEST_STEP][PASSED] - navigateToUrl: Navigate to 'http://0314apriljoy5.test.arcadier.io/admin' successfully

2019-10-08 13:39:50 - [MESSAGE][PASSED] - Navigate to 'http://0314apriljoy5.test.arcadier.io/admin' successfully

2019-10-08 13:39:50 - [TEST_STEP][PASSED] - Statement - If (AdminAccountType == "custom"): Object: 'Object Repository/ADMIN/Admin Login Page/button_SignIn' is clicked on

2019-10-08 13:39:50 - [TEST_STEP][PASSED] - waitForElementVisible: Object 'Object Repository/ADMIN/Admin Login Page/textbox_username' is visible

2019-10-08 13:39:50 - [MESSAGE][WARNING] - Timeout '0' is invalid. Using default page load timeout: '30'

2019-10-08 13:39:50 - [MESSAGE][PASSED] - Object 'Object Repository/ADMIN/Admin Login Page/textbox_username' is visible

2019-10-08 13:39:50 - [TEST_STEP][PASSED] - setText: Text '0314apriljoy5' is set on object 'Object Repository/ADMIN/Admin Login Page/textbox_username'

2019-10-08 13:39:50 - [MESSAGE][PASSED] - Text '0314apriljoy5' is set on object 'Object Repository/ADMIN/Admin Login Page/textbox_username'

2019-10-08 13:39:50 - [TEST_STEP][PASSED] - setText: Text 'welcome8' is set on object 'Object Repository/ADMIN/Admin Login Page/textbox_password'

2019-10-08 13:39:50 - [MESSAGE][PASSED] - Text 'welcome8' is set on object 'Object Repository/ADMIN/Admin Login Page/textbox_password'

2019-10-08 13:39:50 - [TEST_STEP][PASSED] - click: Object: 'Object Repository/ADMIN/Admin Login Page/button_SignIn' is clicked on

2019-10-08 13:39:53 - [MESSAGE][PASSED] - Object: 'Object Repository/ADMIN/Admin Login Page/button_SignIn' is clicked on]]></system-out>
         <system-err><![CDATA[]]></system-err>
      </testcase>
      <testcase name="Test Cases/ADMIN/Email Notifications/Start Selling/Precondition_Navigation" classname="Test Cases/ADMIN/Email Notifications/Start Selling/Precondition_Navigation" status="PASSED">
         <system-out><![CDATA[2019-10-08 13:39:53 - [TEST_CASE][PASSED] - Test Cases/ADMIN/Email Notifications/Start Selling/Precondition_Navigation: Test Cases/ADMIN/Email Notifications/Start Selling/Precondition_Navigation

2019-10-08 13:39:53 - [TEST_STEP][PASSED] - waitForElementVisible: Object 'Object Repository/ADMIN/New Sidebar Menu/sidemenu_Announcement' is visible

2019-10-08 13:39:53 - [MESSAGE][WARNING] - Timeout '0' is invalid. Using default page load timeout: '30'

2019-10-08 13:39:53 - [MESSAGE][PASSED] - Object 'Object Repository/ADMIN/New Sidebar Menu/sidemenu_Announcement' is visible

2019-10-08 13:39:53 - [TEST_STEP][PASSED] - waitForElementVisible: Object 'Object Repository/ADMIN/New Sidebar Menu/sidemenu_Email Notifications' is visible

2019-10-08 13:39:53 - [MESSAGE][WARNING] - Timeout '0' is invalid. Using default page load timeout: '30'

2019-10-08 13:39:54 - [MESSAGE][PASSED] - Object 'Object Repository/ADMIN/New Sidebar Menu/sidemenu_Email Notifications' is visible

2019-10-08 13:39:54 - [TEST_STEP][PASSED] - scrollToElement: Scroll to object 'Object Repository/ADMIN/New Sidebar Menu/sidemenu_Email Notifications' successfully

2019-10-08 13:39:54 - [MESSAGE][WARNING] - Timeout '0' is invalid. Using default page load timeout: '30'

2019-10-08 13:39:54 - [MESSAGE][PASSED] - Scroll to object 'Object Repository/ADMIN/New Sidebar Menu/sidemenu_Email Notifications' successfully

2019-10-08 13:39:54 - [TEST_STEP][PASSED] - click: Object: 'Object Repository/ADMIN/New Sidebar Menu/sidemenu_Email Notifications' is clicked on

2019-10-08 13:39:54 - [MESSAGE][PASSED] - Object: 'Object Repository/ADMIN/New Sidebar Menu/sidemenu_Email Notifications' is clicked on

2019-10-08 13:39:54 - [TEST_STEP][PASSED] - waitForElementVisible: Object 'Object Repository/ADMIN/Email Notifications/Email Template/menu_Email Template' is visible

2019-10-08 13:39:54 - [MESSAGE][WARNING] - Timeout '0' is invalid. Using default page load timeout: '30'

2019-10-08 13:39:54 - [MESSAGE][PASSED] - Object 'Object Repository/ADMIN/Email Notifications/Email Template/menu_Email Template' is visible

2019-10-08 13:39:54 - [TEST_STEP][PASSED] - click: Object: 'Object Repository/ADMIN/Email Notifications/Email Template/menu_Email Template' is clicked on

2019-10-08 13:39:54 - [MESSAGE][PASSED] - Object: 'Object Repository/ADMIN/Email Notifications/Email Template/menu_Email Template' is clicked on]]></system-out>
         <system-err><![CDATA[]]></system-err>
      </testcase>
      <testcase name="Test Cases/ADMIN/Email Notifications/Start Selling/01_StartSelling" classname="Test Cases/ADMIN/Email Notifications/Start Selling/01_StartSelling" status="PASSED">
         <system-out><![CDATA[2019-10-08 13:39:54 - [TEST_CASE][PASSED] - Test Cases/ADMIN/Email Notifications/Start Selling/01_StartSelling: Test Cases/ADMIN/Email Notifications/Start Selling/01_StartSelling

2019-10-08 13:39:54 - [TEST_STEP][PASSED] - refresh: Refresh successfully

2019-10-08 13:39:55 - [MESSAGE][PASSED] - Refresh successfully

2019-10-08 13:39:55 - [TEST_STEP][PASSED] - waitForElementVisible: Object 'Object Repository/ADMIN/Email Notifications/textlabel_EmailTemplate' is visible

2019-10-08 13:39:55 - [MESSAGE][WARNING] - Timeout '0' is invalid. Using default page load timeout: '30'

2019-10-08 13:39:55 - [MESSAGE][PASSED] - Object 'Object Repository/ADMIN/Email Notifications/textlabel_EmailTemplate' is visible

2019-10-08 13:39:55 - [TEST_STEP][PASSED] - click: Object: 'Object Repository/ADMIN/Email Notifications/Email Template/toggle_SellerBuyer' is clicked on

2019-10-08 13:39:55 - [MESSAGE][PASSED] - Object: 'Object Repository/ADMIN/Email Notifications/Email Template/toggle_SellerBuyer' is clicked on

2019-10-08 13:39:55 - [TEST_STEP][PASSED] - click: Object: 'Object Repository/ADMIN/Email Notifications/Email Template/toggle_Orders' is clicked on

2019-10-08 13:39:55 - [MESSAGE][PASSED] - Object: 'Object Repository/ADMIN/Email Notifications/Email Template/toggle_Orders' is clicked on

2019-10-08 13:39:55 - [TEST_STEP][PASSED] - delay: Delayed 0 second(s)

2019-10-08 13:39:55 - [MESSAGE][PASSED] - Delayed 0 second(s)

2019-10-08 13:39:55 - [TEST_STEP][PASSED] - waitForElementVisible: Object 'Object Repository/ADMIN/Email Notifications/Email Template/StartSelling' is visible

2019-10-08 13:39:55 - [MESSAGE][WARNING] - Timeout '0' is invalid. Using default page load timeout: '30'

2019-10-08 13:39:55 - [MESSAGE][PASSED] - Object 'Object Repository/ADMIN/Email Notifications/Email Template/StartSelling' is visible

2019-10-08 13:39:55 - [TEST_STEP][PASSED] - verifyElementVisible: Object 'Object Repository/ADMIN/Email Notifications/Email Template/StartSelling' is visible

2019-10-08 13:39:55 - [MESSAGE][PASSED] - Object 'Object Repository/ADMIN/Email Notifications/Email Template/StartSelling' is visible]]></system-out>
         <system-err><![CDATA[]]></system-err>
      </testcase>
      <testcase name="Test Cases/ADMIN/Email Notifications/Start Selling/02_SentautomaticallytoanySeller" classname="Test Cases/ADMIN/Email Notifications/Start Selling/02_SentautomaticallytoanySeller" status="PASSED">
         <system-out><![CDATA[2019-10-08 13:39:55 - [TEST_CASE][PASSED] - Test Cases/ADMIN/Email Notifications/Start Selling/02_SentautomaticallytoanySeller: Test Cases/ADMIN/Email Notifications/Start Selling/02_SentautomaticallytoanySeller

2019-10-08 13:39:56 - [TEST_STEP][PASSED] - refresh: Refresh successfully

2019-10-08 13:39:56 - [MESSAGE][PASSED] - Refresh successfully

2019-10-08 13:39:56 - [TEST_STEP][PASSED] - waitForElementVisible: Object 'Object Repository/ADMIN/Email Notifications/textlabel_EmailTemplate' is visible

2019-10-08 13:39:56 - [MESSAGE][WARNING] - Timeout '0' is invalid. Using default page load timeout: '30'

2019-10-08 13:39:56 - [MESSAGE][PASSED] - Object 'Object Repository/ADMIN/Email Notifications/textlabel_EmailTemplate' is visible

2019-10-08 13:39:56 - [TEST_STEP][PASSED] - click: Object: 'Object Repository/ADMIN/Email Notifications/Email Template/toggle_SellerBuyer' is clicked on

2019-10-08 13:39:56 - [MESSAGE][PASSED] - Object: 'Object Repository/ADMIN/Email Notifications/Email Template/toggle_SellerBuyer' is clicked on

2019-10-08 13:39:56 - [TEST_STEP][PASSED] - click: Object: 'Object Repository/ADMIN/Email Notifications/Email Template/toggle_Orders' is clicked on

2019-10-08 13:39:56 - [MESSAGE][PASSED] - Object: 'Object Repository/ADMIN/Email Notifications/Email Template/toggle_Orders' is clicked on

2019-10-08 13:39:56 - [TEST_STEP][PASSED] - delay: Delayed 0 second(s)

2019-10-08 13:39:56 - [MESSAGE][PASSED] - Delayed 0 second(s)

2019-10-08 13:39:56 - [TEST_STEP][PASSED] - waitForElementVisible: Object 'Object Repository/ADMIN/Email Notifications/textlabel_Start Selling Desc' is visible

2019-10-08 13:39:56 - [MESSAGE][WARNING] - Timeout '0' is invalid. Using default page load timeout: '30'

2019-10-08 13:39:56 - [MESSAGE][PASSED] - Object 'Object Repository/ADMIN/Email Notifications/textlabel_Start Selling Desc' is visible

2019-10-08 13:39:56 - [TEST_STEP][PASSED] - verifyElementVisible: Object 'Object Repository/ADMIN/Email Notifications/textlabel_Start Selling Desc' is visible

2019-10-08 13:39:57 - [MESSAGE][PASSED] - Object 'Object Repository/ADMIN/Email Notifications/textlabel_Start Selling Desc' is visible]]></system-out>
         <system-err><![CDATA[]]></system-err>
      </testcase>
      <testcase name="Test Cases/ADMIN/Email Notifications/Start Selling/03_StartSellingEdit" classname="Test Cases/ADMIN/Email Notifications/Start Selling/03_StartSellingEdit" status="PASSED">
         <system-out><![CDATA[2019-10-08 13:39:57 - [TEST_CASE][PASSED] - Test Cases/ADMIN/Email Notifications/Start Selling/03_StartSellingEdit: Test Cases/ADMIN/Email Notifications/Start Selling/03_StartSellingEdit

2019-10-08 13:39:57 - [TEST_STEP][PASSED] - refresh: Refresh successfully

2019-10-08 13:39:57 - [MESSAGE][PASSED] - Refresh successfully

2019-10-08 13:39:57 - [TEST_STEP][PASSED] - waitForElementVisible: Object 'Object Repository/ADMIN/Email Notifications/textlabel_EmailTemplate' is visible

2019-10-08 13:39:57 - [MESSAGE][WARNING] - Timeout '0' is invalid. Using default page load timeout: '30'

2019-10-08 13:39:57 - [MESSAGE][PASSED] - Object 'Object Repository/ADMIN/Email Notifications/textlabel_EmailTemplate' is visible

2019-10-08 13:39:57 - [TEST_STEP][PASSED] - click: Object: 'Object Repository/ADMIN/Email Notifications/Email Template/toggle_SellerBuyer' is clicked on

2019-10-08 13:39:57 - [MESSAGE][PASSED] - Object: 'Object Repository/ADMIN/Email Notifications/Email Template/toggle_SellerBuyer' is clicked on

2019-10-08 13:39:57 - [TEST_STEP][PASSED] - click: Object: 'Object Repository/ADMIN/Email Notifications/Email Template/toggle_Orders' is clicked on

2019-10-08 13:39:57 - [MESSAGE][PASSED] - Object: 'Object Repository/ADMIN/Email Notifications/Email Template/toggle_Orders' is clicked on

2019-10-08 13:39:57 - [TEST_STEP][PASSED] - delay: Delayed 0 second(s)

2019-10-08 13:39:57 - [MESSAGE][PASSED] - Delayed 0 second(s)

2019-10-08 13:39:57 - [TEST_STEP][PASSED] - waitForElementVisible: Object 'Object Repository/ADMIN/Email Notifications/Linktext_Edit Start Selling' is visible

2019-10-08 13:39:57 - [MESSAGE][WARNING] - Timeout '0' is invalid. Using default page load timeout: '30'

2019-10-08 13:39:57 - [MESSAGE][PASSED] - Object 'Object Repository/ADMIN/Email Notifications/Linktext_Edit Start Selling' is visible

2019-10-08 13:39:57 - [TEST_STEP][PASSED] - verifyElementVisible: Object 'Object Repository/ADMIN/Email Notifications/Linktext_Edit Start Selling' is visible

2019-10-08 13:39:57 - [MESSAGE][PASSED] - Object 'Object Repository/ADMIN/Email Notifications/Linktext_Edit Start Selling' is visible]]></system-out>
         <system-err><![CDATA[]]></system-err>
      </testcase>
      <testcase name="Test Cases/ADMIN/Email Notifications/Start Selling/04_StartSellingRedirection" classname="Test Cases/ADMIN/Email Notifications/Start Selling/04_StartSellingRedirection" status="PASSED">
         <system-out><![CDATA[2019-10-08 13:39:57 - [TEST_CASE][PASSED] - Test Cases/ADMIN/Email Notifications/Start Selling/04_StartSellingRedirection: Test Cases/ADMIN/Email Notifications/Start Selling/04_StartSellingRedirection

2019-10-08 13:39:57 - [TEST_STEP][PASSED] - refresh: Refresh successfully

2019-10-08 13:39:57 - [MESSAGE][PASSED] - Refresh successfully

2019-10-08 13:39:57 - [TEST_STEP][PASSED] - waitForElementVisible: Object 'Object Repository/ADMIN/Email Notifications/textlabel_EmailTemplate' is visible

2019-10-08 13:39:57 - [MESSAGE][WARNING] - Timeout '0' is invalid. Using default page load timeout: '30'

2019-10-08 13:39:58 - [MESSAGE][PASSED] - Object 'Object Repository/ADMIN/Email Notifications/textlabel_EmailTemplate' is visible

2019-10-08 13:39:58 - [TEST_STEP][PASSED] - click: Object: 'Object Repository/ADMIN/Email Notifications/Email Template/toggle_SellerBuyer' is clicked on

2019-10-08 13:39:58 - [MESSAGE][PASSED] - Object: 'Object Repository/ADMIN/Email Notifications/Email Template/toggle_SellerBuyer' is clicked on

2019-10-08 13:39:58 - [TEST_STEP][PASSED] - click: Object: 'Object Repository/ADMIN/Email Notifications/Email Template/toggle_Orders' is clicked on

2019-10-08 13:39:58 - [MESSAGE][PASSED] - Object: 'Object Repository/ADMIN/Email Notifications/Email Template/toggle_Orders' is clicked on

2019-10-08 13:39:58 - [TEST_STEP][PASSED] - waitForElementVisible: Object 'Object Repository/ADMIN/Email Notifications/Email Template/StartSelling' is visible

2019-10-08 13:39:58 - [MESSAGE][WARNING] - Timeout '0' is invalid. Using default page load timeout: '30'

2019-10-08 13:39:58 - [MESSAGE][PASSED] - Object 'Object Repository/ADMIN/Email Notifications/Email Template/StartSelling' is visible

2019-10-08 13:39:58 - [TEST_STEP][PASSED] - click: Object: 'Object Repository/ADMIN/Email Notifications/Email Template/StartSelling' is clicked on

2019-10-08 13:40:00 - [MESSAGE][PASSED] - Object: 'Object Repository/ADMIN/Email Notifications/Email Template/StartSelling' is clicked on

2019-10-08 13:40:00 - [TEST_STEP][PASSED] - verifyElementVisible: Object 'Object Repository/ADMIN/Email Notifications/a_Offer from Seller/dropdown_Template' is visible

2019-10-08 13:40:02 - [MESSAGE][PASSED] - Object 'Object Repository/ADMIN/Email Notifications/a_Offer from Seller/dropdown_Template' is visible

2019-10-08 13:40:02 - [TEST_STEP][PASSED] - back: Navigate back successfully

2019-10-08 13:40:02 - [MESSAGE][PASSED] - Navigate back successfully]]></system-out>
         <system-err><![CDATA[]]></system-err>
      </testcase>
      <testcase name="Test Cases/ADMIN/Email Notifications/Start Selling/05_StartSellingDescRedirection" classname="Test Cases/ADMIN/Email Notifications/Start Selling/05_StartSellingDescRedirection" status="PASSED">
         <system-out><![CDATA[2019-10-08 13:40:02 - [TEST_CASE][PASSED] - Test Cases/ADMIN/Email Notifications/Start Selling/05_StartSellingDescRedirection: Test Cases/ADMIN/Email Notifications/Start Selling/05_StartSellingDescRedirection

2019-10-08 13:40:02 - [TEST_STEP][PASSED] - refresh: Refresh successfully

2019-10-08 13:40:03 - [MESSAGE][PASSED] - Refresh successfully

2019-10-08 13:40:03 - [TEST_STEP][PASSED] - waitForElementVisible: Object 'Object Repository/ADMIN/Email Notifications/textlabel_EmailTemplate' is visible

2019-10-08 13:40:03 - [MESSAGE][WARNING] - Timeout '0' is invalid. Using default page load timeout: '30'

2019-10-08 13:40:03 - [MESSAGE][PASSED] - Object 'Object Repository/ADMIN/Email Notifications/textlabel_EmailTemplate' is visible

2019-10-08 13:40:03 - [TEST_STEP][PASSED] - click: Object: 'Object Repository/ADMIN/Email Notifications/Email Template/toggle_SellerBuyer' is clicked on

2019-10-08 13:40:03 - [MESSAGE][PASSED] - Object: 'Object Repository/ADMIN/Email Notifications/Email Template/toggle_SellerBuyer' is clicked on

2019-10-08 13:40:03 - [TEST_STEP][PASSED] - click: Object: 'Object Repository/ADMIN/Email Notifications/Email Template/toggle_Orders' is clicked on

2019-10-08 13:40:03 - [MESSAGE][PASSED] - Object: 'Object Repository/ADMIN/Email Notifications/Email Template/toggle_Orders' is clicked on

2019-10-08 13:40:03 - [TEST_STEP][PASSED] - waitForElementVisible: Object 'Object Repository/ADMIN/Email Notifications/textlabel_Start Selling Desc' is visible

2019-10-08 13:40:03 - [MESSAGE][WARNING] - Timeout '0' is invalid. Using default page load timeout: '30'

2019-10-08 13:40:03 - [MESSAGE][PASSED] - Object 'Object Repository/ADMIN/Email Notifications/textlabel_Start Selling Desc' is visible

2019-10-08 13:40:03 - [TEST_STEP][PASSED] - click: Object: 'Object Repository/ADMIN/Email Notifications/textlabel_Start Selling Desc' is clicked on

2019-10-08 13:40:04 - [MESSAGE][PASSED] - Object: 'Object Repository/ADMIN/Email Notifications/textlabel_Start Selling Desc' is clicked on

2019-10-08 13:40:04 - [TEST_STEP][PASSED] - verifyElementVisible: Object 'Object Repository/ADMIN/Email Notifications/a_Offer from Seller/dropdown_Template' is visible

2019-10-08 13:40:05 - [MESSAGE][PASSED] - Object 'Object Repository/ADMIN/Email Notifications/a_Offer from Seller/dropdown_Template' is visible

2019-10-08 13:40:05 - [TEST_STEP][PASSED] - back: Navigate back successfully

2019-10-08 13:40:05 - [MESSAGE][PASSED] - Navigate back successfully]]></system-out>
         <system-err><![CDATA[]]></system-err>
      </testcase>
      <testcase name="Test Cases/ADMIN/Email Notifications/Start Selling/06_StartSellingEditRedirection" classname="Test Cases/ADMIN/Email Notifications/Start Selling/06_StartSellingEditRedirection" status="PASSED">
         <system-out><![CDATA[2019-10-08 13:40:05 - [TEST_CASE][PASSED] - Test Cases/ADMIN/Email Notifications/Start Selling/06_StartSellingEditRedirection: Test Cases/ADMIN/Email Notifications/Start Selling/06_StartSellingEditRedirection

2019-10-08 13:40:05 - [TEST_STEP][PASSED] - refresh: Refresh successfully

2019-10-08 13:40:05 - [MESSAGE][PASSED] - Refresh successfully

2019-10-08 13:40:05 - [TEST_STEP][PASSED] - waitForElementVisible: Object 'Object Repository/ADMIN/Email Notifications/textlabel_EmailTemplate' is visible

2019-10-08 13:40:05 - [MESSAGE][WARNING] - Timeout '0' is invalid. Using default page load timeout: '30'

2019-10-08 13:40:06 - [MESSAGE][PASSED] - Object 'Object Repository/ADMIN/Email Notifications/textlabel_EmailTemplate' is visible

2019-10-08 13:40:06 - [TEST_STEP][PASSED] - click: Object: 'Object Repository/ADMIN/Email Notifications/Email Template/toggle_SellerBuyer' is clicked on

2019-10-08 13:40:06 - [MESSAGE][PASSED] - Object: 'Object Repository/ADMIN/Email Notifications/Email Template/toggle_SellerBuyer' is clicked on

2019-10-08 13:40:06 - [TEST_STEP][PASSED] - click: Object: 'Object Repository/ADMIN/Email Notifications/Email Template/toggle_Orders' is clicked on

2019-10-08 13:40:06 - [MESSAGE][PASSED] - Object: 'Object Repository/ADMIN/Email Notifications/Email Template/toggle_Orders' is clicked on

2019-10-08 13:40:06 - [TEST_STEP][PASSED] - waitForElementVisible: Object 'Object Repository/ADMIN/Email Notifications/Linktext_Edit Start Selling' is visible

2019-10-08 13:40:06 - [MESSAGE][WARNING] - Timeout '0' is invalid. Using default page load timeout: '30'

2019-10-08 13:40:06 - [MESSAGE][PASSED] - Object 'Object Repository/ADMIN/Email Notifications/Linktext_Edit Start Selling' is visible

2019-10-08 13:40:06 - [TEST_STEP][PASSED] - click: Object: 'Object Repository/ADMIN/Email Notifications/Linktext_Edit Start Selling' is clicked on

2019-10-08 13:40:07 - [MESSAGE][PASSED] - Object: 'Object Repository/ADMIN/Email Notifications/Linktext_Edit Start Selling' is clicked on

2019-10-08 13:40:07 - [TEST_STEP][PASSED] - verifyElementVisible: Object 'Object Repository/ADMIN/Email Notifications/a_Offer from Seller/dropdown_Template' is visible

2019-10-08 13:40:07 - [MESSAGE][PASSED] - Object 'Object Repository/ADMIN/Email Notifications/a_Offer from Seller/dropdown_Template' is visible]]></system-out>
         <system-err><![CDATA[]]></system-err>
      </testcase>
      <testcase name="Test Cases/ADMIN/Email Notifications/Start Selling/07_Templatedropdown" classname="Test Cases/ADMIN/Email Notifications/Start Selling/07_Templatedropdown" status="PASSED">
         <system-out><![CDATA[2019-10-08 13:40:07 - [TEST_CASE][PASSED] - Test Cases/ADMIN/Email Notifications/Start Selling/07_Templatedropdown: Test Cases/ADMIN/Email Notifications/Start Selling/07_Templatedropdown

2019-10-08 13:40:07 - [TEST_STEP][PASSED] - waitForElementVisible: Object 'Object Repository/ADMIN/Email Notifications/a_Offer from Seller/dropdown_Template' is visible

2019-10-08 13:40:07 - [MESSAGE][WARNING] - Timeout '0' is invalid. Using default page load timeout: '30'

2019-10-08 13:40:07 - [MESSAGE][PASSED] - Object 'Object Repository/ADMIN/Email Notifications/a_Offer from Seller/dropdown_Template' is visible

2019-10-08 13:40:07 - [TEST_STEP][PASSED] - verifyElementVisible: Object 'Object Repository/ADMIN/Email Notifications/a_Offer from Seller/dropdown_Template' is visible

2019-10-08 13:40:08 - [MESSAGE][PASSED] - Object 'Object Repository/ADMIN/Email Notifications/a_Offer from Seller/dropdown_Template' is visible]]></system-out>
         <system-err><![CDATA[]]></system-err>
      </testcase>
      <testcase name="Test Cases/ADMIN/Email Notifications/Start Selling/08_Previewbutton" classname="Test Cases/ADMIN/Email Notifications/Start Selling/08_Previewbutton" status="PASSED">
         <system-out><![CDATA[2019-10-08 13:40:08 - [TEST_CASE][PASSED] - Test Cases/ADMIN/Email Notifications/Start Selling/08_Previewbutton: Test Cases/ADMIN/Email Notifications/Start Selling/08_Previewbutton

2019-10-08 13:40:08 - [TEST_STEP][PASSED] - waitForElementVisible: Object 'Object Repository/ADMIN/Email Notifications/a_Offer from Seller/button_Preview' is visible

2019-10-08 13:40:08 - [MESSAGE][WARNING] - Timeout '0' is invalid. Using default page load timeout: '30'

2019-10-08 13:40:08 - [MESSAGE][PASSED] - Object 'Object Repository/ADMIN/Email Notifications/a_Offer from Seller/button_Preview' is visible

2019-10-08 13:40:08 - [TEST_STEP][PASSED] - verifyElementVisible: Object 'Object Repository/ADMIN/Email Notifications/a_Offer from Seller/button_Preview' is visible

2019-10-08 13:40:08 - [MESSAGE][PASSED] - Object 'Object Repository/ADMIN/Email Notifications/a_Offer from Seller/button_Preview' is visible]]></system-out>
         <system-err><![CDATA[]]></system-err>
      </testcase>
      <testcase name="Test Cases/ADMIN/Email Notifications/Start Selling/09_Savebutton" classname="Test Cases/ADMIN/Email Notifications/Start Selling/09_Savebutton" status="PASSED">
         <system-out><![CDATA[2019-10-08 13:40:08 - [TEST_CASE][PASSED] - Test Cases/ADMIN/Email Notifications/Start Selling/09_Savebutton: Test Cases/ADMIN/Email Notifications/Start Selling/09_Savebutton

2019-10-08 13:40:08 - [TEST_STEP][PASSED] - waitForElementVisible: Object 'Object Repository/ADMIN/Email Notifications/a_Offer from Seller/button_topSave' is visible

2019-10-08 13:40:08 - [MESSAGE][WARNING] - Timeout '0' is invalid. Using default page load timeout: '30'

2019-10-08 13:40:08 - [MESSAGE][PASSED] - Object 'Object Repository/ADMIN/Email Notifications/a_Offer from Seller/button_topSave' is visible

2019-10-08 13:40:08 - [TEST_STEP][PASSED] - verifyElementVisible: Object 'Object Repository/ADMIN/Email Notifications/a_Offer from Seller/button_topSave' is visible

2019-10-08 13:40:08 - [MESSAGE][PASSED] - Object 'Object Repository/ADMIN/Email Notifications/a_Offer from Seller/button_topSave' is visible]]></system-out>
         <system-err><![CDATA[]]></system-err>
      </testcase>
      <testcase name="Test Cases/ADMIN/Email Notifications/Start Selling/10_EnablethisEmailNotif" classname="Test Cases/ADMIN/Email Notifications/Start Selling/10_EnablethisEmailNotif" status="PASSED">
         <system-out><![CDATA[2019-10-08 13:40:08 - [TEST_CASE][PASSED] - Test Cases/ADMIN/Email Notifications/Start Selling/10_EnablethisEmailNotif: Test Cases/ADMIN/Email Notifications/Start Selling/10_EnablethisEmailNotif

2019-10-08 13:40:08 - [TEST_STEP][PASSED] - waitForElementVisible: Object 'Object Repository/ADMIN/Email Notifications/a_Offer from Seller/textlabel_EnableEmailNotification' is visible

2019-10-08 13:40:08 - [MESSAGE][WARNING] - Timeout '0' is invalid. Using default page load timeout: '30'

2019-10-08 13:40:08 - [MESSAGE][PASSED] - Object 'Object Repository/ADMIN/Email Notifications/a_Offer from Seller/textlabel_EnableEmailNotification' is visible

2019-10-08 13:40:08 - [TEST_STEP][PASSED] - verifyElementVisible: Object 'Object Repository/ADMIN/Email Notifications/a_Offer from Seller/textlabel_EnableEmailNotification' is visible

2019-10-08 13:40:08 - [MESSAGE][PASSED] - Object 'Object Repository/ADMIN/Email Notifications/a_Offer from Seller/textlabel_EnableEmailNotification' is visible]]></system-out>
         <system-err><![CDATA[]]></system-err>
      </testcase>
      <testcase name="Test Cases/ADMIN/Email Notifications/Start Selling/11_YesNoToggle" classname="Test Cases/ADMIN/Email Notifications/Start Selling/11_YesNoToggle" status="PASSED">
         <system-out><![CDATA[2019-10-08 13:40:08 - [TEST_CASE][PASSED] - Test Cases/ADMIN/Email Notifications/Start Selling/11_YesNoToggle: Test Cases/ADMIN/Email Notifications/Start Selling/11_YesNoToggle

2019-10-08 13:40:08 - [TEST_STEP][PASSED] - waitForElementVisible: Object 'Object Repository/ADMIN/Email Notifications/a_Offer from Seller/toggle_emailNotification' is visible

2019-10-08 13:40:08 - [MESSAGE][WARNING] - Timeout '0' is invalid. Using default page load timeout: '30'

2019-10-08 13:40:08 - [MESSAGE][PASSED] - Object 'Object Repository/ADMIN/Email Notifications/a_Offer from Seller/toggle_emailNotification' is visible

2019-10-08 13:40:08 - [TEST_STEP][PASSED] - verifyElementVisible: Object 'Object Repository/ADMIN/Email Notifications/a_Offer from Seller/toggle_emailNotification' is visible

2019-10-08 13:40:08 - [MESSAGE][PASSED] - Object 'Object Repository/ADMIN/Email Notifications/a_Offer from Seller/toggle_emailNotification' is visible]]></system-out>
         <system-err><![CDATA[]]></system-err>
      </testcase>
      <testcase name="Test Cases/ADMIN/Email Notifications/Start Selling/12_SentFromLabel" classname="Test Cases/ADMIN/Email Notifications/Start Selling/12_SentFromLabel" status="PASSED">
         <system-out><![CDATA[2019-10-08 13:40:08 - [TEST_CASE][PASSED] - Test Cases/ADMIN/Email Notifications/Start Selling/12_SentFromLabel: Test Cases/ADMIN/Email Notifications/Start Selling/12_SentFromLabel

2019-10-08 13:40:08 - [TEST_STEP][PASSED] - waitForElementVisible: Object 'Object Repository/ADMIN/Email Notifications/a_Offer from Seller/textlabel_SentFrom' is visible

2019-10-08 13:40:08 - [MESSAGE][WARNING] - Timeout '0' is invalid. Using default page load timeout: '30'

2019-10-08 13:40:08 - [MESSAGE][PASSED] - Object 'Object Repository/ADMIN/Email Notifications/a_Offer from Seller/textlabel_SentFrom' is visible

2019-10-08 13:40:08 - [TEST_STEP][PASSED] - verifyElementVisible: Object 'Object Repository/ADMIN/Email Notifications/a_Offer from Seller/textlabel_SentFrom' is visible

2019-10-08 13:40:08 - [MESSAGE][PASSED] - Object 'Object Repository/ADMIN/Email Notifications/a_Offer from Seller/textlabel_SentFrom' is visible]]></system-out>
         <system-err><![CDATA[]]></system-err>
      </testcase>
      <testcase name="Test Cases/ADMIN/Email Notifications/Start Selling/13_SentFromTextfield" classname="Test Cases/ADMIN/Email Notifications/Start Selling/13_SentFromTextfield" status="PASSED">
         <system-out><![CDATA[2019-10-08 13:40:09 - [TEST_CASE][PASSED] - Test Cases/ADMIN/Email Notifications/Start Selling/13_SentFromTextfield: Test Cases/ADMIN/Email Notifications/Start Selling/13_SentFromTextfield

2019-10-08 13:40:09 - [TEST_STEP][PASSED] - waitForElementVisible: Object 'Object Repository/ADMIN/Email Notifications/a_Offer from Seller/textfield_SentFrom' is visible

2019-10-08 13:40:09 - [MESSAGE][WARNING] - Timeout '0' is invalid. Using default page load timeout: '30'

2019-10-08 13:40:09 - [MESSAGE][PASSED] - Object 'Object Repository/ADMIN/Email Notifications/a_Offer from Seller/textfield_SentFrom' is visible

2019-10-08 13:40:09 - [TEST_STEP][PASSED] - verifyElementVisible: Object 'Object Repository/ADMIN/Email Notifications/a_Offer from Seller/textfield_SentFrom' is visible

2019-10-08 13:40:09 - [MESSAGE][PASSED] - Object 'Object Repository/ADMIN/Email Notifications/a_Offer from Seller/textfield_SentFrom' is visible]]></system-out>
         <system-err><![CDATA[]]></system-err>
      </testcase>
      <testcase name="Test Cases/ADMIN/Email Notifications/Start Selling/14_CCLabel" classname="Test Cases/ADMIN/Email Notifications/Start Selling/14_CCLabel" status="PASSED">
         <system-out><![CDATA[2019-10-08 13:40:09 - [TEST_CASE][PASSED] - Test Cases/ADMIN/Email Notifications/Start Selling/14_CCLabel: Test Cases/ADMIN/Email Notifications/Start Selling/14_CCLabel

2019-10-08 13:40:09 - [TEST_STEP][PASSED] - click: Object: 'Object Repository/ADMIN/Email Notifications/a_Offer from Seller/button_ShowCcBcc' is clicked on

2019-10-08 13:40:09 - [MESSAGE][PASSED] - Object: 'Object Repository/ADMIN/Email Notifications/a_Offer from Seller/button_ShowCcBcc' is clicked on

2019-10-08 13:40:09 - [TEST_STEP][PASSED] - waitForElementVisible: Object 'Object Repository/ADMIN/Email Notifications/a_Offer from Seller/textlabel_CC' is visible

2019-10-08 13:40:09 - [MESSAGE][WARNING] - Timeout '0' is invalid. Using default page load timeout: '30'

2019-10-08 13:40:09 - [MESSAGE][PASSED] - Object 'Object Repository/ADMIN/Email Notifications/a_Offer from Seller/textlabel_CC' is visible

2019-10-08 13:40:09 - [TEST_STEP][PASSED] - verifyElementVisible: Object 'Object Repository/ADMIN/Email Notifications/a_Offer from Seller/textlabel_CC' is visible

2019-10-08 13:40:09 - [MESSAGE][PASSED] - Object 'Object Repository/ADMIN/Email Notifications/a_Offer from Seller/textlabel_CC' is visible]]></system-out>
         <system-err><![CDATA[]]></system-err>
      </testcase>
      <testcase name="Test Cases/ADMIN/Email Notifications/Start Selling/15_CCTextfield" classname="Test Cases/ADMIN/Email Notifications/Start Selling/15_CCTextfield" status="PASSED">
         <system-out><![CDATA[2019-10-08 13:40:09 - [TEST_CASE][PASSED] - Test Cases/ADMIN/Email Notifications/Start Selling/15_CCTextfield: Test Cases/ADMIN/Email Notifications/Start Selling/15_CCTextfield

2019-10-08 13:40:09 - [TEST_STEP][PASSED] - waitForElementVisible: Object 'Object Repository/ADMIN/Email Notifications/a_Offer from Seller/textfield_CC' is visible

2019-10-08 13:40:09 - [MESSAGE][WARNING] - Timeout '0' is invalid. Using default page load timeout: '30'

2019-10-08 13:40:09 - [MESSAGE][PASSED] - Object 'Object Repository/ADMIN/Email Notifications/a_Offer from Seller/textfield_CC' is visible

2019-10-08 13:40:09 - [TEST_STEP][PASSED] - verifyElementVisible: Object 'Object Repository/ADMIN/Email Notifications/a_Offer from Seller/textfield_CC' is visible

2019-10-08 13:40:09 - [MESSAGE][PASSED] - Object 'Object Repository/ADMIN/Email Notifications/a_Offer from Seller/textfield_CC' is visible]]></system-out>
         <system-err><![CDATA[]]></system-err>
      </testcase>
      <testcase name="Test Cases/ADMIN/Email Notifications/Start Selling/16_BCCLabel" classname="Test Cases/ADMIN/Email Notifications/Start Selling/16_BCCLabel" status="PASSED">
         <system-out><![CDATA[2019-10-08 13:40:09 - [TEST_CASE][PASSED] - Test Cases/ADMIN/Email Notifications/Start Selling/16_BCCLabel: Test Cases/ADMIN/Email Notifications/Start Selling/16_BCCLabel

2019-10-08 13:40:09 - [TEST_STEP][PASSED] - waitForElementVisible: Object 'Object Repository/ADMIN/Email Notifications/a_Offer from Seller/textlabel_BCC' is visible

2019-10-08 13:40:09 - [MESSAGE][WARNING] - Timeout '0' is invalid. Using default page load timeout: '30'

2019-10-08 13:40:09 - [MESSAGE][PASSED] - Object 'Object Repository/ADMIN/Email Notifications/a_Offer from Seller/textlabel_BCC' is visible

2019-10-08 13:40:09 - [TEST_STEP][PASSED] - verifyElementVisible: Object 'Object Repository/ADMIN/Email Notifications/a_Offer from Seller/textlabel_BCC' is visible

2019-10-08 13:40:09 - [MESSAGE][PASSED] - Object 'Object Repository/ADMIN/Email Notifications/a_Offer from Seller/textlabel_BCC' is visible]]></system-out>
         <system-err><![CDATA[]]></system-err>
      </testcase>
      <testcase name="Test Cases/ADMIN/Email Notifications/Start Selling/17_BCCTextfield" classname="Test Cases/ADMIN/Email Notifications/Start Selling/17_BCCTextfield" status="PASSED">
         <system-out><![CDATA[2019-10-08 13:40:09 - [TEST_CASE][PASSED] - Test Cases/ADMIN/Email Notifications/Start Selling/17_BCCTextfield: Test Cases/ADMIN/Email Notifications/Start Selling/17_BCCTextfield

2019-10-08 13:40:10 - [TEST_STEP][PASSED] - waitForElementVisible: Object 'Object Repository/ADMIN/Email Notifications/a_Offer from Seller/textfield_Bcc' is visible

2019-10-08 13:40:10 - [MESSAGE][WARNING] - Timeout '0' is invalid. Using default page load timeout: '30'

2019-10-08 13:40:10 - [MESSAGE][PASSED] - Object 'Object Repository/ADMIN/Email Notifications/a_Offer from Seller/textfield_Bcc' is visible

2019-10-08 13:40:10 - [TEST_STEP][PASSED] - verifyElementVisible: Object 'Object Repository/ADMIN/Email Notifications/a_Offer from Seller/textfield_Bcc' is visible

2019-10-08 13:40:10 - [MESSAGE][PASSED] - Object 'Object Repository/ADMIN/Email Notifications/a_Offer from Seller/textfield_Bcc' is visible]]></system-out>
         <system-err><![CDATA[]]></system-err>
      </testcase>
      <testcase name="Test Cases/ADMIN/Email Notifications/Start Selling/18_EmailSubjectLabel" classname="Test Cases/ADMIN/Email Notifications/Start Selling/18_EmailSubjectLabel" status="PASSED">
         <system-out><![CDATA[2019-10-08 13:40:10 - [TEST_CASE][PASSED] - Test Cases/ADMIN/Email Notifications/Start Selling/18_EmailSubjectLabel: Test Cases/ADMIN/Email Notifications/Start Selling/18_EmailSubjectLabel

2019-10-08 13:40:10 - [TEST_STEP][PASSED] - waitForElementVisible: Object 'Object Repository/ADMIN/Email Notifications/a_Offer from Seller/textlabel_EmailSubject' is visible

2019-10-08 13:40:10 - [MESSAGE][WARNING] - Timeout '0' is invalid. Using default page load timeout: '30'

2019-10-08 13:40:10 - [MESSAGE][PASSED] - Object 'Object Repository/ADMIN/Email Notifications/a_Offer from Seller/textlabel_EmailSubject' is visible

2019-10-08 13:40:10 - [TEST_STEP][PASSED] - verifyElementVisible: Object 'Object Repository/ADMIN/Email Notifications/a_Offer from Seller/textlabel_EmailSubject' is visible

2019-10-08 13:40:10 - [MESSAGE][PASSED] - Object 'Object Repository/ADMIN/Email Notifications/a_Offer from Seller/textlabel_EmailSubject' is visible]]></system-out>
         <system-err><![CDATA[]]></system-err>
      </testcase>
      <testcase name="Test Cases/ADMIN/Email Notifications/Start Selling/19_EmailSubjectTextfield" classname="Test Cases/ADMIN/Email Notifications/Start Selling/19_EmailSubjectTextfield" status="PASSED">
         <system-out><![CDATA[2019-10-08 13:40:10 - [TEST_CASE][PASSED] - Test Cases/ADMIN/Email Notifications/Start Selling/19_EmailSubjectTextfield: Test Cases/ADMIN/Email Notifications/Start Selling/19_EmailSubjectTextfield

2019-10-08 13:40:10 - [TEST_STEP][PASSED] - waitForElementVisible: Object 'Object Repository/ADMIN/Email Notifications/a_Offer from Seller/texfield_Subject' is visible

2019-10-08 13:40:10 - [MESSAGE][WARNING] - Timeout '0' is invalid. Using default page load timeout: '30'

2019-10-08 13:40:10 - [MESSAGE][PASSED] - Object 'Object Repository/ADMIN/Email Notifications/a_Offer from Seller/texfield_Subject' is visible

2019-10-08 13:40:10 - [TEST_STEP][PASSED] - verifyElementVisible: Object 'Object Repository/ADMIN/Email Notifications/a_Offer from Seller/texfield_Subject' is visible

2019-10-08 13:40:10 - [MESSAGE][PASSED] - Object 'Object Repository/ADMIN/Email Notifications/a_Offer from Seller/texfield_Subject' is visible]]></system-out>
         <system-err><![CDATA[]]></system-err>
      </testcase>
      <testcase name="Test Cases/ADMIN/Email Notifications/Start Selling/20_HTMLLabel" classname="Test Cases/ADMIN/Email Notifications/Start Selling/20_HTMLLabel" status="PASSED">
         <system-out><![CDATA[2019-10-08 13:40:10 - [TEST_CASE][PASSED] - Test Cases/ADMIN/Email Notifications/Start Selling/20_HTMLLabel: Test Cases/ADMIN/Email Notifications/Start Selling/20_HTMLLabel

2019-10-08 13:40:10 - [TEST_STEP][PASSED] - waitForElementVisible: Object 'Object Repository/ADMIN/Email Notifications/a_Offer from Seller/textlabel_HTML' is visible

2019-10-08 13:40:10 - [MESSAGE][WARNING] - Timeout '0' is invalid. Using default page load timeout: '30'

2019-10-08 13:40:10 - [MESSAGE][PASSED] - Object 'Object Repository/ADMIN/Email Notifications/a_Offer from Seller/textlabel_HTML' is visible

2019-10-08 13:40:10 - [TEST_STEP][PASSED] - scrollToElement: Scroll to object 'Object Repository/ADMIN/Email Notifications/a_Offer from Seller/textlabel_HTML' successfully

2019-10-08 13:40:10 - [MESSAGE][WARNING] - Timeout '0' is invalid. Using default page load timeout: '30'

2019-10-08 13:40:11 - [MESSAGE][PASSED] - Scroll to object 'Object Repository/ADMIN/Email Notifications/a_Offer from Seller/textlabel_HTML' successfully

2019-10-08 13:40:11 - [TEST_STEP][PASSED] - verifyElementVisible: Object 'Object Repository/ADMIN/Email Notifications/a_Offer from Seller/textlabel_HTML' is visible

2019-10-08 13:40:11 - [MESSAGE][PASSED] - Object 'Object Repository/ADMIN/Email Notifications/a_Offer from Seller/textlabel_HTML' is visible]]></system-out>
         <system-err><![CDATA[]]></system-err>
      </testcase>
      <testcase name="Test Cases/ADMIN/Email Notifications/Start Selling/21_HTMLTextfield" classname="Test Cases/ADMIN/Email Notifications/Start Selling/21_HTMLTextfield" status="FAILED">
         <failure type="FAILED" message="Web element with id: 'Object Repository/ADMIN/Email Notifications/textarea_HTMLdiana' located by 'By.xpath: //textarea[@name = 'htmlTemplateContent' and @id = 'content' and (text() = '                                                                                                    &lt;body>&lt;div style=&quot;max-width:700px; width:100%; margin:0 auto; border:1px solid #ddd; color:#999; font-size:16px; font-family:sans-serif; line-height:25px;&quot;>
  &lt;div style=&quot;padding:15px;&quot;>
    &lt;div style=&quot;text-align:center; margin-bottom:50px;&quot;> &lt;img src=&quot;{{Logo}}&quot; style=&quot;max-width:200px;&quot; /> &lt;/div>
    &lt;div style=&quot;&quot;>
      &lt;p style=&quot;color:#000; font-weight:bold; margin-bottom:50px;&quot;>Hi {{ConsumerFirstName}},&lt;/p>
      &lt;p>We’ve received your order!&lt;/p>
      &lt;p>Thank you for placing your order with us. Your order will be ready shortly! We’ll notify you once your order is on its way, or when it’s ready for your collection!&lt;/p>
      &lt;p>If you have any questions, please contact us at &lt;a style=&quot;color:#FF5A60; font-weight:bold; text-decoration:none;&quot; href=&quot;mailto:{{SupportEmail}}&quot;>{{SupportEmail}}&lt;/a>. If you wish to change your order please contact your seller directly and let us know.&lt;/p>
    &lt;/div>
    &lt;div style=&quot;border-bottom:1px solid #000; border-top:1px solid #000; padding-top: 10px; padding-bottom: 10px; margin-top:50px;&quot;>
      &lt;table border=&quot;0&quot; style=&quot;width:100%; color:#B3B3B3;&quot;>
        &lt;tr>
          &lt;td style=&quot;font-weight:bold;&quot;>INVOICE ID &lt;span style=&quot;color:#000;&quot;>{{InvoiceNo}}&lt;/span>&lt;/td>
          &lt;td style=&quot;text-align:right;&quot;>{{Timestamp}} &lt;/td>
        &lt;/tr>
      &lt;/table>
    &lt;/div>
    &lt;div style=&quot;margin-top:30px;&quot;>
{{OrderItemsString}}
    &lt;/div>
    &lt;div style=&quot;margin-top:30px;&quot;>
      &lt;table style=&quot;width:100%;&quot;>
        &lt;tr style=&quot;vertical-align:top;&quot;>
          &lt;td style=&quot;line-height: 25px;&quot;>&lt;div style=&quot;color:#000; font-weight:bold;&quot;>Delivery Address :&lt;/div>
            {{DeliveryAddress}}&lt;/td>
          &lt;td style=&quot;line-height:35px; text-align:right; min-width:170px;&quot;>&lt;div>&lt;span style=&quot;padding-right:10%;&quot;>Sub Total&lt;/span>{{CurrencyCode}} {{Subtotal}}&lt;/div>
            &lt;div>&lt;span style=&quot;padding-right:10%;&quot;>Delivery Costs&lt;/span>{{CurrencyCode}} {{ShippingCost}}&lt;/div>
            &lt;div>&lt;span style=&quot;padding-right:10%;&quot;>Bulk Costs&lt;/span>- {{CurrencyCode}} {{BulkDeliveryCost}}&lt;/div>
            &lt;div style=&quot;border-top:1px solid #ddd; padding-top:15px; margin-top:15px;&quot;> &lt;span style=&quot;padding-right:10%; font-size:22px; font-weight:bold;&quot;>TOTAL&lt;/span> &lt;span style=&quot;font-size:22px; color:#000; font-weight:bold;&quot;>{{CurrencyCode}} {{Total}}&lt;/span> &lt;/div>
			&lt;div>&lt;span style=&quot;padding-right:10%;&quot;>Paid&lt;/span>&lt;span style=&quot;min-width:100px;display: inline-block;text-align: right;&quot;>{{CurrencyCode}} {{Paid}}&lt;/span>&lt;/div>
			&lt;div>&lt;span style=&quot;padding-right:10%;&quot;>To be collected&lt;/span>&lt;span style=&quot;min-width:100px;display: inline-block;text-align: right;&quot;>{{CurrencyCode}} {{ToBeCollected}}&lt;/span>&lt;/div>
			&lt;/td>
			
        &lt;/tr>
      &lt;/table>
    &lt;/div>
    &lt;div style=&quot;text-align:center; margin-top:100px; margin-bottom:100px&quot;> &lt;a href=&quot;{{OrderHistoryUrl}}&quot; style=&quot;font-size: 18px; background-color: #FF5A60; text-decoration: none; color: #fff; padding:11.5px 30px; border-radius: 50px; width: 180px; display: inline-block;&quot;>VIEW ORDERS&lt;/a> &lt;/div>
    &lt;div style=&quot;margin-bottom:50px;&quot;>
      &lt;p style=&quot;font-size:18px; font-weight:bold; color:#000;&quot;>We hope to see you again soon!&lt;/p>
      &lt;p>Regards,&lt;br />
        {{Marketname}} edit11111111111111111111111111&lt;/p>      
    &lt;/div>
  &lt;/div>
&lt;/div>&lt;/body>
                                    
                
                
                ' or . = '                                                                                                    &lt;body>&lt;div style=&quot;max-width:700px; width:100%; margin:0 auto; border:1px solid #ddd; color:#999; font-size:16px; font-family:sans-serif; line-height:25px;&quot;>
  &lt;div style=&quot;padding:15px;&quot;>
    &lt;div style=&quot;text-align:center; margin-bottom:50px;&quot;> &lt;img src=&quot;{{Logo}}&quot; style=&quot;max-width:200px;&quot; /> &lt;/div>
    &lt;div style=&quot;&quot;>
      &lt;p style=&quot;color:#000; font-weight:bold; margin-bottom:50px;&quot;>Hi {{ConsumerFirstName}},&lt;/p>
      &lt;p>We’ve received your order!&lt;/p>
      &lt;p>Thank you for placing your order with us. Your order will be ready shortly! We’ll notify you once your order is on its way, or when it’s ready for your collection!&lt;/p>
      &lt;p>If you have any questions, please contact us at &lt;a style=&quot;color:#FF5A60; font-weight:bold; text-decoration:none;&quot; href=&quot;mailto:{{SupportEmail}}&quot;>{{SupportEmail}}&lt;/a>. If you wish to change your order please contact your seller directly and let us know.&lt;/p>
    &lt;/div>
    &lt;div style=&quot;border-bottom:1px solid #000; border-top:1px solid #000; padding-top: 10px; padding-bottom: 10px; margin-top:50px;&quot;>
      &lt;table border=&quot;0&quot; style=&quot;width:100%; color:#B3B3B3;&quot;>
        &lt;tr>
          &lt;td style=&quot;font-weight:bold;&quot;>INVOICE ID &lt;span style=&quot;color:#000;&quot;>{{InvoiceNo}}&lt;/span>&lt;/td>
          &lt;td style=&quot;text-align:right;&quot;>{{Timestamp}} &lt;/td>
        &lt;/tr>
      &lt;/table>
    &lt;/div>
    &lt;div style=&quot;margin-top:30px;&quot;>
{{OrderItemsString}}
    &lt;/div>
    &lt;div style=&quot;margin-top:30px;&quot;>
      &lt;table style=&quot;width:100%;&quot;>
        &lt;tr style=&quot;vertical-align:top;&quot;>
          &lt;td style=&quot;line-height: 25px;&quot;>&lt;div style=&quot;color:#000; font-weight:bold;&quot;>Delivery Address :&lt;/div>
            {{DeliveryAddress}}&lt;/td>
          &lt;td style=&quot;line-height:35px; text-align:right; min-width:170px;&quot;>&lt;div>&lt;span style=&quot;padding-right:10%;&quot;>Sub Total&lt;/span>{{CurrencyCode}} {{Subtotal}}&lt;/div>
            &lt;div>&lt;span style=&quot;padding-right:10%;&quot;>Delivery Costs&lt;/span>{{CurrencyCode}} {{ShippingCost}}&lt;/div>
            &lt;div>&lt;span style=&quot;padding-right:10%;&quot;>Bulk Costs&lt;/span>- {{CurrencyCode}} {{BulkDeliveryCost}}&lt;/div>
            &lt;div style=&quot;border-top:1px solid #ddd; padding-top:15px; margin-top:15px;&quot;> &lt;span style=&quot;padding-right:10%; font-size:22px; font-weight:bold;&quot;>TOTAL&lt;/span> &lt;span style=&quot;font-size:22px; color:#000; font-weight:bold;&quot;>{{CurrencyCode}} {{Total}}&lt;/span> &lt;/div>
			&lt;div>&lt;span style=&quot;padding-right:10%;&quot;>Paid&lt;/span>&lt;span style=&quot;min-width:100px;display: inline-block;text-align: right;&quot;>{{CurrencyCode}} {{Paid}}&lt;/span>&lt;/div>
			&lt;div>&lt;span style=&quot;padding-right:10%;&quot;>To be collected&lt;/span>&lt;span style=&quot;min-width:100px;display: inline-block;text-align: right;&quot;>{{CurrencyCode}} {{ToBeCollected}}&lt;/span>&lt;/div>
			&lt;/td>
			
        &lt;/tr>
      &lt;/table>
    &lt;/div>
    &lt;div style=&quot;text-align:center; margin-top:100px; margin-bottom:100px&quot;> &lt;a href=&quot;{{OrderHistoryUrl}}&quot; style=&quot;font-size: 18px; background-color: #FF5A60; text-decoration: none; color: #fff; padding:11.5px 30px; border-radius: 50px; width: 180px; display: inline-block;&quot;>VIEW ORDERS&lt;/a> &lt;/div>
    &lt;div style=&quot;margin-bottom:50px;&quot;>
      &lt;p style=&quot;font-size:18px; font-weight:bold; color:#000;&quot;>We hope to see you again soon!&lt;/p>
      &lt;p>Regards,&lt;br />
        {{Marketname}} edit11111111111111111111111111&lt;/p>      
    &lt;/div>
  &lt;/div>
&lt;/div>&lt;/body>
                                    
                
                
                ')]' not found"/>
         <system-out><![CDATA[2019-10-08 13:40:11 - [TEST_CASE][FAILED] - Test Cases/ADMIN/Email Notifications/Start Selling/21_HTMLTextfield: Test Cases/ADMIN/Email Notifications/Start Selling/21_HTMLTextfield FAILED because (of) Web element with id: 'Object Repository/ADMIN/Email Notifications/textarea_HTMLdiana' located by 'By.xpath: //textarea[@name = 'htmlTemplateContent' and @id = 'content' and (text() = '                                                                                                    <body><div style="max-width:700px; width:100%; margin:0 auto; border:1px solid #ddd; color:#999; font-size:16px; font-family:sans-serif; line-height:25px;">
  <div style="padding:15px;">
    <div style="text-align:center; margin-bottom:50px;"> <img src="{{Logo}}" style="max-width:200px;" /> </div>
    <div style="">
      <p style="color:#000; font-weight:bold; margin-bottom:50px;">Hi {{ConsumerFirstName}},</p>
      <p>We’ve received your order!</p>
      <p>Thank you for placing your order with us. Your order will be ready shortly! We’ll notify you once your order is on its way, or when it’s ready for your collection!</p>
      <p>If you have any questions, please contact us at <a style="color:#FF5A60; font-weight:bold; text-decoration:none;" href="mailto:{{SupportEmail}}">{{SupportEmail}}</a>. If you wish to change your order please contact your seller directly and let us know.</p>
    </div>
    <div style="border-bottom:1px solid #000; border-top:1px solid #000; padding-top: 10px; padding-bottom: 10px; margin-top:50px;">
      <table border="0" style="width:100%; color:#B3B3B3;">
        <tr>
          <td style="font-weight:bold;">INVOICE ID <span style="color:#000;">{{InvoiceNo}}</span></td>
          <td style="text-align:right;">{{Timestamp}} </td>
        </tr>
      </table>
    </div>
    <div style="margin-top:30px;">
{{OrderItemsString}}
    </div>
    <div style="margin-top:30px;">
      <table style="width:100%;">
        <tr style="vertical-align:top;">
          <td style="line-height: 25px;"><div style="color:#000; font-weight:bold;">Delivery Address :</div>
            {{DeliveryAddress}}</td>
          <td style="line-height:35px; text-align:right; min-width:170px;"><div><span style="padding-right:10%;">Sub Total</span>{{CurrencyCode}} {{Subtotal}}</div>
            <div><span style="padding-right:10%;">Delivery Costs</span>{{CurrencyCode}} {{ShippingCost}}</div>
            <div><span style="padding-right:10%;">Bulk Costs</span>- {{CurrencyCode}} {{BulkDeliveryCost}}</div>
            <div style="border-top:1px solid #ddd; padding-top:15px; margin-top:15px;"> <span style="padding-right:10%; font-size:22px; font-weight:bold;">TOTAL</span> <span style="font-size:22px; color:#000; font-weight:bold;">{{CurrencyCode}} {{Total}}</span> </div>
			<div><span style="padding-right:10%;">Paid</span><span style="min-width:100px;display: inline-block;text-align: right;">{{CurrencyCode}} {{Paid}}</span></div>
			<div><span style="padding-right:10%;">To be collected</span><span style="min-width:100px;display: inline-block;text-align: right;">{{CurrencyCode}} {{ToBeCollected}}</span></div>
			</td>
			
        </tr>
      </table>
    </div>
    <div style="text-align:center; margin-top:100px; margin-bottom:100px"> <a href="{{OrderHistoryUrl}}" style="font-size: 18px; background-color: #FF5A60; text-decoration: none; color: #fff; padding:11.5px 30px; border-radius: 50px; width: 180px; display: inline-block;">VIEW ORDERS</a> </div>
    <div style="margin-bottom:50px;">
      <p style="font-size:18px; font-weight:bold; color:#000;">We hope to see you again soon!</p>
      <p>Regards,<br />
        {{Marketname}} edit11111111111111111111111111</p>      
    </div>
  </div>
</div></body>
                                    
                
                
                ' or . = '                                                                                                    <body><div style="max-width:700px; width:100%; margin:0 auto; border:1px solid #ddd; color:#999; font-size:16px; font-family:sans-serif; line-height:25px;">
  <div style="padding:15px;">
    <div style="text-align:center; margin-bottom:50px;"> <img src="{{Logo}}" style="max-width:200px;" /> </div>
    <div style="">
      <p style="color:#000; font-weight:bold; margin-bottom:50px;">Hi {{ConsumerFirstName}},</p>
      <p>We’ve received your order!</p>
      <p>Thank you for placing your order with us. Your order will be ready shortly! We’ll notify you once your order is on its way, or when it’s ready for your collection!</p>
      <p>If you have any questions, please contact us at <a style="color:#FF5A60; font-weight:bold; text-decoration:none;" href="mailto:{{SupportEmail}}">{{SupportEmail}}</a>. If you wish to change your order please contact your seller directly and let us know.</p>
    </div>
    <div style="border-bottom:1px solid #000; border-top:1px solid #000; padding-top: 10px; padding-bottom: 10px; margin-top:50px;">
      <table border="0" style="width:100%; color:#B3B3B3;">
        <tr>
          <td style="font-weight:bold;">INVOICE ID <span style="color:#000;">{{InvoiceNo}}</span></td>
          <td style="text-align:right;">{{Timestamp}} </td>
        </tr>
      </table>
    </div>
    <div style="margin-top:30px;">
{{OrderItemsString}}
    </div>
    <div style="margin-top:30px;">
      <table style="width:100%;">
        <tr style="vertical-align:top;">
          <td style="line-height: 25px;"><div style="color:#000; font-weight:bold;">Delivery Address :</div>
            {{DeliveryAddress}}</td>
          <td style="line-height:35px; text-align:right; min-width:170px;"><div><span style="padding-right:10%;">Sub Total</span>{{CurrencyCode}} {{Subtotal}}</div>
            <div><span style="padding-right:10%;">Delivery Costs</span>{{CurrencyCode}} {{ShippingCost}}</div>
            <div><span style="padding-right:10%;">Bulk Costs</span>- {{CurrencyCode}} {{BulkDeliveryCost}}</div>
            <div style="border-top:1px solid #ddd; padding-top:15px; margin-top:15px;"> <span style="padding-right:10%; font-size:22px; font-weight:bold;">TOTAL</span> <span style="font-size:22px; color:#000; font-weight:bold;">{{CurrencyCode}} {{Total}}</span> </div>
			<div><span style="padding-right:10%;">Paid</span><span style="min-width:100px;display: inline-block;text-align: right;">{{CurrencyCode}} {{Paid}}</span></div>
			<div><span style="padding-right:10%;">To be collected</span><span style="min-width:100px;display: inline-block;text-align: right;">{{CurrencyCode}} {{ToBeCollected}}</span></div>
			</td>
			
        </tr>
      </table>
    </div>
    <div style="text-align:center; margin-top:100px; margin-bottom:100px"> <a href="{{OrderHistoryUrl}}" style="font-size: 18px; background-color: #FF5A60; text-decoration: none; color: #fff; padding:11.5px 30px; border-radius: 50px; width: 180px; display: inline-block;">VIEW ORDERS</a> </div>
    <div style="margin-bottom:50px;">
      <p style="font-size:18px; font-weight:bold; color:#000;">We hope to see you again soon!</p>
      <p>Regards,<br />
        {{Marketname}} edit11111111111111111111111111</p>      
    </div>
  </div>
</div></body>
                                    
                
                
                ')]' not found

2019-10-08 13:40:11 - [TEST_STEP][PASSED] - waitForElementVisible: Web element with id: 'Object Repository/ADMIN/Email Notifications/textarea_HTMLdiana' located by 'By.xpath: //textarea[@name = 'htmlTemplateContent' and @id = 'content' and (text() = '                                                                                                    <body><div style="max-width:700px; width:100%; margin:0 auto; border:1px solid #ddd; color:#999; font-size:16px; font-family:sans-serif; line-height:25px;">
  <div style="padding:15px;">
    <div style="text-align:center; margin-bottom:50px;"> <img src="{{Logo}}" style="max-width:200px;" /> </div>
    <div style="">
      <p style="color:#000; font-weight:bold; margin-bottom:50px;">Hi {{ConsumerFirstName}},</p>
      <p>We’ve received your order!</p>
      <p>Thank you for placing your order with us. Your order will be ready shortly! We’ll notify you once your order is on its way, or when it’s ready for your collection!</p>
      <p>If you have any questions, please contact us at <a style="color:#FF5A60; font-weight:bold; text-decoration:none;" href="mailto:{{SupportEmail}}">{{SupportEmail}}</a>. If you wish to change your order please contact your seller directly and let us know.</p>
    </div>
    <div style="border-bottom:1px solid #000; border-top:1px solid #000; padding-top: 10px; padding-bottom: 10px; margin-top:50px;">
      <table border="0" style="width:100%; color:#B3B3B3;">
        <tr>
          <td style="font-weight:bold;">INVOICE ID <span style="color:#000;">{{InvoiceNo}}</span></td>
          <td style="text-align:right;">{{Timestamp}} </td>
        </tr>
      </table>
    </div>
    <div style="margin-top:30px;">
{{OrderItemsString}}
    </div>
    <div style="margin-top:30px;">
      <table style="width:100%;">
        <tr style="vertical-align:top;">
          <td style="line-height: 25px;"><div style="color:#000; font-weight:bold;">Delivery Address :</div>
            {{DeliveryAddress}}</td>
          <td style="line-height:35px; text-align:right; min-width:170px;"><div><span style="padding-right:10%;">Sub Total</span>{{CurrencyCode}} {{Subtotal}}</div>
            <div><span style="padding-right:10%;">Delivery Costs</span>{{CurrencyCode}} {{ShippingCost}}</div>
            <div><span style="padding-right:10%;">Bulk Costs</span>- {{CurrencyCode}} {{BulkDeliveryCost}}</div>
            <div style="border-top:1px solid #ddd; padding-top:15px; margin-top:15px;"> <span style="padding-right:10%; font-size:22px; font-weight:bold;">TOTAL</span> <span style="font-size:22px; color:#000; font-weight:bold;">{{CurrencyCode}} {{Total}}</span> </div>
			<div><span style="padding-right:10%;">Paid</span><span style="min-width:100px;display: inline-block;text-align: right;">{{CurrencyCode}} {{Paid}}</span></div>
			<div><span style="padding-right:10%;">To be collected</span><span style="min-width:100px;display: inline-block;text-align: right;">{{CurrencyCode}} {{ToBeCollected}}</span></div>
			</td>
			
        </tr>
      </table>
    </div>
    <div style="text-align:center; margin-top:100px; margin-bottom:100px"> <a href="{{OrderHistoryUrl}}" style="font-size: 18px; background-color: #FF5A60; text-decoration: none; color: #fff; padding:11.5px 30px; border-radius: 50px; width: 180px; display: inline-block;">VIEW ORDERS</a> </div>
    <div style="margin-bottom:50px;">
      <p style="font-size:18px; font-weight:bold; color:#000;">We hope to see you again soon!</p>
      <p>Regards,<br />
        {{Marketname}} edit11111111111111111111111111</p>      
    </div>
  </div>
</div></body>
                                    
                
                
                ' or . = '                                                                                                    <body><div style="max-width:700px; width:100%; margin:0 auto; border:1px solid #ddd; color:#999; font-size:16px; font-family:sans-serif; line-height:25px;">
  <div style="padding:15px;">
    <div style="text-align:center; margin-bottom:50px;"> <img src="{{Logo}}" style="max-width:200px;" /> </div>
    <div style="">
      <p style="color:#000; font-weight:bold; margin-bottom:50px;">Hi {{ConsumerFirstName}},</p>
      <p>We’ve received your order!</p>
      <p>Thank you for placing your order with us. Your order will be ready shortly! We’ll notify you once your order is on its way, or when it’s ready for your collection!</p>
      <p>If you have any questions, please contact us at <a style="color:#FF5A60; font-weight:bold; text-decoration:none;" href="mailto:{{SupportEmail}}">{{SupportEmail}}</a>. If you wish to change your order please contact your seller directly and let us know.</p>
    </div>
    <div style="border-bottom:1px solid #000; border-top:1px solid #000; padding-top: 10px; padding-bottom: 10px; margin-top:50px;">
      <table border="0" style="width:100%; color:#B3B3B3;">
        <tr>
          <td style="font-weight:bold;">INVOICE ID <span style="color:#000;">{{InvoiceNo}}</span></td>
          <td style="text-align:right;">{{Timestamp}} </td>
        </tr>
      </table>
    </div>
    <div style="margin-top:30px;">
{{OrderItemsString}}
    </div>
    <div style="margin-top:30px;">
      <table style="width:100%;">
        <tr style="vertical-align:top;">
          <td style="line-height: 25px;"><div style="color:#000; font-weight:bold;">Delivery Address :</div>
            {{DeliveryAddress}}</td>
          <td style="line-height:35px; text-align:right; min-width:170px;"><div><span style="padding-right:10%;">Sub Total</span>{{CurrencyCode}} {{Subtotal}}</div>
            <div><span style="padding-right:10%;">Delivery Costs</span>{{CurrencyCode}} {{ShippingCost}}</div>
            <div><span style="padding-right:10%;">Bulk Costs</span>- {{CurrencyCode}} {{BulkDeliveryCost}}</div>
            <div style="border-top:1px solid #ddd; padding-top:15px; margin-top:15px;"> <span style="padding-right:10%; font-size:22px; font-weight:bold;">TOTAL</span> <span style="font-size:22px; color:#000; font-weight:bold;">{{CurrencyCode}} {{Total}}</span> </div>
			<div><span style="padding-right:10%;">Paid</span><span style="min-width:100px;display: inline-block;text-align: right;">{{CurrencyCode}} {{Paid}}</span></div>
			<div><span style="padding-right:10%;">To be collected</span><span style="min-width:100px;display: inline-block;text-align: right;">{{CurrencyCode}} {{ToBeCollected}}</span></div>
			</td>
			
        </tr>
      </table>
    </div>
    <div style="text-align:center; margin-top:100px; margin-bottom:100px"> <a href="{{OrderHistoryUrl}}" style="font-size: 18px; background-color: #FF5A60; text-decoration: none; color: #fff; padding:11.5px 30px; border-radius: 50px; width: 180px; display: inline-block;">VIEW ORDERS</a> </div>
    <div style="margin-bottom:50px;">
      <p style="font-size:18px; font-weight:bold; color:#000;">We hope to see you again soon!</p>
      <p>Regards,<br />
        {{Marketname}} edit11111111111111111111111111</p>      
    </div>
  </div>
</div></body>
                                    
                
                
                ')]' not found

2019-10-08 13:40:11 - [MESSAGE][WARNING] - Timeout '0' is invalid. Using default page load timeout: '30'

2019-10-08 13:40:43 - [MESSAGE][WARNING] - Web element with id: 'Object Repository/ADMIN/Email Notifications/textarea_HTMLdiana' located by 'By.xpath: //textarea[@name = 'htmlTemplateContent' and @id = 'content' and (text() = '                                                                                                    <body><div style="max-width:700px; width:100%; margin:0 auto; border:1px solid #ddd; color:#999; font-size:16px; font-family:sans-serif; line-height:25px;">
  <div style="padding:15px;">
    <div style="text-align:center; margin-bottom:50px;"> <img src="{{Logo}}" style="max-width:200px;" /> </div>
    <div style="">
      <p style="color:#000; font-weight:bold; margin-bottom:50px;">Hi {{ConsumerFirstName}},</p>
      <p>We’ve received your order!</p>
      <p>Thank you for placing your order with us. Your order will be ready shortly! We’ll notify you once your order is on its way, or when it’s ready for your collection!</p>
      <p>If you have any questions, please contact us at <a style="color:#FF5A60; font-weight:bold; text-decoration:none;" href="mailto:{{SupportEmail}}">{{SupportEmail}}</a>. If you wish to change your order please contact your seller directly and let us know.</p>
    </div>
    <div style="border-bottom:1px solid #000; border-top:1px solid #000; padding-top: 10px; padding-bottom: 10px; margin-top:50px;">
      <table border="0" style="width:100%; color:#B3B3B3;">
        <tr>
          <td style="font-weight:bold;">INVOICE ID <span style="color:#000;">{{InvoiceNo}}</span></td>
          <td style="text-align:right;">{{Timestamp}} </td>
        </tr>
      </table>
    </div>
    <div style="margin-top:30px;">
{{OrderItemsString}}
    </div>
    <div style="margin-top:30px;">
      <table style="width:100%;">
        <tr style="vertical-align:top;">
          <td style="line-height: 25px;"><div style="color:#000; font-weight:bold;">Delivery Address :</div>
            {{DeliveryAddress}}</td>
          <td style="line-height:35px; text-align:right; min-width:170px;"><div><span style="padding-right:10%;">Sub Total</span>{{CurrencyCode}} {{Subtotal}}</div>
            <div><span style="padding-right:10%;">Delivery Costs</span>{{CurrencyCode}} {{ShippingCost}}</div>
            <div><span style="padding-right:10%;">Bulk Costs</span>- {{CurrencyCode}} {{BulkDeliveryCost}}</div>
            <div style="border-top:1px solid #ddd; padding-top:15px; margin-top:15px;"> <span style="padding-right:10%; font-size:22px; font-weight:bold;">TOTAL</span> <span style="font-size:22px; color:#000; font-weight:bold;">{{CurrencyCode}} {{Total}}</span> </div>
			<div><span style="padding-right:10%;">Paid</span><span style="min-width:100px;display: inline-block;text-align: right;">{{CurrencyCode}} {{Paid}}</span></div>
			<div><span style="padding-right:10%;">To be collected</span><span style="min-width:100px;display: inline-block;text-align: right;">{{CurrencyCode}} {{ToBeCollected}}</span></div>
			</td>
			
        </tr>
      </table>
    </div>
    <div style="text-align:center; margin-top:100px; margin-bottom:100px"> <a href="{{OrderHistoryUrl}}" style="font-size: 18px; background-color: #FF5A60; text-decoration: none; color: #fff; padding:11.5px 30px; border-radius: 50px; width: 180px; display: inline-block;">VIEW ORDERS</a> </div>
    <div style="margin-bottom:50px;">
      <p style="font-size:18px; font-weight:bold; color:#000;">We hope to see you again soon!</p>
      <p>Regards,<br />
        {{Marketname}} edit11111111111111111111111111</p>      
    </div>
  </div>
</div></body>
                                    
                
                
                ' or . = '                                                                                                    <body><div style="max-width:700px; width:100%; margin:0 auto; border:1px solid #ddd; color:#999; font-size:16px; font-family:sans-serif; line-height:25px;">
  <div style="padding:15px;">
    <div style="text-align:center; margin-bottom:50px;"> <img src="{{Logo}}" style="max-width:200px;" /> </div>
    <div style="">
      <p style="color:#000; font-weight:bold; margin-bottom:50px;">Hi {{ConsumerFirstName}},</p>
      <p>We’ve received your order!</p>
      <p>Thank you for placing your order with us. Your order will be ready shortly! We’ll notify you once your order is on its way, or when it’s ready for your collection!</p>
      <p>If you have any questions, please contact us at <a style="color:#FF5A60; font-weight:bold; text-decoration:none;" href="mailto:{{SupportEmail}}">{{SupportEmail}}</a>. If you wish to change your order please contact your seller directly and let us know.</p>
    </div>
    <div style="border-bottom:1px solid #000; border-top:1px solid #000; padding-top: 10px; padding-bottom: 10px; margin-top:50px;">
      <table border="0" style="width:100%; color:#B3B3B3;">
        <tr>
          <td style="font-weight:bold;">INVOICE ID <span style="color:#000;">{{InvoiceNo}}</span></td>
          <td style="text-align:right;">{{Timestamp}} </td>
        </tr>
      </table>
    </div>
    <div style="margin-top:30px;">
{{OrderItemsString}}
    </div>
    <div style="margin-top:30px;">
      <table style="width:100%;">
        <tr style="vertical-align:top;">
          <td style="line-height: 25px;"><div style="color:#000; font-weight:bold;">Delivery Address :</div>
            {{DeliveryAddress}}</td>
          <td style="line-height:35px; text-align:right; min-width:170px;"><div><span style="padding-right:10%;">Sub Total</span>{{CurrencyCode}} {{Subtotal}}</div>
            <div><span style="padding-right:10%;">Delivery Costs</span>{{CurrencyCode}} {{ShippingCost}}</div>
            <div><span style="padding-right:10%;">Bulk Costs</span>- {{CurrencyCode}} {{BulkDeliveryCost}}</div>
            <div style="border-top:1px solid #ddd; padding-top:15px; margin-top:15px;"> <span style="padding-right:10%; font-size:22px; font-weight:bold;">TOTAL</span> <span style="font-size:22px; color:#000; font-weight:bold;">{{CurrencyCode}} {{Total}}</span> </div>
			<div><span style="padding-right:10%;">Paid</span><span style="min-width:100px;display: inline-block;text-align: right;">{{CurrencyCode}} {{Paid}}</span></div>
			<div><span style="padding-right:10%;">To be collected</span><span style="min-width:100px;display: inline-block;text-align: right;">{{CurrencyCode}} {{ToBeCollected}}</span></div>
			</td>
			
        </tr>
      </table>
    </div>
    <div style="text-align:center; margin-top:100px; margin-bottom:100px"> <a href="{{OrderHistoryUrl}}" style="font-size: 18px; background-color: #FF5A60; text-decoration: none; color: #fff; padding:11.5px 30px; border-radius: 50px; width: 180px; display: inline-block;">VIEW ORDERS</a> </div>
    <div style="margin-bottom:50px;">
      <p style="font-size:18px; font-weight:bold; color:#000;">We hope to see you again soon!</p>
      <p>Regards,<br />
        {{Marketname}} edit11111111111111111111111111</p>      
    </div>
  </div>
</div></body>
                                    
                
                
                ')]' not found

2019-10-08 13:40:43 - [TEST_STEP][FAILED] - verifyElementVisible: Web element with id: 'Object Repository/ADMIN/Email Notifications/textarea_HTMLdiana' located by 'By.xpath: //textarea[@name = 'htmlTemplateContent' and @id = 'content' and (text() = '                                                                                                    <body><div style="max-width:700px; width:100%; margin:0 auto; border:1px solid #ddd; color:#999; font-size:16px; font-family:sans-serif; line-height:25px;">
  <div style="padding:15px;">
    <div style="text-align:center; margin-bottom:50px;"> <img src="{{Logo}}" style="max-width:200px;" /> </div>
    <div style="">
      <p style="color:#000; font-weight:bold; margin-bottom:50px;">Hi {{ConsumerFirstName}},</p>
      <p>We’ve received your order!</p>
      <p>Thank you for placing your order with us. Your order will be ready shortly! We’ll notify you once your order is on its way, or when it’s ready for your collection!</p>
      <p>If you have any questions, please contact us at <a style="color:#FF5A60; font-weight:bold; text-decoration:none;" href="mailto:{{SupportEmail}}">{{SupportEmail}}</a>. If you wish to change your order please contact your seller directly and let us know.</p>
    </div>
    <div style="border-bottom:1px solid #000; border-top:1px solid #000; padding-top: 10px; padding-bottom: 10px; margin-top:50px;">
      <table border="0" style="width:100%; color:#B3B3B3;">
        <tr>
          <td style="font-weight:bold;">INVOICE ID <span style="color:#000;">{{InvoiceNo}}</span></td>
          <td style="text-align:right;">{{Timestamp}} </td>
        </tr>
      </table>
    </div>
    <div style="margin-top:30px;">
{{OrderItemsString}}
    </div>
    <div style="margin-top:30px;">
      <table style="width:100%;">
        <tr style="vertical-align:top;">
          <td style="line-height: 25px;"><div style="color:#000; font-weight:bold;">Delivery Address :</div>
            {{DeliveryAddress}}</td>
          <td style="line-height:35px; text-align:right; min-width:170px;"><div><span style="padding-right:10%;">Sub Total</span>{{CurrencyCode}} {{Subtotal}}</div>
            <div><span style="padding-right:10%;">Delivery Costs</span>{{CurrencyCode}} {{ShippingCost}}</div>
            <div><span style="padding-right:10%;">Bulk Costs</span>- {{CurrencyCode}} {{BulkDeliveryCost}}</div>
            <div style="border-top:1px solid #ddd; padding-top:15px; margin-top:15px;"> <span style="padding-right:10%; font-size:22px; font-weight:bold;">TOTAL</span> <span style="font-size:22px; color:#000; font-weight:bold;">{{CurrencyCode}} {{Total}}</span> </div>
			<div><span style="padding-right:10%;">Paid</span><span style="min-width:100px;display: inline-block;text-align: right;">{{CurrencyCode}} {{Paid}}</span></div>
			<div><span style="padding-right:10%;">To be collected</span><span style="min-width:100px;display: inline-block;text-align: right;">{{CurrencyCode}} {{ToBeCollected}}</span></div>
			</td>
			
        </tr>
      </table>
    </div>
    <div style="text-align:center; margin-top:100px; margin-bottom:100px"> <a href="{{OrderHistoryUrl}}" style="font-size: 18px; background-color: #FF5A60; text-decoration: none; color: #fff; padding:11.5px 30px; border-radius: 50px; width: 180px; display: inline-block;">VIEW ORDERS</a> </div>
    <div style="margin-bottom:50px;">
      <p style="font-size:18px; font-weight:bold; color:#000;">We hope to see you again soon!</p>
      <p>Regards,<br />
        {{Marketname}} edit11111111111111111111111111</p>      
    </div>
  </div>
</div></body>
                                    
                
                
                ' or . = '                                                                                                    <body><div style="max-width:700px; width:100%; margin:0 auto; border:1px solid #ddd; color:#999; font-size:16px; font-family:sans-serif; line-height:25px;">
  <div style="padding:15px;">
    <div style="text-align:center; margin-bottom:50px;"> <img src="{{Logo}}" style="max-width:200px;" /> </div>
    <div style="">
      <p style="color:#000; font-weight:bold; margin-bottom:50px;">Hi {{ConsumerFirstName}},</p>
      <p>We’ve received your order!</p>
      <p>Thank you for placing your order with us. Your order will be ready shortly! We’ll notify you once your order is on its way, or when it’s ready for your collection!</p>
      <p>If you have any questions, please contact us at <a style="color:#FF5A60; font-weight:bold; text-decoration:none;" href="mailto:{{SupportEmail}}">{{SupportEmail}}</a>. If you wish to change your order please contact your seller directly and let us know.</p>
    </div>
    <div style="border-bottom:1px solid #000; border-top:1px solid #000; padding-top: 10px; padding-bottom: 10px; margin-top:50px;">
      <table border="0" style="width:100%; color:#B3B3B3;">
        <tr>
          <td style="font-weight:bold;">INVOICE ID <span style="color:#000;">{{InvoiceNo}}</span></td>
          <td style="text-align:right;">{{Timestamp}} </td>
        </tr>
      </table>
    </div>
    <div style="margin-top:30px;">
{{OrderItemsString}}
    </div>
    <div style="margin-top:30px;">
      <table style="width:100%;">
        <tr style="vertical-align:top;">
          <td style="line-height: 25px;"><div style="color:#000; font-weight:bold;">Delivery Address :</div>
            {{DeliveryAddress}}</td>
          <td style="line-height:35px; text-align:right; min-width:170px;"><div><span style="padding-right:10%;">Sub Total</span>{{CurrencyCode}} {{Subtotal}}</div>
            <div><span style="padding-right:10%;">Delivery Costs</span>{{CurrencyCode}} {{ShippingCost}}</div>
            <div><span style="padding-right:10%;">Bulk Costs</span>- {{CurrencyCode}} {{BulkDeliveryCost}}</div>
            <div style="border-top:1px solid #ddd; padding-top:15px; margin-top:15px;"> <span style="padding-right:10%; font-size:22px; font-weight:bold;">TOTAL</span> <span style="font-size:22px; color:#000; font-weight:bold;">{{CurrencyCode}} {{Total}}</span> </div>
			<div><span style="padding-right:10%;">Paid</span><span style="min-width:100px;display: inline-block;text-align: right;">{{CurrencyCode}} {{Paid}}</span></div>
			<div><span style="padding-right:10%;">To be collected</span><span style="min-width:100px;display: inline-block;text-align: right;">{{CurrencyCode}} {{ToBeCollected}}</span></div>
			</td>
			
        </tr>
      </table>
    </div>
    <div style="text-align:center; margin-top:100px; margin-bottom:100px"> <a href="{{OrderHistoryUrl}}" style="font-size: 18px; background-color: #FF5A60; text-decoration: none; color: #fff; padding:11.5px 30px; border-radius: 50px; width: 180px; display: inline-block;">VIEW ORDERS</a> </div>
    <div style="margin-bottom:50px;">
      <p style="font-size:18px; font-weight:bold; color:#000;">We hope to see you again soon!</p>
      <p>Regards,<br />
        {{Marketname}} edit11111111111111111111111111</p>      
    </div>
  </div>
</div></body>
                                    
                
                
                ')]' not found

2019-10-08 13:41:15 - [MESSAGE][FAILED] - Web element with id: 'Object Repository/ADMIN/Email Notifications/textarea_HTMLdiana' located by 'By.xpath: //textarea[@name = 'htmlTemplateContent' and @id = 'content' and (text() = '                                                                                                    <body><div style="max-width:700px; width:100%; margin:0 auto; border:1px solid #ddd; color:#999; font-size:16px; font-family:sans-serif; line-height:25px;">
  <div style="padding:15px;">
    <div style="text-align:center; margin-bottom:50px;"> <img src="{{Logo}}" style="max-width:200px;" /> </div>
    <div style="">
      <p style="color:#000; font-weight:bold; margin-bottom:50px;">Hi {{ConsumerFirstName}},</p>
      <p>We’ve received your order!</p>
      <p>Thank you for placing your order with us. Your order will be ready shortly! We’ll notify you once your order is on its way, or when it’s ready for your collection!</p>
      <p>If you have any questions, please contact us at <a style="color:#FF5A60; font-weight:bold; text-decoration:none;" href="mailto:{{SupportEmail}}">{{SupportEmail}}</a>. If you wish to change your order please contact your seller directly and let us know.</p>
    </div>
    <div style="border-bottom:1px solid #000; border-top:1px solid #000; padding-top: 10px; padding-bottom: 10px; margin-top:50px;">
      <table border="0" style="width:100%; color:#B3B3B3;">
        <tr>
          <td style="font-weight:bold;">INVOICE ID <span style="color:#000;">{{InvoiceNo}}</span></td>
          <td style="text-align:right;">{{Timestamp}} </td>
        </tr>
      </table>
    </div>
    <div style="margin-top:30px;">
{{OrderItemsString}}
    </div>
    <div style="margin-top:30px;">
      <table style="width:100%;">
        <tr style="vertical-align:top;">
          <td style="line-height: 25px;"><div style="color:#000; font-weight:bold;">Delivery Address :</div>
            {{DeliveryAddress}}</td>
          <td style="line-height:35px; text-align:right; min-width:170px;"><div><span style="padding-right:10%;">Sub Total</span>{{CurrencyCode}} {{Subtotal}}</div>
            <div><span style="padding-right:10%;">Delivery Costs</span>{{CurrencyCode}} {{ShippingCost}}</div>
            <div><span style="padding-right:10%;">Bulk Costs</span>- {{CurrencyCode}} {{BulkDeliveryCost}}</div>
            <div style="border-top:1px solid #ddd; padding-top:15px; margin-top:15px;"> <span style="padding-right:10%; font-size:22px; font-weight:bold;">TOTAL</span> <span style="font-size:22px; color:#000; font-weight:bold;">{{CurrencyCode}} {{Total}}</span> </div>
			<div><span style="padding-right:10%;">Paid</span><span style="min-width:100px;display: inline-block;text-align: right;">{{CurrencyCode}} {{Paid}}</span></div>
			<div><span style="padding-right:10%;">To be collected</span><span style="min-width:100px;display: inline-block;text-align: right;">{{CurrencyCode}} {{ToBeCollected}}</span></div>
			</td>
			
        </tr>
      </table>
    </div>
    <div style="text-align:center; margin-top:100px; margin-bottom:100px"> <a href="{{OrderHistoryUrl}}" style="font-size: 18px; background-color: #FF5A60; text-decoration: none; color: #fff; padding:11.5px 30px; border-radius: 50px; width: 180px; display: inline-block;">VIEW ORDERS</a> </div>
    <div style="margin-bottom:50px;">
      <p style="font-size:18px; font-weight:bold; color:#000;">We hope to see you again soon!</p>
      <p>Regards,<br />
        {{Marketname}} edit11111111111111111111111111</p>      
    </div>
  </div>
</div></body>
                                    
                
                
                ' or . = '                                                                                                    <body><div style="max-width:700px; width:100%; margin:0 auto; border:1px solid #ddd; color:#999; font-size:16px; font-family:sans-serif; line-height:25px;">
  <div style="padding:15px;">
    <div style="text-align:center; margin-bottom:50px;"> <img src="{{Logo}}" style="max-width:200px;" /> </div>
    <div style="">
      <p style="color:#000; font-weight:bold; margin-bottom:50px;">Hi {{ConsumerFirstName}},</p>
      <p>We’ve received your order!</p>
      <p>Thank you for placing your order with us. Your order will be ready shortly! We’ll notify you once your order is on its way, or when it’s ready for your collection!</p>
      <p>If you have any questions, please contact us at <a style="color:#FF5A60; font-weight:bold; text-decoration:none;" href="mailto:{{SupportEmail}}">{{SupportEmail}}</a>. If you wish to change your order please contact your seller directly and let us know.</p>
    </div>
    <div style="border-bottom:1px solid #000; border-top:1px solid #000; padding-top: 10px; padding-bottom: 10px; margin-top:50px;">
      <table border="0" style="width:100%; color:#B3B3B3;">
        <tr>
          <td style="font-weight:bold;">INVOICE ID <span style="color:#000;">{{InvoiceNo}}</span></td>
          <td style="text-align:right;">{{Timestamp}} </td>
        </tr>
      </table>
    </div>
    <div style="margin-top:30px;">
{{OrderItemsString}}
    </div>
    <div style="margin-top:30px;">
      <table style="width:100%;">
        <tr style="vertical-align:top;">
          <td style="line-height: 25px;"><div style="color:#000; font-weight:bold;">Delivery Address :</div>
            {{DeliveryAddress}}</td>
          <td style="line-height:35px; text-align:right; min-width:170px;"><div><span style="padding-right:10%;">Sub Total</span>{{CurrencyCode}} {{Subtotal}}</div>
            <div><span style="padding-right:10%;">Delivery Costs</span>{{CurrencyCode}} {{ShippingCost}}</div>
            <div><span style="padding-right:10%;">Bulk Costs</span>- {{CurrencyCode}} {{BulkDeliveryCost}}</div>
            <div style="border-top:1px solid #ddd; padding-top:15px; margin-top:15px;"> <span style="padding-right:10%; font-size:22px; font-weight:bold;">TOTAL</span> <span style="font-size:22px; color:#000; font-weight:bold;">{{CurrencyCode}} {{Total}}</span> </div>
			<div><span style="padding-right:10%;">Paid</span><span style="min-width:100px;display: inline-block;text-align: right;">{{CurrencyCode}} {{Paid}}</span></div>
			<div><span style="padding-right:10%;">To be collected</span><span style="min-width:100px;display: inline-block;text-align: right;">{{CurrencyCode}} {{ToBeCollected}}</span></div>
			</td>
			
        </tr>
      </table>
    </div>
    <div style="text-align:center; margin-top:100px; margin-bottom:100px"> <a href="{{OrderHistoryUrl}}" style="font-size: 18px; background-color: #FF5A60; text-decoration: none; color: #fff; padding:11.5px 30px; border-radius: 50px; width: 180px; display: inline-block;">VIEW ORDERS</a> </div>
    <div style="margin-bottom:50px;">
      <p style="font-size:18px; font-weight:bold; color:#000;">We hope to see you again soon!</p>
      <p>Regards,<br />
        {{Marketname}} edit11111111111111111111111111</p>      
    </div>
  </div>
</div></body>
                                    
                
                
                ')]' not found
[[ATTACHMENT|C:\\Users\\ARCADIER01\\git\\Trillia\\Reports\\Admin\\Email Customization\\UI Verification_Start Selling\\20191008_133942\\1570513275111.png]]]]></system-out>
         <system-err><![CDATA[2019-10-08 13:40:11 - [TEST_CASE][FAILED] - Test Cases/ADMIN/Email Notifications/Start Selling/21_HTMLTextfield: Test Cases/ADMIN/Email Notifications/Start Selling/21_HTMLTextfield FAILED because (of) Web element with id: 'Object Repository/ADMIN/Email Notifications/textarea_HTMLdiana' located by 'By.xpath: //textarea[@name = 'htmlTemplateContent' and @id = 'content' and (text() = '                                                                                                    <body><div style="max-width:700px; width:100%; margin:0 auto; border:1px solid #ddd; color:#999; font-size:16px; font-family:sans-serif; line-height:25px;">
  <div style="padding:15px;">
    <div style="text-align:center; margin-bottom:50px;"> <img src="{{Logo}}" style="max-width:200px;" /> </div>
    <div style="">
      <p style="color:#000; font-weight:bold; margin-bottom:50px;">Hi {{ConsumerFirstName}},</p>
      <p>We’ve received your order!</p>
      <p>Thank you for placing your order with us. Your order will be ready shortly! We’ll notify you once your order is on its way, or when it’s ready for your collection!</p>
      <p>If you have any questions, please contact us at <a style="color:#FF5A60; font-weight:bold; text-decoration:none;" href="mailto:{{SupportEmail}}">{{SupportEmail}}</a>. If you wish to change your order please contact your seller directly and let us know.</p>
    </div>
    <div style="border-bottom:1px solid #000; border-top:1px solid #000; padding-top: 10px; padding-bottom: 10px; margin-top:50px;">
      <table border="0" style="width:100%; color:#B3B3B3;">
        <tr>
          <td style="font-weight:bold;">INVOICE ID <span style="color:#000;">{{InvoiceNo}}</span></td>
          <td style="text-align:right;">{{Timestamp}} </td>
        </tr>
      </table>
    </div>
    <div style="margin-top:30px;">
{{OrderItemsString}}
    </div>
    <div style="margin-top:30px;">
      <table style="width:100%;">
        <tr style="vertical-align:top;">
          <td style="line-height: 25px;"><div style="color:#000; font-weight:bold;">Delivery Address :</div>
            {{DeliveryAddress}}</td>
          <td style="line-height:35px; text-align:right; min-width:170px;"><div><span style="padding-right:10%;">Sub Total</span>{{CurrencyCode}} {{Subtotal}}</div>
            <div><span style="padding-right:10%;">Delivery Costs</span>{{CurrencyCode}} {{ShippingCost}}</div>
            <div><span style="padding-right:10%;">Bulk Costs</span>- {{CurrencyCode}} {{BulkDeliveryCost}}</div>
            <div style="border-top:1px solid #ddd; padding-top:15px; margin-top:15px;"> <span style="padding-right:10%; font-size:22px; font-weight:bold;">TOTAL</span> <span style="font-size:22px; color:#000; font-weight:bold;">{{CurrencyCode}} {{Total}}</span> </div>
			<div><span style="padding-right:10%;">Paid</span><span style="min-width:100px;display: inline-block;text-align: right;">{{CurrencyCode}} {{Paid}}</span></div>
			<div><span style="padding-right:10%;">To be collected</span><span style="min-width:100px;display: inline-block;text-align: right;">{{CurrencyCode}} {{ToBeCollected}}</span></div>
			</td>
			
        </tr>
      </table>
    </div>
    <div style="text-align:center; margin-top:100px; margin-bottom:100px"> <a href="{{OrderHistoryUrl}}" style="font-size: 18px; background-color: #FF5A60; text-decoration: none; color: #fff; padding:11.5px 30px; border-radius: 50px; width: 180px; display: inline-block;">VIEW ORDERS</a> </div>
    <div style="margin-bottom:50px;">
      <p style="font-size:18px; font-weight:bold; color:#000;">We hope to see you again soon!</p>
      <p>Regards,<br />
        {{Marketname}} edit11111111111111111111111111</p>      
    </div>
  </div>
</div></body>
                                    
                
                
                ' or . = '                                                                                                    <body><div style="max-width:700px; width:100%; margin:0 auto; border:1px solid #ddd; color:#999; font-size:16px; font-family:sans-serif; line-height:25px;">
  <div style="padding:15px;">
    <div style="text-align:center; margin-bottom:50px;"> <img src="{{Logo}}" style="max-width:200px;" /> </div>
    <div style="">
      <p style="color:#000; font-weight:bold; margin-bottom:50px;">Hi {{ConsumerFirstName}},</p>
      <p>We’ve received your order!</p>
      <p>Thank you for placing your order with us. Your order will be ready shortly! We’ll notify you once your order is on its way, or when it’s ready for your collection!</p>
      <p>If you have any questions, please contact us at <a style="color:#FF5A60; font-weight:bold; text-decoration:none;" href="mailto:{{SupportEmail}}">{{SupportEmail}}</a>. If you wish to change your order please contact your seller directly and let us know.</p>
    </div>
    <div style="border-bottom:1px solid #000; border-top:1px solid #000; padding-top: 10px; padding-bottom: 10px; margin-top:50px;">
      <table border="0" style="width:100%; color:#B3B3B3;">
        <tr>
          <td style="font-weight:bold;">INVOICE ID <span style="color:#000;">{{InvoiceNo}}</span></td>
          <td style="text-align:right;">{{Timestamp}} </td>
        </tr>
      </table>
    </div>
    <div style="margin-top:30px;">
{{OrderItemsString}}
    </div>
    <div style="margin-top:30px;">
      <table style="width:100%;">
        <tr style="vertical-align:top;">
          <td style="line-height: 25px;"><div style="color:#000; font-weight:bold;">Delivery Address :</div>
            {{DeliveryAddress}}</td>
          <td style="line-height:35px; text-align:right; min-width:170px;"><div><span style="padding-right:10%;">Sub Total</span>{{CurrencyCode}} {{Subtotal}}</div>
            <div><span style="padding-right:10%;">Delivery Costs</span>{{CurrencyCode}} {{ShippingCost}}</div>
            <div><span style="padding-right:10%;">Bulk Costs</span>- {{CurrencyCode}} {{BulkDeliveryCost}}</div>
            <div style="border-top:1px solid #ddd; padding-top:15px; margin-top:15px;"> <span style="padding-right:10%; font-size:22px; font-weight:bold;">TOTAL</span> <span style="font-size:22px; color:#000; font-weight:bold;">{{CurrencyCode}} {{Total}}</span> </div>
			<div><span style="padding-right:10%;">Paid</span><span style="min-width:100px;display: inline-block;text-align: right;">{{CurrencyCode}} {{Paid}}</span></div>
			<div><span style="padding-right:10%;">To be collected</span><span style="min-width:100px;display: inline-block;text-align: right;">{{CurrencyCode}} {{ToBeCollected}}</span></div>
			</td>
			
        </tr>
      </table>
    </div>
    <div style="text-align:center; margin-top:100px; margin-bottom:100px"> <a href="{{OrderHistoryUrl}}" style="font-size: 18px; background-color: #FF5A60; text-decoration: none; color: #fff; padding:11.5px 30px; border-radius: 50px; width: 180px; display: inline-block;">VIEW ORDERS</a> </div>
    <div style="margin-bottom:50px;">
      <p style="font-size:18px; font-weight:bold; color:#000;">We hope to see you again soon!</p>
      <p>Regards,<br />
        {{Marketname}} edit11111111111111111111111111</p>      
    </div>
  </div>
</div></body>
                                    
                
                
                ')]' not found]]></system-err>
      </testcase>
      <testcase name="Test Cases/ADMIN/Email Notifications/Start Selling/22_EmailParameterLabel" classname="Test Cases/ADMIN/Email Notifications/Start Selling/22_EmailParameterLabel" status="PASSED">
         <system-out><![CDATA[2019-10-08 13:41:15 - [TEST_CASE][PASSED] - Test Cases/ADMIN/Email Notifications/Start Selling/22_EmailParameterLabel: Test Cases/ADMIN/Email Notifications/Start Selling/22_EmailParameterLabel

2019-10-08 13:41:15 - [TEST_STEP][PASSED] - waitForElementVisible: Object 'Object Repository/ADMIN/Email Notifications/a_Offer from Seller/textlabel_EmailParameter' is visible

2019-10-08 13:41:15 - [MESSAGE][WARNING] - Timeout '0' is invalid. Using default page load timeout: '30'

2019-10-08 13:41:15 - [MESSAGE][PASSED] - Object 'Object Repository/ADMIN/Email Notifications/a_Offer from Seller/textlabel_EmailParameter' is visible

2019-10-08 13:41:15 - [TEST_STEP][PASSED] - verifyElementVisible: Object 'Object Repository/ADMIN/Email Notifications/a_Offer from Seller/textlabel_EmailParameter' is visible

2019-10-08 13:41:15 - [MESSAGE][PASSED] - Object 'Object Repository/ADMIN/Email Notifications/a_Offer from Seller/textlabel_EmailParameter' is visible]]></system-out>
         <system-err><![CDATA[]]></system-err>
      </testcase>
      <testcase name="Test Cases/ADMIN/Email Notifications/Start Selling/23_EmailParameterinfoText" classname="Test Cases/ADMIN/Email Notifications/Start Selling/23_EmailParameterinfoText" status="PASSED">
         <system-out><![CDATA[2019-10-08 13:41:15 - [TEST_CASE][PASSED] - Test Cases/ADMIN/Email Notifications/Start Selling/23_EmailParameterinfoText: Test Cases/ADMIN/Email Notifications/Start Selling/23_EmailParameterinfoText

2019-10-08 13:41:15 - [TEST_STEP][PASSED] - waitForElementVisible: Object 'Object Repository/ADMIN/Email Notifications/a_Offer from Seller/button_infotext' is visible

2019-10-08 13:41:15 - [MESSAGE][WARNING] - Timeout '0' is invalid. Using default page load timeout: '30'

2019-10-08 13:41:15 - [MESSAGE][PASSED] - Object 'Object Repository/ADMIN/Email Notifications/a_Offer from Seller/button_infotext' is visible

2019-10-08 13:41:15 - [TEST_STEP][PASSED] - verifyElementVisible: Object 'Object Repository/ADMIN/Email Notifications/a_Offer from Seller/button_infotext' is visible

2019-10-08 13:41:15 - [MESSAGE][PASSED] - Object 'Object Repository/ADMIN/Email Notifications/a_Offer from Seller/button_infotext' is visible]]></system-out>
         <system-err><![CDATA[]]></system-err>
      </testcase>
      <testcase name="Test Cases/ADMIN/Email Notifications/Start Selling/24_EmailParameterDesc" classname="Test Cases/ADMIN/Email Notifications/Start Selling/24_EmailParameterDesc" status="PASSED">
         <system-out><![CDATA[2019-10-08 13:41:15 - [TEST_CASE][PASSED] - Test Cases/ADMIN/Email Notifications/Start Selling/24_EmailParameterDesc: Test Cases/ADMIN/Email Notifications/Start Selling/24_EmailParameterDesc

2019-10-08 13:41:15 - [TEST_STEP][PASSED] - waitForElementVisible: Object 'Object Repository/ADMIN/Email Notifications/a_Offer from Seller/textlabel_descParam' is visible

2019-10-08 13:41:15 - [MESSAGE][WARNING] - Timeout '0' is invalid. Using default page load timeout: '30'

2019-10-08 13:41:15 - [MESSAGE][PASSED] - Object 'Object Repository/ADMIN/Email Notifications/a_Offer from Seller/textlabel_descParam' is visible

2019-10-08 13:41:15 - [TEST_STEP][PASSED] - verifyElementVisible: Object 'Object Repository/ADMIN/Email Notifications/a_Offer from Seller/textlabel_descParam' is visible

2019-10-08 13:41:15 - [MESSAGE][PASSED] - Object 'Object Repository/ADMIN/Email Notifications/a_Offer from Seller/textlabel_descParam' is visible]]></system-out>
         <system-err><![CDATA[]]></system-err>
      </testcase>
      <testcase name="Test Cases/ADMIN/Email Notifications/Start Selling/25_EmailParameterDropdown" classname="Test Cases/ADMIN/Email Notifications/Start Selling/25_EmailParameterDropdown" status="PASSED">
         <system-out><![CDATA[2019-10-08 13:41:15 - [TEST_CASE][PASSED] - Test Cases/ADMIN/Email Notifications/Start Selling/25_EmailParameterDropdown: Test Cases/ADMIN/Email Notifications/Start Selling/25_EmailParameterDropdown

2019-10-08 13:41:15 - [TEST_STEP][PASSED] - waitForElementVisible: Object 'Object Repository/ADMIN/Email Notifications/a_Offer from Seller/dropdown_EmailParameter' is visible

2019-10-08 13:41:15 - [MESSAGE][WARNING] - Timeout '0' is invalid. Using default page load timeout: '30'

2019-10-08 13:41:15 - [MESSAGE][PASSED] - Object 'Object Repository/ADMIN/Email Notifications/a_Offer from Seller/dropdown_EmailParameter' is visible

2019-10-08 13:41:15 - [TEST_STEP][PASSED] - verifyElementVisible: Object 'Object Repository/ADMIN/Email Notifications/a_Offer from Seller/dropdown_EmailParameter' is visible

2019-10-08 13:41:16 - [MESSAGE][PASSED] - Object 'Object Repository/ADMIN/Email Notifications/a_Offer from Seller/dropdown_EmailParameter' is visible]]></system-out>
         <system-err><![CDATA[]]></system-err>
      </testcase>
      <testcase name="Test Cases/ADMIN/Email Notifications/Start Selling/26_EmaildropdownADMIN" classname="Test Cases/ADMIN/Email Notifications/Start Selling/26_EmaildropdownADMIN" status="PASSED">
         <system-out><![CDATA[2019-10-08 13:41:16 - [TEST_CASE][PASSED] - Test Cases/ADMIN/Email Notifications/Start Selling/26_EmaildropdownADMIN: Test Cases/ADMIN/Email Notifications/Start Selling/26_EmaildropdownADMIN

2019-10-08 13:41:16 - [TEST_STEP][PASSED] - waitForElementVisible: Object 'Object Repository/ADMIN/Email Notifications/a_Offer from Seller/dropdown_EmailParameter' is visible

2019-10-08 13:41:16 - [MESSAGE][WARNING] - Timeout '0' is invalid. Using default page load timeout: '30'

2019-10-08 13:41:16 - [MESSAGE][PASSED] - Object 'Object Repository/ADMIN/Email Notifications/a_Offer from Seller/dropdown_EmailParameter' is visible

2019-10-08 13:41:16 - [TEST_STEP][PASSED] - verifyElementVisible: Object 'Object Repository/ADMIN/Email Notifications/a_Offer from Seller/dropdown_EmailParameter' is visible

2019-10-08 13:41:16 - [MESSAGE][PASSED] - Object 'Object Repository/ADMIN/Email Notifications/a_Offer from Seller/dropdown_EmailParameter' is visible

2019-10-08 13:41:16 - [TEST_STEP][PASSED] - selectOptionByLabel: All options with label 'Admin' are selected in object 'Object Repository/ADMIN/Email Notifications/a_Offer from Seller/dropdown_EmailParameter' 

2019-10-08 13:41:16 - [MESSAGE][PASSED] - All options with label 'Admin' are selected in object 'Object Repository/ADMIN/Email Notifications/a_Offer from Seller/dropdown_EmailParameter' 

2019-10-08 13:41:16 - [TEST_STEP][PASSED] - delay: Delayed 2 second(s)

2019-10-08 13:41:18 - [MESSAGE][PASSED] - Delayed 2 second(s)

2019-10-08 13:41:18 - [TEST_STEP][PASSED] - verifyTextPresent: Text '{{AdminContact}}' is present on page 

2019-10-08 13:41:18 - [MESSAGE][PASSED] - Text '{{AdminContact}}' is present on page 

2019-10-08 13:41:18 - [TEST_STEP][PASSED] - verifyTextPresent: Text '{{AdminEmail}}' is present on page 

2019-10-08 13:41:18 - [MESSAGE][PASSED] - Text '{{AdminEmail}}' is present on page 

2019-10-08 13:41:18 - [TEST_STEP][PASSED] - verifyTextPresent: Text '{{AdminFullName}}' is present on page 

2019-10-08 13:41:18 - [MESSAGE][PASSED] - Text '{{AdminFullName}}' is present on page 

2019-10-08 13:41:18 - [TEST_STEP][PASSED] - verifyTextPresent: Text '{{AdminName}}' is present on page 

2019-10-08 13:41:18 - [MESSAGE][PASSED] - Text '{{AdminName}}' is present on page 

2019-10-08 13:41:18 - [TEST_STEP][PASSED] - verifyTextPresent: Text '{{EmailFromDomain}}' is present on page 

2019-10-08 13:41:18 - [MESSAGE][PASSED] - Text '{{EmailFromDomain}}' is present on page 

2019-10-08 13:41:18 - [TEST_STEP][PASSED] - verifyTextPresent: Text '{{SupportEmail}}' is present on page 

2019-10-08 13:41:19 - [MESSAGE][PASSED] - Text '{{SupportEmail}}' is present on page]]></system-out>
         <system-err><![CDATA[]]></system-err>
      </testcase>
      <testcase name="Test Cases/ADMIN/Email Notifications/Start Selling/27_EmaildropdownConsumer" classname="Test Cases/ADMIN/Email Notifications/Start Selling/27_EmaildropdownConsumer" status="PASSED">
         <system-out><![CDATA[2019-10-08 13:41:19 - [TEST_CASE][PASSED] - Test Cases/ADMIN/Email Notifications/Start Selling/27_EmaildropdownConsumer: Test Cases/ADMIN/Email Notifications/Start Selling/27_EmaildropdownConsumer

2019-10-08 13:41:19 - [TEST_STEP][PASSED] - waitForElementVisible: Object 'Object Repository/ADMIN/Email Notifications/a_Offer from Seller/dropdown_EmailParameter' is visible

2019-10-08 13:41:19 - [MESSAGE][WARNING] - Timeout '0' is invalid. Using default page load timeout: '30'

2019-10-08 13:41:19 - [MESSAGE][PASSED] - Object 'Object Repository/ADMIN/Email Notifications/a_Offer from Seller/dropdown_EmailParameter' is visible

2019-10-08 13:41:19 - [TEST_STEP][PASSED] - verifyElementVisible: Object 'Object Repository/ADMIN/Email Notifications/a_Offer from Seller/dropdown_EmailParameter' is visible

2019-10-08 13:41:19 - [MESSAGE][PASSED] - Object 'Object Repository/ADMIN/Email Notifications/a_Offer from Seller/dropdown_EmailParameter' is visible

2019-10-08 13:41:19 - [TEST_STEP][PASSED] - selectOptionByLabel: All options with label 'Consumer' are selected in object 'Object Repository/ADMIN/Email Notifications/a_Offer from Seller/dropdown_EmailParameter' 

2019-10-08 13:41:19 - [MESSAGE][PASSED] - All options with label 'Consumer' are selected in object 'Object Repository/ADMIN/Email Notifications/a_Offer from Seller/dropdown_EmailParameter' 

2019-10-08 13:41:19 - [TEST_STEP][PASSED] - delay: Delayed 2 second(s)

2019-10-08 13:41:21 - [MESSAGE][PASSED] - Delayed 2 second(s)

2019-10-08 13:41:21 - [TEST_STEP][PASSED] - verifyTextPresent: Text '{{ConsumerAddress}}' is present on page 

2019-10-08 13:41:21 - [MESSAGE][PASSED] - Text '{{ConsumerAddress}}' is present on page 

2019-10-08 13:41:21 - [TEST_STEP][PASSED] - verifyTextPresent: Text '{{ConsumerContact}}' is present on page 

2019-10-08 13:41:21 - [MESSAGE][PASSED] - Text '{{ConsumerContact}}' is present on page 

2019-10-08 13:41:21 - [TEST_STEP][PASSED] - verifyTextPresent: Text '{{ConsumerEmail}}' is present on page 

2019-10-08 13:41:21 - [MESSAGE][PASSED] - Text '{{ConsumerEmail}}' is present on page 

2019-10-08 13:41:21 - [TEST_STEP][PASSED] - verifyTextPresent: Text '{{ConsumerFirstName}}' is present on page 

2019-10-08 13:41:21 - [MESSAGE][PASSED] - Text '{{ConsumerFirstName}}' is present on page 

2019-10-08 13:41:21 - [TEST_STEP][PASSED] - verifyTextPresent: Text '{{ConsumerLastName}}' is present on page 

2019-10-08 13:41:21 - [MESSAGE][PASSED] - Text '{{ConsumerLastName}}' is present on page 

2019-10-08 13:41:21 - [TEST_STEP][PASSED] - verifyTextPresent: Text '{{ConsumerLoginID}}' is present on page 

2019-10-08 13:41:21 - [MESSAGE][PASSED] - Text '{{ConsumerLoginID}}' is present on page 

2019-10-08 13:41:21 - [TEST_STEP][PASSED] - verifyTextPresent: Text '{{DeliveryAddress}}' is present on page 

2019-10-08 13:41:21 - [MESSAGE][PASSED] - Text '{{DeliveryAddress}}' is present on page 

2019-10-08 13:41:21 - [TEST_STEP][PASSED] - verifyTextPresent: Text '{{DeliveryMethod}}' is present on page 

2019-10-08 13:41:21 - [MESSAGE][PASSED] - Text '{{DeliveryMethod}}' is present on page 

2019-10-08 13:41:21 - [TEST_STEP][PASSED] - verifyTextPresent: Text '{{DeliveryMethodName}}' is present on page 

2019-10-08 13:41:21 - [MESSAGE][PASSED] - Text '{{DeliveryMethodName}}' is present on page]]></system-out>
         <system-err><![CDATA[]]></system-err>
      </testcase>
      <testcase name="Test Cases/ADMIN/Email Notifications/Start Selling/28_EmaildropdownGeneral" classname="Test Cases/ADMIN/Email Notifications/Start Selling/28_EmaildropdownGeneral" status="PASSED">
         <system-out><![CDATA[2019-10-08 13:41:21 - [TEST_CASE][PASSED] - Test Cases/ADMIN/Email Notifications/Start Selling/28_EmaildropdownGeneral: Test Cases/ADMIN/Email Notifications/Start Selling/28_EmaildropdownGeneral

2019-10-08 13:41:21 - [TEST_STEP][PASSED] - waitForElementVisible: Object 'Object Repository/ADMIN/Email Notifications/a_Offer from Seller/dropdown_EmailParameter' is visible

2019-10-08 13:41:21 - [MESSAGE][WARNING] - Timeout '0' is invalid. Using default page load timeout: '30'

2019-10-08 13:41:21 - [MESSAGE][PASSED] - Object 'Object Repository/ADMIN/Email Notifications/a_Offer from Seller/dropdown_EmailParameter' is visible

2019-10-08 13:41:21 - [TEST_STEP][PASSED] - verifyElementVisible: Object 'Object Repository/ADMIN/Email Notifications/a_Offer from Seller/dropdown_EmailParameter' is visible

2019-10-08 13:41:21 - [MESSAGE][PASSED] - Object 'Object Repository/ADMIN/Email Notifications/a_Offer from Seller/dropdown_EmailParameter' is visible

2019-10-08 13:41:21 - [TEST_STEP][PASSED] - selectOptionByLabel: All options with label 'General' are selected in object 'Object Repository/ADMIN/Email Notifications/a_Offer from Seller/dropdown_EmailParameter' 

2019-10-08 13:41:21 - [MESSAGE][PASSED] - All options with label 'General' are selected in object 'Object Repository/ADMIN/Email Notifications/a_Offer from Seller/dropdown_EmailParameter' 

2019-10-08 13:41:21 - [TEST_STEP][PASSED] - delay: Delayed 2 second(s)

2019-10-08 13:41:23 - [MESSAGE][PASSED] - Delayed 2 second(s)

2019-10-08 13:41:23 - [TEST_STEP][PASSED] - verifyTextPresent: Text '{{ArcadierURl}}' is present on page 

2019-10-08 13:41:24 - [MESSAGE][PASSED] - Text '{{ArcadierURl}}' is present on page 

2019-10-08 13:41:24 - [TEST_STEP][PASSED] - verifyTextPresent: Text '{{CurrencyCode}}' is present on page 

2019-10-08 13:41:24 - [MESSAGE][PASSED] - Text '{{CurrencyCode}}' is present on page 

2019-10-08 13:41:24 - [TEST_STEP][PASSED] - verifyTextPresent: Text '{{ReturnUrl}}' is present on page 

2019-10-08 13:41:24 - [MESSAGE][PASSED] - Text '{{ReturnUrl}}' is present on page]]></system-out>
         <system-err><![CDATA[]]></system-err>
      </testcase>
      <testcase name="Test Cases/ADMIN/Email Notifications/Start Selling/29_EmaildropdownItems" classname="Test Cases/ADMIN/Email Notifications/Start Selling/29_EmaildropdownItems" status="PASSED">
         <system-out><![CDATA[2019-10-08 13:41:24 - [TEST_CASE][PASSED] - Test Cases/ADMIN/Email Notifications/Start Selling/29_EmaildropdownItems: Test Cases/ADMIN/Email Notifications/Start Selling/29_EmaildropdownItems

2019-10-08 13:41:24 - [TEST_STEP][PASSED] - waitForElementVisible: Object 'Object Repository/ADMIN/Email Notifications/a_Offer from Seller/dropdown_EmailParameter' is visible

2019-10-08 13:41:24 - [MESSAGE][WARNING] - Timeout '0' is invalid. Using default page load timeout: '30'

2019-10-08 13:41:24 - [MESSAGE][PASSED] - Object 'Object Repository/ADMIN/Email Notifications/a_Offer from Seller/dropdown_EmailParameter' is visible

2019-10-08 13:41:24 - [TEST_STEP][PASSED] - verifyElementVisible: Object 'Object Repository/ADMIN/Email Notifications/a_Offer from Seller/dropdown_EmailParameter' is visible

2019-10-08 13:41:24 - [MESSAGE][PASSED] - Object 'Object Repository/ADMIN/Email Notifications/a_Offer from Seller/dropdown_EmailParameter' is visible

2019-10-08 13:41:24 - [TEST_STEP][PASSED] - selectOptionByLabel: All options with label 'Items' are selected in object 'Object Repository/ADMIN/Email Notifications/a_Offer from Seller/dropdown_EmailParameter' 

2019-10-08 13:41:24 - [MESSAGE][PASSED] - All options with label 'Items' are selected in object 'Object Repository/ADMIN/Email Notifications/a_Offer from Seller/dropdown_EmailParameter' 

2019-10-08 13:41:24 - [TEST_STEP][PASSED] - delay: Delayed 2 second(s)

2019-10-08 13:41:26 - [MESSAGE][PASSED] - Delayed 2 second(s)

2019-10-08 13:41:26 - [TEST_STEP][PASSED] - verifyTextPresent: Text '{{AddOns}}' is present on page 

2019-10-08 13:41:26 - [MESSAGE][PASSED] - Text '{{AddOns}}' is present on page 

2019-10-08 13:41:26 - [TEST_STEP][PASSED] - verifyTextPresent: Text '{{ImageUrl}}' is present on page 

2019-10-08 13:41:26 - [MESSAGE][PASSED] - Text '{{ImageUrl}}' is present on page 

2019-10-08 13:41:26 - [TEST_STEP][PASSED] - verifyTextPresent: Text '{{ItemName}}' is present on page 

2019-10-08 13:41:26 - [MESSAGE][PASSED] - Text '{{ItemName}}' is present on page 

2019-10-08 13:41:26 - [TEST_STEP][PASSED] - verifyTextPresent: Text '{{ItemPrice}}' is present on page 

2019-10-08 13:41:26 - [MESSAGE][PASSED] - Text '{{ItemPrice}}' is present on page 

2019-10-08 13:41:26 - [TEST_STEP][PASSED] - verifyTextPresent: Text '{{ItemPriceUnit}}' is present on page 

2019-10-08 13:41:26 - [MESSAGE][PASSED] - Text '{{ItemPriceUnit}}' is present on page 

2019-10-08 13:41:26 - [TEST_STEP][PASSED] - verifyTextPresent: Text '{{ItemPriceUnitPlural}}' is present on page 

2019-10-08 13:41:26 - [MESSAGE][PASSED] - Text '{{ItemPriceUnitPlural}}' is present on page 

2019-10-08 13:41:26 - [TEST_STEP][PASSED] - verifyTextPresent: Text '{{ItemSubtotal}}' is present on page 

2019-10-08 13:41:26 - [MESSAGE][PASSED] - Text '{{ItemSubtotal}}' is present on page 

2019-10-08 13:41:26 - [TEST_STEP][PASSED] - verifyTextPresent: Text '{{Variants}}' is present on page 

2019-10-08 13:41:26 - [MESSAGE][PASSED] - Text '{{Variants}}' is present on page 

2019-10-08 13:41:26 - [TEST_STEP][PASSED] - verifyTextPresent: Text '{{VariantsDetail}}' is present on page 

2019-10-08 13:41:26 - [MESSAGE][PASSED] - Text '{{VariantsDetail}}' is present on page]]></system-out>
         <system-err><![CDATA[]]></system-err>
      </testcase>
      <testcase name="Test Cases/ADMIN/Email Notifications/Start Selling/30_EmaildropdownMarketplace" classname="Test Cases/ADMIN/Email Notifications/Start Selling/30_EmaildropdownMarketplace" status="PASSED">
         <system-out><![CDATA[2019-10-08 13:41:26 - [TEST_CASE][PASSED] - Test Cases/ADMIN/Email Notifications/Start Selling/30_EmaildropdownMarketplace: Test Cases/ADMIN/Email Notifications/Start Selling/30_EmaildropdownMarketplace

2019-10-08 13:41:27 - [TEST_STEP][PASSED] - waitForElementVisible: Object 'Object Repository/ADMIN/Email Notifications/a_Offer from Seller/dropdown_EmailParameter' is visible

2019-10-08 13:41:27 - [MESSAGE][WARNING] - Timeout '0' is invalid. Using default page load timeout: '30'

2019-10-08 13:41:27 - [MESSAGE][PASSED] - Object 'Object Repository/ADMIN/Email Notifications/a_Offer from Seller/dropdown_EmailParameter' is visible

2019-10-08 13:41:27 - [TEST_STEP][PASSED] - verifyElementVisible: Object 'Object Repository/ADMIN/Email Notifications/a_Offer from Seller/dropdown_EmailParameter' is visible

2019-10-08 13:41:27 - [MESSAGE][PASSED] - Object 'Object Repository/ADMIN/Email Notifications/a_Offer from Seller/dropdown_EmailParameter' is visible

2019-10-08 13:41:27 - [TEST_STEP][PASSED] - selectOptionByLabel: All options with label 'Marketplace' are selected in object 'Object Repository/ADMIN/Email Notifications/a_Offer from Seller/dropdown_EmailParameter' 

2019-10-08 13:41:27 - [MESSAGE][PASSED] - All options with label 'Marketplace' are selected in object 'Object Repository/ADMIN/Email Notifications/a_Offer from Seller/dropdown_EmailParameter' 

2019-10-08 13:41:27 - [TEST_STEP][PASSED] - delay: Delayed 2 second(s)

2019-10-08 13:41:29 - [MESSAGE][PASSED] - Delayed 2 second(s)

2019-10-08 13:41:29 - [TEST_STEP][PASSED] - verifyTextPresent: Text '{{Logo}}' is present on page 

2019-10-08 13:41:29 - [MESSAGE][PASSED] - Text '{{Logo}}' is present on page 

2019-10-08 13:41:29 - [TEST_STEP][PASSED] - verifyTextPresent: Text '{{MarketDomain}}' is present on page 

2019-10-08 13:41:29 - [MESSAGE][PASSED] - Text '{{MarketDomain}}' is present on page 

2019-10-08 13:41:29 - [TEST_STEP][PASSED] - verifyTextPresent: Text '{{Marketname}}' is present on page 

2019-10-08 13:41:29 - [MESSAGE][PASSED] - Text '{{Marketname}}' is present on page 

2019-10-08 13:41:29 - [TEST_STEP][PASSED] - verifyTextPresent: Text '{{MarketplaceUrl}}' is present on page 

2019-10-08 13:41:29 - [MESSAGE][PASSED] - Text '{{MarketplaceUrl}}' is present on page]]></system-out>
         <system-err><![CDATA[]]></system-err>
      </testcase>
      <testcase name="Test Cases/ADMIN/Email Notifications/Start Selling/31_EmaildropdownMerchant" classname="Test Cases/ADMIN/Email Notifications/Start Selling/31_EmaildropdownMerchant" status="PASSED">
         <system-out><![CDATA[2019-10-08 13:41:29 - [TEST_CASE][PASSED] - Test Cases/ADMIN/Email Notifications/Start Selling/31_EmaildropdownMerchant: Test Cases/ADMIN/Email Notifications/Start Selling/31_EmaildropdownMerchant

2019-10-08 13:41:29 - [TEST_STEP][PASSED] - waitForElementVisible: Object 'Object Repository/ADMIN/Email Notifications/a_Offer from Seller/dropdown_EmailParameter' is visible

2019-10-08 13:41:29 - [MESSAGE][WARNING] - Timeout '0' is invalid. Using default page load timeout: '30'

2019-10-08 13:41:29 - [MESSAGE][PASSED] - Object 'Object Repository/ADMIN/Email Notifications/a_Offer from Seller/dropdown_EmailParameter' is visible

2019-10-08 13:41:29 - [TEST_STEP][PASSED] - verifyElementVisible: Object 'Object Repository/ADMIN/Email Notifications/a_Offer from Seller/dropdown_EmailParameter' is visible

2019-10-08 13:41:29 - [MESSAGE][PASSED] - Object 'Object Repository/ADMIN/Email Notifications/a_Offer from Seller/dropdown_EmailParameter' is visible

2019-10-08 13:41:29 - [TEST_STEP][PASSED] - selectOptionByLabel: All options with label 'Merchant' are selected in object 'Object Repository/ADMIN/Email Notifications/a_Offer from Seller/dropdown_EmailParameter' 

2019-10-08 13:41:29 - [MESSAGE][PASSED] - All options with label 'Merchant' are selected in object 'Object Repository/ADMIN/Email Notifications/a_Offer from Seller/dropdown_EmailParameter' 

2019-10-08 13:41:29 - [TEST_STEP][PASSED] - delay: Delayed 2 second(s)

2019-10-08 13:41:31 - [MESSAGE][PASSED] - Delayed 2 second(s)

2019-10-08 13:41:31 - [TEST_STEP][PASSED] - verifyTextPresent: Text '{{SellerDisplayName}}' is present on page 

2019-10-08 13:41:31 - [MESSAGE][PASSED] - Text '{{SellerDisplayName}}' is present on page 

2019-10-08 13:41:31 - [TEST_STEP][PASSED] - verifyTextPresent: Text '{{SellerEmail}}' is present on page 

2019-10-08 13:41:31 - [MESSAGE][PASSED] - Text '{{SellerEmail}}' is present on page 

2019-10-08 13:41:31 - [TEST_STEP][PASSED] - verifyTextPresent: Text '{{SellerName}}' is present on page 

2019-10-08 13:41:31 - [MESSAGE][PASSED] - Text '{{SellerName}}' is present on page 

2019-10-08 13:41:31 - [TEST_STEP][PASSED] - verifyTextPresent: Text '{{SubAccountEmail}}' is present on page 

2019-10-08 13:41:31 - [MESSAGE][PASSED] - Text '{{SubAccountEmail}}' is present on page]]></system-out>
         <system-err><![CDATA[]]></system-err>
      </testcase>
      <testcase name="Test Cases/ADMIN/Email Notifications/Start Selling/32_EmaildropdownOrder" classname="Test Cases/ADMIN/Email Notifications/Start Selling/32_EmaildropdownOrder" status="PASSED">
         <system-out><![CDATA[2019-10-08 13:41:31 - [TEST_CASE][PASSED] - Test Cases/ADMIN/Email Notifications/Start Selling/32_EmaildropdownOrder: Test Cases/ADMIN/Email Notifications/Start Selling/32_EmaildropdownOrder

2019-10-08 13:41:31 - [TEST_STEP][PASSED] - waitForElementVisible: Object 'Object Repository/ADMIN/Email Notifications/a_Offer from Seller/dropdown_EmailParameter' is visible

2019-10-08 13:41:31 - [MESSAGE][WARNING] - Timeout '0' is invalid. Using default page load timeout: '30'

2019-10-08 13:41:31 - [MESSAGE][PASSED] - Object 'Object Repository/ADMIN/Email Notifications/a_Offer from Seller/dropdown_EmailParameter' is visible

2019-10-08 13:41:31 - [TEST_STEP][PASSED] - verifyElementVisible: Object 'Object Repository/ADMIN/Email Notifications/a_Offer from Seller/dropdown_EmailParameter' is visible

2019-10-08 13:41:31 - [MESSAGE][PASSED] - Object 'Object Repository/ADMIN/Email Notifications/a_Offer from Seller/dropdown_EmailParameter' is visible

2019-10-08 13:41:31 - [TEST_STEP][PASSED] - selectOptionByLabel: All options with label 'Order' are selected in object 'Object Repository/ADMIN/Email Notifications/a_Offer from Seller/dropdown_EmailParameter' 

2019-10-08 13:41:32 - [MESSAGE][PASSED] - All options with label 'Order' are selected in object 'Object Repository/ADMIN/Email Notifications/a_Offer from Seller/dropdown_EmailParameter' 

2019-10-08 13:41:32 - [TEST_STEP][PASSED] - delay: Delayed 2 second(s)

2019-10-08 13:41:34 - [MESSAGE][PASSED] - Delayed 2 second(s)

2019-10-08 13:41:34 - [TEST_STEP][PASSED] - verifyTextPresent: Text '{{Booking}}' is present on page 

2019-10-08 13:41:34 - [MESSAGE][PASSED] - Text '{{Booking}}' is present on page 

2019-10-08 13:41:34 - [TEST_STEP][PASSED] - verifyTextPresent: Text '{{BookingEndTime}}' is present on page 

2019-10-08 13:41:34 - [MESSAGE][PASSED] - Text '{{BookingEndTime}}' is present on page 

2019-10-08 13:41:34 - [TEST_STEP][PASSED] - verifyTextPresent: Text '{{CheckinCheckoutHour}}' is present on page 

2019-10-08 13:41:34 - [MESSAGE][PASSED] - Text '{{CheckinCheckoutHour}}' is present on page 

2019-10-08 13:41:34 - [TEST_STEP][PASSED] - verifyTextPresent: Text '{{InvoiceNo}}' is present on page 

2019-10-08 13:41:34 - [MESSAGE][PASSED] - Text '{{InvoiceNo}}' is present on page 

2019-10-08 13:41:34 - [TEST_STEP][PASSED] - verifyTextPresent: Text '{{OrderHistoryUrl}}' is present on page 

2019-10-08 13:41:34 - [MESSAGE][PASSED] - Text '{{OrderHistoryUrl}}' is present on page 

2019-10-08 13:41:34 - [TEST_STEP][PASSED] - verifyTextPresent: Text '{{OrderID}}' is present on page 

2019-10-08 13:41:34 - [MESSAGE][PASSED] - Text '{{OrderID}}' is present on page 

2019-10-08 13:41:34 - [TEST_STEP][PASSED] - verifyTextPresent: Text '{{OrderItem}}' is present on page 

2019-10-08 13:41:34 - [MESSAGE][PASSED] - Text '{{OrderItem}}' is present on page 

2019-10-08 13:41:34 - [TEST_STEP][PASSED] - verifyTextPresent: Text '{{OrderItemsString}}' is present on page 

2019-10-08 13:41:34 - [MESSAGE][PASSED] - Text '{{OrderItemsString}}' is present on page 

2019-10-08 13:41:34 - [TEST_STEP][PASSED] - verifyTextPresent: Text '{{Paid}}' is present on page 

2019-10-08 13:41:34 - [MESSAGE][PASSED] - Text '{{Paid}}' is present on page 

2019-10-08 13:41:34 - [TEST_STEP][PASSED] - verifyTextPresent: Text '{{Quantity}}' is present on page 

2019-10-08 13:41:34 - [MESSAGE][PASSED] - Text '{{Quantity}}' is present on page 

2019-10-08 13:41:34 - [TEST_STEP][PASSED] - verifyTextPresent: Text '{{ReviewPromptItemsString}}' is present on page 

2019-10-08 13:41:34 - [MESSAGE][PASSED] - Text '{{ReviewPromptItemsString}}' is present on page 

2019-10-08 13:41:34 - [TEST_STEP][PASSED] - verifyTextPresent: Text '{{ShowTime}}' is present on page 

2019-10-08 13:41:34 - [MESSAGE][PASSED] - Text '{{ShowTime}}' is present on page 

2019-10-08 13:41:34 - [TEST_STEP][PASSED] - verifyTextPresent: Text '{{Timestamp}}' is present on page 

2019-10-08 13:41:35 - [MESSAGE][PASSED] - Text '{{Timestamp}}' is present on page 

2019-10-08 13:41:35 - [TEST_STEP][PASSED] - verifyTextPresent: Text '{{ToBeCollected}}' is present on page 

2019-10-08 13:41:35 - [MESSAGE][PASSED] - Text '{{ToBeCollected}}' is present on page]]></system-out>
         <system-err><![CDATA[]]></system-err>
      </testcase>
      <testcase name="Test Cases/ADMIN/Email Notifications/Start Selling/33_EmaildropdownPricing" classname="Test Cases/ADMIN/Email Notifications/Start Selling/33_EmaildropdownPricing" status="PASSED">
         <system-out><![CDATA[2019-10-08 13:41:35 - [TEST_CASE][PASSED] - Test Cases/ADMIN/Email Notifications/Start Selling/33_EmaildropdownPricing: Test Cases/ADMIN/Email Notifications/Start Selling/33_EmaildropdownPricing

2019-10-08 13:41:35 - [TEST_STEP][PASSED] - waitForElementVisible: Object 'Object Repository/ADMIN/Email Notifications/a_Offer from Seller/dropdown_EmailParameter' is visible

2019-10-08 13:41:35 - [MESSAGE][WARNING] - Timeout '0' is invalid. Using default page load timeout: '30'

2019-10-08 13:41:35 - [MESSAGE][PASSED] - Object 'Object Repository/ADMIN/Email Notifications/a_Offer from Seller/dropdown_EmailParameter' is visible

2019-10-08 13:41:35 - [TEST_STEP][PASSED] - verifyElementVisible: Object 'Object Repository/ADMIN/Email Notifications/a_Offer from Seller/dropdown_EmailParameter' is visible

2019-10-08 13:41:35 - [MESSAGE][PASSED] - Object 'Object Repository/ADMIN/Email Notifications/a_Offer from Seller/dropdown_EmailParameter' is visible

2019-10-08 13:41:35 - [TEST_STEP][PASSED] - selectOptionByLabel: All options with label 'Pricing' are selected in object 'Object Repository/ADMIN/Email Notifications/a_Offer from Seller/dropdown_EmailParameter' 

2019-10-08 13:41:35 - [MESSAGE][PASSED] - All options with label 'Pricing' are selected in object 'Object Repository/ADMIN/Email Notifications/a_Offer from Seller/dropdown_EmailParameter' 

2019-10-08 13:41:35 - [TEST_STEP][PASSED] - delay: Delayed 2 second(s)

2019-10-08 13:41:37 - [MESSAGE][PASSED] - Delayed 2 second(s)

2019-10-08 13:41:37 - [TEST_STEP][PASSED] - verifyTextPresent: Text '{{BulkDeliveryCost}}' is present on page 

2019-10-08 13:41:37 - [MESSAGE][PASSED] - Text '{{BulkDeliveryCost}}' is present on page 

2019-10-08 13:41:37 - [TEST_STEP][PASSED] - verifyTextPresent: Text '{{DeliveryPrice}}' is present on page 

2019-10-08 13:41:37 - [MESSAGE][PASSED] - Text '{{DeliveryPrice}}' is present on page 

2019-10-08 13:41:37 - [TEST_STEP][PASSED] - verifyTextPresent: Text '{{FreightCost}}' is present on page 

2019-10-08 13:41:37 - [MESSAGE][PASSED] - Text '{{FreightCost}}' is present on page 

2019-10-08 13:41:37 - [TEST_STEP][PASSED] - verifyTextPresent: Text '{{ShippingCost}}' is present on page 

2019-10-08 13:41:37 - [MESSAGE][PASSED] - Text '{{ShippingCost}}' is present on page 

2019-10-08 13:41:37 - [TEST_STEP][PASSED] - verifyTextPresent: Text '{{Subtotal}}' is present on page 

2019-10-08 13:41:37 - [MESSAGE][PASSED] - Text '{{Subtotal}}' is present on page 

2019-10-08 13:41:37 - [TEST_STEP][PASSED] - verifyTextPresent: Text '{{Total}}' is present on page 

2019-10-08 13:41:37 - [MESSAGE][PASSED] - Text '{{Total}}' is present on page]]></system-out>
         <system-err><![CDATA[]]></system-err>
      </testcase>
      <testcase name="Test Cases/ADMIN/Email Notifications/Start Selling/34_ReverttoDefault" classname="Test Cases/ADMIN/Email Notifications/Start Selling/34_ReverttoDefault" status="PASSED">
         <system-out><![CDATA[2019-10-08 13:41:37 - [TEST_CASE][PASSED] - Test Cases/ADMIN/Email Notifications/Start Selling/34_ReverttoDefault: Test Cases/ADMIN/Email Notifications/Start Selling/34_ReverttoDefault

2019-10-08 13:41:37 - [TEST_STEP][PASSED] - waitForElementVisible: Object 'Object Repository/ADMIN/Email Notifications/a_Offer from Seller/button_ReverttoDefault' is visible

2019-10-08 13:41:37 - [MESSAGE][WARNING] - Timeout '0' is invalid. Using default page load timeout: '30'

2019-10-08 13:41:37 - [MESSAGE][PASSED] - Object 'Object Repository/ADMIN/Email Notifications/a_Offer from Seller/button_ReverttoDefault' is visible

2019-10-08 13:41:37 - [TEST_STEP][PASSED] - verifyElementVisible: Object 'Object Repository/ADMIN/Email Notifications/a_Offer from Seller/button_ReverttoDefault' is visible

2019-10-08 13:41:37 - [MESSAGE][PASSED] - Object 'Object Repository/ADMIN/Email Notifications/a_Offer from Seller/button_ReverttoDefault' is visible]]></system-out>
         <system-err><![CDATA[]]></system-err>
      </testcase>
      <testcase name="Test Cases/ADMIN/Email Notifications/Start Selling/35_SaveButton" classname="Test Cases/ADMIN/Email Notifications/Start Selling/35_SaveButton" status="PASSED">
         <system-out><![CDATA[2019-10-08 13:41:37 - [TEST_CASE][PASSED] - Test Cases/ADMIN/Email Notifications/Start Selling/35_SaveButton: Test Cases/ADMIN/Email Notifications/Start Selling/35_SaveButton

2019-10-08 13:41:37 - [TEST_STEP][PASSED] - waitForElementVisible: Object 'Object Repository/ADMIN/Email Notifications/a_Offer from Seller/button_topSave' is visible

2019-10-08 13:41:37 - [MESSAGE][WARNING] - Timeout '0' is invalid. Using default page load timeout: '30'

2019-10-08 13:41:37 - [MESSAGE][PASSED] - Object 'Object Repository/ADMIN/Email Notifications/a_Offer from Seller/button_topSave' is visible

2019-10-08 13:41:37 - [TEST_STEP][PASSED] - verifyElementVisible: Object 'Object Repository/ADMIN/Email Notifications/a_Offer from Seller/button_topSave' is visible

2019-10-08 13:41:37 - [MESSAGE][PASSED] - Object 'Object Repository/ADMIN/Email Notifications/a_Offer from Seller/button_topSave' is visible

2019-10-08 13:41:37 - [TEST_STEP][PASSED] - waitForElementVisible: Object 'Object Repository/ADMIN/Email Notifications/a_Offer from Seller/button_bottomSave' is visible

2019-10-08 13:41:37 - [MESSAGE][WARNING] - Timeout '0' is invalid. Using default page load timeout: '30'

2019-10-08 13:41:37 - [MESSAGE][PASSED] - Object 'Object Repository/ADMIN/Email Notifications/a_Offer from Seller/button_bottomSave' is visible

2019-10-08 13:41:37 - [TEST_STEP][PASSED] - verifyElementVisible: Object 'Object Repository/ADMIN/Email Notifications/a_Offer from Seller/button_bottomSave' is visible

2019-10-08 13:41:37 - [MESSAGE][PASSED] - Object 'Object Repository/ADMIN/Email Notifications/a_Offer from Seller/button_bottomSave' is visible]]></system-out>
         <system-err><![CDATA[]]></system-err>
      </testcase>
      <testcase name="Test Cases/ADMIN/Email Notifications/Start Selling/36_PreviewButtonRedirection" classname="Test Cases/ADMIN/Email Notifications/Start Selling/36_PreviewButtonRedirection" status="PASSED">
         <system-out><![CDATA[2019-10-08 13:41:37 - [TEST_CASE][PASSED] - Test Cases/ADMIN/Email Notifications/Start Selling/36_PreviewButtonRedirection: Test Cases/ADMIN/Email Notifications/Start Selling/36_PreviewButtonRedirection

2019-10-08 13:41:37 - [TEST_STEP][PASSED] - waitForElementVisible: Object 'Object Repository/ADMIN/Email Notifications/a_Offer from Seller/button_Preview' is visible

2019-10-08 13:41:37 - [MESSAGE][WARNING] - Timeout '0' is invalid. Using default page load timeout: '30'

2019-10-08 13:41:38 - [MESSAGE][PASSED] - Object 'Object Repository/ADMIN/Email Notifications/a_Offer from Seller/button_Preview' is visible

2019-10-08 13:41:38 - [TEST_STEP][PASSED] - verifyElementVisible: Object 'Object Repository/ADMIN/Email Notifications/a_Offer from Seller/button_Preview' is visible

2019-10-08 13:41:38 - [MESSAGE][PASSED] - Object 'Object Repository/ADMIN/Email Notifications/a_Offer from Seller/button_Preview' is visible

2019-10-08 13:41:38 - [TEST_STEP][PASSED] - click: Object: 'Object Repository/ADMIN/Email Notifications/a_Offer from Seller/button_Preview' is clicked on

2019-10-08 13:41:38 - [MESSAGE][PASSED] - Object: 'Object Repository/ADMIN/Email Notifications/a_Offer from Seller/button_Preview' is clicked on]]></system-out>
         <system-err><![CDATA[]]></system-err>
      </testcase>
      <testcase name="Test Cases/ADMIN/Email Notifications/Start Selling/37_UnsuccessfulEmailCustomDisabled" classname="Test Cases/ADMIN/Email Notifications/Start Selling/37_UnsuccessfulEmailCustomDisabled" status="PASSED">
         <system-out><![CDATA[2019-10-08 13:41:38 - [TEST_CASE][PASSED] - Test Cases/ADMIN/Email Notifications/Start Selling/37_UnsuccessfulEmailCustomDisabled: Test Cases/ADMIN/Email Notifications/Start Selling/37_UnsuccessfulEmailCustomDisabled

2019-10-08 13:41:38 - [TEST_STEP][PASSED] - Statement - return null: null]]></system-out>
         <system-err><![CDATA[]]></system-err>
      </testcase>
      <testcase name="Test Cases/ADMIN/Email Notifications/Start Selling/59_ShowCCBccButton" classname="Test Cases/ADMIN/Email Notifications/Start Selling/59_ShowCCBccButton" status="PASSED">
         <system-out><![CDATA[2019-10-08 13:41:38 - [TEST_CASE][PASSED] - Test Cases/ADMIN/Email Notifications/Start Selling/59_ShowCCBccButton: Test Cases/ADMIN/Email Notifications/Start Selling/59_ShowCCBccButton

2019-10-08 13:41:38 - [TEST_STEP][PASSED] - waitForElementVisible: Object 'Object Repository/ADMIN/Email Notifications/a_Offer from Seller/button_ShowCcBcc' is visible

2019-10-08 13:41:38 - [MESSAGE][WARNING] - Timeout '0' is invalid. Using default page load timeout: '30'

2019-10-08 13:41:38 - [MESSAGE][PASSED] - Object 'Object Repository/ADMIN/Email Notifications/a_Offer from Seller/button_ShowCcBcc' is visible

2019-10-08 13:41:38 - [TEST_STEP][PASSED] - verifyElementVisible: Object 'Object Repository/ADMIN/Email Notifications/a_Offer from Seller/button_ShowCcBcc' is visible

2019-10-08 13:41:38 - [MESSAGE][PASSED] - Object 'Object Repository/ADMIN/Email Notifications/a_Offer from Seller/button_ShowCcBcc' is visible]]></system-out>
         <system-err><![CDATA[]]></system-err>
      </testcase>
      <system-out><![CDATA[2019-10-08 13:39:43 - [TEST_SUITE][FAILED] - UI Verification_Start Selling: Test Cases/ADMIN/Email Notifications/Start Selling/21_HTMLTextfield FAILED because (of) Web element with id: 'Object Repository/ADMIN/Email Notifications/textarea_HTMLdiana' located by 'By.xpath: //textarea[@name = 'htmlTemplateContent' and @id = 'content' and (text() = '                                                                                                    <body><div style="max-width:700px; width:100%; margin:0 auto; border:1px solid #ddd; color:#999; font-size:16px; font-family:sans-serif; line-height:25px;">
  <div style="padding:15px;">
    <div style="text-align:center; margin-bottom:50px;"> <img src="{{Logo}}" style="max-width:200px;" /> </div>
    <div style="">
      <p style="color:#000; font-weight:bold; margin-bottom:50px;">Hi {{ConsumerFirstName}},</p>
      <p>We’ve received your order!</p>
      <p>Thank you for placing your order with us. Your order will be ready shortly! We’ll notify you once your order is on its way, or when it’s ready for your collection!</p>
      <p>If you have any questions, please contact us at <a style="color:#FF5A60; font-weight:bold; text-decoration:none;" href="mailto:{{SupportEmail}}">{{SupportEmail}}</a>. If you wish to change your order please contact your seller directly and let us know.</p>
    </div>
    <div style="border-bottom:1px solid #000; border-top:1px solid #000; padding-top: 10px; padding-bottom: 10px; margin-top:50px;">
      <table border="0" style="width:100%; color:#B3B3B3;">
        <tr>
          <td style="font-weight:bold;">INVOICE ID <span style="color:#000;">{{InvoiceNo}}</span></td>
          <td style="text-align:right;">{{Timestamp}} </td>
        </tr>
      </table>
    </div>
    <div style="margin-top:30px;">
{{OrderItemsString}}
    </div>
    <div style="margin-top:30px;">
      <table style="width:100%;">
        <tr style="vertical-align:top;">
          <td style="line-height: 25px;"><div style="color:#000; font-weight:bold;">Delivery Address :</div>
            {{DeliveryAddress}}</td>
          <td style="line-height:35px; text-align:right; min-width:170px;"><div><span style="padding-right:10%;">Sub Total</span>{{CurrencyCode}} {{Subtotal}}</div>
            <div><span style="padding-right:10%;">Delivery Costs</span>{{CurrencyCode}} {{ShippingCost}}</div>
            <div><span style="padding-right:10%;">Bulk Costs</span>- {{CurrencyCode}} {{BulkDeliveryCost}}</div>
            <div style="border-top:1px solid #ddd; padding-top:15px; margin-top:15px;"> <span style="padding-right:10%; font-size:22px; font-weight:bold;">TOTAL</span> <span style="font-size:22px; color:#000; font-weight:bold;">{{CurrencyCode}} {{Total}}</span> </div>
			<div><span style="padding-right:10%;">Paid</span><span style="min-width:100px;display: inline-block;text-align: right;">{{CurrencyCode}} {{Paid}}</span></div>
			<div><span style="padding-right:10%;">To be collected</span><span style="min-width:100px;display: inline-block;text-align: right;">{{CurrencyCode}} {{ToBeCollected}}</span></div>
			</td>
			
        </tr>
      </table>
    </div>
    <div style="text-align:center; margin-top:100px; margin-bottom:100px"> <a href="{{OrderHistoryUrl}}" style="font-size: 18px; background-color: #FF5A60; text-decoration: none; color: #fff; padding:11.5px 30px; border-radius: 50px; width: 180px; display: inline-block;">VIEW ORDERS</a> </div>
    <div style="margin-bottom:50px;">
      <p style="font-size:18px; font-weight:bold; color:#000;">We hope to see you again soon!</p>
      <p>Regards,<br />
        {{Marketname}} edit11111111111111111111111111</p>      
    </div>
  </div>
</div></body>
                                    
                
                
                ' or . = '                                                                                                    <body><div style="max-width:700px; width:100%; margin:0 auto; border:1px solid #ddd; color:#999; font-size:16px; font-family:sans-serif; line-height:25px;">
  <div style="padding:15px;">
    <div style="text-align:center; margin-bottom:50px;"> <img src="{{Logo}}" style="max-width:200px;" /> </div>
    <div style="">
      <p style="color:#000; font-weight:bold; margin-bottom:50px;">Hi {{ConsumerFirstName}},</p>
      <p>We’ve received your order!</p>
      <p>Thank you for placing your order with us. Your order will be ready shortly! We’ll notify you once your order is on its way, or when it’s ready for your collection!</p>
      <p>If you have any questions, please contact us at <a style="color:#FF5A60; font-weight:bold; text-decoration:none;" href="mailto:{{SupportEmail}}">{{SupportEmail}}</a>. If you wish to change your order please contact your seller directly and let us know.</p>
    </div>
    <div style="border-bottom:1px solid #000; border-top:1px solid #000; padding-top: 10px; padding-bottom: 10px; margin-top:50px;">
      <table border="0" style="width:100%; color:#B3B3B3;">
        <tr>
          <td style="font-weight:bold;">INVOICE ID <span style="color:#000;">{{InvoiceNo}}</span></td>
          <td style="text-align:right;">{{Timestamp}} </td>
        </tr>
      </table>
    </div>
    <div style="margin-top:30px;">
{{OrderItemsString}}
    </div>
    <div style="margin-top:30px;">
      <table style="width:100%;">
        <tr style="vertical-align:top;">
          <td style="line-height: 25px;"><div style="color:#000; font-weight:bold;">Delivery Address :</div>
            {{DeliveryAddress}}</td>
          <td style="line-height:35px; text-align:right; min-width:170px;"><div><span style="padding-right:10%;">Sub Total</span>{{CurrencyCode}} {{Subtotal}}</div>
            <div><span style="padding-right:10%;">Delivery Costs</span>{{CurrencyCode}} {{ShippingCost}}</div>
            <div><span style="padding-right:10%;">Bulk Costs</span>- {{CurrencyCode}} {{BulkDeliveryCost}}</div>
            <div style="border-top:1px solid #ddd; padding-top:15px; margin-top:15px;"> <span style="padding-right:10%; font-size:22px; font-weight:bold;">TOTAL</span> <span style="font-size:22px; color:#000; font-weight:bold;">{{CurrencyCode}} {{Total}}</span> </div>
			<div><span style="padding-right:10%;">Paid</span><span style="min-width:100px;display: inline-block;text-align: right;">{{CurrencyCode}} {{Paid}}</span></div>
			<div><span style="padding-right:10%;">To be collected</span><span style="min-width:100px;display: inline-block;text-align: right;">{{CurrencyCode}} {{ToBeCollected}}</span></div>
			</td>
			
        </tr>
      </table>
    </div>
    <div style="text-align:center; margin-top:100px; margin-bottom:100px"> <a href="{{OrderHistoryUrl}}" style="font-size: 18px; background-color: #FF5A60; text-decoration: none; color: #fff; padding:11.5px 30px; border-radius: 50px; width: 180px; display: inline-block;">VIEW ORDERS</a> </div>
    <div style="margin-bottom:50px;">
      <p style="font-size:18px; font-weight:bold; color:#000;">We hope to see you again soon!</p>
      <p>Regards,<br />
        {{Marketname}} edit11111111111111111111111111</p>      
    </div>
  </div>
</div></body>
                                    
                
                
                ')]' not found]]></system-out>
      <system-err><![CDATA[2019-10-08 13:39:43 - [TEST_SUITE][FAILED] - UI Verification_Start Selling: Test Cases/ADMIN/Email Notifications/Start Selling/21_HTMLTextfield FAILED because (of) Web element with id: 'Object Repository/ADMIN/Email Notifications/textarea_HTMLdiana' located by 'By.xpath: //textarea[@name = 'htmlTemplateContent' and @id = 'content' and (text() = '                                                                                                    <body><div style="max-width:700px; width:100%; margin:0 auto; border:1px solid #ddd; color:#999; font-size:16px; font-family:sans-serif; line-height:25px;">
  <div style="padding:15px;">
    <div style="text-align:center; margin-bottom:50px;"> <img src="{{Logo}}" style="max-width:200px;" /> </div>
    <div style="">
      <p style="color:#000; font-weight:bold; margin-bottom:50px;">Hi {{ConsumerFirstName}},</p>
      <p>We’ve received your order!</p>
      <p>Thank you for placing your order with us. Your order will be ready shortly! We’ll notify you once your order is on its way, or when it’s ready for your collection!</p>
      <p>If you have any questions, please contact us at <a style="color:#FF5A60; font-weight:bold; text-decoration:none;" href="mailto:{{SupportEmail}}">{{SupportEmail}}</a>. If you wish to change your order please contact your seller directly and let us know.</p>
    </div>
    <div style="border-bottom:1px solid #000; border-top:1px solid #000; padding-top: 10px; padding-bottom: 10px; margin-top:50px;">
      <table border="0" style="width:100%; color:#B3B3B3;">
        <tr>
          <td style="font-weight:bold;">INVOICE ID <span style="color:#000;">{{InvoiceNo}}</span></td>
          <td style="text-align:right;">{{Timestamp}} </td>
        </tr>
      </table>
    </div>
    <div style="margin-top:30px;">
{{OrderItemsString}}
    </div>
    <div style="margin-top:30px;">
      <table style="width:100%;">
        <tr style="vertical-align:top;">
          <td style="line-height: 25px;"><div style="color:#000; font-weight:bold;">Delivery Address :</div>
            {{DeliveryAddress}}</td>
          <td style="line-height:35px; text-align:right; min-width:170px;"><div><span style="padding-right:10%;">Sub Total</span>{{CurrencyCode}} {{Subtotal}}</div>
            <div><span style="padding-right:10%;">Delivery Costs</span>{{CurrencyCode}} {{ShippingCost}}</div>
            <div><span style="padding-right:10%;">Bulk Costs</span>- {{CurrencyCode}} {{BulkDeliveryCost}}</div>
            <div style="border-top:1px solid #ddd; padding-top:15px; margin-top:15px;"> <span style="padding-right:10%; font-size:22px; font-weight:bold;">TOTAL</span> <span style="font-size:22px; color:#000; font-weight:bold;">{{CurrencyCode}} {{Total}}</span> </div>
			<div><span style="padding-right:10%;">Paid</span><span style="min-width:100px;display: inline-block;text-align: right;">{{CurrencyCode}} {{Paid}}</span></div>
			<div><span style="padding-right:10%;">To be collected</span><span style="min-width:100px;display: inline-block;text-align: right;">{{CurrencyCode}} {{ToBeCollected}}</span></div>
			</td>
			
        </tr>
      </table>
    </div>
    <div style="text-align:center; margin-top:100px; margin-bottom:100px"> <a href="{{OrderHistoryUrl}}" style="font-size: 18px; background-color: #FF5A60; text-decoration: none; color: #fff; padding:11.5px 30px; border-radius: 50px; width: 180px; display: inline-block;">VIEW ORDERS</a> </div>
    <div style="margin-bottom:50px;">
      <p style="font-size:18px; font-weight:bold; color:#000;">We hope to see you again soon!</p>
      <p>Regards,<br />
        {{Marketname}} edit11111111111111111111111111</p>      
    </div>
  </div>
</div></body>
                                    
                
                
                ' or . = '                                                                                                    <body><div style="max-width:700px; width:100%; margin:0 auto; border:1px solid #ddd; color:#999; font-size:16px; font-family:sans-serif; line-height:25px;">
  <div style="padding:15px;">
    <div style="text-align:center; margin-bottom:50px;"> <img src="{{Logo}}" style="max-width:200px;" /> </div>
    <div style="">
      <p style="color:#000; font-weight:bold; margin-bottom:50px;">Hi {{ConsumerFirstName}},</p>
      <p>We’ve received your order!</p>
      <p>Thank you for placing your order with us. Your order will be ready shortly! We’ll notify you once your order is on its way, or when it’s ready for your collection!</p>
      <p>If you have any questions, please contact us at <a style="color:#FF5A60; font-weight:bold; text-decoration:none;" href="mailto:{{SupportEmail}}">{{SupportEmail}}</a>. If you wish to change your order please contact your seller directly and let us know.</p>
    </div>
    <div style="border-bottom:1px solid #000; border-top:1px solid #000; padding-top: 10px; padding-bottom: 10px; margin-top:50px;">
      <table border="0" style="width:100%; color:#B3B3B3;">
        <tr>
          <td style="font-weight:bold;">INVOICE ID <span style="color:#000;">{{InvoiceNo}}</span></td>
          <td style="text-align:right;">{{Timestamp}} </td>
        </tr>
      </table>
    </div>
    <div style="margin-top:30px;">
{{OrderItemsString}}
    </div>
    <div style="margin-top:30px;">
      <table style="width:100%;">
        <tr style="vertical-align:top;">
          <td style="line-height: 25px;"><div style="color:#000; font-weight:bold;">Delivery Address :</div>
            {{DeliveryAddress}}</td>
          <td style="line-height:35px; text-align:right; min-width:170px;"><div><span style="padding-right:10%;">Sub Total</span>{{CurrencyCode}} {{Subtotal}}</div>
            <div><span style="padding-right:10%;">Delivery Costs</span>{{CurrencyCode}} {{ShippingCost}}</div>
            <div><span style="padding-right:10%;">Bulk Costs</span>- {{CurrencyCode}} {{BulkDeliveryCost}}</div>
            <div style="border-top:1px solid #ddd; padding-top:15px; margin-top:15px;"> <span style="padding-right:10%; font-size:22px; font-weight:bold;">TOTAL</span> <span style="font-size:22px; color:#000; font-weight:bold;">{{CurrencyCode}} {{Total}}</span> </div>
			<div><span style="padding-right:10%;">Paid</span><span style="min-width:100px;display: inline-block;text-align: right;">{{CurrencyCode}} {{Paid}}</span></div>
			<div><span style="padding-right:10%;">To be collected</span><span style="min-width:100px;display: inline-block;text-align: right;">{{CurrencyCode}} {{ToBeCollected}}</span></div>
			</td>
			
        </tr>
      </table>
    </div>
    <div style="text-align:center; margin-top:100px; margin-bottom:100px"> <a href="{{OrderHistoryUrl}}" style="font-size: 18px; background-color: #FF5A60; text-decoration: none; color: #fff; padding:11.5px 30px; border-radius: 50px; width: 180px; display: inline-block;">VIEW ORDERS</a> </div>
    <div style="margin-bottom:50px;">
      <p style="font-size:18px; font-weight:bold; color:#000;">We hope to see you again soon!</p>
      <p>Regards,<br />
        {{Marketname}} edit11111111111111111111111111</p>      
    </div>
  </div>
</div></body>
                                    
                
                
                ')]' not found]]></system-err>
   </testsuite>
</testsuites>
