<?xml version="1.0" encoding="UTF-8"?>
<testsuites name="Edit Item" time="106.342" tests="7" failures="0" errors="0">
   <testsuite name="Edit Item" tests="7" failures="0" errors="0" time="106.342" timestamp="2020-01-02 14:22:44" hostname="Arcadier - Arcadier-PC" id="Test Suites/Merchant/Edit Item/Edit Item">
      <properties>
         <property name="deviceName" value=""/>
         <property name="devicePlatform" value=""/>
         <property name="logFolder" value="C:\\Katalon\\Trillia\\Reports\\20200102_142242\\Merchant\\Edit Item\\Edit Item\\20200102_142242"/>
         <property name="logFiles" value="C:\\Katalon\\Trillia\\Reports\\20200102_142242\\Merchant\\Edit Item\\Edit Item\\20200102_142242\\execution0.log"/>
         <property name="attachments" value=""/>
         <property name="hostName" value="Arcadier - Arcadier-PC"/>
         <property name="os" value="Windows 7 64bit"/>
         <property name="katalonVersion" value="7.2.1.1"/>
         <property name="browser" value="Chrome 79.0.3945.88"/>
         <property name="hostAddress" value="10.10.31.95"/>
         <property name="sessionId" value="4c8f023d318c712ce0b16dfa44b7050a"/>
         <property name="seleniumVersion" value="3.141.59"/>
         <property name="proxyInformation" value="ProxyInformation{proxyOption=NO_PROXY, proxyServerType=HTTP, password=, proxyServerAddress=, proxyServerPort=0, executionList=}"/>
         <property name="platform" value="Windows 7"/>
      </properties>
      <testcase name="Test Cases/MERCHANT/Edit Item/Edit Item Scenario/TC001" time="11.172" classname="Test Cases/MERCHANT/Edit Item/Edit Item Scenario/TC001" status="PASSED">
         <system-out><![CDATA[2020-01-02 14:22:45 - [TEST_CASE][PASSED] - Test Cases/MERCHANT/Edit Item/Edit Item Scenario/TC001: Test Cases/MERCHANT/Edit Item/Edit Item Scenario/TC001

2020-01-02 14:22:45 - [TEST_STEP][PASSED] - click(findTestObject("Utilities/Header/Merchant Header/linktext_Your Items"), CONTINUE_ON_FAILURE): Object: 'Object Repository/Utilities/Header/Merchant Header/linktext_Your Items' is clicked on

2020-01-02 14:22:48 - [MESSAGE][PASSED] - Object: 'Object Repository/Utilities/Header/Merchant Header/linktext_Your Items' is clicked on

2020-01-02 14:22:48 - [TEST_STEP][PASSED] - waitForElementVisible(findTestObject("MERCHANT/Inventory Page/textbox_search-item"), 0): Object 'Object Repository/MERCHANT/Inventory Page/textbox_search-item' is visible

2020-01-02 14:22:48 - [MESSAGE][WARNING] - Timeout '0' is invalid. Using default page load timeout: '30'

2020-01-02 14:22:49 - [MESSAGE][PASSED] - Object 'Object Repository/MERCHANT/Inventory Page/textbox_search-item' is visible

2020-01-02 14:22:49 - [TEST_STEP][PASSED] - setText(findTestObject("MERCHANT/Inventory Page/textbox_search-item"), "ITEM FOR EDIT"): Text 'ITEM FOR EDIT' is set on object 'Object Repository/MERCHANT/Inventory Page/textbox_search-item'

2020-01-02 14:22:49 - [MESSAGE][PASSED] - Text 'ITEM FOR EDIT' is set on object 'Object Repository/MERCHANT/Inventory Page/textbox_search-item'

2020-01-02 14:22:49 - [TEST_STEP][PASSED] - delay(1): Delayed 1 second(s)

2020-01-02 14:22:50 - [MESSAGE][PASSED] - Delayed 1 second(s)

2020-01-02 14:22:50 - [TEST_STEP][PASSED] - sendKeys(findTestObject("MERCHANT/Inventory Page/textbox_search-item"), Keys.chord(ENTER)): Keys 'ENTER + ' sent to object: 'Object Repository/MERCHANT/Inventory Page/textbox_search-item'

2020-01-02 14:22:50 - [MESSAGE][PASSED] - Keys 'ENTER + ' sent to object: 'Object Repository/MERCHANT/Inventory Page/textbox_search-item'

2020-01-02 14:22:50 - [TEST_STEP][PASSED] - delay(1): Delayed 1 second(s)

2020-01-02 14:22:51 - [MESSAGE][PASSED] - Delayed 1 second(s)

2020-01-02 14:22:51 - [TEST_STEP][PASSED] - waitForElementVisible(findTestObject("MERCHANT/Inventory Page/For Edit/textlabel_for edit"), 0): Object 'Object Repository/MERCHANT/Inventory Page/For Edit/textlabel_for edit' is visible

2020-01-02 14:22:51 - [MESSAGE][WARNING] - Timeout '0' is invalid. Using default page load timeout: '30'

2020-01-02 14:22:52 - [MESSAGE][PASSED] - Object 'Object Repository/MERCHANT/Inventory Page/For Edit/textlabel_for edit' is visible

2020-01-02 14:22:52 - [TEST_STEP][PASSED] - delay(1): Delayed 1 second(s)

2020-01-02 14:22:53 - [MESSAGE][PASSED] - Delayed 1 second(s)

2020-01-02 14:22:53 - [TEST_STEP][PASSED] - waitForElementVisible(findTestObject("MERCHANT/Inventory Page/Item Details/icon_edit"), 0): Object 'Object Repository/MERCHANT/Inventory Page/Item Details/icon_edit' is visible

2020-01-02 14:22:53 - [MESSAGE][WARNING] - Timeout '0' is invalid. Using default page load timeout: '30'

2020-01-02 14:22:53 - [MESSAGE][PASSED] - Object 'Object Repository/MERCHANT/Inventory Page/Item Details/icon_edit' is visible

2020-01-02 14:22:53 - [TEST_STEP][PASSED] - click(findTestObject("MERCHANT/Inventory Page/Item Details/icon_edit"), CONTINUE_ON_FAILURE): Object: 'Object Repository/MERCHANT/Inventory Page/Item Details/icon_edit' is clicked on

2020-01-02 14:22:56 - [MESSAGE][PASSED] - Object: 'Object Repository/MERCHANT/Inventory Page/Item Details/icon_edit' is clicked on

2020-01-02 14:22:56 - [TEST_STEP][PASSED] - waitForElementVisible(findTestObject("MERCHANT/Upload Item Page/Item Upload/textbox_listing-name"), 0): Object 'Object Repository/MERCHANT/Upload Item Page/Item Upload/textbox_listing-name' is visible

2020-01-02 14:22:56 - [MESSAGE][WARNING] - Timeout '0' is invalid. Using default page load timeout: '30'

2020-01-02 14:22:56 - [MESSAGE][PASSED] - Object 'Object Repository/MERCHANT/Upload Item Page/Item Upload/textbox_listing-name' is visible]]></system-out>
         <system-err><![CDATA[]]></system-err>
      </testcase>
      <testcase name="Test Cases/MERCHANT/Edit Item/Edit Item Scenario/TC002" time="15.78" classname="Test Cases/MERCHANT/Edit Item/Edit Item Scenario/TC002" status="PASSED">
         <system-out><![CDATA[2020-01-02 14:22:56 - [TEST_CASE][PASSED] - Test Cases/MERCHANT/Edit Item/Edit Item Scenario/TC002: Test Cases/MERCHANT/Edit Item/Edit Item Scenario/TC002

2020-01-02 14:22:56 - [TEST_STEP][PASSED] - callTestCase(findTestCase("MERCHANT/Edit Item/Edit Item Scenario/TC001"), [:], CONTINUE_ON_FAILURE): Call Test Case 'Test Cases/MERCHANT/Edit Item/Edit Item Scenario/TC001' successfully

2020-01-02 14:22:56 - [TEST_CASE][PASSED] - Test Cases/MERCHANT/Edit Item/Edit Item Scenario/TC001: Test Cases/MERCHANT/Edit Item/Edit Item Scenario/TC001

2020-01-02 14:22:56 - [TEST_STEP][PASSED] - click(findTestObject("Utilities/Header/Merchant Header/linktext_Your Items"), CONTINUE_ON_FAILURE): Object: 'Object Repository/Utilities/Header/Merchant Header/linktext_Your Items' is clicked on

2020-01-02 14:22:58 - [MESSAGE][PASSED] - Object: 'Object Repository/Utilities/Header/Merchant Header/linktext_Your Items' is clicked on

2020-01-02 14:22:58 - [TEST_STEP][PASSED] - waitForElementVisible(findTestObject("MERCHANT/Inventory Page/textbox_search-item"), 0): Object 'Object Repository/MERCHANT/Inventory Page/textbox_search-item' is visible

2020-01-02 14:22:58 - [MESSAGE][WARNING] - Timeout '0' is invalid. Using default page load timeout: '30'

2020-01-02 14:22:58 - [MESSAGE][PASSED] - Object 'Object Repository/MERCHANT/Inventory Page/textbox_search-item' is visible

2020-01-02 14:22:58 - [TEST_STEP][PASSED] - setText(findTestObject("MERCHANT/Inventory Page/textbox_search-item"), "ITEM FOR EDIT"): Text 'ITEM FOR EDIT' is set on object 'Object Repository/MERCHANT/Inventory Page/textbox_search-item'

2020-01-02 14:22:59 - [MESSAGE][PASSED] - Text 'ITEM FOR EDIT' is set on object 'Object Repository/MERCHANT/Inventory Page/textbox_search-item'

2020-01-02 14:22:59 - [TEST_STEP][PASSED] - delay(1): Delayed 1 second(s)

2020-01-02 14:23:00 - [MESSAGE][PASSED] - Delayed 1 second(s)

2020-01-02 14:23:00 - [TEST_STEP][PASSED] - sendKeys(findTestObject("MERCHANT/Inventory Page/textbox_search-item"), Keys.chord(ENTER)): Keys 'ENTER + ' sent to object: 'Object Repository/MERCHANT/Inventory Page/textbox_search-item'

2020-01-02 14:23:00 - [MESSAGE][PASSED] - Keys 'ENTER + ' sent to object: 'Object Repository/MERCHANT/Inventory Page/textbox_search-item'

2020-01-02 14:23:00 - [TEST_STEP][PASSED] - delay(1): Delayed 1 second(s)

2020-01-02 14:23:01 - [MESSAGE][PASSED] - Delayed 1 second(s)

2020-01-02 14:23:01 - [TEST_STEP][PASSED] - waitForElementVisible(findTestObject("MERCHANT/Inventory Page/For Edit/textlabel_for edit"), 0): Object 'Object Repository/MERCHANT/Inventory Page/For Edit/textlabel_for edit' is visible

2020-01-02 14:23:01 - [MESSAGE][WARNING] - Timeout '0' is invalid. Using default page load timeout: '30'

2020-01-02 14:23:01 - [MESSAGE][PASSED] - Object 'Object Repository/MERCHANT/Inventory Page/For Edit/textlabel_for edit' is visible

2020-01-02 14:23:01 - [TEST_STEP][PASSED] - delay(1): Delayed 1 second(s)

2020-01-02 14:23:02 - [MESSAGE][PASSED] - Delayed 1 second(s)

2020-01-02 14:23:02 - [TEST_STEP][PASSED] - waitForElementVisible(findTestObject("MERCHANT/Inventory Page/Item Details/icon_edit"), 0): Object 'Object Repository/MERCHANT/Inventory Page/Item Details/icon_edit' is visible

2020-01-02 14:23:02 - [MESSAGE][WARNING] - Timeout '0' is invalid. Using default page load timeout: '30'

2020-01-02 14:23:02 - [MESSAGE][PASSED] - Object 'Object Repository/MERCHANT/Inventory Page/Item Details/icon_edit' is visible

2020-01-02 14:23:02 - [TEST_STEP][PASSED] - click(findTestObject("MERCHANT/Inventory Page/Item Details/icon_edit"), CONTINUE_ON_FAILURE): Object: 'Object Repository/MERCHANT/Inventory Page/Item Details/icon_edit' is clicked on

2020-01-02 14:23:04 - [MESSAGE][PASSED] - Object: 'Object Repository/MERCHANT/Inventory Page/Item Details/icon_edit' is clicked on

2020-01-02 14:23:04 - [TEST_STEP][PASSED] - waitForElementVisible(findTestObject("MERCHANT/Upload Item Page/Item Upload/textbox_listing-name"), 0): Object 'Object Repository/MERCHANT/Upload Item Page/Item Upload/textbox_listing-name' is visible

2020-01-02 14:23:04 - [MESSAGE][WARNING] - Timeout '0' is invalid. Using default page load timeout: '30'

2020-01-02 14:23:05 - [MESSAGE][PASSED] - Object 'Object Repository/MERCHANT/Upload Item Page/Item Upload/textbox_listing-name' is visible

2020-01-02 14:23:05 - [MESSAGE][INFO] - =================== Smart XPath Report =======================

2020-01-02 14:23:05 - [MESSAGE][INFO] - Refer to the link below to preview and approve auto healing on broken test objects.

2020-01-02 14:23:05 - [MESSAGE][INFO] - https://docs.katalon.com/katalon-studio/docs/auto-healing-smart-xpath.html

2020-01-02 14:23:05 - [MESSAGE][INFO] - ===============================================================

2020-01-02 14:23:05 - [MESSAGE][PASSED] - Call Test Case 'Test Cases/MERCHANT/Edit Item/Edit Item Scenario/TC001' successfully

2020-01-02 14:23:05 - [TEST_STEP][PASSED] - waitForElementVisible(findTestObject("MERCHANT/Upload Item Page/Item Upload/textbox_listing-name"), 0): Object 'Object Repository/MERCHANT/Upload Item Page/Item Upload/textbox_listing-name' is visible

2020-01-02 14:23:05 - [MESSAGE][WARNING] - Timeout '0' is invalid. Using default page load timeout: '30'

2020-01-02 14:23:05 - [MESSAGE][PASSED] - Object 'Object Repository/MERCHANT/Upload Item Page/Item Upload/textbox_listing-name' is visible

2020-01-02 14:23:05 - [TEST_STEP][PASSED] - setText(findTestObject("MERCHANT/Upload Item Page/Item Upload/textbox_listing-name"), ""): Text '' is set on object 'Object Repository/MERCHANT/Upload Item Page/Item Upload/textbox_listing-name'

2020-01-02 14:23:05 - [MESSAGE][PASSED] - Text '' is set on object 'Object Repository/MERCHANT/Upload Item Page/Item Upload/textbox_listing-name'

2020-01-02 14:23:05 - [TEST_STEP][PASSED] - click(findTestObject("MERCHANT/Upload Item Page/Item Upload/button_Upload Now"), CONTINUE_ON_FAILURE): Object: 'Object Repository/MERCHANT/Upload Item Page/Item Upload/button_Upload Now' is clicked on

2020-01-02 14:23:05 - [MESSAGE][PASSED] - Object: 'Object Repository/MERCHANT/Upload Item Page/Item Upload/button_Upload Now' is clicked on

2020-01-02 14:23:05 - [TEST_STEP][PASSED] - waitForElementVisible(findTestObject("MERCHANT/Upload Item Page/Edit Item/error mandatory"), 0): Object 'Object Repository/MERCHANT/Upload Item Page/Edit Item/error mandatory' is visible

2020-01-02 14:23:05 - [MESSAGE][WARNING] - Timeout '0' is invalid. Using default page load timeout: '30'

2020-01-02 14:23:05 - [MESSAGE][PASSED] - Object 'Object Repository/MERCHANT/Upload Item Page/Edit Item/error mandatory' is visible

2020-01-02 14:23:05 - [TEST_STEP][PASSED] - waitForElementNotPresent(findTestObject("MERCHANT/Upload Item Page/Edit Item/error mandatory"), 0): Web element with id: 'Object Repository/MERCHANT/Upload Item Page/Edit Item/error mandatory' located by 'By.xpath: //*[(text() = 'Missing mandatory fields' or . = 'Missing mandatory fields') and @class = 'toast-message']' is not present after '30' second(s)

2020-01-02 14:23:05 - [MESSAGE][WARNING] - Timeout '0' is invalid. Using default page load timeout: '30'

2020-01-02 14:23:11 - [MESSAGE][PASSED] - Web element with id: 'Object Repository/MERCHANT/Upload Item Page/Edit Item/error mandatory' located by 'By.xpath: //*[(text() = 'Missing mandatory fields' or . = 'Missing mandatory fields') and @class = 'toast-message']' is not present after '30' second(s)]]></system-out>
         <system-err><![CDATA[]]></system-err>
      </testcase>
      <testcase name="Test Cases/MERCHANT/Edit Item/Edit Item Scenario/TC003" time="16.412" classname="Test Cases/MERCHANT/Edit Item/Edit Item Scenario/TC003" status="PASSED">
         <system-out><![CDATA[2020-01-02 14:23:11 - [TEST_CASE][PASSED] - Test Cases/MERCHANT/Edit Item/Edit Item Scenario/TC003: Test Cases/MERCHANT/Edit Item/Edit Item Scenario/TC003

2020-01-02 14:23:12 - [TEST_STEP][PASSED] - callTestCase(findTestCase("MERCHANT/Edit Item/Edit Item Scenario/TC001"), [:], CONTINUE_ON_FAILURE): Call Test Case 'Test Cases/MERCHANT/Edit Item/Edit Item Scenario/TC001' successfully

2020-01-02 14:23:12 - [TEST_CASE][PASSED] - Test Cases/MERCHANT/Edit Item/Edit Item Scenario/TC001: Test Cases/MERCHANT/Edit Item/Edit Item Scenario/TC001

2020-01-02 14:23:12 - [TEST_STEP][PASSED] - click(findTestObject("Utilities/Header/Merchant Header/linktext_Your Items"), CONTINUE_ON_FAILURE): Object: 'Object Repository/Utilities/Header/Merchant Header/linktext_Your Items' is clicked on

2020-01-02 14:23:15 - [MESSAGE][PASSED] - Object: 'Object Repository/Utilities/Header/Merchant Header/linktext_Your Items' is clicked on

2020-01-02 14:23:15 - [TEST_STEP][PASSED] - waitForElementVisible(findTestObject("MERCHANT/Inventory Page/textbox_search-item"), 0): Object 'Object Repository/MERCHANT/Inventory Page/textbox_search-item' is visible

2020-01-02 14:23:15 - [MESSAGE][WARNING] - Timeout '0' is invalid. Using default page load timeout: '30'

2020-01-02 14:23:15 - [MESSAGE][PASSED] - Object 'Object Repository/MERCHANT/Inventory Page/textbox_search-item' is visible

2020-01-02 14:23:15 - [TEST_STEP][PASSED] - setText(findTestObject("MERCHANT/Inventory Page/textbox_search-item"), "ITEM FOR EDIT"): Text 'ITEM FOR EDIT' is set on object 'Object Repository/MERCHANT/Inventory Page/textbox_search-item'

2020-01-02 14:23:15 - [MESSAGE][PASSED] - Text 'ITEM FOR EDIT' is set on object 'Object Repository/MERCHANT/Inventory Page/textbox_search-item'

2020-01-02 14:23:15 - [TEST_STEP][PASSED] - delay(1): Delayed 1 second(s)

2020-01-02 14:23:16 - [MESSAGE][PASSED] - Delayed 1 second(s)

2020-01-02 14:23:16 - [TEST_STEP][PASSED] - sendKeys(findTestObject("MERCHANT/Inventory Page/textbox_search-item"), Keys.chord(ENTER)): Keys 'ENTER + ' sent to object: 'Object Repository/MERCHANT/Inventory Page/textbox_search-item'

2020-01-02 14:23:16 - [MESSAGE][PASSED] - Keys 'ENTER + ' sent to object: 'Object Repository/MERCHANT/Inventory Page/textbox_search-item'

2020-01-02 14:23:16 - [TEST_STEP][PASSED] - delay(1): Delayed 1 second(s)

2020-01-02 14:23:17 - [MESSAGE][PASSED] - Delayed 1 second(s)

2020-01-02 14:23:17 - [TEST_STEP][PASSED] - waitForElementVisible(findTestObject("MERCHANT/Inventory Page/For Edit/textlabel_for edit"), 0): Object 'Object Repository/MERCHANT/Inventory Page/For Edit/textlabel_for edit' is visible

2020-01-02 14:23:17 - [MESSAGE][WARNING] - Timeout '0' is invalid. Using default page load timeout: '30'

2020-01-02 14:23:17 - [MESSAGE][PASSED] - Object 'Object Repository/MERCHANT/Inventory Page/For Edit/textlabel_for edit' is visible

2020-01-02 14:23:17 - [TEST_STEP][PASSED] - delay(1): Delayed 1 second(s)

2020-01-02 14:23:18 - [MESSAGE][PASSED] - Delayed 1 second(s)

2020-01-02 14:23:18 - [TEST_STEP][PASSED] - waitForElementVisible(findTestObject("MERCHANT/Inventory Page/Item Details/icon_edit"), 0): Object 'Object Repository/MERCHANT/Inventory Page/Item Details/icon_edit' is visible

2020-01-02 14:23:18 - [MESSAGE][WARNING] - Timeout '0' is invalid. Using default page load timeout: '30'

2020-01-02 14:23:19 - [MESSAGE][PASSED] - Object 'Object Repository/MERCHANT/Inventory Page/Item Details/icon_edit' is visible

2020-01-02 14:23:19 - [TEST_STEP][PASSED] - click(findTestObject("MERCHANT/Inventory Page/Item Details/icon_edit"), CONTINUE_ON_FAILURE): Object: 'Object Repository/MERCHANT/Inventory Page/Item Details/icon_edit' is clicked on

2020-01-02 14:23:21 - [MESSAGE][PASSED] - Object: 'Object Repository/MERCHANT/Inventory Page/Item Details/icon_edit' is clicked on

2020-01-02 14:23:21 - [TEST_STEP][PASSED] - waitForElementVisible(findTestObject("MERCHANT/Upload Item Page/Item Upload/textbox_listing-name"), 0): Object 'Object Repository/MERCHANT/Upload Item Page/Item Upload/textbox_listing-name' is visible

2020-01-02 14:23:21 - [MESSAGE][WARNING] - Timeout '0' is invalid. Using default page load timeout: '30'

2020-01-02 14:23:21 - [MESSAGE][PASSED] - Object 'Object Repository/MERCHANT/Upload Item Page/Item Upload/textbox_listing-name' is visible

2020-01-02 14:23:21 - [MESSAGE][INFO] - =================== Smart XPath Report =======================

2020-01-02 14:23:21 - [MESSAGE][INFO] - Refer to the link below to preview and approve auto healing on broken test objects.

2020-01-02 14:23:21 - [MESSAGE][INFO] - https://docs.katalon.com/katalon-studio/docs/auto-healing-smart-xpath.html

2020-01-02 14:23:21 - [MESSAGE][INFO] - ===============================================================

2020-01-02 14:23:21 - [MESSAGE][PASSED] - Call Test Case 'Test Cases/MERCHANT/Edit Item/Edit Item Scenario/TC001' successfully

2020-01-02 14:23:21 - [TEST_STEP][PASSED] - waitForElementVisible(findTestObject("MERCHANT/Upload Item Page/Item Upload/textbox_item-description"), 0): Object 'Object Repository/MERCHANT/Upload Item Page/Item Upload/textbox_item-description' is visible

2020-01-02 14:23:21 - [MESSAGE][WARNING] - Timeout '0' is invalid. Using default page load timeout: '30'

2020-01-02 14:23:21 - [MESSAGE][PASSED] - Object 'Object Repository/MERCHANT/Upload Item Page/Item Upload/textbox_item-description' is visible

2020-01-02 14:23:21 - [TEST_STEP][PASSED] - setText(findTestObject("MERCHANT/Upload Item Page/Item Upload/textbox_item-description"), ""): Text '' is set on object 'Object Repository/MERCHANT/Upload Item Page/Item Upload/textbox_item-description'

2020-01-02 14:23:22 - [MESSAGE][PASSED] - Text '' is set on object 'Object Repository/MERCHANT/Upload Item Page/Item Upload/textbox_item-description'

2020-01-02 14:23:22 - [TEST_STEP][PASSED] - click(findTestObject("MERCHANT/Upload Item Page/Item Upload/button_Upload Now"), CONTINUE_ON_FAILURE): Object: 'Object Repository/MERCHANT/Upload Item Page/Item Upload/button_Upload Now' is clicked on

2020-01-02 14:23:22 - [MESSAGE][PASSED] - Object: 'Object Repository/MERCHANT/Upload Item Page/Item Upload/button_Upload Now' is clicked on

2020-01-02 14:23:22 - [TEST_STEP][PASSED] - waitForElementVisible(findTestObject("MERCHANT/Upload Item Page/Edit Item/error mandatory"), 0): Object 'Object Repository/MERCHANT/Upload Item Page/Edit Item/error mandatory' is visible

2020-01-02 14:23:22 - [MESSAGE][WARNING] - Timeout '0' is invalid. Using default page load timeout: '30'

2020-01-02 14:23:22 - [MESSAGE][PASSED] - Object 'Object Repository/MERCHANT/Upload Item Page/Edit Item/error mandatory' is visible

2020-01-02 14:23:22 - [TEST_STEP][PASSED] - waitForElementNotPresent(findTestObject("MERCHANT/Upload Item Page/Edit Item/error mandatory"), 0): Web element with id: 'Object Repository/MERCHANT/Upload Item Page/Edit Item/error mandatory' located by 'By.xpath: //*[(text() = 'Missing mandatory fields' or . = 'Missing mandatory fields') and @class = 'toast-message']' is not present after '30' second(s)

2020-01-02 14:23:22 - [MESSAGE][WARNING] - Timeout '0' is invalid. Using default page load timeout: '30'

2020-01-02 14:23:28 - [MESSAGE][PASSED] - Web element with id: 'Object Repository/MERCHANT/Upload Item Page/Edit Item/error mandatory' located by 'By.xpath: //*[(text() = 'Missing mandatory fields' or . = 'Missing mandatory fields') and @class = 'toast-message']' is not present after '30' second(s)]]></system-out>
         <system-err><![CDATA[]]></system-err>
      </testcase>
      <testcase name="Test Cases/MERCHANT/Edit Item/Edit Item Scenario/TC004" time="14.967" classname="Test Cases/MERCHANT/Edit Item/Edit Item Scenario/TC004" status="PASSED">
         <system-out><![CDATA[2020-01-02 14:23:28 - [TEST_CASE][PASSED] - Test Cases/MERCHANT/Edit Item/Edit Item Scenario/TC004: Test Cases/MERCHANT/Edit Item/Edit Item Scenario/TC004

2020-01-02 14:23:28 - [TEST_STEP][PASSED] - callTestCase(findTestCase("MERCHANT/Edit Item/Edit Item Scenario/TC001"), [:], CONTINUE_ON_FAILURE): Call Test Case 'Test Cases/MERCHANT/Edit Item/Edit Item Scenario/TC001' successfully

2020-01-02 14:23:28 - [TEST_CASE][PASSED] - Test Cases/MERCHANT/Edit Item/Edit Item Scenario/TC001: Test Cases/MERCHANT/Edit Item/Edit Item Scenario/TC001

2020-01-02 14:23:28 - [TEST_STEP][PASSED] - click(findTestObject("Utilities/Header/Merchant Header/linktext_Your Items"), CONTINUE_ON_FAILURE): Object: 'Object Repository/Utilities/Header/Merchant Header/linktext_Your Items' is clicked on

2020-01-02 14:23:30 - [MESSAGE][PASSED] - Object: 'Object Repository/Utilities/Header/Merchant Header/linktext_Your Items' is clicked on

2020-01-02 14:23:30 - [TEST_STEP][PASSED] - waitForElementVisible(findTestObject("MERCHANT/Inventory Page/textbox_search-item"), 0): Object 'Object Repository/MERCHANT/Inventory Page/textbox_search-item' is visible

2020-01-02 14:23:30 - [MESSAGE][WARNING] - Timeout '0' is invalid. Using default page load timeout: '30'

2020-01-02 14:23:30 - [MESSAGE][PASSED] - Object 'Object Repository/MERCHANT/Inventory Page/textbox_search-item' is visible

2020-01-02 14:23:30 - [TEST_STEP][PASSED] - setText(findTestObject("MERCHANT/Inventory Page/textbox_search-item"), "ITEM FOR EDIT"): Text 'ITEM FOR EDIT' is set on object 'Object Repository/MERCHANT/Inventory Page/textbox_search-item'

2020-01-02 14:23:31 - [MESSAGE][PASSED] - Text 'ITEM FOR EDIT' is set on object 'Object Repository/MERCHANT/Inventory Page/textbox_search-item'

2020-01-02 14:23:31 - [TEST_STEP][PASSED] - delay(1): Delayed 1 second(s)

2020-01-02 14:23:32 - [MESSAGE][PASSED] - Delayed 1 second(s)

2020-01-02 14:23:32 - [TEST_STEP][PASSED] - sendKeys(findTestObject("MERCHANT/Inventory Page/textbox_search-item"), Keys.chord(ENTER)): Keys 'ENTER + ' sent to object: 'Object Repository/MERCHANT/Inventory Page/textbox_search-item'

2020-01-02 14:23:32 - [MESSAGE][PASSED] - Keys 'ENTER + ' sent to object: 'Object Repository/MERCHANT/Inventory Page/textbox_search-item'

2020-01-02 14:23:32 - [TEST_STEP][PASSED] - delay(1): Delayed 1 second(s)

2020-01-02 14:23:33 - [MESSAGE][PASSED] - Delayed 1 second(s)

2020-01-02 14:23:33 - [TEST_STEP][PASSED] - waitForElementVisible(findTestObject("MERCHANT/Inventory Page/For Edit/textlabel_for edit"), 0): Object 'Object Repository/MERCHANT/Inventory Page/For Edit/textlabel_for edit' is visible

2020-01-02 14:23:33 - [MESSAGE][WARNING] - Timeout '0' is invalid. Using default page load timeout: '30'

2020-01-02 14:23:33 - [MESSAGE][PASSED] - Object 'Object Repository/MERCHANT/Inventory Page/For Edit/textlabel_for edit' is visible

2020-01-02 14:23:33 - [TEST_STEP][PASSED] - delay(1): Delayed 1 second(s)

2020-01-02 14:23:34 - [MESSAGE][PASSED] - Delayed 1 second(s)

2020-01-02 14:23:34 - [TEST_STEP][PASSED] - waitForElementVisible(findTestObject("MERCHANT/Inventory Page/Item Details/icon_edit"), 0): Object 'Object Repository/MERCHANT/Inventory Page/Item Details/icon_edit' is visible

2020-01-02 14:23:34 - [MESSAGE][WARNING] - Timeout '0' is invalid. Using default page load timeout: '30'

2020-01-02 14:23:34 - [MESSAGE][PASSED] - Object 'Object Repository/MERCHANT/Inventory Page/Item Details/icon_edit' is visible

2020-01-02 14:23:34 - [TEST_STEP][PASSED] - click(findTestObject("MERCHANT/Inventory Page/Item Details/icon_edit"), CONTINUE_ON_FAILURE): Object: 'Object Repository/MERCHANT/Inventory Page/Item Details/icon_edit' is clicked on

2020-01-02 14:23:36 - [MESSAGE][PASSED] - Object: 'Object Repository/MERCHANT/Inventory Page/Item Details/icon_edit' is clicked on

2020-01-02 14:23:36 - [TEST_STEP][PASSED] - waitForElementVisible(findTestObject("MERCHANT/Upload Item Page/Item Upload/textbox_listing-name"), 0): Object 'Object Repository/MERCHANT/Upload Item Page/Item Upload/textbox_listing-name' is visible

2020-01-02 14:23:36 - [MESSAGE][WARNING] - Timeout '0' is invalid. Using default page load timeout: '30'

2020-01-02 14:23:36 - [MESSAGE][PASSED] - Object 'Object Repository/MERCHANT/Upload Item Page/Item Upload/textbox_listing-name' is visible

2020-01-02 14:23:36 - [MESSAGE][INFO] - =================== Smart XPath Report =======================

2020-01-02 14:23:36 - [MESSAGE][INFO] - Refer to the link below to preview and approve auto healing on broken test objects.

2020-01-02 14:23:36 - [MESSAGE][INFO] - https://docs.katalon.com/katalon-studio/docs/auto-healing-smart-xpath.html

2020-01-02 14:23:36 - [MESSAGE][INFO] - ===============================================================

2020-01-02 14:23:36 - [MESSAGE][PASSED] - Call Test Case 'Test Cases/MERCHANT/Edit Item/Edit Item Scenario/TC001' successfully

2020-01-02 14:23:36 - [TEST_STEP][PASSED] - waitForElementVisible(findTestObject("MERCHANT/Upload Item Page/Edit Item/delete image"), 0): Object 'Object Repository/MERCHANT/Upload Item Page/Edit Item/delete image' is visible

2020-01-02 14:23:36 - [MESSAGE][WARNING] - Timeout '0' is invalid. Using default page load timeout: '30'

2020-01-02 14:23:36 - [MESSAGE][PASSED] - Object 'Object Repository/MERCHANT/Upload Item Page/Edit Item/delete image' is visible

2020-01-02 14:23:36 - [TEST_STEP][PASSED] - click(findTestObject("MERCHANT/Upload Item Page/Edit Item/delete image"), CONTINUE_ON_FAILURE): Object: 'Object Repository/MERCHANT/Upload Item Page/Edit Item/delete image' is clicked on

2020-01-02 14:23:37 - [MESSAGE][PASSED] - Object: 'Object Repository/MERCHANT/Upload Item Page/Edit Item/delete image' is clicked on

2020-01-02 14:23:37 - [TEST_STEP][PASSED] - click(findTestObject("MERCHANT/Upload Item Page/Item Upload/button_Upload Now"), CONTINUE_ON_FAILURE): Object: 'Object Repository/MERCHANT/Upload Item Page/Item Upload/button_Upload Now' is clicked on

2020-01-02 14:23:37 - [MESSAGE][PASSED] - Object: 'Object Repository/MERCHANT/Upload Item Page/Item Upload/button_Upload Now' is clicked on

2020-01-02 14:23:37 - [TEST_STEP][PASSED] - waitForElementVisible(findTestObject("MERCHANT/Upload Item Page/Edit Item/error mandatory"), 0): Object 'Object Repository/MERCHANT/Upload Item Page/Edit Item/error mandatory' is visible

2020-01-02 14:23:37 - [MESSAGE][WARNING] - Timeout '0' is invalid. Using default page load timeout: '30'

2020-01-02 14:23:37 - [MESSAGE][PASSED] - Object 'Object Repository/MERCHANT/Upload Item Page/Edit Item/error mandatory' is visible

2020-01-02 14:23:37 - [TEST_STEP][PASSED] - waitForElementNotPresent(findTestObject("MERCHANT/Upload Item Page/Edit Item/error mandatory"), 0): Web element with id: 'Object Repository/MERCHANT/Upload Item Page/Edit Item/error mandatory' located by 'By.xpath: //*[(text() = 'Missing mandatory fields' or . = 'Missing mandatory fields') and @class = 'toast-message']' is not present after '30' second(s)

2020-01-02 14:23:37 - [MESSAGE][WARNING] - Timeout '0' is invalid. Using default page load timeout: '30'

2020-01-02 14:23:43 - [MESSAGE][PASSED] - Web element with id: 'Object Repository/MERCHANT/Upload Item Page/Edit Item/error mandatory' located by 'By.xpath: //*[(text() = 'Missing mandatory fields' or . = 'Missing mandatory fields') and @class = 'toast-message']' is not present after '30' second(s)]]></system-out>
         <system-err><![CDATA[]]></system-err>
      </testcase>
      <testcase name="Test Cases/MERCHANT/Edit Item/Edit Item Scenario/TC005" time="15.623" classname="Test Cases/MERCHANT/Edit Item/Edit Item Scenario/TC005" status="PASSED">
         <system-out><![CDATA[2020-01-02 14:23:43 - [TEST_CASE][PASSED] - Test Cases/MERCHANT/Edit Item/Edit Item Scenario/TC005: Test Cases/MERCHANT/Edit Item/Edit Item Scenario/TC005

2020-01-02 14:23:43 - [TEST_STEP][PASSED] - callTestCase(findTestCase("MERCHANT/Edit Item/Edit Item Scenario/TC001"), [:], CONTINUE_ON_FAILURE): Call Test Case 'Test Cases/MERCHANT/Edit Item/Edit Item Scenario/TC001' successfully

2020-01-02 14:23:43 - [TEST_CASE][PASSED] - Test Cases/MERCHANT/Edit Item/Edit Item Scenario/TC001: Test Cases/MERCHANT/Edit Item/Edit Item Scenario/TC001

2020-01-02 14:23:43 - [TEST_STEP][PASSED] - click(findTestObject("Utilities/Header/Merchant Header/linktext_Your Items"), CONTINUE_ON_FAILURE): Object: 'Object Repository/Utilities/Header/Merchant Header/linktext_Your Items' is clicked on

2020-01-02 14:23:45 - [MESSAGE][PASSED] - Object: 'Object Repository/Utilities/Header/Merchant Header/linktext_Your Items' is clicked on

2020-01-02 14:23:45 - [TEST_STEP][PASSED] - waitForElementVisible(findTestObject("MERCHANT/Inventory Page/textbox_search-item"), 0): Object 'Object Repository/MERCHANT/Inventory Page/textbox_search-item' is visible

2020-01-02 14:23:45 - [MESSAGE][WARNING] - Timeout '0' is invalid. Using default page load timeout: '30'

2020-01-02 14:23:45 - [MESSAGE][PASSED] - Object 'Object Repository/MERCHANT/Inventory Page/textbox_search-item' is visible

2020-01-02 14:23:45 - [TEST_STEP][PASSED] - setText(findTestObject("MERCHANT/Inventory Page/textbox_search-item"), "ITEM FOR EDIT"): Text 'ITEM FOR EDIT' is set on object 'Object Repository/MERCHANT/Inventory Page/textbox_search-item'

2020-01-02 14:23:46 - [MESSAGE][PASSED] - Text 'ITEM FOR EDIT' is set on object 'Object Repository/MERCHANT/Inventory Page/textbox_search-item'

2020-01-02 14:23:46 - [TEST_STEP][PASSED] - delay(1): Delayed 1 second(s)

2020-01-02 14:23:47 - [MESSAGE][PASSED] - Delayed 1 second(s)

2020-01-02 14:23:47 - [TEST_STEP][PASSED] - sendKeys(findTestObject("MERCHANT/Inventory Page/textbox_search-item"), Keys.chord(ENTER)): Keys 'ENTER + ' sent to object: 'Object Repository/MERCHANT/Inventory Page/textbox_search-item'

2020-01-02 14:23:47 - [MESSAGE][PASSED] - Keys 'ENTER + ' sent to object: 'Object Repository/MERCHANT/Inventory Page/textbox_search-item'

2020-01-02 14:23:47 - [TEST_STEP][PASSED] - delay(1): Delayed 1 second(s)

2020-01-02 14:23:48 - [MESSAGE][PASSED] - Delayed 1 second(s)

2020-01-02 14:23:48 - [TEST_STEP][PASSED] - waitForElementVisible(findTestObject("MERCHANT/Inventory Page/For Edit/textlabel_for edit"), 0): Object 'Object Repository/MERCHANT/Inventory Page/For Edit/textlabel_for edit' is visible

2020-01-02 14:23:48 - [MESSAGE][WARNING] - Timeout '0' is invalid. Using default page load timeout: '30'

2020-01-02 14:23:48 - [MESSAGE][PASSED] - Object 'Object Repository/MERCHANT/Inventory Page/For Edit/textlabel_for edit' is visible

2020-01-02 14:23:48 - [TEST_STEP][PASSED] - delay(1): Delayed 1 second(s)

2020-01-02 14:23:49 - [MESSAGE][PASSED] - Delayed 1 second(s)

2020-01-02 14:23:49 - [TEST_STEP][PASSED] - waitForElementVisible(findTestObject("MERCHANT/Inventory Page/Item Details/icon_edit"), 0): Object 'Object Repository/MERCHANT/Inventory Page/Item Details/icon_edit' is visible

2020-01-02 14:23:49 - [MESSAGE][WARNING] - Timeout '0' is invalid. Using default page load timeout: '30'

2020-01-02 14:23:49 - [MESSAGE][PASSED] - Object 'Object Repository/MERCHANT/Inventory Page/Item Details/icon_edit' is visible

2020-01-02 14:23:49 - [TEST_STEP][PASSED] - click(findTestObject("MERCHANT/Inventory Page/Item Details/icon_edit"), CONTINUE_ON_FAILURE): Object: 'Object Repository/MERCHANT/Inventory Page/Item Details/icon_edit' is clicked on

2020-01-02 14:23:52 - [MESSAGE][PASSED] - Object: 'Object Repository/MERCHANT/Inventory Page/Item Details/icon_edit' is clicked on

2020-01-02 14:23:52 - [TEST_STEP][PASSED] - waitForElementVisible(findTestObject("MERCHANT/Upload Item Page/Item Upload/textbox_listing-name"), 0): Object 'Object Repository/MERCHANT/Upload Item Page/Item Upload/textbox_listing-name' is visible

2020-01-02 14:23:52 - [MESSAGE][WARNING] - Timeout '0' is invalid. Using default page load timeout: '30'

2020-01-02 14:23:52 - [MESSAGE][PASSED] - Object 'Object Repository/MERCHANT/Upload Item Page/Item Upload/textbox_listing-name' is visible

2020-01-02 14:23:52 - [MESSAGE][INFO] - =================== Smart XPath Report =======================

2020-01-02 14:23:52 - [MESSAGE][INFO] - Refer to the link below to preview and approve auto healing on broken test objects.

2020-01-02 14:23:52 - [MESSAGE][INFO] - https://docs.katalon.com/katalon-studio/docs/auto-healing-smart-xpath.html

2020-01-02 14:23:52 - [MESSAGE][INFO] - ===============================================================

2020-01-02 14:23:52 - [MESSAGE][PASSED] - Call Test Case 'Test Cases/MERCHANT/Edit Item/Edit Item Scenario/TC001' successfully

2020-01-02 14:23:52 - [TEST_STEP][PASSED] - waitForElementVisible(findTestObject("MERCHANT/Upload Item Page/Item Upload/textbox_item-description"), 0): Object 'Object Repository/MERCHANT/Upload Item Page/Item Upload/textbox_item-description' is visible

2020-01-02 14:23:52 - [MESSAGE][WARNING] - Timeout '0' is invalid. Using default page load timeout: '30'

2020-01-02 14:23:52 - [MESSAGE][PASSED] - Object 'Object Repository/MERCHANT/Upload Item Page/Item Upload/textbox_item-description' is visible

2020-01-02 14:23:52 - [TEST_STEP][PASSED] - setText(findTestObject("MERCHANT/Upload Item Page/Item Upload/textbox_item-description"), ""): Text '' is set on object 'Object Repository/MERCHANT/Upload Item Page/Item Upload/textbox_item-description'

2020-01-02 14:23:52 - [MESSAGE][PASSED] - Text '' is set on object 'Object Repository/MERCHANT/Upload Item Page/Item Upload/textbox_item-description'

2020-01-02 14:23:52 - [TEST_STEP][PASSED] - click(findTestObject("MERCHANT/Upload Item Page/Item Upload/button_Upload Now"), CONTINUE_ON_FAILURE): Object: 'Object Repository/MERCHANT/Upload Item Page/Item Upload/button_Upload Now' is clicked on

2020-01-02 14:23:52 - [MESSAGE][PASSED] - Object: 'Object Repository/MERCHANT/Upload Item Page/Item Upload/button_Upload Now' is clicked on

2020-01-02 14:23:52 - [TEST_STEP][PASSED] - waitForElementVisible(findTestObject("MERCHANT/Upload Item Page/Edit Item/error mandatory"), 0): Object 'Object Repository/MERCHANT/Upload Item Page/Edit Item/error mandatory' is visible

2020-01-02 14:23:52 - [MESSAGE][WARNING] - Timeout '0' is invalid. Using default page load timeout: '30'

2020-01-02 14:23:53 - [MESSAGE][PASSED] - Object 'Object Repository/MERCHANT/Upload Item Page/Edit Item/error mandatory' is visible

2020-01-02 14:23:53 - [TEST_STEP][PASSED] - waitForElementNotPresent(findTestObject("MERCHANT/Upload Item Page/Edit Item/error mandatory"), 0): Web element with id: 'Object Repository/MERCHANT/Upload Item Page/Edit Item/error mandatory' located by 'By.xpath: //*[(text() = 'Missing mandatory fields' or . = 'Missing mandatory fields') and @class = 'toast-message']' is not present after '30' second(s)

2020-01-02 14:23:53 - [MESSAGE][WARNING] - Timeout '0' is invalid. Using default page load timeout: '30'

2020-01-02 14:23:58 - [MESSAGE][PASSED] - Web element with id: 'Object Repository/MERCHANT/Upload Item Page/Edit Item/error mandatory' located by 'By.xpath: //*[(text() = 'Missing mandatory fields' or . = 'Missing mandatory fields') and @class = 'toast-message']' is not present after '30' second(s)]]></system-out>
         <system-err><![CDATA[]]></system-err>
      </testcase>
      <testcase name="Test Cases/MERCHANT/Edit Item/Edit Item Scenario/TC006" time="16.092" classname="Test Cases/MERCHANT/Edit Item/Edit Item Scenario/TC006" status="PASSED">
         <system-out><![CDATA[2020-01-02 14:23:58 - [TEST_CASE][PASSED] - Test Cases/MERCHANT/Edit Item/Edit Item Scenario/TC006: Test Cases/MERCHANT/Edit Item/Edit Item Scenario/TC006

2020-01-02 14:23:59 - [TEST_STEP][PASSED] - callTestCase(findTestCase("MERCHANT/Edit Item/Edit Item Scenario/TC001"), [:], CONTINUE_ON_FAILURE): Call Test Case 'Test Cases/MERCHANT/Edit Item/Edit Item Scenario/TC001' successfully

2020-01-02 14:23:59 - [TEST_CASE][PASSED] - Test Cases/MERCHANT/Edit Item/Edit Item Scenario/TC001: Test Cases/MERCHANT/Edit Item/Edit Item Scenario/TC001

2020-01-02 14:23:59 - [TEST_STEP][PASSED] - click(findTestObject("Utilities/Header/Merchant Header/linktext_Your Items"), CONTINUE_ON_FAILURE): Object: 'Object Repository/Utilities/Header/Merchant Header/linktext_Your Items' is clicked on

2020-01-02 14:24:02 - [MESSAGE][PASSED] - Object: 'Object Repository/Utilities/Header/Merchant Header/linktext_Your Items' is clicked on

2020-01-02 14:24:02 - [TEST_STEP][PASSED] - waitForElementVisible(findTestObject("MERCHANT/Inventory Page/textbox_search-item"), 0): Object 'Object Repository/MERCHANT/Inventory Page/textbox_search-item' is visible

2020-01-02 14:24:02 - [MESSAGE][WARNING] - Timeout '0' is invalid. Using default page load timeout: '30'

2020-01-02 14:24:02 - [MESSAGE][PASSED] - Object 'Object Repository/MERCHANT/Inventory Page/textbox_search-item' is visible

2020-01-02 14:24:02 - [TEST_STEP][PASSED] - setText(findTestObject("MERCHANT/Inventory Page/textbox_search-item"), "ITEM FOR EDIT"): Text 'ITEM FOR EDIT' is set on object 'Object Repository/MERCHANT/Inventory Page/textbox_search-item'

2020-01-02 14:24:02 - [MESSAGE][PASSED] - Text 'ITEM FOR EDIT' is set on object 'Object Repository/MERCHANT/Inventory Page/textbox_search-item'

2020-01-02 14:24:02 - [TEST_STEP][PASSED] - delay(1): Delayed 1 second(s)

2020-01-02 14:24:03 - [MESSAGE][PASSED] - Delayed 1 second(s)

2020-01-02 14:24:03 - [TEST_STEP][PASSED] - sendKeys(findTestObject("MERCHANT/Inventory Page/textbox_search-item"), Keys.chord(ENTER)): Keys 'ENTER + ' sent to object: 'Object Repository/MERCHANT/Inventory Page/textbox_search-item'

2020-01-02 14:24:03 - [MESSAGE][PASSED] - Keys 'ENTER + ' sent to object: 'Object Repository/MERCHANT/Inventory Page/textbox_search-item'

2020-01-02 14:24:03 - [TEST_STEP][PASSED] - delay(1): Delayed 1 second(s)

2020-01-02 14:24:04 - [MESSAGE][PASSED] - Delayed 1 second(s)

2020-01-02 14:24:04 - [TEST_STEP][PASSED] - waitForElementVisible(findTestObject("MERCHANT/Inventory Page/For Edit/textlabel_for edit"), 0): Object 'Object Repository/MERCHANT/Inventory Page/For Edit/textlabel_for edit' is visible

2020-01-02 14:24:04 - [MESSAGE][WARNING] - Timeout '0' is invalid. Using default page load timeout: '30'

2020-01-02 14:24:04 - [MESSAGE][PASSED] - Object 'Object Repository/MERCHANT/Inventory Page/For Edit/textlabel_for edit' is visible

2020-01-02 14:24:04 - [TEST_STEP][PASSED] - delay(1): Delayed 1 second(s)

2020-01-02 14:24:05 - [MESSAGE][PASSED] - Delayed 1 second(s)

2020-01-02 14:24:05 - [TEST_STEP][PASSED] - waitForElementVisible(findTestObject("MERCHANT/Inventory Page/Item Details/icon_edit"), 0): Object 'Object Repository/MERCHANT/Inventory Page/Item Details/icon_edit' is visible

2020-01-02 14:24:05 - [MESSAGE][WARNING] - Timeout '0' is invalid. Using default page load timeout: '30'

2020-01-02 14:24:05 - [MESSAGE][PASSED] - Object 'Object Repository/MERCHANT/Inventory Page/Item Details/icon_edit' is visible

2020-01-02 14:24:05 - [TEST_STEP][PASSED] - click(findTestObject("MERCHANT/Inventory Page/Item Details/icon_edit"), CONTINUE_ON_FAILURE): Object: 'Object Repository/MERCHANT/Inventory Page/Item Details/icon_edit' is clicked on

2020-01-02 14:24:08 - [MESSAGE][PASSED] - Object: 'Object Repository/MERCHANT/Inventory Page/Item Details/icon_edit' is clicked on

2020-01-02 14:24:08 - [TEST_STEP][PASSED] - waitForElementVisible(findTestObject("MERCHANT/Upload Item Page/Item Upload/textbox_listing-name"), 0): Object 'Object Repository/MERCHANT/Upload Item Page/Item Upload/textbox_listing-name' is visible

2020-01-02 14:24:08 - [MESSAGE][WARNING] - Timeout '0' is invalid. Using default page load timeout: '30'

2020-01-02 14:24:08 - [MESSAGE][PASSED] - Object 'Object Repository/MERCHANT/Upload Item Page/Item Upload/textbox_listing-name' is visible

2020-01-02 14:24:08 - [MESSAGE][INFO] - =================== Smart XPath Report =======================

2020-01-02 14:24:08 - [MESSAGE][INFO] - Refer to the link below to preview and approve auto healing on broken test objects.

2020-01-02 14:24:08 - [MESSAGE][INFO] - https://docs.katalon.com/katalon-studio/docs/auto-healing-smart-xpath.html

2020-01-02 14:24:08 - [MESSAGE][INFO] - ===============================================================

2020-01-02 14:24:08 - [MESSAGE][PASSED] - Call Test Case 'Test Cases/MERCHANT/Edit Item/Edit Item Scenario/TC001' successfully

2020-01-02 14:24:08 - [TEST_STEP][PASSED] - waitForElementVisible(findTestObject("MERCHANT/Upload Item Page/Edit Item/delete country"), 0): Object 'Object Repository/MERCHANT/Upload Item Page/Edit Item/delete country' is visible

2020-01-02 14:24:08 - [MESSAGE][WARNING] - Timeout '0' is invalid. Using default page load timeout: '30'

2020-01-02 14:24:08 - [MESSAGE][PASSED] - Object 'Object Repository/MERCHANT/Upload Item Page/Edit Item/delete country' is visible

2020-01-02 14:24:08 - [TEST_STEP][PASSED] - click(findTestObject("MERCHANT/Upload Item Page/Edit Item/delete country"), CONTINUE_ON_FAILURE): Object: 'Object Repository/MERCHANT/Upload Item Page/Edit Item/delete country' is clicked on

2020-01-02 14:24:08 - [MESSAGE][PASSED] - Object: 'Object Repository/MERCHANT/Upload Item Page/Edit Item/delete country' is clicked on

2020-01-02 14:24:08 - [TEST_STEP][PASSED] - click(findTestObject("MERCHANT/Upload Item Page/Item Upload/button_Upload Now"), CONTINUE_ON_FAILURE): Object: 'Object Repository/MERCHANT/Upload Item Page/Item Upload/button_Upload Now' is clicked on

2020-01-02 14:24:08 - [MESSAGE][PASSED] - Object: 'Object Repository/MERCHANT/Upload Item Page/Item Upload/button_Upload Now' is clicked on

2020-01-02 14:24:08 - [TEST_STEP][PASSED] - waitForElementVisible(findTestObject("MERCHANT/Upload Item Page/Edit Item/error mandatory"), 0): Object 'Object Repository/MERCHANT/Upload Item Page/Edit Item/error mandatory' is visible

2020-01-02 14:24:08 - [MESSAGE][WARNING] - Timeout '0' is invalid. Using default page load timeout: '30'

2020-01-02 14:24:09 - [MESSAGE][PASSED] - Object 'Object Repository/MERCHANT/Upload Item Page/Edit Item/error mandatory' is visible

2020-01-02 14:24:09 - [TEST_STEP][PASSED] - waitForElementNotPresent(findTestObject("MERCHANT/Upload Item Page/Edit Item/error mandatory"), 0): Web element with id: 'Object Repository/MERCHANT/Upload Item Page/Edit Item/error mandatory' located by 'By.xpath: //*[(text() = 'Missing mandatory fields' or . = 'Missing mandatory fields') and @class = 'toast-message']' is not present after '30' second(s)

2020-01-02 14:24:09 - [MESSAGE][WARNING] - Timeout '0' is invalid. Using default page load timeout: '30'

2020-01-02 14:24:15 - [MESSAGE][PASSED] - Web element with id: 'Object Repository/MERCHANT/Upload Item Page/Edit Item/error mandatory' located by 'By.xpath: //*[(text() = 'Missing mandatory fields' or . = 'Missing mandatory fields') and @class = 'toast-message']' is not present after '30' second(s)]]></system-out>
         <system-err><![CDATA[]]></system-err>
      </testcase>
      <testcase name="Test Cases/MERCHANT/Edit Item/Edit Item Scenario/TC007" time="16.036" classname="Test Cases/MERCHANT/Edit Item/Edit Item Scenario/TC007" status="PASSED">
         <system-out><![CDATA[2020-01-02 14:24:15 - [TEST_CASE][PASSED] - Test Cases/MERCHANT/Edit Item/Edit Item Scenario/TC007: Test Cases/MERCHANT/Edit Item/Edit Item Scenario/TC007

2020-01-02 14:24:15 - [TEST_STEP][PASSED] - callTestCase(findTestCase("MERCHANT/Edit Item/Edit Item Scenario/TC001"), [:], CONTINUE_ON_FAILURE): Call Test Case 'Test Cases/MERCHANT/Edit Item/Edit Item Scenario/TC001' successfully

2020-01-02 14:24:15 - [TEST_CASE][PASSED] - Test Cases/MERCHANT/Edit Item/Edit Item Scenario/TC001: Test Cases/MERCHANT/Edit Item/Edit Item Scenario/TC001

2020-01-02 14:24:15 - [TEST_STEP][PASSED] - click(findTestObject("Utilities/Header/Merchant Header/linktext_Your Items"), CONTINUE_ON_FAILURE): Object: 'Object Repository/Utilities/Header/Merchant Header/linktext_Your Items' is clicked on

2020-01-02 14:24:18 - [MESSAGE][PASSED] - Object: 'Object Repository/Utilities/Header/Merchant Header/linktext_Your Items' is clicked on

2020-01-02 14:24:18 - [TEST_STEP][PASSED] - waitForElementVisible(findTestObject("MERCHANT/Inventory Page/textbox_search-item"), 0): Object 'Object Repository/MERCHANT/Inventory Page/textbox_search-item' is visible

2020-01-02 14:24:18 - [MESSAGE][WARNING] - Timeout '0' is invalid. Using default page load timeout: '30'

2020-01-02 14:24:18 - [MESSAGE][PASSED] - Object 'Object Repository/MERCHANT/Inventory Page/textbox_search-item' is visible

2020-01-02 14:24:18 - [TEST_STEP][PASSED] - setText(findTestObject("MERCHANT/Inventory Page/textbox_search-item"), "ITEM FOR EDIT"): Text 'ITEM FOR EDIT' is set on object 'Object Repository/MERCHANT/Inventory Page/textbox_search-item'

2020-01-02 14:24:18 - [MESSAGE][PASSED] - Text 'ITEM FOR EDIT' is set on object 'Object Repository/MERCHANT/Inventory Page/textbox_search-item'

2020-01-02 14:24:18 - [TEST_STEP][PASSED] - delay(1): Delayed 1 second(s)

2020-01-02 14:24:19 - [MESSAGE][PASSED] - Delayed 1 second(s)

2020-01-02 14:24:19 - [TEST_STEP][PASSED] - sendKeys(findTestObject("MERCHANT/Inventory Page/textbox_search-item"), Keys.chord(ENTER)): Keys 'ENTER + ' sent to object: 'Object Repository/MERCHANT/Inventory Page/textbox_search-item'

2020-01-02 14:24:19 - [MESSAGE][PASSED] - Keys 'ENTER + ' sent to object: 'Object Repository/MERCHANT/Inventory Page/textbox_search-item'

2020-01-02 14:24:19 - [TEST_STEP][PASSED] - delay(1): Delayed 1 second(s)

2020-01-02 14:24:20 - [MESSAGE][PASSED] - Delayed 1 second(s)

2020-01-02 14:24:20 - [TEST_STEP][PASSED] - waitForElementVisible(findTestObject("MERCHANT/Inventory Page/For Edit/textlabel_for edit"), 0): Object 'Object Repository/MERCHANT/Inventory Page/For Edit/textlabel_for edit' is visible

2020-01-02 14:24:20 - [MESSAGE][WARNING] - Timeout '0' is invalid. Using default page load timeout: '30'

2020-01-02 14:24:20 - [MESSAGE][PASSED] - Object 'Object Repository/MERCHANT/Inventory Page/For Edit/textlabel_for edit' is visible

2020-01-02 14:24:20 - [TEST_STEP][PASSED] - delay(1): Delayed 1 second(s)

2020-01-02 14:24:21 - [MESSAGE][PASSED] - Delayed 1 second(s)

2020-01-02 14:24:21 - [TEST_STEP][PASSED] - waitForElementVisible(findTestObject("MERCHANT/Inventory Page/Item Details/icon_edit"), 0): Object 'Object Repository/MERCHANT/Inventory Page/Item Details/icon_edit' is visible

2020-01-02 14:24:21 - [MESSAGE][WARNING] - Timeout '0' is invalid. Using default page load timeout: '30'

2020-01-02 14:24:21 - [MESSAGE][PASSED] - Object 'Object Repository/MERCHANT/Inventory Page/Item Details/icon_edit' is visible

2020-01-02 14:24:21 - [TEST_STEP][PASSED] - click(findTestObject("MERCHANT/Inventory Page/Item Details/icon_edit"), CONTINUE_ON_FAILURE): Object: 'Object Repository/MERCHANT/Inventory Page/Item Details/icon_edit' is clicked on

2020-01-02 14:24:24 - [MESSAGE][PASSED] - Object: 'Object Repository/MERCHANT/Inventory Page/Item Details/icon_edit' is clicked on

2020-01-02 14:24:24 - [TEST_STEP][PASSED] - waitForElementVisible(findTestObject("MERCHANT/Upload Item Page/Item Upload/textbox_listing-name"), 0): Object 'Object Repository/MERCHANT/Upload Item Page/Item Upload/textbox_listing-name' is visible

2020-01-02 14:24:24 - [MESSAGE][WARNING] - Timeout '0' is invalid. Using default page load timeout: '30'

2020-01-02 14:24:24 - [MESSAGE][PASSED] - Object 'Object Repository/MERCHANT/Upload Item Page/Item Upload/textbox_listing-name' is visible

2020-01-02 14:24:24 - [MESSAGE][INFO] - =================== Smart XPath Report =======================

2020-01-02 14:24:24 - [MESSAGE][INFO] - Refer to the link below to preview and approve auto healing on broken test objects.

2020-01-02 14:24:24 - [MESSAGE][INFO] - https://docs.katalon.com/katalon-studio/docs/auto-healing-smart-xpath.html

2020-01-02 14:24:24 - [MESSAGE][INFO] - ===============================================================

2020-01-02 14:24:24 - [MESSAGE][PASSED] - Call Test Case 'Test Cases/MERCHANT/Edit Item/Edit Item Scenario/TC001' successfully

2020-01-02 14:24:24 - [TEST_STEP][PASSED] - waitForElementVisible(findTestObject("MERCHANT/Upload Item Page/Item Upload/textbox_price"), 0): Object 'Object Repository/MERCHANT/Upload Item Page/Item Upload/textbox_price' is visible

2020-01-02 14:24:24 - [MESSAGE][WARNING] - Timeout '0' is invalid. Using default page load timeout: '30'

2020-01-02 14:24:24 - [MESSAGE][PASSED] - Object 'Object Repository/MERCHANT/Upload Item Page/Item Upload/textbox_price' is visible

2020-01-02 14:24:24 - [TEST_STEP][PASSED] - setText(findTestObject("MERCHANT/Upload Item Page/Item Upload/textbox_price"), ""): Text '' is set on object 'Object Repository/MERCHANT/Upload Item Page/Item Upload/textbox_price'

2020-01-02 14:24:24 - [MESSAGE][PASSED] - Text '' is set on object 'Object Repository/MERCHANT/Upload Item Page/Item Upload/textbox_price'

2020-01-02 14:24:24 - [TEST_STEP][PASSED] - click(findTestObject("MERCHANT/Upload Item Page/Item Upload/button_Upload Now"), CONTINUE_ON_FAILURE): Object: 'Object Repository/MERCHANT/Upload Item Page/Item Upload/button_Upload Now' is clicked on

2020-01-02 14:24:24 - [MESSAGE][PASSED] - Object: 'Object Repository/MERCHANT/Upload Item Page/Item Upload/button_Upload Now' is clicked on

2020-01-02 14:24:24 - [TEST_STEP][PASSED] - waitForElementVisible(findTestObject("MERCHANT/Upload Item Page/Edit Item/error mandatory"), 0): Object 'Object Repository/MERCHANT/Upload Item Page/Edit Item/error mandatory' is visible

2020-01-02 14:24:25 - [MESSAGE][WARNING] - Timeout '0' is invalid. Using default page load timeout: '30'

2020-01-02 14:24:25 - [MESSAGE][PASSED] - Object 'Object Repository/MERCHANT/Upload Item Page/Edit Item/error mandatory' is visible

2020-01-02 14:24:25 - [TEST_STEP][PASSED] - waitForElementNotPresent(findTestObject("MERCHANT/Upload Item Page/Edit Item/error mandatory"), 0): Web element with id: 'Object Repository/MERCHANT/Upload Item Page/Edit Item/error mandatory' located by 'By.xpath: //*[(text() = 'Missing mandatory fields' or . = 'Missing mandatory fields') and @class = 'toast-message']' is not present after '30' second(s)

2020-01-02 14:24:25 - [MESSAGE][WARNING] - Timeout '0' is invalid. Using default page load timeout: '30'

2020-01-02 14:24:31 - [MESSAGE][PASSED] - Web element with id: 'Object Repository/MERCHANT/Upload Item Page/Edit Item/error mandatory' located by 'By.xpath: //*[(text() = 'Missing mandatory fields' or . = 'Missing mandatory fields') and @class = 'toast-message']' is not present after '30' second(s)]]></system-out>
         <system-err><![CDATA[]]></system-err>
      </testcase>
      <system-out><![CDATA[2020-01-02 14:22:44 - [TEST_SUITE][PASSED] - Edit Item: Test Cases/MERCHANT/Edit Item/Edit Item Scenario/TC007]]></system-out>
      <system-err><![CDATA[]]></system-err>
   </testsuite>
</testsuites>
