<?xml version="1.0" encoding="UTF-8"?>
<testsuites name="Add Custom Field" time="3" tests="0" failures="16" errors="0">
   <testsuite name="Add Custom Field" tests="0" failures="16" errors="0" time="3" timestamp="2019-10-07 15:14:19" hostname="ARCADIER01 - ARCADIER-01" id="Test Suites/Admin/Add Custom Field">
      <properties>
         <property name="deviceName" value=""/>
         <property name="devicePlatform" value=""/>
         <property name="logFolder" value="C:\\Users\\ARCADIER01\\git\\Trillia\\Reports\\Admin\\Add Custom Field\\20191007_151417"/>
         <property name="logFiles" value="C:\\Users\\ARCADIER01\\git\\Trillia\\Reports\\Admin\\Add Custom Field\\20191007_151417\\execution0.log"/>
         <property name="attachments" value=""/>
         <property name="hostName" value="ARCADIER01 - ARCADIER-01"/>
         <property name="hostAddress" value="10.10.31.88"/>
         <property name="os" value="Windows 7 64bit"/>
         <property name="katalonVersion" value="5.4.2.1"/>
      </properties>
      <testcase name="Test Cases/ADMIN/Content Mgmt/Custom Fields Page/Add Custom Item Fields/Add_Checkbox NM" classname="Test Cases/ADMIN/Content Mgmt/Custom Fields Page/Add Custom Item Fields/Add_Checkbox NM" status="FAILED">
         <failure type="FAILED" message="Unable to wait for object 'Object Repository/ADMIN/Custom Item Fields List Page/menulink_Content Mgmt.' to be visible (Root cause: com.kms.katalon.core.webui.exception.BrowserNotOpenedException: Browser is not opened
Build info: version: '3.7.1', revision: '8a0099a', time: '2017-11-06T21:07:36.161Z'
System info: host: 'ARCADIER-01', ip: '10.10.31.88', os.name: 'Windows 7', os.arch: 'amd64', os.version: '6.1', java.version: '1.8.0_102'
Driver info: driver.version: unknown)"/>
         <system-out><![CDATA[2019-10-07 15:14:19 - [TEST_CASE][FAILED] - Test Cases/ADMIN/Content Mgmt/Custom Fields Page/Add Custom Item Fields/Add_Checkbox NM: Test Cases/ADMIN/Content Mgmt/Custom Fields Page/Add Custom Item Fields/Add_Checkbox NM FAILED because (of) Unable to wait for object 'Object Repository/ADMIN/Custom Item Fields List Page/menulink_Content Mgmt.' to be visible (Root cause: com.kms.katalon.core.webui.exception.BrowserNotOpenedException: Browser is not opened
Build info: version: '3.7.1', revision: '8a0099a', time: '2017-11-06T21:07:36.161Z'
System info: host: 'ARCADIER-01', ip: '10.10.31.88', os.name: 'Windows 7', os.arch: 'amd64', os.version: '6.1', java.version: '1.8.0_102'
Driver info: driver.version: unknown)

2019-10-07 15:14:19 - [TEST_STEP][FAILED] - waitForElementVisible: Unable to wait for object 'Object Repository/ADMIN/Custom Item Fields List Page/menulink_Content Mgmt.' to be visible (Root cause: com.kms.katalon.core.webui.exception.BrowserNotOpenedException: Browser is not opened
Build info: version: '3.7.1', revision: '8a0099a', time: '2017-11-06T21:07:36.161Z'
System info: host: 'ARCADIER-01', ip: '10.10.31.88', os.name: 'Windows 7', os.arch: 'amd64', os.version: '6.1', java.version: '1.8.0_102'
Driver info: driver.version: unknown)

2019-10-07 15:14:20 - [MESSAGE][WARNING] - Timeout '0' is invalid. Using default page load timeout: '30'

2019-10-07 15:14:20 - [MESSAGE][WARNING] - Cannot take screenshot

2019-10-07 15:14:20 - [MESSAGE][FAILED] - Unable to wait for object 'Object Repository/ADMIN/Custom Item Fields List Page/menulink_Content Mgmt.' to be visible (Root cause: com.kms.katalon.core.webui.exception.BrowserNotOpenedException: Browser is not opened
Build info: version: '3.7.1', revision: '8a0099a', time: '2017-11-06T21:07:36.161Z'
System info: host: 'ARCADIER-01', ip: '10.10.31.88', os.name: 'Windows 7', os.arch: 'amd64', os.version: '6.1', java.version: '1.8.0_102'
Driver info: driver.version: unknown)

2019-10-07 15:14:20 - [TEST_STEP][FAILED] - click: Unable to click on object 'Object Repository/ADMIN/Custom Item Fields List Page/menulink_Content Mgmt.' (Root cause: com.kms.katalon.core.webui.exception.BrowserNotOpenedException: Browser is not opened
Build info: version: '3.7.1', revision: '8a0099a', time: '2017-11-06T21:07:36.161Z'
System info: host: 'ARCADIER-01', ip: '10.10.31.88', os.name: 'Windows 7', os.arch: 'amd64', os.version: '6.1', java.version: '1.8.0_102'
Driver info: driver.version: unknown)

2019-10-07 15:14:20 - [MESSAGE][WARNING] - Cannot take screenshot

2019-10-07 15:14:20 - [MESSAGE][FAILED] - Unable to click on object 'Object Repository/ADMIN/Custom Item Fields List Page/menulink_Content Mgmt.' (Root cause: com.kms.katalon.core.webui.exception.BrowserNotOpenedException: Browser is not opened
Build info: version: '3.7.1', revision: '8a0099a', time: '2017-11-06T21:07:36.161Z'
System info: host: 'ARCADIER-01', ip: '10.10.31.88', os.name: 'Windows 7', os.arch: 'amd64', os.version: '6.1', java.version: '1.8.0_102'
Driver info: driver.version: unknown)

2019-10-07 15:14:20 - [TEST_STEP][FAILED] - waitForElementVisible: Unable to wait for object 'Object Repository/ADMIN/Custom Item Fields List Page/submenulink_Custom Fields' to be visible (Root cause: com.kms.katalon.core.webui.exception.BrowserNotOpenedException: Browser is not opened
Build info: version: '3.7.1', revision: '8a0099a', time: '2017-11-06T21:07:36.161Z'
System info: host: 'ARCADIER-01', ip: '10.10.31.88', os.name: 'Windows 7', os.arch: 'amd64', os.version: '6.1', java.version: '1.8.0_102'
Driver info: driver.version: unknown)

2019-10-07 15:14:20 - [MESSAGE][WARNING] - Timeout '0' is invalid. Using default page load timeout: '30'

2019-10-07 15:14:20 - [MESSAGE][WARNING] - Cannot take screenshot

2019-10-07 15:14:20 - [MESSAGE][FAILED] - Unable to wait for object 'Object Repository/ADMIN/Custom Item Fields List Page/submenulink_Custom Fields' to be visible (Root cause: com.kms.katalon.core.webui.exception.BrowserNotOpenedException: Browser is not opened
Build info: version: '3.7.1', revision: '8a0099a', time: '2017-11-06T21:07:36.161Z'
System info: host: 'ARCADIER-01', ip: '10.10.31.88', os.name: 'Windows 7', os.arch: 'amd64', os.version: '6.1', java.version: '1.8.0_102'
Driver info: driver.version: unknown)

2019-10-07 15:14:20 - [TEST_STEP][FAILED] - click: Unable to click on object 'Object Repository/ADMIN/Custom Item Fields List Page/submenulink_Custom Fields' (Root cause: com.kms.katalon.core.webui.exception.BrowserNotOpenedException: Browser is not opened
Build info: version: '3.7.1', revision: '8a0099a', time: '2017-11-06T21:07:36.161Z'
System info: host: 'ARCADIER-01', ip: '10.10.31.88', os.name: 'Windows 7', os.arch: 'amd64', os.version: '6.1', java.version: '1.8.0_102'
Driver info: driver.version: unknown)

2019-10-07 15:14:20 - [MESSAGE][WARNING] - Cannot take screenshot

2019-10-07 15:14:20 - [MESSAGE][FAILED] - Unable to click on object 'Object Repository/ADMIN/Custom Item Fields List Page/submenulink_Custom Fields' (Root cause: com.kms.katalon.core.webui.exception.BrowserNotOpenedException: Browser is not opened
Build info: version: '3.7.1', revision: '8a0099a', time: '2017-11-06T21:07:36.161Z'
System info: host: 'ARCADIER-01', ip: '10.10.31.88', os.name: 'Windows 7', os.arch: 'amd64', os.version: '6.1', java.version: '1.8.0_102'
Driver info: driver.version: unknown)

2019-10-07 15:14:20 - [TEST_STEP][FAILED] - waitForElementVisible: Unable to wait for object 'Object Repository/ADMIN/Custom Item Fields List Page/button_Add Field' to be visible (Root cause: com.kms.katalon.core.webui.exception.BrowserNotOpenedException: Browser is not opened
Build info: version: '3.7.1', revision: '8a0099a', time: '2017-11-06T21:07:36.161Z'
System info: host: 'ARCADIER-01', ip: '10.10.31.88', os.name: 'Windows 7', os.arch: 'amd64', os.version: '6.1', java.version: '1.8.0_102'
Driver info: driver.version: unknown)

2019-10-07 15:14:20 - [MESSAGE][WARNING] - Timeout '0' is invalid. Using default page load timeout: '30'

2019-10-07 15:14:20 - [MESSAGE][WARNING] - Cannot take screenshot

2019-10-07 15:14:20 - [MESSAGE][FAILED] - Unable to wait for object 'Object Repository/ADMIN/Custom Item Fields List Page/button_Add Field' to be visible (Root cause: com.kms.katalon.core.webui.exception.BrowserNotOpenedException: Browser is not opened
Build info: version: '3.7.1', revision: '8a0099a', time: '2017-11-06T21:07:36.161Z'
System info: host: 'ARCADIER-01', ip: '10.10.31.88', os.name: 'Windows 7', os.arch: 'amd64', os.version: '6.1', java.version: '1.8.0_102'
Driver info: driver.version: unknown)

2019-10-07 15:14:20 - [TEST_STEP][FAILED] - click: Unable to click on object 'Object Repository/ADMIN/Custom Item Fields List Page/button_Add Field' (Root cause: com.kms.katalon.core.webui.exception.BrowserNotOpenedException: Browser is not opened
Build info: version: '3.7.1', revision: '8a0099a', time: '2017-11-06T21:07:36.161Z'
System info: host: 'ARCADIER-01', ip: '10.10.31.88', os.name: 'Windows 7', os.arch: 'amd64', os.version: '6.1', java.version: '1.8.0_102'
Driver info: driver.version: unknown)

2019-10-07 15:14:20 - [MESSAGE][WARNING] - Cannot take screenshot

2019-10-07 15:14:20 - [MESSAGE][FAILED] - Unable to click on object 'Object Repository/ADMIN/Custom Item Fields List Page/button_Add Field' (Root cause: com.kms.katalon.core.webui.exception.BrowserNotOpenedException: Browser is not opened
Build info: version: '3.7.1', revision: '8a0099a', time: '2017-11-06T21:07:36.161Z'
System info: host: 'ARCADIER-01', ip: '10.10.31.88', os.name: 'Windows 7', os.arch: 'amd64', os.version: '6.1', java.version: '1.8.0_102'
Driver info: driver.version: unknown)]]></system-out>
         <system-err><![CDATA[2019-10-07 15:14:19 - [TEST_CASE][FAILED] - Test Cases/ADMIN/Content Mgmt/Custom Fields Page/Add Custom Item Fields/Add_Checkbox NM: Test Cases/ADMIN/Content Mgmt/Custom Fields Page/Add Custom Item Fields/Add_Checkbox NM FAILED because (of) Unable to wait for object 'Object Repository/ADMIN/Custom Item Fields List Page/menulink_Content Mgmt.' to be visible (Root cause: com.kms.katalon.core.webui.exception.BrowserNotOpenedException: Browser is not opened
Build info: version: '3.7.1', revision: '8a0099a', time: '2017-11-06T21:07:36.161Z'
System info: host: 'ARCADIER-01', ip: '10.10.31.88', os.name: 'Windows 7', os.arch: 'amd64', os.version: '6.1', java.version: '1.8.0_102'
Driver info: driver.version: unknown)]]></system-err>
      </testcase>
      <testcase name="Test Cases/ADMIN/Content Mgmt/Custom Fields Page/Add Custom Item Fields/Add_Checkbox" classname="Test Cases/ADMIN/Content Mgmt/Custom Fields Page/Add Custom Item Fields/Add_Checkbox" status="FAILED">
         <failure type="FAILED" message="Unable to wait for object 'Object Repository/ADMIN/Custom Item Fields List Page/button_Add Field' to be visible (Root cause: com.kms.katalon.core.webui.exception.BrowserNotOpenedException: Browser is not opened
Build info: version: '3.7.1', revision: '8a0099a', time: '2017-11-06T21:07:36.161Z'
System info: host: 'ARCADIER-01', ip: '10.10.31.88', os.name: 'Windows 7', os.arch: 'amd64', os.version: '6.1', java.version: '1.8.0_102'
Driver info: driver.version: unknown)"/>
         <system-out><![CDATA[2019-10-07 15:14:20 - [TEST_CASE][FAILED] - Test Cases/ADMIN/Content Mgmt/Custom Fields Page/Add Custom Item Fields/Add_Checkbox: Test Cases/ADMIN/Content Mgmt/Custom Fields Page/Add Custom Item Fields/Add_Checkbox FAILED because (of) Unable to wait for object 'Object Repository/ADMIN/Custom Item Fields List Page/button_Add Field' to be visible (Root cause: com.kms.katalon.core.webui.exception.BrowserNotOpenedException: Browser is not opened
Build info: version: '3.7.1', revision: '8a0099a', time: '2017-11-06T21:07:36.161Z'
System info: host: 'ARCADIER-01', ip: '10.10.31.88', os.name: 'Windows 7', os.arch: 'amd64', os.version: '6.1', java.version: '1.8.0_102'
Driver info: driver.version: unknown)

2019-10-07 15:14:20 - [TEST_STEP][FAILED] - waitForElementVisible: Unable to wait for object 'Object Repository/ADMIN/Custom Item Fields List Page/button_Add Field' to be visible (Root cause: com.kms.katalon.core.webui.exception.BrowserNotOpenedException: Browser is not opened
Build info: version: '3.7.1', revision: '8a0099a', time: '2017-11-06T21:07:36.161Z'
System info: host: 'ARCADIER-01', ip: '10.10.31.88', os.name: 'Windows 7', os.arch: 'amd64', os.version: '6.1', java.version: '1.8.0_102'
Driver info: driver.version: unknown)

2019-10-07 15:14:20 - [MESSAGE][WARNING] - Timeout '0' is invalid. Using default page load timeout: '30'

2019-10-07 15:14:20 - [MESSAGE][WARNING] - Cannot take screenshot

2019-10-07 15:14:20 - [MESSAGE][FAILED] - Unable to wait for object 'Object Repository/ADMIN/Custom Item Fields List Page/button_Add Field' to be visible (Root cause: com.kms.katalon.core.webui.exception.BrowserNotOpenedException: Browser is not opened
Build info: version: '3.7.1', revision: '8a0099a', time: '2017-11-06T21:07:36.161Z'
System info: host: 'ARCADIER-01', ip: '10.10.31.88', os.name: 'Windows 7', os.arch: 'amd64', os.version: '6.1', java.version: '1.8.0_102'
Driver info: driver.version: unknown)

2019-10-07 15:14:20 - [TEST_STEP][FAILED] - click: Unable to click on object 'Object Repository/ADMIN/Custom Item Fields List Page/button_Add Field' (Root cause: com.kms.katalon.core.webui.exception.BrowserNotOpenedException: Browser is not opened
Build info: version: '3.7.1', revision: '8a0099a', time: '2017-11-06T21:07:36.161Z'
System info: host: 'ARCADIER-01', ip: '10.10.31.88', os.name: 'Windows 7', os.arch: 'amd64', os.version: '6.1', java.version: '1.8.0_102'
Driver info: driver.version: unknown)

2019-10-07 15:14:20 - [MESSAGE][WARNING] - Cannot take screenshot

2019-10-07 15:14:20 - [MESSAGE][FAILED] - Unable to click on object 'Object Repository/ADMIN/Custom Item Fields List Page/button_Add Field' (Root cause: com.kms.katalon.core.webui.exception.BrowserNotOpenedException: Browser is not opened
Build info: version: '3.7.1', revision: '8a0099a', time: '2017-11-06T21:07:36.161Z'
System info: host: 'ARCADIER-01', ip: '10.10.31.88', os.name: 'Windows 7', os.arch: 'amd64', os.version: '6.1', java.version: '1.8.0_102'
Driver info: driver.version: unknown)]]></system-out>
         <system-err><![CDATA[2019-10-07 15:14:20 - [TEST_CASE][FAILED] - Test Cases/ADMIN/Content Mgmt/Custom Fields Page/Add Custom Item Fields/Add_Checkbox: Test Cases/ADMIN/Content Mgmt/Custom Fields Page/Add Custom Item Fields/Add_Checkbox FAILED because (of) Unable to wait for object 'Object Repository/ADMIN/Custom Item Fields List Page/button_Add Field' to be visible (Root cause: com.kms.katalon.core.webui.exception.BrowserNotOpenedException: Browser is not opened
Build info: version: '3.7.1', revision: '8a0099a', time: '2017-11-06T21:07:36.161Z'
System info: host: 'ARCADIER-01', ip: '10.10.31.88', os.name: 'Windows 7', os.arch: 'amd64', os.version: '6.1', java.version: '1.8.0_102'
Driver info: driver.version: unknown)]]></system-err>
      </testcase>
      <testcase name="Test Cases/ADMIN/Content Mgmt/Custom Fields Page/Add Custom Item Fields/Add_DateTime" classname="Test Cases/ADMIN/Content Mgmt/Custom Fields Page/Add Custom Item Fields/Add_DateTime" status="FAILED">
         <failure type="FAILED" message="Unable to wait for object 'Object Repository/ADMIN/Custom Item Fields List Page/button_Add Field' to be visible (Root cause: com.kms.katalon.core.webui.exception.BrowserNotOpenedException: Browser is not opened
Build info: version: '3.7.1', revision: '8a0099a', time: '2017-11-06T21:07:36.161Z'
System info: host: 'ARCADIER-01', ip: '10.10.31.88', os.name: 'Windows 7', os.arch: 'amd64', os.version: '6.1', java.version: '1.8.0_102'
Driver info: driver.version: unknown)"/>
         <system-out><![CDATA[2019-10-07 15:14:20 - [TEST_CASE][FAILED] - Test Cases/ADMIN/Content Mgmt/Custom Fields Page/Add Custom Item Fields/Add_DateTime: Test Cases/ADMIN/Content Mgmt/Custom Fields Page/Add Custom Item Fields/Add_DateTime FAILED because (of) Unable to wait for object 'Object Repository/ADMIN/Custom Item Fields List Page/button_Add Field' to be visible (Root cause: com.kms.katalon.core.webui.exception.BrowserNotOpenedException: Browser is not opened
Build info: version: '3.7.1', revision: '8a0099a', time: '2017-11-06T21:07:36.161Z'
System info: host: 'ARCADIER-01', ip: '10.10.31.88', os.name: 'Windows 7', os.arch: 'amd64', os.version: '6.1', java.version: '1.8.0_102'
Driver info: driver.version: unknown)

2019-10-07 15:14:20 - [TEST_STEP][FAILED] - waitForElementVisible: Unable to wait for object 'Object Repository/ADMIN/Custom Item Fields List Page/button_Add Field' to be visible (Root cause: com.kms.katalon.core.webui.exception.BrowserNotOpenedException: Browser is not opened
Build info: version: '3.7.1', revision: '8a0099a', time: '2017-11-06T21:07:36.161Z'
System info: host: 'ARCADIER-01', ip: '10.10.31.88', os.name: 'Windows 7', os.arch: 'amd64', os.version: '6.1', java.version: '1.8.0_102'
Driver info: driver.version: unknown)

2019-10-07 15:14:20 - [MESSAGE][WARNING] - Timeout '0' is invalid. Using default page load timeout: '30'

2019-10-07 15:14:20 - [MESSAGE][WARNING] - Cannot take screenshot

2019-10-07 15:14:20 - [MESSAGE][FAILED] - Unable to wait for object 'Object Repository/ADMIN/Custom Item Fields List Page/button_Add Field' to be visible (Root cause: com.kms.katalon.core.webui.exception.BrowserNotOpenedException: Browser is not opened
Build info: version: '3.7.1', revision: '8a0099a', time: '2017-11-06T21:07:36.161Z'
System info: host: 'ARCADIER-01', ip: '10.10.31.88', os.name: 'Windows 7', os.arch: 'amd64', os.version: '6.1', java.version: '1.8.0_102'
Driver info: driver.version: unknown)

2019-10-07 15:14:20 - [TEST_STEP][FAILED] - click: Unable to click on object 'Object Repository/ADMIN/Custom Item Fields List Page/button_Add Field' (Root cause: com.kms.katalon.core.webui.exception.BrowserNotOpenedException: Browser is not opened
Build info: version: '3.7.1', revision: '8a0099a', time: '2017-11-06T21:07:36.161Z'
System info: host: 'ARCADIER-01', ip: '10.10.31.88', os.name: 'Windows 7', os.arch: 'amd64', os.version: '6.1', java.version: '1.8.0_102'
Driver info: driver.version: unknown)

2019-10-07 15:14:20 - [MESSAGE][WARNING] - Cannot take screenshot

2019-10-07 15:14:20 - [MESSAGE][FAILED] - Unable to click on object 'Object Repository/ADMIN/Custom Item Fields List Page/button_Add Field' (Root cause: com.kms.katalon.core.webui.exception.BrowserNotOpenedException: Browser is not opened
Build info: version: '3.7.1', revision: '8a0099a', time: '2017-11-06T21:07:36.161Z'
System info: host: 'ARCADIER-01', ip: '10.10.31.88', os.name: 'Windows 7', os.arch: 'amd64', os.version: '6.1', java.version: '1.8.0_102'
Driver info: driver.version: unknown)]]></system-out>
         <system-err><![CDATA[2019-10-07 15:14:20 - [TEST_CASE][FAILED] - Test Cases/ADMIN/Content Mgmt/Custom Fields Page/Add Custom Item Fields/Add_DateTime: Test Cases/ADMIN/Content Mgmt/Custom Fields Page/Add Custom Item Fields/Add_DateTime FAILED because (of) Unable to wait for object 'Object Repository/ADMIN/Custom Item Fields List Page/button_Add Field' to be visible (Root cause: com.kms.katalon.core.webui.exception.BrowserNotOpenedException: Browser is not opened
Build info: version: '3.7.1', revision: '8a0099a', time: '2017-11-06T21:07:36.161Z'
System info: host: 'ARCADIER-01', ip: '10.10.31.88', os.name: 'Windows 7', os.arch: 'amd64', os.version: '6.1', java.version: '1.8.0_102'
Driver info: driver.version: unknown)]]></system-err>
      </testcase>
      <testcase name="Test Cases/ADMIN/Content Mgmt/Custom Fields Page/Add Custom Item Fields/Add_Dropdown NM" classname="Test Cases/ADMIN/Content Mgmt/Custom Fields Page/Add Custom Item Fields/Add_Dropdown NM" status="FAILED">
         <failure type="FAILED" message="Unable to wait for object 'Object Repository/ADMIN/Custom Item Fields List Page/button_Add Field' to be visible (Root cause: com.kms.katalon.core.webui.exception.BrowserNotOpenedException: Browser is not opened
Build info: version: '3.7.1', revision: '8a0099a', time: '2017-11-06T21:07:36.161Z'
System info: host: 'ARCADIER-01', ip: '10.10.31.88', os.name: 'Windows 7', os.arch: 'amd64', os.version: '6.1', java.version: '1.8.0_102'
Driver info: driver.version: unknown)"/>
         <system-out><![CDATA[2019-10-07 15:14:20 - [TEST_CASE][FAILED] - Test Cases/ADMIN/Content Mgmt/Custom Fields Page/Add Custom Item Fields/Add_Dropdown NM: Test Cases/ADMIN/Content Mgmt/Custom Fields Page/Add Custom Item Fields/Add_Dropdown NM FAILED because (of) Unable to wait for object 'Object Repository/ADMIN/Custom Item Fields List Page/button_Add Field' to be visible (Root cause: com.kms.katalon.core.webui.exception.BrowserNotOpenedException: Browser is not opened
Build info: version: '3.7.1', revision: '8a0099a', time: '2017-11-06T21:07:36.161Z'
System info: host: 'ARCADIER-01', ip: '10.10.31.88', os.name: 'Windows 7', os.arch: 'amd64', os.version: '6.1', java.version: '1.8.0_102'
Driver info: driver.version: unknown)

2019-10-07 15:14:20 - [TEST_STEP][FAILED] - waitForElementVisible: Unable to wait for object 'Object Repository/ADMIN/Custom Item Fields List Page/button_Add Field' to be visible (Root cause: com.kms.katalon.core.webui.exception.BrowserNotOpenedException: Browser is not opened
Build info: version: '3.7.1', revision: '8a0099a', time: '2017-11-06T21:07:36.161Z'
System info: host: 'ARCADIER-01', ip: '10.10.31.88', os.name: 'Windows 7', os.arch: 'amd64', os.version: '6.1', java.version: '1.8.0_102'
Driver info: driver.version: unknown)

2019-10-07 15:14:20 - [MESSAGE][WARNING] - Timeout '0' is invalid. Using default page load timeout: '30'

2019-10-07 15:14:20 - [MESSAGE][WARNING] - Cannot take screenshot

2019-10-07 15:14:20 - [MESSAGE][FAILED] - Unable to wait for object 'Object Repository/ADMIN/Custom Item Fields List Page/button_Add Field' to be visible (Root cause: com.kms.katalon.core.webui.exception.BrowserNotOpenedException: Browser is not opened
Build info: version: '3.7.1', revision: '8a0099a', time: '2017-11-06T21:07:36.161Z'
System info: host: 'ARCADIER-01', ip: '10.10.31.88', os.name: 'Windows 7', os.arch: 'amd64', os.version: '6.1', java.version: '1.8.0_102'
Driver info: driver.version: unknown)

2019-10-07 15:14:20 - [TEST_STEP][FAILED] - click: Unable to click on object 'Object Repository/ADMIN/Custom Item Fields List Page/button_Add Field' (Root cause: com.kms.katalon.core.webui.exception.BrowserNotOpenedException: Browser is not opened
Build info: version: '3.7.1', revision: '8a0099a', time: '2017-11-06T21:07:36.161Z'
System info: host: 'ARCADIER-01', ip: '10.10.31.88', os.name: 'Windows 7', os.arch: 'amd64', os.version: '6.1', java.version: '1.8.0_102'
Driver info: driver.version: unknown)

2019-10-07 15:14:20 - [MESSAGE][WARNING] - Cannot take screenshot

2019-10-07 15:14:20 - [MESSAGE][FAILED] - Unable to click on object 'Object Repository/ADMIN/Custom Item Fields List Page/button_Add Field' (Root cause: com.kms.katalon.core.webui.exception.BrowserNotOpenedException: Browser is not opened
Build info: version: '3.7.1', revision: '8a0099a', time: '2017-11-06T21:07:36.161Z'
System info: host: 'ARCADIER-01', ip: '10.10.31.88', os.name: 'Windows 7', os.arch: 'amd64', os.version: '6.1', java.version: '1.8.0_102'
Driver info: driver.version: unknown)]]></system-out>
         <system-err><![CDATA[2019-10-07 15:14:20 - [TEST_CASE][FAILED] - Test Cases/ADMIN/Content Mgmt/Custom Fields Page/Add Custom Item Fields/Add_Dropdown NM: Test Cases/ADMIN/Content Mgmt/Custom Fields Page/Add Custom Item Fields/Add_Dropdown NM FAILED because (of) Unable to wait for object 'Object Repository/ADMIN/Custom Item Fields List Page/button_Add Field' to be visible (Root cause: com.kms.katalon.core.webui.exception.BrowserNotOpenedException: Browser is not opened
Build info: version: '3.7.1', revision: '8a0099a', time: '2017-11-06T21:07:36.161Z'
System info: host: 'ARCADIER-01', ip: '10.10.31.88', os.name: 'Windows 7', os.arch: 'amd64', os.version: '6.1', java.version: '1.8.0_102'
Driver info: driver.version: unknown)]]></system-err>
      </testcase>
      <testcase name="Test Cases/ADMIN/Content Mgmt/Custom Fields Page/Add Custom Item Fields/Add_Dropdown" classname="Test Cases/ADMIN/Content Mgmt/Custom Fields Page/Add Custom Item Fields/Add_Dropdown" status="FAILED">
         <failure type="FAILED" message="Unable to wait for object 'Object Repository/ADMIN/Custom Item Fields List Page/button_Add Field' to be visible (Root cause: com.kms.katalon.core.webui.exception.BrowserNotOpenedException: Browser is not opened
Build info: version: '3.7.1', revision: '8a0099a', time: '2017-11-06T21:07:36.161Z'
System info: host: 'ARCADIER-01', ip: '10.10.31.88', os.name: 'Windows 7', os.arch: 'amd64', os.version: '6.1', java.version: '1.8.0_102'
Driver info: driver.version: unknown)"/>
         <system-out><![CDATA[2019-10-07 15:14:20 - [TEST_CASE][FAILED] - Test Cases/ADMIN/Content Mgmt/Custom Fields Page/Add Custom Item Fields/Add_Dropdown: Test Cases/ADMIN/Content Mgmt/Custom Fields Page/Add Custom Item Fields/Add_Dropdown FAILED because (of) Unable to wait for object 'Object Repository/ADMIN/Custom Item Fields List Page/button_Add Field' to be visible (Root cause: com.kms.katalon.core.webui.exception.BrowserNotOpenedException: Browser is not opened
Build info: version: '3.7.1', revision: '8a0099a', time: '2017-11-06T21:07:36.161Z'
System info: host: 'ARCADIER-01', ip: '10.10.31.88', os.name: 'Windows 7', os.arch: 'amd64', os.version: '6.1', java.version: '1.8.0_102'
Driver info: driver.version: unknown)

2019-10-07 15:14:20 - [TEST_STEP][FAILED] - waitForElementVisible: Unable to wait for object 'Object Repository/ADMIN/Custom Item Fields List Page/button_Add Field' to be visible (Root cause: com.kms.katalon.core.webui.exception.BrowserNotOpenedException: Browser is not opened
Build info: version: '3.7.1', revision: '8a0099a', time: '2017-11-06T21:07:36.161Z'
System info: host: 'ARCADIER-01', ip: '10.10.31.88', os.name: 'Windows 7', os.arch: 'amd64', os.version: '6.1', java.version: '1.8.0_102'
Driver info: driver.version: unknown)

2019-10-07 15:14:20 - [MESSAGE][WARNING] - Timeout '0' is invalid. Using default page load timeout: '30'

2019-10-07 15:14:20 - [MESSAGE][WARNING] - Cannot take screenshot

2019-10-07 15:14:20 - [MESSAGE][FAILED] - Unable to wait for object 'Object Repository/ADMIN/Custom Item Fields List Page/button_Add Field' to be visible (Root cause: com.kms.katalon.core.webui.exception.BrowserNotOpenedException: Browser is not opened
Build info: version: '3.7.1', revision: '8a0099a', time: '2017-11-06T21:07:36.161Z'
System info: host: 'ARCADIER-01', ip: '10.10.31.88', os.name: 'Windows 7', os.arch: 'amd64', os.version: '6.1', java.version: '1.8.0_102'
Driver info: driver.version: unknown)

2019-10-07 15:14:20 - [TEST_STEP][FAILED] - click: Unable to click on object 'Object Repository/ADMIN/Custom Item Fields List Page/button_Add Field' (Root cause: com.kms.katalon.core.webui.exception.BrowserNotOpenedException: Browser is not opened
Build info: version: '3.7.1', revision: '8a0099a', time: '2017-11-06T21:07:36.161Z'
System info: host: 'ARCADIER-01', ip: '10.10.31.88', os.name: 'Windows 7', os.arch: 'amd64', os.version: '6.1', java.version: '1.8.0_102'
Driver info: driver.version: unknown)

2019-10-07 15:14:20 - [MESSAGE][WARNING] - Cannot take screenshot

2019-10-07 15:14:20 - [MESSAGE][FAILED] - Unable to click on object 'Object Repository/ADMIN/Custom Item Fields List Page/button_Add Field' (Root cause: com.kms.katalon.core.webui.exception.BrowserNotOpenedException: Browser is not opened
Build info: version: '3.7.1', revision: '8a0099a', time: '2017-11-06T21:07:36.161Z'
System info: host: 'ARCADIER-01', ip: '10.10.31.88', os.name: 'Windows 7', os.arch: 'amd64', os.version: '6.1', java.version: '1.8.0_102'
Driver info: driver.version: unknown)]]></system-out>
         <system-err><![CDATA[2019-10-07 15:14:20 - [TEST_CASE][FAILED] - Test Cases/ADMIN/Content Mgmt/Custom Fields Page/Add Custom Item Fields/Add_Dropdown: Test Cases/ADMIN/Content Mgmt/Custom Fields Page/Add Custom Item Fields/Add_Dropdown FAILED because (of) Unable to wait for object 'Object Repository/ADMIN/Custom Item Fields List Page/button_Add Field' to be visible (Root cause: com.kms.katalon.core.webui.exception.BrowserNotOpenedException: Browser is not opened
Build info: version: '3.7.1', revision: '8a0099a', time: '2017-11-06T21:07:36.161Z'
System info: host: 'ARCADIER-01', ip: '10.10.31.88', os.name: 'Windows 7', os.arch: 'amd64', os.version: '6.1', java.version: '1.8.0_102'
Driver info: driver.version: unknown)]]></system-err>
      </testcase>
      <testcase name="Test Cases/ADMIN/Content Mgmt/Custom Fields Page/Add Custom Item Fields/Add_Email" classname="Test Cases/ADMIN/Content Mgmt/Custom Fields Page/Add Custom Item Fields/Add_Email" status="FAILED">
         <failure type="FAILED" message="Unable to wait for object 'Object Repository/ADMIN/Custom Item Fields List Page/button_Add Field' to be visible (Root cause: com.kms.katalon.core.webui.exception.BrowserNotOpenedException: Browser is not opened
Build info: version: '3.7.1', revision: '8a0099a', time: '2017-11-06T21:07:36.161Z'
System info: host: 'ARCADIER-01', ip: '10.10.31.88', os.name: 'Windows 7', os.arch: 'amd64', os.version: '6.1', java.version: '1.8.0_102'
Driver info: driver.version: unknown)"/>
         <system-out><![CDATA[2019-10-07 15:14:20 - [TEST_CASE][FAILED] - Test Cases/ADMIN/Content Mgmt/Custom Fields Page/Add Custom Item Fields/Add_Email: Test Cases/ADMIN/Content Mgmt/Custom Fields Page/Add Custom Item Fields/Add_Email FAILED because (of) Unable to wait for object 'Object Repository/ADMIN/Custom Item Fields List Page/button_Add Field' to be visible (Root cause: com.kms.katalon.core.webui.exception.BrowserNotOpenedException: Browser is not opened
Build info: version: '3.7.1', revision: '8a0099a', time: '2017-11-06T21:07:36.161Z'
System info: host: 'ARCADIER-01', ip: '10.10.31.88', os.name: 'Windows 7', os.arch: 'amd64', os.version: '6.1', java.version: '1.8.0_102'
Driver info: driver.version: unknown)

2019-10-07 15:14:20 - [TEST_STEP][FAILED] - waitForElementVisible: Unable to wait for object 'Object Repository/ADMIN/Custom Item Fields List Page/button_Add Field' to be visible (Root cause: com.kms.katalon.core.webui.exception.BrowserNotOpenedException: Browser is not opened
Build info: version: '3.7.1', revision: '8a0099a', time: '2017-11-06T21:07:36.161Z'
System info: host: 'ARCADIER-01', ip: '10.10.31.88', os.name: 'Windows 7', os.arch: 'amd64', os.version: '6.1', java.version: '1.8.0_102'
Driver info: driver.version: unknown)

2019-10-07 15:14:20 - [MESSAGE][WARNING] - Timeout '0' is invalid. Using default page load timeout: '30'

2019-10-07 15:14:20 - [MESSAGE][WARNING] - Cannot take screenshot

2019-10-07 15:14:20 - [MESSAGE][FAILED] - Unable to wait for object 'Object Repository/ADMIN/Custom Item Fields List Page/button_Add Field' to be visible (Root cause: com.kms.katalon.core.webui.exception.BrowserNotOpenedException: Browser is not opened
Build info: version: '3.7.1', revision: '8a0099a', time: '2017-11-06T21:07:36.161Z'
System info: host: 'ARCADIER-01', ip: '10.10.31.88', os.name: 'Windows 7', os.arch: 'amd64', os.version: '6.1', java.version: '1.8.0_102'
Driver info: driver.version: unknown)

2019-10-07 15:14:20 - [TEST_STEP][FAILED] - click: Unable to click on object 'Object Repository/ADMIN/Custom Item Fields List Page/button_Add Field' (Root cause: com.kms.katalon.core.webui.exception.BrowserNotOpenedException: Browser is not opened
Build info: version: '3.7.1', revision: '8a0099a', time: '2017-11-06T21:07:36.161Z'
System info: host: 'ARCADIER-01', ip: '10.10.31.88', os.name: 'Windows 7', os.arch: 'amd64', os.version: '6.1', java.version: '1.8.0_102'
Driver info: driver.version: unknown)

2019-10-07 15:14:20 - [MESSAGE][WARNING] - Cannot take screenshot

2019-10-07 15:14:20 - [MESSAGE][FAILED] - Unable to click on object 'Object Repository/ADMIN/Custom Item Fields List Page/button_Add Field' (Root cause: com.kms.katalon.core.webui.exception.BrowserNotOpenedException: Browser is not opened
Build info: version: '3.7.1', revision: '8a0099a', time: '2017-11-06T21:07:36.161Z'
System info: host: 'ARCADIER-01', ip: '10.10.31.88', os.name: 'Windows 7', os.arch: 'amd64', os.version: '6.1', java.version: '1.8.0_102'
Driver info: driver.version: unknown)]]></system-out>
         <system-err><![CDATA[2019-10-07 15:14:20 - [TEST_CASE][FAILED] - Test Cases/ADMIN/Content Mgmt/Custom Fields Page/Add Custom Item Fields/Add_Email: Test Cases/ADMIN/Content Mgmt/Custom Fields Page/Add Custom Item Fields/Add_Email FAILED because (of) Unable to wait for object 'Object Repository/ADMIN/Custom Item Fields List Page/button_Add Field' to be visible (Root cause: com.kms.katalon.core.webui.exception.BrowserNotOpenedException: Browser is not opened
Build info: version: '3.7.1', revision: '8a0099a', time: '2017-11-06T21:07:36.161Z'
System info: host: 'ARCADIER-01', ip: '10.10.31.88', os.name: 'Windows 7', os.arch: 'amd64', os.version: '6.1', java.version: '1.8.0_102'
Driver info: driver.version: unknown)]]></system-err>
      </testcase>
      <testcase name="Test Cases/ADMIN/Content Mgmt/Custom Fields Page/Add Custom Item Fields/Add_EmbedVideo" classname="Test Cases/ADMIN/Content Mgmt/Custom Fields Page/Add Custom Item Fields/Add_EmbedVideo" status="FAILED">
         <failure type="FAILED" message="Unable to wait for object 'Object Repository/ADMIN/Custom Item Fields List Page/button_Add Field' to be visible (Root cause: com.kms.katalon.core.webui.exception.BrowserNotOpenedException: Browser is not opened
Build info: version: '3.7.1', revision: '8a0099a', time: '2017-11-06T21:07:36.161Z'
System info: host: 'ARCADIER-01', ip: '10.10.31.88', os.name: 'Windows 7', os.arch: 'amd64', os.version: '6.1', java.version: '1.8.0_102'
Driver info: driver.version: unknown)"/>
         <system-out><![CDATA[2019-10-07 15:14:21 - [TEST_CASE][FAILED] - Test Cases/ADMIN/Content Mgmt/Custom Fields Page/Add Custom Item Fields/Add_EmbedVideo: Test Cases/ADMIN/Content Mgmt/Custom Fields Page/Add Custom Item Fields/Add_EmbedVideo FAILED because (of) Unable to wait for object 'Object Repository/ADMIN/Custom Item Fields List Page/button_Add Field' to be visible (Root cause: com.kms.katalon.core.webui.exception.BrowserNotOpenedException: Browser is not opened
Build info: version: '3.7.1', revision: '8a0099a', time: '2017-11-06T21:07:36.161Z'
System info: host: 'ARCADIER-01', ip: '10.10.31.88', os.name: 'Windows 7', os.arch: 'amd64', os.version: '6.1', java.version: '1.8.0_102'
Driver info: driver.version: unknown)

2019-10-07 15:14:21 - [TEST_STEP][FAILED] - waitForElementVisible: Unable to wait for object 'Object Repository/ADMIN/Custom Item Fields List Page/button_Add Field' to be visible (Root cause: com.kms.katalon.core.webui.exception.BrowserNotOpenedException: Browser is not opened
Build info: version: '3.7.1', revision: '8a0099a', time: '2017-11-06T21:07:36.161Z'
System info: host: 'ARCADIER-01', ip: '10.10.31.88', os.name: 'Windows 7', os.arch: 'amd64', os.version: '6.1', java.version: '1.8.0_102'
Driver info: driver.version: unknown)

2019-10-07 15:14:21 - [MESSAGE][WARNING] - Timeout '0' is invalid. Using default page load timeout: '30'

2019-10-07 15:14:21 - [MESSAGE][WARNING] - Cannot take screenshot

2019-10-07 15:14:21 - [MESSAGE][FAILED] - Unable to wait for object 'Object Repository/ADMIN/Custom Item Fields List Page/button_Add Field' to be visible (Root cause: com.kms.katalon.core.webui.exception.BrowserNotOpenedException: Browser is not opened
Build info: version: '3.7.1', revision: '8a0099a', time: '2017-11-06T21:07:36.161Z'
System info: host: 'ARCADIER-01', ip: '10.10.31.88', os.name: 'Windows 7', os.arch: 'amd64', os.version: '6.1', java.version: '1.8.0_102'
Driver info: driver.version: unknown)

2019-10-07 15:14:21 - [TEST_STEP][FAILED] - click: Unable to click on object 'Object Repository/ADMIN/Custom Item Fields List Page/button_Add Field' (Root cause: com.kms.katalon.core.webui.exception.BrowserNotOpenedException: Browser is not opened
Build info: version: '3.7.1', revision: '8a0099a', time: '2017-11-06T21:07:36.161Z'
System info: host: 'ARCADIER-01', ip: '10.10.31.88', os.name: 'Windows 7', os.arch: 'amd64', os.version: '6.1', java.version: '1.8.0_102'
Driver info: driver.version: unknown)

2019-10-07 15:14:21 - [MESSAGE][WARNING] - Cannot take screenshot

2019-10-07 15:14:21 - [MESSAGE][FAILED] - Unable to click on object 'Object Repository/ADMIN/Custom Item Fields List Page/button_Add Field' (Root cause: com.kms.katalon.core.webui.exception.BrowserNotOpenedException: Browser is not opened
Build info: version: '3.7.1', revision: '8a0099a', time: '2017-11-06T21:07:36.161Z'
System info: host: 'ARCADIER-01', ip: '10.10.31.88', os.name: 'Windows 7', os.arch: 'amd64', os.version: '6.1', java.version: '1.8.0_102'
Driver info: driver.version: unknown)]]></system-out>
         <system-err><![CDATA[2019-10-07 15:14:21 - [TEST_CASE][FAILED] - Test Cases/ADMIN/Content Mgmt/Custom Fields Page/Add Custom Item Fields/Add_EmbedVideo: Test Cases/ADMIN/Content Mgmt/Custom Fields Page/Add Custom Item Fields/Add_EmbedVideo FAILED because (of) Unable to wait for object 'Object Repository/ADMIN/Custom Item Fields List Page/button_Add Field' to be visible (Root cause: com.kms.katalon.core.webui.exception.BrowserNotOpenedException: Browser is not opened
Build info: version: '3.7.1', revision: '8a0099a', time: '2017-11-06T21:07:36.161Z'
System info: host: 'ARCADIER-01', ip: '10.10.31.88', os.name: 'Windows 7', os.arch: 'amd64', os.version: '6.1', java.version: '1.8.0_102'
Driver info: driver.version: unknown)]]></system-err>
      </testcase>
      <testcase name="Test Cases/ADMIN/Content Mgmt/Custom Fields Page/Add Custom Item Fields/Add_HyperlinkURL" classname="Test Cases/ADMIN/Content Mgmt/Custom Fields Page/Add Custom Item Fields/Add_HyperlinkURL" status="FAILED">
         <failure type="FAILED" message="Unable to wait for object 'Object Repository/ADMIN/Custom Item Fields List Page/button_Add Field' to be visible (Root cause: com.kms.katalon.core.webui.exception.BrowserNotOpenedException: Browser is not opened
Build info: version: '3.7.1', revision: '8a0099a', time: '2017-11-06T21:07:36.161Z'
System info: host: 'ARCADIER-01', ip: '10.10.31.88', os.name: 'Windows 7', os.arch: 'amd64', os.version: '6.1', java.version: '1.8.0_102'
Driver info: driver.version: unknown)"/>
         <system-out><![CDATA[2019-10-07 15:14:21 - [TEST_CASE][FAILED] - Test Cases/ADMIN/Content Mgmt/Custom Fields Page/Add Custom Item Fields/Add_HyperlinkURL: Test Cases/ADMIN/Content Mgmt/Custom Fields Page/Add Custom Item Fields/Add_HyperlinkURL FAILED because (of) Unable to wait for object 'Object Repository/ADMIN/Custom Item Fields List Page/button_Add Field' to be visible (Root cause: com.kms.katalon.core.webui.exception.BrowserNotOpenedException: Browser is not opened
Build info: version: '3.7.1', revision: '8a0099a', time: '2017-11-06T21:07:36.161Z'
System info: host: 'ARCADIER-01', ip: '10.10.31.88', os.name: 'Windows 7', os.arch: 'amd64', os.version: '6.1', java.version: '1.8.0_102'
Driver info: driver.version: unknown)

2019-10-07 15:14:21 - [TEST_STEP][FAILED] - waitForElementVisible: Unable to wait for object 'Object Repository/ADMIN/Custom Item Fields List Page/button_Add Field' to be visible (Root cause: com.kms.katalon.core.webui.exception.BrowserNotOpenedException: Browser is not opened
Build info: version: '3.7.1', revision: '8a0099a', time: '2017-11-06T21:07:36.161Z'
System info: host: 'ARCADIER-01', ip: '10.10.31.88', os.name: 'Windows 7', os.arch: 'amd64', os.version: '6.1', java.version: '1.8.0_102'
Driver info: driver.version: unknown)

2019-10-07 15:14:21 - [MESSAGE][WARNING] - Timeout '0' is invalid. Using default page load timeout: '30'

2019-10-07 15:14:21 - [MESSAGE][WARNING] - Cannot take screenshot

2019-10-07 15:14:21 - [MESSAGE][FAILED] - Unable to wait for object 'Object Repository/ADMIN/Custom Item Fields List Page/button_Add Field' to be visible (Root cause: com.kms.katalon.core.webui.exception.BrowserNotOpenedException: Browser is not opened
Build info: version: '3.7.1', revision: '8a0099a', time: '2017-11-06T21:07:36.161Z'
System info: host: 'ARCADIER-01', ip: '10.10.31.88', os.name: 'Windows 7', os.arch: 'amd64', os.version: '6.1', java.version: '1.8.0_102'
Driver info: driver.version: unknown)

2019-10-07 15:14:21 - [TEST_STEP][FAILED] - click: Unable to click on object 'Object Repository/ADMIN/Custom Item Fields List Page/button_Add Field' (Root cause: com.kms.katalon.core.webui.exception.BrowserNotOpenedException: Browser is not opened
Build info: version: '3.7.1', revision: '8a0099a', time: '2017-11-06T21:07:36.161Z'
System info: host: 'ARCADIER-01', ip: '10.10.31.88', os.name: 'Windows 7', os.arch: 'amd64', os.version: '6.1', java.version: '1.8.0_102'
Driver info: driver.version: unknown)

2019-10-07 15:14:21 - [MESSAGE][WARNING] - Cannot take screenshot

2019-10-07 15:14:21 - [MESSAGE][FAILED] - Unable to click on object 'Object Repository/ADMIN/Custom Item Fields List Page/button_Add Field' (Root cause: com.kms.katalon.core.webui.exception.BrowserNotOpenedException: Browser is not opened
Build info: version: '3.7.1', revision: '8a0099a', time: '2017-11-06T21:07:36.161Z'
System info: host: 'ARCADIER-01', ip: '10.10.31.88', os.name: 'Windows 7', os.arch: 'amd64', os.version: '6.1', java.version: '1.8.0_102'
Driver info: driver.version: unknown)]]></system-out>
         <system-err><![CDATA[2019-10-07 15:14:21 - [TEST_CASE][FAILED] - Test Cases/ADMIN/Content Mgmt/Custom Fields Page/Add Custom Item Fields/Add_HyperlinkURL: Test Cases/ADMIN/Content Mgmt/Custom Fields Page/Add Custom Item Fields/Add_HyperlinkURL FAILED because (of) Unable to wait for object 'Object Repository/ADMIN/Custom Item Fields List Page/button_Add Field' to be visible (Root cause: com.kms.katalon.core.webui.exception.BrowserNotOpenedException: Browser is not opened
Build info: version: '3.7.1', revision: '8a0099a', time: '2017-11-06T21:07:36.161Z'
System info: host: 'ARCADIER-01', ip: '10.10.31.88', os.name: 'Windows 7', os.arch: 'amd64', os.version: '6.1', java.version: '1.8.0_102'
Driver info: driver.version: unknown)]]></system-err>
      </testcase>
      <testcase name="Test Cases/ADMIN/Content Mgmt/Custom Fields Page/Add Custom Item Fields/Add_Location" classname="Test Cases/ADMIN/Content Mgmt/Custom Fields Page/Add Custom Item Fields/Add_Location" status="FAILED">
         <failure type="FAILED" message="Unable to wait for object 'Object Repository/ADMIN/Custom Item Fields List Page/button_Add Field' to be visible (Root cause: com.kms.katalon.core.webui.exception.BrowserNotOpenedException: Browser is not opened
Build info: version: '3.7.1', revision: '8a0099a', time: '2017-11-06T21:07:36.161Z'
System info: host: 'ARCADIER-01', ip: '10.10.31.88', os.name: 'Windows 7', os.arch: 'amd64', os.version: '6.1', java.version: '1.8.0_102'
Driver info: driver.version: unknown)"/>
         <system-out><![CDATA[2019-10-07 15:14:21 - [TEST_CASE][FAILED] - Test Cases/ADMIN/Content Mgmt/Custom Fields Page/Add Custom Item Fields/Add_Location: Test Cases/ADMIN/Content Mgmt/Custom Fields Page/Add Custom Item Fields/Add_Location FAILED because (of) Unable to wait for object 'Object Repository/ADMIN/Custom Item Fields List Page/button_Add Field' to be visible (Root cause: com.kms.katalon.core.webui.exception.BrowserNotOpenedException: Browser is not opened
Build info: version: '3.7.1', revision: '8a0099a', time: '2017-11-06T21:07:36.161Z'
System info: host: 'ARCADIER-01', ip: '10.10.31.88', os.name: 'Windows 7', os.arch: 'amd64', os.version: '6.1', java.version: '1.8.0_102'
Driver info: driver.version: unknown)

2019-10-07 15:14:21 - [TEST_STEP][FAILED] - waitForElementVisible: Unable to wait for object 'Object Repository/ADMIN/Custom Item Fields List Page/button_Add Field' to be visible (Root cause: com.kms.katalon.core.webui.exception.BrowserNotOpenedException: Browser is not opened
Build info: version: '3.7.1', revision: '8a0099a', time: '2017-11-06T21:07:36.161Z'
System info: host: 'ARCADIER-01', ip: '10.10.31.88', os.name: 'Windows 7', os.arch: 'amd64', os.version: '6.1', java.version: '1.8.0_102'
Driver info: driver.version: unknown)

2019-10-07 15:14:21 - [MESSAGE][WARNING] - Timeout '0' is invalid. Using default page load timeout: '30'

2019-10-07 15:14:21 - [MESSAGE][WARNING] - Cannot take screenshot

2019-10-07 15:14:21 - [MESSAGE][FAILED] - Unable to wait for object 'Object Repository/ADMIN/Custom Item Fields List Page/button_Add Field' to be visible (Root cause: com.kms.katalon.core.webui.exception.BrowserNotOpenedException: Browser is not opened
Build info: version: '3.7.1', revision: '8a0099a', time: '2017-11-06T21:07:36.161Z'
System info: host: 'ARCADIER-01', ip: '10.10.31.88', os.name: 'Windows 7', os.arch: 'amd64', os.version: '6.1', java.version: '1.8.0_102'
Driver info: driver.version: unknown)

2019-10-07 15:14:21 - [TEST_STEP][FAILED] - click: Unable to click on object 'Object Repository/ADMIN/Custom Item Fields List Page/button_Add Field' (Root cause: com.kms.katalon.core.webui.exception.BrowserNotOpenedException: Browser is not opened
Build info: version: '3.7.1', revision: '8a0099a', time: '2017-11-06T21:07:36.161Z'
System info: host: 'ARCADIER-01', ip: '10.10.31.88', os.name: 'Windows 7', os.arch: 'amd64', os.version: '6.1', java.version: '1.8.0_102'
Driver info: driver.version: unknown)

2019-10-07 15:14:21 - [MESSAGE][WARNING] - Cannot take screenshot

2019-10-07 15:14:21 - [MESSAGE][FAILED] - Unable to click on object 'Object Repository/ADMIN/Custom Item Fields List Page/button_Add Field' (Root cause: com.kms.katalon.core.webui.exception.BrowserNotOpenedException: Browser is not opened
Build info: version: '3.7.1', revision: '8a0099a', time: '2017-11-06T21:07:36.161Z'
System info: host: 'ARCADIER-01', ip: '10.10.31.88', os.name: 'Windows 7', os.arch: 'amd64', os.version: '6.1', java.version: '1.8.0_102'
Driver info: driver.version: unknown)]]></system-out>
         <system-err><![CDATA[2019-10-07 15:14:21 - [TEST_CASE][FAILED] - Test Cases/ADMIN/Content Mgmt/Custom Fields Page/Add Custom Item Fields/Add_Location: Test Cases/ADMIN/Content Mgmt/Custom Fields Page/Add Custom Item Fields/Add_Location FAILED because (of) Unable to wait for object 'Object Repository/ADMIN/Custom Item Fields List Page/button_Add Field' to be visible (Root cause: com.kms.katalon.core.webui.exception.BrowserNotOpenedException: Browser is not opened
Build info: version: '3.7.1', revision: '8a0099a', time: '2017-11-06T21:07:36.161Z'
System info: host: 'ARCADIER-01', ip: '10.10.31.88', os.name: 'Windows 7', os.arch: 'amd64', os.version: '6.1', java.version: '1.8.0_102'
Driver info: driver.version: unknown)]]></system-err>
      </testcase>
      <testcase name="Test Cases/ADMIN/Content Mgmt/Custom Fields Page/Add Custom Item Fields/Add_Number" classname="Test Cases/ADMIN/Content Mgmt/Custom Fields Page/Add Custom Item Fields/Add_Number" status="FAILED">
         <failure type="FAILED" message="Unable to wait for object 'Object Repository/ADMIN/Custom Item Fields List Page/button_Add Field' to be visible (Root cause: com.kms.katalon.core.webui.exception.BrowserNotOpenedException: Browser is not opened
Build info: version: '3.7.1', revision: '8a0099a', time: '2017-11-06T21:07:36.161Z'
System info: host: 'ARCADIER-01', ip: '10.10.31.88', os.name: 'Windows 7', os.arch: 'amd64', os.version: '6.1', java.version: '1.8.0_102'
Driver info: driver.version: unknown)"/>
         <system-out><![CDATA[2019-10-07 15:14:21 - [TEST_CASE][FAILED] - Test Cases/ADMIN/Content Mgmt/Custom Fields Page/Add Custom Item Fields/Add_Number: Test Cases/ADMIN/Content Mgmt/Custom Fields Page/Add Custom Item Fields/Add_Number FAILED because (of) Unable to wait for object 'Object Repository/ADMIN/Custom Item Fields List Page/button_Add Field' to be visible (Root cause: com.kms.katalon.core.webui.exception.BrowserNotOpenedException: Browser is not opened
Build info: version: '3.7.1', revision: '8a0099a', time: '2017-11-06T21:07:36.161Z'
System info: host: 'ARCADIER-01', ip: '10.10.31.88', os.name: 'Windows 7', os.arch: 'amd64', os.version: '6.1', java.version: '1.8.0_102'
Driver info: driver.version: unknown)

2019-10-07 15:14:21 - [TEST_STEP][FAILED] - waitForElementVisible: Unable to wait for object 'Object Repository/ADMIN/Custom Item Fields List Page/button_Add Field' to be visible (Root cause: com.kms.katalon.core.webui.exception.BrowserNotOpenedException: Browser is not opened
Build info: version: '3.7.1', revision: '8a0099a', time: '2017-11-06T21:07:36.161Z'
System info: host: 'ARCADIER-01', ip: '10.10.31.88', os.name: 'Windows 7', os.arch: 'amd64', os.version: '6.1', java.version: '1.8.0_102'
Driver info: driver.version: unknown)

2019-10-07 15:14:21 - [MESSAGE][WARNING] - Timeout '0' is invalid. Using default page load timeout: '30'

2019-10-07 15:14:21 - [MESSAGE][WARNING] - Cannot take screenshot

2019-10-07 15:14:21 - [MESSAGE][FAILED] - Unable to wait for object 'Object Repository/ADMIN/Custom Item Fields List Page/button_Add Field' to be visible (Root cause: com.kms.katalon.core.webui.exception.BrowserNotOpenedException: Browser is not opened
Build info: version: '3.7.1', revision: '8a0099a', time: '2017-11-06T21:07:36.161Z'
System info: host: 'ARCADIER-01', ip: '10.10.31.88', os.name: 'Windows 7', os.arch: 'amd64', os.version: '6.1', java.version: '1.8.0_102'
Driver info: driver.version: unknown)

2019-10-07 15:14:21 - [TEST_STEP][FAILED] - click: Unable to click on object 'Object Repository/ADMIN/Custom Item Fields List Page/button_Add Field' (Root cause: com.kms.katalon.core.webui.exception.BrowserNotOpenedException: Browser is not opened
Build info: version: '3.7.1', revision: '8a0099a', time: '2017-11-06T21:07:36.161Z'
System info: host: 'ARCADIER-01', ip: '10.10.31.88', os.name: 'Windows 7', os.arch: 'amd64', os.version: '6.1', java.version: '1.8.0_102'
Driver info: driver.version: unknown)

2019-10-07 15:14:21 - [MESSAGE][WARNING] - Cannot take screenshot

2019-10-07 15:14:21 - [MESSAGE][FAILED] - Unable to click on object 'Object Repository/ADMIN/Custom Item Fields List Page/button_Add Field' (Root cause: com.kms.katalon.core.webui.exception.BrowserNotOpenedException: Browser is not opened
Build info: version: '3.7.1', revision: '8a0099a', time: '2017-11-06T21:07:36.161Z'
System info: host: 'ARCADIER-01', ip: '10.10.31.88', os.name: 'Windows 7', os.arch: 'amd64', os.version: '6.1', java.version: '1.8.0_102'
Driver info: driver.version: unknown)]]></system-out>
         <system-err><![CDATA[2019-10-07 15:14:21 - [TEST_CASE][FAILED] - Test Cases/ADMIN/Content Mgmt/Custom Fields Page/Add Custom Item Fields/Add_Number: Test Cases/ADMIN/Content Mgmt/Custom Fields Page/Add Custom Item Fields/Add_Number FAILED because (of) Unable to wait for object 'Object Repository/ADMIN/Custom Item Fields List Page/button_Add Field' to be visible (Root cause: com.kms.katalon.core.webui.exception.BrowserNotOpenedException: Browser is not opened
Build info: version: '3.7.1', revision: '8a0099a', time: '2017-11-06T21:07:36.161Z'
System info: host: 'ARCADIER-01', ip: '10.10.31.88', os.name: 'Windows 7', os.arch: 'amd64', os.version: '6.1', java.version: '1.8.0_102'
Driver info: driver.version: unknown)]]></system-err>
      </testcase>
      <testcase name="Test Cases/ADMIN/Content Mgmt/Custom Fields Page/Add Custom Item Fields/Add_PDF" classname="Test Cases/ADMIN/Content Mgmt/Custom Fields Page/Add Custom Item Fields/Add_PDF" status="FAILED">
         <failure type="FAILED" message="Unable to wait for object 'Object Repository/ADMIN/Custom Item Fields List Page/button_Add Field' to be visible (Root cause: com.kms.katalon.core.webui.exception.BrowserNotOpenedException: Browser is not opened
Build info: version: '3.7.1', revision: '8a0099a', time: '2017-11-06T21:07:36.161Z'
System info: host: 'ARCADIER-01', ip: '10.10.31.88', os.name: 'Windows 7', os.arch: 'amd64', os.version: '6.1', java.version: '1.8.0_102'
Driver info: driver.version: unknown)"/>
         <system-out><![CDATA[2019-10-07 15:14:21 - [TEST_CASE][FAILED] - Test Cases/ADMIN/Content Mgmt/Custom Fields Page/Add Custom Item Fields/Add_PDF: Test Cases/ADMIN/Content Mgmt/Custom Fields Page/Add Custom Item Fields/Add_PDF FAILED because (of) Unable to wait for object 'Object Repository/ADMIN/Custom Item Fields List Page/button_Add Field' to be visible (Root cause: com.kms.katalon.core.webui.exception.BrowserNotOpenedException: Browser is not opened
Build info: version: '3.7.1', revision: '8a0099a', time: '2017-11-06T21:07:36.161Z'
System info: host: 'ARCADIER-01', ip: '10.10.31.88', os.name: 'Windows 7', os.arch: 'amd64', os.version: '6.1', java.version: '1.8.0_102'
Driver info: driver.version: unknown)

2019-10-07 15:14:21 - [TEST_STEP][FAILED] - waitForElementVisible: Unable to wait for object 'Object Repository/ADMIN/Custom Item Fields List Page/button_Add Field' to be visible (Root cause: com.kms.katalon.core.webui.exception.BrowserNotOpenedException: Browser is not opened
Build info: version: '3.7.1', revision: '8a0099a', time: '2017-11-06T21:07:36.161Z'
System info: host: 'ARCADIER-01', ip: '10.10.31.88', os.name: 'Windows 7', os.arch: 'amd64', os.version: '6.1', java.version: '1.8.0_102'
Driver info: driver.version: unknown)

2019-10-07 15:14:21 - [MESSAGE][WARNING] - Timeout '0' is invalid. Using default page load timeout: '30'

2019-10-07 15:14:21 - [MESSAGE][WARNING] - Cannot take screenshot

2019-10-07 15:14:21 - [MESSAGE][FAILED] - Unable to wait for object 'Object Repository/ADMIN/Custom Item Fields List Page/button_Add Field' to be visible (Root cause: com.kms.katalon.core.webui.exception.BrowserNotOpenedException: Browser is not opened
Build info: version: '3.7.1', revision: '8a0099a', time: '2017-11-06T21:07:36.161Z'
System info: host: 'ARCADIER-01', ip: '10.10.31.88', os.name: 'Windows 7', os.arch: 'amd64', os.version: '6.1', java.version: '1.8.0_102'
Driver info: driver.version: unknown)

2019-10-07 15:14:21 - [TEST_STEP][FAILED] - click: Unable to click on object 'Object Repository/ADMIN/Custom Item Fields List Page/button_Add Field' (Root cause: com.kms.katalon.core.webui.exception.BrowserNotOpenedException: Browser is not opened
Build info: version: '3.7.1', revision: '8a0099a', time: '2017-11-06T21:07:36.161Z'
System info: host: 'ARCADIER-01', ip: '10.10.31.88', os.name: 'Windows 7', os.arch: 'amd64', os.version: '6.1', java.version: '1.8.0_102'
Driver info: driver.version: unknown)

2019-10-07 15:14:21 - [MESSAGE][WARNING] - Cannot take screenshot

2019-10-07 15:14:21 - [MESSAGE][FAILED] - Unable to click on object 'Object Repository/ADMIN/Custom Item Fields List Page/button_Add Field' (Root cause: com.kms.katalon.core.webui.exception.BrowserNotOpenedException: Browser is not opened
Build info: version: '3.7.1', revision: '8a0099a', time: '2017-11-06T21:07:36.161Z'
System info: host: 'ARCADIER-01', ip: '10.10.31.88', os.name: 'Windows 7', os.arch: 'amd64', os.version: '6.1', java.version: '1.8.0_102'
Driver info: driver.version: unknown)]]></system-out>
         <system-err><![CDATA[2019-10-07 15:14:21 - [TEST_CASE][FAILED] - Test Cases/ADMIN/Content Mgmt/Custom Fields Page/Add Custom Item Fields/Add_PDF: Test Cases/ADMIN/Content Mgmt/Custom Fields Page/Add Custom Item Fields/Add_PDF FAILED because (of) Unable to wait for object 'Object Repository/ADMIN/Custom Item Fields List Page/button_Add Field' to be visible (Root cause: com.kms.katalon.core.webui.exception.BrowserNotOpenedException: Browser is not opened
Build info: version: '3.7.1', revision: '8a0099a', time: '2017-11-06T21:07:36.161Z'
System info: host: 'ARCADIER-01', ip: '10.10.31.88', os.name: 'Windows 7', os.arch: 'amd64', os.version: '6.1', java.version: '1.8.0_102'
Driver info: driver.version: unknown)]]></system-err>
      </testcase>
      <testcase name="Test Cases/ADMIN/Content Mgmt/Custom Fields Page/Add Custom Item Fields/Add_Percentage" classname="Test Cases/ADMIN/Content Mgmt/Custom Fields Page/Add Custom Item Fields/Add_Percentage" status="FAILED">
         <failure type="FAILED" message="Unable to wait for object 'Object Repository/ADMIN/Custom Item Fields List Page/button_Add Field' to be visible (Root cause: com.kms.katalon.core.webui.exception.BrowserNotOpenedException: Browser is not opened
Build info: version: '3.7.1', revision: '8a0099a', time: '2017-11-06T21:07:36.161Z'
System info: host: 'ARCADIER-01', ip: '10.10.31.88', os.name: 'Windows 7', os.arch: 'amd64', os.version: '6.1', java.version: '1.8.0_102'
Driver info: driver.version: unknown)"/>
         <system-out><![CDATA[2019-10-07 15:14:21 - [TEST_CASE][FAILED] - Test Cases/ADMIN/Content Mgmt/Custom Fields Page/Add Custom Item Fields/Add_Percentage: Test Cases/ADMIN/Content Mgmt/Custom Fields Page/Add Custom Item Fields/Add_Percentage FAILED because (of) Unable to wait for object 'Object Repository/ADMIN/Custom Item Fields List Page/button_Add Field' to be visible (Root cause: com.kms.katalon.core.webui.exception.BrowserNotOpenedException: Browser is not opened
Build info: version: '3.7.1', revision: '8a0099a', time: '2017-11-06T21:07:36.161Z'
System info: host: 'ARCADIER-01', ip: '10.10.31.88', os.name: 'Windows 7', os.arch: 'amd64', os.version: '6.1', java.version: '1.8.0_102'
Driver info: driver.version: unknown)

2019-10-07 15:14:21 - [TEST_STEP][FAILED] - waitForElementVisible: Unable to wait for object 'Object Repository/ADMIN/Custom Item Fields List Page/button_Add Field' to be visible (Root cause: com.kms.katalon.core.webui.exception.BrowserNotOpenedException: Browser is not opened
Build info: version: '3.7.1', revision: '8a0099a', time: '2017-11-06T21:07:36.161Z'
System info: host: 'ARCADIER-01', ip: '10.10.31.88', os.name: 'Windows 7', os.arch: 'amd64', os.version: '6.1', java.version: '1.8.0_102'
Driver info: driver.version: unknown)

2019-10-07 15:14:21 - [MESSAGE][WARNING] - Timeout '0' is invalid. Using default page load timeout: '30'

2019-10-07 15:14:21 - [MESSAGE][WARNING] - Cannot take screenshot

2019-10-07 15:14:21 - [MESSAGE][FAILED] - Unable to wait for object 'Object Repository/ADMIN/Custom Item Fields List Page/button_Add Field' to be visible (Root cause: com.kms.katalon.core.webui.exception.BrowserNotOpenedException: Browser is not opened
Build info: version: '3.7.1', revision: '8a0099a', time: '2017-11-06T21:07:36.161Z'
System info: host: 'ARCADIER-01', ip: '10.10.31.88', os.name: 'Windows 7', os.arch: 'amd64', os.version: '6.1', java.version: '1.8.0_102'
Driver info: driver.version: unknown)

2019-10-07 15:14:21 - [TEST_STEP][FAILED] - click: Unable to click on object 'Object Repository/ADMIN/Custom Item Fields List Page/button_Add Field' (Root cause: com.kms.katalon.core.webui.exception.BrowserNotOpenedException: Browser is not opened
Build info: version: '3.7.1', revision: '8a0099a', time: '2017-11-06T21:07:36.161Z'
System info: host: 'ARCADIER-01', ip: '10.10.31.88', os.name: 'Windows 7', os.arch: 'amd64', os.version: '6.1', java.version: '1.8.0_102'
Driver info: driver.version: unknown)

2019-10-07 15:14:21 - [MESSAGE][WARNING] - Cannot take screenshot

2019-10-07 15:14:21 - [MESSAGE][FAILED] - Unable to click on object 'Object Repository/ADMIN/Custom Item Fields List Page/button_Add Field' (Root cause: com.kms.katalon.core.webui.exception.BrowserNotOpenedException: Browser is not opened
Build info: version: '3.7.1', revision: '8a0099a', time: '2017-11-06T21:07:36.161Z'
System info: host: 'ARCADIER-01', ip: '10.10.31.88', os.name: 'Windows 7', os.arch: 'amd64', os.version: '6.1', java.version: '1.8.0_102'
Driver info: driver.version: unknown)]]></system-out>
         <system-err><![CDATA[2019-10-07 15:14:21 - [TEST_CASE][FAILED] - Test Cases/ADMIN/Content Mgmt/Custom Fields Page/Add Custom Item Fields/Add_Percentage: Test Cases/ADMIN/Content Mgmt/Custom Fields Page/Add Custom Item Fields/Add_Percentage FAILED because (of) Unable to wait for object 'Object Repository/ADMIN/Custom Item Fields List Page/button_Add Field' to be visible (Root cause: com.kms.katalon.core.webui.exception.BrowserNotOpenedException: Browser is not opened
Build info: version: '3.7.1', revision: '8a0099a', time: '2017-11-06T21:07:36.161Z'
System info: host: 'ARCADIER-01', ip: '10.10.31.88', os.name: 'Windows 7', os.arch: 'amd64', os.version: '6.1', java.version: '1.8.0_102'
Driver info: driver.version: unknown)]]></system-err>
      </testcase>
      <testcase name="Test Cases/ADMIN/Content Mgmt/Custom Fields Page/Add Custom Item Fields/Add_TextEditor" classname="Test Cases/ADMIN/Content Mgmt/Custom Fields Page/Add Custom Item Fields/Add_TextEditor" status="FAILED">
         <failure type="FAILED" message="Unable to wait for object 'Object Repository/ADMIN/Custom Item Fields List Page/button_Add Field' to be visible (Root cause: com.kms.katalon.core.webui.exception.BrowserNotOpenedException: Browser is not opened
Build info: version: '3.7.1', revision: '8a0099a', time: '2017-11-06T21:07:36.161Z'
System info: host: 'ARCADIER-01', ip: '10.10.31.88', os.name: 'Windows 7', os.arch: 'amd64', os.version: '6.1', java.version: '1.8.0_102'
Driver info: driver.version: unknown)"/>
         <system-out><![CDATA[2019-10-07 15:14:21 - [TEST_CASE][FAILED] - Test Cases/ADMIN/Content Mgmt/Custom Fields Page/Add Custom Item Fields/Add_TextEditor: Test Cases/ADMIN/Content Mgmt/Custom Fields Page/Add Custom Item Fields/Add_TextEditor FAILED because (of) Unable to wait for object 'Object Repository/ADMIN/Custom Item Fields List Page/button_Add Field' to be visible (Root cause: com.kms.katalon.core.webui.exception.BrowserNotOpenedException: Browser is not opened
Build info: version: '3.7.1', revision: '8a0099a', time: '2017-11-06T21:07:36.161Z'
System info: host: 'ARCADIER-01', ip: '10.10.31.88', os.name: 'Windows 7', os.arch: 'amd64', os.version: '6.1', java.version: '1.8.0_102'
Driver info: driver.version: unknown)

2019-10-07 15:14:21 - [TEST_STEP][FAILED] - waitForElementVisible: Unable to wait for object 'Object Repository/ADMIN/Custom Item Fields List Page/button_Add Field' to be visible (Root cause: com.kms.katalon.core.webui.exception.BrowserNotOpenedException: Browser is not opened
Build info: version: '3.7.1', revision: '8a0099a', time: '2017-11-06T21:07:36.161Z'
System info: host: 'ARCADIER-01', ip: '10.10.31.88', os.name: 'Windows 7', os.arch: 'amd64', os.version: '6.1', java.version: '1.8.0_102'
Driver info: driver.version: unknown)

2019-10-07 15:14:21 - [MESSAGE][WARNING] - Timeout '0' is invalid. Using default page load timeout: '30'

2019-10-07 15:14:21 - [MESSAGE][WARNING] - Cannot take screenshot

2019-10-07 15:14:21 - [MESSAGE][FAILED] - Unable to wait for object 'Object Repository/ADMIN/Custom Item Fields List Page/button_Add Field' to be visible (Root cause: com.kms.katalon.core.webui.exception.BrowserNotOpenedException: Browser is not opened
Build info: version: '3.7.1', revision: '8a0099a', time: '2017-11-06T21:07:36.161Z'
System info: host: 'ARCADIER-01', ip: '10.10.31.88', os.name: 'Windows 7', os.arch: 'amd64', os.version: '6.1', java.version: '1.8.0_102'
Driver info: driver.version: unknown)

2019-10-07 15:14:21 - [TEST_STEP][FAILED] - click: Unable to click on object 'Object Repository/ADMIN/Custom Item Fields List Page/button_Add Field' (Root cause: com.kms.katalon.core.webui.exception.BrowserNotOpenedException: Browser is not opened
Build info: version: '3.7.1', revision: '8a0099a', time: '2017-11-06T21:07:36.161Z'
System info: host: 'ARCADIER-01', ip: '10.10.31.88', os.name: 'Windows 7', os.arch: 'amd64', os.version: '6.1', java.version: '1.8.0_102'
Driver info: driver.version: unknown)

2019-10-07 15:14:21 - [MESSAGE][WARNING] - Cannot take screenshot

2019-10-07 15:14:21 - [MESSAGE][FAILED] - Unable to click on object 'Object Repository/ADMIN/Custom Item Fields List Page/button_Add Field' (Root cause: com.kms.katalon.core.webui.exception.BrowserNotOpenedException: Browser is not opened
Build info: version: '3.7.1', revision: '8a0099a', time: '2017-11-06T21:07:36.161Z'
System info: host: 'ARCADIER-01', ip: '10.10.31.88', os.name: 'Windows 7', os.arch: 'amd64', os.version: '6.1', java.version: '1.8.0_102'
Driver info: driver.version: unknown)

2019-10-07 15:14:21 - [TEST_STEP][FAILED] - waitForElementVisible: Unable to wait for object 'Object Repository/ADMIN/Custom Item Fields Page/a_Default/textfield_fieldname' to be visible (Root cause: com.kms.katalon.core.webui.exception.BrowserNotOpenedException: Browser is not opened
Build info: version: '3.7.1', revision: '8a0099a', time: '2017-11-06T21:07:36.161Z'
System info: host: 'ARCADIER-01', ip: '10.10.31.88', os.name: 'Windows 7', os.arch: 'amd64', os.version: '6.1', java.version: '1.8.0_102'
Driver info: driver.version: unknown)

2019-10-07 15:14:21 - [MESSAGE][WARNING] - Timeout '0' is invalid. Using default page load timeout: '30'

2019-10-07 15:14:21 - [MESSAGE][WARNING] - Cannot take screenshot

2019-10-07 15:14:21 - [MESSAGE][FAILED] - Unable to wait for object 'Object Repository/ADMIN/Custom Item Fields Page/a_Default/textfield_fieldname' to be visible (Root cause: com.kms.katalon.core.webui.exception.BrowserNotOpenedException: Browser is not opened
Build info: version: '3.7.1', revision: '8a0099a', time: '2017-11-06T21:07:36.161Z'
System info: host: 'ARCADIER-01', ip: '10.10.31.88', os.name: 'Windows 7', os.arch: 'amd64', os.version: '6.1', java.version: '1.8.0_102'
Driver info: driver.version: unknown)

2019-10-07 15:14:21 - [TEST_STEP][FAILED] - setText: Unable to set text 'Text Editor Mandatory' of object 'Object Repository/ADMIN/Custom Item Fields Page/a_Default/textfield_fieldname' (Root cause: com.kms.katalon.core.webui.exception.BrowserNotOpenedException: Browser is not opened
Build info: version: '3.7.1', revision: '8a0099a', time: '2017-11-06T21:07:36.161Z'
System info: host: 'ARCADIER-01', ip: '10.10.31.88', os.name: 'Windows 7', os.arch: 'amd64', os.version: '6.1', java.version: '1.8.0_102'
Driver info: driver.version: unknown)

2019-10-07 15:14:21 - [MESSAGE][WARNING] - Cannot take screenshot

2019-10-07 15:14:21 - [MESSAGE][FAILED] - Unable to set text 'Text Editor Mandatory' of object 'Object Repository/ADMIN/Custom Item Fields Page/a_Default/textfield_fieldname' (Root cause: com.kms.katalon.core.webui.exception.BrowserNotOpenedException: Browser is not opened
Build info: version: '3.7.1', revision: '8a0099a', time: '2017-11-06T21:07:36.161Z'
System info: host: 'ARCADIER-01', ip: '10.10.31.88', os.name: 'Windows 7', os.arch: 'amd64', os.version: '6.1', java.version: '1.8.0_102'
Driver info: driver.version: unknown)

2019-10-07 15:14:21 - [TEST_STEP][FAILED] - selectOptionByLabel: Unable to select option by label 'Text Editor' of object 'Object Repository/ADMIN/Custom Item Fields Page/a_Default/dropdown_fieldtype'  (Root cause: com.kms.katalon.core.webui.exception.BrowserNotOpenedException: Browser is not opened
Build info: version: '3.7.1', revision: '8a0099a', time: '2017-11-06T21:07:36.161Z'
System info: host: 'ARCADIER-01', ip: '10.10.31.88', os.name: 'Windows 7', os.arch: 'amd64', os.version: '6.1', java.version: '1.8.0_102'
Driver info: driver.version: unknown)

2019-10-07 15:14:22 - [MESSAGE][WARNING] - Cannot take screenshot

2019-10-07 15:14:22 - [MESSAGE][FAILED] - Unable to select option by label 'Text Editor' of object 'Object Repository/ADMIN/Custom Item Fields Page/a_Default/dropdown_fieldtype'  (Root cause: com.kms.katalon.core.webui.exception.BrowserNotOpenedException: Browser is not opened
Build info: version: '3.7.1', revision: '8a0099a', time: '2017-11-06T21:07:36.161Z'
System info: host: 'ARCADIER-01', ip: '10.10.31.88', os.name: 'Windows 7', os.arch: 'amd64', os.version: '6.1', java.version: '1.8.0_102'
Driver info: driver.version: unknown)

2019-10-07 15:14:22 - [TEST_STEP][FAILED] - click: Unable to click on object 'Object Repository/ADMIN/Custom Item Fields Page/a_Default/button_SelectCategories' (Root cause: com.kms.katalon.core.webui.exception.BrowserNotOpenedException: Browser is not opened
Build info: version: '3.7.1', revision: '8a0099a', time: '2017-11-06T21:07:36.161Z'
System info: host: 'ARCADIER-01', ip: '10.10.31.88', os.name: 'Windows 7', os.arch: 'amd64', os.version: '6.1', java.version: '1.8.0_102'
Driver info: driver.version: unknown)

2019-10-07 15:14:22 - [MESSAGE][WARNING] - Cannot take screenshot

2019-10-07 15:14:22 - [MESSAGE][FAILED] - Unable to click on object 'Object Repository/ADMIN/Custom Item Fields Page/a_Default/button_SelectCategories' (Root cause: com.kms.katalon.core.webui.exception.BrowserNotOpenedException: Browser is not opened
Build info: version: '3.7.1', revision: '8a0099a', time: '2017-11-06T21:07:36.161Z'
System info: host: 'ARCADIER-01', ip: '10.10.31.88', os.name: 'Windows 7', os.arch: 'amd64', os.version: '6.1', java.version: '1.8.0_102'
Driver info: driver.version: unknown)

2019-10-07 15:14:22 - [TEST_STEP][FAILED] - waitForElementVisible: Unable to wait for object 'Object Repository/ADMIN/Custom Item Fields List Page/a_SelectCategories/linktext_SelectAll' to be visible (Root cause: com.kms.katalon.core.webui.exception.BrowserNotOpenedException: Browser is not opened
Build info: version: '3.7.1', revision: '8a0099a', time: '2017-11-06T21:07:36.161Z'
System info: host: 'ARCADIER-01', ip: '10.10.31.88', os.name: 'Windows 7', os.arch: 'amd64', os.version: '6.1', java.version: '1.8.0_102'
Driver info: driver.version: unknown)

2019-10-07 15:14:22 - [MESSAGE][WARNING] - Timeout '0' is invalid. Using default page load timeout: '30'

2019-10-07 15:14:22 - [MESSAGE][WARNING] - Cannot take screenshot

2019-10-07 15:14:22 - [MESSAGE][FAILED] - Unable to wait for object 'Object Repository/ADMIN/Custom Item Fields List Page/a_SelectCategories/linktext_SelectAll' to be visible (Root cause: com.kms.katalon.core.webui.exception.BrowserNotOpenedException: Browser is not opened
Build info: version: '3.7.1', revision: '8a0099a', time: '2017-11-06T21:07:36.161Z'
System info: host: 'ARCADIER-01', ip: '10.10.31.88', os.name: 'Windows 7', os.arch: 'amd64', os.version: '6.1', java.version: '1.8.0_102'
Driver info: driver.version: unknown)

2019-10-07 15:14:22 - [TEST_STEP][FAILED] - click: Unable to click on object 'Object Repository/ADMIN/Custom Item Fields List Page/a_SelectCategories/linktext_SelectAll' (Root cause: com.kms.katalon.core.webui.exception.BrowserNotOpenedException: Browser is not opened
Build info: version: '3.7.1', revision: '8a0099a', time: '2017-11-06T21:07:36.161Z'
System info: host: 'ARCADIER-01', ip: '10.10.31.88', os.name: 'Windows 7', os.arch: 'amd64', os.version: '6.1', java.version: '1.8.0_102'
Driver info: driver.version: unknown)

2019-10-07 15:14:22 - [MESSAGE][WARNING] - Cannot take screenshot

2019-10-07 15:14:22 - [MESSAGE][FAILED] - Unable to click on object 'Object Repository/ADMIN/Custom Item Fields List Page/a_SelectCategories/linktext_SelectAll' (Root cause: com.kms.katalon.core.webui.exception.BrowserNotOpenedException: Browser is not opened
Build info: version: '3.7.1', revision: '8a0099a', time: '2017-11-06T21:07:36.161Z'
System info: host: 'ARCADIER-01', ip: '10.10.31.88', os.name: 'Windows 7', os.arch: 'amd64', os.version: '6.1', java.version: '1.8.0_102'
Driver info: driver.version: unknown)

2019-10-07 15:14:22 - [TEST_STEP][FAILED] - click: Unable to click on object 'Object Repository/ADMIN/Custom Item Fields List Page/a_SelectCategories/button_Save' (Root cause: com.kms.katalon.core.webui.exception.BrowserNotOpenedException: Browser is not opened
Build info: version: '3.7.1', revision: '8a0099a', time: '2017-11-06T21:07:36.161Z'
System info: host: 'ARCADIER-01', ip: '10.10.31.88', os.name: 'Windows 7', os.arch: 'amd64', os.version: '6.1', java.version: '1.8.0_102'
Driver info: driver.version: unknown)

2019-10-07 15:14:22 - [MESSAGE][WARNING] - Cannot take screenshot

2019-10-07 15:14:22 - [MESSAGE][FAILED] - Unable to click on object 'Object Repository/ADMIN/Custom Item Fields List Page/a_SelectCategories/button_Save' (Root cause: com.kms.katalon.core.webui.exception.BrowserNotOpenedException: Browser is not opened
Build info: version: '3.7.1', revision: '8a0099a', time: '2017-11-06T21:07:36.161Z'
System info: host: 'ARCADIER-01', ip: '10.10.31.88', os.name: 'Windows 7', os.arch: 'amd64', os.version: '6.1', java.version: '1.8.0_102'
Driver info: driver.version: unknown)]]></system-out>
         <system-err><![CDATA[2019-10-07 15:14:21 - [TEST_CASE][FAILED] - Test Cases/ADMIN/Content Mgmt/Custom Fields Page/Add Custom Item Fields/Add_TextEditor: Test Cases/ADMIN/Content Mgmt/Custom Fields Page/Add Custom Item Fields/Add_TextEditor FAILED because (of) Unable to wait for object 'Object Repository/ADMIN/Custom Item Fields List Page/button_Add Field' to be visible (Root cause: com.kms.katalon.core.webui.exception.BrowserNotOpenedException: Browser is not opened
Build info: version: '3.7.1', revision: '8a0099a', time: '2017-11-06T21:07:36.161Z'
System info: host: 'ARCADIER-01', ip: '10.10.31.88', os.name: 'Windows 7', os.arch: 'amd64', os.version: '6.1', java.version: '1.8.0_102'
Driver info: driver.version: unknown)]]></system-err>
      </testcase>
      <testcase name="Test Cases/ADMIN/Content Mgmt/Custom Fields Page/Add Custom Item Fields/Add_Textfield for Delete" classname="Test Cases/ADMIN/Content Mgmt/Custom Fields Page/Add Custom Item Fields/Add_Textfield for Delete" status="FAILED">
         <failure type="FAILED" message="Unable to wait for object 'Object Repository/ADMIN/Custom Item Fields List Page/button_Add Field' to be visible (Root cause: com.kms.katalon.core.webui.exception.BrowserNotOpenedException: Browser is not opened
Build info: version: '3.7.1', revision: '8a0099a', time: '2017-11-06T21:07:36.161Z'
System info: host: 'ARCADIER-01', ip: '10.10.31.88', os.name: 'Windows 7', os.arch: 'amd64', os.version: '6.1', java.version: '1.8.0_102'
Driver info: driver.version: unknown)"/>
         <system-out><![CDATA[2019-10-07 15:14:22 - [TEST_CASE][FAILED] - Test Cases/ADMIN/Content Mgmt/Custom Fields Page/Add Custom Item Fields/Add_Textfield for Delete: Test Cases/ADMIN/Content Mgmt/Custom Fields Page/Add Custom Item Fields/Add_Textfield for Delete FAILED because (of) Unable to wait for object 'Object Repository/ADMIN/Custom Item Fields List Page/button_Add Field' to be visible (Root cause: com.kms.katalon.core.webui.exception.BrowserNotOpenedException: Browser is not opened
Build info: version: '3.7.1', revision: '8a0099a', time: '2017-11-06T21:07:36.161Z'
System info: host: 'ARCADIER-01', ip: '10.10.31.88', os.name: 'Windows 7', os.arch: 'amd64', os.version: '6.1', java.version: '1.8.0_102'
Driver info: driver.version: unknown)

2019-10-07 15:14:22 - [TEST_STEP][FAILED] - waitForElementVisible: Unable to wait for object 'Object Repository/ADMIN/Custom Item Fields List Page/button_Add Field' to be visible (Root cause: com.kms.katalon.core.webui.exception.BrowserNotOpenedException: Browser is not opened
Build info: version: '3.7.1', revision: '8a0099a', time: '2017-11-06T21:07:36.161Z'
System info: host: 'ARCADIER-01', ip: '10.10.31.88', os.name: 'Windows 7', os.arch: 'amd64', os.version: '6.1', java.version: '1.8.0_102'
Driver info: driver.version: unknown)

2019-10-07 15:14:22 - [MESSAGE][WARNING] - Timeout '0' is invalid. Using default page load timeout: '30'

2019-10-07 15:14:22 - [MESSAGE][WARNING] - Cannot take screenshot

2019-10-07 15:14:22 - [MESSAGE][FAILED] - Unable to wait for object 'Object Repository/ADMIN/Custom Item Fields List Page/button_Add Field' to be visible (Root cause: com.kms.katalon.core.webui.exception.BrowserNotOpenedException: Browser is not opened
Build info: version: '3.7.1', revision: '8a0099a', time: '2017-11-06T21:07:36.161Z'
System info: host: 'ARCADIER-01', ip: '10.10.31.88', os.name: 'Windows 7', os.arch: 'amd64', os.version: '6.1', java.version: '1.8.0_102'
Driver info: driver.version: unknown)

2019-10-07 15:14:22 - [TEST_STEP][FAILED] - click: Unable to click on object 'Object Repository/ADMIN/Custom Item Fields List Page/button_Add Field' (Root cause: com.kms.katalon.core.webui.exception.BrowserNotOpenedException: Browser is not opened
Build info: version: '3.7.1', revision: '8a0099a', time: '2017-11-06T21:07:36.161Z'
System info: host: 'ARCADIER-01', ip: '10.10.31.88', os.name: 'Windows 7', os.arch: 'amd64', os.version: '6.1', java.version: '1.8.0_102'
Driver info: driver.version: unknown)

2019-10-07 15:14:22 - [MESSAGE][WARNING] - Cannot take screenshot

2019-10-07 15:14:22 - [MESSAGE][FAILED] - Unable to click on object 'Object Repository/ADMIN/Custom Item Fields List Page/button_Add Field' (Root cause: com.kms.katalon.core.webui.exception.BrowserNotOpenedException: Browser is not opened
Build info: version: '3.7.1', revision: '8a0099a', time: '2017-11-06T21:07:36.161Z'
System info: host: 'ARCADIER-01', ip: '10.10.31.88', os.name: 'Windows 7', os.arch: 'amd64', os.version: '6.1', java.version: '1.8.0_102'
Driver info: driver.version: unknown)]]></system-out>
         <system-err><![CDATA[2019-10-07 15:14:22 - [TEST_CASE][FAILED] - Test Cases/ADMIN/Content Mgmt/Custom Fields Page/Add Custom Item Fields/Add_Textfield for Delete: Test Cases/ADMIN/Content Mgmt/Custom Fields Page/Add Custom Item Fields/Add_Textfield for Delete FAILED because (of) Unable to wait for object 'Object Repository/ADMIN/Custom Item Fields List Page/button_Add Field' to be visible (Root cause: com.kms.katalon.core.webui.exception.BrowserNotOpenedException: Browser is not opened
Build info: version: '3.7.1', revision: '8a0099a', time: '2017-11-06T21:07:36.161Z'
System info: host: 'ARCADIER-01', ip: '10.10.31.88', os.name: 'Windows 7', os.arch: 'amd64', os.version: '6.1', java.version: '1.8.0_102'
Driver info: driver.version: unknown)]]></system-err>
      </testcase>
      <testcase name="Test Cases/ADMIN/Content Mgmt/Custom Fields Page/Add Custom Item Fields/Add_Textfield For Edit" classname="Test Cases/ADMIN/Content Mgmt/Custom Fields Page/Add Custom Item Fields/Add_Textfield For Edit" status="FAILED">
         <failure type="FAILED" message="Unable to wait for object 'Object Repository/ADMIN/Custom Item Fields List Page/button_Add Field' to be visible (Root cause: com.kms.katalon.core.webui.exception.BrowserNotOpenedException: Browser is not opened
Build info: version: '3.7.1', revision: '8a0099a', time: '2017-11-06T21:07:36.161Z'
System info: host: 'ARCADIER-01', ip: '10.10.31.88', os.name: 'Windows 7', os.arch: 'amd64', os.version: '6.1', java.version: '1.8.0_102'
Driver info: driver.version: unknown)"/>
         <system-out><![CDATA[2019-10-07 15:14:22 - [TEST_CASE][FAILED] - Test Cases/ADMIN/Content Mgmt/Custom Fields Page/Add Custom Item Fields/Add_Textfield For Edit: Test Cases/ADMIN/Content Mgmt/Custom Fields Page/Add Custom Item Fields/Add_Textfield For Edit FAILED because (of) Unable to wait for object 'Object Repository/ADMIN/Custom Item Fields List Page/button_Add Field' to be visible (Root cause: com.kms.katalon.core.webui.exception.BrowserNotOpenedException: Browser is not opened
Build info: version: '3.7.1', revision: '8a0099a', time: '2017-11-06T21:07:36.161Z'
System info: host: 'ARCADIER-01', ip: '10.10.31.88', os.name: 'Windows 7', os.arch: 'amd64', os.version: '6.1', java.version: '1.8.0_102'
Driver info: driver.version: unknown)

2019-10-07 15:14:22 - [TEST_STEP][FAILED] - waitForElementVisible: Unable to wait for object 'Object Repository/ADMIN/Custom Item Fields List Page/button_Add Field' to be visible (Root cause: com.kms.katalon.core.webui.exception.BrowserNotOpenedException: Browser is not opened
Build info: version: '3.7.1', revision: '8a0099a', time: '2017-11-06T21:07:36.161Z'
System info: host: 'ARCADIER-01', ip: '10.10.31.88', os.name: 'Windows 7', os.arch: 'amd64', os.version: '6.1', java.version: '1.8.0_102'
Driver info: driver.version: unknown)

2019-10-07 15:14:22 - [MESSAGE][WARNING] - Timeout '0' is invalid. Using default page load timeout: '30'

2019-10-07 15:14:22 - [MESSAGE][WARNING] - Cannot take screenshot

2019-10-07 15:14:22 - [MESSAGE][FAILED] - Unable to wait for object 'Object Repository/ADMIN/Custom Item Fields List Page/button_Add Field' to be visible (Root cause: com.kms.katalon.core.webui.exception.BrowserNotOpenedException: Browser is not opened
Build info: version: '3.7.1', revision: '8a0099a', time: '2017-11-06T21:07:36.161Z'
System info: host: 'ARCADIER-01', ip: '10.10.31.88', os.name: 'Windows 7', os.arch: 'amd64', os.version: '6.1', java.version: '1.8.0_102'
Driver info: driver.version: unknown)

2019-10-07 15:14:22 - [TEST_STEP][FAILED] - click: Unable to click on object 'Object Repository/ADMIN/Custom Item Fields List Page/button_Add Field' (Root cause: com.kms.katalon.core.webui.exception.BrowserNotOpenedException: Browser is not opened
Build info: version: '3.7.1', revision: '8a0099a', time: '2017-11-06T21:07:36.161Z'
System info: host: 'ARCADIER-01', ip: '10.10.31.88', os.name: 'Windows 7', os.arch: 'amd64', os.version: '6.1', java.version: '1.8.0_102'
Driver info: driver.version: unknown)

2019-10-07 15:14:22 - [MESSAGE][WARNING] - Cannot take screenshot

2019-10-07 15:14:22 - [MESSAGE][FAILED] - Unable to click on object 'Object Repository/ADMIN/Custom Item Fields List Page/button_Add Field' (Root cause: com.kms.katalon.core.webui.exception.BrowserNotOpenedException: Browser is not opened
Build info: version: '3.7.1', revision: '8a0099a', time: '2017-11-06T21:07:36.161Z'
System info: host: 'ARCADIER-01', ip: '10.10.31.88', os.name: 'Windows 7', os.arch: 'amd64', os.version: '6.1', java.version: '1.8.0_102'
Driver info: driver.version: unknown)]]></system-out>
         <system-err><![CDATA[2019-10-07 15:14:22 - [TEST_CASE][FAILED] - Test Cases/ADMIN/Content Mgmt/Custom Fields Page/Add Custom Item Fields/Add_Textfield For Edit: Test Cases/ADMIN/Content Mgmt/Custom Fields Page/Add Custom Item Fields/Add_Textfield For Edit FAILED because (of) Unable to wait for object 'Object Repository/ADMIN/Custom Item Fields List Page/button_Add Field' to be visible (Root cause: com.kms.katalon.core.webui.exception.BrowserNotOpenedException: Browser is not opened
Build info: version: '3.7.1', revision: '8a0099a', time: '2017-11-06T21:07:36.161Z'
System info: host: 'ARCADIER-01', ip: '10.10.31.88', os.name: 'Windows 7', os.arch: 'amd64', os.version: '6.1', java.version: '1.8.0_102'
Driver info: driver.version: unknown)]]></system-err>
      </testcase>
      <testcase name="Test Cases/ADMIN/Content Mgmt/Custom Fields Page/Add Custom Item Fields/Add_Textfield" classname="Test Cases/ADMIN/Content Mgmt/Custom Fields Page/Add Custom Item Fields/Add_Textfield" status="FAILED">
         <failure type="FAILED" message="Unable to wait for object 'Object Repository/ADMIN/Custom Item Fields List Page/button_Add Field' to be visible (Root cause: com.kms.katalon.core.webui.exception.BrowserNotOpenedException: Browser is not opened
Build info: version: '3.7.1', revision: '8a0099a', time: '2017-11-06T21:07:36.161Z'
System info: host: 'ARCADIER-01', ip: '10.10.31.88', os.name: 'Windows 7', os.arch: 'amd64', os.version: '6.1', java.version: '1.8.0_102'
Driver info: driver.version: unknown)"/>
         <system-out><![CDATA[2019-10-07 15:14:22 - [TEST_CASE][FAILED] - Test Cases/ADMIN/Content Mgmt/Custom Fields Page/Add Custom Item Fields/Add_Textfield: Test Cases/ADMIN/Content Mgmt/Custom Fields Page/Add Custom Item Fields/Add_Textfield FAILED because (of) Unable to wait for object 'Object Repository/ADMIN/Custom Item Fields List Page/button_Add Field' to be visible (Root cause: com.kms.katalon.core.webui.exception.BrowserNotOpenedException: Browser is not opened
Build info: version: '3.7.1', revision: '8a0099a', time: '2017-11-06T21:07:36.161Z'
System info: host: 'ARCADIER-01', ip: '10.10.31.88', os.name: 'Windows 7', os.arch: 'amd64', os.version: '6.1', java.version: '1.8.0_102'
Driver info: driver.version: unknown)

2019-10-07 15:14:22 - [TEST_STEP][FAILED] - waitForElementVisible: Unable to wait for object 'Object Repository/ADMIN/Custom Item Fields List Page/button_Add Field' to be visible (Root cause: com.kms.katalon.core.webui.exception.BrowserNotOpenedException: Browser is not opened
Build info: version: '3.7.1', revision: '8a0099a', time: '2017-11-06T21:07:36.161Z'
System info: host: 'ARCADIER-01', ip: '10.10.31.88', os.name: 'Windows 7', os.arch: 'amd64', os.version: '6.1', java.version: '1.8.0_102'
Driver info: driver.version: unknown)

2019-10-07 15:14:22 - [MESSAGE][WARNING] - Timeout '0' is invalid. Using default page load timeout: '30'

2019-10-07 15:14:22 - [MESSAGE][WARNING] - Cannot take screenshot

2019-10-07 15:14:22 - [MESSAGE][FAILED] - Unable to wait for object 'Object Repository/ADMIN/Custom Item Fields List Page/button_Add Field' to be visible (Root cause: com.kms.katalon.core.webui.exception.BrowserNotOpenedException: Browser is not opened
Build info: version: '3.7.1', revision: '8a0099a', time: '2017-11-06T21:07:36.161Z'
System info: host: 'ARCADIER-01', ip: '10.10.31.88', os.name: 'Windows 7', os.arch: 'amd64', os.version: '6.1', java.version: '1.8.0_102'
Driver info: driver.version: unknown)

2019-10-07 15:14:22 - [TEST_STEP][FAILED] - click: Unable to click on object 'Object Repository/ADMIN/Custom Item Fields List Page/button_Add Field' (Root cause: com.kms.katalon.core.webui.exception.BrowserNotOpenedException: Browser is not opened
Build info: version: '3.7.1', revision: '8a0099a', time: '2017-11-06T21:07:36.161Z'
System info: host: 'ARCADIER-01', ip: '10.10.31.88', os.name: 'Windows 7', os.arch: 'amd64', os.version: '6.1', java.version: '1.8.0_102'
Driver info: driver.version: unknown)

2019-10-07 15:14:22 - [MESSAGE][WARNING] - Cannot take screenshot

2019-10-07 15:14:22 - [MESSAGE][FAILED] - Unable to click on object 'Object Repository/ADMIN/Custom Item Fields List Page/button_Add Field' (Root cause: com.kms.katalon.core.webui.exception.BrowserNotOpenedException: Browser is not opened
Build info: version: '3.7.1', revision: '8a0099a', time: '2017-11-06T21:07:36.161Z'
System info: host: 'ARCADIER-01', ip: '10.10.31.88', os.name: 'Windows 7', os.arch: 'amd64', os.version: '6.1', java.version: '1.8.0_102'
Driver info: driver.version: unknown)]]></system-out>
         <system-err><![CDATA[2019-10-07 15:14:22 - [TEST_CASE][FAILED] - Test Cases/ADMIN/Content Mgmt/Custom Fields Page/Add Custom Item Fields/Add_Textfield: Test Cases/ADMIN/Content Mgmt/Custom Fields Page/Add Custom Item Fields/Add_Textfield FAILED because (of) Unable to wait for object 'Object Repository/ADMIN/Custom Item Fields List Page/button_Add Field' to be visible (Root cause: com.kms.katalon.core.webui.exception.BrowserNotOpenedException: Browser is not opened
Build info: version: '3.7.1', revision: '8a0099a', time: '2017-11-06T21:07:36.161Z'
System info: host: 'ARCADIER-01', ip: '10.10.31.88', os.name: 'Windows 7', os.arch: 'amd64', os.version: '6.1', java.version: '1.8.0_102'
Driver info: driver.version: unknown)]]></system-err>
      </testcase>
      <system-out><![CDATA[2019-10-07 15:14:19 - [TEST_SUITE][FAILED] - Add Custom Field: Test Cases/ADMIN/Content Mgmt/Custom Fields Page/Add Custom Item Fields/Add_Checkbox NM FAILED because (of) Unable to wait for object 'Object Repository/ADMIN/Custom Item Fields List Page/menulink_Content Mgmt.' to be visible (Root cause: com.kms.katalon.core.webui.exception.BrowserNotOpenedException: Browser is not opened
Build info: version: '3.7.1', revision: '8a0099a', time: '2017-11-06T21:07:36.161Z'
System info: host: 'ARCADIER-01', ip: '10.10.31.88', os.name: 'Windows 7', os.arch: 'amd64', os.version: '6.1', java.version: '1.8.0_102'
Driver info: driver.version: unknown)]]></system-out>
      <system-err><![CDATA[2019-10-07 15:14:19 - [TEST_SUITE][FAILED] - Add Custom Field: Test Cases/ADMIN/Content Mgmt/Custom Fields Page/Add Custom Item Fields/Add_Checkbox NM FAILED because (of) Unable to wait for object 'Object Repository/ADMIN/Custom Item Fields List Page/menulink_Content Mgmt.' to be visible (Root cause: com.kms.katalon.core.webui.exception.BrowserNotOpenedException: Browser is not opened
Build info: version: '3.7.1', revision: '8a0099a', time: '2017-11-06T21:07:36.161Z'
System info: host: 'ARCADIER-01', ip: '10.10.31.88', os.name: 'Windows 7', os.arch: 'amd64', os.version: '6.1', java.version: '1.8.0_102'
Driver info: driver.version: unknown)]]></system-err>
   </testsuite>
</testsuites>
