<?xml version="1.0" encoding="UTF-8"?>
<testsuites name="3_UI Verification - Add Delivery" time="95" tests="27" failures="5" errors="0">
   <testsuite name="3_UI Verification - Add Delivery" tests="27" failures="5" errors="0" time="95" timestamp="2019-11-04 09:13:47" hostname="April - April-PC" id="Test Suites/Admin/Delivery 2.0/3_UI Verification - Add Delivery">
      <properties>
         <property name="deviceName" value=""/>
         <property name="devicePlatform" value=""/>
         <property name="logFolder" value="C:\\Users\\April\\git\\Trillia\\Reports\\Admin\\Delivery 2.0\\3_UI Verification - Add Delivery\\20191104_091345"/>
         <property name="logFiles" value="C:\\Users\\April\\git\\Trillia\\Reports\\Admin\\Delivery 2.0\\3_UI Verification - Add Delivery\\20191104_091345\\execution0.log"/>
         <property name="attachments" value="C:\\Users\\April\\git\\Trillia\\Reports\\Admin\\Delivery 2.0\\3_UI Verification - Add Delivery\\20191104_091345\\1572830048832.png, C:\\Users\\April\\git\\Trillia\\Reports\\Admin\\Delivery 2.0\\3_UI Verification - Add Delivery\\20191104_091345\\1572830049615.png, C:\\Users\\April\\git\\Trillia\\Reports\\Admin\\Delivery 2.0\\3_UI Verification - Add Delivery\\20191104_091345\\1572830057741.png, C:\\Users\\April\\git\\Trillia\\Reports\\Admin\\Delivery 2.0\\3_UI Verification - Add Delivery\\20191104_091345\\1572830090488.png, C:\\Users\\April\\git\\Trillia\\Reports\\Admin\\Delivery 2.0\\3_UI Verification - Add Delivery\\20191104_091345\\1572830122146.png"/>
         <property name="hostName" value="April - April-PC"/>
         <property name="os" value="Windows 7 64bit"/>
         <property name="katalonVersion" value="5.4.2.1"/>
         <property name="browser" value="Chrome 78.0.3904.87"/>
         <property name="hostAddress" value="10.10.31.99"/>
         <property name="sessionId" value="17ec4aba0902a605b3e27fe47e9963f4"/>
         <property name="seleniumVersion" value="3.7.1"/>
         <property name="proxyInformation" value="ProxyInformation{proxyOption=NO_PROXY, proxyServerType=HTTP, password=, proxyServerAddress=, proxyServerPort=0}"/>
         <property name="platform" value="Windows 7"/>
      </properties>
      <testcase name="Test Cases/Utilities/ADMIN/Admin Login" classname="Test Cases/Utilities/ADMIN/Admin Login" status="PASSED">
         <system-out><![CDATA[2019-11-04 09:13:47 - [TEST_CASE][PASSED] - Test Cases/Utilities/ADMIN/Admin Login: Test Cases/Utilities/ADMIN/Admin Login

2019-11-04 09:13:48 - [TEST_STEP][PASSED] - openBrowser: Browser is opened with url: ''

2019-11-04 09:13:51 - [MESSAGE][PASSED] - Browser is opened with url: ''

2019-11-04 09:13:51 - [TEST_STEP][PASSED] - maximizeWindow: Current window maximized

2019-11-04 09:13:52 - [MESSAGE][PASSED] - Current window maximized

2019-11-04 09:13:52 - [TEST_STEP][PASSED] - navigateToUrl: Navigate to 'http://1104bp1.test.arcadier.io/admin' successfully

2019-11-04 09:13:55 - [MESSAGE][PASSED] - Navigate to 'http://1104bp1.test.arcadier.io/admin' successfully

2019-11-04 09:13:55 - [TEST_STEP][PASSED] - Statement - If (AdminAccountType == "custom"): Object: 'Object Repository/ADMIN/Admin Login Page/button_SignIn' is clicked on

2019-11-04 09:13:55 - [TEST_STEP][PASSED] - waitForElementVisible: Object 'Object Repository/ADMIN/Admin Login Page/textbox_username' is visible

2019-11-04 09:13:55 - [MESSAGE][WARNING] - Timeout '0' is invalid. Using default page load timeout: '30'

2019-11-04 09:13:55 - [MESSAGE][PASSED] - Object 'Object Repository/ADMIN/Admin Login Page/textbox_username' is visible

2019-11-04 09:13:55 - [TEST_STEP][PASSED] - setText: Text '1104bp1' is set on object 'Object Repository/ADMIN/Admin Login Page/textbox_username'

2019-11-04 09:13:55 - [MESSAGE][PASSED] - Text '1104bp1' is set on object 'Object Repository/ADMIN/Admin Login Page/textbox_username'

2019-11-04 09:13:55 - [TEST_STEP][PASSED] - setText: Text 'welcome8' is set on object 'Object Repository/ADMIN/Admin Login Page/textbox_password'

2019-11-04 09:13:55 - [MESSAGE][PASSED] - Text 'welcome8' is set on object 'Object Repository/ADMIN/Admin Login Page/textbox_password'

2019-11-04 09:13:55 - [TEST_STEP][PASSED] - click: Object: 'Object Repository/ADMIN/Admin Login Page/button_SignIn' is clicked on

2019-11-04 09:13:58 - [MESSAGE][PASSED] - Object: 'Object Repository/ADMIN/Admin Login Page/button_SignIn' is clicked on]]></system-out>
         <system-err><![CDATA[]]></system-err>
      </testcase>
      <testcase name="Test Cases/ADMIN/Features Control/Delivery 2.0/Delivery 2.0 List Page/navigate_Delivery2.0" classname="Test Cases/ADMIN/Features Control/Delivery 2.0/Delivery 2.0 List Page/navigate_Delivery2.0" status="PASSED">
         <system-out><![CDATA[2019-11-04 09:13:58 - [TEST_CASE][PASSED] - Test Cases/ADMIN/Features Control/Delivery 2.0/Delivery 2.0 List Page/navigate_Delivery2.0: Test Cases/ADMIN/Features Control/Delivery 2.0/Delivery 2.0 List Page/navigate_Delivery2.0

2019-11-04 09:13:58 - [TEST_STEP][PASSED] - waitForElementVisible: Object 'Object Repository/ADMIN/Features Control/Delivery 2.0/sidemenu_Features Control' is visible

2019-11-04 09:13:58 - [MESSAGE][WARNING] - Timeout '0' is invalid. Using default page load timeout: '30'

2019-11-04 09:13:58 - [MESSAGE][PASSED] - Object 'Object Repository/ADMIN/Features Control/Delivery 2.0/sidemenu_Features Control' is visible

2019-11-04 09:13:58 - [TEST_STEP][PASSED] - click: Object: 'Object Repository/ADMIN/Features Control/Delivery 2.0/sidemenu_Features Control' is clicked on

2019-11-04 09:13:59 - [MESSAGE][PASSED] - Object: 'Object Repository/ADMIN/Features Control/Delivery 2.0/sidemenu_Features Control' is clicked on

2019-11-04 09:13:59 - [TEST_STEP][PASSED] - waitForElementVisible: Object 'Object Repository/ADMIN/Features Control/Delivery 2.0/button_featureEdit' is visible

2019-11-04 09:13:59 - [MESSAGE][WARNING] - Timeout '0' is invalid. Using default page load timeout: '30'

2019-11-04 09:13:59 - [MESSAGE][PASSED] - Object 'Object Repository/ADMIN/Features Control/Delivery 2.0/button_featureEdit' is visible

2019-11-04 09:13:59 - [TEST_STEP][PASSED] - delay: Delayed 2 second(s)

2019-11-04 09:14:01 - [MESSAGE][PASSED] - Delayed 2 second(s)

2019-11-04 09:14:01 - [TEST_STEP][PASSED] - click: Object: 'Object Repository/ADMIN/Features Control/Delivery 2.0/button_featureEdit' is clicked on

2019-11-04 09:14:02 - [MESSAGE][PASSED] - Object: 'Object Repository/ADMIN/Features Control/Delivery 2.0/button_featureEdit' is clicked on]]></system-out>
         <system-err><![CDATA[]]></system-err>
      </testcase>
      <testcase name="Test Cases/ADMIN/Features Control/Delivery 2.0/Delivery 2.0 List Page/Complex/TC020" classname="Test Cases/ADMIN/Features Control/Delivery 2.0/Delivery 2.0 List Page/Complex/TC020" status="PASSED">
         <system-out><![CDATA[2019-11-04 09:14:02 - [TEST_CASE][PASSED] - Test Cases/ADMIN/Features Control/Delivery 2.0/Delivery 2.0 List Page/Complex/TC020: Test Cases/ADMIN/Features Control/Delivery 2.0/Delivery 2.0 List Page/Complex/TC020

2019-11-04 09:14:02 - [TEST_STEP][PASSED] - waitForElementVisible: Object 'Object Repository/ADMIN/Admin Delivery Option List/button_Add Delivery Option' is visible

2019-11-04 09:14:02 - [MESSAGE][WARNING] - Timeout '0' is invalid. Using default page load timeout: '30'

2019-11-04 09:14:02 - [MESSAGE][PASSED] - Object 'Object Repository/ADMIN/Admin Delivery Option List/button_Add Delivery Option' is visible

2019-11-04 09:14:02 - [TEST_STEP][PASSED] - delay: Delayed 2 second(s)

2019-11-04 09:14:04 - [MESSAGE][PASSED] - Delayed 2 second(s)

2019-11-04 09:14:04 - [TEST_STEP][PASSED] - click: Object: 'Object Repository/ADMIN/Admin Delivery Option List/button_Add Delivery Option' is clicked on

2019-11-04 09:14:04 - [MESSAGE][PASSED] - Object: 'Object Repository/ADMIN/Admin Delivery Option List/button_Add Delivery Option' is clicked on

2019-11-04 09:14:04 - [TEST_STEP][PASSED] - verifyElementVisible: Object 'Object Repository/ADMIN/Admin Delivery Option/textlabel_DeliveryOptionName' is visible

2019-11-04 09:14:05 - [MESSAGE][PASSED] - Object 'Object Repository/ADMIN/Admin Delivery Option/textlabel_DeliveryOptionName' is visible]]></system-out>
         <system-err><![CDATA[]]></system-err>
      </testcase>
      <testcase name="Test Cases/ADMIN/Features Control/Delivery 2.0/Delivery 2.0/UI/TC001" classname="Test Cases/ADMIN/Features Control/Delivery 2.0/Delivery 2.0/UI/TC001" status="PASSED">
         <system-out><![CDATA[2019-11-04 09:14:05 - [TEST_CASE][PASSED] - Test Cases/ADMIN/Features Control/Delivery 2.0/Delivery 2.0/UI/TC001: Test Cases/ADMIN/Features Control/Delivery 2.0/Delivery 2.0/UI/TC001

2019-11-04 09:14:05 - [TEST_STEP][PASSED] - waitForElementVisible: Object 'Object Repository/ADMIN/Admin Delivery Option List/icon_DeliverySettings' is visible

2019-11-04 09:14:05 - [MESSAGE][WARNING] - Timeout '0' is invalid. Using default page load timeout: '30'

2019-11-04 09:14:05 - [MESSAGE][PASSED] - Object 'Object Repository/ADMIN/Admin Delivery Option List/icon_DeliverySettings' is visible

2019-11-04 09:14:05 - [TEST_STEP][PASSED] - verifyElementVisible: Object 'Object Repository/ADMIN/Admin Delivery Option List/icon_DeliverySettings' is visible

2019-11-04 09:14:05 - [MESSAGE][PASSED] - Object 'Object Repository/ADMIN/Admin Delivery Option List/icon_DeliverySettings' is visible]]></system-out>
         <system-err><![CDATA[]]></system-err>
      </testcase>
      <testcase name="Test Cases/ADMIN/Features Control/Delivery 2.0/Delivery 2.0/UI/TC002" classname="Test Cases/ADMIN/Features Control/Delivery 2.0/Delivery 2.0/UI/TC002" status="PASSED">
         <system-out><![CDATA[2019-11-04 09:14:05 - [TEST_CASE][PASSED] - Test Cases/ADMIN/Features Control/Delivery 2.0/Delivery 2.0/UI/TC002: Test Cases/ADMIN/Features Control/Delivery 2.0/Delivery 2.0/UI/TC002

2019-11-04 09:14:05 - [TEST_STEP][PASSED] - waitForElementVisible: Object 'Object Repository/ADMIN/Admin Delivery Option List/icon_DeliverySettings' is visible

2019-11-04 09:14:05 - [MESSAGE][WARNING] - Timeout '0' is invalid. Using default page load timeout: '30'

2019-11-04 09:14:05 - [MESSAGE][PASSED] - Object 'Object Repository/ADMIN/Admin Delivery Option List/icon_DeliverySettings' is visible

2019-11-04 09:14:05 - [TEST_STEP][PASSED] - verifyElementVisible: Object 'Object Repository/ADMIN/Admin Delivery Option List/textlabel_Delivery2.0' is visible

2019-11-04 09:14:05 - [MESSAGE][PASSED] - Object 'Object Repository/ADMIN/Admin Delivery Option List/textlabel_Delivery2.0' is visible]]></system-out>
         <system-err><![CDATA[]]></system-err>
      </testcase>
      <testcase name="Test Cases/ADMIN/Features Control/Delivery 2.0/Delivery 2.0/UI/TC003" classname="Test Cases/ADMIN/Features Control/Delivery 2.0/Delivery 2.0/UI/TC003" status="PASSED">
         <system-out><![CDATA[2019-11-04 09:14:05 - [TEST_CASE][PASSED] - Test Cases/ADMIN/Features Control/Delivery 2.0/Delivery 2.0/UI/TC003: Test Cases/ADMIN/Features Control/Delivery 2.0/Delivery 2.0/UI/TC003

2019-11-04 09:14:05 - [TEST_STEP][PASSED] - waitForElementVisible: Object 'Object Repository/ADMIN/Admin Delivery Option/textlabel_DeliveryOptionName' is visible

2019-11-04 09:14:05 - [MESSAGE][WARNING] - Timeout '0' is invalid. Using default page load timeout: '30'

2019-11-04 09:14:05 - [MESSAGE][PASSED] - Object 'Object Repository/ADMIN/Admin Delivery Option/textlabel_DeliveryOptionName' is visible

2019-11-04 09:14:05 - [TEST_STEP][PASSED] - verifyElementVisible: Object 'Object Repository/ADMIN/Admin Delivery Option/textlabel_DeliveryOptionName' is visible

2019-11-04 09:14:05 - [MESSAGE][PASSED] - Object 'Object Repository/ADMIN/Admin Delivery Option/textlabel_DeliveryOptionName' is visible]]></system-out>
         <system-err><![CDATA[]]></system-err>
      </testcase>
      <testcase name="Test Cases/ADMIN/Features Control/Delivery 2.0/Delivery 2.0/UI/TC004" classname="Test Cases/ADMIN/Features Control/Delivery 2.0/Delivery 2.0/UI/TC004" status="PASSED">
         <system-out><![CDATA[2019-11-04 09:14:05 - [TEST_CASE][PASSED] - Test Cases/ADMIN/Features Control/Delivery 2.0/Delivery 2.0/UI/TC004: Test Cases/ADMIN/Features Control/Delivery 2.0/Delivery 2.0/UI/TC004

2019-11-04 09:14:05 - [TEST_STEP][PASSED] - waitForElementVisible: Object 'Object Repository/ADMIN/Admin Delivery Option/textlabel_DeliveryOptionName' is visible

2019-11-04 09:14:05 - [MESSAGE][WARNING] - Timeout '0' is invalid. Using default page load timeout: '30'

2019-11-04 09:14:05 - [MESSAGE][PASSED] - Object 'Object Repository/ADMIN/Admin Delivery Option/textlabel_DeliveryOptionName' is visible

2019-11-04 09:14:05 - [TEST_STEP][PASSED] - verifyElementVisible: Object 'Object Repository/ADMIN/Admin Delivery Option/textfield_DeliveryOptionName' is visible

2019-11-04 09:14:05 - [MESSAGE][PASSED] - Object 'Object Repository/ADMIN/Admin Delivery Option/textfield_DeliveryOptionName' is visible]]></system-out>
         <system-err><![CDATA[]]></system-err>
      </testcase>
      <testcase name="Test Cases/ADMIN/Features Control/Delivery 2.0/Delivery 2.0/UI/TC005" classname="Test Cases/ADMIN/Features Control/Delivery 2.0/Delivery 2.0/UI/TC005" status="PASSED">
         <system-out><![CDATA[2019-11-04 09:14:05 - [TEST_CASE][PASSED] - Test Cases/ADMIN/Features Control/Delivery 2.0/Delivery 2.0/UI/TC005: Test Cases/ADMIN/Features Control/Delivery 2.0/Delivery 2.0/UI/TC005

2019-11-04 09:14:06 - [TEST_STEP][PASSED] - waitForElementVisible: Object 'Object Repository/ADMIN/Admin Delivery Option/textlabel_DeliveryOptionName' is visible

2019-11-04 09:14:06 - [MESSAGE][WARNING] - Timeout '0' is invalid. Using default page load timeout: '30'

2019-11-04 09:14:06 - [MESSAGE][PASSED] - Object 'Object Repository/ADMIN/Admin Delivery Option/textlabel_DeliveryOptionName' is visible

2019-11-04 09:14:06 - [TEST_STEP][PASSED] - verifyElementVisible: Object 'Object Repository/ADMIN/Admin Delivery Option/textlabel_DeliversTo' is visible

2019-11-04 09:14:06 - [MESSAGE][PASSED] - Object 'Object Repository/ADMIN/Admin Delivery Option/textlabel_DeliversTo' is visible]]></system-out>
         <system-err><![CDATA[]]></system-err>
      </testcase>
      <testcase name="Test Cases/ADMIN/Features Control/Delivery 2.0/Delivery 2.0/UI/TC006" classname="Test Cases/ADMIN/Features Control/Delivery 2.0/Delivery 2.0/UI/TC006" status="PASSED">
         <system-out><![CDATA[2019-11-04 09:14:06 - [TEST_CASE][PASSED] - Test Cases/ADMIN/Features Control/Delivery 2.0/Delivery 2.0/UI/TC006: Test Cases/ADMIN/Features Control/Delivery 2.0/Delivery 2.0/UI/TC006

2019-11-04 09:14:06 - [TEST_STEP][PASSED] - waitForElementVisible: Object 'Object Repository/ADMIN/Admin Delivery Option/textlabel_DeliveryOptionName' is visible

2019-11-04 09:14:06 - [MESSAGE][WARNING] - Timeout '0' is invalid. Using default page load timeout: '30'

2019-11-04 09:14:06 - [MESSAGE][PASSED] - Object 'Object Repository/ADMIN/Admin Delivery Option/textlabel_DeliveryOptionName' is visible

2019-11-04 09:14:06 - [TEST_STEP][PASSED] - verifyElementVisible: Object 'Object Repository/ADMIN/Admin Delivery Option/dropdownselect_Country' is visible

2019-11-04 09:14:06 - [MESSAGE][PASSED] - Object 'Object Repository/ADMIN/Admin Delivery Option/dropdownselect_Country' is visible]]></system-out>
         <system-err><![CDATA[]]></system-err>
      </testcase>
      <testcase name="Test Cases/ADMIN/Features Control/Delivery 2.0/Delivery 2.0/UI/TC007" classname="Test Cases/ADMIN/Features Control/Delivery 2.0/Delivery 2.0/UI/TC007" status="PASSED">
         <system-out><![CDATA[2019-11-04 09:14:06 - [TEST_CASE][PASSED] - Test Cases/ADMIN/Features Control/Delivery 2.0/Delivery 2.0/UI/TC007: Test Cases/ADMIN/Features Control/Delivery 2.0/Delivery 2.0/UI/TC007

2019-11-04 09:14:06 - [TEST_STEP][PASSED] - waitForElementVisible: Object 'Object Repository/ADMIN/Admin Delivery Option/textlabel_DeliveryOptionName' is visible

2019-11-04 09:14:06 - [MESSAGE][WARNING] - Timeout '0' is invalid. Using default page load timeout: '30'

2019-11-04 09:14:06 - [MESSAGE][PASSED] - Object 'Object Repository/ADMIN/Admin Delivery Option/textlabel_DeliveryOptionName' is visible

2019-11-04 09:14:06 - [TEST_STEP][PASSED] - verifyElementVisible: Object 'Object Repository/ADMIN/Admin Delivery Option/textlabel_MinimumLeadTime' is visible

2019-11-04 09:14:06 - [MESSAGE][PASSED] - Object 'Object Repository/ADMIN/Admin Delivery Option/textlabel_MinimumLeadTime' is visible]]></system-out>
         <system-err><![CDATA[]]></system-err>
      </testcase>
      <testcase name="Test Cases/ADMIN/Features Control/Delivery 2.0/Delivery 2.0/UI/TC008" classname="Test Cases/ADMIN/Features Control/Delivery 2.0/Delivery 2.0/UI/TC008" status="PASSED">
         <system-out><![CDATA[2019-11-04 09:14:06 - [TEST_CASE][PASSED] - Test Cases/ADMIN/Features Control/Delivery 2.0/Delivery 2.0/UI/TC008: Test Cases/ADMIN/Features Control/Delivery 2.0/Delivery 2.0/UI/TC008

2019-11-04 09:14:07 - [TEST_STEP][PASSED] - waitForElementVisible: Object 'Object Repository/ADMIN/Admin Delivery Option/textlabel_DeliveryOptionName' is visible

2019-11-04 09:14:07 - [MESSAGE][WARNING] - Timeout '0' is invalid. Using default page load timeout: '30'

2019-11-04 09:14:07 - [MESSAGE][PASSED] - Object 'Object Repository/ADMIN/Admin Delivery Option/textlabel_DeliveryOptionName' is visible

2019-11-04 09:14:07 - [TEST_STEP][PASSED] - verifyElementVisible: Object 'Object Repository/ADMIN/Admin Delivery Option/textfield_MinimumLeadTime' is visible

2019-11-04 09:14:07 - [MESSAGE][PASSED] - Object 'Object Repository/ADMIN/Admin Delivery Option/textfield_MinimumLeadTime' is visible]]></system-out>
         <system-err><![CDATA[]]></system-err>
      </testcase>
      <testcase name="Test Cases/ADMIN/Features Control/Delivery 2.0/Delivery 2.0/UI/TC009" classname="Test Cases/ADMIN/Features Control/Delivery 2.0/Delivery 2.0/UI/TC009" status="PASSED">
         <system-out><![CDATA[2019-11-04 09:14:07 - [TEST_CASE][PASSED] - Test Cases/ADMIN/Features Control/Delivery 2.0/Delivery 2.0/UI/TC009: Test Cases/ADMIN/Features Control/Delivery 2.0/Delivery 2.0/UI/TC009

2019-11-04 09:14:07 - [TEST_STEP][PASSED] - waitForElementVisible: Object 'Object Repository/ADMIN/Admin Delivery Option/textlabel_DeliveryOptionName' is visible

2019-11-04 09:14:07 - [MESSAGE][WARNING] - Timeout '0' is invalid. Using default page load timeout: '30'

2019-11-04 09:14:07 - [MESSAGE][PASSED] - Object 'Object Repository/ADMIN/Admin Delivery Option/textlabel_DeliveryOptionName' is visible

2019-11-04 09:14:07 - [TEST_STEP][PASSED] - verifyElementVisible: Object 'Object Repository/ADMIN/Admin Delivery Option/textlabel_WhereAreYouDelivering' is visible

2019-11-04 09:14:07 - [MESSAGE][PASSED] - Object 'Object Repository/ADMIN/Admin Delivery Option/textlabel_WhereAreYouDelivering' is visible]]></system-out>
         <system-err><![CDATA[]]></system-err>
      </testcase>
      <testcase name="Test Cases/ADMIN/Features Control/Delivery 2.0/Delivery 2.0/UI/TC010" classname="Test Cases/ADMIN/Features Control/Delivery 2.0/Delivery 2.0/UI/TC010" status="PASSED">
         <system-out><![CDATA[2019-11-04 09:14:07 - [TEST_CASE][PASSED] - Test Cases/ADMIN/Features Control/Delivery 2.0/Delivery 2.0/UI/TC010: Test Cases/ADMIN/Features Control/Delivery 2.0/Delivery 2.0/UI/TC010

2019-11-04 09:14:07 - [TEST_STEP][PASSED] - waitForElementVisible: Object 'Object Repository/ADMIN/Admin Delivery Option/textlabel_DeliveryOptionName' is visible

2019-11-04 09:14:07 - [MESSAGE][WARNING] - Timeout '0' is invalid. Using default page load timeout: '30'

2019-11-04 09:14:07 - [MESSAGE][PASSED] - Object 'Object Repository/ADMIN/Admin Delivery Option/textlabel_DeliveryOptionName' is visible

2019-11-04 09:14:07 - [TEST_STEP][PASSED] - verifyElementVisible: Object 'Object Repository/ADMIN/Admin Delivery Option/textfield_WhereAreYouDelivering' is visible

2019-11-04 09:14:07 - [MESSAGE][PASSED] - Object 'Object Repository/ADMIN/Admin Delivery Option/textfield_WhereAreYouDelivering' is visible]]></system-out>
         <system-err><![CDATA[]]></system-err>
      </testcase>
      <testcase name="Test Cases/ADMIN/Features Control/Delivery 2.0/Delivery 2.0/UI/TC011" classname="Test Cases/ADMIN/Features Control/Delivery 2.0/Delivery 2.0/UI/TC011" status="PASSED">
         <system-out><![CDATA[2019-11-04 09:14:07 - [TEST_CASE][PASSED] - Test Cases/ADMIN/Features Control/Delivery 2.0/Delivery 2.0/UI/TC011: Test Cases/ADMIN/Features Control/Delivery 2.0/Delivery 2.0/UI/TC011

2019-11-04 09:14:07 - [TEST_STEP][PASSED] - waitForElementVisible: Object 'Object Repository/ADMIN/Admin Delivery Option/textlabel_DeliveryOptionName' is visible

2019-11-04 09:14:07 - [MESSAGE][WARNING] - Timeout '0' is invalid. Using default page load timeout: '30'

2019-11-04 09:14:07 - [MESSAGE][PASSED] - Object 'Object Repository/ADMIN/Admin Delivery Option/textlabel_DeliveryOptionName' is visible

2019-11-04 09:14:08 - [TEST_STEP][PASSED] - verifyElementVisible: Object 'Object Repository/ADMIN/Admin Delivery Option/textlabel_radioSelection' is visible

2019-11-04 09:14:08 - [MESSAGE][PASSED] - Object 'Object Repository/ADMIN/Admin Delivery Option/textlabel_radioSelection' is visible]]></system-out>
         <system-err><![CDATA[]]></system-err>
      </testcase>
      <testcase name="Test Cases/ADMIN/Features Control/Delivery 2.0/Delivery 2.0/UI/TC012" classname="Test Cases/ADMIN/Features Control/Delivery 2.0/Delivery 2.0/UI/TC012" status="PASSED">
         <system-out><![CDATA[2019-11-04 09:14:08 - [TEST_CASE][PASSED] - Test Cases/ADMIN/Features Control/Delivery 2.0/Delivery 2.0/UI/TC012: Test Cases/ADMIN/Features Control/Delivery 2.0/Delivery 2.0/UI/TC012

2019-11-04 09:14:08 - [TEST_STEP][PASSED] - waitForElementVisible: Object 'Object Repository/ADMIN/Admin Delivery Option/textlabel_DeliveryOptionName' is visible

2019-11-04 09:14:08 - [MESSAGE][WARNING] - Timeout '0' is invalid. Using default page load timeout: '30'

2019-11-04 09:14:08 - [MESSAGE][PASSED] - Object 'Object Repository/ADMIN/Admin Delivery Option/textlabel_DeliveryOptionName' is visible

2019-11-04 09:14:08 - [TEST_STEP][PASSED] - verifyElementVisible: Object 'Object Repository/ADMIN/Admin Delivery Option/radio_Weight' is visible

2019-11-04 09:14:08 - [MESSAGE][PASSED] - Object 'Object Repository/ADMIN/Admin Delivery Option/radio_Weight' is visible]]></system-out>
         <system-err><![CDATA[]]></system-err>
      </testcase>
      <testcase name="Test Cases/ADMIN/Features Control/Delivery 2.0/Delivery 2.0/UI/TC013" classname="Test Cases/ADMIN/Features Control/Delivery 2.0/Delivery 2.0/UI/TC013" status="FAILED">
         <failure type="FAILED" message="Actual text 'Weight (kg)' and expected text '' of test object 'Object Repository/ADMIN/Admin Delivery Option/radio_Weight' are NOT matched."/>
         <system-out><![CDATA[2019-11-04 09:14:08 - [TEST_CASE][FAILED] - Test Cases/ADMIN/Features Control/Delivery 2.0/Delivery 2.0/UI/TC013: Test Cases/ADMIN/Features Control/Delivery 2.0/Delivery 2.0/UI/TC013 FAILED because (of) Actual text 'Weight (kg)' and expected text '' of test object 'Object Repository/ADMIN/Admin Delivery Option/radio_Weight' are NOT matched.

2019-11-04 09:14:08 - [TEST_STEP][PASSED] - waitForElementVisible: Object 'Object Repository/ADMIN/Admin Delivery Option/textlabel_DeliveryOptionName' is visible

2019-11-04 09:14:08 - [MESSAGE][WARNING] - Timeout '0' is invalid. Using default page load timeout: '30'

2019-11-04 09:14:08 - [MESSAGE][PASSED] - Object 'Object Repository/ADMIN/Admin Delivery Option/textlabel_DeliveryOptionName' is visible

2019-11-04 09:14:08 - [TEST_STEP][PASSED] - verifyElementVisible: Object 'Object Repository/ADMIN/Admin Delivery Option/radio_Weight' is visible

2019-11-04 09:14:08 - [MESSAGE][PASSED] - Object 'Object Repository/ADMIN/Admin Delivery Option/radio_Weight' is visible

2019-11-04 09:14:08 - [TEST_STEP][FAILED] - verifyElementText: Actual text 'Weight (kg)' and expected text '' of test object 'Object Repository/ADMIN/Admin Delivery Option/radio_Weight' are NOT matched.

2019-11-04 09:14:09 - [MESSAGE][FAILED] - Actual text 'Weight (kg)' and expected text '' of test object 'Object Repository/ADMIN/Admin Delivery Option/radio_Weight' are NOT matched.
[[ATTACHMENT|C:\\Users\\April\\git\\Trillia\\Reports\\Admin\\Delivery 2.0\\3_UI Verification - Add Delivery\\20191104_091345\\1572830048832.png]]]]></system-out>
         <system-err><![CDATA[2019-11-04 09:14:08 - [TEST_CASE][FAILED] - Test Cases/ADMIN/Features Control/Delivery 2.0/Delivery 2.0/UI/TC013: Test Cases/ADMIN/Features Control/Delivery 2.0/Delivery 2.0/UI/TC013 FAILED because (of) Actual text 'Weight (kg)' and expected text '' of test object 'Object Repository/ADMIN/Admin Delivery Option/radio_Weight' are NOT matched.]]></system-err>
      </testcase>
      <testcase name="Test Cases/ADMIN/Features Control/Delivery 2.0/Delivery 2.0/UI/TC014" classname="Test Cases/ADMIN/Features Control/Delivery 2.0/Delivery 2.0/UI/TC014" status="PASSED">
         <system-out><![CDATA[2019-11-04 09:14:09 - [TEST_CASE][PASSED] - Test Cases/ADMIN/Features Control/Delivery 2.0/Delivery 2.0/UI/TC014: Test Cases/ADMIN/Features Control/Delivery 2.0/Delivery 2.0/UI/TC014

2019-11-04 09:14:09 - [TEST_STEP][PASSED] - waitForElementVisible: Object 'Object Repository/ADMIN/Admin Delivery Option/textlabel_DeliveryOptionName' is visible

2019-11-04 09:14:09 - [MESSAGE][WARNING] - Timeout '0' is invalid. Using default page load timeout: '30'

2019-11-04 09:14:09 - [MESSAGE][PASSED] - Object 'Object Repository/ADMIN/Admin Delivery Option/textlabel_DeliveryOptionName' is visible

2019-11-04 09:14:09 - [TEST_STEP][PASSED] - verifyElementVisible: Object 'Object Repository/ADMIN/Admin Delivery Option/radio_Weight' is visible

2019-11-04 09:14:09 - [MESSAGE][PASSED] - Object 'Object Repository/ADMIN/Admin Delivery Option/radio_Weight' is visible]]></system-out>
         <system-err><![CDATA[]]></system-err>
      </testcase>
      <testcase name="Test Cases/ADMIN/Features Control/Delivery 2.0/Delivery 2.0/UI/TC015" classname="Test Cases/ADMIN/Features Control/Delivery 2.0/Delivery 2.0/UI/TC015" status="FAILED">
         <failure type="FAILED" message="Object 'Object Repository/ADMIN/Admin Delivery Option/radio_Weight' is not checked"/>
         <system-out><![CDATA[2019-11-04 09:14:09 - [TEST_CASE][FAILED] - Test Cases/ADMIN/Features Control/Delivery 2.0/Delivery 2.0/UI/TC015: Test Cases/ADMIN/Features Control/Delivery 2.0/Delivery 2.0/UI/TC015 FAILED because (of) Object 'Object Repository/ADMIN/Admin Delivery Option/radio_Weight' is not checked

2019-11-04 09:14:09 - [TEST_STEP][PASSED] - waitForElementVisible: Object 'Object Repository/ADMIN/Admin Delivery Option/textlabel_DeliveryOptionName' is visible

2019-11-04 09:14:09 - [MESSAGE][WARNING] - Timeout '0' is invalid. Using default page load timeout: '30'

2019-11-04 09:14:09 - [MESSAGE][PASSED] - Object 'Object Repository/ADMIN/Admin Delivery Option/textlabel_DeliveryOptionName' is visible

2019-11-04 09:14:09 - [TEST_STEP][FAILED] - verifyElementChecked: Object 'Object Repository/ADMIN/Admin Delivery Option/radio_Weight' is not checked

2019-11-04 09:14:09 - [MESSAGE][WARNING] - Timeout '0' is invalid. Using default page load timeout: '30'

2019-11-04 09:14:09 - [MESSAGE][FAILED] - Object 'Object Repository/ADMIN/Admin Delivery Option/radio_Weight' is not checked
[[ATTACHMENT|C:\\Users\\April\\git\\Trillia\\Reports\\Admin\\Delivery 2.0\\3_UI Verification - Add Delivery\\20191104_091345\\1572830049615.png]]]]></system-out>
         <system-err><![CDATA[2019-11-04 09:14:09 - [TEST_CASE][FAILED] - Test Cases/ADMIN/Features Control/Delivery 2.0/Delivery 2.0/UI/TC015: Test Cases/ADMIN/Features Control/Delivery 2.0/Delivery 2.0/UI/TC015 FAILED because (of) Object 'Object Repository/ADMIN/Admin Delivery Option/radio_Weight' is not checked]]></system-err>
      </testcase>
      <testcase name="Test Cases/ADMIN/Features Control/Delivery 2.0/Delivery 2.0/UI/TC016" classname="Test Cases/ADMIN/Features Control/Delivery 2.0/Delivery 2.0/UI/TC016" status="PASSED">
         <system-out><![CDATA[2019-11-04 09:14:09 - [TEST_CASE][PASSED] - Test Cases/ADMIN/Features Control/Delivery 2.0/Delivery 2.0/UI/TC016: Test Cases/ADMIN/Features Control/Delivery 2.0/Delivery 2.0/UI/TC016

2019-11-04 09:14:10 - [TEST_STEP][PASSED] - waitForElementVisible: Object 'Object Repository/ADMIN/Admin Delivery Option/textlabel_DeliveryOptionName' is visible

2019-11-04 09:14:10 - [MESSAGE][WARNING] - Timeout '0' is invalid. Using default page load timeout: '30'

2019-11-04 09:14:10 - [MESSAGE][PASSED] - Object 'Object Repository/ADMIN/Admin Delivery Option/textlabel_DeliveryOptionName' is visible

2019-11-04 09:14:10 - [TEST_STEP][PASSED] - verifyElementVisible: Object 'Object Repository/ADMIN/Admin Delivery Option/radio_Price' is visible

2019-11-04 09:14:15 - [MESSAGE][PASSED] - Object 'Object Repository/ADMIN/Admin Delivery Option/radio_Price' is visible]]></system-out>
         <system-err><![CDATA[]]></system-err>
      </testcase>
      <testcase name="Test Cases/ADMIN/Features Control/Delivery 2.0/Delivery 2.0/UI/TC017" classname="Test Cases/ADMIN/Features Control/Delivery 2.0/Delivery 2.0/UI/TC017" status="PASSED">
         <system-out><![CDATA[2019-11-04 09:14:15 - [TEST_CASE][PASSED] - Test Cases/ADMIN/Features Control/Delivery 2.0/Delivery 2.0/UI/TC017: Test Cases/ADMIN/Features Control/Delivery 2.0/Delivery 2.0/UI/TC017

2019-11-04 09:14:15 - [TEST_STEP][PASSED] - waitForElementVisible: Object 'Object Repository/ADMIN/Admin Delivery Option/textlabel_DeliveryOptionName' is visible

2019-11-04 09:14:15 - [MESSAGE][WARNING] - Timeout '0' is invalid. Using default page load timeout: '30'

2019-11-04 09:14:15 - [MESSAGE][PASSED] - Object 'Object Repository/ADMIN/Admin Delivery Option/textlabel_DeliveryOptionName' is visible

2019-11-04 09:14:15 - [TEST_STEP][PASSED] - verifyElementVisible: Object 'Object Repository/ADMIN/Admin Delivery Option/radio_Price' is visible

2019-11-04 09:14:15 - [MESSAGE][PASSED] - Object 'Object Repository/ADMIN/Admin Delivery Option/radio_Price' is visible]]></system-out>
         <system-err><![CDATA[]]></system-err>
      </testcase>
      <testcase name="Test Cases/ADMIN/Features Control/Delivery 2.0/Delivery 2.0/UI/TC018" classname="Test Cases/ADMIN/Features Control/Delivery 2.0/Delivery 2.0/UI/TC018" status="PASSED">
         <system-out><![CDATA[2019-11-04 09:14:15 - [TEST_CASE][PASSED] - Test Cases/ADMIN/Features Control/Delivery 2.0/Delivery 2.0/UI/TC018: Test Cases/ADMIN/Features Control/Delivery 2.0/Delivery 2.0/UI/TC018

2019-11-04 09:14:15 - [TEST_STEP][PASSED] - waitForElementVisible: Object 'Object Repository/ADMIN/Admin Delivery Option/textlabel_DeliveryOptionName' is visible

2019-11-04 09:14:15 - [MESSAGE][WARNING] - Timeout '0' is invalid. Using default page load timeout: '30'

2019-11-04 09:14:15 - [MESSAGE][PASSED] - Object 'Object Repository/ADMIN/Admin Delivery Option/textlabel_DeliveryOptionName' is visible

2019-11-04 09:14:15 - [TEST_STEP][PASSED] - verifyElementVisible: Object 'Object Repository/ADMIN/Admin Delivery Option/textlabel_DeliveryRates' is visible

2019-11-04 09:14:15 - [MESSAGE][PASSED] - Object 'Object Repository/ADMIN/Admin Delivery Option/textlabel_DeliveryRates' is visible]]></system-out>
         <system-err><![CDATA[]]></system-err>
      </testcase>
      <testcase name="Test Cases/ADMIN/Features Control/Delivery 2.0/Delivery 2.0/UI/TC019" classname="Test Cases/ADMIN/Features Control/Delivery 2.0/Delivery 2.0/UI/TC019" status="PASSED">
         <system-out><![CDATA[2019-11-04 09:14:15 - [TEST_CASE][PASSED] - Test Cases/ADMIN/Features Control/Delivery 2.0/Delivery 2.0/UI/TC019: Test Cases/ADMIN/Features Control/Delivery 2.0/Delivery 2.0/UI/TC019

2019-11-04 09:14:15 - [TEST_STEP][PASSED] - waitForElementVisible: Object 'Object Repository/ADMIN/Admin Delivery Option/textlabel_DeliveryOptionName' is visible

2019-11-04 09:14:15 - [MESSAGE][WARNING] - Timeout '0' is invalid. Using default page load timeout: '30'

2019-11-04 09:14:15 - [MESSAGE][PASSED] - Object 'Object Repository/ADMIN/Admin Delivery Option/textlabel_DeliveryOptionName' is visible

2019-11-04 09:14:15 - [TEST_STEP][PASSED] - verifyElementVisible: Object 'Object Repository/ADMIN/Admin Delivery Option/column_Name' is visible

2019-11-04 09:14:15 - [MESSAGE][PASSED] - Object 'Object Repository/ADMIN/Admin Delivery Option/column_Name' is visible]]></system-out>
         <system-err><![CDATA[]]></system-err>
      </testcase>
      <testcase name="Test Cases/ADMIN/Features Control/Delivery 2.0/Delivery 2.0/UI/TC021" classname="Test Cases/ADMIN/Features Control/Delivery 2.0/Delivery 2.0/UI/TC021" status="PASSED">
         <system-out><![CDATA[2019-11-04 09:14:15 - [TEST_CASE][PASSED] - Test Cases/ADMIN/Features Control/Delivery 2.0/Delivery 2.0/UI/TC021: Test Cases/ADMIN/Features Control/Delivery 2.0/Delivery 2.0/UI/TC021

2019-11-04 09:14:16 - [TEST_STEP][PASSED] - waitForElementVisible: Object 'Object Repository/ADMIN/Admin Delivery Option/textlabel_DeliveryOptionName' is visible

2019-11-04 09:14:16 - [MESSAGE][WARNING] - Timeout '0' is invalid. Using default page load timeout: '30'

2019-11-04 09:14:16 - [MESSAGE][PASSED] - Object 'Object Repository/ADMIN/Admin Delivery Option/textlabel_DeliveryOptionName' is visible

2019-11-04 09:14:16 - [TEST_STEP][PASSED] - verifyElementVisible: Object 'Object Repository/ADMIN/Admin Delivery Option/column_Range' is visible

2019-11-04 09:14:16 - [MESSAGE][PASSED] - Object 'Object Repository/ADMIN/Admin Delivery Option/column_Range' is visible]]></system-out>
         <system-err><![CDATA[]]></system-err>
      </testcase>
      <testcase name="Test Cases/ADMIN/Features Control/Delivery 2.0/Delivery 2.0/UI/TC022" classname="Test Cases/ADMIN/Features Control/Delivery 2.0/Delivery 2.0/UI/TC022" status="PASSED">
         <system-out><![CDATA[2019-11-04 09:14:16 - [TEST_CASE][PASSED] - Test Cases/ADMIN/Features Control/Delivery 2.0/Delivery 2.0/UI/TC022: Test Cases/ADMIN/Features Control/Delivery 2.0/Delivery 2.0/UI/TC022

2019-11-04 09:14:16 - [TEST_STEP][PASSED] - waitForElementVisible: Object 'Object Repository/ADMIN/Admin Delivery Option/textlabel_DeliveryOptionName' is visible

2019-11-04 09:14:16 - [MESSAGE][WARNING] - Timeout '0' is invalid. Using default page load timeout: '30'

2019-11-04 09:14:16 - [MESSAGE][PASSED] - Object 'Object Repository/ADMIN/Admin Delivery Option/textlabel_DeliveryOptionName' is visible

2019-11-04 09:14:16 - [TEST_STEP][PASSED] - verifyElementVisible: Object 'Object Repository/ADMIN/Admin Delivery Option/column_Range' is visible

2019-11-04 09:14:16 - [MESSAGE][PASSED] - Object 'Object Repository/ADMIN/Admin Delivery Option/column_Range' is visible]]></system-out>
         <system-err><![CDATA[]]></system-err>
      </testcase>
      <testcase name="Test Cases/ADMIN/Features Control/Delivery 2.0/Delivery 2.0/UI/TC023" classname="Test Cases/ADMIN/Features Control/Delivery 2.0/Delivery 2.0/UI/TC023" status="FAILED">
         <failure type="FAILED" message="Actual text 'Name' and expected text '' of test object 'Object Repository/ADMIN/Admin Delivery Option/column_Name' are NOT matched."/>
         <system-out><![CDATA[2019-11-04 09:14:16 - [TEST_CASE][FAILED] - Test Cases/ADMIN/Features Control/Delivery 2.0/Delivery 2.0/UI/TC023: Test Cases/ADMIN/Features Control/Delivery 2.0/Delivery 2.0/UI/TC023 FAILED because (of) Actual text 'Name' and expected text '' of test object 'Object Repository/ADMIN/Admin Delivery Option/column_Name' are NOT matched.

2019-11-04 09:14:17 - [TEST_STEP][PASSED] - waitForElementVisible: Object 'Object Repository/ADMIN/Admin Delivery Option/textlabel_DeliveryOptionName' is visible

2019-11-04 09:14:17 - [MESSAGE][WARNING] - Timeout '0' is invalid. Using default page load timeout: '30'

2019-11-04 09:14:17 - [MESSAGE][PASSED] - Object 'Object Repository/ADMIN/Admin Delivery Option/textlabel_DeliveryOptionName' is visible

2019-11-04 09:14:17 - [TEST_STEP][PASSED] - click: Object: 'Object Repository/ADMIN/Admin Delivery Option/radio_Price' is clicked on

2019-11-04 09:14:17 - [MESSAGE][PASSED] - Object: 'Object Repository/ADMIN/Admin Delivery Option/radio_Price' is clicked on

2019-11-04 09:14:17 - [TEST_STEP][PASSED] - verifyElementVisible: Object 'Object Repository/ADMIN/Admin Delivery Option/column_Range' is visible

2019-11-04 09:14:17 - [MESSAGE][PASSED] - Object 'Object Repository/ADMIN/Admin Delivery Option/column_Range' is visible

2019-11-04 09:14:17 - [TEST_STEP][FAILED] - verifyElementText: Actual text 'Name' and expected text '' of test object 'Object Repository/ADMIN/Admin Delivery Option/column_Name' are NOT matched.

2019-11-04 09:14:18 - [MESSAGE][FAILED] - Actual text 'Name' and expected text '' of test object 'Object Repository/ADMIN/Admin Delivery Option/column_Name' are NOT matched.
[[ATTACHMENT|C:\\Users\\April\\git\\Trillia\\Reports\\Admin\\Delivery 2.0\\3_UI Verification - Add Delivery\\20191104_091345\\1572830057741.png]]]]></system-out>
         <system-err><![CDATA[2019-11-04 09:14:16 - [TEST_CASE][FAILED] - Test Cases/ADMIN/Features Control/Delivery 2.0/Delivery 2.0/UI/TC023: Test Cases/ADMIN/Features Control/Delivery 2.0/Delivery 2.0/UI/TC023 FAILED because (of) Actual text 'Name' and expected text '' of test object 'Object Repository/ADMIN/Admin Delivery Option/column_Name' are NOT matched.]]></system-err>
      </testcase>
      <testcase name="Test Cases/ADMIN/Features Control/Delivery 2.0/Delivery 2.0/UI/TC024" classname="Test Cases/ADMIN/Features Control/Delivery 2.0/Delivery 2.0/UI/TC024" status="PASSED">
         <system-out><![CDATA[2019-11-04 09:14:18 - [TEST_CASE][PASSED] - Test Cases/ADMIN/Features Control/Delivery 2.0/Delivery 2.0/UI/TC024: Test Cases/ADMIN/Features Control/Delivery 2.0/Delivery 2.0/UI/TC024

2019-11-04 09:14:18 - [TEST_STEP][PASSED] - Statement - return null: null]]></system-out>
         <system-err><![CDATA[]]></system-err>
      </testcase>
      <testcase name="Test Cases/ADMIN/Features Control/Delivery 2.0/Delivery 2.0/UI/TC025" classname="Test Cases/ADMIN/Features Control/Delivery 2.0/Delivery 2.0/UI/TC025" status="PASSED">
         <system-out><![CDATA[2019-11-04 09:14:18 - [TEST_CASE][PASSED] - Test Cases/ADMIN/Features Control/Delivery 2.0/Delivery 2.0/UI/TC025: Test Cases/ADMIN/Features Control/Delivery 2.0/Delivery 2.0/UI/TC025

2019-11-04 09:14:18 - [TEST_STEP][PASSED] - waitForElementVisible: Object 'Object Repository/ADMIN/Admin Delivery Option/textlabel_DeliveryOptionName' is visible

2019-11-04 09:14:18 - [MESSAGE][WARNING] - Timeout '0' is invalid. Using default page load timeout: '30'

2019-11-04 09:14:18 - [MESSAGE][PASSED] - Object 'Object Repository/ADMIN/Admin Delivery Option/textlabel_DeliveryOptionName' is visible

2019-11-04 09:14:18 - [TEST_STEP][PASSED] - verifyElementVisible: Object 'Object Repository/ADMIN/Admin Delivery Option/textlabellabel_DeliveryCost' is visible

2019-11-04 09:14:18 - [MESSAGE][PASSED] - Object 'Object Repository/ADMIN/Admin Delivery Option/textlabellabel_DeliveryCost' is visible]]></system-out>
         <system-err><![CDATA[]]></system-err>
      </testcase>
      <testcase name="Test Cases/ADMIN/Features Control/Delivery 2.0/Delivery 2.0/UI/TC027" classname="Test Cases/ADMIN/Features Control/Delivery 2.0/Delivery 2.0/UI/TC027" status="PASSED">
         <system-out><![CDATA[2019-11-04 09:14:18 - [TEST_CASE][PASSED] - Test Cases/ADMIN/Features Control/Delivery 2.0/Delivery 2.0/UI/TC027: Test Cases/ADMIN/Features Control/Delivery 2.0/Delivery 2.0/UI/TC027

2019-11-04 09:14:18 - [TEST_STEP][PASSED] - waitForElementVisible: Object 'Object Repository/ADMIN/Admin Delivery Option/textlabel_DeliveryOptionName' is visible

2019-11-04 09:14:18 - [MESSAGE][WARNING] - Timeout '0' is invalid. Using default page load timeout: '30'

2019-11-04 09:14:18 - [MESSAGE][PASSED] - Object 'Object Repository/ADMIN/Admin Delivery Option/textlabel_DeliveryOptionName' is visible

2019-11-04 09:14:19 - [TEST_STEP][PASSED] - verifyElementVisible: Object 'Object Repository/ADMIN/Admin Delivery Option/button_DeliveryRate' is visible

2019-11-04 09:14:19 - [MESSAGE][PASSED] - Object 'Object Repository/ADMIN/Admin Delivery Option/button_DeliveryRate' is visible]]></system-out>
         <system-err><![CDATA[]]></system-err>
      </testcase>
      <testcase name="Test Cases/ADMIN/Features Control/Delivery 2.0/Delivery 2.0/UI/TC028" classname="Test Cases/ADMIN/Features Control/Delivery 2.0/Delivery 2.0/UI/TC028" status="FAILED">
         <failure type="FAILED" message="Web element with id: 'Object Repository/ADMIN/Admin Delivery Option/button_Delete' located by 'By.xpath: /html[@class=&quot;js flexbox flexboxlegacy canvas canvastext webgl no-touch geolocation postmessage websqldatabase indexeddb hashchange history draganddrop websockets rgba hsla multiplebgs backgroundsize borderimage borderradius boxshadow textshadow opacity cssanimations csscolumns cssgradients cssreflections csstransforms csstransforms3d csstransitions fontface generatedcontent video audio localstorage sessionstorage webworkers applicationcache svg inlinesvg smil svgclippaths&quot;]/body[@class=&quot;page-merchant page-delivery-option&quot;]/div[@class=&quot;main template-sidebar&quot;]/div[@class=&quot;col-sm-9 main-content&quot;]/div[@class=&quot;page-content page-layout&quot;]/div[@class=&quot;gutter-wrapper&quot;]/div[@class=&quot;panel-box&quot;]/div[@class=&quot;unit_list_outer&quot;]/div[@class=&quot;row&quot;]/div[@class=&quot;col-md-12&quot;]/div[@class=&quot;take_data_edit_list avail_list&quot;]/div[@class=&quot;row&quot;]/div[@class=&quot;list-body&quot;]/div[@class=&quot;list_row&quot;]/div[@class=&quot;col-md-4&quot;]/div[@class=&quot;item-actions&quot;]/ul[1]/li[1]/a[1]/i[@class=&quot;icon icon-delete&quot;]' not found"/>
         <system-out><![CDATA[2019-11-04 09:14:19 - [TEST_CASE][FAILED] - Test Cases/ADMIN/Features Control/Delivery 2.0/Delivery 2.0/UI/TC028: Test Cases/ADMIN/Features Control/Delivery 2.0/Delivery 2.0/UI/TC028 FAILED because (of) Web element with id: 'Object Repository/ADMIN/Admin Delivery Option/button_Delete' located by 'By.xpath: /html[@class="js flexbox flexboxlegacy canvas canvastext webgl no-touch geolocation postmessage websqldatabase indexeddb hashchange history draganddrop websockets rgba hsla multiplebgs backgroundsize borderimage borderradius boxshadow textshadow opacity cssanimations csscolumns cssgradients cssreflections csstransforms csstransforms3d csstransitions fontface generatedcontent video audio localstorage sessionstorage webworkers applicationcache svg inlinesvg smil svgclippaths"]/body[@class="page-merchant page-delivery-option"]/div[@class="main template-sidebar"]/div[@class="col-sm-9 main-content"]/div[@class="page-content page-layout"]/div[@class="gutter-wrapper"]/div[@class="panel-box"]/div[@class="unit_list_outer"]/div[@class="row"]/div[@class="col-md-12"]/div[@class="take_data_edit_list avail_list"]/div[@class="row"]/div[@class="list-body"]/div[@class="list_row"]/div[@class="col-md-4"]/div[@class="item-actions"]/ul[1]/li[1]/a[1]/i[@class="icon icon-delete"]' not found

2019-11-04 09:14:19 - [TEST_STEP][PASSED] - waitForElementVisible: Object 'Object Repository/ADMIN/Admin Delivery Option/textlabel_DeliveryOptionName' is visible

2019-11-04 09:14:19 - [MESSAGE][WARNING] - Timeout '0' is invalid. Using default page load timeout: '30'

2019-11-04 09:14:19 - [MESSAGE][PASSED] - Object 'Object Repository/ADMIN/Admin Delivery Option/textlabel_DeliveryOptionName' is visible

2019-11-04 09:14:19 - [TEST_STEP][FAILED] - verifyElementVisible: Web element with id: 'Object Repository/ADMIN/Admin Delivery Option/button_Delete' located by 'By.xpath: /html[@class="js flexbox flexboxlegacy canvas canvastext webgl no-touch geolocation postmessage websqldatabase indexeddb hashchange history draganddrop websockets rgba hsla multiplebgs backgroundsize borderimage borderradius boxshadow textshadow opacity cssanimations csscolumns cssgradients cssreflections csstransforms csstransforms3d csstransitions fontface generatedcontent video audio localstorage sessionstorage webworkers applicationcache svg inlinesvg smil svgclippaths"]/body[@class="page-merchant page-delivery-option"]/div[@class="main template-sidebar"]/div[@class="col-sm-9 main-content"]/div[@class="page-content page-layout"]/div[@class="gutter-wrapper"]/div[@class="panel-box"]/div[@class="unit_list_outer"]/div[@class="row"]/div[@class="col-md-12"]/div[@class="take_data_edit_list avail_list"]/div[@class="row"]/div[@class="list-body"]/div[@class="list_row"]/div[@class="col-md-4"]/div[@class="item-actions"]/ul[1]/li[1]/a[1]/i[@class="icon icon-delete"]' not found

2019-11-04 09:14:50 - [MESSAGE][FAILED] - Web element with id: 'Object Repository/ADMIN/Admin Delivery Option/button_Delete' located by 'By.xpath: /html[@class="js flexbox flexboxlegacy canvas canvastext webgl no-touch geolocation postmessage websqldatabase indexeddb hashchange history draganddrop websockets rgba hsla multiplebgs backgroundsize borderimage borderradius boxshadow textshadow opacity cssanimations csscolumns cssgradients cssreflections csstransforms csstransforms3d csstransitions fontface generatedcontent video audio localstorage sessionstorage webworkers applicationcache svg inlinesvg smil svgclippaths"]/body[@class="page-merchant page-delivery-option"]/div[@class="main template-sidebar"]/div[@class="col-sm-9 main-content"]/div[@class="page-content page-layout"]/div[@class="gutter-wrapper"]/div[@class="panel-box"]/div[@class="unit_list_outer"]/div[@class="row"]/div[@class="col-md-12"]/div[@class="take_data_edit_list avail_list"]/div[@class="row"]/div[@class="list-body"]/div[@class="list_row"]/div[@class="col-md-4"]/div[@class="item-actions"]/ul[1]/li[1]/a[1]/i[@class="icon icon-delete"]' not found
[[ATTACHMENT|C:\\Users\\April\\git\\Trillia\\Reports\\Admin\\Delivery 2.0\\3_UI Verification - Add Delivery\\20191104_091345\\1572830090488.png]]]]></system-out>
         <system-err><![CDATA[2019-11-04 09:14:19 - [TEST_CASE][FAILED] - Test Cases/ADMIN/Features Control/Delivery 2.0/Delivery 2.0/UI/TC028: Test Cases/ADMIN/Features Control/Delivery 2.0/Delivery 2.0/UI/TC028 FAILED because (of) Web element with id: 'Object Repository/ADMIN/Admin Delivery Option/button_Delete' located by 'By.xpath: /html[@class="js flexbox flexboxlegacy canvas canvastext webgl no-touch geolocation postmessage websqldatabase indexeddb hashchange history draganddrop websockets rgba hsla multiplebgs backgroundsize borderimage borderradius boxshadow textshadow opacity cssanimations csscolumns cssgradients cssreflections csstransforms csstransforms3d csstransitions fontface generatedcontent video audio localstorage sessionstorage webworkers applicationcache svg inlinesvg smil svgclippaths"]/body[@class="page-merchant page-delivery-option"]/div[@class="main template-sidebar"]/div[@class="col-sm-9 main-content"]/div[@class="page-content page-layout"]/div[@class="gutter-wrapper"]/div[@class="panel-box"]/div[@class="unit_list_outer"]/div[@class="row"]/div[@class="col-md-12"]/div[@class="take_data_edit_list avail_list"]/div[@class="row"]/div[@class="list-body"]/div[@class="list_row"]/div[@class="col-md-4"]/div[@class="item-actions"]/ul[1]/li[1]/a[1]/i[@class="icon icon-delete"]' not found]]></system-err>
      </testcase>
      <testcase name="Test Cases/ADMIN/Features Control/Delivery 2.0/Delivery 2.0/UI/TC029" classname="Test Cases/ADMIN/Features Control/Delivery 2.0/Delivery 2.0/UI/TC029" status="FAILED">
         <failure type="FAILED" message="Web element with id: 'Object Repository/ADMIN/Admin Delivery Option/button_Delete' located by 'By.xpath: /html[@class=&quot;js flexbox flexboxlegacy canvas canvastext webgl no-touch geolocation postmessage websqldatabase indexeddb hashchange history draganddrop websockets rgba hsla multiplebgs backgroundsize borderimage borderradius boxshadow textshadow opacity cssanimations csscolumns cssgradients cssreflections csstransforms csstransforms3d csstransitions fontface generatedcontent video audio localstorage sessionstorage webworkers applicationcache svg inlinesvg smil svgclippaths&quot;]/body[@class=&quot;page-merchant page-delivery-option&quot;]/div[@class=&quot;main template-sidebar&quot;]/div[@class=&quot;col-sm-9 main-content&quot;]/div[@class=&quot;page-content page-layout&quot;]/div[@class=&quot;gutter-wrapper&quot;]/div[@class=&quot;panel-box&quot;]/div[@class=&quot;unit_list_outer&quot;]/div[@class=&quot;row&quot;]/div[@class=&quot;col-md-12&quot;]/div[@class=&quot;take_data_edit_list avail_list&quot;]/div[@class=&quot;row&quot;]/div[@class=&quot;list-body&quot;]/div[@class=&quot;list_row&quot;]/div[@class=&quot;col-md-4&quot;]/div[@class=&quot;item-actions&quot;]/ul[1]/li[1]/a[1]/i[@class=&quot;icon icon-delete&quot;]' not found"/>
         <system-out><![CDATA[2019-11-04 09:14:50 - [TEST_CASE][FAILED] - Test Cases/ADMIN/Features Control/Delivery 2.0/Delivery 2.0/UI/TC029: Test Cases/ADMIN/Features Control/Delivery 2.0/Delivery 2.0/UI/TC029 FAILED because (of) Web element with id: 'Object Repository/ADMIN/Admin Delivery Option/button_Delete' located by 'By.xpath: /html[@class="js flexbox flexboxlegacy canvas canvastext webgl no-touch geolocation postmessage websqldatabase indexeddb hashchange history draganddrop websockets rgba hsla multiplebgs backgroundsize borderimage borderradius boxshadow textshadow opacity cssanimations csscolumns cssgradients cssreflections csstransforms csstransforms3d csstransitions fontface generatedcontent video audio localstorage sessionstorage webworkers applicationcache svg inlinesvg smil svgclippaths"]/body[@class="page-merchant page-delivery-option"]/div[@class="main template-sidebar"]/div[@class="col-sm-9 main-content"]/div[@class="page-content page-layout"]/div[@class="gutter-wrapper"]/div[@class="panel-box"]/div[@class="unit_list_outer"]/div[@class="row"]/div[@class="col-md-12"]/div[@class="take_data_edit_list avail_list"]/div[@class="row"]/div[@class="list-body"]/div[@class="list_row"]/div[@class="col-md-4"]/div[@class="item-actions"]/ul[1]/li[1]/a[1]/i[@class="icon icon-delete"]' not found

2019-11-04 09:14:50 - [TEST_STEP][PASSED] - waitForElementVisible: Object 'Object Repository/ADMIN/Admin Delivery Option/textlabel_DeliveryOptionName' is visible

2019-11-04 09:14:50 - [MESSAGE][WARNING] - Timeout '0' is invalid. Using default page load timeout: '30'

2019-11-04 09:14:50 - [MESSAGE][PASSED] - Object 'Object Repository/ADMIN/Admin Delivery Option/textlabel_DeliveryOptionName' is visible

2019-11-04 09:14:50 - [TEST_STEP][FAILED] - verifyElementVisible: Web element with id: 'Object Repository/ADMIN/Admin Delivery Option/button_Delete' located by 'By.xpath: /html[@class="js flexbox flexboxlegacy canvas canvastext webgl no-touch geolocation postmessage websqldatabase indexeddb hashchange history draganddrop websockets rgba hsla multiplebgs backgroundsize borderimage borderradius boxshadow textshadow opacity cssanimations csscolumns cssgradients cssreflections csstransforms csstransforms3d csstransitions fontface generatedcontent video audio localstorage sessionstorage webworkers applicationcache svg inlinesvg smil svgclippaths"]/body[@class="page-merchant page-delivery-option"]/div[@class="main template-sidebar"]/div[@class="col-sm-9 main-content"]/div[@class="page-content page-layout"]/div[@class="gutter-wrapper"]/div[@class="panel-box"]/div[@class="unit_list_outer"]/div[@class="row"]/div[@class="col-md-12"]/div[@class="take_data_edit_list avail_list"]/div[@class="row"]/div[@class="list-body"]/div[@class="list_row"]/div[@class="col-md-4"]/div[@class="item-actions"]/ul[1]/li[1]/a[1]/i[@class="icon icon-delete"]' not found

2019-11-04 09:15:22 - [MESSAGE][FAILED] - Web element with id: 'Object Repository/ADMIN/Admin Delivery Option/button_Delete' located by 'By.xpath: /html[@class="js flexbox flexboxlegacy canvas canvastext webgl no-touch geolocation postmessage websqldatabase indexeddb hashchange history draganddrop websockets rgba hsla multiplebgs backgroundsize borderimage borderradius boxshadow textshadow opacity cssanimations csscolumns cssgradients cssreflections csstransforms csstransforms3d csstransitions fontface generatedcontent video audio localstorage sessionstorage webworkers applicationcache svg inlinesvg smil svgclippaths"]/body[@class="page-merchant page-delivery-option"]/div[@class="main template-sidebar"]/div[@class="col-sm-9 main-content"]/div[@class="page-content page-layout"]/div[@class="gutter-wrapper"]/div[@class="panel-box"]/div[@class="unit_list_outer"]/div[@class="row"]/div[@class="col-md-12"]/div[@class="take_data_edit_list avail_list"]/div[@class="row"]/div[@class="list-body"]/div[@class="list_row"]/div[@class="col-md-4"]/div[@class="item-actions"]/ul[1]/li[1]/a[1]/i[@class="icon icon-delete"]' not found
[[ATTACHMENT|C:\\Users\\April\\git\\Trillia\\Reports\\Admin\\Delivery 2.0\\3_UI Verification - Add Delivery\\20191104_091345\\1572830122146.png]]]]></system-out>
         <system-err><![CDATA[2019-11-04 09:14:50 - [TEST_CASE][FAILED] - Test Cases/ADMIN/Features Control/Delivery 2.0/Delivery 2.0/UI/TC029: Test Cases/ADMIN/Features Control/Delivery 2.0/Delivery 2.0/UI/TC029 FAILED because (of) Web element with id: 'Object Repository/ADMIN/Admin Delivery Option/button_Delete' located by 'By.xpath: /html[@class="js flexbox flexboxlegacy canvas canvastext webgl no-touch geolocation postmessage websqldatabase indexeddb hashchange history draganddrop websockets rgba hsla multiplebgs backgroundsize borderimage borderradius boxshadow textshadow opacity cssanimations csscolumns cssgradients cssreflections csstransforms csstransforms3d csstransitions fontface generatedcontent video audio localstorage sessionstorage webworkers applicationcache svg inlinesvg smil svgclippaths"]/body[@class="page-merchant page-delivery-option"]/div[@class="main template-sidebar"]/div[@class="col-sm-9 main-content"]/div[@class="page-content page-layout"]/div[@class="gutter-wrapper"]/div[@class="panel-box"]/div[@class="unit_list_outer"]/div[@class="row"]/div[@class="col-md-12"]/div[@class="take_data_edit_list avail_list"]/div[@class="row"]/div[@class="list-body"]/div[@class="list_row"]/div[@class="col-md-4"]/div[@class="item-actions"]/ul[1]/li[1]/a[1]/i[@class="icon icon-delete"]' not found]]></system-err>
      </testcase>
      <testcase name="Test Cases/ADMIN/Features Control/Delivery 2.0/Delivery 2.0/UI/TC030" classname="Test Cases/ADMIN/Features Control/Delivery 2.0/Delivery 2.0/UI/TC030" status="PASSED">
         <system-out><![CDATA[2019-11-04 09:15:22 - [TEST_CASE][PASSED] - Test Cases/ADMIN/Features Control/Delivery 2.0/Delivery 2.0/UI/TC030: Test Cases/ADMIN/Features Control/Delivery 2.0/Delivery 2.0/UI/TC030

2019-11-04 09:15:22 - [TEST_STEP][PASSED] - waitForElementVisible: Object 'Object Repository/ADMIN/Admin Delivery Option/textlabel_DeliveryOptionName' is visible

2019-11-04 09:15:22 - [MESSAGE][WARNING] - Timeout '0' is invalid. Using default page load timeout: '30'

2019-11-04 09:15:22 - [MESSAGE][PASSED] - Object 'Object Repository/ADMIN/Admin Delivery Option/textlabel_DeliveryOptionName' is visible

2019-11-04 09:15:22 - [TEST_STEP][PASSED] - verifyElementVisible: Object 'Object Repository/ADMIN/Admin Delivery Option/linktext_Cancel' is visible

2019-11-04 09:15:22 - [MESSAGE][PASSED] - Object 'Object Repository/ADMIN/Admin Delivery Option/linktext_Cancel' is visible]]></system-out>
         <system-err><![CDATA[]]></system-err>
      </testcase>
      <testcase name="Test Cases/ADMIN/Features Control/Delivery 2.0/Delivery 2.0/UI/TC031" classname="Test Cases/ADMIN/Features Control/Delivery 2.0/Delivery 2.0/UI/TC031" status="PASSED">
         <system-out><![CDATA[2019-11-04 09:15:22 - [TEST_CASE][PASSED] - Test Cases/ADMIN/Features Control/Delivery 2.0/Delivery 2.0/UI/TC031: Test Cases/ADMIN/Features Control/Delivery 2.0/Delivery 2.0/UI/TC031

2019-11-04 09:15:22 - [TEST_STEP][PASSED] - waitForElementVisible: Object 'Object Repository/ADMIN/Admin Delivery Option/textlabel_DeliveryOptionName' is visible

2019-11-04 09:15:22 - [MESSAGE][WARNING] - Timeout '0' is invalid. Using default page load timeout: '30'

2019-11-04 09:15:22 - [MESSAGE][PASSED] - Object 'Object Repository/ADMIN/Admin Delivery Option/textlabel_DeliveryOptionName' is visible

2019-11-04 09:15:22 - [TEST_STEP][PASSED] - verifyElementVisible: Object 'Object Repository/ADMIN/Admin Delivery Option/button_bottomSave' is visible

2019-11-04 09:15:22 - [MESSAGE][PASSED] - Object 'Object Repository/ADMIN/Admin Delivery Option/button_bottomSave' is visible]]></system-out>
         <system-err><![CDATA[]]></system-err>
      </testcase>
      <system-out><![CDATA[2019-11-04 09:13:47 - [TEST_SUITE][FAILED] - 3_UI Verification - Add Delivery: Test Cases/ADMIN/Features Control/Delivery 2.0/Delivery 2.0/UI/TC013 FAILED because (of) Actual text 'Weight (kg)' and expected text '' of test object 'Object Repository/ADMIN/Admin Delivery Option/radio_Weight' are NOT matched.]]></system-out>
      <system-err><![CDATA[2019-11-04 09:13:47 - [TEST_SUITE][FAILED] - 3_UI Verification - Add Delivery: Test Cases/ADMIN/Features Control/Delivery 2.0/Delivery 2.0/UI/TC013 FAILED because (of) Actual text 'Weight (kg)' and expected text '' of test object 'Object Repository/ADMIN/Admin Delivery Option/radio_Weight' are NOT matched.]]></system-err>
   </testsuite>
</testsuites>
