<?xml version="1.0" encoding="UTF-8"?>
<testsuites name="UI Verification - List" time="36" tests="16" failures="1" errors="0">
   <testsuite name="UI Verification - List" tests="16" failures="1" errors="0" time="36" timestamp="2019-11-04 08:34:50" hostname="April - April-PC" id="Test Suites/Admin/Delivery 2.0/UI Verification - List">
      <properties>
         <property name="deviceName" value=""/>
         <property name="devicePlatform" value=""/>
         <property name="logFolder" value="C:\\Users\\April\\git\\Trillia\\Reports\\Admin\\Delivery 2.0\\UI Verification - List\\20191104_083448"/>
         <property name="logFiles" value="C:\\Users\\April\\git\\Trillia\\Reports\\Admin\\Delivery 2.0\\UI Verification - List\\20191104_083448\\execution0.log"/>
         <property name="attachments" value="C:\\Users\\April\\git\\Trillia\\Reports\\Admin\\Delivery 2.0\\UI Verification - List\\20191104_083448\\1572827716667.png"/>
         <property name="hostName" value="April - April-PC"/>
         <property name="os" value="Windows 7 64bit"/>
         <property name="katalonVersion" value="5.4.2.1"/>
         <property name="browser" value="Chrome 78.0.3904.87"/>
         <property name="hostAddress" value="10.10.31.99"/>
         <property name="sessionId" value="a1c1ada6994d4ccc9fbfb026b1135a32"/>
         <property name="seleniumVersion" value="3.7.1"/>
         <property name="proxyInformation" value="ProxyInformation{proxyOption=NO_PROXY, proxyServerType=HTTP, password=, proxyServerAddress=, proxyServerPort=0}"/>
         <property name="platform" value="Windows 7"/>
      </properties>
      <testcase name="Test Cases/Utilities/ADMIN/Admin Login" classname="Test Cases/Utilities/ADMIN/Admin Login" status="PASSED">
         <system-out><![CDATA[2019-11-04 08:34:50 - [TEST_CASE][PASSED] - Test Cases/Utilities/ADMIN/Admin Login: Test Cases/Utilities/ADMIN/Admin Login

2019-11-04 08:34:50 - [TEST_STEP][PASSED] - openBrowser: Browser is opened with url: ''

2019-11-04 08:34:53 - [MESSAGE][PASSED] - Browser is opened with url: ''

2019-11-04 08:34:53 - [TEST_STEP][PASSED] - maximizeWindow: Current window maximized

2019-11-04 08:34:54 - [MESSAGE][PASSED] - Current window maximized

2019-11-04 08:34:54 - [TEST_STEP][PASSED] - navigateToUrl: Navigate to 'http://1104bp1.test.arcadier.io/admin' successfully

2019-11-04 08:35:06 - [MESSAGE][PASSED] - Navigate to 'http://1104bp1.test.arcadier.io/admin' successfully

2019-11-04 08:35:06 - [TEST_STEP][PASSED] - Statement - If (AdminAccountType == "custom"): Object: 'Object Repository/ADMIN/Admin Login Page/button_SignIn' is clicked on

2019-11-04 08:35:06 - [TEST_STEP][PASSED] - waitForElementVisible: Object 'Object Repository/ADMIN/Admin Login Page/textbox_username' is visible

2019-11-04 08:35:06 - [MESSAGE][WARNING] - Timeout '0' is invalid. Using default page load timeout: '30'

2019-11-04 08:35:06 - [MESSAGE][PASSED] - Object 'Object Repository/ADMIN/Admin Login Page/textbox_username' is visible

2019-11-04 08:35:06 - [TEST_STEP][PASSED] - setText: Text '1104bp1' is set on object 'Object Repository/ADMIN/Admin Login Page/textbox_username'

2019-11-04 08:35:06 - [MESSAGE][PASSED] - Text '1104bp1' is set on object 'Object Repository/ADMIN/Admin Login Page/textbox_username'

2019-11-04 08:35:06 - [TEST_STEP][PASSED] - setText: Text 'welcome8' is set on object 'Object Repository/ADMIN/Admin Login Page/textbox_password'

2019-11-04 08:35:06 - [MESSAGE][PASSED] - Text 'welcome8' is set on object 'Object Repository/ADMIN/Admin Login Page/textbox_password'

2019-11-04 08:35:06 - [TEST_STEP][PASSED] - click: Object: 'Object Repository/ADMIN/Admin Login Page/button_SignIn' is clicked on

2019-11-04 08:35:12 - [MESSAGE][PASSED] - Object: 'Object Repository/ADMIN/Admin Login Page/button_SignIn' is clicked on]]></system-out>
         <system-err><![CDATA[]]></system-err>
      </testcase>
      <testcase name="Test Cases/ADMIN/Features Control/Delivery 2.0/Delivery 2.0 List Page/navigate_Delivery2.0" classname="Test Cases/ADMIN/Features Control/Delivery 2.0/Delivery 2.0 List Page/navigate_Delivery2.0" status="PASSED">
         <system-out><![CDATA[2019-11-04 08:35:12 - [TEST_CASE][PASSED] - Test Cases/ADMIN/Features Control/Delivery 2.0/Delivery 2.0 List Page/navigate_Delivery2.0: Test Cases/ADMIN/Features Control/Delivery 2.0/Delivery 2.0 List Page/navigate_Delivery2.0

2019-11-04 08:35:12 - [TEST_STEP][PASSED] - waitForElementVisible: Object 'Object Repository/ADMIN/Features Control/Delivery 2.0/sidemenu_Features Control' is visible

2019-11-04 08:35:12 - [MESSAGE][WARNING] - Timeout '0' is invalid. Using default page load timeout: '30'

2019-11-04 08:35:12 - [MESSAGE][PASSED] - Object 'Object Repository/ADMIN/Features Control/Delivery 2.0/sidemenu_Features Control' is visible

2019-11-04 08:35:12 - [TEST_STEP][PASSED] - click: Object: 'Object Repository/ADMIN/Features Control/Delivery 2.0/sidemenu_Features Control' is clicked on

2019-11-04 08:35:13 - [MESSAGE][PASSED] - Object: 'Object Repository/ADMIN/Features Control/Delivery 2.0/sidemenu_Features Control' is clicked on

2019-11-04 08:35:13 - [TEST_STEP][PASSED] - waitForElementVisible: Object 'Object Repository/ADMIN/Features Control/Delivery 2.0/button_featureEdit' is visible

2019-11-04 08:35:13 - [MESSAGE][WARNING] - Timeout '0' is invalid. Using default page load timeout: '30'

2019-11-04 08:35:13 - [MESSAGE][PASSED] - Object 'Object Repository/ADMIN/Features Control/Delivery 2.0/button_featureEdit' is visible

2019-11-04 08:35:13 - [TEST_STEP][PASSED] - delay: Delayed 2 second(s)

2019-11-04 08:35:15 - [MESSAGE][PASSED] - Delayed 2 second(s)

2019-11-04 08:35:15 - [TEST_STEP][PASSED] - click: Object: 'Object Repository/ADMIN/Features Control/Delivery 2.0/button_featureEdit' is clicked on

2019-11-04 08:35:16 - [MESSAGE][PASSED] - Object: 'Object Repository/ADMIN/Features Control/Delivery 2.0/button_featureEdit' is clicked on]]></system-out>
         <system-err><![CDATA[]]></system-err>
      </testcase>
      <testcase name="Test Cases/ADMIN/Features Control/Delivery 2.0/Delivery 2.0 List Page/UI/TC005" classname="Test Cases/ADMIN/Features Control/Delivery 2.0/Delivery 2.0 List Page/UI/TC005" status="FAILED">
         <failure type="FAILED" message="Unable to wait for object to be visible (Root cause: java.lang.IllegalArgumentException: Object is null)"/>
         <system-out><![CDATA[2019-11-04 08:35:16 - [TEST_CASE][FAILED] - Test Cases/ADMIN/Features Control/Delivery 2.0/Delivery 2.0 List Page/UI/TC005: Test Cases/ADMIN/Features Control/Delivery 2.0/Delivery 2.0 List Page/UI/TC005 FAILED because (of) Unable to wait for object to be visible (Root cause: java.lang.IllegalArgumentException: Object is null)

2019-11-04 08:35:16 - [TEST_STEP][FAILED] - waitForElementVisible: Unable to wait for object to be visible (Root cause: java.lang.IllegalArgumentException: Object is null)

2019-11-04 08:35:16 - [MESSAGE][WARNING] - Test object with id 'Object Repository/ADMIN/Features Control/Delivery 2.0/a_Delivery 2.0 List/button_Add Delivery Option' does not exist

2019-11-04 08:35:16 - [MESSAGE][WARNING] - Test object with id 'Object Repository/' does not exist

2019-11-04 08:35:17 - [MESSAGE][FAILED] - Unable to wait for object to be visible (Root cause: java.lang.IllegalArgumentException: Object is null)
[[ATTACHMENT|C:\\Users\\April\\git\\Trillia\\Reports\\Admin\\Delivery 2.0\\UI Verification - List\\20191104_083448\\1572827716667.png]]

2019-11-04 08:35:17 - [TEST_STEP][PASSED] - verifyElementVisible: Object 'Object Repository/ADMIN/Admin Delivery Option List/icon_DeliverySettings' is visible

2019-11-04 08:35:17 - [MESSAGE][PASSED] - Object 'Object Repository/ADMIN/Admin Delivery Option List/icon_DeliverySettings' is visible]]></system-out>
         <system-err><![CDATA[2019-11-04 08:35:16 - [TEST_CASE][FAILED] - Test Cases/ADMIN/Features Control/Delivery 2.0/Delivery 2.0 List Page/UI/TC005: Test Cases/ADMIN/Features Control/Delivery 2.0/Delivery 2.0 List Page/UI/TC005 FAILED because (of) Unable to wait for object to be visible (Root cause: java.lang.IllegalArgumentException: Object is null)]]></system-err>
      </testcase>
      <testcase name="Test Cases/ADMIN/Features Control/Delivery 2.0/Delivery 2.0 List Page/UI/TC006" classname="Test Cases/ADMIN/Features Control/Delivery 2.0/Delivery 2.0 List Page/UI/TC006" status="PASSED">
         <system-out><![CDATA[2019-11-04 08:35:17 - [TEST_CASE][PASSED] - Test Cases/ADMIN/Features Control/Delivery 2.0/Delivery 2.0 List Page/UI/TC006: Test Cases/ADMIN/Features Control/Delivery 2.0/Delivery 2.0 List Page/UI/TC006

2019-11-04 08:35:17 - [TEST_STEP][PASSED] - waitForElementVisible: Object 'Object Repository/ADMIN/Admin Delivery Option List/button_Add Delivery Option' is visible

2019-11-04 08:35:17 - [MESSAGE][WARNING] - Timeout '0' is invalid. Using default page load timeout: '30'

2019-11-04 08:35:17 - [MESSAGE][PASSED] - Object 'Object Repository/ADMIN/Admin Delivery Option List/button_Add Delivery Option' is visible

2019-11-04 08:35:17 - [TEST_STEP][PASSED] - verifyElementVisible: Object 'Object Repository/ADMIN/Admin Delivery Option List/textlabel_Delivery2.0' is visible

2019-11-04 08:35:17 - [MESSAGE][PASSED] - Object 'Object Repository/ADMIN/Admin Delivery Option List/textlabel_Delivery2.0' is visible]]></system-out>
         <system-err><![CDATA[]]></system-err>
      </testcase>
      <testcase name="Test Cases/ADMIN/Features Control/Delivery 2.0/Delivery 2.0 List Page/UI/TC007" classname="Test Cases/ADMIN/Features Control/Delivery 2.0/Delivery 2.0 List Page/UI/TC007" status="PASSED">
         <system-out><![CDATA[2019-11-04 08:35:17 - [TEST_CASE][PASSED] - Test Cases/ADMIN/Features Control/Delivery 2.0/Delivery 2.0 List Page/UI/TC007: Test Cases/ADMIN/Features Control/Delivery 2.0/Delivery 2.0 List Page/UI/TC007

2019-11-04 08:35:17 - [TEST_STEP][PASSED] - waitForElementVisible: Object 'Object Repository/ADMIN/Admin Delivery Option List/button_Add Delivery Option' is visible

2019-11-04 08:35:17 - [MESSAGE][WARNING] - Timeout '0' is invalid. Using default page load timeout: '30'

2019-11-04 08:35:17 - [MESSAGE][PASSED] - Object 'Object Repository/ADMIN/Admin Delivery Option List/button_Add Delivery Option' is visible

2019-11-04 08:35:17 - [TEST_STEP][PASSED] - verifyElementVisible: Object 'Object Repository/ADMIN/Admin Delivery Option List/icon_DeliverySettings2nd' is visible

2019-11-04 08:35:17 - [MESSAGE][PASSED] - Object 'Object Repository/ADMIN/Admin Delivery Option List/icon_DeliverySettings2nd' is visible]]></system-out>
         <system-err><![CDATA[]]></system-err>
      </testcase>
      <testcase name="Test Cases/ADMIN/Features Control/Delivery 2.0/Delivery 2.0 List Page/UI/TC008" classname="Test Cases/ADMIN/Features Control/Delivery 2.0/Delivery 2.0 List Page/UI/TC008" status="PASSED">
         <system-out><![CDATA[2019-11-04 08:35:17 - [TEST_CASE][PASSED] - Test Cases/ADMIN/Features Control/Delivery 2.0/Delivery 2.0 List Page/UI/TC008: Test Cases/ADMIN/Features Control/Delivery 2.0/Delivery 2.0 List Page/UI/TC008

2019-11-04 08:35:17 - [TEST_STEP][PASSED] - waitForElementVisible: Object 'Object Repository/ADMIN/Admin Delivery Option List/button_Add Delivery Option' is visible

2019-11-04 08:35:17 - [MESSAGE][WARNING] - Timeout '0' is invalid. Using default page load timeout: '30'

2019-11-04 08:35:17 - [MESSAGE][PASSED] - Object 'Object Repository/ADMIN/Admin Delivery Option List/button_Add Delivery Option' is visible

2019-11-04 08:35:17 - [TEST_STEP][PASSED] - verifyElementVisible: Object 'Object Repository/ADMIN/Admin Delivery Option List/textlabel_wouldLikeActivate' is visible

2019-11-04 08:35:17 - [MESSAGE][PASSED] - Object 'Object Repository/ADMIN/Admin Delivery Option List/textlabel_wouldLikeActivate' is visible]]></system-out>
         <system-err><![CDATA[]]></system-err>
      </testcase>
      <testcase name="Test Cases/ADMIN/Features Control/Delivery 2.0/Delivery 2.0 List Page/UI/TC009" classname="Test Cases/ADMIN/Features Control/Delivery 2.0/Delivery 2.0 List Page/UI/TC009" status="PASSED">
         <system-out><![CDATA[2019-11-04 08:35:17 - [TEST_CASE][PASSED] - Test Cases/ADMIN/Features Control/Delivery 2.0/Delivery 2.0 List Page/UI/TC009: Test Cases/ADMIN/Features Control/Delivery 2.0/Delivery 2.0 List Page/UI/TC009

2019-11-04 08:35:18 - [TEST_STEP][PASSED] - waitForElementVisible: Object 'Object Repository/ADMIN/Admin Delivery Option List/button_Add Delivery Option' is visible

2019-11-04 08:35:18 - [MESSAGE][WARNING] - Timeout '0' is invalid. Using default page load timeout: '30'

2019-11-04 08:35:18 - [MESSAGE][PASSED] - Object 'Object Repository/ADMIN/Admin Delivery Option List/button_Add Delivery Option' is visible

2019-11-04 08:35:18 - [TEST_STEP][PASSED] - verifyElementVisible: Object 'Object Repository/ADMIN/Admin Delivery Option List/description_Delivery' is visible

2019-11-04 08:35:18 - [MESSAGE][PASSED] - Object 'Object Repository/ADMIN/Admin Delivery Option List/description_Delivery' is visible]]></system-out>
         <system-err><![CDATA[]]></system-err>
      </testcase>
      <testcase name="Test Cases/ADMIN/Features Control/Delivery 2.0/Delivery 2.0 List Page/UI/TC010" classname="Test Cases/ADMIN/Features Control/Delivery 2.0/Delivery 2.0 List Page/UI/TC010" status="PASSED">
         <system-out><![CDATA[2019-11-04 08:35:18 - [TEST_CASE][PASSED] - Test Cases/ADMIN/Features Control/Delivery 2.0/Delivery 2.0 List Page/UI/TC010: Test Cases/ADMIN/Features Control/Delivery 2.0/Delivery 2.0 List Page/UI/TC010

2019-11-04 08:35:18 - [TEST_STEP][PASSED] - waitForElementVisible: Object 'Object Repository/ADMIN/Admin Delivery Option List/button_Add Delivery Option' is visible

2019-11-04 08:35:18 - [MESSAGE][WARNING] - Timeout '0' is invalid. Using default page load timeout: '30'

2019-11-04 08:35:18 - [MESSAGE][PASSED] - Object 'Object Repository/ADMIN/Admin Delivery Option List/button_Add Delivery Option' is visible

2019-11-04 08:35:18 - [TEST_STEP][PASSED] - verifyElementVisible: Object 'Object Repository/ADMIN/Admin Delivery Option List/textlabel_defineWeight' is visible

2019-11-04 08:35:18 - [MESSAGE][PASSED] - Object 'Object Repository/ADMIN/Admin Delivery Option List/textlabel_defineWeight' is visible]]></system-out>
         <system-err><![CDATA[]]></system-err>
      </testcase>
      <testcase name="Test Cases/ADMIN/Features Control/Delivery 2.0/Delivery 2.0 List Page/UI/TC011" classname="Test Cases/ADMIN/Features Control/Delivery 2.0/Delivery 2.0 List Page/UI/TC011" status="PASSED">
         <system-out><![CDATA[2019-11-04 08:35:18 - [TEST_CASE][PASSED] - Test Cases/ADMIN/Features Control/Delivery 2.0/Delivery 2.0 List Page/UI/TC011: Test Cases/ADMIN/Features Control/Delivery 2.0/Delivery 2.0 List Page/UI/TC011

2019-11-04 08:35:18 - [TEST_STEP][PASSED] - waitForElementVisible: Object 'Object Repository/ADMIN/Admin Delivery Option List/button_Add Delivery Option' is visible

2019-11-04 08:35:18 - [MESSAGE][WARNING] - Timeout '0' is invalid. Using default page load timeout: '30'

2019-11-04 08:35:18 - [MESSAGE][PASSED] - Object 'Object Repository/ADMIN/Admin Delivery Option List/button_Add Delivery Option' is visible

2019-11-04 08:35:18 - [TEST_STEP][PASSED] - verifyElementVisible: Object 'Object Repository/ADMIN/Admin Delivery Option List/textfield_defineWeight' is visible

2019-11-04 08:35:23 - [MESSAGE][PASSED] - Object 'Object Repository/ADMIN/Admin Delivery Option List/textfield_defineWeight' is visible]]></system-out>
         <system-err><![CDATA[]]></system-err>
      </testcase>
      <testcase name="Test Cases/ADMIN/Features Control/Delivery 2.0/Delivery 2.0 List Page/UI/TC012" classname="Test Cases/ADMIN/Features Control/Delivery 2.0/Delivery 2.0 List Page/UI/TC012" status="PASSED">
         <system-out><![CDATA[2019-11-04 08:35:23 - [TEST_CASE][PASSED] - Test Cases/ADMIN/Features Control/Delivery 2.0/Delivery 2.0 List Page/UI/TC012: Test Cases/ADMIN/Features Control/Delivery 2.0/Delivery 2.0 List Page/UI/TC012

2019-11-04 08:35:23 - [TEST_STEP][PASSED] - waitForElementVisible: Object 'Object Repository/ADMIN/Admin Delivery Option List/button_Add Delivery Option' is visible

2019-11-04 08:35:23 - [MESSAGE][WARNING] - Timeout '0' is invalid. Using default page load timeout: '30'

2019-11-04 08:35:23 - [MESSAGE][PASSED] - Object 'Object Repository/ADMIN/Admin Delivery Option List/button_Add Delivery Option' is visible

2019-11-04 08:35:23 - [TEST_STEP][PASSED] - verifyElementVisible: Object 'Object Repository/ADMIN/Admin Delivery Option List/textfield_defineWeight' is visible

2019-11-04 08:35:23 - [MESSAGE][PASSED] - Object 'Object Repository/ADMIN/Admin Delivery Option List/textfield_defineWeight' is visible

2019-11-04 08:35:23 - [TEST_STEP][PASSED] - verifyElementAttributeValue: Object 'Object Repository/ADMIN/Admin Delivery Option List/textfield_defineWeight' has attribute 'placeholder' with value '(e.g. kg, lb, oz, etc...)'

2019-11-04 08:35:23 - [MESSAGE][WARNING] - Timeout '0' is invalid. Using default page load timeout: '30'

2019-11-04 08:35:24 - [MESSAGE][PASSED] - Object 'Object Repository/ADMIN/Admin Delivery Option List/textfield_defineWeight' has attribute 'placeholder' with value '(e.g. kg, lb, oz, etc...)']]></system-out>
         <system-err><![CDATA[]]></system-err>
      </testcase>
      <testcase name="Test Cases/ADMIN/Features Control/Delivery 2.0/Delivery 2.0 List Page/UI/TC013" classname="Test Cases/ADMIN/Features Control/Delivery 2.0/Delivery 2.0 List Page/UI/TC013" status="PASSED">
         <system-out><![CDATA[2019-11-04 08:35:24 - [TEST_CASE][PASSED] - Test Cases/ADMIN/Features Control/Delivery 2.0/Delivery 2.0 List Page/UI/TC013: Test Cases/ADMIN/Features Control/Delivery 2.0/Delivery 2.0 List Page/UI/TC013

2019-11-04 08:35:24 - [TEST_STEP][PASSED] - waitForElementVisible: Object 'Object Repository/ADMIN/Admin Delivery Option List/button_Add Delivery Option' is visible

2019-11-04 08:35:24 - [MESSAGE][WARNING] - Timeout '0' is invalid. Using default page load timeout: '30'

2019-11-04 08:35:24 - [MESSAGE][PASSED] - Object 'Object Repository/ADMIN/Admin Delivery Option List/button_Add Delivery Option' is visible

2019-11-04 08:35:24 - [TEST_STEP][PASSED] - verifyElementVisible: Object 'Object Repository/ADMIN/Admin Delivery Option List/button_Save' is visible

2019-11-04 08:35:24 - [MESSAGE][PASSED] - Object 'Object Repository/ADMIN/Admin Delivery Option List/button_Save' is visible]]></system-out>
         <system-err><![CDATA[]]></system-err>
      </testcase>
      <testcase name="Test Cases/ADMIN/Features Control/Delivery 2.0/Delivery 2.0 List Page/UI/TC014" classname="Test Cases/ADMIN/Features Control/Delivery 2.0/Delivery 2.0 List Page/UI/TC014" status="PASSED">
         <system-out><![CDATA[2019-11-04 08:35:24 - [TEST_CASE][PASSED] - Test Cases/ADMIN/Features Control/Delivery 2.0/Delivery 2.0 List Page/UI/TC014: Test Cases/ADMIN/Features Control/Delivery 2.0/Delivery 2.0 List Page/UI/TC014

2019-11-04 08:35:24 - [TEST_STEP][PASSED] - waitForElementVisible: Object 'Object Repository/ADMIN/Admin Delivery Option List/button_Add Delivery Option' is visible

2019-11-04 08:35:24 - [MESSAGE][WARNING] - Timeout '0' is invalid. Using default page load timeout: '30'

2019-11-04 08:35:24 - [MESSAGE][PASSED] - Object 'Object Repository/ADMIN/Admin Delivery Option List/button_Add Delivery Option' is visible

2019-11-04 08:35:24 - [TEST_STEP][PASSED] - verifyElementVisible: Object 'Object Repository/ADMIN/Admin Delivery Option List/description_DefaultDeliveryOptions' is visible

2019-11-04 08:35:24 - [MESSAGE][PASSED] - Object 'Object Repository/ADMIN/Admin Delivery Option List/description_DefaultDeliveryOptions' is visible]]></system-out>
         <system-err><![CDATA[]]></system-err>
      </testcase>
      <testcase name="Test Cases/ADMIN/Features Control/Delivery 2.0/Delivery 2.0 List Page/UI/TC015" classname="Test Cases/ADMIN/Features Control/Delivery 2.0/Delivery 2.0 List Page/UI/TC015" status="PASSED">
         <system-out><![CDATA[2019-11-04 08:35:24 - [TEST_CASE][PASSED] - Test Cases/ADMIN/Features Control/Delivery 2.0/Delivery 2.0 List Page/UI/TC015: Test Cases/ADMIN/Features Control/Delivery 2.0/Delivery 2.0 List Page/UI/TC015

2019-11-04 08:35:24 - [TEST_STEP][PASSED] - waitForElementVisible: Object 'Object Repository/ADMIN/Admin Delivery Option List/button_Add Delivery Option' is visible

2019-11-04 08:35:24 - [MESSAGE][WARNING] - Timeout '0' is invalid. Using default page load timeout: '30'

2019-11-04 08:35:24 - [MESSAGE][PASSED] - Object 'Object Repository/ADMIN/Admin Delivery Option List/button_Add Delivery Option' is visible

2019-11-04 08:35:24 - [TEST_STEP][PASSED] - verifyElementVisible: Object 'Object Repository/ADMIN/Admin Delivery Option List/infotext' is visible

2019-11-04 08:35:24 - [MESSAGE][PASSED] - Object 'Object Repository/ADMIN/Admin Delivery Option List/infotext' is visible]]></system-out>
         <system-err><![CDATA[]]></system-err>
      </testcase>
      <testcase name="Test Cases/ADMIN/Features Control/Delivery 2.0/Delivery 2.0 List Page/UI/TC016" classname="Test Cases/ADMIN/Features Control/Delivery 2.0/Delivery 2.0 List Page/UI/TC016" status="PASSED">
         <system-out><![CDATA[2019-11-04 08:35:24 - [TEST_CASE][PASSED] - Test Cases/ADMIN/Features Control/Delivery 2.0/Delivery 2.0 List Page/UI/TC016: Test Cases/ADMIN/Features Control/Delivery 2.0/Delivery 2.0 List Page/UI/TC016

2019-11-04 08:35:25 - [TEST_STEP][PASSED] - waitForElementVisible: Object 'Object Repository/ADMIN/Admin Delivery Option List/button_Add Delivery Option' is visible

2019-11-04 08:35:25 - [MESSAGE][WARNING] - Timeout '0' is invalid. Using default page load timeout: '30'

2019-11-04 08:35:25 - [MESSAGE][PASSED] - Object 'Object Repository/ADMIN/Admin Delivery Option List/button_Add Delivery Option' is visible

2019-11-04 08:35:25 - [TEST_STEP][PASSED] - verifyElementVisible: Object 'Object Repository/ADMIN/Admin Delivery Option List/button_Add Delivery Option' is visible

2019-11-04 08:35:25 - [MESSAGE][PASSED] - Object 'Object Repository/ADMIN/Admin Delivery Option List/button_Add Delivery Option' is visible]]></system-out>
         <system-err><![CDATA[]]></system-err>
      </testcase>
      <testcase name="Test Cases/ADMIN/Features Control/Delivery 2.0/Delivery 2.0 List Page/UI/TC017" classname="Test Cases/ADMIN/Features Control/Delivery 2.0/Delivery 2.0 List Page/UI/TC017" status="PASSED">
         <system-out><![CDATA[2019-11-04 08:35:25 - [TEST_CASE][PASSED] - Test Cases/ADMIN/Features Control/Delivery 2.0/Delivery 2.0 List Page/UI/TC017: Test Cases/ADMIN/Features Control/Delivery 2.0/Delivery 2.0 List Page/UI/TC017

2019-11-04 08:35:25 - [TEST_STEP][PASSED] - waitForElementVisible: Object 'Object Repository/ADMIN/Admin Delivery Option List/button_Add Delivery Option' is visible

2019-11-04 08:35:25 - [MESSAGE][WARNING] - Timeout '0' is invalid. Using default page load timeout: '30'

2019-11-04 08:35:25 - [MESSAGE][PASSED] - Object 'Object Repository/ADMIN/Admin Delivery Option List/button_Add Delivery Option' is visible

2019-11-04 08:35:25 - [TEST_STEP][PASSED] - verifyElementVisible: Object 'Object Repository/ADMIN/Admin Delivery Option List/description_Delivery' is visible

2019-11-04 08:35:25 - [MESSAGE][PASSED] - Object 'Object Repository/ADMIN/Admin Delivery Option List/description_Delivery' is visible]]></system-out>
         <system-err><![CDATA[]]></system-err>
      </testcase>
      <testcase name="Test Cases/ADMIN/Features Control/Delivery 2.0/Delivery 2.0 List Page/UI/TC018" classname="Test Cases/ADMIN/Features Control/Delivery 2.0/Delivery 2.0 List Page/UI/TC018" status="PASSED">
         <system-out><![CDATA[2019-11-04 08:35:25 - [TEST_CASE][PASSED] - Test Cases/ADMIN/Features Control/Delivery 2.0/Delivery 2.0 List Page/UI/TC018: Test Cases/ADMIN/Features Control/Delivery 2.0/Delivery 2.0 List Page/UI/TC018

2019-11-04 08:35:25 - [TEST_STEP][PASSED] - waitForElementVisible: Object 'Object Repository/ADMIN/Admin Delivery Option List/button_Add Delivery Option' is visible

2019-11-04 08:35:25 - [MESSAGE][WARNING] - Timeout '0' is invalid. Using default page load timeout: '30'

2019-11-04 08:35:25 - [MESSAGE][PASSED] - Object 'Object Repository/ADMIN/Admin Delivery Option List/button_Add Delivery Option' is visible

2019-11-04 08:35:25 - [TEST_STEP][PASSED] - verifyElementVisible: Object 'Object Repository/ADMIN/Admin Delivery Option List/table_Name' is visible

2019-11-04 08:35:25 - [MESSAGE][PASSED] - Object 'Object Repository/ADMIN/Admin Delivery Option List/table_Name' is visible]]></system-out>
         <system-err><![CDATA[]]></system-err>
      </testcase>
      <testcase name="Test Cases/ADMIN/Features Control/Delivery 2.0/Delivery 2.0 List Page/UI/TC019" classname="Test Cases/ADMIN/Features Control/Delivery 2.0/Delivery 2.0 List Page/UI/TC019" status="PASSED">
         <system-out><![CDATA[2019-11-04 08:35:25 - [TEST_CASE][PASSED] - Test Cases/ADMIN/Features Control/Delivery 2.0/Delivery 2.0 List Page/UI/TC019: Test Cases/ADMIN/Features Control/Delivery 2.0/Delivery 2.0 List Page/UI/TC019

2019-11-04 08:35:26 - [TEST_STEP][PASSED] - waitForElementVisible: Object 'Object Repository/ADMIN/Admin Delivery Option List/button_Add Delivery Option' is visible

2019-11-04 08:35:26 - [MESSAGE][WARNING] - Timeout '0' is invalid. Using default page load timeout: '30'

2019-11-04 08:35:26 - [MESSAGE][PASSED] - Object 'Object Repository/ADMIN/Admin Delivery Option List/button_Add Delivery Option' is visible

2019-11-04 08:35:26 - [TEST_STEP][PASSED] - verifyElementVisible: Object 'Object Repository/ADMIN/Admin Delivery Option List/table_DeliversTo' is visible

2019-11-04 08:35:26 - [MESSAGE][PASSED] - Object 'Object Repository/ADMIN/Admin Delivery Option List/table_DeliversTo' is visible]]></system-out>
         <system-err><![CDATA[]]></system-err>
      </testcase>
      <system-out><![CDATA[2019-11-04 08:34:50 - [TEST_SUITE][FAILED] - UI Verification - List: Test Cases/ADMIN/Features Control/Delivery 2.0/Delivery 2.0 List Page/UI/TC005 FAILED because (of) Unable to wait for object to be visible (Root cause: java.lang.IllegalArgumentException: Object is null)]]></system-out>
      <system-err><![CDATA[2019-11-04 08:34:50 - [TEST_SUITE][FAILED] - UI Verification - List: Test Cases/ADMIN/Features Control/Delivery 2.0/Delivery 2.0 List Page/UI/TC005 FAILED because (of) Unable to wait for object to be visible (Root cause: java.lang.IllegalArgumentException: Object is null)]]></system-err>
   </testsuite>
</testsuites>
