<?xml version="1.0" encoding="UTF-8"?>
<testsuites name="Scenario 01" time="14" tests="1" failures="0" errors="0">
   <testsuite name="Scenario 01" tests="1" failures="0" errors="0" time="14" timestamp="2019-11-22 17:18:22" hostname="April - April-PC" id="Test Suites/Consumer/Comparison Widget/Scenario 01">
      <properties>
         <property name="deviceName" value=""/>
         <property name="devicePlatform" value=""/>
         <property name="logFolder" value="C:\\Users\\April\\git\\Trillia\\Reports\\Consumer\\Comparison Widget\\Scenario 01\\20191122_171820"/>
         <property name="logFiles" value="C:\\Users\\April\\git\\Trillia\\Reports\\Consumer\\Comparison Widget\\Scenario 01\\20191122_171820\\execution0.log"/>
         <property name="attachments" value=""/>
         <property name="hostName" value="April - April-PC"/>
         <property name="os" value="Windows 7 64bit"/>
         <property name="katalonVersion" value="5.4.2.1"/>
         <property name="browser" value="Chrome 78.0.3904.97"/>
         <property name="hostAddress" value="10.10.31.51"/>
         <property name="sessionId" value="1d02eef998689cb2d8a3db7311fb4d2c"/>
         <property name="seleniumVersion" value="3.7.1"/>
         <property name="proxyInformation" value="ProxyInformation{proxyOption=NO_PROXY, proxyServerType=HTTP, password=, proxyServerAddress=, proxyServerPort=0}"/>
         <property name="platform" value="Windows 7"/>
      </properties>
      <testcase name="Test Cases/Utilities/CONSUMER/Consumer Login" classname="Test Cases/Utilities/CONSUMER/Consumer Login" status="PASSED">
         <system-out><![CDATA[2019-11-22 17:18:23 - [TEST_CASE][PASSED] - Test Cases/Utilities/CONSUMER/Consumer Login: Test Cases/Utilities/CONSUMER/Consumer Login

2019-11-22 17:18:23 - [TEST_STEP][PASSED] - openBrowser: Browser is opened with url: ''

2019-11-22 17:18:26 - [MESSAGE][PASSED] - Browser is opened with url: ''

2019-11-22 17:18:26 - [TEST_STEP][PASSED] - maximizeWindow: Current window maximized

2019-11-22 17:18:27 - [MESSAGE][PASSED] - Current window maximized

2019-11-22 17:18:27 - [TEST_STEP][PASSED] - navigateToUrl: Navigate to 'http://1112un.test.arcadier.io' successfully

2019-11-22 17:18:32 - [MESSAGE][PASSED] - Navigate to 'http://1112un.test.arcadier.io' successfully

2019-11-22 17:18:32 - [TEST_STEP][PASSED] - waitForElementVisible: Object 'Object Repository/CONSUMER/Landing Page/button_Buyer Sign in' is visible

2019-11-22 17:18:32 - [MESSAGE][WARNING] - Timeout '0' is invalid. Using default page load timeout: '30'

2019-11-22 17:18:32 - [MESSAGE][PASSED] - Object 'Object Repository/CONSUMER/Landing Page/button_Buyer Sign in' is visible

2019-11-22 17:18:32 - [TEST_STEP][PASSED] - click: Object: 'Object Repository/CONSUMER/Landing Page/button_Buyer Sign in' is clicked on

2019-11-22 17:18:33 - [MESSAGE][PASSED] - Object: 'Object Repository/CONSUMER/Landing Page/button_Buyer Sign in' is clicked on

2019-11-22 17:18:33 - [TEST_STEP][PASSED] - Statement - If (ConsumerAccountType == "custom"): Object: 'Object Repository/CONSUMER/Login Buyer/button_SignIn' is clicked on

2019-11-22 17:18:33 - [TEST_STEP][PASSED] - waitForElementVisible: Object 'Object Repository/CONSUMER/Login Buyer/textfield_username' is visible

2019-11-22 17:18:33 - [MESSAGE][WARNING] - Timeout '0' is invalid. Using default page load timeout: '30'

2019-11-22 17:18:33 - [MESSAGE][PASSED] - Object 'Object Repository/CONSUMER/Login Buyer/textfield_username' is visible

2019-11-22 17:18:33 - [TEST_STEP][PASSED] - setText: Text 'buyer_niall' is set on object 'Object Repository/CONSUMER/Login Buyer/textfield_username'

2019-11-22 17:18:33 - [MESSAGE][PASSED] - Text 'buyer_niall' is set on object 'Object Repository/CONSUMER/Login Buyer/textfield_username'

2019-11-22 17:18:33 - [TEST_STEP][PASSED] - setText: Text 'welcome8' is set on object 'Object Repository/CONSUMER/Login Buyer/textfield_password'

2019-11-22 17:18:33 - [MESSAGE][PASSED] - Text 'welcome8' is set on object 'Object Repository/CONSUMER/Login Buyer/textfield_password'

2019-11-22 17:18:33 - [TEST_STEP][PASSED] - click: Object: 'Object Repository/CONSUMER/Login Buyer/button_SignIn' is clicked on

2019-11-22 17:18:37 - [MESSAGE][PASSED] - Object: 'Object Repository/CONSUMER/Login Buyer/button_SignIn' is clicked on]]></system-out>
         <system-err><![CDATA[]]></system-err>
      </testcase>
      <system-out><![CDATA[2019-11-22 17:18:22 - [TEST_SUITE][PASSED] - Scenario 01: Test Cases/Utilities/CONSUMER/Consumer Login]]></system-out>
      <system-err><![CDATA[]]></system-err>
   </testsuite>
</testsuites>
