<?xml version="1.0" encoding="UTF-8"?>
<testsuites name="Add Custom Field" time="543" tests="72" failures="0" errors="0">
   <testsuite name="Add Custom Field" tests="72" failures="0" errors="0" time="543" timestamp="2019-11-25 10:04:45" hostname="April - April-PC" id="Test Suites/Admin/Custom Fields/Add Custom Field">
      <properties>
         <property name="deviceName" value=""/>
         <property name="devicePlatform" value=""/>
         <property name="logFolder" value="C:\\Users\\April\\git\\Trillia\\Reports\\Admin\\Custom Fields\\Add Custom Field\\20191125_100443"/>
         <property name="logFiles" value="C:\\Users\\April\\git\\Trillia\\Reports\\Admin\\Custom Fields\\Add Custom Field\\20191125_100443\\execution0.log"/>
         <property name="attachments" value=""/>
         <property name="hostName" value="April - April-PC"/>
         <property name="os" value="Windows 7 64bit"/>
         <property name="katalonVersion" value="5.4.2.1"/>
         <property name="browser" value="Chrome 78.0.3904.108"/>
         <property name="hostAddress" value="10.10.31.51"/>
         <property name="sessionId" value="ee0c1d99ff915ea21b44030cff744b92"/>
         <property name="seleniumVersion" value="3.7.1"/>
         <property name="proxyInformation" value="ProxyInformation{proxyOption=NO_PROXY, proxyServerType=HTTP, password=, proxyServerAddress=, proxyServerPort=0}"/>
         <property name="platform" value="Windows 7"/>
      </properties>
      <testcase name="Test Cases/ADMIN/Content Mgmt/Custom Fields Page/Add Custom Item Fields/Add_CF_DataDriven" classname="Test Cases/ADMIN/Content Mgmt/Custom Fields Page/Add Custom Item Fields/Add_CF_DataDriven" status="PASSED">
         <system-out><![CDATA[2019-11-25 10:04:45 - [TEST_CASE][PASSED] - Test Cases/ADMIN/Content Mgmt/Custom Fields Page/Add Custom Item Fields/Add_CF_DataDriven: Test Cases/ADMIN/Content Mgmt/Custom Fields Page/Add Custom Item Fields/Add_CF_DataDriven

2019-11-25 10:04:46 - [TEST_STEP][PASSED] - waitForElementVisible: Object 'Object Repository/ADMIN/Custom Item Fields List Page/button_Add Field' is visible

2019-11-25 10:04:46 - [MESSAGE][WARNING] - Timeout '0' is invalid. Using default page load timeout: '30'

2019-11-25 10:04:47 - [MESSAGE][PASSED] - Object 'Object Repository/ADMIN/Custom Item Fields List Page/button_Add Field' is visible

2019-11-25 10:04:47 - [TEST_STEP][PASSED] - click: Object: 'Object Repository/ADMIN/Custom Item Fields List Page/button_Add Field' is clicked on

2019-11-25 10:04:48 - [MESSAGE][PASSED] - Object: 'Object Repository/ADMIN/Custom Item Fields List Page/button_Add Field' is clicked on

2019-11-25 10:04:48 - [TEST_STEP][PASSED] - comment: Choose Field Type

2019-11-25 10:04:48 - [TEST_STEP][PASSED] - Statement - If (varCustomFieldType == "Checkbox"): null

2019-11-25 10:04:48 - [TEST_STEP][PASSED] - Statement - Else If (varCustomFieldType == "Date / Time picker"): null

2019-11-25 10:04:48 - [TEST_STEP][PASSED] - Statement - Else If (varCustomFieldType == "Drop Down"): null

2019-11-25 10:04:48 - [TEST_STEP][PASSED] - Statement - Else If (varCustomFieldType == "Email"): null

2019-11-25 10:04:48 - [TEST_STEP][PASSED] - Statement - Else If (varCustomFieldType == "Embed Video"): null

2019-11-25 10:04:48 - [TEST_STEP][PASSED] - Statement - Else If (varCustomFieldType == "Hyperlink / URL"): null

2019-11-25 10:04:48 - [TEST_STEP][PASSED] - Statement - Else If (varCustomFieldType == "Location"): null

2019-11-25 10:04:48 - [TEST_STEP][PASSED] - Statement - Else If (varCustomFieldType == "Number"): null

2019-11-25 10:04:48 - [TEST_STEP][PASSED] - Statement - Else If (varCustomFieldType == "PDF File"): null

2019-11-25 10:04:48 - [TEST_STEP][PASSED] - Statement - Else If (varCustomFieldType == "Percentage"): null

2019-11-25 10:04:48 - [TEST_STEP][PASSED] - Statement - Else If (varCustomFieldType == "Text Editor"): null

2019-11-25 10:04:48 - [TEST_STEP][PASSED] - Statement - Else If (varCustomFieldType == "Text Field"): All options with label 'Text Field' are selected in object 'Object Repository/ADMIN/Custom Item Fields Page/a_Default/dropdown_fieldtype' 

2019-11-25 10:04:48 - [TEST_STEP][PASSED] - waitForElementVisible: Object 'Object Repository/ADMIN/Custom Item Fields Page/a_Default/dropdown_fieldtype' is visible

2019-11-25 10:04:48 - [MESSAGE][WARNING] - Timeout '0' is invalid. Using default page load timeout: '30'

2019-11-25 10:04:48 - [MESSAGE][PASSED] - Object 'Object Repository/ADMIN/Custom Item Fields Page/a_Default/dropdown_fieldtype' is visible

2019-11-25 10:04:48 - [TEST_STEP][PASSED] - selectOptionByLabel: All options with label 'Text Field' are selected in object 'Object Repository/ADMIN/Custom Item Fields Page/a_Default/dropdown_fieldtype' 

2019-11-25 10:04:48 - [MESSAGE][PASSED] - All options with label 'Text Field' are selected in object 'Object Repository/ADMIN/Custom Item Fields Page/a_Default/dropdown_fieldtype' 

2019-11-25 10:04:48 - [TEST_STEP][PASSED] - comment: Field Name

2019-11-25 10:04:48 - [TEST_STEP][PASSED] - setText: Text 'allCat_Text field_NM1' is set on object 'Object Repository/ADMIN/Custom Item Fields Page/a_Default/textfield_fieldname'

2019-11-25 10:04:49 - [MESSAGE][PASSED] - Text 'allCat_Text field_NM1' is set on object 'Object Repository/ADMIN/Custom Item Fields Page/a_Default/textfield_fieldname'

2019-11-25 10:04:49 - [TEST_STEP][PASSED] - comment: Mandatory/NonMandatory

2019-11-25 10:04:49 - [TEST_STEP][PASSED] - Statement - If (varMandatoryNonMandatory == "mandatory"): null

2019-11-25 10:04:49 - [TEST_STEP][PASSED] - Statement - Else If (varMandatoryNonMandatory == "non-mandatory"): Object: 'Object Repository/ADMIN/Custom Item Fields Page/a_Default/togglebutton_mandatory' is clicked on

2019-11-25 10:04:49 - [TEST_STEP][PASSED] - waitForElementVisible: Object 'Object Repository/ADMIN/Custom Item Fields Page/a_Default/togglebutton_mandatory' is visible

2019-11-25 10:04:49 - [MESSAGE][WARNING] - Timeout '0' is invalid. Using default page load timeout: '30'

2019-11-25 10:04:49 - [MESSAGE][PASSED] - Object 'Object Repository/ADMIN/Custom Item Fields Page/a_Default/togglebutton_mandatory' is visible

2019-11-25 10:04:49 - [TEST_STEP][PASSED] - click: Object: 'Object Repository/ADMIN/Custom Item Fields Page/a_Default/togglebutton_mandatory' is clicked on

2019-11-25 10:04:49 - [MESSAGE][PASSED] - Object: 'Object Repository/ADMIN/Custom Item Fields Page/a_Default/togglebutton_mandatory' is clicked on

2019-11-25 10:04:49 - [TEST_STEP][PASSED] - comment: Assign Category

2019-11-25 10:04:49 - [TEST_STEP][PASSED] - click: Object: 'Object Repository/ADMIN/Custom Item Fields Page/a_Default/button_SelectCategories' is clicked on

2019-11-25 10:04:49 - [MESSAGE][PASSED] - Object: 'Object Repository/ADMIN/Custom Item Fields Page/a_Default/button_SelectCategories' is clicked on

2019-11-25 10:04:49 - [TEST_STEP][PASSED] - waitForElementVisible: Object 'Object Repository/ADMIN/Custom Item Fields List Page/a_SelectCategories/searchbox_Category' is visible

2019-11-25 10:04:49 - [MESSAGE][WARNING] - Timeout '0' is invalid. Using default page load timeout: '30'

2019-11-25 10:04:49 - [MESSAGE][PASSED] - Object 'Object Repository/ADMIN/Custom Item Fields List Page/a_SelectCategories/searchbox_Category' is visible

2019-11-25 10:04:49 - [TEST_STEP][PASSED] - comment: Category Assignment

2019-11-25 10:04:49 - [TEST_STEP][PASSED] - Statement - If (varAssignedCategory == "All Cat"): Object: 'Object Repository/ADMIN/Custom Item Fields List Page/a_SelectCategories/linktext_SelectAll' is clicked on

2019-11-25 10:04:49 - [TEST_STEP][PASSED] - waitForElementVisible: Object 'Object Repository/ADMIN/Custom Item Fields List Page/a_SelectCategories/linktext_SelectAll' is visible

2019-11-25 10:04:49 - [MESSAGE][WARNING] - Timeout '0' is invalid. Using default page load timeout: '30'

2019-11-25 10:04:49 - [MESSAGE][PASSED] - Object 'Object Repository/ADMIN/Custom Item Fields List Page/a_SelectCategories/linktext_SelectAll' is visible

2019-11-25 10:04:49 - [TEST_STEP][PASSED] - click: Object: 'Object Repository/ADMIN/Custom Item Fields List Page/a_SelectCategories/linktext_SelectAll' is clicked on

2019-11-25 10:04:49 - [MESSAGE][PASSED] - Object: 'Object Repository/ADMIN/Custom Item Fields List Page/a_SelectCategories/linktext_SelectAll' is clicked on

2019-11-25 10:04:49 - [TEST_STEP][PASSED] - click: Object: 'Object Repository/ADMIN/Custom Item Fields List Page/a_SelectCategories/button_Save' is clicked on

2019-11-25 10:04:50 - [MESSAGE][PASSED] - Object: 'Object Repository/ADMIN/Custom Item Fields List Page/a_SelectCategories/button_Save' is clicked on

2019-11-25 10:04:50 - [TEST_STEP][PASSED] - delay: Delayed 2 second(s)

2019-11-25 10:04:52 - [MESSAGE][PASSED] - Delayed 2 second(s)

2019-11-25 10:04:52 - [TEST_STEP][PASSED] - click: Object: 'Object Repository/ADMIN/Custom Item Fields Page/a_Default/button_Save1' is clicked on

2019-11-25 10:04:52 - [MESSAGE][PASSED] - Object: 'Object Repository/ADMIN/Custom Item Fields Page/a_Default/button_Save1' is clicked on

2019-11-25 10:04:52 - [TEST_STEP][PASSED] - waitForElementVisible: Object 'Object Repository/ADMIN/Custom Item Fields List Page/button_Add Field' is visible

2019-11-25 10:04:52 - [MESSAGE][WARNING] - Timeout '0' is invalid. Using default page load timeout: '30'

2019-11-25 10:04:53 - [MESSAGE][PASSED] - Object 'Object Repository/ADMIN/Custom Item Fields List Page/button_Add Field' is visible]]></system-out>
         <system-err><![CDATA[]]></system-err>
      </testcase>
      <testcase name="Test Cases/ADMIN/Content Mgmt/Custom Fields Page/Add Custom Item Fields/Add_CF_DataDriven" classname="Test Cases/ADMIN/Content Mgmt/Custom Fields Page/Add Custom Item Fields/Add_CF_DataDriven" status="PASSED">
         <system-out><![CDATA[2019-11-25 10:04:53 - [TEST_CASE][PASSED] - Test Cases/ADMIN/Content Mgmt/Custom Fields Page/Add Custom Item Fields/Add_CF_DataDriven: Test Cases/ADMIN/Content Mgmt/Custom Fields Page/Add Custom Item Fields/Add_CF_DataDriven

2019-11-25 10:04:53 - [TEST_STEP][PASSED] - waitForElementVisible: Object 'Object Repository/ADMIN/Custom Item Fields List Page/button_Add Field' is visible

2019-11-25 10:04:53 - [MESSAGE][WARNING] - Timeout '0' is invalid. Using default page load timeout: '30'

2019-11-25 10:04:53 - [MESSAGE][PASSED] - Object 'Object Repository/ADMIN/Custom Item Fields List Page/button_Add Field' is visible

2019-11-25 10:04:53 - [TEST_STEP][PASSED] - click: Object: 'Object Repository/ADMIN/Custom Item Fields List Page/button_Add Field' is clicked on

2019-11-25 10:04:54 - [MESSAGE][PASSED] - Object: 'Object Repository/ADMIN/Custom Item Fields List Page/button_Add Field' is clicked on

2019-11-25 10:04:54 - [TEST_STEP][PASSED] - comment: Choose Field Type

2019-11-25 10:04:54 - [TEST_STEP][PASSED] - Statement - If (varCustomFieldType == "Checkbox"): null

2019-11-25 10:04:54 - [TEST_STEP][PASSED] - Statement - Else If (varCustomFieldType == "Date / Time picker"): null

2019-11-25 10:04:54 - [TEST_STEP][PASSED] - Statement - Else If (varCustomFieldType == "Drop Down"): null

2019-11-25 10:04:54 - [TEST_STEP][PASSED] - Statement - Else If (varCustomFieldType == "Email"): null

2019-11-25 10:04:54 - [TEST_STEP][PASSED] - Statement - Else If (varCustomFieldType == "Embed Video"): null

2019-11-25 10:04:54 - [TEST_STEP][PASSED] - Statement - Else If (varCustomFieldType == "Hyperlink / URL"): null

2019-11-25 10:04:54 - [TEST_STEP][PASSED] - Statement - Else If (varCustomFieldType == "Location"): null

2019-11-25 10:04:54 - [TEST_STEP][PASSED] - Statement - Else If (varCustomFieldType == "Number"): null

2019-11-25 10:04:54 - [TEST_STEP][PASSED] - Statement - Else If (varCustomFieldType == "PDF File"): null

2019-11-25 10:04:54 - [TEST_STEP][PASSED] - Statement - Else If (varCustomFieldType == "Percentage"): null

2019-11-25 10:04:54 - [TEST_STEP][PASSED] - Statement - Else If (varCustomFieldType == "Text Editor"): null

2019-11-25 10:04:54 - [TEST_STEP][PASSED] - Statement - Else If (varCustomFieldType == "Text Field"): All options with label 'Text Field' are selected in object 'Object Repository/ADMIN/Custom Item Fields Page/a_Default/dropdown_fieldtype' 

2019-11-25 10:04:54 - [TEST_STEP][PASSED] - waitForElementVisible: Object 'Object Repository/ADMIN/Custom Item Fields Page/a_Default/dropdown_fieldtype' is visible

2019-11-25 10:04:54 - [MESSAGE][WARNING] - Timeout '0' is invalid. Using default page load timeout: '30'

2019-11-25 10:04:54 - [MESSAGE][PASSED] - Object 'Object Repository/ADMIN/Custom Item Fields Page/a_Default/dropdown_fieldtype' is visible

2019-11-25 10:04:54 - [TEST_STEP][PASSED] - selectOptionByLabel: All options with label 'Text Field' are selected in object 'Object Repository/ADMIN/Custom Item Fields Page/a_Default/dropdown_fieldtype' 

2019-11-25 10:04:54 - [MESSAGE][PASSED] - All options with label 'Text Field' are selected in object 'Object Repository/ADMIN/Custom Item Fields Page/a_Default/dropdown_fieldtype' 

2019-11-25 10:04:54 - [TEST_STEP][PASSED] - comment: Field Name

2019-11-25 10:04:54 - [TEST_STEP][PASSED] - setText: Text 'allCat_Text field_NM2' is set on object 'Object Repository/ADMIN/Custom Item Fields Page/a_Default/textfield_fieldname'

2019-11-25 10:04:54 - [MESSAGE][PASSED] - Text 'allCat_Text field_NM2' is set on object 'Object Repository/ADMIN/Custom Item Fields Page/a_Default/textfield_fieldname'

2019-11-25 10:04:54 - [TEST_STEP][PASSED] - comment: Mandatory/NonMandatory

2019-11-25 10:04:54 - [TEST_STEP][PASSED] - Statement - If (varMandatoryNonMandatory == "mandatory"): null

2019-11-25 10:04:54 - [TEST_STEP][PASSED] - Statement - Else If (varMandatoryNonMandatory == "non-mandatory"): Object: 'Object Repository/ADMIN/Custom Item Fields Page/a_Default/togglebutton_mandatory' is clicked on

2019-11-25 10:04:54 - [TEST_STEP][PASSED] - waitForElementVisible: Object 'Object Repository/ADMIN/Custom Item Fields Page/a_Default/togglebutton_mandatory' is visible

2019-11-25 10:04:54 - [MESSAGE][WARNING] - Timeout '0' is invalid. Using default page load timeout: '30'

2019-11-25 10:04:54 - [MESSAGE][PASSED] - Object 'Object Repository/ADMIN/Custom Item Fields Page/a_Default/togglebutton_mandatory' is visible

2019-11-25 10:04:54 - [TEST_STEP][PASSED] - click: Object: 'Object Repository/ADMIN/Custom Item Fields Page/a_Default/togglebutton_mandatory' is clicked on

2019-11-25 10:04:54 - [MESSAGE][PASSED] - Object: 'Object Repository/ADMIN/Custom Item Fields Page/a_Default/togglebutton_mandatory' is clicked on

2019-11-25 10:04:54 - [TEST_STEP][PASSED] - comment: Assign Category

2019-11-25 10:04:54 - [TEST_STEP][PASSED] - click: Object: 'Object Repository/ADMIN/Custom Item Fields Page/a_Default/button_SelectCategories' is clicked on

2019-11-25 10:04:54 - [MESSAGE][PASSED] - Object: 'Object Repository/ADMIN/Custom Item Fields Page/a_Default/button_SelectCategories' is clicked on

2019-11-25 10:04:54 - [TEST_STEP][PASSED] - waitForElementVisible: Object 'Object Repository/ADMIN/Custom Item Fields List Page/a_SelectCategories/searchbox_Category' is visible

2019-11-25 10:04:54 - [MESSAGE][WARNING] - Timeout '0' is invalid. Using default page load timeout: '30'

2019-11-25 10:04:55 - [MESSAGE][PASSED] - Object 'Object Repository/ADMIN/Custom Item Fields List Page/a_SelectCategories/searchbox_Category' is visible

2019-11-25 10:04:55 - [TEST_STEP][PASSED] - comment: Category Assignment

2019-11-25 10:04:55 - [TEST_STEP][PASSED] - Statement - If (varAssignedCategory == "All Cat"): Object: 'Object Repository/ADMIN/Custom Item Fields List Page/a_SelectCategories/linktext_SelectAll' is clicked on

2019-11-25 10:04:55 - [TEST_STEP][PASSED] - waitForElementVisible: Object 'Object Repository/ADMIN/Custom Item Fields List Page/a_SelectCategories/linktext_SelectAll' is visible

2019-11-25 10:04:55 - [MESSAGE][WARNING] - Timeout '0' is invalid. Using default page load timeout: '30'

2019-11-25 10:04:55 - [MESSAGE][PASSED] - Object 'Object Repository/ADMIN/Custom Item Fields List Page/a_SelectCategories/linktext_SelectAll' is visible

2019-11-25 10:04:55 - [TEST_STEP][PASSED] - click: Object: 'Object Repository/ADMIN/Custom Item Fields List Page/a_SelectCategories/linktext_SelectAll' is clicked on

2019-11-25 10:04:55 - [MESSAGE][PASSED] - Object: 'Object Repository/ADMIN/Custom Item Fields List Page/a_SelectCategories/linktext_SelectAll' is clicked on

2019-11-25 10:04:55 - [TEST_STEP][PASSED] - click: Object: 'Object Repository/ADMIN/Custom Item Fields List Page/a_SelectCategories/button_Save' is clicked on

2019-11-25 10:04:55 - [MESSAGE][PASSED] - Object: 'Object Repository/ADMIN/Custom Item Fields List Page/a_SelectCategories/button_Save' is clicked on

2019-11-25 10:04:55 - [TEST_STEP][PASSED] - delay: Delayed 2 second(s)

2019-11-25 10:04:57 - [MESSAGE][PASSED] - Delayed 2 second(s)

2019-11-25 10:04:57 - [TEST_STEP][PASSED] - click: Object: 'Object Repository/ADMIN/Custom Item Fields Page/a_Default/button_Save1' is clicked on

2019-11-25 10:04:57 - [MESSAGE][PASSED] - Object: 'Object Repository/ADMIN/Custom Item Fields Page/a_Default/button_Save1' is clicked on

2019-11-25 10:04:57 - [TEST_STEP][PASSED] - waitForElementVisible: Object 'Object Repository/ADMIN/Custom Item Fields List Page/button_Add Field' is visible

2019-11-25 10:04:57 - [MESSAGE][WARNING] - Timeout '0' is invalid. Using default page load timeout: '30'

2019-11-25 10:04:58 - [MESSAGE][PASSED] - Object 'Object Repository/ADMIN/Custom Item Fields List Page/button_Add Field' is visible]]></system-out>
         <system-err><![CDATA[]]></system-err>
      </testcase>
      <testcase name="Test Cases/ADMIN/Content Mgmt/Custom Fields Page/Add Custom Item Fields/Add_CF_DataDriven" classname="Test Cases/ADMIN/Content Mgmt/Custom Fields Page/Add Custom Item Fields/Add_CF_DataDriven" status="PASSED">
         <system-out><![CDATA[2019-11-25 10:04:58 - [TEST_CASE][PASSED] - Test Cases/ADMIN/Content Mgmt/Custom Fields Page/Add Custom Item Fields/Add_CF_DataDriven: Test Cases/ADMIN/Content Mgmt/Custom Fields Page/Add Custom Item Fields/Add_CF_DataDriven

2019-11-25 10:04:58 - [TEST_STEP][PASSED] - waitForElementVisible: Object 'Object Repository/ADMIN/Custom Item Fields List Page/button_Add Field' is visible

2019-11-25 10:04:58 - [MESSAGE][WARNING] - Timeout '0' is invalid. Using default page load timeout: '30'

2019-11-25 10:04:58 - [MESSAGE][PASSED] - Object 'Object Repository/ADMIN/Custom Item Fields List Page/button_Add Field' is visible

2019-11-25 10:04:58 - [TEST_STEP][PASSED] - click: Object: 'Object Repository/ADMIN/Custom Item Fields List Page/button_Add Field' is clicked on

2019-11-25 10:04:59 - [MESSAGE][PASSED] - Object: 'Object Repository/ADMIN/Custom Item Fields List Page/button_Add Field' is clicked on

2019-11-25 10:04:59 - [TEST_STEP][PASSED] - comment: Choose Field Type

2019-11-25 10:04:59 - [TEST_STEP][PASSED] - Statement - If (varCustomFieldType == "Checkbox"): null

2019-11-25 10:04:59 - [TEST_STEP][PASSED] - Statement - Else If (varCustomFieldType == "Date / Time picker"): null

2019-11-25 10:04:59 - [TEST_STEP][PASSED] - Statement - Else If (varCustomFieldType == "Drop Down"): null

2019-11-25 10:04:59 - [TEST_STEP][PASSED] - Statement - Else If (varCustomFieldType == "Email"): null

2019-11-25 10:04:59 - [TEST_STEP][PASSED] - Statement - Else If (varCustomFieldType == "Embed Video"): null

2019-11-25 10:04:59 - [TEST_STEP][PASSED] - Statement - Else If (varCustomFieldType == "Hyperlink / URL"): null

2019-11-25 10:04:59 - [TEST_STEP][PASSED] - Statement - Else If (varCustomFieldType == "Location"): null

2019-11-25 10:04:59 - [TEST_STEP][PASSED] - Statement - Else If (varCustomFieldType == "Number"): null

2019-11-25 10:04:59 - [TEST_STEP][PASSED] - Statement - Else If (varCustomFieldType == "PDF File"): null

2019-11-25 10:04:59 - [TEST_STEP][PASSED] - Statement - Else If (varCustomFieldType == "Percentage"): null

2019-11-25 10:04:59 - [TEST_STEP][PASSED] - Statement - Else If (varCustomFieldType == "Text Editor"): All options with label 'Text Editor' are selected in object 'Object Repository/ADMIN/Custom Item Fields Page/a_Default/dropdown_fieldtype' 

2019-11-25 10:04:59 - [TEST_STEP][PASSED] - waitForElementVisible: Object 'Object Repository/ADMIN/Custom Item Fields Page/a_Default/dropdown_fieldtype' is visible

2019-11-25 10:04:59 - [MESSAGE][WARNING] - Timeout '0' is invalid. Using default page load timeout: '30'

2019-11-25 10:04:59 - [MESSAGE][PASSED] - Object 'Object Repository/ADMIN/Custom Item Fields Page/a_Default/dropdown_fieldtype' is visible

2019-11-25 10:04:59 - [TEST_STEP][PASSED] - selectOptionByLabel: All options with label 'Text Editor' are selected in object 'Object Repository/ADMIN/Custom Item Fields Page/a_Default/dropdown_fieldtype' 

2019-11-25 10:04:59 - [MESSAGE][PASSED] - All options with label 'Text Editor' are selected in object 'Object Repository/ADMIN/Custom Item Fields Page/a_Default/dropdown_fieldtype' 

2019-11-25 10:04:59 - [TEST_STEP][PASSED] - comment: Field Name

2019-11-25 10:04:59 - [TEST_STEP][PASSED] - setText: Text 'allCat_Text editor_NM' is set on object 'Object Repository/ADMIN/Custom Item Fields Page/a_Default/textfield_fieldname'

2019-11-25 10:05:00 - [MESSAGE][PASSED] - Text 'allCat_Text editor_NM' is set on object 'Object Repository/ADMIN/Custom Item Fields Page/a_Default/textfield_fieldname'

2019-11-25 10:05:00 - [TEST_STEP][PASSED] - comment: Mandatory/NonMandatory

2019-11-25 10:05:00 - [TEST_STEP][PASSED] - Statement - If (varMandatoryNonMandatory == "mandatory"): null

2019-11-25 10:05:00 - [TEST_STEP][PASSED] - Statement - Else If (varMandatoryNonMandatory == "non-mandatory"): Object: 'Object Repository/ADMIN/Custom Item Fields Page/a_Default/togglebutton_mandatory' is clicked on

2019-11-25 10:05:00 - [TEST_STEP][PASSED] - waitForElementVisible: Object 'Object Repository/ADMIN/Custom Item Fields Page/a_Default/togglebutton_mandatory' is visible

2019-11-25 10:05:00 - [MESSAGE][WARNING] - Timeout '0' is invalid. Using default page load timeout: '30'

2019-11-25 10:05:00 - [MESSAGE][PASSED] - Object 'Object Repository/ADMIN/Custom Item Fields Page/a_Default/togglebutton_mandatory' is visible

2019-11-25 10:05:00 - [TEST_STEP][PASSED] - click: Object: 'Object Repository/ADMIN/Custom Item Fields Page/a_Default/togglebutton_mandatory' is clicked on

2019-11-25 10:05:00 - [MESSAGE][PASSED] - Object: 'Object Repository/ADMIN/Custom Item Fields Page/a_Default/togglebutton_mandatory' is clicked on

2019-11-25 10:05:00 - [TEST_STEP][PASSED] - comment: Assign Category

2019-11-25 10:05:00 - [TEST_STEP][PASSED] - click: Object: 'Object Repository/ADMIN/Custom Item Fields Page/a_Default/button_SelectCategories' is clicked on

2019-11-25 10:05:00 - [MESSAGE][PASSED] - Object: 'Object Repository/ADMIN/Custom Item Fields Page/a_Default/button_SelectCategories' is clicked on

2019-11-25 10:05:00 - [TEST_STEP][PASSED] - waitForElementVisible: Object 'Object Repository/ADMIN/Custom Item Fields List Page/a_SelectCategories/searchbox_Category' is visible

2019-11-25 10:05:00 - [MESSAGE][WARNING] - Timeout '0' is invalid. Using default page load timeout: '30'

2019-11-25 10:05:00 - [MESSAGE][PASSED] - Object 'Object Repository/ADMIN/Custom Item Fields List Page/a_SelectCategories/searchbox_Category' is visible

2019-11-25 10:05:00 - [TEST_STEP][PASSED] - comment: Category Assignment

2019-11-25 10:05:00 - [TEST_STEP][PASSED] - Statement - If (varAssignedCategory == "All Cat"): Object: 'Object Repository/ADMIN/Custom Item Fields List Page/a_SelectCategories/linktext_SelectAll' is clicked on

2019-11-25 10:05:00 - [TEST_STEP][PASSED] - waitForElementVisible: Object 'Object Repository/ADMIN/Custom Item Fields List Page/a_SelectCategories/linktext_SelectAll' is visible

2019-11-25 10:05:00 - [MESSAGE][WARNING] - Timeout '0' is invalid. Using default page load timeout: '30'

2019-11-25 10:05:00 - [MESSAGE][PASSED] - Object 'Object Repository/ADMIN/Custom Item Fields List Page/a_SelectCategories/linktext_SelectAll' is visible

2019-11-25 10:05:00 - [TEST_STEP][PASSED] - click: Object: 'Object Repository/ADMIN/Custom Item Fields List Page/a_SelectCategories/linktext_SelectAll' is clicked on

2019-11-25 10:05:00 - [MESSAGE][PASSED] - Object: 'Object Repository/ADMIN/Custom Item Fields List Page/a_SelectCategories/linktext_SelectAll' is clicked on

2019-11-25 10:05:00 - [TEST_STEP][PASSED] - click: Object: 'Object Repository/ADMIN/Custom Item Fields List Page/a_SelectCategories/button_Save' is clicked on

2019-11-25 10:05:01 - [MESSAGE][PASSED] - Object: 'Object Repository/ADMIN/Custom Item Fields List Page/a_SelectCategories/button_Save' is clicked on

2019-11-25 10:05:01 - [TEST_STEP][PASSED] - delay: Delayed 2 second(s)

2019-11-25 10:05:03 - [MESSAGE][PASSED] - Delayed 2 second(s)

2019-11-25 10:05:03 - [TEST_STEP][PASSED] - click: Object: 'Object Repository/ADMIN/Custom Item Fields Page/a_Default/button_Save1' is clicked on

2019-11-25 10:05:03 - [MESSAGE][PASSED] - Object: 'Object Repository/ADMIN/Custom Item Fields Page/a_Default/button_Save1' is clicked on

2019-11-25 10:05:03 - [TEST_STEP][PASSED] - waitForElementVisible: Object 'Object Repository/ADMIN/Custom Item Fields List Page/button_Add Field' is visible

2019-11-25 10:05:03 - [MESSAGE][WARNING] - Timeout '0' is invalid. Using default page load timeout: '30'

2019-11-25 10:05:03 - [MESSAGE][PASSED] - Object 'Object Repository/ADMIN/Custom Item Fields List Page/button_Add Field' is visible]]></system-out>
         <system-err><![CDATA[]]></system-err>
      </testcase>
      <testcase name="Test Cases/ADMIN/Content Mgmt/Custom Fields Page/Add Custom Item Fields/Add_CF_DataDriven" classname="Test Cases/ADMIN/Content Mgmt/Custom Fields Page/Add Custom Item Fields/Add_CF_DataDriven" status="PASSED">
         <system-out><![CDATA[2019-11-25 10:05:03 - [TEST_CASE][PASSED] - Test Cases/ADMIN/Content Mgmt/Custom Fields Page/Add Custom Item Fields/Add_CF_DataDriven: Test Cases/ADMIN/Content Mgmt/Custom Fields Page/Add Custom Item Fields/Add_CF_DataDriven

2019-11-25 10:05:03 - [TEST_STEP][PASSED] - waitForElementVisible: Object 'Object Repository/ADMIN/Custom Item Fields List Page/button_Add Field' is visible

2019-11-25 10:05:03 - [MESSAGE][WARNING] - Timeout '0' is invalid. Using default page load timeout: '30'

2019-11-25 10:05:04 - [MESSAGE][PASSED] - Object 'Object Repository/ADMIN/Custom Item Fields List Page/button_Add Field' is visible

2019-11-25 10:05:04 - [TEST_STEP][PASSED] - click: Object: 'Object Repository/ADMIN/Custom Item Fields List Page/button_Add Field' is clicked on

2019-11-25 10:05:04 - [MESSAGE][PASSED] - Object: 'Object Repository/ADMIN/Custom Item Fields List Page/button_Add Field' is clicked on

2019-11-25 10:05:04 - [TEST_STEP][PASSED] - comment: Choose Field Type

2019-11-25 10:05:04 - [TEST_STEP][PASSED] - Statement - If (varCustomFieldType == "Checkbox"): null

2019-11-25 10:05:04 - [TEST_STEP][PASSED] - Statement - Else If (varCustomFieldType == "Date / Time picker"): null

2019-11-25 10:05:04 - [TEST_STEP][PASSED] - Statement - Else If (varCustomFieldType == "Drop Down"): null

2019-11-25 10:05:04 - [TEST_STEP][PASSED] - Statement - Else If (varCustomFieldType == "Email"): null

2019-11-25 10:05:04 - [TEST_STEP][PASSED] - Statement - Else If (varCustomFieldType == "Embed Video"): null

2019-11-25 10:05:04 - [TEST_STEP][PASSED] - Statement - Else If (varCustomFieldType == "Hyperlink / URL"): All options with label 'Hyperlink / URL' are selected in object 'Object Repository/ADMIN/Custom Item Fields Page/a_Default/dropdown_fieldtype' 

2019-11-25 10:05:04 - [TEST_STEP][PASSED] - waitForElementVisible: Object 'Object Repository/ADMIN/Custom Item Fields Page/a_Default/dropdown_fieldtype' is visible

2019-11-25 10:05:04 - [MESSAGE][WARNING] - Timeout '0' is invalid. Using default page load timeout: '30'

2019-11-25 10:05:05 - [MESSAGE][PASSED] - Object 'Object Repository/ADMIN/Custom Item Fields Page/a_Default/dropdown_fieldtype' is visible

2019-11-25 10:05:05 - [TEST_STEP][PASSED] - selectOptionByLabel: All options with label 'Hyperlink / URL' are selected in object 'Object Repository/ADMIN/Custom Item Fields Page/a_Default/dropdown_fieldtype' 

2019-11-25 10:05:05 - [MESSAGE][PASSED] - All options with label 'Hyperlink / URL' are selected in object 'Object Repository/ADMIN/Custom Item Fields Page/a_Default/dropdown_fieldtype' 

2019-11-25 10:05:05 - [TEST_STEP][PASSED] - comment: Field Name

2019-11-25 10:05:05 - [TEST_STEP][PASSED] - setText: Text 'allCat_Hyperlink_NM' is set on object 'Object Repository/ADMIN/Custom Item Fields Page/a_Default/textfield_fieldname'

2019-11-25 10:05:05 - [MESSAGE][PASSED] - Text 'allCat_Hyperlink_NM' is set on object 'Object Repository/ADMIN/Custom Item Fields Page/a_Default/textfield_fieldname'

2019-11-25 10:05:05 - [TEST_STEP][PASSED] - comment: Mandatory/NonMandatory

2019-11-25 10:05:05 - [TEST_STEP][PASSED] - Statement - If (varMandatoryNonMandatory == "mandatory"): null

2019-11-25 10:05:05 - [TEST_STEP][PASSED] - Statement - Else If (varMandatoryNonMandatory == "non-mandatory"): Object: 'Object Repository/ADMIN/Custom Item Fields Page/a_Default/togglebutton_mandatory' is clicked on

2019-11-25 10:05:05 - [TEST_STEP][PASSED] - waitForElementVisible: Object 'Object Repository/ADMIN/Custom Item Fields Page/a_Default/togglebutton_mandatory' is visible

2019-11-25 10:05:05 - [MESSAGE][WARNING] - Timeout '0' is invalid. Using default page load timeout: '30'

2019-11-25 10:05:05 - [MESSAGE][PASSED] - Object 'Object Repository/ADMIN/Custom Item Fields Page/a_Default/togglebutton_mandatory' is visible

2019-11-25 10:05:05 - [TEST_STEP][PASSED] - click: Object: 'Object Repository/ADMIN/Custom Item Fields Page/a_Default/togglebutton_mandatory' is clicked on

2019-11-25 10:05:05 - [MESSAGE][PASSED] - Object: 'Object Repository/ADMIN/Custom Item Fields Page/a_Default/togglebutton_mandatory' is clicked on

2019-11-25 10:05:05 - [TEST_STEP][PASSED] - comment: Assign Category

2019-11-25 10:05:05 - [TEST_STEP][PASSED] - click: Object: 'Object Repository/ADMIN/Custom Item Fields Page/a_Default/button_SelectCategories' is clicked on

2019-11-25 10:05:06 - [MESSAGE][PASSED] - Object: 'Object Repository/ADMIN/Custom Item Fields Page/a_Default/button_SelectCategories' is clicked on

2019-11-25 10:05:06 - [TEST_STEP][PASSED] - waitForElementVisible: Object 'Object Repository/ADMIN/Custom Item Fields List Page/a_SelectCategories/searchbox_Category' is visible

2019-11-25 10:05:06 - [MESSAGE][WARNING] - Timeout '0' is invalid. Using default page load timeout: '30'

2019-11-25 10:05:06 - [MESSAGE][PASSED] - Object 'Object Repository/ADMIN/Custom Item Fields List Page/a_SelectCategories/searchbox_Category' is visible

2019-11-25 10:05:06 - [TEST_STEP][PASSED] - comment: Category Assignment

2019-11-25 10:05:06 - [TEST_STEP][PASSED] - Statement - If (varAssignedCategory == "All Cat"): Object: 'Object Repository/ADMIN/Custom Item Fields List Page/a_SelectCategories/linktext_SelectAll' is clicked on

2019-11-25 10:05:06 - [TEST_STEP][PASSED] - waitForElementVisible: Object 'Object Repository/ADMIN/Custom Item Fields List Page/a_SelectCategories/linktext_SelectAll' is visible

2019-11-25 10:05:06 - [MESSAGE][WARNING] - Timeout '0' is invalid. Using default page load timeout: '30'

2019-11-25 10:05:06 - [MESSAGE][PASSED] - Object 'Object Repository/ADMIN/Custom Item Fields List Page/a_SelectCategories/linktext_SelectAll' is visible

2019-11-25 10:05:06 - [TEST_STEP][PASSED] - click: Object: 'Object Repository/ADMIN/Custom Item Fields List Page/a_SelectCategories/linktext_SelectAll' is clicked on

2019-11-25 10:05:11 - [MESSAGE][PASSED] - Object: 'Object Repository/ADMIN/Custom Item Fields List Page/a_SelectCategories/linktext_SelectAll' is clicked on

2019-11-25 10:05:11 - [TEST_STEP][PASSED] - click: Object: 'Object Repository/ADMIN/Custom Item Fields List Page/a_SelectCategories/button_Save' is clicked on

2019-11-25 10:05:11 - [MESSAGE][PASSED] - Object: 'Object Repository/ADMIN/Custom Item Fields List Page/a_SelectCategories/button_Save' is clicked on

2019-11-25 10:05:11 - [TEST_STEP][PASSED] - delay: Delayed 2 second(s)

2019-11-25 10:05:13 - [MESSAGE][PASSED] - Delayed 2 second(s)

2019-11-25 10:05:13 - [TEST_STEP][PASSED] - click: Object: 'Object Repository/ADMIN/Custom Item Fields Page/a_Default/button_Save1' is clicked on

2019-11-25 10:05:13 - [MESSAGE][PASSED] - Object: 'Object Repository/ADMIN/Custom Item Fields Page/a_Default/button_Save1' is clicked on

2019-11-25 10:05:13 - [TEST_STEP][PASSED] - waitForElementVisible: Object 'Object Repository/ADMIN/Custom Item Fields List Page/button_Add Field' is visible

2019-11-25 10:05:13 - [MESSAGE][WARNING] - Timeout '0' is invalid. Using default page load timeout: '30'

2019-11-25 10:05:14 - [MESSAGE][PASSED] - Object 'Object Repository/ADMIN/Custom Item Fields List Page/button_Add Field' is visible]]></system-out>
         <system-err><![CDATA[]]></system-err>
      </testcase>
      <testcase name="Test Cases/ADMIN/Content Mgmt/Custom Fields Page/Add Custom Item Fields/Add_CF_DataDriven" classname="Test Cases/ADMIN/Content Mgmt/Custom Fields Page/Add Custom Item Fields/Add_CF_DataDriven" status="PASSED">
         <system-out><![CDATA[2019-11-25 10:05:14 - [TEST_CASE][PASSED] - Test Cases/ADMIN/Content Mgmt/Custom Fields Page/Add Custom Item Fields/Add_CF_DataDriven: Test Cases/ADMIN/Content Mgmt/Custom Fields Page/Add Custom Item Fields/Add_CF_DataDriven

2019-11-25 10:05:14 - [TEST_STEP][PASSED] - waitForElementVisible: Object 'Object Repository/ADMIN/Custom Item Fields List Page/button_Add Field' is visible

2019-11-25 10:05:14 - [MESSAGE][WARNING] - Timeout '0' is invalid. Using default page load timeout: '30'

2019-11-25 10:05:14 - [MESSAGE][PASSED] - Object 'Object Repository/ADMIN/Custom Item Fields List Page/button_Add Field' is visible

2019-11-25 10:05:14 - [TEST_STEP][PASSED] - click: Object: 'Object Repository/ADMIN/Custom Item Fields List Page/button_Add Field' is clicked on

2019-11-25 10:05:16 - [MESSAGE][PASSED] - Object: 'Object Repository/ADMIN/Custom Item Fields List Page/button_Add Field' is clicked on

2019-11-25 10:05:16 - [TEST_STEP][PASSED] - comment: Choose Field Type

2019-11-25 10:05:16 - [TEST_STEP][PASSED] - Statement - If (varCustomFieldType == "Checkbox"): null

2019-11-25 10:05:16 - [TEST_STEP][PASSED] - Statement - Else If (varCustomFieldType == "Date / Time picker"): null

2019-11-25 10:05:16 - [TEST_STEP][PASSED] - Statement - Else If (varCustomFieldType == "Drop Down"): null

2019-11-25 10:05:16 - [TEST_STEP][PASSED] - Statement - Else If (varCustomFieldType == "Email"): All options with label 'Email' are selected in object 'Object Repository/ADMIN/Custom Item Fields Page/a_Default/dropdown_fieldtype' 

2019-11-25 10:05:16 - [TEST_STEP][PASSED] - waitForElementVisible: Object 'Object Repository/ADMIN/Custom Item Fields Page/a_Default/dropdown_fieldtype' is visible

2019-11-25 10:05:16 - [MESSAGE][WARNING] - Timeout '0' is invalid. Using default page load timeout: '30'

2019-11-25 10:05:16 - [MESSAGE][PASSED] - Object 'Object Repository/ADMIN/Custom Item Fields Page/a_Default/dropdown_fieldtype' is visible

2019-11-25 10:05:16 - [TEST_STEP][PASSED] - selectOptionByLabel: All options with label 'Email' are selected in object 'Object Repository/ADMIN/Custom Item Fields Page/a_Default/dropdown_fieldtype' 

2019-11-25 10:05:16 - [MESSAGE][PASSED] - All options with label 'Email' are selected in object 'Object Repository/ADMIN/Custom Item Fields Page/a_Default/dropdown_fieldtype' 

2019-11-25 10:05:16 - [TEST_STEP][PASSED] - comment: Field Name

2019-11-25 10:05:16 - [TEST_STEP][PASSED] - setText: Text 'allCat_Email_NM' is set on object 'Object Repository/ADMIN/Custom Item Fields Page/a_Default/textfield_fieldname'

2019-11-25 10:05:16 - [MESSAGE][PASSED] - Text 'allCat_Email_NM' is set on object 'Object Repository/ADMIN/Custom Item Fields Page/a_Default/textfield_fieldname'

2019-11-25 10:05:16 - [TEST_STEP][PASSED] - comment: Mandatory/NonMandatory

2019-11-25 10:05:16 - [TEST_STEP][PASSED] - Statement - If (varMandatoryNonMandatory == "mandatory"): null

2019-11-25 10:05:16 - [TEST_STEP][PASSED] - Statement - Else If (varMandatoryNonMandatory == "non-mandatory"): Object: 'Object Repository/ADMIN/Custom Item Fields Page/a_Default/togglebutton_mandatory' is clicked on

2019-11-25 10:05:16 - [TEST_STEP][PASSED] - waitForElementVisible: Object 'Object Repository/ADMIN/Custom Item Fields Page/a_Default/togglebutton_mandatory' is visible

2019-11-25 10:05:16 - [MESSAGE][WARNING] - Timeout '0' is invalid. Using default page load timeout: '30'

2019-11-25 10:05:16 - [MESSAGE][PASSED] - Object 'Object Repository/ADMIN/Custom Item Fields Page/a_Default/togglebutton_mandatory' is visible

2019-11-25 10:05:16 - [TEST_STEP][PASSED] - click: Object: 'Object Repository/ADMIN/Custom Item Fields Page/a_Default/togglebutton_mandatory' is clicked on

2019-11-25 10:05:16 - [MESSAGE][PASSED] - Object: 'Object Repository/ADMIN/Custom Item Fields Page/a_Default/togglebutton_mandatory' is clicked on

2019-11-25 10:05:16 - [TEST_STEP][PASSED] - comment: Assign Category

2019-11-25 10:05:16 - [TEST_STEP][PASSED] - click: Object: 'Object Repository/ADMIN/Custom Item Fields Page/a_Default/button_SelectCategories' is clicked on

2019-11-25 10:05:17 - [MESSAGE][PASSED] - Object: 'Object Repository/ADMIN/Custom Item Fields Page/a_Default/button_SelectCategories' is clicked on

2019-11-25 10:05:17 - [TEST_STEP][PASSED] - waitForElementVisible: Object 'Object Repository/ADMIN/Custom Item Fields List Page/a_SelectCategories/searchbox_Category' is visible

2019-11-25 10:05:17 - [MESSAGE][WARNING] - Timeout '0' is invalid. Using default page load timeout: '30'

2019-11-25 10:05:17 - [MESSAGE][PASSED] - Object 'Object Repository/ADMIN/Custom Item Fields List Page/a_SelectCategories/searchbox_Category' is visible

2019-11-25 10:05:17 - [TEST_STEP][PASSED] - comment: Category Assignment

2019-11-25 10:05:17 - [TEST_STEP][PASSED] - Statement - If (varAssignedCategory == "All Cat"): Object: 'Object Repository/ADMIN/Custom Item Fields List Page/a_SelectCategories/linktext_SelectAll' is clicked on

2019-11-25 10:05:17 - [TEST_STEP][PASSED] - waitForElementVisible: Object 'Object Repository/ADMIN/Custom Item Fields List Page/a_SelectCategories/linktext_SelectAll' is visible

2019-11-25 10:05:17 - [MESSAGE][WARNING] - Timeout '0' is invalid. Using default page load timeout: '30'

2019-11-25 10:05:17 - [MESSAGE][PASSED] - Object 'Object Repository/ADMIN/Custom Item Fields List Page/a_SelectCategories/linktext_SelectAll' is visible

2019-11-25 10:05:17 - [TEST_STEP][PASSED] - click: Object: 'Object Repository/ADMIN/Custom Item Fields List Page/a_SelectCategories/linktext_SelectAll' is clicked on

2019-11-25 10:05:17 - [MESSAGE][PASSED] - Object: 'Object Repository/ADMIN/Custom Item Fields List Page/a_SelectCategories/linktext_SelectAll' is clicked on

2019-11-25 10:05:17 - [TEST_STEP][PASSED] - click: Object: 'Object Repository/ADMIN/Custom Item Fields List Page/a_SelectCategories/button_Save' is clicked on

2019-11-25 10:05:17 - [MESSAGE][PASSED] - Object: 'Object Repository/ADMIN/Custom Item Fields List Page/a_SelectCategories/button_Save' is clicked on

2019-11-25 10:05:17 - [TEST_STEP][PASSED] - delay: Delayed 2 second(s)

2019-11-25 10:05:19 - [MESSAGE][PASSED] - Delayed 2 second(s)

2019-11-25 10:05:19 - [TEST_STEP][PASSED] - click: Object: 'Object Repository/ADMIN/Custom Item Fields Page/a_Default/button_Save1' is clicked on

2019-11-25 10:05:19 - [MESSAGE][PASSED] - Object: 'Object Repository/ADMIN/Custom Item Fields Page/a_Default/button_Save1' is clicked on

2019-11-25 10:05:19 - [TEST_STEP][PASSED] - waitForElementVisible: Object 'Object Repository/ADMIN/Custom Item Fields List Page/button_Add Field' is visible

2019-11-25 10:05:19 - [MESSAGE][WARNING] - Timeout '0' is invalid. Using default page load timeout: '30'

2019-11-25 10:05:20 - [MESSAGE][PASSED] - Object 'Object Repository/ADMIN/Custom Item Fields List Page/button_Add Field' is visible]]></system-out>
         <system-err><![CDATA[]]></system-err>
      </testcase>
      <testcase name="Test Cases/ADMIN/Content Mgmt/Custom Fields Page/Add Custom Item Fields/Add_CF_DataDriven" classname="Test Cases/ADMIN/Content Mgmt/Custom Fields Page/Add Custom Item Fields/Add_CF_DataDriven" status="PASSED">
         <system-out><![CDATA[2019-11-25 10:05:20 - [TEST_CASE][PASSED] - Test Cases/ADMIN/Content Mgmt/Custom Fields Page/Add Custom Item Fields/Add_CF_DataDriven: Test Cases/ADMIN/Content Mgmt/Custom Fields Page/Add Custom Item Fields/Add_CF_DataDriven

2019-11-25 10:05:20 - [TEST_STEP][PASSED] - waitForElementVisible: Object 'Object Repository/ADMIN/Custom Item Fields List Page/button_Add Field' is visible

2019-11-25 10:05:20 - [MESSAGE][WARNING] - Timeout '0' is invalid. Using default page load timeout: '30'

2019-11-25 10:05:20 - [MESSAGE][PASSED] - Object 'Object Repository/ADMIN/Custom Item Fields List Page/button_Add Field' is visible

2019-11-25 10:05:20 - [TEST_STEP][PASSED] - click: Object: 'Object Repository/ADMIN/Custom Item Fields List Page/button_Add Field' is clicked on

2019-11-25 10:05:22 - [MESSAGE][PASSED] - Object: 'Object Repository/ADMIN/Custom Item Fields List Page/button_Add Field' is clicked on

2019-11-25 10:05:22 - [TEST_STEP][PASSED] - comment: Choose Field Type

2019-11-25 10:05:22 - [TEST_STEP][PASSED] - Statement - If (varCustomFieldType == "Checkbox"): null

2019-11-25 10:05:22 - [TEST_STEP][PASSED] - Statement - Else If (varCustomFieldType == "Date / Time picker"): null

2019-11-25 10:05:22 - [TEST_STEP][PASSED] - Statement - Else If (varCustomFieldType == "Drop Down"): null

2019-11-25 10:05:22 - [TEST_STEP][PASSED] - Statement - Else If (varCustomFieldType == "Email"): null

2019-11-25 10:05:22 - [TEST_STEP][PASSED] - Statement - Else If (varCustomFieldType == "Embed Video"): null

2019-11-25 10:05:22 - [TEST_STEP][PASSED] - Statement - Else If (varCustomFieldType == "Hyperlink / URL"): null

2019-11-25 10:05:22 - [TEST_STEP][PASSED] - Statement - Else If (varCustomFieldType == "Location"): null

2019-11-25 10:05:22 - [TEST_STEP][PASSED] - Statement - Else If (varCustomFieldType == "Number"): All options with label 'Number' are selected in object 'Object Repository/ADMIN/Custom Item Fields Page/a_Default/dropdown_fieldtype' 

2019-11-25 10:05:22 - [TEST_STEP][PASSED] - waitForElementVisible: Object 'Object Repository/ADMIN/Custom Item Fields Page/a_Default/dropdown_fieldtype' is visible

2019-11-25 10:05:22 - [MESSAGE][WARNING] - Timeout '0' is invalid. Using default page load timeout: '30'

2019-11-25 10:05:23 - [MESSAGE][PASSED] - Object 'Object Repository/ADMIN/Custom Item Fields Page/a_Default/dropdown_fieldtype' is visible

2019-11-25 10:05:23 - [TEST_STEP][PASSED] - selectOptionByLabel: All options with label 'Number' are selected in object 'Object Repository/ADMIN/Custom Item Fields Page/a_Default/dropdown_fieldtype' 

2019-11-25 10:05:23 - [MESSAGE][PASSED] - All options with label 'Number' are selected in object 'Object Repository/ADMIN/Custom Item Fields Page/a_Default/dropdown_fieldtype' 

2019-11-25 10:05:23 - [TEST_STEP][PASSED] - comment: Field Name

2019-11-25 10:05:23 - [TEST_STEP][PASSED] - setText: Text 'allCat_Number_NM1' is set on object 'Object Repository/ADMIN/Custom Item Fields Page/a_Default/textfield_fieldname'

2019-11-25 10:05:23 - [MESSAGE][PASSED] - Text 'allCat_Number_NM1' is set on object 'Object Repository/ADMIN/Custom Item Fields Page/a_Default/textfield_fieldname'

2019-11-25 10:05:23 - [TEST_STEP][PASSED] - comment: Mandatory/NonMandatory

2019-11-25 10:05:23 - [TEST_STEP][PASSED] - Statement - If (varMandatoryNonMandatory == "mandatory"): null

2019-11-25 10:05:23 - [TEST_STEP][PASSED] - Statement - Else If (varMandatoryNonMandatory == "non-mandatory"): Object: 'Object Repository/ADMIN/Custom Item Fields Page/a_Default/togglebutton_mandatory' is clicked on

2019-11-25 10:05:23 - [TEST_STEP][PASSED] - waitForElementVisible: Object 'Object Repository/ADMIN/Custom Item Fields Page/a_Default/togglebutton_mandatory' is visible

2019-11-25 10:05:23 - [MESSAGE][WARNING] - Timeout '0' is invalid. Using default page load timeout: '30'

2019-11-25 10:05:23 - [MESSAGE][PASSED] - Object 'Object Repository/ADMIN/Custom Item Fields Page/a_Default/togglebutton_mandatory' is visible

2019-11-25 10:05:23 - [TEST_STEP][PASSED] - click: Object: 'Object Repository/ADMIN/Custom Item Fields Page/a_Default/togglebutton_mandatory' is clicked on

2019-11-25 10:05:23 - [MESSAGE][PASSED] - Object: 'Object Repository/ADMIN/Custom Item Fields Page/a_Default/togglebutton_mandatory' is clicked on

2019-11-25 10:05:23 - [TEST_STEP][PASSED] - comment: Assign Category

2019-11-25 10:05:23 - [TEST_STEP][PASSED] - click: Object: 'Object Repository/ADMIN/Custom Item Fields Page/a_Default/button_SelectCategories' is clicked on

2019-11-25 10:05:23 - [MESSAGE][PASSED] - Object: 'Object Repository/ADMIN/Custom Item Fields Page/a_Default/button_SelectCategories' is clicked on

2019-11-25 10:05:23 - [TEST_STEP][PASSED] - waitForElementVisible: Object 'Object Repository/ADMIN/Custom Item Fields List Page/a_SelectCategories/searchbox_Category' is visible

2019-11-25 10:05:23 - [MESSAGE][WARNING] - Timeout '0' is invalid. Using default page load timeout: '30'

2019-11-25 10:05:24 - [MESSAGE][PASSED] - Object 'Object Repository/ADMIN/Custom Item Fields List Page/a_SelectCategories/searchbox_Category' is visible

2019-11-25 10:05:24 - [TEST_STEP][PASSED] - comment: Category Assignment

2019-11-25 10:05:24 - [TEST_STEP][PASSED] - Statement - If (varAssignedCategory == "All Cat"): Object: 'Object Repository/ADMIN/Custom Item Fields List Page/a_SelectCategories/linktext_SelectAll' is clicked on

2019-11-25 10:05:24 - [TEST_STEP][PASSED] - waitForElementVisible: Object 'Object Repository/ADMIN/Custom Item Fields List Page/a_SelectCategories/linktext_SelectAll' is visible

2019-11-25 10:05:24 - [MESSAGE][WARNING] - Timeout '0' is invalid. Using default page load timeout: '30'

2019-11-25 10:05:24 - [MESSAGE][PASSED] - Object 'Object Repository/ADMIN/Custom Item Fields List Page/a_SelectCategories/linktext_SelectAll' is visible

2019-11-25 10:05:24 - [TEST_STEP][PASSED] - click: Object: 'Object Repository/ADMIN/Custom Item Fields List Page/a_SelectCategories/linktext_SelectAll' is clicked on

2019-11-25 10:05:24 - [MESSAGE][PASSED] - Object: 'Object Repository/ADMIN/Custom Item Fields List Page/a_SelectCategories/linktext_SelectAll' is clicked on

2019-11-25 10:05:24 - [TEST_STEP][PASSED] - click: Object: 'Object Repository/ADMIN/Custom Item Fields List Page/a_SelectCategories/button_Save' is clicked on

2019-11-25 10:05:24 - [MESSAGE][PASSED] - Object: 'Object Repository/ADMIN/Custom Item Fields List Page/a_SelectCategories/button_Save' is clicked on

2019-11-25 10:05:24 - [TEST_STEP][PASSED] - delay: Delayed 2 second(s)

2019-11-25 10:05:26 - [MESSAGE][PASSED] - Delayed 2 second(s)

2019-11-25 10:05:26 - [TEST_STEP][PASSED] - click: Object: 'Object Repository/ADMIN/Custom Item Fields Page/a_Default/button_Save1' is clicked on

2019-11-25 10:05:26 - [MESSAGE][PASSED] - Object: 'Object Repository/ADMIN/Custom Item Fields Page/a_Default/button_Save1' is clicked on

2019-11-25 10:05:26 - [TEST_STEP][PASSED] - waitForElementVisible: Object 'Object Repository/ADMIN/Custom Item Fields List Page/button_Add Field' is visible

2019-11-25 10:05:26 - [MESSAGE][WARNING] - Timeout '0' is invalid. Using default page load timeout: '30'

2019-11-25 10:05:27 - [MESSAGE][PASSED] - Object 'Object Repository/ADMIN/Custom Item Fields List Page/button_Add Field' is visible]]></system-out>
         <system-err><![CDATA[]]></system-err>
      </testcase>
      <testcase name="Test Cases/ADMIN/Content Mgmt/Custom Fields Page/Add Custom Item Fields/Add_CF_DataDriven" classname="Test Cases/ADMIN/Content Mgmt/Custom Fields Page/Add Custom Item Fields/Add_CF_DataDriven" status="PASSED">
         <system-out><![CDATA[2019-11-25 10:05:27 - [TEST_CASE][PASSED] - Test Cases/ADMIN/Content Mgmt/Custom Fields Page/Add Custom Item Fields/Add_CF_DataDriven: Test Cases/ADMIN/Content Mgmt/Custom Fields Page/Add Custom Item Fields/Add_CF_DataDriven

2019-11-25 10:05:27 - [TEST_STEP][PASSED] - waitForElementVisible: Object 'Object Repository/ADMIN/Custom Item Fields List Page/button_Add Field' is visible

2019-11-25 10:05:27 - [MESSAGE][WARNING] - Timeout '0' is invalid. Using default page load timeout: '30'

2019-11-25 10:05:27 - [MESSAGE][PASSED] - Object 'Object Repository/ADMIN/Custom Item Fields List Page/button_Add Field' is visible

2019-11-25 10:05:27 - [TEST_STEP][PASSED] - click: Object: 'Object Repository/ADMIN/Custom Item Fields List Page/button_Add Field' is clicked on

2019-11-25 10:05:28 - [MESSAGE][PASSED] - Object: 'Object Repository/ADMIN/Custom Item Fields List Page/button_Add Field' is clicked on

2019-11-25 10:05:28 - [TEST_STEP][PASSED] - comment: Choose Field Type

2019-11-25 10:05:28 - [TEST_STEP][PASSED] - Statement - If (varCustomFieldType == "Checkbox"): null

2019-11-25 10:05:28 - [TEST_STEP][PASSED] - Statement - Else If (varCustomFieldType == "Date / Time picker"): null

2019-11-25 10:05:28 - [TEST_STEP][PASSED] - Statement - Else If (varCustomFieldType == "Drop Down"): null

2019-11-25 10:05:28 - [TEST_STEP][PASSED] - Statement - Else If (varCustomFieldType == "Email"): null

2019-11-25 10:05:28 - [TEST_STEP][PASSED] - Statement - Else If (varCustomFieldType == "Embed Video"): null

2019-11-25 10:05:28 - [TEST_STEP][PASSED] - Statement - Else If (varCustomFieldType == "Hyperlink / URL"): null

2019-11-25 10:05:28 - [TEST_STEP][PASSED] - Statement - Else If (varCustomFieldType == "Location"): null

2019-11-25 10:05:28 - [TEST_STEP][PASSED] - Statement - Else If (varCustomFieldType == "Number"): All options with label 'Number' are selected in object 'Object Repository/ADMIN/Custom Item Fields Page/a_Default/dropdown_fieldtype' 

2019-11-25 10:05:28 - [TEST_STEP][PASSED] - waitForElementVisible: Object 'Object Repository/ADMIN/Custom Item Fields Page/a_Default/dropdown_fieldtype' is visible

2019-11-25 10:05:28 - [MESSAGE][WARNING] - Timeout '0' is invalid. Using default page load timeout: '30'

2019-11-25 10:05:28 - [MESSAGE][PASSED] - Object 'Object Repository/ADMIN/Custom Item Fields Page/a_Default/dropdown_fieldtype' is visible

2019-11-25 10:05:28 - [TEST_STEP][PASSED] - selectOptionByLabel: All options with label 'Number' are selected in object 'Object Repository/ADMIN/Custom Item Fields Page/a_Default/dropdown_fieldtype' 

2019-11-25 10:05:28 - [MESSAGE][PASSED] - All options with label 'Number' are selected in object 'Object Repository/ADMIN/Custom Item Fields Page/a_Default/dropdown_fieldtype' 

2019-11-25 10:05:28 - [TEST_STEP][PASSED] - comment: Field Name

2019-11-25 10:05:28 - [TEST_STEP][PASSED] - setText: Text 'allCat_Number_NM2' is set on object 'Object Repository/ADMIN/Custom Item Fields Page/a_Default/textfield_fieldname'

2019-11-25 10:05:28 - [MESSAGE][PASSED] - Text 'allCat_Number_NM2' is set on object 'Object Repository/ADMIN/Custom Item Fields Page/a_Default/textfield_fieldname'

2019-11-25 10:05:28 - [TEST_STEP][PASSED] - comment: Mandatory/NonMandatory

2019-11-25 10:05:28 - [TEST_STEP][PASSED] - Statement - If (varMandatoryNonMandatory == "mandatory"): null

2019-11-25 10:05:28 - [TEST_STEP][PASSED] - Statement - Else If (varMandatoryNonMandatory == "non-mandatory"): Object: 'Object Repository/ADMIN/Custom Item Fields Page/a_Default/togglebutton_mandatory' is clicked on

2019-11-25 10:05:28 - [TEST_STEP][PASSED] - waitForElementVisible: Object 'Object Repository/ADMIN/Custom Item Fields Page/a_Default/togglebutton_mandatory' is visible

2019-11-25 10:05:28 - [MESSAGE][WARNING] - Timeout '0' is invalid. Using default page load timeout: '30'

2019-11-25 10:05:28 - [MESSAGE][PASSED] - Object 'Object Repository/ADMIN/Custom Item Fields Page/a_Default/togglebutton_mandatory' is visible

2019-11-25 10:05:28 - [TEST_STEP][PASSED] - click: Object: 'Object Repository/ADMIN/Custom Item Fields Page/a_Default/togglebutton_mandatory' is clicked on

2019-11-25 10:05:28 - [MESSAGE][PASSED] - Object: 'Object Repository/ADMIN/Custom Item Fields Page/a_Default/togglebutton_mandatory' is clicked on

2019-11-25 10:05:28 - [TEST_STEP][PASSED] - comment: Assign Category

2019-11-25 10:05:28 - [TEST_STEP][PASSED] - click: Object: 'Object Repository/ADMIN/Custom Item Fields Page/a_Default/button_SelectCategories' is clicked on

2019-11-25 10:05:28 - [MESSAGE][PASSED] - Object: 'Object Repository/ADMIN/Custom Item Fields Page/a_Default/button_SelectCategories' is clicked on

2019-11-25 10:05:28 - [TEST_STEP][PASSED] - waitForElementVisible: Object 'Object Repository/ADMIN/Custom Item Fields List Page/a_SelectCategories/searchbox_Category' is visible

2019-11-25 10:05:28 - [MESSAGE][WARNING] - Timeout '0' is invalid. Using default page load timeout: '30'

2019-11-25 10:05:29 - [MESSAGE][PASSED] - Object 'Object Repository/ADMIN/Custom Item Fields List Page/a_SelectCategories/searchbox_Category' is visible

2019-11-25 10:05:29 - [TEST_STEP][PASSED] - comment: Category Assignment

2019-11-25 10:05:29 - [TEST_STEP][PASSED] - Statement - If (varAssignedCategory == "All Cat"): Object: 'Object Repository/ADMIN/Custom Item Fields List Page/a_SelectCategories/linktext_SelectAll' is clicked on

2019-11-25 10:05:29 - [TEST_STEP][PASSED] - waitForElementVisible: Object 'Object Repository/ADMIN/Custom Item Fields List Page/a_SelectCategories/linktext_SelectAll' is visible

2019-11-25 10:05:29 - [MESSAGE][WARNING] - Timeout '0' is invalid. Using default page load timeout: '30'

2019-11-25 10:05:29 - [MESSAGE][PASSED] - Object 'Object Repository/ADMIN/Custom Item Fields List Page/a_SelectCategories/linktext_SelectAll' is visible

2019-11-25 10:05:29 - [TEST_STEP][PASSED] - click: Object: 'Object Repository/ADMIN/Custom Item Fields List Page/a_SelectCategories/linktext_SelectAll' is clicked on

2019-11-25 10:05:29 - [MESSAGE][PASSED] - Object: 'Object Repository/ADMIN/Custom Item Fields List Page/a_SelectCategories/linktext_SelectAll' is clicked on

2019-11-25 10:05:29 - [TEST_STEP][PASSED] - click: Object: 'Object Repository/ADMIN/Custom Item Fields List Page/a_SelectCategories/button_Save' is clicked on

2019-11-25 10:05:29 - [MESSAGE][PASSED] - Object: 'Object Repository/ADMIN/Custom Item Fields List Page/a_SelectCategories/button_Save' is clicked on

2019-11-25 10:05:29 - [TEST_STEP][PASSED] - delay: Delayed 2 second(s)

2019-11-25 10:05:31 - [MESSAGE][PASSED] - Delayed 2 second(s)

2019-11-25 10:05:31 - [TEST_STEP][PASSED] - click: Object: 'Object Repository/ADMIN/Custom Item Fields Page/a_Default/button_Save1' is clicked on

2019-11-25 10:05:31 - [MESSAGE][PASSED] - Object: 'Object Repository/ADMIN/Custom Item Fields Page/a_Default/button_Save1' is clicked on

2019-11-25 10:05:31 - [TEST_STEP][PASSED] - waitForElementVisible: Object 'Object Repository/ADMIN/Custom Item Fields List Page/button_Add Field' is visible

2019-11-25 10:05:31 - [MESSAGE][WARNING] - Timeout '0' is invalid. Using default page load timeout: '30'

2019-11-25 10:05:32 - [MESSAGE][PASSED] - Object 'Object Repository/ADMIN/Custom Item Fields List Page/button_Add Field' is visible]]></system-out>
         <system-err><![CDATA[]]></system-err>
      </testcase>
      <testcase name="Test Cases/ADMIN/Content Mgmt/Custom Fields Page/Add Custom Item Fields/Add_CF_DataDriven" classname="Test Cases/ADMIN/Content Mgmt/Custom Fields Page/Add Custom Item Fields/Add_CF_DataDriven" status="PASSED">
         <system-out><![CDATA[2019-11-25 10:05:32 - [TEST_CASE][PASSED] - Test Cases/ADMIN/Content Mgmt/Custom Fields Page/Add Custom Item Fields/Add_CF_DataDriven: Test Cases/ADMIN/Content Mgmt/Custom Fields Page/Add Custom Item Fields/Add_CF_DataDriven

2019-11-25 10:05:32 - [TEST_STEP][PASSED] - waitForElementVisible: Object 'Object Repository/ADMIN/Custom Item Fields List Page/button_Add Field' is visible

2019-11-25 10:05:32 - [MESSAGE][WARNING] - Timeout '0' is invalid. Using default page load timeout: '30'

2019-11-25 10:05:32 - [MESSAGE][PASSED] - Object 'Object Repository/ADMIN/Custom Item Fields List Page/button_Add Field' is visible

2019-11-25 10:05:32 - [TEST_STEP][PASSED] - click: Object: 'Object Repository/ADMIN/Custom Item Fields List Page/button_Add Field' is clicked on

2019-11-25 10:05:33 - [MESSAGE][PASSED] - Object: 'Object Repository/ADMIN/Custom Item Fields List Page/button_Add Field' is clicked on

2019-11-25 10:05:33 - [TEST_STEP][PASSED] - comment: Choose Field Type

2019-11-25 10:05:33 - [TEST_STEP][PASSED] - Statement - If (varCustomFieldType == "Checkbox"): null

2019-11-25 10:05:33 - [TEST_STEP][PASSED] - Statement - Else If (varCustomFieldType == "Date / Time picker"): null

2019-11-25 10:05:33 - [TEST_STEP][PASSED] - Statement - Else If (varCustomFieldType == "Drop Down"): null

2019-11-25 10:05:33 - [TEST_STEP][PASSED] - Statement - Else If (varCustomFieldType == "Email"): null

2019-11-25 10:05:33 - [TEST_STEP][PASSED] - Statement - Else If (varCustomFieldType == "Embed Video"): null

2019-11-25 10:05:33 - [TEST_STEP][PASSED] - Statement - Else If (varCustomFieldType == "Hyperlink / URL"): null

2019-11-25 10:05:33 - [TEST_STEP][PASSED] - Statement - Else If (varCustomFieldType == "Location"): null

2019-11-25 10:05:33 - [TEST_STEP][PASSED] - Statement - Else If (varCustomFieldType == "Number"): null

2019-11-25 10:05:33 - [TEST_STEP][PASSED] - Statement - Else If (varCustomFieldType == "PDF File"): null

2019-11-25 10:05:33 - [TEST_STEP][PASSED] - Statement - Else If (varCustomFieldType == "Percentage"): All options with label 'Percentage' are selected in object 'Object Repository/ADMIN/Custom Item Fields Page/a_Default/dropdown_fieldtype' 

2019-11-25 10:05:33 - [TEST_STEP][PASSED] - waitForElementVisible: Object 'Object Repository/ADMIN/Custom Item Fields Page/a_Default/dropdown_fieldtype' is visible

2019-11-25 10:05:33 - [MESSAGE][WARNING] - Timeout '0' is invalid. Using default page load timeout: '30'

2019-11-25 10:05:33 - [MESSAGE][PASSED] - Object 'Object Repository/ADMIN/Custom Item Fields Page/a_Default/dropdown_fieldtype' is visible

2019-11-25 10:05:33 - [TEST_STEP][PASSED] - selectOptionByLabel: All options with label 'Percentage' are selected in object 'Object Repository/ADMIN/Custom Item Fields Page/a_Default/dropdown_fieldtype' 

2019-11-25 10:05:33 - [MESSAGE][PASSED] - All options with label 'Percentage' are selected in object 'Object Repository/ADMIN/Custom Item Fields Page/a_Default/dropdown_fieldtype' 

2019-11-25 10:05:33 - [TEST_STEP][PASSED] - comment: Field Name

2019-11-25 10:05:33 - [TEST_STEP][PASSED] - setText: Text 'allCat_Percentage_NM' is set on object 'Object Repository/ADMIN/Custom Item Fields Page/a_Default/textfield_fieldname'

2019-11-25 10:05:33 - [MESSAGE][PASSED] - Text 'allCat_Percentage_NM' is set on object 'Object Repository/ADMIN/Custom Item Fields Page/a_Default/textfield_fieldname'

2019-11-25 10:05:33 - [TEST_STEP][PASSED] - comment: Mandatory/NonMandatory

2019-11-25 10:05:33 - [TEST_STEP][PASSED] - Statement - If (varMandatoryNonMandatory == "mandatory"): null

2019-11-25 10:05:33 - [TEST_STEP][PASSED] - Statement - Else If (varMandatoryNonMandatory == "non-mandatory"): Object: 'Object Repository/ADMIN/Custom Item Fields Page/a_Default/togglebutton_mandatory' is clicked on

2019-11-25 10:05:33 - [TEST_STEP][PASSED] - waitForElementVisible: Object 'Object Repository/ADMIN/Custom Item Fields Page/a_Default/togglebutton_mandatory' is visible

2019-11-25 10:05:33 - [MESSAGE][WARNING] - Timeout '0' is invalid. Using default page load timeout: '30'

2019-11-25 10:05:33 - [MESSAGE][PASSED] - Object 'Object Repository/ADMIN/Custom Item Fields Page/a_Default/togglebutton_mandatory' is visible

2019-11-25 10:05:33 - [TEST_STEP][PASSED] - click: Object: 'Object Repository/ADMIN/Custom Item Fields Page/a_Default/togglebutton_mandatory' is clicked on

2019-11-25 10:05:33 - [MESSAGE][PASSED] - Object: 'Object Repository/ADMIN/Custom Item Fields Page/a_Default/togglebutton_mandatory' is clicked on

2019-11-25 10:05:33 - [TEST_STEP][PASSED] - comment: Assign Category

2019-11-25 10:05:33 - [TEST_STEP][PASSED] - click: Object: 'Object Repository/ADMIN/Custom Item Fields Page/a_Default/button_SelectCategories' is clicked on

2019-11-25 10:05:33 - [MESSAGE][PASSED] - Object: 'Object Repository/ADMIN/Custom Item Fields Page/a_Default/button_SelectCategories' is clicked on

2019-11-25 10:05:33 - [TEST_STEP][PASSED] - waitForElementVisible: Object 'Object Repository/ADMIN/Custom Item Fields List Page/a_SelectCategories/searchbox_Category' is visible

2019-11-25 10:05:33 - [MESSAGE][WARNING] - Timeout '0' is invalid. Using default page load timeout: '30'

2019-11-25 10:05:34 - [MESSAGE][PASSED] - Object 'Object Repository/ADMIN/Custom Item Fields List Page/a_SelectCategories/searchbox_Category' is visible

2019-11-25 10:05:34 - [TEST_STEP][PASSED] - comment: Category Assignment

2019-11-25 10:05:34 - [TEST_STEP][PASSED] - Statement - If (varAssignedCategory == "All Cat"): Object: 'Object Repository/ADMIN/Custom Item Fields List Page/a_SelectCategories/linktext_SelectAll' is clicked on

2019-11-25 10:05:34 - [TEST_STEP][PASSED] - waitForElementVisible: Object 'Object Repository/ADMIN/Custom Item Fields List Page/a_SelectCategories/linktext_SelectAll' is visible

2019-11-25 10:05:34 - [MESSAGE][WARNING] - Timeout '0' is invalid. Using default page load timeout: '30'

2019-11-25 10:05:34 - [MESSAGE][PASSED] - Object 'Object Repository/ADMIN/Custom Item Fields List Page/a_SelectCategories/linktext_SelectAll' is visible

2019-11-25 10:05:34 - [TEST_STEP][PASSED] - click: Object: 'Object Repository/ADMIN/Custom Item Fields List Page/a_SelectCategories/linktext_SelectAll' is clicked on

2019-11-25 10:05:34 - [MESSAGE][PASSED] - Object: 'Object Repository/ADMIN/Custom Item Fields List Page/a_SelectCategories/linktext_SelectAll' is clicked on

2019-11-25 10:05:34 - [TEST_STEP][PASSED] - click: Object: 'Object Repository/ADMIN/Custom Item Fields List Page/a_SelectCategories/button_Save' is clicked on

2019-11-25 10:05:34 - [MESSAGE][PASSED] - Object: 'Object Repository/ADMIN/Custom Item Fields List Page/a_SelectCategories/button_Save' is clicked on

2019-11-25 10:05:34 - [TEST_STEP][PASSED] - delay: Delayed 2 second(s)

2019-11-25 10:05:36 - [MESSAGE][PASSED] - Delayed 2 second(s)

2019-11-25 10:05:36 - [TEST_STEP][PASSED] - click: Object: 'Object Repository/ADMIN/Custom Item Fields Page/a_Default/button_Save1' is clicked on

2019-11-25 10:05:36 - [MESSAGE][PASSED] - Object: 'Object Repository/ADMIN/Custom Item Fields Page/a_Default/button_Save1' is clicked on

2019-11-25 10:05:36 - [TEST_STEP][PASSED] - waitForElementVisible: Object 'Object Repository/ADMIN/Custom Item Fields List Page/button_Add Field' is visible

2019-11-25 10:05:36 - [MESSAGE][WARNING] - Timeout '0' is invalid. Using default page load timeout: '30'

2019-11-25 10:05:38 - [MESSAGE][PASSED] - Object 'Object Repository/ADMIN/Custom Item Fields List Page/button_Add Field' is visible]]></system-out>
         <system-err><![CDATA[]]></system-err>
      </testcase>
      <testcase name="Test Cases/ADMIN/Content Mgmt/Custom Fields Page/Add Custom Item Fields/Add_CF_DataDriven" classname="Test Cases/ADMIN/Content Mgmt/Custom Fields Page/Add Custom Item Fields/Add_CF_DataDriven" status="PASSED">
         <system-out><![CDATA[2019-11-25 10:05:38 - [TEST_CASE][PASSED] - Test Cases/ADMIN/Content Mgmt/Custom Fields Page/Add Custom Item Fields/Add_CF_DataDriven: Test Cases/ADMIN/Content Mgmt/Custom Fields Page/Add Custom Item Fields/Add_CF_DataDriven

2019-11-25 10:05:38 - [TEST_STEP][PASSED] - waitForElementVisible: Object 'Object Repository/ADMIN/Custom Item Fields List Page/button_Add Field' is visible

2019-11-25 10:05:38 - [MESSAGE][WARNING] - Timeout '0' is invalid. Using default page load timeout: '30'

2019-11-25 10:05:38 - [MESSAGE][PASSED] - Object 'Object Repository/ADMIN/Custom Item Fields List Page/button_Add Field' is visible

2019-11-25 10:05:38 - [TEST_STEP][PASSED] - click: Object: 'Object Repository/ADMIN/Custom Item Fields List Page/button_Add Field' is clicked on

2019-11-25 10:05:38 - [MESSAGE][PASSED] - Object: 'Object Repository/ADMIN/Custom Item Fields List Page/button_Add Field' is clicked on

2019-11-25 10:05:38 - [TEST_STEP][PASSED] - comment: Choose Field Type

2019-11-25 10:05:38 - [TEST_STEP][PASSED] - Statement - If (varCustomFieldType == "Checkbox"): Text 'allCat_Check Box_NM1CB10' is set on object 'Object Repository/ADMIN/Custom Item Fields Page/a_Checkbox/textfield_option10'

2019-11-25 10:05:38 - [TEST_STEP][PASSED] - waitForElementVisible: Object 'Object Repository/ADMIN/Custom Item Fields Page/a_Default/dropdown_fieldtype' is visible

2019-11-25 10:05:38 - [MESSAGE][WARNING] - Timeout '0' is invalid. Using default page load timeout: '30'

2019-11-25 10:05:38 - [MESSAGE][PASSED] - Object 'Object Repository/ADMIN/Custom Item Fields Page/a_Default/dropdown_fieldtype' is visible

2019-11-25 10:05:38 - [TEST_STEP][PASSED] - selectOptionByLabel: All options with label 'Checkbox' are selected in object 'Object Repository/ADMIN/Custom Item Fields Page/a_Default/dropdown_fieldtype' 

2019-11-25 10:05:39 - [MESSAGE][PASSED] - All options with label 'Checkbox' are selected in object 'Object Repository/ADMIN/Custom Item Fields Page/a_Default/dropdown_fieldtype' 

2019-11-25 10:05:39 - [TEST_STEP][PASSED] - waitForElementVisible: Object 'Object Repository/ADMIN/Custom Item Fields Page/a_Checkbox/button_addoption' is visible

2019-11-25 10:05:39 - [MESSAGE][WARNING] - Timeout '0' is invalid. Using default page load timeout: '30'

2019-11-25 10:05:39 - [MESSAGE][PASSED] - Object 'Object Repository/ADMIN/Custom Item Fields Page/a_Checkbox/button_addoption' is visible

2019-11-25 10:05:39 - [TEST_STEP][PASSED] - Statement - For ([r = 0, r <= 7, (r++)]): Object: 'Object Repository/ADMIN/Custom Item Fields Page/a_Checkbox/button_addoption' is clicked on

2019-11-25 10:05:39 - [TEST_STEP][PASSED] - click: Object: 'Object Repository/ADMIN/Custom Item Fields Page/a_Checkbox/button_addoption' is clicked on

2019-11-25 10:05:39 - [MESSAGE][PASSED] - Object: 'Object Repository/ADMIN/Custom Item Fields Page/a_Checkbox/button_addoption' is clicked on

2019-11-25 10:05:39 - [TEST_STEP][PASSED] - click: Object: 'Object Repository/ADMIN/Custom Item Fields Page/a_Checkbox/button_addoption' is clicked on

2019-11-25 10:05:39 - [MESSAGE][PASSED] - Object: 'Object Repository/ADMIN/Custom Item Fields Page/a_Checkbox/button_addoption' is clicked on

2019-11-25 10:05:39 - [TEST_STEP][PASSED] - click: Object: 'Object Repository/ADMIN/Custom Item Fields Page/a_Checkbox/button_addoption' is clicked on

2019-11-25 10:05:39 - [MESSAGE][PASSED] - Object: 'Object Repository/ADMIN/Custom Item Fields Page/a_Checkbox/button_addoption' is clicked on

2019-11-25 10:05:39 - [TEST_STEP][PASSED] - click: Object: 'Object Repository/ADMIN/Custom Item Fields Page/a_Checkbox/button_addoption' is clicked on

2019-11-25 10:05:39 - [MESSAGE][PASSED] - Object: 'Object Repository/ADMIN/Custom Item Fields Page/a_Checkbox/button_addoption' is clicked on

2019-11-25 10:05:39 - [TEST_STEP][PASSED] - click: Object: 'Object Repository/ADMIN/Custom Item Fields Page/a_Checkbox/button_addoption' is clicked on

2019-11-25 10:05:39 - [MESSAGE][PASSED] - Object: 'Object Repository/ADMIN/Custom Item Fields Page/a_Checkbox/button_addoption' is clicked on

2019-11-25 10:05:39 - [TEST_STEP][PASSED] - click: Object: 'Object Repository/ADMIN/Custom Item Fields Page/a_Checkbox/button_addoption' is clicked on

2019-11-25 10:05:39 - [MESSAGE][PASSED] - Object: 'Object Repository/ADMIN/Custom Item Fields Page/a_Checkbox/button_addoption' is clicked on

2019-11-25 10:05:39 - [TEST_STEP][PASSED] - click: Object: 'Object Repository/ADMIN/Custom Item Fields Page/a_Checkbox/button_addoption' is clicked on

2019-11-25 10:05:39 - [MESSAGE][PASSED] - Object: 'Object Repository/ADMIN/Custom Item Fields Page/a_Checkbox/button_addoption' is clicked on

2019-11-25 10:05:39 - [TEST_STEP][PASSED] - click: Object: 'Object Repository/ADMIN/Custom Item Fields Page/a_Checkbox/button_addoption' is clicked on

2019-11-25 10:05:39 - [MESSAGE][PASSED] - Object: 'Object Repository/ADMIN/Custom Item Fields Page/a_Checkbox/button_addoption' is clicked on

2019-11-25 10:05:39 - [TEST_STEP][PASSED] - comment: Add Option

2019-11-25 10:05:39 - [TEST_STEP][PASSED] - setText: Text 'allCat_Check Box_NM1CB1' is set on object 'Object Repository/ADMIN/Custom Item Fields Page/a_Checkbox/textfield_opt1'

2019-11-25 10:05:40 - [MESSAGE][PASSED] - Text 'allCat_Check Box_NM1CB1' is set on object 'Object Repository/ADMIN/Custom Item Fields Page/a_Checkbox/textfield_opt1'

2019-11-25 10:05:40 - [TEST_STEP][PASSED] - setText: Text 'allCat_Check Box_NM1CB2' is set on object 'Object Repository/ADMIN/Custom Item Fields Page/a_Checkbox/textfield_opt2'

2019-11-25 10:05:40 - [MESSAGE][PASSED] - Text 'allCat_Check Box_NM1CB2' is set on object 'Object Repository/ADMIN/Custom Item Fields Page/a_Checkbox/textfield_opt2'

2019-11-25 10:05:40 - [TEST_STEP][PASSED] - setText: Text 'allCat_Check Box_NM1CB3' is set on object 'Object Repository/ADMIN/Custom Item Fields Page/a_Checkbox/textfield_option3'

2019-11-25 10:05:40 - [MESSAGE][PASSED] - Text 'allCat_Check Box_NM1CB3' is set on object 'Object Repository/ADMIN/Custom Item Fields Page/a_Checkbox/textfield_option3'

2019-11-25 10:05:40 - [TEST_STEP][PASSED] - setText: Text 'allCat_Check Box_NM1CB4' is set on object 'Object Repository/ADMIN/Custom Item Fields Page/a_Checkbox/textfield_option4'

2019-11-25 10:05:40 - [MESSAGE][PASSED] - Text 'allCat_Check Box_NM1CB4' is set on object 'Object Repository/ADMIN/Custom Item Fields Page/a_Checkbox/textfield_option4'

2019-11-25 10:05:40 - [TEST_STEP][PASSED] - setText: Text 'allCat_Check Box_NM1CB5' is set on object 'Object Repository/ADMIN/Custom Item Fields Page/a_Checkbox/textfield_option5'

2019-11-25 10:05:41 - [MESSAGE][PASSED] - Text 'allCat_Check Box_NM1CB5' is set on object 'Object Repository/ADMIN/Custom Item Fields Page/a_Checkbox/textfield_option5'

2019-11-25 10:05:41 - [TEST_STEP][PASSED] - setText: Text 'allCat_Check Box_NM1CB6' is set on object 'Object Repository/ADMIN/Custom Item Fields Page/a_Checkbox/textfield_option6'

2019-11-25 10:05:41 - [MESSAGE][PASSED] - Text 'allCat_Check Box_NM1CB6' is set on object 'Object Repository/ADMIN/Custom Item Fields Page/a_Checkbox/textfield_option6'

2019-11-25 10:05:41 - [TEST_STEP][PASSED] - setText: Text 'allCat_Check Box_NM1CB7' is set on object 'Object Repository/ADMIN/Custom Item Fields Page/a_Checkbox/textfield_option7'

2019-11-25 10:05:41 - [MESSAGE][PASSED] - Text 'allCat_Check Box_NM1CB7' is set on object 'Object Repository/ADMIN/Custom Item Fields Page/a_Checkbox/textfield_option7'

2019-11-25 10:05:41 - [TEST_STEP][PASSED] - setText: Text 'allCat_Check Box_NM1CB8' is set on object 'Object Repository/ADMIN/Custom Item Fields Page/a_Checkbox/textfield_option8'

2019-11-25 10:05:41 - [MESSAGE][PASSED] - Text 'allCat_Check Box_NM1CB8' is set on object 'Object Repository/ADMIN/Custom Item Fields Page/a_Checkbox/textfield_option8'

2019-11-25 10:05:41 - [TEST_STEP][PASSED] - setText: Text 'allCat_Check Box_NM1CB9' is set on object 'Object Repository/ADMIN/Custom Item Fields Page/a_Checkbox/textfield_option9'

2019-11-25 10:05:42 - [MESSAGE][PASSED] - Text 'allCat_Check Box_NM1CB9' is set on object 'Object Repository/ADMIN/Custom Item Fields Page/a_Checkbox/textfield_option9'

2019-11-25 10:05:42 - [TEST_STEP][PASSED] - setText: Text 'allCat_Check Box_NM1CB10' is set on object 'Object Repository/ADMIN/Custom Item Fields Page/a_Checkbox/textfield_option10'

2019-11-25 10:05:42 - [MESSAGE][PASSED] - Text 'allCat_Check Box_NM1CB10' is set on object 'Object Repository/ADMIN/Custom Item Fields Page/a_Checkbox/textfield_option10'

2019-11-25 10:05:42 - [TEST_STEP][PASSED] - comment: Field Name

2019-11-25 10:05:42 - [TEST_STEP][PASSED] - setText: Text 'allCat_Check Box_NM1' is set on object 'Object Repository/ADMIN/Custom Item Fields Page/a_Default/textfield_fieldname'

2019-11-25 10:05:42 - [MESSAGE][PASSED] - Text 'allCat_Check Box_NM1' is set on object 'Object Repository/ADMIN/Custom Item Fields Page/a_Default/textfield_fieldname'

2019-11-25 10:05:42 - [TEST_STEP][PASSED] - comment: Mandatory/NonMandatory

2019-11-25 10:05:42 - [TEST_STEP][PASSED] - Statement - If (varMandatoryNonMandatory == "mandatory"): null

2019-11-25 10:05:42 - [TEST_STEP][PASSED] - Statement - Else If (varMandatoryNonMandatory == "non-mandatory"): Object: 'Object Repository/ADMIN/Custom Item Fields Page/a_Default/togglebutton_mandatory' is clicked on

2019-11-25 10:05:42 - [TEST_STEP][PASSED] - waitForElementVisible: Object 'Object Repository/ADMIN/Custom Item Fields Page/a_Default/togglebutton_mandatory' is visible

2019-11-25 10:05:42 - [MESSAGE][WARNING] - Timeout '0' is invalid. Using default page load timeout: '30'

2019-11-25 10:05:42 - [MESSAGE][PASSED] - Object 'Object Repository/ADMIN/Custom Item Fields Page/a_Default/togglebutton_mandatory' is visible

2019-11-25 10:05:42 - [TEST_STEP][PASSED] - click: Object: 'Object Repository/ADMIN/Custom Item Fields Page/a_Default/togglebutton_mandatory' is clicked on

2019-11-25 10:05:42 - [MESSAGE][PASSED] - Object: 'Object Repository/ADMIN/Custom Item Fields Page/a_Default/togglebutton_mandatory' is clicked on

2019-11-25 10:05:42 - [TEST_STEP][PASSED] - comment: Assign Category

2019-11-25 10:05:42 - [TEST_STEP][PASSED] - click: Object: 'Object Repository/ADMIN/Custom Item Fields Page/a_Default/button_SelectCategories' is clicked on

2019-11-25 10:05:42 - [MESSAGE][PASSED] - Object: 'Object Repository/ADMIN/Custom Item Fields Page/a_Default/button_SelectCategories' is clicked on

2019-11-25 10:05:42 - [TEST_STEP][PASSED] - waitForElementVisible: Object 'Object Repository/ADMIN/Custom Item Fields List Page/a_SelectCategories/searchbox_Category' is visible

2019-11-25 10:05:42 - [MESSAGE][WARNING] - Timeout '0' is invalid. Using default page load timeout: '30'

2019-11-25 10:05:43 - [MESSAGE][PASSED] - Object 'Object Repository/ADMIN/Custom Item Fields List Page/a_SelectCategories/searchbox_Category' is visible

2019-11-25 10:05:43 - [TEST_STEP][PASSED] - comment: Category Assignment

2019-11-25 10:05:43 - [TEST_STEP][PASSED] - Statement - If (varAssignedCategory == "All Cat"): Object: 'Object Repository/ADMIN/Custom Item Fields List Page/a_SelectCategories/linktext_SelectAll' is clicked on

2019-11-25 10:05:43 - [TEST_STEP][PASSED] - waitForElementVisible: Object 'Object Repository/ADMIN/Custom Item Fields List Page/a_SelectCategories/linktext_SelectAll' is visible

2019-11-25 10:05:43 - [MESSAGE][WARNING] - Timeout '0' is invalid. Using default page load timeout: '30'

2019-11-25 10:05:43 - [MESSAGE][PASSED] - Object 'Object Repository/ADMIN/Custom Item Fields List Page/a_SelectCategories/linktext_SelectAll' is visible

2019-11-25 10:05:43 - [TEST_STEP][PASSED] - click: Object: 'Object Repository/ADMIN/Custom Item Fields List Page/a_SelectCategories/linktext_SelectAll' is clicked on

2019-11-25 10:05:43 - [MESSAGE][PASSED] - Object: 'Object Repository/ADMIN/Custom Item Fields List Page/a_SelectCategories/linktext_SelectAll' is clicked on

2019-11-25 10:05:43 - [TEST_STEP][PASSED] - click: Object: 'Object Repository/ADMIN/Custom Item Fields List Page/a_SelectCategories/button_Save' is clicked on

2019-11-25 10:05:43 - [MESSAGE][PASSED] - Object: 'Object Repository/ADMIN/Custom Item Fields List Page/a_SelectCategories/button_Save' is clicked on

2019-11-25 10:05:43 - [TEST_STEP][PASSED] - delay: Delayed 2 second(s)

2019-11-25 10:05:45 - [MESSAGE][PASSED] - Delayed 2 second(s)

2019-11-25 10:05:45 - [TEST_STEP][PASSED] - click: Object: 'Object Repository/ADMIN/Custom Item Fields Page/a_Default/button_Save1' is clicked on

2019-11-25 10:05:45 - [MESSAGE][PASSED] - Object: 'Object Repository/ADMIN/Custom Item Fields Page/a_Default/button_Save1' is clicked on

2019-11-25 10:05:45 - [TEST_STEP][PASSED] - waitForElementVisible: Object 'Object Repository/ADMIN/Custom Item Fields List Page/button_Add Field' is visible

2019-11-25 10:05:45 - [MESSAGE][WARNING] - Timeout '0' is invalid. Using default page load timeout: '30'

2019-11-25 10:05:46 - [MESSAGE][PASSED] - Object 'Object Repository/ADMIN/Custom Item Fields List Page/button_Add Field' is visible]]></system-out>
         <system-err><![CDATA[]]></system-err>
      </testcase>
      <testcase name="Test Cases/ADMIN/Content Mgmt/Custom Fields Page/Add Custom Item Fields/Add_CF_DataDriven" classname="Test Cases/ADMIN/Content Mgmt/Custom Fields Page/Add Custom Item Fields/Add_CF_DataDriven" status="PASSED">
         <system-out><![CDATA[2019-11-25 10:05:46 - [TEST_CASE][PASSED] - Test Cases/ADMIN/Content Mgmt/Custom Fields Page/Add Custom Item Fields/Add_CF_DataDriven: Test Cases/ADMIN/Content Mgmt/Custom Fields Page/Add Custom Item Fields/Add_CF_DataDriven

2019-11-25 10:05:46 - [TEST_STEP][PASSED] - waitForElementVisible: Object 'Object Repository/ADMIN/Custom Item Fields List Page/button_Add Field' is visible

2019-11-25 10:05:46 - [MESSAGE][WARNING] - Timeout '0' is invalid. Using default page load timeout: '30'

2019-11-25 10:05:46 - [MESSAGE][PASSED] - Object 'Object Repository/ADMIN/Custom Item Fields List Page/button_Add Field' is visible

2019-11-25 10:05:46 - [TEST_STEP][PASSED] - click: Object: 'Object Repository/ADMIN/Custom Item Fields List Page/button_Add Field' is clicked on

2019-11-25 10:05:47 - [MESSAGE][PASSED] - Object: 'Object Repository/ADMIN/Custom Item Fields List Page/button_Add Field' is clicked on

2019-11-25 10:05:47 - [TEST_STEP][PASSED] - comment: Choose Field Type

2019-11-25 10:05:47 - [TEST_STEP][PASSED] - Statement - If (varCustomFieldType == "Checkbox"): Text 'allCat_Check Box_NM2CB10' is set on object 'Object Repository/ADMIN/Custom Item Fields Page/a_Checkbox/textfield_option10'

2019-11-25 10:05:47 - [TEST_STEP][PASSED] - waitForElementVisible: Object 'Object Repository/ADMIN/Custom Item Fields Page/a_Default/dropdown_fieldtype' is visible

2019-11-25 10:05:47 - [MESSAGE][WARNING] - Timeout '0' is invalid. Using default page load timeout: '30'

2019-11-25 10:05:48 - [MESSAGE][PASSED] - Object 'Object Repository/ADMIN/Custom Item Fields Page/a_Default/dropdown_fieldtype' is visible

2019-11-25 10:05:48 - [TEST_STEP][PASSED] - selectOptionByLabel: All options with label 'Checkbox' are selected in object 'Object Repository/ADMIN/Custom Item Fields Page/a_Default/dropdown_fieldtype' 

2019-11-25 10:05:48 - [MESSAGE][PASSED] - All options with label 'Checkbox' are selected in object 'Object Repository/ADMIN/Custom Item Fields Page/a_Default/dropdown_fieldtype' 

2019-11-25 10:05:48 - [TEST_STEP][PASSED] - waitForElementVisible: Object 'Object Repository/ADMIN/Custom Item Fields Page/a_Checkbox/button_addoption' is visible

2019-11-25 10:05:48 - [MESSAGE][WARNING] - Timeout '0' is invalid. Using default page load timeout: '30'

2019-11-25 10:05:48 - [MESSAGE][PASSED] - Object 'Object Repository/ADMIN/Custom Item Fields Page/a_Checkbox/button_addoption' is visible

2019-11-25 10:05:48 - [TEST_STEP][PASSED] - Statement - For ([r = 0, r <= 7, (r++)]): Object: 'Object Repository/ADMIN/Custom Item Fields Page/a_Checkbox/button_addoption' is clicked on

2019-11-25 10:05:48 - [TEST_STEP][PASSED] - click: Object: 'Object Repository/ADMIN/Custom Item Fields Page/a_Checkbox/button_addoption' is clicked on

2019-11-25 10:05:48 - [MESSAGE][PASSED] - Object: 'Object Repository/ADMIN/Custom Item Fields Page/a_Checkbox/button_addoption' is clicked on

2019-11-25 10:05:48 - [TEST_STEP][PASSED] - click: Object: 'Object Repository/ADMIN/Custom Item Fields Page/a_Checkbox/button_addoption' is clicked on

2019-11-25 10:05:48 - [MESSAGE][PASSED] - Object: 'Object Repository/ADMIN/Custom Item Fields Page/a_Checkbox/button_addoption' is clicked on

2019-11-25 10:05:48 - [TEST_STEP][PASSED] - click: Object: 'Object Repository/ADMIN/Custom Item Fields Page/a_Checkbox/button_addoption' is clicked on

2019-11-25 10:05:48 - [MESSAGE][PASSED] - Object: 'Object Repository/ADMIN/Custom Item Fields Page/a_Checkbox/button_addoption' is clicked on

2019-11-25 10:05:48 - [TEST_STEP][PASSED] - click: Object: 'Object Repository/ADMIN/Custom Item Fields Page/a_Checkbox/button_addoption' is clicked on

2019-11-25 10:05:48 - [MESSAGE][PASSED] - Object: 'Object Repository/ADMIN/Custom Item Fields Page/a_Checkbox/button_addoption' is clicked on

2019-11-25 10:05:48 - [TEST_STEP][PASSED] - click: Object: 'Object Repository/ADMIN/Custom Item Fields Page/a_Checkbox/button_addoption' is clicked on

2019-11-25 10:05:48 - [MESSAGE][PASSED] - Object: 'Object Repository/ADMIN/Custom Item Fields Page/a_Checkbox/button_addoption' is clicked on

2019-11-25 10:05:48 - [TEST_STEP][PASSED] - click: Object: 'Object Repository/ADMIN/Custom Item Fields Page/a_Checkbox/button_addoption' is clicked on

2019-11-25 10:05:48 - [MESSAGE][PASSED] - Object: 'Object Repository/ADMIN/Custom Item Fields Page/a_Checkbox/button_addoption' is clicked on

2019-11-25 10:05:48 - [TEST_STEP][PASSED] - click: Object: 'Object Repository/ADMIN/Custom Item Fields Page/a_Checkbox/button_addoption' is clicked on

2019-11-25 10:05:48 - [MESSAGE][PASSED] - Object: 'Object Repository/ADMIN/Custom Item Fields Page/a_Checkbox/button_addoption' is clicked on

2019-11-25 10:05:48 - [TEST_STEP][PASSED] - click: Object: 'Object Repository/ADMIN/Custom Item Fields Page/a_Checkbox/button_addoption' is clicked on

2019-11-25 10:05:48 - [MESSAGE][PASSED] - Object: 'Object Repository/ADMIN/Custom Item Fields Page/a_Checkbox/button_addoption' is clicked on

2019-11-25 10:05:48 - [TEST_STEP][PASSED] - comment: Add Option

2019-11-25 10:05:48 - [TEST_STEP][PASSED] - setText: Text 'allCat_Check Box_NM2CB1' is set on object 'Object Repository/ADMIN/Custom Item Fields Page/a_Checkbox/textfield_opt1'

2019-11-25 10:05:49 - [MESSAGE][PASSED] - Text 'allCat_Check Box_NM2CB1' is set on object 'Object Repository/ADMIN/Custom Item Fields Page/a_Checkbox/textfield_opt1'

2019-11-25 10:05:49 - [TEST_STEP][PASSED] - setText: Text 'allCat_Check Box_NM2CB2' is set on object 'Object Repository/ADMIN/Custom Item Fields Page/a_Checkbox/textfield_opt2'

2019-11-25 10:05:49 - [MESSAGE][PASSED] - Text 'allCat_Check Box_NM2CB2' is set on object 'Object Repository/ADMIN/Custom Item Fields Page/a_Checkbox/textfield_opt2'

2019-11-25 10:05:49 - [TEST_STEP][PASSED] - setText: Text 'allCat_Check Box_NM2CB3' is set on object 'Object Repository/ADMIN/Custom Item Fields Page/a_Checkbox/textfield_option3'

2019-11-25 10:05:49 - [MESSAGE][PASSED] - Text 'allCat_Check Box_NM2CB3' is set on object 'Object Repository/ADMIN/Custom Item Fields Page/a_Checkbox/textfield_option3'

2019-11-25 10:05:49 - [TEST_STEP][PASSED] - setText: Text 'allCat_Check Box_NM2CB4' is set on object 'Object Repository/ADMIN/Custom Item Fields Page/a_Checkbox/textfield_option4'

2019-11-25 10:05:49 - [MESSAGE][PASSED] - Text 'allCat_Check Box_NM2CB4' is set on object 'Object Repository/ADMIN/Custom Item Fields Page/a_Checkbox/textfield_option4'

2019-11-25 10:05:49 - [TEST_STEP][PASSED] - setText: Text 'allCat_Check Box_NM2CB5' is set on object 'Object Repository/ADMIN/Custom Item Fields Page/a_Checkbox/textfield_option5'

2019-11-25 10:05:50 - [MESSAGE][PASSED] - Text 'allCat_Check Box_NM2CB5' is set on object 'Object Repository/ADMIN/Custom Item Fields Page/a_Checkbox/textfield_option5'

2019-11-25 10:05:50 - [TEST_STEP][PASSED] - setText: Text 'allCat_Check Box_NM2CB6' is set on object 'Object Repository/ADMIN/Custom Item Fields Page/a_Checkbox/textfield_option6'

2019-11-25 10:05:50 - [MESSAGE][PASSED] - Text 'allCat_Check Box_NM2CB6' is set on object 'Object Repository/ADMIN/Custom Item Fields Page/a_Checkbox/textfield_option6'

2019-11-25 10:05:50 - [TEST_STEP][PASSED] - setText: Text 'allCat_Check Box_NM2CB7' is set on object 'Object Repository/ADMIN/Custom Item Fields Page/a_Checkbox/textfield_option7'

2019-11-25 10:05:50 - [MESSAGE][PASSED] - Text 'allCat_Check Box_NM2CB7' is set on object 'Object Repository/ADMIN/Custom Item Fields Page/a_Checkbox/textfield_option7'

2019-11-25 10:05:50 - [TEST_STEP][PASSED] - setText: Text 'allCat_Check Box_NM2CB8' is set on object 'Object Repository/ADMIN/Custom Item Fields Page/a_Checkbox/textfield_option8'

2019-11-25 10:05:50 - [MESSAGE][PASSED] - Text 'allCat_Check Box_NM2CB8' is set on object 'Object Repository/ADMIN/Custom Item Fields Page/a_Checkbox/textfield_option8'

2019-11-25 10:05:50 - [TEST_STEP][PASSED] - setText: Text 'allCat_Check Box_NM2CB9' is set on object 'Object Repository/ADMIN/Custom Item Fields Page/a_Checkbox/textfield_option9'

2019-11-25 10:05:51 - [MESSAGE][PASSED] - Text 'allCat_Check Box_NM2CB9' is set on object 'Object Repository/ADMIN/Custom Item Fields Page/a_Checkbox/textfield_option9'

2019-11-25 10:05:51 - [TEST_STEP][PASSED] - setText: Text 'allCat_Check Box_NM2CB10' is set on object 'Object Repository/ADMIN/Custom Item Fields Page/a_Checkbox/textfield_option10'

2019-11-25 10:05:51 - [MESSAGE][PASSED] - Text 'allCat_Check Box_NM2CB10' is set on object 'Object Repository/ADMIN/Custom Item Fields Page/a_Checkbox/textfield_option10'

2019-11-25 10:05:51 - [TEST_STEP][PASSED] - comment: Field Name

2019-11-25 10:05:51 - [TEST_STEP][PASSED] - setText: Text 'allCat_Check Box_NM2' is set on object 'Object Repository/ADMIN/Custom Item Fields Page/a_Default/textfield_fieldname'

2019-11-25 10:05:51 - [MESSAGE][PASSED] - Text 'allCat_Check Box_NM2' is set on object 'Object Repository/ADMIN/Custom Item Fields Page/a_Default/textfield_fieldname'

2019-11-25 10:05:51 - [TEST_STEP][PASSED] - comment: Mandatory/NonMandatory

2019-11-25 10:05:51 - [TEST_STEP][PASSED] - Statement - If (varMandatoryNonMandatory == "mandatory"): null

2019-11-25 10:05:51 - [TEST_STEP][PASSED] - Statement - Else If (varMandatoryNonMandatory == "non-mandatory"): Object: 'Object Repository/ADMIN/Custom Item Fields Page/a_Default/togglebutton_mandatory' is clicked on

2019-11-25 10:05:51 - [TEST_STEP][PASSED] - waitForElementVisible: Object 'Object Repository/ADMIN/Custom Item Fields Page/a_Default/togglebutton_mandatory' is visible

2019-11-25 10:05:51 - [MESSAGE][WARNING] - Timeout '0' is invalid. Using default page load timeout: '30'

2019-11-25 10:05:51 - [MESSAGE][PASSED] - Object 'Object Repository/ADMIN/Custom Item Fields Page/a_Default/togglebutton_mandatory' is visible

2019-11-25 10:05:51 - [TEST_STEP][PASSED] - click: Object: 'Object Repository/ADMIN/Custom Item Fields Page/a_Default/togglebutton_mandatory' is clicked on

2019-11-25 10:05:51 - [MESSAGE][PASSED] - Object: 'Object Repository/ADMIN/Custom Item Fields Page/a_Default/togglebutton_mandatory' is clicked on

2019-11-25 10:05:51 - [TEST_STEP][PASSED] - comment: Assign Category

2019-11-25 10:05:51 - [TEST_STEP][PASSED] - click: Object: 'Object Repository/ADMIN/Custom Item Fields Page/a_Default/button_SelectCategories' is clicked on

2019-11-25 10:05:51 - [MESSAGE][PASSED] - Object: 'Object Repository/ADMIN/Custom Item Fields Page/a_Default/button_SelectCategories' is clicked on

2019-11-25 10:05:51 - [TEST_STEP][PASSED] - waitForElementVisible: Object 'Object Repository/ADMIN/Custom Item Fields List Page/a_SelectCategories/searchbox_Category' is visible

2019-11-25 10:05:51 - [MESSAGE][WARNING] - Timeout '0' is invalid. Using default page load timeout: '30'

2019-11-25 10:05:52 - [MESSAGE][PASSED] - Object 'Object Repository/ADMIN/Custom Item Fields List Page/a_SelectCategories/searchbox_Category' is visible

2019-11-25 10:05:52 - [TEST_STEP][PASSED] - comment: Category Assignment

2019-11-25 10:05:52 - [TEST_STEP][PASSED] - Statement - If (varAssignedCategory == "All Cat"): Object: 'Object Repository/ADMIN/Custom Item Fields List Page/a_SelectCategories/linktext_SelectAll' is clicked on

2019-11-25 10:05:52 - [TEST_STEP][PASSED] - waitForElementVisible: Object 'Object Repository/ADMIN/Custom Item Fields List Page/a_SelectCategories/linktext_SelectAll' is visible

2019-11-25 10:05:52 - [MESSAGE][WARNING] - Timeout '0' is invalid. Using default page load timeout: '30'

2019-11-25 10:05:52 - [MESSAGE][PASSED] - Object 'Object Repository/ADMIN/Custom Item Fields List Page/a_SelectCategories/linktext_SelectAll' is visible

2019-11-25 10:05:52 - [TEST_STEP][PASSED] - click: Object: 'Object Repository/ADMIN/Custom Item Fields List Page/a_SelectCategories/linktext_SelectAll' is clicked on

2019-11-25 10:05:52 - [MESSAGE][PASSED] - Object: 'Object Repository/ADMIN/Custom Item Fields List Page/a_SelectCategories/linktext_SelectAll' is clicked on

2019-11-25 10:05:52 - [TEST_STEP][PASSED] - click: Object: 'Object Repository/ADMIN/Custom Item Fields List Page/a_SelectCategories/button_Save' is clicked on

2019-11-25 10:05:52 - [MESSAGE][PASSED] - Object: 'Object Repository/ADMIN/Custom Item Fields List Page/a_SelectCategories/button_Save' is clicked on

2019-11-25 10:05:52 - [TEST_STEP][PASSED] - delay: Delayed 2 second(s)

2019-11-25 10:05:54 - [MESSAGE][PASSED] - Delayed 2 second(s)

2019-11-25 10:05:54 - [TEST_STEP][PASSED] - click: Object: 'Object Repository/ADMIN/Custom Item Fields Page/a_Default/button_Save1' is clicked on

2019-11-25 10:05:54 - [MESSAGE][PASSED] - Object: 'Object Repository/ADMIN/Custom Item Fields Page/a_Default/button_Save1' is clicked on

2019-11-25 10:05:54 - [TEST_STEP][PASSED] - waitForElementVisible: Object 'Object Repository/ADMIN/Custom Item Fields List Page/button_Add Field' is visible

2019-11-25 10:05:54 - [MESSAGE][WARNING] - Timeout '0' is invalid. Using default page load timeout: '30'

2019-11-25 10:05:55 - [MESSAGE][PASSED] - Object 'Object Repository/ADMIN/Custom Item Fields List Page/button_Add Field' is visible]]></system-out>
         <system-err><![CDATA[]]></system-err>
      </testcase>
      <testcase name="Test Cases/ADMIN/Content Mgmt/Custom Fields Page/Add Custom Item Fields/Add_CF_DataDriven" classname="Test Cases/ADMIN/Content Mgmt/Custom Fields Page/Add Custom Item Fields/Add_CF_DataDriven" status="PASSED">
         <system-out><![CDATA[2019-11-25 10:05:55 - [TEST_CASE][PASSED] - Test Cases/ADMIN/Content Mgmt/Custom Fields Page/Add Custom Item Fields/Add_CF_DataDriven: Test Cases/ADMIN/Content Mgmt/Custom Fields Page/Add Custom Item Fields/Add_CF_DataDriven

2019-11-25 10:05:55 - [TEST_STEP][PASSED] - waitForElementVisible: Object 'Object Repository/ADMIN/Custom Item Fields List Page/button_Add Field' is visible

2019-11-25 10:05:55 - [MESSAGE][WARNING] - Timeout '0' is invalid. Using default page load timeout: '30'

2019-11-25 10:05:55 - [MESSAGE][PASSED] - Object 'Object Repository/ADMIN/Custom Item Fields List Page/button_Add Field' is visible

2019-11-25 10:05:55 - [TEST_STEP][PASSED] - click: Object: 'Object Repository/ADMIN/Custom Item Fields List Page/button_Add Field' is clicked on

2019-11-25 10:05:56 - [MESSAGE][PASSED] - Object: 'Object Repository/ADMIN/Custom Item Fields List Page/button_Add Field' is clicked on

2019-11-25 10:05:56 - [TEST_STEP][PASSED] - comment: Choose Field Type

2019-11-25 10:05:56 - [TEST_STEP][PASSED] - Statement - If (varCustomFieldType == "Checkbox"): null

2019-11-25 10:05:56 - [TEST_STEP][PASSED] - Statement - Else If (varCustomFieldType == "Date / Time picker"): null

2019-11-25 10:05:56 - [TEST_STEP][PASSED] - Statement - Else If (varCustomFieldType == "Drop Down"): Text 'allCat_Drop Down_NM1DD10' is set on object 'Object Repository/ADMIN/Custom Item Fields Page/a_Checkbox/textfield_option10'

2019-11-25 10:05:56 - [TEST_STEP][PASSED] - waitForElementVisible: Object 'Object Repository/ADMIN/Custom Item Fields Page/a_Default/dropdown_fieldtype' is visible

2019-11-25 10:05:56 - [MESSAGE][WARNING] - Timeout '0' is invalid. Using default page load timeout: '30'

2019-11-25 10:05:56 - [MESSAGE][PASSED] - Object 'Object Repository/ADMIN/Custom Item Fields Page/a_Default/dropdown_fieldtype' is visible

2019-11-25 10:05:56 - [TEST_STEP][PASSED] - selectOptionByLabel: All options with label 'Drop Down' are selected in object 'Object Repository/ADMIN/Custom Item Fields Page/a_Default/dropdown_fieldtype' 

2019-11-25 10:05:56 - [MESSAGE][PASSED] - All options with label 'Drop Down' are selected in object 'Object Repository/ADMIN/Custom Item Fields Page/a_Default/dropdown_fieldtype' 

2019-11-25 10:05:56 - [TEST_STEP][PASSED] - waitForElementVisible: Object 'Object Repository/ADMIN/Custom Item Fields Page/a_Checkbox/icon_addoptio' is visible

2019-11-25 10:05:56 - [MESSAGE][WARNING] - Timeout '0' is invalid. Using default page load timeout: '30'

2019-11-25 10:05:56 - [MESSAGE][PASSED] - Object 'Object Repository/ADMIN/Custom Item Fields Page/a_Checkbox/icon_addoptio' is visible

2019-11-25 10:05:56 - [TEST_STEP][PASSED] - Statement - For ([r = 0, r <= 7, (r++)]): Object: 'Object Repository/ADMIN/Custom Item Fields Page/a_Checkbox/icon_addoptio' is clicked on

2019-11-25 10:05:56 - [TEST_STEP][PASSED] - click: Object: 'Object Repository/ADMIN/Custom Item Fields Page/a_Checkbox/icon_addoptio' is clicked on

2019-11-25 10:05:57 - [MESSAGE][PASSED] - Object: 'Object Repository/ADMIN/Custom Item Fields Page/a_Checkbox/icon_addoptio' is clicked on

2019-11-25 10:05:57 - [TEST_STEP][PASSED] - click: Object: 'Object Repository/ADMIN/Custom Item Fields Page/a_Checkbox/icon_addoptio' is clicked on

2019-11-25 10:05:57 - [MESSAGE][PASSED] - Object: 'Object Repository/ADMIN/Custom Item Fields Page/a_Checkbox/icon_addoptio' is clicked on

2019-11-25 10:05:57 - [TEST_STEP][PASSED] - click: Object: 'Object Repository/ADMIN/Custom Item Fields Page/a_Checkbox/icon_addoptio' is clicked on

2019-11-25 10:05:57 - [MESSAGE][PASSED] - Object: 'Object Repository/ADMIN/Custom Item Fields Page/a_Checkbox/icon_addoptio' is clicked on

2019-11-25 10:05:57 - [TEST_STEP][PASSED] - click: Object: 'Object Repository/ADMIN/Custom Item Fields Page/a_Checkbox/icon_addoptio' is clicked on

2019-11-25 10:05:57 - [MESSAGE][PASSED] - Object: 'Object Repository/ADMIN/Custom Item Fields Page/a_Checkbox/icon_addoptio' is clicked on

2019-11-25 10:05:57 - [TEST_STEP][PASSED] - click: Object: 'Object Repository/ADMIN/Custom Item Fields Page/a_Checkbox/icon_addoptio' is clicked on

2019-11-25 10:05:57 - [MESSAGE][PASSED] - Object: 'Object Repository/ADMIN/Custom Item Fields Page/a_Checkbox/icon_addoptio' is clicked on

2019-11-25 10:05:57 - [TEST_STEP][PASSED] - click: Object: 'Object Repository/ADMIN/Custom Item Fields Page/a_Checkbox/icon_addoptio' is clicked on

2019-11-25 10:05:57 - [MESSAGE][PASSED] - Object: 'Object Repository/ADMIN/Custom Item Fields Page/a_Checkbox/icon_addoptio' is clicked on

2019-11-25 10:05:57 - [TEST_STEP][PASSED] - click: Object: 'Object Repository/ADMIN/Custom Item Fields Page/a_Checkbox/icon_addoptio' is clicked on

2019-11-25 10:05:57 - [MESSAGE][PASSED] - Object: 'Object Repository/ADMIN/Custom Item Fields Page/a_Checkbox/icon_addoptio' is clicked on

2019-11-25 10:05:57 - [TEST_STEP][PASSED] - click: Object: 'Object Repository/ADMIN/Custom Item Fields Page/a_Checkbox/icon_addoptio' is clicked on

2019-11-25 10:05:57 - [MESSAGE][PASSED] - Object: 'Object Repository/ADMIN/Custom Item Fields Page/a_Checkbox/icon_addoptio' is clicked on

2019-11-25 10:05:57 - [TEST_STEP][PASSED] - comment: Add Option

2019-11-25 10:05:57 - [TEST_STEP][PASSED] - setText: Text 'allCat_Drop Down_NM1DD1' is set on object 'Object Repository/ADMIN/Custom Item Fields Page/a_Checkbox/textfield_option1'

2019-11-25 10:05:58 - [MESSAGE][PASSED] - Text 'allCat_Drop Down_NM1DD1' is set on object 'Object Repository/ADMIN/Custom Item Fields Page/a_Checkbox/textfield_option1'

2019-11-25 10:05:58 - [TEST_STEP][PASSED] - setText: Text 'allCat_Drop Down_NM1DD2' is set on object 'Object Repository/ADMIN/Custom Item Fields Page/a_Checkbox/textfield_option2'

2019-11-25 10:05:58 - [MESSAGE][PASSED] - Text 'allCat_Drop Down_NM1DD2' is set on object 'Object Repository/ADMIN/Custom Item Fields Page/a_Checkbox/textfield_option2'

2019-11-25 10:05:58 - [TEST_STEP][PASSED] - setText: Text 'allCat_Drop Down_NM1DD3' is set on object 'Object Repository/ADMIN/Custom Item Fields Page/a_Checkbox/textfield_option3'

2019-11-25 10:05:58 - [MESSAGE][PASSED] - Text 'allCat_Drop Down_NM1DD3' is set on object 'Object Repository/ADMIN/Custom Item Fields Page/a_Checkbox/textfield_option3'

2019-11-25 10:05:58 - [TEST_STEP][PASSED] - setText: Text 'allCat_Drop Down_NM1DD4' is set on object 'Object Repository/ADMIN/Custom Item Fields Page/a_Checkbox/textfield_option4'

2019-11-25 10:05:58 - [MESSAGE][PASSED] - Text 'allCat_Drop Down_NM1DD4' is set on object 'Object Repository/ADMIN/Custom Item Fields Page/a_Checkbox/textfield_option4'

2019-11-25 10:05:58 - [TEST_STEP][PASSED] - setText: Text 'allCat_Drop Down_NM1DD5' is set on object 'Object Repository/ADMIN/Custom Item Fields Page/a_Checkbox/textfield_option5'

2019-11-25 10:05:59 - [MESSAGE][PASSED] - Text 'allCat_Drop Down_NM1DD5' is set on object 'Object Repository/ADMIN/Custom Item Fields Page/a_Checkbox/textfield_option5'

2019-11-25 10:05:59 - [TEST_STEP][PASSED] - setText: Text 'allCat_Drop Down_NM1DD6' is set on object 'Object Repository/ADMIN/Custom Item Fields Page/a_Checkbox/textfield_option6'

2019-11-25 10:05:59 - [MESSAGE][PASSED] - Text 'allCat_Drop Down_NM1DD6' is set on object 'Object Repository/ADMIN/Custom Item Fields Page/a_Checkbox/textfield_option6'

2019-11-25 10:05:59 - [TEST_STEP][PASSED] - setText: Text 'allCat_Drop Down_NM1DD7' is set on object 'Object Repository/ADMIN/Custom Item Fields Page/a_Checkbox/textfield_option7'

2019-11-25 10:05:59 - [MESSAGE][PASSED] - Text 'allCat_Drop Down_NM1DD7' is set on object 'Object Repository/ADMIN/Custom Item Fields Page/a_Checkbox/textfield_option7'

2019-11-25 10:05:59 - [TEST_STEP][PASSED] - setText: Text 'allCat_Drop Down_NM1DD8' is set on object 'Object Repository/ADMIN/Custom Item Fields Page/a_Checkbox/textfield_option8'

2019-11-25 10:06:00 - [MESSAGE][PASSED] - Text 'allCat_Drop Down_NM1DD8' is set on object 'Object Repository/ADMIN/Custom Item Fields Page/a_Checkbox/textfield_option8'

2019-11-25 10:06:00 - [TEST_STEP][PASSED] - setText: Text 'allCat_Drop Down_NM1DD9' is set on object 'Object Repository/ADMIN/Custom Item Fields Page/a_Checkbox/textfield_option9'

2019-11-25 10:06:00 - [MESSAGE][PASSED] - Text 'allCat_Drop Down_NM1DD9' is set on object 'Object Repository/ADMIN/Custom Item Fields Page/a_Checkbox/textfield_option9'

2019-11-25 10:06:00 - [TEST_STEP][PASSED] - setText: Text 'allCat_Drop Down_NM1DD10' is set on object 'Object Repository/ADMIN/Custom Item Fields Page/a_Checkbox/textfield_option10'

2019-11-25 10:06:00 - [MESSAGE][PASSED] - Text 'allCat_Drop Down_NM1DD10' is set on object 'Object Repository/ADMIN/Custom Item Fields Page/a_Checkbox/textfield_option10'

2019-11-25 10:06:00 - [TEST_STEP][PASSED] - comment: Field Name

2019-11-25 10:06:00 - [TEST_STEP][PASSED] - setText: Text 'allCat_Drop Down_NM1' is set on object 'Object Repository/ADMIN/Custom Item Fields Page/a_Default/textfield_fieldname'

2019-11-25 10:06:01 - [MESSAGE][PASSED] - Text 'allCat_Drop Down_NM1' is set on object 'Object Repository/ADMIN/Custom Item Fields Page/a_Default/textfield_fieldname'

2019-11-25 10:06:01 - [TEST_STEP][PASSED] - comment: Mandatory/NonMandatory

2019-11-25 10:06:01 - [TEST_STEP][PASSED] - Statement - If (varMandatoryNonMandatory == "mandatory"): null

2019-11-25 10:06:01 - [TEST_STEP][PASSED] - Statement - Else If (varMandatoryNonMandatory == "non-mandatory"): Object: 'Object Repository/ADMIN/Custom Item Fields Page/a_Default/togglebutton_mandatory' is clicked on

2019-11-25 10:06:01 - [TEST_STEP][PASSED] - waitForElementVisible: Object 'Object Repository/ADMIN/Custom Item Fields Page/a_Default/togglebutton_mandatory' is visible

2019-11-25 10:06:01 - [MESSAGE][WARNING] - Timeout '0' is invalid. Using default page load timeout: '30'

2019-11-25 10:06:01 - [MESSAGE][PASSED] - Object 'Object Repository/ADMIN/Custom Item Fields Page/a_Default/togglebutton_mandatory' is visible

2019-11-25 10:06:01 - [TEST_STEP][PASSED] - click: Object: 'Object Repository/ADMIN/Custom Item Fields Page/a_Default/togglebutton_mandatory' is clicked on

2019-11-25 10:06:01 - [MESSAGE][PASSED] - Object: 'Object Repository/ADMIN/Custom Item Fields Page/a_Default/togglebutton_mandatory' is clicked on

2019-11-25 10:06:01 - [TEST_STEP][PASSED] - comment: Assign Category

2019-11-25 10:06:01 - [TEST_STEP][PASSED] - click: Object: 'Object Repository/ADMIN/Custom Item Fields Page/a_Default/button_SelectCategories' is clicked on

2019-11-25 10:06:01 - [MESSAGE][PASSED] - Object: 'Object Repository/ADMIN/Custom Item Fields Page/a_Default/button_SelectCategories' is clicked on

2019-11-25 10:06:01 - [TEST_STEP][PASSED] - waitForElementVisible: Object 'Object Repository/ADMIN/Custom Item Fields List Page/a_SelectCategories/searchbox_Category' is visible

2019-11-25 10:06:01 - [MESSAGE][WARNING] - Timeout '0' is invalid. Using default page load timeout: '30'

2019-11-25 10:06:02 - [MESSAGE][PASSED] - Object 'Object Repository/ADMIN/Custom Item Fields List Page/a_SelectCategories/searchbox_Category' is visible

2019-11-25 10:06:02 - [TEST_STEP][PASSED] - comment: Category Assignment

2019-11-25 10:06:02 - [TEST_STEP][PASSED] - Statement - If (varAssignedCategory == "All Cat"): Object: 'Object Repository/ADMIN/Custom Item Fields List Page/a_SelectCategories/linktext_SelectAll' is clicked on

2019-11-25 10:06:02 - [TEST_STEP][PASSED] - waitForElementVisible: Object 'Object Repository/ADMIN/Custom Item Fields List Page/a_SelectCategories/linktext_SelectAll' is visible

2019-11-25 10:06:02 - [MESSAGE][WARNING] - Timeout '0' is invalid. Using default page load timeout: '30'

2019-11-25 10:06:07 - [MESSAGE][PASSED] - Object 'Object Repository/ADMIN/Custom Item Fields List Page/a_SelectCategories/linktext_SelectAll' is visible

2019-11-25 10:06:07 - [TEST_STEP][PASSED] - click: Object: 'Object Repository/ADMIN/Custom Item Fields List Page/a_SelectCategories/linktext_SelectAll' is clicked on

2019-11-25 10:06:07 - [MESSAGE][PASSED] - Object: 'Object Repository/ADMIN/Custom Item Fields List Page/a_SelectCategories/linktext_SelectAll' is clicked on

2019-11-25 10:06:07 - [TEST_STEP][PASSED] - click: Object: 'Object Repository/ADMIN/Custom Item Fields List Page/a_SelectCategories/button_Save' is clicked on

2019-11-25 10:06:07 - [MESSAGE][PASSED] - Object: 'Object Repository/ADMIN/Custom Item Fields List Page/a_SelectCategories/button_Save' is clicked on

2019-11-25 10:06:07 - [TEST_STEP][PASSED] - delay: Delayed 2 second(s)

2019-11-25 10:06:09 - [MESSAGE][PASSED] - Delayed 2 second(s)

2019-11-25 10:06:09 - [TEST_STEP][PASSED] - click: Object: 'Object Repository/ADMIN/Custom Item Fields Page/a_Default/button_Save1' is clicked on

2019-11-25 10:06:09 - [MESSAGE][PASSED] - Object: 'Object Repository/ADMIN/Custom Item Fields Page/a_Default/button_Save1' is clicked on

2019-11-25 10:06:09 - [TEST_STEP][PASSED] - waitForElementVisible: Object 'Object Repository/ADMIN/Custom Item Fields List Page/button_Add Field' is visible

2019-11-25 10:06:09 - [MESSAGE][WARNING] - Timeout '0' is invalid. Using default page load timeout: '30'

2019-11-25 10:06:11 - [MESSAGE][PASSED] - Object 'Object Repository/ADMIN/Custom Item Fields List Page/button_Add Field' is visible]]></system-out>
         <system-err><![CDATA[]]></system-err>
      </testcase>
      <testcase name="Test Cases/ADMIN/Content Mgmt/Custom Fields Page/Add Custom Item Fields/Add_CF_DataDriven" classname="Test Cases/ADMIN/Content Mgmt/Custom Fields Page/Add Custom Item Fields/Add_CF_DataDriven" status="PASSED">
         <system-out><![CDATA[2019-11-25 10:06:11 - [TEST_CASE][PASSED] - Test Cases/ADMIN/Content Mgmt/Custom Fields Page/Add Custom Item Fields/Add_CF_DataDriven: Test Cases/ADMIN/Content Mgmt/Custom Fields Page/Add Custom Item Fields/Add_CF_DataDriven

2019-11-25 10:06:11 - [TEST_STEP][PASSED] - waitForElementVisible: Object 'Object Repository/ADMIN/Custom Item Fields List Page/button_Add Field' is visible

2019-11-25 10:06:11 - [MESSAGE][WARNING] - Timeout '0' is invalid. Using default page load timeout: '30'

2019-11-25 10:06:11 - [MESSAGE][PASSED] - Object 'Object Repository/ADMIN/Custom Item Fields List Page/button_Add Field' is visible

2019-11-25 10:06:11 - [TEST_STEP][PASSED] - click: Object: 'Object Repository/ADMIN/Custom Item Fields List Page/button_Add Field' is clicked on

2019-11-25 10:06:12 - [MESSAGE][PASSED] - Object: 'Object Repository/ADMIN/Custom Item Fields List Page/button_Add Field' is clicked on

2019-11-25 10:06:12 - [TEST_STEP][PASSED] - comment: Choose Field Type

2019-11-25 10:06:12 - [TEST_STEP][PASSED] - Statement - If (varCustomFieldType == "Checkbox"): null

2019-11-25 10:06:12 - [TEST_STEP][PASSED] - Statement - Else If (varCustomFieldType == "Date / Time picker"): null

2019-11-25 10:06:12 - [TEST_STEP][PASSED] - Statement - Else If (varCustomFieldType == "Drop Down"): Text 'allCat_Drop Down_NM2DD10' is set on object 'Object Repository/ADMIN/Custom Item Fields Page/a_Checkbox/textfield_option10'

2019-11-25 10:06:12 - [TEST_STEP][PASSED] - waitForElementVisible: Object 'Object Repository/ADMIN/Custom Item Fields Page/a_Default/dropdown_fieldtype' is visible

2019-11-25 10:06:12 - [MESSAGE][WARNING] - Timeout '0' is invalid. Using default page load timeout: '30'

2019-11-25 10:06:12 - [MESSAGE][PASSED] - Object 'Object Repository/ADMIN/Custom Item Fields Page/a_Default/dropdown_fieldtype' is visible

2019-11-25 10:06:12 - [TEST_STEP][PASSED] - selectOptionByLabel: All options with label 'Drop Down' are selected in object 'Object Repository/ADMIN/Custom Item Fields Page/a_Default/dropdown_fieldtype' 

2019-11-25 10:06:12 - [MESSAGE][PASSED] - All options with label 'Drop Down' are selected in object 'Object Repository/ADMIN/Custom Item Fields Page/a_Default/dropdown_fieldtype' 

2019-11-25 10:06:12 - [TEST_STEP][PASSED] - waitForElementVisible: Object 'Object Repository/ADMIN/Custom Item Fields Page/a_Checkbox/icon_addoptio' is visible

2019-11-25 10:06:12 - [MESSAGE][WARNING] - Timeout '0' is invalid. Using default page load timeout: '30'

2019-11-25 10:06:12 - [MESSAGE][PASSED] - Object 'Object Repository/ADMIN/Custom Item Fields Page/a_Checkbox/icon_addoptio' is visible

2019-11-25 10:06:12 - [TEST_STEP][PASSED] - Statement - For ([r = 0, r <= 7, (r++)]): Object: 'Object Repository/ADMIN/Custom Item Fields Page/a_Checkbox/icon_addoptio' is clicked on

2019-11-25 10:06:12 - [TEST_STEP][PASSED] - click: Object: 'Object Repository/ADMIN/Custom Item Fields Page/a_Checkbox/icon_addoptio' is clicked on

2019-11-25 10:06:13 - [MESSAGE][PASSED] - Object: 'Object Repository/ADMIN/Custom Item Fields Page/a_Checkbox/icon_addoptio' is clicked on

2019-11-25 10:06:13 - [TEST_STEP][PASSED] - click: Object: 'Object Repository/ADMIN/Custom Item Fields Page/a_Checkbox/icon_addoptio' is clicked on

2019-11-25 10:06:13 - [MESSAGE][PASSED] - Object: 'Object Repository/ADMIN/Custom Item Fields Page/a_Checkbox/icon_addoptio' is clicked on

2019-11-25 10:06:13 - [TEST_STEP][PASSED] - click: Object: 'Object Repository/ADMIN/Custom Item Fields Page/a_Checkbox/icon_addoptio' is clicked on

2019-11-25 10:06:13 - [MESSAGE][PASSED] - Object: 'Object Repository/ADMIN/Custom Item Fields Page/a_Checkbox/icon_addoptio' is clicked on

2019-11-25 10:06:13 - [TEST_STEP][PASSED] - click: Object: 'Object Repository/ADMIN/Custom Item Fields Page/a_Checkbox/icon_addoptio' is clicked on

2019-11-25 10:06:13 - [MESSAGE][PASSED] - Object: 'Object Repository/ADMIN/Custom Item Fields Page/a_Checkbox/icon_addoptio' is clicked on

2019-11-25 10:06:13 - [TEST_STEP][PASSED] - click: Object: 'Object Repository/ADMIN/Custom Item Fields Page/a_Checkbox/icon_addoptio' is clicked on

2019-11-25 10:06:13 - [MESSAGE][PASSED] - Object: 'Object Repository/ADMIN/Custom Item Fields Page/a_Checkbox/icon_addoptio' is clicked on

2019-11-25 10:06:13 - [TEST_STEP][PASSED] - click: Object: 'Object Repository/ADMIN/Custom Item Fields Page/a_Checkbox/icon_addoptio' is clicked on

2019-11-25 10:06:13 - [MESSAGE][PASSED] - Object: 'Object Repository/ADMIN/Custom Item Fields Page/a_Checkbox/icon_addoptio' is clicked on

2019-11-25 10:06:13 - [TEST_STEP][PASSED] - click: Object: 'Object Repository/ADMIN/Custom Item Fields Page/a_Checkbox/icon_addoptio' is clicked on

2019-11-25 10:06:13 - [MESSAGE][PASSED] - Object: 'Object Repository/ADMIN/Custom Item Fields Page/a_Checkbox/icon_addoptio' is clicked on

2019-11-25 10:06:13 - [TEST_STEP][PASSED] - click: Object: 'Object Repository/ADMIN/Custom Item Fields Page/a_Checkbox/icon_addoptio' is clicked on

2019-11-25 10:06:13 - [MESSAGE][PASSED] - Object: 'Object Repository/ADMIN/Custom Item Fields Page/a_Checkbox/icon_addoptio' is clicked on

2019-11-25 10:06:13 - [TEST_STEP][PASSED] - comment: Add Option

2019-11-25 10:06:13 - [TEST_STEP][PASSED] - setText: Text 'allCat_Drop Down_NM2DD1' is set on object 'Object Repository/ADMIN/Custom Item Fields Page/a_Checkbox/textfield_option1'

2019-11-25 10:06:13 - [MESSAGE][PASSED] - Text 'allCat_Drop Down_NM2DD1' is set on object 'Object Repository/ADMIN/Custom Item Fields Page/a_Checkbox/textfield_option1'

2019-11-25 10:06:13 - [TEST_STEP][PASSED] - setText: Text 'allCat_Drop Down_NM2DD2' is set on object 'Object Repository/ADMIN/Custom Item Fields Page/a_Checkbox/textfield_option2'

2019-11-25 10:06:13 - [MESSAGE][PASSED] - Text 'allCat_Drop Down_NM2DD2' is set on object 'Object Repository/ADMIN/Custom Item Fields Page/a_Checkbox/textfield_option2'

2019-11-25 10:06:13 - [TEST_STEP][PASSED] - setText: Text 'allCat_Drop Down_NM2DD3' is set on object 'Object Repository/ADMIN/Custom Item Fields Page/a_Checkbox/textfield_option3'

2019-11-25 10:06:14 - [MESSAGE][PASSED] - Text 'allCat_Drop Down_NM2DD3' is set on object 'Object Repository/ADMIN/Custom Item Fields Page/a_Checkbox/textfield_option3'

2019-11-25 10:06:14 - [TEST_STEP][PASSED] - setText: Text 'allCat_Drop Down_NM2DD4' is set on object 'Object Repository/ADMIN/Custom Item Fields Page/a_Checkbox/textfield_option4'

2019-11-25 10:06:14 - [MESSAGE][PASSED] - Text 'allCat_Drop Down_NM2DD4' is set on object 'Object Repository/ADMIN/Custom Item Fields Page/a_Checkbox/textfield_option4'

2019-11-25 10:06:14 - [TEST_STEP][PASSED] - setText: Text 'allCat_Drop Down_NM2DD5' is set on object 'Object Repository/ADMIN/Custom Item Fields Page/a_Checkbox/textfield_option5'

2019-11-25 10:06:14 - [MESSAGE][PASSED] - Text 'allCat_Drop Down_NM2DD5' is set on object 'Object Repository/ADMIN/Custom Item Fields Page/a_Checkbox/textfield_option5'

2019-11-25 10:06:14 - [TEST_STEP][PASSED] - setText: Text 'allCat_Drop Down_NM2DD6' is set on object 'Object Repository/ADMIN/Custom Item Fields Page/a_Checkbox/textfield_option6'

2019-11-25 10:06:14 - [MESSAGE][PASSED] - Text 'allCat_Drop Down_NM2DD6' is set on object 'Object Repository/ADMIN/Custom Item Fields Page/a_Checkbox/textfield_option6'

2019-11-25 10:06:14 - [TEST_STEP][PASSED] - setText: Text 'allCat_Drop Down_NM2DD7' is set on object 'Object Repository/ADMIN/Custom Item Fields Page/a_Checkbox/textfield_option7'

2019-11-25 10:06:15 - [MESSAGE][PASSED] - Text 'allCat_Drop Down_NM2DD7' is set on object 'Object Repository/ADMIN/Custom Item Fields Page/a_Checkbox/textfield_option7'

2019-11-25 10:06:15 - [TEST_STEP][PASSED] - setText: Text 'allCat_Drop Down_NM2DD8' is set on object 'Object Repository/ADMIN/Custom Item Fields Page/a_Checkbox/textfield_option8'

2019-11-25 10:06:15 - [MESSAGE][PASSED] - Text 'allCat_Drop Down_NM2DD8' is set on object 'Object Repository/ADMIN/Custom Item Fields Page/a_Checkbox/textfield_option8'

2019-11-25 10:06:15 - [TEST_STEP][PASSED] - setText: Text 'allCat_Drop Down_NM2DD9' is set on object 'Object Repository/ADMIN/Custom Item Fields Page/a_Checkbox/textfield_option9'

2019-11-25 10:06:15 - [MESSAGE][PASSED] - Text 'allCat_Drop Down_NM2DD9' is set on object 'Object Repository/ADMIN/Custom Item Fields Page/a_Checkbox/textfield_option9'

2019-11-25 10:06:15 - [TEST_STEP][PASSED] - setText: Text 'allCat_Drop Down_NM2DD10' is set on object 'Object Repository/ADMIN/Custom Item Fields Page/a_Checkbox/textfield_option10'

2019-11-25 10:06:16 - [MESSAGE][PASSED] - Text 'allCat_Drop Down_NM2DD10' is set on object 'Object Repository/ADMIN/Custom Item Fields Page/a_Checkbox/textfield_option10'

2019-11-25 10:06:16 - [TEST_STEP][PASSED] - comment: Field Name

2019-11-25 10:06:16 - [TEST_STEP][PASSED] - setText: Text 'allCat_Drop Down_NM2' is set on object 'Object Repository/ADMIN/Custom Item Fields Page/a_Default/textfield_fieldname'

2019-11-25 10:06:16 - [MESSAGE][PASSED] - Text 'allCat_Drop Down_NM2' is set on object 'Object Repository/ADMIN/Custom Item Fields Page/a_Default/textfield_fieldname'

2019-11-25 10:06:16 - [TEST_STEP][PASSED] - comment: Mandatory/NonMandatory

2019-11-25 10:06:16 - [TEST_STEP][PASSED] - Statement - If (varMandatoryNonMandatory == "mandatory"): null

2019-11-25 10:06:16 - [TEST_STEP][PASSED] - Statement - Else If (varMandatoryNonMandatory == "non-mandatory"): Object: 'Object Repository/ADMIN/Custom Item Fields Page/a_Default/togglebutton_mandatory' is clicked on

2019-11-25 10:06:16 - [TEST_STEP][PASSED] - waitForElementVisible: Object 'Object Repository/ADMIN/Custom Item Fields Page/a_Default/togglebutton_mandatory' is visible

2019-11-25 10:06:16 - [MESSAGE][WARNING] - Timeout '0' is invalid. Using default page load timeout: '30'

2019-11-25 10:06:16 - [MESSAGE][PASSED] - Object 'Object Repository/ADMIN/Custom Item Fields Page/a_Default/togglebutton_mandatory' is visible

2019-11-25 10:06:16 - [TEST_STEP][PASSED] - click: Object: 'Object Repository/ADMIN/Custom Item Fields Page/a_Default/togglebutton_mandatory' is clicked on

2019-11-25 10:06:16 - [MESSAGE][PASSED] - Object: 'Object Repository/ADMIN/Custom Item Fields Page/a_Default/togglebutton_mandatory' is clicked on

2019-11-25 10:06:16 - [TEST_STEP][PASSED] - comment: Assign Category

2019-11-25 10:06:16 - [TEST_STEP][PASSED] - click: Object: 'Object Repository/ADMIN/Custom Item Fields Page/a_Default/button_SelectCategories' is clicked on

2019-11-25 10:06:16 - [MESSAGE][PASSED] - Object: 'Object Repository/ADMIN/Custom Item Fields Page/a_Default/button_SelectCategories' is clicked on

2019-11-25 10:06:16 - [TEST_STEP][PASSED] - waitForElementVisible: Object 'Object Repository/ADMIN/Custom Item Fields List Page/a_SelectCategories/searchbox_Category' is visible

2019-11-25 10:06:16 - [MESSAGE][WARNING] - Timeout '0' is invalid. Using default page load timeout: '30'

2019-11-25 10:06:17 - [MESSAGE][PASSED] - Object 'Object Repository/ADMIN/Custom Item Fields List Page/a_SelectCategories/searchbox_Category' is visible

2019-11-25 10:06:17 - [TEST_STEP][PASSED] - comment: Category Assignment

2019-11-25 10:06:17 - [TEST_STEP][PASSED] - Statement - If (varAssignedCategory == "All Cat"): Object: 'Object Repository/ADMIN/Custom Item Fields List Page/a_SelectCategories/linktext_SelectAll' is clicked on

2019-11-25 10:06:17 - [TEST_STEP][PASSED] - waitForElementVisible: Object 'Object Repository/ADMIN/Custom Item Fields List Page/a_SelectCategories/linktext_SelectAll' is visible

2019-11-25 10:06:17 - [MESSAGE][WARNING] - Timeout '0' is invalid. Using default page load timeout: '30'

2019-11-25 10:06:17 - [MESSAGE][PASSED] - Object 'Object Repository/ADMIN/Custom Item Fields List Page/a_SelectCategories/linktext_SelectAll' is visible

2019-11-25 10:06:17 - [TEST_STEP][PASSED] - click: Object: 'Object Repository/ADMIN/Custom Item Fields List Page/a_SelectCategories/linktext_SelectAll' is clicked on

2019-11-25 10:06:17 - [MESSAGE][PASSED] - Object: 'Object Repository/ADMIN/Custom Item Fields List Page/a_SelectCategories/linktext_SelectAll' is clicked on

2019-11-25 10:06:17 - [TEST_STEP][PASSED] - click: Object: 'Object Repository/ADMIN/Custom Item Fields List Page/a_SelectCategories/button_Save' is clicked on

2019-11-25 10:06:17 - [MESSAGE][PASSED] - Object: 'Object Repository/ADMIN/Custom Item Fields List Page/a_SelectCategories/button_Save' is clicked on

2019-11-25 10:06:17 - [TEST_STEP][PASSED] - delay: Delayed 2 second(s)

2019-11-25 10:06:19 - [MESSAGE][PASSED] - Delayed 2 second(s)

2019-11-25 10:06:19 - [TEST_STEP][PASSED] - click: Object: 'Object Repository/ADMIN/Custom Item Fields Page/a_Default/button_Save1' is clicked on

2019-11-25 10:06:19 - [MESSAGE][PASSED] - Object: 'Object Repository/ADMIN/Custom Item Fields Page/a_Default/button_Save1' is clicked on

2019-11-25 10:06:19 - [TEST_STEP][PASSED] - waitForElementVisible: Object 'Object Repository/ADMIN/Custom Item Fields List Page/button_Add Field' is visible

2019-11-25 10:06:19 - [MESSAGE][WARNING] - Timeout '0' is invalid. Using default page load timeout: '30'

2019-11-25 10:06:20 - [MESSAGE][PASSED] - Object 'Object Repository/ADMIN/Custom Item Fields List Page/button_Add Field' is visible]]></system-out>
         <system-err><![CDATA[]]></system-err>
      </testcase>
      <testcase name="Test Cases/ADMIN/Content Mgmt/Custom Fields Page/Add Custom Item Fields/Add_CF_DataDriven" classname="Test Cases/ADMIN/Content Mgmt/Custom Fields Page/Add Custom Item Fields/Add_CF_DataDriven" status="PASSED">
         <system-out><![CDATA[2019-11-25 10:06:20 - [TEST_CASE][PASSED] - Test Cases/ADMIN/Content Mgmt/Custom Fields Page/Add Custom Item Fields/Add_CF_DataDriven: Test Cases/ADMIN/Content Mgmt/Custom Fields Page/Add Custom Item Fields/Add_CF_DataDriven

2019-11-25 10:06:20 - [TEST_STEP][PASSED] - waitForElementVisible: Object 'Object Repository/ADMIN/Custom Item Fields List Page/button_Add Field' is visible

2019-11-25 10:06:20 - [MESSAGE][WARNING] - Timeout '0' is invalid. Using default page load timeout: '30'

2019-11-25 10:06:20 - [MESSAGE][PASSED] - Object 'Object Repository/ADMIN/Custom Item Fields List Page/button_Add Field' is visible

2019-11-25 10:06:20 - [TEST_STEP][PASSED] - click: Object: 'Object Repository/ADMIN/Custom Item Fields List Page/button_Add Field' is clicked on

2019-11-25 10:06:21 - [MESSAGE][PASSED] - Object: 'Object Repository/ADMIN/Custom Item Fields List Page/button_Add Field' is clicked on

2019-11-25 10:06:21 - [TEST_STEP][PASSED] - comment: Choose Field Type

2019-11-25 10:06:21 - [TEST_STEP][PASSED] - Statement - If (varCustomFieldType == "Checkbox"): null

2019-11-25 10:06:21 - [TEST_STEP][PASSED] - Statement - Else If (varCustomFieldType == "Date / Time picker"): null

2019-11-25 10:06:21 - [TEST_STEP][PASSED] - Statement - Else If (varCustomFieldType == "Drop Down"): null

2019-11-25 10:06:21 - [TEST_STEP][PASSED] - Statement - Else If (varCustomFieldType == "Email"): null

2019-11-25 10:06:21 - [TEST_STEP][PASSED] - Statement - Else If (varCustomFieldType == "Embed Video"): null

2019-11-25 10:06:21 - [TEST_STEP][PASSED] - Statement - Else If (varCustomFieldType == "Hyperlink / URL"): null

2019-11-25 10:06:21 - [TEST_STEP][PASSED] - Statement - Else If (varCustomFieldType == "Location"): All options with label 'Location' are selected in object 'Object Repository/ADMIN/Custom Item Fields Page/a_Default/dropdown_fieldtype' 

2019-11-25 10:06:21 - [TEST_STEP][PASSED] - waitForElementVisible: Object 'Object Repository/ADMIN/Custom Item Fields Page/a_Default/dropdown_fieldtype' is visible

2019-11-25 10:06:21 - [MESSAGE][WARNING] - Timeout '0' is invalid. Using default page load timeout: '30'

2019-11-25 10:06:21 - [MESSAGE][PASSED] - Object 'Object Repository/ADMIN/Custom Item Fields Page/a_Default/dropdown_fieldtype' is visible

2019-11-25 10:06:21 - [TEST_STEP][PASSED] - selectOptionByLabel: All options with label 'Location' are selected in object 'Object Repository/ADMIN/Custom Item Fields Page/a_Default/dropdown_fieldtype' 

2019-11-25 10:06:21 - [MESSAGE][PASSED] - All options with label 'Location' are selected in object 'Object Repository/ADMIN/Custom Item Fields Page/a_Default/dropdown_fieldtype' 

2019-11-25 10:06:21 - [TEST_STEP][PASSED] - comment: Field Name

2019-11-25 10:06:21 - [TEST_STEP][PASSED] - setText: Text 'allCat_Location_NM' is set on object 'Object Repository/ADMIN/Custom Item Fields Page/a_Default/textfield_fieldname'

2019-11-25 10:06:22 - [MESSAGE][PASSED] - Text 'allCat_Location_NM' is set on object 'Object Repository/ADMIN/Custom Item Fields Page/a_Default/textfield_fieldname'

2019-11-25 10:06:22 - [TEST_STEP][PASSED] - comment: Mandatory/NonMandatory

2019-11-25 10:06:22 - [TEST_STEP][PASSED] - Statement - If (varMandatoryNonMandatory == "mandatory"): null

2019-11-25 10:06:22 - [TEST_STEP][PASSED] - Statement - Else If (varMandatoryNonMandatory == "non-mandatory"): Object: 'Object Repository/ADMIN/Custom Item Fields Page/a_Default/togglebutton_mandatory' is clicked on

2019-11-25 10:06:22 - [TEST_STEP][PASSED] - waitForElementVisible: Object 'Object Repository/ADMIN/Custom Item Fields Page/a_Default/togglebutton_mandatory' is visible

2019-11-25 10:06:22 - [MESSAGE][WARNING] - Timeout '0' is invalid. Using default page load timeout: '30'

2019-11-25 10:06:22 - [MESSAGE][PASSED] - Object 'Object Repository/ADMIN/Custom Item Fields Page/a_Default/togglebutton_mandatory' is visible

2019-11-25 10:06:22 - [TEST_STEP][PASSED] - click: Object: 'Object Repository/ADMIN/Custom Item Fields Page/a_Default/togglebutton_mandatory' is clicked on

2019-11-25 10:06:22 - [MESSAGE][PASSED] - Object: 'Object Repository/ADMIN/Custom Item Fields Page/a_Default/togglebutton_mandatory' is clicked on

2019-11-25 10:06:22 - [TEST_STEP][PASSED] - comment: Assign Category

2019-11-25 10:06:22 - [TEST_STEP][PASSED] - click: Object: 'Object Repository/ADMIN/Custom Item Fields Page/a_Default/button_SelectCategories' is clicked on

2019-11-25 10:06:22 - [MESSAGE][PASSED] - Object: 'Object Repository/ADMIN/Custom Item Fields Page/a_Default/button_SelectCategories' is clicked on

2019-11-25 10:06:22 - [TEST_STEP][PASSED] - waitForElementVisible: Object 'Object Repository/ADMIN/Custom Item Fields List Page/a_SelectCategories/searchbox_Category' is visible

2019-11-25 10:06:22 - [MESSAGE][WARNING] - Timeout '0' is invalid. Using default page load timeout: '30'

2019-11-25 10:06:22 - [MESSAGE][PASSED] - Object 'Object Repository/ADMIN/Custom Item Fields List Page/a_SelectCategories/searchbox_Category' is visible

2019-11-25 10:06:22 - [TEST_STEP][PASSED] - comment: Category Assignment

2019-11-25 10:06:22 - [TEST_STEP][PASSED] - Statement - If (varAssignedCategory == "All Cat"): Object: 'Object Repository/ADMIN/Custom Item Fields List Page/a_SelectCategories/linktext_SelectAll' is clicked on

2019-11-25 10:06:22 - [TEST_STEP][PASSED] - waitForElementVisible: Object 'Object Repository/ADMIN/Custom Item Fields List Page/a_SelectCategories/linktext_SelectAll' is visible

2019-11-25 10:06:22 - [MESSAGE][WARNING] - Timeout '0' is invalid. Using default page load timeout: '30'

2019-11-25 10:06:22 - [MESSAGE][PASSED] - Object 'Object Repository/ADMIN/Custom Item Fields List Page/a_SelectCategories/linktext_SelectAll' is visible

2019-11-25 10:06:22 - [TEST_STEP][PASSED] - click: Object: 'Object Repository/ADMIN/Custom Item Fields List Page/a_SelectCategories/linktext_SelectAll' is clicked on

2019-11-25 10:06:22 - [MESSAGE][PASSED] - Object: 'Object Repository/ADMIN/Custom Item Fields List Page/a_SelectCategories/linktext_SelectAll' is clicked on

2019-11-25 10:06:22 - [TEST_STEP][PASSED] - click: Object: 'Object Repository/ADMIN/Custom Item Fields List Page/a_SelectCategories/button_Save' is clicked on

2019-11-25 10:06:23 - [MESSAGE][PASSED] - Object: 'Object Repository/ADMIN/Custom Item Fields List Page/a_SelectCategories/button_Save' is clicked on

2019-11-25 10:06:23 - [TEST_STEP][PASSED] - delay: Delayed 2 second(s)

2019-11-25 10:06:25 - [MESSAGE][PASSED] - Delayed 2 second(s)

2019-11-25 10:06:25 - [TEST_STEP][PASSED] - click: Object: 'Object Repository/ADMIN/Custom Item Fields Page/a_Default/button_Save1' is clicked on

2019-11-25 10:06:25 - [MESSAGE][PASSED] - Object: 'Object Repository/ADMIN/Custom Item Fields Page/a_Default/button_Save1' is clicked on

2019-11-25 10:06:25 - [TEST_STEP][PASSED] - waitForElementVisible: Object 'Object Repository/ADMIN/Custom Item Fields List Page/button_Add Field' is visible

2019-11-25 10:06:25 - [MESSAGE][WARNING] - Timeout '0' is invalid. Using default page load timeout: '30'

2019-11-25 10:06:26 - [MESSAGE][PASSED] - Object 'Object Repository/ADMIN/Custom Item Fields List Page/button_Add Field' is visible]]></system-out>
         <system-err><![CDATA[]]></system-err>
      </testcase>
      <testcase name="Test Cases/ADMIN/Content Mgmt/Custom Fields Page/Add Custom Item Fields/Add_CF_DataDriven" classname="Test Cases/ADMIN/Content Mgmt/Custom Fields Page/Add Custom Item Fields/Add_CF_DataDriven" status="PASSED">
         <system-out><![CDATA[2019-11-25 10:06:26 - [TEST_CASE][PASSED] - Test Cases/ADMIN/Content Mgmt/Custom Fields Page/Add Custom Item Fields/Add_CF_DataDriven: Test Cases/ADMIN/Content Mgmt/Custom Fields Page/Add Custom Item Fields/Add_CF_DataDriven

2019-11-25 10:06:26 - [TEST_STEP][PASSED] - waitForElementVisible: Object 'Object Repository/ADMIN/Custom Item Fields List Page/button_Add Field' is visible

2019-11-25 10:06:26 - [MESSAGE][WARNING] - Timeout '0' is invalid. Using default page load timeout: '30'

2019-11-25 10:06:26 - [MESSAGE][PASSED] - Object 'Object Repository/ADMIN/Custom Item Fields List Page/button_Add Field' is visible

2019-11-25 10:06:26 - [TEST_STEP][PASSED] - click: Object: 'Object Repository/ADMIN/Custom Item Fields List Page/button_Add Field' is clicked on

2019-11-25 10:06:26 - [MESSAGE][PASSED] - Object: 'Object Repository/ADMIN/Custom Item Fields List Page/button_Add Field' is clicked on

2019-11-25 10:06:26 - [TEST_STEP][PASSED] - comment: Choose Field Type

2019-11-25 10:06:26 - [TEST_STEP][PASSED] - Statement - If (varCustomFieldType == "Checkbox"): null

2019-11-25 10:06:26 - [TEST_STEP][PASSED] - Statement - Else If (varCustomFieldType == "Date / Time picker"): null

2019-11-25 10:06:26 - [TEST_STEP][PASSED] - Statement - Else If (varCustomFieldType == "Drop Down"): null

2019-11-25 10:06:26 - [TEST_STEP][PASSED] - Statement - Else If (varCustomFieldType == "Email"): null

2019-11-25 10:06:26 - [TEST_STEP][PASSED] - Statement - Else If (varCustomFieldType == "Embed Video"): null

2019-11-25 10:06:26 - [TEST_STEP][PASSED] - Statement - Else If (varCustomFieldType == "Hyperlink / URL"): null

2019-11-25 10:06:26 - [TEST_STEP][PASSED] - Statement - Else If (varCustomFieldType == "Location"): null

2019-11-25 10:06:26 - [TEST_STEP][PASSED] - Statement - Else If (varCustomFieldType == "Number"): null

2019-11-25 10:06:26 - [TEST_STEP][PASSED] - Statement - Else If (varCustomFieldType == "PDF File"): All options with label 'PDF File' are selected in object 'Object Repository/ADMIN/Custom Item Fields Page/a_Default/dropdown_fieldtype' 

2019-11-25 10:06:26 - [TEST_STEP][PASSED] - waitForElementVisible: Object 'Object Repository/ADMIN/Custom Item Fields Page/a_Default/dropdown_fieldtype' is visible

2019-11-25 10:06:26 - [MESSAGE][WARNING] - Timeout '0' is invalid. Using default page load timeout: '30'

2019-11-25 10:06:26 - [MESSAGE][PASSED] - Object 'Object Repository/ADMIN/Custom Item Fields Page/a_Default/dropdown_fieldtype' is visible

2019-11-25 10:06:26 - [TEST_STEP][PASSED] - selectOptionByLabel: All options with label 'PDF File' are selected in object 'Object Repository/ADMIN/Custom Item Fields Page/a_Default/dropdown_fieldtype' 

2019-11-25 10:06:27 - [MESSAGE][PASSED] - All options with label 'PDF File' are selected in object 'Object Repository/ADMIN/Custom Item Fields Page/a_Default/dropdown_fieldtype' 

2019-11-25 10:06:27 - [TEST_STEP][PASSED] - comment: Field Name

2019-11-25 10:06:27 - [TEST_STEP][PASSED] - setText: Text 'allCat_PDF File_NM' is set on object 'Object Repository/ADMIN/Custom Item Fields Page/a_Default/textfield_fieldname'

2019-11-25 10:06:27 - [MESSAGE][PASSED] - Text 'allCat_PDF File_NM' is set on object 'Object Repository/ADMIN/Custom Item Fields Page/a_Default/textfield_fieldname'

2019-11-25 10:06:27 - [TEST_STEP][PASSED] - comment: Mandatory/NonMandatory

2019-11-25 10:06:27 - [TEST_STEP][PASSED] - Statement - If (varMandatoryNonMandatory == "mandatory"): null

2019-11-25 10:06:27 - [TEST_STEP][PASSED] - Statement - Else If (varMandatoryNonMandatory == "non-mandatory"): Object: 'Object Repository/ADMIN/Custom Item Fields Page/a_Default/togglebutton_mandatory' is clicked on

2019-11-25 10:06:27 - [TEST_STEP][PASSED] - waitForElementVisible: Object 'Object Repository/ADMIN/Custom Item Fields Page/a_Default/togglebutton_mandatory' is visible

2019-11-25 10:06:27 - [MESSAGE][WARNING] - Timeout '0' is invalid. Using default page load timeout: '30'

2019-11-25 10:06:27 - [MESSAGE][PASSED] - Object 'Object Repository/ADMIN/Custom Item Fields Page/a_Default/togglebutton_mandatory' is visible

2019-11-25 10:06:27 - [TEST_STEP][PASSED] - click: Object: 'Object Repository/ADMIN/Custom Item Fields Page/a_Default/togglebutton_mandatory' is clicked on

2019-11-25 10:06:27 - [MESSAGE][PASSED] - Object: 'Object Repository/ADMIN/Custom Item Fields Page/a_Default/togglebutton_mandatory' is clicked on

2019-11-25 10:06:27 - [TEST_STEP][PASSED] - comment: Assign Category

2019-11-25 10:06:27 - [TEST_STEP][PASSED] - click: Object: 'Object Repository/ADMIN/Custom Item Fields Page/a_Default/button_SelectCategories' is clicked on

2019-11-25 10:06:27 - [MESSAGE][PASSED] - Object: 'Object Repository/ADMIN/Custom Item Fields Page/a_Default/button_SelectCategories' is clicked on

2019-11-25 10:06:27 - [TEST_STEP][PASSED] - waitForElementVisible: Object 'Object Repository/ADMIN/Custom Item Fields List Page/a_SelectCategories/searchbox_Category' is visible

2019-11-25 10:06:27 - [MESSAGE][WARNING] - Timeout '0' is invalid. Using default page load timeout: '30'

2019-11-25 10:06:28 - [MESSAGE][PASSED] - Object 'Object Repository/ADMIN/Custom Item Fields List Page/a_SelectCategories/searchbox_Category' is visible

2019-11-25 10:06:28 - [TEST_STEP][PASSED] - comment: Category Assignment

2019-11-25 10:06:28 - [TEST_STEP][PASSED] - Statement - If (varAssignedCategory == "All Cat"): Object: 'Object Repository/ADMIN/Custom Item Fields List Page/a_SelectCategories/linktext_SelectAll' is clicked on

2019-11-25 10:06:28 - [TEST_STEP][PASSED] - waitForElementVisible: Object 'Object Repository/ADMIN/Custom Item Fields List Page/a_SelectCategories/linktext_SelectAll' is visible

2019-11-25 10:06:28 - [MESSAGE][WARNING] - Timeout '0' is invalid. Using default page load timeout: '30'

2019-11-25 10:06:28 - [MESSAGE][PASSED] - Object 'Object Repository/ADMIN/Custom Item Fields List Page/a_SelectCategories/linktext_SelectAll' is visible

2019-11-25 10:06:28 - [TEST_STEP][PASSED] - click: Object: 'Object Repository/ADMIN/Custom Item Fields List Page/a_SelectCategories/linktext_SelectAll' is clicked on

2019-11-25 10:06:28 - [MESSAGE][PASSED] - Object: 'Object Repository/ADMIN/Custom Item Fields List Page/a_SelectCategories/linktext_SelectAll' is clicked on

2019-11-25 10:06:28 - [TEST_STEP][PASSED] - click: Object: 'Object Repository/ADMIN/Custom Item Fields List Page/a_SelectCategories/button_Save' is clicked on

2019-11-25 10:06:28 - [MESSAGE][PASSED] - Object: 'Object Repository/ADMIN/Custom Item Fields List Page/a_SelectCategories/button_Save' is clicked on

2019-11-25 10:06:28 - [TEST_STEP][PASSED] - delay: Delayed 2 second(s)

2019-11-25 10:06:30 - [MESSAGE][PASSED] - Delayed 2 second(s)

2019-11-25 10:06:30 - [TEST_STEP][PASSED] - click: Object: 'Object Repository/ADMIN/Custom Item Fields Page/a_Default/button_Save1' is clicked on

2019-11-25 10:06:30 - [MESSAGE][PASSED] - Object: 'Object Repository/ADMIN/Custom Item Fields Page/a_Default/button_Save1' is clicked on

2019-11-25 10:06:30 - [TEST_STEP][PASSED] - waitForElementVisible: Object 'Object Repository/ADMIN/Custom Item Fields List Page/button_Add Field' is visible

2019-11-25 10:06:30 - [MESSAGE][WARNING] - Timeout '0' is invalid. Using default page load timeout: '30'

2019-11-25 10:06:31 - [MESSAGE][PASSED] - Object 'Object Repository/ADMIN/Custom Item Fields List Page/button_Add Field' is visible]]></system-out>
         <system-err><![CDATA[]]></system-err>
      </testcase>
      <testcase name="Test Cases/ADMIN/Content Mgmt/Custom Fields Page/Add Custom Item Fields/Add_CF_DataDriven" classname="Test Cases/ADMIN/Content Mgmt/Custom Fields Page/Add Custom Item Fields/Add_CF_DataDriven" status="PASSED">
         <system-out><![CDATA[2019-11-25 10:06:31 - [TEST_CASE][PASSED] - Test Cases/ADMIN/Content Mgmt/Custom Fields Page/Add Custom Item Fields/Add_CF_DataDriven: Test Cases/ADMIN/Content Mgmt/Custom Fields Page/Add Custom Item Fields/Add_CF_DataDriven

2019-11-25 10:06:31 - [TEST_STEP][PASSED] - waitForElementVisible: Object 'Object Repository/ADMIN/Custom Item Fields List Page/button_Add Field' is visible

2019-11-25 10:06:31 - [MESSAGE][WARNING] - Timeout '0' is invalid. Using default page load timeout: '30'

2019-11-25 10:06:31 - [MESSAGE][PASSED] - Object 'Object Repository/ADMIN/Custom Item Fields List Page/button_Add Field' is visible

2019-11-25 10:06:31 - [TEST_STEP][PASSED] - click: Object: 'Object Repository/ADMIN/Custom Item Fields List Page/button_Add Field' is clicked on

2019-11-25 10:06:32 - [MESSAGE][PASSED] - Object: 'Object Repository/ADMIN/Custom Item Fields List Page/button_Add Field' is clicked on

2019-11-25 10:06:32 - [TEST_STEP][PASSED] - comment: Choose Field Type

2019-11-25 10:06:32 - [TEST_STEP][PASSED] - Statement - If (varCustomFieldType == "Checkbox"): null

2019-11-25 10:06:32 - [TEST_STEP][PASSED] - Statement - Else If (varCustomFieldType == "Date / Time picker"): null

2019-11-25 10:06:32 - [TEST_STEP][PASSED] - Statement - Else If (varCustomFieldType == "Drop Down"): null

2019-11-25 10:06:32 - [TEST_STEP][PASSED] - Statement - Else If (varCustomFieldType == "Email"): null

2019-11-25 10:06:32 - [TEST_STEP][PASSED] - Statement - Else If (varCustomFieldType == "Embed Video"): All options with label 'Embed Video' are selected in object 'Object Repository/ADMIN/Custom Item Fields Page/a_Default/dropdown_fieldtype' 

2019-11-25 10:06:32 - [TEST_STEP][PASSED] - waitForElementVisible: Object 'Object Repository/ADMIN/Custom Item Fields Page/a_Default/dropdown_fieldtype' is visible

2019-11-25 10:06:32 - [MESSAGE][WARNING] - Timeout '0' is invalid. Using default page load timeout: '30'

2019-11-25 10:06:32 - [MESSAGE][PASSED] - Object 'Object Repository/ADMIN/Custom Item Fields Page/a_Default/dropdown_fieldtype' is visible

2019-11-25 10:06:32 - [TEST_STEP][PASSED] - selectOptionByLabel: All options with label 'Embed Video' are selected in object 'Object Repository/ADMIN/Custom Item Fields Page/a_Default/dropdown_fieldtype' 

2019-11-25 10:06:32 - [MESSAGE][PASSED] - All options with label 'Embed Video' are selected in object 'Object Repository/ADMIN/Custom Item Fields Page/a_Default/dropdown_fieldtype' 

2019-11-25 10:06:32 - [TEST_STEP][PASSED] - comment: Field Name

2019-11-25 10:06:32 - [TEST_STEP][PASSED] - setText: Text 'allCat_Video_NM' is set on object 'Object Repository/ADMIN/Custom Item Fields Page/a_Default/textfield_fieldname'

2019-11-25 10:06:32 - [MESSAGE][PASSED] - Text 'allCat_Video_NM' is set on object 'Object Repository/ADMIN/Custom Item Fields Page/a_Default/textfield_fieldname'

2019-11-25 10:06:32 - [TEST_STEP][PASSED] - comment: Mandatory/NonMandatory

2019-11-25 10:06:32 - [TEST_STEP][PASSED] - Statement - If (varMandatoryNonMandatory == "mandatory"): null

2019-11-25 10:06:32 - [TEST_STEP][PASSED] - Statement - Else If (varMandatoryNonMandatory == "non-mandatory"): Object: 'Object Repository/ADMIN/Custom Item Fields Page/a_Default/togglebutton_mandatory' is clicked on

2019-11-25 10:06:32 - [TEST_STEP][PASSED] - waitForElementVisible: Object 'Object Repository/ADMIN/Custom Item Fields Page/a_Default/togglebutton_mandatory' is visible

2019-11-25 10:06:32 - [MESSAGE][WARNING] - Timeout '0' is invalid. Using default page load timeout: '30'

2019-11-25 10:06:32 - [MESSAGE][PASSED] - Object 'Object Repository/ADMIN/Custom Item Fields Page/a_Default/togglebutton_mandatory' is visible

2019-11-25 10:06:32 - [TEST_STEP][PASSED] - click: Object: 'Object Repository/ADMIN/Custom Item Fields Page/a_Default/togglebutton_mandatory' is clicked on

2019-11-25 10:06:32 - [MESSAGE][PASSED] - Object: 'Object Repository/ADMIN/Custom Item Fields Page/a_Default/togglebutton_mandatory' is clicked on

2019-11-25 10:06:32 - [TEST_STEP][PASSED] - comment: Assign Category

2019-11-25 10:06:32 - [TEST_STEP][PASSED] - click: Object: 'Object Repository/ADMIN/Custom Item Fields Page/a_Default/button_SelectCategories' is clicked on

2019-11-25 10:06:32 - [MESSAGE][PASSED] - Object: 'Object Repository/ADMIN/Custom Item Fields Page/a_Default/button_SelectCategories' is clicked on

2019-11-25 10:06:32 - [TEST_STEP][PASSED] - waitForElementVisible: Object 'Object Repository/ADMIN/Custom Item Fields List Page/a_SelectCategories/searchbox_Category' is visible

2019-11-25 10:06:32 - [MESSAGE][WARNING] - Timeout '0' is invalid. Using default page load timeout: '30'

2019-11-25 10:06:33 - [MESSAGE][PASSED] - Object 'Object Repository/ADMIN/Custom Item Fields List Page/a_SelectCategories/searchbox_Category' is visible

2019-11-25 10:06:33 - [TEST_STEP][PASSED] - comment: Category Assignment

2019-11-25 10:06:33 - [TEST_STEP][PASSED] - Statement - If (varAssignedCategory == "All Cat"): Object: 'Object Repository/ADMIN/Custom Item Fields List Page/a_SelectCategories/linktext_SelectAll' is clicked on

2019-11-25 10:06:33 - [TEST_STEP][PASSED] - waitForElementVisible: Object 'Object Repository/ADMIN/Custom Item Fields List Page/a_SelectCategories/linktext_SelectAll' is visible

2019-11-25 10:06:33 - [MESSAGE][WARNING] - Timeout '0' is invalid. Using default page load timeout: '30'

2019-11-25 10:06:33 - [MESSAGE][PASSED] - Object 'Object Repository/ADMIN/Custom Item Fields List Page/a_SelectCategories/linktext_SelectAll' is visible

2019-11-25 10:06:33 - [TEST_STEP][PASSED] - click: Object: 'Object Repository/ADMIN/Custom Item Fields List Page/a_SelectCategories/linktext_SelectAll' is clicked on

2019-11-25 10:06:33 - [MESSAGE][PASSED] - Object: 'Object Repository/ADMIN/Custom Item Fields List Page/a_SelectCategories/linktext_SelectAll' is clicked on

2019-11-25 10:06:33 - [TEST_STEP][PASSED] - click: Object: 'Object Repository/ADMIN/Custom Item Fields List Page/a_SelectCategories/button_Save' is clicked on

2019-11-25 10:06:33 - [MESSAGE][PASSED] - Object: 'Object Repository/ADMIN/Custom Item Fields List Page/a_SelectCategories/button_Save' is clicked on

2019-11-25 10:06:33 - [TEST_STEP][PASSED] - delay: Delayed 2 second(s)

2019-11-25 10:06:35 - [MESSAGE][PASSED] - Delayed 2 second(s)

2019-11-25 10:06:35 - [TEST_STEP][PASSED] - click: Object: 'Object Repository/ADMIN/Custom Item Fields Page/a_Default/button_Save1' is clicked on

2019-11-25 10:06:35 - [MESSAGE][PASSED] - Object: 'Object Repository/ADMIN/Custom Item Fields Page/a_Default/button_Save1' is clicked on

2019-11-25 10:06:35 - [TEST_STEP][PASSED] - waitForElementVisible: Object 'Object Repository/ADMIN/Custom Item Fields List Page/button_Add Field' is visible

2019-11-25 10:06:35 - [MESSAGE][WARNING] - Timeout '0' is invalid. Using default page load timeout: '30'

2019-11-25 10:06:36 - [MESSAGE][PASSED] - Object 'Object Repository/ADMIN/Custom Item Fields List Page/button_Add Field' is visible]]></system-out>
         <system-err><![CDATA[]]></system-err>
      </testcase>
      <testcase name="Test Cases/ADMIN/Content Mgmt/Custom Fields Page/Add Custom Item Fields/Add_CF_DataDriven" classname="Test Cases/ADMIN/Content Mgmt/Custom Fields Page/Add Custom Item Fields/Add_CF_DataDriven" status="PASSED">
         <system-out><![CDATA[2019-11-25 10:06:36 - [TEST_CASE][PASSED] - Test Cases/ADMIN/Content Mgmt/Custom Fields Page/Add Custom Item Fields/Add_CF_DataDriven: Test Cases/ADMIN/Content Mgmt/Custom Fields Page/Add Custom Item Fields/Add_CF_DataDriven

2019-11-25 10:06:36 - [TEST_STEP][PASSED] - waitForElementVisible: Object 'Object Repository/ADMIN/Custom Item Fields List Page/button_Add Field' is visible

2019-11-25 10:06:36 - [MESSAGE][WARNING] - Timeout '0' is invalid. Using default page load timeout: '30'

2019-11-25 10:06:36 - [MESSAGE][PASSED] - Object 'Object Repository/ADMIN/Custom Item Fields List Page/button_Add Field' is visible

2019-11-25 10:06:36 - [TEST_STEP][PASSED] - click: Object: 'Object Repository/ADMIN/Custom Item Fields List Page/button_Add Field' is clicked on

2019-11-25 10:06:37 - [MESSAGE][PASSED] - Object: 'Object Repository/ADMIN/Custom Item Fields List Page/button_Add Field' is clicked on

2019-11-25 10:06:37 - [TEST_STEP][PASSED] - comment: Choose Field Type

2019-11-25 10:06:37 - [TEST_STEP][PASSED] - Statement - If (varCustomFieldType == "Checkbox"): null

2019-11-25 10:06:37 - [TEST_STEP][PASSED] - Statement - Else If (varCustomFieldType == "Date / Time picker"): All options with label 'Date / Time picker' are selected in object 'Object Repository/ADMIN/Custom Item Fields Page/a_Default/dropdown_fieldtype' 

2019-11-25 10:06:37 - [TEST_STEP][PASSED] - waitForElementVisible: Object 'Object Repository/ADMIN/Custom Item Fields Page/a_Default/dropdown_fieldtype' is visible

2019-11-25 10:06:37 - [MESSAGE][WARNING] - Timeout '0' is invalid. Using default page load timeout: '30'

2019-11-25 10:06:37 - [MESSAGE][PASSED] - Object 'Object Repository/ADMIN/Custom Item Fields Page/a_Default/dropdown_fieldtype' is visible

2019-11-25 10:06:37 - [TEST_STEP][PASSED] - selectOptionByLabel: All options with label 'Date / Time picker' are selected in object 'Object Repository/ADMIN/Custom Item Fields Page/a_Default/dropdown_fieldtype' 

2019-11-25 10:06:38 - [MESSAGE][PASSED] - All options with label 'Date / Time picker' are selected in object 'Object Repository/ADMIN/Custom Item Fields Page/a_Default/dropdown_fieldtype' 

2019-11-25 10:06:38 - [TEST_STEP][PASSED] - comment: Field Name

2019-11-25 10:06:38 - [TEST_STEP][PASSED] - setText: Text 'allCat_Date / Time_On_NM' is set on object 'Object Repository/ADMIN/Custom Item Fields Page/a_Default/textfield_fieldname'

2019-11-25 10:06:38 - [MESSAGE][PASSED] - Text 'allCat_Date / Time_On_NM' is set on object 'Object Repository/ADMIN/Custom Item Fields Page/a_Default/textfield_fieldname'

2019-11-25 10:06:38 - [TEST_STEP][PASSED] - comment: Mandatory/NonMandatory

2019-11-25 10:06:38 - [TEST_STEP][PASSED] - Statement - If (varMandatoryNonMandatory == "mandatory"): null

2019-11-25 10:06:38 - [TEST_STEP][PASSED] - Statement - Else If (varMandatoryNonMandatory == "non-mandatory"): Object: 'Object Repository/ADMIN/Custom Item Fields Page/a_Default/togglebutton_mandatory' is clicked on

2019-11-25 10:06:38 - [TEST_STEP][PASSED] - waitForElementVisible: Object 'Object Repository/ADMIN/Custom Item Fields Page/a_Default/togglebutton_mandatory' is visible

2019-11-25 10:06:38 - [MESSAGE][WARNING] - Timeout '0' is invalid. Using default page load timeout: '30'

2019-11-25 10:06:38 - [MESSAGE][PASSED] - Object 'Object Repository/ADMIN/Custom Item Fields Page/a_Default/togglebutton_mandatory' is visible

2019-11-25 10:06:38 - [TEST_STEP][PASSED] - click: Object: 'Object Repository/ADMIN/Custom Item Fields Page/a_Default/togglebutton_mandatory' is clicked on

2019-11-25 10:06:38 - [MESSAGE][PASSED] - Object: 'Object Repository/ADMIN/Custom Item Fields Page/a_Default/togglebutton_mandatory' is clicked on

2019-11-25 10:06:38 - [TEST_STEP][PASSED] - comment: Assign Category

2019-11-25 10:06:38 - [TEST_STEP][PASSED] - click: Object: 'Object Repository/ADMIN/Custom Item Fields Page/a_Default/button_SelectCategories' is clicked on

2019-11-25 10:06:38 - [MESSAGE][PASSED] - Object: 'Object Repository/ADMIN/Custom Item Fields Page/a_Default/button_SelectCategories' is clicked on

2019-11-25 10:06:38 - [TEST_STEP][PASSED] - waitForElementVisible: Object 'Object Repository/ADMIN/Custom Item Fields List Page/a_SelectCategories/searchbox_Category' is visible

2019-11-25 10:06:38 - [MESSAGE][WARNING] - Timeout '0' is invalid. Using default page load timeout: '30'

2019-11-25 10:06:39 - [MESSAGE][PASSED] - Object 'Object Repository/ADMIN/Custom Item Fields List Page/a_SelectCategories/searchbox_Category' is visible

2019-11-25 10:06:39 - [TEST_STEP][PASSED] - comment: Category Assignment

2019-11-25 10:06:39 - [TEST_STEP][PASSED] - Statement - If (varAssignedCategory == "All Cat"): Object: 'Object Repository/ADMIN/Custom Item Fields List Page/a_SelectCategories/linktext_SelectAll' is clicked on

2019-11-25 10:06:39 - [TEST_STEP][PASSED] - waitForElementVisible: Object 'Object Repository/ADMIN/Custom Item Fields List Page/a_SelectCategories/linktext_SelectAll' is visible

2019-11-25 10:06:39 - [MESSAGE][WARNING] - Timeout '0' is invalid. Using default page load timeout: '30'

2019-11-25 10:06:39 - [MESSAGE][PASSED] - Object 'Object Repository/ADMIN/Custom Item Fields List Page/a_SelectCategories/linktext_SelectAll' is visible

2019-11-25 10:06:39 - [TEST_STEP][PASSED] - click: Object: 'Object Repository/ADMIN/Custom Item Fields List Page/a_SelectCategories/linktext_SelectAll' is clicked on

2019-11-25 10:06:39 - [MESSAGE][PASSED] - Object: 'Object Repository/ADMIN/Custom Item Fields List Page/a_SelectCategories/linktext_SelectAll' is clicked on

2019-11-25 10:06:39 - [TEST_STEP][PASSED] - click: Object: 'Object Repository/ADMIN/Custom Item Fields List Page/a_SelectCategories/button_Save' is clicked on

2019-11-25 10:06:39 - [MESSAGE][PASSED] - Object: 'Object Repository/ADMIN/Custom Item Fields List Page/a_SelectCategories/button_Save' is clicked on

2019-11-25 10:06:39 - [TEST_STEP][PASSED] - delay: Delayed 2 second(s)

2019-11-25 10:06:41 - [MESSAGE][PASSED] - Delayed 2 second(s)

2019-11-25 10:06:41 - [TEST_STEP][PASSED] - click: Object: 'Object Repository/ADMIN/Custom Item Fields Page/a_Default/button_Save1' is clicked on

2019-11-25 10:06:41 - [MESSAGE][PASSED] - Object: 'Object Repository/ADMIN/Custom Item Fields Page/a_Default/button_Save1' is clicked on

2019-11-25 10:06:41 - [TEST_STEP][PASSED] - waitForElementVisible: Object 'Object Repository/ADMIN/Custom Item Fields List Page/button_Add Field' is visible

2019-11-25 10:06:41 - [MESSAGE][WARNING] - Timeout '0' is invalid. Using default page load timeout: '30'

2019-11-25 10:06:42 - [MESSAGE][PASSED] - Object 'Object Repository/ADMIN/Custom Item Fields List Page/button_Add Field' is visible]]></system-out>
         <system-err><![CDATA[]]></system-err>
      </testcase>
      <testcase name="Test Cases/ADMIN/Content Mgmt/Custom Fields Page/Add Custom Item Fields/Add_CF_DataDriven" classname="Test Cases/ADMIN/Content Mgmt/Custom Fields Page/Add Custom Item Fields/Add_CF_DataDriven" status="PASSED">
         <system-out><![CDATA[2019-11-25 10:06:42 - [TEST_CASE][PASSED] - Test Cases/ADMIN/Content Mgmt/Custom Fields Page/Add Custom Item Fields/Add_CF_DataDriven: Test Cases/ADMIN/Content Mgmt/Custom Fields Page/Add Custom Item Fields/Add_CF_DataDriven

2019-11-25 10:06:42 - [TEST_STEP][PASSED] - waitForElementVisible: Object 'Object Repository/ADMIN/Custom Item Fields List Page/button_Add Field' is visible

2019-11-25 10:06:42 - [MESSAGE][WARNING] - Timeout '0' is invalid. Using default page load timeout: '30'

2019-11-25 10:06:42 - [MESSAGE][PASSED] - Object 'Object Repository/ADMIN/Custom Item Fields List Page/button_Add Field' is visible

2019-11-25 10:06:42 - [TEST_STEP][PASSED] - click: Object: 'Object Repository/ADMIN/Custom Item Fields List Page/button_Add Field' is clicked on

2019-11-25 10:06:44 - [MESSAGE][PASSED] - Object: 'Object Repository/ADMIN/Custom Item Fields List Page/button_Add Field' is clicked on

2019-11-25 10:06:44 - [TEST_STEP][PASSED] - comment: Choose Field Type

2019-11-25 10:06:44 - [TEST_STEP][PASSED] - Statement - If (varCustomFieldType == "Checkbox"): null

2019-11-25 10:06:44 - [TEST_STEP][PASSED] - Statement - Else If (varCustomFieldType == "Date / Time picker"): All options with label 'Date / Time picker' are selected in object 'Object Repository/ADMIN/Custom Item Fields Page/a_Default/dropdown_fieldtype' 

2019-11-25 10:06:44 - [TEST_STEP][PASSED] - waitForElementVisible: Object 'Object Repository/ADMIN/Custom Item Fields Page/a_Default/dropdown_fieldtype' is visible

2019-11-25 10:06:44 - [MESSAGE][WARNING] - Timeout '0' is invalid. Using default page load timeout: '30'

2019-11-25 10:06:44 - [MESSAGE][PASSED] - Object 'Object Repository/ADMIN/Custom Item Fields Page/a_Default/dropdown_fieldtype' is visible

2019-11-25 10:06:44 - [TEST_STEP][PASSED] - selectOptionByLabel: All options with label 'Date / Time picker' are selected in object 'Object Repository/ADMIN/Custom Item Fields Page/a_Default/dropdown_fieldtype' 

2019-11-25 10:06:44 - [MESSAGE][PASSED] - All options with label 'Date / Time picker' are selected in object 'Object Repository/ADMIN/Custom Item Fields Page/a_Default/dropdown_fieldtype' 

2019-11-25 10:06:44 - [TEST_STEP][PASSED] - comment: Field Name

2019-11-25 10:06:44 - [TEST_STEP][PASSED] - setText: Text 'allCat_Date / Time_Off_NM' is set on object 'Object Repository/ADMIN/Custom Item Fields Page/a_Default/textfield_fieldname'

2019-11-25 10:06:45 - [MESSAGE][PASSED] - Text 'allCat_Date / Time_Off_NM' is set on object 'Object Repository/ADMIN/Custom Item Fields Page/a_Default/textfield_fieldname'

2019-11-25 10:06:45 - [TEST_STEP][PASSED] - comment: Mandatory/NonMandatory

2019-11-25 10:06:45 - [TEST_STEP][PASSED] - Statement - If (varMandatoryNonMandatory == "mandatory"): null

2019-11-25 10:06:45 - [TEST_STEP][PASSED] - Statement - Else If (varMandatoryNonMandatory == "non-mandatory"): Object: 'Object Repository/ADMIN/Custom Item Fields Page/a_Default/togglebutton_mandatory' is clicked on

2019-11-25 10:06:45 - [TEST_STEP][PASSED] - waitForElementVisible: Object 'Object Repository/ADMIN/Custom Item Fields Page/a_Default/togglebutton_mandatory' is visible

2019-11-25 10:06:45 - [MESSAGE][WARNING] - Timeout '0' is invalid. Using default page load timeout: '30'

2019-11-25 10:06:45 - [MESSAGE][PASSED] - Object 'Object Repository/ADMIN/Custom Item Fields Page/a_Default/togglebutton_mandatory' is visible

2019-11-25 10:06:45 - [TEST_STEP][PASSED] - click: Object: 'Object Repository/ADMIN/Custom Item Fields Page/a_Default/togglebutton_mandatory' is clicked on

2019-11-25 10:06:50 - [MESSAGE][PASSED] - Object: 'Object Repository/ADMIN/Custom Item Fields Page/a_Default/togglebutton_mandatory' is clicked on

2019-11-25 10:06:50 - [TEST_STEP][PASSED] - comment: Assign Category

2019-11-25 10:06:50 - [TEST_STEP][PASSED] - click: Object: 'Object Repository/ADMIN/Custom Item Fields Page/a_Default/button_SelectCategories' is clicked on

2019-11-25 10:06:50 - [MESSAGE][PASSED] - Object: 'Object Repository/ADMIN/Custom Item Fields Page/a_Default/button_SelectCategories' is clicked on

2019-11-25 10:06:50 - [TEST_STEP][PASSED] - waitForElementVisible: Object 'Object Repository/ADMIN/Custom Item Fields List Page/a_SelectCategories/searchbox_Category' is visible

2019-11-25 10:06:50 - [MESSAGE][WARNING] - Timeout '0' is invalid. Using default page load timeout: '30'

2019-11-25 10:06:50 - [MESSAGE][PASSED] - Object 'Object Repository/ADMIN/Custom Item Fields List Page/a_SelectCategories/searchbox_Category' is visible

2019-11-25 10:06:50 - [TEST_STEP][PASSED] - comment: Category Assignment

2019-11-25 10:06:50 - [TEST_STEP][PASSED] - Statement - If (varAssignedCategory == "All Cat"): Object: 'Object Repository/ADMIN/Custom Item Fields List Page/a_SelectCategories/linktext_SelectAll' is clicked on

2019-11-25 10:06:50 - [TEST_STEP][PASSED] - waitForElementVisible: Object 'Object Repository/ADMIN/Custom Item Fields List Page/a_SelectCategories/linktext_SelectAll' is visible

2019-11-25 10:06:50 - [MESSAGE][WARNING] - Timeout '0' is invalid. Using default page load timeout: '30'

2019-11-25 10:06:50 - [MESSAGE][PASSED] - Object 'Object Repository/ADMIN/Custom Item Fields List Page/a_SelectCategories/linktext_SelectAll' is visible

2019-11-25 10:06:50 - [TEST_STEP][PASSED] - click: Object: 'Object Repository/ADMIN/Custom Item Fields List Page/a_SelectCategories/linktext_SelectAll' is clicked on

2019-11-25 10:06:50 - [MESSAGE][PASSED] - Object: 'Object Repository/ADMIN/Custom Item Fields List Page/a_SelectCategories/linktext_SelectAll' is clicked on

2019-11-25 10:06:50 - [TEST_STEP][PASSED] - click: Object: 'Object Repository/ADMIN/Custom Item Fields List Page/a_SelectCategories/button_Save' is clicked on

2019-11-25 10:06:50 - [MESSAGE][PASSED] - Object: 'Object Repository/ADMIN/Custom Item Fields List Page/a_SelectCategories/button_Save' is clicked on

2019-11-25 10:06:50 - [TEST_STEP][PASSED] - delay: Delayed 2 second(s)

2019-11-25 10:06:52 - [MESSAGE][PASSED] - Delayed 2 second(s)

2019-11-25 10:06:52 - [TEST_STEP][PASSED] - click: Object: 'Object Repository/ADMIN/Custom Item Fields Page/a_Default/button_Save1' is clicked on

2019-11-25 10:06:53 - [MESSAGE][PASSED] - Object: 'Object Repository/ADMIN/Custom Item Fields Page/a_Default/button_Save1' is clicked on

2019-11-25 10:06:53 - [TEST_STEP][PASSED] - waitForElementVisible: Object 'Object Repository/ADMIN/Custom Item Fields List Page/button_Add Field' is visible

2019-11-25 10:06:53 - [MESSAGE][WARNING] - Timeout '0' is invalid. Using default page load timeout: '30'

2019-11-25 10:06:54 - [MESSAGE][PASSED] - Object 'Object Repository/ADMIN/Custom Item Fields List Page/button_Add Field' is visible]]></system-out>
         <system-err><![CDATA[]]></system-err>
      </testcase>
      <testcase name="Test Cases/ADMIN/Content Mgmt/Custom Fields Page/Add Custom Item Fields/Add_CF_DataDriven" classname="Test Cases/ADMIN/Content Mgmt/Custom Fields Page/Add Custom Item Fields/Add_CF_DataDriven" status="PASSED">
         <system-out><![CDATA[2019-11-25 10:06:54 - [TEST_CASE][PASSED] - Test Cases/ADMIN/Content Mgmt/Custom Fields Page/Add Custom Item Fields/Add_CF_DataDriven: Test Cases/ADMIN/Content Mgmt/Custom Fields Page/Add Custom Item Fields/Add_CF_DataDriven

2019-11-25 10:06:54 - [TEST_STEP][PASSED] - waitForElementVisible: Object 'Object Repository/ADMIN/Custom Item Fields List Page/button_Add Field' is visible

2019-11-25 10:06:54 - [MESSAGE][WARNING] - Timeout '0' is invalid. Using default page load timeout: '30'

2019-11-25 10:06:54 - [MESSAGE][PASSED] - Object 'Object Repository/ADMIN/Custom Item Fields List Page/button_Add Field' is visible

2019-11-25 10:06:54 - [TEST_STEP][PASSED] - click: Object: 'Object Repository/ADMIN/Custom Item Fields List Page/button_Add Field' is clicked on

2019-11-25 10:06:55 - [MESSAGE][PASSED] - Object: 'Object Repository/ADMIN/Custom Item Fields List Page/button_Add Field' is clicked on

2019-11-25 10:06:55 - [TEST_STEP][PASSED] - comment: Choose Field Type

2019-11-25 10:06:55 - [TEST_STEP][PASSED] - Statement - If (varCustomFieldType == "Checkbox"): null

2019-11-25 10:06:55 - [TEST_STEP][PASSED] - Statement - Else If (varCustomFieldType == "Date / Time picker"): null

2019-11-25 10:06:55 - [TEST_STEP][PASSED] - Statement - Else If (varCustomFieldType == "Drop Down"): null

2019-11-25 10:06:55 - [TEST_STEP][PASSED] - Statement - Else If (varCustomFieldType == "Email"): null

2019-11-25 10:06:55 - [TEST_STEP][PASSED] - Statement - Else If (varCustomFieldType == "Embed Video"): null

2019-11-25 10:06:55 - [TEST_STEP][PASSED] - Statement - Else If (varCustomFieldType == "Hyperlink / URL"): null

2019-11-25 10:06:55 - [TEST_STEP][PASSED] - Statement - Else If (varCustomFieldType == "Location"): null

2019-11-25 10:06:55 - [TEST_STEP][PASSED] - Statement - Else If (varCustomFieldType == "Number"): null

2019-11-25 10:06:55 - [TEST_STEP][PASSED] - Statement - Else If (varCustomFieldType == "PDF File"): null

2019-11-25 10:06:55 - [TEST_STEP][PASSED] - Statement - Else If (varCustomFieldType == "Percentage"): null

2019-11-25 10:06:55 - [TEST_STEP][PASSED] - Statement - Else If (varCustomFieldType == "Text Editor"): null

2019-11-25 10:06:55 - [TEST_STEP][PASSED] - Statement - Else If (varCustomFieldType == "Text Field"): All options with label 'Text Field' are selected in object 'Object Repository/ADMIN/Custom Item Fields Page/a_Default/dropdown_fieldtype' 

2019-11-25 10:06:55 - [TEST_STEP][PASSED] - waitForElementVisible: Object 'Object Repository/ADMIN/Custom Item Fields Page/a_Default/dropdown_fieldtype' is visible

2019-11-25 10:06:55 - [MESSAGE][WARNING] - Timeout '0' is invalid. Using default page load timeout: '30'

2019-11-25 10:06:56 - [MESSAGE][PASSED] - Object 'Object Repository/ADMIN/Custom Item Fields Page/a_Default/dropdown_fieldtype' is visible

2019-11-25 10:06:56 - [TEST_STEP][PASSED] - selectOptionByLabel: All options with label 'Text Field' are selected in object 'Object Repository/ADMIN/Custom Item Fields Page/a_Default/dropdown_fieldtype' 

2019-11-25 10:06:56 - [MESSAGE][PASSED] - All options with label 'Text Field' are selected in object 'Object Repository/ADMIN/Custom Item Fields Page/a_Default/dropdown_fieldtype' 

2019-11-25 10:06:56 - [TEST_STEP][PASSED] - comment: Field Name

2019-11-25 10:06:56 - [TEST_STEP][PASSED] - setText: Text 'SP_Text field_M1' is set on object 'Object Repository/ADMIN/Custom Item Fields Page/a_Default/textfield_fieldname'

2019-11-25 10:06:56 - [MESSAGE][PASSED] - Text 'SP_Text field_M1' is set on object 'Object Repository/ADMIN/Custom Item Fields Page/a_Default/textfield_fieldname'

2019-11-25 10:06:56 - [TEST_STEP][PASSED] - comment: Mandatory/NonMandatory

2019-11-25 10:06:56 - [TEST_STEP][PASSED] - Statement - If (varMandatoryNonMandatory == "mandatory"): Object 'Object Repository/ADMIN/Custom Item Fields Page/a_Default/togglebutton_mandatory' is visible

2019-11-25 10:06:56 - [TEST_STEP][PASSED] - waitForElementVisible: Object 'Object Repository/ADMIN/Custom Item Fields Page/a_Default/togglebutton_mandatory' is visible

2019-11-25 10:06:56 - [MESSAGE][WARNING] - Timeout '0' is invalid. Using default page load timeout: '30'

2019-11-25 10:06:56 - [MESSAGE][PASSED] - Object 'Object Repository/ADMIN/Custom Item Fields Page/a_Default/togglebutton_mandatory' is visible

2019-11-25 10:06:56 - [TEST_STEP][PASSED] - comment: Assign Category

2019-11-25 10:06:56 - [TEST_STEP][PASSED] - click: Object: 'Object Repository/ADMIN/Custom Item Fields Page/a_Default/button_SelectCategories' is clicked on

2019-11-25 10:06:56 - [MESSAGE][PASSED] - Object: 'Object Repository/ADMIN/Custom Item Fields Page/a_Default/button_SelectCategories' is clicked on

2019-11-25 10:06:56 - [TEST_STEP][PASSED] - waitForElementVisible: Object 'Object Repository/ADMIN/Custom Item Fields List Page/a_SelectCategories/searchbox_Category' is visible

2019-11-25 10:06:56 - [MESSAGE][WARNING] - Timeout '0' is invalid. Using default page load timeout: '30'

2019-11-25 10:06:57 - [MESSAGE][PASSED] - Object 'Object Repository/ADMIN/Custom Item Fields List Page/a_SelectCategories/searchbox_Category' is visible

2019-11-25 10:06:57 - [TEST_STEP][PASSED] - comment: Category Assignment

2019-11-25 10:06:57 - [TEST_STEP][PASSED] - Statement - If (varAssignedCategory == "All Cat"): null

2019-11-25 10:06:57 - [TEST_STEP][PASSED] - Statement - Else If (varAssignedCategory == "Category 01"): Object: 'Object Repository/ADMIN/Custom Item Fields List Page/a_SelectCategories/a_Categories/checkbox_1' is clicked on

2019-11-25 10:06:57 - [TEST_STEP][PASSED] - setText: Text 'Category 01' is set on object 'Object Repository/ADMIN/Custom Item Fields List Page/a_SelectCategories/searchbox_Category'

2019-11-25 10:06:57 - [MESSAGE][PASSED] - Text 'Category 01' is set on object 'Object Repository/ADMIN/Custom Item Fields List Page/a_SelectCategories/searchbox_Category'

2019-11-25 10:06:57 - [TEST_STEP][PASSED] - click: Object: 'Object Repository/ADMIN/Custom Item Fields List Page/a_SelectCategories/a_Categories/checkbox_1' is clicked on

2019-11-25 10:06:57 - [MESSAGE][PASSED] - Object: 'Object Repository/ADMIN/Custom Item Fields List Page/a_SelectCategories/a_Categories/checkbox_1' is clicked on

2019-11-25 10:06:57 - [TEST_STEP][PASSED] - click: Object: 'Object Repository/ADMIN/Custom Item Fields List Page/a_SelectCategories/button_Save' is clicked on

2019-11-25 10:06:57 - [MESSAGE][PASSED] - Object: 'Object Repository/ADMIN/Custom Item Fields List Page/a_SelectCategories/button_Save' is clicked on

2019-11-25 10:06:57 - [TEST_STEP][PASSED] - delay: Delayed 2 second(s)

2019-11-25 10:06:59 - [MESSAGE][PASSED] - Delayed 2 second(s)

2019-11-25 10:06:59 - [TEST_STEP][PASSED] - click: Object: 'Object Repository/ADMIN/Custom Item Fields Page/a_Default/button_Save1' is clicked on

2019-11-25 10:06:59 - [MESSAGE][PASSED] - Object: 'Object Repository/ADMIN/Custom Item Fields Page/a_Default/button_Save1' is clicked on

2019-11-25 10:06:59 - [TEST_STEP][PASSED] - waitForElementVisible: Object 'Object Repository/ADMIN/Custom Item Fields List Page/button_Add Field' is visible

2019-11-25 10:06:59 - [MESSAGE][WARNING] - Timeout '0' is invalid. Using default page load timeout: '30'

2019-11-25 10:07:01 - [MESSAGE][PASSED] - Object 'Object Repository/ADMIN/Custom Item Fields List Page/button_Add Field' is visible]]></system-out>
         <system-err><![CDATA[]]></system-err>
      </testcase>
      <testcase name="Test Cases/ADMIN/Content Mgmt/Custom Fields Page/Add Custom Item Fields/Add_CF_DataDriven" classname="Test Cases/ADMIN/Content Mgmt/Custom Fields Page/Add Custom Item Fields/Add_CF_DataDriven" status="PASSED">
         <system-out><![CDATA[2019-11-25 10:07:01 - [TEST_CASE][PASSED] - Test Cases/ADMIN/Content Mgmt/Custom Fields Page/Add Custom Item Fields/Add_CF_DataDriven: Test Cases/ADMIN/Content Mgmt/Custom Fields Page/Add Custom Item Fields/Add_CF_DataDriven

2019-11-25 10:07:01 - [TEST_STEP][PASSED] - waitForElementVisible: Object 'Object Repository/ADMIN/Custom Item Fields List Page/button_Add Field' is visible

2019-11-25 10:07:01 - [MESSAGE][WARNING] - Timeout '0' is invalid. Using default page load timeout: '30'

2019-11-25 10:07:01 - [MESSAGE][PASSED] - Object 'Object Repository/ADMIN/Custom Item Fields List Page/button_Add Field' is visible

2019-11-25 10:07:01 - [TEST_STEP][PASSED] - click: Object: 'Object Repository/ADMIN/Custom Item Fields List Page/button_Add Field' is clicked on

2019-11-25 10:07:03 - [MESSAGE][PASSED] - Object: 'Object Repository/ADMIN/Custom Item Fields List Page/button_Add Field' is clicked on

2019-11-25 10:07:03 - [TEST_STEP][PASSED] - comment: Choose Field Type

2019-11-25 10:07:03 - [TEST_STEP][PASSED] - Statement - If (varCustomFieldType == "Checkbox"): null

2019-11-25 10:07:03 - [TEST_STEP][PASSED] - Statement - Else If (varCustomFieldType == "Date / Time picker"): null

2019-11-25 10:07:03 - [TEST_STEP][PASSED] - Statement - Else If (varCustomFieldType == "Drop Down"): null

2019-11-25 10:07:03 - [TEST_STEP][PASSED] - Statement - Else If (varCustomFieldType == "Email"): null

2019-11-25 10:07:03 - [TEST_STEP][PASSED] - Statement - Else If (varCustomFieldType == "Embed Video"): null

2019-11-25 10:07:03 - [TEST_STEP][PASSED] - Statement - Else If (varCustomFieldType == "Hyperlink / URL"): null

2019-11-25 10:07:03 - [TEST_STEP][PASSED] - Statement - Else If (varCustomFieldType == "Location"): null

2019-11-25 10:07:03 - [TEST_STEP][PASSED] - Statement - Else If (varCustomFieldType == "Number"): null

2019-11-25 10:07:03 - [TEST_STEP][PASSED] - Statement - Else If (varCustomFieldType == "PDF File"): null

2019-11-25 10:07:03 - [TEST_STEP][PASSED] - Statement - Else If (varCustomFieldType == "Percentage"): null

2019-11-25 10:07:03 - [TEST_STEP][PASSED] - Statement - Else If (varCustomFieldType == "Text Editor"): null

2019-11-25 10:07:03 - [TEST_STEP][PASSED] - Statement - Else If (varCustomFieldType == "Text Field"): All options with label 'Text Field' are selected in object 'Object Repository/ADMIN/Custom Item Fields Page/a_Default/dropdown_fieldtype' 

2019-11-25 10:07:03 - [TEST_STEP][PASSED] - waitForElementVisible: Object 'Object Repository/ADMIN/Custom Item Fields Page/a_Default/dropdown_fieldtype' is visible

2019-11-25 10:07:03 - [MESSAGE][WARNING] - Timeout '0' is invalid. Using default page load timeout: '30'

2019-11-25 10:07:03 - [MESSAGE][PASSED] - Object 'Object Repository/ADMIN/Custom Item Fields Page/a_Default/dropdown_fieldtype' is visible

2019-11-25 10:07:03 - [TEST_STEP][PASSED] - selectOptionByLabel: All options with label 'Text Field' are selected in object 'Object Repository/ADMIN/Custom Item Fields Page/a_Default/dropdown_fieldtype' 

2019-11-25 10:07:03 - [MESSAGE][PASSED] - All options with label 'Text Field' are selected in object 'Object Repository/ADMIN/Custom Item Fields Page/a_Default/dropdown_fieldtype' 

2019-11-25 10:07:03 - [TEST_STEP][PASSED] - comment: Field Name

2019-11-25 10:07:03 - [TEST_STEP][PASSED] - setText: Text 'SP_Text field_M2' is set on object 'Object Repository/ADMIN/Custom Item Fields Page/a_Default/textfield_fieldname'

2019-11-25 10:07:03 - [MESSAGE][PASSED] - Text 'SP_Text field_M2' is set on object 'Object Repository/ADMIN/Custom Item Fields Page/a_Default/textfield_fieldname'

2019-11-25 10:07:03 - [TEST_STEP][PASSED] - comment: Mandatory/NonMandatory

2019-11-25 10:07:03 - [TEST_STEP][PASSED] - Statement - If (varMandatoryNonMandatory == "mandatory"): Object 'Object Repository/ADMIN/Custom Item Fields Page/a_Default/togglebutton_mandatory' is visible

2019-11-25 10:07:03 - [TEST_STEP][PASSED] - waitForElementVisible: Object 'Object Repository/ADMIN/Custom Item Fields Page/a_Default/togglebutton_mandatory' is visible

2019-11-25 10:07:03 - [MESSAGE][WARNING] - Timeout '0' is invalid. Using default page load timeout: '30'

2019-11-25 10:07:03 - [MESSAGE][PASSED] - Object 'Object Repository/ADMIN/Custom Item Fields Page/a_Default/togglebutton_mandatory' is visible

2019-11-25 10:07:03 - [TEST_STEP][PASSED] - comment: Assign Category

2019-11-25 10:07:03 - [TEST_STEP][PASSED] - click: Object: 'Object Repository/ADMIN/Custom Item Fields Page/a_Default/button_SelectCategories' is clicked on

2019-11-25 10:07:03 - [MESSAGE][PASSED] - Object: 'Object Repository/ADMIN/Custom Item Fields Page/a_Default/button_SelectCategories' is clicked on

2019-11-25 10:07:03 - [TEST_STEP][PASSED] - waitForElementVisible: Object 'Object Repository/ADMIN/Custom Item Fields List Page/a_SelectCategories/searchbox_Category' is visible

2019-11-25 10:07:03 - [MESSAGE][WARNING] - Timeout '0' is invalid. Using default page load timeout: '30'

2019-11-25 10:07:04 - [MESSAGE][PASSED] - Object 'Object Repository/ADMIN/Custom Item Fields List Page/a_SelectCategories/searchbox_Category' is visible

2019-11-25 10:07:04 - [TEST_STEP][PASSED] - comment: Category Assignment

2019-11-25 10:07:04 - [TEST_STEP][PASSED] - Statement - If (varAssignedCategory == "All Cat"): null

2019-11-25 10:07:04 - [TEST_STEP][PASSED] - Statement - Else If (varAssignedCategory == "Category 01"): Object: 'Object Repository/ADMIN/Custom Item Fields List Page/a_SelectCategories/a_Categories/checkbox_1' is clicked on

2019-11-25 10:07:04 - [TEST_STEP][PASSED] - setText: Text 'Category 01' is set on object 'Object Repository/ADMIN/Custom Item Fields List Page/a_SelectCategories/searchbox_Category'

2019-11-25 10:07:04 - [MESSAGE][PASSED] - Text 'Category 01' is set on object 'Object Repository/ADMIN/Custom Item Fields List Page/a_SelectCategories/searchbox_Category'

2019-11-25 10:07:04 - [TEST_STEP][PASSED] - click: Object: 'Object Repository/ADMIN/Custom Item Fields List Page/a_SelectCategories/a_Categories/checkbox_1' is clicked on

2019-11-25 10:07:04 - [MESSAGE][PASSED] - Object: 'Object Repository/ADMIN/Custom Item Fields List Page/a_SelectCategories/a_Categories/checkbox_1' is clicked on

2019-11-25 10:07:04 - [TEST_STEP][PASSED] - click: Object: 'Object Repository/ADMIN/Custom Item Fields List Page/a_SelectCategories/button_Save' is clicked on

2019-11-25 10:07:04 - [MESSAGE][PASSED] - Object: 'Object Repository/ADMIN/Custom Item Fields List Page/a_SelectCategories/button_Save' is clicked on

2019-11-25 10:07:04 - [TEST_STEP][PASSED] - delay: Delayed 2 second(s)

2019-11-25 10:07:06 - [MESSAGE][PASSED] - Delayed 2 second(s)

2019-11-25 10:07:06 - [TEST_STEP][PASSED] - click: Object: 'Object Repository/ADMIN/Custom Item Fields Page/a_Default/button_Save1' is clicked on

2019-11-25 10:07:06 - [MESSAGE][PASSED] - Object: 'Object Repository/ADMIN/Custom Item Fields Page/a_Default/button_Save1' is clicked on

2019-11-25 10:07:06 - [TEST_STEP][PASSED] - waitForElementVisible: Object 'Object Repository/ADMIN/Custom Item Fields List Page/button_Add Field' is visible

2019-11-25 10:07:07 - [MESSAGE][WARNING] - Timeout '0' is invalid. Using default page load timeout: '30'

2019-11-25 10:07:07 - [MESSAGE][PASSED] - Object 'Object Repository/ADMIN/Custom Item Fields List Page/button_Add Field' is visible]]></system-out>
         <system-err><![CDATA[]]></system-err>
      </testcase>
      <testcase name="Test Cases/ADMIN/Content Mgmt/Custom Fields Page/Add Custom Item Fields/Add_CF_DataDriven" classname="Test Cases/ADMIN/Content Mgmt/Custom Fields Page/Add Custom Item Fields/Add_CF_DataDriven" status="PASSED">
         <system-out><![CDATA[2019-11-25 10:07:07 - [TEST_CASE][PASSED] - Test Cases/ADMIN/Content Mgmt/Custom Fields Page/Add Custom Item Fields/Add_CF_DataDriven: Test Cases/ADMIN/Content Mgmt/Custom Fields Page/Add Custom Item Fields/Add_CF_DataDriven

2019-11-25 10:07:07 - [TEST_STEP][PASSED] - waitForElementVisible: Object 'Object Repository/ADMIN/Custom Item Fields List Page/button_Add Field' is visible

2019-11-25 10:07:07 - [MESSAGE][WARNING] - Timeout '0' is invalid. Using default page load timeout: '30'

2019-11-25 10:07:08 - [MESSAGE][PASSED] - Object 'Object Repository/ADMIN/Custom Item Fields List Page/button_Add Field' is visible

2019-11-25 10:07:08 - [TEST_STEP][PASSED] - click: Object: 'Object Repository/ADMIN/Custom Item Fields List Page/button_Add Field' is clicked on

2019-11-25 10:07:08 - [MESSAGE][PASSED] - Object: 'Object Repository/ADMIN/Custom Item Fields List Page/button_Add Field' is clicked on

2019-11-25 10:07:08 - [TEST_STEP][PASSED] - comment: Choose Field Type

2019-11-25 10:07:08 - [TEST_STEP][PASSED] - Statement - If (varCustomFieldType == "Checkbox"): null

2019-11-25 10:07:08 - [TEST_STEP][PASSED] - Statement - Else If (varCustomFieldType == "Date / Time picker"): null

2019-11-25 10:07:08 - [TEST_STEP][PASSED] - Statement - Else If (varCustomFieldType == "Drop Down"): null

2019-11-25 10:07:08 - [TEST_STEP][PASSED] - Statement - Else If (varCustomFieldType == "Email"): null

2019-11-25 10:07:08 - [TEST_STEP][PASSED] - Statement - Else If (varCustomFieldType == "Embed Video"): null

2019-11-25 10:07:08 - [TEST_STEP][PASSED] - Statement - Else If (varCustomFieldType == "Hyperlink / URL"): null

2019-11-25 10:07:08 - [TEST_STEP][PASSED] - Statement - Else If (varCustomFieldType == "Location"): null

2019-11-25 10:07:08 - [TEST_STEP][PASSED] - Statement - Else If (varCustomFieldType == "Number"): null

2019-11-25 10:07:08 - [TEST_STEP][PASSED] - Statement - Else If (varCustomFieldType == "PDF File"): null

2019-11-25 10:07:08 - [TEST_STEP][PASSED] - Statement - Else If (varCustomFieldType == "Percentage"): null

2019-11-25 10:07:08 - [TEST_STEP][PASSED] - Statement - Else If (varCustomFieldType == "Text Editor"): All options with label 'Text Editor' are selected in object 'Object Repository/ADMIN/Custom Item Fields Page/a_Default/dropdown_fieldtype' 

2019-11-25 10:07:08 - [TEST_STEP][PASSED] - waitForElementVisible: Object 'Object Repository/ADMIN/Custom Item Fields Page/a_Default/dropdown_fieldtype' is visible

2019-11-25 10:07:08 - [MESSAGE][WARNING] - Timeout '0' is invalid. Using default page load timeout: '30'

2019-11-25 10:07:09 - [MESSAGE][PASSED] - Object 'Object Repository/ADMIN/Custom Item Fields Page/a_Default/dropdown_fieldtype' is visible

2019-11-25 10:07:09 - [TEST_STEP][PASSED] - selectOptionByLabel: All options with label 'Text Editor' are selected in object 'Object Repository/ADMIN/Custom Item Fields Page/a_Default/dropdown_fieldtype' 

2019-11-25 10:07:09 - [MESSAGE][PASSED] - All options with label 'Text Editor' are selected in object 'Object Repository/ADMIN/Custom Item Fields Page/a_Default/dropdown_fieldtype' 

2019-11-25 10:07:09 - [TEST_STEP][PASSED] - comment: Field Name

2019-11-25 10:07:09 - [TEST_STEP][PASSED] - setText: Text 'SP_Text Editor_M' is set on object 'Object Repository/ADMIN/Custom Item Fields Page/a_Default/textfield_fieldname'

2019-11-25 10:07:09 - [MESSAGE][PASSED] - Text 'SP_Text Editor_M' is set on object 'Object Repository/ADMIN/Custom Item Fields Page/a_Default/textfield_fieldname'

2019-11-25 10:07:09 - [TEST_STEP][PASSED] - comment: Mandatory/NonMandatory

2019-11-25 10:07:09 - [TEST_STEP][PASSED] - Statement - If (varMandatoryNonMandatory == "mandatory"): Object 'Object Repository/ADMIN/Custom Item Fields Page/a_Default/togglebutton_mandatory' is visible

2019-11-25 10:07:09 - [TEST_STEP][PASSED] - waitForElementVisible: Object 'Object Repository/ADMIN/Custom Item Fields Page/a_Default/togglebutton_mandatory' is visible

2019-11-25 10:07:09 - [MESSAGE][WARNING] - Timeout '0' is invalid. Using default page load timeout: '30'

2019-11-25 10:07:09 - [MESSAGE][PASSED] - Object 'Object Repository/ADMIN/Custom Item Fields Page/a_Default/togglebutton_mandatory' is visible

2019-11-25 10:07:09 - [TEST_STEP][PASSED] - comment: Assign Category

2019-11-25 10:07:09 - [TEST_STEP][PASSED] - click: Object: 'Object Repository/ADMIN/Custom Item Fields Page/a_Default/button_SelectCategories' is clicked on

2019-11-25 10:07:09 - [MESSAGE][PASSED] - Object: 'Object Repository/ADMIN/Custom Item Fields Page/a_Default/button_SelectCategories' is clicked on

2019-11-25 10:07:09 - [TEST_STEP][PASSED] - waitForElementVisible: Object 'Object Repository/ADMIN/Custom Item Fields List Page/a_SelectCategories/searchbox_Category' is visible

2019-11-25 10:07:09 - [MESSAGE][WARNING] - Timeout '0' is invalid. Using default page load timeout: '30'

2019-11-25 10:07:10 - [MESSAGE][PASSED] - Object 'Object Repository/ADMIN/Custom Item Fields List Page/a_SelectCategories/searchbox_Category' is visible

2019-11-25 10:07:10 - [TEST_STEP][PASSED] - comment: Category Assignment

2019-11-25 10:07:10 - [TEST_STEP][PASSED] - Statement - If (varAssignedCategory == "All Cat"): null

2019-11-25 10:07:10 - [TEST_STEP][PASSED] - Statement - Else If (varAssignedCategory == "Category 01"): Object: 'Object Repository/ADMIN/Custom Item Fields List Page/a_SelectCategories/a_Categories/checkbox_1' is clicked on

2019-11-25 10:07:10 - [TEST_STEP][PASSED] - setText: Text 'Category 01' is set on object 'Object Repository/ADMIN/Custom Item Fields List Page/a_SelectCategories/searchbox_Category'

2019-11-25 10:07:10 - [MESSAGE][PASSED] - Text 'Category 01' is set on object 'Object Repository/ADMIN/Custom Item Fields List Page/a_SelectCategories/searchbox_Category'

2019-11-25 10:07:10 - [TEST_STEP][PASSED] - click: Object: 'Object Repository/ADMIN/Custom Item Fields List Page/a_SelectCategories/a_Categories/checkbox_1' is clicked on

2019-11-25 10:07:10 - [MESSAGE][PASSED] - Object: 'Object Repository/ADMIN/Custom Item Fields List Page/a_SelectCategories/a_Categories/checkbox_1' is clicked on

2019-11-25 10:07:10 - [TEST_STEP][PASSED] - click: Object: 'Object Repository/ADMIN/Custom Item Fields List Page/a_SelectCategories/button_Save' is clicked on

2019-11-25 10:07:10 - [MESSAGE][PASSED] - Object: 'Object Repository/ADMIN/Custom Item Fields List Page/a_SelectCategories/button_Save' is clicked on

2019-11-25 10:07:10 - [TEST_STEP][PASSED] - delay: Delayed 2 second(s)

2019-11-25 10:07:12 - [MESSAGE][PASSED] - Delayed 2 second(s)

2019-11-25 10:07:12 - [TEST_STEP][PASSED] - click: Object: 'Object Repository/ADMIN/Custom Item Fields Page/a_Default/button_Save1' is clicked on

2019-11-25 10:07:12 - [MESSAGE][PASSED] - Object: 'Object Repository/ADMIN/Custom Item Fields Page/a_Default/button_Save1' is clicked on

2019-11-25 10:07:12 - [TEST_STEP][PASSED] - waitForElementVisible: Object 'Object Repository/ADMIN/Custom Item Fields List Page/button_Add Field' is visible

2019-11-25 10:07:12 - [MESSAGE][WARNING] - Timeout '0' is invalid. Using default page load timeout: '30'

2019-11-25 10:07:14 - [MESSAGE][PASSED] - Object 'Object Repository/ADMIN/Custom Item Fields List Page/button_Add Field' is visible]]></system-out>
         <system-err><![CDATA[]]></system-err>
      </testcase>
      <testcase name="Test Cases/ADMIN/Content Mgmt/Custom Fields Page/Add Custom Item Fields/Add_CF_DataDriven" classname="Test Cases/ADMIN/Content Mgmt/Custom Fields Page/Add Custom Item Fields/Add_CF_DataDriven" status="PASSED">
         <system-out><![CDATA[2019-11-25 10:07:14 - [TEST_CASE][PASSED] - Test Cases/ADMIN/Content Mgmt/Custom Fields Page/Add Custom Item Fields/Add_CF_DataDriven: Test Cases/ADMIN/Content Mgmt/Custom Fields Page/Add Custom Item Fields/Add_CF_DataDriven

2019-11-25 10:07:14 - [TEST_STEP][PASSED] - waitForElementVisible: Object 'Object Repository/ADMIN/Custom Item Fields List Page/button_Add Field' is visible

2019-11-25 10:07:14 - [MESSAGE][WARNING] - Timeout '0' is invalid. Using default page load timeout: '30'

2019-11-25 10:07:14 - [MESSAGE][PASSED] - Object 'Object Repository/ADMIN/Custom Item Fields List Page/button_Add Field' is visible

2019-11-25 10:07:14 - [TEST_STEP][PASSED] - click: Object: 'Object Repository/ADMIN/Custom Item Fields List Page/button_Add Field' is clicked on

2019-11-25 10:07:15 - [MESSAGE][PASSED] - Object: 'Object Repository/ADMIN/Custom Item Fields List Page/button_Add Field' is clicked on

2019-11-25 10:07:15 - [TEST_STEP][PASSED] - comment: Choose Field Type

2019-11-25 10:07:15 - [TEST_STEP][PASSED] - Statement - If (varCustomFieldType == "Checkbox"): null

2019-11-25 10:07:15 - [TEST_STEP][PASSED] - Statement - Else If (varCustomFieldType == "Date / Time picker"): null

2019-11-25 10:07:15 - [TEST_STEP][PASSED] - Statement - Else If (varCustomFieldType == "Drop Down"): null

2019-11-25 10:07:15 - [TEST_STEP][PASSED] - Statement - Else If (varCustomFieldType == "Email"): null

2019-11-25 10:07:15 - [TEST_STEP][PASSED] - Statement - Else If (varCustomFieldType == "Embed Video"): null

2019-11-25 10:07:15 - [TEST_STEP][PASSED] - Statement - Else If (varCustomFieldType == "Hyperlink / URL"): All options with label 'Hyperlink / URL' are selected in object 'Object Repository/ADMIN/Custom Item Fields Page/a_Default/dropdown_fieldtype' 

2019-11-25 10:07:15 - [TEST_STEP][PASSED] - waitForElementVisible: Object 'Object Repository/ADMIN/Custom Item Fields Page/a_Default/dropdown_fieldtype' is visible

2019-11-25 10:07:15 - [MESSAGE][WARNING] - Timeout '0' is invalid. Using default page load timeout: '30'

2019-11-25 10:07:15 - [MESSAGE][PASSED] - Object 'Object Repository/ADMIN/Custom Item Fields Page/a_Default/dropdown_fieldtype' is visible

2019-11-25 10:07:15 - [TEST_STEP][PASSED] - selectOptionByLabel: All options with label 'Hyperlink / URL' are selected in object 'Object Repository/ADMIN/Custom Item Fields Page/a_Default/dropdown_fieldtype' 

2019-11-25 10:07:15 - [MESSAGE][PASSED] - All options with label 'Hyperlink / URL' are selected in object 'Object Repository/ADMIN/Custom Item Fields Page/a_Default/dropdown_fieldtype' 

2019-11-25 10:07:15 - [TEST_STEP][PASSED] - comment: Field Name

2019-11-25 10:07:15 - [TEST_STEP][PASSED] - setText: Text 'SP_Hyperlink_M' is set on object 'Object Repository/ADMIN/Custom Item Fields Page/a_Default/textfield_fieldname'

2019-11-25 10:07:15 - [MESSAGE][PASSED] - Text 'SP_Hyperlink_M' is set on object 'Object Repository/ADMIN/Custom Item Fields Page/a_Default/textfield_fieldname'

2019-11-25 10:07:15 - [TEST_STEP][PASSED] - comment: Mandatory/NonMandatory

2019-11-25 10:07:15 - [TEST_STEP][PASSED] - Statement - If (varMandatoryNonMandatory == "mandatory"): Object 'Object Repository/ADMIN/Custom Item Fields Page/a_Default/togglebutton_mandatory' is visible

2019-11-25 10:07:15 - [TEST_STEP][PASSED] - waitForElementVisible: Object 'Object Repository/ADMIN/Custom Item Fields Page/a_Default/togglebutton_mandatory' is visible

2019-11-25 10:07:15 - [MESSAGE][WARNING] - Timeout '0' is invalid. Using default page load timeout: '30'

2019-11-25 10:07:15 - [MESSAGE][PASSED] - Object 'Object Repository/ADMIN/Custom Item Fields Page/a_Default/togglebutton_mandatory' is visible

2019-11-25 10:07:15 - [TEST_STEP][PASSED] - comment: Assign Category

2019-11-25 10:07:15 - [TEST_STEP][PASSED] - click: Object: 'Object Repository/ADMIN/Custom Item Fields Page/a_Default/button_SelectCategories' is clicked on

2019-11-25 10:07:15 - [MESSAGE][PASSED] - Object: 'Object Repository/ADMIN/Custom Item Fields Page/a_Default/button_SelectCategories' is clicked on

2019-11-25 10:07:15 - [TEST_STEP][PASSED] - waitForElementVisible: Object 'Object Repository/ADMIN/Custom Item Fields List Page/a_SelectCategories/searchbox_Category' is visible

2019-11-25 10:07:15 - [MESSAGE][WARNING] - Timeout '0' is invalid. Using default page load timeout: '30'

2019-11-25 10:07:16 - [MESSAGE][PASSED] - Object 'Object Repository/ADMIN/Custom Item Fields List Page/a_SelectCategories/searchbox_Category' is visible

2019-11-25 10:07:16 - [TEST_STEP][PASSED] - comment: Category Assignment

2019-11-25 10:07:16 - [TEST_STEP][PASSED] - Statement - If (varAssignedCategory == "All Cat"): null

2019-11-25 10:07:16 - [TEST_STEP][PASSED] - Statement - Else If (varAssignedCategory == "Category 01"): Object: 'Object Repository/ADMIN/Custom Item Fields List Page/a_SelectCategories/a_Categories/checkbox_1' is clicked on

2019-11-25 10:07:16 - [TEST_STEP][PASSED] - setText: Text 'Category 01' is set on object 'Object Repository/ADMIN/Custom Item Fields List Page/a_SelectCategories/searchbox_Category'

2019-11-25 10:07:16 - [MESSAGE][PASSED] - Text 'Category 01' is set on object 'Object Repository/ADMIN/Custom Item Fields List Page/a_SelectCategories/searchbox_Category'

2019-11-25 10:07:16 - [TEST_STEP][PASSED] - click: Object: 'Object Repository/ADMIN/Custom Item Fields List Page/a_SelectCategories/a_Categories/checkbox_1' is clicked on

2019-11-25 10:07:16 - [MESSAGE][PASSED] - Object: 'Object Repository/ADMIN/Custom Item Fields List Page/a_SelectCategories/a_Categories/checkbox_1' is clicked on

2019-11-25 10:07:16 - [TEST_STEP][PASSED] - click: Object: 'Object Repository/ADMIN/Custom Item Fields List Page/a_SelectCategories/button_Save' is clicked on

2019-11-25 10:07:16 - [MESSAGE][PASSED] - Object: 'Object Repository/ADMIN/Custom Item Fields List Page/a_SelectCategories/button_Save' is clicked on

2019-11-25 10:07:16 - [TEST_STEP][PASSED] - delay: Delayed 2 second(s)

2019-11-25 10:07:18 - [MESSAGE][PASSED] - Delayed 2 second(s)

2019-11-25 10:07:18 - [TEST_STEP][PASSED] - click: Object: 'Object Repository/ADMIN/Custom Item Fields Page/a_Default/button_Save1' is clicked on

2019-11-25 10:07:18 - [MESSAGE][PASSED] - Object: 'Object Repository/ADMIN/Custom Item Fields Page/a_Default/button_Save1' is clicked on

2019-11-25 10:07:18 - [TEST_STEP][PASSED] - waitForElementVisible: Object 'Object Repository/ADMIN/Custom Item Fields List Page/button_Add Field' is visible

2019-11-25 10:07:18 - [MESSAGE][WARNING] - Timeout '0' is invalid. Using default page load timeout: '30'

2019-11-25 10:07:19 - [MESSAGE][PASSED] - Object 'Object Repository/ADMIN/Custom Item Fields List Page/button_Add Field' is visible]]></system-out>
         <system-err><![CDATA[]]></system-err>
      </testcase>
      <testcase name="Test Cases/ADMIN/Content Mgmt/Custom Fields Page/Add Custom Item Fields/Add_CF_DataDriven" classname="Test Cases/ADMIN/Content Mgmt/Custom Fields Page/Add Custom Item Fields/Add_CF_DataDriven" status="PASSED">
         <system-out><![CDATA[2019-11-25 10:07:19 - [TEST_CASE][PASSED] - Test Cases/ADMIN/Content Mgmt/Custom Fields Page/Add Custom Item Fields/Add_CF_DataDriven: Test Cases/ADMIN/Content Mgmt/Custom Fields Page/Add Custom Item Fields/Add_CF_DataDriven

2019-11-25 10:07:19 - [TEST_STEP][PASSED] - waitForElementVisible: Object 'Object Repository/ADMIN/Custom Item Fields List Page/button_Add Field' is visible

2019-11-25 10:07:19 - [MESSAGE][WARNING] - Timeout '0' is invalid. Using default page load timeout: '30'

2019-11-25 10:07:19 - [MESSAGE][PASSED] - Object 'Object Repository/ADMIN/Custom Item Fields List Page/button_Add Field' is visible

2019-11-25 10:07:19 - [TEST_STEP][PASSED] - click: Object: 'Object Repository/ADMIN/Custom Item Fields List Page/button_Add Field' is clicked on

2019-11-25 10:07:20 - [MESSAGE][PASSED] - Object: 'Object Repository/ADMIN/Custom Item Fields List Page/button_Add Field' is clicked on

2019-11-25 10:07:20 - [TEST_STEP][PASSED] - comment: Choose Field Type

2019-11-25 10:07:20 - [TEST_STEP][PASSED] - Statement - If (varCustomFieldType == "Checkbox"): null

2019-11-25 10:07:20 - [TEST_STEP][PASSED] - Statement - Else If (varCustomFieldType == "Date / Time picker"): null

2019-11-25 10:07:20 - [TEST_STEP][PASSED] - Statement - Else If (varCustomFieldType == "Drop Down"): null

2019-11-25 10:07:20 - [TEST_STEP][PASSED] - Statement - Else If (varCustomFieldType == "Email"): All options with label 'Email' are selected in object 'Object Repository/ADMIN/Custom Item Fields Page/a_Default/dropdown_fieldtype' 

2019-11-25 10:07:20 - [TEST_STEP][PASSED] - waitForElementVisible: Object 'Object Repository/ADMIN/Custom Item Fields Page/a_Default/dropdown_fieldtype' is visible

2019-11-25 10:07:20 - [MESSAGE][WARNING] - Timeout '0' is invalid. Using default page load timeout: '30'

2019-11-25 10:07:20 - [MESSAGE][PASSED] - Object 'Object Repository/ADMIN/Custom Item Fields Page/a_Default/dropdown_fieldtype' is visible

2019-11-25 10:07:20 - [TEST_STEP][PASSED] - selectOptionByLabel: All options with label 'Email' are selected in object 'Object Repository/ADMIN/Custom Item Fields Page/a_Default/dropdown_fieldtype' 

2019-11-25 10:07:20 - [MESSAGE][PASSED] - All options with label 'Email' are selected in object 'Object Repository/ADMIN/Custom Item Fields Page/a_Default/dropdown_fieldtype' 

2019-11-25 10:07:20 - [TEST_STEP][PASSED] - comment: Field Name

2019-11-25 10:07:20 - [TEST_STEP][PASSED] - setText: Text 'SP_Email_M' is set on object 'Object Repository/ADMIN/Custom Item Fields Page/a_Default/textfield_fieldname'

2019-11-25 10:07:21 - [MESSAGE][PASSED] - Text 'SP_Email_M' is set on object 'Object Repository/ADMIN/Custom Item Fields Page/a_Default/textfield_fieldname'

2019-11-25 10:07:21 - [TEST_STEP][PASSED] - comment: Mandatory/NonMandatory

2019-11-25 10:07:21 - [TEST_STEP][PASSED] - Statement - If (varMandatoryNonMandatory == "mandatory"): Object 'Object Repository/ADMIN/Custom Item Fields Page/a_Default/togglebutton_mandatory' is visible

2019-11-25 10:07:21 - [TEST_STEP][PASSED] - waitForElementVisible: Object 'Object Repository/ADMIN/Custom Item Fields Page/a_Default/togglebutton_mandatory' is visible

2019-11-25 10:07:21 - [MESSAGE][WARNING] - Timeout '0' is invalid. Using default page load timeout: '30'

2019-11-25 10:07:21 - [MESSAGE][PASSED] - Object 'Object Repository/ADMIN/Custom Item Fields Page/a_Default/togglebutton_mandatory' is visible

2019-11-25 10:07:21 - [TEST_STEP][PASSED] - comment: Assign Category

2019-11-25 10:07:21 - [TEST_STEP][PASSED] - click: Object: 'Object Repository/ADMIN/Custom Item Fields Page/a_Default/button_SelectCategories' is clicked on

2019-11-25 10:07:21 - [MESSAGE][PASSED] - Object: 'Object Repository/ADMIN/Custom Item Fields Page/a_Default/button_SelectCategories' is clicked on

2019-11-25 10:07:21 - [TEST_STEP][PASSED] - waitForElementVisible: Object 'Object Repository/ADMIN/Custom Item Fields List Page/a_SelectCategories/searchbox_Category' is visible

2019-11-25 10:07:21 - [MESSAGE][WARNING] - Timeout '0' is invalid. Using default page load timeout: '30'

2019-11-25 10:07:21 - [MESSAGE][PASSED] - Object 'Object Repository/ADMIN/Custom Item Fields List Page/a_SelectCategories/searchbox_Category' is visible

2019-11-25 10:07:21 - [TEST_STEP][PASSED] - comment: Category Assignment

2019-11-25 10:07:21 - [TEST_STEP][PASSED] - Statement - If (varAssignedCategory == "All Cat"): null

2019-11-25 10:07:21 - [TEST_STEP][PASSED] - Statement - Else If (varAssignedCategory == "Category 01"): Object: 'Object Repository/ADMIN/Custom Item Fields List Page/a_SelectCategories/a_Categories/checkbox_1' is clicked on

2019-11-25 10:07:21 - [TEST_STEP][PASSED] - setText: Text 'Category 01' is set on object 'Object Repository/ADMIN/Custom Item Fields List Page/a_SelectCategories/searchbox_Category'

2019-11-25 10:07:21 - [MESSAGE][PASSED] - Text 'Category 01' is set on object 'Object Repository/ADMIN/Custom Item Fields List Page/a_SelectCategories/searchbox_Category'

2019-11-25 10:07:21 - [TEST_STEP][PASSED] - click: Object: 'Object Repository/ADMIN/Custom Item Fields List Page/a_SelectCategories/a_Categories/checkbox_1' is clicked on

2019-11-25 10:07:22 - [MESSAGE][PASSED] - Object: 'Object Repository/ADMIN/Custom Item Fields List Page/a_SelectCategories/a_Categories/checkbox_1' is clicked on

2019-11-25 10:07:22 - [TEST_STEP][PASSED] - click: Object: 'Object Repository/ADMIN/Custom Item Fields List Page/a_SelectCategories/button_Save' is clicked on

2019-11-25 10:07:22 - [MESSAGE][PASSED] - Object: 'Object Repository/ADMIN/Custom Item Fields List Page/a_SelectCategories/button_Save' is clicked on

2019-11-25 10:07:22 - [TEST_STEP][PASSED] - delay: Delayed 2 second(s)

2019-11-25 10:07:24 - [MESSAGE][PASSED] - Delayed 2 second(s)

2019-11-25 10:07:24 - [TEST_STEP][PASSED] - click: Object: 'Object Repository/ADMIN/Custom Item Fields Page/a_Default/button_Save1' is clicked on

2019-11-25 10:07:24 - [MESSAGE][PASSED] - Object: 'Object Repository/ADMIN/Custom Item Fields Page/a_Default/button_Save1' is clicked on

2019-11-25 10:07:24 - [TEST_STEP][PASSED] - waitForElementVisible: Object 'Object Repository/ADMIN/Custom Item Fields List Page/button_Add Field' is visible

2019-11-25 10:07:24 - [MESSAGE][WARNING] - Timeout '0' is invalid. Using default page load timeout: '30'

2019-11-25 10:07:25 - [MESSAGE][PASSED] - Object 'Object Repository/ADMIN/Custom Item Fields List Page/button_Add Field' is visible]]></system-out>
         <system-err><![CDATA[]]></system-err>
      </testcase>
      <testcase name="Test Cases/ADMIN/Content Mgmt/Custom Fields Page/Add Custom Item Fields/Add_CF_DataDriven" classname="Test Cases/ADMIN/Content Mgmt/Custom Fields Page/Add Custom Item Fields/Add_CF_DataDriven" status="PASSED">
         <system-out><![CDATA[2019-11-25 10:07:25 - [TEST_CASE][PASSED] - Test Cases/ADMIN/Content Mgmt/Custom Fields Page/Add Custom Item Fields/Add_CF_DataDriven: Test Cases/ADMIN/Content Mgmt/Custom Fields Page/Add Custom Item Fields/Add_CF_DataDriven

2019-11-25 10:07:25 - [TEST_STEP][PASSED] - waitForElementVisible: Object 'Object Repository/ADMIN/Custom Item Fields List Page/button_Add Field' is visible

2019-11-25 10:07:25 - [MESSAGE][WARNING] - Timeout '0' is invalid. Using default page load timeout: '30'

2019-11-25 10:07:25 - [MESSAGE][PASSED] - Object 'Object Repository/ADMIN/Custom Item Fields List Page/button_Add Field' is visible

2019-11-25 10:07:25 - [TEST_STEP][PASSED] - click: Object: 'Object Repository/ADMIN/Custom Item Fields List Page/button_Add Field' is clicked on

2019-11-25 10:07:26 - [MESSAGE][PASSED] - Object: 'Object Repository/ADMIN/Custom Item Fields List Page/button_Add Field' is clicked on

2019-11-25 10:07:26 - [TEST_STEP][PASSED] - comment: Choose Field Type

2019-11-25 10:07:26 - [TEST_STEP][PASSED] - Statement - If (varCustomFieldType == "Checkbox"): null

2019-11-25 10:07:26 - [TEST_STEP][PASSED] - Statement - Else If (varCustomFieldType == "Date / Time picker"): null

2019-11-25 10:07:26 - [TEST_STEP][PASSED] - Statement - Else If (varCustomFieldType == "Drop Down"): null

2019-11-25 10:07:26 - [TEST_STEP][PASSED] - Statement - Else If (varCustomFieldType == "Email"): null

2019-11-25 10:07:26 - [TEST_STEP][PASSED] - Statement - Else If (varCustomFieldType == "Embed Video"): null

2019-11-25 10:07:26 - [TEST_STEP][PASSED] - Statement - Else If (varCustomFieldType == "Hyperlink / URL"): null

2019-11-25 10:07:26 - [TEST_STEP][PASSED] - Statement - Else If (varCustomFieldType == "Location"): null

2019-11-25 10:07:26 - [TEST_STEP][PASSED] - Statement - Else If (varCustomFieldType == "Number"): null

2019-11-25 10:07:26 - [TEST_STEP][PASSED] - Statement - Else If (varCustomFieldType == "PDF File"): null

2019-11-25 10:07:26 - [TEST_STEP][PASSED] - Statement - Else If (varCustomFieldType == "Percentage"): All options with label 'Percentage' are selected in object 'Object Repository/ADMIN/Custom Item Fields Page/a_Default/dropdown_fieldtype' 

2019-11-25 10:07:26 - [TEST_STEP][PASSED] - waitForElementVisible: Object 'Object Repository/ADMIN/Custom Item Fields Page/a_Default/dropdown_fieldtype' is visible

2019-11-25 10:07:26 - [MESSAGE][WARNING] - Timeout '0' is invalid. Using default page load timeout: '30'

2019-11-25 10:07:26 - [MESSAGE][PASSED] - Object 'Object Repository/ADMIN/Custom Item Fields Page/a_Default/dropdown_fieldtype' is visible

2019-11-25 10:07:26 - [TEST_STEP][PASSED] - selectOptionByLabel: All options with label 'Percentage' are selected in object 'Object Repository/ADMIN/Custom Item Fields Page/a_Default/dropdown_fieldtype' 

2019-11-25 10:07:26 - [MESSAGE][PASSED] - All options with label 'Percentage' are selected in object 'Object Repository/ADMIN/Custom Item Fields Page/a_Default/dropdown_fieldtype' 

2019-11-25 10:07:26 - [TEST_STEP][PASSED] - comment: Field Name

2019-11-25 10:07:26 - [TEST_STEP][PASSED] - setText: Text 'SP_Percentage_M' is set on object 'Object Repository/ADMIN/Custom Item Fields Page/a_Default/textfield_fieldname'

2019-11-25 10:07:27 - [MESSAGE][PASSED] - Text 'SP_Percentage_M' is set on object 'Object Repository/ADMIN/Custom Item Fields Page/a_Default/textfield_fieldname'

2019-11-25 10:07:27 - [TEST_STEP][PASSED] - comment: Mandatory/NonMandatory

2019-11-25 10:07:27 - [TEST_STEP][PASSED] - Statement - If (varMandatoryNonMandatory == "mandatory"): Object 'Object Repository/ADMIN/Custom Item Fields Page/a_Default/togglebutton_mandatory' is visible

2019-11-25 10:07:27 - [TEST_STEP][PASSED] - waitForElementVisible: Object 'Object Repository/ADMIN/Custom Item Fields Page/a_Default/togglebutton_mandatory' is visible

2019-11-25 10:07:27 - [MESSAGE][WARNING] - Timeout '0' is invalid. Using default page load timeout: '30'

2019-11-25 10:07:27 - [MESSAGE][PASSED] - Object 'Object Repository/ADMIN/Custom Item Fields Page/a_Default/togglebutton_mandatory' is visible

2019-11-25 10:07:27 - [TEST_STEP][PASSED] - comment: Assign Category

2019-11-25 10:07:27 - [TEST_STEP][PASSED] - click: Object: 'Object Repository/ADMIN/Custom Item Fields Page/a_Default/button_SelectCategories' is clicked on

2019-11-25 10:07:27 - [MESSAGE][PASSED] - Object: 'Object Repository/ADMIN/Custom Item Fields Page/a_Default/button_SelectCategories' is clicked on

2019-11-25 10:07:27 - [TEST_STEP][PASSED] - waitForElementVisible: Object 'Object Repository/ADMIN/Custom Item Fields List Page/a_SelectCategories/searchbox_Category' is visible

2019-11-25 10:07:27 - [MESSAGE][WARNING] - Timeout '0' is invalid. Using default page load timeout: '30'

2019-11-25 10:07:27 - [MESSAGE][PASSED] - Object 'Object Repository/ADMIN/Custom Item Fields List Page/a_SelectCategories/searchbox_Category' is visible

2019-11-25 10:07:27 - [TEST_STEP][PASSED] - comment: Category Assignment

2019-11-25 10:07:27 - [TEST_STEP][PASSED] - Statement - If (varAssignedCategory == "All Cat"): null

2019-11-25 10:07:27 - [TEST_STEP][PASSED] - Statement - Else If (varAssignedCategory == "Category 01"): Object: 'Object Repository/ADMIN/Custom Item Fields List Page/a_SelectCategories/a_Categories/checkbox_1' is clicked on

2019-11-25 10:07:27 - [TEST_STEP][PASSED] - setText: Text 'Category 01' is set on object 'Object Repository/ADMIN/Custom Item Fields List Page/a_SelectCategories/searchbox_Category'

2019-11-25 10:07:27 - [MESSAGE][PASSED] - Text 'Category 01' is set on object 'Object Repository/ADMIN/Custom Item Fields List Page/a_SelectCategories/searchbox_Category'

2019-11-25 10:07:27 - [TEST_STEP][PASSED] - click: Object: 'Object Repository/ADMIN/Custom Item Fields List Page/a_SelectCategories/a_Categories/checkbox_1' is clicked on

2019-11-25 10:07:28 - [MESSAGE][PASSED] - Object: 'Object Repository/ADMIN/Custom Item Fields List Page/a_SelectCategories/a_Categories/checkbox_1' is clicked on

2019-11-25 10:07:28 - [TEST_STEP][PASSED] - click: Object: 'Object Repository/ADMIN/Custom Item Fields List Page/a_SelectCategories/button_Save' is clicked on

2019-11-25 10:07:28 - [MESSAGE][PASSED] - Object: 'Object Repository/ADMIN/Custom Item Fields List Page/a_SelectCategories/button_Save' is clicked on

2019-11-25 10:07:28 - [TEST_STEP][PASSED] - delay: Delayed 2 second(s)

2019-11-25 10:07:30 - [MESSAGE][PASSED] - Delayed 2 second(s)

2019-11-25 10:07:30 - [TEST_STEP][PASSED] - click: Object: 'Object Repository/ADMIN/Custom Item Fields Page/a_Default/button_Save1' is clicked on

2019-11-25 10:07:30 - [MESSAGE][PASSED] - Object: 'Object Repository/ADMIN/Custom Item Fields Page/a_Default/button_Save1' is clicked on

2019-11-25 10:07:30 - [TEST_STEP][PASSED] - waitForElementVisible: Object 'Object Repository/ADMIN/Custom Item Fields List Page/button_Add Field' is visible

2019-11-25 10:07:30 - [MESSAGE][WARNING] - Timeout '0' is invalid. Using default page load timeout: '30'

2019-11-25 10:07:30 - [MESSAGE][PASSED] - Object 'Object Repository/ADMIN/Custom Item Fields List Page/button_Add Field' is visible]]></system-out>
         <system-err><![CDATA[]]></system-err>
      </testcase>
      <testcase name="Test Cases/ADMIN/Content Mgmt/Custom Fields Page/Add Custom Item Fields/Add_CF_DataDriven" classname="Test Cases/ADMIN/Content Mgmt/Custom Fields Page/Add Custom Item Fields/Add_CF_DataDriven" status="PASSED">
         <system-out><![CDATA[2019-11-25 10:07:30 - [TEST_CASE][PASSED] - Test Cases/ADMIN/Content Mgmt/Custom Fields Page/Add Custom Item Fields/Add_CF_DataDriven: Test Cases/ADMIN/Content Mgmt/Custom Fields Page/Add Custom Item Fields/Add_CF_DataDriven

2019-11-25 10:07:30 - [TEST_STEP][PASSED] - waitForElementVisible: Object 'Object Repository/ADMIN/Custom Item Fields List Page/button_Add Field' is visible

2019-11-25 10:07:30 - [MESSAGE][WARNING] - Timeout '0' is invalid. Using default page load timeout: '30'

2019-11-25 10:07:31 - [MESSAGE][PASSED] - Object 'Object Repository/ADMIN/Custom Item Fields List Page/button_Add Field' is visible

2019-11-25 10:07:31 - [TEST_STEP][PASSED] - click: Object: 'Object Repository/ADMIN/Custom Item Fields List Page/button_Add Field' is clicked on

2019-11-25 10:07:31 - [MESSAGE][PASSED] - Object: 'Object Repository/ADMIN/Custom Item Fields List Page/button_Add Field' is clicked on

2019-11-25 10:07:31 - [TEST_STEP][PASSED] - comment: Choose Field Type

2019-11-25 10:07:31 - [TEST_STEP][PASSED] - Statement - If (varCustomFieldType == "Checkbox"): null

2019-11-25 10:07:31 - [TEST_STEP][PASSED] - Statement - Else If (varCustomFieldType == "Date / Time picker"): null

2019-11-25 10:07:31 - [TEST_STEP][PASSED] - Statement - Else If (varCustomFieldType == "Drop Down"): null

2019-11-25 10:07:31 - [TEST_STEP][PASSED] - Statement - Else If (varCustomFieldType == "Email"): null

2019-11-25 10:07:31 - [TEST_STEP][PASSED] - Statement - Else If (varCustomFieldType == "Embed Video"): null

2019-11-25 10:07:31 - [TEST_STEP][PASSED] - Statement - Else If (varCustomFieldType == "Hyperlink / URL"): null

2019-11-25 10:07:31 - [TEST_STEP][PASSED] - Statement - Else If (varCustomFieldType == "Location"): null

2019-11-25 10:07:31 - [TEST_STEP][PASSED] - Statement - Else If (varCustomFieldType == "Number"): All options with label 'Number' are selected in object 'Object Repository/ADMIN/Custom Item Fields Page/a_Default/dropdown_fieldtype' 

2019-11-25 10:07:31 - [TEST_STEP][PASSED] - waitForElementVisible: Object 'Object Repository/ADMIN/Custom Item Fields Page/a_Default/dropdown_fieldtype' is visible

2019-11-25 10:07:31 - [MESSAGE][WARNING] - Timeout '0' is invalid. Using default page load timeout: '30'

2019-11-25 10:07:32 - [MESSAGE][PASSED] - Object 'Object Repository/ADMIN/Custom Item Fields Page/a_Default/dropdown_fieldtype' is visible

2019-11-25 10:07:32 - [TEST_STEP][PASSED] - selectOptionByLabel: All options with label 'Number' are selected in object 'Object Repository/ADMIN/Custom Item Fields Page/a_Default/dropdown_fieldtype' 

2019-11-25 10:07:32 - [MESSAGE][PASSED] - All options with label 'Number' are selected in object 'Object Repository/ADMIN/Custom Item Fields Page/a_Default/dropdown_fieldtype' 

2019-11-25 10:07:32 - [TEST_STEP][PASSED] - comment: Field Name

2019-11-25 10:07:32 - [TEST_STEP][PASSED] - setText: Text 'SP_Number_M1' is set on object 'Object Repository/ADMIN/Custom Item Fields Page/a_Default/textfield_fieldname'

2019-11-25 10:07:32 - [MESSAGE][PASSED] - Text 'SP_Number_M1' is set on object 'Object Repository/ADMIN/Custom Item Fields Page/a_Default/textfield_fieldname'

2019-11-25 10:07:32 - [TEST_STEP][PASSED] - comment: Mandatory/NonMandatory

2019-11-25 10:07:32 - [TEST_STEP][PASSED] - Statement - If (varMandatoryNonMandatory == "mandatory"): Object 'Object Repository/ADMIN/Custom Item Fields Page/a_Default/togglebutton_mandatory' is visible

2019-11-25 10:07:32 - [TEST_STEP][PASSED] - waitForElementVisible: Object 'Object Repository/ADMIN/Custom Item Fields Page/a_Default/togglebutton_mandatory' is visible

2019-11-25 10:07:32 - [MESSAGE][WARNING] - Timeout '0' is invalid. Using default page load timeout: '30'

2019-11-25 10:07:32 - [MESSAGE][PASSED] - Object 'Object Repository/ADMIN/Custom Item Fields Page/a_Default/togglebutton_mandatory' is visible

2019-11-25 10:07:32 - [TEST_STEP][PASSED] - comment: Assign Category

2019-11-25 10:07:32 - [TEST_STEP][PASSED] - click: Object: 'Object Repository/ADMIN/Custom Item Fields Page/a_Default/button_SelectCategories' is clicked on

2019-11-25 10:07:32 - [MESSAGE][PASSED] - Object: 'Object Repository/ADMIN/Custom Item Fields Page/a_Default/button_SelectCategories' is clicked on

2019-11-25 10:07:32 - [TEST_STEP][PASSED] - waitForElementVisible: Object 'Object Repository/ADMIN/Custom Item Fields List Page/a_SelectCategories/searchbox_Category' is visible

2019-11-25 10:07:32 - [MESSAGE][WARNING] - Timeout '0' is invalid. Using default page load timeout: '30'

2019-11-25 10:07:32 - [MESSAGE][PASSED] - Object 'Object Repository/ADMIN/Custom Item Fields List Page/a_SelectCategories/searchbox_Category' is visible

2019-11-25 10:07:32 - [TEST_STEP][PASSED] - comment: Category Assignment

2019-11-25 10:07:32 - [TEST_STEP][PASSED] - Statement - If (varAssignedCategory == "All Cat"): null

2019-11-25 10:07:32 - [TEST_STEP][PASSED] - Statement - Else If (varAssignedCategory == "Category 01"): Object: 'Object Repository/ADMIN/Custom Item Fields List Page/a_SelectCategories/a_Categories/checkbox_1' is clicked on

2019-11-25 10:07:32 - [TEST_STEP][PASSED] - setText: Text 'Category 01' is set on object 'Object Repository/ADMIN/Custom Item Fields List Page/a_SelectCategories/searchbox_Category'

2019-11-25 10:07:33 - [MESSAGE][PASSED] - Text 'Category 01' is set on object 'Object Repository/ADMIN/Custom Item Fields List Page/a_SelectCategories/searchbox_Category'

2019-11-25 10:07:33 - [TEST_STEP][PASSED] - click: Object: 'Object Repository/ADMIN/Custom Item Fields List Page/a_SelectCategories/a_Categories/checkbox_1' is clicked on

2019-11-25 10:07:33 - [MESSAGE][PASSED] - Object: 'Object Repository/ADMIN/Custom Item Fields List Page/a_SelectCategories/a_Categories/checkbox_1' is clicked on

2019-11-25 10:07:33 - [TEST_STEP][PASSED] - click: Object: 'Object Repository/ADMIN/Custom Item Fields List Page/a_SelectCategories/button_Save' is clicked on

2019-11-25 10:07:33 - [MESSAGE][PASSED] - Object: 'Object Repository/ADMIN/Custom Item Fields List Page/a_SelectCategories/button_Save' is clicked on

2019-11-25 10:07:33 - [TEST_STEP][PASSED] - delay: Delayed 2 second(s)

2019-11-25 10:07:35 - [MESSAGE][PASSED] - Delayed 2 second(s)

2019-11-25 10:07:35 - [TEST_STEP][PASSED] - click: Object: 'Object Repository/ADMIN/Custom Item Fields Page/a_Default/button_Save1' is clicked on

2019-11-25 10:07:35 - [MESSAGE][PASSED] - Object: 'Object Repository/ADMIN/Custom Item Fields Page/a_Default/button_Save1' is clicked on

2019-11-25 10:07:35 - [TEST_STEP][PASSED] - waitForElementVisible: Object 'Object Repository/ADMIN/Custom Item Fields List Page/button_Add Field' is visible

2019-11-25 10:07:35 - [MESSAGE][WARNING] - Timeout '0' is invalid. Using default page load timeout: '30'

2019-11-25 10:07:36 - [MESSAGE][PASSED] - Object 'Object Repository/ADMIN/Custom Item Fields List Page/button_Add Field' is visible]]></system-out>
         <system-err><![CDATA[]]></system-err>
      </testcase>
      <testcase name="Test Cases/ADMIN/Content Mgmt/Custom Fields Page/Add Custom Item Fields/Add_CF_DataDriven" classname="Test Cases/ADMIN/Content Mgmt/Custom Fields Page/Add Custom Item Fields/Add_CF_DataDriven" status="PASSED">
         <system-out><![CDATA[2019-11-25 10:07:36 - [TEST_CASE][PASSED] - Test Cases/ADMIN/Content Mgmt/Custom Fields Page/Add Custom Item Fields/Add_CF_DataDriven: Test Cases/ADMIN/Content Mgmt/Custom Fields Page/Add Custom Item Fields/Add_CF_DataDriven

2019-11-25 10:07:36 - [TEST_STEP][PASSED] - waitForElementVisible: Object 'Object Repository/ADMIN/Custom Item Fields List Page/button_Add Field' is visible

2019-11-25 10:07:36 - [MESSAGE][WARNING] - Timeout '0' is invalid. Using default page load timeout: '30'

2019-11-25 10:07:36 - [MESSAGE][PASSED] - Object 'Object Repository/ADMIN/Custom Item Fields List Page/button_Add Field' is visible

2019-11-25 10:07:36 - [TEST_STEP][PASSED] - click: Object: 'Object Repository/ADMIN/Custom Item Fields List Page/button_Add Field' is clicked on

2019-11-25 10:07:37 - [MESSAGE][PASSED] - Object: 'Object Repository/ADMIN/Custom Item Fields List Page/button_Add Field' is clicked on

2019-11-25 10:07:37 - [TEST_STEP][PASSED] - comment: Choose Field Type

2019-11-25 10:07:37 - [TEST_STEP][PASSED] - Statement - If (varCustomFieldType == "Checkbox"): null

2019-11-25 10:07:37 - [TEST_STEP][PASSED] - Statement - Else If (varCustomFieldType == "Date / Time picker"): null

2019-11-25 10:07:37 - [TEST_STEP][PASSED] - Statement - Else If (varCustomFieldType == "Drop Down"): null

2019-11-25 10:07:37 - [TEST_STEP][PASSED] - Statement - Else If (varCustomFieldType == "Email"): null

2019-11-25 10:07:37 - [TEST_STEP][PASSED] - Statement - Else If (varCustomFieldType == "Embed Video"): null

2019-11-25 10:07:37 - [TEST_STEP][PASSED] - Statement - Else If (varCustomFieldType == "Hyperlink / URL"): null

2019-11-25 10:07:37 - [TEST_STEP][PASSED] - Statement - Else If (varCustomFieldType == "Location"): null

2019-11-25 10:07:37 - [TEST_STEP][PASSED] - Statement - Else If (varCustomFieldType == "Number"): All options with label 'Number' are selected in object 'Object Repository/ADMIN/Custom Item Fields Page/a_Default/dropdown_fieldtype' 

2019-11-25 10:07:37 - [TEST_STEP][PASSED] - waitForElementVisible: Object 'Object Repository/ADMIN/Custom Item Fields Page/a_Default/dropdown_fieldtype' is visible

2019-11-25 10:07:37 - [MESSAGE][WARNING] - Timeout '0' is invalid. Using default page load timeout: '30'

2019-11-25 10:07:37 - [MESSAGE][PASSED] - Object 'Object Repository/ADMIN/Custom Item Fields Page/a_Default/dropdown_fieldtype' is visible

2019-11-25 10:07:37 - [TEST_STEP][PASSED] - selectOptionByLabel: All options with label 'Number' are selected in object 'Object Repository/ADMIN/Custom Item Fields Page/a_Default/dropdown_fieldtype' 

2019-11-25 10:07:37 - [MESSAGE][PASSED] - All options with label 'Number' are selected in object 'Object Repository/ADMIN/Custom Item Fields Page/a_Default/dropdown_fieldtype' 

2019-11-25 10:07:37 - [TEST_STEP][PASSED] - comment: Field Name

2019-11-25 10:07:37 - [TEST_STEP][PASSED] - setText: Text 'SP_Number_M2' is set on object 'Object Repository/ADMIN/Custom Item Fields Page/a_Default/textfield_fieldname'

2019-11-25 10:07:37 - [MESSAGE][PASSED] - Text 'SP_Number_M2' is set on object 'Object Repository/ADMIN/Custom Item Fields Page/a_Default/textfield_fieldname'

2019-11-25 10:07:37 - [TEST_STEP][PASSED] - comment: Mandatory/NonMandatory

2019-11-25 10:07:37 - [TEST_STEP][PASSED] - Statement - If (varMandatoryNonMandatory == "mandatory"): Object 'Object Repository/ADMIN/Custom Item Fields Page/a_Default/togglebutton_mandatory' is visible

2019-11-25 10:07:37 - [TEST_STEP][PASSED] - waitForElementVisible: Object 'Object Repository/ADMIN/Custom Item Fields Page/a_Default/togglebutton_mandatory' is visible

2019-11-25 10:07:37 - [MESSAGE][WARNING] - Timeout '0' is invalid. Using default page load timeout: '30'

2019-11-25 10:07:37 - [MESSAGE][PASSED] - Object 'Object Repository/ADMIN/Custom Item Fields Page/a_Default/togglebutton_mandatory' is visible

2019-11-25 10:07:37 - [TEST_STEP][PASSED] - comment: Assign Category

2019-11-25 10:07:37 - [TEST_STEP][PASSED] - click: Object: 'Object Repository/ADMIN/Custom Item Fields Page/a_Default/button_SelectCategories' is clicked on

2019-11-25 10:07:37 - [MESSAGE][PASSED] - Object: 'Object Repository/ADMIN/Custom Item Fields Page/a_Default/button_SelectCategories' is clicked on

2019-11-25 10:07:37 - [TEST_STEP][PASSED] - waitForElementVisible: Object 'Object Repository/ADMIN/Custom Item Fields List Page/a_SelectCategories/searchbox_Category' is visible

2019-11-25 10:07:37 - [MESSAGE][WARNING] - Timeout '0' is invalid. Using default page load timeout: '30'

2019-11-25 10:07:38 - [MESSAGE][PASSED] - Object 'Object Repository/ADMIN/Custom Item Fields List Page/a_SelectCategories/searchbox_Category' is visible

2019-11-25 10:07:38 - [TEST_STEP][PASSED] - comment: Category Assignment

2019-11-25 10:07:38 - [TEST_STEP][PASSED] - Statement - If (varAssignedCategory == "All Cat"): null

2019-11-25 10:07:38 - [TEST_STEP][PASSED] - Statement - Else If (varAssignedCategory == "Category 01"): Object: 'Object Repository/ADMIN/Custom Item Fields List Page/a_SelectCategories/a_Categories/checkbox_1' is clicked on

2019-11-25 10:07:38 - [TEST_STEP][PASSED] - setText: Text 'Category 01' is set on object 'Object Repository/ADMIN/Custom Item Fields List Page/a_SelectCategories/searchbox_Category'

2019-11-25 10:07:38 - [MESSAGE][PASSED] - Text 'Category 01' is set on object 'Object Repository/ADMIN/Custom Item Fields List Page/a_SelectCategories/searchbox_Category'

2019-11-25 10:07:38 - [TEST_STEP][PASSED] - click: Object: 'Object Repository/ADMIN/Custom Item Fields List Page/a_SelectCategories/a_Categories/checkbox_1' is clicked on

2019-11-25 10:07:38 - [MESSAGE][PASSED] - Object: 'Object Repository/ADMIN/Custom Item Fields List Page/a_SelectCategories/a_Categories/checkbox_1' is clicked on

2019-11-25 10:07:38 - [TEST_STEP][PASSED] - click: Object: 'Object Repository/ADMIN/Custom Item Fields List Page/a_SelectCategories/button_Save' is clicked on

2019-11-25 10:07:38 - [MESSAGE][PASSED] - Object: 'Object Repository/ADMIN/Custom Item Fields List Page/a_SelectCategories/button_Save' is clicked on

2019-11-25 10:07:38 - [TEST_STEP][PASSED] - delay: Delayed 2 second(s)

2019-11-25 10:07:40 - [MESSAGE][PASSED] - Delayed 2 second(s)

2019-11-25 10:07:40 - [TEST_STEP][PASSED] - click: Object: 'Object Repository/ADMIN/Custom Item Fields Page/a_Default/button_Save1' is clicked on

2019-11-25 10:07:40 - [MESSAGE][PASSED] - Object: 'Object Repository/ADMIN/Custom Item Fields Page/a_Default/button_Save1' is clicked on

2019-11-25 10:07:40 - [TEST_STEP][PASSED] - waitForElementVisible: Object 'Object Repository/ADMIN/Custom Item Fields List Page/button_Add Field' is visible

2019-11-25 10:07:40 - [MESSAGE][WARNING] - Timeout '0' is invalid. Using default page load timeout: '30'

2019-11-25 10:07:42 - [MESSAGE][PASSED] - Object 'Object Repository/ADMIN/Custom Item Fields List Page/button_Add Field' is visible]]></system-out>
         <system-err><![CDATA[]]></system-err>
      </testcase>
      <testcase name="Test Cases/ADMIN/Content Mgmt/Custom Fields Page/Add Custom Item Fields/Add_CF_DataDriven" classname="Test Cases/ADMIN/Content Mgmt/Custom Fields Page/Add Custom Item Fields/Add_CF_DataDriven" status="PASSED">
         <system-out><![CDATA[2019-11-25 10:07:42 - [TEST_CASE][PASSED] - Test Cases/ADMIN/Content Mgmt/Custom Fields Page/Add Custom Item Fields/Add_CF_DataDriven: Test Cases/ADMIN/Content Mgmt/Custom Fields Page/Add Custom Item Fields/Add_CF_DataDriven

2019-11-25 10:07:42 - [TEST_STEP][PASSED] - waitForElementVisible: Object 'Object Repository/ADMIN/Custom Item Fields List Page/button_Add Field' is visible

2019-11-25 10:07:42 - [MESSAGE][WARNING] - Timeout '0' is invalid. Using default page load timeout: '30'

2019-11-25 10:07:42 - [MESSAGE][PASSED] - Object 'Object Repository/ADMIN/Custom Item Fields List Page/button_Add Field' is visible

2019-11-25 10:07:42 - [TEST_STEP][PASSED] - click: Object: 'Object Repository/ADMIN/Custom Item Fields List Page/button_Add Field' is clicked on

2019-11-25 10:07:44 - [MESSAGE][PASSED] - Object: 'Object Repository/ADMIN/Custom Item Fields List Page/button_Add Field' is clicked on

2019-11-25 10:07:44 - [TEST_STEP][PASSED] - comment: Choose Field Type

2019-11-25 10:07:44 - [TEST_STEP][PASSED] - Statement - If (varCustomFieldType == "Checkbox"): Text 'SP_Check Box_M1CB10' is set on object 'Object Repository/ADMIN/Custom Item Fields Page/a_Checkbox/textfield_option10'

2019-11-25 10:07:44 - [TEST_STEP][PASSED] - waitForElementVisible: Object 'Object Repository/ADMIN/Custom Item Fields Page/a_Default/dropdown_fieldtype' is visible

2019-11-25 10:07:44 - [MESSAGE][WARNING] - Timeout '0' is invalid. Using default page load timeout: '30'

2019-11-25 10:07:44 - [MESSAGE][PASSED] - Object 'Object Repository/ADMIN/Custom Item Fields Page/a_Default/dropdown_fieldtype' is visible

2019-11-25 10:07:44 - [TEST_STEP][PASSED] - selectOptionByLabel: All options with label 'Checkbox' are selected in object 'Object Repository/ADMIN/Custom Item Fields Page/a_Default/dropdown_fieldtype' 

2019-11-25 10:07:45 - [MESSAGE][PASSED] - All options with label 'Checkbox' are selected in object 'Object Repository/ADMIN/Custom Item Fields Page/a_Default/dropdown_fieldtype' 

2019-11-25 10:07:45 - [TEST_STEP][PASSED] - waitForElementVisible: Object 'Object Repository/ADMIN/Custom Item Fields Page/a_Checkbox/button_addoption' is visible

2019-11-25 10:07:45 - [MESSAGE][WARNING] - Timeout '0' is invalid. Using default page load timeout: '30'

2019-11-25 10:07:45 - [MESSAGE][PASSED] - Object 'Object Repository/ADMIN/Custom Item Fields Page/a_Checkbox/button_addoption' is visible

2019-11-25 10:07:45 - [TEST_STEP][PASSED] - Statement - For ([r = 0, r <= 7, (r++)]): Object: 'Object Repository/ADMIN/Custom Item Fields Page/a_Checkbox/button_addoption' is clicked on

2019-11-25 10:07:45 - [TEST_STEP][PASSED] - click: Object: 'Object Repository/ADMIN/Custom Item Fields Page/a_Checkbox/button_addoption' is clicked on

2019-11-25 10:07:45 - [MESSAGE][PASSED] - Object: 'Object Repository/ADMIN/Custom Item Fields Page/a_Checkbox/button_addoption' is clicked on

2019-11-25 10:07:45 - [TEST_STEP][PASSED] - click: Object: 'Object Repository/ADMIN/Custom Item Fields Page/a_Checkbox/button_addoption' is clicked on

2019-11-25 10:07:45 - [MESSAGE][PASSED] - Object: 'Object Repository/ADMIN/Custom Item Fields Page/a_Checkbox/button_addoption' is clicked on

2019-11-25 10:07:45 - [TEST_STEP][PASSED] - click: Object: 'Object Repository/ADMIN/Custom Item Fields Page/a_Checkbox/button_addoption' is clicked on

2019-11-25 10:07:45 - [MESSAGE][PASSED] - Object: 'Object Repository/ADMIN/Custom Item Fields Page/a_Checkbox/button_addoption' is clicked on

2019-11-25 10:07:45 - [TEST_STEP][PASSED] - click: Object: 'Object Repository/ADMIN/Custom Item Fields Page/a_Checkbox/button_addoption' is clicked on

2019-11-25 10:07:45 - [MESSAGE][PASSED] - Object: 'Object Repository/ADMIN/Custom Item Fields Page/a_Checkbox/button_addoption' is clicked on

2019-11-25 10:07:45 - [TEST_STEP][PASSED] - click: Object: 'Object Repository/ADMIN/Custom Item Fields Page/a_Checkbox/button_addoption' is clicked on

2019-11-25 10:07:45 - [MESSAGE][PASSED] - Object: 'Object Repository/ADMIN/Custom Item Fields Page/a_Checkbox/button_addoption' is clicked on

2019-11-25 10:07:45 - [TEST_STEP][PASSED] - click: Object: 'Object Repository/ADMIN/Custom Item Fields Page/a_Checkbox/button_addoption' is clicked on

2019-11-25 10:07:45 - [MESSAGE][PASSED] - Object: 'Object Repository/ADMIN/Custom Item Fields Page/a_Checkbox/button_addoption' is clicked on

2019-11-25 10:07:45 - [TEST_STEP][PASSED] - click: Object: 'Object Repository/ADMIN/Custom Item Fields Page/a_Checkbox/button_addoption' is clicked on

2019-11-25 10:07:45 - [MESSAGE][PASSED] - Object: 'Object Repository/ADMIN/Custom Item Fields Page/a_Checkbox/button_addoption' is clicked on

2019-11-25 10:07:45 - [TEST_STEP][PASSED] - click: Object: 'Object Repository/ADMIN/Custom Item Fields Page/a_Checkbox/button_addoption' is clicked on

2019-11-25 10:07:45 - [MESSAGE][PASSED] - Object: 'Object Repository/ADMIN/Custom Item Fields Page/a_Checkbox/button_addoption' is clicked on

2019-11-25 10:07:45 - [TEST_STEP][PASSED] - comment: Add Option

2019-11-25 10:07:45 - [TEST_STEP][PASSED] - setText: Text 'SP_Check Box_M1CB1' is set on object 'Object Repository/ADMIN/Custom Item Fields Page/a_Checkbox/textfield_opt1'

2019-11-25 10:07:45 - [MESSAGE][PASSED] - Text 'SP_Check Box_M1CB1' is set on object 'Object Repository/ADMIN/Custom Item Fields Page/a_Checkbox/textfield_opt1'

2019-11-25 10:07:45 - [TEST_STEP][PASSED] - setText: Text 'SP_Check Box_M1CB2' is set on object 'Object Repository/ADMIN/Custom Item Fields Page/a_Checkbox/textfield_opt2'

2019-11-25 10:07:46 - [MESSAGE][PASSED] - Text 'SP_Check Box_M1CB2' is set on object 'Object Repository/ADMIN/Custom Item Fields Page/a_Checkbox/textfield_opt2'

2019-11-25 10:07:46 - [TEST_STEP][PASSED] - setText: Text 'SP_Check Box_M1CB3' is set on object 'Object Repository/ADMIN/Custom Item Fields Page/a_Checkbox/textfield_option3'

2019-11-25 10:07:46 - [MESSAGE][PASSED] - Text 'SP_Check Box_M1CB3' is set on object 'Object Repository/ADMIN/Custom Item Fields Page/a_Checkbox/textfield_option3'

2019-11-25 10:07:46 - [TEST_STEP][PASSED] - setText: Text 'SP_Check Box_M1CB4' is set on object 'Object Repository/ADMIN/Custom Item Fields Page/a_Checkbox/textfield_option4'

2019-11-25 10:07:46 - [MESSAGE][PASSED] - Text 'SP_Check Box_M1CB4' is set on object 'Object Repository/ADMIN/Custom Item Fields Page/a_Checkbox/textfield_option4'

2019-11-25 10:07:46 - [TEST_STEP][PASSED] - setText: Text 'SP_Check Box_M1CB5' is set on object 'Object Repository/ADMIN/Custom Item Fields Page/a_Checkbox/textfield_option5'

2019-11-25 10:07:46 - [MESSAGE][PASSED] - Text 'SP_Check Box_M1CB5' is set on object 'Object Repository/ADMIN/Custom Item Fields Page/a_Checkbox/textfield_option5'

2019-11-25 10:07:46 - [TEST_STEP][PASSED] - setText: Text 'SP_Check Box_M1CB6' is set on object 'Object Repository/ADMIN/Custom Item Fields Page/a_Checkbox/textfield_option6'

2019-11-25 10:07:46 - [MESSAGE][PASSED] - Text 'SP_Check Box_M1CB6' is set on object 'Object Repository/ADMIN/Custom Item Fields Page/a_Checkbox/textfield_option6'

2019-11-25 10:07:46 - [TEST_STEP][PASSED] - setText: Text 'SP_Check Box_M1CB7' is set on object 'Object Repository/ADMIN/Custom Item Fields Page/a_Checkbox/textfield_option7'

2019-11-25 10:07:47 - [MESSAGE][PASSED] - Text 'SP_Check Box_M1CB7' is set on object 'Object Repository/ADMIN/Custom Item Fields Page/a_Checkbox/textfield_option7'

2019-11-25 10:07:47 - [TEST_STEP][PASSED] - setText: Text 'SP_Check Box_M1CB8' is set on object 'Object Repository/ADMIN/Custom Item Fields Page/a_Checkbox/textfield_option8'

2019-11-25 10:07:47 - [MESSAGE][PASSED] - Text 'SP_Check Box_M1CB8' is set on object 'Object Repository/ADMIN/Custom Item Fields Page/a_Checkbox/textfield_option8'

2019-11-25 10:07:47 - [TEST_STEP][PASSED] - setText: Text 'SP_Check Box_M1CB9' is set on object 'Object Repository/ADMIN/Custom Item Fields Page/a_Checkbox/textfield_option9'

2019-11-25 10:07:47 - [MESSAGE][PASSED] - Text 'SP_Check Box_M1CB9' is set on object 'Object Repository/ADMIN/Custom Item Fields Page/a_Checkbox/textfield_option9'

2019-11-25 10:07:47 - [TEST_STEP][PASSED] - setText: Text 'SP_Check Box_M1CB10' is set on object 'Object Repository/ADMIN/Custom Item Fields Page/a_Checkbox/textfield_option10'

2019-11-25 10:07:47 - [MESSAGE][PASSED] - Text 'SP_Check Box_M1CB10' is set on object 'Object Repository/ADMIN/Custom Item Fields Page/a_Checkbox/textfield_option10'

2019-11-25 10:07:47 - [TEST_STEP][PASSED] - comment: Field Name

2019-11-25 10:07:47 - [TEST_STEP][PASSED] - setText: Text 'SP_Check Box_M1' is set on object 'Object Repository/ADMIN/Custom Item Fields Page/a_Default/textfield_fieldname'

2019-11-25 10:07:47 - [MESSAGE][PASSED] - Text 'SP_Check Box_M1' is set on object 'Object Repository/ADMIN/Custom Item Fields Page/a_Default/textfield_fieldname'

2019-11-25 10:07:47 - [TEST_STEP][PASSED] - comment: Mandatory/NonMandatory

2019-11-25 10:07:47 - [TEST_STEP][PASSED] - Statement - If (varMandatoryNonMandatory == "mandatory"): Object 'Object Repository/ADMIN/Custom Item Fields Page/a_Default/togglebutton_mandatory' is visible

2019-11-25 10:07:47 - [TEST_STEP][PASSED] - waitForElementVisible: Object 'Object Repository/ADMIN/Custom Item Fields Page/a_Default/togglebutton_mandatory' is visible

2019-11-25 10:07:47 - [MESSAGE][WARNING] - Timeout '0' is invalid. Using default page load timeout: '30'

2019-11-25 10:07:47 - [MESSAGE][PASSED] - Object 'Object Repository/ADMIN/Custom Item Fields Page/a_Default/togglebutton_mandatory' is visible

2019-11-25 10:07:47 - [TEST_STEP][PASSED] - comment: Assign Category

2019-11-25 10:07:47 - [TEST_STEP][PASSED] - click: Object: 'Object Repository/ADMIN/Custom Item Fields Page/a_Default/button_SelectCategories' is clicked on

2019-11-25 10:07:47 - [MESSAGE][PASSED] - Object: 'Object Repository/ADMIN/Custom Item Fields Page/a_Default/button_SelectCategories' is clicked on

2019-11-25 10:07:47 - [TEST_STEP][PASSED] - waitForElementVisible: Object 'Object Repository/ADMIN/Custom Item Fields List Page/a_SelectCategories/searchbox_Category' is visible

2019-11-25 10:07:47 - [MESSAGE][WARNING] - Timeout '0' is invalid. Using default page load timeout: '30'

2019-11-25 10:07:48 - [MESSAGE][PASSED] - Object 'Object Repository/ADMIN/Custom Item Fields List Page/a_SelectCategories/searchbox_Category' is visible

2019-11-25 10:07:48 - [TEST_STEP][PASSED] - comment: Category Assignment

2019-11-25 10:07:48 - [TEST_STEP][PASSED] - Statement - If (varAssignedCategory == "All Cat"): null

2019-11-25 10:07:48 - [TEST_STEP][PASSED] - Statement - Else If (varAssignedCategory == "Category 01"): Object: 'Object Repository/ADMIN/Custom Item Fields List Page/a_SelectCategories/a_Categories/checkbox_1' is clicked on

2019-11-25 10:07:48 - [TEST_STEP][PASSED] - setText: Text 'Category 01' is set on object 'Object Repository/ADMIN/Custom Item Fields List Page/a_SelectCategories/searchbox_Category'

2019-11-25 10:07:48 - [MESSAGE][PASSED] - Text 'Category 01' is set on object 'Object Repository/ADMIN/Custom Item Fields List Page/a_SelectCategories/searchbox_Category'

2019-11-25 10:07:48 - [TEST_STEP][PASSED] - click: Object: 'Object Repository/ADMIN/Custom Item Fields List Page/a_SelectCategories/a_Categories/checkbox_1' is clicked on

2019-11-25 10:07:48 - [MESSAGE][PASSED] - Object: 'Object Repository/ADMIN/Custom Item Fields List Page/a_SelectCategories/a_Categories/checkbox_1' is clicked on

2019-11-25 10:07:48 - [TEST_STEP][PASSED] - click: Object: 'Object Repository/ADMIN/Custom Item Fields List Page/a_SelectCategories/button_Save' is clicked on

2019-11-25 10:07:48 - [MESSAGE][PASSED] - Object: 'Object Repository/ADMIN/Custom Item Fields List Page/a_SelectCategories/button_Save' is clicked on

2019-11-25 10:07:48 - [TEST_STEP][PASSED] - delay: Delayed 2 second(s)

2019-11-25 10:07:50 - [MESSAGE][PASSED] - Delayed 2 second(s)

2019-11-25 10:07:50 - [TEST_STEP][PASSED] - click: Object: 'Object Repository/ADMIN/Custom Item Fields Page/a_Default/button_Save1' is clicked on

2019-11-25 10:07:50 - [MESSAGE][PASSED] - Object: 'Object Repository/ADMIN/Custom Item Fields Page/a_Default/button_Save1' is clicked on

2019-11-25 10:07:50 - [TEST_STEP][PASSED] - waitForElementVisible: Object 'Object Repository/ADMIN/Custom Item Fields List Page/button_Add Field' is visible

2019-11-25 10:07:50 - [MESSAGE][WARNING] - Timeout '0' is invalid. Using default page load timeout: '30'

2019-11-25 10:07:51 - [MESSAGE][PASSED] - Object 'Object Repository/ADMIN/Custom Item Fields List Page/button_Add Field' is visible]]></system-out>
         <system-err><![CDATA[]]></system-err>
      </testcase>
      <testcase name="Test Cases/ADMIN/Content Mgmt/Custom Fields Page/Add Custom Item Fields/Add_CF_DataDriven" classname="Test Cases/ADMIN/Content Mgmt/Custom Fields Page/Add Custom Item Fields/Add_CF_DataDriven" status="PASSED">
         <system-out><![CDATA[2019-11-25 10:07:51 - [TEST_CASE][PASSED] - Test Cases/ADMIN/Content Mgmt/Custom Fields Page/Add Custom Item Fields/Add_CF_DataDriven: Test Cases/ADMIN/Content Mgmt/Custom Fields Page/Add Custom Item Fields/Add_CF_DataDriven

2019-11-25 10:07:51 - [TEST_STEP][PASSED] - waitForElementVisible: Object 'Object Repository/ADMIN/Custom Item Fields List Page/button_Add Field' is visible

2019-11-25 10:07:51 - [MESSAGE][WARNING] - Timeout '0' is invalid. Using default page load timeout: '30'

2019-11-25 10:07:51 - [MESSAGE][PASSED] - Object 'Object Repository/ADMIN/Custom Item Fields List Page/button_Add Field' is visible

2019-11-25 10:07:51 - [TEST_STEP][PASSED] - click: Object: 'Object Repository/ADMIN/Custom Item Fields List Page/button_Add Field' is clicked on

2019-11-25 10:07:54 - [MESSAGE][PASSED] - Object: 'Object Repository/ADMIN/Custom Item Fields List Page/button_Add Field' is clicked on

2019-11-25 10:07:54 - [TEST_STEP][PASSED] - comment: Choose Field Type

2019-11-25 10:07:54 - [TEST_STEP][PASSED] - Statement - If (varCustomFieldType == "Checkbox"): Text 'SP_Check Box_M2CB10' is set on object 'Object Repository/ADMIN/Custom Item Fields Page/a_Checkbox/textfield_option10'

2019-11-25 10:07:54 - [TEST_STEP][PASSED] - waitForElementVisible: Object 'Object Repository/ADMIN/Custom Item Fields Page/a_Default/dropdown_fieldtype' is visible

2019-11-25 10:07:54 - [MESSAGE][WARNING] - Timeout '0' is invalid. Using default page load timeout: '30'

2019-11-25 10:07:54 - [MESSAGE][PASSED] - Object 'Object Repository/ADMIN/Custom Item Fields Page/a_Default/dropdown_fieldtype' is visible

2019-11-25 10:07:54 - [TEST_STEP][PASSED] - selectOptionByLabel: All options with label 'Checkbox' are selected in object 'Object Repository/ADMIN/Custom Item Fields Page/a_Default/dropdown_fieldtype' 

2019-11-25 10:07:54 - [MESSAGE][PASSED] - All options with label 'Checkbox' are selected in object 'Object Repository/ADMIN/Custom Item Fields Page/a_Default/dropdown_fieldtype' 

2019-11-25 10:07:54 - [TEST_STEP][PASSED] - waitForElementVisible: Object 'Object Repository/ADMIN/Custom Item Fields Page/a_Checkbox/button_addoption' is visible

2019-11-25 10:07:54 - [MESSAGE][WARNING] - Timeout '0' is invalid. Using default page load timeout: '30'

2019-11-25 10:07:54 - [MESSAGE][PASSED] - Object 'Object Repository/ADMIN/Custom Item Fields Page/a_Checkbox/button_addoption' is visible

2019-11-25 10:07:54 - [TEST_STEP][PASSED] - Statement - For ([r = 0, r <= 7, (r++)]): Object: 'Object Repository/ADMIN/Custom Item Fields Page/a_Checkbox/button_addoption' is clicked on

2019-11-25 10:07:54 - [TEST_STEP][PASSED] - click: Object: 'Object Repository/ADMIN/Custom Item Fields Page/a_Checkbox/button_addoption' is clicked on

2019-11-25 10:07:54 - [MESSAGE][PASSED] - Object: 'Object Repository/ADMIN/Custom Item Fields Page/a_Checkbox/button_addoption' is clicked on

2019-11-25 10:07:54 - [TEST_STEP][PASSED] - click: Object: 'Object Repository/ADMIN/Custom Item Fields Page/a_Checkbox/button_addoption' is clicked on

2019-11-25 10:07:54 - [MESSAGE][PASSED] - Object: 'Object Repository/ADMIN/Custom Item Fields Page/a_Checkbox/button_addoption' is clicked on

2019-11-25 10:07:54 - [TEST_STEP][PASSED] - click: Object: 'Object Repository/ADMIN/Custom Item Fields Page/a_Checkbox/button_addoption' is clicked on

2019-11-25 10:07:54 - [MESSAGE][PASSED] - Object: 'Object Repository/ADMIN/Custom Item Fields Page/a_Checkbox/button_addoption' is clicked on

2019-11-25 10:07:54 - [TEST_STEP][PASSED] - click: Object: 'Object Repository/ADMIN/Custom Item Fields Page/a_Checkbox/button_addoption' is clicked on

2019-11-25 10:07:54 - [MESSAGE][PASSED] - Object: 'Object Repository/ADMIN/Custom Item Fields Page/a_Checkbox/button_addoption' is clicked on

2019-11-25 10:07:54 - [TEST_STEP][PASSED] - click: Object: 'Object Repository/ADMIN/Custom Item Fields Page/a_Checkbox/button_addoption' is clicked on

2019-11-25 10:07:54 - [MESSAGE][PASSED] - Object: 'Object Repository/ADMIN/Custom Item Fields Page/a_Checkbox/button_addoption' is clicked on

2019-11-25 10:07:54 - [TEST_STEP][PASSED] - click: Object: 'Object Repository/ADMIN/Custom Item Fields Page/a_Checkbox/button_addoption' is clicked on

2019-11-25 10:07:54 - [MESSAGE][PASSED] - Object: 'Object Repository/ADMIN/Custom Item Fields Page/a_Checkbox/button_addoption' is clicked on

2019-11-25 10:07:54 - [TEST_STEP][PASSED] - click: Object: 'Object Repository/ADMIN/Custom Item Fields Page/a_Checkbox/button_addoption' is clicked on

2019-11-25 10:07:54 - [MESSAGE][PASSED] - Object: 'Object Repository/ADMIN/Custom Item Fields Page/a_Checkbox/button_addoption' is clicked on

2019-11-25 10:07:54 - [TEST_STEP][PASSED] - click: Object: 'Object Repository/ADMIN/Custom Item Fields Page/a_Checkbox/button_addoption' is clicked on

2019-11-25 10:07:54 - [MESSAGE][PASSED] - Object: 'Object Repository/ADMIN/Custom Item Fields Page/a_Checkbox/button_addoption' is clicked on

2019-11-25 10:07:54 - [TEST_STEP][PASSED] - comment: Add Option

2019-11-25 10:07:54 - [TEST_STEP][PASSED] - setText: Text 'SP_Check Box_M2CB1' is set on object 'Object Repository/ADMIN/Custom Item Fields Page/a_Checkbox/textfield_opt1'

2019-11-25 10:07:55 - [MESSAGE][PASSED] - Text 'SP_Check Box_M2CB1' is set on object 'Object Repository/ADMIN/Custom Item Fields Page/a_Checkbox/textfield_opt1'

2019-11-25 10:07:55 - [TEST_STEP][PASSED] - setText: Text 'SP_Check Box_M2CB2' is set on object 'Object Repository/ADMIN/Custom Item Fields Page/a_Checkbox/textfield_opt2'

2019-11-25 10:07:55 - [MESSAGE][PASSED] - Text 'SP_Check Box_M2CB2' is set on object 'Object Repository/ADMIN/Custom Item Fields Page/a_Checkbox/textfield_opt2'

2019-11-25 10:07:55 - [TEST_STEP][PASSED] - setText: Text 'SP_Check Box_M2CB3' is set on object 'Object Repository/ADMIN/Custom Item Fields Page/a_Checkbox/textfield_option3'

2019-11-25 10:07:55 - [MESSAGE][PASSED] - Text 'SP_Check Box_M2CB3' is set on object 'Object Repository/ADMIN/Custom Item Fields Page/a_Checkbox/textfield_option3'

2019-11-25 10:07:55 - [TEST_STEP][PASSED] - setText: Text 'SP_Check Box_M2CB4' is set on object 'Object Repository/ADMIN/Custom Item Fields Page/a_Checkbox/textfield_option4'

2019-11-25 10:07:55 - [MESSAGE][PASSED] - Text 'SP_Check Box_M2CB4' is set on object 'Object Repository/ADMIN/Custom Item Fields Page/a_Checkbox/textfield_option4'

2019-11-25 10:07:55 - [TEST_STEP][PASSED] - setText: Text 'SP_Check Box_M2CB5' is set on object 'Object Repository/ADMIN/Custom Item Fields Page/a_Checkbox/textfield_option5'

2019-11-25 10:07:55 - [MESSAGE][PASSED] - Text 'SP_Check Box_M2CB5' is set on object 'Object Repository/ADMIN/Custom Item Fields Page/a_Checkbox/textfield_option5'

2019-11-25 10:07:55 - [TEST_STEP][PASSED] - setText: Text 'SP_Check Box_M2CB6' is set on object 'Object Repository/ADMIN/Custom Item Fields Page/a_Checkbox/textfield_option6'

2019-11-25 10:07:56 - [MESSAGE][PASSED] - Text 'SP_Check Box_M2CB6' is set on object 'Object Repository/ADMIN/Custom Item Fields Page/a_Checkbox/textfield_option6'

2019-11-25 10:07:56 - [TEST_STEP][PASSED] - setText: Text 'SP_Check Box_M2CB7' is set on object 'Object Repository/ADMIN/Custom Item Fields Page/a_Checkbox/textfield_option7'

2019-11-25 10:07:56 - [MESSAGE][PASSED] - Text 'SP_Check Box_M2CB7' is set on object 'Object Repository/ADMIN/Custom Item Fields Page/a_Checkbox/textfield_option7'

2019-11-25 10:07:56 - [TEST_STEP][PASSED] - setText: Text 'SP_Check Box_M2CB8' is set on object 'Object Repository/ADMIN/Custom Item Fields Page/a_Checkbox/textfield_option8'

2019-11-25 10:07:56 - [MESSAGE][PASSED] - Text 'SP_Check Box_M2CB8' is set on object 'Object Repository/ADMIN/Custom Item Fields Page/a_Checkbox/textfield_option8'

2019-11-25 10:07:56 - [TEST_STEP][PASSED] - setText: Text 'SP_Check Box_M2CB9' is set on object 'Object Repository/ADMIN/Custom Item Fields Page/a_Checkbox/textfield_option9'

2019-11-25 10:07:56 - [MESSAGE][PASSED] - Text 'SP_Check Box_M2CB9' is set on object 'Object Repository/ADMIN/Custom Item Fields Page/a_Checkbox/textfield_option9'

2019-11-25 10:07:56 - [TEST_STEP][PASSED] - setText: Text 'SP_Check Box_M2CB10' is set on object 'Object Repository/ADMIN/Custom Item Fields Page/a_Checkbox/textfield_option10'

2019-11-25 10:07:57 - [MESSAGE][PASSED] - Text 'SP_Check Box_M2CB10' is set on object 'Object Repository/ADMIN/Custom Item Fields Page/a_Checkbox/textfield_option10'

2019-11-25 10:07:57 - [TEST_STEP][PASSED] - comment: Field Name

2019-11-25 10:07:57 - [TEST_STEP][PASSED] - setText: Text 'SP_Check Box_M2' is set on object 'Object Repository/ADMIN/Custom Item Fields Page/a_Default/textfield_fieldname'

2019-11-25 10:07:57 - [MESSAGE][PASSED] - Text 'SP_Check Box_M2' is set on object 'Object Repository/ADMIN/Custom Item Fields Page/a_Default/textfield_fieldname'

2019-11-25 10:07:57 - [TEST_STEP][PASSED] - comment: Mandatory/NonMandatory

2019-11-25 10:07:57 - [TEST_STEP][PASSED] - Statement - If (varMandatoryNonMandatory == "mandatory"): Object 'Object Repository/ADMIN/Custom Item Fields Page/a_Default/togglebutton_mandatory' is visible

2019-11-25 10:07:57 - [TEST_STEP][PASSED] - waitForElementVisible: Object 'Object Repository/ADMIN/Custom Item Fields Page/a_Default/togglebutton_mandatory' is visible

2019-11-25 10:07:57 - [MESSAGE][WARNING] - Timeout '0' is invalid. Using default page load timeout: '30'

2019-11-25 10:07:57 - [MESSAGE][PASSED] - Object 'Object Repository/ADMIN/Custom Item Fields Page/a_Default/togglebutton_mandatory' is visible

2019-11-25 10:07:57 - [TEST_STEP][PASSED] - comment: Assign Category

2019-11-25 10:07:57 - [TEST_STEP][PASSED] - click: Object: 'Object Repository/ADMIN/Custom Item Fields Page/a_Default/button_SelectCategories' is clicked on

2019-11-25 10:07:57 - [MESSAGE][PASSED] - Object: 'Object Repository/ADMIN/Custom Item Fields Page/a_Default/button_SelectCategories' is clicked on

2019-11-25 10:07:57 - [TEST_STEP][PASSED] - waitForElementVisible: Object 'Object Repository/ADMIN/Custom Item Fields List Page/a_SelectCategories/searchbox_Category' is visible

2019-11-25 10:07:57 - [MESSAGE][WARNING] - Timeout '0' is invalid. Using default page load timeout: '30'

2019-11-25 10:07:57 - [MESSAGE][PASSED] - Object 'Object Repository/ADMIN/Custom Item Fields List Page/a_SelectCategories/searchbox_Category' is visible

2019-11-25 10:07:57 - [TEST_STEP][PASSED] - comment: Category Assignment

2019-11-25 10:07:57 - [TEST_STEP][PASSED] - Statement - If (varAssignedCategory == "All Cat"): null

2019-11-25 10:07:57 - [TEST_STEP][PASSED] - Statement - Else If (varAssignedCategory == "Category 01"): Object: 'Object Repository/ADMIN/Custom Item Fields List Page/a_SelectCategories/a_Categories/checkbox_1' is clicked on

2019-11-25 10:07:57 - [TEST_STEP][PASSED] - setText: Text 'Category 01' is set on object 'Object Repository/ADMIN/Custom Item Fields List Page/a_SelectCategories/searchbox_Category'

2019-11-25 10:07:58 - [MESSAGE][PASSED] - Text 'Category 01' is set on object 'Object Repository/ADMIN/Custom Item Fields List Page/a_SelectCategories/searchbox_Category'

2019-11-25 10:07:58 - [TEST_STEP][PASSED] - click: Object: 'Object Repository/ADMIN/Custom Item Fields List Page/a_SelectCategories/a_Categories/checkbox_1' is clicked on

2019-11-25 10:07:58 - [MESSAGE][PASSED] - Object: 'Object Repository/ADMIN/Custom Item Fields List Page/a_SelectCategories/a_Categories/checkbox_1' is clicked on

2019-11-25 10:07:58 - [TEST_STEP][PASSED] - click: Object: 'Object Repository/ADMIN/Custom Item Fields List Page/a_SelectCategories/button_Save' is clicked on

2019-11-25 10:07:58 - [MESSAGE][PASSED] - Object: 'Object Repository/ADMIN/Custom Item Fields List Page/a_SelectCategories/button_Save' is clicked on

2019-11-25 10:07:58 - [TEST_STEP][PASSED] - delay: Delayed 2 second(s)

2019-11-25 10:08:00 - [MESSAGE][PASSED] - Delayed 2 second(s)

2019-11-25 10:08:00 - [TEST_STEP][PASSED] - click: Object: 'Object Repository/ADMIN/Custom Item Fields Page/a_Default/button_Save1' is clicked on

2019-11-25 10:08:00 - [MESSAGE][PASSED] - Object: 'Object Repository/ADMIN/Custom Item Fields Page/a_Default/button_Save1' is clicked on

2019-11-25 10:08:00 - [TEST_STEP][PASSED] - waitForElementVisible: Object 'Object Repository/ADMIN/Custom Item Fields List Page/button_Add Field' is visible

2019-11-25 10:08:00 - [MESSAGE][WARNING] - Timeout '0' is invalid. Using default page load timeout: '30'

2019-11-25 10:08:01 - [MESSAGE][PASSED] - Object 'Object Repository/ADMIN/Custom Item Fields List Page/button_Add Field' is visible]]></system-out>
         <system-err><![CDATA[]]></system-err>
      </testcase>
      <testcase name="Test Cases/ADMIN/Content Mgmt/Custom Fields Page/Add Custom Item Fields/Add_CF_DataDriven" classname="Test Cases/ADMIN/Content Mgmt/Custom Fields Page/Add Custom Item Fields/Add_CF_DataDriven" status="PASSED">
         <system-out><![CDATA[2019-11-25 10:08:01 - [TEST_CASE][PASSED] - Test Cases/ADMIN/Content Mgmt/Custom Fields Page/Add Custom Item Fields/Add_CF_DataDriven: Test Cases/ADMIN/Content Mgmt/Custom Fields Page/Add Custom Item Fields/Add_CF_DataDriven

2019-11-25 10:08:01 - [TEST_STEP][PASSED] - waitForElementVisible: Object 'Object Repository/ADMIN/Custom Item Fields List Page/button_Add Field' is visible

2019-11-25 10:08:01 - [MESSAGE][WARNING] - Timeout '0' is invalid. Using default page load timeout: '30'

2019-11-25 10:08:01 - [MESSAGE][PASSED] - Object 'Object Repository/ADMIN/Custom Item Fields List Page/button_Add Field' is visible

2019-11-25 10:08:01 - [TEST_STEP][PASSED] - click: Object: 'Object Repository/ADMIN/Custom Item Fields List Page/button_Add Field' is clicked on

2019-11-25 10:08:02 - [MESSAGE][PASSED] - Object: 'Object Repository/ADMIN/Custom Item Fields List Page/button_Add Field' is clicked on

2019-11-25 10:08:02 - [TEST_STEP][PASSED] - comment: Choose Field Type

2019-11-25 10:08:02 - [TEST_STEP][PASSED] - Statement - If (varCustomFieldType == "Checkbox"): null

2019-11-25 10:08:02 - [TEST_STEP][PASSED] - Statement - Else If (varCustomFieldType == "Date / Time picker"): null

2019-11-25 10:08:02 - [TEST_STEP][PASSED] - Statement - Else If (varCustomFieldType == "Drop Down"): Text 'SP_Drop Down_M1DD10' is set on object 'Object Repository/ADMIN/Custom Item Fields Page/a_Checkbox/textfield_option10'

2019-11-25 10:08:02 - [TEST_STEP][PASSED] - waitForElementVisible: Object 'Object Repository/ADMIN/Custom Item Fields Page/a_Default/dropdown_fieldtype' is visible

2019-11-25 10:08:02 - [MESSAGE][WARNING] - Timeout '0' is invalid. Using default page load timeout: '30'

2019-11-25 10:08:02 - [MESSAGE][PASSED] - Object 'Object Repository/ADMIN/Custom Item Fields Page/a_Default/dropdown_fieldtype' is visible

2019-11-25 10:08:02 - [TEST_STEP][PASSED] - selectOptionByLabel: All options with label 'Drop Down' are selected in object 'Object Repository/ADMIN/Custom Item Fields Page/a_Default/dropdown_fieldtype' 

2019-11-25 10:08:02 - [MESSAGE][PASSED] - All options with label 'Drop Down' are selected in object 'Object Repository/ADMIN/Custom Item Fields Page/a_Default/dropdown_fieldtype' 

2019-11-25 10:08:02 - [TEST_STEP][PASSED] - waitForElementVisible: Object 'Object Repository/ADMIN/Custom Item Fields Page/a_Checkbox/icon_addoptio' is visible

2019-11-25 10:08:02 - [MESSAGE][WARNING] - Timeout '0' is invalid. Using default page load timeout: '30'

2019-11-25 10:08:02 - [MESSAGE][PASSED] - Object 'Object Repository/ADMIN/Custom Item Fields Page/a_Checkbox/icon_addoptio' is visible

2019-11-25 10:08:02 - [TEST_STEP][PASSED] - Statement - For ([r = 0, r <= 7, (r++)]): Object: 'Object Repository/ADMIN/Custom Item Fields Page/a_Checkbox/icon_addoptio' is clicked on

2019-11-25 10:08:02 - [TEST_STEP][PASSED] - click: Object: 'Object Repository/ADMIN/Custom Item Fields Page/a_Checkbox/icon_addoptio' is clicked on

2019-11-25 10:08:02 - [MESSAGE][PASSED] - Object: 'Object Repository/ADMIN/Custom Item Fields Page/a_Checkbox/icon_addoptio' is clicked on

2019-11-25 10:08:02 - [TEST_STEP][PASSED] - click: Object: 'Object Repository/ADMIN/Custom Item Fields Page/a_Checkbox/icon_addoptio' is clicked on

2019-11-25 10:08:02 - [MESSAGE][PASSED] - Object: 'Object Repository/ADMIN/Custom Item Fields Page/a_Checkbox/icon_addoptio' is clicked on

2019-11-25 10:08:02 - [TEST_STEP][PASSED] - click: Object: 'Object Repository/ADMIN/Custom Item Fields Page/a_Checkbox/icon_addoptio' is clicked on

2019-11-25 10:08:02 - [MESSAGE][PASSED] - Object: 'Object Repository/ADMIN/Custom Item Fields Page/a_Checkbox/icon_addoptio' is clicked on

2019-11-25 10:08:02 - [TEST_STEP][PASSED] - click: Object: 'Object Repository/ADMIN/Custom Item Fields Page/a_Checkbox/icon_addoptio' is clicked on

2019-11-25 10:08:02 - [MESSAGE][PASSED] - Object: 'Object Repository/ADMIN/Custom Item Fields Page/a_Checkbox/icon_addoptio' is clicked on

2019-11-25 10:08:02 - [TEST_STEP][PASSED] - click: Object: 'Object Repository/ADMIN/Custom Item Fields Page/a_Checkbox/icon_addoptio' is clicked on

2019-11-25 10:08:02 - [MESSAGE][PASSED] - Object: 'Object Repository/ADMIN/Custom Item Fields Page/a_Checkbox/icon_addoptio' is clicked on

2019-11-25 10:08:02 - [TEST_STEP][PASSED] - click: Object: 'Object Repository/ADMIN/Custom Item Fields Page/a_Checkbox/icon_addoptio' is clicked on

2019-11-25 10:08:02 - [MESSAGE][PASSED] - Object: 'Object Repository/ADMIN/Custom Item Fields Page/a_Checkbox/icon_addoptio' is clicked on

2019-11-25 10:08:02 - [TEST_STEP][PASSED] - click: Object: 'Object Repository/ADMIN/Custom Item Fields Page/a_Checkbox/icon_addoptio' is clicked on

2019-11-25 10:08:02 - [MESSAGE][PASSED] - Object: 'Object Repository/ADMIN/Custom Item Fields Page/a_Checkbox/icon_addoptio' is clicked on

2019-11-25 10:08:02 - [TEST_STEP][PASSED] - click: Object: 'Object Repository/ADMIN/Custom Item Fields Page/a_Checkbox/icon_addoptio' is clicked on

2019-11-25 10:08:03 - [MESSAGE][PASSED] - Object: 'Object Repository/ADMIN/Custom Item Fields Page/a_Checkbox/icon_addoptio' is clicked on

2019-11-25 10:08:03 - [TEST_STEP][PASSED] - comment: Add Option

2019-11-25 10:08:03 - [TEST_STEP][PASSED] - setText: Text 'SP_Drop Down_M1DD1' is set on object 'Object Repository/ADMIN/Custom Item Fields Page/a_Checkbox/textfield_option1'

2019-11-25 10:08:03 - [MESSAGE][PASSED] - Text 'SP_Drop Down_M1DD1' is set on object 'Object Repository/ADMIN/Custom Item Fields Page/a_Checkbox/textfield_option1'

2019-11-25 10:08:03 - [TEST_STEP][PASSED] - setText: Text 'SP_Drop Down_M1DD2' is set on object 'Object Repository/ADMIN/Custom Item Fields Page/a_Checkbox/textfield_option2'

2019-11-25 10:08:03 - [MESSAGE][PASSED] - Text 'SP_Drop Down_M1DD2' is set on object 'Object Repository/ADMIN/Custom Item Fields Page/a_Checkbox/textfield_option2'

2019-11-25 10:08:03 - [TEST_STEP][PASSED] - setText: Text 'SP_Drop Down_M1DD3' is set on object 'Object Repository/ADMIN/Custom Item Fields Page/a_Checkbox/textfield_option3'

2019-11-25 10:08:03 - [MESSAGE][PASSED] - Text 'SP_Drop Down_M1DD3' is set on object 'Object Repository/ADMIN/Custom Item Fields Page/a_Checkbox/textfield_option3'

2019-11-25 10:08:03 - [TEST_STEP][PASSED] - setText: Text 'SP_Drop Down_M1DD4' is set on object 'Object Repository/ADMIN/Custom Item Fields Page/a_Checkbox/textfield_option4'

2019-11-25 10:08:03 - [MESSAGE][PASSED] - Text 'SP_Drop Down_M1DD4' is set on object 'Object Repository/ADMIN/Custom Item Fields Page/a_Checkbox/textfield_option4'

2019-11-25 10:08:03 - [TEST_STEP][PASSED] - setText: Text 'SP_Drop Down_M1DD5' is set on object 'Object Repository/ADMIN/Custom Item Fields Page/a_Checkbox/textfield_option5'

2019-11-25 10:08:04 - [MESSAGE][PASSED] - Text 'SP_Drop Down_M1DD5' is set on object 'Object Repository/ADMIN/Custom Item Fields Page/a_Checkbox/textfield_option5'

2019-11-25 10:08:04 - [TEST_STEP][PASSED] - setText: Text 'SP_Drop Down_M1DD6' is set on object 'Object Repository/ADMIN/Custom Item Fields Page/a_Checkbox/textfield_option6'

2019-11-25 10:08:04 - [MESSAGE][PASSED] - Text 'SP_Drop Down_M1DD6' is set on object 'Object Repository/ADMIN/Custom Item Fields Page/a_Checkbox/textfield_option6'

2019-11-25 10:08:04 - [TEST_STEP][PASSED] - setText: Text 'SP_Drop Down_M1DD7' is set on object 'Object Repository/ADMIN/Custom Item Fields Page/a_Checkbox/textfield_option7'

2019-11-25 10:08:04 - [MESSAGE][PASSED] - Text 'SP_Drop Down_M1DD7' is set on object 'Object Repository/ADMIN/Custom Item Fields Page/a_Checkbox/textfield_option7'

2019-11-25 10:08:04 - [TEST_STEP][PASSED] - setText: Text 'SP_Drop Down_M1DD8' is set on object 'Object Repository/ADMIN/Custom Item Fields Page/a_Checkbox/textfield_option8'

2019-11-25 10:08:04 - [MESSAGE][PASSED] - Text 'SP_Drop Down_M1DD8' is set on object 'Object Repository/ADMIN/Custom Item Fields Page/a_Checkbox/textfield_option8'

2019-11-25 10:08:04 - [TEST_STEP][PASSED] - setText: Text 'SP_Drop Down_M1DD9' is set on object 'Object Repository/ADMIN/Custom Item Fields Page/a_Checkbox/textfield_option9'

2019-11-25 10:08:04 - [MESSAGE][PASSED] - Text 'SP_Drop Down_M1DD9' is set on object 'Object Repository/ADMIN/Custom Item Fields Page/a_Checkbox/textfield_option9'

2019-11-25 10:08:04 - [TEST_STEP][PASSED] - setText: Text 'SP_Drop Down_M1DD10' is set on object 'Object Repository/ADMIN/Custom Item Fields Page/a_Checkbox/textfield_option10'

2019-11-25 10:08:05 - [MESSAGE][PASSED] - Text 'SP_Drop Down_M1DD10' is set on object 'Object Repository/ADMIN/Custom Item Fields Page/a_Checkbox/textfield_option10'

2019-11-25 10:08:05 - [TEST_STEP][PASSED] - comment: Field Name

2019-11-25 10:08:05 - [TEST_STEP][PASSED] - setText: Text 'SP_Drop Down_M1' is set on object 'Object Repository/ADMIN/Custom Item Fields Page/a_Default/textfield_fieldname'

2019-11-25 10:08:05 - [MESSAGE][PASSED] - Text 'SP_Drop Down_M1' is set on object 'Object Repository/ADMIN/Custom Item Fields Page/a_Default/textfield_fieldname'

2019-11-25 10:08:05 - [TEST_STEP][PASSED] - comment: Mandatory/NonMandatory

2019-11-25 10:08:05 - [TEST_STEP][PASSED] - Statement - If (varMandatoryNonMandatory == "mandatory"): Object 'Object Repository/ADMIN/Custom Item Fields Page/a_Default/togglebutton_mandatory' is visible

2019-11-25 10:08:05 - [TEST_STEP][PASSED] - waitForElementVisible: Object 'Object Repository/ADMIN/Custom Item Fields Page/a_Default/togglebutton_mandatory' is visible

2019-11-25 10:08:05 - [MESSAGE][WARNING] - Timeout '0' is invalid. Using default page load timeout: '30'

2019-11-25 10:08:05 - [MESSAGE][PASSED] - Object 'Object Repository/ADMIN/Custom Item Fields Page/a_Default/togglebutton_mandatory' is visible

2019-11-25 10:08:05 - [TEST_STEP][PASSED] - comment: Assign Category

2019-11-25 10:08:05 - [TEST_STEP][PASSED] - click: Object: 'Object Repository/ADMIN/Custom Item Fields Page/a_Default/button_SelectCategories' is clicked on

2019-11-25 10:08:05 - [MESSAGE][PASSED] - Object: 'Object Repository/ADMIN/Custom Item Fields Page/a_Default/button_SelectCategories' is clicked on

2019-11-25 10:08:05 - [TEST_STEP][PASSED] - waitForElementVisible: Object 'Object Repository/ADMIN/Custom Item Fields List Page/a_SelectCategories/searchbox_Category' is visible

2019-11-25 10:08:05 - [MESSAGE][WARNING] - Timeout '0' is invalid. Using default page load timeout: '30'

2019-11-25 10:08:06 - [MESSAGE][PASSED] - Object 'Object Repository/ADMIN/Custom Item Fields List Page/a_SelectCategories/searchbox_Category' is visible

2019-11-25 10:08:06 - [TEST_STEP][PASSED] - comment: Category Assignment

2019-11-25 10:08:06 - [TEST_STEP][PASSED] - Statement - If (varAssignedCategory == "All Cat"): null

2019-11-25 10:08:06 - [TEST_STEP][PASSED] - Statement - Else If (varAssignedCategory == "Category 01"): Object: 'Object Repository/ADMIN/Custom Item Fields List Page/a_SelectCategories/a_Categories/checkbox_1' is clicked on

2019-11-25 10:08:06 - [TEST_STEP][PASSED] - setText: Text 'Category 01' is set on object 'Object Repository/ADMIN/Custom Item Fields List Page/a_SelectCategories/searchbox_Category'

2019-11-25 10:08:06 - [MESSAGE][PASSED] - Text 'Category 01' is set on object 'Object Repository/ADMIN/Custom Item Fields List Page/a_SelectCategories/searchbox_Category'

2019-11-25 10:08:06 - [TEST_STEP][PASSED] - click: Object: 'Object Repository/ADMIN/Custom Item Fields List Page/a_SelectCategories/a_Categories/checkbox_1' is clicked on

2019-11-25 10:08:06 - [MESSAGE][PASSED] - Object: 'Object Repository/ADMIN/Custom Item Fields List Page/a_SelectCategories/a_Categories/checkbox_1' is clicked on

2019-11-25 10:08:06 - [TEST_STEP][PASSED] - click: Object: 'Object Repository/ADMIN/Custom Item Fields List Page/a_SelectCategories/button_Save' is clicked on

2019-11-25 10:08:06 - [MESSAGE][PASSED] - Object: 'Object Repository/ADMIN/Custom Item Fields List Page/a_SelectCategories/button_Save' is clicked on

2019-11-25 10:08:06 - [TEST_STEP][PASSED] - delay: Delayed 2 second(s)

2019-11-25 10:08:08 - [MESSAGE][PASSED] - Delayed 2 second(s)

2019-11-25 10:08:08 - [TEST_STEP][PASSED] - click: Object: 'Object Repository/ADMIN/Custom Item Fields Page/a_Default/button_Save1' is clicked on

2019-11-25 10:08:08 - [MESSAGE][PASSED] - Object: 'Object Repository/ADMIN/Custom Item Fields Page/a_Default/button_Save1' is clicked on

2019-11-25 10:08:08 - [TEST_STEP][PASSED] - waitForElementVisible: Object 'Object Repository/ADMIN/Custom Item Fields List Page/button_Add Field' is visible

2019-11-25 10:08:08 - [MESSAGE][WARNING] - Timeout '0' is invalid. Using default page load timeout: '30'

2019-11-25 10:08:10 - [MESSAGE][PASSED] - Object 'Object Repository/ADMIN/Custom Item Fields List Page/button_Add Field' is visible]]></system-out>
         <system-err><![CDATA[]]></system-err>
      </testcase>
      <testcase name="Test Cases/ADMIN/Content Mgmt/Custom Fields Page/Add Custom Item Fields/Add_CF_DataDriven" classname="Test Cases/ADMIN/Content Mgmt/Custom Fields Page/Add Custom Item Fields/Add_CF_DataDriven" status="PASSED">
         <system-out><![CDATA[2019-11-25 10:08:10 - [TEST_CASE][PASSED] - Test Cases/ADMIN/Content Mgmt/Custom Fields Page/Add Custom Item Fields/Add_CF_DataDriven: Test Cases/ADMIN/Content Mgmt/Custom Fields Page/Add Custom Item Fields/Add_CF_DataDriven

2019-11-25 10:08:10 - [TEST_STEP][PASSED] - waitForElementVisible: Object 'Object Repository/ADMIN/Custom Item Fields List Page/button_Add Field' is visible

2019-11-25 10:08:10 - [MESSAGE][WARNING] - Timeout '0' is invalid. Using default page load timeout: '30'

2019-11-25 10:08:10 - [MESSAGE][PASSED] - Object 'Object Repository/ADMIN/Custom Item Fields List Page/button_Add Field' is visible

2019-11-25 10:08:10 - [TEST_STEP][PASSED] - click: Object: 'Object Repository/ADMIN/Custom Item Fields List Page/button_Add Field' is clicked on

2019-11-25 10:08:11 - [MESSAGE][PASSED] - Object: 'Object Repository/ADMIN/Custom Item Fields List Page/button_Add Field' is clicked on

2019-11-25 10:08:11 - [TEST_STEP][PASSED] - comment: Choose Field Type

2019-11-25 10:08:11 - [TEST_STEP][PASSED] - Statement - If (varCustomFieldType == "Checkbox"): null

2019-11-25 10:08:11 - [TEST_STEP][PASSED] - Statement - Else If (varCustomFieldType == "Date / Time picker"): null

2019-11-25 10:08:11 - [TEST_STEP][PASSED] - Statement - Else If (varCustomFieldType == "Drop Down"): Text 'SP_Drop Down_M2DD10' is set on object 'Object Repository/ADMIN/Custom Item Fields Page/a_Checkbox/textfield_option10'

2019-11-25 10:08:11 - [TEST_STEP][PASSED] - waitForElementVisible: Object 'Object Repository/ADMIN/Custom Item Fields Page/a_Default/dropdown_fieldtype' is visible

2019-11-25 10:08:11 - [MESSAGE][WARNING] - Timeout '0' is invalid. Using default page load timeout: '30'

2019-11-25 10:08:12 - [MESSAGE][PASSED] - Object 'Object Repository/ADMIN/Custom Item Fields Page/a_Default/dropdown_fieldtype' is visible

2019-11-25 10:08:12 - [TEST_STEP][PASSED] - selectOptionByLabel: All options with label 'Drop Down' are selected in object 'Object Repository/ADMIN/Custom Item Fields Page/a_Default/dropdown_fieldtype' 

2019-11-25 10:08:12 - [MESSAGE][PASSED] - All options with label 'Drop Down' are selected in object 'Object Repository/ADMIN/Custom Item Fields Page/a_Default/dropdown_fieldtype' 

2019-11-25 10:08:12 - [TEST_STEP][PASSED] - waitForElementVisible: Object 'Object Repository/ADMIN/Custom Item Fields Page/a_Checkbox/icon_addoptio' is visible

2019-11-25 10:08:12 - [MESSAGE][WARNING] - Timeout '0' is invalid. Using default page load timeout: '30'

2019-11-25 10:08:12 - [MESSAGE][PASSED] - Object 'Object Repository/ADMIN/Custom Item Fields Page/a_Checkbox/icon_addoptio' is visible

2019-11-25 10:08:12 - [TEST_STEP][PASSED] - Statement - For ([r = 0, r <= 7, (r++)]): Object: 'Object Repository/ADMIN/Custom Item Fields Page/a_Checkbox/icon_addoptio' is clicked on

2019-11-25 10:08:12 - [TEST_STEP][PASSED] - click: Object: 'Object Repository/ADMIN/Custom Item Fields Page/a_Checkbox/icon_addoptio' is clicked on

2019-11-25 10:08:12 - [MESSAGE][PASSED] - Object: 'Object Repository/ADMIN/Custom Item Fields Page/a_Checkbox/icon_addoptio' is clicked on

2019-11-25 10:08:12 - [TEST_STEP][PASSED] - click: Object: 'Object Repository/ADMIN/Custom Item Fields Page/a_Checkbox/icon_addoptio' is clicked on

2019-11-25 10:08:12 - [MESSAGE][PASSED] - Object: 'Object Repository/ADMIN/Custom Item Fields Page/a_Checkbox/icon_addoptio' is clicked on

2019-11-25 10:08:12 - [TEST_STEP][PASSED] - click: Object: 'Object Repository/ADMIN/Custom Item Fields Page/a_Checkbox/icon_addoptio' is clicked on

2019-11-25 10:08:12 - [MESSAGE][PASSED] - Object: 'Object Repository/ADMIN/Custom Item Fields Page/a_Checkbox/icon_addoptio' is clicked on

2019-11-25 10:08:12 - [TEST_STEP][PASSED] - click: Object: 'Object Repository/ADMIN/Custom Item Fields Page/a_Checkbox/icon_addoptio' is clicked on

2019-11-25 10:08:12 - [MESSAGE][PASSED] - Object: 'Object Repository/ADMIN/Custom Item Fields Page/a_Checkbox/icon_addoptio' is clicked on

2019-11-25 10:08:12 - [TEST_STEP][PASSED] - click: Object: 'Object Repository/ADMIN/Custom Item Fields Page/a_Checkbox/icon_addoptio' is clicked on

2019-11-25 10:08:12 - [MESSAGE][PASSED] - Object: 'Object Repository/ADMIN/Custom Item Fields Page/a_Checkbox/icon_addoptio' is clicked on

2019-11-25 10:08:12 - [TEST_STEP][PASSED] - click: Object: 'Object Repository/ADMIN/Custom Item Fields Page/a_Checkbox/icon_addoptio' is clicked on

2019-11-25 10:08:12 - [MESSAGE][PASSED] - Object: 'Object Repository/ADMIN/Custom Item Fields Page/a_Checkbox/icon_addoptio' is clicked on

2019-11-25 10:08:12 - [TEST_STEP][PASSED] - click: Object: 'Object Repository/ADMIN/Custom Item Fields Page/a_Checkbox/icon_addoptio' is clicked on

2019-11-25 10:08:12 - [MESSAGE][PASSED] - Object: 'Object Repository/ADMIN/Custom Item Fields Page/a_Checkbox/icon_addoptio' is clicked on

2019-11-25 10:08:12 - [TEST_STEP][PASSED] - click: Object: 'Object Repository/ADMIN/Custom Item Fields Page/a_Checkbox/icon_addoptio' is clicked on

2019-11-25 10:08:12 - [MESSAGE][PASSED] - Object: 'Object Repository/ADMIN/Custom Item Fields Page/a_Checkbox/icon_addoptio' is clicked on

2019-11-25 10:08:12 - [TEST_STEP][PASSED] - comment: Add Option

2019-11-25 10:08:12 - [TEST_STEP][PASSED] - setText: Text 'SP_Drop Down_M2DD1' is set on object 'Object Repository/ADMIN/Custom Item Fields Page/a_Checkbox/textfield_option1'

2019-11-25 10:08:13 - [MESSAGE][PASSED] - Text 'SP_Drop Down_M2DD1' is set on object 'Object Repository/ADMIN/Custom Item Fields Page/a_Checkbox/textfield_option1'

2019-11-25 10:08:13 - [TEST_STEP][PASSED] - setText: Text 'SP_Drop Down_M2DD2' is set on object 'Object Repository/ADMIN/Custom Item Fields Page/a_Checkbox/textfield_option2'

2019-11-25 10:08:13 - [MESSAGE][PASSED] - Text 'SP_Drop Down_M2DD2' is set on object 'Object Repository/ADMIN/Custom Item Fields Page/a_Checkbox/textfield_option2'

2019-11-25 10:08:13 - [TEST_STEP][PASSED] - setText: Text 'SP_Drop Down_M2DD3' is set on object 'Object Repository/ADMIN/Custom Item Fields Page/a_Checkbox/textfield_option3'

2019-11-25 10:08:13 - [MESSAGE][PASSED] - Text 'SP_Drop Down_M2DD3' is set on object 'Object Repository/ADMIN/Custom Item Fields Page/a_Checkbox/textfield_option3'

2019-11-25 10:08:13 - [TEST_STEP][PASSED] - setText: Text 'SP_Drop Down_M2DD4' is set on object 'Object Repository/ADMIN/Custom Item Fields Page/a_Checkbox/textfield_option4'

2019-11-25 10:08:13 - [MESSAGE][PASSED] - Text 'SP_Drop Down_M2DD4' is set on object 'Object Repository/ADMIN/Custom Item Fields Page/a_Checkbox/textfield_option4'

2019-11-25 10:08:13 - [TEST_STEP][PASSED] - setText: Text 'SP_Drop Down_M2DD5' is set on object 'Object Repository/ADMIN/Custom Item Fields Page/a_Checkbox/textfield_option5'

2019-11-25 10:08:13 - [MESSAGE][PASSED] - Text 'SP_Drop Down_M2DD5' is set on object 'Object Repository/ADMIN/Custom Item Fields Page/a_Checkbox/textfield_option5'

2019-11-25 10:08:13 - [TEST_STEP][PASSED] - setText: Text 'SP_Drop Down_M2DD6' is set on object 'Object Repository/ADMIN/Custom Item Fields Page/a_Checkbox/textfield_option6'

2019-11-25 10:08:14 - [MESSAGE][PASSED] - Text 'SP_Drop Down_M2DD6' is set on object 'Object Repository/ADMIN/Custom Item Fields Page/a_Checkbox/textfield_option6'

2019-11-25 10:08:14 - [TEST_STEP][PASSED] - setText: Text 'SP_Drop Down_M2DD7' is set on object 'Object Repository/ADMIN/Custom Item Fields Page/a_Checkbox/textfield_option7'

2019-11-25 10:08:14 - [MESSAGE][PASSED] - Text 'SP_Drop Down_M2DD7' is set on object 'Object Repository/ADMIN/Custom Item Fields Page/a_Checkbox/textfield_option7'

2019-11-25 10:08:14 - [TEST_STEP][PASSED] - setText: Text 'SP_Drop Down_M2DD8' is set on object 'Object Repository/ADMIN/Custom Item Fields Page/a_Checkbox/textfield_option8'

2019-11-25 10:08:14 - [MESSAGE][PASSED] - Text 'SP_Drop Down_M2DD8' is set on object 'Object Repository/ADMIN/Custom Item Fields Page/a_Checkbox/textfield_option8'

2019-11-25 10:08:14 - [TEST_STEP][PASSED] - setText: Text 'SP_Drop Down_M2DD9' is set on object 'Object Repository/ADMIN/Custom Item Fields Page/a_Checkbox/textfield_option9'

2019-11-25 10:08:14 - [MESSAGE][PASSED] - Text 'SP_Drop Down_M2DD9' is set on object 'Object Repository/ADMIN/Custom Item Fields Page/a_Checkbox/textfield_option9'

2019-11-25 10:08:14 - [TEST_STEP][PASSED] - setText: Text 'SP_Drop Down_M2DD10' is set on object 'Object Repository/ADMIN/Custom Item Fields Page/a_Checkbox/textfield_option10'

2019-11-25 10:08:14 - [MESSAGE][PASSED] - Text 'SP_Drop Down_M2DD10' is set on object 'Object Repository/ADMIN/Custom Item Fields Page/a_Checkbox/textfield_option10'

2019-11-25 10:08:14 - [TEST_STEP][PASSED] - comment: Field Name

2019-11-25 10:08:14 - [TEST_STEP][PASSED] - setText: Text 'SP_Drop Down_M2' is set on object 'Object Repository/ADMIN/Custom Item Fields Page/a_Default/textfield_fieldname'

2019-11-25 10:08:14 - [MESSAGE][PASSED] - Text 'SP_Drop Down_M2' is set on object 'Object Repository/ADMIN/Custom Item Fields Page/a_Default/textfield_fieldname'

2019-11-25 10:08:14 - [TEST_STEP][PASSED] - comment: Mandatory/NonMandatory

2019-11-25 10:08:14 - [TEST_STEP][PASSED] - Statement - If (varMandatoryNonMandatory == "mandatory"): Object 'Object Repository/ADMIN/Custom Item Fields Page/a_Default/togglebutton_mandatory' is visible

2019-11-25 10:08:14 - [TEST_STEP][PASSED] - waitForElementVisible: Object 'Object Repository/ADMIN/Custom Item Fields Page/a_Default/togglebutton_mandatory' is visible

2019-11-25 10:08:14 - [MESSAGE][WARNING] - Timeout '0' is invalid. Using default page load timeout: '30'

2019-11-25 10:08:15 - [MESSAGE][PASSED] - Object 'Object Repository/ADMIN/Custom Item Fields Page/a_Default/togglebutton_mandatory' is visible

2019-11-25 10:08:15 - [TEST_STEP][PASSED] - comment: Assign Category

2019-11-25 10:08:15 - [TEST_STEP][PASSED] - click: Object: 'Object Repository/ADMIN/Custom Item Fields Page/a_Default/button_SelectCategories' is clicked on

2019-11-25 10:08:15 - [MESSAGE][PASSED] - Object: 'Object Repository/ADMIN/Custom Item Fields Page/a_Default/button_SelectCategories' is clicked on

2019-11-25 10:08:15 - [TEST_STEP][PASSED] - waitForElementVisible: Object 'Object Repository/ADMIN/Custom Item Fields List Page/a_SelectCategories/searchbox_Category' is visible

2019-11-25 10:08:15 - [MESSAGE][WARNING] - Timeout '0' is invalid. Using default page load timeout: '30'

2019-11-25 10:08:15 - [MESSAGE][PASSED] - Object 'Object Repository/ADMIN/Custom Item Fields List Page/a_SelectCategories/searchbox_Category' is visible

2019-11-25 10:08:15 - [TEST_STEP][PASSED] - comment: Category Assignment

2019-11-25 10:08:15 - [TEST_STEP][PASSED] - Statement - If (varAssignedCategory == "All Cat"): null

2019-11-25 10:08:15 - [TEST_STEP][PASSED] - Statement - Else If (varAssignedCategory == "Category 01"): Object: 'Object Repository/ADMIN/Custom Item Fields List Page/a_SelectCategories/a_Categories/checkbox_1' is clicked on

2019-11-25 10:08:15 - [TEST_STEP][PASSED] - setText: Text 'Category 01' is set on object 'Object Repository/ADMIN/Custom Item Fields List Page/a_SelectCategories/searchbox_Category'

2019-11-25 10:08:15 - [MESSAGE][PASSED] - Text 'Category 01' is set on object 'Object Repository/ADMIN/Custom Item Fields List Page/a_SelectCategories/searchbox_Category'

2019-11-25 10:08:15 - [TEST_STEP][PASSED] - click: Object: 'Object Repository/ADMIN/Custom Item Fields List Page/a_SelectCategories/a_Categories/checkbox_1' is clicked on

2019-11-25 10:08:16 - [MESSAGE][PASSED] - Object: 'Object Repository/ADMIN/Custom Item Fields List Page/a_SelectCategories/a_Categories/checkbox_1' is clicked on

2019-11-25 10:08:16 - [TEST_STEP][PASSED] - click: Object: 'Object Repository/ADMIN/Custom Item Fields List Page/a_SelectCategories/button_Save' is clicked on

2019-11-25 10:08:16 - [MESSAGE][PASSED] - Object: 'Object Repository/ADMIN/Custom Item Fields List Page/a_SelectCategories/button_Save' is clicked on

2019-11-25 10:08:16 - [TEST_STEP][PASSED] - delay: Delayed 2 second(s)

2019-11-25 10:08:18 - [MESSAGE][PASSED] - Delayed 2 second(s)

2019-11-25 10:08:18 - [TEST_STEP][PASSED] - click: Object: 'Object Repository/ADMIN/Custom Item Fields Page/a_Default/button_Save1' is clicked on

2019-11-25 10:08:18 - [MESSAGE][PASSED] - Object: 'Object Repository/ADMIN/Custom Item Fields Page/a_Default/button_Save1' is clicked on

2019-11-25 10:08:18 - [TEST_STEP][PASSED] - waitForElementVisible: Object 'Object Repository/ADMIN/Custom Item Fields List Page/button_Add Field' is visible

2019-11-25 10:08:18 - [MESSAGE][WARNING] - Timeout '0' is invalid. Using default page load timeout: '30'

2019-11-25 10:08:19 - [MESSAGE][PASSED] - Object 'Object Repository/ADMIN/Custom Item Fields List Page/button_Add Field' is visible]]></system-out>
         <system-err><![CDATA[]]></system-err>
      </testcase>
      <testcase name="Test Cases/ADMIN/Content Mgmt/Custom Fields Page/Add Custom Item Fields/Add_CF_DataDriven" classname="Test Cases/ADMIN/Content Mgmt/Custom Fields Page/Add Custom Item Fields/Add_CF_DataDriven" status="PASSED">
         <system-out><![CDATA[2019-11-25 10:08:19 - [TEST_CASE][PASSED] - Test Cases/ADMIN/Content Mgmt/Custom Fields Page/Add Custom Item Fields/Add_CF_DataDriven: Test Cases/ADMIN/Content Mgmt/Custom Fields Page/Add Custom Item Fields/Add_CF_DataDriven

2019-11-25 10:08:19 - [TEST_STEP][PASSED] - waitForElementVisible: Object 'Object Repository/ADMIN/Custom Item Fields List Page/button_Add Field' is visible

2019-11-25 10:08:19 - [MESSAGE][WARNING] - Timeout '0' is invalid. Using default page load timeout: '30'

2019-11-25 10:08:19 - [MESSAGE][PASSED] - Object 'Object Repository/ADMIN/Custom Item Fields List Page/button_Add Field' is visible

2019-11-25 10:08:19 - [TEST_STEP][PASSED] - click: Object: 'Object Repository/ADMIN/Custom Item Fields List Page/button_Add Field' is clicked on

2019-11-25 10:08:20 - [MESSAGE][PASSED] - Object: 'Object Repository/ADMIN/Custom Item Fields List Page/button_Add Field' is clicked on

2019-11-25 10:08:20 - [TEST_STEP][PASSED] - comment: Choose Field Type

2019-11-25 10:08:20 - [TEST_STEP][PASSED] - Statement - If (varCustomFieldType == "Checkbox"): null

2019-11-25 10:08:20 - [TEST_STEP][PASSED] - Statement - Else If (varCustomFieldType == "Date / Time picker"): null

2019-11-25 10:08:20 - [TEST_STEP][PASSED] - Statement - Else If (varCustomFieldType == "Drop Down"): null

2019-11-25 10:08:20 - [TEST_STEP][PASSED] - Statement - Else If (varCustomFieldType == "Email"): null

2019-11-25 10:08:20 - [TEST_STEP][PASSED] - Statement - Else If (varCustomFieldType == "Embed Video"): null

2019-11-25 10:08:20 - [TEST_STEP][PASSED] - Statement - Else If (varCustomFieldType == "Hyperlink / URL"): null

2019-11-25 10:08:20 - [TEST_STEP][PASSED] - Statement - Else If (varCustomFieldType == "Location"): All options with label 'Location' are selected in object 'Object Repository/ADMIN/Custom Item Fields Page/a_Default/dropdown_fieldtype' 

2019-11-25 10:08:20 - [TEST_STEP][PASSED] - waitForElementVisible: Object 'Object Repository/ADMIN/Custom Item Fields Page/a_Default/dropdown_fieldtype' is visible

2019-11-25 10:08:20 - [MESSAGE][WARNING] - Timeout '0' is invalid. Using default page load timeout: '30'

2019-11-25 10:08:20 - [MESSAGE][PASSED] - Object 'Object Repository/ADMIN/Custom Item Fields Page/a_Default/dropdown_fieldtype' is visible

2019-11-25 10:08:20 - [TEST_STEP][PASSED] - selectOptionByLabel: All options with label 'Location' are selected in object 'Object Repository/ADMIN/Custom Item Fields Page/a_Default/dropdown_fieldtype' 

2019-11-25 10:08:20 - [MESSAGE][PASSED] - All options with label 'Location' are selected in object 'Object Repository/ADMIN/Custom Item Fields Page/a_Default/dropdown_fieldtype' 

2019-11-25 10:08:20 - [TEST_STEP][PASSED] - comment: Field Name

2019-11-25 10:08:20 - [TEST_STEP][PASSED] - setText: Text 'SP_Location_M' is set on object 'Object Repository/ADMIN/Custom Item Fields Page/a_Default/textfield_fieldname'

2019-11-25 10:08:20 - [MESSAGE][PASSED] - Text 'SP_Location_M' is set on object 'Object Repository/ADMIN/Custom Item Fields Page/a_Default/textfield_fieldname'

2019-11-25 10:08:20 - [TEST_STEP][PASSED] - comment: Mandatory/NonMandatory

2019-11-25 10:08:20 - [TEST_STEP][PASSED] - Statement - If (varMandatoryNonMandatory == "mandatory"): Object 'Object Repository/ADMIN/Custom Item Fields Page/a_Default/togglebutton_mandatory' is visible

2019-11-25 10:08:20 - [TEST_STEP][PASSED] - waitForElementVisible: Object 'Object Repository/ADMIN/Custom Item Fields Page/a_Default/togglebutton_mandatory' is visible

2019-11-25 10:08:20 - [MESSAGE][WARNING] - Timeout '0' is invalid. Using default page load timeout: '30'

2019-11-25 10:08:20 - [MESSAGE][PASSED] - Object 'Object Repository/ADMIN/Custom Item Fields Page/a_Default/togglebutton_mandatory' is visible

2019-11-25 10:08:20 - [TEST_STEP][PASSED] - comment: Assign Category

2019-11-25 10:08:20 - [TEST_STEP][PASSED] - click: Object: 'Object Repository/ADMIN/Custom Item Fields Page/a_Default/button_SelectCategories' is clicked on

2019-11-25 10:08:20 - [MESSAGE][PASSED] - Object: 'Object Repository/ADMIN/Custom Item Fields Page/a_Default/button_SelectCategories' is clicked on

2019-11-25 10:08:20 - [TEST_STEP][PASSED] - waitForElementVisible: Object 'Object Repository/ADMIN/Custom Item Fields List Page/a_SelectCategories/searchbox_Category' is visible

2019-11-25 10:08:20 - [MESSAGE][WARNING] - Timeout '0' is invalid. Using default page load timeout: '30'

2019-11-25 10:08:21 - [MESSAGE][PASSED] - Object 'Object Repository/ADMIN/Custom Item Fields List Page/a_SelectCategories/searchbox_Category' is visible

2019-11-25 10:08:21 - [TEST_STEP][PASSED] - comment: Category Assignment

2019-11-25 10:08:21 - [TEST_STEP][PASSED] - Statement - If (varAssignedCategory == "All Cat"): null

2019-11-25 10:08:21 - [TEST_STEP][PASSED] - Statement - Else If (varAssignedCategory == "Category 01"): Object: 'Object Repository/ADMIN/Custom Item Fields List Page/a_SelectCategories/a_Categories/checkbox_1' is clicked on

2019-11-25 10:08:21 - [TEST_STEP][PASSED] - setText: Text 'Category 01' is set on object 'Object Repository/ADMIN/Custom Item Fields List Page/a_SelectCategories/searchbox_Category'

2019-11-25 10:08:21 - [MESSAGE][PASSED] - Text 'Category 01' is set on object 'Object Repository/ADMIN/Custom Item Fields List Page/a_SelectCategories/searchbox_Category'

2019-11-25 10:08:21 - [TEST_STEP][PASSED] - click: Object: 'Object Repository/ADMIN/Custom Item Fields List Page/a_SelectCategories/a_Categories/checkbox_1' is clicked on

2019-11-25 10:08:21 - [MESSAGE][PASSED] - Object: 'Object Repository/ADMIN/Custom Item Fields List Page/a_SelectCategories/a_Categories/checkbox_1' is clicked on

2019-11-25 10:08:21 - [TEST_STEP][PASSED] - click: Object: 'Object Repository/ADMIN/Custom Item Fields List Page/a_SelectCategories/button_Save' is clicked on

2019-11-25 10:08:21 - [MESSAGE][PASSED] - Object: 'Object Repository/ADMIN/Custom Item Fields List Page/a_SelectCategories/button_Save' is clicked on

2019-11-25 10:08:21 - [TEST_STEP][PASSED] - delay: Delayed 2 second(s)

2019-11-25 10:08:23 - [MESSAGE][PASSED] - Delayed 2 second(s)

2019-11-25 10:08:23 - [TEST_STEP][PASSED] - click: Object: 'Object Repository/ADMIN/Custom Item Fields Page/a_Default/button_Save1' is clicked on

2019-11-25 10:08:23 - [MESSAGE][PASSED] - Object: 'Object Repository/ADMIN/Custom Item Fields Page/a_Default/button_Save1' is clicked on

2019-11-25 10:08:23 - [TEST_STEP][PASSED] - waitForElementVisible: Object 'Object Repository/ADMIN/Custom Item Fields List Page/button_Add Field' is visible

2019-11-25 10:08:23 - [MESSAGE][WARNING] - Timeout '0' is invalid. Using default page load timeout: '30'

2019-11-25 10:08:24 - [MESSAGE][PASSED] - Object 'Object Repository/ADMIN/Custom Item Fields List Page/button_Add Field' is visible]]></system-out>
         <system-err><![CDATA[]]></system-err>
      </testcase>
      <testcase name="Test Cases/ADMIN/Content Mgmt/Custom Fields Page/Add Custom Item Fields/Add_CF_DataDriven" classname="Test Cases/ADMIN/Content Mgmt/Custom Fields Page/Add Custom Item Fields/Add_CF_DataDriven" status="PASSED">
         <system-out><![CDATA[2019-11-25 10:08:24 - [TEST_CASE][PASSED] - Test Cases/ADMIN/Content Mgmt/Custom Fields Page/Add Custom Item Fields/Add_CF_DataDriven: Test Cases/ADMIN/Content Mgmt/Custom Fields Page/Add Custom Item Fields/Add_CF_DataDriven

2019-11-25 10:08:24 - [TEST_STEP][PASSED] - waitForElementVisible: Object 'Object Repository/ADMIN/Custom Item Fields List Page/button_Add Field' is visible

2019-11-25 10:08:24 - [MESSAGE][WARNING] - Timeout '0' is invalid. Using default page load timeout: '30'

2019-11-25 10:08:24 - [MESSAGE][PASSED] - Object 'Object Repository/ADMIN/Custom Item Fields List Page/button_Add Field' is visible

2019-11-25 10:08:24 - [TEST_STEP][PASSED] - click: Object: 'Object Repository/ADMIN/Custom Item Fields List Page/button_Add Field' is clicked on

2019-11-25 10:08:25 - [MESSAGE][PASSED] - Object: 'Object Repository/ADMIN/Custom Item Fields List Page/button_Add Field' is clicked on

2019-11-25 10:08:25 - [TEST_STEP][PASSED] - comment: Choose Field Type

2019-11-25 10:08:25 - [TEST_STEP][PASSED] - Statement - If (varCustomFieldType == "Checkbox"): null

2019-11-25 10:08:25 - [TEST_STEP][PASSED] - Statement - Else If (varCustomFieldType == "Date / Time picker"): All options with label 'Date / Time picker' are selected in object 'Object Repository/ADMIN/Custom Item Fields Page/a_Default/dropdown_fieldtype' 

2019-11-25 10:08:25 - [TEST_STEP][PASSED] - waitForElementVisible: Object 'Object Repository/ADMIN/Custom Item Fields Page/a_Default/dropdown_fieldtype' is visible

2019-11-25 10:08:25 - [MESSAGE][WARNING] - Timeout '0' is invalid. Using default page load timeout: '30'

2019-11-25 10:08:25 - [MESSAGE][PASSED] - Object 'Object Repository/ADMIN/Custom Item Fields Page/a_Default/dropdown_fieldtype' is visible

2019-11-25 10:08:25 - [TEST_STEP][PASSED] - selectOptionByLabel: All options with label 'Date / Time picker' are selected in object 'Object Repository/ADMIN/Custom Item Fields Page/a_Default/dropdown_fieldtype' 

2019-11-25 10:08:25 - [MESSAGE][PASSED] - All options with label 'Date / Time picker' are selected in object 'Object Repository/ADMIN/Custom Item Fields Page/a_Default/dropdown_fieldtype' 

2019-11-25 10:08:25 - [TEST_STEP][PASSED] - comment: Field Name

2019-11-25 10:08:25 - [TEST_STEP][PASSED] - setText: Text 'SP_Date / Time_Off_M1' is set on object 'Object Repository/ADMIN/Custom Item Fields Page/a_Default/textfield_fieldname'

2019-11-25 10:08:26 - [MESSAGE][PASSED] - Text 'SP_Date / Time_Off_M1' is set on object 'Object Repository/ADMIN/Custom Item Fields Page/a_Default/textfield_fieldname'

2019-11-25 10:08:26 - [TEST_STEP][PASSED] - comment: Mandatory/NonMandatory

2019-11-25 10:08:26 - [TEST_STEP][PASSED] - Statement - If (varMandatoryNonMandatory == "mandatory"): Object 'Object Repository/ADMIN/Custom Item Fields Page/a_Default/togglebutton_mandatory' is visible

2019-11-25 10:08:26 - [TEST_STEP][PASSED] - waitForElementVisible: Object 'Object Repository/ADMIN/Custom Item Fields Page/a_Default/togglebutton_mandatory' is visible

2019-11-25 10:08:26 - [MESSAGE][WARNING] - Timeout '0' is invalid. Using default page load timeout: '30'

2019-11-25 10:08:26 - [MESSAGE][PASSED] - Object 'Object Repository/ADMIN/Custom Item Fields Page/a_Default/togglebutton_mandatory' is visible

2019-11-25 10:08:26 - [TEST_STEP][PASSED] - comment: Assign Category

2019-11-25 10:08:26 - [TEST_STEP][PASSED] - click: Object: 'Object Repository/ADMIN/Custom Item Fields Page/a_Default/button_SelectCategories' is clicked on

2019-11-25 10:08:26 - [MESSAGE][PASSED] - Object: 'Object Repository/ADMIN/Custom Item Fields Page/a_Default/button_SelectCategories' is clicked on

2019-11-25 10:08:26 - [TEST_STEP][PASSED] - waitForElementVisible: Object 'Object Repository/ADMIN/Custom Item Fields List Page/a_SelectCategories/searchbox_Category' is visible

2019-11-25 10:08:26 - [MESSAGE][WARNING] - Timeout '0' is invalid. Using default page load timeout: '30'

2019-11-25 10:08:26 - [MESSAGE][PASSED] - Object 'Object Repository/ADMIN/Custom Item Fields List Page/a_SelectCategories/searchbox_Category' is visible

2019-11-25 10:08:26 - [TEST_STEP][PASSED] - comment: Category Assignment

2019-11-25 10:08:26 - [TEST_STEP][PASSED] - Statement - If (varAssignedCategory == "All Cat"): null

2019-11-25 10:08:26 - [TEST_STEP][PASSED] - Statement - Else If (varAssignedCategory == "Category 01"): Object: 'Object Repository/ADMIN/Custom Item Fields List Page/a_SelectCategories/a_Categories/checkbox_1' is clicked on

2019-11-25 10:08:26 - [TEST_STEP][PASSED] - setText: Text 'Category 01' is set on object 'Object Repository/ADMIN/Custom Item Fields List Page/a_SelectCategories/searchbox_Category'

2019-11-25 10:08:27 - [MESSAGE][PASSED] - Text 'Category 01' is set on object 'Object Repository/ADMIN/Custom Item Fields List Page/a_SelectCategories/searchbox_Category'

2019-11-25 10:08:27 - [TEST_STEP][PASSED] - click: Object: 'Object Repository/ADMIN/Custom Item Fields List Page/a_SelectCategories/a_Categories/checkbox_1' is clicked on

2019-11-25 10:08:27 - [MESSAGE][PASSED] - Object: 'Object Repository/ADMIN/Custom Item Fields List Page/a_SelectCategories/a_Categories/checkbox_1' is clicked on

2019-11-25 10:08:27 - [TEST_STEP][PASSED] - click: Object: 'Object Repository/ADMIN/Custom Item Fields List Page/a_SelectCategories/button_Save' is clicked on

2019-11-25 10:08:27 - [MESSAGE][PASSED] - Object: 'Object Repository/ADMIN/Custom Item Fields List Page/a_SelectCategories/button_Save' is clicked on

2019-11-25 10:08:27 - [TEST_STEP][PASSED] - delay: Delayed 2 second(s)

2019-11-25 10:08:29 - [MESSAGE][PASSED] - Delayed 2 second(s)

2019-11-25 10:08:29 - [TEST_STEP][PASSED] - click: Object: 'Object Repository/ADMIN/Custom Item Fields Page/a_Default/button_Save1' is clicked on

2019-11-25 10:08:29 - [MESSAGE][PASSED] - Object: 'Object Repository/ADMIN/Custom Item Fields Page/a_Default/button_Save1' is clicked on

2019-11-25 10:08:29 - [TEST_STEP][PASSED] - waitForElementVisible: Object 'Object Repository/ADMIN/Custom Item Fields List Page/button_Add Field' is visible

2019-11-25 10:08:29 - [MESSAGE][WARNING] - Timeout '0' is invalid. Using default page load timeout: '30'

2019-11-25 10:08:30 - [MESSAGE][PASSED] - Object 'Object Repository/ADMIN/Custom Item Fields List Page/button_Add Field' is visible]]></system-out>
         <system-err><![CDATA[]]></system-err>
      </testcase>
      <testcase name="Test Cases/ADMIN/Content Mgmt/Custom Fields Page/Add Custom Item Fields/Add_CF_DataDriven" classname="Test Cases/ADMIN/Content Mgmt/Custom Fields Page/Add Custom Item Fields/Add_CF_DataDriven" status="PASSED">
         <system-out><![CDATA[2019-11-25 10:08:30 - [TEST_CASE][PASSED] - Test Cases/ADMIN/Content Mgmt/Custom Fields Page/Add Custom Item Fields/Add_CF_DataDriven: Test Cases/ADMIN/Content Mgmt/Custom Fields Page/Add Custom Item Fields/Add_CF_DataDriven

2019-11-25 10:08:30 - [TEST_STEP][PASSED] - waitForElementVisible: Object 'Object Repository/ADMIN/Custom Item Fields List Page/button_Add Field' is visible

2019-11-25 10:08:30 - [MESSAGE][WARNING] - Timeout '0' is invalid. Using default page load timeout: '30'

2019-11-25 10:08:30 - [MESSAGE][PASSED] - Object 'Object Repository/ADMIN/Custom Item Fields List Page/button_Add Field' is visible

2019-11-25 10:08:30 - [TEST_STEP][PASSED] - click: Object: 'Object Repository/ADMIN/Custom Item Fields List Page/button_Add Field' is clicked on

2019-11-25 10:08:30 - [MESSAGE][PASSED] - Object: 'Object Repository/ADMIN/Custom Item Fields List Page/button_Add Field' is clicked on

2019-11-25 10:08:30 - [TEST_STEP][PASSED] - comment: Choose Field Type

2019-11-25 10:08:30 - [TEST_STEP][PASSED] - Statement - If (varCustomFieldType == "Checkbox"): null

2019-11-25 10:08:30 - [TEST_STEP][PASSED] - Statement - Else If (varCustomFieldType == "Date / Time picker"): All options with label 'Date / Time picker' are selected in object 'Object Repository/ADMIN/Custom Item Fields Page/a_Default/dropdown_fieldtype' 

2019-11-25 10:08:30 - [TEST_STEP][PASSED] - waitForElementVisible: Object 'Object Repository/ADMIN/Custom Item Fields Page/a_Default/dropdown_fieldtype' is visible

2019-11-25 10:08:30 - [MESSAGE][WARNING] - Timeout '0' is invalid. Using default page load timeout: '30'

2019-11-25 10:08:31 - [MESSAGE][PASSED] - Object 'Object Repository/ADMIN/Custom Item Fields Page/a_Default/dropdown_fieldtype' is visible

2019-11-25 10:08:31 - [TEST_STEP][PASSED] - selectOptionByLabel: All options with label 'Date / Time picker' are selected in object 'Object Repository/ADMIN/Custom Item Fields Page/a_Default/dropdown_fieldtype' 

2019-11-25 10:08:31 - [MESSAGE][PASSED] - All options with label 'Date / Time picker' are selected in object 'Object Repository/ADMIN/Custom Item Fields Page/a_Default/dropdown_fieldtype' 

2019-11-25 10:08:31 - [TEST_STEP][PASSED] - comment: Field Name

2019-11-25 10:08:31 - [TEST_STEP][PASSED] - setText: Text 'SP_Date / Time_On_M2' is set on object 'Object Repository/ADMIN/Custom Item Fields Page/a_Default/textfield_fieldname'

2019-11-25 10:08:31 - [MESSAGE][PASSED] - Text 'SP_Date / Time_On_M2' is set on object 'Object Repository/ADMIN/Custom Item Fields Page/a_Default/textfield_fieldname'

2019-11-25 10:08:31 - [TEST_STEP][PASSED] - comment: Mandatory/NonMandatory

2019-11-25 10:08:31 - [TEST_STEP][PASSED] - Statement - If (varMandatoryNonMandatory == "mandatory"): Object 'Object Repository/ADMIN/Custom Item Fields Page/a_Default/togglebutton_mandatory' is visible

2019-11-25 10:08:31 - [TEST_STEP][PASSED] - waitForElementVisible: Object 'Object Repository/ADMIN/Custom Item Fields Page/a_Default/togglebutton_mandatory' is visible

2019-11-25 10:08:31 - [MESSAGE][WARNING] - Timeout '0' is invalid. Using default page load timeout: '30'

2019-11-25 10:08:31 - [MESSAGE][PASSED] - Object 'Object Repository/ADMIN/Custom Item Fields Page/a_Default/togglebutton_mandatory' is visible

2019-11-25 10:08:31 - [TEST_STEP][PASSED] - comment: Assign Category

2019-11-25 10:08:31 - [TEST_STEP][PASSED] - click: Object: 'Object Repository/ADMIN/Custom Item Fields Page/a_Default/button_SelectCategories' is clicked on

2019-11-25 10:08:31 - [MESSAGE][PASSED] - Object: 'Object Repository/ADMIN/Custom Item Fields Page/a_Default/button_SelectCategories' is clicked on

2019-11-25 10:08:31 - [TEST_STEP][PASSED] - waitForElementVisible: Object 'Object Repository/ADMIN/Custom Item Fields List Page/a_SelectCategories/searchbox_Category' is visible

2019-11-25 10:08:31 - [MESSAGE][WARNING] - Timeout '0' is invalid. Using default page load timeout: '30'

2019-11-25 10:08:32 - [MESSAGE][PASSED] - Object 'Object Repository/ADMIN/Custom Item Fields List Page/a_SelectCategories/searchbox_Category' is visible

2019-11-25 10:08:32 - [TEST_STEP][PASSED] - comment: Category Assignment

2019-11-25 10:08:32 - [TEST_STEP][PASSED] - Statement - If (varAssignedCategory == "All Cat"): null

2019-11-25 10:08:32 - [TEST_STEP][PASSED] - Statement - Else If (varAssignedCategory == "Category 01"): Object: 'Object Repository/ADMIN/Custom Item Fields List Page/a_SelectCategories/a_Categories/checkbox_1' is clicked on

2019-11-25 10:08:32 - [TEST_STEP][PASSED] - setText: Text 'Category 01' is set on object 'Object Repository/ADMIN/Custom Item Fields List Page/a_SelectCategories/searchbox_Category'

2019-11-25 10:08:32 - [MESSAGE][PASSED] - Text 'Category 01' is set on object 'Object Repository/ADMIN/Custom Item Fields List Page/a_SelectCategories/searchbox_Category'

2019-11-25 10:08:32 - [TEST_STEP][PASSED] - click: Object: 'Object Repository/ADMIN/Custom Item Fields List Page/a_SelectCategories/a_Categories/checkbox_1' is clicked on

2019-11-25 10:08:32 - [MESSAGE][PASSED] - Object: 'Object Repository/ADMIN/Custom Item Fields List Page/a_SelectCategories/a_Categories/checkbox_1' is clicked on

2019-11-25 10:08:32 - [TEST_STEP][PASSED] - click: Object: 'Object Repository/ADMIN/Custom Item Fields List Page/a_SelectCategories/button_Save' is clicked on

2019-11-25 10:08:32 - [MESSAGE][PASSED] - Object: 'Object Repository/ADMIN/Custom Item Fields List Page/a_SelectCategories/button_Save' is clicked on

2019-11-25 10:08:32 - [TEST_STEP][PASSED] - delay: Delayed 2 second(s)

2019-11-25 10:08:34 - [MESSAGE][PASSED] - Delayed 2 second(s)

2019-11-25 10:08:34 - [TEST_STEP][PASSED] - click: Object: 'Object Repository/ADMIN/Custom Item Fields Page/a_Default/button_Save1' is clicked on

2019-11-25 10:08:34 - [MESSAGE][PASSED] - Object: 'Object Repository/ADMIN/Custom Item Fields Page/a_Default/button_Save1' is clicked on

2019-11-25 10:08:34 - [TEST_STEP][PASSED] - waitForElementVisible: Object 'Object Repository/ADMIN/Custom Item Fields List Page/button_Add Field' is visible

2019-11-25 10:08:34 - [MESSAGE][WARNING] - Timeout '0' is invalid. Using default page load timeout: '30'

2019-11-25 10:08:35 - [MESSAGE][PASSED] - Object 'Object Repository/ADMIN/Custom Item Fields List Page/button_Add Field' is visible]]></system-out>
         <system-err><![CDATA[]]></system-err>
      </testcase>
      <testcase name="Test Cases/ADMIN/Content Mgmt/Custom Fields Page/Add Custom Item Fields/Add_CF_DataDriven" classname="Test Cases/ADMIN/Content Mgmt/Custom Fields Page/Add Custom Item Fields/Add_CF_DataDriven" status="PASSED">
         <system-out><![CDATA[2019-11-25 10:08:35 - [TEST_CASE][PASSED] - Test Cases/ADMIN/Content Mgmt/Custom Fields Page/Add Custom Item Fields/Add_CF_DataDriven: Test Cases/ADMIN/Content Mgmt/Custom Fields Page/Add Custom Item Fields/Add_CF_DataDriven

2019-11-25 10:08:35 - [TEST_STEP][PASSED] - waitForElementVisible: Object 'Object Repository/ADMIN/Custom Item Fields List Page/button_Add Field' is visible

2019-11-25 10:08:35 - [MESSAGE][WARNING] - Timeout '0' is invalid. Using default page load timeout: '30'

2019-11-25 10:08:35 - [MESSAGE][PASSED] - Object 'Object Repository/ADMIN/Custom Item Fields List Page/button_Add Field' is visible

2019-11-25 10:08:35 - [TEST_STEP][PASSED] - click: Object: 'Object Repository/ADMIN/Custom Item Fields List Page/button_Add Field' is clicked on

2019-11-25 10:08:36 - [MESSAGE][PASSED] - Object: 'Object Repository/ADMIN/Custom Item Fields List Page/button_Add Field' is clicked on

2019-11-25 10:08:36 - [TEST_STEP][PASSED] - comment: Choose Field Type

2019-11-25 10:08:36 - [TEST_STEP][PASSED] - Statement - If (varCustomFieldType == "Checkbox"): null

2019-11-25 10:08:36 - [TEST_STEP][PASSED] - Statement - Else If (varCustomFieldType == "Date / Time picker"): null

2019-11-25 10:08:36 - [TEST_STEP][PASSED] - Statement - Else If (varCustomFieldType == "Drop Down"): null

2019-11-25 10:08:36 - [TEST_STEP][PASSED] - Statement - Else If (varCustomFieldType == "Email"): null

2019-11-25 10:08:36 - [TEST_STEP][PASSED] - Statement - Else If (varCustomFieldType == "Embed Video"): null

2019-11-25 10:08:36 - [TEST_STEP][PASSED] - Statement - Else If (varCustomFieldType == "Hyperlink / URL"): null

2019-11-25 10:08:36 - [TEST_STEP][PASSED] - Statement - Else If (varCustomFieldType == "Location"): null

2019-11-25 10:08:36 - [TEST_STEP][PASSED] - Statement - Else If (varCustomFieldType == "Number"): null

2019-11-25 10:08:36 - [TEST_STEP][PASSED] - Statement - Else If (varCustomFieldType == "PDF File"): All options with label 'PDF File' are selected in object 'Object Repository/ADMIN/Custom Item Fields Page/a_Default/dropdown_fieldtype' 

2019-11-25 10:08:36 - [TEST_STEP][PASSED] - waitForElementVisible: Object 'Object Repository/ADMIN/Custom Item Fields Page/a_Default/dropdown_fieldtype' is visible

2019-11-25 10:08:36 - [MESSAGE][WARNING] - Timeout '0' is invalid. Using default page load timeout: '30'

2019-11-25 10:08:36 - [MESSAGE][PASSED] - Object 'Object Repository/ADMIN/Custom Item Fields Page/a_Default/dropdown_fieldtype' is visible

2019-11-25 10:08:36 - [TEST_STEP][PASSED] - selectOptionByLabel: All options with label 'PDF File' are selected in object 'Object Repository/ADMIN/Custom Item Fields Page/a_Default/dropdown_fieldtype' 

2019-11-25 10:08:36 - [MESSAGE][PASSED] - All options with label 'PDF File' are selected in object 'Object Repository/ADMIN/Custom Item Fields Page/a_Default/dropdown_fieldtype' 

2019-11-25 10:08:36 - [TEST_STEP][PASSED] - comment: Field Name

2019-11-25 10:08:36 - [TEST_STEP][PASSED] - setText: Text 'SP_PDF_M' is set on object 'Object Repository/ADMIN/Custom Item Fields Page/a_Default/textfield_fieldname'

2019-11-25 10:08:36 - [MESSAGE][PASSED] - Text 'SP_PDF_M' is set on object 'Object Repository/ADMIN/Custom Item Fields Page/a_Default/textfield_fieldname'

2019-11-25 10:08:36 - [TEST_STEP][PASSED] - comment: Mandatory/NonMandatory

2019-11-25 10:08:36 - [TEST_STEP][PASSED] - Statement - If (varMandatoryNonMandatory == "mandatory"): Object 'Object Repository/ADMIN/Custom Item Fields Page/a_Default/togglebutton_mandatory' is visible

2019-11-25 10:08:36 - [TEST_STEP][PASSED] - waitForElementVisible: Object 'Object Repository/ADMIN/Custom Item Fields Page/a_Default/togglebutton_mandatory' is visible

2019-11-25 10:08:36 - [MESSAGE][WARNING] - Timeout '0' is invalid. Using default page load timeout: '30'

2019-11-25 10:08:36 - [MESSAGE][PASSED] - Object 'Object Repository/ADMIN/Custom Item Fields Page/a_Default/togglebutton_mandatory' is visible

2019-11-25 10:08:36 - [TEST_STEP][PASSED] - comment: Assign Category

2019-11-25 10:08:36 - [TEST_STEP][PASSED] - click: Object: 'Object Repository/ADMIN/Custom Item Fields Page/a_Default/button_SelectCategories' is clicked on

2019-11-25 10:08:37 - [MESSAGE][PASSED] - Object: 'Object Repository/ADMIN/Custom Item Fields Page/a_Default/button_SelectCategories' is clicked on

2019-11-25 10:08:37 - [TEST_STEP][PASSED] - waitForElementVisible: Object 'Object Repository/ADMIN/Custom Item Fields List Page/a_SelectCategories/searchbox_Category' is visible

2019-11-25 10:08:37 - [MESSAGE][WARNING] - Timeout '0' is invalid. Using default page load timeout: '30'

2019-11-25 10:08:37 - [MESSAGE][PASSED] - Object 'Object Repository/ADMIN/Custom Item Fields List Page/a_SelectCategories/searchbox_Category' is visible

2019-11-25 10:08:37 - [TEST_STEP][PASSED] - comment: Category Assignment

2019-11-25 10:08:37 - [TEST_STEP][PASSED] - Statement - If (varAssignedCategory == "All Cat"): null

2019-11-25 10:08:37 - [TEST_STEP][PASSED] - Statement - Else If (varAssignedCategory == "Category 01"): Object: 'Object Repository/ADMIN/Custom Item Fields List Page/a_SelectCategories/a_Categories/checkbox_1' is clicked on

2019-11-25 10:08:37 - [TEST_STEP][PASSED] - setText: Text 'Category 01' is set on object 'Object Repository/ADMIN/Custom Item Fields List Page/a_SelectCategories/searchbox_Category'

2019-11-25 10:08:37 - [MESSAGE][PASSED] - Text 'Category 01' is set on object 'Object Repository/ADMIN/Custom Item Fields List Page/a_SelectCategories/searchbox_Category'

2019-11-25 10:08:37 - [TEST_STEP][PASSED] - click: Object: 'Object Repository/ADMIN/Custom Item Fields List Page/a_SelectCategories/a_Categories/checkbox_1' is clicked on

2019-11-25 10:08:37 - [MESSAGE][PASSED] - Object: 'Object Repository/ADMIN/Custom Item Fields List Page/a_SelectCategories/a_Categories/checkbox_1' is clicked on

2019-11-25 10:08:37 - [TEST_STEP][PASSED] - click: Object: 'Object Repository/ADMIN/Custom Item Fields List Page/a_SelectCategories/button_Save' is clicked on

2019-11-25 10:08:37 - [MESSAGE][PASSED] - Object: 'Object Repository/ADMIN/Custom Item Fields List Page/a_SelectCategories/button_Save' is clicked on

2019-11-25 10:08:37 - [TEST_STEP][PASSED] - delay: Delayed 2 second(s)

2019-11-25 10:08:39 - [MESSAGE][PASSED] - Delayed 2 second(s)

2019-11-25 10:08:39 - [TEST_STEP][PASSED] - click: Object: 'Object Repository/ADMIN/Custom Item Fields Page/a_Default/button_Save1' is clicked on

2019-11-25 10:08:40 - [MESSAGE][PASSED] - Object: 'Object Repository/ADMIN/Custom Item Fields Page/a_Default/button_Save1' is clicked on

2019-11-25 10:08:40 - [TEST_STEP][PASSED] - waitForElementVisible: Object 'Object Repository/ADMIN/Custom Item Fields List Page/button_Add Field' is visible

2019-11-25 10:08:40 - [MESSAGE][WARNING] - Timeout '0' is invalid. Using default page load timeout: '30'

2019-11-25 10:08:40 - [MESSAGE][PASSED] - Object 'Object Repository/ADMIN/Custom Item Fields List Page/button_Add Field' is visible]]></system-out>
         <system-err><![CDATA[]]></system-err>
      </testcase>
      <testcase name="Test Cases/ADMIN/Content Mgmt/Custom Fields Page/Add Custom Item Fields/Add_CF_DataDriven" classname="Test Cases/ADMIN/Content Mgmt/Custom Fields Page/Add Custom Item Fields/Add_CF_DataDriven" status="PASSED">
         <system-out><![CDATA[2019-11-25 10:08:40 - [TEST_CASE][PASSED] - Test Cases/ADMIN/Content Mgmt/Custom Fields Page/Add Custom Item Fields/Add_CF_DataDriven: Test Cases/ADMIN/Content Mgmt/Custom Fields Page/Add Custom Item Fields/Add_CF_DataDriven

2019-11-25 10:08:40 - [TEST_STEP][PASSED] - waitForElementVisible: Object 'Object Repository/ADMIN/Custom Item Fields List Page/button_Add Field' is visible

2019-11-25 10:08:40 - [MESSAGE][WARNING] - Timeout '0' is invalid. Using default page load timeout: '30'

2019-11-25 10:08:41 - [MESSAGE][PASSED] - Object 'Object Repository/ADMIN/Custom Item Fields List Page/button_Add Field' is visible

2019-11-25 10:08:41 - [TEST_STEP][PASSED] - click: Object: 'Object Repository/ADMIN/Custom Item Fields List Page/button_Add Field' is clicked on

2019-11-25 10:08:42 - [MESSAGE][PASSED] - Object: 'Object Repository/ADMIN/Custom Item Fields List Page/button_Add Field' is clicked on

2019-11-25 10:08:42 - [TEST_STEP][PASSED] - comment: Choose Field Type

2019-11-25 10:08:42 - [TEST_STEP][PASSED] - Statement - If (varCustomFieldType == "Checkbox"): null

2019-11-25 10:08:42 - [TEST_STEP][PASSED] - Statement - Else If (varCustomFieldType == "Date / Time picker"): null

2019-11-25 10:08:42 - [TEST_STEP][PASSED] - Statement - Else If (varCustomFieldType == "Drop Down"): null

2019-11-25 10:08:42 - [TEST_STEP][PASSED] - Statement - Else If (varCustomFieldType == "Email"): null

2019-11-25 10:08:42 - [TEST_STEP][PASSED] - Statement - Else If (varCustomFieldType == "Embed Video"): All options with label 'Embed Video' are selected in object 'Object Repository/ADMIN/Custom Item Fields Page/a_Default/dropdown_fieldtype' 

2019-11-25 10:08:42 - [TEST_STEP][PASSED] - waitForElementVisible: Object 'Object Repository/ADMIN/Custom Item Fields Page/a_Default/dropdown_fieldtype' is visible

2019-11-25 10:08:42 - [MESSAGE][WARNING] - Timeout '0' is invalid. Using default page load timeout: '30'

2019-11-25 10:08:42 - [MESSAGE][PASSED] - Object 'Object Repository/ADMIN/Custom Item Fields Page/a_Default/dropdown_fieldtype' is visible

2019-11-25 10:08:42 - [TEST_STEP][PASSED] - selectOptionByLabel: All options with label 'Embed Video' are selected in object 'Object Repository/ADMIN/Custom Item Fields Page/a_Default/dropdown_fieldtype' 

2019-11-25 10:08:43 - [MESSAGE][PASSED] - All options with label 'Embed Video' are selected in object 'Object Repository/ADMIN/Custom Item Fields Page/a_Default/dropdown_fieldtype' 

2019-11-25 10:08:43 - [TEST_STEP][PASSED] - comment: Field Name

2019-11-25 10:08:43 - [TEST_STEP][PASSED] - setText: Text 'SP_Video_M' is set on object 'Object Repository/ADMIN/Custom Item Fields Page/a_Default/textfield_fieldname'

2019-11-25 10:08:43 - [MESSAGE][PASSED] - Text 'SP_Video_M' is set on object 'Object Repository/ADMIN/Custom Item Fields Page/a_Default/textfield_fieldname'

2019-11-25 10:08:43 - [TEST_STEP][PASSED] - comment: Mandatory/NonMandatory

2019-11-25 10:08:43 - [TEST_STEP][PASSED] - Statement - If (varMandatoryNonMandatory == "mandatory"): Object 'Object Repository/ADMIN/Custom Item Fields Page/a_Default/togglebutton_mandatory' is visible

2019-11-25 10:08:43 - [TEST_STEP][PASSED] - waitForElementVisible: Object 'Object Repository/ADMIN/Custom Item Fields Page/a_Default/togglebutton_mandatory' is visible

2019-11-25 10:08:43 - [MESSAGE][WARNING] - Timeout '0' is invalid. Using default page load timeout: '30'

2019-11-25 10:08:43 - [MESSAGE][PASSED] - Object 'Object Repository/ADMIN/Custom Item Fields Page/a_Default/togglebutton_mandatory' is visible

2019-11-25 10:08:43 - [TEST_STEP][PASSED] - comment: Assign Category

2019-11-25 10:08:43 - [TEST_STEP][PASSED] - click: Object: 'Object Repository/ADMIN/Custom Item Fields Page/a_Default/button_SelectCategories' is clicked on

2019-11-25 10:08:43 - [MESSAGE][PASSED] - Object: 'Object Repository/ADMIN/Custom Item Fields Page/a_Default/button_SelectCategories' is clicked on

2019-11-25 10:08:43 - [TEST_STEP][PASSED] - waitForElementVisible: Object 'Object Repository/ADMIN/Custom Item Fields List Page/a_SelectCategories/searchbox_Category' is visible

2019-11-25 10:08:43 - [MESSAGE][WARNING] - Timeout '0' is invalid. Using default page load timeout: '30'

2019-11-25 10:08:43 - [MESSAGE][PASSED] - Object 'Object Repository/ADMIN/Custom Item Fields List Page/a_SelectCategories/searchbox_Category' is visible

2019-11-25 10:08:43 - [TEST_STEP][PASSED] - comment: Category Assignment

2019-11-25 10:08:43 - [TEST_STEP][PASSED] - Statement - If (varAssignedCategory == "All Cat"): null

2019-11-25 10:08:43 - [TEST_STEP][PASSED] - Statement - Else If (varAssignedCategory == "Category 01"): Object: 'Object Repository/ADMIN/Custom Item Fields List Page/a_SelectCategories/a_Categories/checkbox_1' is clicked on

2019-11-25 10:08:43 - [TEST_STEP][PASSED] - setText: Text 'Category 01' is set on object 'Object Repository/ADMIN/Custom Item Fields List Page/a_SelectCategories/searchbox_Category'

2019-11-25 10:08:44 - [MESSAGE][PASSED] - Text 'Category 01' is set on object 'Object Repository/ADMIN/Custom Item Fields List Page/a_SelectCategories/searchbox_Category'

2019-11-25 10:08:44 - [TEST_STEP][PASSED] - click: Object: 'Object Repository/ADMIN/Custom Item Fields List Page/a_SelectCategories/a_Categories/checkbox_1' is clicked on

2019-11-25 10:08:44 - [MESSAGE][PASSED] - Object: 'Object Repository/ADMIN/Custom Item Fields List Page/a_SelectCategories/a_Categories/checkbox_1' is clicked on

2019-11-25 10:08:44 - [TEST_STEP][PASSED] - click: Object: 'Object Repository/ADMIN/Custom Item Fields List Page/a_SelectCategories/button_Save' is clicked on

2019-11-25 10:08:44 - [MESSAGE][PASSED] - Object: 'Object Repository/ADMIN/Custom Item Fields List Page/a_SelectCategories/button_Save' is clicked on

2019-11-25 10:08:44 - [TEST_STEP][PASSED] - delay: Delayed 2 second(s)

2019-11-25 10:08:46 - [MESSAGE][PASSED] - Delayed 2 second(s)

2019-11-25 10:08:46 - [TEST_STEP][PASSED] - click: Object: 'Object Repository/ADMIN/Custom Item Fields Page/a_Default/button_Save1' is clicked on

2019-11-25 10:08:46 - [MESSAGE][PASSED] - Object: 'Object Repository/ADMIN/Custom Item Fields Page/a_Default/button_Save1' is clicked on

2019-11-25 10:08:46 - [TEST_STEP][PASSED] - waitForElementVisible: Object 'Object Repository/ADMIN/Custom Item Fields List Page/button_Add Field' is visible

2019-11-25 10:08:46 - [MESSAGE][WARNING] - Timeout '0' is invalid. Using default page load timeout: '30'

2019-11-25 10:08:48 - [MESSAGE][PASSED] - Object 'Object Repository/ADMIN/Custom Item Fields List Page/button_Add Field' is visible]]></system-out>
         <system-err><![CDATA[]]></system-err>
      </testcase>
      <testcase name="Test Cases/ADMIN/Content Mgmt/Custom Fields Page/Add Custom Item Fields/Add_CF_DataDriven" classname="Test Cases/ADMIN/Content Mgmt/Custom Fields Page/Add Custom Item Fields/Add_CF_DataDriven" status="PASSED">
         <system-out><![CDATA[2019-11-25 10:08:48 - [TEST_CASE][PASSED] - Test Cases/ADMIN/Content Mgmt/Custom Fields Page/Add Custom Item Fields/Add_CF_DataDriven: Test Cases/ADMIN/Content Mgmt/Custom Fields Page/Add Custom Item Fields/Add_CF_DataDriven

2019-11-25 10:08:48 - [TEST_STEP][PASSED] - waitForElementVisible: Object 'Object Repository/ADMIN/Custom Item Fields List Page/button_Add Field' is visible

2019-11-25 10:08:48 - [MESSAGE][WARNING] - Timeout '0' is invalid. Using default page load timeout: '30'

2019-11-25 10:08:48 - [MESSAGE][PASSED] - Object 'Object Repository/ADMIN/Custom Item Fields List Page/button_Add Field' is visible

2019-11-25 10:08:48 - [TEST_STEP][PASSED] - click: Object: 'Object Repository/ADMIN/Custom Item Fields List Page/button_Add Field' is clicked on

2019-11-25 10:08:49 - [MESSAGE][PASSED] - Object: 'Object Repository/ADMIN/Custom Item Fields List Page/button_Add Field' is clicked on

2019-11-25 10:08:49 - [TEST_STEP][PASSED] - comment: Choose Field Type

2019-11-25 10:08:49 - [TEST_STEP][PASSED] - Statement - If (varCustomFieldType == "Checkbox"): null

2019-11-25 10:08:49 - [TEST_STEP][PASSED] - Statement - Else If (varCustomFieldType == "Date / Time picker"): null

2019-11-25 10:08:49 - [TEST_STEP][PASSED] - Statement - Else If (varCustomFieldType == "Drop Down"): null

2019-11-25 10:08:49 - [TEST_STEP][PASSED] - Statement - Else If (varCustomFieldType == "Email"): null

2019-11-25 10:08:49 - [TEST_STEP][PASSED] - Statement - Else If (varCustomFieldType == "Embed Video"): null

2019-11-25 10:08:49 - [TEST_STEP][PASSED] - Statement - Else If (varCustomFieldType == "Hyperlink / URL"): null

2019-11-25 10:08:49 - [TEST_STEP][PASSED] - Statement - Else If (varCustomFieldType == "Location"): null

2019-11-25 10:08:49 - [TEST_STEP][PASSED] - Statement - Else If (varCustomFieldType == "Number"): null

2019-11-25 10:08:49 - [TEST_STEP][PASSED] - Statement - Else If (varCustomFieldType == "PDF File"): null

2019-11-25 10:08:49 - [TEST_STEP][PASSED] - Statement - Else If (varCustomFieldType == "Percentage"): null

2019-11-25 10:08:49 - [TEST_STEP][PASSED] - Statement - Else If (varCustomFieldType == "Text Editor"): null

2019-11-25 10:08:49 - [TEST_STEP][PASSED] - Statement - Else If (varCustomFieldType == "Text Field"): All options with label 'Text Field' are selected in object 'Object Repository/ADMIN/Custom Item Fields Page/a_Default/dropdown_fieldtype' 

2019-11-25 10:08:49 - [TEST_STEP][PASSED] - waitForElementVisible: Object 'Object Repository/ADMIN/Custom Item Fields Page/a_Default/dropdown_fieldtype' is visible

2019-11-25 10:08:49 - [MESSAGE][WARNING] - Timeout '0' is invalid. Using default page load timeout: '30'

2019-11-25 10:08:49 - [MESSAGE][PASSED] - Object 'Object Repository/ADMIN/Custom Item Fields Page/a_Default/dropdown_fieldtype' is visible

2019-11-25 10:08:49 - [TEST_STEP][PASSED] - selectOptionByLabel: All options with label 'Text Field' are selected in object 'Object Repository/ADMIN/Custom Item Fields Page/a_Default/dropdown_fieldtype' 

2019-11-25 10:08:49 - [MESSAGE][PASSED] - All options with label 'Text Field' are selected in object 'Object Repository/ADMIN/Custom Item Fields Page/a_Default/dropdown_fieldtype' 

2019-11-25 10:08:49 - [TEST_STEP][PASSED] - comment: Field Name

2019-11-25 10:08:49 - [TEST_STEP][PASSED] - setText: Text 'SPC_Text field_NM1' is set on object 'Object Repository/ADMIN/Custom Item Fields Page/a_Default/textfield_fieldname'

2019-11-25 10:08:49 - [MESSAGE][PASSED] - Text 'SPC_Text field_NM1' is set on object 'Object Repository/ADMIN/Custom Item Fields Page/a_Default/textfield_fieldname'

2019-11-25 10:08:49 - [TEST_STEP][PASSED] - comment: Mandatory/NonMandatory

2019-11-25 10:08:49 - [TEST_STEP][PASSED] - Statement - If (varMandatoryNonMandatory == "mandatory"): null

2019-11-25 10:08:49 - [TEST_STEP][PASSED] - Statement - Else If (varMandatoryNonMandatory == "non-mandatory"): Object: 'Object Repository/ADMIN/Custom Item Fields Page/a_Default/togglebutton_mandatory' is clicked on

2019-11-25 10:08:49 - [TEST_STEP][PASSED] - waitForElementVisible: Object 'Object Repository/ADMIN/Custom Item Fields Page/a_Default/togglebutton_mandatory' is visible

2019-11-25 10:08:49 - [MESSAGE][WARNING] - Timeout '0' is invalid. Using default page load timeout: '30'

2019-11-25 10:08:49 - [MESSAGE][PASSED] - Object 'Object Repository/ADMIN/Custom Item Fields Page/a_Default/togglebutton_mandatory' is visible

2019-11-25 10:08:49 - [TEST_STEP][PASSED] - click: Object: 'Object Repository/ADMIN/Custom Item Fields Page/a_Default/togglebutton_mandatory' is clicked on

2019-11-25 10:08:49 - [MESSAGE][PASSED] - Object: 'Object Repository/ADMIN/Custom Item Fields Page/a_Default/togglebutton_mandatory' is clicked on

2019-11-25 10:08:49 - [TEST_STEP][PASSED] - comment: Assign Category

2019-11-25 10:08:49 - [TEST_STEP][PASSED] - click: Object: 'Object Repository/ADMIN/Custom Item Fields Page/a_Default/button_SelectCategories' is clicked on

2019-11-25 10:08:49 - [MESSAGE][PASSED] - Object: 'Object Repository/ADMIN/Custom Item Fields Page/a_Default/button_SelectCategories' is clicked on

2019-11-25 10:08:49 - [TEST_STEP][PASSED] - waitForElementVisible: Object 'Object Repository/ADMIN/Custom Item Fields List Page/a_SelectCategories/searchbox_Category' is visible

2019-11-25 10:08:49 - [MESSAGE][WARNING] - Timeout '0' is invalid. Using default page load timeout: '30'

2019-11-25 10:08:50 - [MESSAGE][PASSED] - Object 'Object Repository/ADMIN/Custom Item Fields List Page/a_SelectCategories/searchbox_Category' is visible

2019-11-25 10:08:50 - [TEST_STEP][PASSED] - comment: Category Assignment

2019-11-25 10:08:50 - [TEST_STEP][PASSED] - Statement - If (varAssignedCategory == "All Cat"): null

2019-11-25 10:08:50 - [TEST_STEP][PASSED] - Statement - Else If (varAssignedCategory == "Category 01"): null

2019-11-25 10:08:50 - [TEST_STEP][PASSED] - Statement - Else If (varAssignedCategory == "Category 2.1"): Object: 'Object Repository/ADMIN/Custom Item Fields List Page/a_SelectCategories/a_Categories/checkbox_2.1' is clicked on

2019-11-25 10:08:50 - [TEST_STEP][PASSED] - setText: Text 'Category 2.1' is set on object 'Object Repository/ADMIN/Custom Item Fields List Page/a_SelectCategories/searchbox_Category'

2019-11-25 10:08:50 - [MESSAGE][PASSED] - Text 'Category 2.1' is set on object 'Object Repository/ADMIN/Custom Item Fields List Page/a_SelectCategories/searchbox_Category'

2019-11-25 10:08:50 - [TEST_STEP][PASSED] - click: Object: 'Object Repository/ADMIN/Custom Item Fields List Page/a_SelectCategories/a_Categories/checkbox_2.1' is clicked on

2019-11-25 10:08:50 - [MESSAGE][PASSED] - Object: 'Object Repository/ADMIN/Custom Item Fields List Page/a_SelectCategories/a_Categories/checkbox_2.1' is clicked on

2019-11-25 10:08:50 - [TEST_STEP][PASSED] - click: Object: 'Object Repository/ADMIN/Custom Item Fields List Page/a_SelectCategories/button_Save' is clicked on

2019-11-25 10:08:50 - [MESSAGE][PASSED] - Object: 'Object Repository/ADMIN/Custom Item Fields List Page/a_SelectCategories/button_Save' is clicked on

2019-11-25 10:08:50 - [TEST_STEP][PASSED] - delay: Delayed 2 second(s)

2019-11-25 10:08:52 - [MESSAGE][PASSED] - Delayed 2 second(s)

2019-11-25 10:08:52 - [TEST_STEP][PASSED] - click: Object: 'Object Repository/ADMIN/Custom Item Fields Page/a_Default/button_Save1' is clicked on

2019-11-25 10:08:53 - [MESSAGE][PASSED] - Object: 'Object Repository/ADMIN/Custom Item Fields Page/a_Default/button_Save1' is clicked on

2019-11-25 10:08:53 - [TEST_STEP][PASSED] - waitForElementVisible: Object 'Object Repository/ADMIN/Custom Item Fields List Page/button_Add Field' is visible

2019-11-25 10:08:53 - [MESSAGE][WARNING] - Timeout '0' is invalid. Using default page load timeout: '30'

2019-11-25 10:08:54 - [MESSAGE][PASSED] - Object 'Object Repository/ADMIN/Custom Item Fields List Page/button_Add Field' is visible]]></system-out>
         <system-err><![CDATA[]]></system-err>
      </testcase>
      <testcase name="Test Cases/ADMIN/Content Mgmt/Custom Fields Page/Add Custom Item Fields/Add_CF_DataDriven" classname="Test Cases/ADMIN/Content Mgmt/Custom Fields Page/Add Custom Item Fields/Add_CF_DataDriven" status="PASSED">
         <system-out><![CDATA[2019-11-25 10:08:54 - [TEST_CASE][PASSED] - Test Cases/ADMIN/Content Mgmt/Custom Fields Page/Add Custom Item Fields/Add_CF_DataDriven: Test Cases/ADMIN/Content Mgmt/Custom Fields Page/Add Custom Item Fields/Add_CF_DataDriven

2019-11-25 10:08:54 - [TEST_STEP][PASSED] - waitForElementVisible: Object 'Object Repository/ADMIN/Custom Item Fields List Page/button_Add Field' is visible

2019-11-25 10:08:54 - [MESSAGE][WARNING] - Timeout '0' is invalid. Using default page load timeout: '30'

2019-11-25 10:08:54 - [MESSAGE][PASSED] - Object 'Object Repository/ADMIN/Custom Item Fields List Page/button_Add Field' is visible

2019-11-25 10:08:54 - [TEST_STEP][PASSED] - click: Object: 'Object Repository/ADMIN/Custom Item Fields List Page/button_Add Field' is clicked on

2019-11-25 10:08:55 - [MESSAGE][PASSED] - Object: 'Object Repository/ADMIN/Custom Item Fields List Page/button_Add Field' is clicked on

2019-11-25 10:08:55 - [TEST_STEP][PASSED] - comment: Choose Field Type

2019-11-25 10:08:55 - [TEST_STEP][PASSED] - Statement - If (varCustomFieldType == "Checkbox"): null

2019-11-25 10:08:55 - [TEST_STEP][PASSED] - Statement - Else If (varCustomFieldType == "Date / Time picker"): null

2019-11-25 10:08:55 - [TEST_STEP][PASSED] - Statement - Else If (varCustomFieldType == "Drop Down"): null

2019-11-25 10:08:55 - [TEST_STEP][PASSED] - Statement - Else If (varCustomFieldType == "Email"): null

2019-11-25 10:08:55 - [TEST_STEP][PASSED] - Statement - Else If (varCustomFieldType == "Embed Video"): null

2019-11-25 10:08:55 - [TEST_STEP][PASSED] - Statement - Else If (varCustomFieldType == "Hyperlink / URL"): null

2019-11-25 10:08:55 - [TEST_STEP][PASSED] - Statement - Else If (varCustomFieldType == "Location"): null

2019-11-25 10:08:55 - [TEST_STEP][PASSED] - Statement - Else If (varCustomFieldType == "Number"): null

2019-11-25 10:08:55 - [TEST_STEP][PASSED] - Statement - Else If (varCustomFieldType == "PDF File"): null

2019-11-25 10:08:55 - [TEST_STEP][PASSED] - Statement - Else If (varCustomFieldType == "Percentage"): null

2019-11-25 10:08:55 - [TEST_STEP][PASSED] - Statement - Else If (varCustomFieldType == "Text Editor"): null

2019-11-25 10:08:55 - [TEST_STEP][PASSED] - Statement - Else If (varCustomFieldType == "Text Field"): All options with label 'Text Field' are selected in object 'Object Repository/ADMIN/Custom Item Fields Page/a_Default/dropdown_fieldtype' 

2019-11-25 10:08:55 - [TEST_STEP][PASSED] - waitForElementVisible: Object 'Object Repository/ADMIN/Custom Item Fields Page/a_Default/dropdown_fieldtype' is visible

2019-11-25 10:08:55 - [MESSAGE][WARNING] - Timeout '0' is invalid. Using default page load timeout: '30'

2019-11-25 10:08:55 - [MESSAGE][PASSED] - Object 'Object Repository/ADMIN/Custom Item Fields Page/a_Default/dropdown_fieldtype' is visible

2019-11-25 10:08:55 - [TEST_STEP][PASSED] - selectOptionByLabel: All options with label 'Text Field' are selected in object 'Object Repository/ADMIN/Custom Item Fields Page/a_Default/dropdown_fieldtype' 

2019-11-25 10:08:55 - [MESSAGE][PASSED] - All options with label 'Text Field' are selected in object 'Object Repository/ADMIN/Custom Item Fields Page/a_Default/dropdown_fieldtype' 

2019-11-25 10:08:55 - [TEST_STEP][PASSED] - comment: Field Name

2019-11-25 10:08:55 - [TEST_STEP][PASSED] - setText: Text 'SPC_Text field_NM2' is set on object 'Object Repository/ADMIN/Custom Item Fields Page/a_Default/textfield_fieldname'

2019-11-25 10:08:55 - [MESSAGE][PASSED] - Text 'SPC_Text field_NM2' is set on object 'Object Repository/ADMIN/Custom Item Fields Page/a_Default/textfield_fieldname'

2019-11-25 10:08:55 - [TEST_STEP][PASSED] - comment: Mandatory/NonMandatory

2019-11-25 10:08:55 - [TEST_STEP][PASSED] - Statement - If (varMandatoryNonMandatory == "mandatory"): null

2019-11-25 10:08:55 - [TEST_STEP][PASSED] - Statement - Else If (varMandatoryNonMandatory == "non-mandatory"): Object: 'Object Repository/ADMIN/Custom Item Fields Page/a_Default/togglebutton_mandatory' is clicked on

2019-11-25 10:08:55 - [TEST_STEP][PASSED] - waitForElementVisible: Object 'Object Repository/ADMIN/Custom Item Fields Page/a_Default/togglebutton_mandatory' is visible

2019-11-25 10:08:55 - [MESSAGE][WARNING] - Timeout '0' is invalid. Using default page load timeout: '30'

2019-11-25 10:08:55 - [MESSAGE][PASSED] - Object 'Object Repository/ADMIN/Custom Item Fields Page/a_Default/togglebutton_mandatory' is visible

2019-11-25 10:08:55 - [TEST_STEP][PASSED] - click: Object: 'Object Repository/ADMIN/Custom Item Fields Page/a_Default/togglebutton_mandatory' is clicked on

2019-11-25 10:08:55 - [MESSAGE][PASSED] - Object: 'Object Repository/ADMIN/Custom Item Fields Page/a_Default/togglebutton_mandatory' is clicked on

2019-11-25 10:08:55 - [TEST_STEP][PASSED] - comment: Assign Category

2019-11-25 10:08:55 - [TEST_STEP][PASSED] - click: Object: 'Object Repository/ADMIN/Custom Item Fields Page/a_Default/button_SelectCategories' is clicked on

2019-11-25 10:08:55 - [MESSAGE][PASSED] - Object: 'Object Repository/ADMIN/Custom Item Fields Page/a_Default/button_SelectCategories' is clicked on

2019-11-25 10:08:55 - [TEST_STEP][PASSED] - waitForElementVisible: Object 'Object Repository/ADMIN/Custom Item Fields List Page/a_SelectCategories/searchbox_Category' is visible

2019-11-25 10:08:55 - [MESSAGE][WARNING] - Timeout '0' is invalid. Using default page load timeout: '30'

2019-11-25 10:08:56 - [MESSAGE][PASSED] - Object 'Object Repository/ADMIN/Custom Item Fields List Page/a_SelectCategories/searchbox_Category' is visible

2019-11-25 10:08:56 - [TEST_STEP][PASSED] - comment: Category Assignment

2019-11-25 10:08:56 - [TEST_STEP][PASSED] - Statement - If (varAssignedCategory == "All Cat"): null

2019-11-25 10:08:56 - [TEST_STEP][PASSED] - Statement - Else If (varAssignedCategory == "Category 01"): null

2019-11-25 10:08:56 - [TEST_STEP][PASSED] - Statement - Else If (varAssignedCategory == "Category 2.1"): Object: 'Object Repository/ADMIN/Custom Item Fields List Page/a_SelectCategories/a_Categories/checkbox_2.1' is clicked on

2019-11-25 10:08:56 - [TEST_STEP][PASSED] - setText: Text 'Category 2.1' is set on object 'Object Repository/ADMIN/Custom Item Fields List Page/a_SelectCategories/searchbox_Category'

2019-11-25 10:08:56 - [MESSAGE][PASSED] - Text 'Category 2.1' is set on object 'Object Repository/ADMIN/Custom Item Fields List Page/a_SelectCategories/searchbox_Category'

2019-11-25 10:08:56 - [TEST_STEP][PASSED] - click: Object: 'Object Repository/ADMIN/Custom Item Fields List Page/a_SelectCategories/a_Categories/checkbox_2.1' is clicked on

2019-11-25 10:08:56 - [MESSAGE][PASSED] - Object: 'Object Repository/ADMIN/Custom Item Fields List Page/a_SelectCategories/a_Categories/checkbox_2.1' is clicked on

2019-11-25 10:08:56 - [TEST_STEP][PASSED] - click: Object: 'Object Repository/ADMIN/Custom Item Fields List Page/a_SelectCategories/button_Save' is clicked on

2019-11-25 10:08:56 - [MESSAGE][PASSED] - Object: 'Object Repository/ADMIN/Custom Item Fields List Page/a_SelectCategories/button_Save' is clicked on

2019-11-25 10:08:56 - [TEST_STEP][PASSED] - delay: Delayed 2 second(s)

2019-11-25 10:08:58 - [MESSAGE][PASSED] - Delayed 2 second(s)

2019-11-25 10:08:58 - [TEST_STEP][PASSED] - click: Object: 'Object Repository/ADMIN/Custom Item Fields Page/a_Default/button_Save1' is clicked on

2019-11-25 10:08:58 - [MESSAGE][PASSED] - Object: 'Object Repository/ADMIN/Custom Item Fields Page/a_Default/button_Save1' is clicked on

2019-11-25 10:08:58 - [TEST_STEP][PASSED] - waitForElementVisible: Object 'Object Repository/ADMIN/Custom Item Fields List Page/button_Add Field' is visible

2019-11-25 10:08:58 - [MESSAGE][WARNING] - Timeout '0' is invalid. Using default page load timeout: '30'

2019-11-25 10:08:59 - [MESSAGE][PASSED] - Object 'Object Repository/ADMIN/Custom Item Fields List Page/button_Add Field' is visible]]></system-out>
         <system-err><![CDATA[]]></system-err>
      </testcase>
      <testcase name="Test Cases/ADMIN/Content Mgmt/Custom Fields Page/Add Custom Item Fields/Add_CF_DataDriven" classname="Test Cases/ADMIN/Content Mgmt/Custom Fields Page/Add Custom Item Fields/Add_CF_DataDriven" status="PASSED">
         <system-out><![CDATA[2019-11-25 10:08:59 - [TEST_CASE][PASSED] - Test Cases/ADMIN/Content Mgmt/Custom Fields Page/Add Custom Item Fields/Add_CF_DataDriven: Test Cases/ADMIN/Content Mgmt/Custom Fields Page/Add Custom Item Fields/Add_CF_DataDriven

2019-11-25 10:08:59 - [TEST_STEP][PASSED] - waitForElementVisible: Object 'Object Repository/ADMIN/Custom Item Fields List Page/button_Add Field' is visible

2019-11-25 10:08:59 - [MESSAGE][WARNING] - Timeout '0' is invalid. Using default page load timeout: '30'

2019-11-25 10:09:00 - [MESSAGE][PASSED] - Object 'Object Repository/ADMIN/Custom Item Fields List Page/button_Add Field' is visible

2019-11-25 10:09:00 - [TEST_STEP][PASSED] - click: Object: 'Object Repository/ADMIN/Custom Item Fields List Page/button_Add Field' is clicked on

2019-11-25 10:09:00 - [MESSAGE][PASSED] - Object: 'Object Repository/ADMIN/Custom Item Fields List Page/button_Add Field' is clicked on

2019-11-25 10:09:00 - [TEST_STEP][PASSED] - comment: Choose Field Type

2019-11-25 10:09:00 - [TEST_STEP][PASSED] - Statement - If (varCustomFieldType == "Checkbox"): null

2019-11-25 10:09:00 - [TEST_STEP][PASSED] - Statement - Else If (varCustomFieldType == "Date / Time picker"): null

2019-11-25 10:09:00 - [TEST_STEP][PASSED] - Statement - Else If (varCustomFieldType == "Drop Down"): null

2019-11-25 10:09:00 - [TEST_STEP][PASSED] - Statement - Else If (varCustomFieldType == "Email"): null

2019-11-25 10:09:00 - [TEST_STEP][PASSED] - Statement - Else If (varCustomFieldType == "Embed Video"): null

2019-11-25 10:09:00 - [TEST_STEP][PASSED] - Statement - Else If (varCustomFieldType == "Hyperlink / URL"): null

2019-11-25 10:09:00 - [TEST_STEP][PASSED] - Statement - Else If (varCustomFieldType == "Location"): null

2019-11-25 10:09:00 - [TEST_STEP][PASSED] - Statement - Else If (varCustomFieldType == "Number"): null

2019-11-25 10:09:00 - [TEST_STEP][PASSED] - Statement - Else If (varCustomFieldType == "PDF File"): null

2019-11-25 10:09:00 - [TEST_STEP][PASSED] - Statement - Else If (varCustomFieldType == "Percentage"): null

2019-11-25 10:09:00 - [TEST_STEP][PASSED] - Statement - Else If (varCustomFieldType == "Text Editor"): All options with label 'Text Editor' are selected in object 'Object Repository/ADMIN/Custom Item Fields Page/a_Default/dropdown_fieldtype' 

2019-11-25 10:09:00 - [TEST_STEP][PASSED] - waitForElementVisible: Object 'Object Repository/ADMIN/Custom Item Fields Page/a_Default/dropdown_fieldtype' is visible

2019-11-25 10:09:00 - [MESSAGE][WARNING] - Timeout '0' is invalid. Using default page load timeout: '30'

2019-11-25 10:09:00 - [MESSAGE][PASSED] - Object 'Object Repository/ADMIN/Custom Item Fields Page/a_Default/dropdown_fieldtype' is visible

2019-11-25 10:09:00 - [TEST_STEP][PASSED] - selectOptionByLabel: All options with label 'Text Editor' are selected in object 'Object Repository/ADMIN/Custom Item Fields Page/a_Default/dropdown_fieldtype' 

2019-11-25 10:09:01 - [MESSAGE][PASSED] - All options with label 'Text Editor' are selected in object 'Object Repository/ADMIN/Custom Item Fields Page/a_Default/dropdown_fieldtype' 

2019-11-25 10:09:01 - [TEST_STEP][PASSED] - comment: Field Name

2019-11-25 10:09:01 - [TEST_STEP][PASSED] - setText: Text 'SPC_Text editor_NM' is set on object 'Object Repository/ADMIN/Custom Item Fields Page/a_Default/textfield_fieldname'

2019-11-25 10:09:01 - [MESSAGE][PASSED] - Text 'SPC_Text editor_NM' is set on object 'Object Repository/ADMIN/Custom Item Fields Page/a_Default/textfield_fieldname'

2019-11-25 10:09:01 - [TEST_STEP][PASSED] - comment: Mandatory/NonMandatory

2019-11-25 10:09:01 - [TEST_STEP][PASSED] - Statement - If (varMandatoryNonMandatory == "mandatory"): null

2019-11-25 10:09:01 - [TEST_STEP][PASSED] - Statement - Else If (varMandatoryNonMandatory == "non-mandatory"): Object: 'Object Repository/ADMIN/Custom Item Fields Page/a_Default/togglebutton_mandatory' is clicked on

2019-11-25 10:09:01 - [TEST_STEP][PASSED] - waitForElementVisible: Object 'Object Repository/ADMIN/Custom Item Fields Page/a_Default/togglebutton_mandatory' is visible

2019-11-25 10:09:01 - [MESSAGE][WARNING] - Timeout '0' is invalid. Using default page load timeout: '30'

2019-11-25 10:09:01 - [MESSAGE][PASSED] - Object 'Object Repository/ADMIN/Custom Item Fields Page/a_Default/togglebutton_mandatory' is visible

2019-11-25 10:09:01 - [TEST_STEP][PASSED] - click: Object: 'Object Repository/ADMIN/Custom Item Fields Page/a_Default/togglebutton_mandatory' is clicked on

2019-11-25 10:09:01 - [MESSAGE][PASSED] - Object: 'Object Repository/ADMIN/Custom Item Fields Page/a_Default/togglebutton_mandatory' is clicked on

2019-11-25 10:09:01 - [TEST_STEP][PASSED] - comment: Assign Category

2019-11-25 10:09:01 - [TEST_STEP][PASSED] - click: Object: 'Object Repository/ADMIN/Custom Item Fields Page/a_Default/button_SelectCategories' is clicked on

2019-11-25 10:09:01 - [MESSAGE][PASSED] - Object: 'Object Repository/ADMIN/Custom Item Fields Page/a_Default/button_SelectCategories' is clicked on

2019-11-25 10:09:01 - [TEST_STEP][PASSED] - waitForElementVisible: Object 'Object Repository/ADMIN/Custom Item Fields List Page/a_SelectCategories/searchbox_Category' is visible

2019-11-25 10:09:01 - [MESSAGE][WARNING] - Timeout '0' is invalid. Using default page load timeout: '30'

2019-11-25 10:09:02 - [MESSAGE][PASSED] - Object 'Object Repository/ADMIN/Custom Item Fields List Page/a_SelectCategories/searchbox_Category' is visible

2019-11-25 10:09:02 - [TEST_STEP][PASSED] - comment: Category Assignment

2019-11-25 10:09:02 - [TEST_STEP][PASSED] - Statement - If (varAssignedCategory == "All Cat"): null

2019-11-25 10:09:02 - [TEST_STEP][PASSED] - Statement - Else If (varAssignedCategory == "Category 01"): null

2019-11-25 10:09:02 - [TEST_STEP][PASSED] - Statement - Else If (varAssignedCategory == "Category 2.1"): Object: 'Object Repository/ADMIN/Custom Item Fields List Page/a_SelectCategories/a_Categories/checkbox_2.1' is clicked on

2019-11-25 10:09:02 - [TEST_STEP][PASSED] - setText: Text 'Category 2.1' is set on object 'Object Repository/ADMIN/Custom Item Fields List Page/a_SelectCategories/searchbox_Category'

2019-11-25 10:09:02 - [MESSAGE][PASSED] - Text 'Category 2.1' is set on object 'Object Repository/ADMIN/Custom Item Fields List Page/a_SelectCategories/searchbox_Category'

2019-11-25 10:09:02 - [TEST_STEP][PASSED] - click: Object: 'Object Repository/ADMIN/Custom Item Fields List Page/a_SelectCategories/a_Categories/checkbox_2.1' is clicked on

2019-11-25 10:09:02 - [MESSAGE][PASSED] - Object: 'Object Repository/ADMIN/Custom Item Fields List Page/a_SelectCategories/a_Categories/checkbox_2.1' is clicked on

2019-11-25 10:09:02 - [TEST_STEP][PASSED] - click: Object: 'Object Repository/ADMIN/Custom Item Fields List Page/a_SelectCategories/button_Save' is clicked on

2019-11-25 10:09:02 - [MESSAGE][PASSED] - Object: 'Object Repository/ADMIN/Custom Item Fields List Page/a_SelectCategories/button_Save' is clicked on

2019-11-25 10:09:02 - [TEST_STEP][PASSED] - delay: Delayed 2 second(s)

2019-11-25 10:09:04 - [MESSAGE][PASSED] - Delayed 2 second(s)

2019-11-25 10:09:04 - [TEST_STEP][PASSED] - click: Object: 'Object Repository/ADMIN/Custom Item Fields Page/a_Default/button_Save1' is clicked on

2019-11-25 10:09:04 - [MESSAGE][PASSED] - Object: 'Object Repository/ADMIN/Custom Item Fields Page/a_Default/button_Save1' is clicked on

2019-11-25 10:09:04 - [TEST_STEP][PASSED] - waitForElementVisible: Object 'Object Repository/ADMIN/Custom Item Fields List Page/button_Add Field' is visible

2019-11-25 10:09:04 - [MESSAGE][WARNING] - Timeout '0' is invalid. Using default page load timeout: '30'

2019-11-25 10:09:05 - [MESSAGE][PASSED] - Object 'Object Repository/ADMIN/Custom Item Fields List Page/button_Add Field' is visible]]></system-out>
         <system-err><![CDATA[]]></system-err>
      </testcase>
      <testcase name="Test Cases/ADMIN/Content Mgmt/Custom Fields Page/Add Custom Item Fields/Add_CF_DataDriven" classname="Test Cases/ADMIN/Content Mgmt/Custom Fields Page/Add Custom Item Fields/Add_CF_DataDriven" status="PASSED">
         <system-out><![CDATA[2019-11-25 10:09:05 - [TEST_CASE][PASSED] - Test Cases/ADMIN/Content Mgmt/Custom Fields Page/Add Custom Item Fields/Add_CF_DataDriven: Test Cases/ADMIN/Content Mgmt/Custom Fields Page/Add Custom Item Fields/Add_CF_DataDriven

2019-11-25 10:09:05 - [TEST_STEP][PASSED] - waitForElementVisible: Object 'Object Repository/ADMIN/Custom Item Fields List Page/button_Add Field' is visible

2019-11-25 10:09:05 - [MESSAGE][WARNING] - Timeout '0' is invalid. Using default page load timeout: '30'

2019-11-25 10:09:05 - [MESSAGE][PASSED] - Object 'Object Repository/ADMIN/Custom Item Fields List Page/button_Add Field' is visible

2019-11-25 10:09:05 - [TEST_STEP][PASSED] - click: Object: 'Object Repository/ADMIN/Custom Item Fields List Page/button_Add Field' is clicked on

2019-11-25 10:09:06 - [MESSAGE][PASSED] - Object: 'Object Repository/ADMIN/Custom Item Fields List Page/button_Add Field' is clicked on

2019-11-25 10:09:06 - [TEST_STEP][PASSED] - comment: Choose Field Type

2019-11-25 10:09:06 - [TEST_STEP][PASSED] - Statement - If (varCustomFieldType == "Checkbox"): null

2019-11-25 10:09:06 - [TEST_STEP][PASSED] - Statement - Else If (varCustomFieldType == "Date / Time picker"): null

2019-11-25 10:09:06 - [TEST_STEP][PASSED] - Statement - Else If (varCustomFieldType == "Drop Down"): null

2019-11-25 10:09:06 - [TEST_STEP][PASSED] - Statement - Else If (varCustomFieldType == "Email"): null

2019-11-25 10:09:06 - [TEST_STEP][PASSED] - Statement - Else If (varCustomFieldType == "Embed Video"): null

2019-11-25 10:09:06 - [TEST_STEP][PASSED] - Statement - Else If (varCustomFieldType == "Hyperlink / URL"): All options with label 'Hyperlink / URL' are selected in object 'Object Repository/ADMIN/Custom Item Fields Page/a_Default/dropdown_fieldtype' 

2019-11-25 10:09:06 - [TEST_STEP][PASSED] - waitForElementVisible: Object 'Object Repository/ADMIN/Custom Item Fields Page/a_Default/dropdown_fieldtype' is visible

2019-11-25 10:09:06 - [MESSAGE][WARNING] - Timeout '0' is invalid. Using default page load timeout: '30'

2019-11-25 10:09:06 - [MESSAGE][PASSED] - Object 'Object Repository/ADMIN/Custom Item Fields Page/a_Default/dropdown_fieldtype' is visible

2019-11-25 10:09:06 - [TEST_STEP][PASSED] - selectOptionByLabel: All options with label 'Hyperlink / URL' are selected in object 'Object Repository/ADMIN/Custom Item Fields Page/a_Default/dropdown_fieldtype' 

2019-11-25 10:09:06 - [MESSAGE][PASSED] - All options with label 'Hyperlink / URL' are selected in object 'Object Repository/ADMIN/Custom Item Fields Page/a_Default/dropdown_fieldtype' 

2019-11-25 10:09:06 - [TEST_STEP][PASSED] - comment: Field Name

2019-11-25 10:09:06 - [TEST_STEP][PASSED] - setText: Text 'SPC_Hyperlink_NM' is set on object 'Object Repository/ADMIN/Custom Item Fields Page/a_Default/textfield_fieldname'

2019-11-25 10:09:06 - [MESSAGE][PASSED] - Text 'SPC_Hyperlink_NM' is set on object 'Object Repository/ADMIN/Custom Item Fields Page/a_Default/textfield_fieldname'

2019-11-25 10:09:06 - [TEST_STEP][PASSED] - comment: Mandatory/NonMandatory

2019-11-25 10:09:06 - [TEST_STEP][PASSED] - Statement - If (varMandatoryNonMandatory == "mandatory"): null

2019-11-25 10:09:06 - [TEST_STEP][PASSED] - Statement - Else If (varMandatoryNonMandatory == "non-mandatory"): Object: 'Object Repository/ADMIN/Custom Item Fields Page/a_Default/togglebutton_mandatory' is clicked on

2019-11-25 10:09:06 - [TEST_STEP][PASSED] - waitForElementVisible: Object 'Object Repository/ADMIN/Custom Item Fields Page/a_Default/togglebutton_mandatory' is visible

2019-11-25 10:09:06 - [MESSAGE][WARNING] - Timeout '0' is invalid. Using default page load timeout: '30'

2019-11-25 10:09:06 - [MESSAGE][PASSED] - Object 'Object Repository/ADMIN/Custom Item Fields Page/a_Default/togglebutton_mandatory' is visible

2019-11-25 10:09:06 - [TEST_STEP][PASSED] - click: Object: 'Object Repository/ADMIN/Custom Item Fields Page/a_Default/togglebutton_mandatory' is clicked on

2019-11-25 10:09:07 - [MESSAGE][PASSED] - Object: 'Object Repository/ADMIN/Custom Item Fields Page/a_Default/togglebutton_mandatory' is clicked on

2019-11-25 10:09:07 - [TEST_STEP][PASSED] - comment: Assign Category

2019-11-25 10:09:07 - [TEST_STEP][PASSED] - click: Object: 'Object Repository/ADMIN/Custom Item Fields Page/a_Default/button_SelectCategories' is clicked on

2019-11-25 10:09:07 - [MESSAGE][PASSED] - Object: 'Object Repository/ADMIN/Custom Item Fields Page/a_Default/button_SelectCategories' is clicked on

2019-11-25 10:09:07 - [TEST_STEP][PASSED] - waitForElementVisible: Object 'Object Repository/ADMIN/Custom Item Fields List Page/a_SelectCategories/searchbox_Category' is visible

2019-11-25 10:09:07 - [MESSAGE][WARNING] - Timeout '0' is invalid. Using default page load timeout: '30'

2019-11-25 10:09:07 - [MESSAGE][PASSED] - Object 'Object Repository/ADMIN/Custom Item Fields List Page/a_SelectCategories/searchbox_Category' is visible

2019-11-25 10:09:07 - [TEST_STEP][PASSED] - comment: Category Assignment

2019-11-25 10:09:07 - [TEST_STEP][PASSED] - Statement - If (varAssignedCategory == "All Cat"): null

2019-11-25 10:09:07 - [TEST_STEP][PASSED] - Statement - Else If (varAssignedCategory == "Category 01"): null

2019-11-25 10:09:07 - [TEST_STEP][PASSED] - Statement - Else If (varAssignedCategory == "Category 2.1"): Object: 'Object Repository/ADMIN/Custom Item Fields List Page/a_SelectCategories/a_Categories/checkbox_2.1' is clicked on

2019-11-25 10:09:07 - [TEST_STEP][PASSED] - setText: Text 'Category 2.1' is set on object 'Object Repository/ADMIN/Custom Item Fields List Page/a_SelectCategories/searchbox_Category'

2019-11-25 10:09:07 - [MESSAGE][PASSED] - Text 'Category 2.1' is set on object 'Object Repository/ADMIN/Custom Item Fields List Page/a_SelectCategories/searchbox_Category'

2019-11-25 10:09:07 - [TEST_STEP][PASSED] - click: Object: 'Object Repository/ADMIN/Custom Item Fields List Page/a_SelectCategories/a_Categories/checkbox_2.1' is clicked on

2019-11-25 10:09:07 - [MESSAGE][PASSED] - Object: 'Object Repository/ADMIN/Custom Item Fields List Page/a_SelectCategories/a_Categories/checkbox_2.1' is clicked on

2019-11-25 10:09:07 - [TEST_STEP][PASSED] - click: Object: 'Object Repository/ADMIN/Custom Item Fields List Page/a_SelectCategories/button_Save' is clicked on

2019-11-25 10:09:08 - [MESSAGE][PASSED] - Object: 'Object Repository/ADMIN/Custom Item Fields List Page/a_SelectCategories/button_Save' is clicked on

2019-11-25 10:09:08 - [TEST_STEP][PASSED] - delay: Delayed 2 second(s)

2019-11-25 10:09:10 - [MESSAGE][PASSED] - Delayed 2 second(s)

2019-11-25 10:09:10 - [TEST_STEP][PASSED] - click: Object: 'Object Repository/ADMIN/Custom Item Fields Page/a_Default/button_Save1' is clicked on

2019-11-25 10:09:10 - [MESSAGE][PASSED] - Object: 'Object Repository/ADMIN/Custom Item Fields Page/a_Default/button_Save1' is clicked on

2019-11-25 10:09:10 - [TEST_STEP][PASSED] - waitForElementVisible: Object 'Object Repository/ADMIN/Custom Item Fields List Page/button_Add Field' is visible

2019-11-25 10:09:10 - [MESSAGE][WARNING] - Timeout '0' is invalid. Using default page load timeout: '30'

2019-11-25 10:09:11 - [MESSAGE][PASSED] - Object 'Object Repository/ADMIN/Custom Item Fields List Page/button_Add Field' is visible]]></system-out>
         <system-err><![CDATA[]]></system-err>
      </testcase>
      <testcase name="Test Cases/ADMIN/Content Mgmt/Custom Fields Page/Add Custom Item Fields/Add_CF_DataDriven" classname="Test Cases/ADMIN/Content Mgmt/Custom Fields Page/Add Custom Item Fields/Add_CF_DataDriven" status="PASSED">
         <system-out><![CDATA[2019-11-25 10:09:11 - [TEST_CASE][PASSED] - Test Cases/ADMIN/Content Mgmt/Custom Fields Page/Add Custom Item Fields/Add_CF_DataDriven: Test Cases/ADMIN/Content Mgmt/Custom Fields Page/Add Custom Item Fields/Add_CF_DataDriven

2019-11-25 10:09:11 - [TEST_STEP][PASSED] - waitForElementVisible: Object 'Object Repository/ADMIN/Custom Item Fields List Page/button_Add Field' is visible

2019-11-25 10:09:11 - [MESSAGE][WARNING] - Timeout '0' is invalid. Using default page load timeout: '30'

2019-11-25 10:09:11 - [MESSAGE][PASSED] - Object 'Object Repository/ADMIN/Custom Item Fields List Page/button_Add Field' is visible

2019-11-25 10:09:11 - [TEST_STEP][PASSED] - click: Object: 'Object Repository/ADMIN/Custom Item Fields List Page/button_Add Field' is clicked on

2019-11-25 10:09:11 - [MESSAGE][PASSED] - Object: 'Object Repository/ADMIN/Custom Item Fields List Page/button_Add Field' is clicked on

2019-11-25 10:09:11 - [TEST_STEP][PASSED] - comment: Choose Field Type

2019-11-25 10:09:11 - [TEST_STEP][PASSED] - Statement - If (varCustomFieldType == "Checkbox"): null

2019-11-25 10:09:11 - [TEST_STEP][PASSED] - Statement - Else If (varCustomFieldType == "Date / Time picker"): null

2019-11-25 10:09:11 - [TEST_STEP][PASSED] - Statement - Else If (varCustomFieldType == "Drop Down"): null

2019-11-25 10:09:11 - [TEST_STEP][PASSED] - Statement - Else If (varCustomFieldType == "Email"): All options with label 'Email' are selected in object 'Object Repository/ADMIN/Custom Item Fields Page/a_Default/dropdown_fieldtype' 

2019-11-25 10:09:11 - [TEST_STEP][PASSED] - waitForElementVisible: Object 'Object Repository/ADMIN/Custom Item Fields Page/a_Default/dropdown_fieldtype' is visible

2019-11-25 10:09:11 - [MESSAGE][WARNING] - Timeout '0' is invalid. Using default page load timeout: '30'

2019-11-25 10:09:11 - [MESSAGE][PASSED] - Object 'Object Repository/ADMIN/Custom Item Fields Page/a_Default/dropdown_fieldtype' is visible

2019-11-25 10:09:11 - [TEST_STEP][PASSED] - selectOptionByLabel: All options with label 'Email' are selected in object 'Object Repository/ADMIN/Custom Item Fields Page/a_Default/dropdown_fieldtype' 

2019-11-25 10:09:12 - [MESSAGE][PASSED] - All options with label 'Email' are selected in object 'Object Repository/ADMIN/Custom Item Fields Page/a_Default/dropdown_fieldtype' 

2019-11-25 10:09:12 - [TEST_STEP][PASSED] - comment: Field Name

2019-11-25 10:09:12 - [TEST_STEP][PASSED] - setText: Text 'SPC_Email_NM' is set on object 'Object Repository/ADMIN/Custom Item Fields Page/a_Default/textfield_fieldname'

2019-11-25 10:09:12 - [MESSAGE][PASSED] - Text 'SPC_Email_NM' is set on object 'Object Repository/ADMIN/Custom Item Fields Page/a_Default/textfield_fieldname'

2019-11-25 10:09:12 - [TEST_STEP][PASSED] - comment: Mandatory/NonMandatory

2019-11-25 10:09:12 - [TEST_STEP][PASSED] - Statement - If (varMandatoryNonMandatory == "mandatory"): null

2019-11-25 10:09:12 - [TEST_STEP][PASSED] - Statement - Else If (varMandatoryNonMandatory == "non-mandatory"): Object: 'Object Repository/ADMIN/Custom Item Fields Page/a_Default/togglebutton_mandatory' is clicked on

2019-11-25 10:09:12 - [TEST_STEP][PASSED] - waitForElementVisible: Object 'Object Repository/ADMIN/Custom Item Fields Page/a_Default/togglebutton_mandatory' is visible

2019-11-25 10:09:12 - [MESSAGE][WARNING] - Timeout '0' is invalid. Using default page load timeout: '30'

2019-11-25 10:09:12 - [MESSAGE][PASSED] - Object 'Object Repository/ADMIN/Custom Item Fields Page/a_Default/togglebutton_mandatory' is visible

2019-11-25 10:09:12 - [TEST_STEP][PASSED] - click: Object: 'Object Repository/ADMIN/Custom Item Fields Page/a_Default/togglebutton_mandatory' is clicked on

2019-11-25 10:09:12 - [MESSAGE][PASSED] - Object: 'Object Repository/ADMIN/Custom Item Fields Page/a_Default/togglebutton_mandatory' is clicked on

2019-11-25 10:09:12 - [TEST_STEP][PASSED] - comment: Assign Category

2019-11-25 10:09:12 - [TEST_STEP][PASSED] - click: Object: 'Object Repository/ADMIN/Custom Item Fields Page/a_Default/button_SelectCategories' is clicked on

2019-11-25 10:09:12 - [MESSAGE][PASSED] - Object: 'Object Repository/ADMIN/Custom Item Fields Page/a_Default/button_SelectCategories' is clicked on

2019-11-25 10:09:12 - [TEST_STEP][PASSED] - waitForElementVisible: Object 'Object Repository/ADMIN/Custom Item Fields List Page/a_SelectCategories/searchbox_Category' is visible

2019-11-25 10:09:12 - [MESSAGE][WARNING] - Timeout '0' is invalid. Using default page load timeout: '30'

2019-11-25 10:09:13 - [MESSAGE][PASSED] - Object 'Object Repository/ADMIN/Custom Item Fields List Page/a_SelectCategories/searchbox_Category' is visible

2019-11-25 10:09:13 - [TEST_STEP][PASSED] - comment: Category Assignment

2019-11-25 10:09:13 - [TEST_STEP][PASSED] - Statement - If (varAssignedCategory == "All Cat"): null

2019-11-25 10:09:13 - [TEST_STEP][PASSED] - Statement - Else If (varAssignedCategory == "Category 01"): null

2019-11-25 10:09:13 - [TEST_STEP][PASSED] - Statement - Else If (varAssignedCategory == "Category 2.1"): Object: 'Object Repository/ADMIN/Custom Item Fields List Page/a_SelectCategories/a_Categories/checkbox_2.1' is clicked on

2019-11-25 10:09:13 - [TEST_STEP][PASSED] - setText: Text 'Category 2.1' is set on object 'Object Repository/ADMIN/Custom Item Fields List Page/a_SelectCategories/searchbox_Category'

2019-11-25 10:09:13 - [MESSAGE][PASSED] - Text 'Category 2.1' is set on object 'Object Repository/ADMIN/Custom Item Fields List Page/a_SelectCategories/searchbox_Category'

2019-11-25 10:09:13 - [TEST_STEP][PASSED] - click: Object: 'Object Repository/ADMIN/Custom Item Fields List Page/a_SelectCategories/a_Categories/checkbox_2.1' is clicked on

2019-11-25 10:09:13 - [MESSAGE][PASSED] - Object: 'Object Repository/ADMIN/Custom Item Fields List Page/a_SelectCategories/a_Categories/checkbox_2.1' is clicked on

2019-11-25 10:09:13 - [TEST_STEP][PASSED] - click: Object: 'Object Repository/ADMIN/Custom Item Fields List Page/a_SelectCategories/button_Save' is clicked on

2019-11-25 10:09:13 - [MESSAGE][PASSED] - Object: 'Object Repository/ADMIN/Custom Item Fields List Page/a_SelectCategories/button_Save' is clicked on

2019-11-25 10:09:13 - [TEST_STEP][PASSED] - delay: Delayed 2 second(s)

2019-11-25 10:09:15 - [MESSAGE][PASSED] - Delayed 2 second(s)

2019-11-25 10:09:15 - [TEST_STEP][PASSED] - click: Object: 'Object Repository/ADMIN/Custom Item Fields Page/a_Default/button_Save1' is clicked on

2019-11-25 10:09:15 - [MESSAGE][PASSED] - Object: 'Object Repository/ADMIN/Custom Item Fields Page/a_Default/button_Save1' is clicked on

2019-11-25 10:09:15 - [TEST_STEP][PASSED] - waitForElementVisible: Object 'Object Repository/ADMIN/Custom Item Fields List Page/button_Add Field' is visible

2019-11-25 10:09:15 - [MESSAGE][WARNING] - Timeout '0' is invalid. Using default page load timeout: '30'

2019-11-25 10:09:16 - [MESSAGE][PASSED] - Object 'Object Repository/ADMIN/Custom Item Fields List Page/button_Add Field' is visible]]></system-out>
         <system-err><![CDATA[]]></system-err>
      </testcase>
      <testcase name="Test Cases/ADMIN/Content Mgmt/Custom Fields Page/Add Custom Item Fields/Add_CF_DataDriven" classname="Test Cases/ADMIN/Content Mgmt/Custom Fields Page/Add Custom Item Fields/Add_CF_DataDriven" status="PASSED">
         <system-out><![CDATA[2019-11-25 10:09:16 - [TEST_CASE][PASSED] - Test Cases/ADMIN/Content Mgmt/Custom Fields Page/Add Custom Item Fields/Add_CF_DataDriven: Test Cases/ADMIN/Content Mgmt/Custom Fields Page/Add Custom Item Fields/Add_CF_DataDriven

2019-11-25 10:09:16 - [TEST_STEP][PASSED] - waitForElementVisible: Object 'Object Repository/ADMIN/Custom Item Fields List Page/button_Add Field' is visible

2019-11-25 10:09:16 - [MESSAGE][WARNING] - Timeout '0' is invalid. Using default page load timeout: '30'

2019-11-25 10:09:16 - [MESSAGE][PASSED] - Object 'Object Repository/ADMIN/Custom Item Fields List Page/button_Add Field' is visible

2019-11-25 10:09:16 - [TEST_STEP][PASSED] - click: Object: 'Object Repository/ADMIN/Custom Item Fields List Page/button_Add Field' is clicked on

2019-11-25 10:09:17 - [MESSAGE][PASSED] - Object: 'Object Repository/ADMIN/Custom Item Fields List Page/button_Add Field' is clicked on

2019-11-25 10:09:17 - [TEST_STEP][PASSED] - comment: Choose Field Type

2019-11-25 10:09:17 - [TEST_STEP][PASSED] - Statement - If (varCustomFieldType == "Checkbox"): null

2019-11-25 10:09:17 - [TEST_STEP][PASSED] - Statement - Else If (varCustomFieldType == "Date / Time picker"): null

2019-11-25 10:09:17 - [TEST_STEP][PASSED] - Statement - Else If (varCustomFieldType == "Drop Down"): null

2019-11-25 10:09:17 - [TEST_STEP][PASSED] - Statement - Else If (varCustomFieldType == "Email"): null

2019-11-25 10:09:17 - [TEST_STEP][PASSED] - Statement - Else If (varCustomFieldType == "Embed Video"): null

2019-11-25 10:09:17 - [TEST_STEP][PASSED] - Statement - Else If (varCustomFieldType == "Hyperlink / URL"): null

2019-11-25 10:09:17 - [TEST_STEP][PASSED] - Statement - Else If (varCustomFieldType == "Location"): null

2019-11-25 10:09:17 - [TEST_STEP][PASSED] - Statement - Else If (varCustomFieldType == "Number"): All options with label 'Number' are selected in object 'Object Repository/ADMIN/Custom Item Fields Page/a_Default/dropdown_fieldtype' 

2019-11-25 10:09:17 - [TEST_STEP][PASSED] - waitForElementVisible: Object 'Object Repository/ADMIN/Custom Item Fields Page/a_Default/dropdown_fieldtype' is visible

2019-11-25 10:09:17 - [MESSAGE][WARNING] - Timeout '0' is invalid. Using default page load timeout: '30'

2019-11-25 10:09:17 - [MESSAGE][PASSED] - Object 'Object Repository/ADMIN/Custom Item Fields Page/a_Default/dropdown_fieldtype' is visible

2019-11-25 10:09:17 - [TEST_STEP][PASSED] - selectOptionByLabel: All options with label 'Number' are selected in object 'Object Repository/ADMIN/Custom Item Fields Page/a_Default/dropdown_fieldtype' 

2019-11-25 10:09:17 - [MESSAGE][PASSED] - All options with label 'Number' are selected in object 'Object Repository/ADMIN/Custom Item Fields Page/a_Default/dropdown_fieldtype' 

2019-11-25 10:09:17 - [TEST_STEP][PASSED] - comment: Field Name

2019-11-25 10:09:17 - [TEST_STEP][PASSED] - setText: Text 'SPC_Number_NM1' is set on object 'Object Repository/ADMIN/Custom Item Fields Page/a_Default/textfield_fieldname'

2019-11-25 10:09:17 - [MESSAGE][PASSED] - Text 'SPC_Number_NM1' is set on object 'Object Repository/ADMIN/Custom Item Fields Page/a_Default/textfield_fieldname'

2019-11-25 10:09:17 - [TEST_STEP][PASSED] - comment: Mandatory/NonMandatory

2019-11-25 10:09:17 - [TEST_STEP][PASSED] - Statement - If (varMandatoryNonMandatory == "mandatory"): null

2019-11-25 10:09:17 - [TEST_STEP][PASSED] - Statement - Else If (varMandatoryNonMandatory == "non-mandatory"): Object: 'Object Repository/ADMIN/Custom Item Fields Page/a_Default/togglebutton_mandatory' is clicked on

2019-11-25 10:09:17 - [TEST_STEP][PASSED] - waitForElementVisible: Object 'Object Repository/ADMIN/Custom Item Fields Page/a_Default/togglebutton_mandatory' is visible

2019-11-25 10:09:17 - [MESSAGE][WARNING] - Timeout '0' is invalid. Using default page load timeout: '30'

2019-11-25 10:09:18 - [MESSAGE][PASSED] - Object 'Object Repository/ADMIN/Custom Item Fields Page/a_Default/togglebutton_mandatory' is visible

2019-11-25 10:09:18 - [TEST_STEP][PASSED] - click: Object: 'Object Repository/ADMIN/Custom Item Fields Page/a_Default/togglebutton_mandatory' is clicked on

2019-11-25 10:09:18 - [MESSAGE][PASSED] - Object: 'Object Repository/ADMIN/Custom Item Fields Page/a_Default/togglebutton_mandatory' is clicked on

2019-11-25 10:09:18 - [TEST_STEP][PASSED] - comment: Assign Category

2019-11-25 10:09:18 - [TEST_STEP][PASSED] - click: Object: 'Object Repository/ADMIN/Custom Item Fields Page/a_Default/button_SelectCategories' is clicked on

2019-11-25 10:09:18 - [MESSAGE][PASSED] - Object: 'Object Repository/ADMIN/Custom Item Fields Page/a_Default/button_SelectCategories' is clicked on

2019-11-25 10:09:18 - [TEST_STEP][PASSED] - waitForElementVisible: Object 'Object Repository/ADMIN/Custom Item Fields List Page/a_SelectCategories/searchbox_Category' is visible

2019-11-25 10:09:18 - [MESSAGE][WARNING] - Timeout '0' is invalid. Using default page load timeout: '30'

2019-11-25 10:09:18 - [MESSAGE][PASSED] - Object 'Object Repository/ADMIN/Custom Item Fields List Page/a_SelectCategories/searchbox_Category' is visible

2019-11-25 10:09:18 - [TEST_STEP][PASSED] - comment: Category Assignment

2019-11-25 10:09:18 - [TEST_STEP][PASSED] - Statement - If (varAssignedCategory == "All Cat"): null

2019-11-25 10:09:18 - [TEST_STEP][PASSED] - Statement - Else If (varAssignedCategory == "Category 01"): null

2019-11-25 10:09:18 - [TEST_STEP][PASSED] - Statement - Else If (varAssignedCategory == "Category 2.1"): Object: 'Object Repository/ADMIN/Custom Item Fields List Page/a_SelectCategories/a_Categories/checkbox_2.1' is clicked on

2019-11-25 10:09:18 - [TEST_STEP][PASSED] - setText: Text 'Category 2.1' is set on object 'Object Repository/ADMIN/Custom Item Fields List Page/a_SelectCategories/searchbox_Category'

2019-11-25 10:09:18 - [MESSAGE][PASSED] - Text 'Category 2.1' is set on object 'Object Repository/ADMIN/Custom Item Fields List Page/a_SelectCategories/searchbox_Category'

2019-11-25 10:09:18 - [TEST_STEP][PASSED] - click: Object: 'Object Repository/ADMIN/Custom Item Fields List Page/a_SelectCategories/a_Categories/checkbox_2.1' is clicked on

2019-11-25 10:09:19 - [MESSAGE][PASSED] - Object: 'Object Repository/ADMIN/Custom Item Fields List Page/a_SelectCategories/a_Categories/checkbox_2.1' is clicked on

2019-11-25 10:09:19 - [TEST_STEP][PASSED] - click: Object: 'Object Repository/ADMIN/Custom Item Fields List Page/a_SelectCategories/button_Save' is clicked on

2019-11-25 10:09:19 - [MESSAGE][PASSED] - Object: 'Object Repository/ADMIN/Custom Item Fields List Page/a_SelectCategories/button_Save' is clicked on

2019-11-25 10:09:19 - [TEST_STEP][PASSED] - delay: Delayed 2 second(s)

2019-11-25 10:09:21 - [MESSAGE][PASSED] - Delayed 2 second(s)

2019-11-25 10:09:21 - [TEST_STEP][PASSED] - click: Object: 'Object Repository/ADMIN/Custom Item Fields Page/a_Default/button_Save1' is clicked on

2019-11-25 10:09:21 - [MESSAGE][PASSED] - Object: 'Object Repository/ADMIN/Custom Item Fields Page/a_Default/button_Save1' is clicked on

2019-11-25 10:09:21 - [TEST_STEP][PASSED] - waitForElementVisible: Object 'Object Repository/ADMIN/Custom Item Fields List Page/button_Add Field' is visible

2019-11-25 10:09:21 - [MESSAGE][WARNING] - Timeout '0' is invalid. Using default page load timeout: '30'

2019-11-25 10:09:22 - [MESSAGE][PASSED] - Object 'Object Repository/ADMIN/Custom Item Fields List Page/button_Add Field' is visible]]></system-out>
         <system-err><![CDATA[]]></system-err>
      </testcase>
      <testcase name="Test Cases/ADMIN/Content Mgmt/Custom Fields Page/Add Custom Item Fields/Add_CF_DataDriven" classname="Test Cases/ADMIN/Content Mgmt/Custom Fields Page/Add Custom Item Fields/Add_CF_DataDriven" status="PASSED">
         <system-out><![CDATA[2019-11-25 10:09:22 - [TEST_CASE][PASSED] - Test Cases/ADMIN/Content Mgmt/Custom Fields Page/Add Custom Item Fields/Add_CF_DataDriven: Test Cases/ADMIN/Content Mgmt/Custom Fields Page/Add Custom Item Fields/Add_CF_DataDriven

2019-11-25 10:09:22 - [TEST_STEP][PASSED] - waitForElementVisible: Object 'Object Repository/ADMIN/Custom Item Fields List Page/button_Add Field' is visible

2019-11-25 10:09:22 - [MESSAGE][WARNING] - Timeout '0' is invalid. Using default page load timeout: '30'

2019-11-25 10:09:22 - [MESSAGE][PASSED] - Object 'Object Repository/ADMIN/Custom Item Fields List Page/button_Add Field' is visible

2019-11-25 10:09:22 - [TEST_STEP][PASSED] - click: Object: 'Object Repository/ADMIN/Custom Item Fields List Page/button_Add Field' is clicked on

2019-11-25 10:09:23 - [MESSAGE][PASSED] - Object: 'Object Repository/ADMIN/Custom Item Fields List Page/button_Add Field' is clicked on

2019-11-25 10:09:23 - [TEST_STEP][PASSED] - comment: Choose Field Type

2019-11-25 10:09:23 - [TEST_STEP][PASSED] - Statement - If (varCustomFieldType == "Checkbox"): null

2019-11-25 10:09:23 - [TEST_STEP][PASSED] - Statement - Else If (varCustomFieldType == "Date / Time picker"): null

2019-11-25 10:09:23 - [TEST_STEP][PASSED] - Statement - Else If (varCustomFieldType == "Drop Down"): null

2019-11-25 10:09:23 - [TEST_STEP][PASSED] - Statement - Else If (varCustomFieldType == "Email"): null

2019-11-25 10:09:23 - [TEST_STEP][PASSED] - Statement - Else If (varCustomFieldType == "Embed Video"): null

2019-11-25 10:09:23 - [TEST_STEP][PASSED] - Statement - Else If (varCustomFieldType == "Hyperlink / URL"): null

2019-11-25 10:09:23 - [TEST_STEP][PASSED] - Statement - Else If (varCustomFieldType == "Location"): null

2019-11-25 10:09:23 - [TEST_STEP][PASSED] - Statement - Else If (varCustomFieldType == "Number"): All options with label 'Number' are selected in object 'Object Repository/ADMIN/Custom Item Fields Page/a_Default/dropdown_fieldtype' 

2019-11-25 10:09:23 - [TEST_STEP][PASSED] - waitForElementVisible: Object 'Object Repository/ADMIN/Custom Item Fields Page/a_Default/dropdown_fieldtype' is visible

2019-11-25 10:09:23 - [MESSAGE][WARNING] - Timeout '0' is invalid. Using default page load timeout: '30'

2019-11-25 10:09:23 - [MESSAGE][PASSED] - Object 'Object Repository/ADMIN/Custom Item Fields Page/a_Default/dropdown_fieldtype' is visible

2019-11-25 10:09:23 - [TEST_STEP][PASSED] - selectOptionByLabel: All options with label 'Number' are selected in object 'Object Repository/ADMIN/Custom Item Fields Page/a_Default/dropdown_fieldtype' 

2019-11-25 10:09:23 - [MESSAGE][PASSED] - All options with label 'Number' are selected in object 'Object Repository/ADMIN/Custom Item Fields Page/a_Default/dropdown_fieldtype' 

2019-11-25 10:09:23 - [TEST_STEP][PASSED] - comment: Field Name

2019-11-25 10:09:23 - [TEST_STEP][PASSED] - setText: Text 'SPC_Number_NM2' is set on object 'Object Repository/ADMIN/Custom Item Fields Page/a_Default/textfield_fieldname'

2019-11-25 10:09:23 - [MESSAGE][PASSED] - Text 'SPC_Number_NM2' is set on object 'Object Repository/ADMIN/Custom Item Fields Page/a_Default/textfield_fieldname'

2019-11-25 10:09:23 - [TEST_STEP][PASSED] - comment: Mandatory/NonMandatory

2019-11-25 10:09:23 - [TEST_STEP][PASSED] - Statement - If (varMandatoryNonMandatory == "mandatory"): null

2019-11-25 10:09:23 - [TEST_STEP][PASSED] - Statement - Else If (varMandatoryNonMandatory == "non-mandatory"): Object: 'Object Repository/ADMIN/Custom Item Fields Page/a_Default/togglebutton_mandatory' is clicked on

2019-11-25 10:09:23 - [TEST_STEP][PASSED] - waitForElementVisible: Object 'Object Repository/ADMIN/Custom Item Fields Page/a_Default/togglebutton_mandatory' is visible

2019-11-25 10:09:23 - [MESSAGE][WARNING] - Timeout '0' is invalid. Using default page load timeout: '30'

2019-11-25 10:09:23 - [MESSAGE][PASSED] - Object 'Object Repository/ADMIN/Custom Item Fields Page/a_Default/togglebutton_mandatory' is visible

2019-11-25 10:09:23 - [TEST_STEP][PASSED] - click: Object: 'Object Repository/ADMIN/Custom Item Fields Page/a_Default/togglebutton_mandatory' is clicked on

2019-11-25 10:09:23 - [MESSAGE][PASSED] - Object: 'Object Repository/ADMIN/Custom Item Fields Page/a_Default/togglebutton_mandatory' is clicked on

2019-11-25 10:09:23 - [TEST_STEP][PASSED] - comment: Assign Category

2019-11-25 10:09:23 - [TEST_STEP][PASSED] - click: Object: 'Object Repository/ADMIN/Custom Item Fields Page/a_Default/button_SelectCategories' is clicked on

2019-11-25 10:09:23 - [MESSAGE][PASSED] - Object: 'Object Repository/ADMIN/Custom Item Fields Page/a_Default/button_SelectCategories' is clicked on

2019-11-25 10:09:23 - [TEST_STEP][PASSED] - waitForElementVisible: Object 'Object Repository/ADMIN/Custom Item Fields List Page/a_SelectCategories/searchbox_Category' is visible

2019-11-25 10:09:23 - [MESSAGE][WARNING] - Timeout '0' is invalid. Using default page load timeout: '30'

2019-11-25 10:09:24 - [MESSAGE][PASSED] - Object 'Object Repository/ADMIN/Custom Item Fields List Page/a_SelectCategories/searchbox_Category' is visible

2019-11-25 10:09:24 - [TEST_STEP][PASSED] - comment: Category Assignment

2019-11-25 10:09:24 - [TEST_STEP][PASSED] - Statement - If (varAssignedCategory == "All Cat"): null

2019-11-25 10:09:24 - [TEST_STEP][PASSED] - Statement - Else If (varAssignedCategory == "Category 01"): null

2019-11-25 10:09:24 - [TEST_STEP][PASSED] - Statement - Else If (varAssignedCategory == "Category 2.1"): Object: 'Object Repository/ADMIN/Custom Item Fields List Page/a_SelectCategories/a_Categories/checkbox_2.1' is clicked on

2019-11-25 10:09:24 - [TEST_STEP][PASSED] - setText: Text 'Category 2.1' is set on object 'Object Repository/ADMIN/Custom Item Fields List Page/a_SelectCategories/searchbox_Category'

2019-11-25 10:09:24 - [MESSAGE][PASSED] - Text 'Category 2.1' is set on object 'Object Repository/ADMIN/Custom Item Fields List Page/a_SelectCategories/searchbox_Category'

2019-11-25 10:09:24 - [TEST_STEP][PASSED] - click: Object: 'Object Repository/ADMIN/Custom Item Fields List Page/a_SelectCategories/a_Categories/checkbox_2.1' is clicked on

2019-11-25 10:09:24 - [MESSAGE][PASSED] - Object: 'Object Repository/ADMIN/Custom Item Fields List Page/a_SelectCategories/a_Categories/checkbox_2.1' is clicked on

2019-11-25 10:09:24 - [TEST_STEP][PASSED] - click: Object: 'Object Repository/ADMIN/Custom Item Fields List Page/a_SelectCategories/button_Save' is clicked on

2019-11-25 10:09:24 - [MESSAGE][PASSED] - Object: 'Object Repository/ADMIN/Custom Item Fields List Page/a_SelectCategories/button_Save' is clicked on

2019-11-25 10:09:24 - [TEST_STEP][PASSED] - delay: Delayed 2 second(s)

2019-11-25 10:09:26 - [MESSAGE][PASSED] - Delayed 2 second(s)

2019-11-25 10:09:26 - [TEST_STEP][PASSED] - click: Object: 'Object Repository/ADMIN/Custom Item Fields Page/a_Default/button_Save1' is clicked on

2019-11-25 10:09:26 - [MESSAGE][PASSED] - Object: 'Object Repository/ADMIN/Custom Item Fields Page/a_Default/button_Save1' is clicked on

2019-11-25 10:09:26 - [TEST_STEP][PASSED] - waitForElementVisible: Object 'Object Repository/ADMIN/Custom Item Fields List Page/button_Add Field' is visible

2019-11-25 10:09:26 - [MESSAGE][WARNING] - Timeout '0' is invalid. Using default page load timeout: '30'

2019-11-25 10:09:27 - [MESSAGE][PASSED] - Object 'Object Repository/ADMIN/Custom Item Fields List Page/button_Add Field' is visible]]></system-out>
         <system-err><![CDATA[]]></system-err>
      </testcase>
      <testcase name="Test Cases/ADMIN/Content Mgmt/Custom Fields Page/Add Custom Item Fields/Add_CF_DataDriven" classname="Test Cases/ADMIN/Content Mgmt/Custom Fields Page/Add Custom Item Fields/Add_CF_DataDriven" status="PASSED">
         <system-out><![CDATA[2019-11-25 10:09:27 - [TEST_CASE][PASSED] - Test Cases/ADMIN/Content Mgmt/Custom Fields Page/Add Custom Item Fields/Add_CF_DataDriven: Test Cases/ADMIN/Content Mgmt/Custom Fields Page/Add Custom Item Fields/Add_CF_DataDriven

2019-11-25 10:09:27 - [TEST_STEP][PASSED] - waitForElementVisible: Object 'Object Repository/ADMIN/Custom Item Fields List Page/button_Add Field' is visible

2019-11-25 10:09:27 - [MESSAGE][WARNING] - Timeout '0' is invalid. Using default page load timeout: '30'

2019-11-25 10:09:28 - [MESSAGE][PASSED] - Object 'Object Repository/ADMIN/Custom Item Fields List Page/button_Add Field' is visible

2019-11-25 10:09:28 - [TEST_STEP][PASSED] - click: Object: 'Object Repository/ADMIN/Custom Item Fields List Page/button_Add Field' is clicked on

2019-11-25 10:09:29 - [MESSAGE][PASSED] - Object: 'Object Repository/ADMIN/Custom Item Fields List Page/button_Add Field' is clicked on

2019-11-25 10:09:29 - [TEST_STEP][PASSED] - comment: Choose Field Type

2019-11-25 10:09:29 - [TEST_STEP][PASSED] - Statement - If (varCustomFieldType == "Checkbox"): null

2019-11-25 10:09:29 - [TEST_STEP][PASSED] - Statement - Else If (varCustomFieldType == "Date / Time picker"): null

2019-11-25 10:09:29 - [TEST_STEP][PASSED] - Statement - Else If (varCustomFieldType == "Drop Down"): null

2019-11-25 10:09:29 - [TEST_STEP][PASSED] - Statement - Else If (varCustomFieldType == "Email"): null

2019-11-25 10:09:29 - [TEST_STEP][PASSED] - Statement - Else If (varCustomFieldType == "Embed Video"): null

2019-11-25 10:09:29 - [TEST_STEP][PASSED] - Statement - Else If (varCustomFieldType == "Hyperlink / URL"): null

2019-11-25 10:09:29 - [TEST_STEP][PASSED] - Statement - Else If (varCustomFieldType == "Location"): null

2019-11-25 10:09:29 - [TEST_STEP][PASSED] - Statement - Else If (varCustomFieldType == "Number"): null

2019-11-25 10:09:29 - [TEST_STEP][PASSED] - Statement - Else If (varCustomFieldType == "PDF File"): null

2019-11-25 10:09:29 - [TEST_STEP][PASSED] - Statement - Else If (varCustomFieldType == "Percentage"): All options with label 'Percentage' are selected in object 'Object Repository/ADMIN/Custom Item Fields Page/a_Default/dropdown_fieldtype' 

2019-11-25 10:09:29 - [TEST_STEP][PASSED] - waitForElementVisible: Object 'Object Repository/ADMIN/Custom Item Fields Page/a_Default/dropdown_fieldtype' is visible

2019-11-25 10:09:29 - [MESSAGE][WARNING] - Timeout '0' is invalid. Using default page load timeout: '30'

2019-11-25 10:09:29 - [MESSAGE][PASSED] - Object 'Object Repository/ADMIN/Custom Item Fields Page/a_Default/dropdown_fieldtype' is visible

2019-11-25 10:09:29 - [TEST_STEP][PASSED] - selectOptionByLabel: All options with label 'Percentage' are selected in object 'Object Repository/ADMIN/Custom Item Fields Page/a_Default/dropdown_fieldtype' 

2019-11-25 10:09:29 - [MESSAGE][PASSED] - All options with label 'Percentage' are selected in object 'Object Repository/ADMIN/Custom Item Fields Page/a_Default/dropdown_fieldtype' 

2019-11-25 10:09:29 - [TEST_STEP][PASSED] - comment: Field Name

2019-11-25 10:09:29 - [TEST_STEP][PASSED] - setText: Text 'SPC_Percentage_NM' is set on object 'Object Repository/ADMIN/Custom Item Fields Page/a_Default/textfield_fieldname'

2019-11-25 10:09:30 - [MESSAGE][PASSED] - Text 'SPC_Percentage_NM' is set on object 'Object Repository/ADMIN/Custom Item Fields Page/a_Default/textfield_fieldname'

2019-11-25 10:09:30 - [TEST_STEP][PASSED] - comment: Mandatory/NonMandatory

2019-11-25 10:09:30 - [TEST_STEP][PASSED] - Statement - If (varMandatoryNonMandatory == "mandatory"): null

2019-11-25 10:09:30 - [TEST_STEP][PASSED] - Statement - Else If (varMandatoryNonMandatory == "non-mandatory"): Object: 'Object Repository/ADMIN/Custom Item Fields Page/a_Default/togglebutton_mandatory' is clicked on

2019-11-25 10:09:30 - [TEST_STEP][PASSED] - waitForElementVisible: Object 'Object Repository/ADMIN/Custom Item Fields Page/a_Default/togglebutton_mandatory' is visible

2019-11-25 10:09:30 - [MESSAGE][WARNING] - Timeout '0' is invalid. Using default page load timeout: '30'

2019-11-25 10:09:30 - [MESSAGE][PASSED] - Object 'Object Repository/ADMIN/Custom Item Fields Page/a_Default/togglebutton_mandatory' is visible

2019-11-25 10:09:30 - [TEST_STEP][PASSED] - click: Object: 'Object Repository/ADMIN/Custom Item Fields Page/a_Default/togglebutton_mandatory' is clicked on

2019-11-25 10:09:30 - [MESSAGE][PASSED] - Object: 'Object Repository/ADMIN/Custom Item Fields Page/a_Default/togglebutton_mandatory' is clicked on

2019-11-25 10:09:30 - [TEST_STEP][PASSED] - comment: Assign Category

2019-11-25 10:09:30 - [TEST_STEP][PASSED] - click: Object: 'Object Repository/ADMIN/Custom Item Fields Page/a_Default/button_SelectCategories' is clicked on

2019-11-25 10:09:30 - [MESSAGE][PASSED] - Object: 'Object Repository/ADMIN/Custom Item Fields Page/a_Default/button_SelectCategories' is clicked on

2019-11-25 10:09:30 - [TEST_STEP][PASSED] - waitForElementVisible: Object 'Object Repository/ADMIN/Custom Item Fields List Page/a_SelectCategories/searchbox_Category' is visible

2019-11-25 10:09:30 - [MESSAGE][WARNING] - Timeout '0' is invalid. Using default page load timeout: '30'

2019-11-25 10:09:30 - [MESSAGE][PASSED] - Object 'Object Repository/ADMIN/Custom Item Fields List Page/a_SelectCategories/searchbox_Category' is visible

2019-11-25 10:09:30 - [TEST_STEP][PASSED] - comment: Category Assignment

2019-11-25 10:09:30 - [TEST_STEP][PASSED] - Statement - If (varAssignedCategory == "All Cat"): null

2019-11-25 10:09:30 - [TEST_STEP][PASSED] - Statement - Else If (varAssignedCategory == "Category 01"): null

2019-11-25 10:09:30 - [TEST_STEP][PASSED] - Statement - Else If (varAssignedCategory == "Category 2.1"): Object: 'Object Repository/ADMIN/Custom Item Fields List Page/a_SelectCategories/a_Categories/checkbox_2.1' is clicked on

2019-11-25 10:09:30 - [TEST_STEP][PASSED] - setText: Text 'Category 2.1' is set on object 'Object Repository/ADMIN/Custom Item Fields List Page/a_SelectCategories/searchbox_Category'

2019-11-25 10:09:31 - [MESSAGE][PASSED] - Text 'Category 2.1' is set on object 'Object Repository/ADMIN/Custom Item Fields List Page/a_SelectCategories/searchbox_Category'

2019-11-25 10:09:31 - [TEST_STEP][PASSED] - click: Object: 'Object Repository/ADMIN/Custom Item Fields List Page/a_SelectCategories/a_Categories/checkbox_2.1' is clicked on

2019-11-25 10:09:31 - [MESSAGE][PASSED] - Object: 'Object Repository/ADMIN/Custom Item Fields List Page/a_SelectCategories/a_Categories/checkbox_2.1' is clicked on

2019-11-25 10:09:31 - [TEST_STEP][PASSED] - click: Object: 'Object Repository/ADMIN/Custom Item Fields List Page/a_SelectCategories/button_Save' is clicked on

2019-11-25 10:09:31 - [MESSAGE][PASSED] - Object: 'Object Repository/ADMIN/Custom Item Fields List Page/a_SelectCategories/button_Save' is clicked on

2019-11-25 10:09:31 - [TEST_STEP][PASSED] - delay: Delayed 2 second(s)

2019-11-25 10:09:33 - [MESSAGE][PASSED] - Delayed 2 second(s)

2019-11-25 10:09:33 - [TEST_STEP][PASSED] - click: Object: 'Object Repository/ADMIN/Custom Item Fields Page/a_Default/button_Save1' is clicked on

2019-11-25 10:09:33 - [MESSAGE][PASSED] - Object: 'Object Repository/ADMIN/Custom Item Fields Page/a_Default/button_Save1' is clicked on

2019-11-25 10:09:33 - [TEST_STEP][PASSED] - waitForElementVisible: Object 'Object Repository/ADMIN/Custom Item Fields List Page/button_Add Field' is visible

2019-11-25 10:09:33 - [MESSAGE][WARNING] - Timeout '0' is invalid. Using default page load timeout: '30'

2019-11-25 10:09:34 - [MESSAGE][PASSED] - Object 'Object Repository/ADMIN/Custom Item Fields List Page/button_Add Field' is visible]]></system-out>
         <system-err><![CDATA[]]></system-err>
      </testcase>
      <testcase name="Test Cases/ADMIN/Content Mgmt/Custom Fields Page/Add Custom Item Fields/Add_CF_DataDriven" classname="Test Cases/ADMIN/Content Mgmt/Custom Fields Page/Add Custom Item Fields/Add_CF_DataDriven" status="PASSED">
         <system-out><![CDATA[2019-11-25 10:09:34 - [TEST_CASE][PASSED] - Test Cases/ADMIN/Content Mgmt/Custom Fields Page/Add Custom Item Fields/Add_CF_DataDriven: Test Cases/ADMIN/Content Mgmt/Custom Fields Page/Add Custom Item Fields/Add_CF_DataDriven

2019-11-25 10:09:34 - [TEST_STEP][PASSED] - waitForElementVisible: Object 'Object Repository/ADMIN/Custom Item Fields List Page/button_Add Field' is visible

2019-11-25 10:09:34 - [MESSAGE][WARNING] - Timeout '0' is invalid. Using default page load timeout: '30'

2019-11-25 10:09:34 - [MESSAGE][PASSED] - Object 'Object Repository/ADMIN/Custom Item Fields List Page/button_Add Field' is visible

2019-11-25 10:09:34 - [TEST_STEP][PASSED] - click: Object: 'Object Repository/ADMIN/Custom Item Fields List Page/button_Add Field' is clicked on

2019-11-25 10:09:35 - [MESSAGE][PASSED] - Object: 'Object Repository/ADMIN/Custom Item Fields List Page/button_Add Field' is clicked on

2019-11-25 10:09:35 - [TEST_STEP][PASSED] - comment: Choose Field Type

2019-11-25 10:09:35 - [TEST_STEP][PASSED] - Statement - If (varCustomFieldType == "Checkbox"): Text 'SPC_Check Box_M1CB10' is set on object 'Object Repository/ADMIN/Custom Item Fields Page/a_Checkbox/textfield_option10'

2019-11-25 10:09:35 - [TEST_STEP][PASSED] - waitForElementVisible: Object 'Object Repository/ADMIN/Custom Item Fields Page/a_Default/dropdown_fieldtype' is visible

2019-11-25 10:09:35 - [MESSAGE][WARNING] - Timeout '0' is invalid. Using default page load timeout: '30'

2019-11-25 10:09:35 - [MESSAGE][PASSED] - Object 'Object Repository/ADMIN/Custom Item Fields Page/a_Default/dropdown_fieldtype' is visible

2019-11-25 10:09:35 - [TEST_STEP][PASSED] - selectOptionByLabel: All options with label 'Checkbox' are selected in object 'Object Repository/ADMIN/Custom Item Fields Page/a_Default/dropdown_fieldtype' 

2019-11-25 10:09:35 - [MESSAGE][PASSED] - All options with label 'Checkbox' are selected in object 'Object Repository/ADMIN/Custom Item Fields Page/a_Default/dropdown_fieldtype' 

2019-11-25 10:09:35 - [TEST_STEP][PASSED] - waitForElementVisible: Object 'Object Repository/ADMIN/Custom Item Fields Page/a_Checkbox/button_addoption' is visible

2019-11-25 10:09:35 - [MESSAGE][WARNING] - Timeout '0' is invalid. Using default page load timeout: '30'

2019-11-25 10:09:35 - [MESSAGE][PASSED] - Object 'Object Repository/ADMIN/Custom Item Fields Page/a_Checkbox/button_addoption' is visible

2019-11-25 10:09:35 - [TEST_STEP][PASSED] - Statement - For ([r = 0, r <= 7, (r++)]): Object: 'Object Repository/ADMIN/Custom Item Fields Page/a_Checkbox/button_addoption' is clicked on

2019-11-25 10:09:35 - [TEST_STEP][PASSED] - click: Object: 'Object Repository/ADMIN/Custom Item Fields Page/a_Checkbox/button_addoption' is clicked on

2019-11-25 10:09:35 - [MESSAGE][PASSED] - Object: 'Object Repository/ADMIN/Custom Item Fields Page/a_Checkbox/button_addoption' is clicked on

2019-11-25 10:09:35 - [TEST_STEP][PASSED] - click: Object: 'Object Repository/ADMIN/Custom Item Fields Page/a_Checkbox/button_addoption' is clicked on

2019-11-25 10:09:35 - [MESSAGE][PASSED] - Object: 'Object Repository/ADMIN/Custom Item Fields Page/a_Checkbox/button_addoption' is clicked on

2019-11-25 10:09:35 - [TEST_STEP][PASSED] - click: Object: 'Object Repository/ADMIN/Custom Item Fields Page/a_Checkbox/button_addoption' is clicked on

2019-11-25 10:09:35 - [MESSAGE][PASSED] - Object: 'Object Repository/ADMIN/Custom Item Fields Page/a_Checkbox/button_addoption' is clicked on

2019-11-25 10:09:35 - [TEST_STEP][PASSED] - click: Object: 'Object Repository/ADMIN/Custom Item Fields Page/a_Checkbox/button_addoption' is clicked on

2019-11-25 10:09:35 - [MESSAGE][PASSED] - Object: 'Object Repository/ADMIN/Custom Item Fields Page/a_Checkbox/button_addoption' is clicked on

2019-11-25 10:09:35 - [TEST_STEP][PASSED] - click: Object: 'Object Repository/ADMIN/Custom Item Fields Page/a_Checkbox/button_addoption' is clicked on

2019-11-25 10:09:36 - [MESSAGE][PASSED] - Object: 'Object Repository/ADMIN/Custom Item Fields Page/a_Checkbox/button_addoption' is clicked on

2019-11-25 10:09:36 - [TEST_STEP][PASSED] - click: Object: 'Object Repository/ADMIN/Custom Item Fields Page/a_Checkbox/button_addoption' is clicked on

2019-11-25 10:09:36 - [MESSAGE][PASSED] - Object: 'Object Repository/ADMIN/Custom Item Fields Page/a_Checkbox/button_addoption' is clicked on

2019-11-25 10:09:36 - [TEST_STEP][PASSED] - click: Object: 'Object Repository/ADMIN/Custom Item Fields Page/a_Checkbox/button_addoption' is clicked on

2019-11-25 10:09:36 - [MESSAGE][PASSED] - Object: 'Object Repository/ADMIN/Custom Item Fields Page/a_Checkbox/button_addoption' is clicked on

2019-11-25 10:09:36 - [TEST_STEP][PASSED] - click: Object: 'Object Repository/ADMIN/Custom Item Fields Page/a_Checkbox/button_addoption' is clicked on

2019-11-25 10:09:36 - [MESSAGE][PASSED] - Object: 'Object Repository/ADMIN/Custom Item Fields Page/a_Checkbox/button_addoption' is clicked on

2019-11-25 10:09:36 - [TEST_STEP][PASSED] - comment: Add Option

2019-11-25 10:09:36 - [TEST_STEP][PASSED] - setText: Text 'SPC_Check Box_M1CB1' is set on object 'Object Repository/ADMIN/Custom Item Fields Page/a_Checkbox/textfield_opt1'

2019-11-25 10:09:36 - [MESSAGE][PASSED] - Text 'SPC_Check Box_M1CB1' is set on object 'Object Repository/ADMIN/Custom Item Fields Page/a_Checkbox/textfield_opt1'

2019-11-25 10:09:36 - [TEST_STEP][PASSED] - setText: Text 'SPC_Check Box_M1CB2' is set on object 'Object Repository/ADMIN/Custom Item Fields Page/a_Checkbox/textfield_opt2'

2019-11-25 10:09:37 - [MESSAGE][PASSED] - Text 'SPC_Check Box_M1CB2' is set on object 'Object Repository/ADMIN/Custom Item Fields Page/a_Checkbox/textfield_opt2'

2019-11-25 10:09:37 - [TEST_STEP][PASSED] - setText: Text 'SPC_Check Box_M1CB3' is set on object 'Object Repository/ADMIN/Custom Item Fields Page/a_Checkbox/textfield_option3'

2019-11-25 10:09:37 - [MESSAGE][PASSED] - Text 'SPC_Check Box_M1CB3' is set on object 'Object Repository/ADMIN/Custom Item Fields Page/a_Checkbox/textfield_option3'

2019-11-25 10:09:37 - [TEST_STEP][PASSED] - setText: Text 'SPC_Check Box_M1CB4' is set on object 'Object Repository/ADMIN/Custom Item Fields Page/a_Checkbox/textfield_option4'

2019-11-25 10:09:37 - [MESSAGE][PASSED] - Text 'SPC_Check Box_M1CB4' is set on object 'Object Repository/ADMIN/Custom Item Fields Page/a_Checkbox/textfield_option4'

2019-11-25 10:09:37 - [TEST_STEP][PASSED] - setText: Text 'SPC_Check Box_M1CB5' is set on object 'Object Repository/ADMIN/Custom Item Fields Page/a_Checkbox/textfield_option5'

2019-11-25 10:09:37 - [MESSAGE][PASSED] - Text 'SPC_Check Box_M1CB5' is set on object 'Object Repository/ADMIN/Custom Item Fields Page/a_Checkbox/textfield_option5'

2019-11-25 10:09:37 - [TEST_STEP][PASSED] - setText: Text 'SPC_Check Box_M1CB6' is set on object 'Object Repository/ADMIN/Custom Item Fields Page/a_Checkbox/textfield_option6'

2019-11-25 10:09:38 - [MESSAGE][PASSED] - Text 'SPC_Check Box_M1CB6' is set on object 'Object Repository/ADMIN/Custom Item Fields Page/a_Checkbox/textfield_option6'

2019-11-25 10:09:38 - [TEST_STEP][PASSED] - setText: Text 'SPC_Check Box_M1CB7' is set on object 'Object Repository/ADMIN/Custom Item Fields Page/a_Checkbox/textfield_option7'

2019-11-25 10:09:38 - [MESSAGE][PASSED] - Text 'SPC_Check Box_M1CB7' is set on object 'Object Repository/ADMIN/Custom Item Fields Page/a_Checkbox/textfield_option7'

2019-11-25 10:09:38 - [TEST_STEP][PASSED] - setText: Text 'SPC_Check Box_M1CB8' is set on object 'Object Repository/ADMIN/Custom Item Fields Page/a_Checkbox/textfield_option8'

2019-11-25 10:09:38 - [MESSAGE][PASSED] - Text 'SPC_Check Box_M1CB8' is set on object 'Object Repository/ADMIN/Custom Item Fields Page/a_Checkbox/textfield_option8'

2019-11-25 10:09:38 - [TEST_STEP][PASSED] - setText: Text 'SPC_Check Box_M1CB9' is set on object 'Object Repository/ADMIN/Custom Item Fields Page/a_Checkbox/textfield_option9'

2019-11-25 10:09:38 - [MESSAGE][PASSED] - Text 'SPC_Check Box_M1CB9' is set on object 'Object Repository/ADMIN/Custom Item Fields Page/a_Checkbox/textfield_option9'

2019-11-25 10:09:38 - [TEST_STEP][PASSED] - setText: Text 'SPC_Check Box_M1CB10' is set on object 'Object Repository/ADMIN/Custom Item Fields Page/a_Checkbox/textfield_option10'

2019-11-25 10:09:38 - [MESSAGE][PASSED] - Text 'SPC_Check Box_M1CB10' is set on object 'Object Repository/ADMIN/Custom Item Fields Page/a_Checkbox/textfield_option10'

2019-11-25 10:09:38 - [TEST_STEP][PASSED] - comment: Field Name

2019-11-25 10:09:38 - [TEST_STEP][PASSED] - setText: Text 'SPC_Check Box_M1' is set on object 'Object Repository/ADMIN/Custom Item Fields Page/a_Default/textfield_fieldname'

2019-11-25 10:09:39 - [MESSAGE][PASSED] - Text 'SPC_Check Box_M1' is set on object 'Object Repository/ADMIN/Custom Item Fields Page/a_Default/textfield_fieldname'

2019-11-25 10:09:39 - [TEST_STEP][PASSED] - comment: Mandatory/NonMandatory

2019-11-25 10:09:39 - [TEST_STEP][PASSED] - Statement - If (varMandatoryNonMandatory == "mandatory"): Object 'Object Repository/ADMIN/Custom Item Fields Page/a_Default/togglebutton_mandatory' is visible

2019-11-25 10:09:39 - [TEST_STEP][PASSED] - waitForElementVisible: Object 'Object Repository/ADMIN/Custom Item Fields Page/a_Default/togglebutton_mandatory' is visible

2019-11-25 10:09:39 - [MESSAGE][WARNING] - Timeout '0' is invalid. Using default page load timeout: '30'

2019-11-25 10:09:39 - [MESSAGE][PASSED] - Object 'Object Repository/ADMIN/Custom Item Fields Page/a_Default/togglebutton_mandatory' is visible

2019-11-25 10:09:39 - [TEST_STEP][PASSED] - comment: Assign Category

2019-11-25 10:09:39 - [TEST_STEP][PASSED] - click: Object: 'Object Repository/ADMIN/Custom Item Fields Page/a_Default/button_SelectCategories' is clicked on

2019-11-25 10:09:39 - [MESSAGE][PASSED] - Object: 'Object Repository/ADMIN/Custom Item Fields Page/a_Default/button_SelectCategories' is clicked on

2019-11-25 10:09:39 - [TEST_STEP][PASSED] - waitForElementVisible: Object 'Object Repository/ADMIN/Custom Item Fields List Page/a_SelectCategories/searchbox_Category' is visible

2019-11-25 10:09:39 - [MESSAGE][WARNING] - Timeout '0' is invalid. Using default page load timeout: '30'

2019-11-25 10:09:39 - [MESSAGE][PASSED] - Object 'Object Repository/ADMIN/Custom Item Fields List Page/a_SelectCategories/searchbox_Category' is visible

2019-11-25 10:09:39 - [TEST_STEP][PASSED] - comment: Category Assignment

2019-11-25 10:09:39 - [TEST_STEP][PASSED] - Statement - If (varAssignedCategory == "All Cat"): null

2019-11-25 10:09:39 - [TEST_STEP][PASSED] - Statement - Else If (varAssignedCategory == "Category 01"): null

2019-11-25 10:09:39 - [TEST_STEP][PASSED] - Statement - Else If (varAssignedCategory == "Category 2.1"): Object: 'Object Repository/ADMIN/Custom Item Fields List Page/a_SelectCategories/a_Categories/checkbox_2.1' is clicked on

2019-11-25 10:09:39 - [TEST_STEP][PASSED] - setText: Text 'Category 2.1' is set on object 'Object Repository/ADMIN/Custom Item Fields List Page/a_SelectCategories/searchbox_Category'

2019-11-25 10:09:40 - [MESSAGE][PASSED] - Text 'Category 2.1' is set on object 'Object Repository/ADMIN/Custom Item Fields List Page/a_SelectCategories/searchbox_Category'

2019-11-25 10:09:40 - [TEST_STEP][PASSED] - click: Object: 'Object Repository/ADMIN/Custom Item Fields List Page/a_SelectCategories/a_Categories/checkbox_2.1' is clicked on

2019-11-25 10:09:40 - [MESSAGE][PASSED] - Object: 'Object Repository/ADMIN/Custom Item Fields List Page/a_SelectCategories/a_Categories/checkbox_2.1' is clicked on

2019-11-25 10:09:40 - [TEST_STEP][PASSED] - click: Object: 'Object Repository/ADMIN/Custom Item Fields List Page/a_SelectCategories/button_Save' is clicked on

2019-11-25 10:09:40 - [MESSAGE][PASSED] - Object: 'Object Repository/ADMIN/Custom Item Fields List Page/a_SelectCategories/button_Save' is clicked on

2019-11-25 10:09:40 - [TEST_STEP][PASSED] - delay: Delayed 2 second(s)

2019-11-25 10:09:42 - [MESSAGE][PASSED] - Delayed 2 second(s)

2019-11-25 10:09:42 - [TEST_STEP][PASSED] - click: Object: 'Object Repository/ADMIN/Custom Item Fields Page/a_Default/button_Save1' is clicked on

2019-11-25 10:09:42 - [MESSAGE][PASSED] - Object: 'Object Repository/ADMIN/Custom Item Fields Page/a_Default/button_Save1' is clicked on

2019-11-25 10:09:42 - [TEST_STEP][PASSED] - waitForElementVisible: Object 'Object Repository/ADMIN/Custom Item Fields List Page/button_Add Field' is visible

2019-11-25 10:09:42 - [MESSAGE][WARNING] - Timeout '0' is invalid. Using default page load timeout: '30'

2019-11-25 10:09:43 - [MESSAGE][PASSED] - Object 'Object Repository/ADMIN/Custom Item Fields List Page/button_Add Field' is visible]]></system-out>
         <system-err><![CDATA[]]></system-err>
      </testcase>
      <testcase name="Test Cases/ADMIN/Content Mgmt/Custom Fields Page/Add Custom Item Fields/Add_CF_DataDriven" classname="Test Cases/ADMIN/Content Mgmt/Custom Fields Page/Add Custom Item Fields/Add_CF_DataDriven" status="PASSED">
         <system-out><![CDATA[2019-11-25 10:09:43 - [TEST_CASE][PASSED] - Test Cases/ADMIN/Content Mgmt/Custom Fields Page/Add Custom Item Fields/Add_CF_DataDriven: Test Cases/ADMIN/Content Mgmt/Custom Fields Page/Add Custom Item Fields/Add_CF_DataDriven

2019-11-25 10:09:43 - [TEST_STEP][PASSED] - waitForElementVisible: Object 'Object Repository/ADMIN/Custom Item Fields List Page/button_Add Field' is visible

2019-11-25 10:09:43 - [MESSAGE][WARNING] - Timeout '0' is invalid. Using default page load timeout: '30'

2019-11-25 10:09:43 - [MESSAGE][PASSED] - Object 'Object Repository/ADMIN/Custom Item Fields List Page/button_Add Field' is visible

2019-11-25 10:09:43 - [TEST_STEP][PASSED] - click: Object: 'Object Repository/ADMIN/Custom Item Fields List Page/button_Add Field' is clicked on

2019-11-25 10:09:44 - [MESSAGE][PASSED] - Object: 'Object Repository/ADMIN/Custom Item Fields List Page/button_Add Field' is clicked on

2019-11-25 10:09:44 - [TEST_STEP][PASSED] - comment: Choose Field Type

2019-11-25 10:09:44 - [TEST_STEP][PASSED] - Statement - If (varCustomFieldType == "Checkbox"): Text 'SPC_Check Box_M2CB10' is set on object 'Object Repository/ADMIN/Custom Item Fields Page/a_Checkbox/textfield_option10'

2019-11-25 10:09:44 - [TEST_STEP][PASSED] - waitForElementVisible: Object 'Object Repository/ADMIN/Custom Item Fields Page/a_Default/dropdown_fieldtype' is visible

2019-11-25 10:09:44 - [MESSAGE][WARNING] - Timeout '0' is invalid. Using default page load timeout: '30'

2019-11-25 10:09:44 - [MESSAGE][PASSED] - Object 'Object Repository/ADMIN/Custom Item Fields Page/a_Default/dropdown_fieldtype' is visible

2019-11-25 10:09:44 - [TEST_STEP][PASSED] - selectOptionByLabel: All options with label 'Checkbox' are selected in object 'Object Repository/ADMIN/Custom Item Fields Page/a_Default/dropdown_fieldtype' 

2019-11-25 10:09:44 - [MESSAGE][PASSED] - All options with label 'Checkbox' are selected in object 'Object Repository/ADMIN/Custom Item Fields Page/a_Default/dropdown_fieldtype' 

2019-11-25 10:09:44 - [TEST_STEP][PASSED] - waitForElementVisible: Object 'Object Repository/ADMIN/Custom Item Fields Page/a_Checkbox/button_addoption' is visible

2019-11-25 10:09:44 - [MESSAGE][WARNING] - Timeout '0' is invalid. Using default page load timeout: '30'

2019-11-25 10:09:44 - [MESSAGE][PASSED] - Object 'Object Repository/ADMIN/Custom Item Fields Page/a_Checkbox/button_addoption' is visible

2019-11-25 10:09:44 - [TEST_STEP][PASSED] - Statement - For ([r = 0, r <= 7, (r++)]): Object: 'Object Repository/ADMIN/Custom Item Fields Page/a_Checkbox/button_addoption' is clicked on

2019-11-25 10:09:44 - [TEST_STEP][PASSED] - click: Object: 'Object Repository/ADMIN/Custom Item Fields Page/a_Checkbox/button_addoption' is clicked on

2019-11-25 10:09:44 - [MESSAGE][PASSED] - Object: 'Object Repository/ADMIN/Custom Item Fields Page/a_Checkbox/button_addoption' is clicked on

2019-11-25 10:09:44 - [TEST_STEP][PASSED] - click: Object: 'Object Repository/ADMIN/Custom Item Fields Page/a_Checkbox/button_addoption' is clicked on

2019-11-25 10:09:44 - [MESSAGE][PASSED] - Object: 'Object Repository/ADMIN/Custom Item Fields Page/a_Checkbox/button_addoption' is clicked on

2019-11-25 10:09:44 - [TEST_STEP][PASSED] - click: Object: 'Object Repository/ADMIN/Custom Item Fields Page/a_Checkbox/button_addoption' is clicked on

2019-11-25 10:09:44 - [MESSAGE][PASSED] - Object: 'Object Repository/ADMIN/Custom Item Fields Page/a_Checkbox/button_addoption' is clicked on

2019-11-25 10:09:44 - [TEST_STEP][PASSED] - click: Object: 'Object Repository/ADMIN/Custom Item Fields Page/a_Checkbox/button_addoption' is clicked on

2019-11-25 10:09:44 - [MESSAGE][PASSED] - Object: 'Object Repository/ADMIN/Custom Item Fields Page/a_Checkbox/button_addoption' is clicked on

2019-11-25 10:09:44 - [TEST_STEP][PASSED] - click: Object: 'Object Repository/ADMIN/Custom Item Fields Page/a_Checkbox/button_addoption' is clicked on

2019-11-25 10:09:44 - [MESSAGE][PASSED] - Object: 'Object Repository/ADMIN/Custom Item Fields Page/a_Checkbox/button_addoption' is clicked on

2019-11-25 10:09:44 - [TEST_STEP][PASSED] - click: Object: 'Object Repository/ADMIN/Custom Item Fields Page/a_Checkbox/button_addoption' is clicked on

2019-11-25 10:09:44 - [MESSAGE][PASSED] - Object: 'Object Repository/ADMIN/Custom Item Fields Page/a_Checkbox/button_addoption' is clicked on

2019-11-25 10:09:44 - [TEST_STEP][PASSED] - click: Object: 'Object Repository/ADMIN/Custom Item Fields Page/a_Checkbox/button_addoption' is clicked on

2019-11-25 10:09:45 - [MESSAGE][PASSED] - Object: 'Object Repository/ADMIN/Custom Item Fields Page/a_Checkbox/button_addoption' is clicked on

2019-11-25 10:09:45 - [TEST_STEP][PASSED] - click: Object: 'Object Repository/ADMIN/Custom Item Fields Page/a_Checkbox/button_addoption' is clicked on

2019-11-25 10:09:45 - [MESSAGE][PASSED] - Object: 'Object Repository/ADMIN/Custom Item Fields Page/a_Checkbox/button_addoption' is clicked on

2019-11-25 10:09:45 - [TEST_STEP][PASSED] - comment: Add Option

2019-11-25 10:09:45 - [TEST_STEP][PASSED] - setText: Text 'SPC_Check Box_M2CB1' is set on object 'Object Repository/ADMIN/Custom Item Fields Page/a_Checkbox/textfield_opt1'

2019-11-25 10:09:45 - [MESSAGE][PASSED] - Text 'SPC_Check Box_M2CB1' is set on object 'Object Repository/ADMIN/Custom Item Fields Page/a_Checkbox/textfield_opt1'

2019-11-25 10:09:45 - [TEST_STEP][PASSED] - setText: Text 'SPC_Check Box_M2CB2' is set on object 'Object Repository/ADMIN/Custom Item Fields Page/a_Checkbox/textfield_opt2'

2019-11-25 10:09:45 - [MESSAGE][PASSED] - Text 'SPC_Check Box_M2CB2' is set on object 'Object Repository/ADMIN/Custom Item Fields Page/a_Checkbox/textfield_opt2'

2019-11-25 10:09:45 - [TEST_STEP][PASSED] - setText: Text 'SPC_Check Box_M2CB3' is set on object 'Object Repository/ADMIN/Custom Item Fields Page/a_Checkbox/textfield_option3'

2019-11-25 10:09:45 - [MESSAGE][PASSED] - Text 'SPC_Check Box_M2CB3' is set on object 'Object Repository/ADMIN/Custom Item Fields Page/a_Checkbox/textfield_option3'

2019-11-25 10:09:45 - [TEST_STEP][PASSED] - setText: Text 'SPC_Check Box_M2CB4' is set on object 'Object Repository/ADMIN/Custom Item Fields Page/a_Checkbox/textfield_option4'

2019-11-25 10:09:46 - [MESSAGE][PASSED] - Text 'SPC_Check Box_M2CB4' is set on object 'Object Repository/ADMIN/Custom Item Fields Page/a_Checkbox/textfield_option4'

2019-11-25 10:09:46 - [TEST_STEP][PASSED] - setText: Text 'SPC_Check Box_M2CB5' is set on object 'Object Repository/ADMIN/Custom Item Fields Page/a_Checkbox/textfield_option5'

2019-11-25 10:09:46 - [MESSAGE][PASSED] - Text 'SPC_Check Box_M2CB5' is set on object 'Object Repository/ADMIN/Custom Item Fields Page/a_Checkbox/textfield_option5'

2019-11-25 10:09:46 - [TEST_STEP][PASSED] - setText: Text 'SPC_Check Box_M2CB6' is set on object 'Object Repository/ADMIN/Custom Item Fields Page/a_Checkbox/textfield_option6'

2019-11-25 10:09:46 - [MESSAGE][PASSED] - Text 'SPC_Check Box_M2CB6' is set on object 'Object Repository/ADMIN/Custom Item Fields Page/a_Checkbox/textfield_option6'

2019-11-25 10:09:46 - [TEST_STEP][PASSED] - setText: Text 'SPC_Check Box_M2CB7' is set on object 'Object Repository/ADMIN/Custom Item Fields Page/a_Checkbox/textfield_option7'

2019-11-25 10:09:46 - [MESSAGE][PASSED] - Text 'SPC_Check Box_M2CB7' is set on object 'Object Repository/ADMIN/Custom Item Fields Page/a_Checkbox/textfield_option7'

2019-11-25 10:09:46 - [TEST_STEP][PASSED] - setText: Text 'SPC_Check Box_M2CB8' is set on object 'Object Repository/ADMIN/Custom Item Fields Page/a_Checkbox/textfield_option8'

2019-11-25 10:09:46 - [MESSAGE][PASSED] - Text 'SPC_Check Box_M2CB8' is set on object 'Object Repository/ADMIN/Custom Item Fields Page/a_Checkbox/textfield_option8'

2019-11-25 10:09:46 - [TEST_STEP][PASSED] - setText: Text 'SPC_Check Box_M2CB9' is set on object 'Object Repository/ADMIN/Custom Item Fields Page/a_Checkbox/textfield_option9'

2019-11-25 10:09:47 - [MESSAGE][PASSED] - Text 'SPC_Check Box_M2CB9' is set on object 'Object Repository/ADMIN/Custom Item Fields Page/a_Checkbox/textfield_option9'

2019-11-25 10:09:47 - [TEST_STEP][PASSED] - setText: Text 'SPC_Check Box_M2CB10' is set on object 'Object Repository/ADMIN/Custom Item Fields Page/a_Checkbox/textfield_option10'

2019-11-25 10:09:47 - [MESSAGE][PASSED] - Text 'SPC_Check Box_M2CB10' is set on object 'Object Repository/ADMIN/Custom Item Fields Page/a_Checkbox/textfield_option10'

2019-11-25 10:09:47 - [TEST_STEP][PASSED] - comment: Field Name

2019-11-25 10:09:47 - [TEST_STEP][PASSED] - setText: Text 'SPC_Check Box_M2' is set on object 'Object Repository/ADMIN/Custom Item Fields Page/a_Default/textfield_fieldname'

2019-11-25 10:09:47 - [MESSAGE][PASSED] - Text 'SPC_Check Box_M2' is set on object 'Object Repository/ADMIN/Custom Item Fields Page/a_Default/textfield_fieldname'

2019-11-25 10:09:47 - [TEST_STEP][PASSED] - comment: Mandatory/NonMandatory

2019-11-25 10:09:47 - [TEST_STEP][PASSED] - Statement - If (varMandatoryNonMandatory == "mandatory"): Object 'Object Repository/ADMIN/Custom Item Fields Page/a_Default/togglebutton_mandatory' is visible

2019-11-25 10:09:47 - [TEST_STEP][PASSED] - waitForElementVisible: Object 'Object Repository/ADMIN/Custom Item Fields Page/a_Default/togglebutton_mandatory' is visible

2019-11-25 10:09:47 - [MESSAGE][WARNING] - Timeout '0' is invalid. Using default page load timeout: '30'

2019-11-25 10:09:47 - [MESSAGE][PASSED] - Object 'Object Repository/ADMIN/Custom Item Fields Page/a_Default/togglebutton_mandatory' is visible

2019-11-25 10:09:47 - [TEST_STEP][PASSED] - comment: Assign Category

2019-11-25 10:09:47 - [TEST_STEP][PASSED] - click: Object: 'Object Repository/ADMIN/Custom Item Fields Page/a_Default/button_SelectCategories' is clicked on

2019-11-25 10:09:47 - [MESSAGE][PASSED] - Object: 'Object Repository/ADMIN/Custom Item Fields Page/a_Default/button_SelectCategories' is clicked on

2019-11-25 10:09:47 - [TEST_STEP][PASSED] - waitForElementVisible: Object 'Object Repository/ADMIN/Custom Item Fields List Page/a_SelectCategories/searchbox_Category' is visible

2019-11-25 10:09:47 - [MESSAGE][WARNING] - Timeout '0' is invalid. Using default page load timeout: '30'

2019-11-25 10:09:48 - [MESSAGE][PASSED] - Object 'Object Repository/ADMIN/Custom Item Fields List Page/a_SelectCategories/searchbox_Category' is visible

2019-11-25 10:09:48 - [TEST_STEP][PASSED] - comment: Category Assignment

2019-11-25 10:09:48 - [TEST_STEP][PASSED] - Statement - If (varAssignedCategory == "All Cat"): null

2019-11-25 10:09:48 - [TEST_STEP][PASSED] - Statement - Else If (varAssignedCategory == "Category 01"): null

2019-11-25 10:09:48 - [TEST_STEP][PASSED] - Statement - Else If (varAssignedCategory == "Category 2.1"): Object: 'Object Repository/ADMIN/Custom Item Fields List Page/a_SelectCategories/a_Categories/checkbox_2.1' is clicked on

2019-11-25 10:09:48 - [TEST_STEP][PASSED] - setText: Text 'Category 2.1' is set on object 'Object Repository/ADMIN/Custom Item Fields List Page/a_SelectCategories/searchbox_Category'

2019-11-25 10:09:48 - [MESSAGE][PASSED] - Text 'Category 2.1' is set on object 'Object Repository/ADMIN/Custom Item Fields List Page/a_SelectCategories/searchbox_Category'

2019-11-25 10:09:48 - [TEST_STEP][PASSED] - click: Object: 'Object Repository/ADMIN/Custom Item Fields List Page/a_SelectCategories/a_Categories/checkbox_2.1' is clicked on

2019-11-25 10:09:48 - [MESSAGE][PASSED] - Object: 'Object Repository/ADMIN/Custom Item Fields List Page/a_SelectCategories/a_Categories/checkbox_2.1' is clicked on

2019-11-25 10:09:48 - [TEST_STEP][PASSED] - click: Object: 'Object Repository/ADMIN/Custom Item Fields List Page/a_SelectCategories/button_Save' is clicked on

2019-11-25 10:09:48 - [MESSAGE][PASSED] - Object: 'Object Repository/ADMIN/Custom Item Fields List Page/a_SelectCategories/button_Save' is clicked on

2019-11-25 10:09:48 - [TEST_STEP][PASSED] - delay: Delayed 2 second(s)

2019-11-25 10:09:50 - [MESSAGE][PASSED] - Delayed 2 second(s)

2019-11-25 10:09:50 - [TEST_STEP][PASSED] - click: Object: 'Object Repository/ADMIN/Custom Item Fields Page/a_Default/button_Save1' is clicked on

2019-11-25 10:09:50 - [MESSAGE][PASSED] - Object: 'Object Repository/ADMIN/Custom Item Fields Page/a_Default/button_Save1' is clicked on

2019-11-25 10:09:50 - [TEST_STEP][PASSED] - waitForElementVisible: Object 'Object Repository/ADMIN/Custom Item Fields List Page/button_Add Field' is visible

2019-11-25 10:09:50 - [MESSAGE][WARNING] - Timeout '0' is invalid. Using default page load timeout: '30'

2019-11-25 10:09:51 - [MESSAGE][PASSED] - Object 'Object Repository/ADMIN/Custom Item Fields List Page/button_Add Field' is visible]]></system-out>
         <system-err><![CDATA[]]></system-err>
      </testcase>
      <testcase name="Test Cases/ADMIN/Content Mgmt/Custom Fields Page/Add Custom Item Fields/Add_CF_DataDriven" classname="Test Cases/ADMIN/Content Mgmt/Custom Fields Page/Add Custom Item Fields/Add_CF_DataDriven" status="PASSED">
         <system-out><![CDATA[2019-11-25 10:09:51 - [TEST_CASE][PASSED] - Test Cases/ADMIN/Content Mgmt/Custom Fields Page/Add Custom Item Fields/Add_CF_DataDriven: Test Cases/ADMIN/Content Mgmt/Custom Fields Page/Add Custom Item Fields/Add_CF_DataDriven

2019-11-25 10:09:51 - [TEST_STEP][PASSED] - waitForElementVisible: Object 'Object Repository/ADMIN/Custom Item Fields List Page/button_Add Field' is visible

2019-11-25 10:09:51 - [MESSAGE][WARNING] - Timeout '0' is invalid. Using default page load timeout: '30'

2019-11-25 10:09:51 - [MESSAGE][PASSED] - Object 'Object Repository/ADMIN/Custom Item Fields List Page/button_Add Field' is visible

2019-11-25 10:09:51 - [TEST_STEP][PASSED] - click: Object: 'Object Repository/ADMIN/Custom Item Fields List Page/button_Add Field' is clicked on

2019-11-25 10:09:57 - [MESSAGE][PASSED] - Object: 'Object Repository/ADMIN/Custom Item Fields List Page/button_Add Field' is clicked on

2019-11-25 10:09:57 - [TEST_STEP][PASSED] - comment: Choose Field Type

2019-11-25 10:09:57 - [TEST_STEP][PASSED] - Statement - If (varCustomFieldType == "Checkbox"): null

2019-11-25 10:09:57 - [TEST_STEP][PASSED] - Statement - Else If (varCustomFieldType == "Date / Time picker"): null

2019-11-25 10:09:57 - [TEST_STEP][PASSED] - Statement - Else If (varCustomFieldType == "Drop Down"): Text 'SPC_Drop Down_M1DD10' is set on object 'Object Repository/ADMIN/Custom Item Fields Page/a_Checkbox/textfield_option10'

2019-11-25 10:09:57 - [TEST_STEP][PASSED] - waitForElementVisible: Object 'Object Repository/ADMIN/Custom Item Fields Page/a_Default/dropdown_fieldtype' is visible

2019-11-25 10:09:57 - [MESSAGE][WARNING] - Timeout '0' is invalid. Using default page load timeout: '30'

2019-11-25 10:09:57 - [MESSAGE][PASSED] - Object 'Object Repository/ADMIN/Custom Item Fields Page/a_Default/dropdown_fieldtype' is visible

2019-11-25 10:09:57 - [TEST_STEP][PASSED] - selectOptionByLabel: All options with label 'Drop Down' are selected in object 'Object Repository/ADMIN/Custom Item Fields Page/a_Default/dropdown_fieldtype' 

2019-11-25 10:09:57 - [MESSAGE][PASSED] - All options with label 'Drop Down' are selected in object 'Object Repository/ADMIN/Custom Item Fields Page/a_Default/dropdown_fieldtype' 

2019-11-25 10:09:57 - [TEST_STEP][PASSED] - waitForElementVisible: Object 'Object Repository/ADMIN/Custom Item Fields Page/a_Checkbox/icon_addoptio' is visible

2019-11-25 10:09:57 - [MESSAGE][WARNING] - Timeout '0' is invalid. Using default page load timeout: '30'

2019-11-25 10:09:57 - [MESSAGE][PASSED] - Object 'Object Repository/ADMIN/Custom Item Fields Page/a_Checkbox/icon_addoptio' is visible

2019-11-25 10:09:57 - [TEST_STEP][PASSED] - Statement - For ([r = 0, r <= 7, (r++)]): Object: 'Object Repository/ADMIN/Custom Item Fields Page/a_Checkbox/icon_addoptio' is clicked on

2019-11-25 10:09:57 - [TEST_STEP][PASSED] - click: Object: 'Object Repository/ADMIN/Custom Item Fields Page/a_Checkbox/icon_addoptio' is clicked on

2019-11-25 10:09:57 - [MESSAGE][PASSED] - Object: 'Object Repository/ADMIN/Custom Item Fields Page/a_Checkbox/icon_addoptio' is clicked on

2019-11-25 10:09:57 - [TEST_STEP][PASSED] - click: Object: 'Object Repository/ADMIN/Custom Item Fields Page/a_Checkbox/icon_addoptio' is clicked on

2019-11-25 10:09:58 - [MESSAGE][PASSED] - Object: 'Object Repository/ADMIN/Custom Item Fields Page/a_Checkbox/icon_addoptio' is clicked on

2019-11-25 10:09:58 - [TEST_STEP][PASSED] - click: Object: 'Object Repository/ADMIN/Custom Item Fields Page/a_Checkbox/icon_addoptio' is clicked on

2019-11-25 10:09:58 - [MESSAGE][PASSED] - Object: 'Object Repository/ADMIN/Custom Item Fields Page/a_Checkbox/icon_addoptio' is clicked on

2019-11-25 10:09:58 - [TEST_STEP][PASSED] - click: Object: 'Object Repository/ADMIN/Custom Item Fields Page/a_Checkbox/icon_addoptio' is clicked on

2019-11-25 10:09:58 - [MESSAGE][PASSED] - Object: 'Object Repository/ADMIN/Custom Item Fields Page/a_Checkbox/icon_addoptio' is clicked on

2019-11-25 10:09:58 - [TEST_STEP][PASSED] - click: Object: 'Object Repository/ADMIN/Custom Item Fields Page/a_Checkbox/icon_addoptio' is clicked on

2019-11-25 10:09:58 - [MESSAGE][PASSED] - Object: 'Object Repository/ADMIN/Custom Item Fields Page/a_Checkbox/icon_addoptio' is clicked on

2019-11-25 10:09:58 - [TEST_STEP][PASSED] - click: Object: 'Object Repository/ADMIN/Custom Item Fields Page/a_Checkbox/icon_addoptio' is clicked on

2019-11-25 10:09:58 - [MESSAGE][PASSED] - Object: 'Object Repository/ADMIN/Custom Item Fields Page/a_Checkbox/icon_addoptio' is clicked on

2019-11-25 10:09:58 - [TEST_STEP][PASSED] - click: Object: 'Object Repository/ADMIN/Custom Item Fields Page/a_Checkbox/icon_addoptio' is clicked on

2019-11-25 10:09:58 - [MESSAGE][PASSED] - Object: 'Object Repository/ADMIN/Custom Item Fields Page/a_Checkbox/icon_addoptio' is clicked on

2019-11-25 10:09:58 - [TEST_STEP][PASSED] - click: Object: 'Object Repository/ADMIN/Custom Item Fields Page/a_Checkbox/icon_addoptio' is clicked on

2019-11-25 10:09:58 - [MESSAGE][PASSED] - Object: 'Object Repository/ADMIN/Custom Item Fields Page/a_Checkbox/icon_addoptio' is clicked on

2019-11-25 10:09:58 - [TEST_STEP][PASSED] - comment: Add Option

2019-11-25 10:09:58 - [TEST_STEP][PASSED] - setText: Text 'SPC_Drop Down_M1DD1' is set on object 'Object Repository/ADMIN/Custom Item Fields Page/a_Checkbox/textfield_option1'

2019-11-25 10:09:58 - [MESSAGE][PASSED] - Text 'SPC_Drop Down_M1DD1' is set on object 'Object Repository/ADMIN/Custom Item Fields Page/a_Checkbox/textfield_option1'

2019-11-25 10:09:58 - [TEST_STEP][PASSED] - setText: Text 'SPC_Drop Down_M1DD2' is set on object 'Object Repository/ADMIN/Custom Item Fields Page/a_Checkbox/textfield_option2'

2019-11-25 10:09:58 - [MESSAGE][PASSED] - Text 'SPC_Drop Down_M1DD2' is set on object 'Object Repository/ADMIN/Custom Item Fields Page/a_Checkbox/textfield_option2'

2019-11-25 10:09:58 - [TEST_STEP][PASSED] - setText: Text 'SPC_Drop Down_M1DD3' is set on object 'Object Repository/ADMIN/Custom Item Fields Page/a_Checkbox/textfield_option3'

2019-11-25 10:09:59 - [MESSAGE][PASSED] - Text 'SPC_Drop Down_M1DD3' is set on object 'Object Repository/ADMIN/Custom Item Fields Page/a_Checkbox/textfield_option3'

2019-11-25 10:09:59 - [TEST_STEP][PASSED] - setText: Text 'SPC_Drop Down_M1DD4' is set on object 'Object Repository/ADMIN/Custom Item Fields Page/a_Checkbox/textfield_option4'

2019-11-25 10:09:59 - [MESSAGE][PASSED] - Text 'SPC_Drop Down_M1DD4' is set on object 'Object Repository/ADMIN/Custom Item Fields Page/a_Checkbox/textfield_option4'

2019-11-25 10:09:59 - [TEST_STEP][PASSED] - setText: Text 'SPC_Drop Down_M1DD5' is set on object 'Object Repository/ADMIN/Custom Item Fields Page/a_Checkbox/textfield_option5'

2019-11-25 10:09:59 - [MESSAGE][PASSED] - Text 'SPC_Drop Down_M1DD5' is set on object 'Object Repository/ADMIN/Custom Item Fields Page/a_Checkbox/textfield_option5'

2019-11-25 10:09:59 - [TEST_STEP][PASSED] - setText: Text 'SPC_Drop Down_M1DD6' is set on object 'Object Repository/ADMIN/Custom Item Fields Page/a_Checkbox/textfield_option6'

2019-11-25 10:09:59 - [MESSAGE][PASSED] - Text 'SPC_Drop Down_M1DD6' is set on object 'Object Repository/ADMIN/Custom Item Fields Page/a_Checkbox/textfield_option6'

2019-11-25 10:09:59 - [TEST_STEP][PASSED] - setText: Text 'SPC_Drop Down_M1DD7' is set on object 'Object Repository/ADMIN/Custom Item Fields Page/a_Checkbox/textfield_option7'

2019-11-25 10:10:00 - [MESSAGE][PASSED] - Text 'SPC_Drop Down_M1DD7' is set on object 'Object Repository/ADMIN/Custom Item Fields Page/a_Checkbox/textfield_option7'

2019-11-25 10:10:00 - [TEST_STEP][PASSED] - setText: Text 'SPC_Drop Down_M1DD8' is set on object 'Object Repository/ADMIN/Custom Item Fields Page/a_Checkbox/textfield_option8'

2019-11-25 10:10:00 - [MESSAGE][PASSED] - Text 'SPC_Drop Down_M1DD8' is set on object 'Object Repository/ADMIN/Custom Item Fields Page/a_Checkbox/textfield_option8'

2019-11-25 10:10:00 - [TEST_STEP][PASSED] - setText: Text 'SPC_Drop Down_M1DD9' is set on object 'Object Repository/ADMIN/Custom Item Fields Page/a_Checkbox/textfield_option9'

2019-11-25 10:10:00 - [MESSAGE][PASSED] - Text 'SPC_Drop Down_M1DD9' is set on object 'Object Repository/ADMIN/Custom Item Fields Page/a_Checkbox/textfield_option9'

2019-11-25 10:10:00 - [TEST_STEP][PASSED] - setText: Text 'SPC_Drop Down_M1DD10' is set on object 'Object Repository/ADMIN/Custom Item Fields Page/a_Checkbox/textfield_option10'

2019-11-25 10:10:00 - [MESSAGE][PASSED] - Text 'SPC_Drop Down_M1DD10' is set on object 'Object Repository/ADMIN/Custom Item Fields Page/a_Checkbox/textfield_option10'

2019-11-25 10:10:00 - [TEST_STEP][PASSED] - comment: Field Name

2019-11-25 10:10:00 - [TEST_STEP][PASSED] - setText: Text 'SPC_Drop Down_M1' is set on object 'Object Repository/ADMIN/Custom Item Fields Page/a_Default/textfield_fieldname'

2019-11-25 10:10:00 - [MESSAGE][PASSED] - Text 'SPC_Drop Down_M1' is set on object 'Object Repository/ADMIN/Custom Item Fields Page/a_Default/textfield_fieldname'

2019-11-25 10:10:00 - [TEST_STEP][PASSED] - comment: Mandatory/NonMandatory

2019-11-25 10:10:00 - [TEST_STEP][PASSED] - Statement - If (varMandatoryNonMandatory == "mandatory"): Object 'Object Repository/ADMIN/Custom Item Fields Page/a_Default/togglebutton_mandatory' is visible

2019-11-25 10:10:00 - [TEST_STEP][PASSED] - waitForElementVisible: Object 'Object Repository/ADMIN/Custom Item Fields Page/a_Default/togglebutton_mandatory' is visible

2019-11-25 10:10:00 - [MESSAGE][WARNING] - Timeout '0' is invalid. Using default page load timeout: '30'

2019-11-25 10:10:00 - [MESSAGE][PASSED] - Object 'Object Repository/ADMIN/Custom Item Fields Page/a_Default/togglebutton_mandatory' is visible

2019-11-25 10:10:00 - [TEST_STEP][PASSED] - comment: Assign Category

2019-11-25 10:10:01 - [TEST_STEP][PASSED] - click: Object: 'Object Repository/ADMIN/Custom Item Fields Page/a_Default/button_SelectCategories' is clicked on

2019-11-25 10:10:01 - [MESSAGE][PASSED] - Object: 'Object Repository/ADMIN/Custom Item Fields Page/a_Default/button_SelectCategories' is clicked on

2019-11-25 10:10:01 - [TEST_STEP][PASSED] - waitForElementVisible: Object 'Object Repository/ADMIN/Custom Item Fields List Page/a_SelectCategories/searchbox_Category' is visible

2019-11-25 10:10:01 - [MESSAGE][WARNING] - Timeout '0' is invalid. Using default page load timeout: '30'

2019-11-25 10:10:01 - [MESSAGE][PASSED] - Object 'Object Repository/ADMIN/Custom Item Fields List Page/a_SelectCategories/searchbox_Category' is visible

2019-11-25 10:10:01 - [TEST_STEP][PASSED] - comment: Category Assignment

2019-11-25 10:10:01 - [TEST_STEP][PASSED] - Statement - If (varAssignedCategory == "All Cat"): null

2019-11-25 10:10:01 - [TEST_STEP][PASSED] - Statement - Else If (varAssignedCategory == "Category 01"): null

2019-11-25 10:10:01 - [TEST_STEP][PASSED] - Statement - Else If (varAssignedCategory == "Category 2.1"): Object: 'Object Repository/ADMIN/Custom Item Fields List Page/a_SelectCategories/a_Categories/checkbox_2.1' is clicked on

2019-11-25 10:10:01 - [TEST_STEP][PASSED] - setText: Text 'Category 2.1' is set on object 'Object Repository/ADMIN/Custom Item Fields List Page/a_SelectCategories/searchbox_Category'

2019-11-25 10:10:01 - [MESSAGE][PASSED] - Text 'Category 2.1' is set on object 'Object Repository/ADMIN/Custom Item Fields List Page/a_SelectCategories/searchbox_Category'

2019-11-25 10:10:01 - [TEST_STEP][PASSED] - click: Object: 'Object Repository/ADMIN/Custom Item Fields List Page/a_SelectCategories/a_Categories/checkbox_2.1' is clicked on

2019-11-25 10:10:02 - [MESSAGE][PASSED] - Object: 'Object Repository/ADMIN/Custom Item Fields List Page/a_SelectCategories/a_Categories/checkbox_2.1' is clicked on

2019-11-25 10:10:02 - [TEST_STEP][PASSED] - click: Object: 'Object Repository/ADMIN/Custom Item Fields List Page/a_SelectCategories/button_Save' is clicked on

2019-11-25 10:10:02 - [MESSAGE][PASSED] - Object: 'Object Repository/ADMIN/Custom Item Fields List Page/a_SelectCategories/button_Save' is clicked on

2019-11-25 10:10:02 - [TEST_STEP][PASSED] - delay: Delayed 2 second(s)

2019-11-25 10:10:04 - [MESSAGE][PASSED] - Delayed 2 second(s)

2019-11-25 10:10:04 - [TEST_STEP][PASSED] - click: Object: 'Object Repository/ADMIN/Custom Item Fields Page/a_Default/button_Save1' is clicked on

2019-11-25 10:10:04 - [MESSAGE][PASSED] - Object: 'Object Repository/ADMIN/Custom Item Fields Page/a_Default/button_Save1' is clicked on

2019-11-25 10:10:04 - [TEST_STEP][PASSED] - waitForElementVisible: Object 'Object Repository/ADMIN/Custom Item Fields List Page/button_Add Field' is visible

2019-11-25 10:10:04 - [MESSAGE][WARNING] - Timeout '0' is invalid. Using default page load timeout: '30'

2019-11-25 10:10:05 - [MESSAGE][PASSED] - Object 'Object Repository/ADMIN/Custom Item Fields List Page/button_Add Field' is visible]]></system-out>
         <system-err><![CDATA[]]></system-err>
      </testcase>
      <testcase name="Test Cases/ADMIN/Content Mgmt/Custom Fields Page/Add Custom Item Fields/Add_CF_DataDriven" classname="Test Cases/ADMIN/Content Mgmt/Custom Fields Page/Add Custom Item Fields/Add_CF_DataDriven" status="PASSED">
         <system-out><![CDATA[2019-11-25 10:10:05 - [TEST_CASE][PASSED] - Test Cases/ADMIN/Content Mgmt/Custom Fields Page/Add Custom Item Fields/Add_CF_DataDriven: Test Cases/ADMIN/Content Mgmt/Custom Fields Page/Add Custom Item Fields/Add_CF_DataDriven

2019-11-25 10:10:05 - [TEST_STEP][PASSED] - waitForElementVisible: Object 'Object Repository/ADMIN/Custom Item Fields List Page/button_Add Field' is visible

2019-11-25 10:10:05 - [MESSAGE][WARNING] - Timeout '0' is invalid. Using default page load timeout: '30'

2019-11-25 10:10:05 - [MESSAGE][PASSED] - Object 'Object Repository/ADMIN/Custom Item Fields List Page/button_Add Field' is visible

2019-11-25 10:10:05 - [TEST_STEP][PASSED] - click: Object: 'Object Repository/ADMIN/Custom Item Fields List Page/button_Add Field' is clicked on

2019-11-25 10:10:06 - [MESSAGE][PASSED] - Object: 'Object Repository/ADMIN/Custom Item Fields List Page/button_Add Field' is clicked on

2019-11-25 10:10:06 - [TEST_STEP][PASSED] - comment: Choose Field Type

2019-11-25 10:10:06 - [TEST_STEP][PASSED] - Statement - If (varCustomFieldType == "Checkbox"): null

2019-11-25 10:10:06 - [TEST_STEP][PASSED] - Statement - Else If (varCustomFieldType == "Date / Time picker"): null

2019-11-25 10:10:06 - [TEST_STEP][PASSED] - Statement - Else If (varCustomFieldType == "Drop Down"): Text 'SPC_Drop Down_M2DD10' is set on object 'Object Repository/ADMIN/Custom Item Fields Page/a_Checkbox/textfield_option10'

2019-11-25 10:10:06 - [TEST_STEP][PASSED] - waitForElementVisible: Object 'Object Repository/ADMIN/Custom Item Fields Page/a_Default/dropdown_fieldtype' is visible

2019-11-25 10:10:06 - [MESSAGE][WARNING] - Timeout '0' is invalid. Using default page load timeout: '30'

2019-11-25 10:10:06 - [MESSAGE][PASSED] - Object 'Object Repository/ADMIN/Custom Item Fields Page/a_Default/dropdown_fieldtype' is visible

2019-11-25 10:10:06 - [TEST_STEP][PASSED] - selectOptionByLabel: All options with label 'Drop Down' are selected in object 'Object Repository/ADMIN/Custom Item Fields Page/a_Default/dropdown_fieldtype' 

2019-11-25 10:10:06 - [MESSAGE][PASSED] - All options with label 'Drop Down' are selected in object 'Object Repository/ADMIN/Custom Item Fields Page/a_Default/dropdown_fieldtype' 

2019-11-25 10:10:06 - [TEST_STEP][PASSED] - waitForElementVisible: Object 'Object Repository/ADMIN/Custom Item Fields Page/a_Checkbox/icon_addoptio' is visible

2019-11-25 10:10:06 - [MESSAGE][WARNING] - Timeout '0' is invalid. Using default page load timeout: '30'

2019-11-25 10:10:06 - [MESSAGE][PASSED] - Object 'Object Repository/ADMIN/Custom Item Fields Page/a_Checkbox/icon_addoptio' is visible

2019-11-25 10:10:06 - [TEST_STEP][PASSED] - Statement - For ([r = 0, r <= 7, (r++)]): Object: 'Object Repository/ADMIN/Custom Item Fields Page/a_Checkbox/icon_addoptio' is clicked on

2019-11-25 10:10:06 - [TEST_STEP][PASSED] - click: Object: 'Object Repository/ADMIN/Custom Item Fields Page/a_Checkbox/icon_addoptio' is clicked on

2019-11-25 10:10:06 - [MESSAGE][PASSED] - Object: 'Object Repository/ADMIN/Custom Item Fields Page/a_Checkbox/icon_addoptio' is clicked on

2019-11-25 10:10:06 - [TEST_STEP][PASSED] - click: Object: 'Object Repository/ADMIN/Custom Item Fields Page/a_Checkbox/icon_addoptio' is clicked on

2019-11-25 10:10:06 - [MESSAGE][PASSED] - Object: 'Object Repository/ADMIN/Custom Item Fields Page/a_Checkbox/icon_addoptio' is clicked on

2019-11-25 10:10:06 - [TEST_STEP][PASSED] - click: Object: 'Object Repository/ADMIN/Custom Item Fields Page/a_Checkbox/icon_addoptio' is clicked on

2019-11-25 10:10:06 - [MESSAGE][PASSED] - Object: 'Object Repository/ADMIN/Custom Item Fields Page/a_Checkbox/icon_addoptio' is clicked on

2019-11-25 10:10:06 - [TEST_STEP][PASSED] - click: Object: 'Object Repository/ADMIN/Custom Item Fields Page/a_Checkbox/icon_addoptio' is clicked on

2019-11-25 10:10:06 - [MESSAGE][PASSED] - Object: 'Object Repository/ADMIN/Custom Item Fields Page/a_Checkbox/icon_addoptio' is clicked on

2019-11-25 10:10:06 - [TEST_STEP][PASSED] - click: Object: 'Object Repository/ADMIN/Custom Item Fields Page/a_Checkbox/icon_addoptio' is clicked on

2019-11-25 10:10:07 - [MESSAGE][PASSED] - Object: 'Object Repository/ADMIN/Custom Item Fields Page/a_Checkbox/icon_addoptio' is clicked on

2019-11-25 10:10:07 - [TEST_STEP][PASSED] - click: Object: 'Object Repository/ADMIN/Custom Item Fields Page/a_Checkbox/icon_addoptio' is clicked on

2019-11-25 10:10:07 - [MESSAGE][PASSED] - Object: 'Object Repository/ADMIN/Custom Item Fields Page/a_Checkbox/icon_addoptio' is clicked on

2019-11-25 10:10:07 - [TEST_STEP][PASSED] - click: Object: 'Object Repository/ADMIN/Custom Item Fields Page/a_Checkbox/icon_addoptio' is clicked on

2019-11-25 10:10:07 - [MESSAGE][PASSED] - Object: 'Object Repository/ADMIN/Custom Item Fields Page/a_Checkbox/icon_addoptio' is clicked on

2019-11-25 10:10:07 - [TEST_STEP][PASSED] - click: Object: 'Object Repository/ADMIN/Custom Item Fields Page/a_Checkbox/icon_addoptio' is clicked on

2019-11-25 10:10:07 - [MESSAGE][PASSED] - Object: 'Object Repository/ADMIN/Custom Item Fields Page/a_Checkbox/icon_addoptio' is clicked on

2019-11-25 10:10:07 - [TEST_STEP][PASSED] - comment: Add Option

2019-11-25 10:10:07 - [TEST_STEP][PASSED] - setText: Text 'SPC_Drop Down_M2DD1' is set on object 'Object Repository/ADMIN/Custom Item Fields Page/a_Checkbox/textfield_option1'

2019-11-25 10:10:07 - [MESSAGE][PASSED] - Text 'SPC_Drop Down_M2DD1' is set on object 'Object Repository/ADMIN/Custom Item Fields Page/a_Checkbox/textfield_option1'

2019-11-25 10:10:07 - [TEST_STEP][PASSED] - setText: Text 'SPC_Drop Down_M2DD2' is set on object 'Object Repository/ADMIN/Custom Item Fields Page/a_Checkbox/textfield_option2'

2019-11-25 10:10:07 - [MESSAGE][PASSED] - Text 'SPC_Drop Down_M2DD2' is set on object 'Object Repository/ADMIN/Custom Item Fields Page/a_Checkbox/textfield_option2'

2019-11-25 10:10:07 - [TEST_STEP][PASSED] - setText: Text 'SPC_Drop Down_M2DD3' is set on object 'Object Repository/ADMIN/Custom Item Fields Page/a_Checkbox/textfield_option3'

2019-11-25 10:10:08 - [MESSAGE][PASSED] - Text 'SPC_Drop Down_M2DD3' is set on object 'Object Repository/ADMIN/Custom Item Fields Page/a_Checkbox/textfield_option3'

2019-11-25 10:10:08 - [TEST_STEP][PASSED] - setText: Text 'SPC_Drop Down_M2DD4' is set on object 'Object Repository/ADMIN/Custom Item Fields Page/a_Checkbox/textfield_option4'

2019-11-25 10:10:08 - [MESSAGE][PASSED] - Text 'SPC_Drop Down_M2DD4' is set on object 'Object Repository/ADMIN/Custom Item Fields Page/a_Checkbox/textfield_option4'

2019-11-25 10:10:08 - [TEST_STEP][PASSED] - setText: Text 'SPC_Drop Down_M2DD5' is set on object 'Object Repository/ADMIN/Custom Item Fields Page/a_Checkbox/textfield_option5'

2019-11-25 10:10:08 - [MESSAGE][PASSED] - Text 'SPC_Drop Down_M2DD5' is set on object 'Object Repository/ADMIN/Custom Item Fields Page/a_Checkbox/textfield_option5'

2019-11-25 10:10:08 - [TEST_STEP][PASSED] - setText: Text 'SPC_Drop Down_M2DD6' is set on object 'Object Repository/ADMIN/Custom Item Fields Page/a_Checkbox/textfield_option6'

2019-11-25 10:10:08 - [MESSAGE][PASSED] - Text 'SPC_Drop Down_M2DD6' is set on object 'Object Repository/ADMIN/Custom Item Fields Page/a_Checkbox/textfield_option6'

2019-11-25 10:10:08 - [TEST_STEP][PASSED] - setText: Text 'SPC_Drop Down_M2DD7' is set on object 'Object Repository/ADMIN/Custom Item Fields Page/a_Checkbox/textfield_option7'

2019-11-25 10:10:09 - [MESSAGE][PASSED] - Text 'SPC_Drop Down_M2DD7' is set on object 'Object Repository/ADMIN/Custom Item Fields Page/a_Checkbox/textfield_option7'

2019-11-25 10:10:09 - [TEST_STEP][PASSED] - setText: Text 'SPC_Drop Down_M2DD8' is set on object 'Object Repository/ADMIN/Custom Item Fields Page/a_Checkbox/textfield_option8'

2019-11-25 10:10:09 - [MESSAGE][PASSED] - Text 'SPC_Drop Down_M2DD8' is set on object 'Object Repository/ADMIN/Custom Item Fields Page/a_Checkbox/textfield_option8'

2019-11-25 10:10:09 - [TEST_STEP][PASSED] - setText: Text 'SPC_Drop Down_M2DD9' is set on object 'Object Repository/ADMIN/Custom Item Fields Page/a_Checkbox/textfield_option9'

2019-11-25 10:10:09 - [MESSAGE][PASSED] - Text 'SPC_Drop Down_M2DD9' is set on object 'Object Repository/ADMIN/Custom Item Fields Page/a_Checkbox/textfield_option9'

2019-11-25 10:10:09 - [TEST_STEP][PASSED] - setText: Text 'SPC_Drop Down_M2DD10' is set on object 'Object Repository/ADMIN/Custom Item Fields Page/a_Checkbox/textfield_option10'

2019-11-25 10:10:09 - [MESSAGE][PASSED] - Text 'SPC_Drop Down_M2DD10' is set on object 'Object Repository/ADMIN/Custom Item Fields Page/a_Checkbox/textfield_option10'

2019-11-25 10:10:09 - [TEST_STEP][PASSED] - comment: Field Name

2019-11-25 10:10:09 - [TEST_STEP][PASSED] - setText: Text 'SPC_Drop Down_M2' is set on object 'Object Repository/ADMIN/Custom Item Fields Page/a_Default/textfield_fieldname'

2019-11-25 10:10:09 - [MESSAGE][PASSED] - Text 'SPC_Drop Down_M2' is set on object 'Object Repository/ADMIN/Custom Item Fields Page/a_Default/textfield_fieldname'

2019-11-25 10:10:09 - [TEST_STEP][PASSED] - comment: Mandatory/NonMandatory

2019-11-25 10:10:09 - [TEST_STEP][PASSED] - Statement - If (varMandatoryNonMandatory == "mandatory"): Object 'Object Repository/ADMIN/Custom Item Fields Page/a_Default/togglebutton_mandatory' is visible

2019-11-25 10:10:09 - [TEST_STEP][PASSED] - waitForElementVisible: Object 'Object Repository/ADMIN/Custom Item Fields Page/a_Default/togglebutton_mandatory' is visible

2019-11-25 10:10:09 - [MESSAGE][WARNING] - Timeout '0' is invalid. Using default page load timeout: '30'

2019-11-25 10:10:09 - [MESSAGE][PASSED] - Object 'Object Repository/ADMIN/Custom Item Fields Page/a_Default/togglebutton_mandatory' is visible

2019-11-25 10:10:09 - [TEST_STEP][PASSED] - comment: Assign Category

2019-11-25 10:10:09 - [TEST_STEP][PASSED] - click: Object: 'Object Repository/ADMIN/Custom Item Fields Page/a_Default/button_SelectCategories' is clicked on

2019-11-25 10:10:09 - [MESSAGE][PASSED] - Object: 'Object Repository/ADMIN/Custom Item Fields Page/a_Default/button_SelectCategories' is clicked on

2019-11-25 10:10:10 - [TEST_STEP][PASSED] - waitForElementVisible: Object 'Object Repository/ADMIN/Custom Item Fields List Page/a_SelectCategories/searchbox_Category' is visible

2019-11-25 10:10:10 - [MESSAGE][WARNING] - Timeout '0' is invalid. Using default page load timeout: '30'

2019-11-25 10:10:10 - [MESSAGE][PASSED] - Object 'Object Repository/ADMIN/Custom Item Fields List Page/a_SelectCategories/searchbox_Category' is visible

2019-11-25 10:10:10 - [TEST_STEP][PASSED] - comment: Category Assignment

2019-11-25 10:10:10 - [TEST_STEP][PASSED] - Statement - If (varAssignedCategory == "All Cat"): null

2019-11-25 10:10:10 - [TEST_STEP][PASSED] - Statement - Else If (varAssignedCategory == "Category 01"): null

2019-11-25 10:10:10 - [TEST_STEP][PASSED] - Statement - Else If (varAssignedCategory == "Category 2.1"): Object: 'Object Repository/ADMIN/Custom Item Fields List Page/a_SelectCategories/a_Categories/checkbox_2.1' is clicked on

2019-11-25 10:10:10 - [TEST_STEP][PASSED] - setText: Text 'Category 2.1' is set on object 'Object Repository/ADMIN/Custom Item Fields List Page/a_SelectCategories/searchbox_Category'

2019-11-25 10:10:10 - [MESSAGE][PASSED] - Text 'Category 2.1' is set on object 'Object Repository/ADMIN/Custom Item Fields List Page/a_SelectCategories/searchbox_Category'

2019-11-25 10:10:10 - [TEST_STEP][PASSED] - click: Object: 'Object Repository/ADMIN/Custom Item Fields List Page/a_SelectCategories/a_Categories/checkbox_2.1' is clicked on

2019-11-25 10:10:10 - [MESSAGE][PASSED] - Object: 'Object Repository/ADMIN/Custom Item Fields List Page/a_SelectCategories/a_Categories/checkbox_2.1' is clicked on

2019-11-25 10:10:10 - [TEST_STEP][PASSED] - click: Object: 'Object Repository/ADMIN/Custom Item Fields List Page/a_SelectCategories/button_Save' is clicked on

2019-11-25 10:10:10 - [MESSAGE][PASSED] - Object: 'Object Repository/ADMIN/Custom Item Fields List Page/a_SelectCategories/button_Save' is clicked on

2019-11-25 10:10:10 - [TEST_STEP][PASSED] - delay: Delayed 2 second(s)

2019-11-25 10:10:12 - [MESSAGE][PASSED] - Delayed 2 second(s)

2019-11-25 10:10:12 - [TEST_STEP][PASSED] - click: Object: 'Object Repository/ADMIN/Custom Item Fields Page/a_Default/button_Save1' is clicked on

2019-11-25 10:10:13 - [MESSAGE][PASSED] - Object: 'Object Repository/ADMIN/Custom Item Fields Page/a_Default/button_Save1' is clicked on

2019-11-25 10:10:13 - [TEST_STEP][PASSED] - waitForElementVisible: Object 'Object Repository/ADMIN/Custom Item Fields List Page/button_Add Field' is visible

2019-11-25 10:10:13 - [MESSAGE][WARNING] - Timeout '0' is invalid. Using default page load timeout: '30'

2019-11-25 10:10:15 - [MESSAGE][PASSED] - Object 'Object Repository/ADMIN/Custom Item Fields List Page/button_Add Field' is visible]]></system-out>
         <system-err><![CDATA[]]></system-err>
      </testcase>
      <testcase name="Test Cases/ADMIN/Content Mgmt/Custom Fields Page/Add Custom Item Fields/Add_CF_DataDriven" classname="Test Cases/ADMIN/Content Mgmt/Custom Fields Page/Add Custom Item Fields/Add_CF_DataDriven" status="PASSED">
         <system-out><![CDATA[2019-11-25 10:10:15 - [TEST_CASE][PASSED] - Test Cases/ADMIN/Content Mgmt/Custom Fields Page/Add Custom Item Fields/Add_CF_DataDriven: Test Cases/ADMIN/Content Mgmt/Custom Fields Page/Add Custom Item Fields/Add_CF_DataDriven

2019-11-25 10:10:15 - [TEST_STEP][PASSED] - waitForElementVisible: Object 'Object Repository/ADMIN/Custom Item Fields List Page/button_Add Field' is visible

2019-11-25 10:10:15 - [MESSAGE][WARNING] - Timeout '0' is invalid. Using default page load timeout: '30'

2019-11-25 10:10:15 - [MESSAGE][PASSED] - Object 'Object Repository/ADMIN/Custom Item Fields List Page/button_Add Field' is visible

2019-11-25 10:10:15 - [TEST_STEP][PASSED] - click: Object: 'Object Repository/ADMIN/Custom Item Fields List Page/button_Add Field' is clicked on

2019-11-25 10:10:16 - [MESSAGE][PASSED] - Object: 'Object Repository/ADMIN/Custom Item Fields List Page/button_Add Field' is clicked on

2019-11-25 10:10:16 - [TEST_STEP][PASSED] - comment: Choose Field Type

2019-11-25 10:10:16 - [TEST_STEP][PASSED] - Statement - If (varCustomFieldType == "Checkbox"): null

2019-11-25 10:10:16 - [TEST_STEP][PASSED] - Statement - Else If (varCustomFieldType == "Date / Time picker"): null

2019-11-25 10:10:16 - [TEST_STEP][PASSED] - Statement - Else If (varCustomFieldType == "Drop Down"): null

2019-11-25 10:10:16 - [TEST_STEP][PASSED] - Statement - Else If (varCustomFieldType == "Email"): null

2019-11-25 10:10:16 - [TEST_STEP][PASSED] - Statement - Else If (varCustomFieldType == "Embed Video"): null

2019-11-25 10:10:16 - [TEST_STEP][PASSED] - Statement - Else If (varCustomFieldType == "Hyperlink / URL"): null

2019-11-25 10:10:16 - [TEST_STEP][PASSED] - Statement - Else If (varCustomFieldType == "Location"): All options with label 'Location' are selected in object 'Object Repository/ADMIN/Custom Item Fields Page/a_Default/dropdown_fieldtype' 

2019-11-25 10:10:16 - [TEST_STEP][PASSED] - waitForElementVisible: Object 'Object Repository/ADMIN/Custom Item Fields Page/a_Default/dropdown_fieldtype' is visible

2019-11-25 10:10:16 - [MESSAGE][WARNING] - Timeout '0' is invalid. Using default page load timeout: '30'

2019-11-25 10:10:16 - [MESSAGE][PASSED] - Object 'Object Repository/ADMIN/Custom Item Fields Page/a_Default/dropdown_fieldtype' is visible

2019-11-25 10:10:16 - [TEST_STEP][PASSED] - selectOptionByLabel: All options with label 'Location' are selected in object 'Object Repository/ADMIN/Custom Item Fields Page/a_Default/dropdown_fieldtype' 

2019-11-25 10:10:16 - [MESSAGE][PASSED] - All options with label 'Location' are selected in object 'Object Repository/ADMIN/Custom Item Fields Page/a_Default/dropdown_fieldtype' 

2019-11-25 10:10:16 - [TEST_STEP][PASSED] - comment: Field Name

2019-11-25 10:10:16 - [TEST_STEP][PASSED] - setText: Text 'SPC_Location_NM' is set on object 'Object Repository/ADMIN/Custom Item Fields Page/a_Default/textfield_fieldname'

2019-11-25 10:10:17 - [MESSAGE][PASSED] - Text 'SPC_Location_NM' is set on object 'Object Repository/ADMIN/Custom Item Fields Page/a_Default/textfield_fieldname'

2019-11-25 10:10:17 - [TEST_STEP][PASSED] - comment: Mandatory/NonMandatory

2019-11-25 10:10:17 - [TEST_STEP][PASSED] - Statement - If (varMandatoryNonMandatory == "mandatory"): null

2019-11-25 10:10:17 - [TEST_STEP][PASSED] - Statement - Else If (varMandatoryNonMandatory == "non-mandatory"): Object: 'Object Repository/ADMIN/Custom Item Fields Page/a_Default/togglebutton_mandatory' is clicked on

2019-11-25 10:10:17 - [TEST_STEP][PASSED] - waitForElementVisible: Object 'Object Repository/ADMIN/Custom Item Fields Page/a_Default/togglebutton_mandatory' is visible

2019-11-25 10:10:17 - [MESSAGE][WARNING] - Timeout '0' is invalid. Using default page load timeout: '30'

2019-11-25 10:10:17 - [MESSAGE][PASSED] - Object 'Object Repository/ADMIN/Custom Item Fields Page/a_Default/togglebutton_mandatory' is visible

2019-11-25 10:10:17 - [TEST_STEP][PASSED] - click: Object: 'Object Repository/ADMIN/Custom Item Fields Page/a_Default/togglebutton_mandatory' is clicked on

2019-11-25 10:10:17 - [MESSAGE][PASSED] - Object: 'Object Repository/ADMIN/Custom Item Fields Page/a_Default/togglebutton_mandatory' is clicked on

2019-11-25 10:10:17 - [TEST_STEP][PASSED] - comment: Assign Category

2019-11-25 10:10:17 - [TEST_STEP][PASSED] - click: Object: 'Object Repository/ADMIN/Custom Item Fields Page/a_Default/button_SelectCategories' is clicked on

2019-11-25 10:10:17 - [MESSAGE][PASSED] - Object: 'Object Repository/ADMIN/Custom Item Fields Page/a_Default/button_SelectCategories' is clicked on

2019-11-25 10:10:17 - [TEST_STEP][PASSED] - waitForElementVisible: Object 'Object Repository/ADMIN/Custom Item Fields List Page/a_SelectCategories/searchbox_Category' is visible

2019-11-25 10:10:17 - [MESSAGE][WARNING] - Timeout '0' is invalid. Using default page load timeout: '30'

2019-11-25 10:10:17 - [MESSAGE][PASSED] - Object 'Object Repository/ADMIN/Custom Item Fields List Page/a_SelectCategories/searchbox_Category' is visible

2019-11-25 10:10:17 - [TEST_STEP][PASSED] - comment: Category Assignment

2019-11-25 10:10:17 - [TEST_STEP][PASSED] - Statement - If (varAssignedCategory == "All Cat"): null

2019-11-25 10:10:17 - [TEST_STEP][PASSED] - Statement - Else If (varAssignedCategory == "Category 01"): null

2019-11-25 10:10:17 - [TEST_STEP][PASSED] - Statement - Else If (varAssignedCategory == "Category 2.1"): Object: 'Object Repository/ADMIN/Custom Item Fields List Page/a_SelectCategories/a_Categories/checkbox_2.1' is clicked on

2019-11-25 10:10:17 - [TEST_STEP][PASSED] - setText: Text 'Category 2.1' is set on object 'Object Repository/ADMIN/Custom Item Fields List Page/a_SelectCategories/searchbox_Category'

2019-11-25 10:10:18 - [MESSAGE][PASSED] - Text 'Category 2.1' is set on object 'Object Repository/ADMIN/Custom Item Fields List Page/a_SelectCategories/searchbox_Category'

2019-11-25 10:10:18 - [TEST_STEP][PASSED] - click: Object: 'Object Repository/ADMIN/Custom Item Fields List Page/a_SelectCategories/a_Categories/checkbox_2.1' is clicked on

2019-11-25 10:10:18 - [MESSAGE][PASSED] - Object: 'Object Repository/ADMIN/Custom Item Fields List Page/a_SelectCategories/a_Categories/checkbox_2.1' is clicked on

2019-11-25 10:10:18 - [TEST_STEP][PASSED] - click: Object: 'Object Repository/ADMIN/Custom Item Fields List Page/a_SelectCategories/button_Save' is clicked on

2019-11-25 10:10:18 - [MESSAGE][PASSED] - Object: 'Object Repository/ADMIN/Custom Item Fields List Page/a_SelectCategories/button_Save' is clicked on

2019-11-25 10:10:18 - [TEST_STEP][PASSED] - delay: Delayed 2 second(s)

2019-11-25 10:10:20 - [MESSAGE][PASSED] - Delayed 2 second(s)

2019-11-25 10:10:20 - [TEST_STEP][PASSED] - click: Object: 'Object Repository/ADMIN/Custom Item Fields Page/a_Default/button_Save1' is clicked on

2019-11-25 10:10:20 - [MESSAGE][PASSED] - Object: 'Object Repository/ADMIN/Custom Item Fields Page/a_Default/button_Save1' is clicked on

2019-11-25 10:10:20 - [TEST_STEP][PASSED] - waitForElementVisible: Object 'Object Repository/ADMIN/Custom Item Fields List Page/button_Add Field' is visible

2019-11-25 10:10:20 - [MESSAGE][WARNING] - Timeout '0' is invalid. Using default page load timeout: '30'

2019-11-25 10:10:21 - [MESSAGE][PASSED] - Object 'Object Repository/ADMIN/Custom Item Fields List Page/button_Add Field' is visible]]></system-out>
         <system-err><![CDATA[]]></system-err>
      </testcase>
      <testcase name="Test Cases/ADMIN/Content Mgmt/Custom Fields Page/Add Custom Item Fields/Add_CF_DataDriven" classname="Test Cases/ADMIN/Content Mgmt/Custom Fields Page/Add Custom Item Fields/Add_CF_DataDriven" status="PASSED">
         <system-out><![CDATA[2019-11-25 10:10:21 - [TEST_CASE][PASSED] - Test Cases/ADMIN/Content Mgmt/Custom Fields Page/Add Custom Item Fields/Add_CF_DataDriven: Test Cases/ADMIN/Content Mgmt/Custom Fields Page/Add Custom Item Fields/Add_CF_DataDriven

2019-11-25 10:10:21 - [TEST_STEP][PASSED] - waitForElementVisible: Object 'Object Repository/ADMIN/Custom Item Fields List Page/button_Add Field' is visible

2019-11-25 10:10:21 - [MESSAGE][WARNING] - Timeout '0' is invalid. Using default page load timeout: '30'

2019-11-25 10:10:21 - [MESSAGE][PASSED] - Object 'Object Repository/ADMIN/Custom Item Fields List Page/button_Add Field' is visible

2019-11-25 10:10:21 - [TEST_STEP][PASSED] - click: Object: 'Object Repository/ADMIN/Custom Item Fields List Page/button_Add Field' is clicked on

2019-11-25 10:10:22 - [MESSAGE][PASSED] - Object: 'Object Repository/ADMIN/Custom Item Fields List Page/button_Add Field' is clicked on

2019-11-25 10:10:22 - [TEST_STEP][PASSED] - comment: Choose Field Type

2019-11-25 10:10:22 - [TEST_STEP][PASSED] - Statement - If (varCustomFieldType == "Checkbox"): null

2019-11-25 10:10:22 - [TEST_STEP][PASSED] - Statement - Else If (varCustomFieldType == "Date / Time picker"): null

2019-11-25 10:10:22 - [TEST_STEP][PASSED] - Statement - Else If (varCustomFieldType == "Drop Down"): null

2019-11-25 10:10:22 - [TEST_STEP][PASSED] - Statement - Else If (varCustomFieldType == "Email"): null

2019-11-25 10:10:22 - [TEST_STEP][PASSED] - Statement - Else If (varCustomFieldType == "Embed Video"): null

2019-11-25 10:10:22 - [TEST_STEP][PASSED] - Statement - Else If (varCustomFieldType == "Hyperlink / URL"): null

2019-11-25 10:10:22 - [TEST_STEP][PASSED] - Statement - Else If (varCustomFieldType == "Location"): null

2019-11-25 10:10:22 - [TEST_STEP][PASSED] - Statement - Else If (varCustomFieldType == "Number"): null

2019-11-25 10:10:22 - [TEST_STEP][PASSED] - Statement - Else If (varCustomFieldType == "PDF File"): All options with label 'PDF File' are selected in object 'Object Repository/ADMIN/Custom Item Fields Page/a_Default/dropdown_fieldtype' 

2019-11-25 10:10:22 - [TEST_STEP][PASSED] - waitForElementVisible: Object 'Object Repository/ADMIN/Custom Item Fields Page/a_Default/dropdown_fieldtype' is visible

2019-11-25 10:10:22 - [MESSAGE][WARNING] - Timeout '0' is invalid. Using default page load timeout: '30'

2019-11-25 10:10:22 - [MESSAGE][PASSED] - Object 'Object Repository/ADMIN/Custom Item Fields Page/a_Default/dropdown_fieldtype' is visible

2019-11-25 10:10:22 - [TEST_STEP][PASSED] - selectOptionByLabel: All options with label 'PDF File' are selected in object 'Object Repository/ADMIN/Custom Item Fields Page/a_Default/dropdown_fieldtype' 

2019-11-25 10:10:22 - [MESSAGE][PASSED] - All options with label 'PDF File' are selected in object 'Object Repository/ADMIN/Custom Item Fields Page/a_Default/dropdown_fieldtype' 

2019-11-25 10:10:22 - [TEST_STEP][PASSED] - comment: Field Name

2019-11-25 10:10:22 - [TEST_STEP][PASSED] - setText: Text 'SPC_PDF File_NM' is set on object 'Object Repository/ADMIN/Custom Item Fields Page/a_Default/textfield_fieldname'

2019-11-25 10:10:22 - [MESSAGE][PASSED] - Text 'SPC_PDF File_NM' is set on object 'Object Repository/ADMIN/Custom Item Fields Page/a_Default/textfield_fieldname'

2019-11-25 10:10:22 - [TEST_STEP][PASSED] - comment: Mandatory/NonMandatory

2019-11-25 10:10:22 - [TEST_STEP][PASSED] - Statement - If (varMandatoryNonMandatory == "mandatory"): null

2019-11-25 10:10:22 - [TEST_STEP][PASSED] - Statement - Else If (varMandatoryNonMandatory == "non-mandatory"): Object: 'Object Repository/ADMIN/Custom Item Fields Page/a_Default/togglebutton_mandatory' is clicked on

2019-11-25 10:10:22 - [TEST_STEP][PASSED] - waitForElementVisible: Object 'Object Repository/ADMIN/Custom Item Fields Page/a_Default/togglebutton_mandatory' is visible

2019-11-25 10:10:22 - [MESSAGE][WARNING] - Timeout '0' is invalid. Using default page load timeout: '30'

2019-11-25 10:10:22 - [MESSAGE][PASSED] - Object 'Object Repository/ADMIN/Custom Item Fields Page/a_Default/togglebutton_mandatory' is visible

2019-11-25 10:10:22 - [TEST_STEP][PASSED] - click: Object: 'Object Repository/ADMIN/Custom Item Fields Page/a_Default/togglebutton_mandatory' is clicked on

2019-11-25 10:10:23 - [MESSAGE][PASSED] - Object: 'Object Repository/ADMIN/Custom Item Fields Page/a_Default/togglebutton_mandatory' is clicked on

2019-11-25 10:10:23 - [TEST_STEP][PASSED] - comment: Assign Category

2019-11-25 10:10:23 - [TEST_STEP][PASSED] - click: Object: 'Object Repository/ADMIN/Custom Item Fields Page/a_Default/button_SelectCategories' is clicked on

2019-11-25 10:10:23 - [MESSAGE][PASSED] - Object: 'Object Repository/ADMIN/Custom Item Fields Page/a_Default/button_SelectCategories' is clicked on

2019-11-25 10:10:23 - [TEST_STEP][PASSED] - waitForElementVisible: Object 'Object Repository/ADMIN/Custom Item Fields List Page/a_SelectCategories/searchbox_Category' is visible

2019-11-25 10:10:23 - [MESSAGE][WARNING] - Timeout '0' is invalid. Using default page load timeout: '30'

2019-11-25 10:10:23 - [MESSAGE][PASSED] - Object 'Object Repository/ADMIN/Custom Item Fields List Page/a_SelectCategories/searchbox_Category' is visible

2019-11-25 10:10:23 - [TEST_STEP][PASSED] - comment: Category Assignment

2019-11-25 10:10:23 - [TEST_STEP][PASSED] - Statement - If (varAssignedCategory == "All Cat"): null

2019-11-25 10:10:23 - [TEST_STEP][PASSED] - Statement - Else If (varAssignedCategory == "Category 01"): null

2019-11-25 10:10:23 - [TEST_STEP][PASSED] - Statement - Else If (varAssignedCategory == "Category 2.1"): Object: 'Object Repository/ADMIN/Custom Item Fields List Page/a_SelectCategories/a_Categories/checkbox_2.1' is clicked on

2019-11-25 10:10:23 - [TEST_STEP][PASSED] - setText: Text 'Category 2.1' is set on object 'Object Repository/ADMIN/Custom Item Fields List Page/a_SelectCategories/searchbox_Category'

2019-11-25 10:10:24 - [MESSAGE][PASSED] - Text 'Category 2.1' is set on object 'Object Repository/ADMIN/Custom Item Fields List Page/a_SelectCategories/searchbox_Category'

2019-11-25 10:10:24 - [TEST_STEP][PASSED] - click: Object: 'Object Repository/ADMIN/Custom Item Fields List Page/a_SelectCategories/a_Categories/checkbox_2.1' is clicked on

2019-11-25 10:10:24 - [MESSAGE][PASSED] - Object: 'Object Repository/ADMIN/Custom Item Fields List Page/a_SelectCategories/a_Categories/checkbox_2.1' is clicked on

2019-11-25 10:10:24 - [TEST_STEP][PASSED] - click: Object: 'Object Repository/ADMIN/Custom Item Fields List Page/a_SelectCategories/button_Save' is clicked on

2019-11-25 10:10:24 - [MESSAGE][PASSED] - Object: 'Object Repository/ADMIN/Custom Item Fields List Page/a_SelectCategories/button_Save' is clicked on

2019-11-25 10:10:24 - [TEST_STEP][PASSED] - delay: Delayed 2 second(s)

2019-11-25 10:10:26 - [MESSAGE][PASSED] - Delayed 2 second(s)

2019-11-25 10:10:26 - [TEST_STEP][PASSED] - click: Object: 'Object Repository/ADMIN/Custom Item Fields Page/a_Default/button_Save1' is clicked on

2019-11-25 10:10:26 - [MESSAGE][PASSED] - Object: 'Object Repository/ADMIN/Custom Item Fields Page/a_Default/button_Save1' is clicked on

2019-11-25 10:10:26 - [TEST_STEP][PASSED] - waitForElementVisible: Object 'Object Repository/ADMIN/Custom Item Fields List Page/button_Add Field' is visible

2019-11-25 10:10:26 - [MESSAGE][WARNING] - Timeout '0' is invalid. Using default page load timeout: '30'

2019-11-25 10:10:28 - [MESSAGE][PASSED] - Object 'Object Repository/ADMIN/Custom Item Fields List Page/button_Add Field' is visible]]></system-out>
         <system-err><![CDATA[]]></system-err>
      </testcase>
      <testcase name="Test Cases/ADMIN/Content Mgmt/Custom Fields Page/Add Custom Item Fields/Add_CF_DataDriven" classname="Test Cases/ADMIN/Content Mgmt/Custom Fields Page/Add Custom Item Fields/Add_CF_DataDriven" status="PASSED">
         <system-out><![CDATA[2019-11-25 10:10:28 - [TEST_CASE][PASSED] - Test Cases/ADMIN/Content Mgmt/Custom Fields Page/Add Custom Item Fields/Add_CF_DataDriven: Test Cases/ADMIN/Content Mgmt/Custom Fields Page/Add Custom Item Fields/Add_CF_DataDriven

2019-11-25 10:10:28 - [TEST_STEP][PASSED] - waitForElementVisible: Object 'Object Repository/ADMIN/Custom Item Fields List Page/button_Add Field' is visible

2019-11-25 10:10:28 - [MESSAGE][WARNING] - Timeout '0' is invalid. Using default page load timeout: '30'

2019-11-25 10:10:28 - [MESSAGE][PASSED] - Object 'Object Repository/ADMIN/Custom Item Fields List Page/button_Add Field' is visible

2019-11-25 10:10:28 - [TEST_STEP][PASSED] - click: Object: 'Object Repository/ADMIN/Custom Item Fields List Page/button_Add Field' is clicked on

2019-11-25 10:10:29 - [MESSAGE][PASSED] - Object: 'Object Repository/ADMIN/Custom Item Fields List Page/button_Add Field' is clicked on

2019-11-25 10:10:29 - [TEST_STEP][PASSED] - comment: Choose Field Type

2019-11-25 10:10:29 - [TEST_STEP][PASSED] - Statement - If (varCustomFieldType == "Checkbox"): null

2019-11-25 10:10:29 - [TEST_STEP][PASSED] - Statement - Else If (varCustomFieldType == "Date / Time picker"): null

2019-11-25 10:10:29 - [TEST_STEP][PASSED] - Statement - Else If (varCustomFieldType == "Drop Down"): null

2019-11-25 10:10:29 - [TEST_STEP][PASSED] - Statement - Else If (varCustomFieldType == "Email"): null

2019-11-25 10:10:29 - [TEST_STEP][PASSED] - Statement - Else If (varCustomFieldType == "Embed Video"): All options with label 'Embed Video' are selected in object 'Object Repository/ADMIN/Custom Item Fields Page/a_Default/dropdown_fieldtype' 

2019-11-25 10:10:29 - [TEST_STEP][PASSED] - waitForElementVisible: Object 'Object Repository/ADMIN/Custom Item Fields Page/a_Default/dropdown_fieldtype' is visible

2019-11-25 10:10:29 - [MESSAGE][WARNING] - Timeout '0' is invalid. Using default page load timeout: '30'

2019-11-25 10:10:29 - [MESSAGE][PASSED] - Object 'Object Repository/ADMIN/Custom Item Fields Page/a_Default/dropdown_fieldtype' is visible

2019-11-25 10:10:29 - [TEST_STEP][PASSED] - selectOptionByLabel: All options with label 'Embed Video' are selected in object 'Object Repository/ADMIN/Custom Item Fields Page/a_Default/dropdown_fieldtype' 

2019-11-25 10:10:29 - [MESSAGE][PASSED] - All options with label 'Embed Video' are selected in object 'Object Repository/ADMIN/Custom Item Fields Page/a_Default/dropdown_fieldtype' 

2019-11-25 10:10:29 - [TEST_STEP][PASSED] - comment: Field Name

2019-11-25 10:10:29 - [TEST_STEP][PASSED] - setText: Text 'SPC_Video_NM' is set on object 'Object Repository/ADMIN/Custom Item Fields Page/a_Default/textfield_fieldname'

2019-11-25 10:10:29 - [MESSAGE][PASSED] - Text 'SPC_Video_NM' is set on object 'Object Repository/ADMIN/Custom Item Fields Page/a_Default/textfield_fieldname'

2019-11-25 10:10:29 - [TEST_STEP][PASSED] - comment: Mandatory/NonMandatory

2019-11-25 10:10:29 - [TEST_STEP][PASSED] - Statement - If (varMandatoryNonMandatory == "mandatory"): null

2019-11-25 10:10:29 - [TEST_STEP][PASSED] - Statement - Else If (varMandatoryNonMandatory == "non-mandatory"): Object: 'Object Repository/ADMIN/Custom Item Fields Page/a_Default/togglebutton_mandatory' is clicked on

2019-11-25 10:10:29 - [TEST_STEP][PASSED] - waitForElementVisible: Object 'Object Repository/ADMIN/Custom Item Fields Page/a_Default/togglebutton_mandatory' is visible

2019-11-25 10:10:29 - [MESSAGE][WARNING] - Timeout '0' is invalid. Using default page load timeout: '30'

2019-11-25 10:10:29 - [MESSAGE][PASSED] - Object 'Object Repository/ADMIN/Custom Item Fields Page/a_Default/togglebutton_mandatory' is visible

2019-11-25 10:10:29 - [TEST_STEP][PASSED] - click: Object: 'Object Repository/ADMIN/Custom Item Fields Page/a_Default/togglebutton_mandatory' is clicked on

2019-11-25 10:10:29 - [MESSAGE][PASSED] - Object: 'Object Repository/ADMIN/Custom Item Fields Page/a_Default/togglebutton_mandatory' is clicked on

2019-11-25 10:10:29 - [TEST_STEP][PASSED] - comment: Assign Category

2019-11-25 10:10:29 - [TEST_STEP][PASSED] - click: Object: 'Object Repository/ADMIN/Custom Item Fields Page/a_Default/button_SelectCategories' is clicked on

2019-11-25 10:10:29 - [MESSAGE][PASSED] - Object: 'Object Repository/ADMIN/Custom Item Fields Page/a_Default/button_SelectCategories' is clicked on

2019-11-25 10:10:29 - [TEST_STEP][PASSED] - waitForElementVisible: Object 'Object Repository/ADMIN/Custom Item Fields List Page/a_SelectCategories/searchbox_Category' is visible

2019-11-25 10:10:29 - [MESSAGE][WARNING] - Timeout '0' is invalid. Using default page load timeout: '30'

2019-11-25 10:10:30 - [MESSAGE][PASSED] - Object 'Object Repository/ADMIN/Custom Item Fields List Page/a_SelectCategories/searchbox_Category' is visible

2019-11-25 10:10:30 - [TEST_STEP][PASSED] - comment: Category Assignment

2019-11-25 10:10:30 - [TEST_STEP][PASSED] - Statement - If (varAssignedCategory == "All Cat"): null

2019-11-25 10:10:30 - [TEST_STEP][PASSED] - Statement - Else If (varAssignedCategory == "Category 01"): null

2019-11-25 10:10:30 - [TEST_STEP][PASSED] - Statement - Else If (varAssignedCategory == "Category 2.1"): Object: 'Object Repository/ADMIN/Custom Item Fields List Page/a_SelectCategories/a_Categories/checkbox_2.1' is clicked on

2019-11-25 10:10:30 - [TEST_STEP][PASSED] - setText: Text 'Category 2.1' is set on object 'Object Repository/ADMIN/Custom Item Fields List Page/a_SelectCategories/searchbox_Category'

2019-11-25 10:10:30 - [MESSAGE][PASSED] - Text 'Category 2.1' is set on object 'Object Repository/ADMIN/Custom Item Fields List Page/a_SelectCategories/searchbox_Category'

2019-11-25 10:10:30 - [TEST_STEP][PASSED] - click: Object: 'Object Repository/ADMIN/Custom Item Fields List Page/a_SelectCategories/a_Categories/checkbox_2.1' is clicked on

2019-11-25 10:10:30 - [MESSAGE][PASSED] - Object: 'Object Repository/ADMIN/Custom Item Fields List Page/a_SelectCategories/a_Categories/checkbox_2.1' is clicked on

2019-11-25 10:10:30 - [TEST_STEP][PASSED] - click: Object: 'Object Repository/ADMIN/Custom Item Fields List Page/a_SelectCategories/button_Save' is clicked on

2019-11-25 10:10:30 - [MESSAGE][PASSED] - Object: 'Object Repository/ADMIN/Custom Item Fields List Page/a_SelectCategories/button_Save' is clicked on

2019-11-25 10:10:30 - [TEST_STEP][PASSED] - delay: Delayed 2 second(s)

2019-11-25 10:10:32 - [MESSAGE][PASSED] - Delayed 2 second(s)

2019-11-25 10:10:32 - [TEST_STEP][PASSED] - click: Object: 'Object Repository/ADMIN/Custom Item Fields Page/a_Default/button_Save1' is clicked on

2019-11-25 10:10:32 - [MESSAGE][PASSED] - Object: 'Object Repository/ADMIN/Custom Item Fields Page/a_Default/button_Save1' is clicked on

2019-11-25 10:10:32 - [TEST_STEP][PASSED] - waitForElementVisible: Object 'Object Repository/ADMIN/Custom Item Fields List Page/button_Add Field' is visible

2019-11-25 10:10:32 - [MESSAGE][WARNING] - Timeout '0' is invalid. Using default page load timeout: '30'

2019-11-25 10:10:34 - [MESSAGE][PASSED] - Object 'Object Repository/ADMIN/Custom Item Fields List Page/button_Add Field' is visible]]></system-out>
         <system-err><![CDATA[]]></system-err>
      </testcase>
      <testcase name="Test Cases/ADMIN/Content Mgmt/Custom Fields Page/Add Custom Item Fields/Add_CF_DataDriven" classname="Test Cases/ADMIN/Content Mgmt/Custom Fields Page/Add Custom Item Fields/Add_CF_DataDriven" status="PASSED">
         <system-out><![CDATA[2019-11-25 10:10:34 - [TEST_CASE][PASSED] - Test Cases/ADMIN/Content Mgmt/Custom Fields Page/Add Custom Item Fields/Add_CF_DataDriven: Test Cases/ADMIN/Content Mgmt/Custom Fields Page/Add Custom Item Fields/Add_CF_DataDriven

2019-11-25 10:10:34 - [TEST_STEP][PASSED] - waitForElementVisible: Object 'Object Repository/ADMIN/Custom Item Fields List Page/button_Add Field' is visible

2019-11-25 10:10:34 - [MESSAGE][WARNING] - Timeout '0' is invalid. Using default page load timeout: '30'

2019-11-25 10:10:35 - [MESSAGE][PASSED] - Object 'Object Repository/ADMIN/Custom Item Fields List Page/button_Add Field' is visible

2019-11-25 10:10:35 - [TEST_STEP][PASSED] - click: Object: 'Object Repository/ADMIN/Custom Item Fields List Page/button_Add Field' is clicked on

2019-11-25 10:10:36 - [MESSAGE][PASSED] - Object: 'Object Repository/ADMIN/Custom Item Fields List Page/button_Add Field' is clicked on

2019-11-25 10:10:36 - [TEST_STEP][PASSED] - comment: Choose Field Type

2019-11-25 10:10:36 - [TEST_STEP][PASSED] - Statement - If (varCustomFieldType == "Checkbox"): null

2019-11-25 10:10:36 - [TEST_STEP][PASSED] - Statement - Else If (varCustomFieldType == "Date / Time picker"): All options with label 'Date / Time picker' are selected in object 'Object Repository/ADMIN/Custom Item Fields Page/a_Default/dropdown_fieldtype' 

2019-11-25 10:10:36 - [TEST_STEP][PASSED] - waitForElementVisible: Object 'Object Repository/ADMIN/Custom Item Fields Page/a_Default/dropdown_fieldtype' is visible

2019-11-25 10:10:36 - [MESSAGE][WARNING] - Timeout '0' is invalid. Using default page load timeout: '30'

2019-11-25 10:10:36 - [MESSAGE][PASSED] - Object 'Object Repository/ADMIN/Custom Item Fields Page/a_Default/dropdown_fieldtype' is visible

2019-11-25 10:10:36 - [TEST_STEP][PASSED] - selectOptionByLabel: All options with label 'Date / Time picker' are selected in object 'Object Repository/ADMIN/Custom Item Fields Page/a_Default/dropdown_fieldtype' 

2019-11-25 10:10:36 - [MESSAGE][PASSED] - All options with label 'Date / Time picker' are selected in object 'Object Repository/ADMIN/Custom Item Fields Page/a_Default/dropdown_fieldtype' 

2019-11-25 10:10:36 - [TEST_STEP][PASSED] - comment: Field Name

2019-11-25 10:10:36 - [TEST_STEP][PASSED] - setText: Text 'SPC_Date / Time_On_NM' is set on object 'Object Repository/ADMIN/Custom Item Fields Page/a_Default/textfield_fieldname'

2019-11-25 10:10:36 - [MESSAGE][PASSED] - Text 'SPC_Date / Time_On_NM' is set on object 'Object Repository/ADMIN/Custom Item Fields Page/a_Default/textfield_fieldname'

2019-11-25 10:10:36 - [TEST_STEP][PASSED] - comment: Mandatory/NonMandatory

2019-11-25 10:10:36 - [TEST_STEP][PASSED] - Statement - If (varMandatoryNonMandatory == "mandatory"): null

2019-11-25 10:10:36 - [TEST_STEP][PASSED] - Statement - Else If (varMandatoryNonMandatory == "non-mandatory"): Object: 'Object Repository/ADMIN/Custom Item Fields Page/a_Default/togglebutton_mandatory' is clicked on

2019-11-25 10:10:36 - [TEST_STEP][PASSED] - waitForElementVisible: Object 'Object Repository/ADMIN/Custom Item Fields Page/a_Default/togglebutton_mandatory' is visible

2019-11-25 10:10:36 - [MESSAGE][WARNING] - Timeout '0' is invalid. Using default page load timeout: '30'

2019-11-25 10:10:36 - [MESSAGE][PASSED] - Object 'Object Repository/ADMIN/Custom Item Fields Page/a_Default/togglebutton_mandatory' is visible

2019-11-25 10:10:36 - [TEST_STEP][PASSED] - click: Object: 'Object Repository/ADMIN/Custom Item Fields Page/a_Default/togglebutton_mandatory' is clicked on

2019-11-25 10:10:36 - [MESSAGE][PASSED] - Object: 'Object Repository/ADMIN/Custom Item Fields Page/a_Default/togglebutton_mandatory' is clicked on

2019-11-25 10:10:36 - [TEST_STEP][PASSED] - comment: Assign Category

2019-11-25 10:10:36 - [TEST_STEP][PASSED] - click: Object: 'Object Repository/ADMIN/Custom Item Fields Page/a_Default/button_SelectCategories' is clicked on

2019-11-25 10:10:36 - [MESSAGE][PASSED] - Object: 'Object Repository/ADMIN/Custom Item Fields Page/a_Default/button_SelectCategories' is clicked on

2019-11-25 10:10:36 - [TEST_STEP][PASSED] - waitForElementVisible: Object 'Object Repository/ADMIN/Custom Item Fields List Page/a_SelectCategories/searchbox_Category' is visible

2019-11-25 10:10:36 - [MESSAGE][WARNING] - Timeout '0' is invalid. Using default page load timeout: '30'

2019-11-25 10:10:37 - [MESSAGE][PASSED] - Object 'Object Repository/ADMIN/Custom Item Fields List Page/a_SelectCategories/searchbox_Category' is visible

2019-11-25 10:10:37 - [TEST_STEP][PASSED] - comment: Category Assignment

2019-11-25 10:10:37 - [TEST_STEP][PASSED] - Statement - If (varAssignedCategory == "All Cat"): null

2019-11-25 10:10:37 - [TEST_STEP][PASSED] - Statement - Else If (varAssignedCategory == "Category 01"): null

2019-11-25 10:10:37 - [TEST_STEP][PASSED] - Statement - Else If (varAssignedCategory == "Category 2.1"): Object: 'Object Repository/ADMIN/Custom Item Fields List Page/a_SelectCategories/a_Categories/checkbox_2.1' is clicked on

2019-11-25 10:10:37 - [TEST_STEP][PASSED] - setText: Text 'Category 2.1' is set on object 'Object Repository/ADMIN/Custom Item Fields List Page/a_SelectCategories/searchbox_Category'

2019-11-25 10:10:37 - [MESSAGE][PASSED] - Text 'Category 2.1' is set on object 'Object Repository/ADMIN/Custom Item Fields List Page/a_SelectCategories/searchbox_Category'

2019-11-25 10:10:37 - [TEST_STEP][PASSED] - click: Object: 'Object Repository/ADMIN/Custom Item Fields List Page/a_SelectCategories/a_Categories/checkbox_2.1' is clicked on

2019-11-25 10:10:37 - [MESSAGE][PASSED] - Object: 'Object Repository/ADMIN/Custom Item Fields List Page/a_SelectCategories/a_Categories/checkbox_2.1' is clicked on

2019-11-25 10:10:37 - [TEST_STEP][PASSED] - click: Object: 'Object Repository/ADMIN/Custom Item Fields List Page/a_SelectCategories/button_Save' is clicked on

2019-11-25 10:10:37 - [MESSAGE][PASSED] - Object: 'Object Repository/ADMIN/Custom Item Fields List Page/a_SelectCategories/button_Save' is clicked on

2019-11-25 10:10:37 - [TEST_STEP][PASSED] - delay: Delayed 2 second(s)

2019-11-25 10:10:39 - [MESSAGE][PASSED] - Delayed 2 second(s)

2019-11-25 10:10:39 - [TEST_STEP][PASSED] - click: Object: 'Object Repository/ADMIN/Custom Item Fields Page/a_Default/button_Save1' is clicked on

2019-11-25 10:10:39 - [MESSAGE][PASSED] - Object: 'Object Repository/ADMIN/Custom Item Fields Page/a_Default/button_Save1' is clicked on

2019-11-25 10:10:39 - [TEST_STEP][PASSED] - waitForElementVisible: Object 'Object Repository/ADMIN/Custom Item Fields List Page/button_Add Field' is visible

2019-11-25 10:10:39 - [MESSAGE][WARNING] - Timeout '0' is invalid. Using default page load timeout: '30'

2019-11-25 10:10:41 - [MESSAGE][PASSED] - Object 'Object Repository/ADMIN/Custom Item Fields List Page/button_Add Field' is visible]]></system-out>
         <system-err><![CDATA[]]></system-err>
      </testcase>
      <testcase name="Test Cases/ADMIN/Content Mgmt/Custom Fields Page/Add Custom Item Fields/Add_CF_DataDriven" classname="Test Cases/ADMIN/Content Mgmt/Custom Fields Page/Add Custom Item Fields/Add_CF_DataDriven" status="PASSED">
         <system-out><![CDATA[2019-11-25 10:10:41 - [TEST_CASE][PASSED] - Test Cases/ADMIN/Content Mgmt/Custom Fields Page/Add Custom Item Fields/Add_CF_DataDriven: Test Cases/ADMIN/Content Mgmt/Custom Fields Page/Add Custom Item Fields/Add_CF_DataDriven

2019-11-25 10:10:41 - [TEST_STEP][PASSED] - waitForElementVisible: Object 'Object Repository/ADMIN/Custom Item Fields List Page/button_Add Field' is visible

2019-11-25 10:10:41 - [MESSAGE][WARNING] - Timeout '0' is invalid. Using default page load timeout: '30'

2019-11-25 10:10:41 - [MESSAGE][PASSED] - Object 'Object Repository/ADMIN/Custom Item Fields List Page/button_Add Field' is visible

2019-11-25 10:10:41 - [TEST_STEP][PASSED] - click: Object: 'Object Repository/ADMIN/Custom Item Fields List Page/button_Add Field' is clicked on

2019-11-25 10:10:42 - [MESSAGE][PASSED] - Object: 'Object Repository/ADMIN/Custom Item Fields List Page/button_Add Field' is clicked on

2019-11-25 10:10:42 - [TEST_STEP][PASSED] - comment: Choose Field Type

2019-11-25 10:10:42 - [TEST_STEP][PASSED] - Statement - If (varCustomFieldType == "Checkbox"): null

2019-11-25 10:10:42 - [TEST_STEP][PASSED] - Statement - Else If (varCustomFieldType == "Date / Time picker"): All options with label 'Date / Time picker' are selected in object 'Object Repository/ADMIN/Custom Item Fields Page/a_Default/dropdown_fieldtype' 

2019-11-25 10:10:42 - [TEST_STEP][PASSED] - waitForElementVisible: Object 'Object Repository/ADMIN/Custom Item Fields Page/a_Default/dropdown_fieldtype' is visible

2019-11-25 10:10:42 - [MESSAGE][WARNING] - Timeout '0' is invalid. Using default page load timeout: '30'

2019-11-25 10:10:42 - [MESSAGE][PASSED] - Object 'Object Repository/ADMIN/Custom Item Fields Page/a_Default/dropdown_fieldtype' is visible

2019-11-25 10:10:42 - [TEST_STEP][PASSED] - selectOptionByLabel: All options with label 'Date / Time picker' are selected in object 'Object Repository/ADMIN/Custom Item Fields Page/a_Default/dropdown_fieldtype' 

2019-11-25 10:10:42 - [MESSAGE][PASSED] - All options with label 'Date / Time picker' are selected in object 'Object Repository/ADMIN/Custom Item Fields Page/a_Default/dropdown_fieldtype' 

2019-11-25 10:10:42 - [TEST_STEP][PASSED] - comment: Field Name

2019-11-25 10:10:42 - [TEST_STEP][PASSED] - setText: Text 'SPC_Date / Time_Off_NM' is set on object 'Object Repository/ADMIN/Custom Item Fields Page/a_Default/textfield_fieldname'

2019-11-25 10:10:42 - [MESSAGE][PASSED] - Text 'SPC_Date / Time_Off_NM' is set on object 'Object Repository/ADMIN/Custom Item Fields Page/a_Default/textfield_fieldname'

2019-11-25 10:10:42 - [TEST_STEP][PASSED] - comment: Mandatory/NonMandatory

2019-11-25 10:10:42 - [TEST_STEP][PASSED] - Statement - If (varMandatoryNonMandatory == "mandatory"): null

2019-11-25 10:10:42 - [TEST_STEP][PASSED] - Statement - Else If (varMandatoryNonMandatory == "non-mandatory"): Object: 'Object Repository/ADMIN/Custom Item Fields Page/a_Default/togglebutton_mandatory' is clicked on

2019-11-25 10:10:42 - [TEST_STEP][PASSED] - waitForElementVisible: Object 'Object Repository/ADMIN/Custom Item Fields Page/a_Default/togglebutton_mandatory' is visible

2019-11-25 10:10:42 - [MESSAGE][WARNING] - Timeout '0' is invalid. Using default page load timeout: '30'

2019-11-25 10:10:42 - [MESSAGE][PASSED] - Object 'Object Repository/ADMIN/Custom Item Fields Page/a_Default/togglebutton_mandatory' is visible

2019-11-25 10:10:42 - [TEST_STEP][PASSED] - click: Object: 'Object Repository/ADMIN/Custom Item Fields Page/a_Default/togglebutton_mandatory' is clicked on

2019-11-25 10:10:43 - [MESSAGE][PASSED] - Object: 'Object Repository/ADMIN/Custom Item Fields Page/a_Default/togglebutton_mandatory' is clicked on

2019-11-25 10:10:43 - [TEST_STEP][PASSED] - comment: Assign Category

2019-11-25 10:10:43 - [TEST_STEP][PASSED] - click: Object: 'Object Repository/ADMIN/Custom Item Fields Page/a_Default/button_SelectCategories' is clicked on

2019-11-25 10:10:43 - [MESSAGE][PASSED] - Object: 'Object Repository/ADMIN/Custom Item Fields Page/a_Default/button_SelectCategories' is clicked on

2019-11-25 10:10:43 - [TEST_STEP][PASSED] - waitForElementVisible: Object 'Object Repository/ADMIN/Custom Item Fields List Page/a_SelectCategories/searchbox_Category' is visible

2019-11-25 10:10:43 - [MESSAGE][WARNING] - Timeout '0' is invalid. Using default page load timeout: '30'

2019-11-25 10:10:43 - [MESSAGE][PASSED] - Object 'Object Repository/ADMIN/Custom Item Fields List Page/a_SelectCategories/searchbox_Category' is visible

2019-11-25 10:10:43 - [TEST_STEP][PASSED] - comment: Category Assignment

2019-11-25 10:10:43 - [TEST_STEP][PASSED] - Statement - If (varAssignedCategory == "All Cat"): null

2019-11-25 10:10:43 - [TEST_STEP][PASSED] - Statement - Else If (varAssignedCategory == "Category 01"): null

2019-11-25 10:10:43 - [TEST_STEP][PASSED] - Statement - Else If (varAssignedCategory == "Category 2.1"): Object: 'Object Repository/ADMIN/Custom Item Fields List Page/a_SelectCategories/a_Categories/checkbox_2.1' is clicked on

2019-11-25 10:10:43 - [TEST_STEP][PASSED] - setText: Text 'Category 2.1' is set on object 'Object Repository/ADMIN/Custom Item Fields List Page/a_SelectCategories/searchbox_Category'

2019-11-25 10:10:43 - [MESSAGE][PASSED] - Text 'Category 2.1' is set on object 'Object Repository/ADMIN/Custom Item Fields List Page/a_SelectCategories/searchbox_Category'

2019-11-25 10:10:43 - [TEST_STEP][PASSED] - click: Object: 'Object Repository/ADMIN/Custom Item Fields List Page/a_SelectCategories/a_Categories/checkbox_2.1' is clicked on

2019-11-25 10:10:43 - [MESSAGE][PASSED] - Object: 'Object Repository/ADMIN/Custom Item Fields List Page/a_SelectCategories/a_Categories/checkbox_2.1' is clicked on

2019-11-25 10:10:43 - [TEST_STEP][PASSED] - click: Object: 'Object Repository/ADMIN/Custom Item Fields List Page/a_SelectCategories/button_Save' is clicked on

2019-11-25 10:10:44 - [MESSAGE][PASSED] - Object: 'Object Repository/ADMIN/Custom Item Fields List Page/a_SelectCategories/button_Save' is clicked on

2019-11-25 10:10:44 - [TEST_STEP][PASSED] - delay: Delayed 2 second(s)

2019-11-25 10:10:46 - [MESSAGE][PASSED] - Delayed 2 second(s)

2019-11-25 10:10:46 - [TEST_STEP][PASSED] - click: Object: 'Object Repository/ADMIN/Custom Item Fields Page/a_Default/button_Save1' is clicked on

2019-11-25 10:10:46 - [MESSAGE][PASSED] - Object: 'Object Repository/ADMIN/Custom Item Fields Page/a_Default/button_Save1' is clicked on

2019-11-25 10:10:46 - [TEST_STEP][PASSED] - waitForElementVisible: Object 'Object Repository/ADMIN/Custom Item Fields List Page/button_Add Field' is visible

2019-11-25 10:10:46 - [MESSAGE][WARNING] - Timeout '0' is invalid. Using default page load timeout: '30'

2019-11-25 10:10:47 - [MESSAGE][PASSED] - Object 'Object Repository/ADMIN/Custom Item Fields List Page/button_Add Field' is visible]]></system-out>
         <system-err><![CDATA[]]></system-err>
      </testcase>
      <testcase name="Test Cases/ADMIN/Content Mgmt/Custom Fields Page/Add Custom Item Fields/Add_CF_DataDriven" classname="Test Cases/ADMIN/Content Mgmt/Custom Fields Page/Add Custom Item Fields/Add_CF_DataDriven" status="PASSED">
         <system-out><![CDATA[2019-11-25 10:10:47 - [TEST_CASE][PASSED] - Test Cases/ADMIN/Content Mgmt/Custom Fields Page/Add Custom Item Fields/Add_CF_DataDriven: Test Cases/ADMIN/Content Mgmt/Custom Fields Page/Add Custom Item Fields/Add_CF_DataDriven

2019-11-25 10:10:47 - [TEST_STEP][PASSED] - waitForElementVisible: Object 'Object Repository/ADMIN/Custom Item Fields List Page/button_Add Field' is visible

2019-11-25 10:10:47 - [MESSAGE][WARNING] - Timeout '0' is invalid. Using default page load timeout: '30'

2019-11-25 10:10:47 - [MESSAGE][PASSED] - Object 'Object Repository/ADMIN/Custom Item Fields List Page/button_Add Field' is visible

2019-11-25 10:10:47 - [TEST_STEP][PASSED] - click: Object: 'Object Repository/ADMIN/Custom Item Fields List Page/button_Add Field' is clicked on

2019-11-25 10:10:48 - [MESSAGE][PASSED] - Object: 'Object Repository/ADMIN/Custom Item Fields List Page/button_Add Field' is clicked on

2019-11-25 10:10:48 - [TEST_STEP][PASSED] - comment: Choose Field Type

2019-11-25 10:10:48 - [TEST_STEP][PASSED] - Statement - If (varCustomFieldType == "Checkbox"): null

2019-11-25 10:10:48 - [TEST_STEP][PASSED] - Statement - Else If (varCustomFieldType == "Date / Time picker"): null

2019-11-25 10:10:48 - [TEST_STEP][PASSED] - Statement - Else If (varCustomFieldType == "Drop Down"): null

2019-11-25 10:10:48 - [TEST_STEP][PASSED] - Statement - Else If (varCustomFieldType == "Email"): null

2019-11-25 10:10:48 - [TEST_STEP][PASSED] - Statement - Else If (varCustomFieldType == "Embed Video"): null

2019-11-25 10:10:48 - [TEST_STEP][PASSED] - Statement - Else If (varCustomFieldType == "Hyperlink / URL"): null

2019-11-25 10:10:48 - [TEST_STEP][PASSED] - Statement - Else If (varCustomFieldType == "Location"): null

2019-11-25 10:10:48 - [TEST_STEP][PASSED] - Statement - Else If (varCustomFieldType == "Number"): null

2019-11-25 10:10:48 - [TEST_STEP][PASSED] - Statement - Else If (varCustomFieldType == "PDF File"): null

2019-11-25 10:10:48 - [TEST_STEP][PASSED] - Statement - Else If (varCustomFieldType == "Percentage"): null

2019-11-25 10:10:48 - [TEST_STEP][PASSED] - Statement - Else If (varCustomFieldType == "Text Editor"): null

2019-11-25 10:10:48 - [TEST_STEP][PASSED] - Statement - Else If (varCustomFieldType == "Text Field"): All options with label 'Text Field' are selected in object 'Object Repository/ADMIN/Custom Item Fields Page/a_Default/dropdown_fieldtype' 

2019-11-25 10:10:48 - [TEST_STEP][PASSED] - waitForElementVisible: Object 'Object Repository/ADMIN/Custom Item Fields Page/a_Default/dropdown_fieldtype' is visible

2019-11-25 10:10:48 - [MESSAGE][WARNING] - Timeout '0' is invalid. Using default page load timeout: '30'

2019-11-25 10:10:48 - [MESSAGE][PASSED] - Object 'Object Repository/ADMIN/Custom Item Fields Page/a_Default/dropdown_fieldtype' is visible

2019-11-25 10:10:48 - [TEST_STEP][PASSED] - selectOptionByLabel: All options with label 'Text Field' are selected in object 'Object Repository/ADMIN/Custom Item Fields Page/a_Default/dropdown_fieldtype' 

2019-11-25 10:10:48 - [MESSAGE][PASSED] - All options with label 'Text Field' are selected in object 'Object Repository/ADMIN/Custom Item Fields Page/a_Default/dropdown_fieldtype' 

2019-11-25 10:10:48 - [TEST_STEP][PASSED] - comment: Field Name

2019-11-25 10:10:48 - [TEST_STEP][PASSED] - setText: Text 'SPG_Text field_NM1' is set on object 'Object Repository/ADMIN/Custom Item Fields Page/a_Default/textfield_fieldname'

2019-11-25 10:10:48 - [MESSAGE][PASSED] - Text 'SPG_Text field_NM1' is set on object 'Object Repository/ADMIN/Custom Item Fields Page/a_Default/textfield_fieldname'

2019-11-25 10:10:48 - [TEST_STEP][PASSED] - comment: Mandatory/NonMandatory

2019-11-25 10:10:48 - [TEST_STEP][PASSED] - Statement - If (varMandatoryNonMandatory == "mandatory"): null

2019-11-25 10:10:48 - [TEST_STEP][PASSED] - Statement - Else If (varMandatoryNonMandatory == "non-mandatory"): Object: 'Object Repository/ADMIN/Custom Item Fields Page/a_Default/togglebutton_mandatory' is clicked on

2019-11-25 10:10:48 - [TEST_STEP][PASSED] - waitForElementVisible: Object 'Object Repository/ADMIN/Custom Item Fields Page/a_Default/togglebutton_mandatory' is visible

2019-11-25 10:10:48 - [MESSAGE][WARNING] - Timeout '0' is invalid. Using default page load timeout: '30'

2019-11-25 10:10:48 - [MESSAGE][PASSED] - Object 'Object Repository/ADMIN/Custom Item Fields Page/a_Default/togglebutton_mandatory' is visible

2019-11-25 10:10:48 - [TEST_STEP][PASSED] - click: Object: 'Object Repository/ADMIN/Custom Item Fields Page/a_Default/togglebutton_mandatory' is clicked on

2019-11-25 10:10:48 - [MESSAGE][PASSED] - Object: 'Object Repository/ADMIN/Custom Item Fields Page/a_Default/togglebutton_mandatory' is clicked on

2019-11-25 10:10:48 - [TEST_STEP][PASSED] - comment: Assign Category

2019-11-25 10:10:48 - [TEST_STEP][PASSED] - click: Object: 'Object Repository/ADMIN/Custom Item Fields Page/a_Default/button_SelectCategories' is clicked on

2019-11-25 10:10:48 - [MESSAGE][PASSED] - Object: 'Object Repository/ADMIN/Custom Item Fields Page/a_Default/button_SelectCategories' is clicked on

2019-11-25 10:10:48 - [TEST_STEP][PASSED] - waitForElementVisible: Object 'Object Repository/ADMIN/Custom Item Fields List Page/a_SelectCategories/searchbox_Category' is visible

2019-11-25 10:10:48 - [MESSAGE][WARNING] - Timeout '0' is invalid. Using default page load timeout: '30'

2019-11-25 10:10:49 - [MESSAGE][PASSED] - Object 'Object Repository/ADMIN/Custom Item Fields List Page/a_SelectCategories/searchbox_Category' is visible

2019-11-25 10:10:49 - [TEST_STEP][PASSED] - comment: Category Assignment

2019-11-25 10:10:49 - [TEST_STEP][PASSED] - Statement - If (varAssignedCategory == "All Cat"): null

2019-11-25 10:10:49 - [TEST_STEP][PASSED] - Statement - Else If (varAssignedCategory == "Category 01"): null

2019-11-25 10:10:49 - [TEST_STEP][PASSED] - Statement - Else If (varAssignedCategory == "Category 2.1"): null

2019-11-25 10:10:49 - [TEST_STEP][PASSED] - Statement - Else If (varAssignedCategory == "Category 3.1.1"): Object: 'Object Repository/ADMIN/Custom Item Fields List Page/a_SelectCategories/a_Categories/checkbox_3.1.1' is clicked on

2019-11-25 10:10:49 - [TEST_STEP][PASSED] - setText: Text 'Category 3.1.1' is set on object 'Object Repository/ADMIN/Custom Item Fields List Page/a_SelectCategories/searchbox_Category'

2019-11-25 10:10:49 - [MESSAGE][PASSED] - Text 'Category 3.1.1' is set on object 'Object Repository/ADMIN/Custom Item Fields List Page/a_SelectCategories/searchbox_Category'

2019-11-25 10:10:49 - [TEST_STEP][PASSED] - click: Object: 'Object Repository/ADMIN/Custom Item Fields List Page/a_SelectCategories/a_Categories/checkbox_3.1.1' is clicked on

2019-11-25 10:10:49 - [MESSAGE][PASSED] - Object: 'Object Repository/ADMIN/Custom Item Fields List Page/a_SelectCategories/a_Categories/checkbox_3.1.1' is clicked on

2019-11-25 10:10:49 - [TEST_STEP][PASSED] - click: Object: 'Object Repository/ADMIN/Custom Item Fields List Page/a_SelectCategories/button_Save' is clicked on

2019-11-25 10:10:49 - [MESSAGE][PASSED] - Object: 'Object Repository/ADMIN/Custom Item Fields List Page/a_SelectCategories/button_Save' is clicked on

2019-11-25 10:10:49 - [TEST_STEP][PASSED] - delay: Delayed 2 second(s)

2019-11-25 10:10:51 - [MESSAGE][PASSED] - Delayed 2 second(s)

2019-11-25 10:10:51 - [TEST_STEP][PASSED] - click: Object: 'Object Repository/ADMIN/Custom Item Fields Page/a_Default/button_Save1' is clicked on

2019-11-25 10:10:51 - [MESSAGE][PASSED] - Object: 'Object Repository/ADMIN/Custom Item Fields Page/a_Default/button_Save1' is clicked on

2019-11-25 10:10:51 - [TEST_STEP][PASSED] - waitForElementVisible: Object 'Object Repository/ADMIN/Custom Item Fields List Page/button_Add Field' is visible

2019-11-25 10:10:51 - [MESSAGE][WARNING] - Timeout '0' is invalid. Using default page load timeout: '30'

2019-11-25 10:10:54 - [MESSAGE][PASSED] - Object 'Object Repository/ADMIN/Custom Item Fields List Page/button_Add Field' is visible]]></system-out>
         <system-err><![CDATA[]]></system-err>
      </testcase>
      <testcase name="Test Cases/ADMIN/Content Mgmt/Custom Fields Page/Add Custom Item Fields/Add_CF_DataDriven" classname="Test Cases/ADMIN/Content Mgmt/Custom Fields Page/Add Custom Item Fields/Add_CF_DataDriven" status="PASSED">
         <system-out><![CDATA[2019-11-25 10:10:54 - [TEST_CASE][PASSED] - Test Cases/ADMIN/Content Mgmt/Custom Fields Page/Add Custom Item Fields/Add_CF_DataDriven: Test Cases/ADMIN/Content Mgmt/Custom Fields Page/Add Custom Item Fields/Add_CF_DataDriven

2019-11-25 10:10:54 - [TEST_STEP][PASSED] - waitForElementVisible: Object 'Object Repository/ADMIN/Custom Item Fields List Page/button_Add Field' is visible

2019-11-25 10:10:54 - [MESSAGE][WARNING] - Timeout '0' is invalid. Using default page load timeout: '30'

2019-11-25 10:10:54 - [MESSAGE][PASSED] - Object 'Object Repository/ADMIN/Custom Item Fields List Page/button_Add Field' is visible

2019-11-25 10:10:54 - [TEST_STEP][PASSED] - click: Object: 'Object Repository/ADMIN/Custom Item Fields List Page/button_Add Field' is clicked on

2019-11-25 10:10:55 - [MESSAGE][PASSED] - Object: 'Object Repository/ADMIN/Custom Item Fields List Page/button_Add Field' is clicked on

2019-11-25 10:10:55 - [TEST_STEP][PASSED] - comment: Choose Field Type

2019-11-25 10:10:55 - [TEST_STEP][PASSED] - Statement - If (varCustomFieldType == "Checkbox"): null

2019-11-25 10:10:55 - [TEST_STEP][PASSED] - Statement - Else If (varCustomFieldType == "Date / Time picker"): null

2019-11-25 10:10:55 - [TEST_STEP][PASSED] - Statement - Else If (varCustomFieldType == "Drop Down"): null

2019-11-25 10:10:55 - [TEST_STEP][PASSED] - Statement - Else If (varCustomFieldType == "Email"): null

2019-11-25 10:10:55 - [TEST_STEP][PASSED] - Statement - Else If (varCustomFieldType == "Embed Video"): null

2019-11-25 10:10:55 - [TEST_STEP][PASSED] - Statement - Else If (varCustomFieldType == "Hyperlink / URL"): null

2019-11-25 10:10:55 - [TEST_STEP][PASSED] - Statement - Else If (varCustomFieldType == "Location"): null

2019-11-25 10:10:55 - [TEST_STEP][PASSED] - Statement - Else If (varCustomFieldType == "Number"): null

2019-11-25 10:10:55 - [TEST_STEP][PASSED] - Statement - Else If (varCustomFieldType == "PDF File"): null

2019-11-25 10:10:55 - [TEST_STEP][PASSED] - Statement - Else If (varCustomFieldType == "Percentage"): null

2019-11-25 10:10:55 - [TEST_STEP][PASSED] - Statement - Else If (varCustomFieldType == "Text Editor"): null

2019-11-25 10:10:55 - [TEST_STEP][PASSED] - Statement - Else If (varCustomFieldType == "Text Field"): All options with label 'Text Field' are selected in object 'Object Repository/ADMIN/Custom Item Fields Page/a_Default/dropdown_fieldtype' 

2019-11-25 10:10:55 - [TEST_STEP][PASSED] - waitForElementVisible: Object 'Object Repository/ADMIN/Custom Item Fields Page/a_Default/dropdown_fieldtype' is visible

2019-11-25 10:10:55 - [MESSAGE][WARNING] - Timeout '0' is invalid. Using default page load timeout: '30'

2019-11-25 10:10:55 - [MESSAGE][PASSED] - Object 'Object Repository/ADMIN/Custom Item Fields Page/a_Default/dropdown_fieldtype' is visible

2019-11-25 10:10:55 - [TEST_STEP][PASSED] - selectOptionByLabel: All options with label 'Text Field' are selected in object 'Object Repository/ADMIN/Custom Item Fields Page/a_Default/dropdown_fieldtype' 

2019-11-25 10:10:55 - [MESSAGE][PASSED] - All options with label 'Text Field' are selected in object 'Object Repository/ADMIN/Custom Item Fields Page/a_Default/dropdown_fieldtype' 

2019-11-25 10:10:55 - [TEST_STEP][PASSED] - comment: Field Name

2019-11-25 10:10:55 - [TEST_STEP][PASSED] - setText: Text 'SPG_Text field_NM2' is set on object 'Object Repository/ADMIN/Custom Item Fields Page/a_Default/textfield_fieldname'

2019-11-25 10:10:55 - [MESSAGE][PASSED] - Text 'SPG_Text field_NM2' is set on object 'Object Repository/ADMIN/Custom Item Fields Page/a_Default/textfield_fieldname'

2019-11-25 10:10:55 - [TEST_STEP][PASSED] - comment: Mandatory/NonMandatory

2019-11-25 10:10:55 - [TEST_STEP][PASSED] - Statement - If (varMandatoryNonMandatory == "mandatory"): null

2019-11-25 10:10:55 - [TEST_STEP][PASSED] - Statement - Else If (varMandatoryNonMandatory == "non-mandatory"): Object: 'Object Repository/ADMIN/Custom Item Fields Page/a_Default/togglebutton_mandatory' is clicked on

2019-11-25 10:10:55 - [TEST_STEP][PASSED] - waitForElementVisible: Object 'Object Repository/ADMIN/Custom Item Fields Page/a_Default/togglebutton_mandatory' is visible

2019-11-25 10:10:55 - [MESSAGE][WARNING] - Timeout '0' is invalid. Using default page load timeout: '30'

2019-11-25 10:10:55 - [MESSAGE][PASSED] - Object 'Object Repository/ADMIN/Custom Item Fields Page/a_Default/togglebutton_mandatory' is visible

2019-11-25 10:10:55 - [TEST_STEP][PASSED] - click: Object: 'Object Repository/ADMIN/Custom Item Fields Page/a_Default/togglebutton_mandatory' is clicked on

2019-11-25 10:10:55 - [MESSAGE][PASSED] - Object: 'Object Repository/ADMIN/Custom Item Fields Page/a_Default/togglebutton_mandatory' is clicked on

2019-11-25 10:10:55 - [TEST_STEP][PASSED] - comment: Assign Category

2019-11-25 10:10:55 - [TEST_STEP][PASSED] - click: Object: 'Object Repository/ADMIN/Custom Item Fields Page/a_Default/button_SelectCategories' is clicked on

2019-11-25 10:10:55 - [MESSAGE][PASSED] - Object: 'Object Repository/ADMIN/Custom Item Fields Page/a_Default/button_SelectCategories' is clicked on

2019-11-25 10:10:55 - [TEST_STEP][PASSED] - waitForElementVisible: Object 'Object Repository/ADMIN/Custom Item Fields List Page/a_SelectCategories/searchbox_Category' is visible

2019-11-25 10:10:55 - [MESSAGE][WARNING] - Timeout '0' is invalid. Using default page load timeout: '30'

2019-11-25 10:10:56 - [MESSAGE][PASSED] - Object 'Object Repository/ADMIN/Custom Item Fields List Page/a_SelectCategories/searchbox_Category' is visible

2019-11-25 10:10:56 - [TEST_STEP][PASSED] - comment: Category Assignment

2019-11-25 10:10:56 - [TEST_STEP][PASSED] - Statement - If (varAssignedCategory == "All Cat"): null

2019-11-25 10:10:56 - [TEST_STEP][PASSED] - Statement - Else If (varAssignedCategory == "Category 01"): null

2019-11-25 10:10:56 - [TEST_STEP][PASSED] - Statement - Else If (varAssignedCategory == "Category 2.1"): null

2019-11-25 10:10:56 - [TEST_STEP][PASSED] - Statement - Else If (varAssignedCategory == "Category 3.1.1"): Object: 'Object Repository/ADMIN/Custom Item Fields List Page/a_SelectCategories/a_Categories/checkbox_3.1.1' is clicked on

2019-11-25 10:10:56 - [TEST_STEP][PASSED] - setText: Text 'Category 3.1.1' is set on object 'Object Repository/ADMIN/Custom Item Fields List Page/a_SelectCategories/searchbox_Category'

2019-11-25 10:10:56 - [MESSAGE][PASSED] - Text 'Category 3.1.1' is set on object 'Object Repository/ADMIN/Custom Item Fields List Page/a_SelectCategories/searchbox_Category'

2019-11-25 10:10:56 - [TEST_STEP][PASSED] - click: Object: 'Object Repository/ADMIN/Custom Item Fields List Page/a_SelectCategories/a_Categories/checkbox_3.1.1' is clicked on

2019-11-25 10:10:56 - [MESSAGE][PASSED] - Object: 'Object Repository/ADMIN/Custom Item Fields List Page/a_SelectCategories/a_Categories/checkbox_3.1.1' is clicked on

2019-11-25 10:10:56 - [TEST_STEP][PASSED] - click: Object: 'Object Repository/ADMIN/Custom Item Fields List Page/a_SelectCategories/button_Save' is clicked on

2019-11-25 10:10:56 - [MESSAGE][PASSED] - Object: 'Object Repository/ADMIN/Custom Item Fields List Page/a_SelectCategories/button_Save' is clicked on

2019-11-25 10:10:56 - [TEST_STEP][PASSED] - delay: Delayed 2 second(s)

2019-11-25 10:10:58 - [MESSAGE][PASSED] - Delayed 2 second(s)

2019-11-25 10:10:58 - [TEST_STEP][PASSED] - click: Object: 'Object Repository/ADMIN/Custom Item Fields Page/a_Default/button_Save1' is clicked on

2019-11-25 10:10:59 - [MESSAGE][PASSED] - Object: 'Object Repository/ADMIN/Custom Item Fields Page/a_Default/button_Save1' is clicked on

2019-11-25 10:10:59 - [TEST_STEP][PASSED] - waitForElementVisible: Object 'Object Repository/ADMIN/Custom Item Fields List Page/button_Add Field' is visible

2019-11-25 10:10:59 - [MESSAGE][WARNING] - Timeout '0' is invalid. Using default page load timeout: '30'

2019-11-25 10:11:00 - [MESSAGE][PASSED] - Object 'Object Repository/ADMIN/Custom Item Fields List Page/button_Add Field' is visible]]></system-out>
         <system-err><![CDATA[]]></system-err>
      </testcase>
      <testcase name="Test Cases/ADMIN/Content Mgmt/Custom Fields Page/Add Custom Item Fields/Add_CF_DataDriven" classname="Test Cases/ADMIN/Content Mgmt/Custom Fields Page/Add Custom Item Fields/Add_CF_DataDriven" status="PASSED">
         <system-out><![CDATA[2019-11-25 10:11:00 - [TEST_CASE][PASSED] - Test Cases/ADMIN/Content Mgmt/Custom Fields Page/Add Custom Item Fields/Add_CF_DataDriven: Test Cases/ADMIN/Content Mgmt/Custom Fields Page/Add Custom Item Fields/Add_CF_DataDriven

2019-11-25 10:11:00 - [TEST_STEP][PASSED] - waitForElementVisible: Object 'Object Repository/ADMIN/Custom Item Fields List Page/button_Add Field' is visible

2019-11-25 10:11:00 - [MESSAGE][WARNING] - Timeout '0' is invalid. Using default page load timeout: '30'

2019-11-25 10:11:00 - [MESSAGE][PASSED] - Object 'Object Repository/ADMIN/Custom Item Fields List Page/button_Add Field' is visible

2019-11-25 10:11:00 - [TEST_STEP][PASSED] - click: Object: 'Object Repository/ADMIN/Custom Item Fields List Page/button_Add Field' is clicked on

2019-11-25 10:11:01 - [MESSAGE][PASSED] - Object: 'Object Repository/ADMIN/Custom Item Fields List Page/button_Add Field' is clicked on

2019-11-25 10:11:01 - [TEST_STEP][PASSED] - comment: Choose Field Type

2019-11-25 10:11:01 - [TEST_STEP][PASSED] - Statement - If (varCustomFieldType == "Checkbox"): null

2019-11-25 10:11:01 - [TEST_STEP][PASSED] - Statement - Else If (varCustomFieldType == "Date / Time picker"): null

2019-11-25 10:11:01 - [TEST_STEP][PASSED] - Statement - Else If (varCustomFieldType == "Drop Down"): null

2019-11-25 10:11:01 - [TEST_STEP][PASSED] - Statement - Else If (varCustomFieldType == "Email"): null

2019-11-25 10:11:01 - [TEST_STEP][PASSED] - Statement - Else If (varCustomFieldType == "Embed Video"): null

2019-11-25 10:11:01 - [TEST_STEP][PASSED] - Statement - Else If (varCustomFieldType == "Hyperlink / URL"): null

2019-11-25 10:11:01 - [TEST_STEP][PASSED] - Statement - Else If (varCustomFieldType == "Location"): null

2019-11-25 10:11:01 - [TEST_STEP][PASSED] - Statement - Else If (varCustomFieldType == "Number"): null

2019-11-25 10:11:01 - [TEST_STEP][PASSED] - Statement - Else If (varCustomFieldType == "PDF File"): null

2019-11-25 10:11:01 - [TEST_STEP][PASSED] - Statement - Else If (varCustomFieldType == "Percentage"): null

2019-11-25 10:11:01 - [TEST_STEP][PASSED] - Statement - Else If (varCustomFieldType == "Text Editor"): All options with label 'Text Editor' are selected in object 'Object Repository/ADMIN/Custom Item Fields Page/a_Default/dropdown_fieldtype' 

2019-11-25 10:11:01 - [TEST_STEP][PASSED] - waitForElementVisible: Object 'Object Repository/ADMIN/Custom Item Fields Page/a_Default/dropdown_fieldtype' is visible

2019-11-25 10:11:01 - [MESSAGE][WARNING] - Timeout '0' is invalid. Using default page load timeout: '30'

2019-11-25 10:11:01 - [MESSAGE][PASSED] - Object 'Object Repository/ADMIN/Custom Item Fields Page/a_Default/dropdown_fieldtype' is visible

2019-11-25 10:11:01 - [TEST_STEP][PASSED] - selectOptionByLabel: All options with label 'Text Editor' are selected in object 'Object Repository/ADMIN/Custom Item Fields Page/a_Default/dropdown_fieldtype' 

2019-11-25 10:11:01 - [MESSAGE][PASSED] - All options with label 'Text Editor' are selected in object 'Object Repository/ADMIN/Custom Item Fields Page/a_Default/dropdown_fieldtype' 

2019-11-25 10:11:01 - [TEST_STEP][PASSED] - comment: Field Name

2019-11-25 10:11:01 - [TEST_STEP][PASSED] - setText: Text 'SPG_Text editor_NM' is set on object 'Object Repository/ADMIN/Custom Item Fields Page/a_Default/textfield_fieldname'

2019-11-25 10:11:02 - [MESSAGE][PASSED] - Text 'SPG_Text editor_NM' is set on object 'Object Repository/ADMIN/Custom Item Fields Page/a_Default/textfield_fieldname'

2019-11-25 10:11:02 - [TEST_STEP][PASSED] - comment: Mandatory/NonMandatory

2019-11-25 10:11:02 - [TEST_STEP][PASSED] - Statement - If (varMandatoryNonMandatory == "mandatory"): null

2019-11-25 10:11:02 - [TEST_STEP][PASSED] - Statement - Else If (varMandatoryNonMandatory == "non-mandatory"): Object: 'Object Repository/ADMIN/Custom Item Fields Page/a_Default/togglebutton_mandatory' is clicked on

2019-11-25 10:11:02 - [TEST_STEP][PASSED] - waitForElementVisible: Object 'Object Repository/ADMIN/Custom Item Fields Page/a_Default/togglebutton_mandatory' is visible

2019-11-25 10:11:02 - [MESSAGE][WARNING] - Timeout '0' is invalid. Using default page load timeout: '30'

2019-11-25 10:11:02 - [MESSAGE][PASSED] - Object 'Object Repository/ADMIN/Custom Item Fields Page/a_Default/togglebutton_mandatory' is visible

2019-11-25 10:11:02 - [TEST_STEP][PASSED] - click: Object: 'Object Repository/ADMIN/Custom Item Fields Page/a_Default/togglebutton_mandatory' is clicked on

2019-11-25 10:11:02 - [MESSAGE][PASSED] - Object: 'Object Repository/ADMIN/Custom Item Fields Page/a_Default/togglebutton_mandatory' is clicked on

2019-11-25 10:11:02 - [TEST_STEP][PASSED] - comment: Assign Category

2019-11-25 10:11:02 - [TEST_STEP][PASSED] - click: Object: 'Object Repository/ADMIN/Custom Item Fields Page/a_Default/button_SelectCategories' is clicked on

2019-11-25 10:11:02 - [MESSAGE][PASSED] - Object: 'Object Repository/ADMIN/Custom Item Fields Page/a_Default/button_SelectCategories' is clicked on

2019-11-25 10:11:02 - [TEST_STEP][PASSED] - waitForElementVisible: Object 'Object Repository/ADMIN/Custom Item Fields List Page/a_SelectCategories/searchbox_Category' is visible

2019-11-25 10:11:02 - [MESSAGE][WARNING] - Timeout '0' is invalid. Using default page load timeout: '30'

2019-11-25 10:11:02 - [MESSAGE][PASSED] - Object 'Object Repository/ADMIN/Custom Item Fields List Page/a_SelectCategories/searchbox_Category' is visible

2019-11-25 10:11:02 - [TEST_STEP][PASSED] - comment: Category Assignment

2019-11-25 10:11:02 - [TEST_STEP][PASSED] - Statement - If (varAssignedCategory == "All Cat"): null

2019-11-25 10:11:02 - [TEST_STEP][PASSED] - Statement - Else If (varAssignedCategory == "Category 01"): null

2019-11-25 10:11:02 - [TEST_STEP][PASSED] - Statement - Else If (varAssignedCategory == "Category 2.1"): null

2019-11-25 10:11:02 - [TEST_STEP][PASSED] - Statement - Else If (varAssignedCategory == "Category 3.1.1"): Object: 'Object Repository/ADMIN/Custom Item Fields List Page/a_SelectCategories/a_Categories/checkbox_3.1.1' is clicked on

2019-11-25 10:11:02 - [TEST_STEP][PASSED] - setText: Text 'Category 3.1.1' is set on object 'Object Repository/ADMIN/Custom Item Fields List Page/a_SelectCategories/searchbox_Category'

2019-11-25 10:11:03 - [MESSAGE][PASSED] - Text 'Category 3.1.1' is set on object 'Object Repository/ADMIN/Custom Item Fields List Page/a_SelectCategories/searchbox_Category'

2019-11-25 10:11:03 - [TEST_STEP][PASSED] - click: Object: 'Object Repository/ADMIN/Custom Item Fields List Page/a_SelectCategories/a_Categories/checkbox_3.1.1' is clicked on

2019-11-25 10:11:03 - [MESSAGE][PASSED] - Object: 'Object Repository/ADMIN/Custom Item Fields List Page/a_SelectCategories/a_Categories/checkbox_3.1.1' is clicked on

2019-11-25 10:11:03 - [TEST_STEP][PASSED] - click: Object: 'Object Repository/ADMIN/Custom Item Fields List Page/a_SelectCategories/button_Save' is clicked on

2019-11-25 10:11:03 - [MESSAGE][PASSED] - Object: 'Object Repository/ADMIN/Custom Item Fields List Page/a_SelectCategories/button_Save' is clicked on

2019-11-25 10:11:03 - [TEST_STEP][PASSED] - delay: Delayed 2 second(s)

2019-11-25 10:11:05 - [MESSAGE][PASSED] - Delayed 2 second(s)

2019-11-25 10:11:05 - [TEST_STEP][PASSED] - click: Object: 'Object Repository/ADMIN/Custom Item Fields Page/a_Default/button_Save1' is clicked on

2019-11-25 10:11:05 - [MESSAGE][PASSED] - Object: 'Object Repository/ADMIN/Custom Item Fields Page/a_Default/button_Save1' is clicked on

2019-11-25 10:11:05 - [TEST_STEP][PASSED] - waitForElementVisible: Object 'Object Repository/ADMIN/Custom Item Fields List Page/button_Add Field' is visible

2019-11-25 10:11:05 - [MESSAGE][WARNING] - Timeout '0' is invalid. Using default page load timeout: '30'

2019-11-25 10:11:06 - [MESSAGE][PASSED] - Object 'Object Repository/ADMIN/Custom Item Fields List Page/button_Add Field' is visible]]></system-out>
         <system-err><![CDATA[]]></system-err>
      </testcase>
      <testcase name="Test Cases/ADMIN/Content Mgmt/Custom Fields Page/Add Custom Item Fields/Add_CF_DataDriven" classname="Test Cases/ADMIN/Content Mgmt/Custom Fields Page/Add Custom Item Fields/Add_CF_DataDriven" status="PASSED">
         <system-out><![CDATA[2019-11-25 10:11:06 - [TEST_CASE][PASSED] - Test Cases/ADMIN/Content Mgmt/Custom Fields Page/Add Custom Item Fields/Add_CF_DataDriven: Test Cases/ADMIN/Content Mgmt/Custom Fields Page/Add Custom Item Fields/Add_CF_DataDriven

2019-11-25 10:11:06 - [TEST_STEP][PASSED] - waitForElementVisible: Object 'Object Repository/ADMIN/Custom Item Fields List Page/button_Add Field' is visible

2019-11-25 10:11:06 - [MESSAGE][WARNING] - Timeout '0' is invalid. Using default page load timeout: '30'

2019-11-25 10:11:06 - [MESSAGE][PASSED] - Object 'Object Repository/ADMIN/Custom Item Fields List Page/button_Add Field' is visible

2019-11-25 10:11:06 - [TEST_STEP][PASSED] - click: Object: 'Object Repository/ADMIN/Custom Item Fields List Page/button_Add Field' is clicked on

2019-11-25 10:11:07 - [MESSAGE][PASSED] - Object: 'Object Repository/ADMIN/Custom Item Fields List Page/button_Add Field' is clicked on

2019-11-25 10:11:07 - [TEST_STEP][PASSED] - comment: Choose Field Type

2019-11-25 10:11:07 - [TEST_STEP][PASSED] - Statement - If (varCustomFieldType == "Checkbox"): null

2019-11-25 10:11:07 - [TEST_STEP][PASSED] - Statement - Else If (varCustomFieldType == "Date / Time picker"): null

2019-11-25 10:11:07 - [TEST_STEP][PASSED] - Statement - Else If (varCustomFieldType == "Drop Down"): null

2019-11-25 10:11:07 - [TEST_STEP][PASSED] - Statement - Else If (varCustomFieldType == "Email"): null

2019-11-25 10:11:07 - [TEST_STEP][PASSED] - Statement - Else If (varCustomFieldType == "Embed Video"): null

2019-11-25 10:11:07 - [TEST_STEP][PASSED] - Statement - Else If (varCustomFieldType == "Hyperlink / URL"): All options with label 'Hyperlink / URL' are selected in object 'Object Repository/ADMIN/Custom Item Fields Page/a_Default/dropdown_fieldtype' 

2019-11-25 10:11:07 - [TEST_STEP][PASSED] - waitForElementVisible: Object 'Object Repository/ADMIN/Custom Item Fields Page/a_Default/dropdown_fieldtype' is visible

2019-11-25 10:11:07 - [MESSAGE][WARNING] - Timeout '0' is invalid. Using default page load timeout: '30'

2019-11-25 10:11:07 - [MESSAGE][PASSED] - Object 'Object Repository/ADMIN/Custom Item Fields Page/a_Default/dropdown_fieldtype' is visible

2019-11-25 10:11:07 - [TEST_STEP][PASSED] - selectOptionByLabel: All options with label 'Hyperlink / URL' are selected in object 'Object Repository/ADMIN/Custom Item Fields Page/a_Default/dropdown_fieldtype' 

2019-11-25 10:11:08 - [MESSAGE][PASSED] - All options with label 'Hyperlink / URL' are selected in object 'Object Repository/ADMIN/Custom Item Fields Page/a_Default/dropdown_fieldtype' 

2019-11-25 10:11:08 - [TEST_STEP][PASSED] - comment: Field Name

2019-11-25 10:11:08 - [TEST_STEP][PASSED] - setText: Text 'SPG_Hyperlink_NM' is set on object 'Object Repository/ADMIN/Custom Item Fields Page/a_Default/textfield_fieldname'

2019-11-25 10:11:08 - [MESSAGE][PASSED] - Text 'SPG_Hyperlink_NM' is set on object 'Object Repository/ADMIN/Custom Item Fields Page/a_Default/textfield_fieldname'

2019-11-25 10:11:08 - [TEST_STEP][PASSED] - comment: Mandatory/NonMandatory

2019-11-25 10:11:08 - [TEST_STEP][PASSED] - Statement - If (varMandatoryNonMandatory == "mandatory"): null

2019-11-25 10:11:08 - [TEST_STEP][PASSED] - Statement - Else If (varMandatoryNonMandatory == "non-mandatory"): Object: 'Object Repository/ADMIN/Custom Item Fields Page/a_Default/togglebutton_mandatory' is clicked on

2019-11-25 10:11:08 - [TEST_STEP][PASSED] - waitForElementVisible: Object 'Object Repository/ADMIN/Custom Item Fields Page/a_Default/togglebutton_mandatory' is visible

2019-11-25 10:11:08 - [MESSAGE][WARNING] - Timeout '0' is invalid. Using default page load timeout: '30'

2019-11-25 10:11:08 - [MESSAGE][PASSED] - Object 'Object Repository/ADMIN/Custom Item Fields Page/a_Default/togglebutton_mandatory' is visible

2019-11-25 10:11:08 - [TEST_STEP][PASSED] - click: Object: 'Object Repository/ADMIN/Custom Item Fields Page/a_Default/togglebutton_mandatory' is clicked on

2019-11-25 10:11:08 - [MESSAGE][PASSED] - Object: 'Object Repository/ADMIN/Custom Item Fields Page/a_Default/togglebutton_mandatory' is clicked on

2019-11-25 10:11:08 - [TEST_STEP][PASSED] - comment: Assign Category

2019-11-25 10:11:08 - [TEST_STEP][PASSED] - click: Object: 'Object Repository/ADMIN/Custom Item Fields Page/a_Default/button_SelectCategories' is clicked on

2019-11-25 10:11:08 - [MESSAGE][PASSED] - Object: 'Object Repository/ADMIN/Custom Item Fields Page/a_Default/button_SelectCategories' is clicked on

2019-11-25 10:11:08 - [TEST_STEP][PASSED] - waitForElementVisible: Object 'Object Repository/ADMIN/Custom Item Fields List Page/a_SelectCategories/searchbox_Category' is visible

2019-11-25 10:11:08 - [MESSAGE][WARNING] - Timeout '0' is invalid. Using default page load timeout: '30'

2019-11-25 10:11:08 - [MESSAGE][PASSED] - Object 'Object Repository/ADMIN/Custom Item Fields List Page/a_SelectCategories/searchbox_Category' is visible

2019-11-25 10:11:08 - [TEST_STEP][PASSED] - comment: Category Assignment

2019-11-25 10:11:08 - [TEST_STEP][PASSED] - Statement - If (varAssignedCategory == "All Cat"): null

2019-11-25 10:11:08 - [TEST_STEP][PASSED] - Statement - Else If (varAssignedCategory == "Category 01"): null

2019-11-25 10:11:08 - [TEST_STEP][PASSED] - Statement - Else If (varAssignedCategory == "Category 2.1"): null

2019-11-25 10:11:08 - [TEST_STEP][PASSED] - Statement - Else If (varAssignedCategory == "Category 3.1.1"): Object: 'Object Repository/ADMIN/Custom Item Fields List Page/a_SelectCategories/a_Categories/checkbox_3.1.1' is clicked on

2019-11-25 10:11:08 - [TEST_STEP][PASSED] - setText: Text 'Category 3.1.1' is set on object 'Object Repository/ADMIN/Custom Item Fields List Page/a_SelectCategories/searchbox_Category'

2019-11-25 10:11:09 - [MESSAGE][PASSED] - Text 'Category 3.1.1' is set on object 'Object Repository/ADMIN/Custom Item Fields List Page/a_SelectCategories/searchbox_Category'

2019-11-25 10:11:09 - [TEST_STEP][PASSED] - click: Object: 'Object Repository/ADMIN/Custom Item Fields List Page/a_SelectCategories/a_Categories/checkbox_3.1.1' is clicked on

2019-11-25 10:11:09 - [MESSAGE][PASSED] - Object: 'Object Repository/ADMIN/Custom Item Fields List Page/a_SelectCategories/a_Categories/checkbox_3.1.1' is clicked on

2019-11-25 10:11:09 - [TEST_STEP][PASSED] - click: Object: 'Object Repository/ADMIN/Custom Item Fields List Page/a_SelectCategories/button_Save' is clicked on

2019-11-25 10:11:09 - [MESSAGE][PASSED] - Object: 'Object Repository/ADMIN/Custom Item Fields List Page/a_SelectCategories/button_Save' is clicked on

2019-11-25 10:11:09 - [TEST_STEP][PASSED] - delay: Delayed 2 second(s)

2019-11-25 10:11:11 - [MESSAGE][PASSED] - Delayed 2 second(s)

2019-11-25 10:11:11 - [TEST_STEP][PASSED] - click: Object: 'Object Repository/ADMIN/Custom Item Fields Page/a_Default/button_Save1' is clicked on

2019-11-25 10:11:11 - [MESSAGE][PASSED] - Object: 'Object Repository/ADMIN/Custom Item Fields Page/a_Default/button_Save1' is clicked on

2019-11-25 10:11:11 - [TEST_STEP][PASSED] - waitForElementVisible: Object 'Object Repository/ADMIN/Custom Item Fields List Page/button_Add Field' is visible

2019-11-25 10:11:11 - [MESSAGE][WARNING] - Timeout '0' is invalid. Using default page load timeout: '30'

2019-11-25 10:11:12 - [MESSAGE][PASSED] - Object 'Object Repository/ADMIN/Custom Item Fields List Page/button_Add Field' is visible]]></system-out>
         <system-err><![CDATA[]]></system-err>
      </testcase>
      <testcase name="Test Cases/ADMIN/Content Mgmt/Custom Fields Page/Add Custom Item Fields/Add_CF_DataDriven" classname="Test Cases/ADMIN/Content Mgmt/Custom Fields Page/Add Custom Item Fields/Add_CF_DataDriven" status="PASSED">
         <system-out><![CDATA[2019-11-25 10:11:12 - [TEST_CASE][PASSED] - Test Cases/ADMIN/Content Mgmt/Custom Fields Page/Add Custom Item Fields/Add_CF_DataDriven: Test Cases/ADMIN/Content Mgmt/Custom Fields Page/Add Custom Item Fields/Add_CF_DataDriven

2019-11-25 10:11:12 - [TEST_STEP][PASSED] - waitForElementVisible: Object 'Object Repository/ADMIN/Custom Item Fields List Page/button_Add Field' is visible

2019-11-25 10:11:12 - [MESSAGE][WARNING] - Timeout '0' is invalid. Using default page load timeout: '30'

2019-11-25 10:11:12 - [MESSAGE][PASSED] - Object 'Object Repository/ADMIN/Custom Item Fields List Page/button_Add Field' is visible

2019-11-25 10:11:12 - [TEST_STEP][PASSED] - click: Object: 'Object Repository/ADMIN/Custom Item Fields List Page/button_Add Field' is clicked on

2019-11-25 10:11:13 - [MESSAGE][PASSED] - Object: 'Object Repository/ADMIN/Custom Item Fields List Page/button_Add Field' is clicked on

2019-11-25 10:11:13 - [TEST_STEP][PASSED] - comment: Choose Field Type

2019-11-25 10:11:13 - [TEST_STEP][PASSED] - Statement - If (varCustomFieldType == "Checkbox"): null

2019-11-25 10:11:13 - [TEST_STEP][PASSED] - Statement - Else If (varCustomFieldType == "Date / Time picker"): null

2019-11-25 10:11:13 - [TEST_STEP][PASSED] - Statement - Else If (varCustomFieldType == "Drop Down"): null

2019-11-25 10:11:13 - [TEST_STEP][PASSED] - Statement - Else If (varCustomFieldType == "Email"): All options with label 'Email' are selected in object 'Object Repository/ADMIN/Custom Item Fields Page/a_Default/dropdown_fieldtype' 

2019-11-25 10:11:13 - [TEST_STEP][PASSED] - waitForElementVisible: Object 'Object Repository/ADMIN/Custom Item Fields Page/a_Default/dropdown_fieldtype' is visible

2019-11-25 10:11:13 - [MESSAGE][WARNING] - Timeout '0' is invalid. Using default page load timeout: '30'

2019-11-25 10:11:13 - [MESSAGE][PASSED] - Object 'Object Repository/ADMIN/Custom Item Fields Page/a_Default/dropdown_fieldtype' is visible

2019-11-25 10:11:13 - [TEST_STEP][PASSED] - selectOptionByLabel: All options with label 'Email' are selected in object 'Object Repository/ADMIN/Custom Item Fields Page/a_Default/dropdown_fieldtype' 

2019-11-25 10:11:13 - [MESSAGE][PASSED] - All options with label 'Email' are selected in object 'Object Repository/ADMIN/Custom Item Fields Page/a_Default/dropdown_fieldtype' 

2019-11-25 10:11:13 - [TEST_STEP][PASSED] - comment: Field Name

2019-11-25 10:11:13 - [TEST_STEP][PASSED] - setText: Text 'SPG_Email_NM' is set on object 'Object Repository/ADMIN/Custom Item Fields Page/a_Default/textfield_fieldname'

2019-11-25 10:11:13 - [MESSAGE][PASSED] - Text 'SPG_Email_NM' is set on object 'Object Repository/ADMIN/Custom Item Fields Page/a_Default/textfield_fieldname'

2019-11-25 10:11:13 - [TEST_STEP][PASSED] - comment: Mandatory/NonMandatory

2019-11-25 10:11:13 - [TEST_STEP][PASSED] - Statement - If (varMandatoryNonMandatory == "mandatory"): null

2019-11-25 10:11:13 - [TEST_STEP][PASSED] - Statement - Else If (varMandatoryNonMandatory == "non-mandatory"): Object: 'Object Repository/ADMIN/Custom Item Fields Page/a_Default/togglebutton_mandatory' is clicked on

2019-11-25 10:11:13 - [TEST_STEP][PASSED] - waitForElementVisible: Object 'Object Repository/ADMIN/Custom Item Fields Page/a_Default/togglebutton_mandatory' is visible

2019-11-25 10:11:13 - [MESSAGE][WARNING] - Timeout '0' is invalid. Using default page load timeout: '30'

2019-11-25 10:11:13 - [MESSAGE][PASSED] - Object 'Object Repository/ADMIN/Custom Item Fields Page/a_Default/togglebutton_mandatory' is visible

2019-11-25 10:11:13 - [TEST_STEP][PASSED] - click: Object: 'Object Repository/ADMIN/Custom Item Fields Page/a_Default/togglebutton_mandatory' is clicked on

2019-11-25 10:11:14 - [MESSAGE][PASSED] - Object: 'Object Repository/ADMIN/Custom Item Fields Page/a_Default/togglebutton_mandatory' is clicked on

2019-11-25 10:11:14 - [TEST_STEP][PASSED] - comment: Assign Category

2019-11-25 10:11:14 - [TEST_STEP][PASSED] - click: Object: 'Object Repository/ADMIN/Custom Item Fields Page/a_Default/button_SelectCategories' is clicked on

2019-11-25 10:11:14 - [MESSAGE][PASSED] - Object: 'Object Repository/ADMIN/Custom Item Fields Page/a_Default/button_SelectCategories' is clicked on

2019-11-25 10:11:14 - [TEST_STEP][PASSED] - waitForElementVisible: Object 'Object Repository/ADMIN/Custom Item Fields List Page/a_SelectCategories/searchbox_Category' is visible

2019-11-25 10:11:14 - [MESSAGE][WARNING] - Timeout '0' is invalid. Using default page load timeout: '30'

2019-11-25 10:11:14 - [MESSAGE][PASSED] - Object 'Object Repository/ADMIN/Custom Item Fields List Page/a_SelectCategories/searchbox_Category' is visible

2019-11-25 10:11:14 - [TEST_STEP][PASSED] - comment: Category Assignment

2019-11-25 10:11:14 - [TEST_STEP][PASSED] - Statement - If (varAssignedCategory == "All Cat"): null

2019-11-25 10:11:14 - [TEST_STEP][PASSED] - Statement - Else If (varAssignedCategory == "Category 01"): null

2019-11-25 10:11:14 - [TEST_STEP][PASSED] - Statement - Else If (varAssignedCategory == "Category 2.1"): null

2019-11-25 10:11:14 - [TEST_STEP][PASSED] - Statement - Else If (varAssignedCategory == "Category 3.1.1"): Object: 'Object Repository/ADMIN/Custom Item Fields List Page/a_SelectCategories/a_Categories/checkbox_3.1.1' is clicked on

2019-11-25 10:11:14 - [TEST_STEP][PASSED] - setText: Text 'Category 3.1.1' is set on object 'Object Repository/ADMIN/Custom Item Fields List Page/a_SelectCategories/searchbox_Category'

2019-11-25 10:11:14 - [MESSAGE][PASSED] - Text 'Category 3.1.1' is set on object 'Object Repository/ADMIN/Custom Item Fields List Page/a_SelectCategories/searchbox_Category'

2019-11-25 10:11:14 - [TEST_STEP][PASSED] - click: Object: 'Object Repository/ADMIN/Custom Item Fields List Page/a_SelectCategories/a_Categories/checkbox_3.1.1' is clicked on

2019-11-25 10:11:15 - [MESSAGE][PASSED] - Object: 'Object Repository/ADMIN/Custom Item Fields List Page/a_SelectCategories/a_Categories/checkbox_3.1.1' is clicked on

2019-11-25 10:11:15 - [TEST_STEP][PASSED] - click: Object: 'Object Repository/ADMIN/Custom Item Fields List Page/a_SelectCategories/button_Save' is clicked on

2019-11-25 10:11:15 - [MESSAGE][PASSED] - Object: 'Object Repository/ADMIN/Custom Item Fields List Page/a_SelectCategories/button_Save' is clicked on

2019-11-25 10:11:15 - [TEST_STEP][PASSED] - delay: Delayed 2 second(s)

2019-11-25 10:11:17 - [MESSAGE][PASSED] - Delayed 2 second(s)

2019-11-25 10:11:17 - [TEST_STEP][PASSED] - click: Object: 'Object Repository/ADMIN/Custom Item Fields Page/a_Default/button_Save1' is clicked on

2019-11-25 10:11:17 - [MESSAGE][PASSED] - Object: 'Object Repository/ADMIN/Custom Item Fields Page/a_Default/button_Save1' is clicked on

2019-11-25 10:11:17 - [TEST_STEP][PASSED] - waitForElementVisible: Object 'Object Repository/ADMIN/Custom Item Fields List Page/button_Add Field' is visible

2019-11-25 10:11:17 - [MESSAGE][WARNING] - Timeout '0' is invalid. Using default page load timeout: '30'

2019-11-25 10:11:18 - [MESSAGE][PASSED] - Object 'Object Repository/ADMIN/Custom Item Fields List Page/button_Add Field' is visible]]></system-out>
         <system-err><![CDATA[]]></system-err>
      </testcase>
      <testcase name="Test Cases/ADMIN/Content Mgmt/Custom Fields Page/Add Custom Item Fields/Add_CF_DataDriven" classname="Test Cases/ADMIN/Content Mgmt/Custom Fields Page/Add Custom Item Fields/Add_CF_DataDriven" status="PASSED">
         <system-out><![CDATA[2019-11-25 10:11:18 - [TEST_CASE][PASSED] - Test Cases/ADMIN/Content Mgmt/Custom Fields Page/Add Custom Item Fields/Add_CF_DataDriven: Test Cases/ADMIN/Content Mgmt/Custom Fields Page/Add Custom Item Fields/Add_CF_DataDriven

2019-11-25 10:11:18 - [TEST_STEP][PASSED] - waitForElementVisible: Object 'Object Repository/ADMIN/Custom Item Fields List Page/button_Add Field' is visible

2019-11-25 10:11:18 - [MESSAGE][WARNING] - Timeout '0' is invalid. Using default page load timeout: '30'

2019-11-25 10:11:18 - [MESSAGE][PASSED] - Object 'Object Repository/ADMIN/Custom Item Fields List Page/button_Add Field' is visible

2019-11-25 10:11:18 - [TEST_STEP][PASSED] - click: Object: 'Object Repository/ADMIN/Custom Item Fields List Page/button_Add Field' is clicked on

2019-11-25 10:11:20 - [MESSAGE][PASSED] - Object: 'Object Repository/ADMIN/Custom Item Fields List Page/button_Add Field' is clicked on

2019-11-25 10:11:20 - [TEST_STEP][PASSED] - comment: Choose Field Type

2019-11-25 10:11:20 - [TEST_STEP][PASSED] - Statement - If (varCustomFieldType == "Checkbox"): null

2019-11-25 10:11:20 - [TEST_STEP][PASSED] - Statement - Else If (varCustomFieldType == "Date / Time picker"): null

2019-11-25 10:11:20 - [TEST_STEP][PASSED] - Statement - Else If (varCustomFieldType == "Drop Down"): null

2019-11-25 10:11:20 - [TEST_STEP][PASSED] - Statement - Else If (varCustomFieldType == "Email"): null

2019-11-25 10:11:20 - [TEST_STEP][PASSED] - Statement - Else If (varCustomFieldType == "Embed Video"): null

2019-11-25 10:11:20 - [TEST_STEP][PASSED] - Statement - Else If (varCustomFieldType == "Hyperlink / URL"): null

2019-11-25 10:11:20 - [TEST_STEP][PASSED] - Statement - Else If (varCustomFieldType == "Location"): null

2019-11-25 10:11:20 - [TEST_STEP][PASSED] - Statement - Else If (varCustomFieldType == "Number"): All options with label 'Number' are selected in object 'Object Repository/ADMIN/Custom Item Fields Page/a_Default/dropdown_fieldtype' 

2019-11-25 10:11:20 - [TEST_STEP][PASSED] - waitForElementVisible: Object 'Object Repository/ADMIN/Custom Item Fields Page/a_Default/dropdown_fieldtype' is visible

2019-11-25 10:11:20 - [MESSAGE][WARNING] - Timeout '0' is invalid. Using default page load timeout: '30'

2019-11-25 10:11:20 - [MESSAGE][PASSED] - Object 'Object Repository/ADMIN/Custom Item Fields Page/a_Default/dropdown_fieldtype' is visible

2019-11-25 10:11:20 - [TEST_STEP][PASSED] - selectOptionByLabel: All options with label 'Number' are selected in object 'Object Repository/ADMIN/Custom Item Fields Page/a_Default/dropdown_fieldtype' 

2019-11-25 10:11:20 - [MESSAGE][PASSED] - All options with label 'Number' are selected in object 'Object Repository/ADMIN/Custom Item Fields Page/a_Default/dropdown_fieldtype' 

2019-11-25 10:11:20 - [TEST_STEP][PASSED] - comment: Field Name

2019-11-25 10:11:20 - [TEST_STEP][PASSED] - setText: Text 'SPG_Number_NM1' is set on object 'Object Repository/ADMIN/Custom Item Fields Page/a_Default/textfield_fieldname'

2019-11-25 10:11:21 - [MESSAGE][PASSED] - Text 'SPG_Number_NM1' is set on object 'Object Repository/ADMIN/Custom Item Fields Page/a_Default/textfield_fieldname'

2019-11-25 10:11:21 - [TEST_STEP][PASSED] - comment: Mandatory/NonMandatory

2019-11-25 10:11:21 - [TEST_STEP][PASSED] - Statement - If (varMandatoryNonMandatory == "mandatory"): null

2019-11-25 10:11:21 - [TEST_STEP][PASSED] - Statement - Else If (varMandatoryNonMandatory == "non-mandatory"): Object: 'Object Repository/ADMIN/Custom Item Fields Page/a_Default/togglebutton_mandatory' is clicked on

2019-11-25 10:11:21 - [TEST_STEP][PASSED] - waitForElementVisible: Object 'Object Repository/ADMIN/Custom Item Fields Page/a_Default/togglebutton_mandatory' is visible

2019-11-25 10:11:21 - [MESSAGE][WARNING] - Timeout '0' is invalid. Using default page load timeout: '30'

2019-11-25 10:11:21 - [MESSAGE][PASSED] - Object 'Object Repository/ADMIN/Custom Item Fields Page/a_Default/togglebutton_mandatory' is visible

2019-11-25 10:11:21 - [TEST_STEP][PASSED] - click: Object: 'Object Repository/ADMIN/Custom Item Fields Page/a_Default/togglebutton_mandatory' is clicked on

2019-11-25 10:11:21 - [MESSAGE][PASSED] - Object: 'Object Repository/ADMIN/Custom Item Fields Page/a_Default/togglebutton_mandatory' is clicked on

2019-11-25 10:11:21 - [TEST_STEP][PASSED] - comment: Assign Category

2019-11-25 10:11:21 - [TEST_STEP][PASSED] - click: Object: 'Object Repository/ADMIN/Custom Item Fields Page/a_Default/button_SelectCategories' is clicked on

2019-11-25 10:11:21 - [MESSAGE][PASSED] - Object: 'Object Repository/ADMIN/Custom Item Fields Page/a_Default/button_SelectCategories' is clicked on

2019-11-25 10:11:21 - [TEST_STEP][PASSED] - waitForElementVisible: Object 'Object Repository/ADMIN/Custom Item Fields List Page/a_SelectCategories/searchbox_Category' is visible

2019-11-25 10:11:21 - [MESSAGE][WARNING] - Timeout '0' is invalid. Using default page load timeout: '30'

2019-11-25 10:11:21 - [MESSAGE][PASSED] - Object 'Object Repository/ADMIN/Custom Item Fields List Page/a_SelectCategories/searchbox_Category' is visible

2019-11-25 10:11:21 - [TEST_STEP][PASSED] - comment: Category Assignment

2019-11-25 10:11:21 - [TEST_STEP][PASSED] - Statement - If (varAssignedCategory == "All Cat"): null

2019-11-25 10:11:21 - [TEST_STEP][PASSED] - Statement - Else If (varAssignedCategory == "Category 01"): null

2019-11-25 10:11:21 - [TEST_STEP][PASSED] - Statement - Else If (varAssignedCategory == "Category 2.1"): null

2019-11-25 10:11:21 - [TEST_STEP][PASSED] - Statement - Else If (varAssignedCategory == "Category 3.1.1"): Object: 'Object Repository/ADMIN/Custom Item Fields List Page/a_SelectCategories/a_Categories/checkbox_3.1.1' is clicked on

2019-11-25 10:11:21 - [TEST_STEP][PASSED] - setText: Text 'Category 3.1.1' is set on object 'Object Repository/ADMIN/Custom Item Fields List Page/a_SelectCategories/searchbox_Category'

2019-11-25 10:11:22 - [MESSAGE][PASSED] - Text 'Category 3.1.1' is set on object 'Object Repository/ADMIN/Custom Item Fields List Page/a_SelectCategories/searchbox_Category'

2019-11-25 10:11:22 - [TEST_STEP][PASSED] - click: Object: 'Object Repository/ADMIN/Custom Item Fields List Page/a_SelectCategories/a_Categories/checkbox_3.1.1' is clicked on

2019-11-25 10:11:22 - [MESSAGE][PASSED] - Object: 'Object Repository/ADMIN/Custom Item Fields List Page/a_SelectCategories/a_Categories/checkbox_3.1.1' is clicked on

2019-11-25 10:11:22 - [TEST_STEP][PASSED] - click: Object: 'Object Repository/ADMIN/Custom Item Fields List Page/a_SelectCategories/button_Save' is clicked on

2019-11-25 10:11:22 - [MESSAGE][PASSED] - Object: 'Object Repository/ADMIN/Custom Item Fields List Page/a_SelectCategories/button_Save' is clicked on

2019-11-25 10:11:22 - [TEST_STEP][PASSED] - delay: Delayed 2 second(s)

2019-11-25 10:11:24 - [MESSAGE][PASSED] - Delayed 2 second(s)

2019-11-25 10:11:24 - [TEST_STEP][PASSED] - click: Object: 'Object Repository/ADMIN/Custom Item Fields Page/a_Default/button_Save1' is clicked on

2019-11-25 10:11:24 - [MESSAGE][PASSED] - Object: 'Object Repository/ADMIN/Custom Item Fields Page/a_Default/button_Save1' is clicked on

2019-11-25 10:11:24 - [TEST_STEP][PASSED] - waitForElementVisible: Object 'Object Repository/ADMIN/Custom Item Fields List Page/button_Add Field' is visible

2019-11-25 10:11:24 - [MESSAGE][WARNING] - Timeout '0' is invalid. Using default page load timeout: '30'

2019-11-25 10:11:25 - [MESSAGE][PASSED] - Object 'Object Repository/ADMIN/Custom Item Fields List Page/button_Add Field' is visible]]></system-out>
         <system-err><![CDATA[]]></system-err>
      </testcase>
      <testcase name="Test Cases/ADMIN/Content Mgmt/Custom Fields Page/Add Custom Item Fields/Add_CF_DataDriven" classname="Test Cases/ADMIN/Content Mgmt/Custom Fields Page/Add Custom Item Fields/Add_CF_DataDriven" status="PASSED">
         <system-out><![CDATA[2019-11-25 10:11:25 - [TEST_CASE][PASSED] - Test Cases/ADMIN/Content Mgmt/Custom Fields Page/Add Custom Item Fields/Add_CF_DataDriven: Test Cases/ADMIN/Content Mgmt/Custom Fields Page/Add Custom Item Fields/Add_CF_DataDriven

2019-11-25 10:11:25 - [TEST_STEP][PASSED] - waitForElementVisible: Object 'Object Repository/ADMIN/Custom Item Fields List Page/button_Add Field' is visible

2019-11-25 10:11:25 - [MESSAGE][WARNING] - Timeout '0' is invalid. Using default page load timeout: '30'

2019-11-25 10:11:25 - [MESSAGE][PASSED] - Object 'Object Repository/ADMIN/Custom Item Fields List Page/button_Add Field' is visible

2019-11-25 10:11:25 - [TEST_STEP][PASSED] - click: Object: 'Object Repository/ADMIN/Custom Item Fields List Page/button_Add Field' is clicked on

2019-11-25 10:11:26 - [MESSAGE][PASSED] - Object: 'Object Repository/ADMIN/Custom Item Fields List Page/button_Add Field' is clicked on

2019-11-25 10:11:26 - [TEST_STEP][PASSED] - comment: Choose Field Type

2019-11-25 10:11:26 - [TEST_STEP][PASSED] - Statement - If (varCustomFieldType == "Checkbox"): null

2019-11-25 10:11:26 - [TEST_STEP][PASSED] - Statement - Else If (varCustomFieldType == "Date / Time picker"): null

2019-11-25 10:11:26 - [TEST_STEP][PASSED] - Statement - Else If (varCustomFieldType == "Drop Down"): null

2019-11-25 10:11:26 - [TEST_STEP][PASSED] - Statement - Else If (varCustomFieldType == "Email"): null

2019-11-25 10:11:26 - [TEST_STEP][PASSED] - Statement - Else If (varCustomFieldType == "Embed Video"): null

2019-11-25 10:11:26 - [TEST_STEP][PASSED] - Statement - Else If (varCustomFieldType == "Hyperlink / URL"): null

2019-11-25 10:11:26 - [TEST_STEP][PASSED] - Statement - Else If (varCustomFieldType == "Location"): null

2019-11-25 10:11:26 - [TEST_STEP][PASSED] - Statement - Else If (varCustomFieldType == "Number"): All options with label 'Number' are selected in object 'Object Repository/ADMIN/Custom Item Fields Page/a_Default/dropdown_fieldtype' 

2019-11-25 10:11:26 - [TEST_STEP][PASSED] - waitForElementVisible: Object 'Object Repository/ADMIN/Custom Item Fields Page/a_Default/dropdown_fieldtype' is visible

2019-11-25 10:11:26 - [MESSAGE][WARNING] - Timeout '0' is invalid. Using default page load timeout: '30'

2019-11-25 10:11:26 - [MESSAGE][PASSED] - Object 'Object Repository/ADMIN/Custom Item Fields Page/a_Default/dropdown_fieldtype' is visible

2019-11-25 10:11:26 - [TEST_STEP][PASSED] - selectOptionByLabel: All options with label 'Number' are selected in object 'Object Repository/ADMIN/Custom Item Fields Page/a_Default/dropdown_fieldtype' 

2019-11-25 10:11:26 - [MESSAGE][PASSED] - All options with label 'Number' are selected in object 'Object Repository/ADMIN/Custom Item Fields Page/a_Default/dropdown_fieldtype' 

2019-11-25 10:11:26 - [TEST_STEP][PASSED] - comment: Field Name

2019-11-25 10:11:26 - [TEST_STEP][PASSED] - setText: Text 'SPG_Number_NM2' is set on object 'Object Repository/ADMIN/Custom Item Fields Page/a_Default/textfield_fieldname'

2019-11-25 10:11:27 - [MESSAGE][PASSED] - Text 'SPG_Number_NM2' is set on object 'Object Repository/ADMIN/Custom Item Fields Page/a_Default/textfield_fieldname'

2019-11-25 10:11:27 - [TEST_STEP][PASSED] - comment: Mandatory/NonMandatory

2019-11-25 10:11:27 - [TEST_STEP][PASSED] - Statement - If (varMandatoryNonMandatory == "mandatory"): null

2019-11-25 10:11:27 - [TEST_STEP][PASSED] - Statement - Else If (varMandatoryNonMandatory == "non-mandatory"): Object: 'Object Repository/ADMIN/Custom Item Fields Page/a_Default/togglebutton_mandatory' is clicked on

2019-11-25 10:11:27 - [TEST_STEP][PASSED] - waitForElementVisible: Object 'Object Repository/ADMIN/Custom Item Fields Page/a_Default/togglebutton_mandatory' is visible

2019-11-25 10:11:27 - [MESSAGE][WARNING] - Timeout '0' is invalid. Using default page load timeout: '30'

2019-11-25 10:11:27 - [MESSAGE][PASSED] - Object 'Object Repository/ADMIN/Custom Item Fields Page/a_Default/togglebutton_mandatory' is visible

2019-11-25 10:11:27 - [TEST_STEP][PASSED] - click: Object: 'Object Repository/ADMIN/Custom Item Fields Page/a_Default/togglebutton_mandatory' is clicked on

2019-11-25 10:11:27 - [MESSAGE][PASSED] - Object: 'Object Repository/ADMIN/Custom Item Fields Page/a_Default/togglebutton_mandatory' is clicked on

2019-11-25 10:11:27 - [TEST_STEP][PASSED] - comment: Assign Category

2019-11-25 10:11:27 - [TEST_STEP][PASSED] - click: Object: 'Object Repository/ADMIN/Custom Item Fields Page/a_Default/button_SelectCategories' is clicked on

2019-11-25 10:11:27 - [MESSAGE][PASSED] - Object: 'Object Repository/ADMIN/Custom Item Fields Page/a_Default/button_SelectCategories' is clicked on

2019-11-25 10:11:27 - [TEST_STEP][PASSED] - waitForElementVisible: Object 'Object Repository/ADMIN/Custom Item Fields List Page/a_SelectCategories/searchbox_Category' is visible

2019-11-25 10:11:27 - [MESSAGE][WARNING] - Timeout '0' is invalid. Using default page load timeout: '30'

2019-11-25 10:11:27 - [MESSAGE][PASSED] - Object 'Object Repository/ADMIN/Custom Item Fields List Page/a_SelectCategories/searchbox_Category' is visible

2019-11-25 10:11:27 - [TEST_STEP][PASSED] - comment: Category Assignment

2019-11-25 10:11:27 - [TEST_STEP][PASSED] - Statement - If (varAssignedCategory == "All Cat"): null

2019-11-25 10:11:27 - [TEST_STEP][PASSED] - Statement - Else If (varAssignedCategory == "Category 01"): null

2019-11-25 10:11:27 - [TEST_STEP][PASSED] - Statement - Else If (varAssignedCategory == "Category 2.1"): null

2019-11-25 10:11:27 - [TEST_STEP][PASSED] - Statement - Else If (varAssignedCategory == "Category 3.1.1"): Object: 'Object Repository/ADMIN/Custom Item Fields List Page/a_SelectCategories/a_Categories/checkbox_3.1.1' is clicked on

2019-11-25 10:11:27 - [TEST_STEP][PASSED] - setText: Text 'Category 3.1.1' is set on object 'Object Repository/ADMIN/Custom Item Fields List Page/a_SelectCategories/searchbox_Category'

2019-11-25 10:11:28 - [MESSAGE][PASSED] - Text 'Category 3.1.1' is set on object 'Object Repository/ADMIN/Custom Item Fields List Page/a_SelectCategories/searchbox_Category'

2019-11-25 10:11:28 - [TEST_STEP][PASSED] - click: Object: 'Object Repository/ADMIN/Custom Item Fields List Page/a_SelectCategories/a_Categories/checkbox_3.1.1' is clicked on

2019-11-25 10:11:28 - [MESSAGE][PASSED] - Object: 'Object Repository/ADMIN/Custom Item Fields List Page/a_SelectCategories/a_Categories/checkbox_3.1.1' is clicked on

2019-11-25 10:11:28 - [TEST_STEP][PASSED] - click: Object: 'Object Repository/ADMIN/Custom Item Fields List Page/a_SelectCategories/button_Save' is clicked on

2019-11-25 10:11:28 - [MESSAGE][PASSED] - Object: 'Object Repository/ADMIN/Custom Item Fields List Page/a_SelectCategories/button_Save' is clicked on

2019-11-25 10:11:28 - [TEST_STEP][PASSED] - delay: Delayed 2 second(s)

2019-11-25 10:11:30 - [MESSAGE][PASSED] - Delayed 2 second(s)

2019-11-25 10:11:30 - [TEST_STEP][PASSED] - click: Object: 'Object Repository/ADMIN/Custom Item Fields Page/a_Default/button_Save1' is clicked on

2019-11-25 10:11:30 - [MESSAGE][PASSED] - Object: 'Object Repository/ADMIN/Custom Item Fields Page/a_Default/button_Save1' is clicked on

2019-11-25 10:11:30 - [TEST_STEP][PASSED] - waitForElementVisible: Object 'Object Repository/ADMIN/Custom Item Fields List Page/button_Add Field' is visible

2019-11-25 10:11:30 - [MESSAGE][WARNING] - Timeout '0' is invalid. Using default page load timeout: '30'

2019-11-25 10:11:31 - [MESSAGE][PASSED] - Object 'Object Repository/ADMIN/Custom Item Fields List Page/button_Add Field' is visible]]></system-out>
         <system-err><![CDATA[]]></system-err>
      </testcase>
      <testcase name="Test Cases/ADMIN/Content Mgmt/Custom Fields Page/Add Custom Item Fields/Add_CF_DataDriven" classname="Test Cases/ADMIN/Content Mgmt/Custom Fields Page/Add Custom Item Fields/Add_CF_DataDriven" status="PASSED">
         <system-out><![CDATA[2019-11-25 10:11:31 - [TEST_CASE][PASSED] - Test Cases/ADMIN/Content Mgmt/Custom Fields Page/Add Custom Item Fields/Add_CF_DataDriven: Test Cases/ADMIN/Content Mgmt/Custom Fields Page/Add Custom Item Fields/Add_CF_DataDriven

2019-11-25 10:11:31 - [TEST_STEP][PASSED] - waitForElementVisible: Object 'Object Repository/ADMIN/Custom Item Fields List Page/button_Add Field' is visible

2019-11-25 10:11:31 - [MESSAGE][WARNING] - Timeout '0' is invalid. Using default page load timeout: '30'

2019-11-25 10:11:31 - [MESSAGE][PASSED] - Object 'Object Repository/ADMIN/Custom Item Fields List Page/button_Add Field' is visible

2019-11-25 10:11:31 - [TEST_STEP][PASSED] - click: Object: 'Object Repository/ADMIN/Custom Item Fields List Page/button_Add Field' is clicked on

2019-11-25 10:11:32 - [MESSAGE][PASSED] - Object: 'Object Repository/ADMIN/Custom Item Fields List Page/button_Add Field' is clicked on

2019-11-25 10:11:32 - [TEST_STEP][PASSED] - comment: Choose Field Type

2019-11-25 10:11:32 - [TEST_STEP][PASSED] - Statement - If (varCustomFieldType == "Checkbox"): null

2019-11-25 10:11:32 - [TEST_STEP][PASSED] - Statement - Else If (varCustomFieldType == "Date / Time picker"): null

2019-11-25 10:11:32 - [TEST_STEP][PASSED] - Statement - Else If (varCustomFieldType == "Drop Down"): null

2019-11-25 10:11:32 - [TEST_STEP][PASSED] - Statement - Else If (varCustomFieldType == "Email"): null

2019-11-25 10:11:32 - [TEST_STEP][PASSED] - Statement - Else If (varCustomFieldType == "Embed Video"): null

2019-11-25 10:11:32 - [TEST_STEP][PASSED] - Statement - Else If (varCustomFieldType == "Hyperlink / URL"): null

2019-11-25 10:11:32 - [TEST_STEP][PASSED] - Statement - Else If (varCustomFieldType == "Location"): null

2019-11-25 10:11:32 - [TEST_STEP][PASSED] - Statement - Else If (varCustomFieldType == "Number"): null

2019-11-25 10:11:32 - [TEST_STEP][PASSED] - Statement - Else If (varCustomFieldType == "PDF File"): null

2019-11-25 10:11:32 - [TEST_STEP][PASSED] - Statement - Else If (varCustomFieldType == "Percentage"): All options with label 'Percentage' are selected in object 'Object Repository/ADMIN/Custom Item Fields Page/a_Default/dropdown_fieldtype' 

2019-11-25 10:11:32 - [TEST_STEP][PASSED] - waitForElementVisible: Object 'Object Repository/ADMIN/Custom Item Fields Page/a_Default/dropdown_fieldtype' is visible

2019-11-25 10:11:32 - [MESSAGE][WARNING] - Timeout '0' is invalid. Using default page load timeout: '30'

2019-11-25 10:11:33 - [MESSAGE][PASSED] - Object 'Object Repository/ADMIN/Custom Item Fields Page/a_Default/dropdown_fieldtype' is visible

2019-11-25 10:11:33 - [TEST_STEP][PASSED] - selectOptionByLabel: All options with label 'Percentage' are selected in object 'Object Repository/ADMIN/Custom Item Fields Page/a_Default/dropdown_fieldtype' 

2019-11-25 10:11:33 - [MESSAGE][PASSED] - All options with label 'Percentage' are selected in object 'Object Repository/ADMIN/Custom Item Fields Page/a_Default/dropdown_fieldtype' 

2019-11-25 10:11:33 - [TEST_STEP][PASSED] - comment: Field Name

2019-11-25 10:11:33 - [TEST_STEP][PASSED] - setText: Text 'SPG_Percentage_NM' is set on object 'Object Repository/ADMIN/Custom Item Fields Page/a_Default/textfield_fieldname'

2019-11-25 10:11:33 - [MESSAGE][PASSED] - Text 'SPG_Percentage_NM' is set on object 'Object Repository/ADMIN/Custom Item Fields Page/a_Default/textfield_fieldname'

2019-11-25 10:11:33 - [TEST_STEP][PASSED] - comment: Mandatory/NonMandatory

2019-11-25 10:11:33 - [TEST_STEP][PASSED] - Statement - If (varMandatoryNonMandatory == "mandatory"): null

2019-11-25 10:11:33 - [TEST_STEP][PASSED] - Statement - Else If (varMandatoryNonMandatory == "non-mandatory"): Object: 'Object Repository/ADMIN/Custom Item Fields Page/a_Default/togglebutton_mandatory' is clicked on

2019-11-25 10:11:33 - [TEST_STEP][PASSED] - waitForElementVisible: Object 'Object Repository/ADMIN/Custom Item Fields Page/a_Default/togglebutton_mandatory' is visible

2019-11-25 10:11:33 - [MESSAGE][WARNING] - Timeout '0' is invalid. Using default page load timeout: '30'

2019-11-25 10:11:33 - [MESSAGE][PASSED] - Object 'Object Repository/ADMIN/Custom Item Fields Page/a_Default/togglebutton_mandatory' is visible

2019-11-25 10:11:33 - [TEST_STEP][PASSED] - click: Object: 'Object Repository/ADMIN/Custom Item Fields Page/a_Default/togglebutton_mandatory' is clicked on

2019-11-25 10:11:33 - [MESSAGE][PASSED] - Object: 'Object Repository/ADMIN/Custom Item Fields Page/a_Default/togglebutton_mandatory' is clicked on

2019-11-25 10:11:33 - [TEST_STEP][PASSED] - comment: Assign Category

2019-11-25 10:11:33 - [TEST_STEP][PASSED] - click: Object: 'Object Repository/ADMIN/Custom Item Fields Page/a_Default/button_SelectCategories' is clicked on

2019-11-25 10:11:33 - [MESSAGE][PASSED] - Object: 'Object Repository/ADMIN/Custom Item Fields Page/a_Default/button_SelectCategories' is clicked on

2019-11-25 10:11:33 - [TEST_STEP][PASSED] - waitForElementVisible: Object 'Object Repository/ADMIN/Custom Item Fields List Page/a_SelectCategories/searchbox_Category' is visible

2019-11-25 10:11:33 - [MESSAGE][WARNING] - Timeout '0' is invalid. Using default page load timeout: '30'

2019-11-25 10:11:34 - [MESSAGE][PASSED] - Object 'Object Repository/ADMIN/Custom Item Fields List Page/a_SelectCategories/searchbox_Category' is visible

2019-11-25 10:11:34 - [TEST_STEP][PASSED] - comment: Category Assignment

2019-11-25 10:11:34 - [TEST_STEP][PASSED] - Statement - If (varAssignedCategory == "All Cat"): null

2019-11-25 10:11:34 - [TEST_STEP][PASSED] - Statement - Else If (varAssignedCategory == "Category 01"): null

2019-11-25 10:11:34 - [TEST_STEP][PASSED] - Statement - Else If (varAssignedCategory == "Category 2.1"): null

2019-11-25 10:11:34 - [TEST_STEP][PASSED] - Statement - Else If (varAssignedCategory == "Category 3.1.1"): Object: 'Object Repository/ADMIN/Custom Item Fields List Page/a_SelectCategories/a_Categories/checkbox_3.1.1' is clicked on

2019-11-25 10:11:34 - [TEST_STEP][PASSED] - setText: Text 'Category 3.1.1' is set on object 'Object Repository/ADMIN/Custom Item Fields List Page/a_SelectCategories/searchbox_Category'

2019-11-25 10:11:34 - [MESSAGE][PASSED] - Text 'Category 3.1.1' is set on object 'Object Repository/ADMIN/Custom Item Fields List Page/a_SelectCategories/searchbox_Category'

2019-11-25 10:11:34 - [TEST_STEP][PASSED] - click: Object: 'Object Repository/ADMIN/Custom Item Fields List Page/a_SelectCategories/a_Categories/checkbox_3.1.1' is clicked on

2019-11-25 10:11:35 - [MESSAGE][PASSED] - Object: 'Object Repository/ADMIN/Custom Item Fields List Page/a_SelectCategories/a_Categories/checkbox_3.1.1' is clicked on

2019-11-25 10:11:35 - [TEST_STEP][PASSED] - click: Object: 'Object Repository/ADMIN/Custom Item Fields List Page/a_SelectCategories/button_Save' is clicked on

2019-11-25 10:11:40 - [MESSAGE][PASSED] - Object: 'Object Repository/ADMIN/Custom Item Fields List Page/a_SelectCategories/button_Save' is clicked on

2019-11-25 10:11:40 - [TEST_STEP][PASSED] - delay: Delayed 2 second(s)

2019-11-25 10:11:42 - [MESSAGE][PASSED] - Delayed 2 second(s)

2019-11-25 10:11:42 - [TEST_STEP][PASSED] - click: Object: 'Object Repository/ADMIN/Custom Item Fields Page/a_Default/button_Save1' is clicked on

2019-11-25 10:11:42 - [MESSAGE][PASSED] - Object: 'Object Repository/ADMIN/Custom Item Fields Page/a_Default/button_Save1' is clicked on

2019-11-25 10:11:42 - [TEST_STEP][PASSED] - waitForElementVisible: Object 'Object Repository/ADMIN/Custom Item Fields List Page/button_Add Field' is visible

2019-11-25 10:11:42 - [MESSAGE][WARNING] - Timeout '0' is invalid. Using default page load timeout: '30'

2019-11-25 10:11:43 - [MESSAGE][PASSED] - Object 'Object Repository/ADMIN/Custom Item Fields List Page/button_Add Field' is visible]]></system-out>
         <system-err><![CDATA[]]></system-err>
      </testcase>
      <testcase name="Test Cases/ADMIN/Content Mgmt/Custom Fields Page/Add Custom Item Fields/Add_CF_DataDriven" classname="Test Cases/ADMIN/Content Mgmt/Custom Fields Page/Add Custom Item Fields/Add_CF_DataDriven" status="PASSED">
         <system-out><![CDATA[2019-11-25 10:11:43 - [TEST_CASE][PASSED] - Test Cases/ADMIN/Content Mgmt/Custom Fields Page/Add Custom Item Fields/Add_CF_DataDriven: Test Cases/ADMIN/Content Mgmt/Custom Fields Page/Add Custom Item Fields/Add_CF_DataDriven

2019-11-25 10:11:43 - [TEST_STEP][PASSED] - waitForElementVisible: Object 'Object Repository/ADMIN/Custom Item Fields List Page/button_Add Field' is visible

2019-11-25 10:11:43 - [MESSAGE][WARNING] - Timeout '0' is invalid. Using default page load timeout: '30'

2019-11-25 10:11:44 - [MESSAGE][PASSED] - Object 'Object Repository/ADMIN/Custom Item Fields List Page/button_Add Field' is visible

2019-11-25 10:11:44 - [TEST_STEP][PASSED] - click: Object: 'Object Repository/ADMIN/Custom Item Fields List Page/button_Add Field' is clicked on

2019-11-25 10:11:45 - [MESSAGE][PASSED] - Object: 'Object Repository/ADMIN/Custom Item Fields List Page/button_Add Field' is clicked on

2019-11-25 10:11:45 - [TEST_STEP][PASSED] - comment: Choose Field Type

2019-11-25 10:11:45 - [TEST_STEP][PASSED] - Statement - If (varCustomFieldType == "Checkbox"): Text 'SPG_Check Box_M1CB10' is set on object 'Object Repository/ADMIN/Custom Item Fields Page/a_Checkbox/textfield_option10'

2019-11-25 10:11:45 - [TEST_STEP][PASSED] - waitForElementVisible: Object 'Object Repository/ADMIN/Custom Item Fields Page/a_Default/dropdown_fieldtype' is visible

2019-11-25 10:11:45 - [MESSAGE][WARNING] - Timeout '0' is invalid. Using default page load timeout: '30'

2019-11-25 10:11:46 - [MESSAGE][PASSED] - Object 'Object Repository/ADMIN/Custom Item Fields Page/a_Default/dropdown_fieldtype' is visible

2019-11-25 10:11:46 - [TEST_STEP][PASSED] - selectOptionByLabel: All options with label 'Checkbox' are selected in object 'Object Repository/ADMIN/Custom Item Fields Page/a_Default/dropdown_fieldtype' 

2019-11-25 10:11:46 - [MESSAGE][PASSED] - All options with label 'Checkbox' are selected in object 'Object Repository/ADMIN/Custom Item Fields Page/a_Default/dropdown_fieldtype' 

2019-11-25 10:11:46 - [TEST_STEP][PASSED] - waitForElementVisible: Object 'Object Repository/ADMIN/Custom Item Fields Page/a_Checkbox/button_addoption' is visible

2019-11-25 10:11:46 - [MESSAGE][WARNING] - Timeout '0' is invalid. Using default page load timeout: '30'

2019-11-25 10:11:51 - [MESSAGE][PASSED] - Object 'Object Repository/ADMIN/Custom Item Fields Page/a_Checkbox/button_addoption' is visible

2019-11-25 10:11:51 - [TEST_STEP][PASSED] - Statement - For ([r = 0, r <= 7, (r++)]): Object: 'Object Repository/ADMIN/Custom Item Fields Page/a_Checkbox/button_addoption' is clicked on

2019-11-25 10:11:51 - [TEST_STEP][PASSED] - click: Object: 'Object Repository/ADMIN/Custom Item Fields Page/a_Checkbox/button_addoption' is clicked on

2019-11-25 10:11:51 - [MESSAGE][PASSED] - Object: 'Object Repository/ADMIN/Custom Item Fields Page/a_Checkbox/button_addoption' is clicked on

2019-11-25 10:11:51 - [TEST_STEP][PASSED] - click: Object: 'Object Repository/ADMIN/Custom Item Fields Page/a_Checkbox/button_addoption' is clicked on

2019-11-25 10:11:52 - [MESSAGE][PASSED] - Object: 'Object Repository/ADMIN/Custom Item Fields Page/a_Checkbox/button_addoption' is clicked on

2019-11-25 10:11:52 - [TEST_STEP][PASSED] - click: Object: 'Object Repository/ADMIN/Custom Item Fields Page/a_Checkbox/button_addoption' is clicked on

2019-11-25 10:11:52 - [MESSAGE][PASSED] - Object: 'Object Repository/ADMIN/Custom Item Fields Page/a_Checkbox/button_addoption' is clicked on

2019-11-25 10:11:52 - [TEST_STEP][PASSED] - click: Object: 'Object Repository/ADMIN/Custom Item Fields Page/a_Checkbox/button_addoption' is clicked on

2019-11-25 10:11:52 - [MESSAGE][PASSED] - Object: 'Object Repository/ADMIN/Custom Item Fields Page/a_Checkbox/button_addoption' is clicked on

2019-11-25 10:11:52 - [TEST_STEP][PASSED] - click: Object: 'Object Repository/ADMIN/Custom Item Fields Page/a_Checkbox/button_addoption' is clicked on

2019-11-25 10:11:52 - [MESSAGE][PASSED] - Object: 'Object Repository/ADMIN/Custom Item Fields Page/a_Checkbox/button_addoption' is clicked on

2019-11-25 10:11:52 - [TEST_STEP][PASSED] - click: Object: 'Object Repository/ADMIN/Custom Item Fields Page/a_Checkbox/button_addoption' is clicked on

2019-11-25 10:11:52 - [MESSAGE][PASSED] - Object: 'Object Repository/ADMIN/Custom Item Fields Page/a_Checkbox/button_addoption' is clicked on

2019-11-25 10:11:52 - [TEST_STEP][PASSED] - click: Object: 'Object Repository/ADMIN/Custom Item Fields Page/a_Checkbox/button_addoption' is clicked on

2019-11-25 10:11:52 - [MESSAGE][PASSED] - Object: 'Object Repository/ADMIN/Custom Item Fields Page/a_Checkbox/button_addoption' is clicked on

2019-11-25 10:11:52 - [TEST_STEP][PASSED] - click: Object: 'Object Repository/ADMIN/Custom Item Fields Page/a_Checkbox/button_addoption' is clicked on

2019-11-25 10:11:52 - [MESSAGE][PASSED] - Object: 'Object Repository/ADMIN/Custom Item Fields Page/a_Checkbox/button_addoption' is clicked on

2019-11-25 10:11:52 - [TEST_STEP][PASSED] - comment: Add Option

2019-11-25 10:11:52 - [TEST_STEP][PASSED] - setText: Text 'SPG_Check Box_M1CB1' is set on object 'Object Repository/ADMIN/Custom Item Fields Page/a_Checkbox/textfield_opt1'

2019-11-25 10:11:52 - [MESSAGE][PASSED] - Text 'SPG_Check Box_M1CB1' is set on object 'Object Repository/ADMIN/Custom Item Fields Page/a_Checkbox/textfield_opt1'

2019-11-25 10:11:52 - [TEST_STEP][PASSED] - setText: Text 'SPG_Check Box_M1CB2' is set on object 'Object Repository/ADMIN/Custom Item Fields Page/a_Checkbox/textfield_opt2'

2019-11-25 10:11:52 - [MESSAGE][PASSED] - Text 'SPG_Check Box_M1CB2' is set on object 'Object Repository/ADMIN/Custom Item Fields Page/a_Checkbox/textfield_opt2'

2019-11-25 10:11:52 - [TEST_STEP][PASSED] - setText: Text 'SPG_Check Box_M1CB3' is set on object 'Object Repository/ADMIN/Custom Item Fields Page/a_Checkbox/textfield_option3'

2019-11-25 10:11:53 - [MESSAGE][PASSED] - Text 'SPG_Check Box_M1CB3' is set on object 'Object Repository/ADMIN/Custom Item Fields Page/a_Checkbox/textfield_option3'

2019-11-25 10:11:53 - [TEST_STEP][PASSED] - setText: Text 'SPG_Check Box_M1CB4' is set on object 'Object Repository/ADMIN/Custom Item Fields Page/a_Checkbox/textfield_option4'

2019-11-25 10:11:53 - [MESSAGE][PASSED] - Text 'SPG_Check Box_M1CB4' is set on object 'Object Repository/ADMIN/Custom Item Fields Page/a_Checkbox/textfield_option4'

2019-11-25 10:11:53 - [TEST_STEP][PASSED] - setText: Text 'SPG_Check Box_M1CB5' is set on object 'Object Repository/ADMIN/Custom Item Fields Page/a_Checkbox/textfield_option5'

2019-11-25 10:11:53 - [MESSAGE][PASSED] - Text 'SPG_Check Box_M1CB5' is set on object 'Object Repository/ADMIN/Custom Item Fields Page/a_Checkbox/textfield_option5'

2019-11-25 10:11:53 - [TEST_STEP][PASSED] - setText: Text 'SPG_Check Box_M1CB6' is set on object 'Object Repository/ADMIN/Custom Item Fields Page/a_Checkbox/textfield_option6'

2019-11-25 10:11:54 - [MESSAGE][PASSED] - Text 'SPG_Check Box_M1CB6' is set on object 'Object Repository/ADMIN/Custom Item Fields Page/a_Checkbox/textfield_option6'

2019-11-25 10:11:54 - [TEST_STEP][PASSED] - setText: Text 'SPG_Check Box_M1CB7' is set on object 'Object Repository/ADMIN/Custom Item Fields Page/a_Checkbox/textfield_option7'

2019-11-25 10:11:59 - [MESSAGE][PASSED] - Text 'SPG_Check Box_M1CB7' is set on object 'Object Repository/ADMIN/Custom Item Fields Page/a_Checkbox/textfield_option7'

2019-11-25 10:11:59 - [TEST_STEP][PASSED] - setText: Text 'SPG_Check Box_M1CB8' is set on object 'Object Repository/ADMIN/Custom Item Fields Page/a_Checkbox/textfield_option8'

2019-11-25 10:11:59 - [MESSAGE][PASSED] - Text 'SPG_Check Box_M1CB8' is set on object 'Object Repository/ADMIN/Custom Item Fields Page/a_Checkbox/textfield_option8'

2019-11-25 10:11:59 - [TEST_STEP][PASSED] - setText: Text 'SPG_Check Box_M1CB9' is set on object 'Object Repository/ADMIN/Custom Item Fields Page/a_Checkbox/textfield_option9'

2019-11-25 10:11:59 - [MESSAGE][PASSED] - Text 'SPG_Check Box_M1CB9' is set on object 'Object Repository/ADMIN/Custom Item Fields Page/a_Checkbox/textfield_option9'

2019-11-25 10:11:59 - [TEST_STEP][PASSED] - setText: Text 'SPG_Check Box_M1CB10' is set on object 'Object Repository/ADMIN/Custom Item Fields Page/a_Checkbox/textfield_option10'

2019-11-25 10:12:00 - [MESSAGE][PASSED] - Text 'SPG_Check Box_M1CB10' is set on object 'Object Repository/ADMIN/Custom Item Fields Page/a_Checkbox/textfield_option10'

2019-11-25 10:12:00 - [TEST_STEP][PASSED] - comment: Field Name

2019-11-25 10:12:00 - [TEST_STEP][PASSED] - setText: Text 'SPG_Check Box_M1' is set on object 'Object Repository/ADMIN/Custom Item Fields Page/a_Default/textfield_fieldname'

2019-11-25 10:12:00 - [MESSAGE][PASSED] - Text 'SPG_Check Box_M1' is set on object 'Object Repository/ADMIN/Custom Item Fields Page/a_Default/textfield_fieldname'

2019-11-25 10:12:00 - [TEST_STEP][PASSED] - comment: Mandatory/NonMandatory

2019-11-25 10:12:00 - [TEST_STEP][PASSED] - Statement - If (varMandatoryNonMandatory == "mandatory"): Object 'Object Repository/ADMIN/Custom Item Fields Page/a_Default/togglebutton_mandatory' is visible

2019-11-25 10:12:00 - [TEST_STEP][PASSED] - waitForElementVisible: Object 'Object Repository/ADMIN/Custom Item Fields Page/a_Default/togglebutton_mandatory' is visible

2019-11-25 10:12:00 - [MESSAGE][WARNING] - Timeout '0' is invalid. Using default page load timeout: '30'

2019-11-25 10:12:00 - [MESSAGE][PASSED] - Object 'Object Repository/ADMIN/Custom Item Fields Page/a_Default/togglebutton_mandatory' is visible

2019-11-25 10:12:00 - [TEST_STEP][PASSED] - comment: Assign Category

2019-11-25 10:12:00 - [TEST_STEP][PASSED] - click: Object: 'Object Repository/ADMIN/Custom Item Fields Page/a_Default/button_SelectCategories' is clicked on

2019-11-25 10:12:00 - [MESSAGE][PASSED] - Object: 'Object Repository/ADMIN/Custom Item Fields Page/a_Default/button_SelectCategories' is clicked on

2019-11-25 10:12:00 - [TEST_STEP][PASSED] - waitForElementVisible: Object 'Object Repository/ADMIN/Custom Item Fields List Page/a_SelectCategories/searchbox_Category' is visible

2019-11-25 10:12:00 - [MESSAGE][WARNING] - Timeout '0' is invalid. Using default page load timeout: '30'

2019-11-25 10:12:00 - [MESSAGE][PASSED] - Object 'Object Repository/ADMIN/Custom Item Fields List Page/a_SelectCategories/searchbox_Category' is visible

2019-11-25 10:12:00 - [TEST_STEP][PASSED] - comment: Category Assignment

2019-11-25 10:12:00 - [TEST_STEP][PASSED] - Statement - If (varAssignedCategory == "All Cat"): null

2019-11-25 10:12:00 - [TEST_STEP][PASSED] - Statement - Else If (varAssignedCategory == "Category 01"): null

2019-11-25 10:12:00 - [TEST_STEP][PASSED] - Statement - Else If (varAssignedCategory == "Category 2.1"): null

2019-11-25 10:12:00 - [TEST_STEP][PASSED] - Statement - Else If (varAssignedCategory == "Category 3.1.1"): Object: 'Object Repository/ADMIN/Custom Item Fields List Page/a_SelectCategories/a_Categories/checkbox_3.1.1' is clicked on

2019-11-25 10:12:00 - [TEST_STEP][PASSED] - setText: Text 'Category 3.1.1' is set on object 'Object Repository/ADMIN/Custom Item Fields List Page/a_SelectCategories/searchbox_Category'

2019-11-25 10:12:01 - [MESSAGE][PASSED] - Text 'Category 3.1.1' is set on object 'Object Repository/ADMIN/Custom Item Fields List Page/a_SelectCategories/searchbox_Category'

2019-11-25 10:12:01 - [TEST_STEP][PASSED] - click: Object: 'Object Repository/ADMIN/Custom Item Fields List Page/a_SelectCategories/a_Categories/checkbox_3.1.1' is clicked on

2019-11-25 10:12:01 - [MESSAGE][PASSED] - Object: 'Object Repository/ADMIN/Custom Item Fields List Page/a_SelectCategories/a_Categories/checkbox_3.1.1' is clicked on

2019-11-25 10:12:01 - [TEST_STEP][PASSED] - click: Object: 'Object Repository/ADMIN/Custom Item Fields List Page/a_SelectCategories/button_Save' is clicked on

2019-11-25 10:12:01 - [MESSAGE][PASSED] - Object: 'Object Repository/ADMIN/Custom Item Fields List Page/a_SelectCategories/button_Save' is clicked on

2019-11-25 10:12:01 - [TEST_STEP][PASSED] - delay: Delayed 2 second(s)

2019-11-25 10:12:03 - [MESSAGE][PASSED] - Delayed 2 second(s)

2019-11-25 10:12:03 - [TEST_STEP][PASSED] - click: Object: 'Object Repository/ADMIN/Custom Item Fields Page/a_Default/button_Save1' is clicked on

2019-11-25 10:12:03 - [MESSAGE][PASSED] - Object: 'Object Repository/ADMIN/Custom Item Fields Page/a_Default/button_Save1' is clicked on

2019-11-25 10:12:03 - [TEST_STEP][PASSED] - waitForElementVisible: Object 'Object Repository/ADMIN/Custom Item Fields List Page/button_Add Field' is visible

2019-11-25 10:12:03 - [MESSAGE][WARNING] - Timeout '0' is invalid. Using default page load timeout: '30'

2019-11-25 10:12:04 - [MESSAGE][PASSED] - Object 'Object Repository/ADMIN/Custom Item Fields List Page/button_Add Field' is visible]]></system-out>
         <system-err><![CDATA[]]></system-err>
      </testcase>
      <testcase name="Test Cases/ADMIN/Content Mgmt/Custom Fields Page/Add Custom Item Fields/Add_CF_DataDriven" classname="Test Cases/ADMIN/Content Mgmt/Custom Fields Page/Add Custom Item Fields/Add_CF_DataDriven" status="PASSED">
         <system-out><![CDATA[2019-11-25 10:12:04 - [TEST_CASE][PASSED] - Test Cases/ADMIN/Content Mgmt/Custom Fields Page/Add Custom Item Fields/Add_CF_DataDriven: Test Cases/ADMIN/Content Mgmt/Custom Fields Page/Add Custom Item Fields/Add_CF_DataDriven

2019-11-25 10:12:04 - [TEST_STEP][PASSED] - waitForElementVisible: Object 'Object Repository/ADMIN/Custom Item Fields List Page/button_Add Field' is visible

2019-11-25 10:12:04 - [MESSAGE][WARNING] - Timeout '0' is invalid. Using default page load timeout: '30'

2019-11-25 10:12:05 - [MESSAGE][PASSED] - Object 'Object Repository/ADMIN/Custom Item Fields List Page/button_Add Field' is visible

2019-11-25 10:12:05 - [TEST_STEP][PASSED] - click: Object: 'Object Repository/ADMIN/Custom Item Fields List Page/button_Add Field' is clicked on

2019-11-25 10:12:05 - [MESSAGE][PASSED] - Object: 'Object Repository/ADMIN/Custom Item Fields List Page/button_Add Field' is clicked on

2019-11-25 10:12:05 - [TEST_STEP][PASSED] - comment: Choose Field Type

2019-11-25 10:12:05 - [TEST_STEP][PASSED] - Statement - If (varCustomFieldType == "Checkbox"): Text 'SPG_Check Box_M2CB10' is set on object 'Object Repository/ADMIN/Custom Item Fields Page/a_Checkbox/textfield_option10'

2019-11-25 10:12:05 - [TEST_STEP][PASSED] - waitForElementVisible: Object 'Object Repository/ADMIN/Custom Item Fields Page/a_Default/dropdown_fieldtype' is visible

2019-11-25 10:12:05 - [MESSAGE][WARNING] - Timeout '0' is invalid. Using default page load timeout: '30'

2019-11-25 10:12:06 - [MESSAGE][PASSED] - Object 'Object Repository/ADMIN/Custom Item Fields Page/a_Default/dropdown_fieldtype' is visible

2019-11-25 10:12:06 - [TEST_STEP][PASSED] - selectOptionByLabel: All options with label 'Checkbox' are selected in object 'Object Repository/ADMIN/Custom Item Fields Page/a_Default/dropdown_fieldtype' 

2019-11-25 10:12:11 - [MESSAGE][PASSED] - All options with label 'Checkbox' are selected in object 'Object Repository/ADMIN/Custom Item Fields Page/a_Default/dropdown_fieldtype' 

2019-11-25 10:12:11 - [TEST_STEP][PASSED] - waitForElementVisible: Object 'Object Repository/ADMIN/Custom Item Fields Page/a_Checkbox/button_addoption' is visible

2019-11-25 10:12:11 - [MESSAGE][WARNING] - Timeout '0' is invalid. Using default page load timeout: '30'

2019-11-25 10:12:11 - [MESSAGE][PASSED] - Object 'Object Repository/ADMIN/Custom Item Fields Page/a_Checkbox/button_addoption' is visible

2019-11-25 10:12:11 - [TEST_STEP][PASSED] - Statement - For ([r = 0, r <= 7, (r++)]): Object: 'Object Repository/ADMIN/Custom Item Fields Page/a_Checkbox/button_addoption' is clicked on

2019-11-25 10:12:11 - [TEST_STEP][PASSED] - click: Object: 'Object Repository/ADMIN/Custom Item Fields Page/a_Checkbox/button_addoption' is clicked on

2019-11-25 10:12:11 - [MESSAGE][PASSED] - Object: 'Object Repository/ADMIN/Custom Item Fields Page/a_Checkbox/button_addoption' is clicked on

2019-11-25 10:12:11 - [TEST_STEP][PASSED] - click: Object: 'Object Repository/ADMIN/Custom Item Fields Page/a_Checkbox/button_addoption' is clicked on

2019-11-25 10:12:11 - [MESSAGE][PASSED] - Object: 'Object Repository/ADMIN/Custom Item Fields Page/a_Checkbox/button_addoption' is clicked on

2019-11-25 10:12:11 - [TEST_STEP][PASSED] - click: Object: 'Object Repository/ADMIN/Custom Item Fields Page/a_Checkbox/button_addoption' is clicked on

2019-11-25 10:12:11 - [MESSAGE][PASSED] - Object: 'Object Repository/ADMIN/Custom Item Fields Page/a_Checkbox/button_addoption' is clicked on

2019-11-25 10:12:11 - [TEST_STEP][PASSED] - click: Object: 'Object Repository/ADMIN/Custom Item Fields Page/a_Checkbox/button_addoption' is clicked on

2019-11-25 10:12:11 - [MESSAGE][PASSED] - Object: 'Object Repository/ADMIN/Custom Item Fields Page/a_Checkbox/button_addoption' is clicked on

2019-11-25 10:12:11 - [TEST_STEP][PASSED] - click: Object: 'Object Repository/ADMIN/Custom Item Fields Page/a_Checkbox/button_addoption' is clicked on

2019-11-25 10:12:11 - [MESSAGE][PASSED] - Object: 'Object Repository/ADMIN/Custom Item Fields Page/a_Checkbox/button_addoption' is clicked on

2019-11-25 10:12:11 - [TEST_STEP][PASSED] - click: Object: 'Object Repository/ADMIN/Custom Item Fields Page/a_Checkbox/button_addoption' is clicked on

2019-11-25 10:12:11 - [MESSAGE][PASSED] - Object: 'Object Repository/ADMIN/Custom Item Fields Page/a_Checkbox/button_addoption' is clicked on

2019-11-25 10:12:11 - [TEST_STEP][PASSED] - click: Object: 'Object Repository/ADMIN/Custom Item Fields Page/a_Checkbox/button_addoption' is clicked on

2019-11-25 10:12:11 - [MESSAGE][PASSED] - Object: 'Object Repository/ADMIN/Custom Item Fields Page/a_Checkbox/button_addoption' is clicked on

2019-11-25 10:12:11 - [TEST_STEP][PASSED] - click: Object: 'Object Repository/ADMIN/Custom Item Fields Page/a_Checkbox/button_addoption' is clicked on

2019-11-25 10:12:11 - [MESSAGE][PASSED] - Object: 'Object Repository/ADMIN/Custom Item Fields Page/a_Checkbox/button_addoption' is clicked on

2019-11-25 10:12:11 - [TEST_STEP][PASSED] - comment: Add Option

2019-11-25 10:12:11 - [TEST_STEP][PASSED] - setText: Text 'SPG_Check Box_M2CB1' is set on object 'Object Repository/ADMIN/Custom Item Fields Page/a_Checkbox/textfield_opt1'

2019-11-25 10:12:12 - [MESSAGE][PASSED] - Text 'SPG_Check Box_M2CB1' is set on object 'Object Repository/ADMIN/Custom Item Fields Page/a_Checkbox/textfield_opt1'

2019-11-25 10:12:12 - [TEST_STEP][PASSED] - setText: Text 'SPG_Check Box_M2CB2' is set on object 'Object Repository/ADMIN/Custom Item Fields Page/a_Checkbox/textfield_opt2'

2019-11-25 10:12:12 - [MESSAGE][PASSED] - Text 'SPG_Check Box_M2CB2' is set on object 'Object Repository/ADMIN/Custom Item Fields Page/a_Checkbox/textfield_opt2'

2019-11-25 10:12:12 - [TEST_STEP][PASSED] - setText: Text 'SPG_Check Box_M2CB3' is set on object 'Object Repository/ADMIN/Custom Item Fields Page/a_Checkbox/textfield_option3'

2019-11-25 10:12:12 - [MESSAGE][PASSED] - Text 'SPG_Check Box_M2CB3' is set on object 'Object Repository/ADMIN/Custom Item Fields Page/a_Checkbox/textfield_option3'

2019-11-25 10:12:12 - [TEST_STEP][PASSED] - setText: Text 'SPG_Check Box_M2CB4' is set on object 'Object Repository/ADMIN/Custom Item Fields Page/a_Checkbox/textfield_option4'

2019-11-25 10:12:12 - [MESSAGE][PASSED] - Text 'SPG_Check Box_M2CB4' is set on object 'Object Repository/ADMIN/Custom Item Fields Page/a_Checkbox/textfield_option4'

2019-11-25 10:12:12 - [TEST_STEP][PASSED] - setText: Text 'SPG_Check Box_M2CB5' is set on object 'Object Repository/ADMIN/Custom Item Fields Page/a_Checkbox/textfield_option5'

2019-11-25 10:12:12 - [MESSAGE][PASSED] - Text 'SPG_Check Box_M2CB5' is set on object 'Object Repository/ADMIN/Custom Item Fields Page/a_Checkbox/textfield_option5'

2019-11-25 10:12:12 - [TEST_STEP][PASSED] - setText: Text 'SPG_Check Box_M2CB6' is set on object 'Object Repository/ADMIN/Custom Item Fields Page/a_Checkbox/textfield_option6'

2019-11-25 10:12:13 - [MESSAGE][PASSED] - Text 'SPG_Check Box_M2CB6' is set on object 'Object Repository/ADMIN/Custom Item Fields Page/a_Checkbox/textfield_option6'

2019-11-25 10:12:13 - [TEST_STEP][PASSED] - setText: Text 'SPG_Check Box_M2CB7' is set on object 'Object Repository/ADMIN/Custom Item Fields Page/a_Checkbox/textfield_option7'

2019-11-25 10:12:13 - [MESSAGE][PASSED] - Text 'SPG_Check Box_M2CB7' is set on object 'Object Repository/ADMIN/Custom Item Fields Page/a_Checkbox/textfield_option7'

2019-11-25 10:12:13 - [TEST_STEP][PASSED] - setText: Text 'SPG_Check Box_M2CB8' is set on object 'Object Repository/ADMIN/Custom Item Fields Page/a_Checkbox/textfield_option8'

2019-11-25 10:12:13 - [MESSAGE][PASSED] - Text 'SPG_Check Box_M2CB8' is set on object 'Object Repository/ADMIN/Custom Item Fields Page/a_Checkbox/textfield_option8'

2019-11-25 10:12:13 - [TEST_STEP][PASSED] - setText: Text 'SPG_Check Box_M2CB9' is set on object 'Object Repository/ADMIN/Custom Item Fields Page/a_Checkbox/textfield_option9'

2019-11-25 10:12:13 - [MESSAGE][PASSED] - Text 'SPG_Check Box_M2CB9' is set on object 'Object Repository/ADMIN/Custom Item Fields Page/a_Checkbox/textfield_option9'

2019-11-25 10:12:13 - [TEST_STEP][PASSED] - setText: Text 'SPG_Check Box_M2CB10' is set on object 'Object Repository/ADMIN/Custom Item Fields Page/a_Checkbox/textfield_option10'

2019-11-25 10:12:14 - [MESSAGE][PASSED] - Text 'SPG_Check Box_M2CB10' is set on object 'Object Repository/ADMIN/Custom Item Fields Page/a_Checkbox/textfield_option10'

2019-11-25 10:12:14 - [TEST_STEP][PASSED] - comment: Field Name

2019-11-25 10:12:14 - [TEST_STEP][PASSED] - setText: Text 'SPG_Check Box_M2' is set on object 'Object Repository/ADMIN/Custom Item Fields Page/a_Default/textfield_fieldname'

2019-11-25 10:12:14 - [MESSAGE][PASSED] - Text 'SPG_Check Box_M2' is set on object 'Object Repository/ADMIN/Custom Item Fields Page/a_Default/textfield_fieldname'

2019-11-25 10:12:14 - [TEST_STEP][PASSED] - comment: Mandatory/NonMandatory

2019-11-25 10:12:14 - [TEST_STEP][PASSED] - Statement - If (varMandatoryNonMandatory == "mandatory"): Object 'Object Repository/ADMIN/Custom Item Fields Page/a_Default/togglebutton_mandatory' is visible

2019-11-25 10:12:14 - [TEST_STEP][PASSED] - waitForElementVisible: Object 'Object Repository/ADMIN/Custom Item Fields Page/a_Default/togglebutton_mandatory' is visible

2019-11-25 10:12:14 - [MESSAGE][WARNING] - Timeout '0' is invalid. Using default page load timeout: '30'

2019-11-25 10:12:14 - [MESSAGE][PASSED] - Object 'Object Repository/ADMIN/Custom Item Fields Page/a_Default/togglebutton_mandatory' is visible

2019-11-25 10:12:14 - [TEST_STEP][PASSED] - comment: Assign Category

2019-11-25 10:12:14 - [TEST_STEP][PASSED] - click: Object: 'Object Repository/ADMIN/Custom Item Fields Page/a_Default/button_SelectCategories' is clicked on

2019-11-25 10:12:14 - [MESSAGE][PASSED] - Object: 'Object Repository/ADMIN/Custom Item Fields Page/a_Default/button_SelectCategories' is clicked on

2019-11-25 10:12:14 - [TEST_STEP][PASSED] - waitForElementVisible: Object 'Object Repository/ADMIN/Custom Item Fields List Page/a_SelectCategories/searchbox_Category' is visible

2019-11-25 10:12:14 - [MESSAGE][WARNING] - Timeout '0' is invalid. Using default page load timeout: '30'

2019-11-25 10:12:15 - [MESSAGE][PASSED] - Object 'Object Repository/ADMIN/Custom Item Fields List Page/a_SelectCategories/searchbox_Category' is visible

2019-11-25 10:12:15 - [TEST_STEP][PASSED] - comment: Category Assignment

2019-11-25 10:12:15 - [TEST_STEP][PASSED] - Statement - If (varAssignedCategory == "All Cat"): null

2019-11-25 10:12:15 - [TEST_STEP][PASSED] - Statement - Else If (varAssignedCategory == "Category 01"): null

2019-11-25 10:12:15 - [TEST_STEP][PASSED] - Statement - Else If (varAssignedCategory == "Category 2.1"): null

2019-11-25 10:12:15 - [TEST_STEP][PASSED] - Statement - Else If (varAssignedCategory == "Category 3.1.1"): Object: 'Object Repository/ADMIN/Custom Item Fields List Page/a_SelectCategories/a_Categories/checkbox_3.1.1' is clicked on

2019-11-25 10:12:15 - [TEST_STEP][PASSED] - setText: Text 'Category 3.1.1' is set on object 'Object Repository/ADMIN/Custom Item Fields List Page/a_SelectCategories/searchbox_Category'

2019-11-25 10:12:15 - [MESSAGE][PASSED] - Text 'Category 3.1.1' is set on object 'Object Repository/ADMIN/Custom Item Fields List Page/a_SelectCategories/searchbox_Category'

2019-11-25 10:12:15 - [TEST_STEP][PASSED] - click: Object: 'Object Repository/ADMIN/Custom Item Fields List Page/a_SelectCategories/a_Categories/checkbox_3.1.1' is clicked on

2019-11-25 10:12:15 - [MESSAGE][PASSED] - Object: 'Object Repository/ADMIN/Custom Item Fields List Page/a_SelectCategories/a_Categories/checkbox_3.1.1' is clicked on

2019-11-25 10:12:15 - [TEST_STEP][PASSED] - click: Object: 'Object Repository/ADMIN/Custom Item Fields List Page/a_SelectCategories/button_Save' is clicked on

2019-11-25 10:12:15 - [MESSAGE][PASSED] - Object: 'Object Repository/ADMIN/Custom Item Fields List Page/a_SelectCategories/button_Save' is clicked on

2019-11-25 10:12:15 - [TEST_STEP][PASSED] - delay: Delayed 2 second(s)

2019-11-25 10:12:17 - [MESSAGE][PASSED] - Delayed 2 second(s)

2019-11-25 10:12:17 - [TEST_STEP][PASSED] - click: Object: 'Object Repository/ADMIN/Custom Item Fields Page/a_Default/button_Save1' is clicked on

2019-11-25 10:12:17 - [MESSAGE][PASSED] - Object: 'Object Repository/ADMIN/Custom Item Fields Page/a_Default/button_Save1' is clicked on

2019-11-25 10:12:17 - [TEST_STEP][PASSED] - waitForElementVisible: Object 'Object Repository/ADMIN/Custom Item Fields List Page/button_Add Field' is visible

2019-11-25 10:12:17 - [MESSAGE][WARNING] - Timeout '0' is invalid. Using default page load timeout: '30'

2019-11-25 10:12:18 - [MESSAGE][PASSED] - Object 'Object Repository/ADMIN/Custom Item Fields List Page/button_Add Field' is visible]]></system-out>
         <system-err><![CDATA[]]></system-err>
      </testcase>
      <testcase name="Test Cases/ADMIN/Content Mgmt/Custom Fields Page/Add Custom Item Fields/Add_CF_DataDriven" classname="Test Cases/ADMIN/Content Mgmt/Custom Fields Page/Add Custom Item Fields/Add_CF_DataDriven" status="PASSED">
         <system-out><![CDATA[2019-11-25 10:12:18 - [TEST_CASE][PASSED] - Test Cases/ADMIN/Content Mgmt/Custom Fields Page/Add Custom Item Fields/Add_CF_DataDriven: Test Cases/ADMIN/Content Mgmt/Custom Fields Page/Add Custom Item Fields/Add_CF_DataDriven

2019-11-25 10:12:18 - [TEST_STEP][PASSED] - waitForElementVisible: Object 'Object Repository/ADMIN/Custom Item Fields List Page/button_Add Field' is visible

2019-11-25 10:12:18 - [MESSAGE][WARNING] - Timeout '0' is invalid. Using default page load timeout: '30'

2019-11-25 10:12:18 - [MESSAGE][PASSED] - Object 'Object Repository/ADMIN/Custom Item Fields List Page/button_Add Field' is visible

2019-11-25 10:12:18 - [TEST_STEP][PASSED] - click: Object: 'Object Repository/ADMIN/Custom Item Fields List Page/button_Add Field' is clicked on

2019-11-25 10:12:19 - [MESSAGE][PASSED] - Object: 'Object Repository/ADMIN/Custom Item Fields List Page/button_Add Field' is clicked on

2019-11-25 10:12:19 - [TEST_STEP][PASSED] - comment: Choose Field Type

2019-11-25 10:12:19 - [TEST_STEP][PASSED] - Statement - If (varCustomFieldType == "Checkbox"): null

2019-11-25 10:12:19 - [TEST_STEP][PASSED] - Statement - Else If (varCustomFieldType == "Date / Time picker"): null

2019-11-25 10:12:19 - [TEST_STEP][PASSED] - Statement - Else If (varCustomFieldType == "Drop Down"): Text 'SPG_Drop Down_M1DD10' is set on object 'Object Repository/ADMIN/Custom Item Fields Page/a_Checkbox/textfield_option10'

2019-11-25 10:12:19 - [TEST_STEP][PASSED] - waitForElementVisible: Object 'Object Repository/ADMIN/Custom Item Fields Page/a_Default/dropdown_fieldtype' is visible

2019-11-25 10:12:19 - [MESSAGE][WARNING] - Timeout '0' is invalid. Using default page load timeout: '30'

2019-11-25 10:12:20 - [MESSAGE][PASSED] - Object 'Object Repository/ADMIN/Custom Item Fields Page/a_Default/dropdown_fieldtype' is visible

2019-11-25 10:12:20 - [TEST_STEP][PASSED] - selectOptionByLabel: All options with label 'Drop Down' are selected in object 'Object Repository/ADMIN/Custom Item Fields Page/a_Default/dropdown_fieldtype' 

2019-11-25 10:12:20 - [MESSAGE][PASSED] - All options with label 'Drop Down' are selected in object 'Object Repository/ADMIN/Custom Item Fields Page/a_Default/dropdown_fieldtype' 

2019-11-25 10:12:20 - [TEST_STEP][PASSED] - waitForElementVisible: Object 'Object Repository/ADMIN/Custom Item Fields Page/a_Checkbox/icon_addoptio' is visible

2019-11-25 10:12:20 - [MESSAGE][WARNING] - Timeout '0' is invalid. Using default page load timeout: '30'

2019-11-25 10:12:20 - [MESSAGE][PASSED] - Object 'Object Repository/ADMIN/Custom Item Fields Page/a_Checkbox/icon_addoptio' is visible

2019-11-25 10:12:20 - [TEST_STEP][PASSED] - Statement - For ([r = 0, r <= 7, (r++)]): Object: 'Object Repository/ADMIN/Custom Item Fields Page/a_Checkbox/icon_addoptio' is clicked on

2019-11-25 10:12:20 - [TEST_STEP][PASSED] - click: Object: 'Object Repository/ADMIN/Custom Item Fields Page/a_Checkbox/icon_addoptio' is clicked on

2019-11-25 10:12:20 - [MESSAGE][PASSED] - Object: 'Object Repository/ADMIN/Custom Item Fields Page/a_Checkbox/icon_addoptio' is clicked on

2019-11-25 10:12:20 - [TEST_STEP][PASSED] - click: Object: 'Object Repository/ADMIN/Custom Item Fields Page/a_Checkbox/icon_addoptio' is clicked on

2019-11-25 10:12:20 - [MESSAGE][PASSED] - Object: 'Object Repository/ADMIN/Custom Item Fields Page/a_Checkbox/icon_addoptio' is clicked on

2019-11-25 10:12:20 - [TEST_STEP][PASSED] - click: Object: 'Object Repository/ADMIN/Custom Item Fields Page/a_Checkbox/icon_addoptio' is clicked on

2019-11-25 10:12:20 - [MESSAGE][PASSED] - Object: 'Object Repository/ADMIN/Custom Item Fields Page/a_Checkbox/icon_addoptio' is clicked on

2019-11-25 10:12:20 - [TEST_STEP][PASSED] - click: Object: 'Object Repository/ADMIN/Custom Item Fields Page/a_Checkbox/icon_addoptio' is clicked on

2019-11-25 10:12:20 - [MESSAGE][PASSED] - Object: 'Object Repository/ADMIN/Custom Item Fields Page/a_Checkbox/icon_addoptio' is clicked on

2019-11-25 10:12:20 - [TEST_STEP][PASSED] - click: Object: 'Object Repository/ADMIN/Custom Item Fields Page/a_Checkbox/icon_addoptio' is clicked on

2019-11-25 10:12:20 - [MESSAGE][PASSED] - Object: 'Object Repository/ADMIN/Custom Item Fields Page/a_Checkbox/icon_addoptio' is clicked on

2019-11-25 10:12:20 - [TEST_STEP][PASSED] - click: Object: 'Object Repository/ADMIN/Custom Item Fields Page/a_Checkbox/icon_addoptio' is clicked on

2019-11-25 10:12:20 - [MESSAGE][PASSED] - Object: 'Object Repository/ADMIN/Custom Item Fields Page/a_Checkbox/icon_addoptio' is clicked on

2019-11-25 10:12:20 - [TEST_STEP][PASSED] - click: Object: 'Object Repository/ADMIN/Custom Item Fields Page/a_Checkbox/icon_addoptio' is clicked on

2019-11-25 10:12:20 - [MESSAGE][PASSED] - Object: 'Object Repository/ADMIN/Custom Item Fields Page/a_Checkbox/icon_addoptio' is clicked on

2019-11-25 10:12:20 - [TEST_STEP][PASSED] - click: Object: 'Object Repository/ADMIN/Custom Item Fields Page/a_Checkbox/icon_addoptio' is clicked on

2019-11-25 10:12:20 - [MESSAGE][PASSED] - Object: 'Object Repository/ADMIN/Custom Item Fields Page/a_Checkbox/icon_addoptio' is clicked on

2019-11-25 10:12:20 - [TEST_STEP][PASSED] - comment: Add Option

2019-11-25 10:12:20 - [TEST_STEP][PASSED] - setText: Text 'SPG_Drop Down_M1DD1' is set on object 'Object Repository/ADMIN/Custom Item Fields Page/a_Checkbox/textfield_option1'

2019-11-25 10:12:21 - [MESSAGE][PASSED] - Text 'SPG_Drop Down_M1DD1' is set on object 'Object Repository/ADMIN/Custom Item Fields Page/a_Checkbox/textfield_option1'

2019-11-25 10:12:21 - [TEST_STEP][PASSED] - setText: Text 'SPG_Drop Down_M1DD2' is set on object 'Object Repository/ADMIN/Custom Item Fields Page/a_Checkbox/textfield_option2'

2019-11-25 10:12:21 - [MESSAGE][PASSED] - Text 'SPG_Drop Down_M1DD2' is set on object 'Object Repository/ADMIN/Custom Item Fields Page/a_Checkbox/textfield_option2'

2019-11-25 10:12:21 - [TEST_STEP][PASSED] - setText: Text 'SPG_Drop Down_M1DD3' is set on object 'Object Repository/ADMIN/Custom Item Fields Page/a_Checkbox/textfield_option3'

2019-11-25 10:12:21 - [MESSAGE][PASSED] - Text 'SPG_Drop Down_M1DD3' is set on object 'Object Repository/ADMIN/Custom Item Fields Page/a_Checkbox/textfield_option3'

2019-11-25 10:12:21 - [TEST_STEP][PASSED] - setText: Text 'SPG_Drop Down_M1DD4' is set on object 'Object Repository/ADMIN/Custom Item Fields Page/a_Checkbox/textfield_option4'

2019-11-25 10:12:21 - [MESSAGE][PASSED] - Text 'SPG_Drop Down_M1DD4' is set on object 'Object Repository/ADMIN/Custom Item Fields Page/a_Checkbox/textfield_option4'

2019-11-25 10:12:21 - [TEST_STEP][PASSED] - setText: Text 'SPG_Drop Down_M1DD5' is set on object 'Object Repository/ADMIN/Custom Item Fields Page/a_Checkbox/textfield_option5'

2019-11-25 10:12:22 - [MESSAGE][PASSED] - Text 'SPG_Drop Down_M1DD5' is set on object 'Object Repository/ADMIN/Custom Item Fields Page/a_Checkbox/textfield_option5'

2019-11-25 10:12:22 - [TEST_STEP][PASSED] - setText: Text 'SPG_Drop Down_M1DD6' is set on object 'Object Repository/ADMIN/Custom Item Fields Page/a_Checkbox/textfield_option6'

2019-11-25 10:12:22 - [MESSAGE][PASSED] - Text 'SPG_Drop Down_M1DD6' is set on object 'Object Repository/ADMIN/Custom Item Fields Page/a_Checkbox/textfield_option6'

2019-11-25 10:12:22 - [TEST_STEP][PASSED] - setText: Text 'SPG_Drop Down_M1DD7' is set on object 'Object Repository/ADMIN/Custom Item Fields Page/a_Checkbox/textfield_option7'

2019-11-25 10:12:22 - [MESSAGE][PASSED] - Text 'SPG_Drop Down_M1DD7' is set on object 'Object Repository/ADMIN/Custom Item Fields Page/a_Checkbox/textfield_option7'

2019-11-25 10:12:22 - [TEST_STEP][PASSED] - setText: Text 'SPG_Drop Down_M1DD8' is set on object 'Object Repository/ADMIN/Custom Item Fields Page/a_Checkbox/textfield_option8'

2019-11-25 10:12:22 - [MESSAGE][PASSED] - Text 'SPG_Drop Down_M1DD8' is set on object 'Object Repository/ADMIN/Custom Item Fields Page/a_Checkbox/textfield_option8'

2019-11-25 10:12:22 - [TEST_STEP][PASSED] - setText: Text 'SPG_Drop Down_M1DD9' is set on object 'Object Repository/ADMIN/Custom Item Fields Page/a_Checkbox/textfield_option9'

2019-11-25 10:12:22 - [MESSAGE][PASSED] - Text 'SPG_Drop Down_M1DD9' is set on object 'Object Repository/ADMIN/Custom Item Fields Page/a_Checkbox/textfield_option9'

2019-11-25 10:12:22 - [TEST_STEP][PASSED] - setText: Text 'SPG_Drop Down_M1DD10' is set on object 'Object Repository/ADMIN/Custom Item Fields Page/a_Checkbox/textfield_option10'

2019-11-25 10:12:23 - [MESSAGE][PASSED] - Text 'SPG_Drop Down_M1DD10' is set on object 'Object Repository/ADMIN/Custom Item Fields Page/a_Checkbox/textfield_option10'

2019-11-25 10:12:23 - [TEST_STEP][PASSED] - comment: Field Name

2019-11-25 10:12:23 - [TEST_STEP][PASSED] - setText: Text 'SPG_Drop Down_M1' is set on object 'Object Repository/ADMIN/Custom Item Fields Page/a_Default/textfield_fieldname'

2019-11-25 10:12:23 - [MESSAGE][PASSED] - Text 'SPG_Drop Down_M1' is set on object 'Object Repository/ADMIN/Custom Item Fields Page/a_Default/textfield_fieldname'

2019-11-25 10:12:23 - [TEST_STEP][PASSED] - comment: Mandatory/NonMandatory

2019-11-25 10:12:23 - [TEST_STEP][PASSED] - Statement - If (varMandatoryNonMandatory == "mandatory"): Object 'Object Repository/ADMIN/Custom Item Fields Page/a_Default/togglebutton_mandatory' is visible

2019-11-25 10:12:23 - [TEST_STEP][PASSED] - waitForElementVisible: Object 'Object Repository/ADMIN/Custom Item Fields Page/a_Default/togglebutton_mandatory' is visible

2019-11-25 10:12:23 - [MESSAGE][WARNING] - Timeout '0' is invalid. Using default page load timeout: '30'

2019-11-25 10:12:23 - [MESSAGE][PASSED] - Object 'Object Repository/ADMIN/Custom Item Fields Page/a_Default/togglebutton_mandatory' is visible

2019-11-25 10:12:23 - [TEST_STEP][PASSED] - comment: Assign Category

2019-11-25 10:12:23 - [TEST_STEP][PASSED] - click: Object: 'Object Repository/ADMIN/Custom Item Fields Page/a_Default/button_SelectCategories' is clicked on

2019-11-25 10:12:23 - [MESSAGE][PASSED] - Object: 'Object Repository/ADMIN/Custom Item Fields Page/a_Default/button_SelectCategories' is clicked on

2019-11-25 10:12:23 - [TEST_STEP][PASSED] - waitForElementVisible: Object 'Object Repository/ADMIN/Custom Item Fields List Page/a_SelectCategories/searchbox_Category' is visible

2019-11-25 10:12:23 - [MESSAGE][WARNING] - Timeout '0' is invalid. Using default page load timeout: '30'

2019-11-25 10:12:23 - [MESSAGE][PASSED] - Object 'Object Repository/ADMIN/Custom Item Fields List Page/a_SelectCategories/searchbox_Category' is visible

2019-11-25 10:12:23 - [TEST_STEP][PASSED] - comment: Category Assignment

2019-11-25 10:12:23 - [TEST_STEP][PASSED] - Statement - If (varAssignedCategory == "All Cat"): null

2019-11-25 10:12:23 - [TEST_STEP][PASSED] - Statement - Else If (varAssignedCategory == "Category 01"): null

2019-11-25 10:12:23 - [TEST_STEP][PASSED] - Statement - Else If (varAssignedCategory == "Category 2.1"): null

2019-11-25 10:12:23 - [TEST_STEP][PASSED] - Statement - Else If (varAssignedCategory == "Category 3.1.1"): Object: 'Object Repository/ADMIN/Custom Item Fields List Page/a_SelectCategories/a_Categories/checkbox_3.1.1' is clicked on

2019-11-25 10:12:23 - [TEST_STEP][PASSED] - setText: Text 'Category 3.1.1' is set on object 'Object Repository/ADMIN/Custom Item Fields List Page/a_SelectCategories/searchbox_Category'

2019-11-25 10:12:24 - [MESSAGE][PASSED] - Text 'Category 3.1.1' is set on object 'Object Repository/ADMIN/Custom Item Fields List Page/a_SelectCategories/searchbox_Category'

2019-11-25 10:12:24 - [TEST_STEP][PASSED] - click: Object: 'Object Repository/ADMIN/Custom Item Fields List Page/a_SelectCategories/a_Categories/checkbox_3.1.1' is clicked on

2019-11-25 10:12:24 - [MESSAGE][PASSED] - Object: 'Object Repository/ADMIN/Custom Item Fields List Page/a_SelectCategories/a_Categories/checkbox_3.1.1' is clicked on

2019-11-25 10:12:24 - [TEST_STEP][PASSED] - click: Object: 'Object Repository/ADMIN/Custom Item Fields List Page/a_SelectCategories/button_Save' is clicked on

2019-11-25 10:12:24 - [MESSAGE][PASSED] - Object: 'Object Repository/ADMIN/Custom Item Fields List Page/a_SelectCategories/button_Save' is clicked on

2019-11-25 10:12:24 - [TEST_STEP][PASSED] - delay: Delayed 2 second(s)

2019-11-25 10:12:26 - [MESSAGE][PASSED] - Delayed 2 second(s)

2019-11-25 10:12:26 - [TEST_STEP][PASSED] - click: Object: 'Object Repository/ADMIN/Custom Item Fields Page/a_Default/button_Save1' is clicked on

2019-11-25 10:12:26 - [MESSAGE][PASSED] - Object: 'Object Repository/ADMIN/Custom Item Fields Page/a_Default/button_Save1' is clicked on

2019-11-25 10:12:26 - [TEST_STEP][PASSED] - waitForElementVisible: Object 'Object Repository/ADMIN/Custom Item Fields List Page/button_Add Field' is visible

2019-11-25 10:12:26 - [MESSAGE][WARNING] - Timeout '0' is invalid. Using default page load timeout: '30'

2019-11-25 10:12:28 - [MESSAGE][PASSED] - Object 'Object Repository/ADMIN/Custom Item Fields List Page/button_Add Field' is visible]]></system-out>
         <system-err><![CDATA[]]></system-err>
      </testcase>
      <testcase name="Test Cases/ADMIN/Content Mgmt/Custom Fields Page/Add Custom Item Fields/Add_CF_DataDriven" classname="Test Cases/ADMIN/Content Mgmt/Custom Fields Page/Add Custom Item Fields/Add_CF_DataDriven" status="PASSED">
         <system-out><![CDATA[2019-11-25 10:12:28 - [TEST_CASE][PASSED] - Test Cases/ADMIN/Content Mgmt/Custom Fields Page/Add Custom Item Fields/Add_CF_DataDriven: Test Cases/ADMIN/Content Mgmt/Custom Fields Page/Add Custom Item Fields/Add_CF_DataDriven

2019-11-25 10:12:28 - [TEST_STEP][PASSED] - waitForElementVisible: Object 'Object Repository/ADMIN/Custom Item Fields List Page/button_Add Field' is visible

2019-11-25 10:12:28 - [MESSAGE][WARNING] - Timeout '0' is invalid. Using default page load timeout: '30'

2019-11-25 10:12:28 - [MESSAGE][PASSED] - Object 'Object Repository/ADMIN/Custom Item Fields List Page/button_Add Field' is visible

2019-11-25 10:12:28 - [TEST_STEP][PASSED] - click: Object: 'Object Repository/ADMIN/Custom Item Fields List Page/button_Add Field' is clicked on

2019-11-25 10:12:29 - [MESSAGE][PASSED] - Object: 'Object Repository/ADMIN/Custom Item Fields List Page/button_Add Field' is clicked on

2019-11-25 10:12:29 - [TEST_STEP][PASSED] - comment: Choose Field Type

2019-11-25 10:12:29 - [TEST_STEP][PASSED] - Statement - If (varCustomFieldType == "Checkbox"): null

2019-11-25 10:12:29 - [TEST_STEP][PASSED] - Statement - Else If (varCustomFieldType == "Date / Time picker"): null

2019-11-25 10:12:29 - [TEST_STEP][PASSED] - Statement - Else If (varCustomFieldType == "Drop Down"): Text 'SPG_Drop Down_M2DD10' is set on object 'Object Repository/ADMIN/Custom Item Fields Page/a_Checkbox/textfield_option10'

2019-11-25 10:12:29 - [TEST_STEP][PASSED] - waitForElementVisible: Object 'Object Repository/ADMIN/Custom Item Fields Page/a_Default/dropdown_fieldtype' is visible

2019-11-25 10:12:29 - [MESSAGE][WARNING] - Timeout '0' is invalid. Using default page load timeout: '30'

2019-11-25 10:12:29 - [MESSAGE][PASSED] - Object 'Object Repository/ADMIN/Custom Item Fields Page/a_Default/dropdown_fieldtype' is visible

2019-11-25 10:12:29 - [TEST_STEP][PASSED] - selectOptionByLabel: All options with label 'Drop Down' are selected in object 'Object Repository/ADMIN/Custom Item Fields Page/a_Default/dropdown_fieldtype' 

2019-11-25 10:12:29 - [MESSAGE][PASSED] - All options with label 'Drop Down' are selected in object 'Object Repository/ADMIN/Custom Item Fields Page/a_Default/dropdown_fieldtype' 

2019-11-25 10:12:29 - [TEST_STEP][PASSED] - waitForElementVisible: Object 'Object Repository/ADMIN/Custom Item Fields Page/a_Checkbox/icon_addoptio' is visible

2019-11-25 10:12:29 - [MESSAGE][WARNING] - Timeout '0' is invalid. Using default page load timeout: '30'

2019-11-25 10:12:29 - [MESSAGE][PASSED] - Object 'Object Repository/ADMIN/Custom Item Fields Page/a_Checkbox/icon_addoptio' is visible

2019-11-25 10:12:29 - [TEST_STEP][PASSED] - Statement - For ([r = 0, r <= 7, (r++)]): Object: 'Object Repository/ADMIN/Custom Item Fields Page/a_Checkbox/icon_addoptio' is clicked on

2019-11-25 10:12:29 - [TEST_STEP][PASSED] - click: Object: 'Object Repository/ADMIN/Custom Item Fields Page/a_Checkbox/icon_addoptio' is clicked on

2019-11-25 10:12:29 - [MESSAGE][PASSED] - Object: 'Object Repository/ADMIN/Custom Item Fields Page/a_Checkbox/icon_addoptio' is clicked on

2019-11-25 10:12:29 - [TEST_STEP][PASSED] - click: Object: 'Object Repository/ADMIN/Custom Item Fields Page/a_Checkbox/icon_addoptio' is clicked on

2019-11-25 10:12:30 - [MESSAGE][PASSED] - Object: 'Object Repository/ADMIN/Custom Item Fields Page/a_Checkbox/icon_addoptio' is clicked on

2019-11-25 10:12:30 - [TEST_STEP][PASSED] - click: Object: 'Object Repository/ADMIN/Custom Item Fields Page/a_Checkbox/icon_addoptio' is clicked on

2019-11-25 10:12:30 - [MESSAGE][PASSED] - Object: 'Object Repository/ADMIN/Custom Item Fields Page/a_Checkbox/icon_addoptio' is clicked on

2019-11-25 10:12:30 - [TEST_STEP][PASSED] - click: Object: 'Object Repository/ADMIN/Custom Item Fields Page/a_Checkbox/icon_addoptio' is clicked on

2019-11-25 10:12:30 - [MESSAGE][PASSED] - Object: 'Object Repository/ADMIN/Custom Item Fields Page/a_Checkbox/icon_addoptio' is clicked on

2019-11-25 10:12:30 - [TEST_STEP][PASSED] - click: Object: 'Object Repository/ADMIN/Custom Item Fields Page/a_Checkbox/icon_addoptio' is clicked on

2019-11-25 10:12:30 - [MESSAGE][PASSED] - Object: 'Object Repository/ADMIN/Custom Item Fields Page/a_Checkbox/icon_addoptio' is clicked on

2019-11-25 10:12:30 - [TEST_STEP][PASSED] - click: Object: 'Object Repository/ADMIN/Custom Item Fields Page/a_Checkbox/icon_addoptio' is clicked on

2019-11-25 10:12:30 - [MESSAGE][PASSED] - Object: 'Object Repository/ADMIN/Custom Item Fields Page/a_Checkbox/icon_addoptio' is clicked on

2019-11-25 10:12:30 - [TEST_STEP][PASSED] - click: Object: 'Object Repository/ADMIN/Custom Item Fields Page/a_Checkbox/icon_addoptio' is clicked on

2019-11-25 10:12:30 - [MESSAGE][PASSED] - Object: 'Object Repository/ADMIN/Custom Item Fields Page/a_Checkbox/icon_addoptio' is clicked on

2019-11-25 10:12:30 - [TEST_STEP][PASSED] - click: Object: 'Object Repository/ADMIN/Custom Item Fields Page/a_Checkbox/icon_addoptio' is clicked on

2019-11-25 10:12:30 - [MESSAGE][PASSED] - Object: 'Object Repository/ADMIN/Custom Item Fields Page/a_Checkbox/icon_addoptio' is clicked on

2019-11-25 10:12:30 - [TEST_STEP][PASSED] - comment: Add Option

2019-11-25 10:12:30 - [TEST_STEP][PASSED] - setText: Text 'SPG_Drop Down_M2DD1' is set on object 'Object Repository/ADMIN/Custom Item Fields Page/a_Checkbox/textfield_option1'

2019-11-25 10:12:30 - [MESSAGE][PASSED] - Text 'SPG_Drop Down_M2DD1' is set on object 'Object Repository/ADMIN/Custom Item Fields Page/a_Checkbox/textfield_option1'

2019-11-25 10:12:30 - [TEST_STEP][PASSED] - setText: Text 'SPG_Drop Down_M2DD2' is set on object 'Object Repository/ADMIN/Custom Item Fields Page/a_Checkbox/textfield_option2'

2019-11-25 10:12:31 - [MESSAGE][PASSED] - Text 'SPG_Drop Down_M2DD2' is set on object 'Object Repository/ADMIN/Custom Item Fields Page/a_Checkbox/textfield_option2'

2019-11-25 10:12:31 - [TEST_STEP][PASSED] - setText: Text 'SPG_Drop Down_M2DD3' is set on object 'Object Repository/ADMIN/Custom Item Fields Page/a_Checkbox/textfield_option3'

2019-11-25 10:12:36 - [MESSAGE][PASSED] - Text 'SPG_Drop Down_M2DD3' is set on object 'Object Repository/ADMIN/Custom Item Fields Page/a_Checkbox/textfield_option3'

2019-11-25 10:12:36 - [TEST_STEP][PASSED] - setText: Text 'SPG_Drop Down_M2DD4' is set on object 'Object Repository/ADMIN/Custom Item Fields Page/a_Checkbox/textfield_option4'

2019-11-25 10:12:36 - [MESSAGE][PASSED] - Text 'SPG_Drop Down_M2DD4' is set on object 'Object Repository/ADMIN/Custom Item Fields Page/a_Checkbox/textfield_option4'

2019-11-25 10:12:36 - [TEST_STEP][PASSED] - setText: Text 'SPG_Drop Down_M2DD5' is set on object 'Object Repository/ADMIN/Custom Item Fields Page/a_Checkbox/textfield_option5'

2019-11-25 10:12:36 - [MESSAGE][PASSED] - Text 'SPG_Drop Down_M2DD5' is set on object 'Object Repository/ADMIN/Custom Item Fields Page/a_Checkbox/textfield_option5'

2019-11-25 10:12:36 - [TEST_STEP][PASSED] - setText: Text 'SPG_Drop Down_M2DD6' is set on object 'Object Repository/ADMIN/Custom Item Fields Page/a_Checkbox/textfield_option6'

2019-11-25 10:12:37 - [MESSAGE][PASSED] - Text 'SPG_Drop Down_M2DD6' is set on object 'Object Repository/ADMIN/Custom Item Fields Page/a_Checkbox/textfield_option6'

2019-11-25 10:12:37 - [TEST_STEP][PASSED] - setText: Text 'SPG_Drop Down_M2DD7' is set on object 'Object Repository/ADMIN/Custom Item Fields Page/a_Checkbox/textfield_option7'

2019-11-25 10:12:37 - [MESSAGE][PASSED] - Text 'SPG_Drop Down_M2DD7' is set on object 'Object Repository/ADMIN/Custom Item Fields Page/a_Checkbox/textfield_option7'

2019-11-25 10:12:37 - [TEST_STEP][PASSED] - setText: Text 'SPG_Drop Down_M2DD8' is set on object 'Object Repository/ADMIN/Custom Item Fields Page/a_Checkbox/textfield_option8'

2019-11-25 10:12:37 - [MESSAGE][PASSED] - Text 'SPG_Drop Down_M2DD8' is set on object 'Object Repository/ADMIN/Custom Item Fields Page/a_Checkbox/textfield_option8'

2019-11-25 10:12:37 - [TEST_STEP][PASSED] - setText: Text 'SPG_Drop Down_M2DD9' is set on object 'Object Repository/ADMIN/Custom Item Fields Page/a_Checkbox/textfield_option9'

2019-11-25 10:12:37 - [MESSAGE][PASSED] - Text 'SPG_Drop Down_M2DD9' is set on object 'Object Repository/ADMIN/Custom Item Fields Page/a_Checkbox/textfield_option9'

2019-11-25 10:12:37 - [TEST_STEP][PASSED] - setText: Text 'SPG_Drop Down_M2DD10' is set on object 'Object Repository/ADMIN/Custom Item Fields Page/a_Checkbox/textfield_option10'

2019-11-25 10:12:37 - [MESSAGE][PASSED] - Text 'SPG_Drop Down_M2DD10' is set on object 'Object Repository/ADMIN/Custom Item Fields Page/a_Checkbox/textfield_option10'

2019-11-25 10:12:37 - [TEST_STEP][PASSED] - comment: Field Name

2019-11-25 10:12:37 - [TEST_STEP][PASSED] - setText: Text 'SPG_Drop Down_M2' is set on object 'Object Repository/ADMIN/Custom Item Fields Page/a_Default/textfield_fieldname'

2019-11-25 10:12:38 - [MESSAGE][PASSED] - Text 'SPG_Drop Down_M2' is set on object 'Object Repository/ADMIN/Custom Item Fields Page/a_Default/textfield_fieldname'

2019-11-25 10:12:38 - [TEST_STEP][PASSED] - comment: Mandatory/NonMandatory

2019-11-25 10:12:38 - [TEST_STEP][PASSED] - Statement - If (varMandatoryNonMandatory == "mandatory"): Object 'Object Repository/ADMIN/Custom Item Fields Page/a_Default/togglebutton_mandatory' is visible

2019-11-25 10:12:38 - [TEST_STEP][PASSED] - waitForElementVisible: Object 'Object Repository/ADMIN/Custom Item Fields Page/a_Default/togglebutton_mandatory' is visible

2019-11-25 10:12:38 - [MESSAGE][WARNING] - Timeout '0' is invalid. Using default page load timeout: '30'

2019-11-25 10:12:38 - [MESSAGE][PASSED] - Object 'Object Repository/ADMIN/Custom Item Fields Page/a_Default/togglebutton_mandatory' is visible

2019-11-25 10:12:38 - [TEST_STEP][PASSED] - comment: Assign Category

2019-11-25 10:12:38 - [TEST_STEP][PASSED] - click: Object: 'Object Repository/ADMIN/Custom Item Fields Page/a_Default/button_SelectCategories' is clicked on

2019-11-25 10:12:43 - [MESSAGE][PASSED] - Object: 'Object Repository/ADMIN/Custom Item Fields Page/a_Default/button_SelectCategories' is clicked on

2019-11-25 10:12:43 - [TEST_STEP][PASSED] - waitForElementVisible: Object 'Object Repository/ADMIN/Custom Item Fields List Page/a_SelectCategories/searchbox_Category' is visible

2019-11-25 10:12:43 - [MESSAGE][WARNING] - Timeout '0' is invalid. Using default page load timeout: '30'

2019-11-25 10:12:43 - [MESSAGE][PASSED] - Object 'Object Repository/ADMIN/Custom Item Fields List Page/a_SelectCategories/searchbox_Category' is visible

2019-11-25 10:12:43 - [TEST_STEP][PASSED] - comment: Category Assignment

2019-11-25 10:12:43 - [TEST_STEP][PASSED] - Statement - If (varAssignedCategory == "All Cat"): null

2019-11-25 10:12:43 - [TEST_STEP][PASSED] - Statement - Else If (varAssignedCategory == "Category 01"): null

2019-11-25 10:12:43 - [TEST_STEP][PASSED] - Statement - Else If (varAssignedCategory == "Category 2.1"): null

2019-11-25 10:12:43 - [TEST_STEP][PASSED] - Statement - Else If (varAssignedCategory == "Category 3.1.1"): Object: 'Object Repository/ADMIN/Custom Item Fields List Page/a_SelectCategories/a_Categories/checkbox_3.1.1' is clicked on

2019-11-25 10:12:43 - [TEST_STEP][PASSED] - setText: Text 'Category 3.1.1' is set on object 'Object Repository/ADMIN/Custom Item Fields List Page/a_SelectCategories/searchbox_Category'

2019-11-25 10:12:44 - [MESSAGE][PASSED] - Text 'Category 3.1.1' is set on object 'Object Repository/ADMIN/Custom Item Fields List Page/a_SelectCategories/searchbox_Category'

2019-11-25 10:12:44 - [TEST_STEP][PASSED] - click: Object: 'Object Repository/ADMIN/Custom Item Fields List Page/a_SelectCategories/a_Categories/checkbox_3.1.1' is clicked on

2019-11-25 10:12:44 - [MESSAGE][PASSED] - Object: 'Object Repository/ADMIN/Custom Item Fields List Page/a_SelectCategories/a_Categories/checkbox_3.1.1' is clicked on

2019-11-25 10:12:44 - [TEST_STEP][PASSED] - click: Object: 'Object Repository/ADMIN/Custom Item Fields List Page/a_SelectCategories/button_Save' is clicked on

2019-11-25 10:12:44 - [MESSAGE][PASSED] - Object: 'Object Repository/ADMIN/Custom Item Fields List Page/a_SelectCategories/button_Save' is clicked on

2019-11-25 10:12:44 - [TEST_STEP][PASSED] - delay: Delayed 2 second(s)

2019-11-25 10:12:46 - [MESSAGE][PASSED] - Delayed 2 second(s)

2019-11-25 10:12:46 - [TEST_STEP][PASSED] - click: Object: 'Object Repository/ADMIN/Custom Item Fields Page/a_Default/button_Save1' is clicked on

2019-11-25 10:12:46 - [MESSAGE][PASSED] - Object: 'Object Repository/ADMIN/Custom Item Fields Page/a_Default/button_Save1' is clicked on

2019-11-25 10:12:46 - [TEST_STEP][PASSED] - waitForElementVisible: Object 'Object Repository/ADMIN/Custom Item Fields List Page/button_Add Field' is visible

2019-11-25 10:12:46 - [MESSAGE][WARNING] - Timeout '0' is invalid. Using default page load timeout: '30'

2019-11-25 10:12:48 - [MESSAGE][PASSED] - Object 'Object Repository/ADMIN/Custom Item Fields List Page/button_Add Field' is visible]]></system-out>
         <system-err><![CDATA[]]></system-err>
      </testcase>
      <testcase name="Test Cases/ADMIN/Content Mgmt/Custom Fields Page/Add Custom Item Fields/Add_CF_DataDriven" classname="Test Cases/ADMIN/Content Mgmt/Custom Fields Page/Add Custom Item Fields/Add_CF_DataDriven" status="PASSED">
         <system-out><![CDATA[2019-11-25 10:12:48 - [TEST_CASE][PASSED] - Test Cases/ADMIN/Content Mgmt/Custom Fields Page/Add Custom Item Fields/Add_CF_DataDriven: Test Cases/ADMIN/Content Mgmt/Custom Fields Page/Add Custom Item Fields/Add_CF_DataDriven

2019-11-25 10:12:48 - [TEST_STEP][PASSED] - waitForElementVisible: Object 'Object Repository/ADMIN/Custom Item Fields List Page/button_Add Field' is visible

2019-11-25 10:12:48 - [MESSAGE][WARNING] - Timeout '0' is invalid. Using default page load timeout: '30'

2019-11-25 10:12:48 - [MESSAGE][PASSED] - Object 'Object Repository/ADMIN/Custom Item Fields List Page/button_Add Field' is visible

2019-11-25 10:12:48 - [TEST_STEP][PASSED] - click: Object: 'Object Repository/ADMIN/Custom Item Fields List Page/button_Add Field' is clicked on

2019-11-25 10:12:49 - [MESSAGE][PASSED] - Object: 'Object Repository/ADMIN/Custom Item Fields List Page/button_Add Field' is clicked on

2019-11-25 10:12:49 - [TEST_STEP][PASSED] - comment: Choose Field Type

2019-11-25 10:12:49 - [TEST_STEP][PASSED] - Statement - If (varCustomFieldType == "Checkbox"): null

2019-11-25 10:12:49 - [TEST_STEP][PASSED] - Statement - Else If (varCustomFieldType == "Date / Time picker"): null

2019-11-25 10:12:49 - [TEST_STEP][PASSED] - Statement - Else If (varCustomFieldType == "Drop Down"): null

2019-11-25 10:12:49 - [TEST_STEP][PASSED] - Statement - Else If (varCustomFieldType == "Email"): null

2019-11-25 10:12:49 - [TEST_STEP][PASSED] - Statement - Else If (varCustomFieldType == "Embed Video"): null

2019-11-25 10:12:49 - [TEST_STEP][PASSED] - Statement - Else If (varCustomFieldType == "Hyperlink / URL"): null

2019-11-25 10:12:49 - [TEST_STEP][PASSED] - Statement - Else If (varCustomFieldType == "Location"): All options with label 'Location' are selected in object 'Object Repository/ADMIN/Custom Item Fields Page/a_Default/dropdown_fieldtype' 

2019-11-25 10:12:49 - [TEST_STEP][PASSED] - waitForElementVisible: Object 'Object Repository/ADMIN/Custom Item Fields Page/a_Default/dropdown_fieldtype' is visible

2019-11-25 10:12:49 - [MESSAGE][WARNING] - Timeout '0' is invalid. Using default page load timeout: '30'

2019-11-25 10:12:49 - [MESSAGE][PASSED] - Object 'Object Repository/ADMIN/Custom Item Fields Page/a_Default/dropdown_fieldtype' is visible

2019-11-25 10:12:49 - [TEST_STEP][PASSED] - selectOptionByLabel: All options with label 'Location' are selected in object 'Object Repository/ADMIN/Custom Item Fields Page/a_Default/dropdown_fieldtype' 

2019-11-25 10:12:49 - [MESSAGE][PASSED] - All options with label 'Location' are selected in object 'Object Repository/ADMIN/Custom Item Fields Page/a_Default/dropdown_fieldtype' 

2019-11-25 10:12:49 - [TEST_STEP][PASSED] - comment: Field Name

2019-11-25 10:12:49 - [TEST_STEP][PASSED] - setText: Text 'SPG_Location_NM' is set on object 'Object Repository/ADMIN/Custom Item Fields Page/a_Default/textfield_fieldname'

2019-11-25 10:12:50 - [MESSAGE][PASSED] - Text 'SPG_Location_NM' is set on object 'Object Repository/ADMIN/Custom Item Fields Page/a_Default/textfield_fieldname'

2019-11-25 10:12:50 - [TEST_STEP][PASSED] - comment: Mandatory/NonMandatory

2019-11-25 10:12:50 - [TEST_STEP][PASSED] - Statement - If (varMandatoryNonMandatory == "mandatory"): null

2019-11-25 10:12:50 - [TEST_STEP][PASSED] - Statement - Else If (varMandatoryNonMandatory == "non-mandatory"): Object: 'Object Repository/ADMIN/Custom Item Fields Page/a_Default/togglebutton_mandatory' is clicked on

2019-11-25 10:12:50 - [TEST_STEP][PASSED] - waitForElementVisible: Object 'Object Repository/ADMIN/Custom Item Fields Page/a_Default/togglebutton_mandatory' is visible

2019-11-25 10:12:50 - [MESSAGE][WARNING] - Timeout '0' is invalid. Using default page load timeout: '30'

2019-11-25 10:12:50 - [MESSAGE][PASSED] - Object 'Object Repository/ADMIN/Custom Item Fields Page/a_Default/togglebutton_mandatory' is visible

2019-11-25 10:12:50 - [TEST_STEP][PASSED] - click: Object: 'Object Repository/ADMIN/Custom Item Fields Page/a_Default/togglebutton_mandatory' is clicked on

2019-11-25 10:12:50 - [MESSAGE][PASSED] - Object: 'Object Repository/ADMIN/Custom Item Fields Page/a_Default/togglebutton_mandatory' is clicked on

2019-11-25 10:12:50 - [TEST_STEP][PASSED] - comment: Assign Category

2019-11-25 10:12:50 - [TEST_STEP][PASSED] - click: Object: 'Object Repository/ADMIN/Custom Item Fields Page/a_Default/button_SelectCategories' is clicked on

2019-11-25 10:12:55 - [MESSAGE][PASSED] - Object: 'Object Repository/ADMIN/Custom Item Fields Page/a_Default/button_SelectCategories' is clicked on

2019-11-25 10:12:55 - [TEST_STEP][PASSED] - waitForElementVisible: Object 'Object Repository/ADMIN/Custom Item Fields List Page/a_SelectCategories/searchbox_Category' is visible

2019-11-25 10:12:55 - [MESSAGE][WARNING] - Timeout '0' is invalid. Using default page load timeout: '30'

2019-11-25 10:12:55 - [MESSAGE][PASSED] - Object 'Object Repository/ADMIN/Custom Item Fields List Page/a_SelectCategories/searchbox_Category' is visible

2019-11-25 10:12:55 - [TEST_STEP][PASSED] - comment: Category Assignment

2019-11-25 10:12:55 - [TEST_STEP][PASSED] - Statement - If (varAssignedCategory == "All Cat"): null

2019-11-25 10:12:55 - [TEST_STEP][PASSED] - Statement - Else If (varAssignedCategory == "Category 01"): null

2019-11-25 10:12:55 - [TEST_STEP][PASSED] - Statement - Else If (varAssignedCategory == "Category 2.1"): null

2019-11-25 10:12:55 - [TEST_STEP][PASSED] - Statement - Else If (varAssignedCategory == "Category 3.1.1"): Object: 'Object Repository/ADMIN/Custom Item Fields List Page/a_SelectCategories/a_Categories/checkbox_3.1.1' is clicked on

2019-11-25 10:12:55 - [TEST_STEP][PASSED] - setText: Text 'Category 3.1.1' is set on object 'Object Repository/ADMIN/Custom Item Fields List Page/a_SelectCategories/searchbox_Category'

2019-11-25 10:12:56 - [MESSAGE][PASSED] - Text 'Category 3.1.1' is set on object 'Object Repository/ADMIN/Custom Item Fields List Page/a_SelectCategories/searchbox_Category'

2019-11-25 10:12:56 - [TEST_STEP][PASSED] - click: Object: 'Object Repository/ADMIN/Custom Item Fields List Page/a_SelectCategories/a_Categories/checkbox_3.1.1' is clicked on

2019-11-25 10:12:56 - [MESSAGE][PASSED] - Object: 'Object Repository/ADMIN/Custom Item Fields List Page/a_SelectCategories/a_Categories/checkbox_3.1.1' is clicked on

2019-11-25 10:12:56 - [TEST_STEP][PASSED] - click: Object: 'Object Repository/ADMIN/Custom Item Fields List Page/a_SelectCategories/button_Save' is clicked on

2019-11-25 10:12:56 - [MESSAGE][PASSED] - Object: 'Object Repository/ADMIN/Custom Item Fields List Page/a_SelectCategories/button_Save' is clicked on

2019-11-25 10:12:56 - [TEST_STEP][PASSED] - delay: Delayed 2 second(s)

2019-11-25 10:12:58 - [MESSAGE][PASSED] - Delayed 2 second(s)

2019-11-25 10:12:58 - [TEST_STEP][PASSED] - click: Object: 'Object Repository/ADMIN/Custom Item Fields Page/a_Default/button_Save1' is clicked on

2019-11-25 10:12:58 - [MESSAGE][PASSED] - Object: 'Object Repository/ADMIN/Custom Item Fields Page/a_Default/button_Save1' is clicked on

2019-11-25 10:12:58 - [TEST_STEP][PASSED] - waitForElementVisible: Object 'Object Repository/ADMIN/Custom Item Fields List Page/button_Add Field' is visible

2019-11-25 10:12:58 - [MESSAGE][WARNING] - Timeout '0' is invalid. Using default page load timeout: '30'

2019-11-25 10:12:59 - [MESSAGE][PASSED] - Object 'Object Repository/ADMIN/Custom Item Fields List Page/button_Add Field' is visible]]></system-out>
         <system-err><![CDATA[]]></system-err>
      </testcase>
      <testcase name="Test Cases/ADMIN/Content Mgmt/Custom Fields Page/Add Custom Item Fields/Add_CF_DataDriven" classname="Test Cases/ADMIN/Content Mgmt/Custom Fields Page/Add Custom Item Fields/Add_CF_DataDriven" status="PASSED">
         <system-out><![CDATA[2019-11-25 10:12:59 - [TEST_CASE][PASSED] - Test Cases/ADMIN/Content Mgmt/Custom Fields Page/Add Custom Item Fields/Add_CF_DataDriven: Test Cases/ADMIN/Content Mgmt/Custom Fields Page/Add Custom Item Fields/Add_CF_DataDriven

2019-11-25 10:12:59 - [TEST_STEP][PASSED] - waitForElementVisible: Object 'Object Repository/ADMIN/Custom Item Fields List Page/button_Add Field' is visible

2019-11-25 10:12:59 - [MESSAGE][WARNING] - Timeout '0' is invalid. Using default page load timeout: '30'

2019-11-25 10:12:59 - [MESSAGE][PASSED] - Object 'Object Repository/ADMIN/Custom Item Fields List Page/button_Add Field' is visible

2019-11-25 10:12:59 - [TEST_STEP][PASSED] - click: Object: 'Object Repository/ADMIN/Custom Item Fields List Page/button_Add Field' is clicked on

2019-11-25 10:13:00 - [MESSAGE][PASSED] - Object: 'Object Repository/ADMIN/Custom Item Fields List Page/button_Add Field' is clicked on

2019-11-25 10:13:00 - [TEST_STEP][PASSED] - comment: Choose Field Type

2019-11-25 10:13:00 - [TEST_STEP][PASSED] - Statement - If (varCustomFieldType == "Checkbox"): null

2019-11-25 10:13:00 - [TEST_STEP][PASSED] - Statement - Else If (varCustomFieldType == "Date / Time picker"): null

2019-11-25 10:13:00 - [TEST_STEP][PASSED] - Statement - Else If (varCustomFieldType == "Drop Down"): null

2019-11-25 10:13:00 - [TEST_STEP][PASSED] - Statement - Else If (varCustomFieldType == "Email"): null

2019-11-25 10:13:00 - [TEST_STEP][PASSED] - Statement - Else If (varCustomFieldType == "Embed Video"): null

2019-11-25 10:13:00 - [TEST_STEP][PASSED] - Statement - Else If (varCustomFieldType == "Hyperlink / URL"): null

2019-11-25 10:13:00 - [TEST_STEP][PASSED] - Statement - Else If (varCustomFieldType == "Location"): null

2019-11-25 10:13:00 - [TEST_STEP][PASSED] - Statement - Else If (varCustomFieldType == "Number"): null

2019-11-25 10:13:00 - [TEST_STEP][PASSED] - Statement - Else If (varCustomFieldType == "PDF File"): All options with label 'PDF File' are selected in object 'Object Repository/ADMIN/Custom Item Fields Page/a_Default/dropdown_fieldtype' 

2019-11-25 10:13:00 - [TEST_STEP][PASSED] - waitForElementVisible: Object 'Object Repository/ADMIN/Custom Item Fields Page/a_Default/dropdown_fieldtype' is visible

2019-11-25 10:13:00 - [MESSAGE][WARNING] - Timeout '0' is invalid. Using default page load timeout: '30'

2019-11-25 10:13:00 - [MESSAGE][PASSED] - Object 'Object Repository/ADMIN/Custom Item Fields Page/a_Default/dropdown_fieldtype' is visible

2019-11-25 10:13:00 - [TEST_STEP][PASSED] - selectOptionByLabel: All options with label 'PDF File' are selected in object 'Object Repository/ADMIN/Custom Item Fields Page/a_Default/dropdown_fieldtype' 

2019-11-25 10:13:01 - [MESSAGE][PASSED] - All options with label 'PDF File' are selected in object 'Object Repository/ADMIN/Custom Item Fields Page/a_Default/dropdown_fieldtype' 

2019-11-25 10:13:01 - [TEST_STEP][PASSED] - comment: Field Name

2019-11-25 10:13:01 - [TEST_STEP][PASSED] - setText: Text 'SPG_PDF File_NM' is set on object 'Object Repository/ADMIN/Custom Item Fields Page/a_Default/textfield_fieldname'

2019-11-25 10:13:01 - [MESSAGE][PASSED] - Text 'SPG_PDF File_NM' is set on object 'Object Repository/ADMIN/Custom Item Fields Page/a_Default/textfield_fieldname'

2019-11-25 10:13:01 - [TEST_STEP][PASSED] - comment: Mandatory/NonMandatory

2019-11-25 10:13:01 - [TEST_STEP][PASSED] - Statement - If (varMandatoryNonMandatory == "mandatory"): null

2019-11-25 10:13:01 - [TEST_STEP][PASSED] - Statement - Else If (varMandatoryNonMandatory == "non-mandatory"): Object: 'Object Repository/ADMIN/Custom Item Fields Page/a_Default/togglebutton_mandatory' is clicked on

2019-11-25 10:13:01 - [TEST_STEP][PASSED] - waitForElementVisible: Object 'Object Repository/ADMIN/Custom Item Fields Page/a_Default/togglebutton_mandatory' is visible

2019-11-25 10:13:01 - [MESSAGE][WARNING] - Timeout '0' is invalid. Using default page load timeout: '30'

2019-11-25 10:13:01 - [MESSAGE][PASSED] - Object 'Object Repository/ADMIN/Custom Item Fields Page/a_Default/togglebutton_mandatory' is visible

2019-11-25 10:13:01 - [TEST_STEP][PASSED] - click: Object: 'Object Repository/ADMIN/Custom Item Fields Page/a_Default/togglebutton_mandatory' is clicked on

2019-11-25 10:13:01 - [MESSAGE][PASSED] - Object: 'Object Repository/ADMIN/Custom Item Fields Page/a_Default/togglebutton_mandatory' is clicked on

2019-11-25 10:13:01 - [TEST_STEP][PASSED] - comment: Assign Category

2019-11-25 10:13:01 - [TEST_STEP][PASSED] - click: Object: 'Object Repository/ADMIN/Custom Item Fields Page/a_Default/button_SelectCategories' is clicked on

2019-11-25 10:13:01 - [MESSAGE][PASSED] - Object: 'Object Repository/ADMIN/Custom Item Fields Page/a_Default/button_SelectCategories' is clicked on

2019-11-25 10:13:01 - [TEST_STEP][PASSED] - waitForElementVisible: Object 'Object Repository/ADMIN/Custom Item Fields List Page/a_SelectCategories/searchbox_Category' is visible

2019-11-25 10:13:01 - [MESSAGE][WARNING] - Timeout '0' is invalid. Using default page load timeout: '30'

2019-11-25 10:13:02 - [MESSAGE][PASSED] - Object 'Object Repository/ADMIN/Custom Item Fields List Page/a_SelectCategories/searchbox_Category' is visible

2019-11-25 10:13:02 - [TEST_STEP][PASSED] - comment: Category Assignment

2019-11-25 10:13:02 - [TEST_STEP][PASSED] - Statement - If (varAssignedCategory == "All Cat"): null

2019-11-25 10:13:02 - [TEST_STEP][PASSED] - Statement - Else If (varAssignedCategory == "Category 01"): null

2019-11-25 10:13:02 - [TEST_STEP][PASSED] - Statement - Else If (varAssignedCategory == "Category 2.1"): null

2019-11-25 10:13:02 - [TEST_STEP][PASSED] - Statement - Else If (varAssignedCategory == "Category 3.1.1"): Object: 'Object Repository/ADMIN/Custom Item Fields List Page/a_SelectCategories/a_Categories/checkbox_3.1.1' is clicked on

2019-11-25 10:13:02 - [TEST_STEP][PASSED] - setText: Text 'Category 3.1.1' is set on object 'Object Repository/ADMIN/Custom Item Fields List Page/a_SelectCategories/searchbox_Category'

2019-11-25 10:13:02 - [MESSAGE][PASSED] - Text 'Category 3.1.1' is set on object 'Object Repository/ADMIN/Custom Item Fields List Page/a_SelectCategories/searchbox_Category'

2019-11-25 10:13:02 - [TEST_STEP][PASSED] - click: Object: 'Object Repository/ADMIN/Custom Item Fields List Page/a_SelectCategories/a_Categories/checkbox_3.1.1' is clicked on

2019-11-25 10:13:02 - [MESSAGE][PASSED] - Object: 'Object Repository/ADMIN/Custom Item Fields List Page/a_SelectCategories/a_Categories/checkbox_3.1.1' is clicked on

2019-11-25 10:13:02 - [TEST_STEP][PASSED] - click: Object: 'Object Repository/ADMIN/Custom Item Fields List Page/a_SelectCategories/button_Save' is clicked on

2019-11-25 10:13:02 - [MESSAGE][PASSED] - Object: 'Object Repository/ADMIN/Custom Item Fields List Page/a_SelectCategories/button_Save' is clicked on

2019-11-25 10:13:02 - [TEST_STEP][PASSED] - delay: Delayed 2 second(s)

2019-11-25 10:13:04 - [MESSAGE][PASSED] - Delayed 2 second(s)

2019-11-25 10:13:04 - [TEST_STEP][PASSED] - click: Object: 'Object Repository/ADMIN/Custom Item Fields Page/a_Default/button_Save1' is clicked on

2019-11-25 10:13:04 - [MESSAGE][PASSED] - Object: 'Object Repository/ADMIN/Custom Item Fields Page/a_Default/button_Save1' is clicked on

2019-11-25 10:13:04 - [TEST_STEP][PASSED] - waitForElementVisible: Object 'Object Repository/ADMIN/Custom Item Fields List Page/button_Add Field' is visible

2019-11-25 10:13:04 - [MESSAGE][WARNING] - Timeout '0' is invalid. Using default page load timeout: '30'

2019-11-25 10:13:05 - [MESSAGE][PASSED] - Object 'Object Repository/ADMIN/Custom Item Fields List Page/button_Add Field' is visible]]></system-out>
         <system-err><![CDATA[]]></system-err>
      </testcase>
      <testcase name="Test Cases/ADMIN/Content Mgmt/Custom Fields Page/Add Custom Item Fields/Add_CF_DataDriven" classname="Test Cases/ADMIN/Content Mgmt/Custom Fields Page/Add Custom Item Fields/Add_CF_DataDriven" status="PASSED">
         <system-out><![CDATA[2019-11-25 10:13:05 - [TEST_CASE][PASSED] - Test Cases/ADMIN/Content Mgmt/Custom Fields Page/Add Custom Item Fields/Add_CF_DataDriven: Test Cases/ADMIN/Content Mgmt/Custom Fields Page/Add Custom Item Fields/Add_CF_DataDriven

2019-11-25 10:13:05 - [TEST_STEP][PASSED] - waitForElementVisible: Object 'Object Repository/ADMIN/Custom Item Fields List Page/button_Add Field' is visible

2019-11-25 10:13:05 - [MESSAGE][WARNING] - Timeout '0' is invalid. Using default page load timeout: '30'

2019-11-25 10:13:05 - [MESSAGE][PASSED] - Object 'Object Repository/ADMIN/Custom Item Fields List Page/button_Add Field' is visible

2019-11-25 10:13:05 - [TEST_STEP][PASSED] - click: Object: 'Object Repository/ADMIN/Custom Item Fields List Page/button_Add Field' is clicked on

2019-11-25 10:13:06 - [MESSAGE][PASSED] - Object: 'Object Repository/ADMIN/Custom Item Fields List Page/button_Add Field' is clicked on

2019-11-25 10:13:06 - [TEST_STEP][PASSED] - comment: Choose Field Type

2019-11-25 10:13:06 - [TEST_STEP][PASSED] - Statement - If (varCustomFieldType == "Checkbox"): null

2019-11-25 10:13:06 - [TEST_STEP][PASSED] - Statement - Else If (varCustomFieldType == "Date / Time picker"): null

2019-11-25 10:13:06 - [TEST_STEP][PASSED] - Statement - Else If (varCustomFieldType == "Drop Down"): null

2019-11-25 10:13:06 - [TEST_STEP][PASSED] - Statement - Else If (varCustomFieldType == "Email"): null

2019-11-25 10:13:06 - [TEST_STEP][PASSED] - Statement - Else If (varCustomFieldType == "Embed Video"): All options with label 'Embed Video' are selected in object 'Object Repository/ADMIN/Custom Item Fields Page/a_Default/dropdown_fieldtype' 

2019-11-25 10:13:06 - [TEST_STEP][PASSED] - waitForElementVisible: Object 'Object Repository/ADMIN/Custom Item Fields Page/a_Default/dropdown_fieldtype' is visible

2019-11-25 10:13:06 - [MESSAGE][WARNING] - Timeout '0' is invalid. Using default page load timeout: '30'

2019-11-25 10:13:06 - [MESSAGE][PASSED] - Object 'Object Repository/ADMIN/Custom Item Fields Page/a_Default/dropdown_fieldtype' is visible

2019-11-25 10:13:06 - [TEST_STEP][PASSED] - selectOptionByLabel: All options with label 'Embed Video' are selected in object 'Object Repository/ADMIN/Custom Item Fields Page/a_Default/dropdown_fieldtype' 

2019-11-25 10:13:07 - [MESSAGE][PASSED] - All options with label 'Embed Video' are selected in object 'Object Repository/ADMIN/Custom Item Fields Page/a_Default/dropdown_fieldtype' 

2019-11-25 10:13:07 - [TEST_STEP][PASSED] - comment: Field Name

2019-11-25 10:13:07 - [TEST_STEP][PASSED] - setText: Text 'SPG_Video_NM' is set on object 'Object Repository/ADMIN/Custom Item Fields Page/a_Default/textfield_fieldname'

2019-11-25 10:13:07 - [MESSAGE][PASSED] - Text 'SPG_Video_NM' is set on object 'Object Repository/ADMIN/Custom Item Fields Page/a_Default/textfield_fieldname'

2019-11-25 10:13:07 - [TEST_STEP][PASSED] - comment: Mandatory/NonMandatory

2019-11-25 10:13:07 - [TEST_STEP][PASSED] - Statement - If (varMandatoryNonMandatory == "mandatory"): null

2019-11-25 10:13:07 - [TEST_STEP][PASSED] - Statement - Else If (varMandatoryNonMandatory == "non-mandatory"): Object: 'Object Repository/ADMIN/Custom Item Fields Page/a_Default/togglebutton_mandatory' is clicked on

2019-11-25 10:13:07 - [TEST_STEP][PASSED] - waitForElementVisible: Object 'Object Repository/ADMIN/Custom Item Fields Page/a_Default/togglebutton_mandatory' is visible

2019-11-25 10:13:07 - [MESSAGE][WARNING] - Timeout '0' is invalid. Using default page load timeout: '30'

2019-11-25 10:13:07 - [MESSAGE][PASSED] - Object 'Object Repository/ADMIN/Custom Item Fields Page/a_Default/togglebutton_mandatory' is visible

2019-11-25 10:13:07 - [TEST_STEP][PASSED] - click: Object: 'Object Repository/ADMIN/Custom Item Fields Page/a_Default/togglebutton_mandatory' is clicked on

2019-11-25 10:13:07 - [MESSAGE][PASSED] - Object: 'Object Repository/ADMIN/Custom Item Fields Page/a_Default/togglebutton_mandatory' is clicked on

2019-11-25 10:13:07 - [TEST_STEP][PASSED] - comment: Assign Category

2019-11-25 10:13:07 - [TEST_STEP][PASSED] - click: Object: 'Object Repository/ADMIN/Custom Item Fields Page/a_Default/button_SelectCategories' is clicked on

2019-11-25 10:13:07 - [MESSAGE][PASSED] - Object: 'Object Repository/ADMIN/Custom Item Fields Page/a_Default/button_SelectCategories' is clicked on

2019-11-25 10:13:07 - [TEST_STEP][PASSED] - waitForElementVisible: Object 'Object Repository/ADMIN/Custom Item Fields List Page/a_SelectCategories/searchbox_Category' is visible

2019-11-25 10:13:07 - [MESSAGE][WARNING] - Timeout '0' is invalid. Using default page load timeout: '30'

2019-11-25 10:13:07 - [MESSAGE][PASSED] - Object 'Object Repository/ADMIN/Custom Item Fields List Page/a_SelectCategories/searchbox_Category' is visible

2019-11-25 10:13:07 - [TEST_STEP][PASSED] - comment: Category Assignment

2019-11-25 10:13:07 - [TEST_STEP][PASSED] - Statement - If (varAssignedCategory == "All Cat"): null

2019-11-25 10:13:07 - [TEST_STEP][PASSED] - Statement - Else If (varAssignedCategory == "Category 01"): null

2019-11-25 10:13:07 - [TEST_STEP][PASSED] - Statement - Else If (varAssignedCategory == "Category 2.1"): null

2019-11-25 10:13:07 - [TEST_STEP][PASSED] - Statement - Else If (varAssignedCategory == "Category 3.1.1"): Object: 'Object Repository/ADMIN/Custom Item Fields List Page/a_SelectCategories/a_Categories/checkbox_3.1.1' is clicked on

2019-11-25 10:13:07 - [TEST_STEP][PASSED] - setText: Text 'Category 3.1.1' is set on object 'Object Repository/ADMIN/Custom Item Fields List Page/a_SelectCategories/searchbox_Category'

2019-11-25 10:13:08 - [MESSAGE][PASSED] - Text 'Category 3.1.1' is set on object 'Object Repository/ADMIN/Custom Item Fields List Page/a_SelectCategories/searchbox_Category'

2019-11-25 10:13:08 - [TEST_STEP][PASSED] - click: Object: 'Object Repository/ADMIN/Custom Item Fields List Page/a_SelectCategories/a_Categories/checkbox_3.1.1' is clicked on

2019-11-25 10:13:08 - [MESSAGE][PASSED] - Object: 'Object Repository/ADMIN/Custom Item Fields List Page/a_SelectCategories/a_Categories/checkbox_3.1.1' is clicked on

2019-11-25 10:13:08 - [TEST_STEP][PASSED] - click: Object: 'Object Repository/ADMIN/Custom Item Fields List Page/a_SelectCategories/button_Save' is clicked on

2019-11-25 10:13:08 - [MESSAGE][PASSED] - Object: 'Object Repository/ADMIN/Custom Item Fields List Page/a_SelectCategories/button_Save' is clicked on

2019-11-25 10:13:08 - [TEST_STEP][PASSED] - delay: Delayed 2 second(s)

2019-11-25 10:13:10 - [MESSAGE][PASSED] - Delayed 2 second(s)

2019-11-25 10:13:10 - [TEST_STEP][PASSED] - click: Object: 'Object Repository/ADMIN/Custom Item Fields Page/a_Default/button_Save1' is clicked on

2019-11-25 10:13:10 - [MESSAGE][PASSED] - Object: 'Object Repository/ADMIN/Custom Item Fields Page/a_Default/button_Save1' is clicked on

2019-11-25 10:13:10 - [TEST_STEP][PASSED] - waitForElementVisible: Object 'Object Repository/ADMIN/Custom Item Fields List Page/button_Add Field' is visible

2019-11-25 10:13:10 - [MESSAGE][WARNING] - Timeout '0' is invalid. Using default page load timeout: '30'

2019-11-25 10:13:11 - [MESSAGE][PASSED] - Object 'Object Repository/ADMIN/Custom Item Fields List Page/button_Add Field' is visible]]></system-out>
         <system-err><![CDATA[]]></system-err>
      </testcase>
      <testcase name="Test Cases/ADMIN/Content Mgmt/Custom Fields Page/Add Custom Item Fields/Add_CF_DataDriven" classname="Test Cases/ADMIN/Content Mgmt/Custom Fields Page/Add Custom Item Fields/Add_CF_DataDriven" status="PASSED">
         <system-out><![CDATA[2019-11-25 10:13:11 - [TEST_CASE][PASSED] - Test Cases/ADMIN/Content Mgmt/Custom Fields Page/Add Custom Item Fields/Add_CF_DataDriven: Test Cases/ADMIN/Content Mgmt/Custom Fields Page/Add Custom Item Fields/Add_CF_DataDriven

2019-11-25 10:13:11 - [TEST_STEP][PASSED] - waitForElementVisible: Object 'Object Repository/ADMIN/Custom Item Fields List Page/button_Add Field' is visible

2019-11-25 10:13:11 - [MESSAGE][WARNING] - Timeout '0' is invalid. Using default page load timeout: '30'

2019-11-25 10:13:11 - [MESSAGE][PASSED] - Object 'Object Repository/ADMIN/Custom Item Fields List Page/button_Add Field' is visible

2019-11-25 10:13:11 - [TEST_STEP][PASSED] - click: Object: 'Object Repository/ADMIN/Custom Item Fields List Page/button_Add Field' is clicked on

2019-11-25 10:13:13 - [MESSAGE][PASSED] - Object: 'Object Repository/ADMIN/Custom Item Fields List Page/button_Add Field' is clicked on

2019-11-25 10:13:13 - [TEST_STEP][PASSED] - comment: Choose Field Type

2019-11-25 10:13:13 - [TEST_STEP][PASSED] - Statement - If (varCustomFieldType == "Checkbox"): null

2019-11-25 10:13:13 - [TEST_STEP][PASSED] - Statement - Else If (varCustomFieldType == "Date / Time picker"): All options with label 'Date / Time picker' are selected in object 'Object Repository/ADMIN/Custom Item Fields Page/a_Default/dropdown_fieldtype' 

2019-11-25 10:13:13 - [TEST_STEP][PASSED] - waitForElementVisible: Object 'Object Repository/ADMIN/Custom Item Fields Page/a_Default/dropdown_fieldtype' is visible

2019-11-25 10:13:13 - [MESSAGE][WARNING] - Timeout '0' is invalid. Using default page load timeout: '30'

2019-11-25 10:13:13 - [MESSAGE][PASSED] - Object 'Object Repository/ADMIN/Custom Item Fields Page/a_Default/dropdown_fieldtype' is visible

2019-11-25 10:13:13 - [TEST_STEP][PASSED] - selectOptionByLabel: All options with label 'Date / Time picker' are selected in object 'Object Repository/ADMIN/Custom Item Fields Page/a_Default/dropdown_fieldtype' 

2019-11-25 10:13:13 - [MESSAGE][PASSED] - All options with label 'Date / Time picker' are selected in object 'Object Repository/ADMIN/Custom Item Fields Page/a_Default/dropdown_fieldtype' 

2019-11-25 10:13:13 - [TEST_STEP][PASSED] - comment: Field Name

2019-11-25 10:13:13 - [TEST_STEP][PASSED] - setText: Text 'SPG_Date / Time_On_NM' is set on object 'Object Repository/ADMIN/Custom Item Fields Page/a_Default/textfield_fieldname'

2019-11-25 10:13:13 - [MESSAGE][PASSED] - Text 'SPG_Date / Time_On_NM' is set on object 'Object Repository/ADMIN/Custom Item Fields Page/a_Default/textfield_fieldname'

2019-11-25 10:13:13 - [TEST_STEP][PASSED] - comment: Mandatory/NonMandatory

2019-11-25 10:13:13 - [TEST_STEP][PASSED] - Statement - If (varMandatoryNonMandatory == "mandatory"): null

2019-11-25 10:13:13 - [TEST_STEP][PASSED] - Statement - Else If (varMandatoryNonMandatory == "non-mandatory"): Object: 'Object Repository/ADMIN/Custom Item Fields Page/a_Default/togglebutton_mandatory' is clicked on

2019-11-25 10:13:13 - [TEST_STEP][PASSED] - waitForElementVisible: Object 'Object Repository/ADMIN/Custom Item Fields Page/a_Default/togglebutton_mandatory' is visible

2019-11-25 10:13:13 - [MESSAGE][WARNING] - Timeout '0' is invalid. Using default page load timeout: '30'

2019-11-25 10:13:13 - [MESSAGE][PASSED] - Object 'Object Repository/ADMIN/Custom Item Fields Page/a_Default/togglebutton_mandatory' is visible

2019-11-25 10:13:13 - [TEST_STEP][PASSED] - click: Object: 'Object Repository/ADMIN/Custom Item Fields Page/a_Default/togglebutton_mandatory' is clicked on

2019-11-25 10:13:13 - [MESSAGE][PASSED] - Object: 'Object Repository/ADMIN/Custom Item Fields Page/a_Default/togglebutton_mandatory' is clicked on

2019-11-25 10:13:13 - [TEST_STEP][PASSED] - comment: Assign Category

2019-11-25 10:13:13 - [TEST_STEP][PASSED] - click: Object: 'Object Repository/ADMIN/Custom Item Fields Page/a_Default/button_SelectCategories' is clicked on

2019-11-25 10:13:13 - [MESSAGE][PASSED] - Object: 'Object Repository/ADMIN/Custom Item Fields Page/a_Default/button_SelectCategories' is clicked on

2019-11-25 10:13:13 - [TEST_STEP][PASSED] - waitForElementVisible: Object 'Object Repository/ADMIN/Custom Item Fields List Page/a_SelectCategories/searchbox_Category' is visible

2019-11-25 10:13:13 - [MESSAGE][WARNING] - Timeout '0' is invalid. Using default page load timeout: '30'

2019-11-25 10:13:14 - [MESSAGE][PASSED] - Object 'Object Repository/ADMIN/Custom Item Fields List Page/a_SelectCategories/searchbox_Category' is visible

2019-11-25 10:13:14 - [TEST_STEP][PASSED] - comment: Category Assignment

2019-11-25 10:13:14 - [TEST_STEP][PASSED] - Statement - If (varAssignedCategory == "All Cat"): null

2019-11-25 10:13:14 - [TEST_STEP][PASSED] - Statement - Else If (varAssignedCategory == "Category 01"): null

2019-11-25 10:13:14 - [TEST_STEP][PASSED] - Statement - Else If (varAssignedCategory == "Category 2.1"): null

2019-11-25 10:13:14 - [TEST_STEP][PASSED] - Statement - Else If (varAssignedCategory == "Category 3.1.1"): Object: 'Object Repository/ADMIN/Custom Item Fields List Page/a_SelectCategories/a_Categories/checkbox_3.1.1' is clicked on

2019-11-25 10:13:14 - [TEST_STEP][PASSED] - setText: Text 'Category 3.1.1' is set on object 'Object Repository/ADMIN/Custom Item Fields List Page/a_SelectCategories/searchbox_Category'

2019-11-25 10:13:14 - [MESSAGE][PASSED] - Text 'Category 3.1.1' is set on object 'Object Repository/ADMIN/Custom Item Fields List Page/a_SelectCategories/searchbox_Category'

2019-11-25 10:13:14 - [TEST_STEP][PASSED] - click: Object: 'Object Repository/ADMIN/Custom Item Fields List Page/a_SelectCategories/a_Categories/checkbox_3.1.1' is clicked on

2019-11-25 10:13:14 - [MESSAGE][PASSED] - Object: 'Object Repository/ADMIN/Custom Item Fields List Page/a_SelectCategories/a_Categories/checkbox_3.1.1' is clicked on

2019-11-25 10:13:14 - [TEST_STEP][PASSED] - click: Object: 'Object Repository/ADMIN/Custom Item Fields List Page/a_SelectCategories/button_Save' is clicked on

2019-11-25 10:13:14 - [MESSAGE][PASSED] - Object: 'Object Repository/ADMIN/Custom Item Fields List Page/a_SelectCategories/button_Save' is clicked on

2019-11-25 10:13:14 - [TEST_STEP][PASSED] - delay: Delayed 2 second(s)

2019-11-25 10:13:16 - [MESSAGE][PASSED] - Delayed 2 second(s)

2019-11-25 10:13:16 - [TEST_STEP][PASSED] - click: Object: 'Object Repository/ADMIN/Custom Item Fields Page/a_Default/button_Save1' is clicked on

2019-11-25 10:13:17 - [MESSAGE][PASSED] - Object: 'Object Repository/ADMIN/Custom Item Fields Page/a_Default/button_Save1' is clicked on

2019-11-25 10:13:17 - [TEST_STEP][PASSED] - waitForElementVisible: Object 'Object Repository/ADMIN/Custom Item Fields List Page/button_Add Field' is visible

2019-11-25 10:13:17 - [MESSAGE][WARNING] - Timeout '0' is invalid. Using default page load timeout: '30'

2019-11-25 10:13:18 - [MESSAGE][PASSED] - Object 'Object Repository/ADMIN/Custom Item Fields List Page/button_Add Field' is visible]]></system-out>
         <system-err><![CDATA[]]></system-err>
      </testcase>
      <testcase name="Test Cases/ADMIN/Content Mgmt/Custom Fields Page/Add Custom Item Fields/Add_CF_DataDriven" classname="Test Cases/ADMIN/Content Mgmt/Custom Fields Page/Add Custom Item Fields/Add_CF_DataDriven" status="PASSED">
         <system-out><![CDATA[2019-11-25 10:13:18 - [TEST_CASE][PASSED] - Test Cases/ADMIN/Content Mgmt/Custom Fields Page/Add Custom Item Fields/Add_CF_DataDriven: Test Cases/ADMIN/Content Mgmt/Custom Fields Page/Add Custom Item Fields/Add_CF_DataDriven

2019-11-25 10:13:18 - [TEST_STEP][PASSED] - waitForElementVisible: Object 'Object Repository/ADMIN/Custom Item Fields List Page/button_Add Field' is visible

2019-11-25 10:13:18 - [MESSAGE][WARNING] - Timeout '0' is invalid. Using default page load timeout: '30'

2019-11-25 10:13:18 - [MESSAGE][PASSED] - Object 'Object Repository/ADMIN/Custom Item Fields List Page/button_Add Field' is visible

2019-11-25 10:13:18 - [TEST_STEP][PASSED] - click: Object: 'Object Repository/ADMIN/Custom Item Fields List Page/button_Add Field' is clicked on

2019-11-25 10:13:19 - [MESSAGE][PASSED] - Object: 'Object Repository/ADMIN/Custom Item Fields List Page/button_Add Field' is clicked on

2019-11-25 10:13:19 - [TEST_STEP][PASSED] - comment: Choose Field Type

2019-11-25 10:13:19 - [TEST_STEP][PASSED] - Statement - If (varCustomFieldType == "Checkbox"): null

2019-11-25 10:13:19 - [TEST_STEP][PASSED] - Statement - Else If (varCustomFieldType == "Date / Time picker"): All options with label 'Date / Time picker' are selected in object 'Object Repository/ADMIN/Custom Item Fields Page/a_Default/dropdown_fieldtype' 

2019-11-25 10:13:19 - [TEST_STEP][PASSED] - waitForElementVisible: Object 'Object Repository/ADMIN/Custom Item Fields Page/a_Default/dropdown_fieldtype' is visible

2019-11-25 10:13:19 - [MESSAGE][WARNING] - Timeout '0' is invalid. Using default page load timeout: '30'

2019-11-25 10:13:19 - [MESSAGE][PASSED] - Object 'Object Repository/ADMIN/Custom Item Fields Page/a_Default/dropdown_fieldtype' is visible

2019-11-25 10:13:19 - [TEST_STEP][PASSED] - selectOptionByLabel: All options with label 'Date / Time picker' are selected in object 'Object Repository/ADMIN/Custom Item Fields Page/a_Default/dropdown_fieldtype' 

2019-11-25 10:13:20 - [MESSAGE][PASSED] - All options with label 'Date / Time picker' are selected in object 'Object Repository/ADMIN/Custom Item Fields Page/a_Default/dropdown_fieldtype' 

2019-11-25 10:13:20 - [TEST_STEP][PASSED] - comment: Field Name

2019-11-25 10:13:20 - [TEST_STEP][PASSED] - setText: Text 'SPG_Date / Time_Off_NM' is set on object 'Object Repository/ADMIN/Custom Item Fields Page/a_Default/textfield_fieldname'

2019-11-25 10:13:20 - [MESSAGE][PASSED] - Text 'SPG_Date / Time_Off_NM' is set on object 'Object Repository/ADMIN/Custom Item Fields Page/a_Default/textfield_fieldname'

2019-11-25 10:13:20 - [TEST_STEP][PASSED] - comment: Mandatory/NonMandatory

2019-11-25 10:13:20 - [TEST_STEP][PASSED] - Statement - If (varMandatoryNonMandatory == "mandatory"): null

2019-11-25 10:13:20 - [TEST_STEP][PASSED] - Statement - Else If (varMandatoryNonMandatory == "non-mandatory"): Object: 'Object Repository/ADMIN/Custom Item Fields Page/a_Default/togglebutton_mandatory' is clicked on

2019-11-25 10:13:20 - [TEST_STEP][PASSED] - waitForElementVisible: Object 'Object Repository/ADMIN/Custom Item Fields Page/a_Default/togglebutton_mandatory' is visible

2019-11-25 10:13:20 - [MESSAGE][WARNING] - Timeout '0' is invalid. Using default page load timeout: '30'

2019-11-25 10:13:20 - [MESSAGE][PASSED] - Object 'Object Repository/ADMIN/Custom Item Fields Page/a_Default/togglebutton_mandatory' is visible

2019-11-25 10:13:20 - [TEST_STEP][PASSED] - click: Object: 'Object Repository/ADMIN/Custom Item Fields Page/a_Default/togglebutton_mandatory' is clicked on

2019-11-25 10:13:20 - [MESSAGE][PASSED] - Object: 'Object Repository/ADMIN/Custom Item Fields Page/a_Default/togglebutton_mandatory' is clicked on

2019-11-25 10:13:20 - [TEST_STEP][PASSED] - comment: Assign Category

2019-11-25 10:13:20 - [TEST_STEP][PASSED] - click: Object: 'Object Repository/ADMIN/Custom Item Fields Page/a_Default/button_SelectCategories' is clicked on

2019-11-25 10:13:20 - [MESSAGE][PASSED] - Object: 'Object Repository/ADMIN/Custom Item Fields Page/a_Default/button_SelectCategories' is clicked on

2019-11-25 10:13:20 - [TEST_STEP][PASSED] - waitForElementVisible: Object 'Object Repository/ADMIN/Custom Item Fields List Page/a_SelectCategories/searchbox_Category' is visible

2019-11-25 10:13:20 - [MESSAGE][WARNING] - Timeout '0' is invalid. Using default page load timeout: '30'

2019-11-25 10:13:21 - [MESSAGE][PASSED] - Object 'Object Repository/ADMIN/Custom Item Fields List Page/a_SelectCategories/searchbox_Category' is visible

2019-11-25 10:13:21 - [TEST_STEP][PASSED] - comment: Category Assignment

2019-11-25 10:13:21 - [TEST_STEP][PASSED] - Statement - If (varAssignedCategory == "All Cat"): null

2019-11-25 10:13:21 - [TEST_STEP][PASSED] - Statement - Else If (varAssignedCategory == "Category 01"): null

2019-11-25 10:13:21 - [TEST_STEP][PASSED] - Statement - Else If (varAssignedCategory == "Category 2.1"): null

2019-11-25 10:13:21 - [TEST_STEP][PASSED] - Statement - Else If (varAssignedCategory == "Category 3.1.1"): Object: 'Object Repository/ADMIN/Custom Item Fields List Page/a_SelectCategories/a_Categories/checkbox_3.1.1' is clicked on

2019-11-25 10:13:21 - [TEST_STEP][PASSED] - setText: Text 'Category 3.1.1' is set on object 'Object Repository/ADMIN/Custom Item Fields List Page/a_SelectCategories/searchbox_Category'

2019-11-25 10:13:21 - [MESSAGE][PASSED] - Text 'Category 3.1.1' is set on object 'Object Repository/ADMIN/Custom Item Fields List Page/a_SelectCategories/searchbox_Category'

2019-11-25 10:13:21 - [TEST_STEP][PASSED] - click: Object: 'Object Repository/ADMIN/Custom Item Fields List Page/a_SelectCategories/a_Categories/checkbox_3.1.1' is clicked on

2019-11-25 10:13:21 - [MESSAGE][PASSED] - Object: 'Object Repository/ADMIN/Custom Item Fields List Page/a_SelectCategories/a_Categories/checkbox_3.1.1' is clicked on

2019-11-25 10:13:21 - [TEST_STEP][PASSED] - click: Object: 'Object Repository/ADMIN/Custom Item Fields List Page/a_SelectCategories/button_Save' is clicked on

2019-11-25 10:13:21 - [MESSAGE][PASSED] - Object: 'Object Repository/ADMIN/Custom Item Fields List Page/a_SelectCategories/button_Save' is clicked on

2019-11-25 10:13:21 - [TEST_STEP][PASSED] - delay: Delayed 2 second(s)

2019-11-25 10:13:23 - [MESSAGE][PASSED] - Delayed 2 second(s)

2019-11-25 10:13:23 - [TEST_STEP][PASSED] - click: Object: 'Object Repository/ADMIN/Custom Item Fields Page/a_Default/button_Save1' is clicked on

2019-11-25 10:13:23 - [MESSAGE][PASSED] - Object: 'Object Repository/ADMIN/Custom Item Fields Page/a_Default/button_Save1' is clicked on

2019-11-25 10:13:23 - [TEST_STEP][PASSED] - waitForElementVisible: Object 'Object Repository/ADMIN/Custom Item Fields List Page/button_Add Field' is visible

2019-11-25 10:13:23 - [MESSAGE][WARNING] - Timeout '0' is invalid. Using default page load timeout: '30'

2019-11-25 10:13:25 - [MESSAGE][PASSED] - Object 'Object Repository/ADMIN/Custom Item Fields List Page/button_Add Field' is visible]]></system-out>
         <system-err><![CDATA[]]></system-err>
      </testcase>
      <testcase name="Test Cases/ADMIN/Content Mgmt/Custom Fields Page/Add Custom Item Fields/Add_CF_DataDriven" classname="Test Cases/ADMIN/Content Mgmt/Custom Fields Page/Add Custom Item Fields/Add_CF_DataDriven" status="PASSED">
         <system-out><![CDATA[2019-11-25 10:13:25 - [TEST_CASE][PASSED] - Test Cases/ADMIN/Content Mgmt/Custom Fields Page/Add Custom Item Fields/Add_CF_DataDriven: Test Cases/ADMIN/Content Mgmt/Custom Fields Page/Add Custom Item Fields/Add_CF_DataDriven

2019-11-25 10:13:25 - [TEST_STEP][PASSED] - waitForElementVisible: Object 'Object Repository/ADMIN/Custom Item Fields List Page/button_Add Field' is visible

2019-11-25 10:13:25 - [MESSAGE][WARNING] - Timeout '0' is invalid. Using default page load timeout: '30'

2019-11-25 10:13:25 - [MESSAGE][PASSED] - Object 'Object Repository/ADMIN/Custom Item Fields List Page/button_Add Field' is visible

2019-11-25 10:13:25 - [TEST_STEP][PASSED] - click: Object: 'Object Repository/ADMIN/Custom Item Fields List Page/button_Add Field' is clicked on

2019-11-25 10:13:27 - [MESSAGE][PASSED] - Object: 'Object Repository/ADMIN/Custom Item Fields List Page/button_Add Field' is clicked on

2019-11-25 10:13:27 - [TEST_STEP][PASSED] - comment: Choose Field Type

2019-11-25 10:13:27 - [TEST_STEP][PASSED] - Statement - If (varCustomFieldType == "Checkbox"): Text 'Maxout_Char Checkbox_NM1 !@#$%CB10' is set on object 'Object Repository/ADMIN/Custom Item Fields Page/a_Checkbox/textfield_option10'

2019-11-25 10:13:27 - [TEST_STEP][PASSED] - waitForElementVisible: Object 'Object Repository/ADMIN/Custom Item Fields Page/a_Default/dropdown_fieldtype' is visible

2019-11-25 10:13:27 - [MESSAGE][WARNING] - Timeout '0' is invalid. Using default page load timeout: '30'

2019-11-25 10:13:28 - [MESSAGE][PASSED] - Object 'Object Repository/ADMIN/Custom Item Fields Page/a_Default/dropdown_fieldtype' is visible

2019-11-25 10:13:28 - [TEST_STEP][PASSED] - selectOptionByLabel: All options with label 'Checkbox' are selected in object 'Object Repository/ADMIN/Custom Item Fields Page/a_Default/dropdown_fieldtype' 

2019-11-25 10:13:28 - [MESSAGE][PASSED] - All options with label 'Checkbox' are selected in object 'Object Repository/ADMIN/Custom Item Fields Page/a_Default/dropdown_fieldtype' 

2019-11-25 10:13:28 - [TEST_STEP][PASSED] - waitForElementVisible: Object 'Object Repository/ADMIN/Custom Item Fields Page/a_Checkbox/button_addoption' is visible

2019-11-25 10:13:28 - [MESSAGE][WARNING] - Timeout '0' is invalid. Using default page load timeout: '30'

2019-11-25 10:13:28 - [MESSAGE][PASSED] - Object 'Object Repository/ADMIN/Custom Item Fields Page/a_Checkbox/button_addoption' is visible

2019-11-25 10:13:28 - [TEST_STEP][PASSED] - Statement - For ([r = 0, r <= 7, (r++)]): Object: 'Object Repository/ADMIN/Custom Item Fields Page/a_Checkbox/button_addoption' is clicked on

2019-11-25 10:13:28 - [TEST_STEP][PASSED] - click: Object: 'Object Repository/ADMIN/Custom Item Fields Page/a_Checkbox/button_addoption' is clicked on

2019-11-25 10:13:28 - [MESSAGE][PASSED] - Object: 'Object Repository/ADMIN/Custom Item Fields Page/a_Checkbox/button_addoption' is clicked on

2019-11-25 10:13:28 - [TEST_STEP][PASSED] - click: Object: 'Object Repository/ADMIN/Custom Item Fields Page/a_Checkbox/button_addoption' is clicked on

2019-11-25 10:13:28 - [MESSAGE][PASSED] - Object: 'Object Repository/ADMIN/Custom Item Fields Page/a_Checkbox/button_addoption' is clicked on

2019-11-25 10:13:28 - [TEST_STEP][PASSED] - click: Object: 'Object Repository/ADMIN/Custom Item Fields Page/a_Checkbox/button_addoption' is clicked on

2019-11-25 10:13:28 - [MESSAGE][PASSED] - Object: 'Object Repository/ADMIN/Custom Item Fields Page/a_Checkbox/button_addoption' is clicked on

2019-11-25 10:13:28 - [TEST_STEP][PASSED] - click: Object: 'Object Repository/ADMIN/Custom Item Fields Page/a_Checkbox/button_addoption' is clicked on

2019-11-25 10:13:28 - [MESSAGE][PASSED] - Object: 'Object Repository/ADMIN/Custom Item Fields Page/a_Checkbox/button_addoption' is clicked on

2019-11-25 10:13:28 - [TEST_STEP][PASSED] - click: Object: 'Object Repository/ADMIN/Custom Item Fields Page/a_Checkbox/button_addoption' is clicked on

2019-11-25 10:13:28 - [MESSAGE][PASSED] - Object: 'Object Repository/ADMIN/Custom Item Fields Page/a_Checkbox/button_addoption' is clicked on

2019-11-25 10:13:28 - [TEST_STEP][PASSED] - click: Object: 'Object Repository/ADMIN/Custom Item Fields Page/a_Checkbox/button_addoption' is clicked on

2019-11-25 10:13:28 - [MESSAGE][PASSED] - Object: 'Object Repository/ADMIN/Custom Item Fields Page/a_Checkbox/button_addoption' is clicked on

2019-11-25 10:13:28 - [TEST_STEP][PASSED] - click: Object: 'Object Repository/ADMIN/Custom Item Fields Page/a_Checkbox/button_addoption' is clicked on

2019-11-25 10:13:28 - [MESSAGE][PASSED] - Object: 'Object Repository/ADMIN/Custom Item Fields Page/a_Checkbox/button_addoption' is clicked on

2019-11-25 10:13:28 - [TEST_STEP][PASSED] - click: Object: 'Object Repository/ADMIN/Custom Item Fields Page/a_Checkbox/button_addoption' is clicked on

2019-11-25 10:13:28 - [MESSAGE][PASSED] - Object: 'Object Repository/ADMIN/Custom Item Fields Page/a_Checkbox/button_addoption' is clicked on

2019-11-25 10:13:28 - [TEST_STEP][PASSED] - comment: Add Option

2019-11-25 10:13:28 - [TEST_STEP][PASSED] - setText: Text 'Maxout_Char Checkbox_NM1 !@#$%CB1' is set on object 'Object Repository/ADMIN/Custom Item Fields Page/a_Checkbox/textfield_opt1'

2019-11-25 10:13:29 - [MESSAGE][PASSED] - Text 'Maxout_Char Checkbox_NM1 !@#$%CB1' is set on object 'Object Repository/ADMIN/Custom Item Fields Page/a_Checkbox/textfield_opt1'

2019-11-25 10:13:29 - [TEST_STEP][PASSED] - setText: Text 'Maxout_Char Checkbox_NM1 !@#$%CB2' is set on object 'Object Repository/ADMIN/Custom Item Fields Page/a_Checkbox/textfield_opt2'

2019-11-25 10:13:29 - [MESSAGE][PASSED] - Text 'Maxout_Char Checkbox_NM1 !@#$%CB2' is set on object 'Object Repository/ADMIN/Custom Item Fields Page/a_Checkbox/textfield_opt2'

2019-11-25 10:13:29 - [TEST_STEP][PASSED] - setText: Text 'Maxout_Char Checkbox_NM1 !@#$%CB3' is set on object 'Object Repository/ADMIN/Custom Item Fields Page/a_Checkbox/textfield_option3'

2019-11-25 10:13:29 - [MESSAGE][PASSED] - Text 'Maxout_Char Checkbox_NM1 !@#$%CB3' is set on object 'Object Repository/ADMIN/Custom Item Fields Page/a_Checkbox/textfield_option3'

2019-11-25 10:13:29 - [TEST_STEP][PASSED] - setText: Text 'Maxout_Char Checkbox_NM1 !@#$%CB4' is set on object 'Object Repository/ADMIN/Custom Item Fields Page/a_Checkbox/textfield_option4'

2019-11-25 10:13:30 - [MESSAGE][PASSED] - Text 'Maxout_Char Checkbox_NM1 !@#$%CB4' is set on object 'Object Repository/ADMIN/Custom Item Fields Page/a_Checkbox/textfield_option4'

2019-11-25 10:13:30 - [TEST_STEP][PASSED] - setText: Text 'Maxout_Char Checkbox_NM1 !@#$%CB5' is set on object 'Object Repository/ADMIN/Custom Item Fields Page/a_Checkbox/textfield_option5'

2019-11-25 10:13:30 - [MESSAGE][PASSED] - Text 'Maxout_Char Checkbox_NM1 !@#$%CB5' is set on object 'Object Repository/ADMIN/Custom Item Fields Page/a_Checkbox/textfield_option5'

2019-11-25 10:13:30 - [TEST_STEP][PASSED] - setText: Text 'Maxout_Char Checkbox_NM1 !@#$%CB6' is set on object 'Object Repository/ADMIN/Custom Item Fields Page/a_Checkbox/textfield_option6'

2019-11-25 10:13:30 - [MESSAGE][PASSED] - Text 'Maxout_Char Checkbox_NM1 !@#$%CB6' is set on object 'Object Repository/ADMIN/Custom Item Fields Page/a_Checkbox/textfield_option6'

2019-11-25 10:13:30 - [TEST_STEP][PASSED] - setText: Text 'Maxout_Char Checkbox_NM1 !@#$%CB7' is set on object 'Object Repository/ADMIN/Custom Item Fields Page/a_Checkbox/textfield_option7'

2019-11-25 10:13:31 - [MESSAGE][PASSED] - Text 'Maxout_Char Checkbox_NM1 !@#$%CB7' is set on object 'Object Repository/ADMIN/Custom Item Fields Page/a_Checkbox/textfield_option7'

2019-11-25 10:13:31 - [TEST_STEP][PASSED] - setText: Text 'Maxout_Char Checkbox_NM1 !@#$%CB8' is set on object 'Object Repository/ADMIN/Custom Item Fields Page/a_Checkbox/textfield_option8'

2019-11-25 10:13:31 - [MESSAGE][PASSED] - Text 'Maxout_Char Checkbox_NM1 !@#$%CB8' is set on object 'Object Repository/ADMIN/Custom Item Fields Page/a_Checkbox/textfield_option8'

2019-11-25 10:13:31 - [TEST_STEP][PASSED] - setText: Text 'Maxout_Char Checkbox_NM1 !@#$%CB9' is set on object 'Object Repository/ADMIN/Custom Item Fields Page/a_Checkbox/textfield_option9'

2019-11-25 10:13:31 - [MESSAGE][PASSED] - Text 'Maxout_Char Checkbox_NM1 !@#$%CB9' is set on object 'Object Repository/ADMIN/Custom Item Fields Page/a_Checkbox/textfield_option9'

2019-11-25 10:13:31 - [TEST_STEP][PASSED] - setText: Text 'Maxout_Char Checkbox_NM1 !@#$%CB10' is set on object 'Object Repository/ADMIN/Custom Item Fields Page/a_Checkbox/textfield_option10'

2019-11-25 10:13:32 - [MESSAGE][PASSED] - Text 'Maxout_Char Checkbox_NM1 !@#$%CB10' is set on object 'Object Repository/ADMIN/Custom Item Fields Page/a_Checkbox/textfield_option10'

2019-11-25 10:13:32 - [TEST_STEP][PASSED] - comment: Field Name

2019-11-25 10:13:32 - [TEST_STEP][PASSED] - setText: Text 'Maxout_Char Checkbox_NM1 !@#$%' is set on object 'Object Repository/ADMIN/Custom Item Fields Page/a_Default/textfield_fieldname'

2019-11-25 10:13:32 - [MESSAGE][PASSED] - Text 'Maxout_Char Checkbox_NM1 !@#$%' is set on object 'Object Repository/ADMIN/Custom Item Fields Page/a_Default/textfield_fieldname'

2019-11-25 10:13:32 - [TEST_STEP][PASSED] - comment: Mandatory/NonMandatory

2019-11-25 10:13:32 - [TEST_STEP][PASSED] - Statement - If (varMandatoryNonMandatory == "mandatory"): null

2019-11-25 10:13:32 - [TEST_STEP][PASSED] - Statement - Else If (varMandatoryNonMandatory == "non-mandatory"): Object: 'Object Repository/ADMIN/Custom Item Fields Page/a_Default/togglebutton_mandatory' is clicked on

2019-11-25 10:13:32 - [TEST_STEP][PASSED] - waitForElementVisible: Object 'Object Repository/ADMIN/Custom Item Fields Page/a_Default/togglebutton_mandatory' is visible

2019-11-25 10:13:32 - [MESSAGE][WARNING] - Timeout '0' is invalid. Using default page load timeout: '30'

2019-11-25 10:13:32 - [MESSAGE][PASSED] - Object 'Object Repository/ADMIN/Custom Item Fields Page/a_Default/togglebutton_mandatory' is visible

2019-11-25 10:13:32 - [TEST_STEP][PASSED] - click: Object: 'Object Repository/ADMIN/Custom Item Fields Page/a_Default/togglebutton_mandatory' is clicked on

2019-11-25 10:13:32 - [MESSAGE][PASSED] - Object: 'Object Repository/ADMIN/Custom Item Fields Page/a_Default/togglebutton_mandatory' is clicked on

2019-11-25 10:13:32 - [TEST_STEP][PASSED] - comment: Assign Category

2019-11-25 10:13:32 - [TEST_STEP][PASSED] - click: Object: 'Object Repository/ADMIN/Custom Item Fields Page/a_Default/button_SelectCategories' is clicked on

2019-11-25 10:13:32 - [MESSAGE][PASSED] - Object: 'Object Repository/ADMIN/Custom Item Fields Page/a_Default/button_SelectCategories' is clicked on

2019-11-25 10:13:32 - [TEST_STEP][PASSED] - waitForElementVisible: Object 'Object Repository/ADMIN/Custom Item Fields List Page/a_SelectCategories/searchbox_Category' is visible

2019-11-25 10:13:32 - [MESSAGE][WARNING] - Timeout '0' is invalid. Using default page load timeout: '30'

2019-11-25 10:13:33 - [MESSAGE][PASSED] - Object 'Object Repository/ADMIN/Custom Item Fields List Page/a_SelectCategories/searchbox_Category' is visible

2019-11-25 10:13:33 - [TEST_STEP][PASSED] - comment: Category Assignment

2019-11-25 10:13:33 - [TEST_STEP][PASSED] - Statement - If (varAssignedCategory == "All Cat"): null

2019-11-25 10:13:33 - [TEST_STEP][PASSED] - click: Object: 'Object Repository/ADMIN/Custom Item Fields List Page/a_SelectCategories/button_Save' is clicked on

2019-11-25 10:13:33 - [MESSAGE][PASSED] - Object: 'Object Repository/ADMIN/Custom Item Fields List Page/a_SelectCategories/button_Save' is clicked on

2019-11-25 10:13:33 - [TEST_STEP][PASSED] - delay: Delayed 2 second(s)

2019-11-25 10:13:35 - [MESSAGE][PASSED] - Delayed 2 second(s)

2019-11-25 10:13:35 - [TEST_STEP][PASSED] - click: Object: 'Object Repository/ADMIN/Custom Item Fields Page/a_Default/button_Save1' is clicked on

2019-11-25 10:13:35 - [MESSAGE][PASSED] - Object: 'Object Repository/ADMIN/Custom Item Fields Page/a_Default/button_Save1' is clicked on

2019-11-25 10:13:35 - [TEST_STEP][PASSED] - waitForElementVisible: Object 'Object Repository/ADMIN/Custom Item Fields List Page/button_Add Field' is visible

2019-11-25 10:13:35 - [MESSAGE][WARNING] - Timeout '0' is invalid. Using default page load timeout: '30'

2019-11-25 10:13:36 - [MESSAGE][PASSED] - Object 'Object Repository/ADMIN/Custom Item Fields List Page/button_Add Field' is visible]]></system-out>
         <system-err><![CDATA[]]></system-err>
      </testcase>
      <testcase name="Test Cases/ADMIN/Content Mgmt/Custom Fields Page/Add Custom Item Fields/Add_CF_DataDriven" classname="Test Cases/ADMIN/Content Mgmt/Custom Fields Page/Add Custom Item Fields/Add_CF_DataDriven" status="PASSED">
         <system-out><![CDATA[2019-11-25 10:13:36 - [TEST_CASE][PASSED] - Test Cases/ADMIN/Content Mgmt/Custom Fields Page/Add Custom Item Fields/Add_CF_DataDriven: Test Cases/ADMIN/Content Mgmt/Custom Fields Page/Add Custom Item Fields/Add_CF_DataDriven

2019-11-25 10:13:36 - [TEST_STEP][PASSED] - waitForElementVisible: Object 'Object Repository/ADMIN/Custom Item Fields List Page/button_Add Field' is visible

2019-11-25 10:13:36 - [MESSAGE][WARNING] - Timeout '0' is invalid. Using default page load timeout: '30'

2019-11-25 10:13:37 - [MESSAGE][PASSED] - Object 'Object Repository/ADMIN/Custom Item Fields List Page/button_Add Field' is visible

2019-11-25 10:13:37 - [TEST_STEP][PASSED] - click: Object: 'Object Repository/ADMIN/Custom Item Fields List Page/button_Add Field' is clicked on

2019-11-25 10:13:37 - [MESSAGE][PASSED] - Object: 'Object Repository/ADMIN/Custom Item Fields List Page/button_Add Field' is clicked on

2019-11-25 10:13:37 - [TEST_STEP][PASSED] - comment: Choose Field Type

2019-11-25 10:13:37 - [TEST_STEP][PASSED] - Statement - If (varCustomFieldType == "Checkbox"): null

2019-11-25 10:13:37 - [TEST_STEP][PASSED] - Statement - Else If (varCustomFieldType == "Date / Time picker"): null

2019-11-25 10:13:37 - [TEST_STEP][PASSED] - Statement - Else If (varCustomFieldType == "Drop Down"): null

2019-11-25 10:13:37 - [TEST_STEP][PASSED] - Statement - Else If (varCustomFieldType == "Email"): null

2019-11-25 10:13:37 - [TEST_STEP][PASSED] - Statement - Else If (varCustomFieldType == "Embed Video"): null

2019-11-25 10:13:37 - [TEST_STEP][PASSED] - Statement - Else If (varCustomFieldType == "Hyperlink / URL"): null

2019-11-25 10:13:37 - [TEST_STEP][PASSED] - Statement - Else If (varCustomFieldType == "Location"): null

2019-11-25 10:13:37 - [TEST_STEP][PASSED] - Statement - Else If (varCustomFieldType == "Number"): null

2019-11-25 10:13:37 - [TEST_STEP][PASSED] - Statement - Else If (varCustomFieldType == "PDF File"): null

2019-11-25 10:13:37 - [TEST_STEP][PASSED] - Statement - Else If (varCustomFieldType == "Percentage"): null

2019-11-25 10:13:37 - [TEST_STEP][PASSED] - Statement - Else If (varCustomFieldType == "Text Editor"): null

2019-11-25 10:13:37 - [TEST_STEP][PASSED] - Statement - Else If (varCustomFieldType == "Text Field"): All options with label 'Text Field' are selected in object 'Object Repository/ADMIN/Custom Item Fields Page/a_Default/dropdown_fieldtype' 

2019-11-25 10:13:37 - [TEST_STEP][PASSED] - waitForElementVisible: Object 'Object Repository/ADMIN/Custom Item Fields Page/a_Default/dropdown_fieldtype' is visible

2019-11-25 10:13:37 - [MESSAGE][WARNING] - Timeout '0' is invalid. Using default page load timeout: '30'

2019-11-25 10:13:37 - [MESSAGE][PASSED] - Object 'Object Repository/ADMIN/Custom Item Fields Page/a_Default/dropdown_fieldtype' is visible

2019-11-25 10:13:37 - [TEST_STEP][PASSED] - selectOptionByLabel: All options with label 'Text Field' are selected in object 'Object Repository/ADMIN/Custom Item Fields Page/a_Default/dropdown_fieldtype' 

2019-11-25 10:13:38 - [MESSAGE][PASSED] - All options with label 'Text Field' are selected in object 'Object Repository/ADMIN/Custom Item Fields Page/a_Default/dropdown_fieldtype' 

2019-11-25 10:13:38 - [TEST_STEP][PASSED] - comment: Field Name

2019-11-25 10:13:38 - [TEST_STEP][PASSED] - setText: Text 'Custom Field For Edit' is set on object 'Object Repository/ADMIN/Custom Item Fields Page/a_Default/textfield_fieldname'

2019-11-25 10:13:38 - [MESSAGE][PASSED] - Text 'Custom Field For Edit' is set on object 'Object Repository/ADMIN/Custom Item Fields Page/a_Default/textfield_fieldname'

2019-11-25 10:13:38 - [TEST_STEP][PASSED] - comment: Mandatory/NonMandatory

2019-11-25 10:13:38 - [TEST_STEP][PASSED] - Statement - If (varMandatoryNonMandatory == "mandatory"): null

2019-11-25 10:13:38 - [TEST_STEP][PASSED] - Statement - Else If (varMandatoryNonMandatory == "non-mandatory"): Object: 'Object Repository/ADMIN/Custom Item Fields Page/a_Default/togglebutton_mandatory' is clicked on

2019-11-25 10:13:38 - [TEST_STEP][PASSED] - waitForElementVisible: Object 'Object Repository/ADMIN/Custom Item Fields Page/a_Default/togglebutton_mandatory' is visible

2019-11-25 10:13:38 - [MESSAGE][WARNING] - Timeout '0' is invalid. Using default page load timeout: '30'

2019-11-25 10:13:38 - [MESSAGE][PASSED] - Object 'Object Repository/ADMIN/Custom Item Fields Page/a_Default/togglebutton_mandatory' is visible

2019-11-25 10:13:38 - [TEST_STEP][PASSED] - click: Object: 'Object Repository/ADMIN/Custom Item Fields Page/a_Default/togglebutton_mandatory' is clicked on

2019-11-25 10:13:38 - [MESSAGE][PASSED] - Object: 'Object Repository/ADMIN/Custom Item Fields Page/a_Default/togglebutton_mandatory' is clicked on

2019-11-25 10:13:38 - [TEST_STEP][PASSED] - comment: Assign Category

2019-11-25 10:13:38 - [TEST_STEP][PASSED] - click: Object: 'Object Repository/ADMIN/Custom Item Fields Page/a_Default/button_SelectCategories' is clicked on

2019-11-25 10:13:38 - [MESSAGE][PASSED] - Object: 'Object Repository/ADMIN/Custom Item Fields Page/a_Default/button_SelectCategories' is clicked on

2019-11-25 10:13:38 - [TEST_STEP][PASSED] - waitForElementVisible: Object 'Object Repository/ADMIN/Custom Item Fields List Page/a_SelectCategories/searchbox_Category' is visible

2019-11-25 10:13:38 - [MESSAGE][WARNING] - Timeout '0' is invalid. Using default page load timeout: '30'

2019-11-25 10:13:39 - [MESSAGE][PASSED] - Object 'Object Repository/ADMIN/Custom Item Fields List Page/a_SelectCategories/searchbox_Category' is visible

2019-11-25 10:13:39 - [TEST_STEP][PASSED] - comment: Category Assignment

2019-11-25 10:13:39 - [TEST_STEP][PASSED] - Statement - If (varAssignedCategory == "All Cat"): Object: 'Object Repository/ADMIN/Custom Item Fields List Page/a_SelectCategories/linktext_SelectAll' is clicked on

2019-11-25 10:13:39 - [TEST_STEP][PASSED] - waitForElementVisible: Object 'Object Repository/ADMIN/Custom Item Fields List Page/a_SelectCategories/linktext_SelectAll' is visible

2019-11-25 10:13:39 - [MESSAGE][WARNING] - Timeout '0' is invalid. Using default page load timeout: '30'

2019-11-25 10:13:39 - [MESSAGE][PASSED] - Object 'Object Repository/ADMIN/Custom Item Fields List Page/a_SelectCategories/linktext_SelectAll' is visible

2019-11-25 10:13:39 - [TEST_STEP][PASSED] - click: Object: 'Object Repository/ADMIN/Custom Item Fields List Page/a_SelectCategories/linktext_SelectAll' is clicked on

2019-11-25 10:13:39 - [MESSAGE][PASSED] - Object: 'Object Repository/ADMIN/Custom Item Fields List Page/a_SelectCategories/linktext_SelectAll' is clicked on

2019-11-25 10:13:39 - [TEST_STEP][PASSED] - click: Object: 'Object Repository/ADMIN/Custom Item Fields List Page/a_SelectCategories/button_Save' is clicked on

2019-11-25 10:13:39 - [MESSAGE][PASSED] - Object: 'Object Repository/ADMIN/Custom Item Fields List Page/a_SelectCategories/button_Save' is clicked on

2019-11-25 10:13:39 - [TEST_STEP][PASSED] - delay: Delayed 2 second(s)

2019-11-25 10:13:41 - [MESSAGE][PASSED] - Delayed 2 second(s)

2019-11-25 10:13:41 - [TEST_STEP][PASSED] - click: Object: 'Object Repository/ADMIN/Custom Item Fields Page/a_Default/button_Save1' is clicked on

2019-11-25 10:13:41 - [MESSAGE][PASSED] - Object: 'Object Repository/ADMIN/Custom Item Fields Page/a_Default/button_Save1' is clicked on

2019-11-25 10:13:41 - [TEST_STEP][PASSED] - waitForElementVisible: Object 'Object Repository/ADMIN/Custom Item Fields List Page/button_Add Field' is visible

2019-11-25 10:13:41 - [MESSAGE][WARNING] - Timeout '0' is invalid. Using default page load timeout: '30'

2019-11-25 10:13:42 - [MESSAGE][PASSED] - Object 'Object Repository/ADMIN/Custom Item Fields List Page/button_Add Field' is visible]]></system-out>
         <system-err><![CDATA[]]></system-err>
      </testcase>
      <testcase name="Test Cases/ADMIN/Content Mgmt/Custom Fields Page/Add Custom Item Fields/Add_CF_DataDriven" classname="Test Cases/ADMIN/Content Mgmt/Custom Fields Page/Add Custom Item Fields/Add_CF_DataDriven" status="PASSED">
         <system-out><![CDATA[2019-11-25 10:13:42 - [TEST_CASE][PASSED] - Test Cases/ADMIN/Content Mgmt/Custom Fields Page/Add Custom Item Fields/Add_CF_DataDriven: Test Cases/ADMIN/Content Mgmt/Custom Fields Page/Add Custom Item Fields/Add_CF_DataDriven

2019-11-25 10:13:42 - [TEST_STEP][PASSED] - waitForElementVisible: Object 'Object Repository/ADMIN/Custom Item Fields List Page/button_Add Field' is visible

2019-11-25 10:13:42 - [MESSAGE][WARNING] - Timeout '0' is invalid. Using default page load timeout: '30'

2019-11-25 10:13:43 - [MESSAGE][PASSED] - Object 'Object Repository/ADMIN/Custom Item Fields List Page/button_Add Field' is visible

2019-11-25 10:13:43 - [TEST_STEP][PASSED] - click: Object: 'Object Repository/ADMIN/Custom Item Fields List Page/button_Add Field' is clicked on

2019-11-25 10:13:43 - [MESSAGE][PASSED] - Object: 'Object Repository/ADMIN/Custom Item Fields List Page/button_Add Field' is clicked on

2019-11-25 10:13:43 - [TEST_STEP][PASSED] - comment: Choose Field Type

2019-11-25 10:13:43 - [TEST_STEP][PASSED] - Statement - If (varCustomFieldType == "Checkbox"): null

2019-11-25 10:13:43 - [TEST_STEP][PASSED] - Statement - Else If (varCustomFieldType == "Date / Time picker"): null

2019-11-25 10:13:43 - [TEST_STEP][PASSED] - Statement - Else If (varCustomFieldType == "Drop Down"): null

2019-11-25 10:13:43 - [TEST_STEP][PASSED] - Statement - Else If (varCustomFieldType == "Email"): null

2019-11-25 10:13:43 - [TEST_STEP][PASSED] - Statement - Else If (varCustomFieldType == "Embed Video"): null

2019-11-25 10:13:43 - [TEST_STEP][PASSED] - Statement - Else If (varCustomFieldType == "Hyperlink / URL"): null

2019-11-25 10:13:43 - [TEST_STEP][PASSED] - Statement - Else If (varCustomFieldType == "Location"): null

2019-11-25 10:13:43 - [TEST_STEP][PASSED] - Statement - Else If (varCustomFieldType == "Number"): null

2019-11-25 10:13:43 - [TEST_STEP][PASSED] - Statement - Else If (varCustomFieldType == "PDF File"): null

2019-11-25 10:13:43 - [TEST_STEP][PASSED] - Statement - Else If (varCustomFieldType == "Percentage"): null

2019-11-25 10:13:43 - [TEST_STEP][PASSED] - Statement - Else If (varCustomFieldType == "Text Editor"): null

2019-11-25 10:13:43 - [TEST_STEP][PASSED] - Statement - Else If (varCustomFieldType == "Text Field"): All options with label 'Text Field' are selected in object 'Object Repository/ADMIN/Custom Item Fields Page/a_Default/dropdown_fieldtype' 

2019-11-25 10:13:43 - [TEST_STEP][PASSED] - waitForElementVisible: Object 'Object Repository/ADMIN/Custom Item Fields Page/a_Default/dropdown_fieldtype' is visible

2019-11-25 10:13:43 - [MESSAGE][WARNING] - Timeout '0' is invalid. Using default page load timeout: '30'

2019-11-25 10:13:44 - [MESSAGE][PASSED] - Object 'Object Repository/ADMIN/Custom Item Fields Page/a_Default/dropdown_fieldtype' is visible

2019-11-25 10:13:44 - [TEST_STEP][PASSED] - selectOptionByLabel: All options with label 'Text Field' are selected in object 'Object Repository/ADMIN/Custom Item Fields Page/a_Default/dropdown_fieldtype' 

2019-11-25 10:13:44 - [MESSAGE][PASSED] - All options with label 'Text Field' are selected in object 'Object Repository/ADMIN/Custom Item Fields Page/a_Default/dropdown_fieldtype' 

2019-11-25 10:13:44 - [TEST_STEP][PASSED] - comment: Field Name

2019-11-25 10:13:44 - [TEST_STEP][PASSED] - setText: Text 'Custom Field For Delete' is set on object 'Object Repository/ADMIN/Custom Item Fields Page/a_Default/textfield_fieldname'

2019-11-25 10:13:44 - [MESSAGE][PASSED] - Text 'Custom Field For Delete' is set on object 'Object Repository/ADMIN/Custom Item Fields Page/a_Default/textfield_fieldname'

2019-11-25 10:13:44 - [TEST_STEP][PASSED] - comment: Mandatory/NonMandatory

2019-11-25 10:13:44 - [TEST_STEP][PASSED] - Statement - If (varMandatoryNonMandatory == "mandatory"): Object 'Object Repository/ADMIN/Custom Item Fields Page/a_Default/togglebutton_mandatory' is visible

2019-11-25 10:13:44 - [TEST_STEP][PASSED] - waitForElementVisible: Object 'Object Repository/ADMIN/Custom Item Fields Page/a_Default/togglebutton_mandatory' is visible

2019-11-25 10:13:44 - [MESSAGE][WARNING] - Timeout '0' is invalid. Using default page load timeout: '30'

2019-11-25 10:13:44 - [MESSAGE][PASSED] - Object 'Object Repository/ADMIN/Custom Item Fields Page/a_Default/togglebutton_mandatory' is visible

2019-11-25 10:13:44 - [TEST_STEP][PASSED] - comment: Assign Category

2019-11-25 10:13:44 - [TEST_STEP][PASSED] - click: Object: 'Object Repository/ADMIN/Custom Item Fields Page/a_Default/button_SelectCategories' is clicked on

2019-11-25 10:13:44 - [MESSAGE][PASSED] - Object: 'Object Repository/ADMIN/Custom Item Fields Page/a_Default/button_SelectCategories' is clicked on

2019-11-25 10:13:44 - [TEST_STEP][PASSED] - waitForElementVisible: Object 'Object Repository/ADMIN/Custom Item Fields List Page/a_SelectCategories/searchbox_Category' is visible

2019-11-25 10:13:44 - [MESSAGE][WARNING] - Timeout '0' is invalid. Using default page load timeout: '30'

2019-11-25 10:13:44 - [MESSAGE][PASSED] - Object 'Object Repository/ADMIN/Custom Item Fields List Page/a_SelectCategories/searchbox_Category' is visible

2019-11-25 10:13:44 - [TEST_STEP][PASSED] - comment: Category Assignment

2019-11-25 10:13:44 - [TEST_STEP][PASSED] - Statement - If (varAssignedCategory == "All Cat"): Object: 'Object Repository/ADMIN/Custom Item Fields List Page/a_SelectCategories/linktext_SelectAll' is clicked on

2019-11-25 10:13:44 - [TEST_STEP][PASSED] - waitForElementVisible: Object 'Object Repository/ADMIN/Custom Item Fields List Page/a_SelectCategories/linktext_SelectAll' is visible

2019-11-25 10:13:44 - [MESSAGE][WARNING] - Timeout '0' is invalid. Using default page load timeout: '30'

2019-11-25 10:13:44 - [MESSAGE][PASSED] - Object 'Object Repository/ADMIN/Custom Item Fields List Page/a_SelectCategories/linktext_SelectAll' is visible

2019-11-25 10:13:44 - [TEST_STEP][PASSED] - click: Object: 'Object Repository/ADMIN/Custom Item Fields List Page/a_SelectCategories/linktext_SelectAll' is clicked on

2019-11-25 10:13:44 - [MESSAGE][PASSED] - Object: 'Object Repository/ADMIN/Custom Item Fields List Page/a_SelectCategories/linktext_SelectAll' is clicked on

2019-11-25 10:13:44 - [TEST_STEP][PASSED] - click: Object: 'Object Repository/ADMIN/Custom Item Fields List Page/a_SelectCategories/button_Save' is clicked on

2019-11-25 10:13:45 - [MESSAGE][PASSED] - Object: 'Object Repository/ADMIN/Custom Item Fields List Page/a_SelectCategories/button_Save' is clicked on

2019-11-25 10:13:45 - [TEST_STEP][PASSED] - delay: Delayed 2 second(s)

2019-11-25 10:13:47 - [MESSAGE][PASSED] - Delayed 2 second(s)

2019-11-25 10:13:47 - [TEST_STEP][PASSED] - click: Object: 'Object Repository/ADMIN/Custom Item Fields Page/a_Default/button_Save1' is clicked on

2019-11-25 10:13:47 - [MESSAGE][PASSED] - Object: 'Object Repository/ADMIN/Custom Item Fields Page/a_Default/button_Save1' is clicked on

2019-11-25 10:13:47 - [TEST_STEP][PASSED] - waitForElementVisible: Object 'Object Repository/ADMIN/Custom Item Fields List Page/button_Add Field' is visible

2019-11-25 10:13:47 - [MESSAGE][WARNING] - Timeout '0' is invalid. Using default page load timeout: '30'

2019-11-25 10:13:48 - [MESSAGE][PASSED] - Object 'Object Repository/ADMIN/Custom Item Fields List Page/button_Add Field' is visible]]></system-out>
         <system-err><![CDATA[]]></system-err>
      </testcase>
      <testcase name="Test Cases/Utilities/ADMIN/Admin Logout" classname="Test Cases/Utilities/ADMIN/Admin Logout" status="PASSED">
         <system-out><![CDATA[2019-11-25 10:13:48 - [TEST_CASE][PASSED] - Test Cases/Utilities/ADMIN/Admin Logout: Test Cases/Utilities/ADMIN/Admin Logout

2019-11-25 10:13:48 - [TEST_STEP][PASSED] - waitForElementVisible: Object 'Object Repository/Utilities/Admin Logout/button_Logout' is visible

2019-11-25 10:13:48 - [MESSAGE][WARNING] - Timeout '0' is invalid. Using default page load timeout: '30'

2019-11-25 10:13:48 - [MESSAGE][PASSED] - Object 'Object Repository/Utilities/Admin Logout/button_Logout' is visible

2019-11-25 10:13:48 - [TEST_STEP][PASSED] - click: Object: 'Object Repository/Utilities/Admin Logout/button_Logout' is clicked on

2019-11-25 10:13:49 - [MESSAGE][PASSED] - Object: 'Object Repository/Utilities/Admin Logout/button_Logout' is clicked on

2019-11-25 10:13:49 - [TEST_STEP][PASSED] - closeBrowser: Browser is closed

2019-11-25 10:13:49 - [MESSAGE][PASSED] - Browser is closed]]></system-out>
         <system-err><![CDATA[]]></system-err>
      </testcase>
      <system-out><![CDATA[2019-11-25 10:04:45 - [TEST_SUITE][PASSED] - Add Custom Field: Test Cases/Utilities/ADMIN/Admin Logout]]></system-out>
      <system-err><![CDATA[]]></system-err>
   </testsuite>
</testsuites>
