<?xml version="1.0" encoding="UTF-8"?>
<testsuites name="UI Verification - List" time="32" tests="2" failures="20" errors="0">
   <testsuite name="UI Verification - List" tests="2" failures="20" errors="0" time="32" timestamp="2019-10-30 14:00:30" hostname="April - April-PC" id="Test Suites/Admin/Delivery 2.0/UI Verification - List">
      <properties>
         <property name="deviceName" value=""/>
         <property name="devicePlatform" value=""/>
         <property name="logFolder" value="C:\\Users\\April\\git\\Trillia\\Reports\\Admin\\Delivery 2.0\\UI Verification - List\\20191030_140028"/>
         <property name="logFiles" value="C:\\Users\\April\\git\\Trillia\\Reports\\Admin\\Delivery 2.0\\UI Verification - List\\20191030_140028\\execution0.log"/>
         <property name="attachments" value="C:\\Users\\April\\git\\Trillia\\Reports\\Admin\\Delivery 2.0\\UI Verification - List\\20191030_140028\\1572415246678.png, C:\\Users\\April\\git\\Trillia\\Reports\\Admin\\Delivery 2.0\\UI Verification - List\\20191030_140028\\1572415247193.png, C:\\Users\\April\\git\\Trillia\\Reports\\Admin\\Delivery 2.0\\UI Verification - List\\20191030_140028\\1572415247622.png, C:\\Users\\April\\git\\Trillia\\Reports\\Admin\\Delivery 2.0\\UI Verification - List\\20191030_140028\\1572415247984.png, C:\\Users\\April\\git\\Trillia\\Reports\\Admin\\Delivery 2.0\\UI Verification - List\\20191030_140028\\1572415248533.png, C:\\Users\\April\\git\\Trillia\\Reports\\Admin\\Delivery 2.0\\UI Verification - List\\20191030_140028\\1572415248909.png, C:\\Users\\April\\git\\Trillia\\Reports\\Admin\\Delivery 2.0\\UI Verification - List\\20191030_140028\\1572415249366.png, C:\\Users\\April\\git\\Trillia\\Reports\\Admin\\Delivery 2.0\\UI Verification - List\\20191030_140028\\1572415249735.png, C:\\Users\\April\\git\\Trillia\\Reports\\Admin\\Delivery 2.0\\UI Verification - List\\20191030_140028\\1572415250214.png, C:\\Users\\April\\git\\Trillia\\Reports\\Admin\\Delivery 2.0\\UI Verification - List\\20191030_140028\\1572415250565.png, C:\\Users\\April\\git\\Trillia\\Reports\\Admin\\Delivery 2.0\\UI Verification - List\\20191030_140028\\1572415251001.png, C:\\Users\\April\\git\\Trillia\\Reports\\Admin\\Delivery 2.0\\UI Verification - List\\20191030_140028\\1572415251394.png, C:\\Users\\April\\git\\Trillia\\Reports\\Admin\\Delivery 2.0\\UI Verification - List\\20191030_140028\\1572415251854.png, C:\\Users\\April\\git\\Trillia\\Reports\\Admin\\Delivery 2.0\\UI Verification - List\\20191030_140028\\1572415252260.png, C:\\Users\\April\\git\\Trillia\\Reports\\Admin\\Delivery 2.0\\UI Verification - List\\20191030_140028\\1572415252683.png, C:\\Users\\April\\git\\Trillia\\Reports\\Admin\\Delivery 2.0\\UI Verification - List\\20191030_140028\\1572415253024.png, C:\\Users\\April\\git\\Trillia\\Reports\\Admin\\Delivery 2.0\\UI Verification - List\\20191030_140028\\1572415253395.png, C:\\Users\\April\\git\\Trillia\\Reports\\Admin\\Delivery 2.0\\UI Verification - List\\20191030_140028\\1572415253835.png, C:\\Users\\April\\git\\Trillia\\Reports\\Admin\\Delivery 2.0\\UI Verification - List\\20191030_140028\\1572415254198.png, C:\\Users\\April\\git\\Trillia\\Reports\\Admin\\Delivery 2.0\\UI Verification - List\\20191030_140028\\1572415254633.png, C:\\Users\\April\\git\\Trillia\\Reports\\Admin\\Delivery 2.0\\UI Verification - List\\20191030_140028\\1572415254989.png, C:\\Users\\April\\git\\Trillia\\Reports\\Admin\\Delivery 2.0\\UI Verification - List\\20191030_140028\\1572415255440.png, C:\\Users\\April\\git\\Trillia\\Reports\\Admin\\Delivery 2.0\\UI Verification - List\\20191030_140028\\1572415255800.png, C:\\Users\\April\\git\\Trillia\\Reports\\Admin\\Delivery 2.0\\UI Verification - List\\20191030_140028\\1572415256230.png, C:\\Users\\April\\git\\Trillia\\Reports\\Admin\\Delivery 2.0\\UI Verification - List\\20191030_140028\\1572415256614.png, C:\\Users\\April\\git\\Trillia\\Reports\\Admin\\Delivery 2.0\\UI Verification - List\\20191030_140028\\1572415257011.png, C:\\Users\\April\\git\\Trillia\\Reports\\Admin\\Delivery 2.0\\UI Verification - List\\20191030_140028\\1572415257372.png, C:\\Users\\April\\git\\Trillia\\Reports\\Admin\\Delivery 2.0\\UI Verification - List\\20191030_140028\\1572415257853.png, C:\\Users\\April\\git\\Trillia\\Reports\\Admin\\Delivery 2.0\\UI Verification - List\\20191030_140028\\1572415258207.png, C:\\Users\\April\\git\\Trillia\\Reports\\Admin\\Delivery 2.0\\UI Verification - List\\20191030_140028\\1572415258607.png, C:\\Users\\April\\git\\Trillia\\Reports\\Admin\\Delivery 2.0\\UI Verification - List\\20191030_140028\\1572415258956.png, C:\\Users\\April\\git\\Trillia\\Reports\\Admin\\Delivery 2.0\\UI Verification - List\\20191030_140028\\1572415259389.png, C:\\Users\\April\\git\\Trillia\\Reports\\Admin\\Delivery 2.0\\UI Verification - List\\20191030_140028\\1572415259742.png, C:\\Users\\April\\git\\Trillia\\Reports\\Admin\\Delivery 2.0\\UI Verification - List\\20191030_140028\\1572415260241.png, C:\\Users\\April\\git\\Trillia\\Reports\\Admin\\Delivery 2.0\\UI Verification - List\\20191030_140028\\1572415260614.png, C:\\Users\\April\\git\\Trillia\\Reports\\Admin\\Delivery 2.0\\UI Verification - List\\20191030_140028\\1572415261023.png, C:\\Users\\April\\git\\Trillia\\Reports\\Admin\\Delivery 2.0\\UI Verification - List\\20191030_140028\\1572415261368.png, C:\\Users\\April\\git\\Trillia\\Reports\\Admin\\Delivery 2.0\\UI Verification - List\\20191030_140028\\1572415261745.png, C:\\Users\\April\\git\\Trillia\\Reports\\Admin\\Delivery 2.0\\UI Verification - List\\20191030_140028\\1572415262120.png, C:\\Users\\April\\git\\Trillia\\Reports\\Admin\\Delivery 2.0\\UI Verification - List\\20191030_140028\\1572415262549.png, C:\\Users\\April\\git\\Trillia\\Reports\\Admin\\Delivery 2.0\\UI Verification - List\\20191030_140028\\1572415262893.png"/>
         <property name="hostName" value="April - April-PC"/>
         <property name="os" value="Windows 7 64bit"/>
         <property name="katalonVersion" value="5.4.2.1"/>
         <property name="browser" value="Chrome 78.0.3904.70"/>
         <property name="hostAddress" value="10.10.31.99"/>
         <property name="sessionId" value="089509c2a3fbe4bde650fc7e8c4caf22"/>
         <property name="seleniumVersion" value="3.7.1"/>
         <property name="proxyInformation" value="ProxyInformation{proxyOption=NO_PROXY, proxyServerType=HTTP, password=, proxyServerAddress=, proxyServerPort=0}"/>
         <property name="platform" value="Windows 7"/>
      </properties>
      <testcase name="Test Cases/Utilities/ADMIN/Admin Login" classname="Test Cases/Utilities/ADMIN/Admin Login" status="PASSED">
         <system-out><![CDATA[2019-10-30 14:00:30 - [TEST_CASE][PASSED] - Test Cases/Utilities/ADMIN/Admin Login: Test Cases/Utilities/ADMIN/Admin Login

2019-10-30 14:00:31 - [TEST_STEP][PASSED] - openBrowser: Browser is opened with url: ''

2019-10-30 14:00:34 - [MESSAGE][PASSED] - Browser is opened with url: ''

2019-10-30 14:00:34 - [TEST_STEP][PASSED] - maximizeWindow: Current window maximized

2019-10-30 14:00:35 - [MESSAGE][PASSED] - Current window maximized

2019-10-30 14:00:35 - [TEST_STEP][PASSED] - navigateToUrl: Navigate to 'http://0625bespoke10.test.arcadier.io/admin' successfully

2019-10-30 14:00:36 - [MESSAGE][PASSED] - Navigate to 'http://0625bespoke10.test.arcadier.io/admin' successfully

2019-10-30 14:00:36 - [TEST_STEP][PASSED] - Statement - If (AdminAccountType == "custom"): Object: 'Object Repository/ADMIN/Admin Login Page/button_SignIn' is clicked on

2019-10-30 14:00:36 - [TEST_STEP][PASSED] - waitForElementVisible: Object 'Object Repository/ADMIN/Admin Login Page/textbox_username' is visible

2019-10-30 14:00:36 - [MESSAGE][WARNING] - Timeout '0' is invalid. Using default page load timeout: '30'

2019-10-30 14:00:37 - [MESSAGE][PASSED] - Object 'Object Repository/ADMIN/Admin Login Page/textbox_username' is visible

2019-10-30 14:00:37 - [TEST_STEP][PASSED] - setText: Text '0625bespoke10' is set on object 'Object Repository/ADMIN/Admin Login Page/textbox_username'

2019-10-30 14:00:37 - [MESSAGE][PASSED] - Text '0625bespoke10' is set on object 'Object Repository/ADMIN/Admin Login Page/textbox_username'

2019-10-30 14:00:37 - [TEST_STEP][PASSED] - setText: Text 'welcome8' is set on object 'Object Repository/ADMIN/Admin Login Page/textbox_password'

2019-10-30 14:00:37 - [MESSAGE][PASSED] - Text 'welcome8' is set on object 'Object Repository/ADMIN/Admin Login Page/textbox_password'

2019-10-30 14:00:37 - [TEST_STEP][PASSED] - click: Object: 'Object Repository/ADMIN/Admin Login Page/button_SignIn' is clicked on

2019-10-30 14:00:42 - [MESSAGE][PASSED] - Object: 'Object Repository/ADMIN/Admin Login Page/button_SignIn' is clicked on]]></system-out>
         <system-err><![CDATA[]]></system-err>
      </testcase>
      <testcase name="Test Cases/ADMIN/Features Control/Delivery 2.0/Delivery 2.0 List Page/navigate_Delivery2.0" classname="Test Cases/ADMIN/Features Control/Delivery 2.0/Delivery 2.0 List Page/navigate_Delivery2.0" status="PASSED">
         <system-out><![CDATA[2019-10-30 14:00:42 - [TEST_CASE][PASSED] - Test Cases/ADMIN/Features Control/Delivery 2.0/Delivery 2.0 List Page/navigate_Delivery2.0: Test Cases/ADMIN/Features Control/Delivery 2.0/Delivery 2.0 List Page/navigate_Delivery2.0

2019-10-30 14:00:42 - [TEST_STEP][PASSED] - waitForElementVisible: Object 'Object Repository/ADMIN/Features Control/Delivery 2.0/sidemenu_Features Control' is visible

2019-10-30 14:00:42 - [MESSAGE][WARNING] - Timeout '0' is invalid. Using default page load timeout: '30'

2019-10-30 14:00:42 - [MESSAGE][PASSED] - Object 'Object Repository/ADMIN/Features Control/Delivery 2.0/sidemenu_Features Control' is visible

2019-10-30 14:00:42 - [TEST_STEP][PASSED] - click: Object: 'Object Repository/ADMIN/Features Control/Delivery 2.0/sidemenu_Features Control' is clicked on

2019-10-30 14:00:43 - [MESSAGE][PASSED] - Object: 'Object Repository/ADMIN/Features Control/Delivery 2.0/sidemenu_Features Control' is clicked on

2019-10-30 14:00:43 - [TEST_STEP][PASSED] - waitForElementVisible: Object 'Object Repository/ADMIN/Features Control/Delivery 2.0/button_featureEdit' is visible

2019-10-30 14:00:43 - [MESSAGE][WARNING] - Timeout '0' is invalid. Using default page load timeout: '30'

2019-10-30 14:00:43 - [MESSAGE][PASSED] - Object 'Object Repository/ADMIN/Features Control/Delivery 2.0/button_featureEdit' is visible

2019-10-30 14:00:43 - [TEST_STEP][PASSED] - click: Object: 'Object Repository/ADMIN/Features Control/Delivery 2.0/button_featureEdit' is clicked on

2019-10-30 14:00:46 - [MESSAGE][PASSED] - Object: 'Object Repository/ADMIN/Features Control/Delivery 2.0/button_featureEdit' is clicked on]]></system-out>
         <system-err><![CDATA[]]></system-err>
      </testcase>
      <testcase name="Test Cases/ADMIN/Features Control/Delivery 2.0/Delivery 2.0 List Page/UI/TC005" classname="Test Cases/ADMIN/Features Control/Delivery 2.0/Delivery 2.0 List Page/UI/TC005" status="FAILED">
         <failure type="FAILED" message="Unable to wait for object to be visible (Root cause: java.lang.IllegalArgumentException: Object is null)"/>
         <system-out><![CDATA[2019-10-30 14:00:46 - [TEST_CASE][FAILED] - Test Cases/ADMIN/Features Control/Delivery 2.0/Delivery 2.0 List Page/UI/TC005: Test Cases/ADMIN/Features Control/Delivery 2.0/Delivery 2.0 List Page/UI/TC005 FAILED because (of) Unable to wait for object to be visible (Root cause: java.lang.IllegalArgumentException: Object is null)

2019-10-30 14:00:46 - [TEST_STEP][FAILED] - waitForElementVisible: Unable to wait for object to be visible (Root cause: java.lang.IllegalArgumentException: Object is null)

2019-10-30 14:00:46 - [MESSAGE][WARNING] - Test object with id 'Object Repository/ADMIN/Features Control/Delivery 2.0/a_Delivery 2.0 List/button_Add Delivery Option' does not exist

2019-10-30 14:00:46 - [MESSAGE][WARNING] - Test object with id 'Object Repository/' does not exist

2019-10-30 14:00:47 - [MESSAGE][FAILED] - Unable to wait for object to be visible (Root cause: java.lang.IllegalArgumentException: Object is null)
[[ATTACHMENT|C:\\Users\\April\\git\\Trillia\\Reports\\Admin\\Delivery 2.0\\UI Verification - List\\20191030_140028\\1572415246678.png]]

2019-10-30 14:00:47 - [TEST_STEP][FAILED] - verifyElementVisible: Unable to verify object is visible (Root cause: java.lang.IllegalArgumentException: Object is null)

2019-10-30 14:00:47 - [MESSAGE][WARNING] - Test object with id 'Object Repository/ADMIN/Features Control/Delivery 2.0/a_Delivery 2.0 List/icon_delivery 2.0' does not exist

2019-10-30 14:00:47 - [MESSAGE][WARNING] - Test object with id 'Object Repository/' does not exist

2019-10-30 14:00:47 - [MESSAGE][FAILED] - Unable to verify object is visible (Root cause: java.lang.IllegalArgumentException: Object is null)
[[ATTACHMENT|C:\\Users\\April\\git\\Trillia\\Reports\\Admin\\Delivery 2.0\\UI Verification - List\\20191030_140028\\1572415247193.png]]]]></system-out>
         <system-err><![CDATA[2019-10-30 14:00:46 - [TEST_CASE][FAILED] - Test Cases/ADMIN/Features Control/Delivery 2.0/Delivery 2.0 List Page/UI/TC005: Test Cases/ADMIN/Features Control/Delivery 2.0/Delivery 2.0 List Page/UI/TC005 FAILED because (of) Unable to wait for object to be visible (Root cause: java.lang.IllegalArgumentException: Object is null)]]></system-err>
      </testcase>
      <testcase name="Test Cases/ADMIN/Features Control/Delivery 2.0/Delivery 2.0 List Page/UI/TC006" classname="Test Cases/ADMIN/Features Control/Delivery 2.0/Delivery 2.0 List Page/UI/TC006" status="FAILED">
         <failure type="FAILED" message="Unable to wait for object to be visible (Root cause: java.lang.IllegalArgumentException: Object is null)"/>
         <system-out><![CDATA[2019-10-30 14:00:47 - [TEST_CASE][FAILED] - Test Cases/ADMIN/Features Control/Delivery 2.0/Delivery 2.0 List Page/UI/TC006: Test Cases/ADMIN/Features Control/Delivery 2.0/Delivery 2.0 List Page/UI/TC006 FAILED because (of) Unable to wait for object to be visible (Root cause: java.lang.IllegalArgumentException: Object is null)

2019-10-30 14:00:47 - [TEST_STEP][FAILED] - waitForElementVisible: Unable to wait for object to be visible (Root cause: java.lang.IllegalArgumentException: Object is null)

2019-10-30 14:00:47 - [MESSAGE][WARNING] - Test object with id 'Object Repository/ADMIN/Features Control/Delivery 2.0/a_Delivery 2.0 List/button_Add Delivery Option' does not exist

2019-10-30 14:00:47 - [MESSAGE][WARNING] - Test object with id 'Object Repository/' does not exist

2019-10-30 14:00:47 - [MESSAGE][FAILED] - Unable to wait for object to be visible (Root cause: java.lang.IllegalArgumentException: Object is null)
[[ATTACHMENT|C:\\Users\\April\\git\\Trillia\\Reports\\Admin\\Delivery 2.0\\UI Verification - List\\20191030_140028\\1572415247622.png]]

2019-10-30 14:00:47 - [TEST_STEP][FAILED] - verifyElementVisible: Unable to verify object is visible (Root cause: java.lang.IllegalArgumentException: Object is null)

2019-10-30 14:00:47 - [MESSAGE][WARNING] - Test object with id 'Object Repository/ADMIN/Features Control/Delivery 2.0/a_Delivery 2.0 List/textlabel_Delivery 2.0' does not exist

2019-10-30 14:00:47 - [MESSAGE][WARNING] - Test object with id 'Object Repository/' does not exist

2019-10-30 14:00:48 - [MESSAGE][FAILED] - Unable to verify object is visible (Root cause: java.lang.IllegalArgumentException: Object is null)
[[ATTACHMENT|C:\\Users\\April\\git\\Trillia\\Reports\\Admin\\Delivery 2.0\\UI Verification - List\\20191030_140028\\1572415247984.png]]]]></system-out>
         <system-err><![CDATA[2019-10-30 14:00:47 - [TEST_CASE][FAILED] - Test Cases/ADMIN/Features Control/Delivery 2.0/Delivery 2.0 List Page/UI/TC006: Test Cases/ADMIN/Features Control/Delivery 2.0/Delivery 2.0 List Page/UI/TC006 FAILED because (of) Unable to wait for object to be visible (Root cause: java.lang.IllegalArgumentException: Object is null)]]></system-err>
      </testcase>
      <testcase name="Test Cases/ADMIN/Features Control/Delivery 2.0/Delivery 2.0 List Page/UI/TC007" classname="Test Cases/ADMIN/Features Control/Delivery 2.0/Delivery 2.0 List Page/UI/TC007" status="FAILED">
         <failure type="FAILED" message="Unable to wait for object to be visible (Root cause: java.lang.IllegalArgumentException: Object is null)"/>
         <system-out><![CDATA[2019-10-30 14:00:48 - [TEST_CASE][FAILED] - Test Cases/ADMIN/Features Control/Delivery 2.0/Delivery 2.0 List Page/UI/TC007: Test Cases/ADMIN/Features Control/Delivery 2.0/Delivery 2.0 List Page/UI/TC007 FAILED because (of) Unable to wait for object to be visible (Root cause: java.lang.IllegalArgumentException: Object is null)

2019-10-30 14:00:48 - [TEST_STEP][FAILED] - waitForElementVisible: Unable to wait for object to be visible (Root cause: java.lang.IllegalArgumentException: Object is null)

2019-10-30 14:00:48 - [MESSAGE][WARNING] - Test object with id 'Object Repository/ADMIN/Features Control/Delivery 2.0/a_Delivery 2.0 List/button_Add Delivery Option' does not exist

2019-10-30 14:00:48 - [MESSAGE][WARNING] - Test object with id 'Object Repository/' does not exist

2019-10-30 14:00:48 - [MESSAGE][FAILED] - Unable to wait for object to be visible (Root cause: java.lang.IllegalArgumentException: Object is null)
[[ATTACHMENT|C:\\Users\\April\\git\\Trillia\\Reports\\Admin\\Delivery 2.0\\UI Verification - List\\20191030_140028\\1572415248533.png]]

2019-10-30 14:00:48 - [TEST_STEP][FAILED] - verifyElementVisible: Unable to verify object is visible (Root cause: java.lang.IllegalArgumentException: Object is null)

2019-10-30 14:00:48 - [MESSAGE][WARNING] - Test object with id 'Object Repository/ADMIN/Features Control/Delivery 2.0/a_Delivery 2.0 List/icon_delivery 2' does not exist

2019-10-30 14:00:48 - [MESSAGE][WARNING] - Test object with id 'Object Repository/' does not exist

2019-10-30 14:00:49 - [MESSAGE][FAILED] - Unable to verify object is visible (Root cause: java.lang.IllegalArgumentException: Object is null)
[[ATTACHMENT|C:\\Users\\April\\git\\Trillia\\Reports\\Admin\\Delivery 2.0\\UI Verification - List\\20191030_140028\\1572415248909.png]]]]></system-out>
         <system-err><![CDATA[2019-10-30 14:00:48 - [TEST_CASE][FAILED] - Test Cases/ADMIN/Features Control/Delivery 2.0/Delivery 2.0 List Page/UI/TC007: Test Cases/ADMIN/Features Control/Delivery 2.0/Delivery 2.0 List Page/UI/TC007 FAILED because (of) Unable to wait for object to be visible (Root cause: java.lang.IllegalArgumentException: Object is null)]]></system-err>
      </testcase>
      <testcase name="Test Cases/ADMIN/Features Control/Delivery 2.0/Delivery 2.0 List Page/UI/TC008" classname="Test Cases/ADMIN/Features Control/Delivery 2.0/Delivery 2.0 List Page/UI/TC008" status="FAILED">
         <failure type="FAILED" message="Unable to wait for object to be visible (Root cause: java.lang.IllegalArgumentException: Object is null)"/>
         <system-out><![CDATA[2019-10-30 14:00:49 - [TEST_CASE][FAILED] - Test Cases/ADMIN/Features Control/Delivery 2.0/Delivery 2.0 List Page/UI/TC008: Test Cases/ADMIN/Features Control/Delivery 2.0/Delivery 2.0 List Page/UI/TC008 FAILED because (of) Unable to wait for object to be visible (Root cause: java.lang.IllegalArgumentException: Object is null)

2019-10-30 14:00:49 - [TEST_STEP][FAILED] - waitForElementVisible: Unable to wait for object to be visible (Root cause: java.lang.IllegalArgumentException: Object is null)

2019-10-30 14:00:49 - [MESSAGE][WARNING] - Test object with id 'Object Repository/ADMIN/Features Control/Delivery 2.0/a_Delivery 2.0 List/button_Add Delivery Option' does not exist

2019-10-30 14:00:49 - [MESSAGE][WARNING] - Test object with id 'Object Repository/' does not exist

2019-10-30 14:00:49 - [MESSAGE][FAILED] - Unable to wait for object to be visible (Root cause: java.lang.IllegalArgumentException: Object is null)
[[ATTACHMENT|C:\\Users\\April\\git\\Trillia\\Reports\\Admin\\Delivery 2.0\\UI Verification - List\\20191030_140028\\1572415249366.png]]

2019-10-30 14:00:49 - [TEST_STEP][FAILED] - verifyElementVisible: Unable to verify object is visible (Root cause: java.lang.IllegalArgumentException: Object is null)

2019-10-30 14:00:49 - [MESSAGE][WARNING] - Test object with id 'Object Repository/ADMIN/Features Control/Delivery 2.0/a_Delivery 2.0 List/textlabel_Would you like to activate d' does not exist

2019-10-30 14:00:49 - [MESSAGE][WARNING] - Test object with id 'Object Repository/' does not exist

2019-10-30 14:00:50 - [MESSAGE][FAILED] - Unable to verify object is visible (Root cause: java.lang.IllegalArgumentException: Object is null)
[[ATTACHMENT|C:\\Users\\April\\git\\Trillia\\Reports\\Admin\\Delivery 2.0\\UI Verification - List\\20191030_140028\\1572415249735.png]]]]></system-out>
         <system-err><![CDATA[2019-10-30 14:00:49 - [TEST_CASE][FAILED] - Test Cases/ADMIN/Features Control/Delivery 2.0/Delivery 2.0 List Page/UI/TC008: Test Cases/ADMIN/Features Control/Delivery 2.0/Delivery 2.0 List Page/UI/TC008 FAILED because (of) Unable to wait for object to be visible (Root cause: java.lang.IllegalArgumentException: Object is null)]]></system-err>
      </testcase>
      <testcase name="Test Cases/ADMIN/Features Control/Delivery 2.0/Delivery 2.0 List Page/UI/TC009" classname="Test Cases/ADMIN/Features Control/Delivery 2.0/Delivery 2.0 List Page/UI/TC009" status="FAILED">
         <failure type="FAILED" message="Unable to wait for object to be visible (Root cause: java.lang.IllegalArgumentException: Object is null)"/>
         <system-out><![CDATA[2019-10-30 14:00:50 - [TEST_CASE][FAILED] - Test Cases/ADMIN/Features Control/Delivery 2.0/Delivery 2.0 List Page/UI/TC009: Test Cases/ADMIN/Features Control/Delivery 2.0/Delivery 2.0 List Page/UI/TC009 FAILED because (of) Unable to wait for object to be visible (Root cause: java.lang.IllegalArgumentException: Object is null)

2019-10-30 14:00:50 - [TEST_STEP][FAILED] - waitForElementVisible: Unable to wait for object to be visible (Root cause: java.lang.IllegalArgumentException: Object is null)

2019-10-30 14:00:50 - [MESSAGE][WARNING] - Test object with id 'Object Repository/ADMIN/Features Control/Delivery 2.0/a_Delivery 2.0 List/button_Add Delivery Option' does not exist

2019-10-30 14:00:50 - [MESSAGE][WARNING] - Test object with id 'Object Repository/' does not exist

2019-10-30 14:00:50 - [MESSAGE][FAILED] - Unable to wait for object to be visible (Root cause: java.lang.IllegalArgumentException: Object is null)
[[ATTACHMENT|C:\\Users\\April\\git\\Trillia\\Reports\\Admin\\Delivery 2.0\\UI Verification - List\\20191030_140028\\1572415250214.png]]

2019-10-30 14:00:50 - [TEST_STEP][FAILED] - verifyElementVisible: Unable to verify object is visible (Root cause: java.lang.IllegalArgumentException: Object is null)

2019-10-30 14:00:50 - [MESSAGE][WARNING] - Test object with id 'Object Repository/ADMIN/Features Control/Delivery 2.0/a_Delivery 2.0 List/textlabel_Delivery will be available v' does not exist

2019-10-30 14:00:50 - [MESSAGE][WARNING] - Test object with id 'Object Repository/' does not exist

2019-10-30 14:00:50 - [MESSAGE][FAILED] - Unable to verify object is visible (Root cause: java.lang.IllegalArgumentException: Object is null)
[[ATTACHMENT|C:\\Users\\April\\git\\Trillia\\Reports\\Admin\\Delivery 2.0\\UI Verification - List\\20191030_140028\\1572415250565.png]]]]></system-out>
         <system-err><![CDATA[2019-10-30 14:00:50 - [TEST_CASE][FAILED] - Test Cases/ADMIN/Features Control/Delivery 2.0/Delivery 2.0 List Page/UI/TC009: Test Cases/ADMIN/Features Control/Delivery 2.0/Delivery 2.0 List Page/UI/TC009 FAILED because (of) Unable to wait for object to be visible (Root cause: java.lang.IllegalArgumentException: Object is null)]]></system-err>
      </testcase>
      <testcase name="Test Cases/ADMIN/Features Control/Delivery 2.0/Delivery 2.0 List Page/UI/TC010" classname="Test Cases/ADMIN/Features Control/Delivery 2.0/Delivery 2.0 List Page/UI/TC010" status="FAILED">
         <failure type="FAILED" message="Unable to wait for object to be visible (Root cause: java.lang.IllegalArgumentException: Object is null)"/>
         <system-out><![CDATA[2019-10-30 14:00:50 - [TEST_CASE][FAILED] - Test Cases/ADMIN/Features Control/Delivery 2.0/Delivery 2.0 List Page/UI/TC010: Test Cases/ADMIN/Features Control/Delivery 2.0/Delivery 2.0 List Page/UI/TC010 FAILED because (of) Unable to wait for object to be visible (Root cause: java.lang.IllegalArgumentException: Object is null)

2019-10-30 14:00:50 - [TEST_STEP][FAILED] - waitForElementVisible: Unable to wait for object to be visible (Root cause: java.lang.IllegalArgumentException: Object is null)

2019-10-30 14:00:50 - [MESSAGE][WARNING] - Test object with id 'Object Repository/ADMIN/Features Control/Delivery 2.0/a_Delivery 2.0 List/button_Add Delivery Option' does not exist

2019-10-30 14:00:51 - [MESSAGE][WARNING] - Test object with id 'Object Repository/' does not exist

2019-10-30 14:00:51 - [MESSAGE][FAILED] - Unable to wait for object to be visible (Root cause: java.lang.IllegalArgumentException: Object is null)
[[ATTACHMENT|C:\\Users\\April\\git\\Trillia\\Reports\\Admin\\Delivery 2.0\\UI Verification - List\\20191030_140028\\1572415251001.png]]

2019-10-30 14:00:51 - [TEST_STEP][FAILED] - verifyElementVisible: Unable to verify object is visible (Root cause: java.lang.IllegalArgumentException: Object is null)

2019-10-30 14:00:51 - [MESSAGE][WARNING] - Test object with id 'Object Repository/ADMIN/Features Control/Delivery 2.0/a_Delivery 2.0 List/textlabel_Define weight unit used' does not exist

2019-10-30 14:00:51 - [MESSAGE][WARNING] - Test object with id 'Object Repository/' does not exist

2019-10-30 14:00:51 - [MESSAGE][FAILED] - Unable to verify object is visible (Root cause: java.lang.IllegalArgumentException: Object is null)
[[ATTACHMENT|C:\\Users\\April\\git\\Trillia\\Reports\\Admin\\Delivery 2.0\\UI Verification - List\\20191030_140028\\1572415251394.png]]]]></system-out>
         <system-err><![CDATA[2019-10-30 14:00:50 - [TEST_CASE][FAILED] - Test Cases/ADMIN/Features Control/Delivery 2.0/Delivery 2.0 List Page/UI/TC010: Test Cases/ADMIN/Features Control/Delivery 2.0/Delivery 2.0 List Page/UI/TC010 FAILED because (of) Unable to wait for object to be visible (Root cause: java.lang.IllegalArgumentException: Object is null)]]></system-err>
      </testcase>
      <testcase name="Test Cases/ADMIN/Features Control/Delivery 2.0/Delivery 2.0 List Page/UI/TC011" classname="Test Cases/ADMIN/Features Control/Delivery 2.0/Delivery 2.0 List Page/UI/TC011" status="FAILED">
         <failure type="FAILED" message="Unable to wait for object to be visible (Root cause: java.lang.IllegalArgumentException: Object is null)"/>
         <system-out><![CDATA[2019-10-30 14:00:51 - [TEST_CASE][FAILED] - Test Cases/ADMIN/Features Control/Delivery 2.0/Delivery 2.0 List Page/UI/TC011: Test Cases/ADMIN/Features Control/Delivery 2.0/Delivery 2.0 List Page/UI/TC011 FAILED because (of) Unable to wait for object to be visible (Root cause: java.lang.IllegalArgumentException: Object is null)

2019-10-30 14:00:51 - [TEST_STEP][FAILED] - waitForElementVisible: Unable to wait for object to be visible (Root cause: java.lang.IllegalArgumentException: Object is null)

2019-10-30 14:00:51 - [MESSAGE][WARNING] - Test object with id 'Object Repository/ADMIN/Features Control/Delivery 2.0/a_Delivery 2.0 List/button_Add Delivery Option' does not exist

2019-10-30 14:00:51 - [MESSAGE][WARNING] - Test object with id 'Object Repository/' does not exist

2019-10-30 14:00:52 - [MESSAGE][FAILED] - Unable to wait for object to be visible (Root cause: java.lang.IllegalArgumentException: Object is null)
[[ATTACHMENT|C:\\Users\\April\\git\\Trillia\\Reports\\Admin\\Delivery 2.0\\UI Verification - List\\20191030_140028\\1572415251854.png]]

2019-10-30 14:00:52 - [TEST_STEP][FAILED] - verifyElementVisible: Unable to verify object is visible (Root cause: java.lang.IllegalArgumentException: Object is null)

2019-10-30 14:00:52 - [MESSAGE][WARNING] - Test object with id 'Object Repository/ADMIN/Features Control/Delivery 2.0/a_Delivery 2.0 List/textbox_weight unit' does not exist

2019-10-30 14:00:52 - [MESSAGE][WARNING] - Test object with id 'Object Repository/' does not exist

2019-10-30 14:00:52 - [MESSAGE][FAILED] - Unable to verify object is visible (Root cause: java.lang.IllegalArgumentException: Object is null)
[[ATTACHMENT|C:\\Users\\April\\git\\Trillia\\Reports\\Admin\\Delivery 2.0\\UI Verification - List\\20191030_140028\\1572415252260.png]]]]></system-out>
         <system-err><![CDATA[2019-10-30 14:00:51 - [TEST_CASE][FAILED] - Test Cases/ADMIN/Features Control/Delivery 2.0/Delivery 2.0 List Page/UI/TC011: Test Cases/ADMIN/Features Control/Delivery 2.0/Delivery 2.0 List Page/UI/TC011 FAILED because (of) Unable to wait for object to be visible (Root cause: java.lang.IllegalArgumentException: Object is null)]]></system-err>
      </testcase>
      <testcase name="Test Cases/ADMIN/Features Control/Delivery 2.0/Delivery 2.0 List Page/UI/TC012" classname="Test Cases/ADMIN/Features Control/Delivery 2.0/Delivery 2.0 List Page/UI/TC012" status="FAILED">
         <failure type="FAILED" message="Unable to wait for object to be visible (Root cause: java.lang.IllegalArgumentException: Object is null)"/>
         <system-out><![CDATA[2019-10-30 14:00:52 - [TEST_CASE][FAILED] - Test Cases/ADMIN/Features Control/Delivery 2.0/Delivery 2.0 List Page/UI/TC012: Test Cases/ADMIN/Features Control/Delivery 2.0/Delivery 2.0 List Page/UI/TC012 FAILED because (of) Unable to wait for object to be visible (Root cause: java.lang.IllegalArgumentException: Object is null)

2019-10-30 14:00:52 - [TEST_STEP][FAILED] - waitForElementVisible: Unable to wait for object to be visible (Root cause: java.lang.IllegalArgumentException: Object is null)

2019-10-30 14:00:52 - [MESSAGE][WARNING] - Test object with id 'Object Repository/ADMIN/Features Control/Delivery 2.0/a_Delivery 2.0 List/button_Add Delivery Option' does not exist

2019-10-30 14:00:52 - [MESSAGE][WARNING] - Test object with id 'Object Repository/' does not exist

2019-10-30 14:00:53 - [MESSAGE][FAILED] - Unable to wait for object to be visible (Root cause: java.lang.IllegalArgumentException: Object is null)
[[ATTACHMENT|C:\\Users\\April\\git\\Trillia\\Reports\\Admin\\Delivery 2.0\\UI Verification - List\\20191030_140028\\1572415252683.png]]

2019-10-30 14:00:53 - [TEST_STEP][FAILED] - verifyElementVisible: Unable to verify object is visible (Root cause: java.lang.IllegalArgumentException: Object is null)

2019-10-30 14:00:53 - [MESSAGE][WARNING] - Test object with id 'Object Repository/ADMIN/Features Control/Delivery 2.0/a_Delivery 2.0 List/textbox_weight unit' does not exist

2019-10-30 14:00:53 - [MESSAGE][WARNING] - Test object with id 'Object Repository/' does not exist

2019-10-30 14:00:53 - [MESSAGE][FAILED] - Unable to verify object is visible (Root cause: java.lang.IllegalArgumentException: Object is null)
[[ATTACHMENT|C:\\Users\\April\\git\\Trillia\\Reports\\Admin\\Delivery 2.0\\UI Verification - List\\20191030_140028\\1572415253024.png]]

2019-10-30 14:00:53 - [TEST_STEP][FAILED] - verifyElementHasAttribute: Unable to verify if object has attribute (Root cause: java.lang.IllegalArgumentException: Object is null)

2019-10-30 14:00:53 - [MESSAGE][WARNING] - Test object with id 'Object Repository/ADMIN/Features Control/Delivery 2.0/a_Delivery 2.0 List/textbox_weight unit' does not exist

2019-10-30 14:00:53 - [MESSAGE][WARNING] - Test object with id 'Object Repository/' does not exist

2019-10-30 14:00:53 - [MESSAGE][FAILED] - Unable to verify if object has attribute (Root cause: java.lang.IllegalArgumentException: Object is null)
[[ATTACHMENT|C:\\Users\\April\\git\\Trillia\\Reports\\Admin\\Delivery 2.0\\UI Verification - List\\20191030_140028\\1572415253395.png]]]]></system-out>
         <system-err><![CDATA[2019-10-30 14:00:52 - [TEST_CASE][FAILED] - Test Cases/ADMIN/Features Control/Delivery 2.0/Delivery 2.0 List Page/UI/TC012: Test Cases/ADMIN/Features Control/Delivery 2.0/Delivery 2.0 List Page/UI/TC012 FAILED because (of) Unable to wait for object to be visible (Root cause: java.lang.IllegalArgumentException: Object is null)]]></system-err>
      </testcase>
      <testcase name="Test Cases/ADMIN/Features Control/Delivery 2.0/Delivery 2.0 List Page/UI/TC013" classname="Test Cases/ADMIN/Features Control/Delivery 2.0/Delivery 2.0 List Page/UI/TC013" status="FAILED">
         <failure type="FAILED" message="Unable to wait for object to be visible (Root cause: java.lang.IllegalArgumentException: Object is null)"/>
         <system-out><![CDATA[2019-10-30 14:00:53 - [TEST_CASE][FAILED] - Test Cases/ADMIN/Features Control/Delivery 2.0/Delivery 2.0 List Page/UI/TC013: Test Cases/ADMIN/Features Control/Delivery 2.0/Delivery 2.0 List Page/UI/TC013 FAILED because (of) Unable to wait for object to be visible (Root cause: java.lang.IllegalArgumentException: Object is null)

2019-10-30 14:00:53 - [TEST_STEP][FAILED] - waitForElementVisible: Unable to wait for object to be visible (Root cause: java.lang.IllegalArgumentException: Object is null)

2019-10-30 14:00:53 - [MESSAGE][WARNING] - Test object with id 'Object Repository/ADMIN/Features Control/Delivery 2.0/a_Delivery 2.0 List/button_Add Delivery Option' does not exist

2019-10-30 14:00:53 - [MESSAGE][WARNING] - Test object with id 'Object Repository/' does not exist

2019-10-30 14:00:54 - [MESSAGE][FAILED] - Unable to wait for object to be visible (Root cause: java.lang.IllegalArgumentException: Object is null)
[[ATTACHMENT|C:\\Users\\April\\git\\Trillia\\Reports\\Admin\\Delivery 2.0\\UI Verification - List\\20191030_140028\\1572415253835.png]]

2019-10-30 14:00:54 - [TEST_STEP][FAILED] - verifyElementVisible: Unable to verify object is visible (Root cause: java.lang.IllegalArgumentException: Object is null)

2019-10-30 14:00:54 - [MESSAGE][WARNING] - Test object with id 'Object Repository/ADMIN/Features Control/Delivery 2.0/a_Delivery 2.0 List/button_Save' does not exist

2019-10-30 14:00:54 - [MESSAGE][WARNING] - Test object with id 'Object Repository/' does not exist

2019-10-30 14:00:54 - [MESSAGE][FAILED] - Unable to verify object is visible (Root cause: java.lang.IllegalArgumentException: Object is null)
[[ATTACHMENT|C:\\Users\\April\\git\\Trillia\\Reports\\Admin\\Delivery 2.0\\UI Verification - List\\20191030_140028\\1572415254198.png]]]]></system-out>
         <system-err><![CDATA[2019-10-30 14:00:53 - [TEST_CASE][FAILED] - Test Cases/ADMIN/Features Control/Delivery 2.0/Delivery 2.0 List Page/UI/TC013: Test Cases/ADMIN/Features Control/Delivery 2.0/Delivery 2.0 List Page/UI/TC013 FAILED because (of) Unable to wait for object to be visible (Root cause: java.lang.IllegalArgumentException: Object is null)]]></system-err>
      </testcase>
      <testcase name="Test Cases/ADMIN/Features Control/Delivery 2.0/Delivery 2.0 List Page/UI/TC014" classname="Test Cases/ADMIN/Features Control/Delivery 2.0/Delivery 2.0 List Page/UI/TC014" status="FAILED">
         <failure type="FAILED" message="Unable to wait for object to be visible (Root cause: java.lang.IllegalArgumentException: Object is null)"/>
         <system-out><![CDATA[2019-10-30 14:00:54 - [TEST_CASE][FAILED] - Test Cases/ADMIN/Features Control/Delivery 2.0/Delivery 2.0 List Page/UI/TC014: Test Cases/ADMIN/Features Control/Delivery 2.0/Delivery 2.0 List Page/UI/TC014 FAILED because (of) Unable to wait for object to be visible (Root cause: java.lang.IllegalArgumentException: Object is null)

2019-10-30 14:00:54 - [TEST_STEP][FAILED] - waitForElementVisible: Unable to wait for object to be visible (Root cause: java.lang.IllegalArgumentException: Object is null)

2019-10-30 14:00:54 - [MESSAGE][WARNING] - Test object with id 'Object Repository/ADMIN/Features Control/Delivery 2.0/a_Delivery 2.0 List/button_Add Delivery Option' does not exist

2019-10-30 14:00:54 - [MESSAGE][WARNING] - Test object with id 'Object Repository/' does not exist

2019-10-30 14:00:54 - [MESSAGE][FAILED] - Unable to wait for object to be visible (Root cause: java.lang.IllegalArgumentException: Object is null)
[[ATTACHMENT|C:\\Users\\April\\git\\Trillia\\Reports\\Admin\\Delivery 2.0\\UI Verification - List\\20191030_140028\\1572415254633.png]]

2019-10-30 14:00:54 - [TEST_STEP][FAILED] - verifyElementVisible: Unable to verify object is visible (Root cause: java.lang.IllegalArgumentException: Object is null)

2019-10-30 14:00:54 - [MESSAGE][WARNING] - Test object with id 'Object Repository/ADMIN/Features Control/Delivery 2.0/a_Delivery 2.0 List/textlabel_MARKETPLACE DEFAULT DELIVERY' does not exist

2019-10-30 14:00:54 - [MESSAGE][WARNING] - Test object with id 'Object Repository/' does not exist

2019-10-30 14:00:55 - [MESSAGE][FAILED] - Unable to verify object is visible (Root cause: java.lang.IllegalArgumentException: Object is null)
[[ATTACHMENT|C:\\Users\\April\\git\\Trillia\\Reports\\Admin\\Delivery 2.0\\UI Verification - List\\20191030_140028\\1572415254989.png]]]]></system-out>
         <system-err><![CDATA[2019-10-30 14:00:54 - [TEST_CASE][FAILED] - Test Cases/ADMIN/Features Control/Delivery 2.0/Delivery 2.0 List Page/UI/TC014: Test Cases/ADMIN/Features Control/Delivery 2.0/Delivery 2.0 List Page/UI/TC014 FAILED because (of) Unable to wait for object to be visible (Root cause: java.lang.IllegalArgumentException: Object is null)]]></system-err>
      </testcase>
      <testcase name="Test Cases/ADMIN/Features Control/Delivery 2.0/Delivery 2.0 List Page/UI/TC015" classname="Test Cases/ADMIN/Features Control/Delivery 2.0/Delivery 2.0 List Page/UI/TC015" status="FAILED">
         <failure type="FAILED" message="Unable to wait for object to be visible (Root cause: java.lang.IllegalArgumentException: Object is null)"/>
         <system-out><![CDATA[2019-10-30 14:00:55 - [TEST_CASE][FAILED] - Test Cases/ADMIN/Features Control/Delivery 2.0/Delivery 2.0 List Page/UI/TC015: Test Cases/ADMIN/Features Control/Delivery 2.0/Delivery 2.0 List Page/UI/TC015 FAILED because (of) Unable to wait for object to be visible (Root cause: java.lang.IllegalArgumentException: Object is null)

2019-10-30 14:00:55 - [TEST_STEP][FAILED] - waitForElementVisible: Unable to wait for object to be visible (Root cause: java.lang.IllegalArgumentException: Object is null)

2019-10-30 14:00:55 - [MESSAGE][WARNING] - Test object with id 'Object Repository/ADMIN/Features Control/Delivery 2.0/a_Delivery 2.0 List/button_Add Delivery Option' does not exist

2019-10-30 14:00:55 - [MESSAGE][WARNING] - Test object with id 'Object Repository/' does not exist

2019-10-30 14:00:55 - [MESSAGE][FAILED] - Unable to wait for object to be visible (Root cause: java.lang.IllegalArgumentException: Object is null)
[[ATTACHMENT|C:\\Users\\April\\git\\Trillia\\Reports\\Admin\\Delivery 2.0\\UI Verification - List\\20191030_140028\\1572415255440.png]]

2019-10-30 14:00:55 - [TEST_STEP][FAILED] - verifyElementVisible: Unable to verify object is visible (Root cause: java.lang.IllegalArgumentException: Object is null)

2019-10-30 14:00:55 - [MESSAGE][WARNING] - Test object with id 'Object Repository/ADMIN/Features Control/Delivery 2.0/a_Delivery 2.0 List/icon_info' does not exist

2019-10-30 14:00:55 - [MESSAGE][WARNING] - Test object with id 'Object Repository/' does not exist

2019-10-30 14:00:56 - [MESSAGE][FAILED] - Unable to verify object is visible (Root cause: java.lang.IllegalArgumentException: Object is null)
[[ATTACHMENT|C:\\Users\\April\\git\\Trillia\\Reports\\Admin\\Delivery 2.0\\UI Verification - List\\20191030_140028\\1572415255800.png]]]]></system-out>
         <system-err><![CDATA[2019-10-30 14:00:55 - [TEST_CASE][FAILED] - Test Cases/ADMIN/Features Control/Delivery 2.0/Delivery 2.0 List Page/UI/TC015: Test Cases/ADMIN/Features Control/Delivery 2.0/Delivery 2.0 List Page/UI/TC015 FAILED because (of) Unable to wait for object to be visible (Root cause: java.lang.IllegalArgumentException: Object is null)]]></system-err>
      </testcase>
      <testcase name="Test Cases/ADMIN/Features Control/Delivery 2.0/Delivery 2.0 List Page/UI/TC016" classname="Test Cases/ADMIN/Features Control/Delivery 2.0/Delivery 2.0 List Page/UI/TC016" status="FAILED">
         <failure type="FAILED" message="Unable to wait for object to be visible (Root cause: java.lang.IllegalArgumentException: Object is null)"/>
         <system-out><![CDATA[2019-10-30 14:00:56 - [TEST_CASE][FAILED] - Test Cases/ADMIN/Features Control/Delivery 2.0/Delivery 2.0 List Page/UI/TC016: Test Cases/ADMIN/Features Control/Delivery 2.0/Delivery 2.0 List Page/UI/TC016 FAILED because (of) Unable to wait for object to be visible (Root cause: java.lang.IllegalArgumentException: Object is null)

2019-10-30 14:00:56 - [TEST_STEP][FAILED] - waitForElementVisible: Unable to wait for object to be visible (Root cause: java.lang.IllegalArgumentException: Object is null)

2019-10-30 14:00:56 - [MESSAGE][WARNING] - Test object with id 'Object Repository/ADMIN/Features Control/Delivery 2.0/a_Delivery 2.0 List/button_Add Delivery Option' does not exist

2019-10-30 14:00:56 - [MESSAGE][WARNING] - Test object with id 'Object Repository/' does not exist

2019-10-30 14:00:56 - [MESSAGE][FAILED] - Unable to wait for object to be visible (Root cause: java.lang.IllegalArgumentException: Object is null)
[[ATTACHMENT|C:\\Users\\April\\git\\Trillia\\Reports\\Admin\\Delivery 2.0\\UI Verification - List\\20191030_140028\\1572415256230.png]]

2019-10-30 14:00:56 - [TEST_STEP][FAILED] - verifyElementVisible: Unable to verify object is visible (Root cause: java.lang.IllegalArgumentException: Object is null)

2019-10-30 14:00:56 - [MESSAGE][WARNING] - Test object with id 'Object Repository/ADMIN/Features Control/Delivery 2.0/a_Delivery 2.0 List/button_Add Delivery Option' does not exist

2019-10-30 14:00:56 - [MESSAGE][WARNING] - Test object with id 'Object Repository/' does not exist

2019-10-30 14:00:56 - [MESSAGE][FAILED] - Unable to verify object is visible (Root cause: java.lang.IllegalArgumentException: Object is null)
[[ATTACHMENT|C:\\Users\\April\\git\\Trillia\\Reports\\Admin\\Delivery 2.0\\UI Verification - List\\20191030_140028\\1572415256614.png]]]]></system-out>
         <system-err><![CDATA[2019-10-30 14:00:56 - [TEST_CASE][FAILED] - Test Cases/ADMIN/Features Control/Delivery 2.0/Delivery 2.0 List Page/UI/TC016: Test Cases/ADMIN/Features Control/Delivery 2.0/Delivery 2.0 List Page/UI/TC016 FAILED because (of) Unable to wait for object to be visible (Root cause: java.lang.IllegalArgumentException: Object is null)]]></system-err>
      </testcase>
      <testcase name="Test Cases/ADMIN/Features Control/Delivery 2.0/Delivery 2.0 List Page/UI/TC017" classname="Test Cases/ADMIN/Features Control/Delivery 2.0/Delivery 2.0 List Page/UI/TC017" status="FAILED">
         <failure type="FAILED" message="Unable to wait for object to be visible (Root cause: java.lang.IllegalArgumentException: Object is null)"/>
         <system-out><![CDATA[2019-10-30 14:00:56 - [TEST_CASE][FAILED] - Test Cases/ADMIN/Features Control/Delivery 2.0/Delivery 2.0 List Page/UI/TC017: Test Cases/ADMIN/Features Control/Delivery 2.0/Delivery 2.0 List Page/UI/TC017 FAILED because (of) Unable to wait for object to be visible (Root cause: java.lang.IllegalArgumentException: Object is null)

2019-10-30 14:00:57 - [TEST_STEP][FAILED] - waitForElementVisible: Unable to wait for object to be visible (Root cause: java.lang.IllegalArgumentException: Object is null)

2019-10-30 14:00:57 - [MESSAGE][WARNING] - Test object with id 'Object Repository/ADMIN/Features Control/Delivery 2.0/a_Delivery 2.0 List/button_Add Delivery Option' does not exist

2019-10-30 14:00:57 - [MESSAGE][WARNING] - Test object with id 'Object Repository/' does not exist

2019-10-30 14:00:57 - [MESSAGE][FAILED] - Unable to wait for object to be visible (Root cause: java.lang.IllegalArgumentException: Object is null)
[[ATTACHMENT|C:\\Users\\April\\git\\Trillia\\Reports\\Admin\\Delivery 2.0\\UI Verification - List\\20191030_140028\\1572415257011.png]]

2019-10-30 14:00:57 - [TEST_STEP][FAILED] - verifyElementVisible: Unable to verify object is visible (Root cause: java.lang.IllegalArgumentException: Object is null)

2019-10-30 14:00:57 - [MESSAGE][WARNING] - Test object with id 'Object Repository/ADMIN/Features Control/Delivery 2.0/a_Delivery 2.0 List/textlabel_Delivery will be available v' does not exist

2019-10-30 14:00:57 - [MESSAGE][WARNING] - Test object with id 'Object Repository/' does not exist

2019-10-30 14:00:57 - [MESSAGE][FAILED] - Unable to verify object is visible (Root cause: java.lang.IllegalArgumentException: Object is null)
[[ATTACHMENT|C:\\Users\\April\\git\\Trillia\\Reports\\Admin\\Delivery 2.0\\UI Verification - List\\20191030_140028\\1572415257372.png]]]]></system-out>
         <system-err><![CDATA[2019-10-30 14:00:56 - [TEST_CASE][FAILED] - Test Cases/ADMIN/Features Control/Delivery 2.0/Delivery 2.0 List Page/UI/TC017: Test Cases/ADMIN/Features Control/Delivery 2.0/Delivery 2.0 List Page/UI/TC017 FAILED because (of) Unable to wait for object to be visible (Root cause: java.lang.IllegalArgumentException: Object is null)]]></system-err>
      </testcase>
      <testcase name="Test Cases/ADMIN/Features Control/Delivery 2.0/Delivery 2.0 List Page/UI/TC018" classname="Test Cases/ADMIN/Features Control/Delivery 2.0/Delivery 2.0 List Page/UI/TC018" status="FAILED">
         <failure type="FAILED" message="Unable to wait for object to be visible (Root cause: java.lang.IllegalArgumentException: Object is null)"/>
         <system-out><![CDATA[2019-10-30 14:00:57 - [TEST_CASE][FAILED] - Test Cases/ADMIN/Features Control/Delivery 2.0/Delivery 2.0 List Page/UI/TC018: Test Cases/ADMIN/Features Control/Delivery 2.0/Delivery 2.0 List Page/UI/TC018 FAILED because (of) Unable to wait for object to be visible (Root cause: java.lang.IllegalArgumentException: Object is null)

2019-10-30 14:00:57 - [TEST_STEP][FAILED] - waitForElementVisible: Unable to wait for object to be visible (Root cause: java.lang.IllegalArgumentException: Object is null)

2019-10-30 14:00:57 - [MESSAGE][WARNING] - Test object with id 'Object Repository/ADMIN/Features Control/Delivery 2.0/a_Delivery 2.0 List/button_Add Delivery Option' does not exist

2019-10-30 14:00:57 - [MESSAGE][WARNING] - Test object with id 'Object Repository/' does not exist

2019-10-30 14:00:58 - [MESSAGE][FAILED] - Unable to wait for object to be visible (Root cause: java.lang.IllegalArgumentException: Object is null)
[[ATTACHMENT|C:\\Users\\April\\git\\Trillia\\Reports\\Admin\\Delivery 2.0\\UI Verification - List\\20191030_140028\\1572415257853.png]]

2019-10-30 14:00:58 - [TEST_STEP][FAILED] - verifyElementVisible: Unable to verify object is visible (Root cause: java.lang.IllegalArgumentException: Object is null)

2019-10-30 14:00:58 - [MESSAGE][WARNING] - Test object with id 'Object Repository/ADMIN/Features Control/Delivery 2.0/a_Delivery 2.0 List/textlabel_Name' does not exist

2019-10-30 14:00:58 - [MESSAGE][WARNING] - Test object with id 'Object Repository/' does not exist

2019-10-30 14:00:58 - [MESSAGE][FAILED] - Unable to verify object is visible (Root cause: java.lang.IllegalArgumentException: Object is null)
[[ATTACHMENT|C:\\Users\\April\\git\\Trillia\\Reports\\Admin\\Delivery 2.0\\UI Verification - List\\20191030_140028\\1572415258207.png]]]]></system-out>
         <system-err><![CDATA[2019-10-30 14:00:57 - [TEST_CASE][FAILED] - Test Cases/ADMIN/Features Control/Delivery 2.0/Delivery 2.0 List Page/UI/TC018: Test Cases/ADMIN/Features Control/Delivery 2.0/Delivery 2.0 List Page/UI/TC018 FAILED because (of) Unable to wait for object to be visible (Root cause: java.lang.IllegalArgumentException: Object is null)]]></system-err>
      </testcase>
      <testcase name="Test Cases/ADMIN/Features Control/Delivery 2.0/Delivery 2.0 List Page/UI/TC019" classname="Test Cases/ADMIN/Features Control/Delivery 2.0/Delivery 2.0 List Page/UI/TC019" status="FAILED">
         <failure type="FAILED" message="Unable to wait for object to be visible (Root cause: java.lang.IllegalArgumentException: Object is null)"/>
         <system-out><![CDATA[2019-10-30 14:00:58 - [TEST_CASE][FAILED] - Test Cases/ADMIN/Features Control/Delivery 2.0/Delivery 2.0 List Page/UI/TC019: Test Cases/ADMIN/Features Control/Delivery 2.0/Delivery 2.0 List Page/UI/TC019 FAILED because (of) Unable to wait for object to be visible (Root cause: java.lang.IllegalArgumentException: Object is null)

2019-10-30 14:00:58 - [TEST_STEP][FAILED] - waitForElementVisible: Unable to wait for object to be visible (Root cause: java.lang.IllegalArgumentException: Object is null)

2019-10-30 14:00:58 - [MESSAGE][WARNING] - Test object with id 'Object Repository/ADMIN/Features Control/Delivery 2.0/a_Delivery 2.0 List/button_Add Delivery Option' does not exist

2019-10-30 14:00:58 - [MESSAGE][WARNING] - Test object with id 'Object Repository/' does not exist

2019-10-30 14:00:58 - [MESSAGE][FAILED] - Unable to wait for object to be visible (Root cause: java.lang.IllegalArgumentException: Object is null)
[[ATTACHMENT|C:\\Users\\April\\git\\Trillia\\Reports\\Admin\\Delivery 2.0\\UI Verification - List\\20191030_140028\\1572415258607.png]]

2019-10-30 14:00:58 - [TEST_STEP][FAILED] - verifyElementVisible: Unable to verify object is visible (Root cause: java.lang.IllegalArgumentException: Object is null)

2019-10-30 14:00:58 - [MESSAGE][WARNING] - Test object with id 'Object Repository/ADMIN/Features Control/Delivery 2.0/a_Delivery 2.0 List/textlabel_Delivers To' does not exist

2019-10-30 14:00:58 - [MESSAGE][WARNING] - Test object with id 'Object Repository/' does not exist

2019-10-30 14:00:59 - [MESSAGE][FAILED] - Unable to verify object is visible (Root cause: java.lang.IllegalArgumentException: Object is null)
[[ATTACHMENT|C:\\Users\\April\\git\\Trillia\\Reports\\Admin\\Delivery 2.0\\UI Verification - List\\20191030_140028\\1572415258956.png]]]]></system-out>
         <system-err><![CDATA[2019-10-30 14:00:58 - [TEST_CASE][FAILED] - Test Cases/ADMIN/Features Control/Delivery 2.0/Delivery 2.0 List Page/UI/TC019: Test Cases/ADMIN/Features Control/Delivery 2.0/Delivery 2.0 List Page/UI/TC019 FAILED because (of) Unable to wait for object to be visible (Root cause: java.lang.IllegalArgumentException: Object is null)]]></system-err>
      </testcase>
      <testcase name="Test Cases/ADMIN/Features Control/Delivery 2.0/Delivery 2.0 List Page/UI/TC045" classname="Test Cases/ADMIN/Features Control/Delivery 2.0/Delivery 2.0 List Page/UI/TC045" status="FAILED">
         <failure type="FAILED" message="Unable to wait for object to be visible (Root cause: java.lang.IllegalArgumentException: Object is null)"/>
         <system-out><![CDATA[2019-10-30 14:00:59 - [TEST_CASE][FAILED] - Test Cases/ADMIN/Features Control/Delivery 2.0/Delivery 2.0 List Page/UI/TC045: Test Cases/ADMIN/Features Control/Delivery 2.0/Delivery 2.0 List Page/UI/TC045 FAILED because (of) Unable to wait for object to be visible (Root cause: java.lang.IllegalArgumentException: Object is null)

2019-10-30 14:00:59 - [TEST_STEP][FAILED] - waitForElementVisible: Unable to wait for object to be visible (Root cause: java.lang.IllegalArgumentException: Object is null)

2019-10-30 14:00:59 - [MESSAGE][WARNING] - Test object with id 'Object Repository/ADMIN/Features Control/Delivery 2.0/a_Delivery 2.0 List/a_Edit Unit/textlabel_Warning' does not exist

2019-10-30 14:00:59 - [MESSAGE][WARNING] - Test object with id 'Object Repository/' does not exist

2019-10-30 14:00:59 - [MESSAGE][FAILED] - Unable to wait for object to be visible (Root cause: java.lang.IllegalArgumentException: Object is null)
[[ATTACHMENT|C:\\Users\\April\\git\\Trillia\\Reports\\Admin\\Delivery 2.0\\UI Verification - List\\20191030_140028\\1572415259389.png]]

2019-10-30 14:00:59 - [TEST_STEP][FAILED] - verifyElementVisible: Unable to verify object is visible (Root cause: java.lang.IllegalArgumentException: Object is null)

2019-10-30 14:00:59 - [MESSAGE][WARNING] - Test object with id 'Object Repository/ADMIN/Features Control/Delivery 2.0/a_Delivery 2.0 List/a_Edit Unit/textlabel_Warning' does not exist

2019-10-30 14:00:59 - [MESSAGE][WARNING] - Test object with id 'Object Repository/' does not exist

2019-10-30 14:01:00 - [MESSAGE][FAILED] - Unable to verify object is visible (Root cause: java.lang.IllegalArgumentException: Object is null)
[[ATTACHMENT|C:\\Users\\April\\git\\Trillia\\Reports\\Admin\\Delivery 2.0\\UI Verification - List\\20191030_140028\\1572415259742.png]]]]></system-out>
         <system-err><![CDATA[2019-10-30 14:00:59 - [TEST_CASE][FAILED] - Test Cases/ADMIN/Features Control/Delivery 2.0/Delivery 2.0 List Page/UI/TC045: Test Cases/ADMIN/Features Control/Delivery 2.0/Delivery 2.0 List Page/UI/TC045 FAILED because (of) Unable to wait for object to be visible (Root cause: java.lang.IllegalArgumentException: Object is null)]]></system-err>
      </testcase>
      <testcase name="Test Cases/ADMIN/Features Control/Delivery 2.0/Delivery 2.0 List Page/UI/TC046" classname="Test Cases/ADMIN/Features Control/Delivery 2.0/Delivery 2.0 List Page/UI/TC046" status="FAILED">
         <failure type="FAILED" message="Unable to wait for object to be visible (Root cause: java.lang.IllegalArgumentException: Object is null)"/>
         <system-out><![CDATA[2019-10-30 14:01:00 - [TEST_CASE][FAILED] - Test Cases/ADMIN/Features Control/Delivery 2.0/Delivery 2.0 List Page/UI/TC046: Test Cases/ADMIN/Features Control/Delivery 2.0/Delivery 2.0 List Page/UI/TC046 FAILED because (of) Unable to wait for object to be visible (Root cause: java.lang.IllegalArgumentException: Object is null)

2019-10-30 14:01:00 - [TEST_STEP][FAILED] - waitForElementVisible: Unable to wait for object to be visible (Root cause: java.lang.IllegalArgumentException: Object is null)

2019-10-30 14:01:00 - [MESSAGE][WARNING] - Test object with id 'Object Repository/ADMIN/Features Control/Delivery 2.0/a_Delivery 2.0 List/a_Edit Unit/textlabel_Warning' does not exist

2019-10-30 14:01:00 - [MESSAGE][WARNING] - Test object with id 'Object Repository/' does not exist

2019-10-30 14:01:00 - [MESSAGE][FAILED] - Unable to wait for object to be visible (Root cause: java.lang.IllegalArgumentException: Object is null)
[[ATTACHMENT|C:\\Users\\April\\git\\Trillia\\Reports\\Admin\\Delivery 2.0\\UI Verification - List\\20191030_140028\\1572415260241.png]]

2019-10-30 14:01:00 - [TEST_STEP][FAILED] - verifyElementVisible: Unable to verify object is visible (Root cause: java.lang.IllegalArgumentException: Object is null)

2019-10-30 14:01:00 - [MESSAGE][WARNING] - Test object with id 'Object Repository/ADMIN/Features Control/Delivery 2.0/a_Delivery 2.0 List/a_Edit Unit/textlabel_Description' does not exist

2019-10-30 14:01:00 - [MESSAGE][WARNING] - Test object with id 'Object Repository/' does not exist

2019-10-30 14:01:00 - [MESSAGE][FAILED] - Unable to verify object is visible (Root cause: java.lang.IllegalArgumentException: Object is null)
[[ATTACHMENT|C:\\Users\\April\\git\\Trillia\\Reports\\Admin\\Delivery 2.0\\UI Verification - List\\20191030_140028\\1572415260614.png]]]]></system-out>
         <system-err><![CDATA[2019-10-30 14:01:00 - [TEST_CASE][FAILED] - Test Cases/ADMIN/Features Control/Delivery 2.0/Delivery 2.0 List Page/UI/TC046: Test Cases/ADMIN/Features Control/Delivery 2.0/Delivery 2.0 List Page/UI/TC046 FAILED because (of) Unable to wait for object to be visible (Root cause: java.lang.IllegalArgumentException: Object is null)]]></system-err>
      </testcase>
      <testcase name="Test Cases/ADMIN/Features Control/Delivery 2.0/Delivery 2.0 List Page/UI/TC047" classname="Test Cases/ADMIN/Features Control/Delivery 2.0/Delivery 2.0 List Page/UI/TC047" status="FAILED">
         <failure type="FAILED" message="Unable to wait for object to be visible (Root cause: java.lang.IllegalArgumentException: Object is null)"/>
         <system-out><![CDATA[2019-10-30 14:01:00 - [TEST_CASE][FAILED] - Test Cases/ADMIN/Features Control/Delivery 2.0/Delivery 2.0 List Page/UI/TC047: Test Cases/ADMIN/Features Control/Delivery 2.0/Delivery 2.0 List Page/UI/TC047 FAILED because (of) Unable to wait for object to be visible (Root cause: java.lang.IllegalArgumentException: Object is null)

2019-10-30 14:01:01 - [TEST_STEP][FAILED] - waitForElementVisible: Unable to wait for object to be visible (Root cause: java.lang.IllegalArgumentException: Object is null)

2019-10-30 14:01:01 - [MESSAGE][WARNING] - Test object with id 'Object Repository/ADMIN/Features Control/Delivery 2.0/a_Delivery 2.0 List/a_Edit Unit/textlabel_Warning' does not exist

2019-10-30 14:01:01 - [MESSAGE][WARNING] - Test object with id 'Object Repository/' does not exist

2019-10-30 14:01:01 - [MESSAGE][FAILED] - Unable to wait for object to be visible (Root cause: java.lang.IllegalArgumentException: Object is null)
[[ATTACHMENT|C:\\Users\\April\\git\\Trillia\\Reports\\Admin\\Delivery 2.0\\UI Verification - List\\20191030_140028\\1572415261023.png]]

2019-10-30 14:01:01 - [TEST_STEP][FAILED] - verifyElementVisible: Unable to verify object is visible (Root cause: java.lang.IllegalArgumentException: Object is null)

2019-10-30 14:01:01 - [MESSAGE][WARNING] - Test object with id 'Object Repository/ADMIN/Features Control/Delivery 2.0/a_Delivery 2.0 List/a_Edit Unit/button_Close' does not exist

2019-10-30 14:01:01 - [MESSAGE][WARNING] - Test object with id 'Object Repository/' does not exist

2019-10-30 14:01:01 - [MESSAGE][FAILED] - Unable to verify object is visible (Root cause: java.lang.IllegalArgumentException: Object is null)
[[ATTACHMENT|C:\\Users\\April\\git\\Trillia\\Reports\\Admin\\Delivery 2.0\\UI Verification - List\\20191030_140028\\1572415261368.png]]]]></system-out>
         <system-err><![CDATA[2019-10-30 14:01:00 - [TEST_CASE][FAILED] - Test Cases/ADMIN/Features Control/Delivery 2.0/Delivery 2.0 List Page/UI/TC047: Test Cases/ADMIN/Features Control/Delivery 2.0/Delivery 2.0 List Page/UI/TC047 FAILED because (of) Unable to wait for object to be visible (Root cause: java.lang.IllegalArgumentException: Object is null)]]></system-err>
      </testcase>
      <testcase name="Test Cases/ADMIN/Features Control/Delivery 2.0/Delivery 2.0 List Page/UI/TC048" classname="Test Cases/ADMIN/Features Control/Delivery 2.0/Delivery 2.0 List Page/UI/TC048" status="FAILED">
         <failure type="FAILED" message="Unable to wait for object to be visible (Root cause: java.lang.IllegalArgumentException: Object is null)"/>
         <system-out><![CDATA[2019-10-30 14:01:01 - [TEST_CASE][FAILED] - Test Cases/ADMIN/Features Control/Delivery 2.0/Delivery 2.0 List Page/UI/TC048: Test Cases/ADMIN/Features Control/Delivery 2.0/Delivery 2.0 List Page/UI/TC048 FAILED because (of) Unable to wait for object to be visible (Root cause: java.lang.IllegalArgumentException: Object is null)

2019-10-30 14:01:01 - [TEST_STEP][FAILED] - waitForElementVisible: Unable to wait for object to be visible (Root cause: java.lang.IllegalArgumentException: Object is null)

2019-10-30 14:01:01 - [MESSAGE][WARNING] - Test object with id 'Object Repository/ADMIN/Features Control/Delivery 2.0/a_Delivery 2.0 List/a_Edit Unit/textlabel_Warning' does not exist

2019-10-30 14:01:01 - [MESSAGE][WARNING] - Test object with id 'Object Repository/' does not exist

2019-10-30 14:01:02 - [MESSAGE][FAILED] - Unable to wait for object to be visible (Root cause: java.lang.IllegalArgumentException: Object is null)
[[ATTACHMENT|C:\\Users\\April\\git\\Trillia\\Reports\\Admin\\Delivery 2.0\\UI Verification - List\\20191030_140028\\1572415261745.png]]

2019-10-30 14:01:02 - [TEST_STEP][FAILED] - verifyElementVisible: Unable to verify object is visible (Root cause: java.lang.IllegalArgumentException: Object is null)

2019-10-30 14:01:02 - [MESSAGE][WARNING] - Test object with id 'Object Repository/ADMIN/Features Control/Delivery 2.0/a_Delivery 2.0 List/a_Edit Unit/button_Cancel' does not exist

2019-10-30 14:01:02 - [MESSAGE][WARNING] - Test object with id 'Object Repository/' does not exist

2019-10-30 14:01:02 - [MESSAGE][FAILED] - Unable to verify object is visible (Root cause: java.lang.IllegalArgumentException: Object is null)
[[ATTACHMENT|C:\\Users\\April\\git\\Trillia\\Reports\\Admin\\Delivery 2.0\\UI Verification - List\\20191030_140028\\1572415262120.png]]]]></system-out>
         <system-err><![CDATA[2019-10-30 14:01:01 - [TEST_CASE][FAILED] - Test Cases/ADMIN/Features Control/Delivery 2.0/Delivery 2.0 List Page/UI/TC048: Test Cases/ADMIN/Features Control/Delivery 2.0/Delivery 2.0 List Page/UI/TC048 FAILED because (of) Unable to wait for object to be visible (Root cause: java.lang.IllegalArgumentException: Object is null)]]></system-err>
      </testcase>
      <testcase name="Test Cases/ADMIN/Features Control/Delivery 2.0/Delivery 2.0 List Page/UI/TC049" classname="Test Cases/ADMIN/Features Control/Delivery 2.0/Delivery 2.0 List Page/UI/TC049" status="FAILED">
         <failure type="FAILED" message="Unable to wait for object to be visible (Root cause: java.lang.IllegalArgumentException: Object is null)"/>
         <system-out><![CDATA[2019-10-30 14:01:02 - [TEST_CASE][FAILED] - Test Cases/ADMIN/Features Control/Delivery 2.0/Delivery 2.0 List Page/UI/TC049: Test Cases/ADMIN/Features Control/Delivery 2.0/Delivery 2.0 List Page/UI/TC049 FAILED because (of) Unable to wait for object to be visible (Root cause: java.lang.IllegalArgumentException: Object is null)

2019-10-30 14:01:02 - [TEST_STEP][FAILED] - waitForElementVisible: Unable to wait for object to be visible (Root cause: java.lang.IllegalArgumentException: Object is null)

2019-10-30 14:01:02 - [MESSAGE][WARNING] - Test object with id 'Object Repository/ADMIN/Features Control/Delivery 2.0/a_Delivery 2.0 List/a_Edit Unit/textlabel_Warning' does not exist

2019-10-30 14:01:02 - [MESSAGE][WARNING] - Test object with id 'Object Repository/' does not exist

2019-10-30 14:01:02 - [MESSAGE][FAILED] - Unable to wait for object to be visible (Root cause: java.lang.IllegalArgumentException: Object is null)
[[ATTACHMENT|C:\\Users\\April\\git\\Trillia\\Reports\\Admin\\Delivery 2.0\\UI Verification - List\\20191030_140028\\1572415262549.png]]

2019-10-30 14:01:02 - [TEST_STEP][FAILED] - verifyElementVisible: Unable to verify object is visible (Root cause: java.lang.IllegalArgumentException: Object is null)

2019-10-30 14:01:02 - [MESSAGE][WARNING] - Test object with id 'Object Repository/ADMIN/Features Control/Delivery 2.0/a_Delivery 2.0 List/a_Edit Unit/button_Okay' does not exist

2019-10-30 14:01:02 - [MESSAGE][WARNING] - Test object with id 'Object Repository/' does not exist

2019-10-30 14:01:03 - [MESSAGE][FAILED] - Unable to verify object is visible (Root cause: java.lang.IllegalArgumentException: Object is null)
[[ATTACHMENT|C:\\Users\\April\\git\\Trillia\\Reports\\Admin\\Delivery 2.0\\UI Verification - List\\20191030_140028\\1572415262893.png]]]]></system-out>
         <system-err><![CDATA[2019-10-30 14:01:02 - [TEST_CASE][FAILED] - Test Cases/ADMIN/Features Control/Delivery 2.0/Delivery 2.0 List Page/UI/TC049: Test Cases/ADMIN/Features Control/Delivery 2.0/Delivery 2.0 List Page/UI/TC049 FAILED because (of) Unable to wait for object to be visible (Root cause: java.lang.IllegalArgumentException: Object is null)]]></system-err>
      </testcase>
      <system-out><![CDATA[2019-10-30 14:00:30 - [TEST_SUITE][FAILED] - UI Verification - List: Test Cases/ADMIN/Features Control/Delivery 2.0/Delivery 2.0 List Page/UI/TC005 FAILED because (of) Unable to wait for object to be visible (Root cause: java.lang.IllegalArgumentException: Object is null)]]></system-out>
      <system-err><![CDATA[2019-10-30 14:00:30 - [TEST_SUITE][FAILED] - UI Verification - List: Test Cases/ADMIN/Features Control/Delivery 2.0/Delivery 2.0 List Page/UI/TC005 FAILED because (of) Unable to wait for object to be visible (Root cause: java.lang.IllegalArgumentException: Object is null)]]></system-err>
   </testsuite>
</testsuites>
