<?xml version="1.0" encoding="UTF-8"?>
<testsuites name="Add Category" time="1378" tests="90" failures="5" errors="0">
   <testsuite name="Add Category" tests="90" failures="5" errors="0" time="1378" timestamp="2019-06-20 09:42:26" hostname="Arcadier - Arcadier-PC" id="Test Suites/Admin/Add Category">
      <properties>
         <property name="deviceName" value=""/>
         <property name="devicePlatform" value=""/>
         <property name="logFolder" value="C:\\Users\\Arcadier\\git\\Trillia\\Reports\\Admin\\Add Category\\20190620_094224"/>
         <property name="logFiles" value="C:\\Users\\Arcadier\\git\\Trillia\\Reports\\Admin\\Add Category\\20190620_094224\\execution0.log"/>
         <property name="attachments" value="C:\\Users\\Arcadier\\git\\Trillia\\Reports\\Admin\\Add Category\\20190620_094224\\1560995270061.png, C:\\Users\\Arcadier\\git\\Trillia\\Reports\\Admin\\Add Category\\20190620_094224\\1560995969644.png, C:\\Users\\Arcadier\\git\\Trillia\\Reports\\Admin\\Add Category\\20190620_094224\\1560996055143.png, C:\\Users\\Arcadier\\git\\Trillia\\Reports\\Admin\\Add Category\\20190620_094224\\1560996111721.png, C:\\Users\\Arcadier\\git\\Trillia\\Reports\\Admin\\Add Category\\20190620_094224\\1560996117983.png, C:\\Users\\Arcadier\\git\\Trillia\\Reports\\Admin\\Add Category\\20190620_094224\\1560996295265.png"/>
         <property name="hostName" value="Arcadier - Arcadier-PC"/>
         <property name="os" value="Windows 7 64bit"/>
         <property name="katalonVersion" value="5.4.2.1"/>
         <property name="browser" value="Chrome 74.0.3729.169"/>
         <property name="hostAddress" value="10.10.31.95"/>
         <property name="sessionId" value="f019e47fe2549476de78b294d2b410cf"/>
         <property name="seleniumVersion" value="3.7.1"/>
         <property name="proxyInformation" value="ProxyInformation{proxyOption=NO_PROXY, proxyServerType=HTTP, password=, proxyServerAddress=, proxyServerPort=0}"/>
         <property name="platform" value="Windows 7"/>
      </properties>
      <testcase name="Test Cases/Utilities/ADMIN/Admin Login" classname="Test Cases/Utilities/ADMIN/Admin Login" status="PASSED">
         <system-out><![CDATA[2019-06-20 09:42:26 - [TEST_CASE][PASSED] - Test Cases/Utilities/ADMIN/Admin Login: Test Cases/Utilities/ADMIN/Admin Login

2019-06-20 09:42:27 - [TEST_STEP][PASSED] - openBrowser: Browser is opened with url: ''

2019-06-20 09:42:31 - [MESSAGE][PASSED] - Browser is opened with url: ''

2019-06-20 09:42:31 - [TEST_STEP][PASSED] - maximizeWindow: Current window maximized

2019-06-20 09:42:32 - [MESSAGE][PASSED] - Current window maximized

2019-06-20 09:42:32 - [TEST_STEP][PASSED] - navigateToUrl: Navigate to 'http://0314apriljoy6.test.arcadier.io/admin/' successfully

2019-06-20 09:42:35 - [MESSAGE][PASSED] - Navigate to 'http://0314apriljoy6.test.arcadier.io/admin/' successfully

2019-06-20 09:42:35 - [TEST_STEP][PASSED] - Statement - If (AdminAccountType == "custom"): Object: 'Object Repository/ADMIN/Admin Login Page/button_SignIn' is clicked on

2019-06-20 09:42:35 - [TEST_STEP][PASSED] - waitForElementVisible: Object 'Object Repository/ADMIN/Admin Login Page/textbox_username' is visible

2019-06-20 09:42:35 - [MESSAGE][WARNING] - Timeout '0' is invalid. Using default page load timeout: '30'

2019-06-20 09:42:35 - [MESSAGE][PASSED] - Object 'Object Repository/ADMIN/Admin Login Page/textbox_username' is visible

2019-06-20 09:42:35 - [TEST_STEP][PASSED] - setText: Text '0314apriljoy6' is set on object 'Object Repository/ADMIN/Admin Login Page/textbox_username'

2019-06-20 09:42:35 - [MESSAGE][PASSED] - Text '0314apriljoy6' is set on object 'Object Repository/ADMIN/Admin Login Page/textbox_username'

2019-06-20 09:42:35 - [TEST_STEP][PASSED] - setText: Text 'welcome8' is set on object 'Object Repository/ADMIN/Admin Login Page/textbox_password'

2019-06-20 09:42:36 - [MESSAGE][PASSED] - Text 'welcome8' is set on object 'Object Repository/ADMIN/Admin Login Page/textbox_password'

2019-06-20 09:42:36 - [TEST_STEP][PASSED] - click: Object: 'Object Repository/ADMIN/Admin Login Page/button_SignIn' is clicked on

2019-06-20 09:42:38 - [MESSAGE][PASSED] - Object: 'Object Repository/ADMIN/Admin Login Page/button_SignIn' is clicked on]]></system-out>
         <system-err><![CDATA[]]></system-err>
      </testcase>
      <testcase name="Test Cases/ADMIN/Content Mgmt/Categories/Category Add-Edit/Add Category" classname="Test Cases/ADMIN/Content Mgmt/Categories/Category Add-Edit/Add Category" status="PASSED">
         <system-out><![CDATA[2019-06-20 09:42:38 - [TEST_CASE][PASSED] - Test Cases/ADMIN/Content Mgmt/Categories/Category Add-Edit/Add Category: Test Cases/ADMIN/Content Mgmt/Categories/Category Add-Edit/Add Category

2019-06-20 09:42:38 - [TEST_STEP][PASSED] - waitForElementVisible: Object 'Object Repository/ADMIN/Categories/Category List/button_Content Mgmt' is visible

2019-06-20 09:42:38 - [MESSAGE][WARNING] - Timeout '0' is invalid. Using default page load timeout: '30'

2019-06-20 09:42:39 - [MESSAGE][PASSED] - Object 'Object Repository/ADMIN/Categories/Category List/button_Content Mgmt' is visible

2019-06-20 09:42:39 - [TEST_STEP][PASSED] - click: Object: 'Object Repository/ADMIN/Categories/Category List/button_Content Mgmt' is clicked on

2019-06-20 09:42:39 - [MESSAGE][PASSED] - Object: 'Object Repository/ADMIN/Categories/Category List/button_Content Mgmt' is clicked on

2019-06-20 09:42:39 - [TEST_STEP][PASSED] - waitForElementVisible: Object 'Object Repository/ADMIN/Categories/Category List/button_Categories' is visible

2019-06-20 09:42:39 - [MESSAGE][WARNING] - Timeout '0' is invalid. Using default page load timeout: '30'

2019-06-20 09:42:40 - [MESSAGE][PASSED] - Object 'Object Repository/ADMIN/Categories/Category List/button_Categories' is visible

2019-06-20 09:42:40 - [TEST_STEP][PASSED] - click: Object: 'Object Repository/ADMIN/Categories/Category List/button_Categories' is clicked on

2019-06-20 09:42:41 - [MESSAGE][PASSED] - Object: 'Object Repository/ADMIN/Categories/Category List/button_Categories' is clicked on

2019-06-20 09:42:41 - [TEST_STEP][PASSED] - click: Object: 'Object Repository/ADMIN/Categories/Category List/button_Add a Category' is clicked on

2019-06-20 09:42:41 - [MESSAGE][PASSED] - Object: 'Object Repository/ADMIN/Categories/Category List/button_Add a Category' is clicked on

2019-06-20 09:42:41 - [TEST_STEP][PASSED] - waitForElementPresent: Object 'Object Repository/ADMIN/Categories/Category/dropdown_Parent' is present

2019-06-20 09:42:41 - [MESSAGE][PASSED] - Object 'Object Repository/ADMIN/Categories/Category/dropdown_Parent' is present

2019-06-20 09:42:41 - [TEST_STEP][PASSED] - delay: Delayed 1 second(s)

2019-06-20 09:42:42 - [MESSAGE][PASSED] - Delayed 1 second(s)

2019-06-20 09:42:42 - [TEST_STEP][PASSED] - setText: Text 'Category 1.1' is set on object 'Object Repository/ADMIN/Categories/Category/textfield_Category Name'

2019-06-20 09:42:42 - [MESSAGE][PASSED] - Text 'Category 1.1' is set on object 'Object Repository/ADMIN/Categories/Category/textfield_Category Name'

2019-06-20 09:42:42 - [TEST_STEP][PASSED] - click: Object: 'Object Repository/ADMIN/Categories/Category/dropdown_Parent' is clicked on

2019-06-20 09:42:43 - [MESSAGE][PASSED] - Object: 'Object Repository/ADMIN/Categories/Category/dropdown_Parent' is clicked on

2019-06-20 09:42:43 - [TEST_STEP][PASSED] - delay: Delayed 2 second(s)

2019-06-20 09:42:45 - [MESSAGE][PASSED] - Delayed 2 second(s)

2019-06-20 09:42:45 - [TEST_STEP][PASSED] - click: Object: 'Object Repository/ADMIN/Categories/Category/dropdown_Parent' is clicked on

2019-06-20 09:42:45 - [MESSAGE][PASSED] - Object: 'Object Repository/ADMIN/Categories/Category/dropdown_Parent' is clicked on

2019-06-20 09:42:45 - [TEST_STEP][PASSED] - selectOptionByLabel: All options with label 'Category 1' are selected in object 'Object Repository/ADMIN/Categories/Category/dropdown_Parent' 

2019-06-20 09:42:45 - [MESSAGE][PASSED] - All options with label 'Category 1' are selected in object 'Object Repository/ADMIN/Categories/Category/dropdown_Parent' 

2019-06-20 09:42:45 - [TEST_STEP][PASSED] - click: Object: 'Object Repository/ADMIN/Categories/Category/button_Browse' is clicked on

2019-06-20 09:42:45 - [MESSAGE][PASSED] - Object: 'Object Repository/ADMIN/Categories/Category/button_Browse' is clicked on

2019-06-20 09:42:45 - [TEST_STEP][PASSED] - delay: Delayed 2 second(s)

2019-06-20 09:42:47 - [MESSAGE][PASSED] - Delayed 2 second(s)

2019-06-20 09:42:47 - [TEST_STEP][PASSED] - uploadFile: File 'C:\\Katalon\\Image\\pic1.jpg' sent to object: 'Object Repository/ADMIN/Categories/Category/image_input image'

2019-06-20 09:42:47 - [MESSAGE][PASSED] - File 'C:\\Katalon\\Image\\pic1.jpg' sent to object: 'Object Repository/ADMIN/Categories/Category/image_input image'

2019-06-20 09:42:47 - [TEST_STEP][PASSED] - waitForElementVisible: Object 'Object Repository/ADMIN/Categories/Category/button_upload check' is visible

2019-06-20 09:42:47 - [MESSAGE][WARNING] - Timeout '0' is invalid. Using default page load timeout: '30'

2019-06-20 09:42:47 - [MESSAGE][PASSED] - Object 'Object Repository/ADMIN/Categories/Category/button_upload check' is visible

2019-06-20 09:42:47 - [TEST_STEP][PASSED] - click: Object: 'Object Repository/ADMIN/Categories/Category/button_upload check' is clicked on

2019-06-20 09:42:47 - [MESSAGE][PASSED] - Object: 'Object Repository/ADMIN/Categories/Category/button_upload check' is clicked on

2019-06-20 09:42:47 - [TEST_STEP][PASSED] - waitForElementVisible: Object 'Object Repository/ADMIN/Categories/Category/button_upload save' is visible

2019-06-20 09:42:47 - [MESSAGE][WARNING] - Timeout '0' is invalid. Using default page load timeout: '30'

2019-06-20 09:42:47 - [MESSAGE][PASSED] - Object 'Object Repository/ADMIN/Categories/Category/button_upload save' is visible

2019-06-20 09:42:47 - [TEST_STEP][PASSED] - click: Object: 'Object Repository/ADMIN/Categories/Category/button_upload save' is clicked on

2019-06-20 09:42:47 - [MESSAGE][PASSED] - Object: 'Object Repository/ADMIN/Categories/Category/button_upload save' is clicked on

2019-06-20 09:42:47 - [TEST_STEP][PASSED] - setText: Text 'Description2' is set on object 'Object Repository/ADMIN/Categories/Category/textfield_category_description'

2019-06-20 09:42:48 - [MESSAGE][PASSED] - Text 'Description2' is set on object 'Object Repository/ADMIN/Categories/Category/textfield_category_description'

2019-06-20 09:42:48 - [TEST_STEP][PASSED] - click: Object: 'Object Repository/ADMIN/Categories/Category/button_Save' is clicked on

2019-06-20 09:42:48 - [MESSAGE][PASSED] - Object: 'Object Repository/ADMIN/Categories/Category/button_Save' is clicked on

2019-06-20 09:42:48 - [TEST_STEP][PASSED] - waitForElementVisible: Object 'Object Repository/ADMIN/Categories/Category/label_edit popup' is visible

2019-06-20 09:42:48 - [MESSAGE][WARNING] - Timeout '0' is invalid. Using default page load timeout: '30'

2019-06-20 09:42:49 - [MESSAGE][PASSED] - Object 'Object Repository/ADMIN/Categories/Category/label_edit popup' is visible

2019-06-20 09:42:49 - [TEST_STEP][PASSED] - waitForElementNotPresent: Web element with id: 'Object Repository/ADMIN/Categories/Category/label_edit popup' located by 'By.xpath: //div[(text() = 'Category was successfully saved.' or . = 'Category was successfully saved.')]' is not present after '30' second(s)

2019-06-20 09:42:49 - [MESSAGE][WARNING] - Timeout '0' is invalid. Using default page load timeout: '30'

2019-06-20 09:42:55 - [MESSAGE][PASSED] - Web element with id: 'Object Repository/ADMIN/Categories/Category/label_edit popup' located by 'By.xpath: //div[(text() = 'Category was successfully saved.' or . = 'Category was successfully saved.')]' is not present after '30' second(s)]]></system-out>
         <system-err><![CDATA[]]></system-err>
      </testcase>
      <testcase name="Test Cases/ADMIN/Content Mgmt/Categories/Category Add-Edit/Add Category" classname="Test Cases/ADMIN/Content Mgmt/Categories/Category Add-Edit/Add Category" status="PASSED">
         <system-out><![CDATA[2019-06-20 09:42:55 - [TEST_CASE][PASSED] - Test Cases/ADMIN/Content Mgmt/Categories/Category Add-Edit/Add Category: Test Cases/ADMIN/Content Mgmt/Categories/Category Add-Edit/Add Category

2019-06-20 09:42:55 - [TEST_STEP][PASSED] - waitForElementVisible: Object 'Object Repository/ADMIN/Categories/Category List/button_Content Mgmt' is visible

2019-06-20 09:42:55 - [MESSAGE][WARNING] - Timeout '0' is invalid. Using default page load timeout: '30'

2019-06-20 09:42:55 - [MESSAGE][PASSED] - Object 'Object Repository/ADMIN/Categories/Category List/button_Content Mgmt' is visible

2019-06-20 09:42:55 - [TEST_STEP][PASSED] - click: Object: 'Object Repository/ADMIN/Categories/Category List/button_Content Mgmt' is clicked on

2019-06-20 09:42:55 - [MESSAGE][PASSED] - Object: 'Object Repository/ADMIN/Categories/Category List/button_Content Mgmt' is clicked on

2019-06-20 09:42:55 - [TEST_STEP][PASSED] - waitForElementVisible: Object 'Object Repository/ADMIN/Categories/Category List/button_Categories' is visible

2019-06-20 09:42:55 - [MESSAGE][WARNING] - Timeout '0' is invalid. Using default page load timeout: '30'

2019-06-20 09:42:55 - [MESSAGE][PASSED] - Object 'Object Repository/ADMIN/Categories/Category List/button_Categories' is visible

2019-06-20 09:42:55 - [TEST_STEP][PASSED] - click: Object: 'Object Repository/ADMIN/Categories/Category List/button_Categories' is clicked on

2019-06-20 09:42:56 - [MESSAGE][PASSED] - Object: 'Object Repository/ADMIN/Categories/Category List/button_Categories' is clicked on

2019-06-20 09:42:56 - [TEST_STEP][PASSED] - click: Object: 'Object Repository/ADMIN/Categories/Category List/button_Add a Category' is clicked on

2019-06-20 09:42:56 - [MESSAGE][PASSED] - Object: 'Object Repository/ADMIN/Categories/Category List/button_Add a Category' is clicked on

2019-06-20 09:42:56 - [TEST_STEP][PASSED] - waitForElementPresent: Object 'Object Repository/ADMIN/Categories/Category/dropdown_Parent' is present

2019-06-20 09:42:56 - [MESSAGE][PASSED] - Object 'Object Repository/ADMIN/Categories/Category/dropdown_Parent' is present

2019-06-20 09:42:56 - [TEST_STEP][PASSED] - delay: Delayed 1 second(s)

2019-06-20 09:42:57 - [MESSAGE][PASSED] - Delayed 1 second(s)

2019-06-20 09:42:57 - [TEST_STEP][PASSED] - setText: Text 'Category 1.2' is set on object 'Object Repository/ADMIN/Categories/Category/textfield_Category Name'

2019-06-20 09:42:57 - [MESSAGE][PASSED] - Text 'Category 1.2' is set on object 'Object Repository/ADMIN/Categories/Category/textfield_Category Name'

2019-06-20 09:42:57 - [TEST_STEP][PASSED] - click: Object: 'Object Repository/ADMIN/Categories/Category/dropdown_Parent' is clicked on

2019-06-20 09:42:57 - [MESSAGE][PASSED] - Object: 'Object Repository/ADMIN/Categories/Category/dropdown_Parent' is clicked on

2019-06-20 09:42:57 - [TEST_STEP][PASSED] - delay: Delayed 2 second(s)

2019-06-20 09:42:59 - [MESSAGE][PASSED] - Delayed 2 second(s)

2019-06-20 09:42:59 - [TEST_STEP][PASSED] - click: Object: 'Object Repository/ADMIN/Categories/Category/dropdown_Parent' is clicked on

2019-06-20 09:42:59 - [MESSAGE][PASSED] - Object: 'Object Repository/ADMIN/Categories/Category/dropdown_Parent' is clicked on

2019-06-20 09:42:59 - [TEST_STEP][PASSED] - selectOptionByLabel: All options with label 'Category 1' are selected in object 'Object Repository/ADMIN/Categories/Category/dropdown_Parent' 

2019-06-20 09:42:59 - [MESSAGE][PASSED] - All options with label 'Category 1' are selected in object 'Object Repository/ADMIN/Categories/Category/dropdown_Parent' 

2019-06-20 09:42:59 - [TEST_STEP][PASSED] - click: Object: 'Object Repository/ADMIN/Categories/Category/button_Browse' is clicked on

2019-06-20 09:42:59 - [MESSAGE][PASSED] - Object: 'Object Repository/ADMIN/Categories/Category/button_Browse' is clicked on

2019-06-20 09:42:59 - [TEST_STEP][PASSED] - delay: Delayed 2 second(s)

2019-06-20 09:43:01 - [MESSAGE][PASSED] - Delayed 2 second(s)

2019-06-20 09:43:01 - [TEST_STEP][PASSED] - uploadFile: File 'C:\\Katalon\\Image\\pic2.jpg' sent to object: 'Object Repository/ADMIN/Categories/Category/image_input image'

2019-06-20 09:43:01 - [MESSAGE][PASSED] - File 'C:\\Katalon\\Image\\pic2.jpg' sent to object: 'Object Repository/ADMIN/Categories/Category/image_input image'

2019-06-20 09:43:01 - [TEST_STEP][PASSED] - waitForElementVisible: Object 'Object Repository/ADMIN/Categories/Category/button_upload check' is visible

2019-06-20 09:43:01 - [MESSAGE][WARNING] - Timeout '0' is invalid. Using default page load timeout: '30'

2019-06-20 09:43:01 - [MESSAGE][PASSED] - Object 'Object Repository/ADMIN/Categories/Category/button_upload check' is visible

2019-06-20 09:43:01 - [TEST_STEP][PASSED] - click: Object: 'Object Repository/ADMIN/Categories/Category/button_upload check' is clicked on

2019-06-20 09:43:02 - [MESSAGE][PASSED] - Object: 'Object Repository/ADMIN/Categories/Category/button_upload check' is clicked on

2019-06-20 09:43:02 - [TEST_STEP][PASSED] - waitForElementVisible: Object 'Object Repository/ADMIN/Categories/Category/button_upload save' is visible

2019-06-20 09:43:02 - [MESSAGE][WARNING] - Timeout '0' is invalid. Using default page load timeout: '30'

2019-06-20 09:43:02 - [MESSAGE][PASSED] - Object 'Object Repository/ADMIN/Categories/Category/button_upload save' is visible

2019-06-20 09:43:02 - [TEST_STEP][PASSED] - click: Object: 'Object Repository/ADMIN/Categories/Category/button_upload save' is clicked on

2019-06-20 09:43:02 - [MESSAGE][PASSED] - Object: 'Object Repository/ADMIN/Categories/Category/button_upload save' is clicked on

2019-06-20 09:43:02 - [TEST_STEP][PASSED] - setText: Text 'Description3' is set on object 'Object Repository/ADMIN/Categories/Category/textfield_category_description'

2019-06-20 09:43:02 - [MESSAGE][PASSED] - Text 'Description3' is set on object 'Object Repository/ADMIN/Categories/Category/textfield_category_description'

2019-06-20 09:43:02 - [TEST_STEP][PASSED] - click: Object: 'Object Repository/ADMIN/Categories/Category/button_Save' is clicked on

2019-06-20 09:43:02 - [MESSAGE][PASSED] - Object: 'Object Repository/ADMIN/Categories/Category/button_Save' is clicked on

2019-06-20 09:43:02 - [TEST_STEP][PASSED] - waitForElementVisible: Object 'Object Repository/ADMIN/Categories/Category/label_edit popup' is visible

2019-06-20 09:43:02 - [MESSAGE][WARNING] - Timeout '0' is invalid. Using default page load timeout: '30'

2019-06-20 09:43:02 - [MESSAGE][PASSED] - Object 'Object Repository/ADMIN/Categories/Category/label_edit popup' is visible

2019-06-20 09:43:02 - [TEST_STEP][PASSED] - waitForElementNotPresent: Web element with id: 'Object Repository/ADMIN/Categories/Category/label_edit popup' located by 'By.xpath: //div[(text() = 'Category was successfully saved.' or . = 'Category was successfully saved.')]' is not present after '30' second(s)

2019-06-20 09:43:02 - [MESSAGE][WARNING] - Timeout '0' is invalid. Using default page load timeout: '30'

2019-06-20 09:43:09 - [MESSAGE][PASSED] - Web element with id: 'Object Repository/ADMIN/Categories/Category/label_edit popup' located by 'By.xpath: //div[(text() = 'Category was successfully saved.' or . = 'Category was successfully saved.')]' is not present after '30' second(s)]]></system-out>
         <system-err><![CDATA[]]></system-err>
      </testcase>
      <testcase name="Test Cases/ADMIN/Content Mgmt/Categories/Category Add-Edit/Add Category" classname="Test Cases/ADMIN/Content Mgmt/Categories/Category Add-Edit/Add Category" status="PASSED">
         <system-out><![CDATA[2019-06-20 09:43:09 - [TEST_CASE][PASSED] - Test Cases/ADMIN/Content Mgmt/Categories/Category Add-Edit/Add Category: Test Cases/ADMIN/Content Mgmt/Categories/Category Add-Edit/Add Category

2019-06-20 09:43:09 - [TEST_STEP][PASSED] - waitForElementVisible: Object 'Object Repository/ADMIN/Categories/Category List/button_Content Mgmt' is visible

2019-06-20 09:43:09 - [MESSAGE][WARNING] - Timeout '0' is invalid. Using default page load timeout: '30'

2019-06-20 09:43:09 - [MESSAGE][PASSED] - Object 'Object Repository/ADMIN/Categories/Category List/button_Content Mgmt' is visible

2019-06-20 09:43:09 - [TEST_STEP][PASSED] - click: Object: 'Object Repository/ADMIN/Categories/Category List/button_Content Mgmt' is clicked on

2019-06-20 09:43:09 - [MESSAGE][PASSED] - Object: 'Object Repository/ADMIN/Categories/Category List/button_Content Mgmt' is clicked on

2019-06-20 09:43:09 - [TEST_STEP][PASSED] - waitForElementVisible: Object 'Object Repository/ADMIN/Categories/Category List/button_Categories' is visible

2019-06-20 09:43:09 - [MESSAGE][WARNING] - Timeout '0' is invalid. Using default page load timeout: '30'

2019-06-20 09:43:09 - [MESSAGE][PASSED] - Object 'Object Repository/ADMIN/Categories/Category List/button_Categories' is visible

2019-06-20 09:43:09 - [TEST_STEP][PASSED] - click: Object: 'Object Repository/ADMIN/Categories/Category List/button_Categories' is clicked on

2019-06-20 09:43:11 - [MESSAGE][PASSED] - Object: 'Object Repository/ADMIN/Categories/Category List/button_Categories' is clicked on

2019-06-20 09:43:11 - [TEST_STEP][PASSED] - click: Object: 'Object Repository/ADMIN/Categories/Category List/button_Add a Category' is clicked on

2019-06-20 09:43:11 - [MESSAGE][PASSED] - Object: 'Object Repository/ADMIN/Categories/Category List/button_Add a Category' is clicked on

2019-06-20 09:43:11 - [TEST_STEP][PASSED] - waitForElementPresent: Object 'Object Repository/ADMIN/Categories/Category/dropdown_Parent' is present

2019-06-20 09:43:11 - [MESSAGE][PASSED] - Object 'Object Repository/ADMIN/Categories/Category/dropdown_Parent' is present

2019-06-20 09:43:11 - [TEST_STEP][PASSED] - delay: Delayed 1 second(s)

2019-06-20 09:43:12 - [MESSAGE][PASSED] - Delayed 1 second(s)

2019-06-20 09:43:12 - [TEST_STEP][PASSED] - setText: Text 'Category 1.2.1' is set on object 'Object Repository/ADMIN/Categories/Category/textfield_Category Name'

2019-06-20 09:43:12 - [MESSAGE][PASSED] - Text 'Category 1.2.1' is set on object 'Object Repository/ADMIN/Categories/Category/textfield_Category Name'

2019-06-20 09:43:12 - [TEST_STEP][PASSED] - click: Object: 'Object Repository/ADMIN/Categories/Category/dropdown_Parent' is clicked on

2019-06-20 09:43:12 - [MESSAGE][PASSED] - Object: 'Object Repository/ADMIN/Categories/Category/dropdown_Parent' is clicked on

2019-06-20 09:43:12 - [TEST_STEP][PASSED] - delay: Delayed 2 second(s)

2019-06-20 09:43:14 - [MESSAGE][PASSED] - Delayed 2 second(s)

2019-06-20 09:43:14 - [TEST_STEP][PASSED] - click: Object: 'Object Repository/ADMIN/Categories/Category/dropdown_Parent' is clicked on

2019-06-20 09:43:14 - [MESSAGE][PASSED] - Object: 'Object Repository/ADMIN/Categories/Category/dropdown_Parent' is clicked on

2019-06-20 09:43:14 - [TEST_STEP][PASSED] - selectOptionByLabel: All options with label 'Category 1.2' are selected in object 'Object Repository/ADMIN/Categories/Category/dropdown_Parent' 

2019-06-20 09:43:15 - [MESSAGE][PASSED] - All options with label 'Category 1.2' are selected in object 'Object Repository/ADMIN/Categories/Category/dropdown_Parent' 

2019-06-20 09:43:15 - [TEST_STEP][PASSED] - click: Object: 'Object Repository/ADMIN/Categories/Category/button_Browse' is clicked on

2019-06-20 09:43:15 - [MESSAGE][PASSED] - Object: 'Object Repository/ADMIN/Categories/Category/button_Browse' is clicked on

2019-06-20 09:43:15 - [TEST_STEP][PASSED] - delay: Delayed 2 second(s)

2019-06-20 09:43:17 - [MESSAGE][PASSED] - Delayed 2 second(s)

2019-06-20 09:43:17 - [TEST_STEP][PASSED] - uploadFile: File 'C:\\Katalon\\Image\\pic3.jpg' sent to object: 'Object Repository/ADMIN/Categories/Category/image_input image'

2019-06-20 09:43:17 - [MESSAGE][PASSED] - File 'C:\\Katalon\\Image\\pic3.jpg' sent to object: 'Object Repository/ADMIN/Categories/Category/image_input image'

2019-06-20 09:43:17 - [TEST_STEP][PASSED] - waitForElementVisible: Object 'Object Repository/ADMIN/Categories/Category/button_upload check' is visible

2019-06-20 09:43:17 - [MESSAGE][WARNING] - Timeout '0' is invalid. Using default page load timeout: '30'

2019-06-20 09:43:17 - [MESSAGE][PASSED] - Object 'Object Repository/ADMIN/Categories/Category/button_upload check' is visible

2019-06-20 09:43:17 - [TEST_STEP][PASSED] - click: Object: 'Object Repository/ADMIN/Categories/Category/button_upload check' is clicked on

2019-06-20 09:43:17 - [MESSAGE][PASSED] - Object: 'Object Repository/ADMIN/Categories/Category/button_upload check' is clicked on

2019-06-20 09:43:17 - [TEST_STEP][PASSED] - waitForElementVisible: Object 'Object Repository/ADMIN/Categories/Category/button_upload save' is visible

2019-06-20 09:43:17 - [MESSAGE][WARNING] - Timeout '0' is invalid. Using default page load timeout: '30'

2019-06-20 09:43:17 - [MESSAGE][PASSED] - Object 'Object Repository/ADMIN/Categories/Category/button_upload save' is visible

2019-06-20 09:43:17 - [TEST_STEP][PASSED] - click: Object: 'Object Repository/ADMIN/Categories/Category/button_upload save' is clicked on

2019-06-20 09:43:17 - [MESSAGE][PASSED] - Object: 'Object Repository/ADMIN/Categories/Category/button_upload save' is clicked on

2019-06-20 09:43:17 - [TEST_STEP][PASSED] - setText: Text 'Description4' is set on object 'Object Repository/ADMIN/Categories/Category/textfield_category_description'

2019-06-20 09:43:17 - [MESSAGE][PASSED] - Text 'Description4' is set on object 'Object Repository/ADMIN/Categories/Category/textfield_category_description'

2019-06-20 09:43:17 - [TEST_STEP][PASSED] - click: Object: 'Object Repository/ADMIN/Categories/Category/button_Save' is clicked on

2019-06-20 09:43:17 - [MESSAGE][PASSED] - Object: 'Object Repository/ADMIN/Categories/Category/button_Save' is clicked on

2019-06-20 09:43:17 - [TEST_STEP][PASSED] - waitForElementVisible: Object 'Object Repository/ADMIN/Categories/Category/label_edit popup' is visible

2019-06-20 09:43:17 - [MESSAGE][WARNING] - Timeout '0' is invalid. Using default page load timeout: '30'

2019-06-20 09:43:18 - [MESSAGE][PASSED] - Object 'Object Repository/ADMIN/Categories/Category/label_edit popup' is visible

2019-06-20 09:43:18 - [TEST_STEP][PASSED] - waitForElementNotPresent: Web element with id: 'Object Repository/ADMIN/Categories/Category/label_edit popup' located by 'By.xpath: //div[(text() = 'Category was successfully saved.' or . = 'Category was successfully saved.')]' is not present after '30' second(s)

2019-06-20 09:43:18 - [MESSAGE][WARNING] - Timeout '0' is invalid. Using default page load timeout: '30'

2019-06-20 09:43:24 - [MESSAGE][PASSED] - Web element with id: 'Object Repository/ADMIN/Categories/Category/label_edit popup' located by 'By.xpath: //div[(text() = 'Category was successfully saved.' or . = 'Category was successfully saved.')]' is not present after '30' second(s)]]></system-out>
         <system-err><![CDATA[]]></system-err>
      </testcase>
      <testcase name="Test Cases/ADMIN/Content Mgmt/Categories/Category Add-Edit/Add Category" classname="Test Cases/ADMIN/Content Mgmt/Categories/Category Add-Edit/Add Category" status="PASSED">
         <system-out><![CDATA[2019-06-20 09:43:24 - [TEST_CASE][PASSED] - Test Cases/ADMIN/Content Mgmt/Categories/Category Add-Edit/Add Category: Test Cases/ADMIN/Content Mgmt/Categories/Category Add-Edit/Add Category

2019-06-20 09:43:24 - [TEST_STEP][PASSED] - waitForElementVisible: Object 'Object Repository/ADMIN/Categories/Category List/button_Content Mgmt' is visible

2019-06-20 09:43:24 - [MESSAGE][WARNING] - Timeout '0' is invalid. Using default page load timeout: '30'

2019-06-20 09:43:24 - [MESSAGE][PASSED] - Object 'Object Repository/ADMIN/Categories/Category List/button_Content Mgmt' is visible

2019-06-20 09:43:24 - [TEST_STEP][PASSED] - click: Object: 'Object Repository/ADMIN/Categories/Category List/button_Content Mgmt' is clicked on

2019-06-20 09:43:24 - [MESSAGE][PASSED] - Object: 'Object Repository/ADMIN/Categories/Category List/button_Content Mgmt' is clicked on

2019-06-20 09:43:24 - [TEST_STEP][PASSED] - waitForElementVisible: Object 'Object Repository/ADMIN/Categories/Category List/button_Categories' is visible

2019-06-20 09:43:24 - [MESSAGE][WARNING] - Timeout '0' is invalid. Using default page load timeout: '30'

2019-06-20 09:43:24 - [MESSAGE][PASSED] - Object 'Object Repository/ADMIN/Categories/Category List/button_Categories' is visible

2019-06-20 09:43:24 - [TEST_STEP][PASSED] - click: Object: 'Object Repository/ADMIN/Categories/Category List/button_Categories' is clicked on

2019-06-20 09:43:25 - [MESSAGE][PASSED] - Object: 'Object Repository/ADMIN/Categories/Category List/button_Categories' is clicked on

2019-06-20 09:43:25 - [TEST_STEP][PASSED] - click: Object: 'Object Repository/ADMIN/Categories/Category List/button_Add a Category' is clicked on

2019-06-20 09:43:25 - [MESSAGE][PASSED] - Object: 'Object Repository/ADMIN/Categories/Category List/button_Add a Category' is clicked on

2019-06-20 09:43:25 - [TEST_STEP][PASSED] - waitForElementPresent: Object 'Object Repository/ADMIN/Categories/Category/dropdown_Parent' is present

2019-06-20 09:43:25 - [MESSAGE][PASSED] - Object 'Object Repository/ADMIN/Categories/Category/dropdown_Parent' is present

2019-06-20 09:43:25 - [TEST_STEP][PASSED] - delay: Delayed 1 second(s)

2019-06-20 09:43:26 - [MESSAGE][PASSED] - Delayed 1 second(s)

2019-06-20 09:43:26 - [TEST_STEP][PASSED] - setText: Text 'Category 1.2.1.1' is set on object 'Object Repository/ADMIN/Categories/Category/textfield_Category Name'

2019-06-20 09:43:26 - [MESSAGE][PASSED] - Text 'Category 1.2.1.1' is set on object 'Object Repository/ADMIN/Categories/Category/textfield_Category Name'

2019-06-20 09:43:26 - [TEST_STEP][PASSED] - click: Object: 'Object Repository/ADMIN/Categories/Category/dropdown_Parent' is clicked on

2019-06-20 09:43:26 - [MESSAGE][PASSED] - Object: 'Object Repository/ADMIN/Categories/Category/dropdown_Parent' is clicked on

2019-06-20 09:43:26 - [TEST_STEP][PASSED] - delay: Delayed 2 second(s)

2019-06-20 09:43:28 - [MESSAGE][PASSED] - Delayed 2 second(s)

2019-06-20 09:43:28 - [TEST_STEP][PASSED] - click: Object: 'Object Repository/ADMIN/Categories/Category/dropdown_Parent' is clicked on

2019-06-20 09:43:29 - [MESSAGE][PASSED] - Object: 'Object Repository/ADMIN/Categories/Category/dropdown_Parent' is clicked on

2019-06-20 09:43:29 - [TEST_STEP][PASSED] - selectOptionByLabel: All options with label 'Category 1.2.1' are selected in object 'Object Repository/ADMIN/Categories/Category/dropdown_Parent' 

2019-06-20 09:43:29 - [MESSAGE][PASSED] - All options with label 'Category 1.2.1' are selected in object 'Object Repository/ADMIN/Categories/Category/dropdown_Parent' 

2019-06-20 09:43:29 - [TEST_STEP][PASSED] - click: Object: 'Object Repository/ADMIN/Categories/Category/button_Browse' is clicked on

2019-06-20 09:43:29 - [MESSAGE][PASSED] - Object: 'Object Repository/ADMIN/Categories/Category/button_Browse' is clicked on

2019-06-20 09:43:29 - [TEST_STEP][PASSED] - delay: Delayed 2 second(s)

2019-06-20 09:43:31 - [MESSAGE][PASSED] - Delayed 2 second(s)

2019-06-20 09:43:31 - [TEST_STEP][PASSED] - uploadFile: File 'C:\\Katalon\\Image\\pic4.jpg' sent to object: 'Object Repository/ADMIN/Categories/Category/image_input image'

2019-06-20 09:43:31 - [MESSAGE][PASSED] - File 'C:\\Katalon\\Image\\pic4.jpg' sent to object: 'Object Repository/ADMIN/Categories/Category/image_input image'

2019-06-20 09:43:31 - [TEST_STEP][PASSED] - waitForElementVisible: Object 'Object Repository/ADMIN/Categories/Category/button_upload check' is visible

2019-06-20 09:43:31 - [MESSAGE][WARNING] - Timeout '0' is invalid. Using default page load timeout: '30'

2019-06-20 09:43:31 - [MESSAGE][PASSED] - Object 'Object Repository/ADMIN/Categories/Category/button_upload check' is visible

2019-06-20 09:43:31 - [TEST_STEP][PASSED] - click: Object: 'Object Repository/ADMIN/Categories/Category/button_upload check' is clicked on

2019-06-20 09:43:31 - [MESSAGE][PASSED] - Object: 'Object Repository/ADMIN/Categories/Category/button_upload check' is clicked on

2019-06-20 09:43:31 - [TEST_STEP][PASSED] - waitForElementVisible: Object 'Object Repository/ADMIN/Categories/Category/button_upload save' is visible

2019-06-20 09:43:31 - [MESSAGE][WARNING] - Timeout '0' is invalid. Using default page load timeout: '30'

2019-06-20 09:43:31 - [MESSAGE][PASSED] - Object 'Object Repository/ADMIN/Categories/Category/button_upload save' is visible

2019-06-20 09:43:31 - [TEST_STEP][PASSED] - click: Object: 'Object Repository/ADMIN/Categories/Category/button_upload save' is clicked on

2019-06-20 09:43:31 - [MESSAGE][PASSED] - Object: 'Object Repository/ADMIN/Categories/Category/button_upload save' is clicked on

2019-06-20 09:43:31 - [TEST_STEP][PASSED] - setText: Text 'Description5' is set on object 'Object Repository/ADMIN/Categories/Category/textfield_category_description'

2019-06-20 09:43:31 - [MESSAGE][PASSED] - Text 'Description5' is set on object 'Object Repository/ADMIN/Categories/Category/textfield_category_description'

2019-06-20 09:43:31 - [TEST_STEP][PASSED] - click: Object: 'Object Repository/ADMIN/Categories/Category/button_Save' is clicked on

2019-06-20 09:43:31 - [MESSAGE][PASSED] - Object: 'Object Repository/ADMIN/Categories/Category/button_Save' is clicked on

2019-06-20 09:43:31 - [TEST_STEP][PASSED] - waitForElementVisible: Object 'Object Repository/ADMIN/Categories/Category/label_edit popup' is visible

2019-06-20 09:43:31 - [MESSAGE][WARNING] - Timeout '0' is invalid. Using default page load timeout: '30'

2019-06-20 09:43:32 - [MESSAGE][PASSED] - Object 'Object Repository/ADMIN/Categories/Category/label_edit popup' is visible

2019-06-20 09:43:32 - [TEST_STEP][PASSED] - waitForElementNotPresent: Web element with id: 'Object Repository/ADMIN/Categories/Category/label_edit popup' located by 'By.xpath: //div[(text() = 'Category was successfully saved.' or . = 'Category was successfully saved.')]' is not present after '30' second(s)

2019-06-20 09:43:32 - [MESSAGE][WARNING] - Timeout '0' is invalid. Using default page load timeout: '30'

2019-06-20 09:43:38 - [MESSAGE][PASSED] - Web element with id: 'Object Repository/ADMIN/Categories/Category/label_edit popup' located by 'By.xpath: //div[(text() = 'Category was successfully saved.' or . = 'Category was successfully saved.')]' is not present after '30' second(s)]]></system-out>
         <system-err><![CDATA[]]></system-err>
      </testcase>
      <testcase name="Test Cases/ADMIN/Content Mgmt/Categories/Category Add-Edit/Add Category" classname="Test Cases/ADMIN/Content Mgmt/Categories/Category Add-Edit/Add Category" status="PASSED">
         <system-out><![CDATA[2019-06-20 09:43:38 - [TEST_CASE][PASSED] - Test Cases/ADMIN/Content Mgmt/Categories/Category Add-Edit/Add Category: Test Cases/ADMIN/Content Mgmt/Categories/Category Add-Edit/Add Category

2019-06-20 09:43:38 - [TEST_STEP][PASSED] - waitForElementVisible: Object 'Object Repository/ADMIN/Categories/Category List/button_Content Mgmt' is visible

2019-06-20 09:43:38 - [MESSAGE][WARNING] - Timeout '0' is invalid. Using default page load timeout: '30'

2019-06-20 09:43:38 - [MESSAGE][PASSED] - Object 'Object Repository/ADMIN/Categories/Category List/button_Content Mgmt' is visible

2019-06-20 09:43:38 - [TEST_STEP][PASSED] - click: Object: 'Object Repository/ADMIN/Categories/Category List/button_Content Mgmt' is clicked on

2019-06-20 09:43:38 - [MESSAGE][PASSED] - Object: 'Object Repository/ADMIN/Categories/Category List/button_Content Mgmt' is clicked on

2019-06-20 09:43:38 - [TEST_STEP][PASSED] - waitForElementVisible: Object 'Object Repository/ADMIN/Categories/Category List/button_Categories' is visible

2019-06-20 09:43:38 - [MESSAGE][WARNING] - Timeout '0' is invalid. Using default page load timeout: '30'

2019-06-20 09:43:38 - [MESSAGE][PASSED] - Object 'Object Repository/ADMIN/Categories/Category List/button_Categories' is visible

2019-06-20 09:43:38 - [TEST_STEP][PASSED] - click: Object: 'Object Repository/ADMIN/Categories/Category List/button_Categories' is clicked on

2019-06-20 09:43:39 - [MESSAGE][PASSED] - Object: 'Object Repository/ADMIN/Categories/Category List/button_Categories' is clicked on

2019-06-20 09:43:39 - [TEST_STEP][PASSED] - click: Object: 'Object Repository/ADMIN/Categories/Category List/button_Add a Category' is clicked on

2019-06-20 09:43:39 - [MESSAGE][PASSED] - Object: 'Object Repository/ADMIN/Categories/Category List/button_Add a Category' is clicked on

2019-06-20 09:43:39 - [TEST_STEP][PASSED] - waitForElementPresent: Object 'Object Repository/ADMIN/Categories/Category/dropdown_Parent' is present

2019-06-20 09:43:39 - [MESSAGE][PASSED] - Object 'Object Repository/ADMIN/Categories/Category/dropdown_Parent' is present

2019-06-20 09:43:39 - [TEST_STEP][PASSED] - delay: Delayed 1 second(s)

2019-06-20 09:43:40 - [MESSAGE][PASSED] - Delayed 1 second(s)

2019-06-20 09:43:40 - [TEST_STEP][PASSED] - setText: Text 'Category 1.2.2' is set on object 'Object Repository/ADMIN/Categories/Category/textfield_Category Name'

2019-06-20 09:43:40 - [MESSAGE][PASSED] - Text 'Category 1.2.2' is set on object 'Object Repository/ADMIN/Categories/Category/textfield_Category Name'

2019-06-20 09:43:40 - [TEST_STEP][PASSED] - click: Object: 'Object Repository/ADMIN/Categories/Category/dropdown_Parent' is clicked on

2019-06-20 09:43:40 - [MESSAGE][PASSED] - Object: 'Object Repository/ADMIN/Categories/Category/dropdown_Parent' is clicked on

2019-06-20 09:43:40 - [TEST_STEP][PASSED] - delay: Delayed 2 second(s)

2019-06-20 09:43:42 - [MESSAGE][PASSED] - Delayed 2 second(s)

2019-06-20 09:43:42 - [TEST_STEP][PASSED] - click: Object: 'Object Repository/ADMIN/Categories/Category/dropdown_Parent' is clicked on

2019-06-20 09:43:43 - [MESSAGE][PASSED] - Object: 'Object Repository/ADMIN/Categories/Category/dropdown_Parent' is clicked on

2019-06-20 09:43:43 - [TEST_STEP][PASSED] - selectOptionByLabel: All options with label 'Category 1.2' are selected in object 'Object Repository/ADMIN/Categories/Category/dropdown_Parent' 

2019-06-20 09:43:43 - [MESSAGE][PASSED] - All options with label 'Category 1.2' are selected in object 'Object Repository/ADMIN/Categories/Category/dropdown_Parent' 

2019-06-20 09:43:43 - [TEST_STEP][PASSED] - click: Object: 'Object Repository/ADMIN/Categories/Category/button_Browse' is clicked on

2019-06-20 09:43:43 - [MESSAGE][PASSED] - Object: 'Object Repository/ADMIN/Categories/Category/button_Browse' is clicked on

2019-06-20 09:43:43 - [TEST_STEP][PASSED] - delay: Delayed 2 second(s)

2019-06-20 09:43:45 - [MESSAGE][PASSED] - Delayed 2 second(s)

2019-06-20 09:43:45 - [TEST_STEP][PASSED] - uploadFile: File 'C:\\Katalon\\Image\\pic5.jpg' sent to object: 'Object Repository/ADMIN/Categories/Category/image_input image'

2019-06-20 09:43:45 - [MESSAGE][PASSED] - File 'C:\\Katalon\\Image\\pic5.jpg' sent to object: 'Object Repository/ADMIN/Categories/Category/image_input image'

2019-06-20 09:43:45 - [TEST_STEP][PASSED] - waitForElementVisible: Object 'Object Repository/ADMIN/Categories/Category/button_upload check' is visible

2019-06-20 09:43:45 - [MESSAGE][WARNING] - Timeout '0' is invalid. Using default page load timeout: '30'

2019-06-20 09:43:45 - [MESSAGE][PASSED] - Object 'Object Repository/ADMIN/Categories/Category/button_upload check' is visible

2019-06-20 09:43:45 - [TEST_STEP][PASSED] - click: Object: 'Object Repository/ADMIN/Categories/Category/button_upload check' is clicked on

2019-06-20 09:43:45 - [MESSAGE][PASSED] - Object: 'Object Repository/ADMIN/Categories/Category/button_upload check' is clicked on

2019-06-20 09:43:45 - [TEST_STEP][PASSED] - waitForElementVisible: Object 'Object Repository/ADMIN/Categories/Category/button_upload save' is visible

2019-06-20 09:43:45 - [MESSAGE][WARNING] - Timeout '0' is invalid. Using default page load timeout: '30'

2019-06-20 09:43:45 - [MESSAGE][PASSED] - Object 'Object Repository/ADMIN/Categories/Category/button_upload save' is visible

2019-06-20 09:43:45 - [TEST_STEP][PASSED] - click: Object: 'Object Repository/ADMIN/Categories/Category/button_upload save' is clicked on

2019-06-20 09:43:45 - [MESSAGE][PASSED] - Object: 'Object Repository/ADMIN/Categories/Category/button_upload save' is clicked on

2019-06-20 09:43:45 - [TEST_STEP][PASSED] - setText: Text 'Description6' is set on object 'Object Repository/ADMIN/Categories/Category/textfield_category_description'

2019-06-20 09:43:45 - [MESSAGE][PASSED] - Text 'Description6' is set on object 'Object Repository/ADMIN/Categories/Category/textfield_category_description'

2019-06-20 09:43:45 - [TEST_STEP][PASSED] - click: Object: 'Object Repository/ADMIN/Categories/Category/button_Save' is clicked on

2019-06-20 09:43:45 - [MESSAGE][PASSED] - Object: 'Object Repository/ADMIN/Categories/Category/button_Save' is clicked on

2019-06-20 09:43:45 - [TEST_STEP][PASSED] - waitForElementVisible: Object 'Object Repository/ADMIN/Categories/Category/label_edit popup' is visible

2019-06-20 09:43:45 - [MESSAGE][WARNING] - Timeout '0' is invalid. Using default page load timeout: '30'

2019-06-20 09:43:46 - [MESSAGE][PASSED] - Object 'Object Repository/ADMIN/Categories/Category/label_edit popup' is visible

2019-06-20 09:43:46 - [TEST_STEP][PASSED] - waitForElementNotPresent: Web element with id: 'Object Repository/ADMIN/Categories/Category/label_edit popup' located by 'By.xpath: //div[(text() = 'Category was successfully saved.' or . = 'Category was successfully saved.')]' is not present after '30' second(s)

2019-06-20 09:43:46 - [MESSAGE][WARNING] - Timeout '0' is invalid. Using default page load timeout: '30'

2019-06-20 09:43:52 - [MESSAGE][PASSED] - Web element with id: 'Object Repository/ADMIN/Categories/Category/label_edit popup' located by 'By.xpath: //div[(text() = 'Category was successfully saved.' or . = 'Category was successfully saved.')]' is not present after '30' second(s)]]></system-out>
         <system-err><![CDATA[]]></system-err>
      </testcase>
      <testcase name="Test Cases/ADMIN/Content Mgmt/Categories/Category Add-Edit/Add Category" classname="Test Cases/ADMIN/Content Mgmt/Categories/Category Add-Edit/Add Category" status="PASSED">
         <system-out><![CDATA[2019-06-20 09:43:52 - [TEST_CASE][PASSED] - Test Cases/ADMIN/Content Mgmt/Categories/Category Add-Edit/Add Category: Test Cases/ADMIN/Content Mgmt/Categories/Category Add-Edit/Add Category

2019-06-20 09:43:52 - [TEST_STEP][PASSED] - waitForElementVisible: Object 'Object Repository/ADMIN/Categories/Category List/button_Content Mgmt' is visible

2019-06-20 09:43:52 - [MESSAGE][WARNING] - Timeout '0' is invalid. Using default page load timeout: '30'

2019-06-20 09:43:52 - [MESSAGE][PASSED] - Object 'Object Repository/ADMIN/Categories/Category List/button_Content Mgmt' is visible

2019-06-20 09:43:52 - [TEST_STEP][PASSED] - click: Object: 'Object Repository/ADMIN/Categories/Category List/button_Content Mgmt' is clicked on

2019-06-20 09:43:52 - [MESSAGE][PASSED] - Object: 'Object Repository/ADMIN/Categories/Category List/button_Content Mgmt' is clicked on

2019-06-20 09:43:52 - [TEST_STEP][PASSED] - waitForElementVisible: Object 'Object Repository/ADMIN/Categories/Category List/button_Categories' is visible

2019-06-20 09:43:52 - [MESSAGE][WARNING] - Timeout '0' is invalid. Using default page load timeout: '30'

2019-06-20 09:43:52 - [MESSAGE][PASSED] - Object 'Object Repository/ADMIN/Categories/Category List/button_Categories' is visible

2019-06-20 09:43:52 - [TEST_STEP][PASSED] - click: Object: 'Object Repository/ADMIN/Categories/Category List/button_Categories' is clicked on

2019-06-20 09:43:53 - [MESSAGE][PASSED] - Object: 'Object Repository/ADMIN/Categories/Category List/button_Categories' is clicked on

2019-06-20 09:43:53 - [TEST_STEP][PASSED] - click: Object: 'Object Repository/ADMIN/Categories/Category List/button_Add a Category' is clicked on

2019-06-20 09:43:53 - [MESSAGE][PASSED] - Object: 'Object Repository/ADMIN/Categories/Category List/button_Add a Category' is clicked on

2019-06-20 09:43:53 - [TEST_STEP][PASSED] - waitForElementPresent: Object 'Object Repository/ADMIN/Categories/Category/dropdown_Parent' is present

2019-06-20 09:43:53 - [MESSAGE][PASSED] - Object 'Object Repository/ADMIN/Categories/Category/dropdown_Parent' is present

2019-06-20 09:43:53 - [TEST_STEP][PASSED] - delay: Delayed 1 second(s)

2019-06-20 09:43:54 - [MESSAGE][PASSED] - Delayed 1 second(s)

2019-06-20 09:43:54 - [TEST_STEP][PASSED] - setText: Text 'Category 1.3' is set on object 'Object Repository/ADMIN/Categories/Category/textfield_Category Name'

2019-06-20 09:43:54 - [MESSAGE][PASSED] - Text 'Category 1.3' is set on object 'Object Repository/ADMIN/Categories/Category/textfield_Category Name'

2019-06-20 09:43:54 - [TEST_STEP][PASSED] - click: Object: 'Object Repository/ADMIN/Categories/Category/dropdown_Parent' is clicked on

2019-06-20 09:43:54 - [MESSAGE][PASSED] - Object: 'Object Repository/ADMIN/Categories/Category/dropdown_Parent' is clicked on

2019-06-20 09:43:54 - [TEST_STEP][PASSED] - delay: Delayed 2 second(s)

2019-06-20 09:43:56 - [MESSAGE][PASSED] - Delayed 2 second(s)

2019-06-20 09:43:56 - [TEST_STEP][PASSED] - click: Object: 'Object Repository/ADMIN/Categories/Category/dropdown_Parent' is clicked on

2019-06-20 09:43:56 - [MESSAGE][PASSED] - Object: 'Object Repository/ADMIN/Categories/Category/dropdown_Parent' is clicked on

2019-06-20 09:43:56 - [TEST_STEP][PASSED] - selectOptionByLabel: All options with label 'Category 1' are selected in object 'Object Repository/ADMIN/Categories/Category/dropdown_Parent' 

2019-06-20 09:43:56 - [MESSAGE][PASSED] - All options with label 'Category 1' are selected in object 'Object Repository/ADMIN/Categories/Category/dropdown_Parent' 

2019-06-20 09:43:56 - [TEST_STEP][PASSED] - click: Object: 'Object Repository/ADMIN/Categories/Category/button_Browse' is clicked on

2019-06-20 09:43:56 - [MESSAGE][PASSED] - Object: 'Object Repository/ADMIN/Categories/Category/button_Browse' is clicked on

2019-06-20 09:43:56 - [TEST_STEP][PASSED] - delay: Delayed 2 second(s)

2019-06-20 09:43:58 - [MESSAGE][PASSED] - Delayed 2 second(s)

2019-06-20 09:43:58 - [TEST_STEP][PASSED] - uploadFile: File 'C:\\Katalon\\Image\\pic6.jpg' sent to object: 'Object Repository/ADMIN/Categories/Category/image_input image'

2019-06-20 09:43:58 - [MESSAGE][PASSED] - File 'C:\\Katalon\\Image\\pic6.jpg' sent to object: 'Object Repository/ADMIN/Categories/Category/image_input image'

2019-06-20 09:43:58 - [TEST_STEP][PASSED] - waitForElementVisible: Object 'Object Repository/ADMIN/Categories/Category/button_upload check' is visible

2019-06-20 09:43:59 - [MESSAGE][WARNING] - Timeout '0' is invalid. Using default page load timeout: '30'

2019-06-20 09:43:59 - [MESSAGE][PASSED] - Object 'Object Repository/ADMIN/Categories/Category/button_upload check' is visible

2019-06-20 09:43:59 - [TEST_STEP][PASSED] - click: Object: 'Object Repository/ADMIN/Categories/Category/button_upload check' is clicked on

2019-06-20 09:43:59 - [MESSAGE][PASSED] - Object: 'Object Repository/ADMIN/Categories/Category/button_upload check' is clicked on

2019-06-20 09:43:59 - [TEST_STEP][PASSED] - waitForElementVisible: Object 'Object Repository/ADMIN/Categories/Category/button_upload save' is visible

2019-06-20 09:43:59 - [MESSAGE][WARNING] - Timeout '0' is invalid. Using default page load timeout: '30'

2019-06-20 09:43:59 - [MESSAGE][PASSED] - Object 'Object Repository/ADMIN/Categories/Category/button_upload save' is visible

2019-06-20 09:43:59 - [TEST_STEP][PASSED] - click: Object: 'Object Repository/ADMIN/Categories/Category/button_upload save' is clicked on

2019-06-20 09:43:59 - [MESSAGE][PASSED] - Object: 'Object Repository/ADMIN/Categories/Category/button_upload save' is clicked on

2019-06-20 09:43:59 - [TEST_STEP][PASSED] - setText: Text 'Description7' is set on object 'Object Repository/ADMIN/Categories/Category/textfield_category_description'

2019-06-20 09:43:59 - [MESSAGE][PASSED] - Text 'Description7' is set on object 'Object Repository/ADMIN/Categories/Category/textfield_category_description'

2019-06-20 09:43:59 - [TEST_STEP][PASSED] - click: Object: 'Object Repository/ADMIN/Categories/Category/button_Save' is clicked on

2019-06-20 09:43:59 - [MESSAGE][PASSED] - Object: 'Object Repository/ADMIN/Categories/Category/button_Save' is clicked on

2019-06-20 09:43:59 - [TEST_STEP][PASSED] - waitForElementVisible: Object 'Object Repository/ADMIN/Categories/Category/label_edit popup' is visible

2019-06-20 09:43:59 - [MESSAGE][WARNING] - Timeout '0' is invalid. Using default page load timeout: '30'

2019-06-20 09:44:00 - [MESSAGE][PASSED] - Object 'Object Repository/ADMIN/Categories/Category/label_edit popup' is visible

2019-06-20 09:44:00 - [TEST_STEP][PASSED] - waitForElementNotPresent: Web element with id: 'Object Repository/ADMIN/Categories/Category/label_edit popup' located by 'By.xpath: //div[(text() = 'Category was successfully saved.' or . = 'Category was successfully saved.')]' is not present after '30' second(s)

2019-06-20 09:44:00 - [MESSAGE][WARNING] - Timeout '0' is invalid. Using default page load timeout: '30'

2019-06-20 09:44:06 - [MESSAGE][PASSED] - Web element with id: 'Object Repository/ADMIN/Categories/Category/label_edit popup' located by 'By.xpath: //div[(text() = 'Category was successfully saved.' or . = 'Category was successfully saved.')]' is not present after '30' second(s)]]></system-out>
         <system-err><![CDATA[]]></system-err>
      </testcase>
      <testcase name="Test Cases/ADMIN/Content Mgmt/Categories/Category Add-Edit/Add Category" classname="Test Cases/ADMIN/Content Mgmt/Categories/Category Add-Edit/Add Category" status="PASSED">
         <system-out><![CDATA[2019-06-20 09:44:06 - [TEST_CASE][PASSED] - Test Cases/ADMIN/Content Mgmt/Categories/Category Add-Edit/Add Category: Test Cases/ADMIN/Content Mgmt/Categories/Category Add-Edit/Add Category

2019-06-20 09:44:06 - [TEST_STEP][PASSED] - waitForElementVisible: Object 'Object Repository/ADMIN/Categories/Category List/button_Content Mgmt' is visible

2019-06-20 09:44:06 - [MESSAGE][WARNING] - Timeout '0' is invalid. Using default page load timeout: '30'

2019-06-20 09:44:06 - [MESSAGE][PASSED] - Object 'Object Repository/ADMIN/Categories/Category List/button_Content Mgmt' is visible

2019-06-20 09:44:06 - [TEST_STEP][PASSED] - click: Object: 'Object Repository/ADMIN/Categories/Category List/button_Content Mgmt' is clicked on

2019-06-20 09:44:06 - [MESSAGE][PASSED] - Object: 'Object Repository/ADMIN/Categories/Category List/button_Content Mgmt' is clicked on

2019-06-20 09:44:06 - [TEST_STEP][PASSED] - waitForElementVisible: Object 'Object Repository/ADMIN/Categories/Category List/button_Categories' is visible

2019-06-20 09:44:06 - [MESSAGE][WARNING] - Timeout '0' is invalid. Using default page load timeout: '30'

2019-06-20 09:44:06 - [MESSAGE][PASSED] - Object 'Object Repository/ADMIN/Categories/Category List/button_Categories' is visible

2019-06-20 09:44:06 - [TEST_STEP][PASSED] - click: Object: 'Object Repository/ADMIN/Categories/Category List/button_Categories' is clicked on

2019-06-20 09:44:07 - [MESSAGE][PASSED] - Object: 'Object Repository/ADMIN/Categories/Category List/button_Categories' is clicked on

2019-06-20 09:44:07 - [TEST_STEP][PASSED] - click: Object: 'Object Repository/ADMIN/Categories/Category List/button_Add a Category' is clicked on

2019-06-20 09:44:07 - [MESSAGE][PASSED] - Object: 'Object Repository/ADMIN/Categories/Category List/button_Add a Category' is clicked on

2019-06-20 09:44:07 - [TEST_STEP][PASSED] - waitForElementPresent: Object 'Object Repository/ADMIN/Categories/Category/dropdown_Parent' is present

2019-06-20 09:44:07 - [MESSAGE][PASSED] - Object 'Object Repository/ADMIN/Categories/Category/dropdown_Parent' is present

2019-06-20 09:44:07 - [TEST_STEP][PASSED] - delay: Delayed 1 second(s)

2019-06-20 09:44:08 - [MESSAGE][PASSED] - Delayed 1 second(s)

2019-06-20 09:44:08 - [TEST_STEP][PASSED] - setText: Text 'Category 1.3.1' is set on object 'Object Repository/ADMIN/Categories/Category/textfield_Category Name'

2019-06-20 09:44:08 - [MESSAGE][PASSED] - Text 'Category 1.3.1' is set on object 'Object Repository/ADMIN/Categories/Category/textfield_Category Name'

2019-06-20 09:44:08 - [TEST_STEP][PASSED] - click: Object: 'Object Repository/ADMIN/Categories/Category/dropdown_Parent' is clicked on

2019-06-20 09:44:08 - [MESSAGE][PASSED] - Object: 'Object Repository/ADMIN/Categories/Category/dropdown_Parent' is clicked on

2019-06-20 09:44:08 - [TEST_STEP][PASSED] - delay: Delayed 2 second(s)

2019-06-20 09:44:10 - [MESSAGE][PASSED] - Delayed 2 second(s)

2019-06-20 09:44:10 - [TEST_STEP][PASSED] - click: Object: 'Object Repository/ADMIN/Categories/Category/dropdown_Parent' is clicked on

2019-06-20 09:44:10 - [MESSAGE][PASSED] - Object: 'Object Repository/ADMIN/Categories/Category/dropdown_Parent' is clicked on

2019-06-20 09:44:10 - [TEST_STEP][PASSED] - selectOptionByLabel: All options with label 'Category 1.3' are selected in object 'Object Repository/ADMIN/Categories/Category/dropdown_Parent' 

2019-06-20 09:44:10 - [MESSAGE][PASSED] - All options with label 'Category 1.3' are selected in object 'Object Repository/ADMIN/Categories/Category/dropdown_Parent' 

2019-06-20 09:44:10 - [TEST_STEP][PASSED] - click: Object: 'Object Repository/ADMIN/Categories/Category/button_Browse' is clicked on

2019-06-20 09:44:10 - [MESSAGE][PASSED] - Object: 'Object Repository/ADMIN/Categories/Category/button_Browse' is clicked on

2019-06-20 09:44:10 - [TEST_STEP][PASSED] - delay: Delayed 2 second(s)

2019-06-20 09:44:12 - [MESSAGE][PASSED] - Delayed 2 second(s)

2019-06-20 09:44:12 - [TEST_STEP][PASSED] - uploadFile: File 'C:\\Katalon\\Image\\pic7.jpg' sent to object: 'Object Repository/ADMIN/Categories/Category/image_input image'

2019-06-20 09:44:13 - [MESSAGE][PASSED] - File 'C:\\Katalon\\Image\\pic7.jpg' sent to object: 'Object Repository/ADMIN/Categories/Category/image_input image'

2019-06-20 09:44:13 - [TEST_STEP][PASSED] - waitForElementVisible: Object 'Object Repository/ADMIN/Categories/Category/button_upload check' is visible

2019-06-20 09:44:13 - [MESSAGE][WARNING] - Timeout '0' is invalid. Using default page load timeout: '30'

2019-06-20 09:44:13 - [MESSAGE][PASSED] - Object 'Object Repository/ADMIN/Categories/Category/button_upload check' is visible

2019-06-20 09:44:13 - [TEST_STEP][PASSED] - click: Object: 'Object Repository/ADMIN/Categories/Category/button_upload check' is clicked on

2019-06-20 09:44:13 - [MESSAGE][PASSED] - Object: 'Object Repository/ADMIN/Categories/Category/button_upload check' is clicked on

2019-06-20 09:44:13 - [TEST_STEP][PASSED] - waitForElementVisible: Object 'Object Repository/ADMIN/Categories/Category/button_upload save' is visible

2019-06-20 09:44:13 - [MESSAGE][WARNING] - Timeout '0' is invalid. Using default page load timeout: '30'

2019-06-20 09:44:13 - [MESSAGE][PASSED] - Object 'Object Repository/ADMIN/Categories/Category/button_upload save' is visible

2019-06-20 09:44:13 - [TEST_STEP][PASSED] - click: Object: 'Object Repository/ADMIN/Categories/Category/button_upload save' is clicked on

2019-06-20 09:44:13 - [MESSAGE][PASSED] - Object: 'Object Repository/ADMIN/Categories/Category/button_upload save' is clicked on

2019-06-20 09:44:13 - [TEST_STEP][PASSED] - setText: Text 'Description8' is set on object 'Object Repository/ADMIN/Categories/Category/textfield_category_description'

2019-06-20 09:44:13 - [MESSAGE][PASSED] - Text 'Description8' is set on object 'Object Repository/ADMIN/Categories/Category/textfield_category_description'

2019-06-20 09:44:13 - [TEST_STEP][PASSED] - click: Object: 'Object Repository/ADMIN/Categories/Category/button_Save' is clicked on

2019-06-20 09:44:13 - [MESSAGE][PASSED] - Object: 'Object Repository/ADMIN/Categories/Category/button_Save' is clicked on

2019-06-20 09:44:13 - [TEST_STEP][PASSED] - waitForElementVisible: Object 'Object Repository/ADMIN/Categories/Category/label_edit popup' is visible

2019-06-20 09:44:13 - [MESSAGE][WARNING] - Timeout '0' is invalid. Using default page load timeout: '30'

2019-06-20 09:44:13 - [MESSAGE][PASSED] - Object 'Object Repository/ADMIN/Categories/Category/label_edit popup' is visible

2019-06-20 09:44:13 - [TEST_STEP][PASSED] - waitForElementNotPresent: Web element with id: 'Object Repository/ADMIN/Categories/Category/label_edit popup' located by 'By.xpath: //div[(text() = 'Category was successfully saved.' or . = 'Category was successfully saved.')]' is not present after '30' second(s)

2019-06-20 09:44:13 - [MESSAGE][WARNING] - Timeout '0' is invalid. Using default page load timeout: '30'

2019-06-20 09:44:20 - [MESSAGE][PASSED] - Web element with id: 'Object Repository/ADMIN/Categories/Category/label_edit popup' located by 'By.xpath: //div[(text() = 'Category was successfully saved.' or . = 'Category was successfully saved.')]' is not present after '30' second(s)]]></system-out>
         <system-err><![CDATA[]]></system-err>
      </testcase>
      <testcase name="Test Cases/ADMIN/Content Mgmt/Categories/Category Add-Edit/Add Category" classname="Test Cases/ADMIN/Content Mgmt/Categories/Category Add-Edit/Add Category" status="PASSED">
         <system-out><![CDATA[2019-06-20 09:44:20 - [TEST_CASE][PASSED] - Test Cases/ADMIN/Content Mgmt/Categories/Category Add-Edit/Add Category: Test Cases/ADMIN/Content Mgmt/Categories/Category Add-Edit/Add Category

2019-06-20 09:44:20 - [TEST_STEP][PASSED] - waitForElementVisible: Object 'Object Repository/ADMIN/Categories/Category List/button_Content Mgmt' is visible

2019-06-20 09:44:20 - [MESSAGE][WARNING] - Timeout '0' is invalid. Using default page load timeout: '30'

2019-06-20 09:44:20 - [MESSAGE][PASSED] - Object 'Object Repository/ADMIN/Categories/Category List/button_Content Mgmt' is visible

2019-06-20 09:44:20 - [TEST_STEP][PASSED] - click: Object: 'Object Repository/ADMIN/Categories/Category List/button_Content Mgmt' is clicked on

2019-06-20 09:44:20 - [MESSAGE][PASSED] - Object: 'Object Repository/ADMIN/Categories/Category List/button_Content Mgmt' is clicked on

2019-06-20 09:44:20 - [TEST_STEP][PASSED] - waitForElementVisible: Object 'Object Repository/ADMIN/Categories/Category List/button_Categories' is visible

2019-06-20 09:44:20 - [MESSAGE][WARNING] - Timeout '0' is invalid. Using default page load timeout: '30'

2019-06-20 09:44:20 - [MESSAGE][PASSED] - Object 'Object Repository/ADMIN/Categories/Category List/button_Categories' is visible

2019-06-20 09:44:20 - [TEST_STEP][PASSED] - click: Object: 'Object Repository/ADMIN/Categories/Category List/button_Categories' is clicked on

2019-06-20 09:44:21 - [MESSAGE][PASSED] - Object: 'Object Repository/ADMIN/Categories/Category List/button_Categories' is clicked on

2019-06-20 09:44:21 - [TEST_STEP][PASSED] - click: Object: 'Object Repository/ADMIN/Categories/Category List/button_Add a Category' is clicked on

2019-06-20 09:44:21 - [MESSAGE][PASSED] - Object: 'Object Repository/ADMIN/Categories/Category List/button_Add a Category' is clicked on

2019-06-20 09:44:21 - [TEST_STEP][PASSED] - waitForElementPresent: Object 'Object Repository/ADMIN/Categories/Category/dropdown_Parent' is present

2019-06-20 09:44:21 - [MESSAGE][PASSED] - Object 'Object Repository/ADMIN/Categories/Category/dropdown_Parent' is present

2019-06-20 09:44:21 - [TEST_STEP][PASSED] - delay: Delayed 1 second(s)

2019-06-20 09:44:22 - [MESSAGE][PASSED] - Delayed 1 second(s)

2019-06-20 09:44:22 - [TEST_STEP][PASSED] - setText: Text 'Category 1.3.2' is set on object 'Object Repository/ADMIN/Categories/Category/textfield_Category Name'

2019-06-20 09:44:22 - [MESSAGE][PASSED] - Text 'Category 1.3.2' is set on object 'Object Repository/ADMIN/Categories/Category/textfield_Category Name'

2019-06-20 09:44:22 - [TEST_STEP][PASSED] - click: Object: 'Object Repository/ADMIN/Categories/Category/dropdown_Parent' is clicked on

2019-06-20 09:44:22 - [MESSAGE][PASSED] - Object: 'Object Repository/ADMIN/Categories/Category/dropdown_Parent' is clicked on

2019-06-20 09:44:22 - [TEST_STEP][PASSED] - delay: Delayed 2 second(s)

2019-06-20 09:44:24 - [MESSAGE][PASSED] - Delayed 2 second(s)

2019-06-20 09:44:24 - [TEST_STEP][PASSED] - click: Object: 'Object Repository/ADMIN/Categories/Category/dropdown_Parent' is clicked on

2019-06-20 09:44:24 - [MESSAGE][PASSED] - Object: 'Object Repository/ADMIN/Categories/Category/dropdown_Parent' is clicked on

2019-06-20 09:44:24 - [TEST_STEP][PASSED] - selectOptionByLabel: All options with label 'Category 1.3' are selected in object 'Object Repository/ADMIN/Categories/Category/dropdown_Parent' 

2019-06-20 09:44:24 - [MESSAGE][PASSED] - All options with label 'Category 1.3' are selected in object 'Object Repository/ADMIN/Categories/Category/dropdown_Parent' 

2019-06-20 09:44:24 - [TEST_STEP][PASSED] - click: Object: 'Object Repository/ADMIN/Categories/Category/button_Browse' is clicked on

2019-06-20 09:44:24 - [MESSAGE][PASSED] - Object: 'Object Repository/ADMIN/Categories/Category/button_Browse' is clicked on

2019-06-20 09:44:24 - [TEST_STEP][PASSED] - delay: Delayed 2 second(s)

2019-06-20 09:44:26 - [MESSAGE][PASSED] - Delayed 2 second(s)

2019-06-20 09:44:26 - [TEST_STEP][PASSED] - uploadFile: File 'C:\\Katalon\\Image\\pic8.jpg' sent to object: 'Object Repository/ADMIN/Categories/Category/image_input image'

2019-06-20 09:44:26 - [MESSAGE][PASSED] - File 'C:\\Katalon\\Image\\pic8.jpg' sent to object: 'Object Repository/ADMIN/Categories/Category/image_input image'

2019-06-20 09:44:26 - [TEST_STEP][PASSED] - waitForElementVisible: Object 'Object Repository/ADMIN/Categories/Category/button_upload check' is visible

2019-06-20 09:44:26 - [MESSAGE][WARNING] - Timeout '0' is invalid. Using default page load timeout: '30'

2019-06-20 09:44:26 - [MESSAGE][PASSED] - Object 'Object Repository/ADMIN/Categories/Category/button_upload check' is visible

2019-06-20 09:44:26 - [TEST_STEP][PASSED] - click: Object: 'Object Repository/ADMIN/Categories/Category/button_upload check' is clicked on

2019-06-20 09:44:26 - [MESSAGE][PASSED] - Object: 'Object Repository/ADMIN/Categories/Category/button_upload check' is clicked on

2019-06-20 09:44:26 - [TEST_STEP][PASSED] - waitForElementVisible: Object 'Object Repository/ADMIN/Categories/Category/button_upload save' is visible

2019-06-20 09:44:26 - [MESSAGE][WARNING] - Timeout '0' is invalid. Using default page load timeout: '30'

2019-06-20 09:44:26 - [MESSAGE][PASSED] - Object 'Object Repository/ADMIN/Categories/Category/button_upload save' is visible

2019-06-20 09:44:26 - [TEST_STEP][PASSED] - click: Object: 'Object Repository/ADMIN/Categories/Category/button_upload save' is clicked on

2019-06-20 09:44:27 - [MESSAGE][PASSED] - Object: 'Object Repository/ADMIN/Categories/Category/button_upload save' is clicked on

2019-06-20 09:44:27 - [TEST_STEP][PASSED] - setText: Text 'Description9' is set on object 'Object Repository/ADMIN/Categories/Category/textfield_category_description'

2019-06-20 09:44:27 - [MESSAGE][PASSED] - Text 'Description9' is set on object 'Object Repository/ADMIN/Categories/Category/textfield_category_description'

2019-06-20 09:44:27 - [TEST_STEP][PASSED] - click: Object: 'Object Repository/ADMIN/Categories/Category/button_Save' is clicked on

2019-06-20 09:44:27 - [MESSAGE][PASSED] - Object: 'Object Repository/ADMIN/Categories/Category/button_Save' is clicked on

2019-06-20 09:44:27 - [TEST_STEP][PASSED] - waitForElementVisible: Object 'Object Repository/ADMIN/Categories/Category/label_edit popup' is visible

2019-06-20 09:44:27 - [MESSAGE][WARNING] - Timeout '0' is invalid. Using default page load timeout: '30'

2019-06-20 09:44:28 - [MESSAGE][PASSED] - Object 'Object Repository/ADMIN/Categories/Category/label_edit popup' is visible

2019-06-20 09:44:28 - [TEST_STEP][PASSED] - waitForElementNotPresent: Web element with id: 'Object Repository/ADMIN/Categories/Category/label_edit popup' located by 'By.xpath: //div[(text() = 'Category was successfully saved.' or . = 'Category was successfully saved.')]' is not present after '30' second(s)

2019-06-20 09:44:28 - [MESSAGE][WARNING] - Timeout '0' is invalid. Using default page load timeout: '30'

2019-06-20 09:44:34 - [MESSAGE][PASSED] - Web element with id: 'Object Repository/ADMIN/Categories/Category/label_edit popup' located by 'By.xpath: //div[(text() = 'Category was successfully saved.' or . = 'Category was successfully saved.')]' is not present after '30' second(s)]]></system-out>
         <system-err><![CDATA[]]></system-err>
      </testcase>
      <testcase name="Test Cases/ADMIN/Content Mgmt/Categories/Category Add-Edit/Add Category" classname="Test Cases/ADMIN/Content Mgmt/Categories/Category Add-Edit/Add Category" status="PASSED">
         <system-out><![CDATA[2019-06-20 09:44:34 - [TEST_CASE][PASSED] - Test Cases/ADMIN/Content Mgmt/Categories/Category Add-Edit/Add Category: Test Cases/ADMIN/Content Mgmt/Categories/Category Add-Edit/Add Category

2019-06-20 09:44:34 - [TEST_STEP][PASSED] - waitForElementVisible: Object 'Object Repository/ADMIN/Categories/Category List/button_Content Mgmt' is visible

2019-06-20 09:44:34 - [MESSAGE][WARNING] - Timeout '0' is invalid. Using default page load timeout: '30'

2019-06-20 09:44:34 - [MESSAGE][PASSED] - Object 'Object Repository/ADMIN/Categories/Category List/button_Content Mgmt' is visible

2019-06-20 09:44:34 - [TEST_STEP][PASSED] - click: Object: 'Object Repository/ADMIN/Categories/Category List/button_Content Mgmt' is clicked on

2019-06-20 09:44:34 - [MESSAGE][PASSED] - Object: 'Object Repository/ADMIN/Categories/Category List/button_Content Mgmt' is clicked on

2019-06-20 09:44:34 - [TEST_STEP][PASSED] - waitForElementVisible: Object 'Object Repository/ADMIN/Categories/Category List/button_Categories' is visible

2019-06-20 09:44:34 - [MESSAGE][WARNING] - Timeout '0' is invalid. Using default page load timeout: '30'

2019-06-20 09:44:34 - [MESSAGE][PASSED] - Object 'Object Repository/ADMIN/Categories/Category List/button_Categories' is visible

2019-06-20 09:44:34 - [TEST_STEP][PASSED] - click: Object: 'Object Repository/ADMIN/Categories/Category List/button_Categories' is clicked on

2019-06-20 09:44:35 - [MESSAGE][PASSED] - Object: 'Object Repository/ADMIN/Categories/Category List/button_Categories' is clicked on

2019-06-20 09:44:35 - [TEST_STEP][PASSED] - click: Object: 'Object Repository/ADMIN/Categories/Category List/button_Add a Category' is clicked on

2019-06-20 09:44:35 - [MESSAGE][PASSED] - Object: 'Object Repository/ADMIN/Categories/Category List/button_Add a Category' is clicked on

2019-06-20 09:44:35 - [TEST_STEP][PASSED] - waitForElementPresent: Object 'Object Repository/ADMIN/Categories/Category/dropdown_Parent' is present

2019-06-20 09:44:35 - [MESSAGE][PASSED] - Object 'Object Repository/ADMIN/Categories/Category/dropdown_Parent' is present

2019-06-20 09:44:35 - [TEST_STEP][PASSED] - delay: Delayed 1 second(s)

2019-06-20 09:44:36 - [MESSAGE][PASSED] - Delayed 1 second(s)

2019-06-20 09:44:36 - [TEST_STEP][PASSED] - setText: Text 'Category 1.3.2.1' is set on object 'Object Repository/ADMIN/Categories/Category/textfield_Category Name'

2019-06-20 09:44:36 - [MESSAGE][PASSED] - Text 'Category 1.3.2.1' is set on object 'Object Repository/ADMIN/Categories/Category/textfield_Category Name'

2019-06-20 09:44:36 - [TEST_STEP][PASSED] - click: Object: 'Object Repository/ADMIN/Categories/Category/dropdown_Parent' is clicked on

2019-06-20 09:44:36 - [MESSAGE][PASSED] - Object: 'Object Repository/ADMIN/Categories/Category/dropdown_Parent' is clicked on

2019-06-20 09:44:36 - [TEST_STEP][PASSED] - delay: Delayed 2 second(s)

2019-06-20 09:44:38 - [MESSAGE][PASSED] - Delayed 2 second(s)

2019-06-20 09:44:38 - [TEST_STEP][PASSED] - click: Object: 'Object Repository/ADMIN/Categories/Category/dropdown_Parent' is clicked on

2019-06-20 09:44:38 - [MESSAGE][PASSED] - Object: 'Object Repository/ADMIN/Categories/Category/dropdown_Parent' is clicked on

2019-06-20 09:44:38 - [TEST_STEP][PASSED] - selectOptionByLabel: All options with label 'Category 1.3.2' are selected in object 'Object Repository/ADMIN/Categories/Category/dropdown_Parent' 

2019-06-20 09:44:38 - [MESSAGE][PASSED] - All options with label 'Category 1.3.2' are selected in object 'Object Repository/ADMIN/Categories/Category/dropdown_Parent' 

2019-06-20 09:44:38 - [TEST_STEP][PASSED] - click: Object: 'Object Repository/ADMIN/Categories/Category/button_Browse' is clicked on

2019-06-20 09:44:38 - [MESSAGE][PASSED] - Object: 'Object Repository/ADMIN/Categories/Category/button_Browse' is clicked on

2019-06-20 09:44:38 - [TEST_STEP][PASSED] - delay: Delayed 2 second(s)

2019-06-20 09:44:40 - [MESSAGE][PASSED] - Delayed 2 second(s)

2019-06-20 09:44:40 - [TEST_STEP][PASSED] - uploadFile: File 'C:\\Katalon\\Image\\pic9.jpg' sent to object: 'Object Repository/ADMIN/Categories/Category/image_input image'

2019-06-20 09:44:40 - [MESSAGE][PASSED] - File 'C:\\Katalon\\Image\\pic9.jpg' sent to object: 'Object Repository/ADMIN/Categories/Category/image_input image'

2019-06-20 09:44:40 - [TEST_STEP][PASSED] - waitForElementVisible: Object 'Object Repository/ADMIN/Categories/Category/button_upload check' is visible

2019-06-20 09:44:40 - [MESSAGE][WARNING] - Timeout '0' is invalid. Using default page load timeout: '30'

2019-06-20 09:44:40 - [MESSAGE][PASSED] - Object 'Object Repository/ADMIN/Categories/Category/button_upload check' is visible

2019-06-20 09:44:40 - [TEST_STEP][PASSED] - click: Object: 'Object Repository/ADMIN/Categories/Category/button_upload check' is clicked on

2019-06-20 09:44:40 - [MESSAGE][PASSED] - Object: 'Object Repository/ADMIN/Categories/Category/button_upload check' is clicked on

2019-06-20 09:44:40 - [TEST_STEP][PASSED] - waitForElementVisible: Object 'Object Repository/ADMIN/Categories/Category/button_upload save' is visible

2019-06-20 09:44:40 - [MESSAGE][WARNING] - Timeout '0' is invalid. Using default page load timeout: '30'

2019-06-20 09:44:40 - [MESSAGE][PASSED] - Object 'Object Repository/ADMIN/Categories/Category/button_upload save' is visible

2019-06-20 09:44:40 - [TEST_STEP][PASSED] - click: Object: 'Object Repository/ADMIN/Categories/Category/button_upload save' is clicked on

2019-06-20 09:44:40 - [MESSAGE][PASSED] - Object: 'Object Repository/ADMIN/Categories/Category/button_upload save' is clicked on

2019-06-20 09:44:40 - [TEST_STEP][PASSED] - setText: Text 'Description10' is set on object 'Object Repository/ADMIN/Categories/Category/textfield_category_description'

2019-06-20 09:44:41 - [MESSAGE][PASSED] - Text 'Description10' is set on object 'Object Repository/ADMIN/Categories/Category/textfield_category_description'

2019-06-20 09:44:41 - [TEST_STEP][PASSED] - click: Object: 'Object Repository/ADMIN/Categories/Category/button_Save' is clicked on

2019-06-20 09:44:41 - [MESSAGE][PASSED] - Object: 'Object Repository/ADMIN/Categories/Category/button_Save' is clicked on

2019-06-20 09:44:41 - [TEST_STEP][PASSED] - waitForElementVisible: Object 'Object Repository/ADMIN/Categories/Category/label_edit popup' is visible

2019-06-20 09:44:41 - [MESSAGE][WARNING] - Timeout '0' is invalid. Using default page load timeout: '30'

2019-06-20 09:44:42 - [MESSAGE][PASSED] - Object 'Object Repository/ADMIN/Categories/Category/label_edit popup' is visible

2019-06-20 09:44:42 - [TEST_STEP][PASSED] - waitForElementNotPresent: Web element with id: 'Object Repository/ADMIN/Categories/Category/label_edit popup' located by 'By.xpath: //div[(text() = 'Category was successfully saved.' or . = 'Category was successfully saved.')]' is not present after '30' second(s)

2019-06-20 09:44:42 - [MESSAGE][WARNING] - Timeout '0' is invalid. Using default page load timeout: '30'

2019-06-20 09:44:47 - [MESSAGE][PASSED] - Web element with id: 'Object Repository/ADMIN/Categories/Category/label_edit popup' located by 'By.xpath: //div[(text() = 'Category was successfully saved.' or . = 'Category was successfully saved.')]' is not present after '30' second(s)]]></system-out>
         <system-err><![CDATA[]]></system-err>
      </testcase>
      <testcase name="Test Cases/ADMIN/Content Mgmt/Categories/Category Add-Edit/Add Category" classname="Test Cases/ADMIN/Content Mgmt/Categories/Category Add-Edit/Add Category" status="PASSED">
         <system-out><![CDATA[2019-06-20 09:44:47 - [TEST_CASE][PASSED] - Test Cases/ADMIN/Content Mgmt/Categories/Category Add-Edit/Add Category: Test Cases/ADMIN/Content Mgmt/Categories/Category Add-Edit/Add Category

2019-06-20 09:44:47 - [TEST_STEP][PASSED] - waitForElementVisible: Object 'Object Repository/ADMIN/Categories/Category List/button_Content Mgmt' is visible

2019-06-20 09:44:47 - [MESSAGE][WARNING] - Timeout '0' is invalid. Using default page load timeout: '30'

2019-06-20 09:44:48 - [MESSAGE][PASSED] - Object 'Object Repository/ADMIN/Categories/Category List/button_Content Mgmt' is visible

2019-06-20 09:44:48 - [TEST_STEP][PASSED] - click: Object: 'Object Repository/ADMIN/Categories/Category List/button_Content Mgmt' is clicked on

2019-06-20 09:44:48 - [MESSAGE][PASSED] - Object: 'Object Repository/ADMIN/Categories/Category List/button_Content Mgmt' is clicked on

2019-06-20 09:44:48 - [TEST_STEP][PASSED] - waitForElementVisible: Object 'Object Repository/ADMIN/Categories/Category List/button_Categories' is visible

2019-06-20 09:44:48 - [MESSAGE][WARNING] - Timeout '0' is invalid. Using default page load timeout: '30'

2019-06-20 09:44:48 - [MESSAGE][PASSED] - Object 'Object Repository/ADMIN/Categories/Category List/button_Categories' is visible

2019-06-20 09:44:48 - [TEST_STEP][PASSED] - click: Object: 'Object Repository/ADMIN/Categories/Category List/button_Categories' is clicked on

2019-06-20 09:44:49 - [MESSAGE][PASSED] - Object: 'Object Repository/ADMIN/Categories/Category List/button_Categories' is clicked on

2019-06-20 09:44:49 - [TEST_STEP][PASSED] - click: Object: 'Object Repository/ADMIN/Categories/Category List/button_Add a Category' is clicked on

2019-06-20 09:44:49 - [MESSAGE][PASSED] - Object: 'Object Repository/ADMIN/Categories/Category List/button_Add a Category' is clicked on

2019-06-20 09:44:49 - [TEST_STEP][PASSED] - waitForElementPresent: Object 'Object Repository/ADMIN/Categories/Category/dropdown_Parent' is present

2019-06-20 09:44:49 - [MESSAGE][PASSED] - Object 'Object Repository/ADMIN/Categories/Category/dropdown_Parent' is present

2019-06-20 09:44:49 - [TEST_STEP][PASSED] - delay: Delayed 1 second(s)

2019-06-20 09:44:50 - [MESSAGE][PASSED] - Delayed 1 second(s)

2019-06-20 09:44:50 - [TEST_STEP][PASSED] - setText: Text 'Category 1.3.2.2' is set on object 'Object Repository/ADMIN/Categories/Category/textfield_Category Name'

2019-06-20 09:44:50 - [MESSAGE][PASSED] - Text 'Category 1.3.2.2' is set on object 'Object Repository/ADMIN/Categories/Category/textfield_Category Name'

2019-06-20 09:44:50 - [TEST_STEP][PASSED] - click: Object: 'Object Repository/ADMIN/Categories/Category/dropdown_Parent' is clicked on

2019-06-20 09:44:50 - [MESSAGE][PASSED] - Object: 'Object Repository/ADMIN/Categories/Category/dropdown_Parent' is clicked on

2019-06-20 09:44:50 - [TEST_STEP][PASSED] - delay: Delayed 2 second(s)

2019-06-20 09:44:52 - [MESSAGE][PASSED] - Delayed 2 second(s)

2019-06-20 09:44:52 - [TEST_STEP][PASSED] - click: Object: 'Object Repository/ADMIN/Categories/Category/dropdown_Parent' is clicked on

2019-06-20 09:44:52 - [MESSAGE][PASSED] - Object: 'Object Repository/ADMIN/Categories/Category/dropdown_Parent' is clicked on

2019-06-20 09:44:52 - [TEST_STEP][PASSED] - selectOptionByLabel: All options with label 'Category 1.3.2' are selected in object 'Object Repository/ADMIN/Categories/Category/dropdown_Parent' 

2019-06-20 09:44:52 - [MESSAGE][PASSED] - All options with label 'Category 1.3.2' are selected in object 'Object Repository/ADMIN/Categories/Category/dropdown_Parent' 

2019-06-20 09:44:52 - [TEST_STEP][PASSED] - click: Object: 'Object Repository/ADMIN/Categories/Category/button_Browse' is clicked on

2019-06-20 09:44:52 - [MESSAGE][PASSED] - Object: 'Object Repository/ADMIN/Categories/Category/button_Browse' is clicked on

2019-06-20 09:44:52 - [TEST_STEP][PASSED] - delay: Delayed 2 second(s)

2019-06-20 09:44:54 - [MESSAGE][PASSED] - Delayed 2 second(s)

2019-06-20 09:44:54 - [TEST_STEP][PASSED] - uploadFile: File 'C:\\Katalon\\Image\\pic10.jpg' sent to object: 'Object Repository/ADMIN/Categories/Category/image_input image'

2019-06-20 09:44:54 - [MESSAGE][PASSED] - File 'C:\\Katalon\\Image\\pic10.jpg' sent to object: 'Object Repository/ADMIN/Categories/Category/image_input image'

2019-06-20 09:44:54 - [TEST_STEP][PASSED] - waitForElementVisible: Object 'Object Repository/ADMIN/Categories/Category/button_upload check' is visible

2019-06-20 09:44:54 - [MESSAGE][WARNING] - Timeout '0' is invalid. Using default page load timeout: '30'

2019-06-20 09:44:55 - [MESSAGE][PASSED] - Object 'Object Repository/ADMIN/Categories/Category/button_upload check' is visible

2019-06-20 09:44:55 - [TEST_STEP][PASSED] - click: Object: 'Object Repository/ADMIN/Categories/Category/button_upload check' is clicked on

2019-06-20 09:44:55 - [MESSAGE][PASSED] - Object: 'Object Repository/ADMIN/Categories/Category/button_upload check' is clicked on

2019-06-20 09:44:55 - [TEST_STEP][PASSED] - waitForElementVisible: Object 'Object Repository/ADMIN/Categories/Category/button_upload save' is visible

2019-06-20 09:44:55 - [MESSAGE][WARNING] - Timeout '0' is invalid. Using default page load timeout: '30'

2019-06-20 09:44:55 - [MESSAGE][PASSED] - Object 'Object Repository/ADMIN/Categories/Category/button_upload save' is visible

2019-06-20 09:44:55 - [TEST_STEP][PASSED] - click: Object: 'Object Repository/ADMIN/Categories/Category/button_upload save' is clicked on

2019-06-20 09:44:55 - [MESSAGE][PASSED] - Object: 'Object Repository/ADMIN/Categories/Category/button_upload save' is clicked on

2019-06-20 09:44:55 - [TEST_STEP][PASSED] - setText: Text 'Description11' is set on object 'Object Repository/ADMIN/Categories/Category/textfield_category_description'

2019-06-20 09:44:55 - [MESSAGE][PASSED] - Text 'Description11' is set on object 'Object Repository/ADMIN/Categories/Category/textfield_category_description'

2019-06-20 09:44:55 - [TEST_STEP][PASSED] - click: Object: 'Object Repository/ADMIN/Categories/Category/button_Save' is clicked on

2019-06-20 09:44:55 - [MESSAGE][PASSED] - Object: 'Object Repository/ADMIN/Categories/Category/button_Save' is clicked on

2019-06-20 09:44:55 - [TEST_STEP][PASSED] - waitForElementVisible: Object 'Object Repository/ADMIN/Categories/Category/label_edit popup' is visible

2019-06-20 09:44:55 - [MESSAGE][WARNING] - Timeout '0' is invalid. Using default page load timeout: '30'

2019-06-20 09:44:56 - [MESSAGE][PASSED] - Object 'Object Repository/ADMIN/Categories/Category/label_edit popup' is visible

2019-06-20 09:44:56 - [TEST_STEP][PASSED] - waitForElementNotPresent: Web element with id: 'Object Repository/ADMIN/Categories/Category/label_edit popup' located by 'By.xpath: //div[(text() = 'Category was successfully saved.' or . = 'Category was successfully saved.')]' is not present after '30' second(s)

2019-06-20 09:44:56 - [MESSAGE][WARNING] - Timeout '0' is invalid. Using default page load timeout: '30'

2019-06-20 09:45:02 - [MESSAGE][PASSED] - Web element with id: 'Object Repository/ADMIN/Categories/Category/label_edit popup' located by 'By.xpath: //div[(text() = 'Category was successfully saved.' or . = 'Category was successfully saved.')]' is not present after '30' second(s)]]></system-out>
         <system-err><![CDATA[]]></system-err>
      </testcase>
      <testcase name="Test Cases/ADMIN/Content Mgmt/Categories/Category Add-Edit/Add Category" classname="Test Cases/ADMIN/Content Mgmt/Categories/Category Add-Edit/Add Category" status="PASSED">
         <system-out><![CDATA[2019-06-20 09:45:02 - [TEST_CASE][PASSED] - Test Cases/ADMIN/Content Mgmt/Categories/Category Add-Edit/Add Category: Test Cases/ADMIN/Content Mgmt/Categories/Category Add-Edit/Add Category

2019-06-20 09:45:02 - [TEST_STEP][PASSED] - waitForElementVisible: Object 'Object Repository/ADMIN/Categories/Category List/button_Content Mgmt' is visible

2019-06-20 09:45:02 - [MESSAGE][WARNING] - Timeout '0' is invalid. Using default page load timeout: '30'

2019-06-20 09:45:02 - [MESSAGE][PASSED] - Object 'Object Repository/ADMIN/Categories/Category List/button_Content Mgmt' is visible

2019-06-20 09:45:02 - [TEST_STEP][PASSED] - click: Object: 'Object Repository/ADMIN/Categories/Category List/button_Content Mgmt' is clicked on

2019-06-20 09:45:02 - [MESSAGE][PASSED] - Object: 'Object Repository/ADMIN/Categories/Category List/button_Content Mgmt' is clicked on

2019-06-20 09:45:02 - [TEST_STEP][PASSED] - waitForElementVisible: Object 'Object Repository/ADMIN/Categories/Category List/button_Categories' is visible

2019-06-20 09:45:02 - [MESSAGE][WARNING] - Timeout '0' is invalid. Using default page load timeout: '30'

2019-06-20 09:45:02 - [MESSAGE][PASSED] - Object 'Object Repository/ADMIN/Categories/Category List/button_Categories' is visible

2019-06-20 09:45:02 - [TEST_STEP][PASSED] - click: Object: 'Object Repository/ADMIN/Categories/Category List/button_Categories' is clicked on

2019-06-20 09:45:03 - [MESSAGE][PASSED] - Object: 'Object Repository/ADMIN/Categories/Category List/button_Categories' is clicked on

2019-06-20 09:45:03 - [TEST_STEP][PASSED] - click: Object: 'Object Repository/ADMIN/Categories/Category List/button_Add a Category' is clicked on

2019-06-20 09:45:03 - [MESSAGE][PASSED] - Object: 'Object Repository/ADMIN/Categories/Category List/button_Add a Category' is clicked on

2019-06-20 09:45:03 - [TEST_STEP][PASSED] - waitForElementPresent: Object 'Object Repository/ADMIN/Categories/Category/dropdown_Parent' is present

2019-06-20 09:45:03 - [MESSAGE][PASSED] - Object 'Object Repository/ADMIN/Categories/Category/dropdown_Parent' is present

2019-06-20 09:45:03 - [TEST_STEP][PASSED] - delay: Delayed 1 second(s)

2019-06-20 09:45:04 - [MESSAGE][PASSED] - Delayed 1 second(s)

2019-06-20 09:45:04 - [TEST_STEP][PASSED] - setText: Text 'Category 1.3.2.2.1' is set on object 'Object Repository/ADMIN/Categories/Category/textfield_Category Name'

2019-06-20 09:45:04 - [MESSAGE][PASSED] - Text 'Category 1.3.2.2.1' is set on object 'Object Repository/ADMIN/Categories/Category/textfield_Category Name'

2019-06-20 09:45:04 - [TEST_STEP][PASSED] - click: Object: 'Object Repository/ADMIN/Categories/Category/dropdown_Parent' is clicked on

2019-06-20 09:45:04 - [MESSAGE][PASSED] - Object: 'Object Repository/ADMIN/Categories/Category/dropdown_Parent' is clicked on

2019-06-20 09:45:04 - [TEST_STEP][PASSED] - delay: Delayed 2 second(s)

2019-06-20 09:45:06 - [MESSAGE][PASSED] - Delayed 2 second(s)

2019-06-20 09:45:06 - [TEST_STEP][PASSED] - click: Object: 'Object Repository/ADMIN/Categories/Category/dropdown_Parent' is clicked on

2019-06-20 09:45:06 - [MESSAGE][PASSED] - Object: 'Object Repository/ADMIN/Categories/Category/dropdown_Parent' is clicked on

2019-06-20 09:45:06 - [TEST_STEP][PASSED] - selectOptionByLabel: All options with label 'Category 1.3.2.2' are selected in object 'Object Repository/ADMIN/Categories/Category/dropdown_Parent' 

2019-06-20 09:45:06 - [MESSAGE][PASSED] - All options with label 'Category 1.3.2.2' are selected in object 'Object Repository/ADMIN/Categories/Category/dropdown_Parent' 

2019-06-20 09:45:06 - [TEST_STEP][PASSED] - click: Object: 'Object Repository/ADMIN/Categories/Category/button_Browse' is clicked on

2019-06-20 09:45:06 - [MESSAGE][PASSED] - Object: 'Object Repository/ADMIN/Categories/Category/button_Browse' is clicked on

2019-06-20 09:45:06 - [TEST_STEP][PASSED] - delay: Delayed 2 second(s)

2019-06-20 09:45:08 - [MESSAGE][PASSED] - Delayed 2 second(s)

2019-06-20 09:45:08 - [TEST_STEP][PASSED] - uploadFile: File 'C:\\Katalon\\Image\\pic11.jpg' sent to object: 'Object Repository/ADMIN/Categories/Category/image_input image'

2019-06-20 09:45:09 - [MESSAGE][PASSED] - File 'C:\\Katalon\\Image\\pic11.jpg' sent to object: 'Object Repository/ADMIN/Categories/Category/image_input image'

2019-06-20 09:45:09 - [TEST_STEP][PASSED] - waitForElementVisible: Object 'Object Repository/ADMIN/Categories/Category/button_upload check' is visible

2019-06-20 09:45:09 - [MESSAGE][WARNING] - Timeout '0' is invalid. Using default page load timeout: '30'

2019-06-20 09:45:09 - [MESSAGE][PASSED] - Object 'Object Repository/ADMIN/Categories/Category/button_upload check' is visible

2019-06-20 09:45:09 - [TEST_STEP][PASSED] - click: Object: 'Object Repository/ADMIN/Categories/Category/button_upload check' is clicked on

2019-06-20 09:45:09 - [MESSAGE][PASSED] - Object: 'Object Repository/ADMIN/Categories/Category/button_upload check' is clicked on

2019-06-20 09:45:09 - [TEST_STEP][PASSED] - waitForElementVisible: Object 'Object Repository/ADMIN/Categories/Category/button_upload save' is visible

2019-06-20 09:45:09 - [MESSAGE][WARNING] - Timeout '0' is invalid. Using default page load timeout: '30'

2019-06-20 09:45:09 - [MESSAGE][PASSED] - Object 'Object Repository/ADMIN/Categories/Category/button_upload save' is visible

2019-06-20 09:45:09 - [TEST_STEP][PASSED] - click: Object: 'Object Repository/ADMIN/Categories/Category/button_upload save' is clicked on

2019-06-20 09:45:09 - [MESSAGE][PASSED] - Object: 'Object Repository/ADMIN/Categories/Category/button_upload save' is clicked on

2019-06-20 09:45:09 - [TEST_STEP][PASSED] - setText: Text 'Description12' is set on object 'Object Repository/ADMIN/Categories/Category/textfield_category_description'

2019-06-20 09:45:09 - [MESSAGE][PASSED] - Text 'Description12' is set on object 'Object Repository/ADMIN/Categories/Category/textfield_category_description'

2019-06-20 09:45:09 - [TEST_STEP][PASSED] - click: Object: 'Object Repository/ADMIN/Categories/Category/button_Save' is clicked on

2019-06-20 09:45:09 - [MESSAGE][PASSED] - Object: 'Object Repository/ADMIN/Categories/Category/button_Save' is clicked on

2019-06-20 09:45:09 - [TEST_STEP][PASSED] - waitForElementVisible: Object 'Object Repository/ADMIN/Categories/Category/label_edit popup' is visible

2019-06-20 09:45:09 - [MESSAGE][WARNING] - Timeout '0' is invalid. Using default page load timeout: '30'

2019-06-20 09:45:10 - [MESSAGE][PASSED] - Object 'Object Repository/ADMIN/Categories/Category/label_edit popup' is visible

2019-06-20 09:45:10 - [TEST_STEP][PASSED] - waitForElementNotPresent: Web element with id: 'Object Repository/ADMIN/Categories/Category/label_edit popup' located by 'By.xpath: //div[(text() = 'Category was successfully saved.' or . = 'Category was successfully saved.')]' is not present after '30' second(s)

2019-06-20 09:45:10 - [MESSAGE][WARNING] - Timeout '0' is invalid. Using default page load timeout: '30'

2019-06-20 09:45:16 - [MESSAGE][PASSED] - Web element with id: 'Object Repository/ADMIN/Categories/Category/label_edit popup' located by 'By.xpath: //div[(text() = 'Category was successfully saved.' or . = 'Category was successfully saved.')]' is not present after '30' second(s)]]></system-out>
         <system-err><![CDATA[]]></system-err>
      </testcase>
      <testcase name="Test Cases/ADMIN/Content Mgmt/Categories/Category Add-Edit/Add Category" classname="Test Cases/ADMIN/Content Mgmt/Categories/Category Add-Edit/Add Category" status="PASSED">
         <system-out><![CDATA[2019-06-20 09:45:16 - [TEST_CASE][PASSED] - Test Cases/ADMIN/Content Mgmt/Categories/Category Add-Edit/Add Category: Test Cases/ADMIN/Content Mgmt/Categories/Category Add-Edit/Add Category

2019-06-20 09:45:16 - [TEST_STEP][PASSED] - waitForElementVisible: Object 'Object Repository/ADMIN/Categories/Category List/button_Content Mgmt' is visible

2019-06-20 09:45:16 - [MESSAGE][WARNING] - Timeout '0' is invalid. Using default page load timeout: '30'

2019-06-20 09:45:16 - [MESSAGE][PASSED] - Object 'Object Repository/ADMIN/Categories/Category List/button_Content Mgmt' is visible

2019-06-20 09:45:16 - [TEST_STEP][PASSED] - click: Object: 'Object Repository/ADMIN/Categories/Category List/button_Content Mgmt' is clicked on

2019-06-20 09:45:16 - [MESSAGE][PASSED] - Object: 'Object Repository/ADMIN/Categories/Category List/button_Content Mgmt' is clicked on

2019-06-20 09:45:16 - [TEST_STEP][PASSED] - waitForElementVisible: Object 'Object Repository/ADMIN/Categories/Category List/button_Categories' is visible

2019-06-20 09:45:16 - [MESSAGE][WARNING] - Timeout '0' is invalid. Using default page load timeout: '30'

2019-06-20 09:45:16 - [MESSAGE][PASSED] - Object 'Object Repository/ADMIN/Categories/Category List/button_Categories' is visible

2019-06-20 09:45:16 - [TEST_STEP][PASSED] - click: Object: 'Object Repository/ADMIN/Categories/Category List/button_Categories' is clicked on

2019-06-20 09:45:17 - [MESSAGE][PASSED] - Object: 'Object Repository/ADMIN/Categories/Category List/button_Categories' is clicked on

2019-06-20 09:45:17 - [TEST_STEP][PASSED] - click: Object: 'Object Repository/ADMIN/Categories/Category List/button_Add a Category' is clicked on

2019-06-20 09:45:17 - [MESSAGE][PASSED] - Object: 'Object Repository/ADMIN/Categories/Category List/button_Add a Category' is clicked on

2019-06-20 09:45:17 - [TEST_STEP][PASSED] - waitForElementPresent: Object 'Object Repository/ADMIN/Categories/Category/dropdown_Parent' is present

2019-06-20 09:45:17 - [MESSAGE][PASSED] - Object 'Object Repository/ADMIN/Categories/Category/dropdown_Parent' is present

2019-06-20 09:45:17 - [TEST_STEP][PASSED] - delay: Delayed 1 second(s)

2019-06-20 09:45:18 - [MESSAGE][PASSED] - Delayed 1 second(s)

2019-06-20 09:45:18 - [TEST_STEP][PASSED] - setText: Text 'Category 1.3.2.2.2' is set on object 'Object Repository/ADMIN/Categories/Category/textfield_Category Name'

2019-06-20 09:45:18 - [MESSAGE][PASSED] - Text 'Category 1.3.2.2.2' is set on object 'Object Repository/ADMIN/Categories/Category/textfield_Category Name'

2019-06-20 09:45:18 - [TEST_STEP][PASSED] - click: Object: 'Object Repository/ADMIN/Categories/Category/dropdown_Parent' is clicked on

2019-06-20 09:45:18 - [MESSAGE][PASSED] - Object: 'Object Repository/ADMIN/Categories/Category/dropdown_Parent' is clicked on

2019-06-20 09:45:18 - [TEST_STEP][PASSED] - delay: Delayed 2 second(s)

2019-06-20 09:45:20 - [MESSAGE][PASSED] - Delayed 2 second(s)

2019-06-20 09:45:20 - [TEST_STEP][PASSED] - click: Object: 'Object Repository/ADMIN/Categories/Category/dropdown_Parent' is clicked on

2019-06-20 09:45:20 - [MESSAGE][PASSED] - Object: 'Object Repository/ADMIN/Categories/Category/dropdown_Parent' is clicked on

2019-06-20 09:45:20 - [TEST_STEP][PASSED] - selectOptionByLabel: All options with label 'Category 1.3.2.2' are selected in object 'Object Repository/ADMIN/Categories/Category/dropdown_Parent' 

2019-06-20 09:45:21 - [MESSAGE][PASSED] - All options with label 'Category 1.3.2.2' are selected in object 'Object Repository/ADMIN/Categories/Category/dropdown_Parent' 

2019-06-20 09:45:21 - [TEST_STEP][PASSED] - click: Object: 'Object Repository/ADMIN/Categories/Category/button_Browse' is clicked on

2019-06-20 09:45:21 - [MESSAGE][PASSED] - Object: 'Object Repository/ADMIN/Categories/Category/button_Browse' is clicked on

2019-06-20 09:45:21 - [TEST_STEP][PASSED] - delay: Delayed 2 second(s)

2019-06-20 09:45:23 - [MESSAGE][PASSED] - Delayed 2 second(s)

2019-06-20 09:45:23 - [TEST_STEP][PASSED] - uploadFile: File 'C:\\Katalon\\Image\\pic12.jpg' sent to object: 'Object Repository/ADMIN/Categories/Category/image_input image'

2019-06-20 09:45:23 - [MESSAGE][PASSED] - File 'C:\\Katalon\\Image\\pic12.jpg' sent to object: 'Object Repository/ADMIN/Categories/Category/image_input image'

2019-06-20 09:45:23 - [TEST_STEP][PASSED] - waitForElementVisible: Object 'Object Repository/ADMIN/Categories/Category/button_upload check' is visible

2019-06-20 09:45:23 - [MESSAGE][WARNING] - Timeout '0' is invalid. Using default page load timeout: '30'

2019-06-20 09:45:23 - [MESSAGE][PASSED] - Object 'Object Repository/ADMIN/Categories/Category/button_upload check' is visible

2019-06-20 09:45:23 - [TEST_STEP][PASSED] - click: Object: 'Object Repository/ADMIN/Categories/Category/button_upload check' is clicked on

2019-06-20 09:45:23 - [MESSAGE][PASSED] - Object: 'Object Repository/ADMIN/Categories/Category/button_upload check' is clicked on

2019-06-20 09:45:23 - [TEST_STEP][PASSED] - waitForElementVisible: Object 'Object Repository/ADMIN/Categories/Category/button_upload save' is visible

2019-06-20 09:45:23 - [MESSAGE][WARNING] - Timeout '0' is invalid. Using default page load timeout: '30'

2019-06-20 09:45:23 - [MESSAGE][PASSED] - Object 'Object Repository/ADMIN/Categories/Category/button_upload save' is visible

2019-06-20 09:45:23 - [TEST_STEP][PASSED] - click: Object: 'Object Repository/ADMIN/Categories/Category/button_upload save' is clicked on

2019-06-20 09:45:23 - [MESSAGE][PASSED] - Object: 'Object Repository/ADMIN/Categories/Category/button_upload save' is clicked on

2019-06-20 09:45:23 - [TEST_STEP][PASSED] - setText: Text 'Description13' is set on object 'Object Repository/ADMIN/Categories/Category/textfield_category_description'

2019-06-20 09:45:23 - [MESSAGE][PASSED] - Text 'Description13' is set on object 'Object Repository/ADMIN/Categories/Category/textfield_category_description'

2019-06-20 09:45:23 - [TEST_STEP][PASSED] - click: Object: 'Object Repository/ADMIN/Categories/Category/button_Save' is clicked on

2019-06-20 09:45:23 - [MESSAGE][PASSED] - Object: 'Object Repository/ADMIN/Categories/Category/button_Save' is clicked on

2019-06-20 09:45:23 - [TEST_STEP][PASSED] - waitForElementVisible: Object 'Object Repository/ADMIN/Categories/Category/label_edit popup' is visible

2019-06-20 09:45:23 - [MESSAGE][WARNING] - Timeout '0' is invalid. Using default page load timeout: '30'

2019-06-20 09:45:24 - [MESSAGE][PASSED] - Object 'Object Repository/ADMIN/Categories/Category/label_edit popup' is visible

2019-06-20 09:45:24 - [TEST_STEP][PASSED] - waitForElementNotPresent: Web element with id: 'Object Repository/ADMIN/Categories/Category/label_edit popup' located by 'By.xpath: //div[(text() = 'Category was successfully saved.' or . = 'Category was successfully saved.')]' is not present after '30' second(s)

2019-06-20 09:45:24 - [MESSAGE][WARNING] - Timeout '0' is invalid. Using default page load timeout: '30'

2019-06-20 09:45:30 - [MESSAGE][PASSED] - Web element with id: 'Object Repository/ADMIN/Categories/Category/label_edit popup' located by 'By.xpath: //div[(text() = 'Category was successfully saved.' or . = 'Category was successfully saved.')]' is not present after '30' second(s)]]></system-out>
         <system-err><![CDATA[]]></system-err>
      </testcase>
      <testcase name="Test Cases/ADMIN/Content Mgmt/Categories/Category Add-Edit/Add Category" classname="Test Cases/ADMIN/Content Mgmt/Categories/Category Add-Edit/Add Category" status="PASSED">
         <system-out><![CDATA[2019-06-20 09:45:30 - [TEST_CASE][PASSED] - Test Cases/ADMIN/Content Mgmt/Categories/Category Add-Edit/Add Category: Test Cases/ADMIN/Content Mgmt/Categories/Category Add-Edit/Add Category

2019-06-20 09:45:30 - [TEST_STEP][PASSED] - waitForElementVisible: Object 'Object Repository/ADMIN/Categories/Category List/button_Content Mgmt' is visible

2019-06-20 09:45:30 - [MESSAGE][WARNING] - Timeout '0' is invalid. Using default page load timeout: '30'

2019-06-20 09:45:30 - [MESSAGE][PASSED] - Object 'Object Repository/ADMIN/Categories/Category List/button_Content Mgmt' is visible

2019-06-20 09:45:30 - [TEST_STEP][PASSED] - click: Object: 'Object Repository/ADMIN/Categories/Category List/button_Content Mgmt' is clicked on

2019-06-20 09:45:30 - [MESSAGE][PASSED] - Object: 'Object Repository/ADMIN/Categories/Category List/button_Content Mgmt' is clicked on

2019-06-20 09:45:30 - [TEST_STEP][PASSED] - waitForElementVisible: Object 'Object Repository/ADMIN/Categories/Category List/button_Categories' is visible

2019-06-20 09:45:30 - [MESSAGE][WARNING] - Timeout '0' is invalid. Using default page load timeout: '30'

2019-06-20 09:45:30 - [MESSAGE][PASSED] - Object 'Object Repository/ADMIN/Categories/Category List/button_Categories' is visible

2019-06-20 09:45:30 - [TEST_STEP][PASSED] - click: Object: 'Object Repository/ADMIN/Categories/Category List/button_Categories' is clicked on

2019-06-20 09:45:31 - [MESSAGE][PASSED] - Object: 'Object Repository/ADMIN/Categories/Category List/button_Categories' is clicked on

2019-06-20 09:45:31 - [TEST_STEP][PASSED] - click: Object: 'Object Repository/ADMIN/Categories/Category List/button_Add a Category' is clicked on

2019-06-20 09:45:31 - [MESSAGE][PASSED] - Object: 'Object Repository/ADMIN/Categories/Category List/button_Add a Category' is clicked on

2019-06-20 09:45:31 - [TEST_STEP][PASSED] - waitForElementPresent: Object 'Object Repository/ADMIN/Categories/Category/dropdown_Parent' is present

2019-06-20 09:45:31 - [MESSAGE][PASSED] - Object 'Object Repository/ADMIN/Categories/Category/dropdown_Parent' is present

2019-06-20 09:45:31 - [TEST_STEP][PASSED] - delay: Delayed 1 second(s)

2019-06-20 09:45:32 - [MESSAGE][PASSED] - Delayed 1 second(s)

2019-06-20 09:45:32 - [TEST_STEP][PASSED] - setText: Text 'Category 1.3.3' is set on object 'Object Repository/ADMIN/Categories/Category/textfield_Category Name'

2019-06-20 09:45:32 - [MESSAGE][PASSED] - Text 'Category 1.3.3' is set on object 'Object Repository/ADMIN/Categories/Category/textfield_Category Name'

2019-06-20 09:45:32 - [TEST_STEP][PASSED] - click: Object: 'Object Repository/ADMIN/Categories/Category/dropdown_Parent' is clicked on

2019-06-20 09:45:32 - [MESSAGE][PASSED] - Object: 'Object Repository/ADMIN/Categories/Category/dropdown_Parent' is clicked on

2019-06-20 09:45:32 - [TEST_STEP][PASSED] - delay: Delayed 2 second(s)

2019-06-20 09:45:34 - [MESSAGE][PASSED] - Delayed 2 second(s)

2019-06-20 09:45:34 - [TEST_STEP][PASSED] - click: Object: 'Object Repository/ADMIN/Categories/Category/dropdown_Parent' is clicked on

2019-06-20 09:45:34 - [MESSAGE][PASSED] - Object: 'Object Repository/ADMIN/Categories/Category/dropdown_Parent' is clicked on

2019-06-20 09:45:34 - [TEST_STEP][PASSED] - selectOptionByLabel: All options with label 'Category 1.3' are selected in object 'Object Repository/ADMIN/Categories/Category/dropdown_Parent' 

2019-06-20 09:45:34 - [MESSAGE][PASSED] - All options with label 'Category 1.3' are selected in object 'Object Repository/ADMIN/Categories/Category/dropdown_Parent' 

2019-06-20 09:45:34 - [TEST_STEP][PASSED] - click: Object: 'Object Repository/ADMIN/Categories/Category/button_Browse' is clicked on

2019-06-20 09:45:35 - [MESSAGE][PASSED] - Object: 'Object Repository/ADMIN/Categories/Category/button_Browse' is clicked on

2019-06-20 09:45:35 - [TEST_STEP][PASSED] - delay: Delayed 2 second(s)

2019-06-20 09:45:37 - [MESSAGE][PASSED] - Delayed 2 second(s)

2019-06-20 09:45:37 - [TEST_STEP][PASSED] - uploadFile: File 'C:\\Katalon\\Image\\pic1.jpg' sent to object: 'Object Repository/ADMIN/Categories/Category/image_input image'

2019-06-20 09:45:37 - [MESSAGE][PASSED] - File 'C:\\Katalon\\Image\\pic1.jpg' sent to object: 'Object Repository/ADMIN/Categories/Category/image_input image'

2019-06-20 09:45:37 - [TEST_STEP][PASSED] - waitForElementVisible: Object 'Object Repository/ADMIN/Categories/Category/button_upload check' is visible

2019-06-20 09:45:37 - [MESSAGE][WARNING] - Timeout '0' is invalid. Using default page load timeout: '30'

2019-06-20 09:45:37 - [MESSAGE][PASSED] - Object 'Object Repository/ADMIN/Categories/Category/button_upload check' is visible

2019-06-20 09:45:37 - [TEST_STEP][PASSED] - click: Object: 'Object Repository/ADMIN/Categories/Category/button_upload check' is clicked on

2019-06-20 09:45:37 - [MESSAGE][PASSED] - Object: 'Object Repository/ADMIN/Categories/Category/button_upload check' is clicked on

2019-06-20 09:45:37 - [TEST_STEP][PASSED] - waitForElementVisible: Object 'Object Repository/ADMIN/Categories/Category/button_upload save' is visible

2019-06-20 09:45:37 - [MESSAGE][WARNING] - Timeout '0' is invalid. Using default page load timeout: '30'

2019-06-20 09:45:37 - [MESSAGE][PASSED] - Object 'Object Repository/ADMIN/Categories/Category/button_upload save' is visible

2019-06-20 09:45:37 - [TEST_STEP][PASSED] - click: Object: 'Object Repository/ADMIN/Categories/Category/button_upload save' is clicked on

2019-06-20 09:45:37 - [MESSAGE][PASSED] - Object: 'Object Repository/ADMIN/Categories/Category/button_upload save' is clicked on

2019-06-20 09:45:37 - [TEST_STEP][PASSED] - setText: Text 'Description14' is set on object 'Object Repository/ADMIN/Categories/Category/textfield_category_description'

2019-06-20 09:45:37 - [MESSAGE][PASSED] - Text 'Description14' is set on object 'Object Repository/ADMIN/Categories/Category/textfield_category_description'

2019-06-20 09:45:37 - [TEST_STEP][PASSED] - click: Object: 'Object Repository/ADMIN/Categories/Category/button_Save' is clicked on

2019-06-20 09:45:37 - [MESSAGE][PASSED] - Object: 'Object Repository/ADMIN/Categories/Category/button_Save' is clicked on

2019-06-20 09:45:37 - [TEST_STEP][PASSED] - waitForElementVisible: Object 'Object Repository/ADMIN/Categories/Category/label_edit popup' is visible

2019-06-20 09:45:37 - [MESSAGE][WARNING] - Timeout '0' is invalid. Using default page load timeout: '30'

2019-06-20 09:45:38 - [MESSAGE][PASSED] - Object 'Object Repository/ADMIN/Categories/Category/label_edit popup' is visible

2019-06-20 09:45:38 - [TEST_STEP][PASSED] - waitForElementNotPresent: Web element with id: 'Object Repository/ADMIN/Categories/Category/label_edit popup' located by 'By.xpath: //div[(text() = 'Category was successfully saved.' or . = 'Category was successfully saved.')]' is not present after '30' second(s)

2019-06-20 09:45:38 - [MESSAGE][WARNING] - Timeout '0' is invalid. Using default page load timeout: '30'

2019-06-20 09:45:44 - [MESSAGE][PASSED] - Web element with id: 'Object Repository/ADMIN/Categories/Category/label_edit popup' located by 'By.xpath: //div[(text() = 'Category was successfully saved.' or . = 'Category was successfully saved.')]' is not present after '30' second(s)]]></system-out>
         <system-err><![CDATA[]]></system-err>
      </testcase>
      <testcase name="Test Cases/ADMIN/Content Mgmt/Categories/Category Add-Edit/Add Category" classname="Test Cases/ADMIN/Content Mgmt/Categories/Category Add-Edit/Add Category" status="PASSED">
         <system-out><![CDATA[2019-06-20 09:45:44 - [TEST_CASE][PASSED] - Test Cases/ADMIN/Content Mgmt/Categories/Category Add-Edit/Add Category: Test Cases/ADMIN/Content Mgmt/Categories/Category Add-Edit/Add Category

2019-06-20 09:45:44 - [TEST_STEP][PASSED] - waitForElementVisible: Object 'Object Repository/ADMIN/Categories/Category List/button_Content Mgmt' is visible

2019-06-20 09:45:44 - [MESSAGE][WARNING] - Timeout '0' is invalid. Using default page load timeout: '30'

2019-06-20 09:45:44 - [MESSAGE][PASSED] - Object 'Object Repository/ADMIN/Categories/Category List/button_Content Mgmt' is visible

2019-06-20 09:45:44 - [TEST_STEP][PASSED] - click: Object: 'Object Repository/ADMIN/Categories/Category List/button_Content Mgmt' is clicked on

2019-06-20 09:45:44 - [MESSAGE][PASSED] - Object: 'Object Repository/ADMIN/Categories/Category List/button_Content Mgmt' is clicked on

2019-06-20 09:45:44 - [TEST_STEP][PASSED] - waitForElementVisible: Object 'Object Repository/ADMIN/Categories/Category List/button_Categories' is visible

2019-06-20 09:45:44 - [MESSAGE][WARNING] - Timeout '0' is invalid. Using default page load timeout: '30'

2019-06-20 09:45:44 - [MESSAGE][PASSED] - Object 'Object Repository/ADMIN/Categories/Category List/button_Categories' is visible

2019-06-20 09:45:44 - [TEST_STEP][PASSED] - click: Object: 'Object Repository/ADMIN/Categories/Category List/button_Categories' is clicked on

2019-06-20 09:45:45 - [MESSAGE][PASSED] - Object: 'Object Repository/ADMIN/Categories/Category List/button_Categories' is clicked on

2019-06-20 09:45:45 - [TEST_STEP][PASSED] - click: Object: 'Object Repository/ADMIN/Categories/Category List/button_Add a Category' is clicked on

2019-06-20 09:45:45 - [MESSAGE][PASSED] - Object: 'Object Repository/ADMIN/Categories/Category List/button_Add a Category' is clicked on

2019-06-20 09:45:45 - [TEST_STEP][PASSED] - waitForElementPresent: Object 'Object Repository/ADMIN/Categories/Category/dropdown_Parent' is present

2019-06-20 09:45:45 - [MESSAGE][PASSED] - Object 'Object Repository/ADMIN/Categories/Category/dropdown_Parent' is present

2019-06-20 09:45:45 - [TEST_STEP][PASSED] - delay: Delayed 1 second(s)

2019-06-20 09:45:46 - [MESSAGE][PASSED] - Delayed 1 second(s)

2019-06-20 09:45:46 - [TEST_STEP][PASSED] - setText: Text 'Category 1.3.4' is set on object 'Object Repository/ADMIN/Categories/Category/textfield_Category Name'

2019-06-20 09:45:46 - [MESSAGE][PASSED] - Text 'Category 1.3.4' is set on object 'Object Repository/ADMIN/Categories/Category/textfield_Category Name'

2019-06-20 09:45:46 - [TEST_STEP][PASSED] - click: Object: 'Object Repository/ADMIN/Categories/Category/dropdown_Parent' is clicked on

2019-06-20 09:45:46 - [MESSAGE][PASSED] - Object: 'Object Repository/ADMIN/Categories/Category/dropdown_Parent' is clicked on

2019-06-20 09:45:46 - [TEST_STEP][PASSED] - delay: Delayed 2 second(s)

2019-06-20 09:45:48 - [MESSAGE][PASSED] - Delayed 2 second(s)

2019-06-20 09:45:48 - [TEST_STEP][PASSED] - click: Object: 'Object Repository/ADMIN/Categories/Category/dropdown_Parent' is clicked on

2019-06-20 09:45:49 - [MESSAGE][PASSED] - Object: 'Object Repository/ADMIN/Categories/Category/dropdown_Parent' is clicked on

2019-06-20 09:45:49 - [TEST_STEP][PASSED] - selectOptionByLabel: All options with label 'Category 1.3' are selected in object 'Object Repository/ADMIN/Categories/Category/dropdown_Parent' 

2019-06-20 09:45:49 - [MESSAGE][PASSED] - All options with label 'Category 1.3' are selected in object 'Object Repository/ADMIN/Categories/Category/dropdown_Parent' 

2019-06-20 09:45:49 - [TEST_STEP][PASSED] - click: Object: 'Object Repository/ADMIN/Categories/Category/button_Browse' is clicked on

2019-06-20 09:45:49 - [MESSAGE][PASSED] - Object: 'Object Repository/ADMIN/Categories/Category/button_Browse' is clicked on

2019-06-20 09:45:49 - [TEST_STEP][PASSED] - delay: Delayed 2 second(s)

2019-06-20 09:45:51 - [MESSAGE][PASSED] - Delayed 2 second(s)

2019-06-20 09:45:51 - [TEST_STEP][PASSED] - uploadFile: File 'C:\\Katalon\\Image\\pic2.jpg' sent to object: 'Object Repository/ADMIN/Categories/Category/image_input image'

2019-06-20 09:45:51 - [MESSAGE][PASSED] - File 'C:\\Katalon\\Image\\pic2.jpg' sent to object: 'Object Repository/ADMIN/Categories/Category/image_input image'

2019-06-20 09:45:51 - [TEST_STEP][PASSED] - waitForElementVisible: Object 'Object Repository/ADMIN/Categories/Category/button_upload check' is visible

2019-06-20 09:45:51 - [MESSAGE][WARNING] - Timeout '0' is invalid. Using default page load timeout: '30'

2019-06-20 09:45:51 - [MESSAGE][PASSED] - Object 'Object Repository/ADMIN/Categories/Category/button_upload check' is visible

2019-06-20 09:45:51 - [TEST_STEP][PASSED] - click: Object: 'Object Repository/ADMIN/Categories/Category/button_upload check' is clicked on

2019-06-20 09:45:51 - [MESSAGE][PASSED] - Object: 'Object Repository/ADMIN/Categories/Category/button_upload check' is clicked on

2019-06-20 09:45:51 - [TEST_STEP][PASSED] - waitForElementVisible: Object 'Object Repository/ADMIN/Categories/Category/button_upload save' is visible

2019-06-20 09:45:51 - [MESSAGE][WARNING] - Timeout '0' is invalid. Using default page load timeout: '30'

2019-06-20 09:45:51 - [MESSAGE][PASSED] - Object 'Object Repository/ADMIN/Categories/Category/button_upload save' is visible

2019-06-20 09:45:51 - [TEST_STEP][PASSED] - click: Object: 'Object Repository/ADMIN/Categories/Category/button_upload save' is clicked on

2019-06-20 09:45:51 - [MESSAGE][PASSED] - Object: 'Object Repository/ADMIN/Categories/Category/button_upload save' is clicked on

2019-06-20 09:45:51 - [TEST_STEP][PASSED] - setText: Text 'Description15' is set on object 'Object Repository/ADMIN/Categories/Category/textfield_category_description'

2019-06-20 09:45:51 - [MESSAGE][PASSED] - Text 'Description15' is set on object 'Object Repository/ADMIN/Categories/Category/textfield_category_description'

2019-06-20 09:45:51 - [TEST_STEP][PASSED] - click: Object: 'Object Repository/ADMIN/Categories/Category/button_Save' is clicked on

2019-06-20 09:45:51 - [MESSAGE][PASSED] - Object: 'Object Repository/ADMIN/Categories/Category/button_Save' is clicked on

2019-06-20 09:45:51 - [TEST_STEP][PASSED] - waitForElementVisible: Object 'Object Repository/ADMIN/Categories/Category/label_edit popup' is visible

2019-06-20 09:45:51 - [MESSAGE][WARNING] - Timeout '0' is invalid. Using default page load timeout: '30'

2019-06-20 09:45:52 - [MESSAGE][PASSED] - Object 'Object Repository/ADMIN/Categories/Category/label_edit popup' is visible

2019-06-20 09:45:52 - [TEST_STEP][PASSED] - waitForElementNotPresent: Web element with id: 'Object Repository/ADMIN/Categories/Category/label_edit popup' located by 'By.xpath: //div[(text() = 'Category was successfully saved.' or . = 'Category was successfully saved.')]' is not present after '30' second(s)

2019-06-20 09:45:52 - [MESSAGE][WARNING] - Timeout '0' is invalid. Using default page load timeout: '30'

2019-06-20 09:45:58 - [MESSAGE][PASSED] - Web element with id: 'Object Repository/ADMIN/Categories/Category/label_edit popup' located by 'By.xpath: //div[(text() = 'Category was successfully saved.' or . = 'Category was successfully saved.')]' is not present after '30' second(s)]]></system-out>
         <system-err><![CDATA[]]></system-err>
      </testcase>
      <testcase name="Test Cases/ADMIN/Content Mgmt/Categories/Category Add-Edit/Add Category" classname="Test Cases/ADMIN/Content Mgmt/Categories/Category Add-Edit/Add Category" status="PASSED">
         <system-out><![CDATA[2019-06-20 09:45:58 - [TEST_CASE][PASSED] - Test Cases/ADMIN/Content Mgmt/Categories/Category Add-Edit/Add Category: Test Cases/ADMIN/Content Mgmt/Categories/Category Add-Edit/Add Category

2019-06-20 09:45:58 - [TEST_STEP][PASSED] - waitForElementVisible: Object 'Object Repository/ADMIN/Categories/Category List/button_Content Mgmt' is visible

2019-06-20 09:45:58 - [MESSAGE][WARNING] - Timeout '0' is invalid. Using default page load timeout: '30'

2019-06-20 09:45:58 - [MESSAGE][PASSED] - Object 'Object Repository/ADMIN/Categories/Category List/button_Content Mgmt' is visible

2019-06-20 09:45:58 - [TEST_STEP][PASSED] - click: Object: 'Object Repository/ADMIN/Categories/Category List/button_Content Mgmt' is clicked on

2019-06-20 09:45:58 - [MESSAGE][PASSED] - Object: 'Object Repository/ADMIN/Categories/Category List/button_Content Mgmt' is clicked on

2019-06-20 09:45:58 - [TEST_STEP][PASSED] - waitForElementVisible: Object 'Object Repository/ADMIN/Categories/Category List/button_Categories' is visible

2019-06-20 09:45:58 - [MESSAGE][WARNING] - Timeout '0' is invalid. Using default page load timeout: '30'

2019-06-20 09:45:58 - [MESSAGE][PASSED] - Object 'Object Repository/ADMIN/Categories/Category List/button_Categories' is visible

2019-06-20 09:45:58 - [TEST_STEP][PASSED] - click: Object: 'Object Repository/ADMIN/Categories/Category List/button_Categories' is clicked on

2019-06-20 09:45:59 - [MESSAGE][PASSED] - Object: 'Object Repository/ADMIN/Categories/Category List/button_Categories' is clicked on

2019-06-20 09:45:59 - [TEST_STEP][PASSED] - click: Object: 'Object Repository/ADMIN/Categories/Category List/button_Add a Category' is clicked on

2019-06-20 09:45:59 - [MESSAGE][PASSED] - Object: 'Object Repository/ADMIN/Categories/Category List/button_Add a Category' is clicked on

2019-06-20 09:45:59 - [TEST_STEP][PASSED] - waitForElementPresent: Object 'Object Repository/ADMIN/Categories/Category/dropdown_Parent' is present

2019-06-20 09:45:59 - [MESSAGE][PASSED] - Object 'Object Repository/ADMIN/Categories/Category/dropdown_Parent' is present

2019-06-20 09:45:59 - [TEST_STEP][PASSED] - delay: Delayed 1 second(s)

2019-06-20 09:46:00 - [MESSAGE][PASSED] - Delayed 1 second(s)

2019-06-20 09:46:00 - [TEST_STEP][PASSED] - setText: Text 'Category 2' is set on object 'Object Repository/ADMIN/Categories/Category/textfield_Category Name'

2019-06-20 09:46:01 - [MESSAGE][PASSED] - Text 'Category 2' is set on object 'Object Repository/ADMIN/Categories/Category/textfield_Category Name'

2019-06-20 09:46:01 - [TEST_STEP][PASSED] - click: Object: 'Object Repository/ADMIN/Categories/Category/dropdown_Parent' is clicked on

2019-06-20 09:46:01 - [MESSAGE][PASSED] - Object: 'Object Repository/ADMIN/Categories/Category/dropdown_Parent' is clicked on

2019-06-20 09:46:01 - [TEST_STEP][PASSED] - delay: Delayed 2 second(s)

2019-06-20 09:46:03 - [MESSAGE][PASSED] - Delayed 2 second(s)

2019-06-20 09:46:03 - [TEST_STEP][PASSED] - click: Object: 'Object Repository/ADMIN/Categories/Category/dropdown_Parent' is clicked on

2019-06-20 09:46:03 - [MESSAGE][PASSED] - Object: 'Object Repository/ADMIN/Categories/Category/dropdown_Parent' is clicked on

2019-06-20 09:46:03 - [TEST_STEP][PASSED] - selectOptionByLabel: All options with label '-' are selected in object 'Object Repository/ADMIN/Categories/Category/dropdown_Parent' 

2019-06-20 09:46:03 - [MESSAGE][PASSED] - All options with label '-' are selected in object 'Object Repository/ADMIN/Categories/Category/dropdown_Parent' 

2019-06-20 09:46:03 - [TEST_STEP][PASSED] - click: Object: 'Object Repository/ADMIN/Categories/Category/button_Browse' is clicked on

2019-06-20 09:46:03 - [MESSAGE][PASSED] - Object: 'Object Repository/ADMIN/Categories/Category/button_Browse' is clicked on

2019-06-20 09:46:03 - [TEST_STEP][PASSED] - delay: Delayed 2 second(s)

2019-06-20 09:46:05 - [MESSAGE][PASSED] - Delayed 2 second(s)

2019-06-20 09:46:05 - [TEST_STEP][PASSED] - uploadFile: File 'C:\\Katalon\\Image\\pic3.jpg' sent to object: 'Object Repository/ADMIN/Categories/Category/image_input image'

2019-06-20 09:46:05 - [MESSAGE][PASSED] - File 'C:\\Katalon\\Image\\pic3.jpg' sent to object: 'Object Repository/ADMIN/Categories/Category/image_input image'

2019-06-20 09:46:05 - [TEST_STEP][PASSED] - waitForElementVisible: Object 'Object Repository/ADMIN/Categories/Category/button_upload check' is visible

2019-06-20 09:46:05 - [MESSAGE][WARNING] - Timeout '0' is invalid. Using default page load timeout: '30'

2019-06-20 09:46:05 - [MESSAGE][PASSED] - Object 'Object Repository/ADMIN/Categories/Category/button_upload check' is visible

2019-06-20 09:46:05 - [TEST_STEP][PASSED] - click: Object: 'Object Repository/ADMIN/Categories/Category/button_upload check' is clicked on

2019-06-20 09:46:05 - [MESSAGE][PASSED] - Object: 'Object Repository/ADMIN/Categories/Category/button_upload check' is clicked on

2019-06-20 09:46:05 - [TEST_STEP][PASSED] - waitForElementVisible: Object 'Object Repository/ADMIN/Categories/Category/button_upload save' is visible

2019-06-20 09:46:05 - [MESSAGE][WARNING] - Timeout '0' is invalid. Using default page load timeout: '30'

2019-06-20 09:46:05 - [MESSAGE][PASSED] - Object 'Object Repository/ADMIN/Categories/Category/button_upload save' is visible

2019-06-20 09:46:05 - [TEST_STEP][PASSED] - click: Object: 'Object Repository/ADMIN/Categories/Category/button_upload save' is clicked on

2019-06-20 09:46:05 - [MESSAGE][PASSED] - Object: 'Object Repository/ADMIN/Categories/Category/button_upload save' is clicked on

2019-06-20 09:46:05 - [TEST_STEP][PASSED] - setText: Text 'Description16' is set on object 'Object Repository/ADMIN/Categories/Category/textfield_category_description'

2019-06-20 09:46:05 - [MESSAGE][PASSED] - Text 'Description16' is set on object 'Object Repository/ADMIN/Categories/Category/textfield_category_description'

2019-06-20 09:46:05 - [TEST_STEP][PASSED] - click: Object: 'Object Repository/ADMIN/Categories/Category/button_Save' is clicked on

2019-06-20 09:46:05 - [MESSAGE][PASSED] - Object: 'Object Repository/ADMIN/Categories/Category/button_Save' is clicked on

2019-06-20 09:46:05 - [TEST_STEP][PASSED] - waitForElementVisible: Object 'Object Repository/ADMIN/Categories/Category/label_edit popup' is visible

2019-06-20 09:46:05 - [MESSAGE][WARNING] - Timeout '0' is invalid. Using default page load timeout: '30'

2019-06-20 09:46:07 - [MESSAGE][PASSED] - Object 'Object Repository/ADMIN/Categories/Category/label_edit popup' is visible

2019-06-20 09:46:07 - [TEST_STEP][PASSED] - waitForElementNotPresent: Web element with id: 'Object Repository/ADMIN/Categories/Category/label_edit popup' located by 'By.xpath: //div[(text() = 'Category was successfully saved.' or . = 'Category was successfully saved.')]' is not present after '30' second(s)

2019-06-20 09:46:07 - [MESSAGE][WARNING] - Timeout '0' is invalid. Using default page load timeout: '30'

2019-06-20 09:46:12 - [MESSAGE][PASSED] - Web element with id: 'Object Repository/ADMIN/Categories/Category/label_edit popup' located by 'By.xpath: //div[(text() = 'Category was successfully saved.' or . = 'Category was successfully saved.')]' is not present after '30' second(s)]]></system-out>
         <system-err><![CDATA[]]></system-err>
      </testcase>
      <testcase name="Test Cases/ADMIN/Content Mgmt/Categories/Category Add-Edit/Add Category" classname="Test Cases/ADMIN/Content Mgmt/Categories/Category Add-Edit/Add Category" status="PASSED">
         <system-out><![CDATA[2019-06-20 09:46:12 - [TEST_CASE][PASSED] - Test Cases/ADMIN/Content Mgmt/Categories/Category Add-Edit/Add Category: Test Cases/ADMIN/Content Mgmt/Categories/Category Add-Edit/Add Category

2019-06-20 09:46:12 - [TEST_STEP][PASSED] - waitForElementVisible: Object 'Object Repository/ADMIN/Categories/Category List/button_Content Mgmt' is visible

2019-06-20 09:46:12 - [MESSAGE][WARNING] - Timeout '0' is invalid. Using default page load timeout: '30'

2019-06-20 09:46:12 - [MESSAGE][PASSED] - Object 'Object Repository/ADMIN/Categories/Category List/button_Content Mgmt' is visible

2019-06-20 09:46:12 - [TEST_STEP][PASSED] - click: Object: 'Object Repository/ADMIN/Categories/Category List/button_Content Mgmt' is clicked on

2019-06-20 09:46:12 - [MESSAGE][PASSED] - Object: 'Object Repository/ADMIN/Categories/Category List/button_Content Mgmt' is clicked on

2019-06-20 09:46:12 - [TEST_STEP][PASSED] - waitForElementVisible: Object 'Object Repository/ADMIN/Categories/Category List/button_Categories' is visible

2019-06-20 09:46:12 - [MESSAGE][WARNING] - Timeout '0' is invalid. Using default page load timeout: '30'

2019-06-20 09:46:13 - [MESSAGE][PASSED] - Object 'Object Repository/ADMIN/Categories/Category List/button_Categories' is visible

2019-06-20 09:46:13 - [TEST_STEP][PASSED] - click: Object: 'Object Repository/ADMIN/Categories/Category List/button_Categories' is clicked on

2019-06-20 09:46:13 - [MESSAGE][PASSED] - Object: 'Object Repository/ADMIN/Categories/Category List/button_Categories' is clicked on

2019-06-20 09:46:13 - [TEST_STEP][PASSED] - click: Object: 'Object Repository/ADMIN/Categories/Category List/button_Add a Category' is clicked on

2019-06-20 09:46:13 - [MESSAGE][PASSED] - Object: 'Object Repository/ADMIN/Categories/Category List/button_Add a Category' is clicked on

2019-06-20 09:46:13 - [TEST_STEP][PASSED] - waitForElementPresent: Object 'Object Repository/ADMIN/Categories/Category/dropdown_Parent' is present

2019-06-20 09:46:13 - [MESSAGE][PASSED] - Object 'Object Repository/ADMIN/Categories/Category/dropdown_Parent' is present

2019-06-20 09:46:13 - [TEST_STEP][PASSED] - delay: Delayed 1 second(s)

2019-06-20 09:46:14 - [MESSAGE][PASSED] - Delayed 1 second(s)

2019-06-20 09:46:14 - [TEST_STEP][PASSED] - setText: Text 'Category 2.1' is set on object 'Object Repository/ADMIN/Categories/Category/textfield_Category Name'

2019-06-20 09:46:15 - [MESSAGE][PASSED] - Text 'Category 2.1' is set on object 'Object Repository/ADMIN/Categories/Category/textfield_Category Name'

2019-06-20 09:46:15 - [TEST_STEP][PASSED] - click: Object: 'Object Repository/ADMIN/Categories/Category/dropdown_Parent' is clicked on

2019-06-20 09:46:15 - [MESSAGE][PASSED] - Object: 'Object Repository/ADMIN/Categories/Category/dropdown_Parent' is clicked on

2019-06-20 09:46:15 - [TEST_STEP][PASSED] - delay: Delayed 2 second(s)

2019-06-20 09:46:17 - [MESSAGE][PASSED] - Delayed 2 second(s)

2019-06-20 09:46:17 - [TEST_STEP][PASSED] - click: Object: 'Object Repository/ADMIN/Categories/Category/dropdown_Parent' is clicked on

2019-06-20 09:46:17 - [MESSAGE][PASSED] - Object: 'Object Repository/ADMIN/Categories/Category/dropdown_Parent' is clicked on

2019-06-20 09:46:17 - [TEST_STEP][PASSED] - selectOptionByLabel: All options with label 'Category 2' are selected in object 'Object Repository/ADMIN/Categories/Category/dropdown_Parent' 

2019-06-20 09:46:17 - [MESSAGE][PASSED] - All options with label 'Category 2' are selected in object 'Object Repository/ADMIN/Categories/Category/dropdown_Parent' 

2019-06-20 09:46:17 - [TEST_STEP][PASSED] - click: Object: 'Object Repository/ADMIN/Categories/Category/button_Browse' is clicked on

2019-06-20 09:46:17 - [MESSAGE][PASSED] - Object: 'Object Repository/ADMIN/Categories/Category/button_Browse' is clicked on

2019-06-20 09:46:17 - [TEST_STEP][PASSED] - delay: Delayed 2 second(s)

2019-06-20 09:46:19 - [MESSAGE][PASSED] - Delayed 2 second(s)

2019-06-20 09:46:19 - [TEST_STEP][PASSED] - uploadFile: File 'C:\\Katalon\\Image\\pic4.jpg' sent to object: 'Object Repository/ADMIN/Categories/Category/image_input image'

2019-06-20 09:46:19 - [MESSAGE][PASSED] - File 'C:\\Katalon\\Image\\pic4.jpg' sent to object: 'Object Repository/ADMIN/Categories/Category/image_input image'

2019-06-20 09:46:19 - [TEST_STEP][PASSED] - waitForElementVisible: Object 'Object Repository/ADMIN/Categories/Category/button_upload check' is visible

2019-06-20 09:46:19 - [MESSAGE][WARNING] - Timeout '0' is invalid. Using default page load timeout: '30'

2019-06-20 09:46:19 - [MESSAGE][PASSED] - Object 'Object Repository/ADMIN/Categories/Category/button_upload check' is visible

2019-06-20 09:46:19 - [TEST_STEP][PASSED] - click: Object: 'Object Repository/ADMIN/Categories/Category/button_upload check' is clicked on

2019-06-20 09:46:19 - [MESSAGE][PASSED] - Object: 'Object Repository/ADMIN/Categories/Category/button_upload check' is clicked on

2019-06-20 09:46:19 - [TEST_STEP][PASSED] - waitForElementVisible: Object 'Object Repository/ADMIN/Categories/Category/button_upload save' is visible

2019-06-20 09:46:19 - [MESSAGE][WARNING] - Timeout '0' is invalid. Using default page load timeout: '30'

2019-06-20 09:46:19 - [MESSAGE][PASSED] - Object 'Object Repository/ADMIN/Categories/Category/button_upload save' is visible

2019-06-20 09:46:19 - [TEST_STEP][PASSED] - click: Object: 'Object Repository/ADMIN/Categories/Category/button_upload save' is clicked on

2019-06-20 09:46:19 - [MESSAGE][PASSED] - Object: 'Object Repository/ADMIN/Categories/Category/button_upload save' is clicked on

2019-06-20 09:46:19 - [TEST_STEP][PASSED] - setText: Text 'Description17' is set on object 'Object Repository/ADMIN/Categories/Category/textfield_category_description'

2019-06-20 09:46:19 - [MESSAGE][PASSED] - Text 'Description17' is set on object 'Object Repository/ADMIN/Categories/Category/textfield_category_description'

2019-06-20 09:46:19 - [TEST_STEP][PASSED] - click: Object: 'Object Repository/ADMIN/Categories/Category/button_Save' is clicked on

2019-06-20 09:46:19 - [MESSAGE][PASSED] - Object: 'Object Repository/ADMIN/Categories/Category/button_Save' is clicked on

2019-06-20 09:46:19 - [TEST_STEP][PASSED] - waitForElementVisible: Object 'Object Repository/ADMIN/Categories/Category/label_edit popup' is visible

2019-06-20 09:46:19 - [MESSAGE][WARNING] - Timeout '0' is invalid. Using default page load timeout: '30'

2019-06-20 09:46:20 - [MESSAGE][PASSED] - Object 'Object Repository/ADMIN/Categories/Category/label_edit popup' is visible

2019-06-20 09:46:20 - [TEST_STEP][PASSED] - waitForElementNotPresent: Web element with id: 'Object Repository/ADMIN/Categories/Category/label_edit popup' located by 'By.xpath: //div[(text() = 'Category was successfully saved.' or . = 'Category was successfully saved.')]' is not present after '30' second(s)

2019-06-20 09:46:20 - [MESSAGE][WARNING] - Timeout '0' is invalid. Using default page load timeout: '30'

2019-06-20 09:46:26 - [MESSAGE][PASSED] - Web element with id: 'Object Repository/ADMIN/Categories/Category/label_edit popup' located by 'By.xpath: //div[(text() = 'Category was successfully saved.' or . = 'Category was successfully saved.')]' is not present after '30' second(s)]]></system-out>
         <system-err><![CDATA[]]></system-err>
      </testcase>
      <testcase name="Test Cases/ADMIN/Content Mgmt/Categories/Category Add-Edit/Add Category" classname="Test Cases/ADMIN/Content Mgmt/Categories/Category Add-Edit/Add Category" status="PASSED">
         <system-out><![CDATA[2019-06-20 09:46:26 - [TEST_CASE][PASSED] - Test Cases/ADMIN/Content Mgmt/Categories/Category Add-Edit/Add Category: Test Cases/ADMIN/Content Mgmt/Categories/Category Add-Edit/Add Category

2019-06-20 09:46:26 - [TEST_STEP][PASSED] - waitForElementVisible: Object 'Object Repository/ADMIN/Categories/Category List/button_Content Mgmt' is visible

2019-06-20 09:46:26 - [MESSAGE][WARNING] - Timeout '0' is invalid. Using default page load timeout: '30'

2019-06-20 09:46:26 - [MESSAGE][PASSED] - Object 'Object Repository/ADMIN/Categories/Category List/button_Content Mgmt' is visible

2019-06-20 09:46:26 - [TEST_STEP][PASSED] - click: Object: 'Object Repository/ADMIN/Categories/Category List/button_Content Mgmt' is clicked on

2019-06-20 09:46:26 - [MESSAGE][PASSED] - Object: 'Object Repository/ADMIN/Categories/Category List/button_Content Mgmt' is clicked on

2019-06-20 09:46:26 - [TEST_STEP][PASSED] - waitForElementVisible: Object 'Object Repository/ADMIN/Categories/Category List/button_Categories' is visible

2019-06-20 09:46:26 - [MESSAGE][WARNING] - Timeout '0' is invalid. Using default page load timeout: '30'

2019-06-20 09:46:26 - [MESSAGE][PASSED] - Object 'Object Repository/ADMIN/Categories/Category List/button_Categories' is visible

2019-06-20 09:46:26 - [TEST_STEP][PASSED] - click: Object: 'Object Repository/ADMIN/Categories/Category List/button_Categories' is clicked on

2019-06-20 09:46:27 - [MESSAGE][PASSED] - Object: 'Object Repository/ADMIN/Categories/Category List/button_Categories' is clicked on

2019-06-20 09:46:27 - [TEST_STEP][PASSED] - click: Object: 'Object Repository/ADMIN/Categories/Category List/button_Add a Category' is clicked on

2019-06-20 09:46:27 - [MESSAGE][PASSED] - Object: 'Object Repository/ADMIN/Categories/Category List/button_Add a Category' is clicked on

2019-06-20 09:46:27 - [TEST_STEP][PASSED] - waitForElementPresent: Object 'Object Repository/ADMIN/Categories/Category/dropdown_Parent' is present

2019-06-20 09:46:27 - [MESSAGE][PASSED] - Object 'Object Repository/ADMIN/Categories/Category/dropdown_Parent' is present

2019-06-20 09:46:27 - [TEST_STEP][PASSED] - delay: Delayed 1 second(s)

2019-06-20 09:46:28 - [MESSAGE][PASSED] - Delayed 1 second(s)

2019-06-20 09:46:28 - [TEST_STEP][PASSED] - setText: Text 'Category 2.2' is set on object 'Object Repository/ADMIN/Categories/Category/textfield_Category Name'

2019-06-20 09:46:28 - [MESSAGE][PASSED] - Text 'Category 2.2' is set on object 'Object Repository/ADMIN/Categories/Category/textfield_Category Name'

2019-06-20 09:46:28 - [TEST_STEP][PASSED] - click: Object: 'Object Repository/ADMIN/Categories/Category/dropdown_Parent' is clicked on

2019-06-20 09:46:28 - [MESSAGE][PASSED] - Object: 'Object Repository/ADMIN/Categories/Category/dropdown_Parent' is clicked on

2019-06-20 09:46:28 - [TEST_STEP][PASSED] - delay: Delayed 2 second(s)

2019-06-20 09:46:30 - [MESSAGE][PASSED] - Delayed 2 second(s)

2019-06-20 09:46:30 - [TEST_STEP][PASSED] - click: Object: 'Object Repository/ADMIN/Categories/Category/dropdown_Parent' is clicked on

2019-06-20 09:46:30 - [MESSAGE][PASSED] - Object: 'Object Repository/ADMIN/Categories/Category/dropdown_Parent' is clicked on

2019-06-20 09:46:30 - [TEST_STEP][PASSED] - selectOptionByLabel: All options with label 'Category 2' are selected in object 'Object Repository/ADMIN/Categories/Category/dropdown_Parent' 

2019-06-20 09:46:30 - [MESSAGE][PASSED] - All options with label 'Category 2' are selected in object 'Object Repository/ADMIN/Categories/Category/dropdown_Parent' 

2019-06-20 09:46:30 - [TEST_STEP][PASSED] - click: Object: 'Object Repository/ADMIN/Categories/Category/button_Browse' is clicked on

2019-06-20 09:46:30 - [MESSAGE][PASSED] - Object: 'Object Repository/ADMIN/Categories/Category/button_Browse' is clicked on

2019-06-20 09:46:30 - [TEST_STEP][PASSED] - delay: Delayed 2 second(s)

2019-06-20 09:46:32 - [MESSAGE][PASSED] - Delayed 2 second(s)

2019-06-20 09:46:32 - [TEST_STEP][PASSED] - uploadFile: File 'C:\\Katalon\\Image\\pic5.jpg' sent to object: 'Object Repository/ADMIN/Categories/Category/image_input image'

2019-06-20 09:46:32 - [MESSAGE][PASSED] - File 'C:\\Katalon\\Image\\pic5.jpg' sent to object: 'Object Repository/ADMIN/Categories/Category/image_input image'

2019-06-20 09:46:32 - [TEST_STEP][PASSED] - waitForElementVisible: Object 'Object Repository/ADMIN/Categories/Category/button_upload check' is visible

2019-06-20 09:46:32 - [MESSAGE][WARNING] - Timeout '0' is invalid. Using default page load timeout: '30'

2019-06-20 09:46:33 - [MESSAGE][PASSED] - Object 'Object Repository/ADMIN/Categories/Category/button_upload check' is visible

2019-06-20 09:46:33 - [TEST_STEP][PASSED] - click: Object: 'Object Repository/ADMIN/Categories/Category/button_upload check' is clicked on

2019-06-20 09:46:33 - [MESSAGE][PASSED] - Object: 'Object Repository/ADMIN/Categories/Category/button_upload check' is clicked on

2019-06-20 09:46:33 - [TEST_STEP][PASSED] - waitForElementVisible: Object 'Object Repository/ADMIN/Categories/Category/button_upload save' is visible

2019-06-20 09:46:33 - [MESSAGE][WARNING] - Timeout '0' is invalid. Using default page load timeout: '30'

2019-06-20 09:46:33 - [MESSAGE][PASSED] - Object 'Object Repository/ADMIN/Categories/Category/button_upload save' is visible

2019-06-20 09:46:33 - [TEST_STEP][PASSED] - click: Object: 'Object Repository/ADMIN/Categories/Category/button_upload save' is clicked on

2019-06-20 09:46:33 - [MESSAGE][PASSED] - Object: 'Object Repository/ADMIN/Categories/Category/button_upload save' is clicked on

2019-06-20 09:46:33 - [TEST_STEP][PASSED] - setText: Text 'Description18' is set on object 'Object Repository/ADMIN/Categories/Category/textfield_category_description'

2019-06-20 09:46:33 - [MESSAGE][PASSED] - Text 'Description18' is set on object 'Object Repository/ADMIN/Categories/Category/textfield_category_description'

2019-06-20 09:46:33 - [TEST_STEP][PASSED] - click: Object: 'Object Repository/ADMIN/Categories/Category/button_Save' is clicked on

2019-06-20 09:46:33 - [MESSAGE][PASSED] - Object: 'Object Repository/ADMIN/Categories/Category/button_Save' is clicked on

2019-06-20 09:46:33 - [TEST_STEP][PASSED] - waitForElementVisible: Object 'Object Repository/ADMIN/Categories/Category/label_edit popup' is visible

2019-06-20 09:46:33 - [MESSAGE][WARNING] - Timeout '0' is invalid. Using default page load timeout: '30'

2019-06-20 09:46:33 - [MESSAGE][PASSED] - Object 'Object Repository/ADMIN/Categories/Category/label_edit popup' is visible

2019-06-20 09:46:33 - [TEST_STEP][PASSED] - waitForElementNotPresent: Web element with id: 'Object Repository/ADMIN/Categories/Category/label_edit popup' located by 'By.xpath: //div[(text() = 'Category was successfully saved.' or . = 'Category was successfully saved.')]' is not present after '30' second(s)

2019-06-20 09:46:33 - [MESSAGE][WARNING] - Timeout '0' is invalid. Using default page load timeout: '30'

2019-06-20 09:46:40 - [MESSAGE][PASSED] - Web element with id: 'Object Repository/ADMIN/Categories/Category/label_edit popup' located by 'By.xpath: //div[(text() = 'Category was successfully saved.' or . = 'Category was successfully saved.')]' is not present after '30' second(s)]]></system-out>
         <system-err><![CDATA[]]></system-err>
      </testcase>
      <testcase name="Test Cases/ADMIN/Content Mgmt/Categories/Category Add-Edit/Add Category" classname="Test Cases/ADMIN/Content Mgmt/Categories/Category Add-Edit/Add Category" status="PASSED">
         <system-out><![CDATA[2019-06-20 09:46:40 - [TEST_CASE][PASSED] - Test Cases/ADMIN/Content Mgmt/Categories/Category Add-Edit/Add Category: Test Cases/ADMIN/Content Mgmt/Categories/Category Add-Edit/Add Category

2019-06-20 09:46:40 - [TEST_STEP][PASSED] - waitForElementVisible: Object 'Object Repository/ADMIN/Categories/Category List/button_Content Mgmt' is visible

2019-06-20 09:46:40 - [MESSAGE][WARNING] - Timeout '0' is invalid. Using default page load timeout: '30'

2019-06-20 09:46:40 - [MESSAGE][PASSED] - Object 'Object Repository/ADMIN/Categories/Category List/button_Content Mgmt' is visible

2019-06-20 09:46:40 - [TEST_STEP][PASSED] - click: Object: 'Object Repository/ADMIN/Categories/Category List/button_Content Mgmt' is clicked on

2019-06-20 09:46:40 - [MESSAGE][PASSED] - Object: 'Object Repository/ADMIN/Categories/Category List/button_Content Mgmt' is clicked on

2019-06-20 09:46:40 - [TEST_STEP][PASSED] - waitForElementVisible: Object 'Object Repository/ADMIN/Categories/Category List/button_Categories' is visible

2019-06-20 09:46:40 - [MESSAGE][WARNING] - Timeout '0' is invalid. Using default page load timeout: '30'

2019-06-20 09:46:40 - [MESSAGE][PASSED] - Object 'Object Repository/ADMIN/Categories/Category List/button_Categories' is visible

2019-06-20 09:46:40 - [TEST_STEP][PASSED] - click: Object: 'Object Repository/ADMIN/Categories/Category List/button_Categories' is clicked on

2019-06-20 09:46:41 - [MESSAGE][PASSED] - Object: 'Object Repository/ADMIN/Categories/Category List/button_Categories' is clicked on

2019-06-20 09:46:41 - [TEST_STEP][PASSED] - click: Object: 'Object Repository/ADMIN/Categories/Category List/button_Add a Category' is clicked on

2019-06-20 09:46:41 - [MESSAGE][PASSED] - Object: 'Object Repository/ADMIN/Categories/Category List/button_Add a Category' is clicked on

2019-06-20 09:46:41 - [TEST_STEP][PASSED] - waitForElementPresent: Object 'Object Repository/ADMIN/Categories/Category/dropdown_Parent' is present

2019-06-20 09:46:41 - [MESSAGE][PASSED] - Object 'Object Repository/ADMIN/Categories/Category/dropdown_Parent' is present

2019-06-20 09:46:41 - [TEST_STEP][PASSED] - delay: Delayed 1 second(s)

2019-06-20 09:46:42 - [MESSAGE][PASSED] - Delayed 1 second(s)

2019-06-20 09:46:42 - [TEST_STEP][PASSED] - setText: Text 'Category 2.2.1' is set on object 'Object Repository/ADMIN/Categories/Category/textfield_Category Name'

2019-06-20 09:46:42 - [MESSAGE][PASSED] - Text 'Category 2.2.1' is set on object 'Object Repository/ADMIN/Categories/Category/textfield_Category Name'

2019-06-20 09:46:42 - [TEST_STEP][PASSED] - click: Object: 'Object Repository/ADMIN/Categories/Category/dropdown_Parent' is clicked on

2019-06-20 09:46:42 - [MESSAGE][PASSED] - Object: 'Object Repository/ADMIN/Categories/Category/dropdown_Parent' is clicked on

2019-06-20 09:46:42 - [TEST_STEP][PASSED] - delay: Delayed 2 second(s)

2019-06-20 09:46:44 - [MESSAGE][PASSED] - Delayed 2 second(s)

2019-06-20 09:46:44 - [TEST_STEP][PASSED] - click: Object: 'Object Repository/ADMIN/Categories/Category/dropdown_Parent' is clicked on

2019-06-20 09:46:44 - [MESSAGE][PASSED] - Object: 'Object Repository/ADMIN/Categories/Category/dropdown_Parent' is clicked on

2019-06-20 09:46:44 - [TEST_STEP][PASSED] - selectOptionByLabel: All options with label 'Category 2.2' are selected in object 'Object Repository/ADMIN/Categories/Category/dropdown_Parent' 

2019-06-20 09:46:44 - [MESSAGE][PASSED] - All options with label 'Category 2.2' are selected in object 'Object Repository/ADMIN/Categories/Category/dropdown_Parent' 

2019-06-20 09:46:44 - [TEST_STEP][PASSED] - click: Object: 'Object Repository/ADMIN/Categories/Category/button_Browse' is clicked on

2019-06-20 09:46:44 - [MESSAGE][PASSED] - Object: 'Object Repository/ADMIN/Categories/Category/button_Browse' is clicked on

2019-06-20 09:46:44 - [TEST_STEP][PASSED] - delay: Delayed 2 second(s)

2019-06-20 09:46:46 - [MESSAGE][PASSED] - Delayed 2 second(s)

2019-06-20 09:46:46 - [TEST_STEP][PASSED] - uploadFile: File 'C:\\Katalon\\Image\\pic6.jpg' sent to object: 'Object Repository/ADMIN/Categories/Category/image_input image'

2019-06-20 09:46:46 - [MESSAGE][PASSED] - File 'C:\\Katalon\\Image\\pic6.jpg' sent to object: 'Object Repository/ADMIN/Categories/Category/image_input image'

2019-06-20 09:46:46 - [TEST_STEP][PASSED] - waitForElementVisible: Object 'Object Repository/ADMIN/Categories/Category/button_upload check' is visible

2019-06-20 09:46:46 - [MESSAGE][WARNING] - Timeout '0' is invalid. Using default page load timeout: '30'

2019-06-20 09:46:46 - [MESSAGE][PASSED] - Object 'Object Repository/ADMIN/Categories/Category/button_upload check' is visible

2019-06-20 09:46:46 - [TEST_STEP][PASSED] - click: Object: 'Object Repository/ADMIN/Categories/Category/button_upload check' is clicked on

2019-06-20 09:46:46 - [MESSAGE][PASSED] - Object: 'Object Repository/ADMIN/Categories/Category/button_upload check' is clicked on

2019-06-20 09:46:46 - [TEST_STEP][PASSED] - waitForElementVisible: Object 'Object Repository/ADMIN/Categories/Category/button_upload save' is visible

2019-06-20 09:46:46 - [MESSAGE][WARNING] - Timeout '0' is invalid. Using default page load timeout: '30'

2019-06-20 09:46:46 - [MESSAGE][PASSED] - Object 'Object Repository/ADMIN/Categories/Category/button_upload save' is visible

2019-06-20 09:46:46 - [TEST_STEP][PASSED] - click: Object: 'Object Repository/ADMIN/Categories/Category/button_upload save' is clicked on

2019-06-20 09:46:46 - [MESSAGE][PASSED] - Object: 'Object Repository/ADMIN/Categories/Category/button_upload save' is clicked on

2019-06-20 09:46:46 - [TEST_STEP][PASSED] - setText: Text 'Description19' is set on object 'Object Repository/ADMIN/Categories/Category/textfield_category_description'

2019-06-20 09:46:47 - [MESSAGE][PASSED] - Text 'Description19' is set on object 'Object Repository/ADMIN/Categories/Category/textfield_category_description'

2019-06-20 09:46:47 - [TEST_STEP][PASSED] - click: Object: 'Object Repository/ADMIN/Categories/Category/button_Save' is clicked on

2019-06-20 09:46:47 - [MESSAGE][PASSED] - Object: 'Object Repository/ADMIN/Categories/Category/button_Save' is clicked on

2019-06-20 09:46:47 - [TEST_STEP][PASSED] - waitForElementVisible: Object 'Object Repository/ADMIN/Categories/Category/label_edit popup' is visible

2019-06-20 09:46:47 - [MESSAGE][WARNING] - Timeout '0' is invalid. Using default page load timeout: '30'

2019-06-20 09:46:48 - [MESSAGE][PASSED] - Object 'Object Repository/ADMIN/Categories/Category/label_edit popup' is visible

2019-06-20 09:46:48 - [TEST_STEP][PASSED] - waitForElementNotPresent: Web element with id: 'Object Repository/ADMIN/Categories/Category/label_edit popup' located by 'By.xpath: //div[(text() = 'Category was successfully saved.' or . = 'Category was successfully saved.')]' is not present after '30' second(s)

2019-06-20 09:46:48 - [MESSAGE][WARNING] - Timeout '0' is invalid. Using default page load timeout: '30'

2019-06-20 09:46:54 - [MESSAGE][PASSED] - Web element with id: 'Object Repository/ADMIN/Categories/Category/label_edit popup' located by 'By.xpath: //div[(text() = 'Category was successfully saved.' or . = 'Category was successfully saved.')]' is not present after '30' second(s)]]></system-out>
         <system-err><![CDATA[]]></system-err>
      </testcase>
      <testcase name="Test Cases/ADMIN/Content Mgmt/Categories/Category Add-Edit/Add Category" classname="Test Cases/ADMIN/Content Mgmt/Categories/Category Add-Edit/Add Category" status="PASSED">
         <system-out><![CDATA[2019-06-20 09:46:54 - [TEST_CASE][PASSED] - Test Cases/ADMIN/Content Mgmt/Categories/Category Add-Edit/Add Category: Test Cases/ADMIN/Content Mgmt/Categories/Category Add-Edit/Add Category

2019-06-20 09:46:54 - [TEST_STEP][PASSED] - waitForElementVisible: Object 'Object Repository/ADMIN/Categories/Category List/button_Content Mgmt' is visible

2019-06-20 09:46:54 - [MESSAGE][WARNING] - Timeout '0' is invalid. Using default page load timeout: '30'

2019-06-20 09:46:54 - [MESSAGE][PASSED] - Object 'Object Repository/ADMIN/Categories/Category List/button_Content Mgmt' is visible

2019-06-20 09:46:54 - [TEST_STEP][PASSED] - click: Object: 'Object Repository/ADMIN/Categories/Category List/button_Content Mgmt' is clicked on

2019-06-20 09:46:54 - [MESSAGE][PASSED] - Object: 'Object Repository/ADMIN/Categories/Category List/button_Content Mgmt' is clicked on

2019-06-20 09:46:54 - [TEST_STEP][PASSED] - waitForElementVisible: Object 'Object Repository/ADMIN/Categories/Category List/button_Categories' is visible

2019-06-20 09:46:54 - [MESSAGE][WARNING] - Timeout '0' is invalid. Using default page load timeout: '30'

2019-06-20 09:46:54 - [MESSAGE][PASSED] - Object 'Object Repository/ADMIN/Categories/Category List/button_Categories' is visible

2019-06-20 09:46:54 - [TEST_STEP][PASSED] - click: Object: 'Object Repository/ADMIN/Categories/Category List/button_Categories' is clicked on

2019-06-20 09:46:54 - [MESSAGE][PASSED] - Object: 'Object Repository/ADMIN/Categories/Category List/button_Categories' is clicked on

2019-06-20 09:46:54 - [TEST_STEP][PASSED] - click: Object: 'Object Repository/ADMIN/Categories/Category List/button_Add a Category' is clicked on

2019-06-20 09:46:55 - [MESSAGE][PASSED] - Object: 'Object Repository/ADMIN/Categories/Category List/button_Add a Category' is clicked on

2019-06-20 09:46:55 - [TEST_STEP][PASSED] - waitForElementPresent: Object 'Object Repository/ADMIN/Categories/Category/dropdown_Parent' is present

2019-06-20 09:46:55 - [MESSAGE][PASSED] - Object 'Object Repository/ADMIN/Categories/Category/dropdown_Parent' is present

2019-06-20 09:46:55 - [TEST_STEP][PASSED] - delay: Delayed 1 second(s)

2019-06-20 09:46:56 - [MESSAGE][PASSED] - Delayed 1 second(s)

2019-06-20 09:46:56 - [TEST_STEP][PASSED] - setText: Text 'Category 2.2.2' is set on object 'Object Repository/ADMIN/Categories/Category/textfield_Category Name'

2019-06-20 09:46:56 - [MESSAGE][PASSED] - Text 'Category 2.2.2' is set on object 'Object Repository/ADMIN/Categories/Category/textfield_Category Name'

2019-06-20 09:46:56 - [TEST_STEP][PASSED] - click: Object: 'Object Repository/ADMIN/Categories/Category/dropdown_Parent' is clicked on

2019-06-20 09:46:56 - [MESSAGE][PASSED] - Object: 'Object Repository/ADMIN/Categories/Category/dropdown_Parent' is clicked on

2019-06-20 09:46:56 - [TEST_STEP][PASSED] - delay: Delayed 2 second(s)

2019-06-20 09:46:58 - [MESSAGE][PASSED] - Delayed 2 second(s)

2019-06-20 09:46:58 - [TEST_STEP][PASSED] - click: Object: 'Object Repository/ADMIN/Categories/Category/dropdown_Parent' is clicked on

2019-06-20 09:46:58 - [MESSAGE][PASSED] - Object: 'Object Repository/ADMIN/Categories/Category/dropdown_Parent' is clicked on

2019-06-20 09:46:58 - [TEST_STEP][PASSED] - selectOptionByLabel: All options with label 'Category 2.2' are selected in object 'Object Repository/ADMIN/Categories/Category/dropdown_Parent' 

2019-06-20 09:46:58 - [MESSAGE][PASSED] - All options with label 'Category 2.2' are selected in object 'Object Repository/ADMIN/Categories/Category/dropdown_Parent' 

2019-06-20 09:46:58 - [TEST_STEP][PASSED] - click: Object: 'Object Repository/ADMIN/Categories/Category/button_Browse' is clicked on

2019-06-20 09:46:58 - [MESSAGE][PASSED] - Object: 'Object Repository/ADMIN/Categories/Category/button_Browse' is clicked on

2019-06-20 09:46:58 - [TEST_STEP][PASSED] - delay: Delayed 2 second(s)

2019-06-20 09:47:00 - [MESSAGE][PASSED] - Delayed 2 second(s)

2019-06-20 09:47:00 - [TEST_STEP][PASSED] - uploadFile: File 'C:\\Katalon\\Image\\pic7.jpg' sent to object: 'Object Repository/ADMIN/Categories/Category/image_input image'

2019-06-20 09:47:00 - [MESSAGE][PASSED] - File 'C:\\Katalon\\Image\\pic7.jpg' sent to object: 'Object Repository/ADMIN/Categories/Category/image_input image'

2019-06-20 09:47:00 - [TEST_STEP][PASSED] - waitForElementVisible: Object 'Object Repository/ADMIN/Categories/Category/button_upload check' is visible

2019-06-20 09:47:00 - [MESSAGE][WARNING] - Timeout '0' is invalid. Using default page load timeout: '30'

2019-06-20 09:47:01 - [MESSAGE][PASSED] - Object 'Object Repository/ADMIN/Categories/Category/button_upload check' is visible

2019-06-20 09:47:01 - [TEST_STEP][PASSED] - click: Object: 'Object Repository/ADMIN/Categories/Category/button_upload check' is clicked on

2019-06-20 09:47:01 - [MESSAGE][PASSED] - Object: 'Object Repository/ADMIN/Categories/Category/button_upload check' is clicked on

2019-06-20 09:47:01 - [TEST_STEP][PASSED] - waitForElementVisible: Object 'Object Repository/ADMIN/Categories/Category/button_upload save' is visible

2019-06-20 09:47:01 - [MESSAGE][WARNING] - Timeout '0' is invalid. Using default page load timeout: '30'

2019-06-20 09:47:01 - [MESSAGE][PASSED] - Object 'Object Repository/ADMIN/Categories/Category/button_upload save' is visible

2019-06-20 09:47:01 - [TEST_STEP][PASSED] - click: Object: 'Object Repository/ADMIN/Categories/Category/button_upload save' is clicked on

2019-06-20 09:47:01 - [MESSAGE][PASSED] - Object: 'Object Repository/ADMIN/Categories/Category/button_upload save' is clicked on

2019-06-20 09:47:01 - [TEST_STEP][PASSED] - setText: Text 'Description20' is set on object 'Object Repository/ADMIN/Categories/Category/textfield_category_description'

2019-06-20 09:47:01 - [MESSAGE][PASSED] - Text 'Description20' is set on object 'Object Repository/ADMIN/Categories/Category/textfield_category_description'

2019-06-20 09:47:01 - [TEST_STEP][PASSED] - click: Object: 'Object Repository/ADMIN/Categories/Category/button_Save' is clicked on

2019-06-20 09:47:01 - [MESSAGE][PASSED] - Object: 'Object Repository/ADMIN/Categories/Category/button_Save' is clicked on

2019-06-20 09:47:01 - [TEST_STEP][PASSED] - waitForElementVisible: Object 'Object Repository/ADMIN/Categories/Category/label_edit popup' is visible

2019-06-20 09:47:01 - [MESSAGE][WARNING] - Timeout '0' is invalid. Using default page load timeout: '30'

2019-06-20 09:47:02 - [MESSAGE][PASSED] - Object 'Object Repository/ADMIN/Categories/Category/label_edit popup' is visible

2019-06-20 09:47:02 - [TEST_STEP][PASSED] - waitForElementNotPresent: Web element with id: 'Object Repository/ADMIN/Categories/Category/label_edit popup' located by 'By.xpath: //div[(text() = 'Category was successfully saved.' or . = 'Category was successfully saved.')]' is not present after '30' second(s)

2019-06-20 09:47:02 - [MESSAGE][WARNING] - Timeout '0' is invalid. Using default page load timeout: '30'

2019-06-20 09:47:08 - [MESSAGE][PASSED] - Web element with id: 'Object Repository/ADMIN/Categories/Category/label_edit popup' located by 'By.xpath: //div[(text() = 'Category was successfully saved.' or . = 'Category was successfully saved.')]' is not present after '30' second(s)]]></system-out>
         <system-err><![CDATA[]]></system-err>
      </testcase>
      <testcase name="Test Cases/ADMIN/Content Mgmt/Categories/Category Add-Edit/Add Category" classname="Test Cases/ADMIN/Content Mgmt/Categories/Category Add-Edit/Add Category" status="PASSED">
         <system-out><![CDATA[2019-06-20 09:47:08 - [TEST_CASE][PASSED] - Test Cases/ADMIN/Content Mgmt/Categories/Category Add-Edit/Add Category: Test Cases/ADMIN/Content Mgmt/Categories/Category Add-Edit/Add Category

2019-06-20 09:47:08 - [TEST_STEP][PASSED] - waitForElementVisible: Object 'Object Repository/ADMIN/Categories/Category List/button_Content Mgmt' is visible

2019-06-20 09:47:08 - [MESSAGE][WARNING] - Timeout '0' is invalid. Using default page load timeout: '30'

2019-06-20 09:47:08 - [MESSAGE][PASSED] - Object 'Object Repository/ADMIN/Categories/Category List/button_Content Mgmt' is visible

2019-06-20 09:47:08 - [TEST_STEP][PASSED] - click: Object: 'Object Repository/ADMIN/Categories/Category List/button_Content Mgmt' is clicked on

2019-06-20 09:47:08 - [MESSAGE][PASSED] - Object: 'Object Repository/ADMIN/Categories/Category List/button_Content Mgmt' is clicked on

2019-06-20 09:47:08 - [TEST_STEP][PASSED] - waitForElementVisible: Object 'Object Repository/ADMIN/Categories/Category List/button_Categories' is visible

2019-06-20 09:47:08 - [MESSAGE][WARNING] - Timeout '0' is invalid. Using default page load timeout: '30'

2019-06-20 09:47:08 - [MESSAGE][PASSED] - Object 'Object Repository/ADMIN/Categories/Category List/button_Categories' is visible

2019-06-20 09:47:08 - [TEST_STEP][PASSED] - click: Object: 'Object Repository/ADMIN/Categories/Category List/button_Categories' is clicked on

2019-06-20 09:47:09 - [MESSAGE][PASSED] - Object: 'Object Repository/ADMIN/Categories/Category List/button_Categories' is clicked on

2019-06-20 09:47:09 - [TEST_STEP][PASSED] - click: Object: 'Object Repository/ADMIN/Categories/Category List/button_Add a Category' is clicked on

2019-06-20 09:47:09 - [MESSAGE][PASSED] - Object: 'Object Repository/ADMIN/Categories/Category List/button_Add a Category' is clicked on

2019-06-20 09:47:09 - [TEST_STEP][PASSED] - waitForElementPresent: Object 'Object Repository/ADMIN/Categories/Category/dropdown_Parent' is present

2019-06-20 09:47:09 - [MESSAGE][PASSED] - Object 'Object Repository/ADMIN/Categories/Category/dropdown_Parent' is present

2019-06-20 09:47:09 - [TEST_STEP][PASSED] - delay: Delayed 1 second(s)

2019-06-20 09:47:10 - [MESSAGE][PASSED] - Delayed 1 second(s)

2019-06-20 09:47:10 - [TEST_STEP][PASSED] - setText: Text 'Category 2.2.2.1' is set on object 'Object Repository/ADMIN/Categories/Category/textfield_Category Name'

2019-06-20 09:47:10 - [MESSAGE][PASSED] - Text 'Category 2.2.2.1' is set on object 'Object Repository/ADMIN/Categories/Category/textfield_Category Name'

2019-06-20 09:47:10 - [TEST_STEP][PASSED] - click: Object: 'Object Repository/ADMIN/Categories/Category/dropdown_Parent' is clicked on

2019-06-20 09:47:10 - [MESSAGE][PASSED] - Object: 'Object Repository/ADMIN/Categories/Category/dropdown_Parent' is clicked on

2019-06-20 09:47:10 - [TEST_STEP][PASSED] - delay: Delayed 2 second(s)

2019-06-20 09:47:12 - [MESSAGE][PASSED] - Delayed 2 second(s)

2019-06-20 09:47:12 - [TEST_STEP][PASSED] - click: Object: 'Object Repository/ADMIN/Categories/Category/dropdown_Parent' is clicked on

2019-06-20 09:47:13 - [MESSAGE][PASSED] - Object: 'Object Repository/ADMIN/Categories/Category/dropdown_Parent' is clicked on

2019-06-20 09:47:13 - [TEST_STEP][PASSED] - selectOptionByLabel: All options with label 'Category 2.2.2' are selected in object 'Object Repository/ADMIN/Categories/Category/dropdown_Parent' 

2019-06-20 09:47:13 - [MESSAGE][PASSED] - All options with label 'Category 2.2.2' are selected in object 'Object Repository/ADMIN/Categories/Category/dropdown_Parent' 

2019-06-20 09:47:13 - [TEST_STEP][PASSED] - click: Object: 'Object Repository/ADMIN/Categories/Category/button_Browse' is clicked on

2019-06-20 09:47:13 - [MESSAGE][PASSED] - Object: 'Object Repository/ADMIN/Categories/Category/button_Browse' is clicked on

2019-06-20 09:47:13 - [TEST_STEP][PASSED] - delay: Delayed 2 second(s)

2019-06-20 09:47:15 - [MESSAGE][PASSED] - Delayed 2 second(s)

2019-06-20 09:47:15 - [TEST_STEP][PASSED] - uploadFile: File 'C:\\Katalon\\Image\\pic8.jpg' sent to object: 'Object Repository/ADMIN/Categories/Category/image_input image'

2019-06-20 09:47:15 - [MESSAGE][PASSED] - File 'C:\\Katalon\\Image\\pic8.jpg' sent to object: 'Object Repository/ADMIN/Categories/Category/image_input image'

2019-06-20 09:47:15 - [TEST_STEP][PASSED] - waitForElementVisible: Object 'Object Repository/ADMIN/Categories/Category/button_upload check' is visible

2019-06-20 09:47:15 - [MESSAGE][WARNING] - Timeout '0' is invalid. Using default page load timeout: '30'

2019-06-20 09:47:15 - [MESSAGE][PASSED] - Object 'Object Repository/ADMIN/Categories/Category/button_upload check' is visible

2019-06-20 09:47:15 - [TEST_STEP][PASSED] - click: Object: 'Object Repository/ADMIN/Categories/Category/button_upload check' is clicked on

2019-06-20 09:47:15 - [MESSAGE][PASSED] - Object: 'Object Repository/ADMIN/Categories/Category/button_upload check' is clicked on

2019-06-20 09:47:15 - [TEST_STEP][PASSED] - waitForElementVisible: Object 'Object Repository/ADMIN/Categories/Category/button_upload save' is visible

2019-06-20 09:47:15 - [MESSAGE][WARNING] - Timeout '0' is invalid. Using default page load timeout: '30'

2019-06-20 09:47:15 - [MESSAGE][PASSED] - Object 'Object Repository/ADMIN/Categories/Category/button_upload save' is visible

2019-06-20 09:47:15 - [TEST_STEP][PASSED] - click: Object: 'Object Repository/ADMIN/Categories/Category/button_upload save' is clicked on

2019-06-20 09:47:15 - [MESSAGE][PASSED] - Object: 'Object Repository/ADMIN/Categories/Category/button_upload save' is clicked on

2019-06-20 09:47:15 - [TEST_STEP][PASSED] - setText: Text 'Description21' is set on object 'Object Repository/ADMIN/Categories/Category/textfield_category_description'

2019-06-20 09:47:15 - [MESSAGE][PASSED] - Text 'Description21' is set on object 'Object Repository/ADMIN/Categories/Category/textfield_category_description'

2019-06-20 09:47:15 - [TEST_STEP][PASSED] - click: Object: 'Object Repository/ADMIN/Categories/Category/button_Save' is clicked on

2019-06-20 09:47:15 - [MESSAGE][PASSED] - Object: 'Object Repository/ADMIN/Categories/Category/button_Save' is clicked on

2019-06-20 09:47:15 - [TEST_STEP][PASSED] - waitForElementVisible: Object 'Object Repository/ADMIN/Categories/Category/label_edit popup' is visible

2019-06-20 09:47:15 - [MESSAGE][WARNING] - Timeout '0' is invalid. Using default page load timeout: '30'

2019-06-20 09:47:16 - [MESSAGE][PASSED] - Object 'Object Repository/ADMIN/Categories/Category/label_edit popup' is visible

2019-06-20 09:47:16 - [TEST_STEP][PASSED] - waitForElementNotPresent: Web element with id: 'Object Repository/ADMIN/Categories/Category/label_edit popup' located by 'By.xpath: //div[(text() = 'Category was successfully saved.' or . = 'Category was successfully saved.')]' is not present after '30' second(s)

2019-06-20 09:47:16 - [MESSAGE][WARNING] - Timeout '0' is invalid. Using default page load timeout: '30'

2019-06-20 09:47:22 - [MESSAGE][PASSED] - Web element with id: 'Object Repository/ADMIN/Categories/Category/label_edit popup' located by 'By.xpath: //div[(text() = 'Category was successfully saved.' or . = 'Category was successfully saved.')]' is not present after '30' second(s)]]></system-out>
         <system-err><![CDATA[]]></system-err>
      </testcase>
      <testcase name="Test Cases/ADMIN/Content Mgmt/Categories/Category Add-Edit/Add Category" classname="Test Cases/ADMIN/Content Mgmt/Categories/Category Add-Edit/Add Category" status="PASSED">
         <system-out><![CDATA[2019-06-20 09:47:22 - [TEST_CASE][PASSED] - Test Cases/ADMIN/Content Mgmt/Categories/Category Add-Edit/Add Category: Test Cases/ADMIN/Content Mgmt/Categories/Category Add-Edit/Add Category

2019-06-20 09:47:22 - [TEST_STEP][PASSED] - waitForElementVisible: Object 'Object Repository/ADMIN/Categories/Category List/button_Content Mgmt' is visible

2019-06-20 09:47:22 - [MESSAGE][WARNING] - Timeout '0' is invalid. Using default page load timeout: '30'

2019-06-20 09:47:22 - [MESSAGE][PASSED] - Object 'Object Repository/ADMIN/Categories/Category List/button_Content Mgmt' is visible

2019-06-20 09:47:22 - [TEST_STEP][PASSED] - click: Object: 'Object Repository/ADMIN/Categories/Category List/button_Content Mgmt' is clicked on

2019-06-20 09:47:22 - [MESSAGE][PASSED] - Object: 'Object Repository/ADMIN/Categories/Category List/button_Content Mgmt' is clicked on

2019-06-20 09:47:22 - [TEST_STEP][PASSED] - waitForElementVisible: Object 'Object Repository/ADMIN/Categories/Category List/button_Categories' is visible

2019-06-20 09:47:22 - [MESSAGE][WARNING] - Timeout '0' is invalid. Using default page load timeout: '30'

2019-06-20 09:47:22 - [MESSAGE][PASSED] - Object 'Object Repository/ADMIN/Categories/Category List/button_Categories' is visible

2019-06-20 09:47:22 - [TEST_STEP][PASSED] - click: Object: 'Object Repository/ADMIN/Categories/Category List/button_Categories' is clicked on

2019-06-20 09:47:23 - [MESSAGE][PASSED] - Object: 'Object Repository/ADMIN/Categories/Category List/button_Categories' is clicked on

2019-06-20 09:47:23 - [TEST_STEP][PASSED] - click: Object: 'Object Repository/ADMIN/Categories/Category List/button_Add a Category' is clicked on

2019-06-20 09:47:23 - [MESSAGE][PASSED] - Object: 'Object Repository/ADMIN/Categories/Category List/button_Add a Category' is clicked on

2019-06-20 09:47:23 - [TEST_STEP][PASSED] - waitForElementPresent: Object 'Object Repository/ADMIN/Categories/Category/dropdown_Parent' is present

2019-06-20 09:47:23 - [MESSAGE][PASSED] - Object 'Object Repository/ADMIN/Categories/Category/dropdown_Parent' is present

2019-06-20 09:47:23 - [TEST_STEP][PASSED] - delay: Delayed 1 second(s)

2019-06-20 09:47:24 - [MESSAGE][PASSED] - Delayed 1 second(s)

2019-06-20 09:47:24 - [TEST_STEP][PASSED] - setText: Text 'Category 2.3' is set on object 'Object Repository/ADMIN/Categories/Category/textfield_Category Name'

2019-06-20 09:47:24 - [MESSAGE][PASSED] - Text 'Category 2.3' is set on object 'Object Repository/ADMIN/Categories/Category/textfield_Category Name'

2019-06-20 09:47:24 - [TEST_STEP][PASSED] - click: Object: 'Object Repository/ADMIN/Categories/Category/dropdown_Parent' is clicked on

2019-06-20 09:47:24 - [MESSAGE][PASSED] - Object: 'Object Repository/ADMIN/Categories/Category/dropdown_Parent' is clicked on

2019-06-20 09:47:24 - [TEST_STEP][PASSED] - delay: Delayed 2 second(s)

2019-06-20 09:47:26 - [MESSAGE][PASSED] - Delayed 2 second(s)

2019-06-20 09:47:26 - [TEST_STEP][PASSED] - click: Object: 'Object Repository/ADMIN/Categories/Category/dropdown_Parent' is clicked on

2019-06-20 09:47:26 - [MESSAGE][PASSED] - Object: 'Object Repository/ADMIN/Categories/Category/dropdown_Parent' is clicked on

2019-06-20 09:47:26 - [TEST_STEP][PASSED] - selectOptionByLabel: All options with label 'Category 2' are selected in object 'Object Repository/ADMIN/Categories/Category/dropdown_Parent' 

2019-06-20 09:47:26 - [MESSAGE][PASSED] - All options with label 'Category 2' are selected in object 'Object Repository/ADMIN/Categories/Category/dropdown_Parent' 

2019-06-20 09:47:26 - [TEST_STEP][PASSED] - click: Object: 'Object Repository/ADMIN/Categories/Category/button_Browse' is clicked on

2019-06-20 09:47:27 - [MESSAGE][PASSED] - Object: 'Object Repository/ADMIN/Categories/Category/button_Browse' is clicked on

2019-06-20 09:47:27 - [TEST_STEP][PASSED] - delay: Delayed 2 second(s)

2019-06-20 09:47:29 - [MESSAGE][PASSED] - Delayed 2 second(s)

2019-06-20 09:47:29 - [TEST_STEP][PASSED] - uploadFile: File 'C:\\Katalon\\Image\\pic9.jpg' sent to object: 'Object Repository/ADMIN/Categories/Category/image_input image'

2019-06-20 09:47:29 - [MESSAGE][PASSED] - File 'C:\\Katalon\\Image\\pic9.jpg' sent to object: 'Object Repository/ADMIN/Categories/Category/image_input image'

2019-06-20 09:47:29 - [TEST_STEP][PASSED] - waitForElementVisible: Object 'Object Repository/ADMIN/Categories/Category/button_upload check' is visible

2019-06-20 09:47:29 - [MESSAGE][WARNING] - Timeout '0' is invalid. Using default page load timeout: '30'

2019-06-20 09:47:29 - [MESSAGE][PASSED] - Object 'Object Repository/ADMIN/Categories/Category/button_upload check' is visible

2019-06-20 09:47:29 - [TEST_STEP][PASSED] - click: Object: 'Object Repository/ADMIN/Categories/Category/button_upload check' is clicked on

2019-06-20 09:47:29 - [MESSAGE][PASSED] - Object: 'Object Repository/ADMIN/Categories/Category/button_upload check' is clicked on

2019-06-20 09:47:29 - [TEST_STEP][PASSED] - waitForElementVisible: Object 'Object Repository/ADMIN/Categories/Category/button_upload save' is visible

2019-06-20 09:47:29 - [MESSAGE][WARNING] - Timeout '0' is invalid. Using default page load timeout: '30'

2019-06-20 09:47:29 - [MESSAGE][PASSED] - Object 'Object Repository/ADMIN/Categories/Category/button_upload save' is visible

2019-06-20 09:47:29 - [TEST_STEP][PASSED] - click: Object: 'Object Repository/ADMIN/Categories/Category/button_upload save' is clicked on

2019-06-20 09:47:29 - [MESSAGE][PASSED] - Object: 'Object Repository/ADMIN/Categories/Category/button_upload save' is clicked on

2019-06-20 09:47:29 - [TEST_STEP][PASSED] - setText: Text 'Description22' is set on object 'Object Repository/ADMIN/Categories/Category/textfield_category_description'

2019-06-20 09:47:29 - [MESSAGE][PASSED] - Text 'Description22' is set on object 'Object Repository/ADMIN/Categories/Category/textfield_category_description'

2019-06-20 09:47:29 - [TEST_STEP][PASSED] - click: Object: 'Object Repository/ADMIN/Categories/Category/button_Save' is clicked on

2019-06-20 09:47:29 - [MESSAGE][PASSED] - Object: 'Object Repository/ADMIN/Categories/Category/button_Save' is clicked on

2019-06-20 09:47:29 - [TEST_STEP][PASSED] - waitForElementVisible: Object 'Object Repository/ADMIN/Categories/Category/label_edit popup' is visible

2019-06-20 09:47:29 - [MESSAGE][WARNING] - Timeout '0' is invalid. Using default page load timeout: '30'

2019-06-20 09:47:30 - [MESSAGE][PASSED] - Object 'Object Repository/ADMIN/Categories/Category/label_edit popup' is visible

2019-06-20 09:47:30 - [TEST_STEP][PASSED] - waitForElementNotPresent: Web element with id: 'Object Repository/ADMIN/Categories/Category/label_edit popup' located by 'By.xpath: //div[(text() = 'Category was successfully saved.' or . = 'Category was successfully saved.')]' is not present after '30' second(s)

2019-06-20 09:47:30 - [MESSAGE][WARNING] - Timeout '0' is invalid. Using default page load timeout: '30'

2019-06-20 09:47:36 - [MESSAGE][PASSED] - Web element with id: 'Object Repository/ADMIN/Categories/Category/label_edit popup' located by 'By.xpath: //div[(text() = 'Category was successfully saved.' or . = 'Category was successfully saved.')]' is not present after '30' second(s)]]></system-out>
         <system-err><![CDATA[]]></system-err>
      </testcase>
      <testcase name="Test Cases/ADMIN/Content Mgmt/Categories/Category Add-Edit/Add Category" classname="Test Cases/ADMIN/Content Mgmt/Categories/Category Add-Edit/Add Category" status="PASSED">
         <system-out><![CDATA[2019-06-20 09:47:36 - [TEST_CASE][PASSED] - Test Cases/ADMIN/Content Mgmt/Categories/Category Add-Edit/Add Category: Test Cases/ADMIN/Content Mgmt/Categories/Category Add-Edit/Add Category

2019-06-20 09:47:36 - [TEST_STEP][PASSED] - waitForElementVisible: Object 'Object Repository/ADMIN/Categories/Category List/button_Content Mgmt' is visible

2019-06-20 09:47:36 - [MESSAGE][WARNING] - Timeout '0' is invalid. Using default page load timeout: '30'

2019-06-20 09:47:36 - [MESSAGE][PASSED] - Object 'Object Repository/ADMIN/Categories/Category List/button_Content Mgmt' is visible

2019-06-20 09:47:36 - [TEST_STEP][PASSED] - click: Object: 'Object Repository/ADMIN/Categories/Category List/button_Content Mgmt' is clicked on

2019-06-20 09:47:36 - [MESSAGE][PASSED] - Object: 'Object Repository/ADMIN/Categories/Category List/button_Content Mgmt' is clicked on

2019-06-20 09:47:36 - [TEST_STEP][PASSED] - waitForElementVisible: Object 'Object Repository/ADMIN/Categories/Category List/button_Categories' is visible

2019-06-20 09:47:36 - [MESSAGE][WARNING] - Timeout '0' is invalid. Using default page load timeout: '30'

2019-06-20 09:47:36 - [MESSAGE][PASSED] - Object 'Object Repository/ADMIN/Categories/Category List/button_Categories' is visible

2019-06-20 09:47:36 - [TEST_STEP][PASSED] - click: Object: 'Object Repository/ADMIN/Categories/Category List/button_Categories' is clicked on

2019-06-20 09:47:37 - [MESSAGE][PASSED] - Object: 'Object Repository/ADMIN/Categories/Category List/button_Categories' is clicked on

2019-06-20 09:47:37 - [TEST_STEP][PASSED] - click: Object: 'Object Repository/ADMIN/Categories/Category List/button_Add a Category' is clicked on

2019-06-20 09:47:37 - [MESSAGE][PASSED] - Object: 'Object Repository/ADMIN/Categories/Category List/button_Add a Category' is clicked on

2019-06-20 09:47:37 - [TEST_STEP][PASSED] - waitForElementPresent: Object 'Object Repository/ADMIN/Categories/Category/dropdown_Parent' is present

2019-06-20 09:47:37 - [MESSAGE][PASSED] - Object 'Object Repository/ADMIN/Categories/Category/dropdown_Parent' is present

2019-06-20 09:47:37 - [TEST_STEP][PASSED] - delay: Delayed 1 second(s)

2019-06-20 09:47:38 - [MESSAGE][PASSED] - Delayed 1 second(s)

2019-06-20 09:47:38 - [TEST_STEP][PASSED] - setText: Text 'Category 2.4' is set on object 'Object Repository/ADMIN/Categories/Category/textfield_Category Name'

2019-06-20 09:47:38 - [MESSAGE][PASSED] - Text 'Category 2.4' is set on object 'Object Repository/ADMIN/Categories/Category/textfield_Category Name'

2019-06-20 09:47:38 - [TEST_STEP][PASSED] - click: Object: 'Object Repository/ADMIN/Categories/Category/dropdown_Parent' is clicked on

2019-06-20 09:47:38 - [MESSAGE][PASSED] - Object: 'Object Repository/ADMIN/Categories/Category/dropdown_Parent' is clicked on

2019-06-20 09:47:38 - [TEST_STEP][PASSED] - delay: Delayed 2 second(s)

2019-06-20 09:47:40 - [MESSAGE][PASSED] - Delayed 2 second(s)

2019-06-20 09:47:40 - [TEST_STEP][PASSED] - click: Object: 'Object Repository/ADMIN/Categories/Category/dropdown_Parent' is clicked on

2019-06-20 09:47:40 - [MESSAGE][PASSED] - Object: 'Object Repository/ADMIN/Categories/Category/dropdown_Parent' is clicked on

2019-06-20 09:47:40 - [TEST_STEP][PASSED] - selectOptionByLabel: All options with label 'Category 2' are selected in object 'Object Repository/ADMIN/Categories/Category/dropdown_Parent' 

2019-06-20 09:47:40 - [MESSAGE][PASSED] - All options with label 'Category 2' are selected in object 'Object Repository/ADMIN/Categories/Category/dropdown_Parent' 

2019-06-20 09:47:40 - [TEST_STEP][PASSED] - click: Object: 'Object Repository/ADMIN/Categories/Category/button_Browse' is clicked on

2019-06-20 09:47:40 - [MESSAGE][PASSED] - Object: 'Object Repository/ADMIN/Categories/Category/button_Browse' is clicked on

2019-06-20 09:47:40 - [TEST_STEP][PASSED] - delay: Delayed 2 second(s)

2019-06-20 09:47:42 - [MESSAGE][PASSED] - Delayed 2 second(s)

2019-06-20 09:47:42 - [TEST_STEP][PASSED] - uploadFile: File 'C:\\Katalon\\Image\\pic10.jpg' sent to object: 'Object Repository/ADMIN/Categories/Category/image_input image'

2019-06-20 09:47:42 - [MESSAGE][PASSED] - File 'C:\\Katalon\\Image\\pic10.jpg' sent to object: 'Object Repository/ADMIN/Categories/Category/image_input image'

2019-06-20 09:47:42 - [TEST_STEP][PASSED] - waitForElementVisible: Object 'Object Repository/ADMIN/Categories/Category/button_upload check' is visible

2019-06-20 09:47:42 - [MESSAGE][WARNING] - Timeout '0' is invalid. Using default page load timeout: '30'

2019-06-20 09:47:42 - [MESSAGE][PASSED] - Object 'Object Repository/ADMIN/Categories/Category/button_upload check' is visible

2019-06-20 09:47:42 - [TEST_STEP][PASSED] - click: Object: 'Object Repository/ADMIN/Categories/Category/button_upload check' is clicked on

2019-06-20 09:47:43 - [MESSAGE][PASSED] - Object: 'Object Repository/ADMIN/Categories/Category/button_upload check' is clicked on

2019-06-20 09:47:43 - [TEST_STEP][PASSED] - waitForElementVisible: Object 'Object Repository/ADMIN/Categories/Category/button_upload save' is visible

2019-06-20 09:47:43 - [MESSAGE][WARNING] - Timeout '0' is invalid. Using default page load timeout: '30'

2019-06-20 09:47:43 - [MESSAGE][PASSED] - Object 'Object Repository/ADMIN/Categories/Category/button_upload save' is visible

2019-06-20 09:47:43 - [TEST_STEP][PASSED] - click: Object: 'Object Repository/ADMIN/Categories/Category/button_upload save' is clicked on

2019-06-20 09:47:43 - [MESSAGE][PASSED] - Object: 'Object Repository/ADMIN/Categories/Category/button_upload save' is clicked on

2019-06-20 09:47:43 - [TEST_STEP][PASSED] - setText: Text 'Description23' is set on object 'Object Repository/ADMIN/Categories/Category/textfield_category_description'

2019-06-20 09:47:43 - [MESSAGE][PASSED] - Text 'Description23' is set on object 'Object Repository/ADMIN/Categories/Category/textfield_category_description'

2019-06-20 09:47:43 - [TEST_STEP][PASSED] - click: Object: 'Object Repository/ADMIN/Categories/Category/button_Save' is clicked on

2019-06-20 09:47:43 - [MESSAGE][PASSED] - Object: 'Object Repository/ADMIN/Categories/Category/button_Save' is clicked on

2019-06-20 09:47:43 - [TEST_STEP][PASSED] - waitForElementVisible: Object 'Object Repository/ADMIN/Categories/Category/label_edit popup' is visible

2019-06-20 09:47:43 - [MESSAGE][WARNING] - Timeout '0' is invalid. Using default page load timeout: '30'

2019-06-20 09:47:43 - [MESSAGE][PASSED] - Object 'Object Repository/ADMIN/Categories/Category/label_edit popup' is visible

2019-06-20 09:47:43 - [TEST_STEP][PASSED] - waitForElementNotPresent: Web element with id: 'Object Repository/ADMIN/Categories/Category/label_edit popup' located by 'By.xpath: //div[(text() = 'Category was successfully saved.' or . = 'Category was successfully saved.')]' is not present after '30' second(s)

2019-06-20 09:47:43 - [MESSAGE][WARNING] - Timeout '0' is invalid. Using default page load timeout: '30'

2019-06-20 09:47:49 - [MESSAGE][PASSED] - Web element with id: 'Object Repository/ADMIN/Categories/Category/label_edit popup' located by 'By.xpath: //div[(text() = 'Category was successfully saved.' or . = 'Category was successfully saved.')]' is not present after '30' second(s)]]></system-out>
         <system-err><![CDATA[]]></system-err>
      </testcase>
      <testcase name="Test Cases/ADMIN/Content Mgmt/Categories/Category Add-Edit/Add Category" classname="Test Cases/ADMIN/Content Mgmt/Categories/Category Add-Edit/Add Category" status="FAILED">
         <failure type="FAILED" message="Unable to click on object 'Object Repository/ADMIN/Categories/Category List/button_Categories' (Root cause: org.openqa.selenium.WebDriverException: unknown error: Element &lt;a href=&quot;/admin/categorymanager/index&quot;>...&lt;/a> is not clickable at point (129, 360). Other element would receive the click: &lt;a href=&quot;#&quot;>...&lt;/a>
  (Session info: chrome=74.0.3729.169)
  (Driver info: chromedriver=2.35.528161 (5b82f2d2aae0ca24b877009200ced9065a772e73),platform=Windows NT 6.1.7601 SP1 x86_64) (WARNING: The server did not provide any stacktrace information)
Command duration or timeout: 0 milliseconds
Build info: version: '3.7.1', revision: '8a0099a', time: '2017-11-06T21:07:36.161Z'
System info: host: 'ARCADIER-PC', ip: '10.10.31.95', os.name: 'Windows 7', os.arch: 'amd64', os.version: '6.1', java.version: '1.8.0_102'
Driver info: com.kms.katalon.selenium.driver.CChromeDriver
Capabilities {acceptInsecureCerts: false, acceptSslCerts: false, applicationCacheEnabled: false, browserConnectionEnabled: false, browserName: chrome, chrome: {chromedriverVersion: 2.35.528161 (5b82f2d2aae0ca..., userDataDir: C:\Users\Arcadier\AppData\L...}, cssSelectorsEnabled: true, databaseEnabled: false, handlesAlerts: true, hasTouchScreen: false, javascriptEnabled: true, locationContextEnabled: true, mobileEmulationEnabled: false, nativeEvents: true, networkConnectionEnabled: false, pageLoadStrategy: normal, platform: XP, platformName: XP, rotatable: false, setWindowRect: true, takesHeapSnapshot: true, takesScreenshot: true, unexpectedAlertBehaviour: , unhandledPromptBehavior: , version: 74.0.3729.169, webStorageEnabled: true}
Session ID: f019e47fe2549476de78b294d2b410cf)"/>
         <system-out><![CDATA[2019-06-20 09:47:49 - [TEST_CASE][FAILED] - Test Cases/ADMIN/Content Mgmt/Categories/Category Add-Edit/Add Category: Test Cases/ADMIN/Content Mgmt/Categories/Category Add-Edit/Add Category FAILED because (of) Unable to click on object 'Object Repository/ADMIN/Categories/Category List/button_Categories' (Root cause: org.openqa.selenium.WebDriverException: unknown error: Element <a href="/admin/categorymanager/index">...</a> is not clickable at point (129, 360). Other element would receive the click: <a href="#">...</a>
  (Session info: chrome=74.0.3729.169)
  (Driver info: chromedriver=2.35.528161 (5b82f2d2aae0ca24b877009200ced9065a772e73),platform=Windows NT 6.1.7601 SP1 x86_64) (WARNING: The server did not provide any stacktrace information)
Command duration or timeout: 0 milliseconds
Build info: version: '3.7.1', revision: '8a0099a', time: '2017-11-06T21:07:36.161Z'
System info: host: 'ARCADIER-PC', ip: '10.10.31.95', os.name: 'Windows 7', os.arch: 'amd64', os.version: '6.1', java.version: '1.8.0_102'
Driver info: com.kms.katalon.selenium.driver.CChromeDriver
Capabilities {acceptInsecureCerts: false, acceptSslCerts: false, applicationCacheEnabled: false, browserConnectionEnabled: false, browserName: chrome, chrome: {chromedriverVersion: 2.35.528161 (5b82f2d2aae0ca..., userDataDir: C:\Users\Arcadier\AppData\L...}, cssSelectorsEnabled: true, databaseEnabled: false, handlesAlerts: true, hasTouchScreen: false, javascriptEnabled: true, locationContextEnabled: true, mobileEmulationEnabled: false, nativeEvents: true, networkConnectionEnabled: false, pageLoadStrategy: normal, platform: XP, platformName: XP, rotatable: false, setWindowRect: true, takesHeapSnapshot: true, takesScreenshot: true, unexpectedAlertBehaviour: , unhandledPromptBehavior: , version: 74.0.3729.169, webStorageEnabled: true}
Session ID: f019e47fe2549476de78b294d2b410cf)

2019-06-20 09:47:49 - [TEST_STEP][PASSED] - waitForElementVisible: Object 'Object Repository/ADMIN/Categories/Category List/button_Content Mgmt' is visible

2019-06-20 09:47:49 - [MESSAGE][WARNING] - Timeout '0' is invalid. Using default page load timeout: '30'

2019-06-20 09:47:49 - [MESSAGE][PASSED] - Object 'Object Repository/ADMIN/Categories/Category List/button_Content Mgmt' is visible

2019-06-20 09:47:49 - [TEST_STEP][PASSED] - click: Object: 'Object Repository/ADMIN/Categories/Category List/button_Content Mgmt' is clicked on

2019-06-20 09:47:49 - [MESSAGE][PASSED] - Object: 'Object Repository/ADMIN/Categories/Category List/button_Content Mgmt' is clicked on

2019-06-20 09:47:49 - [TEST_STEP][PASSED] - waitForElementVisible: Object 'Object Repository/ADMIN/Categories/Category List/button_Categories' is visible

2019-06-20 09:47:49 - [MESSAGE][WARNING] - Timeout '0' is invalid. Using default page load timeout: '30'

2019-06-20 09:47:49 - [MESSAGE][PASSED] - Object 'Object Repository/ADMIN/Categories/Category List/button_Categories' is visible

2019-06-20 09:47:49 - [TEST_STEP][FAILED] - click: Unable to click on object 'Object Repository/ADMIN/Categories/Category List/button_Categories' (Root cause: org.openqa.selenium.WebDriverException: unknown error: Element <a href="/admin/categorymanager/index">...</a> is not clickable at point (129, 360). Other element would receive the click: <a href="#">...</a>
  (Session info: chrome=74.0.3729.169)
  (Driver info: chromedriver=2.35.528161 (5b82f2d2aae0ca24b877009200ced9065a772e73),platform=Windows NT 6.1.7601 SP1 x86_64) (WARNING: The server did not provide any stacktrace information)
Command duration or timeout: 0 milliseconds
Build info: version: '3.7.1', revision: '8a0099a', time: '2017-11-06T21:07:36.161Z'
System info: host: 'ARCADIER-PC', ip: '10.10.31.95', os.name: 'Windows 7', os.arch: 'amd64', os.version: '6.1', java.version: '1.8.0_102'
Driver info: com.kms.katalon.selenium.driver.CChromeDriver
Capabilities {acceptInsecureCerts: false, acceptSslCerts: false, applicationCacheEnabled: false, browserConnectionEnabled: false, browserName: chrome, chrome: {chromedriverVersion: 2.35.528161 (5b82f2d2aae0ca..., userDataDir: C:\Users\Arcadier\AppData\L...}, cssSelectorsEnabled: true, databaseEnabled: false, handlesAlerts: true, hasTouchScreen: false, javascriptEnabled: true, locationContextEnabled: true, mobileEmulationEnabled: false, nativeEvents: true, networkConnectionEnabled: false, pageLoadStrategy: normal, platform: XP, platformName: XP, rotatable: false, setWindowRect: true, takesHeapSnapshot: true, takesScreenshot: true, unexpectedAlertBehaviour: , unhandledPromptBehavior: , version: 74.0.3729.169, webStorageEnabled: true}
Session ID: f019e47fe2549476de78b294d2b410cf)

2019-06-20 09:47:50 - [MESSAGE][FAILED] - Unable to click on object 'Object Repository/ADMIN/Categories/Category List/button_Categories' (Root cause: org.openqa.selenium.WebDriverException: unknown error: Element <a href="/admin/categorymanager/index">...</a> is not clickable at point (129, 360). Other element would receive the click: <a href="#">...</a>
  (Session info: chrome=74.0.3729.169)
  (Driver info: chromedriver=2.35.528161 (5b82f2d2aae0ca24b877009200ced9065a772e73),platform=Windows NT 6.1.7601 SP1 x86_64) (WARNING: The server did not provide any stacktrace information)
Command duration or timeout: 0 milliseconds
Build info: version: '3.7.1', revision: '8a0099a', time: '2017-11-06T21:07:36.161Z'
System info: host: 'ARCADIER-PC', ip: '10.10.31.95', os.name: 'Windows 7', os.arch: 'amd64', os.version: '6.1', java.version: '1.8.0_102'
Driver info: com.kms.katalon.selenium.driver.CChromeDriver
Capabilities {acceptInsecureCerts: false, acceptSslCerts: false, applicationCacheEnabled: false, browserConnectionEnabled: false, browserName: chrome, chrome: {chromedriverVersion: 2.35.528161 (5b82f2d2aae0ca..., userDataDir: C:\Users\Arcadier\AppData\L...}, cssSelectorsEnabled: true, databaseEnabled: false, handlesAlerts: true, hasTouchScreen: false, javascriptEnabled: true, locationContextEnabled: true, mobileEmulationEnabled: false, nativeEvents: true, networkConnectionEnabled: false, pageLoadStrategy: normal, platform: XP, platformName: XP, rotatable: false, setWindowRect: true, takesHeapSnapshot: true, takesScreenshot: true, unexpectedAlertBehaviour: , unhandledPromptBehavior: , version: 74.0.3729.169, webStorageEnabled: true}
Session ID: f019e47fe2549476de78b294d2b410cf)
[[ATTACHMENT|C:\\Users\\Arcadier\\git\\Trillia\\Reports\\Admin\\Add Category\\20190620_094224\\1560995270061.png]]

2019-06-20 09:47:50 - [TEST_STEP][PASSED] - click: Object: 'Object Repository/ADMIN/Categories/Category List/button_Add a Category' is clicked on

2019-06-20 09:47:50 - [MESSAGE][PASSED] - Object: 'Object Repository/ADMIN/Categories/Category List/button_Add a Category' is clicked on

2019-06-20 09:47:50 - [TEST_STEP][PASSED] - waitForElementPresent: Object 'Object Repository/ADMIN/Categories/Category/dropdown_Parent' is present

2019-06-20 09:47:50 - [MESSAGE][PASSED] - Object 'Object Repository/ADMIN/Categories/Category/dropdown_Parent' is present

2019-06-20 09:47:50 - [TEST_STEP][PASSED] - delay: Delayed 1 second(s)

2019-06-20 09:47:51 - [MESSAGE][PASSED] - Delayed 1 second(s)

2019-06-20 09:47:51 - [TEST_STEP][PASSED] - setText: Text 'Category 2.4.1' is set on object 'Object Repository/ADMIN/Categories/Category/textfield_Category Name'

2019-06-20 09:47:52 - [MESSAGE][PASSED] - Text 'Category 2.4.1' is set on object 'Object Repository/ADMIN/Categories/Category/textfield_Category Name'

2019-06-20 09:47:52 - [TEST_STEP][PASSED] - click: Object: 'Object Repository/ADMIN/Categories/Category/dropdown_Parent' is clicked on

2019-06-20 09:47:52 - [MESSAGE][PASSED] - Object: 'Object Repository/ADMIN/Categories/Category/dropdown_Parent' is clicked on

2019-06-20 09:47:52 - [TEST_STEP][PASSED] - delay: Delayed 2 second(s)

2019-06-20 09:47:54 - [MESSAGE][PASSED] - Delayed 2 second(s)

2019-06-20 09:47:54 - [TEST_STEP][PASSED] - click: Object: 'Object Repository/ADMIN/Categories/Category/dropdown_Parent' is clicked on

2019-06-20 09:47:54 - [MESSAGE][PASSED] - Object: 'Object Repository/ADMIN/Categories/Category/dropdown_Parent' is clicked on

2019-06-20 09:47:54 - [TEST_STEP][PASSED] - selectOptionByLabel: All options with label 'Category 2.4' are selected in object 'Object Repository/ADMIN/Categories/Category/dropdown_Parent' 

2019-06-20 09:47:54 - [MESSAGE][PASSED] - All options with label 'Category 2.4' are selected in object 'Object Repository/ADMIN/Categories/Category/dropdown_Parent' 

2019-06-20 09:47:54 - [TEST_STEP][PASSED] - click: Object: 'Object Repository/ADMIN/Categories/Category/button_Browse' is clicked on

2019-06-20 09:47:54 - [MESSAGE][PASSED] - Object: 'Object Repository/ADMIN/Categories/Category/button_Browse' is clicked on

2019-06-20 09:47:54 - [TEST_STEP][PASSED] - delay: Delayed 2 second(s)

2019-06-20 09:47:56 - [MESSAGE][PASSED] - Delayed 2 second(s)

2019-06-20 09:47:56 - [TEST_STEP][PASSED] - uploadFile: File 'C:\\Katalon\\Image\\pic11.jpg' sent to object: 'Object Repository/ADMIN/Categories/Category/image_input image'

2019-06-20 09:47:56 - [MESSAGE][PASSED] - File 'C:\\Katalon\\Image\\pic11.jpg' sent to object: 'Object Repository/ADMIN/Categories/Category/image_input image'

2019-06-20 09:47:56 - [TEST_STEP][PASSED] - waitForElementVisible: Object 'Object Repository/ADMIN/Categories/Category/button_upload check' is visible

2019-06-20 09:47:56 - [MESSAGE][WARNING] - Timeout '0' is invalid. Using default page load timeout: '30'

2019-06-20 09:47:56 - [MESSAGE][PASSED] - Object 'Object Repository/ADMIN/Categories/Category/button_upload check' is visible

2019-06-20 09:47:56 - [TEST_STEP][PASSED] - click: Object: 'Object Repository/ADMIN/Categories/Category/button_upload check' is clicked on

2019-06-20 09:47:56 - [MESSAGE][PASSED] - Object: 'Object Repository/ADMIN/Categories/Category/button_upload check' is clicked on

2019-06-20 09:47:56 - [TEST_STEP][PASSED] - waitForElementVisible: Object 'Object Repository/ADMIN/Categories/Category/button_upload save' is visible

2019-06-20 09:47:56 - [MESSAGE][WARNING] - Timeout '0' is invalid. Using default page load timeout: '30'

2019-06-20 09:47:56 - [MESSAGE][PASSED] - Object 'Object Repository/ADMIN/Categories/Category/button_upload save' is visible

2019-06-20 09:47:56 - [TEST_STEP][PASSED] - click: Object: 'Object Repository/ADMIN/Categories/Category/button_upload save' is clicked on

2019-06-20 09:47:56 - [MESSAGE][PASSED] - Object: 'Object Repository/ADMIN/Categories/Category/button_upload save' is clicked on

2019-06-20 09:47:56 - [TEST_STEP][PASSED] - setText: Text 'Description24' is set on object 'Object Repository/ADMIN/Categories/Category/textfield_category_description'

2019-06-20 09:47:56 - [MESSAGE][PASSED] - Text 'Description24' is set on object 'Object Repository/ADMIN/Categories/Category/textfield_category_description'

2019-06-20 09:47:56 - [TEST_STEP][PASSED] - click: Object: 'Object Repository/ADMIN/Categories/Category/button_Save' is clicked on

2019-06-20 09:47:56 - [MESSAGE][PASSED] - Object: 'Object Repository/ADMIN/Categories/Category/button_Save' is clicked on

2019-06-20 09:47:56 - [TEST_STEP][PASSED] - waitForElementVisible: Object 'Object Repository/ADMIN/Categories/Category/label_edit popup' is visible

2019-06-20 09:47:56 - [MESSAGE][WARNING] - Timeout '0' is invalid. Using default page load timeout: '30'

2019-06-20 09:47:58 - [MESSAGE][PASSED] - Object 'Object Repository/ADMIN/Categories/Category/label_edit popup' is visible

2019-06-20 09:47:58 - [TEST_STEP][PASSED] - waitForElementNotPresent: Web element with id: 'Object Repository/ADMIN/Categories/Category/label_edit popup' located by 'By.xpath: //div[(text() = 'Category was successfully saved.' or . = 'Category was successfully saved.')]' is not present after '30' second(s)

2019-06-20 09:47:58 - [MESSAGE][WARNING] - Timeout '0' is invalid. Using default page load timeout: '30'

2019-06-20 09:48:03 - [MESSAGE][PASSED] - Web element with id: 'Object Repository/ADMIN/Categories/Category/label_edit popup' located by 'By.xpath: //div[(text() = 'Category was successfully saved.' or . = 'Category was successfully saved.')]' is not present after '30' second(s)]]></system-out>
         <system-err><![CDATA[2019-06-20 09:47:49 - [TEST_CASE][FAILED] - Test Cases/ADMIN/Content Mgmt/Categories/Category Add-Edit/Add Category: Test Cases/ADMIN/Content Mgmt/Categories/Category Add-Edit/Add Category FAILED because (of) Unable to click on object 'Object Repository/ADMIN/Categories/Category List/button_Categories' (Root cause: org.openqa.selenium.WebDriverException: unknown error: Element <a href="/admin/categorymanager/index">...</a> is not clickable at point (129, 360). Other element would receive the click: <a href="#">...</a>
  (Session info: chrome=74.0.3729.169)
  (Driver info: chromedriver=2.35.528161 (5b82f2d2aae0ca24b877009200ced9065a772e73),platform=Windows NT 6.1.7601 SP1 x86_64) (WARNING: The server did not provide any stacktrace information)
Command duration or timeout: 0 milliseconds
Build info: version: '3.7.1', revision: '8a0099a', time: '2017-11-06T21:07:36.161Z'
System info: host: 'ARCADIER-PC', ip: '10.10.31.95', os.name: 'Windows 7', os.arch: 'amd64', os.version: '6.1', java.version: '1.8.0_102'
Driver info: com.kms.katalon.selenium.driver.CChromeDriver
Capabilities {acceptInsecureCerts: false, acceptSslCerts: false, applicationCacheEnabled: false, browserConnectionEnabled: false, browserName: chrome, chrome: {chromedriverVersion: 2.35.528161 (5b82f2d2aae0ca..., userDataDir: C:\Users\Arcadier\AppData\L...}, cssSelectorsEnabled: true, databaseEnabled: false, handlesAlerts: true, hasTouchScreen: false, javascriptEnabled: true, locationContextEnabled: true, mobileEmulationEnabled: false, nativeEvents: true, networkConnectionEnabled: false, pageLoadStrategy: normal, platform: XP, platformName: XP, rotatable: false, setWindowRect: true, takesHeapSnapshot: true, takesScreenshot: true, unexpectedAlertBehaviour: , unhandledPromptBehavior: , version: 74.0.3729.169, webStorageEnabled: true}
Session ID: f019e47fe2549476de78b294d2b410cf)]]></system-err>
      </testcase>
      <testcase name="Test Cases/ADMIN/Content Mgmt/Categories/Category Add-Edit/Add Category" classname="Test Cases/ADMIN/Content Mgmt/Categories/Category Add-Edit/Add Category" status="PASSED">
         <system-out><![CDATA[2019-06-20 09:48:03 - [TEST_CASE][PASSED] - Test Cases/ADMIN/Content Mgmt/Categories/Category Add-Edit/Add Category: Test Cases/ADMIN/Content Mgmt/Categories/Category Add-Edit/Add Category

2019-06-20 09:48:03 - [TEST_STEP][PASSED] - waitForElementVisible: Object 'Object Repository/ADMIN/Categories/Category List/button_Content Mgmt' is visible

2019-06-20 09:48:03 - [MESSAGE][WARNING] - Timeout '0' is invalid. Using default page load timeout: '30'

2019-06-20 09:48:03 - [MESSAGE][PASSED] - Object 'Object Repository/ADMIN/Categories/Category List/button_Content Mgmt' is visible

2019-06-20 09:48:03 - [TEST_STEP][PASSED] - click: Object: 'Object Repository/ADMIN/Categories/Category List/button_Content Mgmt' is clicked on

2019-06-20 09:48:03 - [MESSAGE][PASSED] - Object: 'Object Repository/ADMIN/Categories/Category List/button_Content Mgmt' is clicked on

2019-06-20 09:48:03 - [TEST_STEP][PASSED] - waitForElementVisible: Object 'Object Repository/ADMIN/Categories/Category List/button_Categories' is visible

2019-06-20 09:48:03 - [MESSAGE][WARNING] - Timeout '0' is invalid. Using default page load timeout: '30'

2019-06-20 09:48:05 - [MESSAGE][PASSED] - Object 'Object Repository/ADMIN/Categories/Category List/button_Categories' is visible

2019-06-20 09:48:05 - [TEST_STEP][PASSED] - click: Object: 'Object Repository/ADMIN/Categories/Category List/button_Categories' is clicked on

2019-06-20 09:48:06 - [MESSAGE][PASSED] - Object: 'Object Repository/ADMIN/Categories/Category List/button_Categories' is clicked on

2019-06-20 09:48:06 - [TEST_STEP][PASSED] - click: Object: 'Object Repository/ADMIN/Categories/Category List/button_Add a Category' is clicked on

2019-06-20 09:48:06 - [MESSAGE][PASSED] - Object: 'Object Repository/ADMIN/Categories/Category List/button_Add a Category' is clicked on

2019-06-20 09:48:06 - [TEST_STEP][PASSED] - waitForElementPresent: Object 'Object Repository/ADMIN/Categories/Category/dropdown_Parent' is present

2019-06-20 09:48:06 - [MESSAGE][PASSED] - Object 'Object Repository/ADMIN/Categories/Category/dropdown_Parent' is present

2019-06-20 09:48:06 - [TEST_STEP][PASSED] - delay: Delayed 1 second(s)

2019-06-20 09:48:07 - [MESSAGE][PASSED] - Delayed 1 second(s)

2019-06-20 09:48:07 - [TEST_STEP][PASSED] - setText: Text 'Category 2.4.2' is set on object 'Object Repository/ADMIN/Categories/Category/textfield_Category Name'

2019-06-20 09:48:07 - [MESSAGE][PASSED] - Text 'Category 2.4.2' is set on object 'Object Repository/ADMIN/Categories/Category/textfield_Category Name'

2019-06-20 09:48:07 - [TEST_STEP][PASSED] - click: Object: 'Object Repository/ADMIN/Categories/Category/dropdown_Parent' is clicked on

2019-06-20 09:48:07 - [MESSAGE][PASSED] - Object: 'Object Repository/ADMIN/Categories/Category/dropdown_Parent' is clicked on

2019-06-20 09:48:07 - [TEST_STEP][PASSED] - delay: Delayed 2 second(s)

2019-06-20 09:48:09 - [MESSAGE][PASSED] - Delayed 2 second(s)

2019-06-20 09:48:09 - [TEST_STEP][PASSED] - click: Object: 'Object Repository/ADMIN/Categories/Category/dropdown_Parent' is clicked on

2019-06-20 09:48:09 - [MESSAGE][PASSED] - Object: 'Object Repository/ADMIN/Categories/Category/dropdown_Parent' is clicked on

2019-06-20 09:48:09 - [TEST_STEP][PASSED] - selectOptionByLabel: All options with label 'Category 2.4' are selected in object 'Object Repository/ADMIN/Categories/Category/dropdown_Parent' 

2019-06-20 09:48:09 - [MESSAGE][PASSED] - All options with label 'Category 2.4' are selected in object 'Object Repository/ADMIN/Categories/Category/dropdown_Parent' 

2019-06-20 09:48:09 - [TEST_STEP][PASSED] - click: Object: 'Object Repository/ADMIN/Categories/Category/button_Browse' is clicked on

2019-06-20 09:48:09 - [MESSAGE][PASSED] - Object: 'Object Repository/ADMIN/Categories/Category/button_Browse' is clicked on

2019-06-20 09:48:09 - [TEST_STEP][PASSED] - delay: Delayed 2 second(s)

2019-06-20 09:48:11 - [MESSAGE][PASSED] - Delayed 2 second(s)

2019-06-20 09:48:11 - [TEST_STEP][PASSED] - uploadFile: File 'C:\\Katalon\\Image\\pic12.jpg' sent to object: 'Object Repository/ADMIN/Categories/Category/image_input image'

2019-06-20 09:48:11 - [MESSAGE][PASSED] - File 'C:\\Katalon\\Image\\pic12.jpg' sent to object: 'Object Repository/ADMIN/Categories/Category/image_input image'

2019-06-20 09:48:11 - [TEST_STEP][PASSED] - waitForElementVisible: Object 'Object Repository/ADMIN/Categories/Category/button_upload check' is visible

2019-06-20 09:48:12 - [MESSAGE][WARNING] - Timeout '0' is invalid. Using default page load timeout: '30'

2019-06-20 09:48:12 - [MESSAGE][PASSED] - Object 'Object Repository/ADMIN/Categories/Category/button_upload check' is visible

2019-06-20 09:48:12 - [TEST_STEP][PASSED] - click: Object: 'Object Repository/ADMIN/Categories/Category/button_upload check' is clicked on

2019-06-20 09:48:12 - [MESSAGE][PASSED] - Object: 'Object Repository/ADMIN/Categories/Category/button_upload check' is clicked on

2019-06-20 09:48:12 - [TEST_STEP][PASSED] - waitForElementVisible: Object 'Object Repository/ADMIN/Categories/Category/button_upload save' is visible

2019-06-20 09:48:12 - [MESSAGE][WARNING] - Timeout '0' is invalid. Using default page load timeout: '30'

2019-06-20 09:48:12 - [MESSAGE][PASSED] - Object 'Object Repository/ADMIN/Categories/Category/button_upload save' is visible

2019-06-20 09:48:12 - [TEST_STEP][PASSED] - click: Object: 'Object Repository/ADMIN/Categories/Category/button_upload save' is clicked on

2019-06-20 09:48:12 - [MESSAGE][PASSED] - Object: 'Object Repository/ADMIN/Categories/Category/button_upload save' is clicked on

2019-06-20 09:48:12 - [TEST_STEP][PASSED] - setText: Text 'Description25' is set on object 'Object Repository/ADMIN/Categories/Category/textfield_category_description'

2019-06-20 09:48:12 - [MESSAGE][PASSED] - Text 'Description25' is set on object 'Object Repository/ADMIN/Categories/Category/textfield_category_description'

2019-06-20 09:48:12 - [TEST_STEP][PASSED] - click: Object: 'Object Repository/ADMIN/Categories/Category/button_Save' is clicked on

2019-06-20 09:48:12 - [MESSAGE][PASSED] - Object: 'Object Repository/ADMIN/Categories/Category/button_Save' is clicked on

2019-06-20 09:48:12 - [TEST_STEP][PASSED] - waitForElementVisible: Object 'Object Repository/ADMIN/Categories/Category/label_edit popup' is visible

2019-06-20 09:48:12 - [MESSAGE][WARNING] - Timeout '0' is invalid. Using default page load timeout: '30'

2019-06-20 09:48:12 - [MESSAGE][PASSED] - Object 'Object Repository/ADMIN/Categories/Category/label_edit popup' is visible

2019-06-20 09:48:12 - [TEST_STEP][PASSED] - waitForElementNotPresent: Web element with id: 'Object Repository/ADMIN/Categories/Category/label_edit popup' located by 'By.xpath: //div[(text() = 'Category was successfully saved.' or . = 'Category was successfully saved.')]' is not present after '30' second(s)

2019-06-20 09:48:12 - [MESSAGE][WARNING] - Timeout '0' is invalid. Using default page load timeout: '30'

2019-06-20 09:48:18 - [MESSAGE][PASSED] - Web element with id: 'Object Repository/ADMIN/Categories/Category/label_edit popup' located by 'By.xpath: //div[(text() = 'Category was successfully saved.' or . = 'Category was successfully saved.')]' is not present after '30' second(s)]]></system-out>
         <system-err><![CDATA[]]></system-err>
      </testcase>
      <testcase name="Test Cases/ADMIN/Content Mgmt/Categories/Category Add-Edit/Add Category" classname="Test Cases/ADMIN/Content Mgmt/Categories/Category Add-Edit/Add Category" status="PASSED">
         <system-out><![CDATA[2019-06-20 09:48:18 - [TEST_CASE][PASSED] - Test Cases/ADMIN/Content Mgmt/Categories/Category Add-Edit/Add Category: Test Cases/ADMIN/Content Mgmt/Categories/Category Add-Edit/Add Category

2019-06-20 09:48:18 - [TEST_STEP][PASSED] - waitForElementVisible: Object 'Object Repository/ADMIN/Categories/Category List/button_Content Mgmt' is visible

2019-06-20 09:48:18 - [MESSAGE][WARNING] - Timeout '0' is invalid. Using default page load timeout: '30'

2019-06-20 09:48:18 - [MESSAGE][PASSED] - Object 'Object Repository/ADMIN/Categories/Category List/button_Content Mgmt' is visible

2019-06-20 09:48:18 - [TEST_STEP][PASSED] - click: Object: 'Object Repository/ADMIN/Categories/Category List/button_Content Mgmt' is clicked on

2019-06-20 09:48:19 - [MESSAGE][PASSED] - Object: 'Object Repository/ADMIN/Categories/Category List/button_Content Mgmt' is clicked on

2019-06-20 09:48:19 - [TEST_STEP][PASSED] - waitForElementVisible: Object 'Object Repository/ADMIN/Categories/Category List/button_Categories' is visible

2019-06-20 09:48:19 - [MESSAGE][WARNING] - Timeout '0' is invalid. Using default page load timeout: '30'

2019-06-20 09:48:19 - [MESSAGE][PASSED] - Object 'Object Repository/ADMIN/Categories/Category List/button_Categories' is visible

2019-06-20 09:48:19 - [TEST_STEP][PASSED] - click: Object: 'Object Repository/ADMIN/Categories/Category List/button_Categories' is clicked on

2019-06-20 09:48:20 - [MESSAGE][PASSED] - Object: 'Object Repository/ADMIN/Categories/Category List/button_Categories' is clicked on

2019-06-20 09:48:20 - [TEST_STEP][PASSED] - click: Object: 'Object Repository/ADMIN/Categories/Category List/button_Add a Category' is clicked on

2019-06-20 09:48:20 - [MESSAGE][PASSED] - Object: 'Object Repository/ADMIN/Categories/Category List/button_Add a Category' is clicked on

2019-06-20 09:48:20 - [TEST_STEP][PASSED] - waitForElementPresent: Object 'Object Repository/ADMIN/Categories/Category/dropdown_Parent' is present

2019-06-20 09:48:20 - [MESSAGE][PASSED] - Object 'Object Repository/ADMIN/Categories/Category/dropdown_Parent' is present

2019-06-20 09:48:20 - [TEST_STEP][PASSED] - delay: Delayed 1 second(s)

2019-06-20 09:48:21 - [MESSAGE][PASSED] - Delayed 1 second(s)

2019-06-20 09:48:21 - [TEST_STEP][PASSED] - setText: Text 'Category 2.4.3' is set on object 'Object Repository/ADMIN/Categories/Category/textfield_Category Name'

2019-06-20 09:48:21 - [MESSAGE][PASSED] - Text 'Category 2.4.3' is set on object 'Object Repository/ADMIN/Categories/Category/textfield_Category Name'

2019-06-20 09:48:21 - [TEST_STEP][PASSED] - click: Object: 'Object Repository/ADMIN/Categories/Category/dropdown_Parent' is clicked on

2019-06-20 09:48:21 - [MESSAGE][PASSED] - Object: 'Object Repository/ADMIN/Categories/Category/dropdown_Parent' is clicked on

2019-06-20 09:48:21 - [TEST_STEP][PASSED] - delay: Delayed 2 second(s)

2019-06-20 09:48:23 - [MESSAGE][PASSED] - Delayed 2 second(s)

2019-06-20 09:48:23 - [TEST_STEP][PASSED] - click: Object: 'Object Repository/ADMIN/Categories/Category/dropdown_Parent' is clicked on

2019-06-20 09:48:23 - [MESSAGE][PASSED] - Object: 'Object Repository/ADMIN/Categories/Category/dropdown_Parent' is clicked on

2019-06-20 09:48:23 - [TEST_STEP][PASSED] - selectOptionByLabel: All options with label 'Category 2.4' are selected in object 'Object Repository/ADMIN/Categories/Category/dropdown_Parent' 

2019-06-20 09:48:23 - [MESSAGE][PASSED] - All options with label 'Category 2.4' are selected in object 'Object Repository/ADMIN/Categories/Category/dropdown_Parent' 

2019-06-20 09:48:23 - [TEST_STEP][PASSED] - click: Object: 'Object Repository/ADMIN/Categories/Category/button_Browse' is clicked on

2019-06-20 09:48:23 - [MESSAGE][PASSED] - Object: 'Object Repository/ADMIN/Categories/Category/button_Browse' is clicked on

2019-06-20 09:48:23 - [TEST_STEP][PASSED] - delay: Delayed 2 second(s)

2019-06-20 09:48:25 - [MESSAGE][PASSED] - Delayed 2 second(s)

2019-06-20 09:48:25 - [TEST_STEP][PASSED] - uploadFile: File 'C:\\Katalon\\Image\\pic1.jpg' sent to object: 'Object Repository/ADMIN/Categories/Category/image_input image'

2019-06-20 09:48:25 - [MESSAGE][PASSED] - File 'C:\\Katalon\\Image\\pic1.jpg' sent to object: 'Object Repository/ADMIN/Categories/Category/image_input image'

2019-06-20 09:48:25 - [TEST_STEP][PASSED] - waitForElementVisible: Object 'Object Repository/ADMIN/Categories/Category/button_upload check' is visible

2019-06-20 09:48:25 - [MESSAGE][WARNING] - Timeout '0' is invalid. Using default page load timeout: '30'

2019-06-20 09:48:25 - [MESSAGE][PASSED] - Object 'Object Repository/ADMIN/Categories/Category/button_upload check' is visible

2019-06-20 09:48:25 - [TEST_STEP][PASSED] - click: Object: 'Object Repository/ADMIN/Categories/Category/button_upload check' is clicked on

2019-06-20 09:48:25 - [MESSAGE][PASSED] - Object: 'Object Repository/ADMIN/Categories/Category/button_upload check' is clicked on

2019-06-20 09:48:25 - [TEST_STEP][PASSED] - waitForElementVisible: Object 'Object Repository/ADMIN/Categories/Category/button_upload save' is visible

2019-06-20 09:48:25 - [MESSAGE][WARNING] - Timeout '0' is invalid. Using default page load timeout: '30'

2019-06-20 09:48:26 - [MESSAGE][PASSED] - Object 'Object Repository/ADMIN/Categories/Category/button_upload save' is visible

2019-06-20 09:48:26 - [TEST_STEP][PASSED] - click: Object: 'Object Repository/ADMIN/Categories/Category/button_upload save' is clicked on

2019-06-20 09:48:26 - [MESSAGE][PASSED] - Object: 'Object Repository/ADMIN/Categories/Category/button_upload save' is clicked on

2019-06-20 09:48:26 - [TEST_STEP][PASSED] - setText: Text 'Description26' is set on object 'Object Repository/ADMIN/Categories/Category/textfield_category_description'

2019-06-20 09:48:26 - [MESSAGE][PASSED] - Text 'Description26' is set on object 'Object Repository/ADMIN/Categories/Category/textfield_category_description'

2019-06-20 09:48:26 - [TEST_STEP][PASSED] - click: Object: 'Object Repository/ADMIN/Categories/Category/button_Save' is clicked on

2019-06-20 09:48:26 - [MESSAGE][PASSED] - Object: 'Object Repository/ADMIN/Categories/Category/button_Save' is clicked on

2019-06-20 09:48:26 - [TEST_STEP][PASSED] - waitForElementVisible: Object 'Object Repository/ADMIN/Categories/Category/label_edit popup' is visible

2019-06-20 09:48:26 - [MESSAGE][WARNING] - Timeout '0' is invalid. Using default page load timeout: '30'

2019-06-20 09:48:27 - [MESSAGE][PASSED] - Object 'Object Repository/ADMIN/Categories/Category/label_edit popup' is visible

2019-06-20 09:48:27 - [TEST_STEP][PASSED] - waitForElementNotPresent: Web element with id: 'Object Repository/ADMIN/Categories/Category/label_edit popup' located by 'By.xpath: //div[(text() = 'Category was successfully saved.' or . = 'Category was successfully saved.')]' is not present after '30' second(s)

2019-06-20 09:48:27 - [MESSAGE][WARNING] - Timeout '0' is invalid. Using default page load timeout: '30'

2019-06-20 09:48:33 - [MESSAGE][PASSED] - Web element with id: 'Object Repository/ADMIN/Categories/Category/label_edit popup' located by 'By.xpath: //div[(text() = 'Category was successfully saved.' or . = 'Category was successfully saved.')]' is not present after '30' second(s)]]></system-out>
         <system-err><![CDATA[]]></system-err>
      </testcase>
      <testcase name="Test Cases/ADMIN/Content Mgmt/Categories/Category Add-Edit/Add Category" classname="Test Cases/ADMIN/Content Mgmt/Categories/Category Add-Edit/Add Category" status="PASSED">
         <system-out><![CDATA[2019-06-20 09:48:33 - [TEST_CASE][PASSED] - Test Cases/ADMIN/Content Mgmt/Categories/Category Add-Edit/Add Category: Test Cases/ADMIN/Content Mgmt/Categories/Category Add-Edit/Add Category

2019-06-20 09:48:33 - [TEST_STEP][PASSED] - waitForElementVisible: Object 'Object Repository/ADMIN/Categories/Category List/button_Content Mgmt' is visible

2019-06-20 09:48:33 - [MESSAGE][WARNING] - Timeout '0' is invalid. Using default page load timeout: '30'

2019-06-20 09:48:33 - [MESSAGE][PASSED] - Object 'Object Repository/ADMIN/Categories/Category List/button_Content Mgmt' is visible

2019-06-20 09:48:33 - [TEST_STEP][PASSED] - click: Object: 'Object Repository/ADMIN/Categories/Category List/button_Content Mgmt' is clicked on

2019-06-20 09:48:33 - [MESSAGE][PASSED] - Object: 'Object Repository/ADMIN/Categories/Category List/button_Content Mgmt' is clicked on

2019-06-20 09:48:33 - [TEST_STEP][PASSED] - waitForElementVisible: Object 'Object Repository/ADMIN/Categories/Category List/button_Categories' is visible

2019-06-20 09:48:33 - [MESSAGE][WARNING] - Timeout '0' is invalid. Using default page load timeout: '30'

2019-06-20 09:48:33 - [MESSAGE][PASSED] - Object 'Object Repository/ADMIN/Categories/Category List/button_Categories' is visible

2019-06-20 09:48:33 - [TEST_STEP][PASSED] - click: Object: 'Object Repository/ADMIN/Categories/Category List/button_Categories' is clicked on

2019-06-20 09:48:34 - [MESSAGE][PASSED] - Object: 'Object Repository/ADMIN/Categories/Category List/button_Categories' is clicked on

2019-06-20 09:48:34 - [TEST_STEP][PASSED] - click: Object: 'Object Repository/ADMIN/Categories/Category List/button_Add a Category' is clicked on

2019-06-20 09:48:34 - [MESSAGE][PASSED] - Object: 'Object Repository/ADMIN/Categories/Category List/button_Add a Category' is clicked on

2019-06-20 09:48:34 - [TEST_STEP][PASSED] - waitForElementPresent: Object 'Object Repository/ADMIN/Categories/Category/dropdown_Parent' is present

2019-06-20 09:48:34 - [MESSAGE][PASSED] - Object 'Object Repository/ADMIN/Categories/Category/dropdown_Parent' is present

2019-06-20 09:48:34 - [TEST_STEP][PASSED] - delay: Delayed 1 second(s)

2019-06-20 09:48:35 - [MESSAGE][PASSED] - Delayed 1 second(s)

2019-06-20 09:48:35 - [TEST_STEP][PASSED] - setText: Text 'Category 2.5' is set on object 'Object Repository/ADMIN/Categories/Category/textfield_Category Name'

2019-06-20 09:48:36 - [MESSAGE][PASSED] - Text 'Category 2.5' is set on object 'Object Repository/ADMIN/Categories/Category/textfield_Category Name'

2019-06-20 09:48:36 - [TEST_STEP][PASSED] - click: Object: 'Object Repository/ADMIN/Categories/Category/dropdown_Parent' is clicked on

2019-06-20 09:48:36 - [MESSAGE][PASSED] - Object: 'Object Repository/ADMIN/Categories/Category/dropdown_Parent' is clicked on

2019-06-20 09:48:36 - [TEST_STEP][PASSED] - delay: Delayed 2 second(s)

2019-06-20 09:48:38 - [MESSAGE][PASSED] - Delayed 2 second(s)

2019-06-20 09:48:38 - [TEST_STEP][PASSED] - click: Object: 'Object Repository/ADMIN/Categories/Category/dropdown_Parent' is clicked on

2019-06-20 09:48:38 - [MESSAGE][PASSED] - Object: 'Object Repository/ADMIN/Categories/Category/dropdown_Parent' is clicked on

2019-06-20 09:48:38 - [TEST_STEP][PASSED] - selectOptionByLabel: All options with label 'Category 2' are selected in object 'Object Repository/ADMIN/Categories/Category/dropdown_Parent' 

2019-06-20 09:48:38 - [MESSAGE][PASSED] - All options with label 'Category 2' are selected in object 'Object Repository/ADMIN/Categories/Category/dropdown_Parent' 

2019-06-20 09:48:38 - [TEST_STEP][PASSED] - click: Object: 'Object Repository/ADMIN/Categories/Category/button_Browse' is clicked on

2019-06-20 09:48:38 - [MESSAGE][PASSED] - Object: 'Object Repository/ADMIN/Categories/Category/button_Browse' is clicked on

2019-06-20 09:48:38 - [TEST_STEP][PASSED] - delay: Delayed 2 second(s)

2019-06-20 09:48:40 - [MESSAGE][PASSED] - Delayed 2 second(s)

2019-06-20 09:48:40 - [TEST_STEP][PASSED] - uploadFile: File 'C:\\Katalon\\Image\\pic2.jpg' sent to object: 'Object Repository/ADMIN/Categories/Category/image_input image'

2019-06-20 09:48:40 - [MESSAGE][PASSED] - File 'C:\\Katalon\\Image\\pic2.jpg' sent to object: 'Object Repository/ADMIN/Categories/Category/image_input image'

2019-06-20 09:48:40 - [TEST_STEP][PASSED] - waitForElementVisible: Object 'Object Repository/ADMIN/Categories/Category/button_upload check' is visible

2019-06-20 09:48:40 - [MESSAGE][WARNING] - Timeout '0' is invalid. Using default page load timeout: '30'

2019-06-20 09:48:40 - [MESSAGE][PASSED] - Object 'Object Repository/ADMIN/Categories/Category/button_upload check' is visible

2019-06-20 09:48:40 - [TEST_STEP][PASSED] - click: Object: 'Object Repository/ADMIN/Categories/Category/button_upload check' is clicked on

2019-06-20 09:48:40 - [MESSAGE][PASSED] - Object: 'Object Repository/ADMIN/Categories/Category/button_upload check' is clicked on

2019-06-20 09:48:40 - [TEST_STEP][PASSED] - waitForElementVisible: Object 'Object Repository/ADMIN/Categories/Category/button_upload save' is visible

2019-06-20 09:48:40 - [MESSAGE][WARNING] - Timeout '0' is invalid. Using default page load timeout: '30'

2019-06-20 09:48:40 - [MESSAGE][PASSED] - Object 'Object Repository/ADMIN/Categories/Category/button_upload save' is visible

2019-06-20 09:48:40 - [TEST_STEP][PASSED] - click: Object: 'Object Repository/ADMIN/Categories/Category/button_upload save' is clicked on

2019-06-20 09:48:40 - [MESSAGE][PASSED] - Object: 'Object Repository/ADMIN/Categories/Category/button_upload save' is clicked on

2019-06-20 09:48:40 - [TEST_STEP][PASSED] - setText: Text 'Description27' is set on object 'Object Repository/ADMIN/Categories/Category/textfield_category_description'

2019-06-20 09:48:40 - [MESSAGE][PASSED] - Text 'Description27' is set on object 'Object Repository/ADMIN/Categories/Category/textfield_category_description'

2019-06-20 09:48:41 - [TEST_STEP][PASSED] - click: Object: 'Object Repository/ADMIN/Categories/Category/button_Save' is clicked on

2019-06-20 09:48:41 - [MESSAGE][PASSED] - Object: 'Object Repository/ADMIN/Categories/Category/button_Save' is clicked on

2019-06-20 09:48:41 - [TEST_STEP][PASSED] - waitForElementVisible: Object 'Object Repository/ADMIN/Categories/Category/label_edit popup' is visible

2019-06-20 09:48:41 - [MESSAGE][WARNING] - Timeout '0' is invalid. Using default page load timeout: '30'

2019-06-20 09:48:42 - [MESSAGE][PASSED] - Object 'Object Repository/ADMIN/Categories/Category/label_edit popup' is visible

2019-06-20 09:48:42 - [TEST_STEP][PASSED] - waitForElementNotPresent: Web element with id: 'Object Repository/ADMIN/Categories/Category/label_edit popup' located by 'By.xpath: //div[(text() = 'Category was successfully saved.' or . = 'Category was successfully saved.')]' is not present after '30' second(s)

2019-06-20 09:48:42 - [MESSAGE][WARNING] - Timeout '0' is invalid. Using default page load timeout: '30'

2019-06-20 09:48:47 - [MESSAGE][PASSED] - Web element with id: 'Object Repository/ADMIN/Categories/Category/label_edit popup' located by 'By.xpath: //div[(text() = 'Category was successfully saved.' or . = 'Category was successfully saved.')]' is not present after '30' second(s)]]></system-out>
         <system-err><![CDATA[]]></system-err>
      </testcase>
      <testcase name="Test Cases/ADMIN/Content Mgmt/Categories/Category Add-Edit/Add Category" classname="Test Cases/ADMIN/Content Mgmt/Categories/Category Add-Edit/Add Category" status="PASSED">
         <system-out><![CDATA[2019-06-20 09:48:47 - [TEST_CASE][PASSED] - Test Cases/ADMIN/Content Mgmt/Categories/Category Add-Edit/Add Category: Test Cases/ADMIN/Content Mgmt/Categories/Category Add-Edit/Add Category

2019-06-20 09:48:47 - [TEST_STEP][PASSED] - waitForElementVisible: Object 'Object Repository/ADMIN/Categories/Category List/button_Content Mgmt' is visible

2019-06-20 09:48:47 - [MESSAGE][WARNING] - Timeout '0' is invalid. Using default page load timeout: '30'

2019-06-20 09:48:47 - [MESSAGE][PASSED] - Object 'Object Repository/ADMIN/Categories/Category List/button_Content Mgmt' is visible

2019-06-20 09:48:47 - [TEST_STEP][PASSED] - click: Object: 'Object Repository/ADMIN/Categories/Category List/button_Content Mgmt' is clicked on

2019-06-20 09:48:48 - [MESSAGE][PASSED] - Object: 'Object Repository/ADMIN/Categories/Category List/button_Content Mgmt' is clicked on

2019-06-20 09:48:48 - [TEST_STEP][PASSED] - waitForElementVisible: Object 'Object Repository/ADMIN/Categories/Category List/button_Categories' is visible

2019-06-20 09:48:48 - [MESSAGE][WARNING] - Timeout '0' is invalid. Using default page load timeout: '30'

2019-06-20 09:48:48 - [MESSAGE][PASSED] - Object 'Object Repository/ADMIN/Categories/Category List/button_Categories' is visible

2019-06-20 09:48:48 - [TEST_STEP][PASSED] - click: Object: 'Object Repository/ADMIN/Categories/Category List/button_Categories' is clicked on

2019-06-20 09:48:49 - [MESSAGE][PASSED] - Object: 'Object Repository/ADMIN/Categories/Category List/button_Categories' is clicked on

2019-06-20 09:48:49 - [TEST_STEP][PASSED] - click: Object: 'Object Repository/ADMIN/Categories/Category List/button_Add a Category' is clicked on

2019-06-20 09:48:49 - [MESSAGE][PASSED] - Object: 'Object Repository/ADMIN/Categories/Category List/button_Add a Category' is clicked on

2019-06-20 09:48:49 - [TEST_STEP][PASSED] - waitForElementPresent: Object 'Object Repository/ADMIN/Categories/Category/dropdown_Parent' is present

2019-06-20 09:48:49 - [MESSAGE][PASSED] - Object 'Object Repository/ADMIN/Categories/Category/dropdown_Parent' is present

2019-06-20 09:48:49 - [TEST_STEP][PASSED] - delay: Delayed 1 second(s)

2019-06-20 09:48:50 - [MESSAGE][PASSED] - Delayed 1 second(s)

2019-06-20 09:48:50 - [TEST_STEP][PASSED] - setText: Text 'Category 2.6' is set on object 'Object Repository/ADMIN/Categories/Category/textfield_Category Name'

2019-06-20 09:48:50 - [MESSAGE][PASSED] - Text 'Category 2.6' is set on object 'Object Repository/ADMIN/Categories/Category/textfield_Category Name'

2019-06-20 09:48:50 - [TEST_STEP][PASSED] - click: Object: 'Object Repository/ADMIN/Categories/Category/dropdown_Parent' is clicked on

2019-06-20 09:48:50 - [MESSAGE][PASSED] - Object: 'Object Repository/ADMIN/Categories/Category/dropdown_Parent' is clicked on

2019-06-20 09:48:50 - [TEST_STEP][PASSED] - delay: Delayed 2 second(s)

2019-06-20 09:48:52 - [MESSAGE][PASSED] - Delayed 2 second(s)

2019-06-20 09:48:52 - [TEST_STEP][PASSED] - click: Object: 'Object Repository/ADMIN/Categories/Category/dropdown_Parent' is clicked on

2019-06-20 09:48:52 - [MESSAGE][PASSED] - Object: 'Object Repository/ADMIN/Categories/Category/dropdown_Parent' is clicked on

2019-06-20 09:48:52 - [TEST_STEP][PASSED] - selectOptionByLabel: All options with label 'Category 2' are selected in object 'Object Repository/ADMIN/Categories/Category/dropdown_Parent' 

2019-06-20 09:48:52 - [MESSAGE][PASSED] - All options with label 'Category 2' are selected in object 'Object Repository/ADMIN/Categories/Category/dropdown_Parent' 

2019-06-20 09:48:52 - [TEST_STEP][PASSED] - click: Object: 'Object Repository/ADMIN/Categories/Category/button_Browse' is clicked on

2019-06-20 09:48:52 - [MESSAGE][PASSED] - Object: 'Object Repository/ADMIN/Categories/Category/button_Browse' is clicked on

2019-06-20 09:48:52 - [TEST_STEP][PASSED] - delay: Delayed 2 second(s)

2019-06-20 09:48:54 - [MESSAGE][PASSED] - Delayed 2 second(s)

2019-06-20 09:48:54 - [TEST_STEP][PASSED] - uploadFile: File 'C:\\Katalon\\Image\\pic3.jpg' sent to object: 'Object Repository/ADMIN/Categories/Category/image_input image'

2019-06-20 09:48:54 - [MESSAGE][PASSED] - File 'C:\\Katalon\\Image\\pic3.jpg' sent to object: 'Object Repository/ADMIN/Categories/Category/image_input image'

2019-06-20 09:48:54 - [TEST_STEP][PASSED] - waitForElementVisible: Object 'Object Repository/ADMIN/Categories/Category/button_upload check' is visible

2019-06-20 09:48:54 - [MESSAGE][WARNING] - Timeout '0' is invalid. Using default page load timeout: '30'

2019-06-20 09:48:54 - [MESSAGE][PASSED] - Object 'Object Repository/ADMIN/Categories/Category/button_upload check' is visible

2019-06-20 09:48:54 - [TEST_STEP][PASSED] - click: Object: 'Object Repository/ADMIN/Categories/Category/button_upload check' is clicked on

2019-06-20 09:48:54 - [MESSAGE][PASSED] - Object: 'Object Repository/ADMIN/Categories/Category/button_upload check' is clicked on

2019-06-20 09:48:54 - [TEST_STEP][PASSED] - waitForElementVisible: Object 'Object Repository/ADMIN/Categories/Category/button_upload save' is visible

2019-06-20 09:48:54 - [MESSAGE][WARNING] - Timeout '0' is invalid. Using default page load timeout: '30'

2019-06-20 09:48:55 - [MESSAGE][PASSED] - Object 'Object Repository/ADMIN/Categories/Category/button_upload save' is visible

2019-06-20 09:48:55 - [TEST_STEP][PASSED] - click: Object: 'Object Repository/ADMIN/Categories/Category/button_upload save' is clicked on

2019-06-20 09:48:55 - [MESSAGE][PASSED] - Object: 'Object Repository/ADMIN/Categories/Category/button_upload save' is clicked on

2019-06-20 09:48:55 - [TEST_STEP][PASSED] - setText: Text 'Description28' is set on object 'Object Repository/ADMIN/Categories/Category/textfield_category_description'

2019-06-20 09:48:55 - [MESSAGE][PASSED] - Text 'Description28' is set on object 'Object Repository/ADMIN/Categories/Category/textfield_category_description'

2019-06-20 09:48:55 - [TEST_STEP][PASSED] - click: Object: 'Object Repository/ADMIN/Categories/Category/button_Save' is clicked on

2019-06-20 09:48:55 - [MESSAGE][PASSED] - Object: 'Object Repository/ADMIN/Categories/Category/button_Save' is clicked on

2019-06-20 09:48:55 - [TEST_STEP][PASSED] - waitForElementVisible: Object 'Object Repository/ADMIN/Categories/Category/label_edit popup' is visible

2019-06-20 09:48:55 - [MESSAGE][WARNING] - Timeout '0' is invalid. Using default page load timeout: '30'

2019-06-20 09:48:56 - [MESSAGE][PASSED] - Object 'Object Repository/ADMIN/Categories/Category/label_edit popup' is visible

2019-06-20 09:48:56 - [TEST_STEP][PASSED] - waitForElementNotPresent: Web element with id: 'Object Repository/ADMIN/Categories/Category/label_edit popup' located by 'By.xpath: //div[(text() = 'Category was successfully saved.' or . = 'Category was successfully saved.')]' is not present after '30' second(s)

2019-06-20 09:48:56 - [MESSAGE][WARNING] - Timeout '0' is invalid. Using default page load timeout: '30'

2019-06-20 09:49:02 - [MESSAGE][PASSED] - Web element with id: 'Object Repository/ADMIN/Categories/Category/label_edit popup' located by 'By.xpath: //div[(text() = 'Category was successfully saved.' or . = 'Category was successfully saved.')]' is not present after '30' second(s)]]></system-out>
         <system-err><![CDATA[]]></system-err>
      </testcase>
      <testcase name="Test Cases/ADMIN/Content Mgmt/Categories/Category Add-Edit/Add Category" classname="Test Cases/ADMIN/Content Mgmt/Categories/Category Add-Edit/Add Category" status="PASSED">
         <system-out><![CDATA[2019-06-20 09:49:02 - [TEST_CASE][PASSED] - Test Cases/ADMIN/Content Mgmt/Categories/Category Add-Edit/Add Category: Test Cases/ADMIN/Content Mgmt/Categories/Category Add-Edit/Add Category

2019-06-20 09:49:02 - [TEST_STEP][PASSED] - waitForElementVisible: Object 'Object Repository/ADMIN/Categories/Category List/button_Content Mgmt' is visible

2019-06-20 09:49:02 - [MESSAGE][WARNING] - Timeout '0' is invalid. Using default page load timeout: '30'

2019-06-20 09:49:02 - [MESSAGE][PASSED] - Object 'Object Repository/ADMIN/Categories/Category List/button_Content Mgmt' is visible

2019-06-20 09:49:02 - [TEST_STEP][PASSED] - click: Object: 'Object Repository/ADMIN/Categories/Category List/button_Content Mgmt' is clicked on

2019-06-20 09:49:02 - [MESSAGE][PASSED] - Object: 'Object Repository/ADMIN/Categories/Category List/button_Content Mgmt' is clicked on

2019-06-20 09:49:02 - [TEST_STEP][PASSED] - waitForElementVisible: Object 'Object Repository/ADMIN/Categories/Category List/button_Categories' is visible

2019-06-20 09:49:02 - [MESSAGE][WARNING] - Timeout '0' is invalid. Using default page load timeout: '30'

2019-06-20 09:49:02 - [MESSAGE][PASSED] - Object 'Object Repository/ADMIN/Categories/Category List/button_Categories' is visible

2019-06-20 09:49:02 - [TEST_STEP][PASSED] - click: Object: 'Object Repository/ADMIN/Categories/Category List/button_Categories' is clicked on

2019-06-20 09:49:02 - [MESSAGE][PASSED] - Object: 'Object Repository/ADMIN/Categories/Category List/button_Categories' is clicked on

2019-06-20 09:49:02 - [TEST_STEP][PASSED] - click: Object: 'Object Repository/ADMIN/Categories/Category List/button_Add a Category' is clicked on

2019-06-20 09:49:02 - [MESSAGE][PASSED] - Object: 'Object Repository/ADMIN/Categories/Category List/button_Add a Category' is clicked on

2019-06-20 09:49:02 - [TEST_STEP][PASSED] - waitForElementPresent: Object 'Object Repository/ADMIN/Categories/Category/dropdown_Parent' is present

2019-06-20 09:49:02 - [MESSAGE][PASSED] - Object 'Object Repository/ADMIN/Categories/Category/dropdown_Parent' is present

2019-06-20 09:49:02 - [TEST_STEP][PASSED] - delay: Delayed 1 second(s)

2019-06-20 09:49:03 - [MESSAGE][PASSED] - Delayed 1 second(s)

2019-06-20 09:49:03 - [TEST_STEP][PASSED] - setText: Text 'Category 2.6.1' is set on object 'Object Repository/ADMIN/Categories/Category/textfield_Category Name'

2019-06-20 09:49:03 - [MESSAGE][PASSED] - Text 'Category 2.6.1' is set on object 'Object Repository/ADMIN/Categories/Category/textfield_Category Name'

2019-06-20 09:49:03 - [TEST_STEP][PASSED] - click: Object: 'Object Repository/ADMIN/Categories/Category/dropdown_Parent' is clicked on

2019-06-20 09:49:04 - [MESSAGE][PASSED] - Object: 'Object Repository/ADMIN/Categories/Category/dropdown_Parent' is clicked on

2019-06-20 09:49:04 - [TEST_STEP][PASSED] - delay: Delayed 2 second(s)

2019-06-20 09:49:06 - [MESSAGE][PASSED] - Delayed 2 second(s)

2019-06-20 09:49:06 - [TEST_STEP][PASSED] - click: Object: 'Object Repository/ADMIN/Categories/Category/dropdown_Parent' is clicked on

2019-06-20 09:49:06 - [MESSAGE][PASSED] - Object: 'Object Repository/ADMIN/Categories/Category/dropdown_Parent' is clicked on

2019-06-20 09:49:06 - [TEST_STEP][PASSED] - selectOptionByLabel: All options with label 'Category 2.6' are selected in object 'Object Repository/ADMIN/Categories/Category/dropdown_Parent' 

2019-06-20 09:49:06 - [MESSAGE][PASSED] - All options with label 'Category 2.6' are selected in object 'Object Repository/ADMIN/Categories/Category/dropdown_Parent' 

2019-06-20 09:49:06 - [TEST_STEP][PASSED] - click: Object: 'Object Repository/ADMIN/Categories/Category/button_Browse' is clicked on

2019-06-20 09:49:06 - [MESSAGE][PASSED] - Object: 'Object Repository/ADMIN/Categories/Category/button_Browse' is clicked on

2019-06-20 09:49:06 - [TEST_STEP][PASSED] - delay: Delayed 2 second(s)

2019-06-20 09:49:08 - [MESSAGE][PASSED] - Delayed 2 second(s)

2019-06-20 09:49:08 - [TEST_STEP][PASSED] - uploadFile: File 'C:\\Katalon\\Image\\pic4.jpg' sent to object: 'Object Repository/ADMIN/Categories/Category/image_input image'

2019-06-20 09:49:08 - [MESSAGE][PASSED] - File 'C:\\Katalon\\Image\\pic4.jpg' sent to object: 'Object Repository/ADMIN/Categories/Category/image_input image'

2019-06-20 09:49:08 - [TEST_STEP][PASSED] - waitForElementVisible: Object 'Object Repository/ADMIN/Categories/Category/button_upload check' is visible

2019-06-20 09:49:08 - [MESSAGE][WARNING] - Timeout '0' is invalid. Using default page load timeout: '30'

2019-06-20 09:49:08 - [MESSAGE][PASSED] - Object 'Object Repository/ADMIN/Categories/Category/button_upload check' is visible

2019-06-20 09:49:08 - [TEST_STEP][PASSED] - click: Object: 'Object Repository/ADMIN/Categories/Category/button_upload check' is clicked on

2019-06-20 09:49:08 - [MESSAGE][PASSED] - Object: 'Object Repository/ADMIN/Categories/Category/button_upload check' is clicked on

2019-06-20 09:49:08 - [TEST_STEP][PASSED] - waitForElementVisible: Object 'Object Repository/ADMIN/Categories/Category/button_upload save' is visible

2019-06-20 09:49:08 - [MESSAGE][WARNING] - Timeout '0' is invalid. Using default page load timeout: '30'

2019-06-20 09:49:08 - [MESSAGE][PASSED] - Object 'Object Repository/ADMIN/Categories/Category/button_upload save' is visible

2019-06-20 09:49:08 - [TEST_STEP][PASSED] - click: Object: 'Object Repository/ADMIN/Categories/Category/button_upload save' is clicked on

2019-06-20 09:49:08 - [MESSAGE][PASSED] - Object: 'Object Repository/ADMIN/Categories/Category/button_upload save' is clicked on

2019-06-20 09:49:08 - [TEST_STEP][PASSED] - setText: Text 'Description29' is set on object 'Object Repository/ADMIN/Categories/Category/textfield_category_description'

2019-06-20 09:49:08 - [MESSAGE][PASSED] - Text 'Description29' is set on object 'Object Repository/ADMIN/Categories/Category/textfield_category_description'

2019-06-20 09:49:08 - [TEST_STEP][PASSED] - click: Object: 'Object Repository/ADMIN/Categories/Category/button_Save' is clicked on

2019-06-20 09:49:08 - [MESSAGE][PASSED] - Object: 'Object Repository/ADMIN/Categories/Category/button_Save' is clicked on

2019-06-20 09:49:08 - [TEST_STEP][PASSED] - waitForElementVisible: Object 'Object Repository/ADMIN/Categories/Category/label_edit popup' is visible

2019-06-20 09:49:08 - [MESSAGE][WARNING] - Timeout '0' is invalid. Using default page load timeout: '30'

2019-06-20 09:49:09 - [MESSAGE][PASSED] - Object 'Object Repository/ADMIN/Categories/Category/label_edit popup' is visible

2019-06-20 09:49:09 - [TEST_STEP][PASSED] - waitForElementNotPresent: Web element with id: 'Object Repository/ADMIN/Categories/Category/label_edit popup' located by 'By.xpath: //div[(text() = 'Category was successfully saved.' or . = 'Category was successfully saved.')]' is not present after '30' second(s)

2019-06-20 09:49:09 - [MESSAGE][WARNING] - Timeout '0' is invalid. Using default page load timeout: '30'

2019-06-20 09:49:15 - [MESSAGE][PASSED] - Web element with id: 'Object Repository/ADMIN/Categories/Category/label_edit popup' located by 'By.xpath: //div[(text() = 'Category was successfully saved.' or . = 'Category was successfully saved.')]' is not present after '30' second(s)]]></system-out>
         <system-err><![CDATA[]]></system-err>
      </testcase>
      <testcase name="Test Cases/ADMIN/Content Mgmt/Categories/Category Add-Edit/Add Category" classname="Test Cases/ADMIN/Content Mgmt/Categories/Category Add-Edit/Add Category" status="PASSED">
         <system-out><![CDATA[2019-06-20 09:49:15 - [TEST_CASE][PASSED] - Test Cases/ADMIN/Content Mgmt/Categories/Category Add-Edit/Add Category: Test Cases/ADMIN/Content Mgmt/Categories/Category Add-Edit/Add Category

2019-06-20 09:49:15 - [TEST_STEP][PASSED] - waitForElementVisible: Object 'Object Repository/ADMIN/Categories/Category List/button_Content Mgmt' is visible

2019-06-20 09:49:15 - [MESSAGE][WARNING] - Timeout '0' is invalid. Using default page load timeout: '30'

2019-06-20 09:49:15 - [MESSAGE][PASSED] - Object 'Object Repository/ADMIN/Categories/Category List/button_Content Mgmt' is visible

2019-06-20 09:49:15 - [TEST_STEP][PASSED] - click: Object: 'Object Repository/ADMIN/Categories/Category List/button_Content Mgmt' is clicked on

2019-06-20 09:49:15 - [MESSAGE][PASSED] - Object: 'Object Repository/ADMIN/Categories/Category List/button_Content Mgmt' is clicked on

2019-06-20 09:49:15 - [TEST_STEP][PASSED] - waitForElementVisible: Object 'Object Repository/ADMIN/Categories/Category List/button_Categories' is visible

2019-06-20 09:49:15 - [MESSAGE][WARNING] - Timeout '0' is invalid. Using default page load timeout: '30'

2019-06-20 09:49:16 - [MESSAGE][PASSED] - Object 'Object Repository/ADMIN/Categories/Category List/button_Categories' is visible

2019-06-20 09:49:16 - [TEST_STEP][PASSED] - click: Object: 'Object Repository/ADMIN/Categories/Category List/button_Categories' is clicked on

2019-06-20 09:49:17 - [MESSAGE][PASSED] - Object: 'Object Repository/ADMIN/Categories/Category List/button_Categories' is clicked on

2019-06-20 09:49:17 - [TEST_STEP][PASSED] - click: Object: 'Object Repository/ADMIN/Categories/Category List/button_Add a Category' is clicked on

2019-06-20 09:49:17 - [MESSAGE][PASSED] - Object: 'Object Repository/ADMIN/Categories/Category List/button_Add a Category' is clicked on

2019-06-20 09:49:17 - [TEST_STEP][PASSED] - waitForElementPresent: Object 'Object Repository/ADMIN/Categories/Category/dropdown_Parent' is present

2019-06-20 09:49:17 - [MESSAGE][PASSED] - Object 'Object Repository/ADMIN/Categories/Category/dropdown_Parent' is present

2019-06-20 09:49:17 - [TEST_STEP][PASSED] - delay: Delayed 1 second(s)

2019-06-20 09:49:18 - [MESSAGE][PASSED] - Delayed 1 second(s)

2019-06-20 09:49:18 - [TEST_STEP][PASSED] - setText: Text 'Category 2.6.2' is set on object 'Object Repository/ADMIN/Categories/Category/textfield_Category Name'

2019-06-20 09:49:18 - [MESSAGE][PASSED] - Text 'Category 2.6.2' is set on object 'Object Repository/ADMIN/Categories/Category/textfield_Category Name'

2019-06-20 09:49:18 - [TEST_STEP][PASSED] - click: Object: 'Object Repository/ADMIN/Categories/Category/dropdown_Parent' is clicked on

2019-06-20 09:49:18 - [MESSAGE][PASSED] - Object: 'Object Repository/ADMIN/Categories/Category/dropdown_Parent' is clicked on

2019-06-20 09:49:18 - [TEST_STEP][PASSED] - delay: Delayed 2 second(s)

2019-06-20 09:49:20 - [MESSAGE][PASSED] - Delayed 2 second(s)

2019-06-20 09:49:20 - [TEST_STEP][PASSED] - click: Object: 'Object Repository/ADMIN/Categories/Category/dropdown_Parent' is clicked on

2019-06-20 09:49:21 - [MESSAGE][PASSED] - Object: 'Object Repository/ADMIN/Categories/Category/dropdown_Parent' is clicked on

2019-06-20 09:49:21 - [TEST_STEP][PASSED] - selectOptionByLabel: All options with label 'Category 2.6' are selected in object 'Object Repository/ADMIN/Categories/Category/dropdown_Parent' 

2019-06-20 09:49:21 - [MESSAGE][PASSED] - All options with label 'Category 2.6' are selected in object 'Object Repository/ADMIN/Categories/Category/dropdown_Parent' 

2019-06-20 09:49:21 - [TEST_STEP][PASSED] - click: Object: 'Object Repository/ADMIN/Categories/Category/button_Browse' is clicked on

2019-06-20 09:49:21 - [MESSAGE][PASSED] - Object: 'Object Repository/ADMIN/Categories/Category/button_Browse' is clicked on

2019-06-20 09:49:21 - [TEST_STEP][PASSED] - delay: Delayed 2 second(s)

2019-06-20 09:49:23 - [MESSAGE][PASSED] - Delayed 2 second(s)

2019-06-20 09:49:23 - [TEST_STEP][PASSED] - uploadFile: File 'C:\\Katalon\\Image\\pic5.jpg' sent to object: 'Object Repository/ADMIN/Categories/Category/image_input image'

2019-06-20 09:49:23 - [MESSAGE][PASSED] - File 'C:\\Katalon\\Image\\pic5.jpg' sent to object: 'Object Repository/ADMIN/Categories/Category/image_input image'

2019-06-20 09:49:23 - [TEST_STEP][PASSED] - waitForElementVisible: Object 'Object Repository/ADMIN/Categories/Category/button_upload check' is visible

2019-06-20 09:49:23 - [MESSAGE][WARNING] - Timeout '0' is invalid. Using default page load timeout: '30'

2019-06-20 09:49:23 - [MESSAGE][PASSED] - Object 'Object Repository/ADMIN/Categories/Category/button_upload check' is visible

2019-06-20 09:49:23 - [TEST_STEP][PASSED] - click: Object: 'Object Repository/ADMIN/Categories/Category/button_upload check' is clicked on

2019-06-20 09:49:23 - [MESSAGE][PASSED] - Object: 'Object Repository/ADMIN/Categories/Category/button_upload check' is clicked on

2019-06-20 09:49:23 - [TEST_STEP][PASSED] - waitForElementVisible: Object 'Object Repository/ADMIN/Categories/Category/button_upload save' is visible

2019-06-20 09:49:23 - [MESSAGE][WARNING] - Timeout '0' is invalid. Using default page load timeout: '30'

2019-06-20 09:49:23 - [MESSAGE][PASSED] - Object 'Object Repository/ADMIN/Categories/Category/button_upload save' is visible

2019-06-20 09:49:23 - [TEST_STEP][PASSED] - click: Object: 'Object Repository/ADMIN/Categories/Category/button_upload save' is clicked on

2019-06-20 09:49:23 - [MESSAGE][PASSED] - Object: 'Object Repository/ADMIN/Categories/Category/button_upload save' is clicked on

2019-06-20 09:49:23 - [TEST_STEP][PASSED] - setText: Text 'Description30' is set on object 'Object Repository/ADMIN/Categories/Category/textfield_category_description'

2019-06-20 09:49:23 - [MESSAGE][PASSED] - Text 'Description30' is set on object 'Object Repository/ADMIN/Categories/Category/textfield_category_description'

2019-06-20 09:49:23 - [TEST_STEP][PASSED] - click: Object: 'Object Repository/ADMIN/Categories/Category/button_Save' is clicked on

2019-06-20 09:49:23 - [MESSAGE][PASSED] - Object: 'Object Repository/ADMIN/Categories/Category/button_Save' is clicked on

2019-06-20 09:49:23 - [TEST_STEP][PASSED] - waitForElementVisible: Object 'Object Repository/ADMIN/Categories/Category/label_edit popup' is visible

2019-06-20 09:49:23 - [MESSAGE][WARNING] - Timeout '0' is invalid. Using default page load timeout: '30'

2019-06-20 09:49:24 - [MESSAGE][PASSED] - Object 'Object Repository/ADMIN/Categories/Category/label_edit popup' is visible

2019-06-20 09:49:24 - [TEST_STEP][PASSED] - waitForElementNotPresent: Web element with id: 'Object Repository/ADMIN/Categories/Category/label_edit popup' located by 'By.xpath: //div[(text() = 'Category was successfully saved.' or . = 'Category was successfully saved.')]' is not present after '30' second(s)

2019-06-20 09:49:24 - [MESSAGE][WARNING] - Timeout '0' is invalid. Using default page load timeout: '30'

2019-06-20 09:49:30 - [MESSAGE][PASSED] - Web element with id: 'Object Repository/ADMIN/Categories/Category/label_edit popup' located by 'By.xpath: //div[(text() = 'Category was successfully saved.' or . = 'Category was successfully saved.')]' is not present after '30' second(s)]]></system-out>
         <system-err><![CDATA[]]></system-err>
      </testcase>
      <testcase name="Test Cases/ADMIN/Content Mgmt/Categories/Category Add-Edit/Add Category" classname="Test Cases/ADMIN/Content Mgmt/Categories/Category Add-Edit/Add Category" status="PASSED">
         <system-out><![CDATA[2019-06-20 09:49:30 - [TEST_CASE][PASSED] - Test Cases/ADMIN/Content Mgmt/Categories/Category Add-Edit/Add Category: Test Cases/ADMIN/Content Mgmt/Categories/Category Add-Edit/Add Category

2019-06-20 09:49:30 - [TEST_STEP][PASSED] - waitForElementVisible: Object 'Object Repository/ADMIN/Categories/Category List/button_Content Mgmt' is visible

2019-06-20 09:49:30 - [MESSAGE][WARNING] - Timeout '0' is invalid. Using default page load timeout: '30'

2019-06-20 09:49:30 - [MESSAGE][PASSED] - Object 'Object Repository/ADMIN/Categories/Category List/button_Content Mgmt' is visible

2019-06-20 09:49:30 - [TEST_STEP][PASSED] - click: Object: 'Object Repository/ADMIN/Categories/Category List/button_Content Mgmt' is clicked on

2019-06-20 09:49:30 - [MESSAGE][PASSED] - Object: 'Object Repository/ADMIN/Categories/Category List/button_Content Mgmt' is clicked on

2019-06-20 09:49:30 - [TEST_STEP][PASSED] - waitForElementVisible: Object 'Object Repository/ADMIN/Categories/Category List/button_Categories' is visible

2019-06-20 09:49:30 - [MESSAGE][WARNING] - Timeout '0' is invalid. Using default page load timeout: '30'

2019-06-20 09:49:30 - [MESSAGE][PASSED] - Object 'Object Repository/ADMIN/Categories/Category List/button_Categories' is visible

2019-06-20 09:49:30 - [TEST_STEP][PASSED] - click: Object: 'Object Repository/ADMIN/Categories/Category List/button_Categories' is clicked on

2019-06-20 09:49:31 - [MESSAGE][PASSED] - Object: 'Object Repository/ADMIN/Categories/Category List/button_Categories' is clicked on

2019-06-20 09:49:31 - [TEST_STEP][PASSED] - click: Object: 'Object Repository/ADMIN/Categories/Category List/button_Add a Category' is clicked on

2019-06-20 09:49:31 - [MESSAGE][PASSED] - Object: 'Object Repository/ADMIN/Categories/Category List/button_Add a Category' is clicked on

2019-06-20 09:49:31 - [TEST_STEP][PASSED] - waitForElementPresent: Object 'Object Repository/ADMIN/Categories/Category/dropdown_Parent' is present

2019-06-20 09:49:31 - [MESSAGE][PASSED] - Object 'Object Repository/ADMIN/Categories/Category/dropdown_Parent' is present

2019-06-20 09:49:31 - [TEST_STEP][PASSED] - delay: Delayed 1 second(s)

2019-06-20 09:49:32 - [MESSAGE][PASSED] - Delayed 1 second(s)

2019-06-20 09:49:32 - [TEST_STEP][PASSED] - setText: Text 'Category 2.6.2.1' is set on object 'Object Repository/ADMIN/Categories/Category/textfield_Category Name'

2019-06-20 09:49:32 - [MESSAGE][PASSED] - Text 'Category 2.6.2.1' is set on object 'Object Repository/ADMIN/Categories/Category/textfield_Category Name'

2019-06-20 09:49:32 - [TEST_STEP][PASSED] - click: Object: 'Object Repository/ADMIN/Categories/Category/dropdown_Parent' is clicked on

2019-06-20 09:49:33 - [MESSAGE][PASSED] - Object: 'Object Repository/ADMIN/Categories/Category/dropdown_Parent' is clicked on

2019-06-20 09:49:33 - [TEST_STEP][PASSED] - delay: Delayed 2 second(s)

2019-06-20 09:49:35 - [MESSAGE][PASSED] - Delayed 2 second(s)

2019-06-20 09:49:35 - [TEST_STEP][PASSED] - click: Object: 'Object Repository/ADMIN/Categories/Category/dropdown_Parent' is clicked on

2019-06-20 09:49:35 - [MESSAGE][PASSED] - Object: 'Object Repository/ADMIN/Categories/Category/dropdown_Parent' is clicked on

2019-06-20 09:49:35 - [TEST_STEP][PASSED] - selectOptionByLabel: All options with label 'Category 2.6.2' are selected in object 'Object Repository/ADMIN/Categories/Category/dropdown_Parent' 

2019-06-20 09:49:35 - [MESSAGE][PASSED] - All options with label 'Category 2.6.2' are selected in object 'Object Repository/ADMIN/Categories/Category/dropdown_Parent' 

2019-06-20 09:49:35 - [TEST_STEP][PASSED] - click: Object: 'Object Repository/ADMIN/Categories/Category/button_Browse' is clicked on

2019-06-20 09:49:35 - [MESSAGE][PASSED] - Object: 'Object Repository/ADMIN/Categories/Category/button_Browse' is clicked on

2019-06-20 09:49:35 - [TEST_STEP][PASSED] - delay: Delayed 2 second(s)

2019-06-20 09:49:37 - [MESSAGE][PASSED] - Delayed 2 second(s)

2019-06-20 09:49:37 - [TEST_STEP][PASSED] - uploadFile: File 'C:\\Katalon\\Image\\pic6.jpg' sent to object: 'Object Repository/ADMIN/Categories/Category/image_input image'

2019-06-20 09:49:37 - [MESSAGE][PASSED] - File 'C:\\Katalon\\Image\\pic6.jpg' sent to object: 'Object Repository/ADMIN/Categories/Category/image_input image'

2019-06-20 09:49:37 - [TEST_STEP][PASSED] - waitForElementVisible: Object 'Object Repository/ADMIN/Categories/Category/button_upload check' is visible

2019-06-20 09:49:37 - [MESSAGE][WARNING] - Timeout '0' is invalid. Using default page load timeout: '30'

2019-06-20 09:49:37 - [MESSAGE][PASSED] - Object 'Object Repository/ADMIN/Categories/Category/button_upload check' is visible

2019-06-20 09:49:37 - [TEST_STEP][PASSED] - click: Object: 'Object Repository/ADMIN/Categories/Category/button_upload check' is clicked on

2019-06-20 09:49:37 - [MESSAGE][PASSED] - Object: 'Object Repository/ADMIN/Categories/Category/button_upload check' is clicked on

2019-06-20 09:49:37 - [TEST_STEP][PASSED] - waitForElementVisible: Object 'Object Repository/ADMIN/Categories/Category/button_upload save' is visible

2019-06-20 09:49:37 - [MESSAGE][WARNING] - Timeout '0' is invalid. Using default page load timeout: '30'

2019-06-20 09:49:37 - [MESSAGE][PASSED] - Object 'Object Repository/ADMIN/Categories/Category/button_upload save' is visible

2019-06-20 09:49:37 - [TEST_STEP][PASSED] - click: Object: 'Object Repository/ADMIN/Categories/Category/button_upload save' is clicked on

2019-06-20 09:49:37 - [MESSAGE][PASSED] - Object: 'Object Repository/ADMIN/Categories/Category/button_upload save' is clicked on

2019-06-20 09:49:37 - [TEST_STEP][PASSED] - setText: Text 'Description31' is set on object 'Object Repository/ADMIN/Categories/Category/textfield_category_description'

2019-06-20 09:49:37 - [MESSAGE][PASSED] - Text 'Description31' is set on object 'Object Repository/ADMIN/Categories/Category/textfield_category_description'

2019-06-20 09:49:37 - [TEST_STEP][PASSED] - click: Object: 'Object Repository/ADMIN/Categories/Category/button_Save' is clicked on

2019-06-20 09:49:38 - [MESSAGE][PASSED] - Object: 'Object Repository/ADMIN/Categories/Category/button_Save' is clicked on

2019-06-20 09:49:38 - [TEST_STEP][PASSED] - waitForElementVisible: Object 'Object Repository/ADMIN/Categories/Category/label_edit popup' is visible

2019-06-20 09:49:38 - [MESSAGE][WARNING] - Timeout '0' is invalid. Using default page load timeout: '30'

2019-06-20 09:49:39 - [MESSAGE][PASSED] - Object 'Object Repository/ADMIN/Categories/Category/label_edit popup' is visible

2019-06-20 09:49:39 - [TEST_STEP][PASSED] - waitForElementNotPresent: Web element with id: 'Object Repository/ADMIN/Categories/Category/label_edit popup' located by 'By.xpath: //div[(text() = 'Category was successfully saved.' or . = 'Category was successfully saved.')]' is not present after '30' second(s)

2019-06-20 09:49:39 - [MESSAGE][WARNING] - Timeout '0' is invalid. Using default page load timeout: '30'

2019-06-20 09:49:44 - [MESSAGE][PASSED] - Web element with id: 'Object Repository/ADMIN/Categories/Category/label_edit popup' located by 'By.xpath: //div[(text() = 'Category was successfully saved.' or . = 'Category was successfully saved.')]' is not present after '30' second(s)]]></system-out>
         <system-err><![CDATA[]]></system-err>
      </testcase>
      <testcase name="Test Cases/ADMIN/Content Mgmt/Categories/Category Add-Edit/Add Category" classname="Test Cases/ADMIN/Content Mgmt/Categories/Category Add-Edit/Add Category" status="PASSED">
         <system-out><![CDATA[2019-06-20 09:49:44 - [TEST_CASE][PASSED] - Test Cases/ADMIN/Content Mgmt/Categories/Category Add-Edit/Add Category: Test Cases/ADMIN/Content Mgmt/Categories/Category Add-Edit/Add Category

2019-06-20 09:49:44 - [TEST_STEP][PASSED] - waitForElementVisible: Object 'Object Repository/ADMIN/Categories/Category List/button_Content Mgmt' is visible

2019-06-20 09:49:44 - [MESSAGE][WARNING] - Timeout '0' is invalid. Using default page load timeout: '30'

2019-06-20 09:49:44 - [MESSAGE][PASSED] - Object 'Object Repository/ADMIN/Categories/Category List/button_Content Mgmt' is visible

2019-06-20 09:49:44 - [TEST_STEP][PASSED] - click: Object: 'Object Repository/ADMIN/Categories/Category List/button_Content Mgmt' is clicked on

2019-06-20 09:49:45 - [MESSAGE][PASSED] - Object: 'Object Repository/ADMIN/Categories/Category List/button_Content Mgmt' is clicked on

2019-06-20 09:49:45 - [TEST_STEP][PASSED] - waitForElementVisible: Object 'Object Repository/ADMIN/Categories/Category List/button_Categories' is visible

2019-06-20 09:49:45 - [MESSAGE][WARNING] - Timeout '0' is invalid. Using default page load timeout: '30'

2019-06-20 09:49:45 - [MESSAGE][PASSED] - Object 'Object Repository/ADMIN/Categories/Category List/button_Categories' is visible

2019-06-20 09:49:45 - [TEST_STEP][PASSED] - click: Object: 'Object Repository/ADMIN/Categories/Category List/button_Categories' is clicked on

2019-06-20 09:49:45 - [MESSAGE][PASSED] - Object: 'Object Repository/ADMIN/Categories/Category List/button_Categories' is clicked on

2019-06-20 09:49:45 - [TEST_STEP][PASSED] - click: Object: 'Object Repository/ADMIN/Categories/Category List/button_Add a Category' is clicked on

2019-06-20 09:49:45 - [MESSAGE][PASSED] - Object: 'Object Repository/ADMIN/Categories/Category List/button_Add a Category' is clicked on

2019-06-20 09:49:45 - [TEST_STEP][PASSED] - waitForElementPresent: Object 'Object Repository/ADMIN/Categories/Category/dropdown_Parent' is present

2019-06-20 09:49:45 - [MESSAGE][PASSED] - Object 'Object Repository/ADMIN/Categories/Category/dropdown_Parent' is present

2019-06-20 09:49:45 - [TEST_STEP][PASSED] - delay: Delayed 1 second(s)

2019-06-20 09:49:46 - [MESSAGE][PASSED] - Delayed 1 second(s)

2019-06-20 09:49:46 - [TEST_STEP][PASSED] - setText: Text 'Category 2.6.2.1.1' is set on object 'Object Repository/ADMIN/Categories/Category/textfield_Category Name'

2019-06-20 09:49:47 - [MESSAGE][PASSED] - Text 'Category 2.6.2.1.1' is set on object 'Object Repository/ADMIN/Categories/Category/textfield_Category Name'

2019-06-20 09:49:47 - [TEST_STEP][PASSED] - click: Object: 'Object Repository/ADMIN/Categories/Category/dropdown_Parent' is clicked on

2019-06-20 09:49:47 - [MESSAGE][PASSED] - Object: 'Object Repository/ADMIN/Categories/Category/dropdown_Parent' is clicked on

2019-06-20 09:49:47 - [TEST_STEP][PASSED] - delay: Delayed 2 second(s)

2019-06-20 09:49:49 - [MESSAGE][PASSED] - Delayed 2 second(s)

2019-06-20 09:49:49 - [TEST_STEP][PASSED] - click: Object: 'Object Repository/ADMIN/Categories/Category/dropdown_Parent' is clicked on

2019-06-20 09:49:49 - [MESSAGE][PASSED] - Object: 'Object Repository/ADMIN/Categories/Category/dropdown_Parent' is clicked on

2019-06-20 09:49:49 - [TEST_STEP][PASSED] - selectOptionByLabel: All options with label 'Category 2.6.2.1' are selected in object 'Object Repository/ADMIN/Categories/Category/dropdown_Parent' 

2019-06-20 09:49:49 - [MESSAGE][PASSED] - All options with label 'Category 2.6.2.1' are selected in object 'Object Repository/ADMIN/Categories/Category/dropdown_Parent' 

2019-06-20 09:49:49 - [TEST_STEP][PASSED] - click: Object: 'Object Repository/ADMIN/Categories/Category/button_Browse' is clicked on

2019-06-20 09:49:49 - [MESSAGE][PASSED] - Object: 'Object Repository/ADMIN/Categories/Category/button_Browse' is clicked on

2019-06-20 09:49:49 - [TEST_STEP][PASSED] - delay: Delayed 2 second(s)

2019-06-20 09:49:51 - [MESSAGE][PASSED] - Delayed 2 second(s)

2019-06-20 09:49:51 - [TEST_STEP][PASSED] - uploadFile: File 'C:\\Katalon\\Image\\pic7.jpg' sent to object: 'Object Repository/ADMIN/Categories/Category/image_input image'

2019-06-20 09:49:51 - [MESSAGE][PASSED] - File 'C:\\Katalon\\Image\\pic7.jpg' sent to object: 'Object Repository/ADMIN/Categories/Category/image_input image'

2019-06-20 09:49:51 - [TEST_STEP][PASSED] - waitForElementVisible: Object 'Object Repository/ADMIN/Categories/Category/button_upload check' is visible

2019-06-20 09:49:51 - [MESSAGE][WARNING] - Timeout '0' is invalid. Using default page load timeout: '30'

2019-06-20 09:49:51 - [MESSAGE][PASSED] - Object 'Object Repository/ADMIN/Categories/Category/button_upload check' is visible

2019-06-20 09:49:51 - [TEST_STEP][PASSED] - click: Object: 'Object Repository/ADMIN/Categories/Category/button_upload check' is clicked on

2019-06-20 09:49:51 - [MESSAGE][PASSED] - Object: 'Object Repository/ADMIN/Categories/Category/button_upload check' is clicked on

2019-06-20 09:49:51 - [TEST_STEP][PASSED] - waitForElementVisible: Object 'Object Repository/ADMIN/Categories/Category/button_upload save' is visible

2019-06-20 09:49:51 - [MESSAGE][WARNING] - Timeout '0' is invalid. Using default page load timeout: '30'

2019-06-20 09:49:51 - [MESSAGE][PASSED] - Object 'Object Repository/ADMIN/Categories/Category/button_upload save' is visible

2019-06-20 09:49:51 - [TEST_STEP][PASSED] - click: Object: 'Object Repository/ADMIN/Categories/Category/button_upload save' is clicked on

2019-06-20 09:49:51 - [MESSAGE][PASSED] - Object: 'Object Repository/ADMIN/Categories/Category/button_upload save' is clicked on

2019-06-20 09:49:51 - [TEST_STEP][PASSED] - setText: Text 'Description32' is set on object 'Object Repository/ADMIN/Categories/Category/textfield_category_description'

2019-06-20 09:49:51 - [MESSAGE][PASSED] - Text 'Description32' is set on object 'Object Repository/ADMIN/Categories/Category/textfield_category_description'

2019-06-20 09:49:51 - [TEST_STEP][PASSED] - click: Object: 'Object Repository/ADMIN/Categories/Category/button_Save' is clicked on

2019-06-20 09:49:52 - [MESSAGE][PASSED] - Object: 'Object Repository/ADMIN/Categories/Category/button_Save' is clicked on

2019-06-20 09:49:52 - [TEST_STEP][PASSED] - waitForElementVisible: Object 'Object Repository/ADMIN/Categories/Category/label_edit popup' is visible

2019-06-20 09:49:52 - [MESSAGE][WARNING] - Timeout '0' is invalid. Using default page load timeout: '30'

2019-06-20 09:49:53 - [MESSAGE][PASSED] - Object 'Object Repository/ADMIN/Categories/Category/label_edit popup' is visible

2019-06-20 09:49:53 - [TEST_STEP][PASSED] - waitForElementNotPresent: Web element with id: 'Object Repository/ADMIN/Categories/Category/label_edit popup' located by 'By.xpath: //div[(text() = 'Category was successfully saved.' or . = 'Category was successfully saved.')]' is not present after '30' second(s)

2019-06-20 09:49:53 - [MESSAGE][WARNING] - Timeout '0' is invalid. Using default page load timeout: '30'

2019-06-20 09:49:59 - [MESSAGE][PASSED] - Web element with id: 'Object Repository/ADMIN/Categories/Category/label_edit popup' located by 'By.xpath: //div[(text() = 'Category was successfully saved.' or . = 'Category was successfully saved.')]' is not present after '30' second(s)]]></system-out>
         <system-err><![CDATA[]]></system-err>
      </testcase>
      <testcase name="Test Cases/ADMIN/Content Mgmt/Categories/Category Add-Edit/Add Category" classname="Test Cases/ADMIN/Content Mgmt/Categories/Category Add-Edit/Add Category" status="PASSED">
         <system-out><![CDATA[2019-06-20 09:49:59 - [TEST_CASE][PASSED] - Test Cases/ADMIN/Content Mgmt/Categories/Category Add-Edit/Add Category: Test Cases/ADMIN/Content Mgmt/Categories/Category Add-Edit/Add Category

2019-06-20 09:49:59 - [TEST_STEP][PASSED] - waitForElementVisible: Object 'Object Repository/ADMIN/Categories/Category List/button_Content Mgmt' is visible

2019-06-20 09:49:59 - [MESSAGE][WARNING] - Timeout '0' is invalid. Using default page load timeout: '30'

2019-06-20 09:49:59 - [MESSAGE][PASSED] - Object 'Object Repository/ADMIN/Categories/Category List/button_Content Mgmt' is visible

2019-06-20 09:49:59 - [TEST_STEP][PASSED] - click: Object: 'Object Repository/ADMIN/Categories/Category List/button_Content Mgmt' is clicked on

2019-06-20 09:49:59 - [MESSAGE][PASSED] - Object: 'Object Repository/ADMIN/Categories/Category List/button_Content Mgmt' is clicked on

2019-06-20 09:49:59 - [TEST_STEP][PASSED] - waitForElementVisible: Object 'Object Repository/ADMIN/Categories/Category List/button_Categories' is visible

2019-06-20 09:49:59 - [MESSAGE][WARNING] - Timeout '0' is invalid. Using default page load timeout: '30'

2019-06-20 09:49:59 - [MESSAGE][PASSED] - Object 'Object Repository/ADMIN/Categories/Category List/button_Categories' is visible

2019-06-20 09:49:59 - [TEST_STEP][PASSED] - click: Object: 'Object Repository/ADMIN/Categories/Category List/button_Categories' is clicked on

2019-06-20 09:49:59 - [MESSAGE][PASSED] - Object: 'Object Repository/ADMIN/Categories/Category List/button_Categories' is clicked on

2019-06-20 09:49:59 - [TEST_STEP][PASSED] - click: Object: 'Object Repository/ADMIN/Categories/Category List/button_Add a Category' is clicked on

2019-06-20 09:50:00 - [MESSAGE][PASSED] - Object: 'Object Repository/ADMIN/Categories/Category List/button_Add a Category' is clicked on

2019-06-20 09:50:00 - [TEST_STEP][PASSED] - waitForElementPresent: Object 'Object Repository/ADMIN/Categories/Category/dropdown_Parent' is present

2019-06-20 09:50:00 - [MESSAGE][PASSED] - Object 'Object Repository/ADMIN/Categories/Category/dropdown_Parent' is present

2019-06-20 09:50:00 - [TEST_STEP][PASSED] - delay: Delayed 1 second(s)

2019-06-20 09:50:01 - [MESSAGE][PASSED] - Delayed 1 second(s)

2019-06-20 09:50:01 - [TEST_STEP][PASSED] - setText: Text 'Category 2.6.2.2' is set on object 'Object Repository/ADMIN/Categories/Category/textfield_Category Name'

2019-06-20 09:50:01 - [MESSAGE][PASSED] - Text 'Category 2.6.2.2' is set on object 'Object Repository/ADMIN/Categories/Category/textfield_Category Name'

2019-06-20 09:50:01 - [TEST_STEP][PASSED] - click: Object: 'Object Repository/ADMIN/Categories/Category/dropdown_Parent' is clicked on

2019-06-20 09:50:01 - [MESSAGE][PASSED] - Object: 'Object Repository/ADMIN/Categories/Category/dropdown_Parent' is clicked on

2019-06-20 09:50:01 - [TEST_STEP][PASSED] - delay: Delayed 2 second(s)

2019-06-20 09:50:03 - [MESSAGE][PASSED] - Delayed 2 second(s)

2019-06-20 09:50:03 - [TEST_STEP][PASSED] - click: Object: 'Object Repository/ADMIN/Categories/Category/dropdown_Parent' is clicked on

2019-06-20 09:50:03 - [MESSAGE][PASSED] - Object: 'Object Repository/ADMIN/Categories/Category/dropdown_Parent' is clicked on

2019-06-20 09:50:03 - [TEST_STEP][PASSED] - selectOptionByLabel: All options with label 'Category 2.6.2' are selected in object 'Object Repository/ADMIN/Categories/Category/dropdown_Parent' 

2019-06-20 09:50:03 - [MESSAGE][PASSED] - All options with label 'Category 2.6.2' are selected in object 'Object Repository/ADMIN/Categories/Category/dropdown_Parent' 

2019-06-20 09:50:03 - [TEST_STEP][PASSED] - click: Object: 'Object Repository/ADMIN/Categories/Category/button_Browse' is clicked on

2019-06-20 09:50:03 - [MESSAGE][PASSED] - Object: 'Object Repository/ADMIN/Categories/Category/button_Browse' is clicked on

2019-06-20 09:50:03 - [TEST_STEP][PASSED] - delay: Delayed 2 second(s)

2019-06-20 09:50:05 - [MESSAGE][PASSED] - Delayed 2 second(s)

2019-06-20 09:50:05 - [TEST_STEP][PASSED] - uploadFile: File 'C:\\Katalon\\Image\\pic8.jpg' sent to object: 'Object Repository/ADMIN/Categories/Category/image_input image'

2019-06-20 09:50:05 - [MESSAGE][PASSED] - File 'C:\\Katalon\\Image\\pic8.jpg' sent to object: 'Object Repository/ADMIN/Categories/Category/image_input image'

2019-06-20 09:50:05 - [TEST_STEP][PASSED] - waitForElementVisible: Object 'Object Repository/ADMIN/Categories/Category/button_upload check' is visible

2019-06-20 09:50:05 - [MESSAGE][WARNING] - Timeout '0' is invalid. Using default page load timeout: '30'

2019-06-20 09:50:05 - [MESSAGE][PASSED] - Object 'Object Repository/ADMIN/Categories/Category/button_upload check' is visible

2019-06-20 09:50:05 - [TEST_STEP][PASSED] - click: Object: 'Object Repository/ADMIN/Categories/Category/button_upload check' is clicked on

2019-06-20 09:50:05 - [MESSAGE][PASSED] - Object: 'Object Repository/ADMIN/Categories/Category/button_upload check' is clicked on

2019-06-20 09:50:05 - [TEST_STEP][PASSED] - waitForElementVisible: Object 'Object Repository/ADMIN/Categories/Category/button_upload save' is visible

2019-06-20 09:50:05 - [MESSAGE][WARNING] - Timeout '0' is invalid. Using default page load timeout: '30'

2019-06-20 09:50:05 - [MESSAGE][PASSED] - Object 'Object Repository/ADMIN/Categories/Category/button_upload save' is visible

2019-06-20 09:50:05 - [TEST_STEP][PASSED] - click: Object: 'Object Repository/ADMIN/Categories/Category/button_upload save' is clicked on

2019-06-20 09:50:06 - [MESSAGE][PASSED] - Object: 'Object Repository/ADMIN/Categories/Category/button_upload save' is clicked on

2019-06-20 09:50:06 - [TEST_STEP][PASSED] - setText: Text 'Description33' is set on object 'Object Repository/ADMIN/Categories/Category/textfield_category_description'

2019-06-20 09:50:06 - [MESSAGE][PASSED] - Text 'Description33' is set on object 'Object Repository/ADMIN/Categories/Category/textfield_category_description'

2019-06-20 09:50:06 - [TEST_STEP][PASSED] - click: Object: 'Object Repository/ADMIN/Categories/Category/button_Save' is clicked on

2019-06-20 09:50:06 - [MESSAGE][PASSED] - Object: 'Object Repository/ADMIN/Categories/Category/button_Save' is clicked on

2019-06-20 09:50:06 - [TEST_STEP][PASSED] - waitForElementVisible: Object 'Object Repository/ADMIN/Categories/Category/label_edit popup' is visible

2019-06-20 09:50:06 - [MESSAGE][WARNING] - Timeout '0' is invalid. Using default page load timeout: '30'

2019-06-20 09:50:06 - [MESSAGE][PASSED] - Object 'Object Repository/ADMIN/Categories/Category/label_edit popup' is visible

2019-06-20 09:50:06 - [TEST_STEP][PASSED] - waitForElementNotPresent: Web element with id: 'Object Repository/ADMIN/Categories/Category/label_edit popup' located by 'By.xpath: //div[(text() = 'Category was successfully saved.' or . = 'Category was successfully saved.')]' is not present after '30' second(s)

2019-06-20 09:50:06 - [MESSAGE][WARNING] - Timeout '0' is invalid. Using default page load timeout: '30'

2019-06-20 09:50:12 - [MESSAGE][PASSED] - Web element with id: 'Object Repository/ADMIN/Categories/Category/label_edit popup' located by 'By.xpath: //div[(text() = 'Category was successfully saved.' or . = 'Category was successfully saved.')]' is not present after '30' second(s)]]></system-out>
         <system-err><![CDATA[]]></system-err>
      </testcase>
      <testcase name="Test Cases/ADMIN/Content Mgmt/Categories/Category Add-Edit/Add Category" classname="Test Cases/ADMIN/Content Mgmt/Categories/Category Add-Edit/Add Category" status="PASSED">
         <system-out><![CDATA[2019-06-20 09:50:12 - [TEST_CASE][PASSED] - Test Cases/ADMIN/Content Mgmt/Categories/Category Add-Edit/Add Category: Test Cases/ADMIN/Content Mgmt/Categories/Category Add-Edit/Add Category

2019-06-20 09:50:12 - [TEST_STEP][PASSED] - waitForElementVisible: Object 'Object Repository/ADMIN/Categories/Category List/button_Content Mgmt' is visible

2019-06-20 09:50:12 - [MESSAGE][WARNING] - Timeout '0' is invalid. Using default page load timeout: '30'

2019-06-20 09:50:12 - [MESSAGE][PASSED] - Object 'Object Repository/ADMIN/Categories/Category List/button_Content Mgmt' is visible

2019-06-20 09:50:12 - [TEST_STEP][PASSED] - click: Object: 'Object Repository/ADMIN/Categories/Category List/button_Content Mgmt' is clicked on

2019-06-20 09:50:12 - [MESSAGE][PASSED] - Object: 'Object Repository/ADMIN/Categories/Category List/button_Content Mgmt' is clicked on

2019-06-20 09:50:12 - [TEST_STEP][PASSED] - waitForElementVisible: Object 'Object Repository/ADMIN/Categories/Category List/button_Categories' is visible

2019-06-20 09:50:12 - [MESSAGE][WARNING] - Timeout '0' is invalid. Using default page load timeout: '30'

2019-06-20 09:50:12 - [MESSAGE][PASSED] - Object 'Object Repository/ADMIN/Categories/Category List/button_Categories' is visible

2019-06-20 09:50:12 - [TEST_STEP][PASSED] - click: Object: 'Object Repository/ADMIN/Categories/Category List/button_Categories' is clicked on

2019-06-20 09:50:13 - [MESSAGE][PASSED] - Object: 'Object Repository/ADMIN/Categories/Category List/button_Categories' is clicked on

2019-06-20 09:50:13 - [TEST_STEP][PASSED] - click: Object: 'Object Repository/ADMIN/Categories/Category List/button_Add a Category' is clicked on

2019-06-20 09:50:13 - [MESSAGE][PASSED] - Object: 'Object Repository/ADMIN/Categories/Category List/button_Add a Category' is clicked on

2019-06-20 09:50:13 - [TEST_STEP][PASSED] - waitForElementPresent: Object 'Object Repository/ADMIN/Categories/Category/dropdown_Parent' is present

2019-06-20 09:50:13 - [MESSAGE][PASSED] - Object 'Object Repository/ADMIN/Categories/Category/dropdown_Parent' is present

2019-06-20 09:50:13 - [TEST_STEP][PASSED] - delay: Delayed 1 second(s)

2019-06-20 09:50:14 - [MESSAGE][PASSED] - Delayed 1 second(s)

2019-06-20 09:50:14 - [TEST_STEP][PASSED] - setText: Text 'Category 2.6.2.3' is set on object 'Object Repository/ADMIN/Categories/Category/textfield_Category Name'

2019-06-20 09:50:15 - [MESSAGE][PASSED] - Text 'Category 2.6.2.3' is set on object 'Object Repository/ADMIN/Categories/Category/textfield_Category Name'

2019-06-20 09:50:15 - [TEST_STEP][PASSED] - click: Object: 'Object Repository/ADMIN/Categories/Category/dropdown_Parent' is clicked on

2019-06-20 09:50:15 - [MESSAGE][PASSED] - Object: 'Object Repository/ADMIN/Categories/Category/dropdown_Parent' is clicked on

2019-06-20 09:50:15 - [TEST_STEP][PASSED] - delay: Delayed 2 second(s)

2019-06-20 09:50:17 - [MESSAGE][PASSED] - Delayed 2 second(s)

2019-06-20 09:50:17 - [TEST_STEP][PASSED] - click: Object: 'Object Repository/ADMIN/Categories/Category/dropdown_Parent' is clicked on

2019-06-20 09:50:17 - [MESSAGE][PASSED] - Object: 'Object Repository/ADMIN/Categories/Category/dropdown_Parent' is clicked on

2019-06-20 09:50:17 - [TEST_STEP][PASSED] - selectOptionByLabel: All options with label 'Category 2.6.2' are selected in object 'Object Repository/ADMIN/Categories/Category/dropdown_Parent' 

2019-06-20 09:50:17 - [MESSAGE][PASSED] - All options with label 'Category 2.6.2' are selected in object 'Object Repository/ADMIN/Categories/Category/dropdown_Parent' 

2019-06-20 09:50:17 - [TEST_STEP][PASSED] - click: Object: 'Object Repository/ADMIN/Categories/Category/button_Browse' is clicked on

2019-06-20 09:50:17 - [MESSAGE][PASSED] - Object: 'Object Repository/ADMIN/Categories/Category/button_Browse' is clicked on

2019-06-20 09:50:17 - [TEST_STEP][PASSED] - delay: Delayed 2 second(s)

2019-06-20 09:50:19 - [MESSAGE][PASSED] - Delayed 2 second(s)

2019-06-20 09:50:19 - [TEST_STEP][PASSED] - uploadFile: File 'C:\\Katalon\\Image\\pic9.jpg' sent to object: 'Object Repository/ADMIN/Categories/Category/image_input image'

2019-06-20 09:50:19 - [MESSAGE][PASSED] - File 'C:\\Katalon\\Image\\pic9.jpg' sent to object: 'Object Repository/ADMIN/Categories/Category/image_input image'

2019-06-20 09:50:19 - [TEST_STEP][PASSED] - waitForElementVisible: Object 'Object Repository/ADMIN/Categories/Category/button_upload check' is visible

2019-06-20 09:50:19 - [MESSAGE][WARNING] - Timeout '0' is invalid. Using default page load timeout: '30'

2019-06-20 09:50:19 - [MESSAGE][PASSED] - Object 'Object Repository/ADMIN/Categories/Category/button_upload check' is visible

2019-06-20 09:50:19 - [TEST_STEP][PASSED] - click: Object: 'Object Repository/ADMIN/Categories/Category/button_upload check' is clicked on

2019-06-20 09:50:19 - [MESSAGE][PASSED] - Object: 'Object Repository/ADMIN/Categories/Category/button_upload check' is clicked on

2019-06-20 09:50:19 - [TEST_STEP][PASSED] - waitForElementVisible: Object 'Object Repository/ADMIN/Categories/Category/button_upload save' is visible

2019-06-20 09:50:19 - [MESSAGE][WARNING] - Timeout '0' is invalid. Using default page load timeout: '30'

2019-06-20 09:50:19 - [MESSAGE][PASSED] - Object 'Object Repository/ADMIN/Categories/Category/button_upload save' is visible

2019-06-20 09:50:19 - [TEST_STEP][PASSED] - click: Object: 'Object Repository/ADMIN/Categories/Category/button_upload save' is clicked on

2019-06-20 09:50:19 - [MESSAGE][PASSED] - Object: 'Object Repository/ADMIN/Categories/Category/button_upload save' is clicked on

2019-06-20 09:50:19 - [TEST_STEP][PASSED] - setText: Text 'Description34' is set on object 'Object Repository/ADMIN/Categories/Category/textfield_category_description'

2019-06-20 09:50:19 - [MESSAGE][PASSED] - Text 'Description34' is set on object 'Object Repository/ADMIN/Categories/Category/textfield_category_description'

2019-06-20 09:50:19 - [TEST_STEP][PASSED] - click: Object: 'Object Repository/ADMIN/Categories/Category/button_Save' is clicked on

2019-06-20 09:50:19 - [MESSAGE][PASSED] - Object: 'Object Repository/ADMIN/Categories/Category/button_Save' is clicked on

2019-06-20 09:50:19 - [TEST_STEP][PASSED] - waitForElementVisible: Object 'Object Repository/ADMIN/Categories/Category/label_edit popup' is visible

2019-06-20 09:50:19 - [MESSAGE][WARNING] - Timeout '0' is invalid. Using default page load timeout: '30'

2019-06-20 09:50:21 - [MESSAGE][PASSED] - Object 'Object Repository/ADMIN/Categories/Category/label_edit popup' is visible

2019-06-20 09:50:21 - [TEST_STEP][PASSED] - waitForElementNotPresent: Web element with id: 'Object Repository/ADMIN/Categories/Category/label_edit popup' located by 'By.xpath: //div[(text() = 'Category was successfully saved.' or . = 'Category was successfully saved.')]' is not present after '30' second(s)

2019-06-20 09:50:21 - [MESSAGE][WARNING] - Timeout '0' is invalid. Using default page load timeout: '30'

2019-06-20 09:50:27 - [MESSAGE][PASSED] - Web element with id: 'Object Repository/ADMIN/Categories/Category/label_edit popup' located by 'By.xpath: //div[(text() = 'Category was successfully saved.' or . = 'Category was successfully saved.')]' is not present after '30' second(s)]]></system-out>
         <system-err><![CDATA[]]></system-err>
      </testcase>
      <testcase name="Test Cases/ADMIN/Content Mgmt/Categories/Category Add-Edit/Add Category" classname="Test Cases/ADMIN/Content Mgmt/Categories/Category Add-Edit/Add Category" status="PASSED">
         <system-out><![CDATA[2019-06-20 09:50:27 - [TEST_CASE][PASSED] - Test Cases/ADMIN/Content Mgmt/Categories/Category Add-Edit/Add Category: Test Cases/ADMIN/Content Mgmt/Categories/Category Add-Edit/Add Category

2019-06-20 09:50:27 - [TEST_STEP][PASSED] - waitForElementVisible: Object 'Object Repository/ADMIN/Categories/Category List/button_Content Mgmt' is visible

2019-06-20 09:50:27 - [MESSAGE][WARNING] - Timeout '0' is invalid. Using default page load timeout: '30'

2019-06-20 09:50:27 - [MESSAGE][PASSED] - Object 'Object Repository/ADMIN/Categories/Category List/button_Content Mgmt' is visible

2019-06-20 09:50:27 - [TEST_STEP][PASSED] - click: Object: 'Object Repository/ADMIN/Categories/Category List/button_Content Mgmt' is clicked on

2019-06-20 09:50:27 - [MESSAGE][PASSED] - Object: 'Object Repository/ADMIN/Categories/Category List/button_Content Mgmt' is clicked on

2019-06-20 09:50:27 - [TEST_STEP][PASSED] - waitForElementVisible: Object 'Object Repository/ADMIN/Categories/Category List/button_Categories' is visible

2019-06-20 09:50:27 - [MESSAGE][WARNING] - Timeout '0' is invalid. Using default page load timeout: '30'

2019-06-20 09:50:27 - [MESSAGE][PASSED] - Object 'Object Repository/ADMIN/Categories/Category List/button_Categories' is visible

2019-06-20 09:50:27 - [TEST_STEP][PASSED] - click: Object: 'Object Repository/ADMIN/Categories/Category List/button_Categories' is clicked on

2019-06-20 09:50:27 - [MESSAGE][PASSED] - Object: 'Object Repository/ADMIN/Categories/Category List/button_Categories' is clicked on

2019-06-20 09:50:27 - [TEST_STEP][PASSED] - click: Object: 'Object Repository/ADMIN/Categories/Category List/button_Add a Category' is clicked on

2019-06-20 09:50:27 - [MESSAGE][PASSED] - Object: 'Object Repository/ADMIN/Categories/Category List/button_Add a Category' is clicked on

2019-06-20 09:50:27 - [TEST_STEP][PASSED] - waitForElementPresent: Object 'Object Repository/ADMIN/Categories/Category/dropdown_Parent' is present

2019-06-20 09:50:28 - [MESSAGE][PASSED] - Object 'Object Repository/ADMIN/Categories/Category/dropdown_Parent' is present

2019-06-20 09:50:28 - [TEST_STEP][PASSED] - delay: Delayed 1 second(s)

2019-06-20 09:50:29 - [MESSAGE][PASSED] - Delayed 1 second(s)

2019-06-20 09:50:29 - [TEST_STEP][PASSED] - setText: Text 'Category 3' is set on object 'Object Repository/ADMIN/Categories/Category/textfield_Category Name'

2019-06-20 09:50:29 - [MESSAGE][PASSED] - Text 'Category 3' is set on object 'Object Repository/ADMIN/Categories/Category/textfield_Category Name'

2019-06-20 09:50:29 - [TEST_STEP][PASSED] - click: Object: 'Object Repository/ADMIN/Categories/Category/dropdown_Parent' is clicked on

2019-06-20 09:50:29 - [MESSAGE][PASSED] - Object: 'Object Repository/ADMIN/Categories/Category/dropdown_Parent' is clicked on

2019-06-20 09:50:29 - [TEST_STEP][PASSED] - delay: Delayed 2 second(s)

2019-06-20 09:50:31 - [MESSAGE][PASSED] - Delayed 2 second(s)

2019-06-20 09:50:31 - [TEST_STEP][PASSED] - click: Object: 'Object Repository/ADMIN/Categories/Category/dropdown_Parent' is clicked on

2019-06-20 09:50:31 - [MESSAGE][PASSED] - Object: 'Object Repository/ADMIN/Categories/Category/dropdown_Parent' is clicked on

2019-06-20 09:50:31 - [TEST_STEP][PASSED] - selectOptionByLabel: All options with label '-' are selected in object 'Object Repository/ADMIN/Categories/Category/dropdown_Parent' 

2019-06-20 09:50:31 - [MESSAGE][PASSED] - All options with label '-' are selected in object 'Object Repository/ADMIN/Categories/Category/dropdown_Parent' 

2019-06-20 09:50:31 - [TEST_STEP][PASSED] - click: Object: 'Object Repository/ADMIN/Categories/Category/button_Browse' is clicked on

2019-06-20 09:50:31 - [MESSAGE][PASSED] - Object: 'Object Repository/ADMIN/Categories/Category/button_Browse' is clicked on

2019-06-20 09:50:31 - [TEST_STEP][PASSED] - delay: Delayed 2 second(s)

2019-06-20 09:50:33 - [MESSAGE][PASSED] - Delayed 2 second(s)

2019-06-20 09:50:33 - [TEST_STEP][PASSED] - uploadFile: File 'C:\\Katalon\\Image\\pic10.jpg' sent to object: 'Object Repository/ADMIN/Categories/Category/image_input image'

2019-06-20 09:50:33 - [MESSAGE][PASSED] - File 'C:\\Katalon\\Image\\pic10.jpg' sent to object: 'Object Repository/ADMIN/Categories/Category/image_input image'

2019-06-20 09:50:33 - [TEST_STEP][PASSED] - waitForElementVisible: Object 'Object Repository/ADMIN/Categories/Category/button_upload check' is visible

2019-06-20 09:50:33 - [MESSAGE][WARNING] - Timeout '0' is invalid. Using default page load timeout: '30'

2019-06-20 09:50:33 - [MESSAGE][PASSED] - Object 'Object Repository/ADMIN/Categories/Category/button_upload check' is visible

2019-06-20 09:50:33 - [TEST_STEP][PASSED] - click: Object: 'Object Repository/ADMIN/Categories/Category/button_upload check' is clicked on

2019-06-20 09:50:33 - [MESSAGE][PASSED] - Object: 'Object Repository/ADMIN/Categories/Category/button_upload check' is clicked on

2019-06-20 09:50:33 - [TEST_STEP][PASSED] - waitForElementVisible: Object 'Object Repository/ADMIN/Categories/Category/button_upload save' is visible

2019-06-20 09:50:33 - [MESSAGE][WARNING] - Timeout '0' is invalid. Using default page load timeout: '30'

2019-06-20 09:50:33 - [MESSAGE][PASSED] - Object 'Object Repository/ADMIN/Categories/Category/button_upload save' is visible

2019-06-20 09:50:33 - [TEST_STEP][PASSED] - click: Object: 'Object Repository/ADMIN/Categories/Category/button_upload save' is clicked on

2019-06-20 09:50:33 - [MESSAGE][PASSED] - Object: 'Object Repository/ADMIN/Categories/Category/button_upload save' is clicked on

2019-06-20 09:50:33 - [TEST_STEP][PASSED] - setText: Text 'Description35' is set on object 'Object Repository/ADMIN/Categories/Category/textfield_category_description'

2019-06-20 09:50:34 - [MESSAGE][PASSED] - Text 'Description35' is set on object 'Object Repository/ADMIN/Categories/Category/textfield_category_description'

2019-06-20 09:50:34 - [TEST_STEP][PASSED] - click: Object: 'Object Repository/ADMIN/Categories/Category/button_Save' is clicked on

2019-06-20 09:50:34 - [MESSAGE][PASSED] - Object: 'Object Repository/ADMIN/Categories/Category/button_Save' is clicked on

2019-06-20 09:50:34 - [TEST_STEP][PASSED] - waitForElementVisible: Object 'Object Repository/ADMIN/Categories/Category/label_edit popup' is visible

2019-06-20 09:50:34 - [MESSAGE][WARNING] - Timeout '0' is invalid. Using default page load timeout: '30'

2019-06-20 09:50:35 - [MESSAGE][PASSED] - Object 'Object Repository/ADMIN/Categories/Category/label_edit popup' is visible

2019-06-20 09:50:35 - [TEST_STEP][PASSED] - waitForElementNotPresent: Web element with id: 'Object Repository/ADMIN/Categories/Category/label_edit popup' located by 'By.xpath: //div[(text() = 'Category was successfully saved.' or . = 'Category was successfully saved.')]' is not present after '30' second(s)

2019-06-20 09:50:35 - [MESSAGE][WARNING] - Timeout '0' is invalid. Using default page load timeout: '30'

2019-06-20 09:50:41 - [MESSAGE][PASSED] - Web element with id: 'Object Repository/ADMIN/Categories/Category/label_edit popup' located by 'By.xpath: //div[(text() = 'Category was successfully saved.' or . = 'Category was successfully saved.')]' is not present after '30' second(s)]]></system-out>
         <system-err><![CDATA[]]></system-err>
      </testcase>
      <testcase name="Test Cases/ADMIN/Content Mgmt/Categories/Category Add-Edit/Add Category" classname="Test Cases/ADMIN/Content Mgmt/Categories/Category Add-Edit/Add Category" status="PASSED">
         <system-out><![CDATA[2019-06-20 09:50:41 - [TEST_CASE][PASSED] - Test Cases/ADMIN/Content Mgmt/Categories/Category Add-Edit/Add Category: Test Cases/ADMIN/Content Mgmt/Categories/Category Add-Edit/Add Category

2019-06-20 09:50:41 - [TEST_STEP][PASSED] - waitForElementVisible: Object 'Object Repository/ADMIN/Categories/Category List/button_Content Mgmt' is visible

2019-06-20 09:50:41 - [MESSAGE][WARNING] - Timeout '0' is invalid. Using default page load timeout: '30'

2019-06-20 09:50:41 - [MESSAGE][PASSED] - Object 'Object Repository/ADMIN/Categories/Category List/button_Content Mgmt' is visible

2019-06-20 09:50:41 - [TEST_STEP][PASSED] - click: Object: 'Object Repository/ADMIN/Categories/Category List/button_Content Mgmt' is clicked on

2019-06-20 09:50:41 - [MESSAGE][PASSED] - Object: 'Object Repository/ADMIN/Categories/Category List/button_Content Mgmt' is clicked on

2019-06-20 09:50:41 - [TEST_STEP][PASSED] - waitForElementVisible: Object 'Object Repository/ADMIN/Categories/Category List/button_Categories' is visible

2019-06-20 09:50:41 - [MESSAGE][WARNING] - Timeout '0' is invalid. Using default page load timeout: '30'

2019-06-20 09:50:41 - [MESSAGE][PASSED] - Object 'Object Repository/ADMIN/Categories/Category List/button_Categories' is visible

2019-06-20 09:50:41 - [TEST_STEP][PASSED] - click: Object: 'Object Repository/ADMIN/Categories/Category List/button_Categories' is clicked on

2019-06-20 09:50:42 - [MESSAGE][PASSED] - Object: 'Object Repository/ADMIN/Categories/Category List/button_Categories' is clicked on

2019-06-20 09:50:42 - [TEST_STEP][PASSED] - click: Object: 'Object Repository/ADMIN/Categories/Category List/button_Add a Category' is clicked on

2019-06-20 09:50:42 - [MESSAGE][PASSED] - Object: 'Object Repository/ADMIN/Categories/Category List/button_Add a Category' is clicked on

2019-06-20 09:50:42 - [TEST_STEP][PASSED] - waitForElementPresent: Object 'Object Repository/ADMIN/Categories/Category/dropdown_Parent' is present

2019-06-20 09:50:42 - [MESSAGE][PASSED] - Object 'Object Repository/ADMIN/Categories/Category/dropdown_Parent' is present

2019-06-20 09:50:42 - [TEST_STEP][PASSED] - delay: Delayed 1 second(s)

2019-06-20 09:50:43 - [MESSAGE][PASSED] - Delayed 1 second(s)

2019-06-20 09:50:43 - [TEST_STEP][PASSED] - setText: Text 'Category 3.1' is set on object 'Object Repository/ADMIN/Categories/Category/textfield_Category Name'

2019-06-20 09:50:43 - [MESSAGE][PASSED] - Text 'Category 3.1' is set on object 'Object Repository/ADMIN/Categories/Category/textfield_Category Name'

2019-06-20 09:50:43 - [TEST_STEP][PASSED] - click: Object: 'Object Repository/ADMIN/Categories/Category/dropdown_Parent' is clicked on

2019-06-20 09:50:43 - [MESSAGE][PASSED] - Object: 'Object Repository/ADMIN/Categories/Category/dropdown_Parent' is clicked on

2019-06-20 09:50:43 - [TEST_STEP][PASSED] - delay: Delayed 2 second(s)

2019-06-20 09:50:45 - [MESSAGE][PASSED] - Delayed 2 second(s)

2019-06-20 09:50:45 - [TEST_STEP][PASSED] - click: Object: 'Object Repository/ADMIN/Categories/Category/dropdown_Parent' is clicked on

2019-06-20 09:50:45 - [MESSAGE][PASSED] - Object: 'Object Repository/ADMIN/Categories/Category/dropdown_Parent' is clicked on

2019-06-20 09:50:45 - [TEST_STEP][PASSED] - selectOptionByLabel: All options with label 'Category 3' are selected in object 'Object Repository/ADMIN/Categories/Category/dropdown_Parent' 

2019-06-20 09:50:45 - [MESSAGE][PASSED] - All options with label 'Category 3' are selected in object 'Object Repository/ADMIN/Categories/Category/dropdown_Parent' 

2019-06-20 09:50:45 - [TEST_STEP][PASSED] - click: Object: 'Object Repository/ADMIN/Categories/Category/button_Browse' is clicked on

2019-06-20 09:50:45 - [MESSAGE][PASSED] - Object: 'Object Repository/ADMIN/Categories/Category/button_Browse' is clicked on

2019-06-20 09:50:45 - [TEST_STEP][PASSED] - delay: Delayed 2 second(s)

2019-06-20 09:50:47 - [MESSAGE][PASSED] - Delayed 2 second(s)

2019-06-20 09:50:47 - [TEST_STEP][PASSED] - uploadFile: File 'C:\\Katalon\\Image\\pic11.jpg' sent to object: 'Object Repository/ADMIN/Categories/Category/image_input image'

2019-06-20 09:50:47 - [MESSAGE][PASSED] - File 'C:\\Katalon\\Image\\pic11.jpg' sent to object: 'Object Repository/ADMIN/Categories/Category/image_input image'

2019-06-20 09:50:47 - [TEST_STEP][PASSED] - waitForElementVisible: Object 'Object Repository/ADMIN/Categories/Category/button_upload check' is visible

2019-06-20 09:50:47 - [MESSAGE][WARNING] - Timeout '0' is invalid. Using default page load timeout: '30'

2019-06-20 09:50:47 - [MESSAGE][PASSED] - Object 'Object Repository/ADMIN/Categories/Category/button_upload check' is visible

2019-06-20 09:50:47 - [TEST_STEP][PASSED] - click: Object: 'Object Repository/ADMIN/Categories/Category/button_upload check' is clicked on

2019-06-20 09:50:47 - [MESSAGE][PASSED] - Object: 'Object Repository/ADMIN/Categories/Category/button_upload check' is clicked on

2019-06-20 09:50:47 - [TEST_STEP][PASSED] - waitForElementVisible: Object 'Object Repository/ADMIN/Categories/Category/button_upload save' is visible

2019-06-20 09:50:47 - [MESSAGE][WARNING] - Timeout '0' is invalid. Using default page load timeout: '30'

2019-06-20 09:50:48 - [MESSAGE][PASSED] - Object 'Object Repository/ADMIN/Categories/Category/button_upload save' is visible

2019-06-20 09:50:48 - [TEST_STEP][PASSED] - click: Object: 'Object Repository/ADMIN/Categories/Category/button_upload save' is clicked on

2019-06-20 09:50:48 - [MESSAGE][PASSED] - Object: 'Object Repository/ADMIN/Categories/Category/button_upload save' is clicked on

2019-06-20 09:50:48 - [TEST_STEP][PASSED] - setText: Text 'Description36' is set on object 'Object Repository/ADMIN/Categories/Category/textfield_category_description'

2019-06-20 09:50:48 - [MESSAGE][PASSED] - Text 'Description36' is set on object 'Object Repository/ADMIN/Categories/Category/textfield_category_description'

2019-06-20 09:50:48 - [TEST_STEP][PASSED] - click: Object: 'Object Repository/ADMIN/Categories/Category/button_Save' is clicked on

2019-06-20 09:50:48 - [MESSAGE][PASSED] - Object: 'Object Repository/ADMIN/Categories/Category/button_Save' is clicked on

2019-06-20 09:50:48 - [TEST_STEP][PASSED] - waitForElementVisible: Object 'Object Repository/ADMIN/Categories/Category/label_edit popup' is visible

2019-06-20 09:50:48 - [MESSAGE][WARNING] - Timeout '0' is invalid. Using default page load timeout: '30'

2019-06-20 09:50:48 - [MESSAGE][PASSED] - Object 'Object Repository/ADMIN/Categories/Category/label_edit popup' is visible

2019-06-20 09:50:48 - [TEST_STEP][PASSED] - waitForElementNotPresent: Web element with id: 'Object Repository/ADMIN/Categories/Category/label_edit popup' located by 'By.xpath: //div[(text() = 'Category was successfully saved.' or . = 'Category was successfully saved.')]' is not present after '30' second(s)

2019-06-20 09:50:48 - [MESSAGE][WARNING] - Timeout '0' is invalid. Using default page load timeout: '30'

2019-06-20 09:50:54 - [MESSAGE][PASSED] - Web element with id: 'Object Repository/ADMIN/Categories/Category/label_edit popup' located by 'By.xpath: //div[(text() = 'Category was successfully saved.' or . = 'Category was successfully saved.')]' is not present after '30' second(s)]]></system-out>
         <system-err><![CDATA[]]></system-err>
      </testcase>
      <testcase name="Test Cases/ADMIN/Content Mgmt/Categories/Category Add-Edit/Add Category" classname="Test Cases/ADMIN/Content Mgmt/Categories/Category Add-Edit/Add Category" status="PASSED">
         <system-out><![CDATA[2019-06-20 09:50:54 - [TEST_CASE][PASSED] - Test Cases/ADMIN/Content Mgmt/Categories/Category Add-Edit/Add Category: Test Cases/ADMIN/Content Mgmt/Categories/Category Add-Edit/Add Category

2019-06-20 09:50:54 - [TEST_STEP][PASSED] - waitForElementVisible: Object 'Object Repository/ADMIN/Categories/Category List/button_Content Mgmt' is visible

2019-06-20 09:50:54 - [MESSAGE][WARNING] - Timeout '0' is invalid. Using default page load timeout: '30'

2019-06-20 09:50:54 - [MESSAGE][PASSED] - Object 'Object Repository/ADMIN/Categories/Category List/button_Content Mgmt' is visible

2019-06-20 09:50:54 - [TEST_STEP][PASSED] - click: Object: 'Object Repository/ADMIN/Categories/Category List/button_Content Mgmt' is clicked on

2019-06-20 09:50:54 - [MESSAGE][PASSED] - Object: 'Object Repository/ADMIN/Categories/Category List/button_Content Mgmt' is clicked on

2019-06-20 09:50:54 - [TEST_STEP][PASSED] - waitForElementVisible: Object 'Object Repository/ADMIN/Categories/Category List/button_Categories' is visible

2019-06-20 09:50:54 - [MESSAGE][WARNING] - Timeout '0' is invalid. Using default page load timeout: '30'

2019-06-20 09:50:54 - [MESSAGE][PASSED] - Object 'Object Repository/ADMIN/Categories/Category List/button_Categories' is visible

2019-06-20 09:50:54 - [TEST_STEP][PASSED] - click: Object: 'Object Repository/ADMIN/Categories/Category List/button_Categories' is clicked on

2019-06-20 09:50:55 - [MESSAGE][PASSED] - Object: 'Object Repository/ADMIN/Categories/Category List/button_Categories' is clicked on

2019-06-20 09:50:55 - [TEST_STEP][PASSED] - click: Object: 'Object Repository/ADMIN/Categories/Category List/button_Add a Category' is clicked on

2019-06-20 09:50:55 - [MESSAGE][PASSED] - Object: 'Object Repository/ADMIN/Categories/Category List/button_Add a Category' is clicked on

2019-06-20 09:50:55 - [TEST_STEP][PASSED] - waitForElementPresent: Object 'Object Repository/ADMIN/Categories/Category/dropdown_Parent' is present

2019-06-20 09:50:55 - [MESSAGE][PASSED] - Object 'Object Repository/ADMIN/Categories/Category/dropdown_Parent' is present

2019-06-20 09:50:55 - [TEST_STEP][PASSED] - delay: Delayed 1 second(s)

2019-06-20 09:50:56 - [MESSAGE][PASSED] - Delayed 1 second(s)

2019-06-20 09:50:56 - [TEST_STEP][PASSED] - setText: Text 'Category 3.2' is set on object 'Object Repository/ADMIN/Categories/Category/textfield_Category Name'

2019-06-20 09:50:56 - [MESSAGE][PASSED] - Text 'Category 3.2' is set on object 'Object Repository/ADMIN/Categories/Category/textfield_Category Name'

2019-06-20 09:50:56 - [TEST_STEP][PASSED] - click: Object: 'Object Repository/ADMIN/Categories/Category/dropdown_Parent' is clicked on

2019-06-20 09:50:56 - [MESSAGE][PASSED] - Object: 'Object Repository/ADMIN/Categories/Category/dropdown_Parent' is clicked on

2019-06-20 09:50:56 - [TEST_STEP][PASSED] - delay: Delayed 2 second(s)

2019-06-20 09:50:58 - [MESSAGE][PASSED] - Delayed 2 second(s)

2019-06-20 09:50:58 - [TEST_STEP][PASSED] - click: Object: 'Object Repository/ADMIN/Categories/Category/dropdown_Parent' is clicked on

2019-06-20 09:50:59 - [MESSAGE][PASSED] - Object: 'Object Repository/ADMIN/Categories/Category/dropdown_Parent' is clicked on

2019-06-20 09:50:59 - [TEST_STEP][PASSED] - selectOptionByLabel: All options with label 'Category 3' are selected in object 'Object Repository/ADMIN/Categories/Category/dropdown_Parent' 

2019-06-20 09:50:59 - [MESSAGE][PASSED] - All options with label 'Category 3' are selected in object 'Object Repository/ADMIN/Categories/Category/dropdown_Parent' 

2019-06-20 09:50:59 - [TEST_STEP][PASSED] - click: Object: 'Object Repository/ADMIN/Categories/Category/button_Browse' is clicked on

2019-06-20 09:50:59 - [MESSAGE][PASSED] - Object: 'Object Repository/ADMIN/Categories/Category/button_Browse' is clicked on

2019-06-20 09:50:59 - [TEST_STEP][PASSED] - delay: Delayed 2 second(s)

2019-06-20 09:51:01 - [MESSAGE][PASSED] - Delayed 2 second(s)

2019-06-20 09:51:01 - [TEST_STEP][PASSED] - uploadFile: File 'C:\\Katalon\\Image\\pic12.jpg' sent to object: 'Object Repository/ADMIN/Categories/Category/image_input image'

2019-06-20 09:51:01 - [MESSAGE][PASSED] - File 'C:\\Katalon\\Image\\pic12.jpg' sent to object: 'Object Repository/ADMIN/Categories/Category/image_input image'

2019-06-20 09:51:01 - [TEST_STEP][PASSED] - waitForElementVisible: Object 'Object Repository/ADMIN/Categories/Category/button_upload check' is visible

2019-06-20 09:51:01 - [MESSAGE][WARNING] - Timeout '0' is invalid. Using default page load timeout: '30'

2019-06-20 09:51:01 - [MESSAGE][PASSED] - Object 'Object Repository/ADMIN/Categories/Category/button_upload check' is visible

2019-06-20 09:51:01 - [TEST_STEP][PASSED] - click: Object: 'Object Repository/ADMIN/Categories/Category/button_upload check' is clicked on

2019-06-20 09:51:01 - [MESSAGE][PASSED] - Object: 'Object Repository/ADMIN/Categories/Category/button_upload check' is clicked on

2019-06-20 09:51:01 - [TEST_STEP][PASSED] - waitForElementVisible: Object 'Object Repository/ADMIN/Categories/Category/button_upload save' is visible

2019-06-20 09:51:01 - [MESSAGE][WARNING] - Timeout '0' is invalid. Using default page load timeout: '30'

2019-06-20 09:51:01 - [MESSAGE][PASSED] - Object 'Object Repository/ADMIN/Categories/Category/button_upload save' is visible

2019-06-20 09:51:01 - [TEST_STEP][PASSED] - click: Object: 'Object Repository/ADMIN/Categories/Category/button_upload save' is clicked on

2019-06-20 09:51:01 - [MESSAGE][PASSED] - Object: 'Object Repository/ADMIN/Categories/Category/button_upload save' is clicked on

2019-06-20 09:51:01 - [TEST_STEP][PASSED] - setText: Text 'Description37' is set on object 'Object Repository/ADMIN/Categories/Category/textfield_category_description'

2019-06-20 09:51:01 - [MESSAGE][PASSED] - Text 'Description37' is set on object 'Object Repository/ADMIN/Categories/Category/textfield_category_description'

2019-06-20 09:51:01 - [TEST_STEP][PASSED] - click: Object: 'Object Repository/ADMIN/Categories/Category/button_Save' is clicked on

2019-06-20 09:51:01 - [MESSAGE][PASSED] - Object: 'Object Repository/ADMIN/Categories/Category/button_Save' is clicked on

2019-06-20 09:51:01 - [TEST_STEP][PASSED] - waitForElementVisible: Object 'Object Repository/ADMIN/Categories/Category/label_edit popup' is visible

2019-06-20 09:51:01 - [MESSAGE][WARNING] - Timeout '0' is invalid. Using default page load timeout: '30'

2019-06-20 09:51:02 - [MESSAGE][PASSED] - Object 'Object Repository/ADMIN/Categories/Category/label_edit popup' is visible

2019-06-20 09:51:02 - [TEST_STEP][PASSED] - waitForElementNotPresent: Web element with id: 'Object Repository/ADMIN/Categories/Category/label_edit popup' located by 'By.xpath: //div[(text() = 'Category was successfully saved.' or . = 'Category was successfully saved.')]' is not present after '30' second(s)

2019-06-20 09:51:02 - [MESSAGE][WARNING] - Timeout '0' is invalid. Using default page load timeout: '30'

2019-06-20 09:51:08 - [MESSAGE][PASSED] - Web element with id: 'Object Repository/ADMIN/Categories/Category/label_edit popup' located by 'By.xpath: //div[(text() = 'Category was successfully saved.' or . = 'Category was successfully saved.')]' is not present after '30' second(s)]]></system-out>
         <system-err><![CDATA[]]></system-err>
      </testcase>
      <testcase name="Test Cases/ADMIN/Content Mgmt/Categories/Category Add-Edit/Add Category" classname="Test Cases/ADMIN/Content Mgmt/Categories/Category Add-Edit/Add Category" status="PASSED">
         <system-out><![CDATA[2019-06-20 09:51:08 - [TEST_CASE][PASSED] - Test Cases/ADMIN/Content Mgmt/Categories/Category Add-Edit/Add Category: Test Cases/ADMIN/Content Mgmt/Categories/Category Add-Edit/Add Category

2019-06-20 09:51:08 - [TEST_STEP][PASSED] - waitForElementVisible: Object 'Object Repository/ADMIN/Categories/Category List/button_Content Mgmt' is visible

2019-06-20 09:51:08 - [MESSAGE][WARNING] - Timeout '0' is invalid. Using default page load timeout: '30'

2019-06-20 09:51:08 - [MESSAGE][PASSED] - Object 'Object Repository/ADMIN/Categories/Category List/button_Content Mgmt' is visible

2019-06-20 09:51:08 - [TEST_STEP][PASSED] - click: Object: 'Object Repository/ADMIN/Categories/Category List/button_Content Mgmt' is clicked on

2019-06-20 09:51:08 - [MESSAGE][PASSED] - Object: 'Object Repository/ADMIN/Categories/Category List/button_Content Mgmt' is clicked on

2019-06-20 09:51:08 - [TEST_STEP][PASSED] - waitForElementVisible: Object 'Object Repository/ADMIN/Categories/Category List/button_Categories' is visible

2019-06-20 09:51:08 - [MESSAGE][WARNING] - Timeout '0' is invalid. Using default page load timeout: '30'

2019-06-20 09:51:08 - [MESSAGE][PASSED] - Object 'Object Repository/ADMIN/Categories/Category List/button_Categories' is visible

2019-06-20 09:51:08 - [TEST_STEP][PASSED] - click: Object: 'Object Repository/ADMIN/Categories/Category List/button_Categories' is clicked on

2019-06-20 09:51:09 - [MESSAGE][PASSED] - Object: 'Object Repository/ADMIN/Categories/Category List/button_Categories' is clicked on

2019-06-20 09:51:09 - [TEST_STEP][PASSED] - click: Object: 'Object Repository/ADMIN/Categories/Category List/button_Add a Category' is clicked on

2019-06-20 09:51:09 - [MESSAGE][PASSED] - Object: 'Object Repository/ADMIN/Categories/Category List/button_Add a Category' is clicked on

2019-06-20 09:51:09 - [TEST_STEP][PASSED] - waitForElementPresent: Object 'Object Repository/ADMIN/Categories/Category/dropdown_Parent' is present

2019-06-20 09:51:09 - [MESSAGE][PASSED] - Object 'Object Repository/ADMIN/Categories/Category/dropdown_Parent' is present

2019-06-20 09:51:09 - [TEST_STEP][PASSED] - delay: Delayed 1 second(s)

2019-06-20 09:51:10 - [MESSAGE][PASSED] - Delayed 1 second(s)

2019-06-20 09:51:10 - [TEST_STEP][PASSED] - setText: Text 'Category 3.3' is set on object 'Object Repository/ADMIN/Categories/Category/textfield_Category Name'

2019-06-20 09:51:11 - [MESSAGE][PASSED] - Text 'Category 3.3' is set on object 'Object Repository/ADMIN/Categories/Category/textfield_Category Name'

2019-06-20 09:51:11 - [TEST_STEP][PASSED] - click: Object: 'Object Repository/ADMIN/Categories/Category/dropdown_Parent' is clicked on

2019-06-20 09:51:11 - [MESSAGE][PASSED] - Object: 'Object Repository/ADMIN/Categories/Category/dropdown_Parent' is clicked on

2019-06-20 09:51:11 - [TEST_STEP][PASSED] - delay: Delayed 2 second(s)

2019-06-20 09:51:13 - [MESSAGE][PASSED] - Delayed 2 second(s)

2019-06-20 09:51:13 - [TEST_STEP][PASSED] - click: Object: 'Object Repository/ADMIN/Categories/Category/dropdown_Parent' is clicked on

2019-06-20 09:51:13 - [MESSAGE][PASSED] - Object: 'Object Repository/ADMIN/Categories/Category/dropdown_Parent' is clicked on

2019-06-20 09:51:13 - [TEST_STEP][PASSED] - selectOptionByLabel: All options with label 'Category 3' are selected in object 'Object Repository/ADMIN/Categories/Category/dropdown_Parent' 

2019-06-20 09:51:13 - [MESSAGE][PASSED] - All options with label 'Category 3' are selected in object 'Object Repository/ADMIN/Categories/Category/dropdown_Parent' 

2019-06-20 09:51:13 - [TEST_STEP][PASSED] - click: Object: 'Object Repository/ADMIN/Categories/Category/button_Browse' is clicked on

2019-06-20 09:51:13 - [MESSAGE][PASSED] - Object: 'Object Repository/ADMIN/Categories/Category/button_Browse' is clicked on

2019-06-20 09:51:13 - [TEST_STEP][PASSED] - delay: Delayed 2 second(s)

2019-06-20 09:51:15 - [MESSAGE][PASSED] - Delayed 2 second(s)

2019-06-20 09:51:15 - [TEST_STEP][PASSED] - uploadFile: File 'C:\\Katalon\\Image\\pic1.jpg' sent to object: 'Object Repository/ADMIN/Categories/Category/image_input image'

2019-06-20 09:51:15 - [MESSAGE][PASSED] - File 'C:\\Katalon\\Image\\pic1.jpg' sent to object: 'Object Repository/ADMIN/Categories/Category/image_input image'

2019-06-20 09:51:15 - [TEST_STEP][PASSED] - waitForElementVisible: Object 'Object Repository/ADMIN/Categories/Category/button_upload check' is visible

2019-06-20 09:51:15 - [MESSAGE][WARNING] - Timeout '0' is invalid. Using default page load timeout: '30'

2019-06-20 09:51:15 - [MESSAGE][PASSED] - Object 'Object Repository/ADMIN/Categories/Category/button_upload check' is visible

2019-06-20 09:51:15 - [TEST_STEP][PASSED] - click: Object: 'Object Repository/ADMIN/Categories/Category/button_upload check' is clicked on

2019-06-20 09:51:15 - [MESSAGE][PASSED] - Object: 'Object Repository/ADMIN/Categories/Category/button_upload check' is clicked on

2019-06-20 09:51:15 - [TEST_STEP][PASSED] - waitForElementVisible: Object 'Object Repository/ADMIN/Categories/Category/button_upload save' is visible

2019-06-20 09:51:15 - [MESSAGE][WARNING] - Timeout '0' is invalid. Using default page load timeout: '30'

2019-06-20 09:51:15 - [MESSAGE][PASSED] - Object 'Object Repository/ADMIN/Categories/Category/button_upload save' is visible

2019-06-20 09:51:15 - [TEST_STEP][PASSED] - click: Object: 'Object Repository/ADMIN/Categories/Category/button_upload save' is clicked on

2019-06-20 09:51:15 - [MESSAGE][PASSED] - Object: 'Object Repository/ADMIN/Categories/Category/button_upload save' is clicked on

2019-06-20 09:51:15 - [TEST_STEP][PASSED] - setText: Text 'Description38' is set on object 'Object Repository/ADMIN/Categories/Category/textfield_category_description'

2019-06-20 09:51:15 - [MESSAGE][PASSED] - Text 'Description38' is set on object 'Object Repository/ADMIN/Categories/Category/textfield_category_description'

2019-06-20 09:51:15 - [TEST_STEP][PASSED] - click: Object: 'Object Repository/ADMIN/Categories/Category/button_Save' is clicked on

2019-06-20 09:51:16 - [MESSAGE][PASSED] - Object: 'Object Repository/ADMIN/Categories/Category/button_Save' is clicked on

2019-06-20 09:51:16 - [TEST_STEP][PASSED] - waitForElementVisible: Object 'Object Repository/ADMIN/Categories/Category/label_edit popup' is visible

2019-06-20 09:51:16 - [MESSAGE][WARNING] - Timeout '0' is invalid. Using default page load timeout: '30'

2019-06-20 09:51:16 - [MESSAGE][PASSED] - Object 'Object Repository/ADMIN/Categories/Category/label_edit popup' is visible

2019-06-20 09:51:16 - [TEST_STEP][PASSED] - waitForElementNotPresent: Web element with id: 'Object Repository/ADMIN/Categories/Category/label_edit popup' located by 'By.xpath: //div[(text() = 'Category was successfully saved.' or . = 'Category was successfully saved.')]' is not present after '30' second(s)

2019-06-20 09:51:16 - [MESSAGE][WARNING] - Timeout '0' is invalid. Using default page load timeout: '30'

2019-06-20 09:51:22 - [MESSAGE][PASSED] - Web element with id: 'Object Repository/ADMIN/Categories/Category/label_edit popup' located by 'By.xpath: //div[(text() = 'Category was successfully saved.' or . = 'Category was successfully saved.')]' is not present after '30' second(s)]]></system-out>
         <system-err><![CDATA[]]></system-err>
      </testcase>
      <testcase name="Test Cases/ADMIN/Content Mgmt/Categories/Category Add-Edit/Add Category" classname="Test Cases/ADMIN/Content Mgmt/Categories/Category Add-Edit/Add Category" status="PASSED">
         <system-out><![CDATA[2019-06-20 09:51:22 - [TEST_CASE][PASSED] - Test Cases/ADMIN/Content Mgmt/Categories/Category Add-Edit/Add Category: Test Cases/ADMIN/Content Mgmt/Categories/Category Add-Edit/Add Category

2019-06-20 09:51:22 - [TEST_STEP][PASSED] - waitForElementVisible: Object 'Object Repository/ADMIN/Categories/Category List/button_Content Mgmt' is visible

2019-06-20 09:51:22 - [MESSAGE][WARNING] - Timeout '0' is invalid. Using default page load timeout: '30'

2019-06-20 09:51:22 - [MESSAGE][PASSED] - Object 'Object Repository/ADMIN/Categories/Category List/button_Content Mgmt' is visible

2019-06-20 09:51:22 - [TEST_STEP][PASSED] - click: Object: 'Object Repository/ADMIN/Categories/Category List/button_Content Mgmt' is clicked on

2019-06-20 09:51:23 - [MESSAGE][PASSED] - Object: 'Object Repository/ADMIN/Categories/Category List/button_Content Mgmt' is clicked on

2019-06-20 09:51:23 - [TEST_STEP][PASSED] - waitForElementVisible: Object 'Object Repository/ADMIN/Categories/Category List/button_Categories' is visible

2019-06-20 09:51:23 - [MESSAGE][WARNING] - Timeout '0' is invalid. Using default page load timeout: '30'

2019-06-20 09:51:23 - [MESSAGE][PASSED] - Object 'Object Repository/ADMIN/Categories/Category List/button_Categories' is visible

2019-06-20 09:51:23 - [TEST_STEP][PASSED] - click: Object: 'Object Repository/ADMIN/Categories/Category List/button_Categories' is clicked on

2019-06-20 09:51:23 - [MESSAGE][PASSED] - Object: 'Object Repository/ADMIN/Categories/Category List/button_Categories' is clicked on

2019-06-20 09:51:23 - [TEST_STEP][PASSED] - click: Object: 'Object Repository/ADMIN/Categories/Category List/button_Add a Category' is clicked on

2019-06-20 09:51:24 - [MESSAGE][PASSED] - Object: 'Object Repository/ADMIN/Categories/Category List/button_Add a Category' is clicked on

2019-06-20 09:51:24 - [TEST_STEP][PASSED] - waitForElementPresent: Object 'Object Repository/ADMIN/Categories/Category/dropdown_Parent' is present

2019-06-20 09:51:24 - [MESSAGE][PASSED] - Object 'Object Repository/ADMIN/Categories/Category/dropdown_Parent' is present

2019-06-20 09:51:24 - [TEST_STEP][PASSED] - delay: Delayed 1 second(s)

2019-06-20 09:51:25 - [MESSAGE][PASSED] - Delayed 1 second(s)

2019-06-20 09:51:25 - [TEST_STEP][PASSED] - setText: Text 'Category 3.4' is set on object 'Object Repository/ADMIN/Categories/Category/textfield_Category Name'

2019-06-20 09:51:25 - [MESSAGE][PASSED] - Text 'Category 3.4' is set on object 'Object Repository/ADMIN/Categories/Category/textfield_Category Name'

2019-06-20 09:51:25 - [TEST_STEP][PASSED] - click: Object: 'Object Repository/ADMIN/Categories/Category/dropdown_Parent' is clicked on

2019-06-20 09:51:25 - [MESSAGE][PASSED] - Object: 'Object Repository/ADMIN/Categories/Category/dropdown_Parent' is clicked on

2019-06-20 09:51:25 - [TEST_STEP][PASSED] - delay: Delayed 2 second(s)

2019-06-20 09:51:27 - [MESSAGE][PASSED] - Delayed 2 second(s)

2019-06-20 09:51:27 - [TEST_STEP][PASSED] - click: Object: 'Object Repository/ADMIN/Categories/Category/dropdown_Parent' is clicked on

2019-06-20 09:51:27 - [MESSAGE][PASSED] - Object: 'Object Repository/ADMIN/Categories/Category/dropdown_Parent' is clicked on

2019-06-20 09:51:27 - [TEST_STEP][PASSED] - selectOptionByLabel: All options with label 'Category 3' are selected in object 'Object Repository/ADMIN/Categories/Category/dropdown_Parent' 

2019-06-20 09:51:27 - [MESSAGE][PASSED] - All options with label 'Category 3' are selected in object 'Object Repository/ADMIN/Categories/Category/dropdown_Parent' 

2019-06-20 09:51:27 - [TEST_STEP][PASSED] - click: Object: 'Object Repository/ADMIN/Categories/Category/button_Browse' is clicked on

2019-06-20 09:51:27 - [MESSAGE][PASSED] - Object: 'Object Repository/ADMIN/Categories/Category/button_Browse' is clicked on

2019-06-20 09:51:27 - [TEST_STEP][PASSED] - delay: Delayed 2 second(s)

2019-06-20 09:51:29 - [MESSAGE][PASSED] - Delayed 2 second(s)

2019-06-20 09:51:29 - [TEST_STEP][PASSED] - uploadFile: File 'C:\\Katalon\\Image\\pic2.jpg' sent to object: 'Object Repository/ADMIN/Categories/Category/image_input image'

2019-06-20 09:51:29 - [MESSAGE][PASSED] - File 'C:\\Katalon\\Image\\pic2.jpg' sent to object: 'Object Repository/ADMIN/Categories/Category/image_input image'

2019-06-20 09:51:29 - [TEST_STEP][PASSED] - waitForElementVisible: Object 'Object Repository/ADMIN/Categories/Category/button_upload check' is visible

2019-06-20 09:51:29 - [MESSAGE][WARNING] - Timeout '0' is invalid. Using default page load timeout: '30'

2019-06-20 09:51:29 - [MESSAGE][PASSED] - Object 'Object Repository/ADMIN/Categories/Category/button_upload check' is visible

2019-06-20 09:51:29 - [TEST_STEP][PASSED] - click: Object: 'Object Repository/ADMIN/Categories/Category/button_upload check' is clicked on

2019-06-20 09:51:29 - [MESSAGE][PASSED] - Object: 'Object Repository/ADMIN/Categories/Category/button_upload check' is clicked on

2019-06-20 09:51:29 - [TEST_STEP][PASSED] - waitForElementVisible: Object 'Object Repository/ADMIN/Categories/Category/button_upload save' is visible

2019-06-20 09:51:29 - [MESSAGE][WARNING] - Timeout '0' is invalid. Using default page load timeout: '30'

2019-06-20 09:51:29 - [MESSAGE][PASSED] - Object 'Object Repository/ADMIN/Categories/Category/button_upload save' is visible

2019-06-20 09:51:29 - [TEST_STEP][PASSED] - click: Object: 'Object Repository/ADMIN/Categories/Category/button_upload save' is clicked on

2019-06-20 09:51:29 - [MESSAGE][PASSED] - Object: 'Object Repository/ADMIN/Categories/Category/button_upload save' is clicked on

2019-06-20 09:51:29 - [TEST_STEP][PASSED] - setText: Text 'Description39' is set on object 'Object Repository/ADMIN/Categories/Category/textfield_category_description'

2019-06-20 09:51:30 - [MESSAGE][PASSED] - Text 'Description39' is set on object 'Object Repository/ADMIN/Categories/Category/textfield_category_description'

2019-06-20 09:51:30 - [TEST_STEP][PASSED] - click: Object: 'Object Repository/ADMIN/Categories/Category/button_Save' is clicked on

2019-06-20 09:51:30 - [MESSAGE][PASSED] - Object: 'Object Repository/ADMIN/Categories/Category/button_Save' is clicked on

2019-06-20 09:51:30 - [TEST_STEP][PASSED] - waitForElementVisible: Object 'Object Repository/ADMIN/Categories/Category/label_edit popup' is visible

2019-06-20 09:51:30 - [MESSAGE][WARNING] - Timeout '0' is invalid. Using default page load timeout: '30'

2019-06-20 09:51:31 - [MESSAGE][PASSED] - Object 'Object Repository/ADMIN/Categories/Category/label_edit popup' is visible

2019-06-20 09:51:31 - [TEST_STEP][PASSED] - waitForElementNotPresent: Web element with id: 'Object Repository/ADMIN/Categories/Category/label_edit popup' located by 'By.xpath: //div[(text() = 'Category was successfully saved.' or . = 'Category was successfully saved.')]' is not present after '30' second(s)

2019-06-20 09:51:31 - [MESSAGE][WARNING] - Timeout '0' is invalid. Using default page load timeout: '30'

2019-06-20 09:51:37 - [MESSAGE][PASSED] - Web element with id: 'Object Repository/ADMIN/Categories/Category/label_edit popup' located by 'By.xpath: //div[(text() = 'Category was successfully saved.' or . = 'Category was successfully saved.')]' is not present after '30' second(s)]]></system-out>
         <system-err><![CDATA[]]></system-err>
      </testcase>
      <testcase name="Test Cases/ADMIN/Content Mgmt/Categories/Category Add-Edit/Add Category" classname="Test Cases/ADMIN/Content Mgmt/Categories/Category Add-Edit/Add Category" status="PASSED">
         <system-out><![CDATA[2019-06-20 09:51:37 - [TEST_CASE][PASSED] - Test Cases/ADMIN/Content Mgmt/Categories/Category Add-Edit/Add Category: Test Cases/ADMIN/Content Mgmt/Categories/Category Add-Edit/Add Category

2019-06-20 09:51:37 - [TEST_STEP][PASSED] - waitForElementVisible: Object 'Object Repository/ADMIN/Categories/Category List/button_Content Mgmt' is visible

2019-06-20 09:51:37 - [MESSAGE][WARNING] - Timeout '0' is invalid. Using default page load timeout: '30'

2019-06-20 09:51:37 - [MESSAGE][PASSED] - Object 'Object Repository/ADMIN/Categories/Category List/button_Content Mgmt' is visible

2019-06-20 09:51:37 - [TEST_STEP][PASSED] - click: Object: 'Object Repository/ADMIN/Categories/Category List/button_Content Mgmt' is clicked on

2019-06-20 09:51:37 - [MESSAGE][PASSED] - Object: 'Object Repository/ADMIN/Categories/Category List/button_Content Mgmt' is clicked on

2019-06-20 09:51:37 - [TEST_STEP][PASSED] - waitForElementVisible: Object 'Object Repository/ADMIN/Categories/Category List/button_Categories' is visible

2019-06-20 09:51:37 - [MESSAGE][WARNING] - Timeout '0' is invalid. Using default page load timeout: '30'

2019-06-20 09:51:37 - [MESSAGE][PASSED] - Object 'Object Repository/ADMIN/Categories/Category List/button_Categories' is visible

2019-06-20 09:51:37 - [TEST_STEP][PASSED] - click: Object: 'Object Repository/ADMIN/Categories/Category List/button_Categories' is clicked on

2019-06-20 09:51:38 - [MESSAGE][PASSED] - Object: 'Object Repository/ADMIN/Categories/Category List/button_Categories' is clicked on

2019-06-20 09:51:38 - [TEST_STEP][PASSED] - click: Object: 'Object Repository/ADMIN/Categories/Category List/button_Add a Category' is clicked on

2019-06-20 09:51:38 - [MESSAGE][PASSED] - Object: 'Object Repository/ADMIN/Categories/Category List/button_Add a Category' is clicked on

2019-06-20 09:51:38 - [TEST_STEP][PASSED] - waitForElementPresent: Object 'Object Repository/ADMIN/Categories/Category/dropdown_Parent' is present

2019-06-20 09:51:38 - [MESSAGE][PASSED] - Object 'Object Repository/ADMIN/Categories/Category/dropdown_Parent' is present

2019-06-20 09:51:38 - [TEST_STEP][PASSED] - delay: Delayed 1 second(s)

2019-06-20 09:51:39 - [MESSAGE][PASSED] - Delayed 1 second(s)

2019-06-20 09:51:39 - [TEST_STEP][PASSED] - setText: Text 'Category 3.5' is set on object 'Object Repository/ADMIN/Categories/Category/textfield_Category Name'

2019-06-20 09:51:39 - [MESSAGE][PASSED] - Text 'Category 3.5' is set on object 'Object Repository/ADMIN/Categories/Category/textfield_Category Name'

2019-06-20 09:51:39 - [TEST_STEP][PASSED] - click: Object: 'Object Repository/ADMIN/Categories/Category/dropdown_Parent' is clicked on

2019-06-20 09:51:39 - [MESSAGE][PASSED] - Object: 'Object Repository/ADMIN/Categories/Category/dropdown_Parent' is clicked on

2019-06-20 09:51:39 - [TEST_STEP][PASSED] - delay: Delayed 2 second(s)

2019-06-20 09:51:41 - [MESSAGE][PASSED] - Delayed 2 second(s)

2019-06-20 09:51:41 - [TEST_STEP][PASSED] - click: Object: 'Object Repository/ADMIN/Categories/Category/dropdown_Parent' is clicked on

2019-06-20 09:51:42 - [MESSAGE][PASSED] - Object: 'Object Repository/ADMIN/Categories/Category/dropdown_Parent' is clicked on

2019-06-20 09:51:42 - [TEST_STEP][PASSED] - selectOptionByLabel: All options with label 'Category 3' are selected in object 'Object Repository/ADMIN/Categories/Category/dropdown_Parent' 

2019-06-20 09:51:42 - [MESSAGE][PASSED] - All options with label 'Category 3' are selected in object 'Object Repository/ADMIN/Categories/Category/dropdown_Parent' 

2019-06-20 09:51:42 - [TEST_STEP][PASSED] - click: Object: 'Object Repository/ADMIN/Categories/Category/button_Browse' is clicked on

2019-06-20 09:51:42 - [MESSAGE][PASSED] - Object: 'Object Repository/ADMIN/Categories/Category/button_Browse' is clicked on

2019-06-20 09:51:42 - [TEST_STEP][PASSED] - delay: Delayed 2 second(s)

2019-06-20 09:51:44 - [MESSAGE][PASSED] - Delayed 2 second(s)

2019-06-20 09:51:44 - [TEST_STEP][PASSED] - uploadFile: File 'C:\\Katalon\\Image\\pic3.jpg' sent to object: 'Object Repository/ADMIN/Categories/Category/image_input image'

2019-06-20 09:51:44 - [MESSAGE][PASSED] - File 'C:\\Katalon\\Image\\pic3.jpg' sent to object: 'Object Repository/ADMIN/Categories/Category/image_input image'

2019-06-20 09:51:44 - [TEST_STEP][PASSED] - waitForElementVisible: Object 'Object Repository/ADMIN/Categories/Category/button_upload check' is visible

2019-06-20 09:51:44 - [MESSAGE][WARNING] - Timeout '0' is invalid. Using default page load timeout: '30'

2019-06-20 09:51:44 - [MESSAGE][PASSED] - Object 'Object Repository/ADMIN/Categories/Category/button_upload check' is visible

2019-06-20 09:51:44 - [TEST_STEP][PASSED] - click: Object: 'Object Repository/ADMIN/Categories/Category/button_upload check' is clicked on

2019-06-20 09:51:44 - [MESSAGE][PASSED] - Object: 'Object Repository/ADMIN/Categories/Category/button_upload check' is clicked on

2019-06-20 09:51:44 - [TEST_STEP][PASSED] - waitForElementVisible: Object 'Object Repository/ADMIN/Categories/Category/button_upload save' is visible

2019-06-20 09:51:44 - [MESSAGE][WARNING] - Timeout '0' is invalid. Using default page load timeout: '30'

2019-06-20 09:51:44 - [MESSAGE][PASSED] - Object 'Object Repository/ADMIN/Categories/Category/button_upload save' is visible

2019-06-20 09:51:44 - [TEST_STEP][PASSED] - click: Object: 'Object Repository/ADMIN/Categories/Category/button_upload save' is clicked on

2019-06-20 09:51:44 - [MESSAGE][PASSED] - Object: 'Object Repository/ADMIN/Categories/Category/button_upload save' is clicked on

2019-06-20 09:51:44 - [TEST_STEP][PASSED] - setText: Text 'Description40' is set on object 'Object Repository/ADMIN/Categories/Category/textfield_category_description'

2019-06-20 09:51:44 - [MESSAGE][PASSED] - Text 'Description40' is set on object 'Object Repository/ADMIN/Categories/Category/textfield_category_description'

2019-06-20 09:51:44 - [TEST_STEP][PASSED] - click: Object: 'Object Repository/ADMIN/Categories/Category/button_Save' is clicked on

2019-06-20 09:51:44 - [MESSAGE][PASSED] - Object: 'Object Repository/ADMIN/Categories/Category/button_Save' is clicked on

2019-06-20 09:51:44 - [TEST_STEP][PASSED] - waitForElementVisible: Object 'Object Repository/ADMIN/Categories/Category/label_edit popup' is visible

2019-06-20 09:51:44 - [MESSAGE][WARNING] - Timeout '0' is invalid. Using default page load timeout: '30'

2019-06-20 09:51:45 - [MESSAGE][PASSED] - Object 'Object Repository/ADMIN/Categories/Category/label_edit popup' is visible

2019-06-20 09:51:45 - [TEST_STEP][PASSED] - waitForElementNotPresent: Web element with id: 'Object Repository/ADMIN/Categories/Category/label_edit popup' located by 'By.xpath: //div[(text() = 'Category was successfully saved.' or . = 'Category was successfully saved.')]' is not present after '30' second(s)

2019-06-20 09:51:45 - [MESSAGE][WARNING] - Timeout '0' is invalid. Using default page load timeout: '30'

2019-06-20 09:51:51 - [MESSAGE][PASSED] - Web element with id: 'Object Repository/ADMIN/Categories/Category/label_edit popup' located by 'By.xpath: //div[(text() = 'Category was successfully saved.' or . = 'Category was successfully saved.')]' is not present after '30' second(s)]]></system-out>
         <system-err><![CDATA[]]></system-err>
      </testcase>
      <testcase name="Test Cases/ADMIN/Content Mgmt/Categories/Category Add-Edit/Add Category" classname="Test Cases/ADMIN/Content Mgmt/Categories/Category Add-Edit/Add Category" status="PASSED">
         <system-out><![CDATA[2019-06-20 09:51:51 - [TEST_CASE][PASSED] - Test Cases/ADMIN/Content Mgmt/Categories/Category Add-Edit/Add Category: Test Cases/ADMIN/Content Mgmt/Categories/Category Add-Edit/Add Category

2019-06-20 09:51:51 - [TEST_STEP][PASSED] - waitForElementVisible: Object 'Object Repository/ADMIN/Categories/Category List/button_Content Mgmt' is visible

2019-06-20 09:51:51 - [MESSAGE][WARNING] - Timeout '0' is invalid. Using default page load timeout: '30'

2019-06-20 09:51:51 - [MESSAGE][PASSED] - Object 'Object Repository/ADMIN/Categories/Category List/button_Content Mgmt' is visible

2019-06-20 09:51:51 - [TEST_STEP][PASSED] - click: Object: 'Object Repository/ADMIN/Categories/Category List/button_Content Mgmt' is clicked on

2019-06-20 09:51:51 - [MESSAGE][PASSED] - Object: 'Object Repository/ADMIN/Categories/Category List/button_Content Mgmt' is clicked on

2019-06-20 09:51:51 - [TEST_STEP][PASSED] - waitForElementVisible: Object 'Object Repository/ADMIN/Categories/Category List/button_Categories' is visible

2019-06-20 09:51:51 - [MESSAGE][WARNING] - Timeout '0' is invalid. Using default page load timeout: '30'

2019-06-20 09:51:51 - [MESSAGE][PASSED] - Object 'Object Repository/ADMIN/Categories/Category List/button_Categories' is visible

2019-06-20 09:51:51 - [TEST_STEP][PASSED] - click: Object: 'Object Repository/ADMIN/Categories/Category List/button_Categories' is clicked on

2019-06-20 09:51:52 - [MESSAGE][PASSED] - Object: 'Object Repository/ADMIN/Categories/Category List/button_Categories' is clicked on

2019-06-20 09:51:52 - [TEST_STEP][PASSED] - click: Object: 'Object Repository/ADMIN/Categories/Category List/button_Add a Category' is clicked on

2019-06-20 09:51:52 - [MESSAGE][PASSED] - Object: 'Object Repository/ADMIN/Categories/Category List/button_Add a Category' is clicked on

2019-06-20 09:51:52 - [TEST_STEP][PASSED] - waitForElementPresent: Object 'Object Repository/ADMIN/Categories/Category/dropdown_Parent' is present

2019-06-20 09:51:52 - [MESSAGE][PASSED] - Object 'Object Repository/ADMIN/Categories/Category/dropdown_Parent' is present

2019-06-20 09:51:52 - [TEST_STEP][PASSED] - delay: Delayed 1 second(s)

2019-06-20 09:51:53 - [MESSAGE][PASSED] - Delayed 1 second(s)

2019-06-20 09:51:53 - [TEST_STEP][PASSED] - setText: Text 'Category 3.5.1' is set on object 'Object Repository/ADMIN/Categories/Category/textfield_Category Name'

2019-06-20 09:51:54 - [MESSAGE][PASSED] - Text 'Category 3.5.1' is set on object 'Object Repository/ADMIN/Categories/Category/textfield_Category Name'

2019-06-20 09:51:54 - [TEST_STEP][PASSED] - click: Object: 'Object Repository/ADMIN/Categories/Category/dropdown_Parent' is clicked on

2019-06-20 09:51:54 - [MESSAGE][PASSED] - Object: 'Object Repository/ADMIN/Categories/Category/dropdown_Parent' is clicked on

2019-06-20 09:51:54 - [TEST_STEP][PASSED] - delay: Delayed 2 second(s)

2019-06-20 09:51:56 - [MESSAGE][PASSED] - Delayed 2 second(s)

2019-06-20 09:51:56 - [TEST_STEP][PASSED] - click: Object: 'Object Repository/ADMIN/Categories/Category/dropdown_Parent' is clicked on

2019-06-20 09:51:56 - [MESSAGE][PASSED] - Object: 'Object Repository/ADMIN/Categories/Category/dropdown_Parent' is clicked on

2019-06-20 09:51:56 - [TEST_STEP][PASSED] - selectOptionByLabel: All options with label 'Category 3.5' are selected in object 'Object Repository/ADMIN/Categories/Category/dropdown_Parent' 

2019-06-20 09:51:56 - [MESSAGE][PASSED] - All options with label 'Category 3.5' are selected in object 'Object Repository/ADMIN/Categories/Category/dropdown_Parent' 

2019-06-20 09:51:56 - [TEST_STEP][PASSED] - click: Object: 'Object Repository/ADMIN/Categories/Category/button_Browse' is clicked on

2019-06-20 09:51:56 - [MESSAGE][PASSED] - Object: 'Object Repository/ADMIN/Categories/Category/button_Browse' is clicked on

2019-06-20 09:51:56 - [TEST_STEP][PASSED] - delay: Delayed 2 second(s)

2019-06-20 09:51:58 - [MESSAGE][PASSED] - Delayed 2 second(s)

2019-06-20 09:51:58 - [TEST_STEP][PASSED] - uploadFile: File 'C:\\Katalon\\Image\\pic4.jpg' sent to object: 'Object Repository/ADMIN/Categories/Category/image_input image'

2019-06-20 09:51:58 - [MESSAGE][PASSED] - File 'C:\\Katalon\\Image\\pic4.jpg' sent to object: 'Object Repository/ADMIN/Categories/Category/image_input image'

2019-06-20 09:51:58 - [TEST_STEP][PASSED] - waitForElementVisible: Object 'Object Repository/ADMIN/Categories/Category/button_upload check' is visible

2019-06-20 09:51:58 - [MESSAGE][WARNING] - Timeout '0' is invalid. Using default page load timeout: '30'

2019-06-20 09:51:58 - [MESSAGE][PASSED] - Object 'Object Repository/ADMIN/Categories/Category/button_upload check' is visible

2019-06-20 09:51:58 - [TEST_STEP][PASSED] - click: Object: 'Object Repository/ADMIN/Categories/Category/button_upload check' is clicked on

2019-06-20 09:51:58 - [MESSAGE][PASSED] - Object: 'Object Repository/ADMIN/Categories/Category/button_upload check' is clicked on

2019-06-20 09:51:58 - [TEST_STEP][PASSED] - waitForElementVisible: Object 'Object Repository/ADMIN/Categories/Category/button_upload save' is visible

2019-06-20 09:51:58 - [MESSAGE][WARNING] - Timeout '0' is invalid. Using default page load timeout: '30'

2019-06-20 09:51:58 - [MESSAGE][PASSED] - Object 'Object Repository/ADMIN/Categories/Category/button_upload save' is visible

2019-06-20 09:51:58 - [TEST_STEP][PASSED] - click: Object: 'Object Repository/ADMIN/Categories/Category/button_upload save' is clicked on

2019-06-20 09:51:58 - [MESSAGE][PASSED] - Object: 'Object Repository/ADMIN/Categories/Category/button_upload save' is clicked on

2019-06-20 09:51:58 - [TEST_STEP][PASSED] - setText: Text 'Description41' is set on object 'Object Repository/ADMIN/Categories/Category/textfield_category_description'

2019-06-20 09:51:58 - [MESSAGE][PASSED] - Text 'Description41' is set on object 'Object Repository/ADMIN/Categories/Category/textfield_category_description'

2019-06-20 09:51:58 - [TEST_STEP][PASSED] - click: Object: 'Object Repository/ADMIN/Categories/Category/button_Save' is clicked on

2019-06-20 09:51:58 - [MESSAGE][PASSED] - Object: 'Object Repository/ADMIN/Categories/Category/button_Save' is clicked on

2019-06-20 09:51:58 - [TEST_STEP][PASSED] - waitForElementVisible: Object 'Object Repository/ADMIN/Categories/Category/label_edit popup' is visible

2019-06-20 09:51:58 - [MESSAGE][WARNING] - Timeout '0' is invalid. Using default page load timeout: '30'

2019-06-20 09:52:00 - [MESSAGE][PASSED] - Object 'Object Repository/ADMIN/Categories/Category/label_edit popup' is visible

2019-06-20 09:52:00 - [TEST_STEP][PASSED] - waitForElementNotPresent: Web element with id: 'Object Repository/ADMIN/Categories/Category/label_edit popup' located by 'By.xpath: //div[(text() = 'Category was successfully saved.' or . = 'Category was successfully saved.')]' is not present after '30' second(s)

2019-06-20 09:52:00 - [MESSAGE][WARNING] - Timeout '0' is invalid. Using default page load timeout: '30'

2019-06-20 09:52:05 - [MESSAGE][PASSED] - Web element with id: 'Object Repository/ADMIN/Categories/Category/label_edit popup' located by 'By.xpath: //div[(text() = 'Category was successfully saved.' or . = 'Category was successfully saved.')]' is not present after '30' second(s)]]></system-out>
         <system-err><![CDATA[]]></system-err>
      </testcase>
      <testcase name="Test Cases/ADMIN/Content Mgmt/Categories/Category Add-Edit/Add Category" classname="Test Cases/ADMIN/Content Mgmt/Categories/Category Add-Edit/Add Category" status="PASSED">
         <system-out><![CDATA[2019-06-20 09:52:05 - [TEST_CASE][PASSED] - Test Cases/ADMIN/Content Mgmt/Categories/Category Add-Edit/Add Category: Test Cases/ADMIN/Content Mgmt/Categories/Category Add-Edit/Add Category

2019-06-20 09:52:05 - [TEST_STEP][PASSED] - waitForElementVisible: Object 'Object Repository/ADMIN/Categories/Category List/button_Content Mgmt' is visible

2019-06-20 09:52:05 - [MESSAGE][WARNING] - Timeout '0' is invalid. Using default page load timeout: '30'

2019-06-20 09:52:05 - [MESSAGE][PASSED] - Object 'Object Repository/ADMIN/Categories/Category List/button_Content Mgmt' is visible

2019-06-20 09:52:05 - [TEST_STEP][PASSED] - click: Object: 'Object Repository/ADMIN/Categories/Category List/button_Content Mgmt' is clicked on

2019-06-20 09:52:05 - [MESSAGE][PASSED] - Object: 'Object Repository/ADMIN/Categories/Category List/button_Content Mgmt' is clicked on

2019-06-20 09:52:05 - [TEST_STEP][PASSED] - waitForElementVisible: Object 'Object Repository/ADMIN/Categories/Category List/button_Categories' is visible

2019-06-20 09:52:05 - [MESSAGE][WARNING] - Timeout '0' is invalid. Using default page load timeout: '30'

2019-06-20 09:52:05 - [MESSAGE][PASSED] - Object 'Object Repository/ADMIN/Categories/Category List/button_Categories' is visible

2019-06-20 09:52:06 - [TEST_STEP][PASSED] - click: Object: 'Object Repository/ADMIN/Categories/Category List/button_Categories' is clicked on

2019-06-20 09:52:06 - [MESSAGE][PASSED] - Object: 'Object Repository/ADMIN/Categories/Category List/button_Categories' is clicked on

2019-06-20 09:52:06 - [TEST_STEP][PASSED] - click: Object: 'Object Repository/ADMIN/Categories/Category List/button_Add a Category' is clicked on

2019-06-20 09:52:06 - [MESSAGE][PASSED] - Object: 'Object Repository/ADMIN/Categories/Category List/button_Add a Category' is clicked on

2019-06-20 09:52:06 - [TEST_STEP][PASSED] - waitForElementPresent: Object 'Object Repository/ADMIN/Categories/Category/dropdown_Parent' is present

2019-06-20 09:52:06 - [MESSAGE][PASSED] - Object 'Object Repository/ADMIN/Categories/Category/dropdown_Parent' is present

2019-06-20 09:52:06 - [TEST_STEP][PASSED] - delay: Delayed 1 second(s)

2019-06-20 09:52:07 - [MESSAGE][PASSED] - Delayed 1 second(s)

2019-06-20 09:52:07 - [TEST_STEP][PASSED] - setText: Text 'Category 3.5.2' is set on object 'Object Repository/ADMIN/Categories/Category/textfield_Category Name'

2019-06-20 09:52:07 - [MESSAGE][PASSED] - Text 'Category 3.5.2' is set on object 'Object Repository/ADMIN/Categories/Category/textfield_Category Name'

2019-06-20 09:52:07 - [TEST_STEP][PASSED] - click: Object: 'Object Repository/ADMIN/Categories/Category/dropdown_Parent' is clicked on

2019-06-20 09:52:07 - [MESSAGE][PASSED] - Object: 'Object Repository/ADMIN/Categories/Category/dropdown_Parent' is clicked on

2019-06-20 09:52:07 - [TEST_STEP][PASSED] - delay: Delayed 2 second(s)

2019-06-20 09:52:09 - [MESSAGE][PASSED] - Delayed 2 second(s)

2019-06-20 09:52:09 - [TEST_STEP][PASSED] - click: Object: 'Object Repository/ADMIN/Categories/Category/dropdown_Parent' is clicked on

2019-06-20 09:52:10 - [MESSAGE][PASSED] - Object: 'Object Repository/ADMIN/Categories/Category/dropdown_Parent' is clicked on

2019-06-20 09:52:10 - [TEST_STEP][PASSED] - selectOptionByLabel: All options with label 'Category 3.5' are selected in object 'Object Repository/ADMIN/Categories/Category/dropdown_Parent' 

2019-06-20 09:52:10 - [MESSAGE][PASSED] - All options with label 'Category 3.5' are selected in object 'Object Repository/ADMIN/Categories/Category/dropdown_Parent' 

2019-06-20 09:52:10 - [TEST_STEP][PASSED] - click: Object: 'Object Repository/ADMIN/Categories/Category/button_Browse' is clicked on

2019-06-20 09:52:10 - [MESSAGE][PASSED] - Object: 'Object Repository/ADMIN/Categories/Category/button_Browse' is clicked on

2019-06-20 09:52:10 - [TEST_STEP][PASSED] - delay: Delayed 2 second(s)

2019-06-20 09:52:12 - [MESSAGE][PASSED] - Delayed 2 second(s)

2019-06-20 09:52:12 - [TEST_STEP][PASSED] - uploadFile: File 'C:\\Katalon\\Image\\pic5.jpg' sent to object: 'Object Repository/ADMIN/Categories/Category/image_input image'

2019-06-20 09:52:12 - [MESSAGE][PASSED] - File 'C:\\Katalon\\Image\\pic5.jpg' sent to object: 'Object Repository/ADMIN/Categories/Category/image_input image'

2019-06-20 09:52:12 - [TEST_STEP][PASSED] - waitForElementVisible: Object 'Object Repository/ADMIN/Categories/Category/button_upload check' is visible

2019-06-20 09:52:12 - [MESSAGE][WARNING] - Timeout '0' is invalid. Using default page load timeout: '30'

2019-06-20 09:52:12 - [MESSAGE][PASSED] - Object 'Object Repository/ADMIN/Categories/Category/button_upload check' is visible

2019-06-20 09:52:12 - [TEST_STEP][PASSED] - click: Object: 'Object Repository/ADMIN/Categories/Category/button_upload check' is clicked on

2019-06-20 09:52:12 - [MESSAGE][PASSED] - Object: 'Object Repository/ADMIN/Categories/Category/button_upload check' is clicked on

2019-06-20 09:52:12 - [TEST_STEP][PASSED] - waitForElementVisible: Object 'Object Repository/ADMIN/Categories/Category/button_upload save' is visible

2019-06-20 09:52:12 - [MESSAGE][WARNING] - Timeout '0' is invalid. Using default page load timeout: '30'

2019-06-20 09:52:12 - [MESSAGE][PASSED] - Object 'Object Repository/ADMIN/Categories/Category/button_upload save' is visible

2019-06-20 09:52:12 - [TEST_STEP][PASSED] - click: Object: 'Object Repository/ADMIN/Categories/Category/button_upload save' is clicked on

2019-06-20 09:52:12 - [MESSAGE][PASSED] - Object: 'Object Repository/ADMIN/Categories/Category/button_upload save' is clicked on

2019-06-20 09:52:12 - [TEST_STEP][PASSED] - setText: Text 'Description42' is set on object 'Object Repository/ADMIN/Categories/Category/textfield_category_description'

2019-06-20 09:52:12 - [MESSAGE][PASSED] - Text 'Description42' is set on object 'Object Repository/ADMIN/Categories/Category/textfield_category_description'

2019-06-20 09:52:12 - [TEST_STEP][PASSED] - click: Object: 'Object Repository/ADMIN/Categories/Category/button_Save' is clicked on

2019-06-20 09:52:12 - [MESSAGE][PASSED] - Object: 'Object Repository/ADMIN/Categories/Category/button_Save' is clicked on

2019-06-20 09:52:12 - [TEST_STEP][PASSED] - waitForElementVisible: Object 'Object Repository/ADMIN/Categories/Category/label_edit popup' is visible

2019-06-20 09:52:12 - [MESSAGE][WARNING] - Timeout '0' is invalid. Using default page load timeout: '30'

2019-06-20 09:52:14 - [MESSAGE][PASSED] - Object 'Object Repository/ADMIN/Categories/Category/label_edit popup' is visible

2019-06-20 09:52:14 - [TEST_STEP][PASSED] - waitForElementNotPresent: Web element with id: 'Object Repository/ADMIN/Categories/Category/label_edit popup' located by 'By.xpath: //div[(text() = 'Category was successfully saved.' or . = 'Category was successfully saved.')]' is not present after '30' second(s)

2019-06-20 09:52:14 - [MESSAGE][WARNING] - Timeout '0' is invalid. Using default page load timeout: '30'

2019-06-20 09:52:20 - [MESSAGE][PASSED] - Web element with id: 'Object Repository/ADMIN/Categories/Category/label_edit popup' located by 'By.xpath: //div[(text() = 'Category was successfully saved.' or . = 'Category was successfully saved.')]' is not present after '30' second(s)]]></system-out>
         <system-err><![CDATA[]]></system-err>
      </testcase>
      <testcase name="Test Cases/ADMIN/Content Mgmt/Categories/Category Add-Edit/Add Category" classname="Test Cases/ADMIN/Content Mgmt/Categories/Category Add-Edit/Add Category" status="PASSED">
         <system-out><![CDATA[2019-06-20 09:52:20 - [TEST_CASE][PASSED] - Test Cases/ADMIN/Content Mgmt/Categories/Category Add-Edit/Add Category: Test Cases/ADMIN/Content Mgmt/Categories/Category Add-Edit/Add Category

2019-06-20 09:52:20 - [TEST_STEP][PASSED] - waitForElementVisible: Object 'Object Repository/ADMIN/Categories/Category List/button_Content Mgmt' is visible

2019-06-20 09:52:20 - [MESSAGE][WARNING] - Timeout '0' is invalid. Using default page load timeout: '30'

2019-06-20 09:52:20 - [MESSAGE][PASSED] - Object 'Object Repository/ADMIN/Categories/Category List/button_Content Mgmt' is visible

2019-06-20 09:52:20 - [TEST_STEP][PASSED] - click: Object: 'Object Repository/ADMIN/Categories/Category List/button_Content Mgmt' is clicked on

2019-06-20 09:52:20 - [MESSAGE][PASSED] - Object: 'Object Repository/ADMIN/Categories/Category List/button_Content Mgmt' is clicked on

2019-06-20 09:52:20 - [TEST_STEP][PASSED] - waitForElementVisible: Object 'Object Repository/ADMIN/Categories/Category List/button_Categories' is visible

2019-06-20 09:52:20 - [MESSAGE][WARNING] - Timeout '0' is invalid. Using default page load timeout: '30'

2019-06-20 09:52:20 - [MESSAGE][PASSED] - Object 'Object Repository/ADMIN/Categories/Category List/button_Categories' is visible

2019-06-20 09:52:20 - [TEST_STEP][PASSED] - click: Object: 'Object Repository/ADMIN/Categories/Category List/button_Categories' is clicked on

2019-06-20 09:52:20 - [MESSAGE][PASSED] - Object: 'Object Repository/ADMIN/Categories/Category List/button_Categories' is clicked on

2019-06-20 09:52:20 - [TEST_STEP][PASSED] - click: Object: 'Object Repository/ADMIN/Categories/Category List/button_Add a Category' is clicked on

2019-06-20 09:52:21 - [MESSAGE][PASSED] - Object: 'Object Repository/ADMIN/Categories/Category List/button_Add a Category' is clicked on

2019-06-20 09:52:21 - [TEST_STEP][PASSED] - waitForElementPresent: Object 'Object Repository/ADMIN/Categories/Category/dropdown_Parent' is present

2019-06-20 09:52:21 - [MESSAGE][PASSED] - Object 'Object Repository/ADMIN/Categories/Category/dropdown_Parent' is present

2019-06-20 09:52:21 - [TEST_STEP][PASSED] - delay: Delayed 1 second(s)

2019-06-20 09:52:22 - [MESSAGE][PASSED] - Delayed 1 second(s)

2019-06-20 09:52:22 - [TEST_STEP][PASSED] - setText: Text 'Category 3.5.3' is set on object 'Object Repository/ADMIN/Categories/Category/textfield_Category Name'

2019-06-20 09:52:22 - [MESSAGE][PASSED] - Text 'Category 3.5.3' is set on object 'Object Repository/ADMIN/Categories/Category/textfield_Category Name'

2019-06-20 09:52:22 - [TEST_STEP][PASSED] - click: Object: 'Object Repository/ADMIN/Categories/Category/dropdown_Parent' is clicked on

2019-06-20 09:52:22 - [MESSAGE][PASSED] - Object: 'Object Repository/ADMIN/Categories/Category/dropdown_Parent' is clicked on

2019-06-20 09:52:22 - [TEST_STEP][PASSED] - delay: Delayed 2 second(s)

2019-06-20 09:52:24 - [MESSAGE][PASSED] - Delayed 2 second(s)

2019-06-20 09:52:24 - [TEST_STEP][PASSED] - click: Object: 'Object Repository/ADMIN/Categories/Category/dropdown_Parent' is clicked on

2019-06-20 09:52:24 - [MESSAGE][PASSED] - Object: 'Object Repository/ADMIN/Categories/Category/dropdown_Parent' is clicked on

2019-06-20 09:52:24 - [TEST_STEP][PASSED] - selectOptionByLabel: All options with label 'Category 3.5' are selected in object 'Object Repository/ADMIN/Categories/Category/dropdown_Parent' 

2019-06-20 09:52:24 - [MESSAGE][PASSED] - All options with label 'Category 3.5' are selected in object 'Object Repository/ADMIN/Categories/Category/dropdown_Parent' 

2019-06-20 09:52:24 - [TEST_STEP][PASSED] - click: Object: 'Object Repository/ADMIN/Categories/Category/button_Browse' is clicked on

2019-06-20 09:52:24 - [MESSAGE][PASSED] - Object: 'Object Repository/ADMIN/Categories/Category/button_Browse' is clicked on

2019-06-20 09:52:24 - [TEST_STEP][PASSED] - delay: Delayed 2 second(s)

2019-06-20 09:52:26 - [MESSAGE][PASSED] - Delayed 2 second(s)

2019-06-20 09:52:26 - [TEST_STEP][PASSED] - uploadFile: File 'C:\\Katalon\\Image\\pic6.jpg' sent to object: 'Object Repository/ADMIN/Categories/Category/image_input image'

2019-06-20 09:52:26 - [MESSAGE][PASSED] - File 'C:\\Katalon\\Image\\pic6.jpg' sent to object: 'Object Repository/ADMIN/Categories/Category/image_input image'

2019-06-20 09:52:26 - [TEST_STEP][PASSED] - waitForElementVisible: Object 'Object Repository/ADMIN/Categories/Category/button_upload check' is visible

2019-06-20 09:52:26 - [MESSAGE][WARNING] - Timeout '0' is invalid. Using default page load timeout: '30'

2019-06-20 09:52:26 - [MESSAGE][PASSED] - Object 'Object Repository/ADMIN/Categories/Category/button_upload check' is visible

2019-06-20 09:52:26 - [TEST_STEP][PASSED] - click: Object: 'Object Repository/ADMIN/Categories/Category/button_upload check' is clicked on

2019-06-20 09:52:27 - [MESSAGE][PASSED] - Object: 'Object Repository/ADMIN/Categories/Category/button_upload check' is clicked on

2019-06-20 09:52:27 - [TEST_STEP][PASSED] - waitForElementVisible: Object 'Object Repository/ADMIN/Categories/Category/button_upload save' is visible

2019-06-20 09:52:27 - [MESSAGE][WARNING] - Timeout '0' is invalid. Using default page load timeout: '30'

2019-06-20 09:52:27 - [MESSAGE][PASSED] - Object 'Object Repository/ADMIN/Categories/Category/button_upload save' is visible

2019-06-20 09:52:27 - [TEST_STEP][PASSED] - click: Object: 'Object Repository/ADMIN/Categories/Category/button_upload save' is clicked on

2019-06-20 09:52:27 - [MESSAGE][PASSED] - Object: 'Object Repository/ADMIN/Categories/Category/button_upload save' is clicked on

2019-06-20 09:52:27 - [TEST_STEP][PASSED] - setText: Text 'Description43' is set on object 'Object Repository/ADMIN/Categories/Category/textfield_category_description'

2019-06-20 09:52:27 - [MESSAGE][PASSED] - Text 'Description43' is set on object 'Object Repository/ADMIN/Categories/Category/textfield_category_description'

2019-06-20 09:52:27 - [TEST_STEP][PASSED] - click: Object: 'Object Repository/ADMIN/Categories/Category/button_Save' is clicked on

2019-06-20 09:52:27 - [MESSAGE][PASSED] - Object: 'Object Repository/ADMIN/Categories/Category/button_Save' is clicked on

2019-06-20 09:52:27 - [TEST_STEP][PASSED] - waitForElementVisible: Object 'Object Repository/ADMIN/Categories/Category/label_edit popup' is visible

2019-06-20 09:52:27 - [MESSAGE][WARNING] - Timeout '0' is invalid. Using default page load timeout: '30'

2019-06-20 09:52:27 - [MESSAGE][PASSED] - Object 'Object Repository/ADMIN/Categories/Category/label_edit popup' is visible

2019-06-20 09:52:27 - [TEST_STEP][PASSED] - waitForElementNotPresent: Web element with id: 'Object Repository/ADMIN/Categories/Category/label_edit popup' located by 'By.xpath: //div[(text() = 'Category was successfully saved.' or . = 'Category was successfully saved.')]' is not present after '30' second(s)

2019-06-20 09:52:27 - [MESSAGE][WARNING] - Timeout '0' is invalid. Using default page load timeout: '30'

2019-06-20 09:52:33 - [MESSAGE][PASSED] - Web element with id: 'Object Repository/ADMIN/Categories/Category/label_edit popup' located by 'By.xpath: //div[(text() = 'Category was successfully saved.' or . = 'Category was successfully saved.')]' is not present after '30' second(s)]]></system-out>
         <system-err><![CDATA[]]></system-err>
      </testcase>
      <testcase name="Test Cases/ADMIN/Content Mgmt/Categories/Category Add-Edit/Add Category" classname="Test Cases/ADMIN/Content Mgmt/Categories/Category Add-Edit/Add Category" status="PASSED">
         <system-out><![CDATA[2019-06-20 09:52:33 - [TEST_CASE][PASSED] - Test Cases/ADMIN/Content Mgmt/Categories/Category Add-Edit/Add Category: Test Cases/ADMIN/Content Mgmt/Categories/Category Add-Edit/Add Category

2019-06-20 09:52:33 - [TEST_STEP][PASSED] - waitForElementVisible: Object 'Object Repository/ADMIN/Categories/Category List/button_Content Mgmt' is visible

2019-06-20 09:52:33 - [MESSAGE][WARNING] - Timeout '0' is invalid. Using default page load timeout: '30'

2019-06-20 09:52:33 - [MESSAGE][PASSED] - Object 'Object Repository/ADMIN/Categories/Category List/button_Content Mgmt' is visible

2019-06-20 09:52:33 - [TEST_STEP][PASSED] - click: Object: 'Object Repository/ADMIN/Categories/Category List/button_Content Mgmt' is clicked on

2019-06-20 09:52:34 - [MESSAGE][PASSED] - Object: 'Object Repository/ADMIN/Categories/Category List/button_Content Mgmt' is clicked on

2019-06-20 09:52:34 - [TEST_STEP][PASSED] - waitForElementVisible: Object 'Object Repository/ADMIN/Categories/Category List/button_Categories' is visible

2019-06-20 09:52:34 - [MESSAGE][WARNING] - Timeout '0' is invalid. Using default page load timeout: '30'

2019-06-20 09:52:34 - [MESSAGE][PASSED] - Object 'Object Repository/ADMIN/Categories/Category List/button_Categories' is visible

2019-06-20 09:52:34 - [TEST_STEP][PASSED] - click: Object: 'Object Repository/ADMIN/Categories/Category List/button_Categories' is clicked on

2019-06-20 09:52:34 - [MESSAGE][PASSED] - Object: 'Object Repository/ADMIN/Categories/Category List/button_Categories' is clicked on

2019-06-20 09:52:34 - [TEST_STEP][PASSED] - click: Object: 'Object Repository/ADMIN/Categories/Category List/button_Add a Category' is clicked on

2019-06-20 09:52:34 - [MESSAGE][PASSED] - Object: 'Object Repository/ADMIN/Categories/Category List/button_Add a Category' is clicked on

2019-06-20 09:52:34 - [TEST_STEP][PASSED] - waitForElementPresent: Object 'Object Repository/ADMIN/Categories/Category/dropdown_Parent' is present

2019-06-20 09:52:34 - [MESSAGE][PASSED] - Object 'Object Repository/ADMIN/Categories/Category/dropdown_Parent' is present

2019-06-20 09:52:34 - [TEST_STEP][PASSED] - delay: Delayed 1 second(s)

2019-06-20 09:52:35 - [MESSAGE][PASSED] - Delayed 1 second(s)

2019-06-20 09:52:35 - [TEST_STEP][PASSED] - setText: Text 'Category 3.5.3.1' is set on object 'Object Repository/ADMIN/Categories/Category/textfield_Category Name'

2019-06-20 09:52:36 - [MESSAGE][PASSED] - Text 'Category 3.5.3.1' is set on object 'Object Repository/ADMIN/Categories/Category/textfield_Category Name'

2019-06-20 09:52:36 - [TEST_STEP][PASSED] - click: Object: 'Object Repository/ADMIN/Categories/Category/dropdown_Parent' is clicked on

2019-06-20 09:52:36 - [MESSAGE][PASSED] - Object: 'Object Repository/ADMIN/Categories/Category/dropdown_Parent' is clicked on

2019-06-20 09:52:36 - [TEST_STEP][PASSED] - delay: Delayed 2 second(s)

2019-06-20 09:52:38 - [MESSAGE][PASSED] - Delayed 2 second(s)

2019-06-20 09:52:38 - [TEST_STEP][PASSED] - click: Object: 'Object Repository/ADMIN/Categories/Category/dropdown_Parent' is clicked on

2019-06-20 09:52:38 - [MESSAGE][PASSED] - Object: 'Object Repository/ADMIN/Categories/Category/dropdown_Parent' is clicked on

2019-06-20 09:52:38 - [TEST_STEP][PASSED] - selectOptionByLabel: All options with label 'Category 3.5.3' are selected in object 'Object Repository/ADMIN/Categories/Category/dropdown_Parent' 

2019-06-20 09:52:38 - [MESSAGE][PASSED] - All options with label 'Category 3.5.3' are selected in object 'Object Repository/ADMIN/Categories/Category/dropdown_Parent' 

2019-06-20 09:52:38 - [TEST_STEP][PASSED] - click: Object: 'Object Repository/ADMIN/Categories/Category/button_Browse' is clicked on

2019-06-20 09:52:38 - [MESSAGE][PASSED] - Object: 'Object Repository/ADMIN/Categories/Category/button_Browse' is clicked on

2019-06-20 09:52:38 - [TEST_STEP][PASSED] - delay: Delayed 2 second(s)

2019-06-20 09:52:40 - [MESSAGE][PASSED] - Delayed 2 second(s)

2019-06-20 09:52:40 - [TEST_STEP][PASSED] - uploadFile: File 'C:\\Katalon\\Image\\pic7.jpg' sent to object: 'Object Repository/ADMIN/Categories/Category/image_input image'

2019-06-20 09:52:40 - [MESSAGE][PASSED] - File 'C:\\Katalon\\Image\\pic7.jpg' sent to object: 'Object Repository/ADMIN/Categories/Category/image_input image'

2019-06-20 09:52:40 - [TEST_STEP][PASSED] - waitForElementVisible: Object 'Object Repository/ADMIN/Categories/Category/button_upload check' is visible

2019-06-20 09:52:40 - [MESSAGE][WARNING] - Timeout '0' is invalid. Using default page load timeout: '30'

2019-06-20 09:52:40 - [MESSAGE][PASSED] - Object 'Object Repository/ADMIN/Categories/Category/button_upload check' is visible

2019-06-20 09:52:40 - [TEST_STEP][PASSED] - click: Object: 'Object Repository/ADMIN/Categories/Category/button_upload check' is clicked on

2019-06-20 09:52:40 - [MESSAGE][PASSED] - Object: 'Object Repository/ADMIN/Categories/Category/button_upload check' is clicked on

2019-06-20 09:52:40 - [TEST_STEP][PASSED] - waitForElementVisible: Object 'Object Repository/ADMIN/Categories/Category/button_upload save' is visible

2019-06-20 09:52:40 - [MESSAGE][WARNING] - Timeout '0' is invalid. Using default page load timeout: '30'

2019-06-20 09:52:40 - [MESSAGE][PASSED] - Object 'Object Repository/ADMIN/Categories/Category/button_upload save' is visible

2019-06-20 09:52:40 - [TEST_STEP][PASSED] - click: Object: 'Object Repository/ADMIN/Categories/Category/button_upload save' is clicked on

2019-06-20 09:52:40 - [MESSAGE][PASSED] - Object: 'Object Repository/ADMIN/Categories/Category/button_upload save' is clicked on

2019-06-20 09:52:40 - [TEST_STEP][PASSED] - setText: Text 'Description44' is set on object 'Object Repository/ADMIN/Categories/Category/textfield_category_description'

2019-06-20 09:52:40 - [MESSAGE][PASSED] - Text 'Description44' is set on object 'Object Repository/ADMIN/Categories/Category/textfield_category_description'

2019-06-20 09:52:40 - [TEST_STEP][PASSED] - click: Object: 'Object Repository/ADMIN/Categories/Category/button_Save' is clicked on

2019-06-20 09:52:40 - [MESSAGE][PASSED] - Object: 'Object Repository/ADMIN/Categories/Category/button_Save' is clicked on

2019-06-20 09:52:40 - [TEST_STEP][PASSED] - waitForElementVisible: Object 'Object Repository/ADMIN/Categories/Category/label_edit popup' is visible

2019-06-20 09:52:40 - [MESSAGE][WARNING] - Timeout '0' is invalid. Using default page load timeout: '30'

2019-06-20 09:52:42 - [MESSAGE][PASSED] - Object 'Object Repository/ADMIN/Categories/Category/label_edit popup' is visible

2019-06-20 09:52:42 - [TEST_STEP][PASSED] - waitForElementNotPresent: Web element with id: 'Object Repository/ADMIN/Categories/Category/label_edit popup' located by 'By.xpath: //div[(text() = 'Category was successfully saved.' or . = 'Category was successfully saved.')]' is not present after '30' second(s)

2019-06-20 09:52:42 - [MESSAGE][WARNING] - Timeout '0' is invalid. Using default page load timeout: '30'

2019-06-20 09:52:48 - [MESSAGE][PASSED] - Web element with id: 'Object Repository/ADMIN/Categories/Category/label_edit popup' located by 'By.xpath: //div[(text() = 'Category was successfully saved.' or . = 'Category was successfully saved.')]' is not present after '30' second(s)]]></system-out>
         <system-err><![CDATA[]]></system-err>
      </testcase>
      <testcase name="Test Cases/ADMIN/Content Mgmt/Categories/Category Add-Edit/Add Category" classname="Test Cases/ADMIN/Content Mgmt/Categories/Category Add-Edit/Add Category" status="PASSED">
         <system-out><![CDATA[2019-06-20 09:52:48 - [TEST_CASE][PASSED] - Test Cases/ADMIN/Content Mgmt/Categories/Category Add-Edit/Add Category: Test Cases/ADMIN/Content Mgmt/Categories/Category Add-Edit/Add Category

2019-06-20 09:52:48 - [TEST_STEP][PASSED] - waitForElementVisible: Object 'Object Repository/ADMIN/Categories/Category List/button_Content Mgmt' is visible

2019-06-20 09:52:48 - [MESSAGE][WARNING] - Timeout '0' is invalid. Using default page load timeout: '30'

2019-06-20 09:52:48 - [MESSAGE][PASSED] - Object 'Object Repository/ADMIN/Categories/Category List/button_Content Mgmt' is visible

2019-06-20 09:52:48 - [TEST_STEP][PASSED] - click: Object: 'Object Repository/ADMIN/Categories/Category List/button_Content Mgmt' is clicked on

2019-06-20 09:52:48 - [MESSAGE][PASSED] - Object: 'Object Repository/ADMIN/Categories/Category List/button_Content Mgmt' is clicked on

2019-06-20 09:52:48 - [TEST_STEP][PASSED] - waitForElementVisible: Object 'Object Repository/ADMIN/Categories/Category List/button_Categories' is visible

2019-06-20 09:52:48 - [MESSAGE][WARNING] - Timeout '0' is invalid. Using default page load timeout: '30'

2019-06-20 09:52:48 - [MESSAGE][PASSED] - Object 'Object Repository/ADMIN/Categories/Category List/button_Categories' is visible

2019-06-20 09:52:48 - [TEST_STEP][PASSED] - click: Object: 'Object Repository/ADMIN/Categories/Category List/button_Categories' is clicked on

2019-06-20 09:52:48 - [MESSAGE][PASSED] - Object: 'Object Repository/ADMIN/Categories/Category List/button_Categories' is clicked on

2019-06-20 09:52:48 - [TEST_STEP][PASSED] - click: Object: 'Object Repository/ADMIN/Categories/Category List/button_Add a Category' is clicked on

2019-06-20 09:52:49 - [MESSAGE][PASSED] - Object: 'Object Repository/ADMIN/Categories/Category List/button_Add a Category' is clicked on

2019-06-20 09:52:49 - [TEST_STEP][PASSED] - waitForElementPresent: Object 'Object Repository/ADMIN/Categories/Category/dropdown_Parent' is present

2019-06-20 09:52:49 - [MESSAGE][PASSED] - Object 'Object Repository/ADMIN/Categories/Category/dropdown_Parent' is present

2019-06-20 09:52:49 - [TEST_STEP][PASSED] - delay: Delayed 1 second(s)

2019-06-20 09:52:50 - [MESSAGE][PASSED] - Delayed 1 second(s)

2019-06-20 09:52:50 - [TEST_STEP][PASSED] - setText: Text 'Category 3.5.4' is set on object 'Object Repository/ADMIN/Categories/Category/textfield_Category Name'

2019-06-20 09:52:50 - [MESSAGE][PASSED] - Text 'Category 3.5.4' is set on object 'Object Repository/ADMIN/Categories/Category/textfield_Category Name'

2019-06-20 09:52:50 - [TEST_STEP][PASSED] - click: Object: 'Object Repository/ADMIN/Categories/Category/dropdown_Parent' is clicked on

2019-06-20 09:52:50 - [MESSAGE][PASSED] - Object: 'Object Repository/ADMIN/Categories/Category/dropdown_Parent' is clicked on

2019-06-20 09:52:50 - [TEST_STEP][PASSED] - delay: Delayed 2 second(s)

2019-06-20 09:52:52 - [MESSAGE][PASSED] - Delayed 2 second(s)

2019-06-20 09:52:52 - [TEST_STEP][PASSED] - click: Object: 'Object Repository/ADMIN/Categories/Category/dropdown_Parent' is clicked on

2019-06-20 09:52:52 - [MESSAGE][PASSED] - Object: 'Object Repository/ADMIN/Categories/Category/dropdown_Parent' is clicked on

2019-06-20 09:52:52 - [TEST_STEP][PASSED] - selectOptionByLabel: All options with label 'Category 3.5' are selected in object 'Object Repository/ADMIN/Categories/Category/dropdown_Parent' 

2019-06-20 09:52:52 - [MESSAGE][PASSED] - All options with label 'Category 3.5' are selected in object 'Object Repository/ADMIN/Categories/Category/dropdown_Parent' 

2019-06-20 09:52:52 - [TEST_STEP][PASSED] - click: Object: 'Object Repository/ADMIN/Categories/Category/button_Browse' is clicked on

2019-06-20 09:52:52 - [MESSAGE][PASSED] - Object: 'Object Repository/ADMIN/Categories/Category/button_Browse' is clicked on

2019-06-20 09:52:52 - [TEST_STEP][PASSED] - delay: Delayed 2 second(s)

2019-06-20 09:52:54 - [MESSAGE][PASSED] - Delayed 2 second(s)

2019-06-20 09:52:54 - [TEST_STEP][PASSED] - uploadFile: File 'C:\\Katalon\\Image\\pic8.jpg' sent to object: 'Object Repository/ADMIN/Categories/Category/image_input image'

2019-06-20 09:52:54 - [MESSAGE][PASSED] - File 'C:\\Katalon\\Image\\pic8.jpg' sent to object: 'Object Repository/ADMIN/Categories/Category/image_input image'

2019-06-20 09:52:54 - [TEST_STEP][PASSED] - waitForElementVisible: Object 'Object Repository/ADMIN/Categories/Category/button_upload check' is visible

2019-06-20 09:52:54 - [MESSAGE][WARNING] - Timeout '0' is invalid. Using default page load timeout: '30'

2019-06-20 09:52:54 - [MESSAGE][PASSED] - Object 'Object Repository/ADMIN/Categories/Category/button_upload check' is visible

2019-06-20 09:52:54 - [TEST_STEP][PASSED] - click: Object: 'Object Repository/ADMIN/Categories/Category/button_upload check' is clicked on

2019-06-20 09:52:54 - [MESSAGE][PASSED] - Object: 'Object Repository/ADMIN/Categories/Category/button_upload check' is clicked on

2019-06-20 09:52:54 - [TEST_STEP][PASSED] - waitForElementVisible: Object 'Object Repository/ADMIN/Categories/Category/button_upload save' is visible

2019-06-20 09:52:54 - [MESSAGE][WARNING] - Timeout '0' is invalid. Using default page load timeout: '30'

2019-06-20 09:52:54 - [MESSAGE][PASSED] - Object 'Object Repository/ADMIN/Categories/Category/button_upload save' is visible

2019-06-20 09:52:54 - [TEST_STEP][PASSED] - click: Object: 'Object Repository/ADMIN/Categories/Category/button_upload save' is clicked on

2019-06-20 09:52:55 - [MESSAGE][PASSED] - Object: 'Object Repository/ADMIN/Categories/Category/button_upload save' is clicked on

2019-06-20 09:52:55 - [TEST_STEP][PASSED] - setText: Text 'Description45' is set on object 'Object Repository/ADMIN/Categories/Category/textfield_category_description'

2019-06-20 09:52:55 - [MESSAGE][PASSED] - Text 'Description45' is set on object 'Object Repository/ADMIN/Categories/Category/textfield_category_description'

2019-06-20 09:52:55 - [TEST_STEP][PASSED] - click: Object: 'Object Repository/ADMIN/Categories/Category/button_Save' is clicked on

2019-06-20 09:52:55 - [MESSAGE][PASSED] - Object: 'Object Repository/ADMIN/Categories/Category/button_Save' is clicked on

2019-06-20 09:52:55 - [TEST_STEP][PASSED] - waitForElementVisible: Object 'Object Repository/ADMIN/Categories/Category/label_edit popup' is visible

2019-06-20 09:52:55 - [MESSAGE][WARNING] - Timeout '0' is invalid. Using default page load timeout: '30'

2019-06-20 09:52:55 - [MESSAGE][PASSED] - Object 'Object Repository/ADMIN/Categories/Category/label_edit popup' is visible

2019-06-20 09:52:55 - [TEST_STEP][PASSED] - waitForElementNotPresent: Web element with id: 'Object Repository/ADMIN/Categories/Category/label_edit popup' located by 'By.xpath: //div[(text() = 'Category was successfully saved.' or . = 'Category was successfully saved.')]' is not present after '30' second(s)

2019-06-20 09:52:55 - [MESSAGE][WARNING] - Timeout '0' is invalid. Using default page load timeout: '30'

2019-06-20 09:53:02 - [MESSAGE][PASSED] - Web element with id: 'Object Repository/ADMIN/Categories/Category/label_edit popup' located by 'By.xpath: //div[(text() = 'Category was successfully saved.' or . = 'Category was successfully saved.')]' is not present after '30' second(s)]]></system-out>
         <system-err><![CDATA[]]></system-err>
      </testcase>
      <testcase name="Test Cases/ADMIN/Content Mgmt/Categories/Category Add-Edit/Add Category" classname="Test Cases/ADMIN/Content Mgmt/Categories/Category Add-Edit/Add Category" status="PASSED">
         <system-out><![CDATA[2019-06-20 09:53:02 - [TEST_CASE][PASSED] - Test Cases/ADMIN/Content Mgmt/Categories/Category Add-Edit/Add Category: Test Cases/ADMIN/Content Mgmt/Categories/Category Add-Edit/Add Category

2019-06-20 09:53:02 - [TEST_STEP][PASSED] - waitForElementVisible: Object 'Object Repository/ADMIN/Categories/Category List/button_Content Mgmt' is visible

2019-06-20 09:53:02 - [MESSAGE][WARNING] - Timeout '0' is invalid. Using default page load timeout: '30'

2019-06-20 09:53:02 - [MESSAGE][PASSED] - Object 'Object Repository/ADMIN/Categories/Category List/button_Content Mgmt' is visible

2019-06-20 09:53:02 - [TEST_STEP][PASSED] - click: Object: 'Object Repository/ADMIN/Categories/Category List/button_Content Mgmt' is clicked on

2019-06-20 09:53:02 - [MESSAGE][PASSED] - Object: 'Object Repository/ADMIN/Categories/Category List/button_Content Mgmt' is clicked on

2019-06-20 09:53:02 - [TEST_STEP][PASSED] - waitForElementVisible: Object 'Object Repository/ADMIN/Categories/Category List/button_Categories' is visible

2019-06-20 09:53:02 - [MESSAGE][WARNING] - Timeout '0' is invalid. Using default page load timeout: '30'

2019-06-20 09:53:02 - [MESSAGE][PASSED] - Object 'Object Repository/ADMIN/Categories/Category List/button_Categories' is visible

2019-06-20 09:53:02 - [TEST_STEP][PASSED] - click: Object: 'Object Repository/ADMIN/Categories/Category List/button_Categories' is clicked on

2019-06-20 09:53:03 - [MESSAGE][PASSED] - Object: 'Object Repository/ADMIN/Categories/Category List/button_Categories' is clicked on

2019-06-20 09:53:03 - [TEST_STEP][PASSED] - click: Object: 'Object Repository/ADMIN/Categories/Category List/button_Add a Category' is clicked on

2019-06-20 09:53:03 - [MESSAGE][PASSED] - Object: 'Object Repository/ADMIN/Categories/Category List/button_Add a Category' is clicked on

2019-06-20 09:53:03 - [TEST_STEP][PASSED] - waitForElementPresent: Object 'Object Repository/ADMIN/Categories/Category/dropdown_Parent' is present

2019-06-20 09:53:03 - [MESSAGE][PASSED] - Object 'Object Repository/ADMIN/Categories/Category/dropdown_Parent' is present

2019-06-20 09:53:03 - [TEST_STEP][PASSED] - delay: Delayed 1 second(s)

2019-06-20 09:53:04 - [MESSAGE][PASSED] - Delayed 1 second(s)

2019-06-20 09:53:04 - [TEST_STEP][PASSED] - setText: Text 'Category 3.5.5' is set on object 'Object Repository/ADMIN/Categories/Category/textfield_Category Name'

2019-06-20 09:53:04 - [MESSAGE][PASSED] - Text 'Category 3.5.5' is set on object 'Object Repository/ADMIN/Categories/Category/textfield_Category Name'

2019-06-20 09:53:04 - [TEST_STEP][PASSED] - click: Object: 'Object Repository/ADMIN/Categories/Category/dropdown_Parent' is clicked on

2019-06-20 09:53:04 - [MESSAGE][PASSED] - Object: 'Object Repository/ADMIN/Categories/Category/dropdown_Parent' is clicked on

2019-06-20 09:53:04 - [TEST_STEP][PASSED] - delay: Delayed 2 second(s)

2019-06-20 09:53:06 - [MESSAGE][PASSED] - Delayed 2 second(s)

2019-06-20 09:53:06 - [TEST_STEP][PASSED] - click: Object: 'Object Repository/ADMIN/Categories/Category/dropdown_Parent' is clicked on

2019-06-20 09:53:07 - [MESSAGE][PASSED] - Object: 'Object Repository/ADMIN/Categories/Category/dropdown_Parent' is clicked on

2019-06-20 09:53:07 - [TEST_STEP][PASSED] - selectOptionByLabel: All options with label 'Category 3.5' are selected in object 'Object Repository/ADMIN/Categories/Category/dropdown_Parent' 

2019-06-20 09:53:07 - [MESSAGE][PASSED] - All options with label 'Category 3.5' are selected in object 'Object Repository/ADMIN/Categories/Category/dropdown_Parent' 

2019-06-20 09:53:07 - [TEST_STEP][PASSED] - click: Object: 'Object Repository/ADMIN/Categories/Category/button_Browse' is clicked on

2019-06-20 09:53:07 - [MESSAGE][PASSED] - Object: 'Object Repository/ADMIN/Categories/Category/button_Browse' is clicked on

2019-06-20 09:53:07 - [TEST_STEP][PASSED] - delay: Delayed 2 second(s)

2019-06-20 09:53:09 - [MESSAGE][PASSED] - Delayed 2 second(s)

2019-06-20 09:53:09 - [TEST_STEP][PASSED] - uploadFile: File 'C:\\Katalon\\Image\\pic9.jpg' sent to object: 'Object Repository/ADMIN/Categories/Category/image_input image'

2019-06-20 09:53:09 - [MESSAGE][PASSED] - File 'C:\\Katalon\\Image\\pic9.jpg' sent to object: 'Object Repository/ADMIN/Categories/Category/image_input image'

2019-06-20 09:53:09 - [TEST_STEP][PASSED] - waitForElementVisible: Object 'Object Repository/ADMIN/Categories/Category/button_upload check' is visible

2019-06-20 09:53:09 - [MESSAGE][WARNING] - Timeout '0' is invalid. Using default page load timeout: '30'

2019-06-20 09:53:09 - [MESSAGE][PASSED] - Object 'Object Repository/ADMIN/Categories/Category/button_upload check' is visible

2019-06-20 09:53:09 - [TEST_STEP][PASSED] - click: Object: 'Object Repository/ADMIN/Categories/Category/button_upload check' is clicked on

2019-06-20 09:53:09 - [MESSAGE][PASSED] - Object: 'Object Repository/ADMIN/Categories/Category/button_upload check' is clicked on

2019-06-20 09:53:09 - [TEST_STEP][PASSED] - waitForElementVisible: Object 'Object Repository/ADMIN/Categories/Category/button_upload save' is visible

2019-06-20 09:53:09 - [MESSAGE][WARNING] - Timeout '0' is invalid. Using default page load timeout: '30'

2019-06-20 09:53:09 - [MESSAGE][PASSED] - Object 'Object Repository/ADMIN/Categories/Category/button_upload save' is visible

2019-06-20 09:53:09 - [TEST_STEP][PASSED] - click: Object: 'Object Repository/ADMIN/Categories/Category/button_upload save' is clicked on

2019-06-20 09:53:09 - [MESSAGE][PASSED] - Object: 'Object Repository/ADMIN/Categories/Category/button_upload save' is clicked on

2019-06-20 09:53:09 - [TEST_STEP][PASSED] - setText: Text 'Description46' is set on object 'Object Repository/ADMIN/Categories/Category/textfield_category_description'

2019-06-20 09:53:09 - [MESSAGE][PASSED] - Text 'Description46' is set on object 'Object Repository/ADMIN/Categories/Category/textfield_category_description'

2019-06-20 09:53:09 - [TEST_STEP][PASSED] - click: Object: 'Object Repository/ADMIN/Categories/Category/button_Save' is clicked on

2019-06-20 09:53:09 - [MESSAGE][PASSED] - Object: 'Object Repository/ADMIN/Categories/Category/button_Save' is clicked on

2019-06-20 09:53:09 - [TEST_STEP][PASSED] - waitForElementVisible: Object 'Object Repository/ADMIN/Categories/Category/label_edit popup' is visible

2019-06-20 09:53:09 - [MESSAGE][WARNING] - Timeout '0' is invalid. Using default page load timeout: '30'

2019-06-20 09:53:10 - [MESSAGE][PASSED] - Object 'Object Repository/ADMIN/Categories/Category/label_edit popup' is visible

2019-06-20 09:53:10 - [TEST_STEP][PASSED] - waitForElementNotPresent: Web element with id: 'Object Repository/ADMIN/Categories/Category/label_edit popup' located by 'By.xpath: //div[(text() = 'Category was successfully saved.' or . = 'Category was successfully saved.')]' is not present after '30' second(s)

2019-06-20 09:53:10 - [MESSAGE][WARNING] - Timeout '0' is invalid. Using default page load timeout: '30'

2019-06-20 09:53:16 - [MESSAGE][PASSED] - Web element with id: 'Object Repository/ADMIN/Categories/Category/label_edit popup' located by 'By.xpath: //div[(text() = 'Category was successfully saved.' or . = 'Category was successfully saved.')]' is not present after '30' second(s)]]></system-out>
         <system-err><![CDATA[]]></system-err>
      </testcase>
      <testcase name="Test Cases/ADMIN/Content Mgmt/Categories/Category Add-Edit/Add Category" classname="Test Cases/ADMIN/Content Mgmt/Categories/Category Add-Edit/Add Category" status="PASSED">
         <system-out><![CDATA[2019-06-20 09:53:16 - [TEST_CASE][PASSED] - Test Cases/ADMIN/Content Mgmt/Categories/Category Add-Edit/Add Category: Test Cases/ADMIN/Content Mgmt/Categories/Category Add-Edit/Add Category

2019-06-20 09:53:16 - [TEST_STEP][PASSED] - waitForElementVisible: Object 'Object Repository/ADMIN/Categories/Category List/button_Content Mgmt' is visible

2019-06-20 09:53:16 - [MESSAGE][WARNING] - Timeout '0' is invalid. Using default page load timeout: '30'

2019-06-20 09:53:16 - [MESSAGE][PASSED] - Object 'Object Repository/ADMIN/Categories/Category List/button_Content Mgmt' is visible

2019-06-20 09:53:16 - [TEST_STEP][PASSED] - click: Object: 'Object Repository/ADMIN/Categories/Category List/button_Content Mgmt' is clicked on

2019-06-20 09:53:16 - [MESSAGE][PASSED] - Object: 'Object Repository/ADMIN/Categories/Category List/button_Content Mgmt' is clicked on

2019-06-20 09:53:16 - [TEST_STEP][PASSED] - waitForElementVisible: Object 'Object Repository/ADMIN/Categories/Category List/button_Categories' is visible

2019-06-20 09:53:16 - [MESSAGE][WARNING] - Timeout '0' is invalid. Using default page load timeout: '30'

2019-06-20 09:53:17 - [MESSAGE][PASSED] - Object 'Object Repository/ADMIN/Categories/Category List/button_Categories' is visible

2019-06-20 09:53:17 - [TEST_STEP][PASSED] - click: Object: 'Object Repository/ADMIN/Categories/Category List/button_Categories' is clicked on

2019-06-20 09:53:17 - [MESSAGE][PASSED] - Object: 'Object Repository/ADMIN/Categories/Category List/button_Categories' is clicked on

2019-06-20 09:53:17 - [TEST_STEP][PASSED] - click: Object: 'Object Repository/ADMIN/Categories/Category List/button_Add a Category' is clicked on

2019-06-20 09:53:17 - [MESSAGE][PASSED] - Object: 'Object Repository/ADMIN/Categories/Category List/button_Add a Category' is clicked on

2019-06-20 09:53:17 - [TEST_STEP][PASSED] - waitForElementPresent: Object 'Object Repository/ADMIN/Categories/Category/dropdown_Parent' is present

2019-06-20 09:53:17 - [MESSAGE][PASSED] - Object 'Object Repository/ADMIN/Categories/Category/dropdown_Parent' is present

2019-06-20 09:53:17 - [TEST_STEP][PASSED] - delay: Delayed 1 second(s)

2019-06-20 09:53:18 - [MESSAGE][PASSED] - Delayed 1 second(s)

2019-06-20 09:53:18 - [TEST_STEP][PASSED] - setText: Text 'Category 3.6' is set on object 'Object Repository/ADMIN/Categories/Category/textfield_Category Name'

2019-06-20 09:53:19 - [MESSAGE][PASSED] - Text 'Category 3.6' is set on object 'Object Repository/ADMIN/Categories/Category/textfield_Category Name'

2019-06-20 09:53:19 - [TEST_STEP][PASSED] - click: Object: 'Object Repository/ADMIN/Categories/Category/dropdown_Parent' is clicked on

2019-06-20 09:53:19 - [MESSAGE][PASSED] - Object: 'Object Repository/ADMIN/Categories/Category/dropdown_Parent' is clicked on

2019-06-20 09:53:19 - [TEST_STEP][PASSED] - delay: Delayed 2 second(s)

2019-06-20 09:53:21 - [MESSAGE][PASSED] - Delayed 2 second(s)

2019-06-20 09:53:21 - [TEST_STEP][PASSED] - click: Object: 'Object Repository/ADMIN/Categories/Category/dropdown_Parent' is clicked on

2019-06-20 09:53:21 - [MESSAGE][PASSED] - Object: 'Object Repository/ADMIN/Categories/Category/dropdown_Parent' is clicked on

2019-06-20 09:53:21 - [TEST_STEP][PASSED] - selectOptionByLabel: All options with label 'Category 3' are selected in object 'Object Repository/ADMIN/Categories/Category/dropdown_Parent' 

2019-06-20 09:53:21 - [MESSAGE][PASSED] - All options with label 'Category 3' are selected in object 'Object Repository/ADMIN/Categories/Category/dropdown_Parent' 

2019-06-20 09:53:21 - [TEST_STEP][PASSED] - click: Object: 'Object Repository/ADMIN/Categories/Category/button_Browse' is clicked on

2019-06-20 09:53:21 - [MESSAGE][PASSED] - Object: 'Object Repository/ADMIN/Categories/Category/button_Browse' is clicked on

2019-06-20 09:53:21 - [TEST_STEP][PASSED] - delay: Delayed 2 second(s)

2019-06-20 09:53:23 - [MESSAGE][PASSED] - Delayed 2 second(s)

2019-06-20 09:53:23 - [TEST_STEP][PASSED] - uploadFile: File 'C:\\Katalon\\Image\\pic10.jpg' sent to object: 'Object Repository/ADMIN/Categories/Category/image_input image'

2019-06-20 09:53:23 - [MESSAGE][PASSED] - File 'C:\\Katalon\\Image\\pic10.jpg' sent to object: 'Object Repository/ADMIN/Categories/Category/image_input image'

2019-06-20 09:53:23 - [TEST_STEP][PASSED] - waitForElementVisible: Object 'Object Repository/ADMIN/Categories/Category/button_upload check' is visible

2019-06-20 09:53:23 - [MESSAGE][WARNING] - Timeout '0' is invalid. Using default page load timeout: '30'

2019-06-20 09:53:23 - [MESSAGE][PASSED] - Object 'Object Repository/ADMIN/Categories/Category/button_upload check' is visible

2019-06-20 09:53:23 - [TEST_STEP][PASSED] - click: Object: 'Object Repository/ADMIN/Categories/Category/button_upload check' is clicked on

2019-06-20 09:53:23 - [MESSAGE][PASSED] - Object: 'Object Repository/ADMIN/Categories/Category/button_upload check' is clicked on

2019-06-20 09:53:23 - [TEST_STEP][PASSED] - waitForElementVisible: Object 'Object Repository/ADMIN/Categories/Category/button_upload save' is visible

2019-06-20 09:53:23 - [MESSAGE][WARNING] - Timeout '0' is invalid. Using default page load timeout: '30'

2019-06-20 09:53:23 - [MESSAGE][PASSED] - Object 'Object Repository/ADMIN/Categories/Category/button_upload save' is visible

2019-06-20 09:53:23 - [TEST_STEP][PASSED] - click: Object: 'Object Repository/ADMIN/Categories/Category/button_upload save' is clicked on

2019-06-20 09:53:23 - [MESSAGE][PASSED] - Object: 'Object Repository/ADMIN/Categories/Category/button_upload save' is clicked on

2019-06-20 09:53:23 - [TEST_STEP][PASSED] - setText: Text 'Description47' is set on object 'Object Repository/ADMIN/Categories/Category/textfield_category_description'

2019-06-20 09:53:23 - [MESSAGE][PASSED] - Text 'Description47' is set on object 'Object Repository/ADMIN/Categories/Category/textfield_category_description'

2019-06-20 09:53:23 - [TEST_STEP][PASSED] - click: Object: 'Object Repository/ADMIN/Categories/Category/button_Save' is clicked on

2019-06-20 09:53:23 - [MESSAGE][PASSED] - Object: 'Object Repository/ADMIN/Categories/Category/button_Save' is clicked on

2019-06-20 09:53:23 - [TEST_STEP][PASSED] - waitForElementVisible: Object 'Object Repository/ADMIN/Categories/Category/label_edit popup' is visible

2019-06-20 09:53:23 - [MESSAGE][WARNING] - Timeout '0' is invalid. Using default page load timeout: '30'

2019-06-20 09:53:25 - [MESSAGE][PASSED] - Object 'Object Repository/ADMIN/Categories/Category/label_edit popup' is visible

2019-06-20 09:53:25 - [TEST_STEP][PASSED] - waitForElementNotPresent: Web element with id: 'Object Repository/ADMIN/Categories/Category/label_edit popup' located by 'By.xpath: //div[(text() = 'Category was successfully saved.' or . = 'Category was successfully saved.')]' is not present after '30' second(s)

2019-06-20 09:53:25 - [MESSAGE][WARNING] - Timeout '0' is invalid. Using default page load timeout: '30'

2019-06-20 09:53:30 - [MESSAGE][PASSED] - Web element with id: 'Object Repository/ADMIN/Categories/Category/label_edit popup' located by 'By.xpath: //div[(text() = 'Category was successfully saved.' or . = 'Category was successfully saved.')]' is not present after '30' second(s)]]></system-out>
         <system-err><![CDATA[]]></system-err>
      </testcase>
      <testcase name="Test Cases/ADMIN/Content Mgmt/Categories/Category Add-Edit/Add Category" classname="Test Cases/ADMIN/Content Mgmt/Categories/Category Add-Edit/Add Category" status="PASSED">
         <system-out><![CDATA[2019-06-20 09:53:30 - [TEST_CASE][PASSED] - Test Cases/ADMIN/Content Mgmt/Categories/Category Add-Edit/Add Category: Test Cases/ADMIN/Content Mgmt/Categories/Category Add-Edit/Add Category

2019-06-20 09:53:30 - [TEST_STEP][PASSED] - waitForElementVisible: Object 'Object Repository/ADMIN/Categories/Category List/button_Content Mgmt' is visible

2019-06-20 09:53:30 - [MESSAGE][WARNING] - Timeout '0' is invalid. Using default page load timeout: '30'

2019-06-20 09:53:30 - [MESSAGE][PASSED] - Object 'Object Repository/ADMIN/Categories/Category List/button_Content Mgmt' is visible

2019-06-20 09:53:30 - [TEST_STEP][PASSED] - click: Object: 'Object Repository/ADMIN/Categories/Category List/button_Content Mgmt' is clicked on

2019-06-20 09:53:30 - [MESSAGE][PASSED] - Object: 'Object Repository/ADMIN/Categories/Category List/button_Content Mgmt' is clicked on

2019-06-20 09:53:30 - [TEST_STEP][PASSED] - waitForElementVisible: Object 'Object Repository/ADMIN/Categories/Category List/button_Categories' is visible

2019-06-20 09:53:30 - [MESSAGE][WARNING] - Timeout '0' is invalid. Using default page load timeout: '30'

2019-06-20 09:53:30 - [MESSAGE][PASSED] - Object 'Object Repository/ADMIN/Categories/Category List/button_Categories' is visible

2019-06-20 09:53:30 - [TEST_STEP][PASSED] - click: Object: 'Object Repository/ADMIN/Categories/Category List/button_Categories' is clicked on

2019-06-20 09:53:31 - [MESSAGE][PASSED] - Object: 'Object Repository/ADMIN/Categories/Category List/button_Categories' is clicked on

2019-06-20 09:53:31 - [TEST_STEP][PASSED] - click: Object: 'Object Repository/ADMIN/Categories/Category List/button_Add a Category' is clicked on

2019-06-20 09:53:31 - [MESSAGE][PASSED] - Object: 'Object Repository/ADMIN/Categories/Category List/button_Add a Category' is clicked on

2019-06-20 09:53:31 - [TEST_STEP][PASSED] - waitForElementPresent: Object 'Object Repository/ADMIN/Categories/Category/dropdown_Parent' is present

2019-06-20 09:53:31 - [MESSAGE][PASSED] - Object 'Object Repository/ADMIN/Categories/Category/dropdown_Parent' is present

2019-06-20 09:53:31 - [TEST_STEP][PASSED] - delay: Delayed 1 second(s)

2019-06-20 09:53:32 - [MESSAGE][PASSED] - Delayed 1 second(s)

2019-06-20 09:53:32 - [TEST_STEP][PASSED] - setText: Text 'Category 4' is set on object 'Object Repository/ADMIN/Categories/Category/textfield_Category Name'

2019-06-20 09:53:33 - [MESSAGE][PASSED] - Text 'Category 4' is set on object 'Object Repository/ADMIN/Categories/Category/textfield_Category Name'

2019-06-20 09:53:33 - [TEST_STEP][PASSED] - click: Object: 'Object Repository/ADMIN/Categories/Category/dropdown_Parent' is clicked on

2019-06-20 09:53:33 - [MESSAGE][PASSED] - Object: 'Object Repository/ADMIN/Categories/Category/dropdown_Parent' is clicked on

2019-06-20 09:53:33 - [TEST_STEP][PASSED] - delay: Delayed 2 second(s)

2019-06-20 09:53:35 - [MESSAGE][PASSED] - Delayed 2 second(s)

2019-06-20 09:53:35 - [TEST_STEP][PASSED] - click: Object: 'Object Repository/ADMIN/Categories/Category/dropdown_Parent' is clicked on

2019-06-20 09:53:35 - [MESSAGE][PASSED] - Object: 'Object Repository/ADMIN/Categories/Category/dropdown_Parent' is clicked on

2019-06-20 09:53:35 - [TEST_STEP][PASSED] - selectOptionByLabel: All options with label '-' are selected in object 'Object Repository/ADMIN/Categories/Category/dropdown_Parent' 

2019-06-20 09:53:35 - [MESSAGE][PASSED] - All options with label '-' are selected in object 'Object Repository/ADMIN/Categories/Category/dropdown_Parent' 

2019-06-20 09:53:35 - [TEST_STEP][PASSED] - click: Object: 'Object Repository/ADMIN/Categories/Category/button_Browse' is clicked on

2019-06-20 09:53:35 - [MESSAGE][PASSED] - Object: 'Object Repository/ADMIN/Categories/Category/button_Browse' is clicked on

2019-06-20 09:53:35 - [TEST_STEP][PASSED] - delay: Delayed 2 second(s)

2019-06-20 09:53:37 - [MESSAGE][PASSED] - Delayed 2 second(s)

2019-06-20 09:53:37 - [TEST_STEP][PASSED] - uploadFile: File 'C:\\Katalon\\Image\\pic11.jpg' sent to object: 'Object Repository/ADMIN/Categories/Category/image_input image'

2019-06-20 09:53:37 - [MESSAGE][PASSED] - File 'C:\\Katalon\\Image\\pic11.jpg' sent to object: 'Object Repository/ADMIN/Categories/Category/image_input image'

2019-06-20 09:53:37 - [TEST_STEP][PASSED] - waitForElementVisible: Object 'Object Repository/ADMIN/Categories/Category/button_upload check' is visible

2019-06-20 09:53:37 - [MESSAGE][WARNING] - Timeout '0' is invalid. Using default page load timeout: '30'

2019-06-20 09:53:37 - [MESSAGE][PASSED] - Object 'Object Repository/ADMIN/Categories/Category/button_upload check' is visible

2019-06-20 09:53:37 - [TEST_STEP][PASSED] - click: Object: 'Object Repository/ADMIN/Categories/Category/button_upload check' is clicked on

2019-06-20 09:53:37 - [MESSAGE][PASSED] - Object: 'Object Repository/ADMIN/Categories/Category/button_upload check' is clicked on

2019-06-20 09:53:37 - [TEST_STEP][PASSED] - waitForElementVisible: Object 'Object Repository/ADMIN/Categories/Category/button_upload save' is visible

2019-06-20 09:53:37 - [MESSAGE][WARNING] - Timeout '0' is invalid. Using default page load timeout: '30'

2019-06-20 09:53:37 - [MESSAGE][PASSED] - Object 'Object Repository/ADMIN/Categories/Category/button_upload save' is visible

2019-06-20 09:53:37 - [TEST_STEP][PASSED] - click: Object: 'Object Repository/ADMIN/Categories/Category/button_upload save' is clicked on

2019-06-20 09:53:37 - [MESSAGE][PASSED] - Object: 'Object Repository/ADMIN/Categories/Category/button_upload save' is clicked on

2019-06-20 09:53:37 - [TEST_STEP][PASSED] - setText: Text 'Description48' is set on object 'Object Repository/ADMIN/Categories/Category/textfield_category_description'

2019-06-20 09:53:38 - [MESSAGE][PASSED] - Text 'Description48' is set on object 'Object Repository/ADMIN/Categories/Category/textfield_category_description'

2019-06-20 09:53:38 - [TEST_STEP][PASSED] - click: Object: 'Object Repository/ADMIN/Categories/Category/button_Save' is clicked on

2019-06-20 09:53:38 - [MESSAGE][PASSED] - Object: 'Object Repository/ADMIN/Categories/Category/button_Save' is clicked on

2019-06-20 09:53:38 - [TEST_STEP][PASSED] - waitForElementVisible: Object 'Object Repository/ADMIN/Categories/Category/label_edit popup' is visible

2019-06-20 09:53:38 - [MESSAGE][WARNING] - Timeout '0' is invalid. Using default page load timeout: '30'

2019-06-20 09:53:38 - [MESSAGE][PASSED] - Object 'Object Repository/ADMIN/Categories/Category/label_edit popup' is visible

2019-06-20 09:53:38 - [TEST_STEP][PASSED] - waitForElementNotPresent: Web element with id: 'Object Repository/ADMIN/Categories/Category/label_edit popup' located by 'By.xpath: //div[(text() = 'Category was successfully saved.' or . = 'Category was successfully saved.')]' is not present after '30' second(s)

2019-06-20 09:53:38 - [MESSAGE][WARNING] - Timeout '0' is invalid. Using default page load timeout: '30'

2019-06-20 09:53:44 - [MESSAGE][PASSED] - Web element with id: 'Object Repository/ADMIN/Categories/Category/label_edit popup' located by 'By.xpath: //div[(text() = 'Category was successfully saved.' or . = 'Category was successfully saved.')]' is not present after '30' second(s)]]></system-out>
         <system-err><![CDATA[]]></system-err>
      </testcase>
      <testcase name="Test Cases/ADMIN/Content Mgmt/Categories/Category Add-Edit/Add Category" classname="Test Cases/ADMIN/Content Mgmt/Categories/Category Add-Edit/Add Category" status="PASSED">
         <system-out><![CDATA[2019-06-20 09:53:44 - [TEST_CASE][PASSED] - Test Cases/ADMIN/Content Mgmt/Categories/Category Add-Edit/Add Category: Test Cases/ADMIN/Content Mgmt/Categories/Category Add-Edit/Add Category

2019-06-20 09:53:44 - [TEST_STEP][PASSED] - waitForElementVisible: Object 'Object Repository/ADMIN/Categories/Category List/button_Content Mgmt' is visible

2019-06-20 09:53:44 - [MESSAGE][WARNING] - Timeout '0' is invalid. Using default page load timeout: '30'

2019-06-20 09:53:44 - [MESSAGE][PASSED] - Object 'Object Repository/ADMIN/Categories/Category List/button_Content Mgmt' is visible

2019-06-20 09:53:44 - [TEST_STEP][PASSED] - click: Object: 'Object Repository/ADMIN/Categories/Category List/button_Content Mgmt' is clicked on

2019-06-20 09:53:44 - [MESSAGE][PASSED] - Object: 'Object Repository/ADMIN/Categories/Category List/button_Content Mgmt' is clicked on

2019-06-20 09:53:44 - [TEST_STEP][PASSED] - waitForElementVisible: Object 'Object Repository/ADMIN/Categories/Category List/button_Categories' is visible

2019-06-20 09:53:44 - [MESSAGE][WARNING] - Timeout '0' is invalid. Using default page load timeout: '30'

2019-06-20 09:53:44 - [MESSAGE][PASSED] - Object 'Object Repository/ADMIN/Categories/Category List/button_Categories' is visible

2019-06-20 09:53:44 - [TEST_STEP][PASSED] - click: Object: 'Object Repository/ADMIN/Categories/Category List/button_Categories' is clicked on

2019-06-20 09:53:45 - [MESSAGE][PASSED] - Object: 'Object Repository/ADMIN/Categories/Category List/button_Categories' is clicked on

2019-06-20 09:53:45 - [TEST_STEP][PASSED] - click: Object: 'Object Repository/ADMIN/Categories/Category List/button_Add a Category' is clicked on

2019-06-20 09:53:45 - [MESSAGE][PASSED] - Object: 'Object Repository/ADMIN/Categories/Category List/button_Add a Category' is clicked on

2019-06-20 09:53:45 - [TEST_STEP][PASSED] - waitForElementPresent: Object 'Object Repository/ADMIN/Categories/Category/dropdown_Parent' is present

2019-06-20 09:53:45 - [MESSAGE][PASSED] - Object 'Object Repository/ADMIN/Categories/Category/dropdown_Parent' is present

2019-06-20 09:53:45 - [TEST_STEP][PASSED] - delay: Delayed 1 second(s)

2019-06-20 09:53:46 - [MESSAGE][PASSED] - Delayed 1 second(s)

2019-06-20 09:53:46 - [TEST_STEP][PASSED] - setText: Text 'Category 4.1' is set on object 'Object Repository/ADMIN/Categories/Category/textfield_Category Name'

2019-06-20 09:53:47 - [MESSAGE][PASSED] - Text 'Category 4.1' is set on object 'Object Repository/ADMIN/Categories/Category/textfield_Category Name'

2019-06-20 09:53:47 - [TEST_STEP][PASSED] - click: Object: 'Object Repository/ADMIN/Categories/Category/dropdown_Parent' is clicked on

2019-06-20 09:53:47 - [MESSAGE][PASSED] - Object: 'Object Repository/ADMIN/Categories/Category/dropdown_Parent' is clicked on

2019-06-20 09:53:47 - [TEST_STEP][PASSED] - delay: Delayed 2 second(s)

2019-06-20 09:53:49 - [MESSAGE][PASSED] - Delayed 2 second(s)

2019-06-20 09:53:49 - [TEST_STEP][PASSED] - click: Object: 'Object Repository/ADMIN/Categories/Category/dropdown_Parent' is clicked on

2019-06-20 09:53:49 - [MESSAGE][PASSED] - Object: 'Object Repository/ADMIN/Categories/Category/dropdown_Parent' is clicked on

2019-06-20 09:53:49 - [TEST_STEP][PASSED] - selectOptionByLabel: All options with label 'Category 4' are selected in object 'Object Repository/ADMIN/Categories/Category/dropdown_Parent' 

2019-06-20 09:53:49 - [MESSAGE][PASSED] - All options with label 'Category 4' are selected in object 'Object Repository/ADMIN/Categories/Category/dropdown_Parent' 

2019-06-20 09:53:49 - [TEST_STEP][PASSED] - click: Object: 'Object Repository/ADMIN/Categories/Category/button_Browse' is clicked on

2019-06-20 09:53:49 - [MESSAGE][PASSED] - Object: 'Object Repository/ADMIN/Categories/Category/button_Browse' is clicked on

2019-06-20 09:53:49 - [TEST_STEP][PASSED] - delay: Delayed 2 second(s)

2019-06-20 09:53:51 - [MESSAGE][PASSED] - Delayed 2 second(s)

2019-06-20 09:53:51 - [TEST_STEP][PASSED] - uploadFile: File 'C:\\Katalon\\Image\\pic12.jpg' sent to object: 'Object Repository/ADMIN/Categories/Category/image_input image'

2019-06-20 09:53:51 - [MESSAGE][PASSED] - File 'C:\\Katalon\\Image\\pic12.jpg' sent to object: 'Object Repository/ADMIN/Categories/Category/image_input image'

2019-06-20 09:53:51 - [TEST_STEP][PASSED] - waitForElementVisible: Object 'Object Repository/ADMIN/Categories/Category/button_upload check' is visible

2019-06-20 09:53:51 - [MESSAGE][WARNING] - Timeout '0' is invalid. Using default page load timeout: '30'

2019-06-20 09:53:51 - [MESSAGE][PASSED] - Object 'Object Repository/ADMIN/Categories/Category/button_upload check' is visible

2019-06-20 09:53:51 - [TEST_STEP][PASSED] - click: Object: 'Object Repository/ADMIN/Categories/Category/button_upload check' is clicked on

2019-06-20 09:53:51 - [MESSAGE][PASSED] - Object: 'Object Repository/ADMIN/Categories/Category/button_upload check' is clicked on

2019-06-20 09:53:51 - [TEST_STEP][PASSED] - waitForElementVisible: Object 'Object Repository/ADMIN/Categories/Category/button_upload save' is visible

2019-06-20 09:53:51 - [MESSAGE][WARNING] - Timeout '0' is invalid. Using default page load timeout: '30'

2019-06-20 09:53:51 - [MESSAGE][PASSED] - Object 'Object Repository/ADMIN/Categories/Category/button_upload save' is visible

2019-06-20 09:53:51 - [TEST_STEP][PASSED] - click: Object: 'Object Repository/ADMIN/Categories/Category/button_upload save' is clicked on

2019-06-20 09:53:51 - [MESSAGE][PASSED] - Object: 'Object Repository/ADMIN/Categories/Category/button_upload save' is clicked on

2019-06-20 09:53:51 - [TEST_STEP][PASSED] - setText: Text 'Description49' is set on object 'Object Repository/ADMIN/Categories/Category/textfield_category_description'

2019-06-20 09:53:51 - [MESSAGE][PASSED] - Text 'Description49' is set on object 'Object Repository/ADMIN/Categories/Category/textfield_category_description'

2019-06-20 09:53:51 - [TEST_STEP][PASSED] - click: Object: 'Object Repository/ADMIN/Categories/Category/button_Save' is clicked on

2019-06-20 09:53:51 - [MESSAGE][PASSED] - Object: 'Object Repository/ADMIN/Categories/Category/button_Save' is clicked on

2019-06-20 09:53:51 - [TEST_STEP][PASSED] - waitForElementVisible: Object 'Object Repository/ADMIN/Categories/Category/label_edit popup' is visible

2019-06-20 09:53:51 - [MESSAGE][WARNING] - Timeout '0' is invalid. Using default page load timeout: '30'

2019-06-20 09:53:53 - [MESSAGE][PASSED] - Object 'Object Repository/ADMIN/Categories/Category/label_edit popup' is visible

2019-06-20 09:53:53 - [TEST_STEP][PASSED] - waitForElementNotPresent: Web element with id: 'Object Repository/ADMIN/Categories/Category/label_edit popup' located by 'By.xpath: //div[(text() = 'Category was successfully saved.' or . = 'Category was successfully saved.')]' is not present after '30' second(s)

2019-06-20 09:53:53 - [MESSAGE][WARNING] - Timeout '0' is invalid. Using default page load timeout: '30'

2019-06-20 09:53:58 - [MESSAGE][PASSED] - Web element with id: 'Object Repository/ADMIN/Categories/Category/label_edit popup' located by 'By.xpath: //div[(text() = 'Category was successfully saved.' or . = 'Category was successfully saved.')]' is not present after '30' second(s)]]></system-out>
         <system-err><![CDATA[]]></system-err>
      </testcase>
      <testcase name="Test Cases/ADMIN/Content Mgmt/Categories/Category Add-Edit/Add Category" classname="Test Cases/ADMIN/Content Mgmt/Categories/Category Add-Edit/Add Category" status="PASSED">
         <system-out><![CDATA[2019-06-20 09:53:58 - [TEST_CASE][PASSED] - Test Cases/ADMIN/Content Mgmt/Categories/Category Add-Edit/Add Category: Test Cases/ADMIN/Content Mgmt/Categories/Category Add-Edit/Add Category

2019-06-20 09:53:58 - [TEST_STEP][PASSED] - waitForElementVisible: Object 'Object Repository/ADMIN/Categories/Category List/button_Content Mgmt' is visible

2019-06-20 09:53:58 - [MESSAGE][WARNING] - Timeout '0' is invalid. Using default page load timeout: '30'

2019-06-20 09:53:58 - [MESSAGE][PASSED] - Object 'Object Repository/ADMIN/Categories/Category List/button_Content Mgmt' is visible

2019-06-20 09:53:58 - [TEST_STEP][PASSED] - click: Object: 'Object Repository/ADMIN/Categories/Category List/button_Content Mgmt' is clicked on

2019-06-20 09:53:58 - [MESSAGE][PASSED] - Object: 'Object Repository/ADMIN/Categories/Category List/button_Content Mgmt' is clicked on

2019-06-20 09:53:58 - [TEST_STEP][PASSED] - waitForElementVisible: Object 'Object Repository/ADMIN/Categories/Category List/button_Categories' is visible

2019-06-20 09:53:58 - [MESSAGE][WARNING] - Timeout '0' is invalid. Using default page load timeout: '30'

2019-06-20 09:53:58 - [MESSAGE][PASSED] - Object 'Object Repository/ADMIN/Categories/Category List/button_Categories' is visible

2019-06-20 09:53:58 - [TEST_STEP][PASSED] - click: Object: 'Object Repository/ADMIN/Categories/Category List/button_Categories' is clicked on

2019-06-20 09:53:59 - [MESSAGE][PASSED] - Object: 'Object Repository/ADMIN/Categories/Category List/button_Categories' is clicked on

2019-06-20 09:53:59 - [TEST_STEP][PASSED] - click: Object: 'Object Repository/ADMIN/Categories/Category List/button_Add a Category' is clicked on

2019-06-20 09:53:59 - [MESSAGE][PASSED] - Object: 'Object Repository/ADMIN/Categories/Category List/button_Add a Category' is clicked on

2019-06-20 09:53:59 - [TEST_STEP][PASSED] - waitForElementPresent: Object 'Object Repository/ADMIN/Categories/Category/dropdown_Parent' is present

2019-06-20 09:53:59 - [MESSAGE][PASSED] - Object 'Object Repository/ADMIN/Categories/Category/dropdown_Parent' is present

2019-06-20 09:53:59 - [TEST_STEP][PASSED] - delay: Delayed 1 second(s)

2019-06-20 09:54:00 - [MESSAGE][PASSED] - Delayed 1 second(s)

2019-06-20 09:54:00 - [TEST_STEP][PASSED] - setText: Text 'Category 4.2' is set on object 'Object Repository/ADMIN/Categories/Category/textfield_Category Name'

2019-06-20 09:54:01 - [MESSAGE][PASSED] - Text 'Category 4.2' is set on object 'Object Repository/ADMIN/Categories/Category/textfield_Category Name'

2019-06-20 09:54:01 - [TEST_STEP][PASSED] - click: Object: 'Object Repository/ADMIN/Categories/Category/dropdown_Parent' is clicked on

2019-06-20 09:54:01 - [MESSAGE][PASSED] - Object: 'Object Repository/ADMIN/Categories/Category/dropdown_Parent' is clicked on

2019-06-20 09:54:01 - [TEST_STEP][PASSED] - delay: Delayed 2 second(s)

2019-06-20 09:54:03 - [MESSAGE][PASSED] - Delayed 2 second(s)

2019-06-20 09:54:03 - [TEST_STEP][PASSED] - click: Object: 'Object Repository/ADMIN/Categories/Category/dropdown_Parent' is clicked on

2019-06-20 09:54:03 - [MESSAGE][PASSED] - Object: 'Object Repository/ADMIN/Categories/Category/dropdown_Parent' is clicked on

2019-06-20 09:54:03 - [TEST_STEP][PASSED] - selectOptionByLabel: All options with label 'Category 4' are selected in object 'Object Repository/ADMIN/Categories/Category/dropdown_Parent' 

2019-06-20 09:54:03 - [MESSAGE][PASSED] - All options with label 'Category 4' are selected in object 'Object Repository/ADMIN/Categories/Category/dropdown_Parent' 

2019-06-20 09:54:03 - [TEST_STEP][PASSED] - click: Object: 'Object Repository/ADMIN/Categories/Category/button_Browse' is clicked on

2019-06-20 09:54:03 - [MESSAGE][PASSED] - Object: 'Object Repository/ADMIN/Categories/Category/button_Browse' is clicked on

2019-06-20 09:54:03 - [TEST_STEP][PASSED] - delay: Delayed 2 second(s)

2019-06-20 09:54:05 - [MESSAGE][PASSED] - Delayed 2 second(s)

2019-06-20 09:54:05 - [TEST_STEP][PASSED] - uploadFile: File 'C:\\Katalon\\Image\\pic1.jpg' sent to object: 'Object Repository/ADMIN/Categories/Category/image_input image'

2019-06-20 09:54:05 - [MESSAGE][PASSED] - File 'C:\\Katalon\\Image\\pic1.jpg' sent to object: 'Object Repository/ADMIN/Categories/Category/image_input image'

2019-06-20 09:54:05 - [TEST_STEP][PASSED] - waitForElementVisible: Object 'Object Repository/ADMIN/Categories/Category/button_upload check' is visible

2019-06-20 09:54:05 - [MESSAGE][WARNING] - Timeout '0' is invalid. Using default page load timeout: '30'

2019-06-20 09:54:05 - [MESSAGE][PASSED] - Object 'Object Repository/ADMIN/Categories/Category/button_upload check' is visible

2019-06-20 09:54:05 - [TEST_STEP][PASSED] - click: Object: 'Object Repository/ADMIN/Categories/Category/button_upload check' is clicked on

2019-06-20 09:54:05 - [MESSAGE][PASSED] - Object: 'Object Repository/ADMIN/Categories/Category/button_upload check' is clicked on

2019-06-20 09:54:05 - [TEST_STEP][PASSED] - waitForElementVisible: Object 'Object Repository/ADMIN/Categories/Category/button_upload save' is visible

2019-06-20 09:54:05 - [MESSAGE][WARNING] - Timeout '0' is invalid. Using default page load timeout: '30'

2019-06-20 09:54:05 - [MESSAGE][PASSED] - Object 'Object Repository/ADMIN/Categories/Category/button_upload save' is visible

2019-06-20 09:54:05 - [TEST_STEP][PASSED] - click: Object: 'Object Repository/ADMIN/Categories/Category/button_upload save' is clicked on

2019-06-20 09:54:05 - [MESSAGE][PASSED] - Object: 'Object Repository/ADMIN/Categories/Category/button_upload save' is clicked on

2019-06-20 09:54:05 - [TEST_STEP][PASSED] - setText: Text 'Description50' is set on object 'Object Repository/ADMIN/Categories/Category/textfield_category_description'

2019-06-20 09:54:05 - [MESSAGE][PASSED] - Text 'Description50' is set on object 'Object Repository/ADMIN/Categories/Category/textfield_category_description'

2019-06-20 09:54:05 - [TEST_STEP][PASSED] - click: Object: 'Object Repository/ADMIN/Categories/Category/button_Save' is clicked on

2019-06-20 09:54:05 - [MESSAGE][PASSED] - Object: 'Object Repository/ADMIN/Categories/Category/button_Save' is clicked on

2019-06-20 09:54:05 - [TEST_STEP][PASSED] - waitForElementVisible: Object 'Object Repository/ADMIN/Categories/Category/label_edit popup' is visible

2019-06-20 09:54:05 - [MESSAGE][WARNING] - Timeout '0' is invalid. Using default page load timeout: '30'

2019-06-20 09:54:06 - [MESSAGE][PASSED] - Object 'Object Repository/ADMIN/Categories/Category/label_edit popup' is visible

2019-06-20 09:54:06 - [TEST_STEP][PASSED] - waitForElementNotPresent: Web element with id: 'Object Repository/ADMIN/Categories/Category/label_edit popup' located by 'By.xpath: //div[(text() = 'Category was successfully saved.' or . = 'Category was successfully saved.')]' is not present after '30' second(s)

2019-06-20 09:54:06 - [MESSAGE][WARNING] - Timeout '0' is invalid. Using default page load timeout: '30'

2019-06-20 09:54:12 - [MESSAGE][PASSED] - Web element with id: 'Object Repository/ADMIN/Categories/Category/label_edit popup' located by 'By.xpath: //div[(text() = 'Category was successfully saved.' or . = 'Category was successfully saved.')]' is not present after '30' second(s)]]></system-out>
         <system-err><![CDATA[]]></system-err>
      </testcase>
      <testcase name="Test Cases/ADMIN/Content Mgmt/Categories/Category Add-Edit/Add Category" classname="Test Cases/ADMIN/Content Mgmt/Categories/Category Add-Edit/Add Category" status="PASSED">
         <system-out><![CDATA[2019-06-20 09:54:12 - [TEST_CASE][PASSED] - Test Cases/ADMIN/Content Mgmt/Categories/Category Add-Edit/Add Category: Test Cases/ADMIN/Content Mgmt/Categories/Category Add-Edit/Add Category

2019-06-20 09:54:12 - [TEST_STEP][PASSED] - waitForElementVisible: Object 'Object Repository/ADMIN/Categories/Category List/button_Content Mgmt' is visible

2019-06-20 09:54:12 - [MESSAGE][WARNING] - Timeout '0' is invalid. Using default page load timeout: '30'

2019-06-20 09:54:12 - [MESSAGE][PASSED] - Object 'Object Repository/ADMIN/Categories/Category List/button_Content Mgmt' is visible

2019-06-20 09:54:12 - [TEST_STEP][PASSED] - click: Object: 'Object Repository/ADMIN/Categories/Category List/button_Content Mgmt' is clicked on

2019-06-20 09:54:12 - [MESSAGE][PASSED] - Object: 'Object Repository/ADMIN/Categories/Category List/button_Content Mgmt' is clicked on

2019-06-20 09:54:12 - [TEST_STEP][PASSED] - waitForElementVisible: Object 'Object Repository/ADMIN/Categories/Category List/button_Categories' is visible

2019-06-20 09:54:12 - [MESSAGE][WARNING] - Timeout '0' is invalid. Using default page load timeout: '30'

2019-06-20 09:54:12 - [MESSAGE][PASSED] - Object 'Object Repository/ADMIN/Categories/Category List/button_Categories' is visible

2019-06-20 09:54:12 - [TEST_STEP][PASSED] - click: Object: 'Object Repository/ADMIN/Categories/Category List/button_Categories' is clicked on

2019-06-20 09:54:14 - [MESSAGE][PASSED] - Object: 'Object Repository/ADMIN/Categories/Category List/button_Categories' is clicked on

2019-06-20 09:54:14 - [TEST_STEP][PASSED] - click: Object: 'Object Repository/ADMIN/Categories/Category List/button_Add a Category' is clicked on

2019-06-20 09:54:14 - [MESSAGE][PASSED] - Object: 'Object Repository/ADMIN/Categories/Category List/button_Add a Category' is clicked on

2019-06-20 09:54:14 - [TEST_STEP][PASSED] - waitForElementPresent: Object 'Object Repository/ADMIN/Categories/Category/dropdown_Parent' is present

2019-06-20 09:54:14 - [MESSAGE][PASSED] - Object 'Object Repository/ADMIN/Categories/Category/dropdown_Parent' is present

2019-06-20 09:54:14 - [TEST_STEP][PASSED] - delay: Delayed 1 second(s)

2019-06-20 09:54:15 - [MESSAGE][PASSED] - Delayed 1 second(s)

2019-06-20 09:54:15 - [TEST_STEP][PASSED] - setText: Text 'Category 4.3' is set on object 'Object Repository/ADMIN/Categories/Category/textfield_Category Name'

2019-06-20 09:54:15 - [MESSAGE][PASSED] - Text 'Category 4.3' is set on object 'Object Repository/ADMIN/Categories/Category/textfield_Category Name'

2019-06-20 09:54:15 - [TEST_STEP][PASSED] - click: Object: 'Object Repository/ADMIN/Categories/Category/dropdown_Parent' is clicked on

2019-06-20 09:54:15 - [MESSAGE][PASSED] - Object: 'Object Repository/ADMIN/Categories/Category/dropdown_Parent' is clicked on

2019-06-20 09:54:15 - [TEST_STEP][PASSED] - delay: Delayed 2 second(s)

2019-06-20 09:54:17 - [MESSAGE][PASSED] - Delayed 2 second(s)

2019-06-20 09:54:17 - [TEST_STEP][PASSED] - click: Object: 'Object Repository/ADMIN/Categories/Category/dropdown_Parent' is clicked on

2019-06-20 09:54:17 - [MESSAGE][PASSED] - Object: 'Object Repository/ADMIN/Categories/Category/dropdown_Parent' is clicked on

2019-06-20 09:54:17 - [TEST_STEP][PASSED] - selectOptionByLabel: All options with label 'Category 4' are selected in object 'Object Repository/ADMIN/Categories/Category/dropdown_Parent' 

2019-06-20 09:54:17 - [MESSAGE][PASSED] - All options with label 'Category 4' are selected in object 'Object Repository/ADMIN/Categories/Category/dropdown_Parent' 

2019-06-20 09:54:17 - [TEST_STEP][PASSED] - click: Object: 'Object Repository/ADMIN/Categories/Category/button_Browse' is clicked on

2019-06-20 09:54:17 - [MESSAGE][PASSED] - Object: 'Object Repository/ADMIN/Categories/Category/button_Browse' is clicked on

2019-06-20 09:54:17 - [TEST_STEP][PASSED] - delay: Delayed 2 second(s)

2019-06-20 09:54:19 - [MESSAGE][PASSED] - Delayed 2 second(s)

2019-06-20 09:54:19 - [TEST_STEP][PASSED] - uploadFile: File 'C:\\Katalon\\Image\\pic2.jpg' sent to object: 'Object Repository/ADMIN/Categories/Category/image_input image'

2019-06-20 09:54:19 - [MESSAGE][PASSED] - File 'C:\\Katalon\\Image\\pic2.jpg' sent to object: 'Object Repository/ADMIN/Categories/Category/image_input image'

2019-06-20 09:54:19 - [TEST_STEP][PASSED] - waitForElementVisible: Object 'Object Repository/ADMIN/Categories/Category/button_upload check' is visible

2019-06-20 09:54:19 - [MESSAGE][WARNING] - Timeout '0' is invalid. Using default page load timeout: '30'

2019-06-20 09:54:19 - [MESSAGE][PASSED] - Object 'Object Repository/ADMIN/Categories/Category/button_upload check' is visible

2019-06-20 09:54:19 - [TEST_STEP][PASSED] - click: Object: 'Object Repository/ADMIN/Categories/Category/button_upload check' is clicked on

2019-06-20 09:54:19 - [MESSAGE][PASSED] - Object: 'Object Repository/ADMIN/Categories/Category/button_upload check' is clicked on

2019-06-20 09:54:19 - [TEST_STEP][PASSED] - waitForElementVisible: Object 'Object Repository/ADMIN/Categories/Category/button_upload save' is visible

2019-06-20 09:54:19 - [MESSAGE][WARNING] - Timeout '0' is invalid. Using default page load timeout: '30'

2019-06-20 09:54:19 - [MESSAGE][PASSED] - Object 'Object Repository/ADMIN/Categories/Category/button_upload save' is visible

2019-06-20 09:54:19 - [TEST_STEP][PASSED] - click: Object: 'Object Repository/ADMIN/Categories/Category/button_upload save' is clicked on

2019-06-20 09:54:19 - [MESSAGE][PASSED] - Object: 'Object Repository/ADMIN/Categories/Category/button_upload save' is clicked on

2019-06-20 09:54:19 - [TEST_STEP][PASSED] - setText: Text 'Description51' is set on object 'Object Repository/ADMIN/Categories/Category/textfield_category_description'

2019-06-20 09:54:20 - [MESSAGE][PASSED] - Text 'Description51' is set on object 'Object Repository/ADMIN/Categories/Category/textfield_category_description'

2019-06-20 09:54:20 - [TEST_STEP][PASSED] - click: Object: 'Object Repository/ADMIN/Categories/Category/button_Save' is clicked on

2019-06-20 09:54:20 - [MESSAGE][PASSED] - Object: 'Object Repository/ADMIN/Categories/Category/button_Save' is clicked on

2019-06-20 09:54:20 - [TEST_STEP][PASSED] - waitForElementVisible: Object 'Object Repository/ADMIN/Categories/Category/label_edit popup' is visible

2019-06-20 09:54:20 - [MESSAGE][WARNING] - Timeout '0' is invalid. Using default page load timeout: '30'

2019-06-20 09:54:21 - [MESSAGE][PASSED] - Object 'Object Repository/ADMIN/Categories/Category/label_edit popup' is visible

2019-06-20 09:54:21 - [TEST_STEP][PASSED] - waitForElementNotPresent: Web element with id: 'Object Repository/ADMIN/Categories/Category/label_edit popup' located by 'By.xpath: //div[(text() = 'Category was successfully saved.' or . = 'Category was successfully saved.')]' is not present after '30' second(s)

2019-06-20 09:54:21 - [MESSAGE][WARNING] - Timeout '0' is invalid. Using default page load timeout: '30'

2019-06-20 09:54:27 - [MESSAGE][PASSED] - Web element with id: 'Object Repository/ADMIN/Categories/Category/label_edit popup' located by 'By.xpath: //div[(text() = 'Category was successfully saved.' or . = 'Category was successfully saved.')]' is not present after '30' second(s)]]></system-out>
         <system-err><![CDATA[]]></system-err>
      </testcase>
      <testcase name="Test Cases/ADMIN/Content Mgmt/Categories/Category Add-Edit/Add Category" classname="Test Cases/ADMIN/Content Mgmt/Categories/Category Add-Edit/Add Category" status="PASSED">
         <system-out><![CDATA[2019-06-20 09:54:27 - [TEST_CASE][PASSED] - Test Cases/ADMIN/Content Mgmt/Categories/Category Add-Edit/Add Category: Test Cases/ADMIN/Content Mgmt/Categories/Category Add-Edit/Add Category

2019-06-20 09:54:27 - [TEST_STEP][PASSED] - waitForElementVisible: Object 'Object Repository/ADMIN/Categories/Category List/button_Content Mgmt' is visible

2019-06-20 09:54:27 - [MESSAGE][WARNING] - Timeout '0' is invalid. Using default page load timeout: '30'

2019-06-20 09:54:27 - [MESSAGE][PASSED] - Object 'Object Repository/ADMIN/Categories/Category List/button_Content Mgmt' is visible

2019-06-20 09:54:27 - [TEST_STEP][PASSED] - click: Object: 'Object Repository/ADMIN/Categories/Category List/button_Content Mgmt' is clicked on

2019-06-20 09:54:27 - [MESSAGE][PASSED] - Object: 'Object Repository/ADMIN/Categories/Category List/button_Content Mgmt' is clicked on

2019-06-20 09:54:27 - [TEST_STEP][PASSED] - waitForElementVisible: Object 'Object Repository/ADMIN/Categories/Category List/button_Categories' is visible

2019-06-20 09:54:27 - [MESSAGE][WARNING] - Timeout '0' is invalid. Using default page load timeout: '30'

2019-06-20 09:54:27 - [MESSAGE][PASSED] - Object 'Object Repository/ADMIN/Categories/Category List/button_Categories' is visible

2019-06-20 09:54:27 - [TEST_STEP][PASSED] - click: Object: 'Object Repository/ADMIN/Categories/Category List/button_Categories' is clicked on

2019-06-20 09:54:28 - [MESSAGE][PASSED] - Object: 'Object Repository/ADMIN/Categories/Category List/button_Categories' is clicked on

2019-06-20 09:54:28 - [TEST_STEP][PASSED] - click: Object: 'Object Repository/ADMIN/Categories/Category List/button_Add a Category' is clicked on

2019-06-20 09:54:28 - [MESSAGE][PASSED] - Object: 'Object Repository/ADMIN/Categories/Category List/button_Add a Category' is clicked on

2019-06-20 09:54:28 - [TEST_STEP][PASSED] - waitForElementPresent: Object 'Object Repository/ADMIN/Categories/Category/dropdown_Parent' is present

2019-06-20 09:54:28 - [MESSAGE][PASSED] - Object 'Object Repository/ADMIN/Categories/Category/dropdown_Parent' is present

2019-06-20 09:54:28 - [TEST_STEP][PASSED] - delay: Delayed 1 second(s)

2019-06-20 09:54:29 - [MESSAGE][PASSED] - Delayed 1 second(s)

2019-06-20 09:54:29 - [TEST_STEP][PASSED] - setText: Text 'Category 4.4' is set on object 'Object Repository/ADMIN/Categories/Category/textfield_Category Name'

2019-06-20 09:54:30 - [MESSAGE][PASSED] - Text 'Category 4.4' is set on object 'Object Repository/ADMIN/Categories/Category/textfield_Category Name'

2019-06-20 09:54:30 - [TEST_STEP][PASSED] - click: Object: 'Object Repository/ADMIN/Categories/Category/dropdown_Parent' is clicked on

2019-06-20 09:54:30 - [MESSAGE][PASSED] - Object: 'Object Repository/ADMIN/Categories/Category/dropdown_Parent' is clicked on

2019-06-20 09:54:30 - [TEST_STEP][PASSED] - delay: Delayed 2 second(s)

2019-06-20 09:54:32 - [MESSAGE][PASSED] - Delayed 2 second(s)

2019-06-20 09:54:32 - [TEST_STEP][PASSED] - click: Object: 'Object Repository/ADMIN/Categories/Category/dropdown_Parent' is clicked on

2019-06-20 09:54:32 - [MESSAGE][PASSED] - Object: 'Object Repository/ADMIN/Categories/Category/dropdown_Parent' is clicked on

2019-06-20 09:54:32 - [TEST_STEP][PASSED] - selectOptionByLabel: All options with label 'Category 4' are selected in object 'Object Repository/ADMIN/Categories/Category/dropdown_Parent' 

2019-06-20 09:54:32 - [MESSAGE][PASSED] - All options with label 'Category 4' are selected in object 'Object Repository/ADMIN/Categories/Category/dropdown_Parent' 

2019-06-20 09:54:32 - [TEST_STEP][PASSED] - click: Object: 'Object Repository/ADMIN/Categories/Category/button_Browse' is clicked on

2019-06-20 09:54:32 - [MESSAGE][PASSED] - Object: 'Object Repository/ADMIN/Categories/Category/button_Browse' is clicked on

2019-06-20 09:54:32 - [TEST_STEP][PASSED] - delay: Delayed 2 second(s)

2019-06-20 09:54:34 - [MESSAGE][PASSED] - Delayed 2 second(s)

2019-06-20 09:54:34 - [TEST_STEP][PASSED] - uploadFile: File 'C:\\Katalon\\Image\\pic3.jpg' sent to object: 'Object Repository/ADMIN/Categories/Category/image_input image'

2019-06-20 09:54:34 - [MESSAGE][PASSED] - File 'C:\\Katalon\\Image\\pic3.jpg' sent to object: 'Object Repository/ADMIN/Categories/Category/image_input image'

2019-06-20 09:54:34 - [TEST_STEP][PASSED] - waitForElementVisible: Object 'Object Repository/ADMIN/Categories/Category/button_upload check' is visible

2019-06-20 09:54:34 - [MESSAGE][WARNING] - Timeout '0' is invalid. Using default page load timeout: '30'

2019-06-20 09:54:34 - [MESSAGE][PASSED] - Object 'Object Repository/ADMIN/Categories/Category/button_upload check' is visible

2019-06-20 09:54:34 - [TEST_STEP][PASSED] - click: Object: 'Object Repository/ADMIN/Categories/Category/button_upload check' is clicked on

2019-06-20 09:54:34 - [MESSAGE][PASSED] - Object: 'Object Repository/ADMIN/Categories/Category/button_upload check' is clicked on

2019-06-20 09:54:34 - [TEST_STEP][PASSED] - waitForElementVisible: Object 'Object Repository/ADMIN/Categories/Category/button_upload save' is visible

2019-06-20 09:54:34 - [MESSAGE][WARNING] - Timeout '0' is invalid. Using default page load timeout: '30'

2019-06-20 09:54:34 - [MESSAGE][PASSED] - Object 'Object Repository/ADMIN/Categories/Category/button_upload save' is visible

2019-06-20 09:54:34 - [TEST_STEP][PASSED] - click: Object: 'Object Repository/ADMIN/Categories/Category/button_upload save' is clicked on

2019-06-20 09:54:34 - [MESSAGE][PASSED] - Object: 'Object Repository/ADMIN/Categories/Category/button_upload save' is clicked on

2019-06-20 09:54:34 - [TEST_STEP][PASSED] - setText: Text 'Description52' is set on object 'Object Repository/ADMIN/Categories/Category/textfield_category_description'

2019-06-20 09:54:34 - [MESSAGE][PASSED] - Text 'Description52' is set on object 'Object Repository/ADMIN/Categories/Category/textfield_category_description'

2019-06-20 09:54:34 - [TEST_STEP][PASSED] - click: Object: 'Object Repository/ADMIN/Categories/Category/button_Save' is clicked on

2019-06-20 09:54:35 - [MESSAGE][PASSED] - Object: 'Object Repository/ADMIN/Categories/Category/button_Save' is clicked on

2019-06-20 09:54:35 - [TEST_STEP][PASSED] - waitForElementVisible: Object 'Object Repository/ADMIN/Categories/Category/label_edit popup' is visible

2019-06-20 09:54:35 - [MESSAGE][WARNING] - Timeout '0' is invalid. Using default page load timeout: '30'

2019-06-20 09:54:36 - [MESSAGE][PASSED] - Object 'Object Repository/ADMIN/Categories/Category/label_edit popup' is visible

2019-06-20 09:54:36 - [TEST_STEP][PASSED] - waitForElementNotPresent: Web element with id: 'Object Repository/ADMIN/Categories/Category/label_edit popup' located by 'By.xpath: //div[(text() = 'Category was successfully saved.' or . = 'Category was successfully saved.')]' is not present after '30' second(s)

2019-06-20 09:54:36 - [MESSAGE][WARNING] - Timeout '0' is invalid. Using default page load timeout: '30'

2019-06-20 09:54:41 - [MESSAGE][PASSED] - Web element with id: 'Object Repository/ADMIN/Categories/Category/label_edit popup' located by 'By.xpath: //div[(text() = 'Category was successfully saved.' or . = 'Category was successfully saved.')]' is not present after '30' second(s)]]></system-out>
         <system-err><![CDATA[]]></system-err>
      </testcase>
      <testcase name="Test Cases/ADMIN/Content Mgmt/Categories/Category Add-Edit/Add Category" classname="Test Cases/ADMIN/Content Mgmt/Categories/Category Add-Edit/Add Category" status="PASSED">
         <system-out><![CDATA[2019-06-20 09:54:41 - [TEST_CASE][PASSED] - Test Cases/ADMIN/Content Mgmt/Categories/Category Add-Edit/Add Category: Test Cases/ADMIN/Content Mgmt/Categories/Category Add-Edit/Add Category

2019-06-20 09:54:41 - [TEST_STEP][PASSED] - waitForElementVisible: Object 'Object Repository/ADMIN/Categories/Category List/button_Content Mgmt' is visible

2019-06-20 09:54:41 - [MESSAGE][WARNING] - Timeout '0' is invalid. Using default page load timeout: '30'

2019-06-20 09:54:41 - [MESSAGE][PASSED] - Object 'Object Repository/ADMIN/Categories/Category List/button_Content Mgmt' is visible

2019-06-20 09:54:41 - [TEST_STEP][PASSED] - click: Object: 'Object Repository/ADMIN/Categories/Category List/button_Content Mgmt' is clicked on

2019-06-20 09:54:41 - [MESSAGE][PASSED] - Object: 'Object Repository/ADMIN/Categories/Category List/button_Content Mgmt' is clicked on

2019-06-20 09:54:41 - [TEST_STEP][PASSED] - waitForElementVisible: Object 'Object Repository/ADMIN/Categories/Category List/button_Categories' is visible

2019-06-20 09:54:41 - [MESSAGE][WARNING] - Timeout '0' is invalid. Using default page load timeout: '30'

2019-06-20 09:54:41 - [MESSAGE][PASSED] - Object 'Object Repository/ADMIN/Categories/Category List/button_Categories' is visible

2019-06-20 09:54:41 - [TEST_STEP][PASSED] - click: Object: 'Object Repository/ADMIN/Categories/Category List/button_Categories' is clicked on

2019-06-20 09:54:42 - [MESSAGE][PASSED] - Object: 'Object Repository/ADMIN/Categories/Category List/button_Categories' is clicked on

2019-06-20 09:54:42 - [TEST_STEP][PASSED] - click: Object: 'Object Repository/ADMIN/Categories/Category List/button_Add a Category' is clicked on

2019-06-20 09:54:42 - [MESSAGE][PASSED] - Object: 'Object Repository/ADMIN/Categories/Category List/button_Add a Category' is clicked on

2019-06-20 09:54:42 - [TEST_STEP][PASSED] - waitForElementPresent: Object 'Object Repository/ADMIN/Categories/Category/dropdown_Parent' is present

2019-06-20 09:54:42 - [MESSAGE][PASSED] - Object 'Object Repository/ADMIN/Categories/Category/dropdown_Parent' is present

2019-06-20 09:54:42 - [TEST_STEP][PASSED] - delay: Delayed 1 second(s)

2019-06-20 09:54:43 - [MESSAGE][PASSED] - Delayed 1 second(s)

2019-06-20 09:54:43 - [TEST_STEP][PASSED] - setText: Text 'Category 4.4.1' is set on object 'Object Repository/ADMIN/Categories/Category/textfield_Category Name'

2019-06-20 09:54:44 - [MESSAGE][PASSED] - Text 'Category 4.4.1' is set on object 'Object Repository/ADMIN/Categories/Category/textfield_Category Name'

2019-06-20 09:54:44 - [TEST_STEP][PASSED] - click: Object: 'Object Repository/ADMIN/Categories/Category/dropdown_Parent' is clicked on

2019-06-20 09:54:44 - [MESSAGE][PASSED] - Object: 'Object Repository/ADMIN/Categories/Category/dropdown_Parent' is clicked on

2019-06-20 09:54:44 - [TEST_STEP][PASSED] - delay: Delayed 2 second(s)

2019-06-20 09:54:46 - [MESSAGE][PASSED] - Delayed 2 second(s)

2019-06-20 09:54:46 - [TEST_STEP][PASSED] - click: Object: 'Object Repository/ADMIN/Categories/Category/dropdown_Parent' is clicked on

2019-06-20 09:54:46 - [MESSAGE][PASSED] - Object: 'Object Repository/ADMIN/Categories/Category/dropdown_Parent' is clicked on

2019-06-20 09:54:46 - [TEST_STEP][PASSED] - selectOptionByLabel: All options with label 'Category 4.4' are selected in object 'Object Repository/ADMIN/Categories/Category/dropdown_Parent' 

2019-06-20 09:54:46 - [MESSAGE][PASSED] - All options with label 'Category 4.4' are selected in object 'Object Repository/ADMIN/Categories/Category/dropdown_Parent' 

2019-06-20 09:54:46 - [TEST_STEP][PASSED] - click: Object: 'Object Repository/ADMIN/Categories/Category/button_Browse' is clicked on

2019-06-20 09:54:46 - [MESSAGE][PASSED] - Object: 'Object Repository/ADMIN/Categories/Category/button_Browse' is clicked on

2019-06-20 09:54:46 - [TEST_STEP][PASSED] - delay: Delayed 2 second(s)

2019-06-20 09:54:48 - [MESSAGE][PASSED] - Delayed 2 second(s)

2019-06-20 09:54:48 - [TEST_STEP][PASSED] - uploadFile: File 'C:\\Katalon\\Image\\pic4.jpg' sent to object: 'Object Repository/ADMIN/Categories/Category/image_input image'

2019-06-20 09:54:48 - [MESSAGE][PASSED] - File 'C:\\Katalon\\Image\\pic4.jpg' sent to object: 'Object Repository/ADMIN/Categories/Category/image_input image'

2019-06-20 09:54:48 - [TEST_STEP][PASSED] - waitForElementVisible: Object 'Object Repository/ADMIN/Categories/Category/button_upload check' is visible

2019-06-20 09:54:48 - [MESSAGE][WARNING] - Timeout '0' is invalid. Using default page load timeout: '30'

2019-06-20 09:54:48 - [MESSAGE][PASSED] - Object 'Object Repository/ADMIN/Categories/Category/button_upload check' is visible

2019-06-20 09:54:48 - [TEST_STEP][PASSED] - click: Object: 'Object Repository/ADMIN/Categories/Category/button_upload check' is clicked on

2019-06-20 09:54:48 - [MESSAGE][PASSED] - Object: 'Object Repository/ADMIN/Categories/Category/button_upload check' is clicked on

2019-06-20 09:54:48 - [TEST_STEP][PASSED] - waitForElementVisible: Object 'Object Repository/ADMIN/Categories/Category/button_upload save' is visible

2019-06-20 09:54:48 - [MESSAGE][WARNING] - Timeout '0' is invalid. Using default page load timeout: '30'

2019-06-20 09:54:48 - [MESSAGE][PASSED] - Object 'Object Repository/ADMIN/Categories/Category/button_upload save' is visible

2019-06-20 09:54:48 - [TEST_STEP][PASSED] - click: Object: 'Object Repository/ADMIN/Categories/Category/button_upload save' is clicked on

2019-06-20 09:54:48 - [MESSAGE][PASSED] - Object: 'Object Repository/ADMIN/Categories/Category/button_upload save' is clicked on

2019-06-20 09:54:48 - [TEST_STEP][PASSED] - setText: Text 'Description53' is set on object 'Object Repository/ADMIN/Categories/Category/textfield_category_description'

2019-06-20 09:54:49 - [MESSAGE][PASSED] - Text 'Description53' is set on object 'Object Repository/ADMIN/Categories/Category/textfield_category_description'

2019-06-20 09:54:49 - [TEST_STEP][PASSED] - click: Object: 'Object Repository/ADMIN/Categories/Category/button_Save' is clicked on

2019-06-20 09:54:49 - [MESSAGE][PASSED] - Object: 'Object Repository/ADMIN/Categories/Category/button_Save' is clicked on

2019-06-20 09:54:49 - [TEST_STEP][PASSED] - waitForElementVisible: Object 'Object Repository/ADMIN/Categories/Category/label_edit popup' is visible

2019-06-20 09:54:49 - [MESSAGE][WARNING] - Timeout '0' is invalid. Using default page load timeout: '30'

2019-06-20 09:54:51 - [MESSAGE][PASSED] - Object 'Object Repository/ADMIN/Categories/Category/label_edit popup' is visible

2019-06-20 09:54:51 - [TEST_STEP][PASSED] - waitForElementNotPresent: Web element with id: 'Object Repository/ADMIN/Categories/Category/label_edit popup' located by 'By.xpath: //div[(text() = 'Category was successfully saved.' or . = 'Category was successfully saved.')]' is not present after '30' second(s)

2019-06-20 09:54:51 - [MESSAGE][WARNING] - Timeout '0' is invalid. Using default page load timeout: '30'

2019-06-20 09:54:56 - [MESSAGE][PASSED] - Web element with id: 'Object Repository/ADMIN/Categories/Category/label_edit popup' located by 'By.xpath: //div[(text() = 'Category was successfully saved.' or . = 'Category was successfully saved.')]' is not present after '30' second(s)]]></system-out>
         <system-err><![CDATA[]]></system-err>
      </testcase>
      <testcase name="Test Cases/ADMIN/Content Mgmt/Categories/Category Add-Edit/Add Category" classname="Test Cases/ADMIN/Content Mgmt/Categories/Category Add-Edit/Add Category" status="PASSED">
         <system-out><![CDATA[2019-06-20 09:54:56 - [TEST_CASE][PASSED] - Test Cases/ADMIN/Content Mgmt/Categories/Category Add-Edit/Add Category: Test Cases/ADMIN/Content Mgmt/Categories/Category Add-Edit/Add Category

2019-06-20 09:54:56 - [TEST_STEP][PASSED] - waitForElementVisible: Object 'Object Repository/ADMIN/Categories/Category List/button_Content Mgmt' is visible

2019-06-20 09:54:56 - [MESSAGE][WARNING] - Timeout '0' is invalid. Using default page load timeout: '30'

2019-06-20 09:54:56 - [MESSAGE][PASSED] - Object 'Object Repository/ADMIN/Categories/Category List/button_Content Mgmt' is visible

2019-06-20 09:54:56 - [TEST_STEP][PASSED] - click: Object: 'Object Repository/ADMIN/Categories/Category List/button_Content Mgmt' is clicked on

2019-06-20 09:54:56 - [MESSAGE][PASSED] - Object: 'Object Repository/ADMIN/Categories/Category List/button_Content Mgmt' is clicked on

2019-06-20 09:54:56 - [TEST_STEP][PASSED] - waitForElementVisible: Object 'Object Repository/ADMIN/Categories/Category List/button_Categories' is visible

2019-06-20 09:54:56 - [MESSAGE][WARNING] - Timeout '0' is invalid. Using default page load timeout: '30'

2019-06-20 09:54:56 - [MESSAGE][PASSED] - Object 'Object Repository/ADMIN/Categories/Category List/button_Categories' is visible

2019-06-20 09:54:56 - [TEST_STEP][PASSED] - click: Object: 'Object Repository/ADMIN/Categories/Category List/button_Categories' is clicked on

2019-06-20 09:54:56 - [MESSAGE][PASSED] - Object: 'Object Repository/ADMIN/Categories/Category List/button_Categories' is clicked on

2019-06-20 09:54:56 - [TEST_STEP][PASSED] - click: Object: 'Object Repository/ADMIN/Categories/Category List/button_Add a Category' is clicked on

2019-06-20 09:54:56 - [MESSAGE][PASSED] - Object: 'Object Repository/ADMIN/Categories/Category List/button_Add a Category' is clicked on

2019-06-20 09:54:56 - [TEST_STEP][PASSED] - waitForElementPresent: Object 'Object Repository/ADMIN/Categories/Category/dropdown_Parent' is present

2019-06-20 09:54:56 - [MESSAGE][PASSED] - Object 'Object Repository/ADMIN/Categories/Category/dropdown_Parent' is present

2019-06-20 09:54:56 - [TEST_STEP][PASSED] - delay: Delayed 1 second(s)

2019-06-20 09:54:57 - [MESSAGE][PASSED] - Delayed 1 second(s)

2019-06-20 09:54:57 - [TEST_STEP][PASSED] - setText: Text 'Category 4.4.2' is set on object 'Object Repository/ADMIN/Categories/Category/textfield_Category Name'

2019-06-20 09:54:57 - [MESSAGE][PASSED] - Text 'Category 4.4.2' is set on object 'Object Repository/ADMIN/Categories/Category/textfield_Category Name'

2019-06-20 09:54:57 - [TEST_STEP][PASSED] - click: Object: 'Object Repository/ADMIN/Categories/Category/dropdown_Parent' is clicked on

2019-06-20 09:54:57 - [MESSAGE][PASSED] - Object: 'Object Repository/ADMIN/Categories/Category/dropdown_Parent' is clicked on

2019-06-20 09:54:57 - [TEST_STEP][PASSED] - delay: Delayed 2 second(s)

2019-06-20 09:54:59 - [MESSAGE][PASSED] - Delayed 2 second(s)

2019-06-20 09:54:59 - [TEST_STEP][PASSED] - click: Object: 'Object Repository/ADMIN/Categories/Category/dropdown_Parent' is clicked on

2019-06-20 09:54:59 - [MESSAGE][PASSED] - Object: 'Object Repository/ADMIN/Categories/Category/dropdown_Parent' is clicked on

2019-06-20 09:54:59 - [TEST_STEP][PASSED] - selectOptionByLabel: All options with label 'Category 4.4' are selected in object 'Object Repository/ADMIN/Categories/Category/dropdown_Parent' 

2019-06-20 09:55:00 - [MESSAGE][PASSED] - All options with label 'Category 4.4' are selected in object 'Object Repository/ADMIN/Categories/Category/dropdown_Parent' 

2019-06-20 09:55:00 - [TEST_STEP][PASSED] - click: Object: 'Object Repository/ADMIN/Categories/Category/button_Browse' is clicked on

2019-06-20 09:55:00 - [MESSAGE][PASSED] - Object: 'Object Repository/ADMIN/Categories/Category/button_Browse' is clicked on

2019-06-20 09:55:00 - [TEST_STEP][PASSED] - delay: Delayed 2 second(s)

2019-06-20 09:55:02 - [MESSAGE][PASSED] - Delayed 2 second(s)

2019-06-20 09:55:02 - [TEST_STEP][PASSED] - uploadFile: File 'C:\\Katalon\\Image\\pic5.jpg' sent to object: 'Object Repository/ADMIN/Categories/Category/image_input image'

2019-06-20 09:55:02 - [MESSAGE][PASSED] - File 'C:\\Katalon\\Image\\pic5.jpg' sent to object: 'Object Repository/ADMIN/Categories/Category/image_input image'

2019-06-20 09:55:02 - [TEST_STEP][PASSED] - waitForElementVisible: Object 'Object Repository/ADMIN/Categories/Category/button_upload check' is visible

2019-06-20 09:55:02 - [MESSAGE][WARNING] - Timeout '0' is invalid. Using default page load timeout: '30'

2019-06-20 09:55:02 - [MESSAGE][PASSED] - Object 'Object Repository/ADMIN/Categories/Category/button_upload check' is visible

2019-06-20 09:55:02 - [TEST_STEP][PASSED] - click: Object: 'Object Repository/ADMIN/Categories/Category/button_upload check' is clicked on

2019-06-20 09:55:02 - [MESSAGE][PASSED] - Object: 'Object Repository/ADMIN/Categories/Category/button_upload check' is clicked on

2019-06-20 09:55:02 - [TEST_STEP][PASSED] - waitForElementVisible: Object 'Object Repository/ADMIN/Categories/Category/button_upload save' is visible

2019-06-20 09:55:02 - [MESSAGE][WARNING] - Timeout '0' is invalid. Using default page load timeout: '30'

2019-06-20 09:55:02 - [MESSAGE][PASSED] - Object 'Object Repository/ADMIN/Categories/Category/button_upload save' is visible

2019-06-20 09:55:02 - [TEST_STEP][PASSED] - click: Object: 'Object Repository/ADMIN/Categories/Category/button_upload save' is clicked on

2019-06-20 09:55:02 - [MESSAGE][PASSED] - Object: 'Object Repository/ADMIN/Categories/Category/button_upload save' is clicked on

2019-06-20 09:55:02 - [TEST_STEP][PASSED] - setText: Text 'Description54' is set on object 'Object Repository/ADMIN/Categories/Category/textfield_category_description'

2019-06-20 09:55:02 - [MESSAGE][PASSED] - Text 'Description54' is set on object 'Object Repository/ADMIN/Categories/Category/textfield_category_description'

2019-06-20 09:55:02 - [TEST_STEP][PASSED] - click: Object: 'Object Repository/ADMIN/Categories/Category/button_Save' is clicked on

2019-06-20 09:55:02 - [MESSAGE][PASSED] - Object: 'Object Repository/ADMIN/Categories/Category/button_Save' is clicked on

2019-06-20 09:55:02 - [TEST_STEP][PASSED] - waitForElementVisible: Object 'Object Repository/ADMIN/Categories/Category/label_edit popup' is visible

2019-06-20 09:55:02 - [MESSAGE][WARNING] - Timeout '0' is invalid. Using default page load timeout: '30'

2019-06-20 09:55:04 - [MESSAGE][PASSED] - Object 'Object Repository/ADMIN/Categories/Category/label_edit popup' is visible

2019-06-20 09:55:04 - [TEST_STEP][PASSED] - waitForElementNotPresent: Web element with id: 'Object Repository/ADMIN/Categories/Category/label_edit popup' located by 'By.xpath: //div[(text() = 'Category was successfully saved.' or . = 'Category was successfully saved.')]' is not present after '30' second(s)

2019-06-20 09:55:04 - [MESSAGE][WARNING] - Timeout '0' is invalid. Using default page load timeout: '30'

2019-06-20 09:55:09 - [MESSAGE][PASSED] - Web element with id: 'Object Repository/ADMIN/Categories/Category/label_edit popup' located by 'By.xpath: //div[(text() = 'Category was successfully saved.' or . = 'Category was successfully saved.')]' is not present after '30' second(s)]]></system-out>
         <system-err><![CDATA[]]></system-err>
      </testcase>
      <testcase name="Test Cases/ADMIN/Content Mgmt/Categories/Category Add-Edit/Add Category" classname="Test Cases/ADMIN/Content Mgmt/Categories/Category Add-Edit/Add Category" status="PASSED">
         <system-out><![CDATA[2019-06-20 09:55:09 - [TEST_CASE][PASSED] - Test Cases/ADMIN/Content Mgmt/Categories/Category Add-Edit/Add Category: Test Cases/ADMIN/Content Mgmt/Categories/Category Add-Edit/Add Category

2019-06-20 09:55:09 - [TEST_STEP][PASSED] - waitForElementVisible: Object 'Object Repository/ADMIN/Categories/Category List/button_Content Mgmt' is visible

2019-06-20 09:55:09 - [MESSAGE][WARNING] - Timeout '0' is invalid. Using default page load timeout: '30'

2019-06-20 09:55:09 - [MESSAGE][PASSED] - Object 'Object Repository/ADMIN/Categories/Category List/button_Content Mgmt' is visible

2019-06-20 09:55:09 - [TEST_STEP][PASSED] - click: Object: 'Object Repository/ADMIN/Categories/Category List/button_Content Mgmt' is clicked on

2019-06-20 09:55:09 - [MESSAGE][PASSED] - Object: 'Object Repository/ADMIN/Categories/Category List/button_Content Mgmt' is clicked on

2019-06-20 09:55:09 - [TEST_STEP][PASSED] - waitForElementVisible: Object 'Object Repository/ADMIN/Categories/Category List/button_Categories' is visible

2019-06-20 09:55:09 - [MESSAGE][WARNING] - Timeout '0' is invalid. Using default page load timeout: '30'

2019-06-20 09:55:10 - [MESSAGE][PASSED] - Object 'Object Repository/ADMIN/Categories/Category List/button_Categories' is visible

2019-06-20 09:55:10 - [TEST_STEP][PASSED] - click: Object: 'Object Repository/ADMIN/Categories/Category List/button_Categories' is clicked on

2019-06-20 09:55:10 - [MESSAGE][PASSED] - Object: 'Object Repository/ADMIN/Categories/Category List/button_Categories' is clicked on

2019-06-20 09:55:10 - [TEST_STEP][PASSED] - click: Object: 'Object Repository/ADMIN/Categories/Category List/button_Add a Category' is clicked on

2019-06-20 09:55:11 - [MESSAGE][PASSED] - Object: 'Object Repository/ADMIN/Categories/Category List/button_Add a Category' is clicked on

2019-06-20 09:55:11 - [TEST_STEP][PASSED] - waitForElementPresent: Object 'Object Repository/ADMIN/Categories/Category/dropdown_Parent' is present

2019-06-20 09:55:11 - [MESSAGE][PASSED] - Object 'Object Repository/ADMIN/Categories/Category/dropdown_Parent' is present

2019-06-20 09:55:11 - [TEST_STEP][PASSED] - delay: Delayed 1 second(s)

2019-06-20 09:55:12 - [MESSAGE][PASSED] - Delayed 1 second(s)

2019-06-20 09:55:12 - [TEST_STEP][PASSED] - setText: Text 'Category 4.4.3' is set on object 'Object Repository/ADMIN/Categories/Category/textfield_Category Name'

2019-06-20 09:55:12 - [MESSAGE][PASSED] - Text 'Category 4.4.3' is set on object 'Object Repository/ADMIN/Categories/Category/textfield_Category Name'

2019-06-20 09:55:12 - [TEST_STEP][PASSED] - click: Object: 'Object Repository/ADMIN/Categories/Category/dropdown_Parent' is clicked on

2019-06-20 09:55:12 - [MESSAGE][PASSED] - Object: 'Object Repository/ADMIN/Categories/Category/dropdown_Parent' is clicked on

2019-06-20 09:55:12 - [TEST_STEP][PASSED] - delay: Delayed 2 second(s)

2019-06-20 09:55:14 - [MESSAGE][PASSED] - Delayed 2 second(s)

2019-06-20 09:55:14 - [TEST_STEP][PASSED] - click: Object: 'Object Repository/ADMIN/Categories/Category/dropdown_Parent' is clicked on

2019-06-20 09:55:14 - [MESSAGE][PASSED] - Object: 'Object Repository/ADMIN/Categories/Category/dropdown_Parent' is clicked on

2019-06-20 09:55:14 - [TEST_STEP][PASSED] - selectOptionByLabel: All options with label 'Category 4.4' are selected in object 'Object Repository/ADMIN/Categories/Category/dropdown_Parent' 

2019-06-20 09:55:14 - [MESSAGE][PASSED] - All options with label 'Category 4.4' are selected in object 'Object Repository/ADMIN/Categories/Category/dropdown_Parent' 

2019-06-20 09:55:14 - [TEST_STEP][PASSED] - click: Object: 'Object Repository/ADMIN/Categories/Category/button_Browse' is clicked on

2019-06-20 09:55:14 - [MESSAGE][PASSED] - Object: 'Object Repository/ADMIN/Categories/Category/button_Browse' is clicked on

2019-06-20 09:55:14 - [TEST_STEP][PASSED] - delay: Delayed 2 second(s)

2019-06-20 09:55:16 - [MESSAGE][PASSED] - Delayed 2 second(s)

2019-06-20 09:55:16 - [TEST_STEP][PASSED] - uploadFile: File 'C:\\Katalon\\Image\\pic6.jpg' sent to object: 'Object Repository/ADMIN/Categories/Category/image_input image'

2019-06-20 09:55:16 - [MESSAGE][PASSED] - File 'C:\\Katalon\\Image\\pic6.jpg' sent to object: 'Object Repository/ADMIN/Categories/Category/image_input image'

2019-06-20 09:55:16 - [TEST_STEP][PASSED] - waitForElementVisible: Object 'Object Repository/ADMIN/Categories/Category/button_upload check' is visible

2019-06-20 09:55:16 - [MESSAGE][WARNING] - Timeout '0' is invalid. Using default page load timeout: '30'

2019-06-20 09:55:16 - [MESSAGE][PASSED] - Object 'Object Repository/ADMIN/Categories/Category/button_upload check' is visible

2019-06-20 09:55:16 - [TEST_STEP][PASSED] - click: Object: 'Object Repository/ADMIN/Categories/Category/button_upload check' is clicked on

2019-06-20 09:55:17 - [MESSAGE][PASSED] - Object: 'Object Repository/ADMIN/Categories/Category/button_upload check' is clicked on

2019-06-20 09:55:17 - [TEST_STEP][PASSED] - waitForElementVisible: Object 'Object Repository/ADMIN/Categories/Category/button_upload save' is visible

2019-06-20 09:55:17 - [MESSAGE][WARNING] - Timeout '0' is invalid. Using default page load timeout: '30'

2019-06-20 09:55:17 - [MESSAGE][PASSED] - Object 'Object Repository/ADMIN/Categories/Category/button_upload save' is visible

2019-06-20 09:55:17 - [TEST_STEP][PASSED] - click: Object: 'Object Repository/ADMIN/Categories/Category/button_upload save' is clicked on

2019-06-20 09:55:17 - [MESSAGE][PASSED] - Object: 'Object Repository/ADMIN/Categories/Category/button_upload save' is clicked on

2019-06-20 09:55:17 - [TEST_STEP][PASSED] - setText: Text 'Description55' is set on object 'Object Repository/ADMIN/Categories/Category/textfield_category_description'

2019-06-20 09:55:17 - [MESSAGE][PASSED] - Text 'Description55' is set on object 'Object Repository/ADMIN/Categories/Category/textfield_category_description'

2019-06-20 09:55:17 - [TEST_STEP][PASSED] - click: Object: 'Object Repository/ADMIN/Categories/Category/button_Save' is clicked on

2019-06-20 09:55:17 - [MESSAGE][PASSED] - Object: 'Object Repository/ADMIN/Categories/Category/button_Save' is clicked on

2019-06-20 09:55:17 - [TEST_STEP][PASSED] - waitForElementVisible: Object 'Object Repository/ADMIN/Categories/Category/label_edit popup' is visible

2019-06-20 09:55:17 - [MESSAGE][WARNING] - Timeout '0' is invalid. Using default page load timeout: '30'

2019-06-20 09:55:18 - [MESSAGE][PASSED] - Object 'Object Repository/ADMIN/Categories/Category/label_edit popup' is visible

2019-06-20 09:55:18 - [TEST_STEP][PASSED] - waitForElementNotPresent: Web element with id: 'Object Repository/ADMIN/Categories/Category/label_edit popup' located by 'By.xpath: //div[(text() = 'Category was successfully saved.' or . = 'Category was successfully saved.')]' is not present after '30' second(s)

2019-06-20 09:55:18 - [MESSAGE][WARNING] - Timeout '0' is invalid. Using default page load timeout: '30'

2019-06-20 09:55:24 - [MESSAGE][PASSED] - Web element with id: 'Object Repository/ADMIN/Categories/Category/label_edit popup' located by 'By.xpath: //div[(text() = 'Category was successfully saved.' or . = 'Category was successfully saved.')]' is not present after '30' second(s)]]></system-out>
         <system-err><![CDATA[]]></system-err>
      </testcase>
      <testcase name="Test Cases/ADMIN/Content Mgmt/Categories/Category Add-Edit/Add Category" classname="Test Cases/ADMIN/Content Mgmt/Categories/Category Add-Edit/Add Category" status="PASSED">
         <system-out><![CDATA[2019-06-20 09:55:24 - [TEST_CASE][PASSED] - Test Cases/ADMIN/Content Mgmt/Categories/Category Add-Edit/Add Category: Test Cases/ADMIN/Content Mgmt/Categories/Category Add-Edit/Add Category

2019-06-20 09:55:24 - [TEST_STEP][PASSED] - waitForElementVisible: Object 'Object Repository/ADMIN/Categories/Category List/button_Content Mgmt' is visible

2019-06-20 09:55:24 - [MESSAGE][WARNING] - Timeout '0' is invalid. Using default page load timeout: '30'

2019-06-20 09:55:24 - [MESSAGE][PASSED] - Object 'Object Repository/ADMIN/Categories/Category List/button_Content Mgmt' is visible

2019-06-20 09:55:24 - [TEST_STEP][PASSED] - click: Object: 'Object Repository/ADMIN/Categories/Category List/button_Content Mgmt' is clicked on

2019-06-20 09:55:24 - [MESSAGE][PASSED] - Object: 'Object Repository/ADMIN/Categories/Category List/button_Content Mgmt' is clicked on

2019-06-20 09:55:24 - [TEST_STEP][PASSED] - waitForElementVisible: Object 'Object Repository/ADMIN/Categories/Category List/button_Categories' is visible

2019-06-20 09:55:24 - [MESSAGE][WARNING] - Timeout '0' is invalid. Using default page load timeout: '30'

2019-06-20 09:55:24 - [MESSAGE][PASSED] - Object 'Object Repository/ADMIN/Categories/Category List/button_Categories' is visible

2019-06-20 09:55:24 - [TEST_STEP][PASSED] - click: Object: 'Object Repository/ADMIN/Categories/Category List/button_Categories' is clicked on

2019-06-20 09:55:25 - [MESSAGE][PASSED] - Object: 'Object Repository/ADMIN/Categories/Category List/button_Categories' is clicked on

2019-06-20 09:55:25 - [TEST_STEP][PASSED] - click: Object: 'Object Repository/ADMIN/Categories/Category List/button_Add a Category' is clicked on

2019-06-20 09:55:25 - [MESSAGE][PASSED] - Object: 'Object Repository/ADMIN/Categories/Category List/button_Add a Category' is clicked on

2019-06-20 09:55:25 - [TEST_STEP][PASSED] - waitForElementPresent: Object 'Object Repository/ADMIN/Categories/Category/dropdown_Parent' is present

2019-06-20 09:55:25 - [MESSAGE][PASSED] - Object 'Object Repository/ADMIN/Categories/Category/dropdown_Parent' is present

2019-06-20 09:55:25 - [TEST_STEP][PASSED] - delay: Delayed 1 second(s)

2019-06-20 09:55:26 - [MESSAGE][PASSED] - Delayed 1 second(s)

2019-06-20 09:55:26 - [TEST_STEP][PASSED] - setText: Text 'Category 4.5' is set on object 'Object Repository/ADMIN/Categories/Category/textfield_Category Name'

2019-06-20 09:55:26 - [MESSAGE][PASSED] - Text 'Category 4.5' is set on object 'Object Repository/ADMIN/Categories/Category/textfield_Category Name'

2019-06-20 09:55:26 - [TEST_STEP][PASSED] - click: Object: 'Object Repository/ADMIN/Categories/Category/dropdown_Parent' is clicked on

2019-06-20 09:55:27 - [MESSAGE][PASSED] - Object: 'Object Repository/ADMIN/Categories/Category/dropdown_Parent' is clicked on

2019-06-20 09:55:27 - [TEST_STEP][PASSED] - delay: Delayed 2 second(s)

2019-06-20 09:55:29 - [MESSAGE][PASSED] - Delayed 2 second(s)

2019-06-20 09:55:29 - [TEST_STEP][PASSED] - click: Object: 'Object Repository/ADMIN/Categories/Category/dropdown_Parent' is clicked on

2019-06-20 09:55:29 - [MESSAGE][PASSED] - Object: 'Object Repository/ADMIN/Categories/Category/dropdown_Parent' is clicked on

2019-06-20 09:55:29 - [TEST_STEP][PASSED] - selectOptionByLabel: All options with label 'Category 4' are selected in object 'Object Repository/ADMIN/Categories/Category/dropdown_Parent' 

2019-06-20 09:55:29 - [MESSAGE][PASSED] - All options with label 'Category 4' are selected in object 'Object Repository/ADMIN/Categories/Category/dropdown_Parent' 

2019-06-20 09:55:29 - [TEST_STEP][PASSED] - click: Object: 'Object Repository/ADMIN/Categories/Category/button_Browse' is clicked on

2019-06-20 09:55:29 - [MESSAGE][PASSED] - Object: 'Object Repository/ADMIN/Categories/Category/button_Browse' is clicked on

2019-06-20 09:55:29 - [TEST_STEP][PASSED] - delay: Delayed 2 second(s)

2019-06-20 09:55:31 - [MESSAGE][PASSED] - Delayed 2 second(s)

2019-06-20 09:55:31 - [TEST_STEP][PASSED] - uploadFile: File 'C:\\Katalon\\Image\\pic7.jpg' sent to object: 'Object Repository/ADMIN/Categories/Category/image_input image'

2019-06-20 09:55:31 - [MESSAGE][PASSED] - File 'C:\\Katalon\\Image\\pic7.jpg' sent to object: 'Object Repository/ADMIN/Categories/Category/image_input image'

2019-06-20 09:55:31 - [TEST_STEP][PASSED] - waitForElementVisible: Object 'Object Repository/ADMIN/Categories/Category/button_upload check' is visible

2019-06-20 09:55:31 - [MESSAGE][WARNING] - Timeout '0' is invalid. Using default page load timeout: '30'

2019-06-20 09:55:31 - [MESSAGE][PASSED] - Object 'Object Repository/ADMIN/Categories/Category/button_upload check' is visible

2019-06-20 09:55:31 - [TEST_STEP][PASSED] - click: Object: 'Object Repository/ADMIN/Categories/Category/button_upload check' is clicked on

2019-06-20 09:55:31 - [MESSAGE][PASSED] - Object: 'Object Repository/ADMIN/Categories/Category/button_upload check' is clicked on

2019-06-20 09:55:31 - [TEST_STEP][PASSED] - waitForElementVisible: Object 'Object Repository/ADMIN/Categories/Category/button_upload save' is visible

2019-06-20 09:55:31 - [MESSAGE][WARNING] - Timeout '0' is invalid. Using default page load timeout: '30'

2019-06-20 09:55:31 - [MESSAGE][PASSED] - Object 'Object Repository/ADMIN/Categories/Category/button_upload save' is visible

2019-06-20 09:55:31 - [TEST_STEP][PASSED] - click: Object: 'Object Repository/ADMIN/Categories/Category/button_upload save' is clicked on

2019-06-20 09:55:31 - [MESSAGE][PASSED] - Object: 'Object Repository/ADMIN/Categories/Category/button_upload save' is clicked on

2019-06-20 09:55:31 - [TEST_STEP][PASSED] - setText: Text 'Description56' is set on object 'Object Repository/ADMIN/Categories/Category/textfield_category_description'

2019-06-20 09:55:31 - [MESSAGE][PASSED] - Text 'Description56' is set on object 'Object Repository/ADMIN/Categories/Category/textfield_category_description'

2019-06-20 09:55:31 - [TEST_STEP][PASSED] - click: Object: 'Object Repository/ADMIN/Categories/Category/button_Save' is clicked on

2019-06-20 09:55:31 - [MESSAGE][PASSED] - Object: 'Object Repository/ADMIN/Categories/Category/button_Save' is clicked on

2019-06-20 09:55:31 - [TEST_STEP][PASSED] - waitForElementVisible: Object 'Object Repository/ADMIN/Categories/Category/label_edit popup' is visible

2019-06-20 09:55:31 - [MESSAGE][WARNING] - Timeout '0' is invalid. Using default page load timeout: '30'

2019-06-20 09:55:32 - [MESSAGE][PASSED] - Object 'Object Repository/ADMIN/Categories/Category/label_edit popup' is visible

2019-06-20 09:55:32 - [TEST_STEP][PASSED] - waitForElementNotPresent: Web element with id: 'Object Repository/ADMIN/Categories/Category/label_edit popup' located by 'By.xpath: //div[(text() = 'Category was successfully saved.' or . = 'Category was successfully saved.')]' is not present after '30' second(s)

2019-06-20 09:55:32 - [MESSAGE][WARNING] - Timeout '0' is invalid. Using default page load timeout: '30'

2019-06-20 09:55:38 - [MESSAGE][PASSED] - Web element with id: 'Object Repository/ADMIN/Categories/Category/label_edit popup' located by 'By.xpath: //div[(text() = 'Category was successfully saved.' or . = 'Category was successfully saved.')]' is not present after '30' second(s)]]></system-out>
         <system-err><![CDATA[]]></system-err>
      </testcase>
      <testcase name="Test Cases/ADMIN/Content Mgmt/Categories/Category Add-Edit/Add Category" classname="Test Cases/ADMIN/Content Mgmt/Categories/Category Add-Edit/Add Category" status="PASSED">
         <system-out><![CDATA[2019-06-20 09:55:38 - [TEST_CASE][PASSED] - Test Cases/ADMIN/Content Mgmt/Categories/Category Add-Edit/Add Category: Test Cases/ADMIN/Content Mgmt/Categories/Category Add-Edit/Add Category

2019-06-20 09:55:38 - [TEST_STEP][PASSED] - waitForElementVisible: Object 'Object Repository/ADMIN/Categories/Category List/button_Content Mgmt' is visible

2019-06-20 09:55:38 - [MESSAGE][WARNING] - Timeout '0' is invalid. Using default page load timeout: '30'

2019-06-20 09:55:38 - [MESSAGE][PASSED] - Object 'Object Repository/ADMIN/Categories/Category List/button_Content Mgmt' is visible

2019-06-20 09:55:38 - [TEST_STEP][PASSED] - click: Object: 'Object Repository/ADMIN/Categories/Category List/button_Content Mgmt' is clicked on

2019-06-20 09:55:38 - [MESSAGE][PASSED] - Object: 'Object Repository/ADMIN/Categories/Category List/button_Content Mgmt' is clicked on

2019-06-20 09:55:38 - [TEST_STEP][PASSED] - waitForElementVisible: Object 'Object Repository/ADMIN/Categories/Category List/button_Categories' is visible

2019-06-20 09:55:38 - [MESSAGE][WARNING] - Timeout '0' is invalid. Using default page load timeout: '30'

2019-06-20 09:55:38 - [MESSAGE][PASSED] - Object 'Object Repository/ADMIN/Categories/Category List/button_Categories' is visible

2019-06-20 09:55:38 - [TEST_STEP][PASSED] - click: Object: 'Object Repository/ADMIN/Categories/Category List/button_Categories' is clicked on

2019-06-20 09:55:39 - [MESSAGE][PASSED] - Object: 'Object Repository/ADMIN/Categories/Category List/button_Categories' is clicked on

2019-06-20 09:55:39 - [TEST_STEP][PASSED] - click: Object: 'Object Repository/ADMIN/Categories/Category List/button_Add a Category' is clicked on

2019-06-20 09:55:39 - [MESSAGE][PASSED] - Object: 'Object Repository/ADMIN/Categories/Category List/button_Add a Category' is clicked on

2019-06-20 09:55:39 - [TEST_STEP][PASSED] - waitForElementPresent: Object 'Object Repository/ADMIN/Categories/Category/dropdown_Parent' is present

2019-06-20 09:55:39 - [MESSAGE][PASSED] - Object 'Object Repository/ADMIN/Categories/Category/dropdown_Parent' is present

2019-06-20 09:55:39 - [TEST_STEP][PASSED] - delay: Delayed 1 second(s)

2019-06-20 09:55:40 - [MESSAGE][PASSED] - Delayed 1 second(s)

2019-06-20 09:55:40 - [TEST_STEP][PASSED] - setText: Text 'Category 4.5.1' is set on object 'Object Repository/ADMIN/Categories/Category/textfield_Category Name'

2019-06-20 09:55:40 - [MESSAGE][PASSED] - Text 'Category 4.5.1' is set on object 'Object Repository/ADMIN/Categories/Category/textfield_Category Name'

2019-06-20 09:55:40 - [TEST_STEP][PASSED] - click: Object: 'Object Repository/ADMIN/Categories/Category/dropdown_Parent' is clicked on

2019-06-20 09:55:40 - [MESSAGE][PASSED] - Object: 'Object Repository/ADMIN/Categories/Category/dropdown_Parent' is clicked on

2019-06-20 09:55:40 - [TEST_STEP][PASSED] - delay: Delayed 2 second(s)

2019-06-20 09:55:42 - [MESSAGE][PASSED] - Delayed 2 second(s)

2019-06-20 09:55:42 - [TEST_STEP][PASSED] - click: Object: 'Object Repository/ADMIN/Categories/Category/dropdown_Parent' is clicked on

2019-06-20 09:55:42 - [MESSAGE][PASSED] - Object: 'Object Repository/ADMIN/Categories/Category/dropdown_Parent' is clicked on

2019-06-20 09:55:42 - [TEST_STEP][PASSED] - selectOptionByLabel: All options with label 'Category 4.5' are selected in object 'Object Repository/ADMIN/Categories/Category/dropdown_Parent' 

2019-06-20 09:55:43 - [MESSAGE][PASSED] - All options with label 'Category 4.5' are selected in object 'Object Repository/ADMIN/Categories/Category/dropdown_Parent' 

2019-06-20 09:55:43 - [TEST_STEP][PASSED] - click: Object: 'Object Repository/ADMIN/Categories/Category/button_Browse' is clicked on

2019-06-20 09:55:43 - [MESSAGE][PASSED] - Object: 'Object Repository/ADMIN/Categories/Category/button_Browse' is clicked on

2019-06-20 09:55:43 - [TEST_STEP][PASSED] - delay: Delayed 2 second(s)

2019-06-20 09:55:45 - [MESSAGE][PASSED] - Delayed 2 second(s)

2019-06-20 09:55:45 - [TEST_STEP][PASSED] - uploadFile: File 'C:\\Katalon\\Image\\pic8.jpg' sent to object: 'Object Repository/ADMIN/Categories/Category/image_input image'

2019-06-20 09:55:45 - [MESSAGE][PASSED] - File 'C:\\Katalon\\Image\\pic8.jpg' sent to object: 'Object Repository/ADMIN/Categories/Category/image_input image'

2019-06-20 09:55:45 - [TEST_STEP][PASSED] - waitForElementVisible: Object 'Object Repository/ADMIN/Categories/Category/button_upload check' is visible

2019-06-20 09:55:45 - [MESSAGE][WARNING] - Timeout '0' is invalid. Using default page load timeout: '30'

2019-06-20 09:55:45 - [MESSAGE][PASSED] - Object 'Object Repository/ADMIN/Categories/Category/button_upload check' is visible

2019-06-20 09:55:45 - [TEST_STEP][PASSED] - click: Object: 'Object Repository/ADMIN/Categories/Category/button_upload check' is clicked on

2019-06-20 09:55:45 - [MESSAGE][PASSED] - Object: 'Object Repository/ADMIN/Categories/Category/button_upload check' is clicked on

2019-06-20 09:55:45 - [TEST_STEP][PASSED] - waitForElementVisible: Object 'Object Repository/ADMIN/Categories/Category/button_upload save' is visible

2019-06-20 09:55:45 - [MESSAGE][WARNING] - Timeout '0' is invalid. Using default page load timeout: '30'

2019-06-20 09:55:45 - [MESSAGE][PASSED] - Object 'Object Repository/ADMIN/Categories/Category/button_upload save' is visible

2019-06-20 09:55:45 - [TEST_STEP][PASSED] - click: Object: 'Object Repository/ADMIN/Categories/Category/button_upload save' is clicked on

2019-06-20 09:55:45 - [MESSAGE][PASSED] - Object: 'Object Repository/ADMIN/Categories/Category/button_upload save' is clicked on

2019-06-20 09:55:45 - [TEST_STEP][PASSED] - setText: Text 'Description57' is set on object 'Object Repository/ADMIN/Categories/Category/textfield_category_description'

2019-06-20 09:55:45 - [MESSAGE][PASSED] - Text 'Description57' is set on object 'Object Repository/ADMIN/Categories/Category/textfield_category_description'

2019-06-20 09:55:45 - [TEST_STEP][PASSED] - click: Object: 'Object Repository/ADMIN/Categories/Category/button_Save' is clicked on

2019-06-20 09:55:45 - [MESSAGE][PASSED] - Object: 'Object Repository/ADMIN/Categories/Category/button_Save' is clicked on

2019-06-20 09:55:45 - [TEST_STEP][PASSED] - waitForElementVisible: Object 'Object Repository/ADMIN/Categories/Category/label_edit popup' is visible

2019-06-20 09:55:45 - [MESSAGE][WARNING] - Timeout '0' is invalid. Using default page load timeout: '30'

2019-06-20 09:55:46 - [MESSAGE][PASSED] - Object 'Object Repository/ADMIN/Categories/Category/label_edit popup' is visible

2019-06-20 09:55:46 - [TEST_STEP][PASSED] - waitForElementNotPresent: Web element with id: 'Object Repository/ADMIN/Categories/Category/label_edit popup' located by 'By.xpath: //div[(text() = 'Category was successfully saved.' or . = 'Category was successfully saved.')]' is not present after '30' second(s)

2019-06-20 09:55:46 - [MESSAGE][WARNING] - Timeout '0' is invalid. Using default page load timeout: '30'

2019-06-20 09:55:52 - [MESSAGE][PASSED] - Web element with id: 'Object Repository/ADMIN/Categories/Category/label_edit popup' located by 'By.xpath: //div[(text() = 'Category was successfully saved.' or . = 'Category was successfully saved.')]' is not present after '30' second(s)]]></system-out>
         <system-err><![CDATA[]]></system-err>
      </testcase>
      <testcase name="Test Cases/ADMIN/Content Mgmt/Categories/Category Add-Edit/Add Category" classname="Test Cases/ADMIN/Content Mgmt/Categories/Category Add-Edit/Add Category" status="PASSED">
         <system-out><![CDATA[2019-06-20 09:55:52 - [TEST_CASE][PASSED] - Test Cases/ADMIN/Content Mgmt/Categories/Category Add-Edit/Add Category: Test Cases/ADMIN/Content Mgmt/Categories/Category Add-Edit/Add Category

2019-06-20 09:55:52 - [TEST_STEP][PASSED] - waitForElementVisible: Object 'Object Repository/ADMIN/Categories/Category List/button_Content Mgmt' is visible

2019-06-20 09:55:52 - [MESSAGE][WARNING] - Timeout '0' is invalid. Using default page load timeout: '30'

2019-06-20 09:55:52 - [MESSAGE][PASSED] - Object 'Object Repository/ADMIN/Categories/Category List/button_Content Mgmt' is visible

2019-06-20 09:55:52 - [TEST_STEP][PASSED] - click: Object: 'Object Repository/ADMIN/Categories/Category List/button_Content Mgmt' is clicked on

2019-06-20 09:55:52 - [MESSAGE][PASSED] - Object: 'Object Repository/ADMIN/Categories/Category List/button_Content Mgmt' is clicked on

2019-06-20 09:55:52 - [TEST_STEP][PASSED] - waitForElementVisible: Object 'Object Repository/ADMIN/Categories/Category List/button_Categories' is visible

2019-06-20 09:55:52 - [MESSAGE][WARNING] - Timeout '0' is invalid. Using default page load timeout: '30'

2019-06-20 09:55:52 - [MESSAGE][PASSED] - Object 'Object Repository/ADMIN/Categories/Category List/button_Categories' is visible

2019-06-20 09:55:52 - [TEST_STEP][PASSED] - click: Object: 'Object Repository/ADMIN/Categories/Category List/button_Categories' is clicked on

2019-06-20 09:55:53 - [MESSAGE][PASSED] - Object: 'Object Repository/ADMIN/Categories/Category List/button_Categories' is clicked on

2019-06-20 09:55:53 - [TEST_STEP][PASSED] - click: Object: 'Object Repository/ADMIN/Categories/Category List/button_Add a Category' is clicked on

2019-06-20 09:55:53 - [MESSAGE][PASSED] - Object: 'Object Repository/ADMIN/Categories/Category List/button_Add a Category' is clicked on

2019-06-20 09:55:53 - [TEST_STEP][PASSED] - waitForElementPresent: Object 'Object Repository/ADMIN/Categories/Category/dropdown_Parent' is present

2019-06-20 09:55:53 - [MESSAGE][PASSED] - Object 'Object Repository/ADMIN/Categories/Category/dropdown_Parent' is present

2019-06-20 09:55:53 - [TEST_STEP][PASSED] - delay: Delayed 1 second(s)

2019-06-20 09:55:54 - [MESSAGE][PASSED] - Delayed 1 second(s)

2019-06-20 09:55:54 - [TEST_STEP][PASSED] - setText: Text 'Category 4.6' is set on object 'Object Repository/ADMIN/Categories/Category/textfield_Category Name'

2019-06-20 09:55:54 - [MESSAGE][PASSED] - Text 'Category 4.6' is set on object 'Object Repository/ADMIN/Categories/Category/textfield_Category Name'

2019-06-20 09:55:54 - [TEST_STEP][PASSED] - click: Object: 'Object Repository/ADMIN/Categories/Category/dropdown_Parent' is clicked on

2019-06-20 09:55:55 - [MESSAGE][PASSED] - Object: 'Object Repository/ADMIN/Categories/Category/dropdown_Parent' is clicked on

2019-06-20 09:55:55 - [TEST_STEP][PASSED] - delay: Delayed 2 second(s)

2019-06-20 09:55:57 - [MESSAGE][PASSED] - Delayed 2 second(s)

2019-06-20 09:55:57 - [TEST_STEP][PASSED] - click: Object: 'Object Repository/ADMIN/Categories/Category/dropdown_Parent' is clicked on

2019-06-20 09:55:57 - [MESSAGE][PASSED] - Object: 'Object Repository/ADMIN/Categories/Category/dropdown_Parent' is clicked on

2019-06-20 09:55:57 - [TEST_STEP][PASSED] - selectOptionByLabel: All options with label 'Category 4' are selected in object 'Object Repository/ADMIN/Categories/Category/dropdown_Parent' 

2019-06-20 09:55:57 - [MESSAGE][PASSED] - All options with label 'Category 4' are selected in object 'Object Repository/ADMIN/Categories/Category/dropdown_Parent' 

2019-06-20 09:55:57 - [TEST_STEP][PASSED] - click: Object: 'Object Repository/ADMIN/Categories/Category/button_Browse' is clicked on

2019-06-20 09:55:57 - [MESSAGE][PASSED] - Object: 'Object Repository/ADMIN/Categories/Category/button_Browse' is clicked on

2019-06-20 09:55:57 - [TEST_STEP][PASSED] - delay: Delayed 2 second(s)

2019-06-20 09:55:59 - [MESSAGE][PASSED] - Delayed 2 second(s)

2019-06-20 09:55:59 - [TEST_STEP][PASSED] - uploadFile: File 'C:\\Katalon\\Image\\pic9.jpg' sent to object: 'Object Repository/ADMIN/Categories/Category/image_input image'

2019-06-20 09:55:59 - [MESSAGE][PASSED] - File 'C:\\Katalon\\Image\\pic9.jpg' sent to object: 'Object Repository/ADMIN/Categories/Category/image_input image'

2019-06-20 09:55:59 - [TEST_STEP][PASSED] - waitForElementVisible: Object 'Object Repository/ADMIN/Categories/Category/button_upload check' is visible

2019-06-20 09:55:59 - [MESSAGE][WARNING] - Timeout '0' is invalid. Using default page load timeout: '30'

2019-06-20 09:55:59 - [MESSAGE][PASSED] - Object 'Object Repository/ADMIN/Categories/Category/button_upload check' is visible

2019-06-20 09:55:59 - [TEST_STEP][PASSED] - click: Object: 'Object Repository/ADMIN/Categories/Category/button_upload check' is clicked on

2019-06-20 09:55:59 - [MESSAGE][PASSED] - Object: 'Object Repository/ADMIN/Categories/Category/button_upload check' is clicked on

2019-06-20 09:55:59 - [TEST_STEP][PASSED] - waitForElementVisible: Object 'Object Repository/ADMIN/Categories/Category/button_upload save' is visible

2019-06-20 09:55:59 - [MESSAGE][WARNING] - Timeout '0' is invalid. Using default page load timeout: '30'

2019-06-20 09:55:59 - [MESSAGE][PASSED] - Object 'Object Repository/ADMIN/Categories/Category/button_upload save' is visible

2019-06-20 09:55:59 - [TEST_STEP][PASSED] - click: Object: 'Object Repository/ADMIN/Categories/Category/button_upload save' is clicked on

2019-06-20 09:55:59 - [MESSAGE][PASSED] - Object: 'Object Repository/ADMIN/Categories/Category/button_upload save' is clicked on

2019-06-20 09:55:59 - [TEST_STEP][PASSED] - setText: Text 'Description58' is set on object 'Object Repository/ADMIN/Categories/Category/textfield_category_description'

2019-06-20 09:55:59 - [MESSAGE][PASSED] - Text 'Description58' is set on object 'Object Repository/ADMIN/Categories/Category/textfield_category_description'

2019-06-20 09:55:59 - [TEST_STEP][PASSED] - click: Object: 'Object Repository/ADMIN/Categories/Category/button_Save' is clicked on

2019-06-20 09:55:59 - [MESSAGE][PASSED] - Object: 'Object Repository/ADMIN/Categories/Category/button_Save' is clicked on

2019-06-20 09:55:59 - [TEST_STEP][PASSED] - waitForElementVisible: Object 'Object Repository/ADMIN/Categories/Category/label_edit popup' is visible

2019-06-20 09:55:59 - [MESSAGE][WARNING] - Timeout '0' is invalid. Using default page load timeout: '30'

2019-06-20 09:56:00 - [MESSAGE][PASSED] - Object 'Object Repository/ADMIN/Categories/Category/label_edit popup' is visible

2019-06-20 09:56:00 - [TEST_STEP][PASSED] - waitForElementNotPresent: Web element with id: 'Object Repository/ADMIN/Categories/Category/label_edit popup' located by 'By.xpath: //div[(text() = 'Category was successfully saved.' or . = 'Category was successfully saved.')]' is not present after '30' second(s)

2019-06-20 09:56:00 - [MESSAGE][WARNING] - Timeout '0' is invalid. Using default page load timeout: '30'

2019-06-20 09:56:06 - [MESSAGE][PASSED] - Web element with id: 'Object Repository/ADMIN/Categories/Category/label_edit popup' located by 'By.xpath: //div[(text() = 'Category was successfully saved.' or . = 'Category was successfully saved.')]' is not present after '30' second(s)]]></system-out>
         <system-err><![CDATA[]]></system-err>
      </testcase>
      <testcase name="Test Cases/ADMIN/Content Mgmt/Categories/Category Add-Edit/Add Category" classname="Test Cases/ADMIN/Content Mgmt/Categories/Category Add-Edit/Add Category" status="PASSED">
         <system-out><![CDATA[2019-06-20 09:56:06 - [TEST_CASE][PASSED] - Test Cases/ADMIN/Content Mgmt/Categories/Category Add-Edit/Add Category: Test Cases/ADMIN/Content Mgmt/Categories/Category Add-Edit/Add Category

2019-06-20 09:56:06 - [TEST_STEP][PASSED] - waitForElementVisible: Object 'Object Repository/ADMIN/Categories/Category List/button_Content Mgmt' is visible

2019-06-20 09:56:06 - [MESSAGE][WARNING] - Timeout '0' is invalid. Using default page load timeout: '30'

2019-06-20 09:56:07 - [MESSAGE][PASSED] - Object 'Object Repository/ADMIN/Categories/Category List/button_Content Mgmt' is visible

2019-06-20 09:56:07 - [TEST_STEP][PASSED] - click: Object: 'Object Repository/ADMIN/Categories/Category List/button_Content Mgmt' is clicked on

2019-06-20 09:56:07 - [MESSAGE][PASSED] - Object: 'Object Repository/ADMIN/Categories/Category List/button_Content Mgmt' is clicked on

2019-06-20 09:56:07 - [TEST_STEP][PASSED] - waitForElementVisible: Object 'Object Repository/ADMIN/Categories/Category List/button_Categories' is visible

2019-06-20 09:56:07 - [MESSAGE][WARNING] - Timeout '0' is invalid. Using default page load timeout: '30'

2019-06-20 09:56:07 - [MESSAGE][PASSED] - Object 'Object Repository/ADMIN/Categories/Category List/button_Categories' is visible

2019-06-20 09:56:07 - [TEST_STEP][PASSED] - click: Object: 'Object Repository/ADMIN/Categories/Category List/button_Categories' is clicked on

2019-06-20 09:56:08 - [MESSAGE][PASSED] - Object: 'Object Repository/ADMIN/Categories/Category List/button_Categories' is clicked on

2019-06-20 09:56:08 - [TEST_STEP][PASSED] - click: Object: 'Object Repository/ADMIN/Categories/Category List/button_Add a Category' is clicked on

2019-06-20 09:56:08 - [MESSAGE][PASSED] - Object: 'Object Repository/ADMIN/Categories/Category List/button_Add a Category' is clicked on

2019-06-20 09:56:08 - [TEST_STEP][PASSED] - waitForElementPresent: Object 'Object Repository/ADMIN/Categories/Category/dropdown_Parent' is present

2019-06-20 09:56:08 - [MESSAGE][PASSED] - Object 'Object Repository/ADMIN/Categories/Category/dropdown_Parent' is present

2019-06-20 09:56:08 - [TEST_STEP][PASSED] - delay: Delayed 1 second(s)

2019-06-20 09:56:09 - [MESSAGE][PASSED] - Delayed 1 second(s)

2019-06-20 09:56:09 - [TEST_STEP][PASSED] - setText: Text 'Category 4.7' is set on object 'Object Repository/ADMIN/Categories/Category/textfield_Category Name'

2019-06-20 09:56:09 - [MESSAGE][PASSED] - Text 'Category 4.7' is set on object 'Object Repository/ADMIN/Categories/Category/textfield_Category Name'

2019-06-20 09:56:09 - [TEST_STEP][PASSED] - click: Object: 'Object Repository/ADMIN/Categories/Category/dropdown_Parent' is clicked on

2019-06-20 09:56:09 - [MESSAGE][PASSED] - Object: 'Object Repository/ADMIN/Categories/Category/dropdown_Parent' is clicked on

2019-06-20 09:56:09 - [TEST_STEP][PASSED] - delay: Delayed 2 second(s)

2019-06-20 09:56:11 - [MESSAGE][PASSED] - Delayed 2 second(s)

2019-06-20 09:56:11 - [TEST_STEP][PASSED] - click: Object: 'Object Repository/ADMIN/Categories/Category/dropdown_Parent' is clicked on

2019-06-20 09:56:11 - [MESSAGE][PASSED] - Object: 'Object Repository/ADMIN/Categories/Category/dropdown_Parent' is clicked on

2019-06-20 09:56:11 - [TEST_STEP][PASSED] - selectOptionByLabel: All options with label 'Category 4' are selected in object 'Object Repository/ADMIN/Categories/Category/dropdown_Parent' 

2019-06-20 09:56:11 - [MESSAGE][PASSED] - All options with label 'Category 4' are selected in object 'Object Repository/ADMIN/Categories/Category/dropdown_Parent' 

2019-06-20 09:56:11 - [TEST_STEP][PASSED] - click: Object: 'Object Repository/ADMIN/Categories/Category/button_Browse' is clicked on

2019-06-20 09:56:11 - [MESSAGE][PASSED] - Object: 'Object Repository/ADMIN/Categories/Category/button_Browse' is clicked on

2019-06-20 09:56:11 - [TEST_STEP][PASSED] - delay: Delayed 2 second(s)

2019-06-20 09:56:13 - [MESSAGE][PASSED] - Delayed 2 second(s)

2019-06-20 09:56:13 - [TEST_STEP][PASSED] - uploadFile: File 'C:\\Katalon\\Image\\pic10.jpg' sent to object: 'Object Repository/ADMIN/Categories/Category/image_input image'

2019-06-20 09:56:13 - [MESSAGE][PASSED] - File 'C:\\Katalon\\Image\\pic10.jpg' sent to object: 'Object Repository/ADMIN/Categories/Category/image_input image'

2019-06-20 09:56:13 - [TEST_STEP][PASSED] - waitForElementVisible: Object 'Object Repository/ADMIN/Categories/Category/button_upload check' is visible

2019-06-20 09:56:13 - [MESSAGE][WARNING] - Timeout '0' is invalid. Using default page load timeout: '30'

2019-06-20 09:56:13 - [MESSAGE][PASSED] - Object 'Object Repository/ADMIN/Categories/Category/button_upload check' is visible

2019-06-20 09:56:13 - [TEST_STEP][PASSED] - click: Object: 'Object Repository/ADMIN/Categories/Category/button_upload check' is clicked on

2019-06-20 09:56:13 - [MESSAGE][PASSED] - Object: 'Object Repository/ADMIN/Categories/Category/button_upload check' is clicked on

2019-06-20 09:56:13 - [TEST_STEP][PASSED] - waitForElementVisible: Object 'Object Repository/ADMIN/Categories/Category/button_upload save' is visible

2019-06-20 09:56:13 - [MESSAGE][WARNING] - Timeout '0' is invalid. Using default page load timeout: '30'

2019-06-20 09:56:13 - [MESSAGE][PASSED] - Object 'Object Repository/ADMIN/Categories/Category/button_upload save' is visible

2019-06-20 09:56:13 - [TEST_STEP][PASSED] - click: Object: 'Object Repository/ADMIN/Categories/Category/button_upload save' is clicked on

2019-06-20 09:56:13 - [MESSAGE][PASSED] - Object: 'Object Repository/ADMIN/Categories/Category/button_upload save' is clicked on

2019-06-20 09:56:13 - [TEST_STEP][PASSED] - setText: Text 'Description59' is set on object 'Object Repository/ADMIN/Categories/Category/textfield_category_description'

2019-06-20 09:56:14 - [MESSAGE][PASSED] - Text 'Description59' is set on object 'Object Repository/ADMIN/Categories/Category/textfield_category_description'

2019-06-20 09:56:14 - [TEST_STEP][PASSED] - click: Object: 'Object Repository/ADMIN/Categories/Category/button_Save' is clicked on

2019-06-20 09:56:14 - [MESSAGE][PASSED] - Object: 'Object Repository/ADMIN/Categories/Category/button_Save' is clicked on

2019-06-20 09:56:14 - [TEST_STEP][PASSED] - waitForElementVisible: Object 'Object Repository/ADMIN/Categories/Category/label_edit popup' is visible

2019-06-20 09:56:14 - [MESSAGE][WARNING] - Timeout '0' is invalid. Using default page load timeout: '30'

2019-06-20 09:56:15 - [MESSAGE][PASSED] - Object 'Object Repository/ADMIN/Categories/Category/label_edit popup' is visible

2019-06-20 09:56:15 - [TEST_STEP][PASSED] - waitForElementNotPresent: Web element with id: 'Object Repository/ADMIN/Categories/Category/label_edit popup' located by 'By.xpath: //div[(text() = 'Category was successfully saved.' or . = 'Category was successfully saved.')]' is not present after '30' second(s)

2019-06-20 09:56:15 - [MESSAGE][WARNING] - Timeout '0' is invalid. Using default page load timeout: '30'

2019-06-20 09:56:21 - [MESSAGE][PASSED] - Web element with id: 'Object Repository/ADMIN/Categories/Category/label_edit popup' located by 'By.xpath: //div[(text() = 'Category was successfully saved.' or . = 'Category was successfully saved.')]' is not present after '30' second(s)]]></system-out>
         <system-err><![CDATA[]]></system-err>
      </testcase>
      <testcase name="Test Cases/ADMIN/Content Mgmt/Categories/Category Add-Edit/Add Category" classname="Test Cases/ADMIN/Content Mgmt/Categories/Category Add-Edit/Add Category" status="PASSED">
         <system-out><![CDATA[2019-06-20 09:56:21 - [TEST_CASE][PASSED] - Test Cases/ADMIN/Content Mgmt/Categories/Category Add-Edit/Add Category: Test Cases/ADMIN/Content Mgmt/Categories/Category Add-Edit/Add Category

2019-06-20 09:56:21 - [TEST_STEP][PASSED] - waitForElementVisible: Object 'Object Repository/ADMIN/Categories/Category List/button_Content Mgmt' is visible

2019-06-20 09:56:21 - [MESSAGE][WARNING] - Timeout '0' is invalid. Using default page load timeout: '30'

2019-06-20 09:56:21 - [MESSAGE][PASSED] - Object 'Object Repository/ADMIN/Categories/Category List/button_Content Mgmt' is visible

2019-06-20 09:56:21 - [TEST_STEP][PASSED] - click: Object: 'Object Repository/ADMIN/Categories/Category List/button_Content Mgmt' is clicked on

2019-06-20 09:56:21 - [MESSAGE][PASSED] - Object: 'Object Repository/ADMIN/Categories/Category List/button_Content Mgmt' is clicked on

2019-06-20 09:56:21 - [TEST_STEP][PASSED] - waitForElementVisible: Object 'Object Repository/ADMIN/Categories/Category List/button_Categories' is visible

2019-06-20 09:56:21 - [MESSAGE][WARNING] - Timeout '0' is invalid. Using default page load timeout: '30'

2019-06-20 09:56:21 - [MESSAGE][PASSED] - Object 'Object Repository/ADMIN/Categories/Category List/button_Categories' is visible

2019-06-20 09:56:21 - [TEST_STEP][PASSED] - click: Object: 'Object Repository/ADMIN/Categories/Category List/button_Categories' is clicked on

2019-06-20 09:56:22 - [MESSAGE][PASSED] - Object: 'Object Repository/ADMIN/Categories/Category List/button_Categories' is clicked on

2019-06-20 09:56:22 - [TEST_STEP][PASSED] - click: Object: 'Object Repository/ADMIN/Categories/Category List/button_Add a Category' is clicked on

2019-06-20 09:56:22 - [MESSAGE][PASSED] - Object: 'Object Repository/ADMIN/Categories/Category List/button_Add a Category' is clicked on

2019-06-20 09:56:22 - [TEST_STEP][PASSED] - waitForElementPresent: Object 'Object Repository/ADMIN/Categories/Category/dropdown_Parent' is present

2019-06-20 09:56:22 - [MESSAGE][PASSED] - Object 'Object Repository/ADMIN/Categories/Category/dropdown_Parent' is present

2019-06-20 09:56:22 - [TEST_STEP][PASSED] - delay: Delayed 1 second(s)

2019-06-20 09:56:23 - [MESSAGE][PASSED] - Delayed 1 second(s)

2019-06-20 09:56:23 - [TEST_STEP][PASSED] - setText: Text 'Category 4.8' is set on object 'Object Repository/ADMIN/Categories/Category/textfield_Category Name'

2019-06-20 09:56:23 - [MESSAGE][PASSED] - Text 'Category 4.8' is set on object 'Object Repository/ADMIN/Categories/Category/textfield_Category Name'

2019-06-20 09:56:23 - [TEST_STEP][PASSED] - click: Object: 'Object Repository/ADMIN/Categories/Category/dropdown_Parent' is clicked on

2019-06-20 09:56:23 - [MESSAGE][PASSED] - Object: 'Object Repository/ADMIN/Categories/Category/dropdown_Parent' is clicked on

2019-06-20 09:56:23 - [TEST_STEP][PASSED] - delay: Delayed 2 second(s)

2019-06-20 09:56:25 - [MESSAGE][PASSED] - Delayed 2 second(s)

2019-06-20 09:56:25 - [TEST_STEP][PASSED] - click: Object: 'Object Repository/ADMIN/Categories/Category/dropdown_Parent' is clicked on

2019-06-20 09:56:25 - [MESSAGE][PASSED] - Object: 'Object Repository/ADMIN/Categories/Category/dropdown_Parent' is clicked on

2019-06-20 09:56:25 - [TEST_STEP][PASSED] - selectOptionByLabel: All options with label 'Category 4' are selected in object 'Object Repository/ADMIN/Categories/Category/dropdown_Parent' 

2019-06-20 09:56:25 - [MESSAGE][PASSED] - All options with label 'Category 4' are selected in object 'Object Repository/ADMIN/Categories/Category/dropdown_Parent' 

2019-06-20 09:56:25 - [TEST_STEP][PASSED] - click: Object: 'Object Repository/ADMIN/Categories/Category/button_Browse' is clicked on

2019-06-20 09:56:26 - [MESSAGE][PASSED] - Object: 'Object Repository/ADMIN/Categories/Category/button_Browse' is clicked on

2019-06-20 09:56:26 - [TEST_STEP][PASSED] - delay: Delayed 2 second(s)

2019-06-20 09:56:28 - [MESSAGE][PASSED] - Delayed 2 second(s)

2019-06-20 09:56:28 - [TEST_STEP][PASSED] - uploadFile: File 'C:\\Katalon\\Image\\pic11.jpg' sent to object: 'Object Repository/ADMIN/Categories/Category/image_input image'

2019-06-20 09:56:28 - [MESSAGE][PASSED] - File 'C:\\Katalon\\Image\\pic11.jpg' sent to object: 'Object Repository/ADMIN/Categories/Category/image_input image'

2019-06-20 09:56:28 - [TEST_STEP][PASSED] - waitForElementVisible: Object 'Object Repository/ADMIN/Categories/Category/button_upload check' is visible

2019-06-20 09:56:28 - [MESSAGE][WARNING] - Timeout '0' is invalid. Using default page load timeout: '30'

2019-06-20 09:56:28 - [MESSAGE][PASSED] - Object 'Object Repository/ADMIN/Categories/Category/button_upload check' is visible

2019-06-20 09:56:28 - [TEST_STEP][PASSED] - click: Object: 'Object Repository/ADMIN/Categories/Category/button_upload check' is clicked on

2019-06-20 09:56:28 - [MESSAGE][PASSED] - Object: 'Object Repository/ADMIN/Categories/Category/button_upload check' is clicked on

2019-06-20 09:56:28 - [TEST_STEP][PASSED] - waitForElementVisible: Object 'Object Repository/ADMIN/Categories/Category/button_upload save' is visible

2019-06-20 09:56:28 - [MESSAGE][WARNING] - Timeout '0' is invalid. Using default page load timeout: '30'

2019-06-20 09:56:28 - [MESSAGE][PASSED] - Object 'Object Repository/ADMIN/Categories/Category/button_upload save' is visible

2019-06-20 09:56:28 - [TEST_STEP][PASSED] - click: Object: 'Object Repository/ADMIN/Categories/Category/button_upload save' is clicked on

2019-06-20 09:56:28 - [MESSAGE][PASSED] - Object: 'Object Repository/ADMIN/Categories/Category/button_upload save' is clicked on

2019-06-20 09:56:28 - [TEST_STEP][PASSED] - setText: Text 'Description60' is set on object 'Object Repository/ADMIN/Categories/Category/textfield_category_description'

2019-06-20 09:56:28 - [MESSAGE][PASSED] - Text 'Description60' is set on object 'Object Repository/ADMIN/Categories/Category/textfield_category_description'

2019-06-20 09:56:28 - [TEST_STEP][PASSED] - click: Object: 'Object Repository/ADMIN/Categories/Category/button_Save' is clicked on

2019-06-20 09:56:28 - [MESSAGE][PASSED] - Object: 'Object Repository/ADMIN/Categories/Category/button_Save' is clicked on

2019-06-20 09:56:28 - [TEST_STEP][PASSED] - waitForElementVisible: Object 'Object Repository/ADMIN/Categories/Category/label_edit popup' is visible

2019-06-20 09:56:28 - [MESSAGE][WARNING] - Timeout '0' is invalid. Using default page load timeout: '30'

2019-06-20 09:56:30 - [MESSAGE][PASSED] - Object 'Object Repository/ADMIN/Categories/Category/label_edit popup' is visible

2019-06-20 09:56:30 - [TEST_STEP][PASSED] - waitForElementNotPresent: Web element with id: 'Object Repository/ADMIN/Categories/Category/label_edit popup' located by 'By.xpath: //div[(text() = 'Category was successfully saved.' or . = 'Category was successfully saved.')]' is not present after '30' second(s)

2019-06-20 09:56:30 - [MESSAGE][WARNING] - Timeout '0' is invalid. Using default page load timeout: '30'

2019-06-20 09:56:35 - [MESSAGE][PASSED] - Web element with id: 'Object Repository/ADMIN/Categories/Category/label_edit popup' located by 'By.xpath: //div[(text() = 'Category was successfully saved.' or . = 'Category was successfully saved.')]' is not present after '30' second(s)]]></system-out>
         <system-err><![CDATA[]]></system-err>
      </testcase>
      <testcase name="Test Cases/ADMIN/Content Mgmt/Categories/Category Add-Edit/Add Category" classname="Test Cases/ADMIN/Content Mgmt/Categories/Category Add-Edit/Add Category" status="PASSED">
         <system-out><![CDATA[2019-06-20 09:56:35 - [TEST_CASE][PASSED] - Test Cases/ADMIN/Content Mgmt/Categories/Category Add-Edit/Add Category: Test Cases/ADMIN/Content Mgmt/Categories/Category Add-Edit/Add Category

2019-06-20 09:56:35 - [TEST_STEP][PASSED] - waitForElementVisible: Object 'Object Repository/ADMIN/Categories/Category List/button_Content Mgmt' is visible

2019-06-20 09:56:35 - [MESSAGE][WARNING] - Timeout '0' is invalid. Using default page load timeout: '30'

2019-06-20 09:56:35 - [MESSAGE][PASSED] - Object 'Object Repository/ADMIN/Categories/Category List/button_Content Mgmt' is visible

2019-06-20 09:56:35 - [TEST_STEP][PASSED] - click: Object: 'Object Repository/ADMIN/Categories/Category List/button_Content Mgmt' is clicked on

2019-06-20 09:56:35 - [MESSAGE][PASSED] - Object: 'Object Repository/ADMIN/Categories/Category List/button_Content Mgmt' is clicked on

2019-06-20 09:56:35 - [TEST_STEP][PASSED] - waitForElementVisible: Object 'Object Repository/ADMIN/Categories/Category List/button_Categories' is visible

2019-06-20 09:56:35 - [MESSAGE][WARNING] - Timeout '0' is invalid. Using default page load timeout: '30'

2019-06-20 09:56:35 - [MESSAGE][PASSED] - Object 'Object Repository/ADMIN/Categories/Category List/button_Categories' is visible

2019-06-20 09:56:35 - [TEST_STEP][PASSED] - click: Object: 'Object Repository/ADMIN/Categories/Category List/button_Categories' is clicked on

2019-06-20 09:56:36 - [MESSAGE][PASSED] - Object: 'Object Repository/ADMIN/Categories/Category List/button_Categories' is clicked on

2019-06-20 09:56:36 - [TEST_STEP][PASSED] - click: Object: 'Object Repository/ADMIN/Categories/Category List/button_Add a Category' is clicked on

2019-06-20 09:56:36 - [MESSAGE][PASSED] - Object: 'Object Repository/ADMIN/Categories/Category List/button_Add a Category' is clicked on

2019-06-20 09:56:36 - [TEST_STEP][PASSED] - waitForElementPresent: Object 'Object Repository/ADMIN/Categories/Category/dropdown_Parent' is present

2019-06-20 09:56:36 - [MESSAGE][PASSED] - Object 'Object Repository/ADMIN/Categories/Category/dropdown_Parent' is present

2019-06-20 09:56:36 - [TEST_STEP][PASSED] - delay: Delayed 1 second(s)

2019-06-20 09:56:37 - [MESSAGE][PASSED] - Delayed 1 second(s)

2019-06-20 09:56:37 - [TEST_STEP][PASSED] - setText: Text 'Category 4.9' is set on object 'Object Repository/ADMIN/Categories/Category/textfield_Category Name'

2019-06-20 09:56:37 - [MESSAGE][PASSED] - Text 'Category 4.9' is set on object 'Object Repository/ADMIN/Categories/Category/textfield_Category Name'

2019-06-20 09:56:37 - [TEST_STEP][PASSED] - click: Object: 'Object Repository/ADMIN/Categories/Category/dropdown_Parent' is clicked on

2019-06-20 09:56:38 - [MESSAGE][PASSED] - Object: 'Object Repository/ADMIN/Categories/Category/dropdown_Parent' is clicked on

2019-06-20 09:56:38 - [TEST_STEP][PASSED] - delay: Delayed 2 second(s)

2019-06-20 09:56:40 - [MESSAGE][PASSED] - Delayed 2 second(s)

2019-06-20 09:56:40 - [TEST_STEP][PASSED] - click: Object: 'Object Repository/ADMIN/Categories/Category/dropdown_Parent' is clicked on

2019-06-20 09:56:40 - [MESSAGE][PASSED] - Object: 'Object Repository/ADMIN/Categories/Category/dropdown_Parent' is clicked on

2019-06-20 09:56:40 - [TEST_STEP][PASSED] - selectOptionByLabel: All options with label 'Category 4' are selected in object 'Object Repository/ADMIN/Categories/Category/dropdown_Parent' 

2019-06-20 09:56:40 - [MESSAGE][PASSED] - All options with label 'Category 4' are selected in object 'Object Repository/ADMIN/Categories/Category/dropdown_Parent' 

2019-06-20 09:56:40 - [TEST_STEP][PASSED] - click: Object: 'Object Repository/ADMIN/Categories/Category/button_Browse' is clicked on

2019-06-20 09:56:40 - [MESSAGE][PASSED] - Object: 'Object Repository/ADMIN/Categories/Category/button_Browse' is clicked on

2019-06-20 09:56:40 - [TEST_STEP][PASSED] - delay: Delayed 2 second(s)

2019-06-20 09:56:42 - [MESSAGE][PASSED] - Delayed 2 second(s)

2019-06-20 09:56:42 - [TEST_STEP][PASSED] - uploadFile: File 'C:\\Katalon\\Image\\pic12.jpg' sent to object: 'Object Repository/ADMIN/Categories/Category/image_input image'

2019-06-20 09:56:42 - [MESSAGE][PASSED] - File 'C:\\Katalon\\Image\\pic12.jpg' sent to object: 'Object Repository/ADMIN/Categories/Category/image_input image'

2019-06-20 09:56:42 - [TEST_STEP][PASSED] - waitForElementVisible: Object 'Object Repository/ADMIN/Categories/Category/button_upload check' is visible

2019-06-20 09:56:42 - [MESSAGE][WARNING] - Timeout '0' is invalid. Using default page load timeout: '30'

2019-06-20 09:56:42 - [MESSAGE][PASSED] - Object 'Object Repository/ADMIN/Categories/Category/button_upload check' is visible

2019-06-20 09:56:42 - [TEST_STEP][PASSED] - click: Object: 'Object Repository/ADMIN/Categories/Category/button_upload check' is clicked on

2019-06-20 09:56:42 - [MESSAGE][PASSED] - Object: 'Object Repository/ADMIN/Categories/Category/button_upload check' is clicked on

2019-06-20 09:56:42 - [TEST_STEP][PASSED] - waitForElementVisible: Object 'Object Repository/ADMIN/Categories/Category/button_upload save' is visible

2019-06-20 09:56:42 - [MESSAGE][WARNING] - Timeout '0' is invalid. Using default page load timeout: '30'

2019-06-20 09:56:42 - [MESSAGE][PASSED] - Object 'Object Repository/ADMIN/Categories/Category/button_upload save' is visible

2019-06-20 09:56:42 - [TEST_STEP][PASSED] - click: Object: 'Object Repository/ADMIN/Categories/Category/button_upload save' is clicked on

2019-06-20 09:56:42 - [MESSAGE][PASSED] - Object: 'Object Repository/ADMIN/Categories/Category/button_upload save' is clicked on

2019-06-20 09:56:42 - [TEST_STEP][PASSED] - setText: Text 'Description61' is set on object 'Object Repository/ADMIN/Categories/Category/textfield_category_description'

2019-06-20 09:56:42 - [MESSAGE][PASSED] - Text 'Description61' is set on object 'Object Repository/ADMIN/Categories/Category/textfield_category_description'

2019-06-20 09:56:42 - [TEST_STEP][PASSED] - click: Object: 'Object Repository/ADMIN/Categories/Category/button_Save' is clicked on

2019-06-20 09:56:42 - [MESSAGE][PASSED] - Object: 'Object Repository/ADMIN/Categories/Category/button_Save' is clicked on

2019-06-20 09:56:42 - [TEST_STEP][PASSED] - waitForElementVisible: Object 'Object Repository/ADMIN/Categories/Category/label_edit popup' is visible

2019-06-20 09:56:42 - [MESSAGE][WARNING] - Timeout '0' is invalid. Using default page load timeout: '30'

2019-06-20 09:56:43 - [MESSAGE][PASSED] - Object 'Object Repository/ADMIN/Categories/Category/label_edit popup' is visible

2019-06-20 09:56:43 - [TEST_STEP][PASSED] - waitForElementNotPresent: Web element with id: 'Object Repository/ADMIN/Categories/Category/label_edit popup' located by 'By.xpath: //div[(text() = 'Category was successfully saved.' or . = 'Category was successfully saved.')]' is not present after '30' second(s)

2019-06-20 09:56:43 - [MESSAGE][WARNING] - Timeout '0' is invalid. Using default page load timeout: '30'

2019-06-20 09:56:49 - [MESSAGE][PASSED] - Web element with id: 'Object Repository/ADMIN/Categories/Category/label_edit popup' located by 'By.xpath: //div[(text() = 'Category was successfully saved.' or . = 'Category was successfully saved.')]' is not present after '30' second(s)]]></system-out>
         <system-err><![CDATA[]]></system-err>
      </testcase>
      <testcase name="Test Cases/ADMIN/Content Mgmt/Categories/Category Add-Edit/Add Category" classname="Test Cases/ADMIN/Content Mgmt/Categories/Category Add-Edit/Add Category" status="PASSED">
         <system-out><![CDATA[2019-06-20 09:56:49 - [TEST_CASE][PASSED] - Test Cases/ADMIN/Content Mgmt/Categories/Category Add-Edit/Add Category: Test Cases/ADMIN/Content Mgmt/Categories/Category Add-Edit/Add Category

2019-06-20 09:56:49 - [TEST_STEP][PASSED] - waitForElementVisible: Object 'Object Repository/ADMIN/Categories/Category List/button_Content Mgmt' is visible

2019-06-20 09:56:49 - [MESSAGE][WARNING] - Timeout '0' is invalid. Using default page load timeout: '30'

2019-06-20 09:56:49 - [MESSAGE][PASSED] - Object 'Object Repository/ADMIN/Categories/Category List/button_Content Mgmt' is visible

2019-06-20 09:56:49 - [TEST_STEP][PASSED] - click: Object: 'Object Repository/ADMIN/Categories/Category List/button_Content Mgmt' is clicked on

2019-06-20 09:56:49 - [MESSAGE][PASSED] - Object: 'Object Repository/ADMIN/Categories/Category List/button_Content Mgmt' is clicked on

2019-06-20 09:56:49 - [TEST_STEP][PASSED] - waitForElementVisible: Object 'Object Repository/ADMIN/Categories/Category List/button_Categories' is visible

2019-06-20 09:56:49 - [MESSAGE][WARNING] - Timeout '0' is invalid. Using default page load timeout: '30'

2019-06-20 09:56:49 - [MESSAGE][PASSED] - Object 'Object Repository/ADMIN/Categories/Category List/button_Categories' is visible

2019-06-20 09:56:49 - [TEST_STEP][PASSED] - click: Object: 'Object Repository/ADMIN/Categories/Category List/button_Categories' is clicked on

2019-06-20 09:56:50 - [MESSAGE][PASSED] - Object: 'Object Repository/ADMIN/Categories/Category List/button_Categories' is clicked on

2019-06-20 09:56:50 - [TEST_STEP][PASSED] - click: Object: 'Object Repository/ADMIN/Categories/Category List/button_Add a Category' is clicked on

2019-06-20 09:56:51 - [MESSAGE][PASSED] - Object: 'Object Repository/ADMIN/Categories/Category List/button_Add a Category' is clicked on

2019-06-20 09:56:51 - [TEST_STEP][PASSED] - waitForElementPresent: Object 'Object Repository/ADMIN/Categories/Category/dropdown_Parent' is present

2019-06-20 09:56:51 - [MESSAGE][PASSED] - Object 'Object Repository/ADMIN/Categories/Category/dropdown_Parent' is present

2019-06-20 09:56:51 - [TEST_STEP][PASSED] - delay: Delayed 1 second(s)

2019-06-20 09:56:52 - [MESSAGE][PASSED] - Delayed 1 second(s)

2019-06-20 09:56:52 - [TEST_STEP][PASSED] - setText: Text 'Category 4.10' is set on object 'Object Repository/ADMIN/Categories/Category/textfield_Category Name'

2019-06-20 09:56:52 - [MESSAGE][PASSED] - Text 'Category 4.10' is set on object 'Object Repository/ADMIN/Categories/Category/textfield_Category Name'

2019-06-20 09:56:52 - [TEST_STEP][PASSED] - click: Object: 'Object Repository/ADMIN/Categories/Category/dropdown_Parent' is clicked on

2019-06-20 09:56:52 - [MESSAGE][PASSED] - Object: 'Object Repository/ADMIN/Categories/Category/dropdown_Parent' is clicked on

2019-06-20 09:56:52 - [TEST_STEP][PASSED] - delay: Delayed 2 second(s)

2019-06-20 09:56:54 - [MESSAGE][PASSED] - Delayed 2 second(s)

2019-06-20 09:56:54 - [TEST_STEP][PASSED] - click: Object: 'Object Repository/ADMIN/Categories/Category/dropdown_Parent' is clicked on

2019-06-20 09:56:54 - [MESSAGE][PASSED] - Object: 'Object Repository/ADMIN/Categories/Category/dropdown_Parent' is clicked on

2019-06-20 09:56:54 - [TEST_STEP][PASSED] - selectOptionByLabel: All options with label 'Category 4' are selected in object 'Object Repository/ADMIN/Categories/Category/dropdown_Parent' 

2019-06-20 09:56:54 - [MESSAGE][PASSED] - All options with label 'Category 4' are selected in object 'Object Repository/ADMIN/Categories/Category/dropdown_Parent' 

2019-06-20 09:56:54 - [TEST_STEP][PASSED] - click: Object: 'Object Repository/ADMIN/Categories/Category/button_Browse' is clicked on

2019-06-20 09:56:54 - [MESSAGE][PASSED] - Object: 'Object Repository/ADMIN/Categories/Category/button_Browse' is clicked on

2019-06-20 09:56:54 - [TEST_STEP][PASSED] - delay: Delayed 2 second(s)

2019-06-20 09:56:56 - [MESSAGE][PASSED] - Delayed 2 second(s)

2019-06-20 09:56:56 - [TEST_STEP][PASSED] - uploadFile: File 'C:\\Katalon\\Image\\pic1.jpg' sent to object: 'Object Repository/ADMIN/Categories/Category/image_input image'

2019-06-20 09:56:56 - [MESSAGE][PASSED] - File 'C:\\Katalon\\Image\\pic1.jpg' sent to object: 'Object Repository/ADMIN/Categories/Category/image_input image'

2019-06-20 09:56:56 - [TEST_STEP][PASSED] - waitForElementVisible: Object 'Object Repository/ADMIN/Categories/Category/button_upload check' is visible

2019-06-20 09:56:56 - [MESSAGE][WARNING] - Timeout '0' is invalid. Using default page load timeout: '30'

2019-06-20 09:56:56 - [MESSAGE][PASSED] - Object 'Object Repository/ADMIN/Categories/Category/button_upload check' is visible

2019-06-20 09:56:56 - [TEST_STEP][PASSED] - click: Object: 'Object Repository/ADMIN/Categories/Category/button_upload check' is clicked on

2019-06-20 09:56:56 - [MESSAGE][PASSED] - Object: 'Object Repository/ADMIN/Categories/Category/button_upload check' is clicked on

2019-06-20 09:56:56 - [TEST_STEP][PASSED] - waitForElementVisible: Object 'Object Repository/ADMIN/Categories/Category/button_upload save' is visible

2019-06-20 09:56:56 - [MESSAGE][WARNING] - Timeout '0' is invalid. Using default page load timeout: '30'

2019-06-20 09:56:56 - [MESSAGE][PASSED] - Object 'Object Repository/ADMIN/Categories/Category/button_upload save' is visible

2019-06-20 09:56:56 - [TEST_STEP][PASSED] - click: Object: 'Object Repository/ADMIN/Categories/Category/button_upload save' is clicked on

2019-06-20 09:56:57 - [MESSAGE][PASSED] - Object: 'Object Repository/ADMIN/Categories/Category/button_upload save' is clicked on

2019-06-20 09:56:57 - [TEST_STEP][PASSED] - setText: Text 'Description62' is set on object 'Object Repository/ADMIN/Categories/Category/textfield_category_description'

2019-06-20 09:56:57 - [MESSAGE][PASSED] - Text 'Description62' is set on object 'Object Repository/ADMIN/Categories/Category/textfield_category_description'

2019-06-20 09:56:57 - [TEST_STEP][PASSED] - click: Object: 'Object Repository/ADMIN/Categories/Category/button_Save' is clicked on

2019-06-20 09:56:57 - [MESSAGE][PASSED] - Object: 'Object Repository/ADMIN/Categories/Category/button_Save' is clicked on

2019-06-20 09:56:57 - [TEST_STEP][PASSED] - waitForElementVisible: Object 'Object Repository/ADMIN/Categories/Category/label_edit popup' is visible

2019-06-20 09:56:57 - [MESSAGE][WARNING] - Timeout '0' is invalid. Using default page load timeout: '30'

2019-06-20 09:56:58 - [MESSAGE][PASSED] - Object 'Object Repository/ADMIN/Categories/Category/label_edit popup' is visible

2019-06-20 09:56:58 - [TEST_STEP][PASSED] - waitForElementNotPresent: Web element with id: 'Object Repository/ADMIN/Categories/Category/label_edit popup' located by 'By.xpath: //div[(text() = 'Category was successfully saved.' or . = 'Category was successfully saved.')]' is not present after '30' second(s)

2019-06-20 09:56:58 - [MESSAGE][WARNING] - Timeout '0' is invalid. Using default page load timeout: '30'

2019-06-20 09:57:04 - [MESSAGE][PASSED] - Web element with id: 'Object Repository/ADMIN/Categories/Category/label_edit popup' located by 'By.xpath: //div[(text() = 'Category was successfully saved.' or . = 'Category was successfully saved.')]' is not present after '30' second(s)]]></system-out>
         <system-err><![CDATA[]]></system-err>
      </testcase>
      <testcase name="Test Cases/ADMIN/Content Mgmt/Categories/Category Add-Edit/Add Category" classname="Test Cases/ADMIN/Content Mgmt/Categories/Category Add-Edit/Add Category" status="PASSED">
         <system-out><![CDATA[2019-06-20 09:57:04 - [TEST_CASE][PASSED] - Test Cases/ADMIN/Content Mgmt/Categories/Category Add-Edit/Add Category: Test Cases/ADMIN/Content Mgmt/Categories/Category Add-Edit/Add Category

2019-06-20 09:57:04 - [TEST_STEP][PASSED] - waitForElementVisible: Object 'Object Repository/ADMIN/Categories/Category List/button_Content Mgmt' is visible

2019-06-20 09:57:04 - [MESSAGE][WARNING] - Timeout '0' is invalid. Using default page load timeout: '30'

2019-06-20 09:57:04 - [MESSAGE][PASSED] - Object 'Object Repository/ADMIN/Categories/Category List/button_Content Mgmt' is visible

2019-06-20 09:57:04 - [TEST_STEP][PASSED] - click: Object: 'Object Repository/ADMIN/Categories/Category List/button_Content Mgmt' is clicked on

2019-06-20 09:57:04 - [MESSAGE][PASSED] - Object: 'Object Repository/ADMIN/Categories/Category List/button_Content Mgmt' is clicked on

2019-06-20 09:57:04 - [TEST_STEP][PASSED] - waitForElementVisible: Object 'Object Repository/ADMIN/Categories/Category List/button_Categories' is visible

2019-06-20 09:57:04 - [MESSAGE][WARNING] - Timeout '0' is invalid. Using default page load timeout: '30'

2019-06-20 09:57:04 - [MESSAGE][PASSED] - Object 'Object Repository/ADMIN/Categories/Category List/button_Categories' is visible

2019-06-20 09:57:04 - [TEST_STEP][PASSED] - click: Object: 'Object Repository/ADMIN/Categories/Category List/button_Categories' is clicked on

2019-06-20 09:57:05 - [MESSAGE][PASSED] - Object: 'Object Repository/ADMIN/Categories/Category List/button_Categories' is clicked on

2019-06-20 09:57:05 - [TEST_STEP][PASSED] - click: Object: 'Object Repository/ADMIN/Categories/Category List/button_Add a Category' is clicked on

2019-06-20 09:57:05 - [MESSAGE][PASSED] - Object: 'Object Repository/ADMIN/Categories/Category List/button_Add a Category' is clicked on

2019-06-20 09:57:05 - [TEST_STEP][PASSED] - waitForElementPresent: Object 'Object Repository/ADMIN/Categories/Category/dropdown_Parent' is present

2019-06-20 09:57:05 - [MESSAGE][PASSED] - Object 'Object Repository/ADMIN/Categories/Category/dropdown_Parent' is present

2019-06-20 09:57:05 - [TEST_STEP][PASSED] - delay: Delayed 1 second(s)

2019-06-20 09:57:06 - [MESSAGE][PASSED] - Delayed 1 second(s)

2019-06-20 09:57:06 - [TEST_STEP][PASSED] - setText: Text 'Category 4.10.1' is set on object 'Object Repository/ADMIN/Categories/Category/textfield_Category Name'

2019-06-20 09:57:06 - [MESSAGE][PASSED] - Text 'Category 4.10.1' is set on object 'Object Repository/ADMIN/Categories/Category/textfield_Category Name'

2019-06-20 09:57:06 - [TEST_STEP][PASSED] - click: Object: 'Object Repository/ADMIN/Categories/Category/dropdown_Parent' is clicked on

2019-06-20 09:57:07 - [MESSAGE][PASSED] - Object: 'Object Repository/ADMIN/Categories/Category/dropdown_Parent' is clicked on

2019-06-20 09:57:07 - [TEST_STEP][PASSED] - delay: Delayed 2 second(s)

2019-06-20 09:57:09 - [MESSAGE][PASSED] - Delayed 2 second(s)

2019-06-20 09:57:09 - [TEST_STEP][PASSED] - click: Object: 'Object Repository/ADMIN/Categories/Category/dropdown_Parent' is clicked on

2019-06-20 09:57:09 - [MESSAGE][PASSED] - Object: 'Object Repository/ADMIN/Categories/Category/dropdown_Parent' is clicked on

2019-06-20 09:57:09 - [TEST_STEP][PASSED] - selectOptionByLabel: All options with label 'Category 4.10' are selected in object 'Object Repository/ADMIN/Categories/Category/dropdown_Parent' 

2019-06-20 09:57:09 - [MESSAGE][PASSED] - All options with label 'Category 4.10' are selected in object 'Object Repository/ADMIN/Categories/Category/dropdown_Parent' 

2019-06-20 09:57:09 - [TEST_STEP][PASSED] - click: Object: 'Object Repository/ADMIN/Categories/Category/button_Browse' is clicked on

2019-06-20 09:57:09 - [MESSAGE][PASSED] - Object: 'Object Repository/ADMIN/Categories/Category/button_Browse' is clicked on

2019-06-20 09:57:09 - [TEST_STEP][PASSED] - delay: Delayed 2 second(s)

2019-06-20 09:57:11 - [MESSAGE][PASSED] - Delayed 2 second(s)

2019-06-20 09:57:11 - [TEST_STEP][PASSED] - uploadFile: File 'C:\\Katalon\\Image\\pic2.jpg' sent to object: 'Object Repository/ADMIN/Categories/Category/image_input image'

2019-06-20 09:57:11 - [MESSAGE][PASSED] - File 'C:\\Katalon\\Image\\pic2.jpg' sent to object: 'Object Repository/ADMIN/Categories/Category/image_input image'

2019-06-20 09:57:11 - [TEST_STEP][PASSED] - waitForElementVisible: Object 'Object Repository/ADMIN/Categories/Category/button_upload check' is visible

2019-06-20 09:57:11 - [MESSAGE][WARNING] - Timeout '0' is invalid. Using default page load timeout: '30'

2019-06-20 09:57:11 - [MESSAGE][PASSED] - Object 'Object Repository/ADMIN/Categories/Category/button_upload check' is visible

2019-06-20 09:57:11 - [TEST_STEP][PASSED] - click: Object: 'Object Repository/ADMIN/Categories/Category/button_upload check' is clicked on

2019-06-20 09:57:11 - [MESSAGE][PASSED] - Object: 'Object Repository/ADMIN/Categories/Category/button_upload check' is clicked on

2019-06-20 09:57:11 - [TEST_STEP][PASSED] - waitForElementVisible: Object 'Object Repository/ADMIN/Categories/Category/button_upload save' is visible

2019-06-20 09:57:11 - [MESSAGE][WARNING] - Timeout '0' is invalid. Using default page load timeout: '30'

2019-06-20 09:57:11 - [MESSAGE][PASSED] - Object 'Object Repository/ADMIN/Categories/Category/button_upload save' is visible

2019-06-20 09:57:11 - [TEST_STEP][PASSED] - click: Object: 'Object Repository/ADMIN/Categories/Category/button_upload save' is clicked on

2019-06-20 09:57:11 - [MESSAGE][PASSED] - Object: 'Object Repository/ADMIN/Categories/Category/button_upload save' is clicked on

2019-06-20 09:57:11 - [TEST_STEP][PASSED] - setText: Text 'Description63' is set on object 'Object Repository/ADMIN/Categories/Category/textfield_category_description'

2019-06-20 09:57:11 - [MESSAGE][PASSED] - Text 'Description63' is set on object 'Object Repository/ADMIN/Categories/Category/textfield_category_description'

2019-06-20 09:57:11 - [TEST_STEP][PASSED] - click: Object: 'Object Repository/ADMIN/Categories/Category/button_Save' is clicked on

2019-06-20 09:57:11 - [MESSAGE][PASSED] - Object: 'Object Repository/ADMIN/Categories/Category/button_Save' is clicked on

2019-06-20 09:57:11 - [TEST_STEP][PASSED] - waitForElementVisible: Object 'Object Repository/ADMIN/Categories/Category/label_edit popup' is visible

2019-06-20 09:57:11 - [MESSAGE][WARNING] - Timeout '0' is invalid. Using default page load timeout: '30'

2019-06-20 09:57:13 - [MESSAGE][PASSED] - Object 'Object Repository/ADMIN/Categories/Category/label_edit popup' is visible

2019-06-20 09:57:13 - [TEST_STEP][PASSED] - waitForElementNotPresent: Web element with id: 'Object Repository/ADMIN/Categories/Category/label_edit popup' located by 'By.xpath: //div[(text() = 'Category was successfully saved.' or . = 'Category was successfully saved.')]' is not present after '30' second(s)

2019-06-20 09:57:13 - [MESSAGE][WARNING] - Timeout '0' is invalid. Using default page load timeout: '30'

2019-06-20 09:57:18 - [MESSAGE][PASSED] - Web element with id: 'Object Repository/ADMIN/Categories/Category/label_edit popup' located by 'By.xpath: //div[(text() = 'Category was successfully saved.' or . = 'Category was successfully saved.')]' is not present after '30' second(s)]]></system-out>
         <system-err><![CDATA[]]></system-err>
      </testcase>
      <testcase name="Test Cases/ADMIN/Content Mgmt/Categories/Category Add-Edit/Add Category" classname="Test Cases/ADMIN/Content Mgmt/Categories/Category Add-Edit/Add Category" status="PASSED">
         <system-out><![CDATA[2019-06-20 09:57:18 - [TEST_CASE][PASSED] - Test Cases/ADMIN/Content Mgmt/Categories/Category Add-Edit/Add Category: Test Cases/ADMIN/Content Mgmt/Categories/Category Add-Edit/Add Category

2019-06-20 09:57:18 - [TEST_STEP][PASSED] - waitForElementVisible: Object 'Object Repository/ADMIN/Categories/Category List/button_Content Mgmt' is visible

2019-06-20 09:57:18 - [MESSAGE][WARNING] - Timeout '0' is invalid. Using default page load timeout: '30'

2019-06-20 09:57:18 - [MESSAGE][PASSED] - Object 'Object Repository/ADMIN/Categories/Category List/button_Content Mgmt' is visible

2019-06-20 09:57:18 - [TEST_STEP][PASSED] - click: Object: 'Object Repository/ADMIN/Categories/Category List/button_Content Mgmt' is clicked on

2019-06-20 09:57:18 - [MESSAGE][PASSED] - Object: 'Object Repository/ADMIN/Categories/Category List/button_Content Mgmt' is clicked on

2019-06-20 09:57:18 - [TEST_STEP][PASSED] - waitForElementVisible: Object 'Object Repository/ADMIN/Categories/Category List/button_Categories' is visible

2019-06-20 09:57:18 - [MESSAGE][WARNING] - Timeout '0' is invalid. Using default page load timeout: '30'

2019-06-20 09:57:19 - [MESSAGE][PASSED] - Object 'Object Repository/ADMIN/Categories/Category List/button_Categories' is visible

2019-06-20 09:57:19 - [TEST_STEP][PASSED] - click: Object: 'Object Repository/ADMIN/Categories/Category List/button_Categories' is clicked on

2019-06-20 09:57:19 - [MESSAGE][PASSED] - Object: 'Object Repository/ADMIN/Categories/Category List/button_Categories' is clicked on

2019-06-20 09:57:19 - [TEST_STEP][PASSED] - click: Object: 'Object Repository/ADMIN/Categories/Category List/button_Add a Category' is clicked on

2019-06-20 09:57:20 - [MESSAGE][PASSED] - Object: 'Object Repository/ADMIN/Categories/Category List/button_Add a Category' is clicked on

2019-06-20 09:57:20 - [TEST_STEP][PASSED] - waitForElementPresent: Object 'Object Repository/ADMIN/Categories/Category/dropdown_Parent' is present

2019-06-20 09:57:20 - [MESSAGE][PASSED] - Object 'Object Repository/ADMIN/Categories/Category/dropdown_Parent' is present

2019-06-20 09:57:20 - [TEST_STEP][PASSED] - delay: Delayed 1 second(s)

2019-06-20 09:57:21 - [MESSAGE][PASSED] - Delayed 1 second(s)

2019-06-20 09:57:21 - [TEST_STEP][PASSED] - setText: Text 'Category 4.10.2' is set on object 'Object Repository/ADMIN/Categories/Category/textfield_Category Name'

2019-06-20 09:57:21 - [MESSAGE][PASSED] - Text 'Category 4.10.2' is set on object 'Object Repository/ADMIN/Categories/Category/textfield_Category Name'

2019-06-20 09:57:21 - [TEST_STEP][PASSED] - click: Object: 'Object Repository/ADMIN/Categories/Category/dropdown_Parent' is clicked on

2019-06-20 09:57:21 - [MESSAGE][PASSED] - Object: 'Object Repository/ADMIN/Categories/Category/dropdown_Parent' is clicked on

2019-06-20 09:57:21 - [TEST_STEP][PASSED] - delay: Delayed 2 second(s)

2019-06-20 09:57:23 - [MESSAGE][PASSED] - Delayed 2 second(s)

2019-06-20 09:57:23 - [TEST_STEP][PASSED] - click: Object: 'Object Repository/ADMIN/Categories/Category/dropdown_Parent' is clicked on

2019-06-20 09:57:23 - [MESSAGE][PASSED] - Object: 'Object Repository/ADMIN/Categories/Category/dropdown_Parent' is clicked on

2019-06-20 09:57:23 - [TEST_STEP][PASSED] - selectOptionByLabel: All options with label 'Category 4.10' are selected in object 'Object Repository/ADMIN/Categories/Category/dropdown_Parent' 

2019-06-20 09:57:23 - [MESSAGE][PASSED] - All options with label 'Category 4.10' are selected in object 'Object Repository/ADMIN/Categories/Category/dropdown_Parent' 

2019-06-20 09:57:23 - [TEST_STEP][PASSED] - click: Object: 'Object Repository/ADMIN/Categories/Category/button_Browse' is clicked on

2019-06-20 09:57:23 - [MESSAGE][PASSED] - Object: 'Object Repository/ADMIN/Categories/Category/button_Browse' is clicked on

2019-06-20 09:57:23 - [TEST_STEP][PASSED] - delay: Delayed 2 second(s)

2019-06-20 09:57:25 - [MESSAGE][PASSED] - Delayed 2 second(s)

2019-06-20 09:57:25 - [TEST_STEP][PASSED] - uploadFile: File 'C:\\Katalon\\Image\\pic3.jpg' sent to object: 'Object Repository/ADMIN/Categories/Category/image_input image'

2019-06-20 09:57:25 - [MESSAGE][PASSED] - File 'C:\\Katalon\\Image\\pic3.jpg' sent to object: 'Object Repository/ADMIN/Categories/Category/image_input image'

2019-06-20 09:57:25 - [TEST_STEP][PASSED] - waitForElementVisible: Object 'Object Repository/ADMIN/Categories/Category/button_upload check' is visible

2019-06-20 09:57:25 - [MESSAGE][WARNING] - Timeout '0' is invalid. Using default page load timeout: '30'

2019-06-20 09:57:25 - [MESSAGE][PASSED] - Object 'Object Repository/ADMIN/Categories/Category/button_upload check' is visible

2019-06-20 09:57:25 - [TEST_STEP][PASSED] - click: Object: 'Object Repository/ADMIN/Categories/Category/button_upload check' is clicked on

2019-06-20 09:57:25 - [MESSAGE][PASSED] - Object: 'Object Repository/ADMIN/Categories/Category/button_upload check' is clicked on

2019-06-20 09:57:25 - [TEST_STEP][PASSED] - waitForElementVisible: Object 'Object Repository/ADMIN/Categories/Category/button_upload save' is visible

2019-06-20 09:57:25 - [MESSAGE][WARNING] - Timeout '0' is invalid. Using default page load timeout: '30'

2019-06-20 09:57:25 - [MESSAGE][PASSED] - Object 'Object Repository/ADMIN/Categories/Category/button_upload save' is visible

2019-06-20 09:57:25 - [TEST_STEP][PASSED] - click: Object: 'Object Repository/ADMIN/Categories/Category/button_upload save' is clicked on

2019-06-20 09:57:25 - [MESSAGE][PASSED] - Object: 'Object Repository/ADMIN/Categories/Category/button_upload save' is clicked on

2019-06-20 09:57:25 - [TEST_STEP][PASSED] - setText: Text 'Description64' is set on object 'Object Repository/ADMIN/Categories/Category/textfield_category_description'

2019-06-20 09:57:26 - [MESSAGE][PASSED] - Text 'Description64' is set on object 'Object Repository/ADMIN/Categories/Category/textfield_category_description'

2019-06-20 09:57:26 - [TEST_STEP][PASSED] - click: Object: 'Object Repository/ADMIN/Categories/Category/button_Save' is clicked on

2019-06-20 09:57:26 - [MESSAGE][PASSED] - Object: 'Object Repository/ADMIN/Categories/Category/button_Save' is clicked on

2019-06-20 09:57:26 - [TEST_STEP][PASSED] - waitForElementVisible: Object 'Object Repository/ADMIN/Categories/Category/label_edit popup' is visible

2019-06-20 09:57:26 - [MESSAGE][WARNING] - Timeout '0' is invalid. Using default page load timeout: '30'

2019-06-20 09:57:27 - [MESSAGE][PASSED] - Object 'Object Repository/ADMIN/Categories/Category/label_edit popup' is visible

2019-06-20 09:57:27 - [TEST_STEP][PASSED] - waitForElementNotPresent: Web element with id: 'Object Repository/ADMIN/Categories/Category/label_edit popup' located by 'By.xpath: //div[(text() = 'Category was successfully saved.' or . = 'Category was successfully saved.')]' is not present after '30' second(s)

2019-06-20 09:57:27 - [MESSAGE][WARNING] - Timeout '0' is invalid. Using default page load timeout: '30'

2019-06-20 09:57:33 - [MESSAGE][PASSED] - Web element with id: 'Object Repository/ADMIN/Categories/Category/label_edit popup' located by 'By.xpath: //div[(text() = 'Category was successfully saved.' or . = 'Category was successfully saved.')]' is not present after '30' second(s)]]></system-out>
         <system-err><![CDATA[]]></system-err>
      </testcase>
      <testcase name="Test Cases/ADMIN/Content Mgmt/Categories/Category Add-Edit/Add Category" classname="Test Cases/ADMIN/Content Mgmt/Categories/Category Add-Edit/Add Category" status="PASSED">
         <system-out><![CDATA[2019-06-20 09:57:33 - [TEST_CASE][PASSED] - Test Cases/ADMIN/Content Mgmt/Categories/Category Add-Edit/Add Category: Test Cases/ADMIN/Content Mgmt/Categories/Category Add-Edit/Add Category

2019-06-20 09:57:33 - [TEST_STEP][PASSED] - waitForElementVisible: Object 'Object Repository/ADMIN/Categories/Category List/button_Content Mgmt' is visible

2019-06-20 09:57:33 - [MESSAGE][WARNING] - Timeout '0' is invalid. Using default page load timeout: '30'

2019-06-20 09:57:33 - [MESSAGE][PASSED] - Object 'Object Repository/ADMIN/Categories/Category List/button_Content Mgmt' is visible

2019-06-20 09:57:33 - [TEST_STEP][PASSED] - click: Object: 'Object Repository/ADMIN/Categories/Category List/button_Content Mgmt' is clicked on

2019-06-20 09:57:33 - [MESSAGE][PASSED] - Object: 'Object Repository/ADMIN/Categories/Category List/button_Content Mgmt' is clicked on

2019-06-20 09:57:33 - [TEST_STEP][PASSED] - waitForElementVisible: Object 'Object Repository/ADMIN/Categories/Category List/button_Categories' is visible

2019-06-20 09:57:33 - [MESSAGE][WARNING] - Timeout '0' is invalid. Using default page load timeout: '30'

2019-06-20 09:57:33 - [MESSAGE][PASSED] - Object 'Object Repository/ADMIN/Categories/Category List/button_Categories' is visible

2019-06-20 09:57:33 - [TEST_STEP][PASSED] - click: Object: 'Object Repository/ADMIN/Categories/Category List/button_Categories' is clicked on

2019-06-20 09:57:34 - [MESSAGE][PASSED] - Object: 'Object Repository/ADMIN/Categories/Category List/button_Categories' is clicked on

2019-06-20 09:57:34 - [TEST_STEP][PASSED] - click: Object: 'Object Repository/ADMIN/Categories/Category List/button_Add a Category' is clicked on

2019-06-20 09:57:35 - [MESSAGE][PASSED] - Object: 'Object Repository/ADMIN/Categories/Category List/button_Add a Category' is clicked on

2019-06-20 09:57:35 - [TEST_STEP][PASSED] - waitForElementPresent: Object 'Object Repository/ADMIN/Categories/Category/dropdown_Parent' is present

2019-06-20 09:57:35 - [MESSAGE][PASSED] - Object 'Object Repository/ADMIN/Categories/Category/dropdown_Parent' is present

2019-06-20 09:57:35 - [TEST_STEP][PASSED] - delay: Delayed 1 second(s)

2019-06-20 09:57:36 - [MESSAGE][PASSED] - Delayed 1 second(s)

2019-06-20 09:57:36 - [TEST_STEP][PASSED] - setText: Text 'Category 4.10.3' is set on object 'Object Repository/ADMIN/Categories/Category/textfield_Category Name'

2019-06-20 09:57:36 - [MESSAGE][PASSED] - Text 'Category 4.10.3' is set on object 'Object Repository/ADMIN/Categories/Category/textfield_Category Name'

2019-06-20 09:57:36 - [TEST_STEP][PASSED] - click: Object: 'Object Repository/ADMIN/Categories/Category/dropdown_Parent' is clicked on

2019-06-20 09:57:36 - [MESSAGE][PASSED] - Object: 'Object Repository/ADMIN/Categories/Category/dropdown_Parent' is clicked on

2019-06-20 09:57:36 - [TEST_STEP][PASSED] - delay: Delayed 2 second(s)

2019-06-20 09:57:38 - [MESSAGE][PASSED] - Delayed 2 second(s)

2019-06-20 09:57:38 - [TEST_STEP][PASSED] - click: Object: 'Object Repository/ADMIN/Categories/Category/dropdown_Parent' is clicked on

2019-06-20 09:57:38 - [MESSAGE][PASSED] - Object: 'Object Repository/ADMIN/Categories/Category/dropdown_Parent' is clicked on

2019-06-20 09:57:38 - [TEST_STEP][PASSED] - selectOptionByLabel: All options with label 'Category 4.10' are selected in object 'Object Repository/ADMIN/Categories/Category/dropdown_Parent' 

2019-06-20 09:57:38 - [MESSAGE][PASSED] - All options with label 'Category 4.10' are selected in object 'Object Repository/ADMIN/Categories/Category/dropdown_Parent' 

2019-06-20 09:57:38 - [TEST_STEP][PASSED] - click: Object: 'Object Repository/ADMIN/Categories/Category/button_Browse' is clicked on

2019-06-20 09:57:38 - [MESSAGE][PASSED] - Object: 'Object Repository/ADMIN/Categories/Category/button_Browse' is clicked on

2019-06-20 09:57:38 - [TEST_STEP][PASSED] - delay: Delayed 2 second(s)

2019-06-20 09:57:40 - [MESSAGE][PASSED] - Delayed 2 second(s)

2019-06-20 09:57:40 - [TEST_STEP][PASSED] - uploadFile: File 'C:\\Katalon\\Image\\pic4.jpg' sent to object: 'Object Repository/ADMIN/Categories/Category/image_input image'

2019-06-20 09:57:40 - [MESSAGE][PASSED] - File 'C:\\Katalon\\Image\\pic4.jpg' sent to object: 'Object Repository/ADMIN/Categories/Category/image_input image'

2019-06-20 09:57:40 - [TEST_STEP][PASSED] - waitForElementVisible: Object 'Object Repository/ADMIN/Categories/Category/button_upload check' is visible

2019-06-20 09:57:40 - [MESSAGE][WARNING] - Timeout '0' is invalid. Using default page load timeout: '30'

2019-06-20 09:57:40 - [MESSAGE][PASSED] - Object 'Object Repository/ADMIN/Categories/Category/button_upload check' is visible

2019-06-20 09:57:40 - [TEST_STEP][PASSED] - click: Object: 'Object Repository/ADMIN/Categories/Category/button_upload check' is clicked on

2019-06-20 09:57:40 - [MESSAGE][PASSED] - Object: 'Object Repository/ADMIN/Categories/Category/button_upload check' is clicked on

2019-06-20 09:57:40 - [TEST_STEP][PASSED] - waitForElementVisible: Object 'Object Repository/ADMIN/Categories/Category/button_upload save' is visible

2019-06-20 09:57:40 - [MESSAGE][WARNING] - Timeout '0' is invalid. Using default page load timeout: '30'

2019-06-20 09:57:40 - [MESSAGE][PASSED] - Object 'Object Repository/ADMIN/Categories/Category/button_upload save' is visible

2019-06-20 09:57:40 - [TEST_STEP][PASSED] - click: Object: 'Object Repository/ADMIN/Categories/Category/button_upload save' is clicked on

2019-06-20 09:57:41 - [MESSAGE][PASSED] - Object: 'Object Repository/ADMIN/Categories/Category/button_upload save' is clicked on

2019-06-20 09:57:41 - [TEST_STEP][PASSED] - setText: Text 'Description65' is set on object 'Object Repository/ADMIN/Categories/Category/textfield_category_description'

2019-06-20 09:57:41 - [MESSAGE][PASSED] - Text 'Description65' is set on object 'Object Repository/ADMIN/Categories/Category/textfield_category_description'

2019-06-20 09:57:41 - [TEST_STEP][PASSED] - click: Object: 'Object Repository/ADMIN/Categories/Category/button_Save' is clicked on

2019-06-20 09:57:41 - [MESSAGE][PASSED] - Object: 'Object Repository/ADMIN/Categories/Category/button_Save' is clicked on

2019-06-20 09:57:41 - [TEST_STEP][PASSED] - waitForElementVisible: Object 'Object Repository/ADMIN/Categories/Category/label_edit popup' is visible

2019-06-20 09:57:41 - [MESSAGE][WARNING] - Timeout '0' is invalid. Using default page load timeout: '30'

2019-06-20 09:57:42 - [MESSAGE][PASSED] - Object 'Object Repository/ADMIN/Categories/Category/label_edit popup' is visible

2019-06-20 09:57:42 - [TEST_STEP][PASSED] - waitForElementNotPresent: Web element with id: 'Object Repository/ADMIN/Categories/Category/label_edit popup' located by 'By.xpath: //div[(text() = 'Category was successfully saved.' or . = 'Category was successfully saved.')]' is not present after '30' second(s)

2019-06-20 09:57:42 - [MESSAGE][WARNING] - Timeout '0' is invalid. Using default page load timeout: '30'

2019-06-20 09:57:48 - [MESSAGE][PASSED] - Web element with id: 'Object Repository/ADMIN/Categories/Category/label_edit popup' located by 'By.xpath: //div[(text() = 'Category was successfully saved.' or . = 'Category was successfully saved.')]' is not present after '30' second(s)]]></system-out>
         <system-err><![CDATA[]]></system-err>
      </testcase>
      <testcase name="Test Cases/ADMIN/Content Mgmt/Categories/Category Add-Edit/Add Category" classname="Test Cases/ADMIN/Content Mgmt/Categories/Category Add-Edit/Add Category" status="PASSED">
         <system-out><![CDATA[2019-06-20 09:57:48 - [TEST_CASE][PASSED] - Test Cases/ADMIN/Content Mgmt/Categories/Category Add-Edit/Add Category: Test Cases/ADMIN/Content Mgmt/Categories/Category Add-Edit/Add Category

2019-06-20 09:57:48 - [TEST_STEP][PASSED] - waitForElementVisible: Object 'Object Repository/ADMIN/Categories/Category List/button_Content Mgmt' is visible

2019-06-20 09:57:48 - [MESSAGE][WARNING] - Timeout '0' is invalid. Using default page load timeout: '30'

2019-06-20 09:57:48 - [MESSAGE][PASSED] - Object 'Object Repository/ADMIN/Categories/Category List/button_Content Mgmt' is visible

2019-06-20 09:57:48 - [TEST_STEP][PASSED] - click: Object: 'Object Repository/ADMIN/Categories/Category List/button_Content Mgmt' is clicked on

2019-06-20 09:57:48 - [MESSAGE][PASSED] - Object: 'Object Repository/ADMIN/Categories/Category List/button_Content Mgmt' is clicked on

2019-06-20 09:57:48 - [TEST_STEP][PASSED] - waitForElementVisible: Object 'Object Repository/ADMIN/Categories/Category List/button_Categories' is visible

2019-06-20 09:57:48 - [MESSAGE][WARNING] - Timeout '0' is invalid. Using default page load timeout: '30'

2019-06-20 09:57:48 - [MESSAGE][PASSED] - Object 'Object Repository/ADMIN/Categories/Category List/button_Categories' is visible

2019-06-20 09:57:48 - [TEST_STEP][PASSED] - click: Object: 'Object Repository/ADMIN/Categories/Category List/button_Categories' is clicked on

2019-06-20 09:57:49 - [MESSAGE][PASSED] - Object: 'Object Repository/ADMIN/Categories/Category List/button_Categories' is clicked on

2019-06-20 09:57:49 - [TEST_STEP][PASSED] - click: Object: 'Object Repository/ADMIN/Categories/Category List/button_Add a Category' is clicked on

2019-06-20 09:57:49 - [MESSAGE][PASSED] - Object: 'Object Repository/ADMIN/Categories/Category List/button_Add a Category' is clicked on

2019-06-20 09:57:49 - [TEST_STEP][PASSED] - waitForElementPresent: Object 'Object Repository/ADMIN/Categories/Category/dropdown_Parent' is present

2019-06-20 09:57:49 - [MESSAGE][PASSED] - Object 'Object Repository/ADMIN/Categories/Category/dropdown_Parent' is present

2019-06-20 09:57:49 - [TEST_STEP][PASSED] - delay: Delayed 1 second(s)

2019-06-20 09:57:50 - [MESSAGE][PASSED] - Delayed 1 second(s)

2019-06-20 09:57:50 - [TEST_STEP][PASSED] - setText: Text 'Category 4.10.4' is set on object 'Object Repository/ADMIN/Categories/Category/textfield_Category Name'

2019-06-20 09:57:50 - [MESSAGE][PASSED] - Text 'Category 4.10.4' is set on object 'Object Repository/ADMIN/Categories/Category/textfield_Category Name'

2019-06-20 09:57:50 - [TEST_STEP][PASSED] - click: Object: 'Object Repository/ADMIN/Categories/Category/dropdown_Parent' is clicked on

2019-06-20 09:57:51 - [MESSAGE][PASSED] - Object: 'Object Repository/ADMIN/Categories/Category/dropdown_Parent' is clicked on

2019-06-20 09:57:51 - [TEST_STEP][PASSED] - delay: Delayed 2 second(s)

2019-06-20 09:57:53 - [MESSAGE][PASSED] - Delayed 2 second(s)

2019-06-20 09:57:53 - [TEST_STEP][PASSED] - click: Object: 'Object Repository/ADMIN/Categories/Category/dropdown_Parent' is clicked on

2019-06-20 09:57:53 - [MESSAGE][PASSED] - Object: 'Object Repository/ADMIN/Categories/Category/dropdown_Parent' is clicked on

2019-06-20 09:57:53 - [TEST_STEP][PASSED] - selectOptionByLabel: All options with label 'Category 4.10' are selected in object 'Object Repository/ADMIN/Categories/Category/dropdown_Parent' 

2019-06-20 09:57:53 - [MESSAGE][PASSED] - All options with label 'Category 4.10' are selected in object 'Object Repository/ADMIN/Categories/Category/dropdown_Parent' 

2019-06-20 09:57:53 - [TEST_STEP][PASSED] - click: Object: 'Object Repository/ADMIN/Categories/Category/button_Browse' is clicked on

2019-06-20 09:57:53 - [MESSAGE][PASSED] - Object: 'Object Repository/ADMIN/Categories/Category/button_Browse' is clicked on

2019-06-20 09:57:53 - [TEST_STEP][PASSED] - delay: Delayed 2 second(s)

2019-06-20 09:57:55 - [MESSAGE][PASSED] - Delayed 2 second(s)

2019-06-20 09:57:55 - [TEST_STEP][PASSED] - uploadFile: File 'C:\\Katalon\\Image\\pic5.jpg' sent to object: 'Object Repository/ADMIN/Categories/Category/image_input image'

2019-06-20 09:57:55 - [MESSAGE][PASSED] - File 'C:\\Katalon\\Image\\pic5.jpg' sent to object: 'Object Repository/ADMIN/Categories/Category/image_input image'

2019-06-20 09:57:55 - [TEST_STEP][PASSED] - waitForElementVisible: Object 'Object Repository/ADMIN/Categories/Category/button_upload check' is visible

2019-06-20 09:57:55 - [MESSAGE][WARNING] - Timeout '0' is invalid. Using default page load timeout: '30'

2019-06-20 09:57:55 - [MESSAGE][PASSED] - Object 'Object Repository/ADMIN/Categories/Category/button_upload check' is visible

2019-06-20 09:57:55 - [TEST_STEP][PASSED] - click: Object: 'Object Repository/ADMIN/Categories/Category/button_upload check' is clicked on

2019-06-20 09:57:55 - [MESSAGE][PASSED] - Object: 'Object Repository/ADMIN/Categories/Category/button_upload check' is clicked on

2019-06-20 09:57:55 - [TEST_STEP][PASSED] - waitForElementVisible: Object 'Object Repository/ADMIN/Categories/Category/button_upload save' is visible

2019-06-20 09:57:55 - [MESSAGE][WARNING] - Timeout '0' is invalid. Using default page load timeout: '30'

2019-06-20 09:57:55 - [MESSAGE][PASSED] - Object 'Object Repository/ADMIN/Categories/Category/button_upload save' is visible

2019-06-20 09:57:55 - [TEST_STEP][PASSED] - click: Object: 'Object Repository/ADMIN/Categories/Category/button_upload save' is clicked on

2019-06-20 09:57:55 - [MESSAGE][PASSED] - Object: 'Object Repository/ADMIN/Categories/Category/button_upload save' is clicked on

2019-06-20 09:57:55 - [TEST_STEP][PASSED] - setText: Text 'Description66' is set on object 'Object Repository/ADMIN/Categories/Category/textfield_category_description'

2019-06-20 09:57:55 - [MESSAGE][PASSED] - Text 'Description66' is set on object 'Object Repository/ADMIN/Categories/Category/textfield_category_description'

2019-06-20 09:57:55 - [TEST_STEP][PASSED] - click: Object: 'Object Repository/ADMIN/Categories/Category/button_Save' is clicked on

2019-06-20 09:57:56 - [MESSAGE][PASSED] - Object: 'Object Repository/ADMIN/Categories/Category/button_Save' is clicked on

2019-06-20 09:57:56 - [TEST_STEP][PASSED] - waitForElementVisible: Object 'Object Repository/ADMIN/Categories/Category/label_edit popup' is visible

2019-06-20 09:57:56 - [MESSAGE][WARNING] - Timeout '0' is invalid. Using default page load timeout: '30'

2019-06-20 09:57:57 - [MESSAGE][PASSED] - Object 'Object Repository/ADMIN/Categories/Category/label_edit popup' is visible

2019-06-20 09:57:57 - [TEST_STEP][PASSED] - waitForElementNotPresent: Web element with id: 'Object Repository/ADMIN/Categories/Category/label_edit popup' located by 'By.xpath: //div[(text() = 'Category was successfully saved.' or . = 'Category was successfully saved.')]' is not present after '30' second(s)

2019-06-20 09:57:57 - [MESSAGE][WARNING] - Timeout '0' is invalid. Using default page load timeout: '30'

2019-06-20 09:58:02 - [MESSAGE][PASSED] - Web element with id: 'Object Repository/ADMIN/Categories/Category/label_edit popup' located by 'By.xpath: //div[(text() = 'Category was successfully saved.' or . = 'Category was successfully saved.')]' is not present after '30' second(s)]]></system-out>
         <system-err><![CDATA[]]></system-err>
      </testcase>
      <testcase name="Test Cases/ADMIN/Content Mgmt/Categories/Category Add-Edit/Add Category" classname="Test Cases/ADMIN/Content Mgmt/Categories/Category Add-Edit/Add Category" status="PASSED">
         <system-out><![CDATA[2019-06-20 09:58:02 - [TEST_CASE][PASSED] - Test Cases/ADMIN/Content Mgmt/Categories/Category Add-Edit/Add Category: Test Cases/ADMIN/Content Mgmt/Categories/Category Add-Edit/Add Category

2019-06-20 09:58:02 - [TEST_STEP][PASSED] - waitForElementVisible: Object 'Object Repository/ADMIN/Categories/Category List/button_Content Mgmt' is visible

2019-06-20 09:58:02 - [MESSAGE][WARNING] - Timeout '0' is invalid. Using default page load timeout: '30'

2019-06-20 09:58:02 - [MESSAGE][PASSED] - Object 'Object Repository/ADMIN/Categories/Category List/button_Content Mgmt' is visible

2019-06-20 09:58:02 - [TEST_STEP][PASSED] - click: Object: 'Object Repository/ADMIN/Categories/Category List/button_Content Mgmt' is clicked on

2019-06-20 09:58:02 - [MESSAGE][PASSED] - Object: 'Object Repository/ADMIN/Categories/Category List/button_Content Mgmt' is clicked on

2019-06-20 09:58:02 - [TEST_STEP][PASSED] - waitForElementVisible: Object 'Object Repository/ADMIN/Categories/Category List/button_Categories' is visible

2019-06-20 09:58:02 - [MESSAGE][WARNING] - Timeout '0' is invalid. Using default page load timeout: '30'

2019-06-20 09:58:03 - [MESSAGE][PASSED] - Object 'Object Repository/ADMIN/Categories/Category List/button_Categories' is visible

2019-06-20 09:58:03 - [TEST_STEP][PASSED] - click: Object: 'Object Repository/ADMIN/Categories/Category List/button_Categories' is clicked on

2019-06-20 09:58:03 - [MESSAGE][PASSED] - Object: 'Object Repository/ADMIN/Categories/Category List/button_Categories' is clicked on

2019-06-20 09:58:03 - [TEST_STEP][PASSED] - click: Object: 'Object Repository/ADMIN/Categories/Category List/button_Add a Category' is clicked on

2019-06-20 09:58:04 - [MESSAGE][PASSED] - Object: 'Object Repository/ADMIN/Categories/Category List/button_Add a Category' is clicked on

2019-06-20 09:58:04 - [TEST_STEP][PASSED] - waitForElementPresent: Object 'Object Repository/ADMIN/Categories/Category/dropdown_Parent' is present

2019-06-20 09:58:04 - [MESSAGE][PASSED] - Object 'Object Repository/ADMIN/Categories/Category/dropdown_Parent' is present

2019-06-20 09:58:04 - [TEST_STEP][PASSED] - delay: Delayed 1 second(s)

2019-06-20 09:58:05 - [MESSAGE][PASSED] - Delayed 1 second(s)

2019-06-20 09:58:05 - [TEST_STEP][PASSED] - setText: Text 'Category 4.10.5' is set on object 'Object Repository/ADMIN/Categories/Category/textfield_Category Name'

2019-06-20 09:58:05 - [MESSAGE][PASSED] - Text 'Category 4.10.5' is set on object 'Object Repository/ADMIN/Categories/Category/textfield_Category Name'

2019-06-20 09:58:05 - [TEST_STEP][PASSED] - click: Object: 'Object Repository/ADMIN/Categories/Category/dropdown_Parent' is clicked on

2019-06-20 09:58:05 - [MESSAGE][PASSED] - Object: 'Object Repository/ADMIN/Categories/Category/dropdown_Parent' is clicked on

2019-06-20 09:58:05 - [TEST_STEP][PASSED] - delay: Delayed 2 second(s)

2019-06-20 09:58:07 - [MESSAGE][PASSED] - Delayed 2 second(s)

2019-06-20 09:58:07 - [TEST_STEP][PASSED] - click: Object: 'Object Repository/ADMIN/Categories/Category/dropdown_Parent' is clicked on

2019-06-20 09:58:07 - [MESSAGE][PASSED] - Object: 'Object Repository/ADMIN/Categories/Category/dropdown_Parent' is clicked on

2019-06-20 09:58:07 - [TEST_STEP][PASSED] - selectOptionByLabel: All options with label 'Category 4.10' are selected in object 'Object Repository/ADMIN/Categories/Category/dropdown_Parent' 

2019-06-20 09:58:07 - [MESSAGE][PASSED] - All options with label 'Category 4.10' are selected in object 'Object Repository/ADMIN/Categories/Category/dropdown_Parent' 

2019-06-20 09:58:07 - [TEST_STEP][PASSED] - click: Object: 'Object Repository/ADMIN/Categories/Category/button_Browse' is clicked on

2019-06-20 09:58:07 - [MESSAGE][PASSED] - Object: 'Object Repository/ADMIN/Categories/Category/button_Browse' is clicked on

2019-06-20 09:58:07 - [TEST_STEP][PASSED] - delay: Delayed 2 second(s)

2019-06-20 09:58:09 - [MESSAGE][PASSED] - Delayed 2 second(s)

2019-06-20 09:58:09 - [TEST_STEP][PASSED] - uploadFile: File 'C:\\Katalon\\Image\\pic6.jpg' sent to object: 'Object Repository/ADMIN/Categories/Category/image_input image'

2019-06-20 09:58:10 - [MESSAGE][PASSED] - File 'C:\\Katalon\\Image\\pic6.jpg' sent to object: 'Object Repository/ADMIN/Categories/Category/image_input image'

2019-06-20 09:58:10 - [TEST_STEP][PASSED] - waitForElementVisible: Object 'Object Repository/ADMIN/Categories/Category/button_upload check' is visible

2019-06-20 09:58:10 - [MESSAGE][WARNING] - Timeout '0' is invalid. Using default page load timeout: '30'

2019-06-20 09:58:10 - [MESSAGE][PASSED] - Object 'Object Repository/ADMIN/Categories/Category/button_upload check' is visible

2019-06-20 09:58:10 - [TEST_STEP][PASSED] - click: Object: 'Object Repository/ADMIN/Categories/Category/button_upload check' is clicked on

2019-06-20 09:58:10 - [MESSAGE][PASSED] - Object: 'Object Repository/ADMIN/Categories/Category/button_upload check' is clicked on

2019-06-20 09:58:10 - [TEST_STEP][PASSED] - waitForElementVisible: Object 'Object Repository/ADMIN/Categories/Category/button_upload save' is visible

2019-06-20 09:58:10 - [MESSAGE][WARNING] - Timeout '0' is invalid. Using default page load timeout: '30'

2019-06-20 09:58:10 - [MESSAGE][PASSED] - Object 'Object Repository/ADMIN/Categories/Category/button_upload save' is visible

2019-06-20 09:58:10 - [TEST_STEP][PASSED] - click: Object: 'Object Repository/ADMIN/Categories/Category/button_upload save' is clicked on

2019-06-20 09:58:10 - [MESSAGE][PASSED] - Object: 'Object Repository/ADMIN/Categories/Category/button_upload save' is clicked on

2019-06-20 09:58:10 - [TEST_STEP][PASSED] - setText: Text 'Description67' is set on object 'Object Repository/ADMIN/Categories/Category/textfield_category_description'

2019-06-20 09:58:10 - [MESSAGE][PASSED] - Text 'Description67' is set on object 'Object Repository/ADMIN/Categories/Category/textfield_category_description'

2019-06-20 09:58:10 - [TEST_STEP][PASSED] - click: Object: 'Object Repository/ADMIN/Categories/Category/button_Save' is clicked on

2019-06-20 09:58:10 - [MESSAGE][PASSED] - Object: 'Object Repository/ADMIN/Categories/Category/button_Save' is clicked on

2019-06-20 09:58:10 - [TEST_STEP][PASSED] - waitForElementVisible: Object 'Object Repository/ADMIN/Categories/Category/label_edit popup' is visible

2019-06-20 09:58:10 - [MESSAGE][WARNING] - Timeout '0' is invalid. Using default page load timeout: '30'

2019-06-20 09:58:11 - [MESSAGE][PASSED] - Object 'Object Repository/ADMIN/Categories/Category/label_edit popup' is visible

2019-06-20 09:58:11 - [TEST_STEP][PASSED] - waitForElementNotPresent: Web element with id: 'Object Repository/ADMIN/Categories/Category/label_edit popup' located by 'By.xpath: //div[(text() = 'Category was successfully saved.' or . = 'Category was successfully saved.')]' is not present after '30' second(s)

2019-06-20 09:58:11 - [MESSAGE][WARNING] - Timeout '0' is invalid. Using default page load timeout: '30'

2019-06-20 09:58:17 - [MESSAGE][PASSED] - Web element with id: 'Object Repository/ADMIN/Categories/Category/label_edit popup' located by 'By.xpath: //div[(text() = 'Category was successfully saved.' or . = 'Category was successfully saved.')]' is not present after '30' second(s)]]></system-out>
         <system-err><![CDATA[]]></system-err>
      </testcase>
      <testcase name="Test Cases/ADMIN/Content Mgmt/Categories/Category Add-Edit/Add Category" classname="Test Cases/ADMIN/Content Mgmt/Categories/Category Add-Edit/Add Category" status="PASSED">
         <system-out><![CDATA[2019-06-20 09:58:17 - [TEST_CASE][PASSED] - Test Cases/ADMIN/Content Mgmt/Categories/Category Add-Edit/Add Category: Test Cases/ADMIN/Content Mgmt/Categories/Category Add-Edit/Add Category

2019-06-20 09:58:17 - [TEST_STEP][PASSED] - waitForElementVisible: Object 'Object Repository/ADMIN/Categories/Category List/button_Content Mgmt' is visible

2019-06-20 09:58:17 - [MESSAGE][WARNING] - Timeout '0' is invalid. Using default page load timeout: '30'

2019-06-20 09:58:17 - [MESSAGE][PASSED] - Object 'Object Repository/ADMIN/Categories/Category List/button_Content Mgmt' is visible

2019-06-20 09:58:17 - [TEST_STEP][PASSED] - click: Object: 'Object Repository/ADMIN/Categories/Category List/button_Content Mgmt' is clicked on

2019-06-20 09:58:17 - [MESSAGE][PASSED] - Object: 'Object Repository/ADMIN/Categories/Category List/button_Content Mgmt' is clicked on

2019-06-20 09:58:17 - [TEST_STEP][PASSED] - waitForElementVisible: Object 'Object Repository/ADMIN/Categories/Category List/button_Categories' is visible

2019-06-20 09:58:17 - [MESSAGE][WARNING] - Timeout '0' is invalid. Using default page load timeout: '30'

2019-06-20 09:58:17 - [MESSAGE][PASSED] - Object 'Object Repository/ADMIN/Categories/Category List/button_Categories' is visible

2019-06-20 09:58:17 - [TEST_STEP][PASSED] - click: Object: 'Object Repository/ADMIN/Categories/Category List/button_Categories' is clicked on

2019-06-20 09:58:18 - [MESSAGE][PASSED] - Object: 'Object Repository/ADMIN/Categories/Category List/button_Categories' is clicked on

2019-06-20 09:58:18 - [TEST_STEP][PASSED] - click: Object: 'Object Repository/ADMIN/Categories/Category List/button_Add a Category' is clicked on

2019-06-20 09:58:18 - [MESSAGE][PASSED] - Object: 'Object Repository/ADMIN/Categories/Category List/button_Add a Category' is clicked on

2019-06-20 09:58:18 - [TEST_STEP][PASSED] - waitForElementPresent: Object 'Object Repository/ADMIN/Categories/Category/dropdown_Parent' is present

2019-06-20 09:58:18 - [MESSAGE][PASSED] - Object 'Object Repository/ADMIN/Categories/Category/dropdown_Parent' is present

2019-06-20 09:58:18 - [TEST_STEP][PASSED] - delay: Delayed 1 second(s)

2019-06-20 09:58:19 - [MESSAGE][PASSED] - Delayed 1 second(s)

2019-06-20 09:58:19 - [TEST_STEP][PASSED] - setText: Text 'Category 4.10.5.1' is set on object 'Object Repository/ADMIN/Categories/Category/textfield_Category Name'

2019-06-20 09:58:19 - [MESSAGE][PASSED] - Text 'Category 4.10.5.1' is set on object 'Object Repository/ADMIN/Categories/Category/textfield_Category Name'

2019-06-20 09:58:19 - [TEST_STEP][PASSED] - click: Object: 'Object Repository/ADMIN/Categories/Category/dropdown_Parent' is clicked on

2019-06-20 09:58:20 - [MESSAGE][PASSED] - Object: 'Object Repository/ADMIN/Categories/Category/dropdown_Parent' is clicked on

2019-06-20 09:58:20 - [TEST_STEP][PASSED] - delay: Delayed 2 second(s)

2019-06-20 09:58:22 - [MESSAGE][PASSED] - Delayed 2 second(s)

2019-06-20 09:58:22 - [TEST_STEP][PASSED] - click: Object: 'Object Repository/ADMIN/Categories/Category/dropdown_Parent' is clicked on

2019-06-20 09:58:22 - [MESSAGE][PASSED] - Object: 'Object Repository/ADMIN/Categories/Category/dropdown_Parent' is clicked on

2019-06-20 09:58:22 - [TEST_STEP][PASSED] - selectOptionByLabel: All options with label 'Category 4.10.5' are selected in object 'Object Repository/ADMIN/Categories/Category/dropdown_Parent' 

2019-06-20 09:58:22 - [MESSAGE][PASSED] - All options with label 'Category 4.10.5' are selected in object 'Object Repository/ADMIN/Categories/Category/dropdown_Parent' 

2019-06-20 09:58:22 - [TEST_STEP][PASSED] - click: Object: 'Object Repository/ADMIN/Categories/Category/button_Browse' is clicked on

2019-06-20 09:58:22 - [MESSAGE][PASSED] - Object: 'Object Repository/ADMIN/Categories/Category/button_Browse' is clicked on

2019-06-20 09:58:22 - [TEST_STEP][PASSED] - delay: Delayed 2 second(s)

2019-06-20 09:58:24 - [MESSAGE][PASSED] - Delayed 2 second(s)

2019-06-20 09:58:24 - [TEST_STEP][PASSED] - uploadFile: File 'C:\\Katalon\\Image\\pic7.jpg' sent to object: 'Object Repository/ADMIN/Categories/Category/image_input image'

2019-06-20 09:58:24 - [MESSAGE][PASSED] - File 'C:\\Katalon\\Image\\pic7.jpg' sent to object: 'Object Repository/ADMIN/Categories/Category/image_input image'

2019-06-20 09:58:24 - [TEST_STEP][PASSED] - waitForElementVisible: Object 'Object Repository/ADMIN/Categories/Category/button_upload check' is visible

2019-06-20 09:58:24 - [MESSAGE][WARNING] - Timeout '0' is invalid. Using default page load timeout: '30'

2019-06-20 09:58:24 - [MESSAGE][PASSED] - Object 'Object Repository/ADMIN/Categories/Category/button_upload check' is visible

2019-06-20 09:58:24 - [TEST_STEP][PASSED] - click: Object: 'Object Repository/ADMIN/Categories/Category/button_upload check' is clicked on

2019-06-20 09:58:24 - [MESSAGE][PASSED] - Object: 'Object Repository/ADMIN/Categories/Category/button_upload check' is clicked on

2019-06-20 09:58:24 - [TEST_STEP][PASSED] - waitForElementVisible: Object 'Object Repository/ADMIN/Categories/Category/button_upload save' is visible

2019-06-20 09:58:24 - [MESSAGE][WARNING] - Timeout '0' is invalid. Using default page load timeout: '30'

2019-06-20 09:58:24 - [MESSAGE][PASSED] - Object 'Object Repository/ADMIN/Categories/Category/button_upload save' is visible

2019-06-20 09:58:24 - [TEST_STEP][PASSED] - click: Object: 'Object Repository/ADMIN/Categories/Category/button_upload save' is clicked on

2019-06-20 09:58:24 - [MESSAGE][PASSED] - Object: 'Object Repository/ADMIN/Categories/Category/button_upload save' is clicked on

2019-06-20 09:58:24 - [TEST_STEP][PASSED] - setText: Text 'Description68' is set on object 'Object Repository/ADMIN/Categories/Category/textfield_category_description'

2019-06-20 09:58:24 - [MESSAGE][PASSED] - Text 'Description68' is set on object 'Object Repository/ADMIN/Categories/Category/textfield_category_description'

2019-06-20 09:58:24 - [TEST_STEP][PASSED] - click: Object: 'Object Repository/ADMIN/Categories/Category/button_Save' is clicked on

2019-06-20 09:58:24 - [MESSAGE][PASSED] - Object: 'Object Repository/ADMIN/Categories/Category/button_Save' is clicked on

2019-06-20 09:58:24 - [TEST_STEP][PASSED] - waitForElementVisible: Object 'Object Repository/ADMIN/Categories/Category/label_edit popup' is visible

2019-06-20 09:58:24 - [MESSAGE][WARNING] - Timeout '0' is invalid. Using default page load timeout: '30'

2019-06-20 09:58:25 - [MESSAGE][PASSED] - Object 'Object Repository/ADMIN/Categories/Category/label_edit popup' is visible

2019-06-20 09:58:25 - [TEST_STEP][PASSED] - waitForElementNotPresent: Web element with id: 'Object Repository/ADMIN/Categories/Category/label_edit popup' located by 'By.xpath: //div[(text() = 'Category was successfully saved.' or . = 'Category was successfully saved.')]' is not present after '30' second(s)

2019-06-20 09:58:25 - [MESSAGE][WARNING] - Timeout '0' is invalid. Using default page load timeout: '30'

2019-06-20 09:58:32 - [MESSAGE][PASSED] - Web element with id: 'Object Repository/ADMIN/Categories/Category/label_edit popup' located by 'By.xpath: //div[(text() = 'Category was successfully saved.' or . = 'Category was successfully saved.')]' is not present after '30' second(s)]]></system-out>
         <system-err><![CDATA[]]></system-err>
      </testcase>
      <testcase name="Test Cases/ADMIN/Content Mgmt/Categories/Category Add-Edit/Add Category" classname="Test Cases/ADMIN/Content Mgmt/Categories/Category Add-Edit/Add Category" status="PASSED">
         <system-out><![CDATA[2019-06-20 09:58:32 - [TEST_CASE][PASSED] - Test Cases/ADMIN/Content Mgmt/Categories/Category Add-Edit/Add Category: Test Cases/ADMIN/Content Mgmt/Categories/Category Add-Edit/Add Category

2019-06-20 09:58:32 - [TEST_STEP][PASSED] - waitForElementVisible: Object 'Object Repository/ADMIN/Categories/Category List/button_Content Mgmt' is visible

2019-06-20 09:58:32 - [MESSAGE][WARNING] - Timeout '0' is invalid. Using default page load timeout: '30'

2019-06-20 09:58:32 - [MESSAGE][PASSED] - Object 'Object Repository/ADMIN/Categories/Category List/button_Content Mgmt' is visible

2019-06-20 09:58:32 - [TEST_STEP][PASSED] - click: Object: 'Object Repository/ADMIN/Categories/Category List/button_Content Mgmt' is clicked on

2019-06-20 09:58:32 - [MESSAGE][PASSED] - Object: 'Object Repository/ADMIN/Categories/Category List/button_Content Mgmt' is clicked on

2019-06-20 09:58:32 - [TEST_STEP][PASSED] - waitForElementVisible: Object 'Object Repository/ADMIN/Categories/Category List/button_Categories' is visible

2019-06-20 09:58:32 - [MESSAGE][WARNING] - Timeout '0' is invalid. Using default page load timeout: '30'

2019-06-20 09:58:32 - [MESSAGE][PASSED] - Object 'Object Repository/ADMIN/Categories/Category List/button_Categories' is visible

2019-06-20 09:58:32 - [TEST_STEP][PASSED] - click: Object: 'Object Repository/ADMIN/Categories/Category List/button_Categories' is clicked on

2019-06-20 09:58:33 - [MESSAGE][PASSED] - Object: 'Object Repository/ADMIN/Categories/Category List/button_Categories' is clicked on

2019-06-20 09:58:33 - [TEST_STEP][PASSED] - click: Object: 'Object Repository/ADMIN/Categories/Category List/button_Add a Category' is clicked on

2019-06-20 09:58:33 - [MESSAGE][PASSED] - Object: 'Object Repository/ADMIN/Categories/Category List/button_Add a Category' is clicked on

2019-06-20 09:58:33 - [TEST_STEP][PASSED] - waitForElementPresent: Object 'Object Repository/ADMIN/Categories/Category/dropdown_Parent' is present

2019-06-20 09:58:33 - [MESSAGE][PASSED] - Object 'Object Repository/ADMIN/Categories/Category/dropdown_Parent' is present

2019-06-20 09:58:33 - [TEST_STEP][PASSED] - delay: Delayed 1 second(s)

2019-06-20 09:58:34 - [MESSAGE][PASSED] - Delayed 1 second(s)

2019-06-20 09:58:34 - [TEST_STEP][PASSED] - setText: Text 'Category 4.10.5.2' is set on object 'Object Repository/ADMIN/Categories/Category/textfield_Category Name'

2019-06-20 09:58:34 - [MESSAGE][PASSED] - Text 'Category 4.10.5.2' is set on object 'Object Repository/ADMIN/Categories/Category/textfield_Category Name'

2019-06-20 09:58:34 - [TEST_STEP][PASSED] - click: Object: 'Object Repository/ADMIN/Categories/Category/dropdown_Parent' is clicked on

2019-06-20 09:58:34 - [MESSAGE][PASSED] - Object: 'Object Repository/ADMIN/Categories/Category/dropdown_Parent' is clicked on

2019-06-20 09:58:34 - [TEST_STEP][PASSED] - delay: Delayed 2 second(s)

2019-06-20 09:58:36 - [MESSAGE][PASSED] - Delayed 2 second(s)

2019-06-20 09:58:36 - [TEST_STEP][PASSED] - click: Object: 'Object Repository/ADMIN/Categories/Category/dropdown_Parent' is clicked on

2019-06-20 09:58:36 - [MESSAGE][PASSED] - Object: 'Object Repository/ADMIN/Categories/Category/dropdown_Parent' is clicked on

2019-06-20 09:58:36 - [TEST_STEP][PASSED] - selectOptionByLabel: All options with label 'Category 4.10.5' are selected in object 'Object Repository/ADMIN/Categories/Category/dropdown_Parent' 

2019-06-20 09:58:37 - [MESSAGE][PASSED] - All options with label 'Category 4.10.5' are selected in object 'Object Repository/ADMIN/Categories/Category/dropdown_Parent' 

2019-06-20 09:58:37 - [TEST_STEP][PASSED] - click: Object: 'Object Repository/ADMIN/Categories/Category/button_Browse' is clicked on

2019-06-20 09:58:37 - [MESSAGE][PASSED] - Object: 'Object Repository/ADMIN/Categories/Category/button_Browse' is clicked on

2019-06-20 09:58:37 - [TEST_STEP][PASSED] - delay: Delayed 2 second(s)

2019-06-20 09:58:39 - [MESSAGE][PASSED] - Delayed 2 second(s)

2019-06-20 09:58:39 - [TEST_STEP][PASSED] - uploadFile: File 'C:\\Katalon\\Image\\pic8.jpg' sent to object: 'Object Repository/ADMIN/Categories/Category/image_input image'

2019-06-20 09:58:39 - [MESSAGE][PASSED] - File 'C:\\Katalon\\Image\\pic8.jpg' sent to object: 'Object Repository/ADMIN/Categories/Category/image_input image'

2019-06-20 09:58:39 - [TEST_STEP][PASSED] - waitForElementVisible: Object 'Object Repository/ADMIN/Categories/Category/button_upload check' is visible

2019-06-20 09:58:39 - [MESSAGE][WARNING] - Timeout '0' is invalid. Using default page load timeout: '30'

2019-06-20 09:58:39 - [MESSAGE][PASSED] - Object 'Object Repository/ADMIN/Categories/Category/button_upload check' is visible

2019-06-20 09:58:39 - [TEST_STEP][PASSED] - click: Object: 'Object Repository/ADMIN/Categories/Category/button_upload check' is clicked on

2019-06-20 09:58:39 - [MESSAGE][PASSED] - Object: 'Object Repository/ADMIN/Categories/Category/button_upload check' is clicked on

2019-06-20 09:58:39 - [TEST_STEP][PASSED] - waitForElementVisible: Object 'Object Repository/ADMIN/Categories/Category/button_upload save' is visible

2019-06-20 09:58:39 - [MESSAGE][WARNING] - Timeout '0' is invalid. Using default page load timeout: '30'

2019-06-20 09:58:39 - [MESSAGE][PASSED] - Object 'Object Repository/ADMIN/Categories/Category/button_upload save' is visible

2019-06-20 09:58:39 - [TEST_STEP][PASSED] - click: Object: 'Object Repository/ADMIN/Categories/Category/button_upload save' is clicked on

2019-06-20 09:58:39 - [MESSAGE][PASSED] - Object: 'Object Repository/ADMIN/Categories/Category/button_upload save' is clicked on

2019-06-20 09:58:39 - [TEST_STEP][PASSED] - setText: Text 'Description69' is set on object 'Object Repository/ADMIN/Categories/Category/textfield_category_description'

2019-06-20 09:58:39 - [MESSAGE][PASSED] - Text 'Description69' is set on object 'Object Repository/ADMIN/Categories/Category/textfield_category_description'

2019-06-20 09:58:39 - [TEST_STEP][PASSED] - click: Object: 'Object Repository/ADMIN/Categories/Category/button_Save' is clicked on

2019-06-20 09:58:39 - [MESSAGE][PASSED] - Object: 'Object Repository/ADMIN/Categories/Category/button_Save' is clicked on

2019-06-20 09:58:39 - [TEST_STEP][PASSED] - waitForElementVisible: Object 'Object Repository/ADMIN/Categories/Category/label_edit popup' is visible

2019-06-20 09:58:39 - [MESSAGE][WARNING] - Timeout '0' is invalid. Using default page load timeout: '30'

2019-06-20 09:58:40 - [MESSAGE][PASSED] - Object 'Object Repository/ADMIN/Categories/Category/label_edit popup' is visible

2019-06-20 09:58:40 - [TEST_STEP][PASSED] - waitForElementNotPresent: Web element with id: 'Object Repository/ADMIN/Categories/Category/label_edit popup' located by 'By.xpath: //div[(text() = 'Category was successfully saved.' or . = 'Category was successfully saved.')]' is not present after '30' second(s)

2019-06-20 09:58:40 - [MESSAGE][WARNING] - Timeout '0' is invalid. Using default page load timeout: '30'

2019-06-20 09:58:46 - [MESSAGE][PASSED] - Web element with id: 'Object Repository/ADMIN/Categories/Category/label_edit popup' located by 'By.xpath: //div[(text() = 'Category was successfully saved.' or . = 'Category was successfully saved.')]' is not present after '30' second(s)]]></system-out>
         <system-err><![CDATA[]]></system-err>
      </testcase>
      <testcase name="Test Cases/ADMIN/Content Mgmt/Categories/Category Add-Edit/Add Category" classname="Test Cases/ADMIN/Content Mgmt/Categories/Category Add-Edit/Add Category" status="PASSED">
         <system-out><![CDATA[2019-06-20 09:58:46 - [TEST_CASE][PASSED] - Test Cases/ADMIN/Content Mgmt/Categories/Category Add-Edit/Add Category: Test Cases/ADMIN/Content Mgmt/Categories/Category Add-Edit/Add Category

2019-06-20 09:58:46 - [TEST_STEP][PASSED] - waitForElementVisible: Object 'Object Repository/ADMIN/Categories/Category List/button_Content Mgmt' is visible

2019-06-20 09:58:46 - [MESSAGE][WARNING] - Timeout '0' is invalid. Using default page load timeout: '30'

2019-06-20 09:58:46 - [MESSAGE][PASSED] - Object 'Object Repository/ADMIN/Categories/Category List/button_Content Mgmt' is visible

2019-06-20 09:58:46 - [TEST_STEP][PASSED] - click: Object: 'Object Repository/ADMIN/Categories/Category List/button_Content Mgmt' is clicked on

2019-06-20 09:58:47 - [MESSAGE][PASSED] - Object: 'Object Repository/ADMIN/Categories/Category List/button_Content Mgmt' is clicked on

2019-06-20 09:58:47 - [TEST_STEP][PASSED] - waitForElementVisible: Object 'Object Repository/ADMIN/Categories/Category List/button_Categories' is visible

2019-06-20 09:58:47 - [MESSAGE][WARNING] - Timeout '0' is invalid. Using default page load timeout: '30'

2019-06-20 09:58:47 - [MESSAGE][PASSED] - Object 'Object Repository/ADMIN/Categories/Category List/button_Categories' is visible

2019-06-20 09:58:47 - [TEST_STEP][PASSED] - click: Object: 'Object Repository/ADMIN/Categories/Category List/button_Categories' is clicked on

2019-06-20 09:58:47 - [MESSAGE][PASSED] - Object: 'Object Repository/ADMIN/Categories/Category List/button_Categories' is clicked on

2019-06-20 09:58:47 - [TEST_STEP][PASSED] - click: Object: 'Object Repository/ADMIN/Categories/Category List/button_Add a Category' is clicked on

2019-06-20 09:58:48 - [MESSAGE][PASSED] - Object: 'Object Repository/ADMIN/Categories/Category List/button_Add a Category' is clicked on

2019-06-20 09:58:48 - [TEST_STEP][PASSED] - waitForElementPresent: Object 'Object Repository/ADMIN/Categories/Category/dropdown_Parent' is present

2019-06-20 09:58:48 - [MESSAGE][PASSED] - Object 'Object Repository/ADMIN/Categories/Category/dropdown_Parent' is present

2019-06-20 09:58:48 - [TEST_STEP][PASSED] - delay: Delayed 1 second(s)

2019-06-20 09:58:49 - [MESSAGE][PASSED] - Delayed 1 second(s)

2019-06-20 09:58:49 - [TEST_STEP][PASSED] - setText: Text 'Category 4.10.5.3' is set on object 'Object Repository/ADMIN/Categories/Category/textfield_Category Name'

2019-06-20 09:58:49 - [MESSAGE][PASSED] - Text 'Category 4.10.5.3' is set on object 'Object Repository/ADMIN/Categories/Category/textfield_Category Name'

2019-06-20 09:58:49 - [TEST_STEP][PASSED] - click: Object: 'Object Repository/ADMIN/Categories/Category/dropdown_Parent' is clicked on

2019-06-20 09:58:49 - [MESSAGE][PASSED] - Object: 'Object Repository/ADMIN/Categories/Category/dropdown_Parent' is clicked on

2019-06-20 09:58:49 - [TEST_STEP][PASSED] - delay: Delayed 2 second(s)

2019-06-20 09:58:51 - [MESSAGE][PASSED] - Delayed 2 second(s)

2019-06-20 09:58:51 - [TEST_STEP][PASSED] - click: Object: 'Object Repository/ADMIN/Categories/Category/dropdown_Parent' is clicked on

2019-06-20 09:58:51 - [MESSAGE][PASSED] - Object: 'Object Repository/ADMIN/Categories/Category/dropdown_Parent' is clicked on

2019-06-20 09:58:51 - [TEST_STEP][PASSED] - selectOptionByLabel: All options with label 'Category 4.10.5' are selected in object 'Object Repository/ADMIN/Categories/Category/dropdown_Parent' 

2019-06-20 09:58:51 - [MESSAGE][PASSED] - All options with label 'Category 4.10.5' are selected in object 'Object Repository/ADMIN/Categories/Category/dropdown_Parent' 

2019-06-20 09:58:51 - [TEST_STEP][PASSED] - click: Object: 'Object Repository/ADMIN/Categories/Category/button_Browse' is clicked on

2019-06-20 09:58:51 - [MESSAGE][PASSED] - Object: 'Object Repository/ADMIN/Categories/Category/button_Browse' is clicked on

2019-06-20 09:58:51 - [TEST_STEP][PASSED] - delay: Delayed 2 second(s)

2019-06-20 09:58:53 - [MESSAGE][PASSED] - Delayed 2 second(s)

2019-06-20 09:58:53 - [TEST_STEP][PASSED] - uploadFile: File 'C:\\Katalon\\Image\\pic9.jpg' sent to object: 'Object Repository/ADMIN/Categories/Category/image_input image'

2019-06-20 09:58:53 - [MESSAGE][PASSED] - File 'C:\\Katalon\\Image\\pic9.jpg' sent to object: 'Object Repository/ADMIN/Categories/Category/image_input image'

2019-06-20 09:58:53 - [TEST_STEP][PASSED] - waitForElementVisible: Object 'Object Repository/ADMIN/Categories/Category/button_upload check' is visible

2019-06-20 09:58:53 - [MESSAGE][WARNING] - Timeout '0' is invalid. Using default page load timeout: '30'

2019-06-20 09:58:53 - [MESSAGE][PASSED] - Object 'Object Repository/ADMIN/Categories/Category/button_upload check' is visible

2019-06-20 09:58:53 - [TEST_STEP][PASSED] - click: Object: 'Object Repository/ADMIN/Categories/Category/button_upload check' is clicked on

2019-06-20 09:58:54 - [MESSAGE][PASSED] - Object: 'Object Repository/ADMIN/Categories/Category/button_upload check' is clicked on

2019-06-20 09:58:54 - [TEST_STEP][PASSED] - waitForElementVisible: Object 'Object Repository/ADMIN/Categories/Category/button_upload save' is visible

2019-06-20 09:58:54 - [MESSAGE][WARNING] - Timeout '0' is invalid. Using default page load timeout: '30'

2019-06-20 09:58:54 - [MESSAGE][PASSED] - Object 'Object Repository/ADMIN/Categories/Category/button_upload save' is visible

2019-06-20 09:58:54 - [TEST_STEP][PASSED] - click: Object: 'Object Repository/ADMIN/Categories/Category/button_upload save' is clicked on

2019-06-20 09:58:54 - [MESSAGE][PASSED] - Object: 'Object Repository/ADMIN/Categories/Category/button_upload save' is clicked on

2019-06-20 09:58:54 - [TEST_STEP][PASSED] - setText: Text 'Description70' is set on object 'Object Repository/ADMIN/Categories/Category/textfield_category_description'

2019-06-20 09:58:54 - [MESSAGE][PASSED] - Text 'Description70' is set on object 'Object Repository/ADMIN/Categories/Category/textfield_category_description'

2019-06-20 09:58:54 - [TEST_STEP][PASSED] - click: Object: 'Object Repository/ADMIN/Categories/Category/button_Save' is clicked on

2019-06-20 09:58:54 - [MESSAGE][PASSED] - Object: 'Object Repository/ADMIN/Categories/Category/button_Save' is clicked on

2019-06-20 09:58:54 - [TEST_STEP][PASSED] - waitForElementVisible: Object 'Object Repository/ADMIN/Categories/Category/label_edit popup' is visible

2019-06-20 09:58:54 - [MESSAGE][WARNING] - Timeout '0' is invalid. Using default page load timeout: '30'

2019-06-20 09:58:56 - [MESSAGE][PASSED] - Object 'Object Repository/ADMIN/Categories/Category/label_edit popup' is visible

2019-06-20 09:58:56 - [TEST_STEP][PASSED] - waitForElementNotPresent: Web element with id: 'Object Repository/ADMIN/Categories/Category/label_edit popup' located by 'By.xpath: //div[(text() = 'Category was successfully saved.' or . = 'Category was successfully saved.')]' is not present after '30' second(s)

2019-06-20 09:58:56 - [MESSAGE][WARNING] - Timeout '0' is invalid. Using default page load timeout: '30'

2019-06-20 09:59:01 - [MESSAGE][PASSED] - Web element with id: 'Object Repository/ADMIN/Categories/Category/label_edit popup' located by 'By.xpath: //div[(text() = 'Category was successfully saved.' or . = 'Category was successfully saved.')]' is not present after '30' second(s)]]></system-out>
         <system-err><![CDATA[]]></system-err>
      </testcase>
      <testcase name="Test Cases/ADMIN/Content Mgmt/Categories/Category Add-Edit/Add Category" classname="Test Cases/ADMIN/Content Mgmt/Categories/Category Add-Edit/Add Category" status="PASSED">
         <system-out><![CDATA[2019-06-20 09:59:01 - [TEST_CASE][PASSED] - Test Cases/ADMIN/Content Mgmt/Categories/Category Add-Edit/Add Category: Test Cases/ADMIN/Content Mgmt/Categories/Category Add-Edit/Add Category

2019-06-20 09:59:01 - [TEST_STEP][PASSED] - waitForElementVisible: Object 'Object Repository/ADMIN/Categories/Category List/button_Content Mgmt' is visible

2019-06-20 09:59:01 - [MESSAGE][WARNING] - Timeout '0' is invalid. Using default page load timeout: '30'

2019-06-20 09:59:01 - [MESSAGE][PASSED] - Object 'Object Repository/ADMIN/Categories/Category List/button_Content Mgmt' is visible

2019-06-20 09:59:01 - [TEST_STEP][PASSED] - click: Object: 'Object Repository/ADMIN/Categories/Category List/button_Content Mgmt' is clicked on

2019-06-20 09:59:01 - [MESSAGE][PASSED] - Object: 'Object Repository/ADMIN/Categories/Category List/button_Content Mgmt' is clicked on

2019-06-20 09:59:01 - [TEST_STEP][PASSED] - waitForElementVisible: Object 'Object Repository/ADMIN/Categories/Category List/button_Categories' is visible

2019-06-20 09:59:01 - [MESSAGE][WARNING] - Timeout '0' is invalid. Using default page load timeout: '30'

2019-06-20 09:59:01 - [MESSAGE][PASSED] - Object 'Object Repository/ADMIN/Categories/Category List/button_Categories' is visible

2019-06-20 09:59:01 - [TEST_STEP][PASSED] - click: Object: 'Object Repository/ADMIN/Categories/Category List/button_Categories' is clicked on

2019-06-20 09:59:02 - [MESSAGE][PASSED] - Object: 'Object Repository/ADMIN/Categories/Category List/button_Categories' is clicked on

2019-06-20 09:59:02 - [TEST_STEP][PASSED] - click: Object: 'Object Repository/ADMIN/Categories/Category List/button_Add a Category' is clicked on

2019-06-20 09:59:02 - [MESSAGE][PASSED] - Object: 'Object Repository/ADMIN/Categories/Category List/button_Add a Category' is clicked on

2019-06-20 09:59:02 - [TEST_STEP][PASSED] - waitForElementPresent: Object 'Object Repository/ADMIN/Categories/Category/dropdown_Parent' is present

2019-06-20 09:59:02 - [MESSAGE][PASSED] - Object 'Object Repository/ADMIN/Categories/Category/dropdown_Parent' is present

2019-06-20 09:59:02 - [TEST_STEP][PASSED] - delay: Delayed 1 second(s)

2019-06-20 09:59:03 - [MESSAGE][PASSED] - Delayed 1 second(s)

2019-06-20 09:59:03 - [TEST_STEP][PASSED] - setText: Text 'Category 4.10.5.3.1' is set on object 'Object Repository/ADMIN/Categories/Category/textfield_Category Name'

2019-06-20 09:59:03 - [MESSAGE][PASSED] - Text 'Category 4.10.5.3.1' is set on object 'Object Repository/ADMIN/Categories/Category/textfield_Category Name'

2019-06-20 09:59:03 - [TEST_STEP][PASSED] - click: Object: 'Object Repository/ADMIN/Categories/Category/dropdown_Parent' is clicked on

2019-06-20 09:59:03 - [MESSAGE][PASSED] - Object: 'Object Repository/ADMIN/Categories/Category/dropdown_Parent' is clicked on

2019-06-20 09:59:03 - [TEST_STEP][PASSED] - delay: Delayed 2 second(s)

2019-06-20 09:59:05 - [MESSAGE][PASSED] - Delayed 2 second(s)

2019-06-20 09:59:05 - [TEST_STEP][PASSED] - click: Object: 'Object Repository/ADMIN/Categories/Category/dropdown_Parent' is clicked on

2019-06-20 09:59:05 - [MESSAGE][PASSED] - Object: 'Object Repository/ADMIN/Categories/Category/dropdown_Parent' is clicked on

2019-06-20 09:59:05 - [TEST_STEP][PASSED] - selectOptionByLabel: All options with label 'Category 4.10.5.3' are selected in object 'Object Repository/ADMIN/Categories/Category/dropdown_Parent' 

2019-06-20 09:59:05 - [MESSAGE][PASSED] - All options with label 'Category 4.10.5.3' are selected in object 'Object Repository/ADMIN/Categories/Category/dropdown_Parent' 

2019-06-20 09:59:05 - [TEST_STEP][PASSED] - click: Object: 'Object Repository/ADMIN/Categories/Category/button_Browse' is clicked on

2019-06-20 09:59:06 - [MESSAGE][PASSED] - Object: 'Object Repository/ADMIN/Categories/Category/button_Browse' is clicked on

2019-06-20 09:59:06 - [TEST_STEP][PASSED] - delay: Delayed 2 second(s)

2019-06-20 09:59:08 - [MESSAGE][PASSED] - Delayed 2 second(s)

2019-06-20 09:59:08 - [TEST_STEP][PASSED] - uploadFile: File 'C:\\Katalon\\Image\\pic10.jpg' sent to object: 'Object Repository/ADMIN/Categories/Category/image_input image'

2019-06-20 09:59:08 - [MESSAGE][PASSED] - File 'C:\\Katalon\\Image\\pic10.jpg' sent to object: 'Object Repository/ADMIN/Categories/Category/image_input image'

2019-06-20 09:59:08 - [TEST_STEP][PASSED] - waitForElementVisible: Object 'Object Repository/ADMIN/Categories/Category/button_upload check' is visible

2019-06-20 09:59:08 - [MESSAGE][WARNING] - Timeout '0' is invalid. Using default page load timeout: '30'

2019-06-20 09:59:08 - [MESSAGE][PASSED] - Object 'Object Repository/ADMIN/Categories/Category/button_upload check' is visible

2019-06-20 09:59:08 - [TEST_STEP][PASSED] - click: Object: 'Object Repository/ADMIN/Categories/Category/button_upload check' is clicked on

2019-06-20 09:59:08 - [MESSAGE][PASSED] - Object: 'Object Repository/ADMIN/Categories/Category/button_upload check' is clicked on

2019-06-20 09:59:08 - [TEST_STEP][PASSED] - waitForElementVisible: Object 'Object Repository/ADMIN/Categories/Category/button_upload save' is visible

2019-06-20 09:59:08 - [MESSAGE][WARNING] - Timeout '0' is invalid. Using default page load timeout: '30'

2019-06-20 09:59:08 - [MESSAGE][PASSED] - Object 'Object Repository/ADMIN/Categories/Category/button_upload save' is visible

2019-06-20 09:59:08 - [TEST_STEP][PASSED] - click: Object: 'Object Repository/ADMIN/Categories/Category/button_upload save' is clicked on

2019-06-20 09:59:08 - [MESSAGE][PASSED] - Object: 'Object Repository/ADMIN/Categories/Category/button_upload save' is clicked on

2019-06-20 09:59:08 - [TEST_STEP][PASSED] - setText: Text 'Description71' is set on object 'Object Repository/ADMIN/Categories/Category/textfield_category_description'

2019-06-20 09:59:08 - [MESSAGE][PASSED] - Text 'Description71' is set on object 'Object Repository/ADMIN/Categories/Category/textfield_category_description'

2019-06-20 09:59:08 - [TEST_STEP][PASSED] - click: Object: 'Object Repository/ADMIN/Categories/Category/button_Save' is clicked on

2019-06-20 09:59:08 - [MESSAGE][PASSED] - Object: 'Object Repository/ADMIN/Categories/Category/button_Save' is clicked on

2019-06-20 09:59:08 - [TEST_STEP][PASSED] - waitForElementVisible: Object 'Object Repository/ADMIN/Categories/Category/label_edit popup' is visible

2019-06-20 09:59:08 - [MESSAGE][WARNING] - Timeout '0' is invalid. Using default page load timeout: '30'

2019-06-20 09:59:09 - [MESSAGE][PASSED] - Object 'Object Repository/ADMIN/Categories/Category/label_edit popup' is visible

2019-06-20 09:59:09 - [TEST_STEP][PASSED] - waitForElementNotPresent: Web element with id: 'Object Repository/ADMIN/Categories/Category/label_edit popup' located by 'By.xpath: //div[(text() = 'Category was successfully saved.' or . = 'Category was successfully saved.')]' is not present after '30' second(s)

2019-06-20 09:59:09 - [MESSAGE][WARNING] - Timeout '0' is invalid. Using default page load timeout: '30'

2019-06-20 09:59:15 - [MESSAGE][PASSED] - Web element with id: 'Object Repository/ADMIN/Categories/Category/label_edit popup' located by 'By.xpath: //div[(text() = 'Category was successfully saved.' or . = 'Category was successfully saved.')]' is not present after '30' second(s)]]></system-out>
         <system-err><![CDATA[]]></system-err>
      </testcase>
      <testcase name="Test Cases/ADMIN/Content Mgmt/Categories/Category Add-Edit/Add Category" classname="Test Cases/ADMIN/Content Mgmt/Categories/Category Add-Edit/Add Category" status="PASSED">
         <system-out><![CDATA[2019-06-20 09:59:15 - [TEST_CASE][PASSED] - Test Cases/ADMIN/Content Mgmt/Categories/Category Add-Edit/Add Category: Test Cases/ADMIN/Content Mgmt/Categories/Category Add-Edit/Add Category

2019-06-20 09:59:15 - [TEST_STEP][PASSED] - waitForElementVisible: Object 'Object Repository/ADMIN/Categories/Category List/button_Content Mgmt' is visible

2019-06-20 09:59:15 - [MESSAGE][WARNING] - Timeout '0' is invalid. Using default page load timeout: '30'

2019-06-20 09:59:15 - [MESSAGE][PASSED] - Object 'Object Repository/ADMIN/Categories/Category List/button_Content Mgmt' is visible

2019-06-20 09:59:15 - [TEST_STEP][PASSED] - click: Object: 'Object Repository/ADMIN/Categories/Category List/button_Content Mgmt' is clicked on

2019-06-20 09:59:15 - [MESSAGE][PASSED] - Object: 'Object Repository/ADMIN/Categories/Category List/button_Content Mgmt' is clicked on

2019-06-20 09:59:15 - [TEST_STEP][PASSED] - waitForElementVisible: Object 'Object Repository/ADMIN/Categories/Category List/button_Categories' is visible

2019-06-20 09:59:15 - [MESSAGE][WARNING] - Timeout '0' is invalid. Using default page load timeout: '30'

2019-06-20 09:59:16 - [MESSAGE][PASSED] - Object 'Object Repository/ADMIN/Categories/Category List/button_Categories' is visible

2019-06-20 09:59:16 - [TEST_STEP][PASSED] - click: Object: 'Object Repository/ADMIN/Categories/Category List/button_Categories' is clicked on

2019-06-20 09:59:16 - [MESSAGE][PASSED] - Object: 'Object Repository/ADMIN/Categories/Category List/button_Categories' is clicked on

2019-06-20 09:59:16 - [TEST_STEP][PASSED] - click: Object: 'Object Repository/ADMIN/Categories/Category List/button_Add a Category' is clicked on

2019-06-20 09:59:16 - [MESSAGE][PASSED] - Object: 'Object Repository/ADMIN/Categories/Category List/button_Add a Category' is clicked on

2019-06-20 09:59:16 - [TEST_STEP][PASSED] - waitForElementPresent: Object 'Object Repository/ADMIN/Categories/Category/dropdown_Parent' is present

2019-06-20 09:59:16 - [MESSAGE][PASSED] - Object 'Object Repository/ADMIN/Categories/Category/dropdown_Parent' is present

2019-06-20 09:59:16 - [TEST_STEP][PASSED] - delay: Delayed 1 second(s)

2019-06-20 09:59:17 - [MESSAGE][PASSED] - Delayed 1 second(s)

2019-06-20 09:59:17 - [TEST_STEP][PASSED] - setText: Text 'Category 5' is set on object 'Object Repository/ADMIN/Categories/Category/textfield_Category Name'

2019-06-20 09:59:17 - [MESSAGE][PASSED] - Text 'Category 5' is set on object 'Object Repository/ADMIN/Categories/Category/textfield_Category Name'

2019-06-20 09:59:17 - [TEST_STEP][PASSED] - click: Object: 'Object Repository/ADMIN/Categories/Category/dropdown_Parent' is clicked on

2019-06-20 09:59:17 - [MESSAGE][PASSED] - Object: 'Object Repository/ADMIN/Categories/Category/dropdown_Parent' is clicked on

2019-06-20 09:59:17 - [TEST_STEP][PASSED] - delay: Delayed 2 second(s)

2019-06-20 09:59:19 - [MESSAGE][PASSED] - Delayed 2 second(s)

2019-06-20 09:59:19 - [TEST_STEP][PASSED] - click: Object: 'Object Repository/ADMIN/Categories/Category/dropdown_Parent' is clicked on

2019-06-20 09:59:19 - [MESSAGE][PASSED] - Object: 'Object Repository/ADMIN/Categories/Category/dropdown_Parent' is clicked on

2019-06-20 09:59:19 - [TEST_STEP][PASSED] - selectOptionByLabel: All options with label '-' are selected in object 'Object Repository/ADMIN/Categories/Category/dropdown_Parent' 

2019-06-20 09:59:19 - [MESSAGE][PASSED] - All options with label '-' are selected in object 'Object Repository/ADMIN/Categories/Category/dropdown_Parent' 

2019-06-20 09:59:19 - [TEST_STEP][PASSED] - click: Object: 'Object Repository/ADMIN/Categories/Category/button_Browse' is clicked on

2019-06-20 09:59:19 - [MESSAGE][PASSED] - Object: 'Object Repository/ADMIN/Categories/Category/button_Browse' is clicked on

2019-06-20 09:59:19 - [TEST_STEP][PASSED] - delay: Delayed 2 second(s)

2019-06-20 09:59:21 - [MESSAGE][PASSED] - Delayed 2 second(s)

2019-06-20 09:59:21 - [TEST_STEP][PASSED] - uploadFile: File 'C:\\Katalon\\Image\\pic11.jpg' sent to object: 'Object Repository/ADMIN/Categories/Category/image_input image'

2019-06-20 09:59:21 - [MESSAGE][PASSED] - File 'C:\\Katalon\\Image\\pic11.jpg' sent to object: 'Object Repository/ADMIN/Categories/Category/image_input image'

2019-06-20 09:59:21 - [TEST_STEP][PASSED] - waitForElementVisible: Object 'Object Repository/ADMIN/Categories/Category/button_upload check' is visible

2019-06-20 09:59:21 - [MESSAGE][WARNING] - Timeout '0' is invalid. Using default page load timeout: '30'

2019-06-20 09:59:21 - [MESSAGE][PASSED] - Object 'Object Repository/ADMIN/Categories/Category/button_upload check' is visible

2019-06-20 09:59:21 - [TEST_STEP][PASSED] - click: Object: 'Object Repository/ADMIN/Categories/Category/button_upload check' is clicked on

2019-06-20 09:59:21 - [MESSAGE][PASSED] - Object: 'Object Repository/ADMIN/Categories/Category/button_upload check' is clicked on

2019-06-20 09:59:21 - [TEST_STEP][PASSED] - waitForElementVisible: Object 'Object Repository/ADMIN/Categories/Category/button_upload save' is visible

2019-06-20 09:59:21 - [MESSAGE][WARNING] - Timeout '0' is invalid. Using default page load timeout: '30'

2019-06-20 09:59:21 - [MESSAGE][PASSED] - Object 'Object Repository/ADMIN/Categories/Category/button_upload save' is visible

2019-06-20 09:59:21 - [TEST_STEP][PASSED] - click: Object: 'Object Repository/ADMIN/Categories/Category/button_upload save' is clicked on

2019-06-20 09:59:22 - [MESSAGE][PASSED] - Object: 'Object Repository/ADMIN/Categories/Category/button_upload save' is clicked on

2019-06-20 09:59:22 - [TEST_STEP][PASSED] - setText: Text 'Description72' is set on object 'Object Repository/ADMIN/Categories/Category/textfield_category_description'

2019-06-20 09:59:22 - [MESSAGE][PASSED] - Text 'Description72' is set on object 'Object Repository/ADMIN/Categories/Category/textfield_category_description'

2019-06-20 09:59:22 - [TEST_STEP][PASSED] - click: Object: 'Object Repository/ADMIN/Categories/Category/button_Save' is clicked on

2019-06-20 09:59:22 - [MESSAGE][PASSED] - Object: 'Object Repository/ADMIN/Categories/Category/button_Save' is clicked on

2019-06-20 09:59:22 - [TEST_STEP][PASSED] - waitForElementVisible: Object 'Object Repository/ADMIN/Categories/Category/label_edit popup' is visible

2019-06-20 09:59:22 - [MESSAGE][WARNING] - Timeout '0' is invalid. Using default page load timeout: '30'

2019-06-20 09:59:23 - [MESSAGE][PASSED] - Object 'Object Repository/ADMIN/Categories/Category/label_edit popup' is visible

2019-06-20 09:59:23 - [TEST_STEP][PASSED] - waitForElementNotPresent: Web element with id: 'Object Repository/ADMIN/Categories/Category/label_edit popup' located by 'By.xpath: //div[(text() = 'Category was successfully saved.' or . = 'Category was successfully saved.')]' is not present after '30' second(s)

2019-06-20 09:59:23 - [MESSAGE][WARNING] - Timeout '0' is invalid. Using default page load timeout: '30'

2019-06-20 09:59:29 - [MESSAGE][PASSED] - Web element with id: 'Object Repository/ADMIN/Categories/Category/label_edit popup' located by 'By.xpath: //div[(text() = 'Category was successfully saved.' or . = 'Category was successfully saved.')]' is not present after '30' second(s)]]></system-out>
         <system-err><![CDATA[]]></system-err>
      </testcase>
      <testcase name="Test Cases/ADMIN/Content Mgmt/Categories/Category Add-Edit/Add Category" classname="Test Cases/ADMIN/Content Mgmt/Categories/Category Add-Edit/Add Category" status="FAILED">
         <failure type="FAILED" message="Unable to click on object 'Object Repository/ADMIN/Categories/Category List/button_Categories' (Root cause: org.openqa.selenium.ElementNotVisibleException: element not visible
  (Session info: chrome=74.0.3729.169)
  (Driver info: chromedriver=2.35.528161 (5b82f2d2aae0ca24b877009200ced9065a772e73),platform=Windows NT 6.1.7601 SP1 x86_64) (WARNING: The server did not provide any stacktrace information)
Command duration or timeout: 0 milliseconds
Build info: version: '3.7.1', revision: '8a0099a', time: '2017-11-06T21:07:36.161Z'
System info: host: 'ARCADIER-PC', ip: '10.10.31.95', os.name: 'Windows 7', os.arch: 'amd64', os.version: '6.1', java.version: '1.8.0_102'
Driver info: com.kms.katalon.selenium.driver.CChromeDriver
Capabilities {acceptInsecureCerts: false, acceptSslCerts: false, applicationCacheEnabled: false, browserConnectionEnabled: false, browserName: chrome, chrome: {chromedriverVersion: 2.35.528161 (5b82f2d2aae0ca..., userDataDir: C:\Users\Arcadier\AppData\L...}, cssSelectorsEnabled: true, databaseEnabled: false, handlesAlerts: true, hasTouchScreen: false, javascriptEnabled: true, locationContextEnabled: true, mobileEmulationEnabled: false, nativeEvents: true, networkConnectionEnabled: false, pageLoadStrategy: normal, platform: XP, platformName: XP, rotatable: false, setWindowRect: true, takesHeapSnapshot: true, takesScreenshot: true, unexpectedAlertBehaviour: , unhandledPromptBehavior: , version: 74.0.3729.169, webStorageEnabled: true}
Session ID: f019e47fe2549476de78b294d2b410cf)"/>
         <system-out><![CDATA[2019-06-20 09:59:29 - [TEST_CASE][FAILED] - Test Cases/ADMIN/Content Mgmt/Categories/Category Add-Edit/Add Category: Test Cases/ADMIN/Content Mgmt/Categories/Category Add-Edit/Add Category FAILED because (of) Unable to click on object 'Object Repository/ADMIN/Categories/Category List/button_Categories' (Root cause: org.openqa.selenium.ElementNotVisibleException: element not visible
  (Session info: chrome=74.0.3729.169)
  (Driver info: chromedriver=2.35.528161 (5b82f2d2aae0ca24b877009200ced9065a772e73),platform=Windows NT 6.1.7601 SP1 x86_64) (WARNING: The server did not provide any stacktrace information)
Command duration or timeout: 0 milliseconds
Build info: version: '3.7.1', revision: '8a0099a', time: '2017-11-06T21:07:36.161Z'
System info: host: 'ARCADIER-PC', ip: '10.10.31.95', os.name: 'Windows 7', os.arch: 'amd64', os.version: '6.1', java.version: '1.8.0_102'
Driver info: com.kms.katalon.selenium.driver.CChromeDriver
Capabilities {acceptInsecureCerts: false, acceptSslCerts: false, applicationCacheEnabled: false, browserConnectionEnabled: false, browserName: chrome, chrome: {chromedriverVersion: 2.35.528161 (5b82f2d2aae0ca..., userDataDir: C:\Users\Arcadier\AppData\L...}, cssSelectorsEnabled: true, databaseEnabled: false, handlesAlerts: true, hasTouchScreen: false, javascriptEnabled: true, locationContextEnabled: true, mobileEmulationEnabled: false, nativeEvents: true, networkConnectionEnabled: false, pageLoadStrategy: normal, platform: XP, platformName: XP, rotatable: false, setWindowRect: true, takesHeapSnapshot: true, takesScreenshot: true, unexpectedAlertBehaviour: , unhandledPromptBehavior: , version: 74.0.3729.169, webStorageEnabled: true}
Session ID: f019e47fe2549476de78b294d2b410cf)

2019-06-20 09:59:29 - [TEST_STEP][PASSED] - waitForElementVisible: Object 'Object Repository/ADMIN/Categories/Category List/button_Content Mgmt' is visible

2019-06-20 09:59:29 - [MESSAGE][WARNING] - Timeout '0' is invalid. Using default page load timeout: '30'

2019-06-20 09:59:29 - [MESSAGE][PASSED] - Object 'Object Repository/ADMIN/Categories/Category List/button_Content Mgmt' is visible

2019-06-20 09:59:29 - [TEST_STEP][PASSED] - click: Object: 'Object Repository/ADMIN/Categories/Category List/button_Content Mgmt' is clicked on

2019-06-20 09:59:29 - [MESSAGE][PASSED] - Object: 'Object Repository/ADMIN/Categories/Category List/button_Content Mgmt' is clicked on

2019-06-20 09:59:29 - [TEST_STEP][PASSED] - waitForElementVisible: Object 'Object Repository/ADMIN/Categories/Category List/button_Categories' is visible

2019-06-20 09:59:29 - [MESSAGE][WARNING] - Timeout '0' is invalid. Using default page load timeout: '30'

2019-06-20 09:59:29 - [MESSAGE][PASSED] - Object 'Object Repository/ADMIN/Categories/Category List/button_Categories' is visible

2019-06-20 09:59:29 - [TEST_STEP][FAILED] - click: Unable to click on object 'Object Repository/ADMIN/Categories/Category List/button_Categories' (Root cause: org.openqa.selenium.ElementNotVisibleException: element not visible
  (Session info: chrome=74.0.3729.169)
  (Driver info: chromedriver=2.35.528161 (5b82f2d2aae0ca24b877009200ced9065a772e73),platform=Windows NT 6.1.7601 SP1 x86_64) (WARNING: The server did not provide any stacktrace information)
Command duration or timeout: 0 milliseconds
Build info: version: '3.7.1', revision: '8a0099a', time: '2017-11-06T21:07:36.161Z'
System info: host: 'ARCADIER-PC', ip: '10.10.31.95', os.name: 'Windows 7', os.arch: 'amd64', os.version: '6.1', java.version: '1.8.0_102'
Driver info: com.kms.katalon.selenium.driver.CChromeDriver
Capabilities {acceptInsecureCerts: false, acceptSslCerts: false, applicationCacheEnabled: false, browserConnectionEnabled: false, browserName: chrome, chrome: {chromedriverVersion: 2.35.528161 (5b82f2d2aae0ca..., userDataDir: C:\Users\Arcadier\AppData\L...}, cssSelectorsEnabled: true, databaseEnabled: false, handlesAlerts: true, hasTouchScreen: false, javascriptEnabled: true, locationContextEnabled: true, mobileEmulationEnabled: false, nativeEvents: true, networkConnectionEnabled: false, pageLoadStrategy: normal, platform: XP, platformName: XP, rotatable: false, setWindowRect: true, takesHeapSnapshot: true, takesScreenshot: true, unexpectedAlertBehaviour: , unhandledPromptBehavior: , version: 74.0.3729.169, webStorageEnabled: true}
Session ID: f019e47fe2549476de78b294d2b410cf)

2019-06-20 09:59:30 - [MESSAGE][FAILED] - Unable to click on object 'Object Repository/ADMIN/Categories/Category List/button_Categories' (Root cause: org.openqa.selenium.ElementNotVisibleException: element not visible
  (Session info: chrome=74.0.3729.169)
  (Driver info: chromedriver=2.35.528161 (5b82f2d2aae0ca24b877009200ced9065a772e73),platform=Windows NT 6.1.7601 SP1 x86_64) (WARNING: The server did not provide any stacktrace information)
Command duration or timeout: 0 milliseconds
Build info: version: '3.7.1', revision: '8a0099a', time: '2017-11-06T21:07:36.161Z'
System info: host: 'ARCADIER-PC', ip: '10.10.31.95', os.name: 'Windows 7', os.arch: 'amd64', os.version: '6.1', java.version: '1.8.0_102'
Driver info: com.kms.katalon.selenium.driver.CChromeDriver
Capabilities {acceptInsecureCerts: false, acceptSslCerts: false, applicationCacheEnabled: false, browserConnectionEnabled: false, browserName: chrome, chrome: {chromedriverVersion: 2.35.528161 (5b82f2d2aae0ca..., userDataDir: C:\Users\Arcadier\AppData\L...}, cssSelectorsEnabled: true, databaseEnabled: false, handlesAlerts: true, hasTouchScreen: false, javascriptEnabled: true, locationContextEnabled: true, mobileEmulationEnabled: false, nativeEvents: true, networkConnectionEnabled: false, pageLoadStrategy: normal, platform: XP, platformName: XP, rotatable: false, setWindowRect: true, takesHeapSnapshot: true, takesScreenshot: true, unexpectedAlertBehaviour: , unhandledPromptBehavior: , version: 74.0.3729.169, webStorageEnabled: true}
Session ID: f019e47fe2549476de78b294d2b410cf)
[[ATTACHMENT|C:\\Users\\Arcadier\\git\\Trillia\\Reports\\Admin\\Add Category\\20190620_094224\\1560995969644.png]]

2019-06-20 09:59:30 - [TEST_STEP][PASSED] - click: Object: 'Object Repository/ADMIN/Categories/Category List/button_Add a Category' is clicked on

2019-06-20 09:59:30 - [MESSAGE][PASSED] - Object: 'Object Repository/ADMIN/Categories/Category List/button_Add a Category' is clicked on

2019-06-20 09:59:30 - [TEST_STEP][PASSED] - waitForElementPresent: Object 'Object Repository/ADMIN/Categories/Category/dropdown_Parent' is present

2019-06-20 09:59:30 - [MESSAGE][PASSED] - Object 'Object Repository/ADMIN/Categories/Category/dropdown_Parent' is present

2019-06-20 09:59:30 - [TEST_STEP][PASSED] - delay: Delayed 1 second(s)

2019-06-20 09:59:31 - [MESSAGE][PASSED] - Delayed 1 second(s)

2019-06-20 09:59:31 - [TEST_STEP][PASSED] - setText: Text 'Category 5.1' is set on object 'Object Repository/ADMIN/Categories/Category/textfield_Category Name'

2019-06-20 09:59:31 - [MESSAGE][PASSED] - Text 'Category 5.1' is set on object 'Object Repository/ADMIN/Categories/Category/textfield_Category Name'

2019-06-20 09:59:31 - [TEST_STEP][PASSED] - click: Object: 'Object Repository/ADMIN/Categories/Category/dropdown_Parent' is clicked on

2019-06-20 09:59:31 - [MESSAGE][PASSED] - Object: 'Object Repository/ADMIN/Categories/Category/dropdown_Parent' is clicked on

2019-06-20 09:59:31 - [TEST_STEP][PASSED] - delay: Delayed 2 second(s)

2019-06-20 09:59:33 - [MESSAGE][PASSED] - Delayed 2 second(s)

2019-06-20 09:59:33 - [TEST_STEP][PASSED] - click: Object: 'Object Repository/ADMIN/Categories/Category/dropdown_Parent' is clicked on

2019-06-20 09:59:33 - [MESSAGE][PASSED] - Object: 'Object Repository/ADMIN/Categories/Category/dropdown_Parent' is clicked on

2019-06-20 09:59:33 - [TEST_STEP][PASSED] - selectOptionByLabel: All options with label 'Category 5' are selected in object 'Object Repository/ADMIN/Categories/Category/dropdown_Parent' 

2019-06-20 09:59:33 - [MESSAGE][PASSED] - All options with label 'Category 5' are selected in object 'Object Repository/ADMIN/Categories/Category/dropdown_Parent' 

2019-06-20 09:59:33 - [TEST_STEP][PASSED] - click: Object: 'Object Repository/ADMIN/Categories/Category/button_Browse' is clicked on

2019-06-20 09:59:33 - [MESSAGE][PASSED] - Object: 'Object Repository/ADMIN/Categories/Category/button_Browse' is clicked on

2019-06-20 09:59:33 - [TEST_STEP][PASSED] - delay: Delayed 2 second(s)

2019-06-20 09:59:35 - [MESSAGE][PASSED] - Delayed 2 second(s)

2019-06-20 09:59:35 - [TEST_STEP][PASSED] - uploadFile: File 'C:\\Katalon\\Image\\pic12.jpg' sent to object: 'Object Repository/ADMIN/Categories/Category/image_input image'

2019-06-20 09:59:35 - [MESSAGE][PASSED] - File 'C:\\Katalon\\Image\\pic12.jpg' sent to object: 'Object Repository/ADMIN/Categories/Category/image_input image'

2019-06-20 09:59:35 - [TEST_STEP][PASSED] - waitForElementVisible: Object 'Object Repository/ADMIN/Categories/Category/button_upload check' is visible

2019-06-20 09:59:35 - [MESSAGE][WARNING] - Timeout '0' is invalid. Using default page load timeout: '30'

2019-06-20 09:59:35 - [MESSAGE][PASSED] - Object 'Object Repository/ADMIN/Categories/Category/button_upload check' is visible

2019-06-20 09:59:35 - [TEST_STEP][PASSED] - click: Object: 'Object Repository/ADMIN/Categories/Category/button_upload check' is clicked on

2019-06-20 09:59:35 - [MESSAGE][PASSED] - Object: 'Object Repository/ADMIN/Categories/Category/button_upload check' is clicked on

2019-06-20 09:59:35 - [TEST_STEP][PASSED] - waitForElementVisible: Object 'Object Repository/ADMIN/Categories/Category/button_upload save' is visible

2019-06-20 09:59:35 - [MESSAGE][WARNING] - Timeout '0' is invalid. Using default page load timeout: '30'

2019-06-20 09:59:36 - [MESSAGE][PASSED] - Object 'Object Repository/ADMIN/Categories/Category/button_upload save' is visible

2019-06-20 09:59:36 - [TEST_STEP][PASSED] - click: Object: 'Object Repository/ADMIN/Categories/Category/button_upload save' is clicked on

2019-06-20 09:59:36 - [MESSAGE][PASSED] - Object: 'Object Repository/ADMIN/Categories/Category/button_upload save' is clicked on

2019-06-20 09:59:36 - [TEST_STEP][PASSED] - setText: Text 'Description73' is set on object 'Object Repository/ADMIN/Categories/Category/textfield_category_description'

2019-06-20 09:59:36 - [MESSAGE][PASSED] - Text 'Description73' is set on object 'Object Repository/ADMIN/Categories/Category/textfield_category_description'

2019-06-20 09:59:36 - [TEST_STEP][PASSED] - click: Object: 'Object Repository/ADMIN/Categories/Category/button_Save' is clicked on

2019-06-20 09:59:36 - [MESSAGE][PASSED] - Object: 'Object Repository/ADMIN/Categories/Category/button_Save' is clicked on

2019-06-20 09:59:36 - [TEST_STEP][PASSED] - waitForElementVisible: Object 'Object Repository/ADMIN/Categories/Category/label_edit popup' is visible

2019-06-20 09:59:36 - [MESSAGE][WARNING] - Timeout '0' is invalid. Using default page load timeout: '30'

2019-06-20 09:59:37 - [MESSAGE][PASSED] - Object 'Object Repository/ADMIN/Categories/Category/label_edit popup' is visible

2019-06-20 09:59:37 - [TEST_STEP][PASSED] - waitForElementNotPresent: Web element with id: 'Object Repository/ADMIN/Categories/Category/label_edit popup' located by 'By.xpath: //div[(text() = 'Category was successfully saved.' or . = 'Category was successfully saved.')]' is not present after '30' second(s)

2019-06-20 09:59:37 - [MESSAGE][WARNING] - Timeout '0' is invalid. Using default page load timeout: '30'

2019-06-20 09:59:43 - [MESSAGE][PASSED] - Web element with id: 'Object Repository/ADMIN/Categories/Category/label_edit popup' located by 'By.xpath: //div[(text() = 'Category was successfully saved.' or . = 'Category was successfully saved.')]' is not present after '30' second(s)]]></system-out>
         <system-err><![CDATA[2019-06-20 09:59:29 - [TEST_CASE][FAILED] - Test Cases/ADMIN/Content Mgmt/Categories/Category Add-Edit/Add Category: Test Cases/ADMIN/Content Mgmt/Categories/Category Add-Edit/Add Category FAILED because (of) Unable to click on object 'Object Repository/ADMIN/Categories/Category List/button_Categories' (Root cause: org.openqa.selenium.ElementNotVisibleException: element not visible
  (Session info: chrome=74.0.3729.169)
  (Driver info: chromedriver=2.35.528161 (5b82f2d2aae0ca24b877009200ced9065a772e73),platform=Windows NT 6.1.7601 SP1 x86_64) (WARNING: The server did not provide any stacktrace information)
Command duration or timeout: 0 milliseconds
Build info: version: '3.7.1', revision: '8a0099a', time: '2017-11-06T21:07:36.161Z'
System info: host: 'ARCADIER-PC', ip: '10.10.31.95', os.name: 'Windows 7', os.arch: 'amd64', os.version: '6.1', java.version: '1.8.0_102'
Driver info: com.kms.katalon.selenium.driver.CChromeDriver
Capabilities {acceptInsecureCerts: false, acceptSslCerts: false, applicationCacheEnabled: false, browserConnectionEnabled: false, browserName: chrome, chrome: {chromedriverVersion: 2.35.528161 (5b82f2d2aae0ca..., userDataDir: C:\Users\Arcadier\AppData\L...}, cssSelectorsEnabled: true, databaseEnabled: false, handlesAlerts: true, hasTouchScreen: false, javascriptEnabled: true, locationContextEnabled: true, mobileEmulationEnabled: false, nativeEvents: true, networkConnectionEnabled: false, pageLoadStrategy: normal, platform: XP, platformName: XP, rotatable: false, setWindowRect: true, takesHeapSnapshot: true, takesScreenshot: true, unexpectedAlertBehaviour: , unhandledPromptBehavior: , version: 74.0.3729.169, webStorageEnabled: true}
Session ID: f019e47fe2549476de78b294d2b410cf)]]></system-err>
      </testcase>
      <testcase name="Test Cases/ADMIN/Content Mgmt/Categories/Category Add-Edit/Add Category" classname="Test Cases/ADMIN/Content Mgmt/Categories/Category Add-Edit/Add Category" status="PASSED">
         <system-out><![CDATA[2019-06-20 09:59:43 - [TEST_CASE][PASSED] - Test Cases/ADMIN/Content Mgmt/Categories/Category Add-Edit/Add Category: Test Cases/ADMIN/Content Mgmt/Categories/Category Add-Edit/Add Category

2019-06-20 09:59:43 - [TEST_STEP][PASSED] - waitForElementVisible: Object 'Object Repository/ADMIN/Categories/Category List/button_Content Mgmt' is visible

2019-06-20 09:59:43 - [MESSAGE][WARNING] - Timeout '0' is invalid. Using default page load timeout: '30'

2019-06-20 09:59:43 - [MESSAGE][PASSED] - Object 'Object Repository/ADMIN/Categories/Category List/button_Content Mgmt' is visible

2019-06-20 09:59:43 - [TEST_STEP][PASSED] - click: Object: 'Object Repository/ADMIN/Categories/Category List/button_Content Mgmt' is clicked on

2019-06-20 09:59:43 - [MESSAGE][PASSED] - Object: 'Object Repository/ADMIN/Categories/Category List/button_Content Mgmt' is clicked on

2019-06-20 09:59:43 - [TEST_STEP][PASSED] - waitForElementVisible: Object 'Object Repository/ADMIN/Categories/Category List/button_Categories' is visible

2019-06-20 09:59:43 - [MESSAGE][WARNING] - Timeout '0' is invalid. Using default page load timeout: '30'

2019-06-20 09:59:43 - [MESSAGE][PASSED] - Object 'Object Repository/ADMIN/Categories/Category List/button_Categories' is visible

2019-06-20 09:59:43 - [TEST_STEP][PASSED] - click: Object: 'Object Repository/ADMIN/Categories/Category List/button_Categories' is clicked on

2019-06-20 09:59:44 - [MESSAGE][PASSED] - Object: 'Object Repository/ADMIN/Categories/Category List/button_Categories' is clicked on

2019-06-20 09:59:44 - [TEST_STEP][PASSED] - click: Object: 'Object Repository/ADMIN/Categories/Category List/button_Add a Category' is clicked on

2019-06-20 09:59:44 - [MESSAGE][PASSED] - Object: 'Object Repository/ADMIN/Categories/Category List/button_Add a Category' is clicked on

2019-06-20 09:59:44 - [TEST_STEP][PASSED] - waitForElementPresent: Object 'Object Repository/ADMIN/Categories/Category/dropdown_Parent' is present

2019-06-20 09:59:44 - [MESSAGE][PASSED] - Object 'Object Repository/ADMIN/Categories/Category/dropdown_Parent' is present

2019-06-20 09:59:44 - [TEST_STEP][PASSED] - delay: Delayed 1 second(s)

2019-06-20 09:59:45 - [MESSAGE][PASSED] - Delayed 1 second(s)

2019-06-20 09:59:45 - [TEST_STEP][PASSED] - setText: Text 'Category 5.2' is set on object 'Object Repository/ADMIN/Categories/Category/textfield_Category Name'

2019-06-20 09:59:45 - [MESSAGE][PASSED] - Text 'Category 5.2' is set on object 'Object Repository/ADMIN/Categories/Category/textfield_Category Name'

2019-06-20 09:59:45 - [TEST_STEP][PASSED] - click: Object: 'Object Repository/ADMIN/Categories/Category/dropdown_Parent' is clicked on

2019-06-20 09:59:45 - [MESSAGE][PASSED] - Object: 'Object Repository/ADMIN/Categories/Category/dropdown_Parent' is clicked on

2019-06-20 09:59:45 - [TEST_STEP][PASSED] - delay: Delayed 2 second(s)

2019-06-20 09:59:47 - [MESSAGE][PASSED] - Delayed 2 second(s)

2019-06-20 09:59:47 - [TEST_STEP][PASSED] - click: Object: 'Object Repository/ADMIN/Categories/Category/dropdown_Parent' is clicked on

2019-06-20 09:59:48 - [MESSAGE][PASSED] - Object: 'Object Repository/ADMIN/Categories/Category/dropdown_Parent' is clicked on

2019-06-20 09:59:48 - [TEST_STEP][PASSED] - selectOptionByLabel: All options with label 'Category 5' are selected in object 'Object Repository/ADMIN/Categories/Category/dropdown_Parent' 

2019-06-20 09:59:48 - [MESSAGE][PASSED] - All options with label 'Category 5' are selected in object 'Object Repository/ADMIN/Categories/Category/dropdown_Parent' 

2019-06-20 09:59:48 - [TEST_STEP][PASSED] - click: Object: 'Object Repository/ADMIN/Categories/Category/button_Browse' is clicked on

2019-06-20 09:59:48 - [MESSAGE][PASSED] - Object: 'Object Repository/ADMIN/Categories/Category/button_Browse' is clicked on

2019-06-20 09:59:48 - [TEST_STEP][PASSED] - delay: Delayed 2 second(s)

2019-06-20 09:59:50 - [MESSAGE][PASSED] - Delayed 2 second(s)

2019-06-20 09:59:50 - [TEST_STEP][PASSED] - uploadFile: File 'C:\\Katalon\\Image\\pic1.jpg' sent to object: 'Object Repository/ADMIN/Categories/Category/image_input image'

2019-06-20 09:59:50 - [MESSAGE][PASSED] - File 'C:\\Katalon\\Image\\pic1.jpg' sent to object: 'Object Repository/ADMIN/Categories/Category/image_input image'

2019-06-20 09:59:50 - [TEST_STEP][PASSED] - waitForElementVisible: Object 'Object Repository/ADMIN/Categories/Category/button_upload check' is visible

2019-06-20 09:59:50 - [MESSAGE][WARNING] - Timeout '0' is invalid. Using default page load timeout: '30'

2019-06-20 09:59:50 - [MESSAGE][PASSED] - Object 'Object Repository/ADMIN/Categories/Category/button_upload check' is visible

2019-06-20 09:59:50 - [TEST_STEP][PASSED] - click: Object: 'Object Repository/ADMIN/Categories/Category/button_upload check' is clicked on

2019-06-20 09:59:50 - [MESSAGE][PASSED] - Object: 'Object Repository/ADMIN/Categories/Category/button_upload check' is clicked on

2019-06-20 09:59:50 - [TEST_STEP][PASSED] - waitForElementVisible: Object 'Object Repository/ADMIN/Categories/Category/button_upload save' is visible

2019-06-20 09:59:50 - [MESSAGE][WARNING] - Timeout '0' is invalid. Using default page load timeout: '30'

2019-06-20 09:59:50 - [MESSAGE][PASSED] - Object 'Object Repository/ADMIN/Categories/Category/button_upload save' is visible

2019-06-20 09:59:50 - [TEST_STEP][PASSED] - click: Object: 'Object Repository/ADMIN/Categories/Category/button_upload save' is clicked on

2019-06-20 09:59:50 - [MESSAGE][PASSED] - Object: 'Object Repository/ADMIN/Categories/Category/button_upload save' is clicked on

2019-06-20 09:59:50 - [TEST_STEP][PASSED] - setText: Text 'Description74' is set on object 'Object Repository/ADMIN/Categories/Category/textfield_category_description'

2019-06-20 09:59:50 - [MESSAGE][PASSED] - Text 'Description74' is set on object 'Object Repository/ADMIN/Categories/Category/textfield_category_description'

2019-06-20 09:59:50 - [TEST_STEP][PASSED] - click: Object: 'Object Repository/ADMIN/Categories/Category/button_Save' is clicked on

2019-06-20 09:59:50 - [MESSAGE][PASSED] - Object: 'Object Repository/ADMIN/Categories/Category/button_Save' is clicked on

2019-06-20 09:59:50 - [TEST_STEP][PASSED] - waitForElementVisible: Object 'Object Repository/ADMIN/Categories/Category/label_edit popup' is visible

2019-06-20 09:59:50 - [MESSAGE][WARNING] - Timeout '0' is invalid. Using default page load timeout: '30'

2019-06-20 09:59:51 - [MESSAGE][PASSED] - Object 'Object Repository/ADMIN/Categories/Category/label_edit popup' is visible

2019-06-20 09:59:51 - [TEST_STEP][PASSED] - waitForElementNotPresent: Web element with id: 'Object Repository/ADMIN/Categories/Category/label_edit popup' located by 'By.xpath: //div[(text() = 'Category was successfully saved.' or . = 'Category was successfully saved.')]' is not present after '30' second(s)

2019-06-20 09:59:51 - [MESSAGE][WARNING] - Timeout '0' is invalid. Using default page load timeout: '30'

2019-06-20 09:59:57 - [MESSAGE][PASSED] - Web element with id: 'Object Repository/ADMIN/Categories/Category/label_edit popup' located by 'By.xpath: //div[(text() = 'Category was successfully saved.' or . = 'Category was successfully saved.')]' is not present after '30' second(s)]]></system-out>
         <system-err><![CDATA[]]></system-err>
      </testcase>
      <testcase name="Test Cases/ADMIN/Content Mgmt/Categories/Category Add-Edit/Add Category" classname="Test Cases/ADMIN/Content Mgmt/Categories/Category Add-Edit/Add Category" status="PASSED">
         <system-out><![CDATA[2019-06-20 09:59:57 - [TEST_CASE][PASSED] - Test Cases/ADMIN/Content Mgmt/Categories/Category Add-Edit/Add Category: Test Cases/ADMIN/Content Mgmt/Categories/Category Add-Edit/Add Category

2019-06-20 09:59:57 - [TEST_STEP][PASSED] - waitForElementVisible: Object 'Object Repository/ADMIN/Categories/Category List/button_Content Mgmt' is visible

2019-06-20 09:59:57 - [MESSAGE][WARNING] - Timeout '0' is invalid. Using default page load timeout: '30'

2019-06-20 09:59:57 - [MESSAGE][PASSED] - Object 'Object Repository/ADMIN/Categories/Category List/button_Content Mgmt' is visible

2019-06-20 09:59:57 - [TEST_STEP][PASSED] - click: Object: 'Object Repository/ADMIN/Categories/Category List/button_Content Mgmt' is clicked on

2019-06-20 09:59:57 - [MESSAGE][PASSED] - Object: 'Object Repository/ADMIN/Categories/Category List/button_Content Mgmt' is clicked on

2019-06-20 09:59:57 - [TEST_STEP][PASSED] - waitForElementVisible: Object 'Object Repository/ADMIN/Categories/Category List/button_Categories' is visible

2019-06-20 09:59:57 - [MESSAGE][WARNING] - Timeout '0' is invalid. Using default page load timeout: '30'

2019-06-20 09:59:57 - [MESSAGE][PASSED] - Object 'Object Repository/ADMIN/Categories/Category List/button_Categories' is visible

2019-06-20 09:59:57 - [TEST_STEP][PASSED] - click: Object: 'Object Repository/ADMIN/Categories/Category List/button_Categories' is clicked on

2019-06-20 09:59:58 - [MESSAGE][PASSED] - Object: 'Object Repository/ADMIN/Categories/Category List/button_Categories' is clicked on

2019-06-20 09:59:58 - [TEST_STEP][PASSED] - click: Object: 'Object Repository/ADMIN/Categories/Category List/button_Add a Category' is clicked on

2019-06-20 09:59:58 - [MESSAGE][PASSED] - Object: 'Object Repository/ADMIN/Categories/Category List/button_Add a Category' is clicked on

2019-06-20 09:59:58 - [TEST_STEP][PASSED] - waitForElementPresent: Object 'Object Repository/ADMIN/Categories/Category/dropdown_Parent' is present

2019-06-20 09:59:58 - [MESSAGE][PASSED] - Object 'Object Repository/ADMIN/Categories/Category/dropdown_Parent' is present

2019-06-20 09:59:58 - [TEST_STEP][PASSED] - delay: Delayed 1 second(s)

2019-06-20 09:59:59 - [MESSAGE][PASSED] - Delayed 1 second(s)

2019-06-20 09:59:59 - [TEST_STEP][PASSED] - setText: Text 'Category 5.2.1' is set on object 'Object Repository/ADMIN/Categories/Category/textfield_Category Name'

2019-06-20 09:59:59 - [MESSAGE][PASSED] - Text 'Category 5.2.1' is set on object 'Object Repository/ADMIN/Categories/Category/textfield_Category Name'

2019-06-20 09:59:59 - [TEST_STEP][PASSED] - click: Object: 'Object Repository/ADMIN/Categories/Category/dropdown_Parent' is clicked on

2019-06-20 09:59:59 - [MESSAGE][PASSED] - Object: 'Object Repository/ADMIN/Categories/Category/dropdown_Parent' is clicked on

2019-06-20 09:59:59 - [TEST_STEP][PASSED] - delay: Delayed 2 second(s)

2019-06-20 10:00:01 - [MESSAGE][PASSED] - Delayed 2 second(s)

2019-06-20 10:00:01 - [TEST_STEP][PASSED] - click: Object: 'Object Repository/ADMIN/Categories/Category/dropdown_Parent' is clicked on

2019-06-20 10:00:02 - [MESSAGE][PASSED] - Object: 'Object Repository/ADMIN/Categories/Category/dropdown_Parent' is clicked on

2019-06-20 10:00:02 - [TEST_STEP][PASSED] - selectOptionByLabel: All options with label 'Category 5.2' are selected in object 'Object Repository/ADMIN/Categories/Category/dropdown_Parent' 

2019-06-20 10:00:02 - [MESSAGE][PASSED] - All options with label 'Category 5.2' are selected in object 'Object Repository/ADMIN/Categories/Category/dropdown_Parent' 

2019-06-20 10:00:02 - [TEST_STEP][PASSED] - click: Object: 'Object Repository/ADMIN/Categories/Category/button_Browse' is clicked on

2019-06-20 10:00:02 - [MESSAGE][PASSED] - Object: 'Object Repository/ADMIN/Categories/Category/button_Browse' is clicked on

2019-06-20 10:00:02 - [TEST_STEP][PASSED] - delay: Delayed 2 second(s)

2019-06-20 10:00:04 - [MESSAGE][PASSED] - Delayed 2 second(s)

2019-06-20 10:00:04 - [TEST_STEP][PASSED] - uploadFile: File 'C:\\Katalon\\Image\\pic2.jpg' sent to object: 'Object Repository/ADMIN/Categories/Category/image_input image'

2019-06-20 10:00:04 - [MESSAGE][PASSED] - File 'C:\\Katalon\\Image\\pic2.jpg' sent to object: 'Object Repository/ADMIN/Categories/Category/image_input image'

2019-06-20 10:00:04 - [TEST_STEP][PASSED] - waitForElementVisible: Object 'Object Repository/ADMIN/Categories/Category/button_upload check' is visible

2019-06-20 10:00:04 - [MESSAGE][WARNING] - Timeout '0' is invalid. Using default page load timeout: '30'

2019-06-20 10:00:04 - [MESSAGE][PASSED] - Object 'Object Repository/ADMIN/Categories/Category/button_upload check' is visible

2019-06-20 10:00:04 - [TEST_STEP][PASSED] - click: Object: 'Object Repository/ADMIN/Categories/Category/button_upload check' is clicked on

2019-06-20 10:00:04 - [MESSAGE][PASSED] - Object: 'Object Repository/ADMIN/Categories/Category/button_upload check' is clicked on

2019-06-20 10:00:04 - [TEST_STEP][PASSED] - waitForElementVisible: Object 'Object Repository/ADMIN/Categories/Category/button_upload save' is visible

2019-06-20 10:00:04 - [MESSAGE][WARNING] - Timeout '0' is invalid. Using default page load timeout: '30'

2019-06-20 10:00:04 - [MESSAGE][PASSED] - Object 'Object Repository/ADMIN/Categories/Category/button_upload save' is visible

2019-06-20 10:00:04 - [TEST_STEP][PASSED] - click: Object: 'Object Repository/ADMIN/Categories/Category/button_upload save' is clicked on

2019-06-20 10:00:04 - [MESSAGE][PASSED] - Object: 'Object Repository/ADMIN/Categories/Category/button_upload save' is clicked on

2019-06-20 10:00:04 - [TEST_STEP][PASSED] - setText: Text 'Description75' is set on object 'Object Repository/ADMIN/Categories/Category/textfield_category_description'

2019-06-20 10:00:04 - [MESSAGE][PASSED] - Text 'Description75' is set on object 'Object Repository/ADMIN/Categories/Category/textfield_category_description'

2019-06-20 10:00:04 - [TEST_STEP][PASSED] - click: Object: 'Object Repository/ADMIN/Categories/Category/button_Save' is clicked on

2019-06-20 10:00:04 - [MESSAGE][PASSED] - Object: 'Object Repository/ADMIN/Categories/Category/button_Save' is clicked on

2019-06-20 10:00:04 - [TEST_STEP][PASSED] - waitForElementVisible: Object 'Object Repository/ADMIN/Categories/Category/label_edit popup' is visible

2019-06-20 10:00:04 - [MESSAGE][WARNING] - Timeout '0' is invalid. Using default page load timeout: '30'

2019-06-20 10:00:05 - [MESSAGE][PASSED] - Object 'Object Repository/ADMIN/Categories/Category/label_edit popup' is visible

2019-06-20 10:00:05 - [TEST_STEP][PASSED] - waitForElementNotPresent: Web element with id: 'Object Repository/ADMIN/Categories/Category/label_edit popup' located by 'By.xpath: //div[(text() = 'Category was successfully saved.' or . = 'Category was successfully saved.')]' is not present after '30' second(s)

2019-06-20 10:00:05 - [MESSAGE][WARNING] - Timeout '0' is invalid. Using default page load timeout: '30'

2019-06-20 10:00:11 - [MESSAGE][PASSED] - Web element with id: 'Object Repository/ADMIN/Categories/Category/label_edit popup' located by 'By.xpath: //div[(text() = 'Category was successfully saved.' or . = 'Category was successfully saved.')]' is not present after '30' second(s)]]></system-out>
         <system-err><![CDATA[]]></system-err>
      </testcase>
      <testcase name="Test Cases/ADMIN/Content Mgmt/Categories/Category Add-Edit/Add Category" classname="Test Cases/ADMIN/Content Mgmt/Categories/Category Add-Edit/Add Category" status="PASSED">
         <system-out><![CDATA[2019-06-20 10:00:11 - [TEST_CASE][PASSED] - Test Cases/ADMIN/Content Mgmt/Categories/Category Add-Edit/Add Category: Test Cases/ADMIN/Content Mgmt/Categories/Category Add-Edit/Add Category

2019-06-20 10:00:11 - [TEST_STEP][PASSED] - waitForElementVisible: Object 'Object Repository/ADMIN/Categories/Category List/button_Content Mgmt' is visible

2019-06-20 10:00:11 - [MESSAGE][WARNING] - Timeout '0' is invalid. Using default page load timeout: '30'

2019-06-20 10:00:11 - [MESSAGE][PASSED] - Object 'Object Repository/ADMIN/Categories/Category List/button_Content Mgmt' is visible

2019-06-20 10:00:11 - [TEST_STEP][PASSED] - click: Object: 'Object Repository/ADMIN/Categories/Category List/button_Content Mgmt' is clicked on

2019-06-20 10:00:11 - [MESSAGE][PASSED] - Object: 'Object Repository/ADMIN/Categories/Category List/button_Content Mgmt' is clicked on

2019-06-20 10:00:11 - [TEST_STEP][PASSED] - waitForElementVisible: Object 'Object Repository/ADMIN/Categories/Category List/button_Categories' is visible

2019-06-20 10:00:11 - [MESSAGE][WARNING] - Timeout '0' is invalid. Using default page load timeout: '30'

2019-06-20 10:00:11 - [MESSAGE][PASSED] - Object 'Object Repository/ADMIN/Categories/Category List/button_Categories' is visible

2019-06-20 10:00:11 - [TEST_STEP][PASSED] - click: Object: 'Object Repository/ADMIN/Categories/Category List/button_Categories' is clicked on

2019-06-20 10:00:12 - [MESSAGE][PASSED] - Object: 'Object Repository/ADMIN/Categories/Category List/button_Categories' is clicked on

2019-06-20 10:00:12 - [TEST_STEP][PASSED] - click: Object: 'Object Repository/ADMIN/Categories/Category List/button_Add a Category' is clicked on

2019-06-20 10:00:13 - [MESSAGE][PASSED] - Object: 'Object Repository/ADMIN/Categories/Category List/button_Add a Category' is clicked on

2019-06-20 10:00:13 - [TEST_STEP][PASSED] - waitForElementPresent: Object 'Object Repository/ADMIN/Categories/Category/dropdown_Parent' is present

2019-06-20 10:00:13 - [MESSAGE][PASSED] - Object 'Object Repository/ADMIN/Categories/Category/dropdown_Parent' is present

2019-06-20 10:00:13 - [TEST_STEP][PASSED] - delay: Delayed 1 second(s)

2019-06-20 10:00:14 - [MESSAGE][PASSED] - Delayed 1 second(s)

2019-06-20 10:00:14 - [TEST_STEP][PASSED] - setText: Text 'Category 5.2.2' is set on object 'Object Repository/ADMIN/Categories/Category/textfield_Category Name'

2019-06-20 10:00:14 - [MESSAGE][PASSED] - Text 'Category 5.2.2' is set on object 'Object Repository/ADMIN/Categories/Category/textfield_Category Name'

2019-06-20 10:00:14 - [TEST_STEP][PASSED] - click: Object: 'Object Repository/ADMIN/Categories/Category/dropdown_Parent' is clicked on

2019-06-20 10:00:14 - [MESSAGE][PASSED] - Object: 'Object Repository/ADMIN/Categories/Category/dropdown_Parent' is clicked on

2019-06-20 10:00:14 - [TEST_STEP][PASSED] - delay: Delayed 2 second(s)

2019-06-20 10:00:16 - [MESSAGE][PASSED] - Delayed 2 second(s)

2019-06-20 10:00:16 - [TEST_STEP][PASSED] - click: Object: 'Object Repository/ADMIN/Categories/Category/dropdown_Parent' is clicked on

2019-06-20 10:00:16 - [MESSAGE][PASSED] - Object: 'Object Repository/ADMIN/Categories/Category/dropdown_Parent' is clicked on

2019-06-20 10:00:16 - [TEST_STEP][PASSED] - selectOptionByLabel: All options with label 'Category 5.2' are selected in object 'Object Repository/ADMIN/Categories/Category/dropdown_Parent' 

2019-06-20 10:00:16 - [MESSAGE][PASSED] - All options with label 'Category 5.2' are selected in object 'Object Repository/ADMIN/Categories/Category/dropdown_Parent' 

2019-06-20 10:00:16 - [TEST_STEP][PASSED] - click: Object: 'Object Repository/ADMIN/Categories/Category/button_Browse' is clicked on

2019-06-20 10:00:16 - [MESSAGE][PASSED] - Object: 'Object Repository/ADMIN/Categories/Category/button_Browse' is clicked on

2019-06-20 10:00:16 - [TEST_STEP][PASSED] - delay: Delayed 2 second(s)

2019-06-20 10:00:18 - [MESSAGE][PASSED] - Delayed 2 second(s)

2019-06-20 10:00:18 - [TEST_STEP][PASSED] - uploadFile: File 'C:\\Katalon\\Image\\pic3.jpg' sent to object: 'Object Repository/ADMIN/Categories/Category/image_input image'

2019-06-20 10:00:18 - [MESSAGE][PASSED] - File 'C:\\Katalon\\Image\\pic3.jpg' sent to object: 'Object Repository/ADMIN/Categories/Category/image_input image'

2019-06-20 10:00:18 - [TEST_STEP][PASSED] - waitForElementVisible: Object 'Object Repository/ADMIN/Categories/Category/button_upload check' is visible

2019-06-20 10:00:18 - [MESSAGE][WARNING] - Timeout '0' is invalid. Using default page load timeout: '30'

2019-06-20 10:00:18 - [MESSAGE][PASSED] - Object 'Object Repository/ADMIN/Categories/Category/button_upload check' is visible

2019-06-20 10:00:18 - [TEST_STEP][PASSED] - click: Object: 'Object Repository/ADMIN/Categories/Category/button_upload check' is clicked on

2019-06-20 10:00:18 - [MESSAGE][PASSED] - Object: 'Object Repository/ADMIN/Categories/Category/button_upload check' is clicked on

2019-06-20 10:00:18 - [TEST_STEP][PASSED] - waitForElementVisible: Object 'Object Repository/ADMIN/Categories/Category/button_upload save' is visible

2019-06-20 10:00:18 - [MESSAGE][WARNING] - Timeout '0' is invalid. Using default page load timeout: '30'

2019-06-20 10:00:18 - [MESSAGE][PASSED] - Object 'Object Repository/ADMIN/Categories/Category/button_upload save' is visible

2019-06-20 10:00:18 - [TEST_STEP][PASSED] - click: Object: 'Object Repository/ADMIN/Categories/Category/button_upload save' is clicked on

2019-06-20 10:00:18 - [MESSAGE][PASSED] - Object: 'Object Repository/ADMIN/Categories/Category/button_upload save' is clicked on

2019-06-20 10:00:18 - [TEST_STEP][PASSED] - setText: Text 'Description76' is set on object 'Object Repository/ADMIN/Categories/Category/textfield_category_description'

2019-06-20 10:00:19 - [MESSAGE][PASSED] - Text 'Description76' is set on object 'Object Repository/ADMIN/Categories/Category/textfield_category_description'

2019-06-20 10:00:19 - [TEST_STEP][PASSED] - click: Object: 'Object Repository/ADMIN/Categories/Category/button_Save' is clicked on

2019-06-20 10:00:19 - [MESSAGE][PASSED] - Object: 'Object Repository/ADMIN/Categories/Category/button_Save' is clicked on

2019-06-20 10:00:19 - [TEST_STEP][PASSED] - waitForElementVisible: Object 'Object Repository/ADMIN/Categories/Category/label_edit popup' is visible

2019-06-20 10:00:19 - [MESSAGE][WARNING] - Timeout '0' is invalid. Using default page load timeout: '30'

2019-06-20 10:00:20 - [MESSAGE][PASSED] - Object 'Object Repository/ADMIN/Categories/Category/label_edit popup' is visible

2019-06-20 10:00:20 - [TEST_STEP][PASSED] - waitForElementNotPresent: Web element with id: 'Object Repository/ADMIN/Categories/Category/label_edit popup' located by 'By.xpath: //div[(text() = 'Category was successfully saved.' or . = 'Category was successfully saved.')]' is not present after '30' second(s)

2019-06-20 10:00:20 - [MESSAGE][WARNING] - Timeout '0' is invalid. Using default page load timeout: '30'

2019-06-20 10:00:26 - [MESSAGE][PASSED] - Web element with id: 'Object Repository/ADMIN/Categories/Category/label_edit popup' located by 'By.xpath: //div[(text() = 'Category was successfully saved.' or . = 'Category was successfully saved.')]' is not present after '30' second(s)]]></system-out>
         <system-err><![CDATA[]]></system-err>
      </testcase>
      <testcase name="Test Cases/ADMIN/Content Mgmt/Categories/Category Add-Edit/Add Category" classname="Test Cases/ADMIN/Content Mgmt/Categories/Category Add-Edit/Add Category" status="PASSED">
         <system-out><![CDATA[2019-06-20 10:00:26 - [TEST_CASE][PASSED] - Test Cases/ADMIN/Content Mgmt/Categories/Category Add-Edit/Add Category: Test Cases/ADMIN/Content Mgmt/Categories/Category Add-Edit/Add Category

2019-06-20 10:00:26 - [TEST_STEP][PASSED] - waitForElementVisible: Object 'Object Repository/ADMIN/Categories/Category List/button_Content Mgmt' is visible

2019-06-20 10:00:26 - [MESSAGE][WARNING] - Timeout '0' is invalid. Using default page load timeout: '30'

2019-06-20 10:00:26 - [MESSAGE][PASSED] - Object 'Object Repository/ADMIN/Categories/Category List/button_Content Mgmt' is visible

2019-06-20 10:00:26 - [TEST_STEP][PASSED] - click: Object: 'Object Repository/ADMIN/Categories/Category List/button_Content Mgmt' is clicked on

2019-06-20 10:00:26 - [MESSAGE][PASSED] - Object: 'Object Repository/ADMIN/Categories/Category List/button_Content Mgmt' is clicked on

2019-06-20 10:00:26 - [TEST_STEP][PASSED] - waitForElementVisible: Object 'Object Repository/ADMIN/Categories/Category List/button_Categories' is visible

2019-06-20 10:00:26 - [MESSAGE][WARNING] - Timeout '0' is invalid. Using default page load timeout: '30'

2019-06-20 10:00:26 - [MESSAGE][PASSED] - Object 'Object Repository/ADMIN/Categories/Category List/button_Categories' is visible

2019-06-20 10:00:26 - [TEST_STEP][PASSED] - click: Object: 'Object Repository/ADMIN/Categories/Category List/button_Categories' is clicked on

2019-06-20 10:00:26 - [MESSAGE][PASSED] - Object: 'Object Repository/ADMIN/Categories/Category List/button_Categories' is clicked on

2019-06-20 10:00:26 - [TEST_STEP][PASSED] - click: Object: 'Object Repository/ADMIN/Categories/Category List/button_Add a Category' is clicked on

2019-06-20 10:00:26 - [MESSAGE][PASSED] - Object: 'Object Repository/ADMIN/Categories/Category List/button_Add a Category' is clicked on

2019-06-20 10:00:26 - [TEST_STEP][PASSED] - waitForElementPresent: Object 'Object Repository/ADMIN/Categories/Category/dropdown_Parent' is present

2019-06-20 10:00:26 - [MESSAGE][PASSED] - Object 'Object Repository/ADMIN/Categories/Category/dropdown_Parent' is present

2019-06-20 10:00:26 - [TEST_STEP][PASSED] - delay: Delayed 1 second(s)

2019-06-20 10:00:27 - [MESSAGE][PASSED] - Delayed 1 second(s)

2019-06-20 10:00:27 - [TEST_STEP][PASSED] - setText: Text 'Category 5.2.3' is set on object 'Object Repository/ADMIN/Categories/Category/textfield_Category Name'

2019-06-20 10:00:27 - [MESSAGE][PASSED] - Text 'Category 5.2.3' is set on object 'Object Repository/ADMIN/Categories/Category/textfield_Category Name'

2019-06-20 10:00:27 - [TEST_STEP][PASSED] - click: Object: 'Object Repository/ADMIN/Categories/Category/dropdown_Parent' is clicked on

2019-06-20 10:00:27 - [MESSAGE][PASSED] - Object: 'Object Repository/ADMIN/Categories/Category/dropdown_Parent' is clicked on

2019-06-20 10:00:27 - [TEST_STEP][PASSED] - delay: Delayed 2 second(s)

2019-06-20 10:00:29 - [MESSAGE][PASSED] - Delayed 2 second(s)

2019-06-20 10:00:29 - [TEST_STEP][PASSED] - click: Object: 'Object Repository/ADMIN/Categories/Category/dropdown_Parent' is clicked on

2019-06-20 10:00:29 - [MESSAGE][PASSED] - Object: 'Object Repository/ADMIN/Categories/Category/dropdown_Parent' is clicked on

2019-06-20 10:00:29 - [TEST_STEP][PASSED] - selectOptionByLabel: All options with label 'Category 5.2' are selected in object 'Object Repository/ADMIN/Categories/Category/dropdown_Parent' 

2019-06-20 10:00:29 - [MESSAGE][PASSED] - All options with label 'Category 5.2' are selected in object 'Object Repository/ADMIN/Categories/Category/dropdown_Parent' 

2019-06-20 10:00:29 - [TEST_STEP][PASSED] - click: Object: 'Object Repository/ADMIN/Categories/Category/button_Browse' is clicked on

2019-06-20 10:00:29 - [MESSAGE][PASSED] - Object: 'Object Repository/ADMIN/Categories/Category/button_Browse' is clicked on

2019-06-20 10:00:29 - [TEST_STEP][PASSED] - delay: Delayed 2 second(s)

2019-06-20 10:00:31 - [MESSAGE][PASSED] - Delayed 2 second(s)

2019-06-20 10:00:31 - [TEST_STEP][PASSED] - uploadFile: File 'C:\\Katalon\\Image\\pic4.jpg' sent to object: 'Object Repository/ADMIN/Categories/Category/image_input image'

2019-06-20 10:00:32 - [MESSAGE][PASSED] - File 'C:\\Katalon\\Image\\pic4.jpg' sent to object: 'Object Repository/ADMIN/Categories/Category/image_input image'

2019-06-20 10:00:32 - [TEST_STEP][PASSED] - waitForElementVisible: Object 'Object Repository/ADMIN/Categories/Category/button_upload check' is visible

2019-06-20 10:00:32 - [MESSAGE][WARNING] - Timeout '0' is invalid. Using default page load timeout: '30'

2019-06-20 10:00:32 - [MESSAGE][PASSED] - Object 'Object Repository/ADMIN/Categories/Category/button_upload check' is visible

2019-06-20 10:00:32 - [TEST_STEP][PASSED] - click: Object: 'Object Repository/ADMIN/Categories/Category/button_upload check' is clicked on

2019-06-20 10:00:32 - [MESSAGE][PASSED] - Object: 'Object Repository/ADMIN/Categories/Category/button_upload check' is clicked on

2019-06-20 10:00:32 - [TEST_STEP][PASSED] - waitForElementVisible: Object 'Object Repository/ADMIN/Categories/Category/button_upload save' is visible

2019-06-20 10:00:32 - [MESSAGE][WARNING] - Timeout '0' is invalid. Using default page load timeout: '30'

2019-06-20 10:00:32 - [MESSAGE][PASSED] - Object 'Object Repository/ADMIN/Categories/Category/button_upload save' is visible

2019-06-20 10:00:32 - [TEST_STEP][PASSED] - click: Object: 'Object Repository/ADMIN/Categories/Category/button_upload save' is clicked on

2019-06-20 10:00:32 - [MESSAGE][PASSED] - Object: 'Object Repository/ADMIN/Categories/Category/button_upload save' is clicked on

2019-06-20 10:00:32 - [TEST_STEP][PASSED] - setText: Text 'Description77' is set on object 'Object Repository/ADMIN/Categories/Category/textfield_category_description'

2019-06-20 10:00:32 - [MESSAGE][PASSED] - Text 'Description77' is set on object 'Object Repository/ADMIN/Categories/Category/textfield_category_description'

2019-06-20 10:00:32 - [TEST_STEP][PASSED] - click: Object: 'Object Repository/ADMIN/Categories/Category/button_Save' is clicked on

2019-06-20 10:00:32 - [MESSAGE][PASSED] - Object: 'Object Repository/ADMIN/Categories/Category/button_Save' is clicked on

2019-06-20 10:00:32 - [TEST_STEP][PASSED] - waitForElementVisible: Object 'Object Repository/ADMIN/Categories/Category/label_edit popup' is visible

2019-06-20 10:00:32 - [MESSAGE][WARNING] - Timeout '0' is invalid. Using default page load timeout: '30'

2019-06-20 10:00:33 - [MESSAGE][PASSED] - Object 'Object Repository/ADMIN/Categories/Category/label_edit popup' is visible

2019-06-20 10:00:33 - [TEST_STEP][PASSED] - waitForElementNotPresent: Web element with id: 'Object Repository/ADMIN/Categories/Category/label_edit popup' located by 'By.xpath: //div[(text() = 'Category was successfully saved.' or . = 'Category was successfully saved.')]' is not present after '30' second(s)

2019-06-20 10:00:33 - [MESSAGE][WARNING] - Timeout '0' is invalid. Using default page load timeout: '30'

2019-06-20 10:00:39 - [MESSAGE][PASSED] - Web element with id: 'Object Repository/ADMIN/Categories/Category/label_edit popup' located by 'By.xpath: //div[(text() = 'Category was successfully saved.' or . = 'Category was successfully saved.')]' is not present after '30' second(s)]]></system-out>
         <system-err><![CDATA[]]></system-err>
      </testcase>
      <testcase name="Test Cases/ADMIN/Content Mgmt/Categories/Category Add-Edit/Add Category" classname="Test Cases/ADMIN/Content Mgmt/Categories/Category Add-Edit/Add Category" status="PASSED">
         <system-out><![CDATA[2019-06-20 10:00:39 - [TEST_CASE][PASSED] - Test Cases/ADMIN/Content Mgmt/Categories/Category Add-Edit/Add Category: Test Cases/ADMIN/Content Mgmt/Categories/Category Add-Edit/Add Category

2019-06-20 10:00:39 - [TEST_STEP][PASSED] - waitForElementVisible: Object 'Object Repository/ADMIN/Categories/Category List/button_Content Mgmt' is visible

2019-06-20 10:00:39 - [MESSAGE][WARNING] - Timeout '0' is invalid. Using default page load timeout: '30'

2019-06-20 10:00:39 - [MESSAGE][PASSED] - Object 'Object Repository/ADMIN/Categories/Category List/button_Content Mgmt' is visible

2019-06-20 10:00:39 - [TEST_STEP][PASSED] - click: Object: 'Object Repository/ADMIN/Categories/Category List/button_Content Mgmt' is clicked on

2019-06-20 10:00:39 - [MESSAGE][PASSED] - Object: 'Object Repository/ADMIN/Categories/Category List/button_Content Mgmt' is clicked on

2019-06-20 10:00:39 - [TEST_STEP][PASSED] - waitForElementVisible: Object 'Object Repository/ADMIN/Categories/Category List/button_Categories' is visible

2019-06-20 10:00:39 - [MESSAGE][WARNING] - Timeout '0' is invalid. Using default page load timeout: '30'

2019-06-20 10:00:40 - [MESSAGE][PASSED] - Object 'Object Repository/ADMIN/Categories/Category List/button_Categories' is visible

2019-06-20 10:00:40 - [TEST_STEP][PASSED] - click: Object: 'Object Repository/ADMIN/Categories/Category List/button_Categories' is clicked on

2019-06-20 10:00:41 - [MESSAGE][PASSED] - Object: 'Object Repository/ADMIN/Categories/Category List/button_Categories' is clicked on

2019-06-20 10:00:41 - [TEST_STEP][PASSED] - click: Object: 'Object Repository/ADMIN/Categories/Category List/button_Add a Category' is clicked on

2019-06-20 10:00:41 - [MESSAGE][PASSED] - Object: 'Object Repository/ADMIN/Categories/Category List/button_Add a Category' is clicked on

2019-06-20 10:00:41 - [TEST_STEP][PASSED] - waitForElementPresent: Object 'Object Repository/ADMIN/Categories/Category/dropdown_Parent' is present

2019-06-20 10:00:41 - [MESSAGE][PASSED] - Object 'Object Repository/ADMIN/Categories/Category/dropdown_Parent' is present

2019-06-20 10:00:41 - [TEST_STEP][PASSED] - delay: Delayed 1 second(s)

2019-06-20 10:00:42 - [MESSAGE][PASSED] - Delayed 1 second(s)

2019-06-20 10:00:42 - [TEST_STEP][PASSED] - setText: Text 'Category 5.3' is set on object 'Object Repository/ADMIN/Categories/Category/textfield_Category Name'

2019-06-20 10:00:43 - [MESSAGE][PASSED] - Text 'Category 5.3' is set on object 'Object Repository/ADMIN/Categories/Category/textfield_Category Name'

2019-06-20 10:00:43 - [TEST_STEP][PASSED] - click: Object: 'Object Repository/ADMIN/Categories/Category/dropdown_Parent' is clicked on

2019-06-20 10:00:43 - [MESSAGE][PASSED] - Object: 'Object Repository/ADMIN/Categories/Category/dropdown_Parent' is clicked on

2019-06-20 10:00:43 - [TEST_STEP][PASSED] - delay: Delayed 2 second(s)

2019-06-20 10:00:45 - [MESSAGE][PASSED] - Delayed 2 second(s)

2019-06-20 10:00:45 - [TEST_STEP][PASSED] - click: Object: 'Object Repository/ADMIN/Categories/Category/dropdown_Parent' is clicked on

2019-06-20 10:00:45 - [MESSAGE][PASSED] - Object: 'Object Repository/ADMIN/Categories/Category/dropdown_Parent' is clicked on

2019-06-20 10:00:45 - [TEST_STEP][PASSED] - selectOptionByLabel: All options with label 'Category 5' are selected in object 'Object Repository/ADMIN/Categories/Category/dropdown_Parent' 

2019-06-20 10:00:45 - [MESSAGE][PASSED] - All options with label 'Category 5' are selected in object 'Object Repository/ADMIN/Categories/Category/dropdown_Parent' 

2019-06-20 10:00:45 - [TEST_STEP][PASSED] - click: Object: 'Object Repository/ADMIN/Categories/Category/button_Browse' is clicked on

2019-06-20 10:00:45 - [MESSAGE][PASSED] - Object: 'Object Repository/ADMIN/Categories/Category/button_Browse' is clicked on

2019-06-20 10:00:45 - [TEST_STEP][PASSED] - delay: Delayed 2 second(s)

2019-06-20 10:00:47 - [MESSAGE][PASSED] - Delayed 2 second(s)

2019-06-20 10:00:47 - [TEST_STEP][PASSED] - uploadFile: File 'C:\\Katalon\\Image\\pic5.jpg' sent to object: 'Object Repository/ADMIN/Categories/Category/image_input image'

2019-06-20 10:00:47 - [MESSAGE][PASSED] - File 'C:\\Katalon\\Image\\pic5.jpg' sent to object: 'Object Repository/ADMIN/Categories/Category/image_input image'

2019-06-20 10:00:47 - [TEST_STEP][PASSED] - waitForElementVisible: Object 'Object Repository/ADMIN/Categories/Category/button_upload check' is visible

2019-06-20 10:00:47 - [MESSAGE][WARNING] - Timeout '0' is invalid. Using default page load timeout: '30'

2019-06-20 10:00:47 - [MESSAGE][PASSED] - Object 'Object Repository/ADMIN/Categories/Category/button_upload check' is visible

2019-06-20 10:00:47 - [TEST_STEP][PASSED] - click: Object: 'Object Repository/ADMIN/Categories/Category/button_upload check' is clicked on

2019-06-20 10:00:47 - [MESSAGE][PASSED] - Object: 'Object Repository/ADMIN/Categories/Category/button_upload check' is clicked on

2019-06-20 10:00:47 - [TEST_STEP][PASSED] - waitForElementVisible: Object 'Object Repository/ADMIN/Categories/Category/button_upload save' is visible

2019-06-20 10:00:47 - [MESSAGE][WARNING] - Timeout '0' is invalid. Using default page load timeout: '30'

2019-06-20 10:00:47 - [MESSAGE][PASSED] - Object 'Object Repository/ADMIN/Categories/Category/button_upload save' is visible

2019-06-20 10:00:47 - [TEST_STEP][PASSED] - click: Object: 'Object Repository/ADMIN/Categories/Category/button_upload save' is clicked on

2019-06-20 10:00:47 - [MESSAGE][PASSED] - Object: 'Object Repository/ADMIN/Categories/Category/button_upload save' is clicked on

2019-06-20 10:00:47 - [TEST_STEP][PASSED] - setText: Text 'Description78' is set on object 'Object Repository/ADMIN/Categories/Category/textfield_category_description'

2019-06-20 10:00:47 - [MESSAGE][PASSED] - Text 'Description78' is set on object 'Object Repository/ADMIN/Categories/Category/textfield_category_description'

2019-06-20 10:00:47 - [TEST_STEP][PASSED] - click: Object: 'Object Repository/ADMIN/Categories/Category/button_Save' is clicked on

2019-06-20 10:00:48 - [MESSAGE][PASSED] - Object: 'Object Repository/ADMIN/Categories/Category/button_Save' is clicked on

2019-06-20 10:00:48 - [TEST_STEP][PASSED] - waitForElementVisible: Object 'Object Repository/ADMIN/Categories/Category/label_edit popup' is visible

2019-06-20 10:00:48 - [MESSAGE][WARNING] - Timeout '0' is invalid. Using default page load timeout: '30'

2019-06-20 10:00:50 - [MESSAGE][PASSED] - Object 'Object Repository/ADMIN/Categories/Category/label_edit popup' is visible

2019-06-20 10:00:50 - [TEST_STEP][PASSED] - waitForElementNotPresent: Web element with id: 'Object Repository/ADMIN/Categories/Category/label_edit popup' located by 'By.xpath: //div[(text() = 'Category was successfully saved.' or . = 'Category was successfully saved.')]' is not present after '30' second(s)

2019-06-20 10:00:50 - [MESSAGE][WARNING] - Timeout '0' is invalid. Using default page load timeout: '30'

2019-06-20 10:00:54 - [MESSAGE][PASSED] - Web element with id: 'Object Repository/ADMIN/Categories/Category/label_edit popup' located by 'By.xpath: //div[(text() = 'Category was successfully saved.' or . = 'Category was successfully saved.')]' is not present after '30' second(s)]]></system-out>
         <system-err><![CDATA[]]></system-err>
      </testcase>
      <testcase name="Test Cases/ADMIN/Content Mgmt/Categories/Category Add-Edit/Add Category" classname="Test Cases/ADMIN/Content Mgmt/Categories/Category Add-Edit/Add Category" status="FAILED">
         <failure type="FAILED" message="Unable to click on object 'Object Repository/ADMIN/Categories/Category List/button_Categories' (Root cause: org.openqa.selenium.ElementNotVisibleException: element not visible
  (Session info: chrome=74.0.3729.169)
  (Driver info: chromedriver=2.35.528161 (5b82f2d2aae0ca24b877009200ced9065a772e73),platform=Windows NT 6.1.7601 SP1 x86_64) (WARNING: The server did not provide any stacktrace information)
Command duration or timeout: 0 milliseconds
Build info: version: '3.7.1', revision: '8a0099a', time: '2017-11-06T21:07:36.161Z'
System info: host: 'ARCADIER-PC', ip: '10.10.31.95', os.name: 'Windows 7', os.arch: 'amd64', os.version: '6.1', java.version: '1.8.0_102'
Driver info: com.kms.katalon.selenium.driver.CChromeDriver
Capabilities {acceptInsecureCerts: false, acceptSslCerts: false, applicationCacheEnabled: false, browserConnectionEnabled: false, browserName: chrome, chrome: {chromedriverVersion: 2.35.528161 (5b82f2d2aae0ca..., userDataDir: C:\Users\Arcadier\AppData\L...}, cssSelectorsEnabled: true, databaseEnabled: false, handlesAlerts: true, hasTouchScreen: false, javascriptEnabled: true, locationContextEnabled: true, mobileEmulationEnabled: false, nativeEvents: true, networkConnectionEnabled: false, pageLoadStrategy: normal, platform: XP, platformName: XP, rotatable: false, setWindowRect: true, takesHeapSnapshot: true, takesScreenshot: true, unexpectedAlertBehaviour: , unhandledPromptBehavior: , version: 74.0.3729.169, webStorageEnabled: true}
Session ID: f019e47fe2549476de78b294d2b410cf)"/>
         <system-out><![CDATA[2019-06-20 10:00:54 - [TEST_CASE][FAILED] - Test Cases/ADMIN/Content Mgmt/Categories/Category Add-Edit/Add Category: Test Cases/ADMIN/Content Mgmt/Categories/Category Add-Edit/Add Category FAILED because (of) Unable to click on object 'Object Repository/ADMIN/Categories/Category List/button_Categories' (Root cause: org.openqa.selenium.ElementNotVisibleException: element not visible
  (Session info: chrome=74.0.3729.169)
  (Driver info: chromedriver=2.35.528161 (5b82f2d2aae0ca24b877009200ced9065a772e73),platform=Windows NT 6.1.7601 SP1 x86_64) (WARNING: The server did not provide any stacktrace information)
Command duration or timeout: 0 milliseconds
Build info: version: '3.7.1', revision: '8a0099a', time: '2017-11-06T21:07:36.161Z'
System info: host: 'ARCADIER-PC', ip: '10.10.31.95', os.name: 'Windows 7', os.arch: 'amd64', os.version: '6.1', java.version: '1.8.0_102'
Driver info: com.kms.katalon.selenium.driver.CChromeDriver
Capabilities {acceptInsecureCerts: false, acceptSslCerts: false, applicationCacheEnabled: false, browserConnectionEnabled: false, browserName: chrome, chrome: {chromedriverVersion: 2.35.528161 (5b82f2d2aae0ca..., userDataDir: C:\Users\Arcadier\AppData\L...}, cssSelectorsEnabled: true, databaseEnabled: false, handlesAlerts: true, hasTouchScreen: false, javascriptEnabled: true, locationContextEnabled: true, mobileEmulationEnabled: false, nativeEvents: true, networkConnectionEnabled: false, pageLoadStrategy: normal, platform: XP, platformName: XP, rotatable: false, setWindowRect: true, takesHeapSnapshot: true, takesScreenshot: true, unexpectedAlertBehaviour: , unhandledPromptBehavior: , version: 74.0.3729.169, webStorageEnabled: true}
Session ID: f019e47fe2549476de78b294d2b410cf)

2019-06-20 10:00:54 - [TEST_STEP][PASSED] - waitForElementVisible: Object 'Object Repository/ADMIN/Categories/Category List/button_Content Mgmt' is visible

2019-06-20 10:00:54 - [MESSAGE][WARNING] - Timeout '0' is invalid. Using default page load timeout: '30'

2019-06-20 10:00:54 - [MESSAGE][PASSED] - Object 'Object Repository/ADMIN/Categories/Category List/button_Content Mgmt' is visible

2019-06-20 10:00:54 - [TEST_STEP][PASSED] - click: Object: 'Object Repository/ADMIN/Categories/Category List/button_Content Mgmt' is clicked on

2019-06-20 10:00:54 - [MESSAGE][PASSED] - Object: 'Object Repository/ADMIN/Categories/Category List/button_Content Mgmt' is clicked on

2019-06-20 10:00:54 - [TEST_STEP][PASSED] - waitForElementVisible: Object 'Object Repository/ADMIN/Categories/Category List/button_Categories' is visible

2019-06-20 10:00:54 - [MESSAGE][WARNING] - Timeout '0' is invalid. Using default page load timeout: '30'

2019-06-20 10:00:55 - [MESSAGE][PASSED] - Object 'Object Repository/ADMIN/Categories/Category List/button_Categories' is visible

2019-06-20 10:00:55 - [TEST_STEP][FAILED] - click: Unable to click on object 'Object Repository/ADMIN/Categories/Category List/button_Categories' (Root cause: org.openqa.selenium.ElementNotVisibleException: element not visible
  (Session info: chrome=74.0.3729.169)
  (Driver info: chromedriver=2.35.528161 (5b82f2d2aae0ca24b877009200ced9065a772e73),platform=Windows NT 6.1.7601 SP1 x86_64) (WARNING: The server did not provide any stacktrace information)
Command duration or timeout: 0 milliseconds
Build info: version: '3.7.1', revision: '8a0099a', time: '2017-11-06T21:07:36.161Z'
System info: host: 'ARCADIER-PC', ip: '10.10.31.95', os.name: 'Windows 7', os.arch: 'amd64', os.version: '6.1', java.version: '1.8.0_102'
Driver info: com.kms.katalon.selenium.driver.CChromeDriver
Capabilities {acceptInsecureCerts: false, acceptSslCerts: false, applicationCacheEnabled: false, browserConnectionEnabled: false, browserName: chrome, chrome: {chromedriverVersion: 2.35.528161 (5b82f2d2aae0ca..., userDataDir: C:\Users\Arcadier\AppData\L...}, cssSelectorsEnabled: true, databaseEnabled: false, handlesAlerts: true, hasTouchScreen: false, javascriptEnabled: true, locationContextEnabled: true, mobileEmulationEnabled: false, nativeEvents: true, networkConnectionEnabled: false, pageLoadStrategy: normal, platform: XP, platformName: XP, rotatable: false, setWindowRect: true, takesHeapSnapshot: true, takesScreenshot: true, unexpectedAlertBehaviour: , unhandledPromptBehavior: , version: 74.0.3729.169, webStorageEnabled: true}
Session ID: f019e47fe2549476de78b294d2b410cf)

2019-06-20 10:00:55 - [MESSAGE][FAILED] - Unable to click on object 'Object Repository/ADMIN/Categories/Category List/button_Categories' (Root cause: org.openqa.selenium.ElementNotVisibleException: element not visible
  (Session info: chrome=74.0.3729.169)
  (Driver info: chromedriver=2.35.528161 (5b82f2d2aae0ca24b877009200ced9065a772e73),platform=Windows NT 6.1.7601 SP1 x86_64) (WARNING: The server did not provide any stacktrace information)
Command duration or timeout: 0 milliseconds
Build info: version: '3.7.1', revision: '8a0099a', time: '2017-11-06T21:07:36.161Z'
System info: host: 'ARCADIER-PC', ip: '10.10.31.95', os.name: 'Windows 7', os.arch: 'amd64', os.version: '6.1', java.version: '1.8.0_102'
Driver info: com.kms.katalon.selenium.driver.CChromeDriver
Capabilities {acceptInsecureCerts: false, acceptSslCerts: false, applicationCacheEnabled: false, browserConnectionEnabled: false, browserName: chrome, chrome: {chromedriverVersion: 2.35.528161 (5b82f2d2aae0ca..., userDataDir: C:\Users\Arcadier\AppData\L...}, cssSelectorsEnabled: true, databaseEnabled: false, handlesAlerts: true, hasTouchScreen: false, javascriptEnabled: true, locationContextEnabled: true, mobileEmulationEnabled: false, nativeEvents: true, networkConnectionEnabled: false, pageLoadStrategy: normal, platform: XP, platformName: XP, rotatable: false, setWindowRect: true, takesHeapSnapshot: true, takesScreenshot: true, unexpectedAlertBehaviour: , unhandledPromptBehavior: , version: 74.0.3729.169, webStorageEnabled: true}
Session ID: f019e47fe2549476de78b294d2b410cf)
[[ATTACHMENT|C:\\Users\\Arcadier\\git\\Trillia\\Reports\\Admin\\Add Category\\20190620_094224\\1560996055143.png]]

2019-06-20 10:00:55 - [TEST_STEP][PASSED] - click: Object: 'Object Repository/ADMIN/Categories/Category List/button_Add a Category' is clicked on

2019-06-20 10:00:55 - [MESSAGE][PASSED] - Object: 'Object Repository/ADMIN/Categories/Category List/button_Add a Category' is clicked on

2019-06-20 10:00:55 - [TEST_STEP][PASSED] - waitForElementPresent: Object 'Object Repository/ADMIN/Categories/Category/dropdown_Parent' is present

2019-06-20 10:00:55 - [MESSAGE][PASSED] - Object 'Object Repository/ADMIN/Categories/Category/dropdown_Parent' is present

2019-06-20 10:00:55 - [TEST_STEP][PASSED] - delay: Delayed 1 second(s)

2019-06-20 10:00:56 - [MESSAGE][PASSED] - Delayed 1 second(s)

2019-06-20 10:00:56 - [TEST_STEP][PASSED] - setText: Text 'Category 5.4' is set on object 'Object Repository/ADMIN/Categories/Category/textfield_Category Name'

2019-06-20 10:00:56 - [MESSAGE][PASSED] - Text 'Category 5.4' is set on object 'Object Repository/ADMIN/Categories/Category/textfield_Category Name'

2019-06-20 10:00:56 - [TEST_STEP][PASSED] - click: Object: 'Object Repository/ADMIN/Categories/Category/dropdown_Parent' is clicked on

2019-06-20 10:00:56 - [MESSAGE][PASSED] - Object: 'Object Repository/ADMIN/Categories/Category/dropdown_Parent' is clicked on

2019-06-20 10:00:56 - [TEST_STEP][PASSED] - delay: Delayed 2 second(s)

2019-06-20 10:00:58 - [MESSAGE][PASSED] - Delayed 2 second(s)

2019-06-20 10:00:58 - [TEST_STEP][PASSED] - click: Object: 'Object Repository/ADMIN/Categories/Category/dropdown_Parent' is clicked on

2019-06-20 10:00:58 - [MESSAGE][PASSED] - Object: 'Object Repository/ADMIN/Categories/Category/dropdown_Parent' is clicked on

2019-06-20 10:00:58 - [TEST_STEP][PASSED] - selectOptionByLabel: All options with label 'Category 5' are selected in object 'Object Repository/ADMIN/Categories/Category/dropdown_Parent' 

2019-06-20 10:00:58 - [MESSAGE][PASSED] - All options with label 'Category 5' are selected in object 'Object Repository/ADMIN/Categories/Category/dropdown_Parent' 

2019-06-20 10:00:58 - [TEST_STEP][PASSED] - click: Object: 'Object Repository/ADMIN/Categories/Category/button_Browse' is clicked on

2019-06-20 10:00:59 - [MESSAGE][PASSED] - Object: 'Object Repository/ADMIN/Categories/Category/button_Browse' is clicked on

2019-06-20 10:00:59 - [TEST_STEP][PASSED] - delay: Delayed 2 second(s)

2019-06-20 10:01:01 - [MESSAGE][PASSED] - Delayed 2 second(s)

2019-06-20 10:01:01 - [TEST_STEP][PASSED] - uploadFile: File 'C:\\Katalon\\Image\\pic6.jpg' sent to object: 'Object Repository/ADMIN/Categories/Category/image_input image'

2019-06-20 10:01:01 - [MESSAGE][PASSED] - File 'C:\\Katalon\\Image\\pic6.jpg' sent to object: 'Object Repository/ADMIN/Categories/Category/image_input image'

2019-06-20 10:01:01 - [TEST_STEP][PASSED] - waitForElementVisible: Object 'Object Repository/ADMIN/Categories/Category/button_upload check' is visible

2019-06-20 10:01:01 - [MESSAGE][WARNING] - Timeout '0' is invalid. Using default page load timeout: '30'

2019-06-20 10:01:01 - [MESSAGE][PASSED] - Object 'Object Repository/ADMIN/Categories/Category/button_upload check' is visible

2019-06-20 10:01:01 - [TEST_STEP][PASSED] - click: Object: 'Object Repository/ADMIN/Categories/Category/button_upload check' is clicked on

2019-06-20 10:01:01 - [MESSAGE][PASSED] - Object: 'Object Repository/ADMIN/Categories/Category/button_upload check' is clicked on

2019-06-20 10:01:01 - [TEST_STEP][PASSED] - waitForElementVisible: Object 'Object Repository/ADMIN/Categories/Category/button_upload save' is visible

2019-06-20 10:01:01 - [MESSAGE][WARNING] - Timeout '0' is invalid. Using default page load timeout: '30'

2019-06-20 10:01:01 - [MESSAGE][PASSED] - Object 'Object Repository/ADMIN/Categories/Category/button_upload save' is visible

2019-06-20 10:01:01 - [TEST_STEP][PASSED] - click: Object: 'Object Repository/ADMIN/Categories/Category/button_upload save' is clicked on

2019-06-20 10:01:01 - [MESSAGE][PASSED] - Object: 'Object Repository/ADMIN/Categories/Category/button_upload save' is clicked on

2019-06-20 10:01:01 - [TEST_STEP][PASSED] - setText: Text 'Description79' is set on object 'Object Repository/ADMIN/Categories/Category/textfield_category_description'

2019-06-20 10:01:01 - [MESSAGE][PASSED] - Text 'Description79' is set on object 'Object Repository/ADMIN/Categories/Category/textfield_category_description'

2019-06-20 10:01:01 - [TEST_STEP][PASSED] - click: Object: 'Object Repository/ADMIN/Categories/Category/button_Save' is clicked on

2019-06-20 10:01:01 - [MESSAGE][PASSED] - Object: 'Object Repository/ADMIN/Categories/Category/button_Save' is clicked on

2019-06-20 10:01:01 - [TEST_STEP][PASSED] - waitForElementVisible: Object 'Object Repository/ADMIN/Categories/Category/label_edit popup' is visible

2019-06-20 10:01:01 - [MESSAGE][WARNING] - Timeout '0' is invalid. Using default page load timeout: '30'

2019-06-20 10:01:02 - [MESSAGE][PASSED] - Object 'Object Repository/ADMIN/Categories/Category/label_edit popup' is visible

2019-06-20 10:01:02 - [TEST_STEP][PASSED] - waitForElementNotPresent: Web element with id: 'Object Repository/ADMIN/Categories/Category/label_edit popup' located by 'By.xpath: //div[(text() = 'Category was successfully saved.' or . = 'Category was successfully saved.')]' is not present after '30' second(s)

2019-06-20 10:01:02 - [MESSAGE][WARNING] - Timeout '0' is invalid. Using default page load timeout: '30'

2019-06-20 10:01:08 - [MESSAGE][PASSED] - Web element with id: 'Object Repository/ADMIN/Categories/Category/label_edit popup' located by 'By.xpath: //div[(text() = 'Category was successfully saved.' or . = 'Category was successfully saved.')]' is not present after '30' second(s)]]></system-out>
         <system-err><![CDATA[2019-06-20 10:00:54 - [TEST_CASE][FAILED] - Test Cases/ADMIN/Content Mgmt/Categories/Category Add-Edit/Add Category: Test Cases/ADMIN/Content Mgmt/Categories/Category Add-Edit/Add Category FAILED because (of) Unable to click on object 'Object Repository/ADMIN/Categories/Category List/button_Categories' (Root cause: org.openqa.selenium.ElementNotVisibleException: element not visible
  (Session info: chrome=74.0.3729.169)
  (Driver info: chromedriver=2.35.528161 (5b82f2d2aae0ca24b877009200ced9065a772e73),platform=Windows NT 6.1.7601 SP1 x86_64) (WARNING: The server did not provide any stacktrace information)
Command duration or timeout: 0 milliseconds
Build info: version: '3.7.1', revision: '8a0099a', time: '2017-11-06T21:07:36.161Z'
System info: host: 'ARCADIER-PC', ip: '10.10.31.95', os.name: 'Windows 7', os.arch: 'amd64', os.version: '6.1', java.version: '1.8.0_102'
Driver info: com.kms.katalon.selenium.driver.CChromeDriver
Capabilities {acceptInsecureCerts: false, acceptSslCerts: false, applicationCacheEnabled: false, browserConnectionEnabled: false, browserName: chrome, chrome: {chromedriverVersion: 2.35.528161 (5b82f2d2aae0ca..., userDataDir: C:\Users\Arcadier\AppData\L...}, cssSelectorsEnabled: true, databaseEnabled: false, handlesAlerts: true, hasTouchScreen: false, javascriptEnabled: true, locationContextEnabled: true, mobileEmulationEnabled: false, nativeEvents: true, networkConnectionEnabled: false, pageLoadStrategy: normal, platform: XP, platformName: XP, rotatable: false, setWindowRect: true, takesHeapSnapshot: true, takesScreenshot: true, unexpectedAlertBehaviour: , unhandledPromptBehavior: , version: 74.0.3729.169, webStorageEnabled: true}
Session ID: f019e47fe2549476de78b294d2b410cf)]]></system-err>
      </testcase>
      <testcase name="Test Cases/ADMIN/Content Mgmt/Categories/Category Add-Edit/Add Category" classname="Test Cases/ADMIN/Content Mgmt/Categories/Category Add-Edit/Add Category" status="PASSED">
         <system-out><![CDATA[2019-06-20 10:01:08 - [TEST_CASE][PASSED] - Test Cases/ADMIN/Content Mgmt/Categories/Category Add-Edit/Add Category: Test Cases/ADMIN/Content Mgmt/Categories/Category Add-Edit/Add Category

2019-06-20 10:01:08 - [TEST_STEP][PASSED] - waitForElementVisible: Object 'Object Repository/ADMIN/Categories/Category List/button_Content Mgmt' is visible

2019-06-20 10:01:08 - [MESSAGE][WARNING] - Timeout '0' is invalid. Using default page load timeout: '30'

2019-06-20 10:01:08 - [MESSAGE][PASSED] - Object 'Object Repository/ADMIN/Categories/Category List/button_Content Mgmt' is visible

2019-06-20 10:01:08 - [TEST_STEP][PASSED] - click: Object: 'Object Repository/ADMIN/Categories/Category List/button_Content Mgmt' is clicked on

2019-06-20 10:01:08 - [MESSAGE][PASSED] - Object: 'Object Repository/ADMIN/Categories/Category List/button_Content Mgmt' is clicked on

2019-06-20 10:01:08 - [TEST_STEP][PASSED] - waitForElementVisible: Object 'Object Repository/ADMIN/Categories/Category List/button_Categories' is visible

2019-06-20 10:01:08 - [MESSAGE][WARNING] - Timeout '0' is invalid. Using default page load timeout: '30'

2019-06-20 10:01:08 - [MESSAGE][PASSED] - Object 'Object Repository/ADMIN/Categories/Category List/button_Categories' is visible

2019-06-20 10:01:08 - [TEST_STEP][PASSED] - click: Object: 'Object Repository/ADMIN/Categories/Category List/button_Categories' is clicked on

2019-06-20 10:01:09 - [MESSAGE][PASSED] - Object: 'Object Repository/ADMIN/Categories/Category List/button_Categories' is clicked on

2019-06-20 10:01:09 - [TEST_STEP][PASSED] - click: Object: 'Object Repository/ADMIN/Categories/Category List/button_Add a Category' is clicked on

2019-06-20 10:01:09 - [MESSAGE][PASSED] - Object: 'Object Repository/ADMIN/Categories/Category List/button_Add a Category' is clicked on

2019-06-20 10:01:09 - [TEST_STEP][PASSED] - waitForElementPresent: Object 'Object Repository/ADMIN/Categories/Category/dropdown_Parent' is present

2019-06-20 10:01:09 - [MESSAGE][PASSED] - Object 'Object Repository/ADMIN/Categories/Category/dropdown_Parent' is present

2019-06-20 10:01:09 - [TEST_STEP][PASSED] - delay: Delayed 1 second(s)

2019-06-20 10:01:10 - [MESSAGE][PASSED] - Delayed 1 second(s)

2019-06-20 10:01:10 - [TEST_STEP][PASSED] - setText: Text 'Category 6' is set on object 'Object Repository/ADMIN/Categories/Category/textfield_Category Name'

2019-06-20 10:01:11 - [MESSAGE][PASSED] - Text 'Category 6' is set on object 'Object Repository/ADMIN/Categories/Category/textfield_Category Name'

2019-06-20 10:01:11 - [TEST_STEP][PASSED] - click: Object: 'Object Repository/ADMIN/Categories/Category/dropdown_Parent' is clicked on

2019-06-20 10:01:11 - [MESSAGE][PASSED] - Object: 'Object Repository/ADMIN/Categories/Category/dropdown_Parent' is clicked on

2019-06-20 10:01:11 - [TEST_STEP][PASSED] - delay: Delayed 2 second(s)

2019-06-20 10:01:13 - [MESSAGE][PASSED] - Delayed 2 second(s)

2019-06-20 10:01:13 - [TEST_STEP][PASSED] - click: Object: 'Object Repository/ADMIN/Categories/Category/dropdown_Parent' is clicked on

2019-06-20 10:01:13 - [MESSAGE][PASSED] - Object: 'Object Repository/ADMIN/Categories/Category/dropdown_Parent' is clicked on

2019-06-20 10:01:13 - [TEST_STEP][PASSED] - selectOptionByLabel: All options with label '-' are selected in object 'Object Repository/ADMIN/Categories/Category/dropdown_Parent' 

2019-06-20 10:01:13 - [MESSAGE][PASSED] - All options with label '-' are selected in object 'Object Repository/ADMIN/Categories/Category/dropdown_Parent' 

2019-06-20 10:01:13 - [TEST_STEP][PASSED] - click: Object: 'Object Repository/ADMIN/Categories/Category/button_Browse' is clicked on

2019-06-20 10:01:13 - [MESSAGE][PASSED] - Object: 'Object Repository/ADMIN/Categories/Category/button_Browse' is clicked on

2019-06-20 10:01:13 - [TEST_STEP][PASSED] - delay: Delayed 2 second(s)

2019-06-20 10:01:15 - [MESSAGE][PASSED] - Delayed 2 second(s)

2019-06-20 10:01:15 - [TEST_STEP][PASSED] - uploadFile: File 'C:\\Katalon\\Image\\pic7.jpg' sent to object: 'Object Repository/ADMIN/Categories/Category/image_input image'

2019-06-20 10:01:15 - [MESSAGE][PASSED] - File 'C:\\Katalon\\Image\\pic7.jpg' sent to object: 'Object Repository/ADMIN/Categories/Category/image_input image'

2019-06-20 10:01:15 - [TEST_STEP][PASSED] - waitForElementVisible: Object 'Object Repository/ADMIN/Categories/Category/button_upload check' is visible

2019-06-20 10:01:15 - [MESSAGE][WARNING] - Timeout '0' is invalid. Using default page load timeout: '30'

2019-06-20 10:01:15 - [MESSAGE][PASSED] - Object 'Object Repository/ADMIN/Categories/Category/button_upload check' is visible

2019-06-20 10:01:15 - [TEST_STEP][PASSED] - click: Object: 'Object Repository/ADMIN/Categories/Category/button_upload check' is clicked on

2019-06-20 10:01:15 - [MESSAGE][PASSED] - Object: 'Object Repository/ADMIN/Categories/Category/button_upload check' is clicked on

2019-06-20 10:01:15 - [TEST_STEP][PASSED] - waitForElementVisible: Object 'Object Repository/ADMIN/Categories/Category/button_upload save' is visible

2019-06-20 10:01:15 - [MESSAGE][WARNING] - Timeout '0' is invalid. Using default page load timeout: '30'

2019-06-20 10:01:15 - [MESSAGE][PASSED] - Object 'Object Repository/ADMIN/Categories/Category/button_upload save' is visible

2019-06-20 10:01:15 - [TEST_STEP][PASSED] - click: Object: 'Object Repository/ADMIN/Categories/Category/button_upload save' is clicked on

2019-06-20 10:01:15 - [MESSAGE][PASSED] - Object: 'Object Repository/ADMIN/Categories/Category/button_upload save' is clicked on

2019-06-20 10:01:15 - [TEST_STEP][PASSED] - setText: Text 'Description80' is set on object 'Object Repository/ADMIN/Categories/Category/textfield_category_description'

2019-06-20 10:01:15 - [MESSAGE][PASSED] - Text 'Description80' is set on object 'Object Repository/ADMIN/Categories/Category/textfield_category_description'

2019-06-20 10:01:15 - [TEST_STEP][PASSED] - click: Object: 'Object Repository/ADMIN/Categories/Category/button_Save' is clicked on

2019-06-20 10:01:15 - [MESSAGE][PASSED] - Object: 'Object Repository/ADMIN/Categories/Category/button_Save' is clicked on

2019-06-20 10:01:15 - [TEST_STEP][PASSED] - waitForElementVisible: Object 'Object Repository/ADMIN/Categories/Category/label_edit popup' is visible

2019-06-20 10:01:15 - [MESSAGE][WARNING] - Timeout '0' is invalid. Using default page load timeout: '30'

2019-06-20 10:01:17 - [MESSAGE][PASSED] - Object 'Object Repository/ADMIN/Categories/Category/label_edit popup' is visible

2019-06-20 10:01:17 - [TEST_STEP][PASSED] - waitForElementNotPresent: Web element with id: 'Object Repository/ADMIN/Categories/Category/label_edit popup' located by 'By.xpath: //div[(text() = 'Category was successfully saved.' or . = 'Category was successfully saved.')]' is not present after '30' second(s)

2019-06-20 10:01:17 - [MESSAGE][WARNING] - Timeout '0' is invalid. Using default page load timeout: '30'

2019-06-20 10:01:22 - [MESSAGE][PASSED] - Web element with id: 'Object Repository/ADMIN/Categories/Category/label_edit popup' located by 'By.xpath: //div[(text() = 'Category was successfully saved.' or . = 'Category was successfully saved.')]' is not present after '30' second(s)]]></system-out>
         <system-err><![CDATA[]]></system-err>
      </testcase>
      <testcase name="Test Cases/ADMIN/Content Mgmt/Categories/Category Add-Edit/Add Category" classname="Test Cases/ADMIN/Content Mgmt/Categories/Category Add-Edit/Add Category" status="PASSED">
         <system-out><![CDATA[2019-06-20 10:01:22 - [TEST_CASE][PASSED] - Test Cases/ADMIN/Content Mgmt/Categories/Category Add-Edit/Add Category: Test Cases/ADMIN/Content Mgmt/Categories/Category Add-Edit/Add Category

2019-06-20 10:01:22 - [TEST_STEP][PASSED] - waitForElementVisible: Object 'Object Repository/ADMIN/Categories/Category List/button_Content Mgmt' is visible

2019-06-20 10:01:22 - [MESSAGE][WARNING] - Timeout '0' is invalid. Using default page load timeout: '30'

2019-06-20 10:01:22 - [MESSAGE][PASSED] - Object 'Object Repository/ADMIN/Categories/Category List/button_Content Mgmt' is visible

2019-06-20 10:01:22 - [TEST_STEP][PASSED] - click: Object: 'Object Repository/ADMIN/Categories/Category List/button_Content Mgmt' is clicked on

2019-06-20 10:01:22 - [MESSAGE][PASSED] - Object: 'Object Repository/ADMIN/Categories/Category List/button_Content Mgmt' is clicked on

2019-06-20 10:01:22 - [TEST_STEP][PASSED] - waitForElementVisible: Object 'Object Repository/ADMIN/Categories/Category List/button_Categories' is visible

2019-06-20 10:01:22 - [MESSAGE][WARNING] - Timeout '0' is invalid. Using default page load timeout: '30'

2019-06-20 10:01:23 - [MESSAGE][PASSED] - Object 'Object Repository/ADMIN/Categories/Category List/button_Categories' is visible

2019-06-20 10:01:23 - [TEST_STEP][PASSED] - click: Object: 'Object Repository/ADMIN/Categories/Category List/button_Categories' is clicked on

2019-06-20 10:01:24 - [MESSAGE][PASSED] - Object: 'Object Repository/ADMIN/Categories/Category List/button_Categories' is clicked on

2019-06-20 10:01:24 - [TEST_STEP][PASSED] - click: Object: 'Object Repository/ADMIN/Categories/Category List/button_Add a Category' is clicked on

2019-06-20 10:01:24 - [MESSAGE][PASSED] - Object: 'Object Repository/ADMIN/Categories/Category List/button_Add a Category' is clicked on

2019-06-20 10:01:24 - [TEST_STEP][PASSED] - waitForElementPresent: Object 'Object Repository/ADMIN/Categories/Category/dropdown_Parent' is present

2019-06-20 10:01:24 - [MESSAGE][PASSED] - Object 'Object Repository/ADMIN/Categories/Category/dropdown_Parent' is present

2019-06-20 10:01:24 - [TEST_STEP][PASSED] - delay: Delayed 1 second(s)

2019-06-20 10:01:25 - [MESSAGE][PASSED] - Delayed 1 second(s)

2019-06-20 10:01:25 - [TEST_STEP][PASSED] - setText: Text 'Category 7' is set on object 'Object Repository/ADMIN/Categories/Category/textfield_Category Name'

2019-06-20 10:01:25 - [MESSAGE][PASSED] - Text 'Category 7' is set on object 'Object Repository/ADMIN/Categories/Category/textfield_Category Name'

2019-06-20 10:01:25 - [TEST_STEP][PASSED] - click: Object: 'Object Repository/ADMIN/Categories/Category/dropdown_Parent' is clicked on

2019-06-20 10:01:25 - [MESSAGE][PASSED] - Object: 'Object Repository/ADMIN/Categories/Category/dropdown_Parent' is clicked on

2019-06-20 10:01:25 - [TEST_STEP][PASSED] - delay: Delayed 2 second(s)

2019-06-20 10:01:27 - [MESSAGE][PASSED] - Delayed 2 second(s)

2019-06-20 10:01:27 - [TEST_STEP][PASSED] - click: Object: 'Object Repository/ADMIN/Categories/Category/dropdown_Parent' is clicked on

2019-06-20 10:01:27 - [MESSAGE][PASSED] - Object: 'Object Repository/ADMIN/Categories/Category/dropdown_Parent' is clicked on

2019-06-20 10:01:27 - [TEST_STEP][PASSED] - selectOptionByLabel: All options with label '-' are selected in object 'Object Repository/ADMIN/Categories/Category/dropdown_Parent' 

2019-06-20 10:01:27 - [MESSAGE][PASSED] - All options with label '-' are selected in object 'Object Repository/ADMIN/Categories/Category/dropdown_Parent' 

2019-06-20 10:01:27 - [TEST_STEP][PASSED] - click: Object: 'Object Repository/ADMIN/Categories/Category/button_Browse' is clicked on

2019-06-20 10:01:27 - [MESSAGE][PASSED] - Object: 'Object Repository/ADMIN/Categories/Category/button_Browse' is clicked on

2019-06-20 10:01:27 - [TEST_STEP][PASSED] - delay: Delayed 2 second(s)

2019-06-20 10:01:29 - [MESSAGE][PASSED] - Delayed 2 second(s)

2019-06-20 10:01:29 - [TEST_STEP][PASSED] - uploadFile: File 'C:\\Katalon\\Image\\pic8.jpg' sent to object: 'Object Repository/ADMIN/Categories/Category/image_input image'

2019-06-20 10:01:29 - [MESSAGE][PASSED] - File 'C:\\Katalon\\Image\\pic8.jpg' sent to object: 'Object Repository/ADMIN/Categories/Category/image_input image'

2019-06-20 10:01:29 - [TEST_STEP][PASSED] - waitForElementVisible: Object 'Object Repository/ADMIN/Categories/Category/button_upload check' is visible

2019-06-20 10:01:29 - [MESSAGE][WARNING] - Timeout '0' is invalid. Using default page load timeout: '30'

2019-06-20 10:01:29 - [MESSAGE][PASSED] - Object 'Object Repository/ADMIN/Categories/Category/button_upload check' is visible

2019-06-20 10:01:29 - [TEST_STEP][PASSED] - click: Object: 'Object Repository/ADMIN/Categories/Category/button_upload check' is clicked on

2019-06-20 10:01:30 - [MESSAGE][PASSED] - Object: 'Object Repository/ADMIN/Categories/Category/button_upload check' is clicked on

2019-06-20 10:01:30 - [TEST_STEP][PASSED] - waitForElementVisible: Object 'Object Repository/ADMIN/Categories/Category/button_upload save' is visible

2019-06-20 10:01:30 - [MESSAGE][WARNING] - Timeout '0' is invalid. Using default page load timeout: '30'

2019-06-20 10:01:30 - [MESSAGE][PASSED] - Object 'Object Repository/ADMIN/Categories/Category/button_upload save' is visible

2019-06-20 10:01:30 - [TEST_STEP][PASSED] - click: Object: 'Object Repository/ADMIN/Categories/Category/button_upload save' is clicked on

2019-06-20 10:01:30 - [MESSAGE][PASSED] - Object: 'Object Repository/ADMIN/Categories/Category/button_upload save' is clicked on

2019-06-20 10:01:30 - [TEST_STEP][PASSED] - setText: Text 'Description81' is set on object 'Object Repository/ADMIN/Categories/Category/textfield_category_description'

2019-06-20 10:01:30 - [MESSAGE][PASSED] - Text 'Description81' is set on object 'Object Repository/ADMIN/Categories/Category/textfield_category_description'

2019-06-20 10:01:30 - [TEST_STEP][PASSED] - click: Object: 'Object Repository/ADMIN/Categories/Category/button_Save' is clicked on

2019-06-20 10:01:30 - [MESSAGE][PASSED] - Object: 'Object Repository/ADMIN/Categories/Category/button_Save' is clicked on

2019-06-20 10:01:30 - [TEST_STEP][PASSED] - waitForElementVisible: Object 'Object Repository/ADMIN/Categories/Category/label_edit popup' is visible

2019-06-20 10:01:30 - [MESSAGE][WARNING] - Timeout '0' is invalid. Using default page load timeout: '30'

2019-06-20 10:01:31 - [MESSAGE][PASSED] - Object 'Object Repository/ADMIN/Categories/Category/label_edit popup' is visible

2019-06-20 10:01:31 - [TEST_STEP][PASSED] - waitForElementNotPresent: Web element with id: 'Object Repository/ADMIN/Categories/Category/label_edit popup' located by 'By.xpath: //div[(text() = 'Category was successfully saved.' or . = 'Category was successfully saved.')]' is not present after '30' second(s)

2019-06-20 10:01:31 - [MESSAGE][WARNING] - Timeout '0' is invalid. Using default page load timeout: '30'

2019-06-20 10:01:37 - [MESSAGE][PASSED] - Web element with id: 'Object Repository/ADMIN/Categories/Category/label_edit popup' located by 'By.xpath: //div[(text() = 'Category was successfully saved.' or . = 'Category was successfully saved.')]' is not present after '30' second(s)]]></system-out>
         <system-err><![CDATA[]]></system-err>
      </testcase>
      <testcase name="Test Cases/ADMIN/Content Mgmt/Categories/Category Add-Edit/Add Category" classname="Test Cases/ADMIN/Content Mgmt/Categories/Category Add-Edit/Add Category" status="PASSED">
         <system-out><![CDATA[2019-06-20 10:01:37 - [TEST_CASE][PASSED] - Test Cases/ADMIN/Content Mgmt/Categories/Category Add-Edit/Add Category: Test Cases/ADMIN/Content Mgmt/Categories/Category Add-Edit/Add Category

2019-06-20 10:01:37 - [TEST_STEP][PASSED] - waitForElementVisible: Object 'Object Repository/ADMIN/Categories/Category List/button_Content Mgmt' is visible

2019-06-20 10:01:37 - [MESSAGE][WARNING] - Timeout '0' is invalid. Using default page load timeout: '30'

2019-06-20 10:01:37 - [MESSAGE][PASSED] - Object 'Object Repository/ADMIN/Categories/Category List/button_Content Mgmt' is visible

2019-06-20 10:01:37 - [TEST_STEP][PASSED] - click: Object: 'Object Repository/ADMIN/Categories/Category List/button_Content Mgmt' is clicked on

2019-06-20 10:01:37 - [MESSAGE][PASSED] - Object: 'Object Repository/ADMIN/Categories/Category List/button_Content Mgmt' is clicked on

2019-06-20 10:01:37 - [TEST_STEP][PASSED] - waitForElementVisible: Object 'Object Repository/ADMIN/Categories/Category List/button_Categories' is visible

2019-06-20 10:01:37 - [MESSAGE][WARNING] - Timeout '0' is invalid. Using default page load timeout: '30'

2019-06-20 10:01:37 - [MESSAGE][PASSED] - Object 'Object Repository/ADMIN/Categories/Category List/button_Categories' is visible

2019-06-20 10:01:37 - [TEST_STEP][PASSED] - click: Object: 'Object Repository/ADMIN/Categories/Category List/button_Categories' is clicked on

2019-06-20 10:01:38 - [MESSAGE][PASSED] - Object: 'Object Repository/ADMIN/Categories/Category List/button_Categories' is clicked on

2019-06-20 10:01:38 - [TEST_STEP][PASSED] - click: Object: 'Object Repository/ADMIN/Categories/Category List/button_Add a Category' is clicked on

2019-06-20 10:01:38 - [MESSAGE][PASSED] - Object: 'Object Repository/ADMIN/Categories/Category List/button_Add a Category' is clicked on

2019-06-20 10:01:38 - [TEST_STEP][PASSED] - waitForElementPresent: Object 'Object Repository/ADMIN/Categories/Category/dropdown_Parent' is present

2019-06-20 10:01:38 - [MESSAGE][PASSED] - Object 'Object Repository/ADMIN/Categories/Category/dropdown_Parent' is present

2019-06-20 10:01:38 - [TEST_STEP][PASSED] - delay: Delayed 1 second(s)

2019-06-20 10:01:39 - [MESSAGE][PASSED] - Delayed 1 second(s)

2019-06-20 10:01:39 - [TEST_STEP][PASSED] - setText: Text 'Category 8' is set on object 'Object Repository/ADMIN/Categories/Category/textfield_Category Name'

2019-06-20 10:01:39 - [MESSAGE][PASSED] - Text 'Category 8' is set on object 'Object Repository/ADMIN/Categories/Category/textfield_Category Name'

2019-06-20 10:01:39 - [TEST_STEP][PASSED] - click: Object: 'Object Repository/ADMIN/Categories/Category/dropdown_Parent' is clicked on

2019-06-20 10:01:39 - [MESSAGE][PASSED] - Object: 'Object Repository/ADMIN/Categories/Category/dropdown_Parent' is clicked on

2019-06-20 10:01:39 - [TEST_STEP][PASSED] - delay: Delayed 2 second(s)

2019-06-20 10:01:41 - [MESSAGE][PASSED] - Delayed 2 second(s)

2019-06-20 10:01:41 - [TEST_STEP][PASSED] - click: Object: 'Object Repository/ADMIN/Categories/Category/dropdown_Parent' is clicked on

2019-06-20 10:01:41 - [MESSAGE][PASSED] - Object: 'Object Repository/ADMIN/Categories/Category/dropdown_Parent' is clicked on

2019-06-20 10:01:41 - [TEST_STEP][PASSED] - selectOptionByLabel: All options with label '-' are selected in object 'Object Repository/ADMIN/Categories/Category/dropdown_Parent' 

2019-06-20 10:01:41 - [MESSAGE][PASSED] - All options with label '-' are selected in object 'Object Repository/ADMIN/Categories/Category/dropdown_Parent' 

2019-06-20 10:01:41 - [TEST_STEP][PASSED] - click: Object: 'Object Repository/ADMIN/Categories/Category/button_Browse' is clicked on

2019-06-20 10:01:42 - [MESSAGE][PASSED] - Object: 'Object Repository/ADMIN/Categories/Category/button_Browse' is clicked on

2019-06-20 10:01:42 - [TEST_STEP][PASSED] - delay: Delayed 2 second(s)

2019-06-20 10:01:44 - [MESSAGE][PASSED] - Delayed 2 second(s)

2019-06-20 10:01:44 - [TEST_STEP][PASSED] - uploadFile: File 'C:\\Katalon\\Image\\pic9.jpg' sent to object: 'Object Repository/ADMIN/Categories/Category/image_input image'

2019-06-20 10:01:44 - [MESSAGE][PASSED] - File 'C:\\Katalon\\Image\\pic9.jpg' sent to object: 'Object Repository/ADMIN/Categories/Category/image_input image'

2019-06-20 10:01:44 - [TEST_STEP][PASSED] - waitForElementVisible: Object 'Object Repository/ADMIN/Categories/Category/button_upload check' is visible

2019-06-20 10:01:44 - [MESSAGE][WARNING] - Timeout '0' is invalid. Using default page load timeout: '30'

2019-06-20 10:01:44 - [MESSAGE][PASSED] - Object 'Object Repository/ADMIN/Categories/Category/button_upload check' is visible

2019-06-20 10:01:44 - [TEST_STEP][PASSED] - click: Object: 'Object Repository/ADMIN/Categories/Category/button_upload check' is clicked on

2019-06-20 10:01:44 - [MESSAGE][PASSED] - Object: 'Object Repository/ADMIN/Categories/Category/button_upload check' is clicked on

2019-06-20 10:01:44 - [TEST_STEP][PASSED] - waitForElementVisible: Object 'Object Repository/ADMIN/Categories/Category/button_upload save' is visible

2019-06-20 10:01:44 - [MESSAGE][WARNING] - Timeout '0' is invalid. Using default page load timeout: '30'

2019-06-20 10:01:44 - [MESSAGE][PASSED] - Object 'Object Repository/ADMIN/Categories/Category/button_upload save' is visible

2019-06-20 10:01:44 - [TEST_STEP][PASSED] - click: Object: 'Object Repository/ADMIN/Categories/Category/button_upload save' is clicked on

2019-06-20 10:01:44 - [MESSAGE][PASSED] - Object: 'Object Repository/ADMIN/Categories/Category/button_upload save' is clicked on

2019-06-20 10:01:44 - [TEST_STEP][PASSED] - setText: Text 'Description82' is set on object 'Object Repository/ADMIN/Categories/Category/textfield_category_description'

2019-06-20 10:01:44 - [MESSAGE][PASSED] - Text 'Description82' is set on object 'Object Repository/ADMIN/Categories/Category/textfield_category_description'

2019-06-20 10:01:44 - [TEST_STEP][PASSED] - click: Object: 'Object Repository/ADMIN/Categories/Category/button_Save' is clicked on

2019-06-20 10:01:44 - [MESSAGE][PASSED] - Object: 'Object Repository/ADMIN/Categories/Category/button_Save' is clicked on

2019-06-20 10:01:44 - [TEST_STEP][PASSED] - waitForElementVisible: Object 'Object Repository/ADMIN/Categories/Category/label_edit popup' is visible

2019-06-20 10:01:44 - [MESSAGE][WARNING] - Timeout '0' is invalid. Using default page load timeout: '30'

2019-06-20 10:01:45 - [MESSAGE][PASSED] - Object 'Object Repository/ADMIN/Categories/Category/label_edit popup' is visible

2019-06-20 10:01:45 - [TEST_STEP][PASSED] - waitForElementNotPresent: Web element with id: 'Object Repository/ADMIN/Categories/Category/label_edit popup' located by 'By.xpath: //div[(text() = 'Category was successfully saved.' or . = 'Category was successfully saved.')]' is not present after '30' second(s)

2019-06-20 10:01:45 - [MESSAGE][WARNING] - Timeout '0' is invalid. Using default page load timeout: '30'

2019-06-20 10:01:51 - [MESSAGE][PASSED] - Web element with id: 'Object Repository/ADMIN/Categories/Category/label_edit popup' located by 'By.xpath: //div[(text() = 'Category was successfully saved.' or . = 'Category was successfully saved.')]' is not present after '30' second(s)]]></system-out>
         <system-err><![CDATA[]]></system-err>
      </testcase>
      <testcase name="Test Cases/ADMIN/Content Mgmt/Categories/Category Add-Edit/Add Category" classname="Test Cases/ADMIN/Content Mgmt/Categories/Category Add-Edit/Add Category" status="FAILED">
         <failure type="FAILED" message="Unable to click on object 'Object Repository/ADMIN/Categories/Category List/button_Categories' (Root cause: org.openqa.selenium.ElementNotVisibleException: element not visible
  (Session info: chrome=74.0.3729.169)
  (Driver info: chromedriver=2.35.528161 (5b82f2d2aae0ca24b877009200ced9065a772e73),platform=Windows NT 6.1.7601 SP1 x86_64) (WARNING: The server did not provide any stacktrace information)
Command duration or timeout: 0 milliseconds
Build info: version: '3.7.1', revision: '8a0099a', time: '2017-11-06T21:07:36.161Z'
System info: host: 'ARCADIER-PC', ip: '10.10.31.95', os.name: 'Windows 7', os.arch: 'amd64', os.version: '6.1', java.version: '1.8.0_102'
Driver info: com.kms.katalon.selenium.driver.CChromeDriver
Capabilities {acceptInsecureCerts: false, acceptSslCerts: false, applicationCacheEnabled: false, browserConnectionEnabled: false, browserName: chrome, chrome: {chromedriverVersion: 2.35.528161 (5b82f2d2aae0ca..., userDataDir: C:\Users\Arcadier\AppData\L...}, cssSelectorsEnabled: true, databaseEnabled: false, handlesAlerts: true, hasTouchScreen: false, javascriptEnabled: true, locationContextEnabled: true, mobileEmulationEnabled: false, nativeEvents: true, networkConnectionEnabled: false, pageLoadStrategy: normal, platform: XP, platformName: XP, rotatable: false, setWindowRect: true, takesHeapSnapshot: true, takesScreenshot: true, unexpectedAlertBehaviour: , unhandledPromptBehavior: , version: 74.0.3729.169, webStorageEnabled: true}
Session ID: f019e47fe2549476de78b294d2b410cf)"/>
         <system-out><![CDATA[2019-06-20 10:01:51 - [TEST_CASE][FAILED] - Test Cases/ADMIN/Content Mgmt/Categories/Category Add-Edit/Add Category: Test Cases/ADMIN/Content Mgmt/Categories/Category Add-Edit/Add Category FAILED because (of) Unable to click on object 'Object Repository/ADMIN/Categories/Category List/button_Categories' (Root cause: org.openqa.selenium.ElementNotVisibleException: element not visible
  (Session info: chrome=74.0.3729.169)
  (Driver info: chromedriver=2.35.528161 (5b82f2d2aae0ca24b877009200ced9065a772e73),platform=Windows NT 6.1.7601 SP1 x86_64) (WARNING: The server did not provide any stacktrace information)
Command duration or timeout: 0 milliseconds
Build info: version: '3.7.1', revision: '8a0099a', time: '2017-11-06T21:07:36.161Z'
System info: host: 'ARCADIER-PC', ip: '10.10.31.95', os.name: 'Windows 7', os.arch: 'amd64', os.version: '6.1', java.version: '1.8.0_102'
Driver info: com.kms.katalon.selenium.driver.CChromeDriver
Capabilities {acceptInsecureCerts: false, acceptSslCerts: false, applicationCacheEnabled: false, browserConnectionEnabled: false, browserName: chrome, chrome: {chromedriverVersion: 2.35.528161 (5b82f2d2aae0ca..., userDataDir: C:\Users\Arcadier\AppData\L...}, cssSelectorsEnabled: true, databaseEnabled: false, handlesAlerts: true, hasTouchScreen: false, javascriptEnabled: true, locationContextEnabled: true, mobileEmulationEnabled: false, nativeEvents: true, networkConnectionEnabled: false, pageLoadStrategy: normal, platform: XP, platformName: XP, rotatable: false, setWindowRect: true, takesHeapSnapshot: true, takesScreenshot: true, unexpectedAlertBehaviour: , unhandledPromptBehavior: , version: 74.0.3729.169, webStorageEnabled: true}
Session ID: f019e47fe2549476de78b294d2b410cf)

2019-06-20 10:01:51 - [TEST_STEP][PASSED] - waitForElementVisible: Object 'Object Repository/ADMIN/Categories/Category List/button_Content Mgmt' is visible

2019-06-20 10:01:51 - [MESSAGE][WARNING] - Timeout '0' is invalid. Using default page load timeout: '30'

2019-06-20 10:01:51 - [MESSAGE][PASSED] - Object 'Object Repository/ADMIN/Categories/Category List/button_Content Mgmt' is visible

2019-06-20 10:01:51 - [TEST_STEP][PASSED] - click: Object: 'Object Repository/ADMIN/Categories/Category List/button_Content Mgmt' is clicked on

2019-06-20 10:01:51 - [MESSAGE][PASSED] - Object: 'Object Repository/ADMIN/Categories/Category List/button_Content Mgmt' is clicked on

2019-06-20 10:01:51 - [TEST_STEP][PASSED] - waitForElementVisible: Object 'Object Repository/ADMIN/Categories/Category List/button_Categories' is visible

2019-06-20 10:01:51 - [MESSAGE][WARNING] - Timeout '0' is invalid. Using default page load timeout: '30'

2019-06-20 10:01:51 - [MESSAGE][PASSED] - Object 'Object Repository/ADMIN/Categories/Category List/button_Categories' is visible

2019-06-20 10:01:51 - [TEST_STEP][FAILED] - click: Unable to click on object 'Object Repository/ADMIN/Categories/Category List/button_Categories' (Root cause: org.openqa.selenium.ElementNotVisibleException: element not visible
  (Session info: chrome=74.0.3729.169)
  (Driver info: chromedriver=2.35.528161 (5b82f2d2aae0ca24b877009200ced9065a772e73),platform=Windows NT 6.1.7601 SP1 x86_64) (WARNING: The server did not provide any stacktrace information)
Command duration or timeout: 0 milliseconds
Build info: version: '3.7.1', revision: '8a0099a', time: '2017-11-06T21:07:36.161Z'
System info: host: 'ARCADIER-PC', ip: '10.10.31.95', os.name: 'Windows 7', os.arch: 'amd64', os.version: '6.1', java.version: '1.8.0_102'
Driver info: com.kms.katalon.selenium.driver.CChromeDriver
Capabilities {acceptInsecureCerts: false, acceptSslCerts: false, applicationCacheEnabled: false, browserConnectionEnabled: false, browserName: chrome, chrome: {chromedriverVersion: 2.35.528161 (5b82f2d2aae0ca..., userDataDir: C:\Users\Arcadier\AppData\L...}, cssSelectorsEnabled: true, databaseEnabled: false, handlesAlerts: true, hasTouchScreen: false, javascriptEnabled: true, locationContextEnabled: true, mobileEmulationEnabled: false, nativeEvents: true, networkConnectionEnabled: false, pageLoadStrategy: normal, platform: XP, platformName: XP, rotatable: false, setWindowRect: true, takesHeapSnapshot: true, takesScreenshot: true, unexpectedAlertBehaviour: , unhandledPromptBehavior: , version: 74.0.3729.169, webStorageEnabled: true}
Session ID: f019e47fe2549476de78b294d2b410cf)

2019-06-20 10:01:52 - [MESSAGE][FAILED] - Unable to click on object 'Object Repository/ADMIN/Categories/Category List/button_Categories' (Root cause: org.openqa.selenium.ElementNotVisibleException: element not visible
  (Session info: chrome=74.0.3729.169)
  (Driver info: chromedriver=2.35.528161 (5b82f2d2aae0ca24b877009200ced9065a772e73),platform=Windows NT 6.1.7601 SP1 x86_64) (WARNING: The server did not provide any stacktrace information)
Command duration or timeout: 0 milliseconds
Build info: version: '3.7.1', revision: '8a0099a', time: '2017-11-06T21:07:36.161Z'
System info: host: 'ARCADIER-PC', ip: '10.10.31.95', os.name: 'Windows 7', os.arch: 'amd64', os.version: '6.1', java.version: '1.8.0_102'
Driver info: com.kms.katalon.selenium.driver.CChromeDriver
Capabilities {acceptInsecureCerts: false, acceptSslCerts: false, applicationCacheEnabled: false, browserConnectionEnabled: false, browserName: chrome, chrome: {chromedriverVersion: 2.35.528161 (5b82f2d2aae0ca..., userDataDir: C:\Users\Arcadier\AppData\L...}, cssSelectorsEnabled: true, databaseEnabled: false, handlesAlerts: true, hasTouchScreen: false, javascriptEnabled: true, locationContextEnabled: true, mobileEmulationEnabled: false, nativeEvents: true, networkConnectionEnabled: false, pageLoadStrategy: normal, platform: XP, platformName: XP, rotatable: false, setWindowRect: true, takesHeapSnapshot: true, takesScreenshot: true, unexpectedAlertBehaviour: , unhandledPromptBehavior: , version: 74.0.3729.169, webStorageEnabled: true}
Session ID: f019e47fe2549476de78b294d2b410cf)
[[ATTACHMENT|C:\\Users\\Arcadier\\git\\Trillia\\Reports\\Admin\\Add Category\\20190620_094224\\1560996111721.png]]

2019-06-20 10:01:52 - [TEST_STEP][PASSED] - click: Object: 'Object Repository/ADMIN/Categories/Category List/button_Add a Category' is clicked on

2019-06-20 10:01:52 - [MESSAGE][PASSED] - Object: 'Object Repository/ADMIN/Categories/Category List/button_Add a Category' is clicked on

2019-06-20 10:01:52 - [TEST_STEP][PASSED] - waitForElementPresent: Object 'Object Repository/ADMIN/Categories/Category/dropdown_Parent' is present

2019-06-20 10:01:52 - [MESSAGE][PASSED] - Object 'Object Repository/ADMIN/Categories/Category/dropdown_Parent' is present

2019-06-20 10:01:52 - [TEST_STEP][PASSED] - delay: Delayed 1 second(s)

2019-06-20 10:01:53 - [MESSAGE][PASSED] - Delayed 1 second(s)

2019-06-20 10:01:53 - [TEST_STEP][PASSED] - setText: Text 'Category 9' is set on object 'Object Repository/ADMIN/Categories/Category/textfield_Category Name'

2019-06-20 10:01:53 - [MESSAGE][PASSED] - Text 'Category 9' is set on object 'Object Repository/ADMIN/Categories/Category/textfield_Category Name'

2019-06-20 10:01:53 - [TEST_STEP][PASSED] - click: Object: 'Object Repository/ADMIN/Categories/Category/dropdown_Parent' is clicked on

2019-06-20 10:01:53 - [MESSAGE][PASSED] - Object: 'Object Repository/ADMIN/Categories/Category/dropdown_Parent' is clicked on

2019-06-20 10:01:53 - [TEST_STEP][PASSED] - delay: Delayed 2 second(s)

2019-06-20 10:01:55 - [MESSAGE][PASSED] - Delayed 2 second(s)

2019-06-20 10:01:55 - [TEST_STEP][PASSED] - click: Object: 'Object Repository/ADMIN/Categories/Category/dropdown_Parent' is clicked on

2019-06-20 10:01:55 - [MESSAGE][PASSED] - Object: 'Object Repository/ADMIN/Categories/Category/dropdown_Parent' is clicked on

2019-06-20 10:01:55 - [TEST_STEP][PASSED] - selectOptionByLabel: All options with label '-' are selected in object 'Object Repository/ADMIN/Categories/Category/dropdown_Parent' 

2019-06-20 10:01:55 - [MESSAGE][PASSED] - All options with label '-' are selected in object 'Object Repository/ADMIN/Categories/Category/dropdown_Parent' 

2019-06-20 10:01:55 - [TEST_STEP][PASSED] - click: Object: 'Object Repository/ADMIN/Categories/Category/button_Browse' is clicked on

2019-06-20 10:01:55 - [MESSAGE][PASSED] - Object: 'Object Repository/ADMIN/Categories/Category/button_Browse' is clicked on

2019-06-20 10:01:55 - [TEST_STEP][PASSED] - delay: Delayed 2 second(s)

2019-06-20 10:01:57 - [MESSAGE][PASSED] - Delayed 2 second(s)

2019-06-20 10:01:57 - [TEST_STEP][PASSED] - uploadFile: File 'C:\\Katalon\\Image\\pic10.jpg' sent to object: 'Object Repository/ADMIN/Categories/Category/image_input image'

2019-06-20 10:01:57 - [MESSAGE][PASSED] - File 'C:\\Katalon\\Image\\pic10.jpg' sent to object: 'Object Repository/ADMIN/Categories/Category/image_input image'

2019-06-20 10:01:57 - [TEST_STEP][PASSED] - waitForElementVisible: Object 'Object Repository/ADMIN/Categories/Category/button_upload check' is visible

2019-06-20 10:01:57 - [MESSAGE][WARNING] - Timeout '0' is invalid. Using default page load timeout: '30'

2019-06-20 10:01:57 - [MESSAGE][PASSED] - Object 'Object Repository/ADMIN/Categories/Category/button_upload check' is visible

2019-06-20 10:01:57 - [TEST_STEP][PASSED] - click: Object: 'Object Repository/ADMIN/Categories/Category/button_upload check' is clicked on

2019-06-20 10:01:57 - [MESSAGE][PASSED] - Object: 'Object Repository/ADMIN/Categories/Category/button_upload check' is clicked on

2019-06-20 10:01:57 - [TEST_STEP][PASSED] - waitForElementVisible: Object 'Object Repository/ADMIN/Categories/Category/button_upload save' is visible

2019-06-20 10:01:57 - [MESSAGE][WARNING] - Timeout '0' is invalid. Using default page load timeout: '30'

2019-06-20 10:01:57 - [MESSAGE][PASSED] - Object 'Object Repository/ADMIN/Categories/Category/button_upload save' is visible

2019-06-20 10:01:57 - [TEST_STEP][PASSED] - click: Object: 'Object Repository/ADMIN/Categories/Category/button_upload save' is clicked on

2019-06-20 10:01:57 - [MESSAGE][PASSED] - Object: 'Object Repository/ADMIN/Categories/Category/button_upload save' is clicked on

2019-06-20 10:01:57 - [TEST_STEP][PASSED] - setText: Text 'Description83' is set on object 'Object Repository/ADMIN/Categories/Category/textfield_category_description'

2019-06-20 10:01:57 - [MESSAGE][PASSED] - Text 'Description83' is set on object 'Object Repository/ADMIN/Categories/Category/textfield_category_description'

2019-06-20 10:01:57 - [TEST_STEP][FAILED] - click: Unable to click on object 'Object Repository/ADMIN/Categories/Category/button_Save' (Root cause: org.openqa.selenium.WebDriverException: unknown error: Element <input type="button" class="mybtn btn-blue" value="Save" id="btnSaveParentCategory"> is not clickable at point (951, 728). Other element would receive the click: <div class="modal fade model-img-crop _2_1_imagecropperModal" id="_2_1_imagecropperModal" tabindex="-1" role="dialog" style="display: block;" data-target="">...</div>
  (Session info: chrome=74.0.3729.169)
  (Driver info: chromedriver=2.35.528161 (5b82f2d2aae0ca24b877009200ced9065a772e73),platform=Windows NT 6.1.7601 SP1 x86_64) (WARNING: The server did not provide any stacktrace information)
Command duration or timeout: 0 milliseconds
Build info: version: '3.7.1', revision: '8a0099a', time: '2017-11-06T21:07:36.161Z'
System info: host: 'ARCADIER-PC', ip: '10.10.31.95', os.name: 'Windows 7', os.arch: 'amd64', os.version: '6.1', java.version: '1.8.0_102'
Driver info: com.kms.katalon.selenium.driver.CChromeDriver
Capabilities {acceptInsecureCerts: false, acceptSslCerts: false, applicationCacheEnabled: false, browserConnectionEnabled: false, browserName: chrome, chrome: {chromedriverVersion: 2.35.528161 (5b82f2d2aae0ca..., userDataDir: C:\Users\Arcadier\AppData\L...}, cssSelectorsEnabled: true, databaseEnabled: false, handlesAlerts: true, hasTouchScreen: false, javascriptEnabled: true, locationContextEnabled: true, mobileEmulationEnabled: false, nativeEvents: true, networkConnectionEnabled: false, pageLoadStrategy: normal, platform: XP, platformName: XP, rotatable: false, setWindowRect: true, takesHeapSnapshot: true, takesScreenshot: true, unexpectedAlertBehaviour: , unhandledPromptBehavior: , version: 74.0.3729.169, webStorageEnabled: true}
Session ID: f019e47fe2549476de78b294d2b410cf)

2019-06-20 10:01:58 - [MESSAGE][FAILED] - Unable to click on object 'Object Repository/ADMIN/Categories/Category/button_Save' (Root cause: org.openqa.selenium.WebDriverException: unknown error: Element <input type="button" class="mybtn btn-blue" value="Save" id="btnSaveParentCategory"> is not clickable at point (951, 728). Other element would receive the click: <div class="modal fade model-img-crop _2_1_imagecropperModal" id="_2_1_imagecropperModal" tabindex="-1" role="dialog" style="display: block;" data-target="">...</div>
  (Session info: chrome=74.0.3729.169)
  (Driver info: chromedriver=2.35.528161 (5b82f2d2aae0ca24b877009200ced9065a772e73),platform=Windows NT 6.1.7601 SP1 x86_64) (WARNING: The server did not provide any stacktrace information)
Command duration or timeout: 0 milliseconds
Build info: version: '3.7.1', revision: '8a0099a', time: '2017-11-06T21:07:36.161Z'
System info: host: 'ARCADIER-PC', ip: '10.10.31.95', os.name: 'Windows 7', os.arch: 'amd64', os.version: '6.1', java.version: '1.8.0_102'
Driver info: com.kms.katalon.selenium.driver.CChromeDriver
Capabilities {acceptInsecureCerts: false, acceptSslCerts: false, applicationCacheEnabled: false, browserConnectionEnabled: false, browserName: chrome, chrome: {chromedriverVersion: 2.35.528161 (5b82f2d2aae0ca..., userDataDir: C:\Users\Arcadier\AppData\L...}, cssSelectorsEnabled: true, databaseEnabled: false, handlesAlerts: true, hasTouchScreen: false, javascriptEnabled: true, locationContextEnabled: true, mobileEmulationEnabled: false, nativeEvents: true, networkConnectionEnabled: false, pageLoadStrategy: normal, platform: XP, platformName: XP, rotatable: false, setWindowRect: true, takesHeapSnapshot: true, takesScreenshot: true, unexpectedAlertBehaviour: , unhandledPromptBehavior: , version: 74.0.3729.169, webStorageEnabled: true}
Session ID: f019e47fe2549476de78b294d2b410cf)
[[ATTACHMENT|C:\\Users\\Arcadier\\git\\Trillia\\Reports\\Admin\\Add Category\\20190620_094224\\1560996117983.png]]

2019-06-20 10:01:58 - [TEST_STEP][PASSED] - waitForElementVisible: Object 'Object Repository/ADMIN/Categories/Category/label_edit popup' is visible

2019-06-20 10:01:58 - [MESSAGE][WARNING] - Timeout '0' is invalid. Using default page load timeout: '30'

2019-06-20 10:02:20 - [MESSAGE][PASSED] - Object 'Object Repository/ADMIN/Categories/Category/label_edit popup' is visible

2019-06-20 10:02:20 - [TEST_STEP][PASSED] - waitForElementNotPresent: Web element with id: 'Object Repository/ADMIN/Categories/Category/label_edit popup' located by 'By.xpath: //div[(text() = 'Category was successfully saved.' or . = 'Category was successfully saved.')]' is not present after '30' second(s)

2019-06-20 10:02:20 - [MESSAGE][WARNING] - Timeout '0' is invalid. Using default page load timeout: '30'

2019-06-20 10:02:25 - [MESSAGE][PASSED] - Web element with id: 'Object Repository/ADMIN/Categories/Category/label_edit popup' located by 'By.xpath: //div[(text() = 'Category was successfully saved.' or . = 'Category was successfully saved.')]' is not present after '30' second(s)]]></system-out>
         <system-err><![CDATA[2019-06-20 10:01:51 - [TEST_CASE][FAILED] - Test Cases/ADMIN/Content Mgmt/Categories/Category Add-Edit/Add Category: Test Cases/ADMIN/Content Mgmt/Categories/Category Add-Edit/Add Category FAILED because (of) Unable to click on object 'Object Repository/ADMIN/Categories/Category List/button_Categories' (Root cause: org.openqa.selenium.ElementNotVisibleException: element not visible
  (Session info: chrome=74.0.3729.169)
  (Driver info: chromedriver=2.35.528161 (5b82f2d2aae0ca24b877009200ced9065a772e73),platform=Windows NT 6.1.7601 SP1 x86_64) (WARNING: The server did not provide any stacktrace information)
Command duration or timeout: 0 milliseconds
Build info: version: '3.7.1', revision: '8a0099a', time: '2017-11-06T21:07:36.161Z'
System info: host: 'ARCADIER-PC', ip: '10.10.31.95', os.name: 'Windows 7', os.arch: 'amd64', os.version: '6.1', java.version: '1.8.0_102'
Driver info: com.kms.katalon.selenium.driver.CChromeDriver
Capabilities {acceptInsecureCerts: false, acceptSslCerts: false, applicationCacheEnabled: false, browserConnectionEnabled: false, browserName: chrome, chrome: {chromedriverVersion: 2.35.528161 (5b82f2d2aae0ca..., userDataDir: C:\Users\Arcadier\AppData\L...}, cssSelectorsEnabled: true, databaseEnabled: false, handlesAlerts: true, hasTouchScreen: false, javascriptEnabled: true, locationContextEnabled: true, mobileEmulationEnabled: false, nativeEvents: true, networkConnectionEnabled: false, pageLoadStrategy: normal, platform: XP, platformName: XP, rotatable: false, setWindowRect: true, takesHeapSnapshot: true, takesScreenshot: true, unexpectedAlertBehaviour: , unhandledPromptBehavior: , version: 74.0.3729.169, webStorageEnabled: true}
Session ID: f019e47fe2549476de78b294d2b410cf)]]></system-err>
      </testcase>
      <testcase name="Test Cases/ADMIN/Content Mgmt/Categories/Category Add-Edit/Add Category" classname="Test Cases/ADMIN/Content Mgmt/Categories/Category Add-Edit/Add Category" status="PASSED">
         <system-out><![CDATA[2019-06-20 10:02:25 - [TEST_CASE][PASSED] - Test Cases/ADMIN/Content Mgmt/Categories/Category Add-Edit/Add Category: Test Cases/ADMIN/Content Mgmt/Categories/Category Add-Edit/Add Category

2019-06-20 10:02:25 - [TEST_STEP][PASSED] - waitForElementVisible: Object 'Object Repository/ADMIN/Categories/Category List/button_Content Mgmt' is visible

2019-06-20 10:02:25 - [MESSAGE][WARNING] - Timeout '0' is invalid. Using default page load timeout: '30'

2019-06-20 10:02:25 - [MESSAGE][PASSED] - Object 'Object Repository/ADMIN/Categories/Category List/button_Content Mgmt' is visible

2019-06-20 10:02:25 - [TEST_STEP][PASSED] - click: Object: 'Object Repository/ADMIN/Categories/Category List/button_Content Mgmt' is clicked on

2019-06-20 10:02:26 - [MESSAGE][PASSED] - Object: 'Object Repository/ADMIN/Categories/Category List/button_Content Mgmt' is clicked on

2019-06-20 10:02:26 - [TEST_STEP][PASSED] - waitForElementVisible: Object 'Object Repository/ADMIN/Categories/Category List/button_Categories' is visible

2019-06-20 10:02:26 - [MESSAGE][WARNING] - Timeout '0' is invalid. Using default page load timeout: '30'

2019-06-20 10:02:26 - [MESSAGE][PASSED] - Object 'Object Repository/ADMIN/Categories/Category List/button_Categories' is visible

2019-06-20 10:02:26 - [TEST_STEP][PASSED] - click: Object: 'Object Repository/ADMIN/Categories/Category List/button_Categories' is clicked on

2019-06-20 10:02:27 - [MESSAGE][PASSED] - Object: 'Object Repository/ADMIN/Categories/Category List/button_Categories' is clicked on

2019-06-20 10:02:27 - [TEST_STEP][PASSED] - click: Object: 'Object Repository/ADMIN/Categories/Category List/button_Add a Category' is clicked on

2019-06-20 10:02:27 - [MESSAGE][PASSED] - Object: 'Object Repository/ADMIN/Categories/Category List/button_Add a Category' is clicked on

2019-06-20 10:02:27 - [TEST_STEP][PASSED] - waitForElementPresent: Object 'Object Repository/ADMIN/Categories/Category/dropdown_Parent' is present

2019-06-20 10:02:27 - [MESSAGE][PASSED] - Object 'Object Repository/ADMIN/Categories/Category/dropdown_Parent' is present

2019-06-20 10:02:27 - [TEST_STEP][PASSED] - delay: Delayed 1 second(s)

2019-06-20 10:02:28 - [MESSAGE][PASSED] - Delayed 1 second(s)

2019-06-20 10:02:28 - [TEST_STEP][PASSED] - setText: Text 'Category 10' is set on object 'Object Repository/ADMIN/Categories/Category/textfield_Category Name'

2019-06-20 10:02:28 - [MESSAGE][PASSED] - Text 'Category 10' is set on object 'Object Repository/ADMIN/Categories/Category/textfield_Category Name'

2019-06-20 10:02:28 - [TEST_STEP][PASSED] - click: Object: 'Object Repository/ADMIN/Categories/Category/dropdown_Parent' is clicked on

2019-06-20 10:02:28 - [MESSAGE][PASSED] - Object: 'Object Repository/ADMIN/Categories/Category/dropdown_Parent' is clicked on

2019-06-20 10:02:28 - [TEST_STEP][PASSED] - delay: Delayed 2 second(s)

2019-06-20 10:02:30 - [MESSAGE][PASSED] - Delayed 2 second(s)

2019-06-20 10:02:30 - [TEST_STEP][PASSED] - click: Object: 'Object Repository/ADMIN/Categories/Category/dropdown_Parent' is clicked on

2019-06-20 10:02:30 - [MESSAGE][PASSED] - Object: 'Object Repository/ADMIN/Categories/Category/dropdown_Parent' is clicked on

2019-06-20 10:02:30 - [TEST_STEP][PASSED] - selectOptionByLabel: All options with label '-' are selected in object 'Object Repository/ADMIN/Categories/Category/dropdown_Parent' 

2019-06-20 10:02:30 - [MESSAGE][PASSED] - All options with label '-' are selected in object 'Object Repository/ADMIN/Categories/Category/dropdown_Parent' 

2019-06-20 10:02:30 - [TEST_STEP][PASSED] - click: Object: 'Object Repository/ADMIN/Categories/Category/button_Browse' is clicked on

2019-06-20 10:02:30 - [MESSAGE][PASSED] - Object: 'Object Repository/ADMIN/Categories/Category/button_Browse' is clicked on

2019-06-20 10:02:30 - [TEST_STEP][PASSED] - delay: Delayed 2 second(s)

2019-06-20 10:02:32 - [MESSAGE][PASSED] - Delayed 2 second(s)

2019-06-20 10:02:32 - [TEST_STEP][PASSED] - uploadFile: File 'C:\\Katalon\\Image\\pic11.jpg' sent to object: 'Object Repository/ADMIN/Categories/Category/image_input image'

2019-06-20 10:02:33 - [MESSAGE][PASSED] - File 'C:\\Katalon\\Image\\pic11.jpg' sent to object: 'Object Repository/ADMIN/Categories/Category/image_input image'

2019-06-20 10:02:33 - [TEST_STEP][PASSED] - waitForElementVisible: Object 'Object Repository/ADMIN/Categories/Category/button_upload check' is visible

2019-06-20 10:02:33 - [MESSAGE][WARNING] - Timeout '0' is invalid. Using default page load timeout: '30'

2019-06-20 10:02:33 - [MESSAGE][PASSED] - Object 'Object Repository/ADMIN/Categories/Category/button_upload check' is visible

2019-06-20 10:02:33 - [TEST_STEP][PASSED] - click: Object: 'Object Repository/ADMIN/Categories/Category/button_upload check' is clicked on

2019-06-20 10:02:33 - [MESSAGE][PASSED] - Object: 'Object Repository/ADMIN/Categories/Category/button_upload check' is clicked on

2019-06-20 10:02:33 - [TEST_STEP][PASSED] - waitForElementVisible: Object 'Object Repository/ADMIN/Categories/Category/button_upload save' is visible

2019-06-20 10:02:33 - [MESSAGE][WARNING] - Timeout '0' is invalid. Using default page load timeout: '30'

2019-06-20 10:02:33 - [MESSAGE][PASSED] - Object 'Object Repository/ADMIN/Categories/Category/button_upload save' is visible

2019-06-20 10:02:33 - [TEST_STEP][PASSED] - click: Object: 'Object Repository/ADMIN/Categories/Category/button_upload save' is clicked on

2019-06-20 10:02:33 - [MESSAGE][PASSED] - Object: 'Object Repository/ADMIN/Categories/Category/button_upload save' is clicked on

2019-06-20 10:02:33 - [TEST_STEP][PASSED] - setText: Text 'Description84' is set on object 'Object Repository/ADMIN/Categories/Category/textfield_category_description'

2019-06-20 10:02:33 - [MESSAGE][PASSED] - Text 'Description84' is set on object 'Object Repository/ADMIN/Categories/Category/textfield_category_description'

2019-06-20 10:02:33 - [TEST_STEP][PASSED] - click: Object: 'Object Repository/ADMIN/Categories/Category/button_Save' is clicked on

2019-06-20 10:02:33 - [MESSAGE][PASSED] - Object: 'Object Repository/ADMIN/Categories/Category/button_Save' is clicked on

2019-06-20 10:02:33 - [TEST_STEP][PASSED] - waitForElementVisible: Object 'Object Repository/ADMIN/Categories/Category/label_edit popup' is visible

2019-06-20 10:02:33 - [MESSAGE][WARNING] - Timeout '0' is invalid. Using default page load timeout: '30'

2019-06-20 10:02:34 - [MESSAGE][PASSED] - Object 'Object Repository/ADMIN/Categories/Category/label_edit popup' is visible

2019-06-20 10:02:34 - [TEST_STEP][PASSED] - waitForElementNotPresent: Web element with id: 'Object Repository/ADMIN/Categories/Category/label_edit popup' located by 'By.xpath: //div[(text() = 'Category was successfully saved.' or . = 'Category was successfully saved.')]' is not present after '30' second(s)

2019-06-20 10:02:34 - [MESSAGE][WARNING] - Timeout '0' is invalid. Using default page load timeout: '30'

2019-06-20 10:02:40 - [MESSAGE][PASSED] - Web element with id: 'Object Repository/ADMIN/Categories/Category/label_edit popup' located by 'By.xpath: //div[(text() = 'Category was successfully saved.' or . = 'Category was successfully saved.')]' is not present after '30' second(s)]]></system-out>
         <system-err><![CDATA[]]></system-err>
      </testcase>
      <testcase name="Test Cases/ADMIN/Content Mgmt/Categories/Category Add-Edit/Add Category" classname="Test Cases/ADMIN/Content Mgmt/Categories/Category Add-Edit/Add Category" status="PASSED">
         <system-out><![CDATA[2019-06-20 10:02:40 - [TEST_CASE][PASSED] - Test Cases/ADMIN/Content Mgmt/Categories/Category Add-Edit/Add Category: Test Cases/ADMIN/Content Mgmt/Categories/Category Add-Edit/Add Category

2019-06-20 10:02:40 - [TEST_STEP][PASSED] - waitForElementVisible: Object 'Object Repository/ADMIN/Categories/Category List/button_Content Mgmt' is visible

2019-06-20 10:02:40 - [MESSAGE][WARNING] - Timeout '0' is invalid. Using default page load timeout: '30'

2019-06-20 10:02:40 - [MESSAGE][PASSED] - Object 'Object Repository/ADMIN/Categories/Category List/button_Content Mgmt' is visible

2019-06-20 10:02:40 - [TEST_STEP][PASSED] - click: Object: 'Object Repository/ADMIN/Categories/Category List/button_Content Mgmt' is clicked on

2019-06-20 10:02:40 - [MESSAGE][PASSED] - Object: 'Object Repository/ADMIN/Categories/Category List/button_Content Mgmt' is clicked on

2019-06-20 10:02:40 - [TEST_STEP][PASSED] - waitForElementVisible: Object 'Object Repository/ADMIN/Categories/Category List/button_Categories' is visible

2019-06-20 10:02:40 - [MESSAGE][WARNING] - Timeout '0' is invalid. Using default page load timeout: '30'

2019-06-20 10:02:40 - [MESSAGE][PASSED] - Object 'Object Repository/ADMIN/Categories/Category List/button_Categories' is visible

2019-06-20 10:02:40 - [TEST_STEP][PASSED] - click: Object: 'Object Repository/ADMIN/Categories/Category List/button_Categories' is clicked on

2019-06-20 10:02:41 - [MESSAGE][PASSED] - Object: 'Object Repository/ADMIN/Categories/Category List/button_Categories' is clicked on

2019-06-20 10:02:41 - [TEST_STEP][PASSED] - click: Object: 'Object Repository/ADMIN/Categories/Category List/button_Add a Category' is clicked on

2019-06-20 10:02:41 - [MESSAGE][PASSED] - Object: 'Object Repository/ADMIN/Categories/Category List/button_Add a Category' is clicked on

2019-06-20 10:02:41 - [TEST_STEP][PASSED] - waitForElementPresent: Object 'Object Repository/ADMIN/Categories/Category/dropdown_Parent' is present

2019-06-20 10:02:41 - [MESSAGE][PASSED] - Object 'Object Repository/ADMIN/Categories/Category/dropdown_Parent' is present

2019-06-20 10:02:41 - [TEST_STEP][PASSED] - delay: Delayed 1 second(s)

2019-06-20 10:02:42 - [MESSAGE][PASSED] - Delayed 1 second(s)

2019-06-20 10:02:42 - [TEST_STEP][PASSED] - setText: Text 'Category 11' is set on object 'Object Repository/ADMIN/Categories/Category/textfield_Category Name'

2019-06-20 10:02:43 - [MESSAGE][PASSED] - Text 'Category 11' is set on object 'Object Repository/ADMIN/Categories/Category/textfield_Category Name'

2019-06-20 10:02:43 - [TEST_STEP][PASSED] - click: Object: 'Object Repository/ADMIN/Categories/Category/dropdown_Parent' is clicked on

2019-06-20 10:02:43 - [MESSAGE][PASSED] - Object: 'Object Repository/ADMIN/Categories/Category/dropdown_Parent' is clicked on

2019-06-20 10:02:43 - [TEST_STEP][PASSED] - delay: Delayed 2 second(s)

2019-06-20 10:02:45 - [MESSAGE][PASSED] - Delayed 2 second(s)

2019-06-20 10:02:45 - [TEST_STEP][PASSED] - click: Object: 'Object Repository/ADMIN/Categories/Category/dropdown_Parent' is clicked on

2019-06-20 10:02:45 - [MESSAGE][PASSED] - Object: 'Object Repository/ADMIN/Categories/Category/dropdown_Parent' is clicked on

2019-06-20 10:02:45 - [TEST_STEP][PASSED] - selectOptionByLabel: All options with label '-' are selected in object 'Object Repository/ADMIN/Categories/Category/dropdown_Parent' 

2019-06-20 10:02:45 - [MESSAGE][PASSED] - All options with label '-' are selected in object 'Object Repository/ADMIN/Categories/Category/dropdown_Parent' 

2019-06-20 10:02:45 - [TEST_STEP][PASSED] - click: Object: 'Object Repository/ADMIN/Categories/Category/button_Browse' is clicked on

2019-06-20 10:02:45 - [MESSAGE][PASSED] - Object: 'Object Repository/ADMIN/Categories/Category/button_Browse' is clicked on

2019-06-20 10:02:45 - [TEST_STEP][PASSED] - delay: Delayed 2 second(s)

2019-06-20 10:02:47 - [MESSAGE][PASSED] - Delayed 2 second(s)

2019-06-20 10:02:47 - [TEST_STEP][PASSED] - uploadFile: File 'C:\\Katalon\\Image\\pic12.jpg' sent to object: 'Object Repository/ADMIN/Categories/Category/image_input image'

2019-06-20 10:02:47 - [MESSAGE][PASSED] - File 'C:\\Katalon\\Image\\pic12.jpg' sent to object: 'Object Repository/ADMIN/Categories/Category/image_input image'

2019-06-20 10:02:47 - [TEST_STEP][PASSED] - waitForElementVisible: Object 'Object Repository/ADMIN/Categories/Category/button_upload check' is visible

2019-06-20 10:02:47 - [MESSAGE][WARNING] - Timeout '0' is invalid. Using default page load timeout: '30'

2019-06-20 10:02:47 - [MESSAGE][PASSED] - Object 'Object Repository/ADMIN/Categories/Category/button_upload check' is visible

2019-06-20 10:02:47 - [TEST_STEP][PASSED] - click: Object: 'Object Repository/ADMIN/Categories/Category/button_upload check' is clicked on

2019-06-20 10:02:47 - [MESSAGE][PASSED] - Object: 'Object Repository/ADMIN/Categories/Category/button_upload check' is clicked on

2019-06-20 10:02:47 - [TEST_STEP][PASSED] - waitForElementVisible: Object 'Object Repository/ADMIN/Categories/Category/button_upload save' is visible

2019-06-20 10:02:47 - [MESSAGE][WARNING] - Timeout '0' is invalid. Using default page load timeout: '30'

2019-06-20 10:02:47 - [MESSAGE][PASSED] - Object 'Object Repository/ADMIN/Categories/Category/button_upload save' is visible

2019-06-20 10:02:47 - [TEST_STEP][PASSED] - click: Object: 'Object Repository/ADMIN/Categories/Category/button_upload save' is clicked on

2019-06-20 10:02:47 - [MESSAGE][PASSED] - Object: 'Object Repository/ADMIN/Categories/Category/button_upload save' is clicked on

2019-06-20 10:02:47 - [TEST_STEP][PASSED] - setText: Text 'Description85' is set on object 'Object Repository/ADMIN/Categories/Category/textfield_category_description'

2019-06-20 10:02:47 - [MESSAGE][PASSED] - Text 'Description85' is set on object 'Object Repository/ADMIN/Categories/Category/textfield_category_description'

2019-06-20 10:02:47 - [TEST_STEP][PASSED] - click: Object: 'Object Repository/ADMIN/Categories/Category/button_Save' is clicked on

2019-06-20 10:02:48 - [MESSAGE][PASSED] - Object: 'Object Repository/ADMIN/Categories/Category/button_Save' is clicked on

2019-06-20 10:02:48 - [TEST_STEP][PASSED] - waitForElementVisible: Object 'Object Repository/ADMIN/Categories/Category/label_edit popup' is visible

2019-06-20 10:02:48 - [MESSAGE][WARNING] - Timeout '0' is invalid. Using default page load timeout: '30'

2019-06-20 10:02:49 - [MESSAGE][PASSED] - Object 'Object Repository/ADMIN/Categories/Category/label_edit popup' is visible

2019-06-20 10:02:49 - [TEST_STEP][PASSED] - waitForElementNotPresent: Web element with id: 'Object Repository/ADMIN/Categories/Category/label_edit popup' located by 'By.xpath: //div[(text() = 'Category was successfully saved.' or . = 'Category was successfully saved.')]' is not present after '30' second(s)

2019-06-20 10:02:49 - [MESSAGE][WARNING] - Timeout '0' is invalid. Using default page load timeout: '30'

2019-06-20 10:02:55 - [MESSAGE][PASSED] - Web element with id: 'Object Repository/ADMIN/Categories/Category/label_edit popup' located by 'By.xpath: //div[(text() = 'Category was successfully saved.' or . = 'Category was successfully saved.')]' is not present after '30' second(s)]]></system-out>
         <system-err><![CDATA[]]></system-err>
      </testcase>
      <testcase name="Test Cases/ADMIN/Content Mgmt/Categories/Category Add-Edit/Add Category" classname="Test Cases/ADMIN/Content Mgmt/Categories/Category Add-Edit/Add Category" status="PASSED">
         <system-out><![CDATA[2019-06-20 10:02:55 - [TEST_CASE][PASSED] - Test Cases/ADMIN/Content Mgmt/Categories/Category Add-Edit/Add Category: Test Cases/ADMIN/Content Mgmt/Categories/Category Add-Edit/Add Category

2019-06-20 10:02:55 - [TEST_STEP][PASSED] - waitForElementVisible: Object 'Object Repository/ADMIN/Categories/Category List/button_Content Mgmt' is visible

2019-06-20 10:02:55 - [MESSAGE][WARNING] - Timeout '0' is invalid. Using default page load timeout: '30'

2019-06-20 10:02:55 - [MESSAGE][PASSED] - Object 'Object Repository/ADMIN/Categories/Category List/button_Content Mgmt' is visible

2019-06-20 10:02:55 - [TEST_STEP][PASSED] - click: Object: 'Object Repository/ADMIN/Categories/Category List/button_Content Mgmt' is clicked on

2019-06-20 10:02:55 - [MESSAGE][PASSED] - Object: 'Object Repository/ADMIN/Categories/Category List/button_Content Mgmt' is clicked on

2019-06-20 10:02:55 - [TEST_STEP][PASSED] - waitForElementVisible: Object 'Object Repository/ADMIN/Categories/Category List/button_Categories' is visible

2019-06-20 10:02:55 - [MESSAGE][WARNING] - Timeout '0' is invalid. Using default page load timeout: '30'

2019-06-20 10:02:55 - [MESSAGE][PASSED] - Object 'Object Repository/ADMIN/Categories/Category List/button_Categories' is visible

2019-06-20 10:02:55 - [TEST_STEP][PASSED] - click: Object: 'Object Repository/ADMIN/Categories/Category List/button_Categories' is clicked on

2019-06-20 10:02:56 - [MESSAGE][PASSED] - Object: 'Object Repository/ADMIN/Categories/Category List/button_Categories' is clicked on

2019-06-20 10:02:56 - [TEST_STEP][PASSED] - click: Object: 'Object Repository/ADMIN/Categories/Category List/button_Add a Category' is clicked on

2019-06-20 10:02:56 - [MESSAGE][PASSED] - Object: 'Object Repository/ADMIN/Categories/Category List/button_Add a Category' is clicked on

2019-06-20 10:02:56 - [TEST_STEP][PASSED] - waitForElementPresent: Object 'Object Repository/ADMIN/Categories/Category/dropdown_Parent' is present

2019-06-20 10:02:56 - [MESSAGE][PASSED] - Object 'Object Repository/ADMIN/Categories/Category/dropdown_Parent' is present

2019-06-20 10:02:56 - [TEST_STEP][PASSED] - delay: Delayed 1 second(s)

2019-06-20 10:02:57 - [MESSAGE][PASSED] - Delayed 1 second(s)

2019-06-20 10:02:57 - [TEST_STEP][PASSED] - setText: Text 'Category 12' is set on object 'Object Repository/ADMIN/Categories/Category/textfield_Category Name'

2019-06-20 10:02:57 - [MESSAGE][PASSED] - Text 'Category 12' is set on object 'Object Repository/ADMIN/Categories/Category/textfield_Category Name'

2019-06-20 10:02:57 - [TEST_STEP][PASSED] - click: Object: 'Object Repository/ADMIN/Categories/Category/dropdown_Parent' is clicked on

2019-06-20 10:02:57 - [MESSAGE][PASSED] - Object: 'Object Repository/ADMIN/Categories/Category/dropdown_Parent' is clicked on

2019-06-20 10:02:57 - [TEST_STEP][PASSED] - delay: Delayed 2 second(s)

2019-06-20 10:02:59 - [MESSAGE][PASSED] - Delayed 2 second(s)

2019-06-20 10:02:59 - [TEST_STEP][PASSED] - click: Object: 'Object Repository/ADMIN/Categories/Category/dropdown_Parent' is clicked on

2019-06-20 10:02:59 - [MESSAGE][PASSED] - Object: 'Object Repository/ADMIN/Categories/Category/dropdown_Parent' is clicked on

2019-06-20 10:02:59 - [TEST_STEP][PASSED] - selectOptionByLabel: All options with label '-' are selected in object 'Object Repository/ADMIN/Categories/Category/dropdown_Parent' 

2019-06-20 10:02:59 - [MESSAGE][PASSED] - All options with label '-' are selected in object 'Object Repository/ADMIN/Categories/Category/dropdown_Parent' 

2019-06-20 10:02:59 - [TEST_STEP][PASSED] - click: Object: 'Object Repository/ADMIN/Categories/Category/button_Browse' is clicked on

2019-06-20 10:03:00 - [MESSAGE][PASSED] - Object: 'Object Repository/ADMIN/Categories/Category/button_Browse' is clicked on

2019-06-20 10:03:00 - [TEST_STEP][PASSED] - delay: Delayed 2 second(s)

2019-06-20 10:03:02 - [MESSAGE][PASSED] - Delayed 2 second(s)

2019-06-20 10:03:02 - [TEST_STEP][PASSED] - uploadFile: File 'C:\\Katalon\\Image\\pic1.jpg' sent to object: 'Object Repository/ADMIN/Categories/Category/image_input image'

2019-06-20 10:03:02 - [MESSAGE][PASSED] - File 'C:\\Katalon\\Image\\pic1.jpg' sent to object: 'Object Repository/ADMIN/Categories/Category/image_input image'

2019-06-20 10:03:02 - [TEST_STEP][PASSED] - waitForElementVisible: Object 'Object Repository/ADMIN/Categories/Category/button_upload check' is visible

2019-06-20 10:03:02 - [MESSAGE][WARNING] - Timeout '0' is invalid. Using default page load timeout: '30'

2019-06-20 10:03:02 - [MESSAGE][PASSED] - Object 'Object Repository/ADMIN/Categories/Category/button_upload check' is visible

2019-06-20 10:03:02 - [TEST_STEP][PASSED] - click: Object: 'Object Repository/ADMIN/Categories/Category/button_upload check' is clicked on

2019-06-20 10:03:02 - [MESSAGE][PASSED] - Object: 'Object Repository/ADMIN/Categories/Category/button_upload check' is clicked on

2019-06-20 10:03:02 - [TEST_STEP][PASSED] - waitForElementVisible: Object 'Object Repository/ADMIN/Categories/Category/button_upload save' is visible

2019-06-20 10:03:02 - [MESSAGE][WARNING] - Timeout '0' is invalid. Using default page load timeout: '30'

2019-06-20 10:03:02 - [MESSAGE][PASSED] - Object 'Object Repository/ADMIN/Categories/Category/button_upload save' is visible

2019-06-20 10:03:02 - [TEST_STEP][PASSED] - click: Object: 'Object Repository/ADMIN/Categories/Category/button_upload save' is clicked on

2019-06-20 10:03:02 - [MESSAGE][PASSED] - Object: 'Object Repository/ADMIN/Categories/Category/button_upload save' is clicked on

2019-06-20 10:03:02 - [TEST_STEP][PASSED] - setText: Text 'Description86' is set on object 'Object Repository/ADMIN/Categories/Category/textfield_category_description'

2019-06-20 10:03:02 - [MESSAGE][PASSED] - Text 'Description86' is set on object 'Object Repository/ADMIN/Categories/Category/textfield_category_description'

2019-06-20 10:03:02 - [TEST_STEP][PASSED] - click: Object: 'Object Repository/ADMIN/Categories/Category/button_Save' is clicked on

2019-06-20 10:03:02 - [MESSAGE][PASSED] - Object: 'Object Repository/ADMIN/Categories/Category/button_Save' is clicked on

2019-06-20 10:03:02 - [TEST_STEP][PASSED] - waitForElementVisible: Object 'Object Repository/ADMIN/Categories/Category/label_edit popup' is visible

2019-06-20 10:03:02 - [MESSAGE][WARNING] - Timeout '0' is invalid. Using default page load timeout: '30'

2019-06-20 10:03:03 - [MESSAGE][PASSED] - Object 'Object Repository/ADMIN/Categories/Category/label_edit popup' is visible

2019-06-20 10:03:03 - [TEST_STEP][PASSED] - waitForElementNotPresent: Web element with id: 'Object Repository/ADMIN/Categories/Category/label_edit popup' located by 'By.xpath: //div[(text() = 'Category was successfully saved.' or . = 'Category was successfully saved.')]' is not present after '30' second(s)

2019-06-20 10:03:03 - [MESSAGE][WARNING] - Timeout '0' is invalid. Using default page load timeout: '30'

2019-06-20 10:03:09 - [MESSAGE][PASSED] - Web element with id: 'Object Repository/ADMIN/Categories/Category/label_edit popup' located by 'By.xpath: //div[(text() = 'Category was successfully saved.' or . = 'Category was successfully saved.')]' is not present after '30' second(s)]]></system-out>
         <system-err><![CDATA[]]></system-err>
      </testcase>
      <testcase name="Test Cases/ADMIN/Content Mgmt/Categories/Category Add-Edit/Add Category" classname="Test Cases/ADMIN/Content Mgmt/Categories/Category Add-Edit/Add Category" status="PASSED">
         <system-out><![CDATA[2019-06-20 10:03:09 - [TEST_CASE][PASSED] - Test Cases/ADMIN/Content Mgmt/Categories/Category Add-Edit/Add Category: Test Cases/ADMIN/Content Mgmt/Categories/Category Add-Edit/Add Category

2019-06-20 10:03:09 - [TEST_STEP][PASSED] - waitForElementVisible: Object 'Object Repository/ADMIN/Categories/Category List/button_Content Mgmt' is visible

2019-06-20 10:03:09 - [MESSAGE][WARNING] - Timeout '0' is invalid. Using default page load timeout: '30'

2019-06-20 10:03:09 - [MESSAGE][PASSED] - Object 'Object Repository/ADMIN/Categories/Category List/button_Content Mgmt' is visible

2019-06-20 10:03:09 - [TEST_STEP][PASSED] - click: Object: 'Object Repository/ADMIN/Categories/Category List/button_Content Mgmt' is clicked on

2019-06-20 10:03:09 - [MESSAGE][PASSED] - Object: 'Object Repository/ADMIN/Categories/Category List/button_Content Mgmt' is clicked on

2019-06-20 10:03:09 - [TEST_STEP][PASSED] - waitForElementVisible: Object 'Object Repository/ADMIN/Categories/Category List/button_Categories' is visible

2019-06-20 10:03:09 - [MESSAGE][WARNING] - Timeout '0' is invalid. Using default page load timeout: '30'

2019-06-20 10:03:09 - [MESSAGE][PASSED] - Object 'Object Repository/ADMIN/Categories/Category List/button_Categories' is visible

2019-06-20 10:03:09 - [TEST_STEP][PASSED] - click: Object: 'Object Repository/ADMIN/Categories/Category List/button_Categories' is clicked on

2019-06-20 10:03:10 - [MESSAGE][PASSED] - Object: 'Object Repository/ADMIN/Categories/Category List/button_Categories' is clicked on

2019-06-20 10:03:10 - [TEST_STEP][PASSED] - click: Object: 'Object Repository/ADMIN/Categories/Category List/button_Add a Category' is clicked on

2019-06-20 10:03:10 - [MESSAGE][PASSED] - Object: 'Object Repository/ADMIN/Categories/Category List/button_Add a Category' is clicked on

2019-06-20 10:03:10 - [TEST_STEP][PASSED] - waitForElementPresent: Object 'Object Repository/ADMIN/Categories/Category/dropdown_Parent' is present

2019-06-20 10:03:10 - [MESSAGE][PASSED] - Object 'Object Repository/ADMIN/Categories/Category/dropdown_Parent' is present

2019-06-20 10:03:10 - [TEST_STEP][PASSED] - delay: Delayed 1 second(s)

2019-06-20 10:03:11 - [MESSAGE][PASSED] - Delayed 1 second(s)

2019-06-20 10:03:11 - [TEST_STEP][PASSED] - setText: Text 'Category 13' is set on object 'Object Repository/ADMIN/Categories/Category/textfield_Category Name'

2019-06-20 10:03:11 - [MESSAGE][PASSED] - Text 'Category 13' is set on object 'Object Repository/ADMIN/Categories/Category/textfield_Category Name'

2019-06-20 10:03:11 - [TEST_STEP][PASSED] - click: Object: 'Object Repository/ADMIN/Categories/Category/dropdown_Parent' is clicked on

2019-06-20 10:03:12 - [MESSAGE][PASSED] - Object: 'Object Repository/ADMIN/Categories/Category/dropdown_Parent' is clicked on

2019-06-20 10:03:12 - [TEST_STEP][PASSED] - delay: Delayed 2 second(s)

2019-06-20 10:03:14 - [MESSAGE][PASSED] - Delayed 2 second(s)

2019-06-20 10:03:14 - [TEST_STEP][PASSED] - click: Object: 'Object Repository/ADMIN/Categories/Category/dropdown_Parent' is clicked on

2019-06-20 10:03:14 - [MESSAGE][PASSED] - Object: 'Object Repository/ADMIN/Categories/Category/dropdown_Parent' is clicked on

2019-06-20 10:03:14 - [TEST_STEP][PASSED] - selectOptionByLabel: All options with label '-' are selected in object 'Object Repository/ADMIN/Categories/Category/dropdown_Parent' 

2019-06-20 10:03:14 - [MESSAGE][PASSED] - All options with label '-' are selected in object 'Object Repository/ADMIN/Categories/Category/dropdown_Parent' 

2019-06-20 10:03:14 - [TEST_STEP][PASSED] - click: Object: 'Object Repository/ADMIN/Categories/Category/button_Browse' is clicked on

2019-06-20 10:03:14 - [MESSAGE][PASSED] - Object: 'Object Repository/ADMIN/Categories/Category/button_Browse' is clicked on

2019-06-20 10:03:14 - [TEST_STEP][PASSED] - delay: Delayed 2 second(s)

2019-06-20 10:03:16 - [MESSAGE][PASSED] - Delayed 2 second(s)

2019-06-20 10:03:16 - [TEST_STEP][PASSED] - uploadFile: File 'C:\\Katalon\\Image\\pic2.jpg' sent to object: 'Object Repository/ADMIN/Categories/Category/image_input image'

2019-06-20 10:03:16 - [MESSAGE][PASSED] - File 'C:\\Katalon\\Image\\pic2.jpg' sent to object: 'Object Repository/ADMIN/Categories/Category/image_input image'

2019-06-20 10:03:16 - [TEST_STEP][PASSED] - waitForElementVisible: Object 'Object Repository/ADMIN/Categories/Category/button_upload check' is visible

2019-06-20 10:03:16 - [MESSAGE][WARNING] - Timeout '0' is invalid. Using default page load timeout: '30'

2019-06-20 10:03:16 - [MESSAGE][PASSED] - Object 'Object Repository/ADMIN/Categories/Category/button_upload check' is visible

2019-06-20 10:03:16 - [TEST_STEP][PASSED] - click: Object: 'Object Repository/ADMIN/Categories/Category/button_upload check' is clicked on

2019-06-20 10:03:16 - [MESSAGE][PASSED] - Object: 'Object Repository/ADMIN/Categories/Category/button_upload check' is clicked on

2019-06-20 10:03:16 - [TEST_STEP][PASSED] - waitForElementVisible: Object 'Object Repository/ADMIN/Categories/Category/button_upload save' is visible

2019-06-20 10:03:16 - [MESSAGE][WARNING] - Timeout '0' is invalid. Using default page load timeout: '30'

2019-06-20 10:03:16 - [MESSAGE][PASSED] - Object 'Object Repository/ADMIN/Categories/Category/button_upload save' is visible

2019-06-20 10:03:16 - [TEST_STEP][PASSED] - click: Object: 'Object Repository/ADMIN/Categories/Category/button_upload save' is clicked on

2019-06-20 10:03:16 - [MESSAGE][PASSED] - Object: 'Object Repository/ADMIN/Categories/Category/button_upload save' is clicked on

2019-06-20 10:03:16 - [TEST_STEP][PASSED] - setText: Text 'Description87' is set on object 'Object Repository/ADMIN/Categories/Category/textfield_category_description'

2019-06-20 10:03:16 - [MESSAGE][PASSED] - Text 'Description87' is set on object 'Object Repository/ADMIN/Categories/Category/textfield_category_description'

2019-06-20 10:03:16 - [TEST_STEP][PASSED] - click: Object: 'Object Repository/ADMIN/Categories/Category/button_Save' is clicked on

2019-06-20 10:03:16 - [MESSAGE][PASSED] - Object: 'Object Repository/ADMIN/Categories/Category/button_Save' is clicked on

2019-06-20 10:03:16 - [TEST_STEP][PASSED] - waitForElementVisible: Object 'Object Repository/ADMIN/Categories/Category/label_edit popup' is visible

2019-06-20 10:03:16 - [MESSAGE][WARNING] - Timeout '0' is invalid. Using default page load timeout: '30'

2019-06-20 10:03:19 - [MESSAGE][PASSED] - Object 'Object Repository/ADMIN/Categories/Category/label_edit popup' is visible

2019-06-20 10:03:19 - [TEST_STEP][PASSED] - waitForElementNotPresent: Web element with id: 'Object Repository/ADMIN/Categories/Category/label_edit popup' located by 'By.xpath: //div[(text() = 'Category was successfully saved.' or . = 'Category was successfully saved.')]' is not present after '30' second(s)

2019-06-20 10:03:19 - [MESSAGE][WARNING] - Timeout '0' is invalid. Using default page load timeout: '30'

2019-06-20 10:03:23 - [MESSAGE][PASSED] - Web element with id: 'Object Repository/ADMIN/Categories/Category/label_edit popup' located by 'By.xpath: //div[(text() = 'Category was successfully saved.' or . = 'Category was successfully saved.')]' is not present after '30' second(s)]]></system-out>
         <system-err><![CDATA[]]></system-err>
      </testcase>
      <testcase name="Test Cases/ADMIN/Content Mgmt/Categories/Category Add-Edit/Add Category" classname="Test Cases/ADMIN/Content Mgmt/Categories/Category Add-Edit/Add Category" status="PASSED">
         <system-out><![CDATA[2019-06-20 10:03:23 - [TEST_CASE][PASSED] - Test Cases/ADMIN/Content Mgmt/Categories/Category Add-Edit/Add Category: Test Cases/ADMIN/Content Mgmt/Categories/Category Add-Edit/Add Category

2019-06-20 10:03:23 - [TEST_STEP][PASSED] - waitForElementVisible: Object 'Object Repository/ADMIN/Categories/Category List/button_Content Mgmt' is visible

2019-06-20 10:03:23 - [MESSAGE][WARNING] - Timeout '0' is invalid. Using default page load timeout: '30'

2019-06-20 10:03:23 - [MESSAGE][PASSED] - Object 'Object Repository/ADMIN/Categories/Category List/button_Content Mgmt' is visible

2019-06-20 10:03:23 - [TEST_STEP][PASSED] - click: Object: 'Object Repository/ADMIN/Categories/Category List/button_Content Mgmt' is clicked on

2019-06-20 10:03:23 - [MESSAGE][PASSED] - Object: 'Object Repository/ADMIN/Categories/Category List/button_Content Mgmt' is clicked on

2019-06-20 10:03:23 - [TEST_STEP][PASSED] - waitForElementVisible: Object 'Object Repository/ADMIN/Categories/Category List/button_Categories' is visible

2019-06-20 10:03:23 - [MESSAGE][WARNING] - Timeout '0' is invalid. Using default page load timeout: '30'

2019-06-20 10:03:23 - [MESSAGE][PASSED] - Object 'Object Repository/ADMIN/Categories/Category List/button_Categories' is visible

2019-06-20 10:03:23 - [TEST_STEP][PASSED] - click: Object: 'Object Repository/ADMIN/Categories/Category List/button_Categories' is clicked on

2019-06-20 10:03:24 - [MESSAGE][PASSED] - Object: 'Object Repository/ADMIN/Categories/Category List/button_Categories' is clicked on

2019-06-20 10:03:24 - [TEST_STEP][PASSED] - click: Object: 'Object Repository/ADMIN/Categories/Category List/button_Add a Category' is clicked on

2019-06-20 10:03:24 - [MESSAGE][PASSED] - Object: 'Object Repository/ADMIN/Categories/Category List/button_Add a Category' is clicked on

2019-06-20 10:03:24 - [TEST_STEP][PASSED] - waitForElementPresent: Object 'Object Repository/ADMIN/Categories/Category/dropdown_Parent' is present

2019-06-20 10:03:24 - [MESSAGE][PASSED] - Object 'Object Repository/ADMIN/Categories/Category/dropdown_Parent' is present

2019-06-20 10:03:24 - [TEST_STEP][PASSED] - delay: Delayed 1 second(s)

2019-06-20 10:03:25 - [MESSAGE][PASSED] - Delayed 1 second(s)

2019-06-20 10:03:25 - [TEST_STEP][PASSED] - setText: Text 'Category 14' is set on object 'Object Repository/ADMIN/Categories/Category/textfield_Category Name'

2019-06-20 10:03:26 - [MESSAGE][PASSED] - Text 'Category 14' is set on object 'Object Repository/ADMIN/Categories/Category/textfield_Category Name'

2019-06-20 10:03:26 - [TEST_STEP][PASSED] - click: Object: 'Object Repository/ADMIN/Categories/Category/dropdown_Parent' is clicked on

2019-06-20 10:03:26 - [MESSAGE][PASSED] - Object: 'Object Repository/ADMIN/Categories/Category/dropdown_Parent' is clicked on

2019-06-20 10:03:26 - [TEST_STEP][PASSED] - delay: Delayed 2 second(s)

2019-06-20 10:03:28 - [MESSAGE][PASSED] - Delayed 2 second(s)

2019-06-20 10:03:28 - [TEST_STEP][PASSED] - click: Object: 'Object Repository/ADMIN/Categories/Category/dropdown_Parent' is clicked on

2019-06-20 10:03:28 - [MESSAGE][PASSED] - Object: 'Object Repository/ADMIN/Categories/Category/dropdown_Parent' is clicked on

2019-06-20 10:03:28 - [TEST_STEP][PASSED] - selectOptionByLabel: All options with label '-' are selected in object 'Object Repository/ADMIN/Categories/Category/dropdown_Parent' 

2019-06-20 10:03:28 - [MESSAGE][PASSED] - All options with label '-' are selected in object 'Object Repository/ADMIN/Categories/Category/dropdown_Parent' 

2019-06-20 10:03:28 - [TEST_STEP][PASSED] - click: Object: 'Object Repository/ADMIN/Categories/Category/button_Browse' is clicked on

2019-06-20 10:03:28 - [MESSAGE][PASSED] - Object: 'Object Repository/ADMIN/Categories/Category/button_Browse' is clicked on

2019-06-20 10:03:28 - [TEST_STEP][PASSED] - delay: Delayed 2 second(s)

2019-06-20 10:03:30 - [MESSAGE][PASSED] - Delayed 2 second(s)

2019-06-20 10:03:30 - [TEST_STEP][PASSED] - uploadFile: File 'C:\\Katalon\\Image\\pic3.jpg' sent to object: 'Object Repository/ADMIN/Categories/Category/image_input image'

2019-06-20 10:03:30 - [MESSAGE][PASSED] - File 'C:\\Katalon\\Image\\pic3.jpg' sent to object: 'Object Repository/ADMIN/Categories/Category/image_input image'

2019-06-20 10:03:30 - [TEST_STEP][PASSED] - waitForElementVisible: Object 'Object Repository/ADMIN/Categories/Category/button_upload check' is visible

2019-06-20 10:03:30 - [MESSAGE][WARNING] - Timeout '0' is invalid. Using default page load timeout: '30'

2019-06-20 10:03:30 - [MESSAGE][PASSED] - Object 'Object Repository/ADMIN/Categories/Category/button_upload check' is visible

2019-06-20 10:03:30 - [TEST_STEP][PASSED] - click: Object: 'Object Repository/ADMIN/Categories/Category/button_upload check' is clicked on

2019-06-20 10:03:30 - [MESSAGE][PASSED] - Object: 'Object Repository/ADMIN/Categories/Category/button_upload check' is clicked on

2019-06-20 10:03:30 - [TEST_STEP][PASSED] - waitForElementVisible: Object 'Object Repository/ADMIN/Categories/Category/button_upload save' is visible

2019-06-20 10:03:30 - [MESSAGE][WARNING] - Timeout '0' is invalid. Using default page load timeout: '30'

2019-06-20 10:03:30 - [MESSAGE][PASSED] - Object 'Object Repository/ADMIN/Categories/Category/button_upload save' is visible

2019-06-20 10:03:30 - [TEST_STEP][PASSED] - click: Object: 'Object Repository/ADMIN/Categories/Category/button_upload save' is clicked on

2019-06-20 10:03:30 - [MESSAGE][PASSED] - Object: 'Object Repository/ADMIN/Categories/Category/button_upload save' is clicked on

2019-06-20 10:03:30 - [TEST_STEP][PASSED] - setText: Text 'Description88' is set on object 'Object Repository/ADMIN/Categories/Category/textfield_category_description'

2019-06-20 10:03:30 - [MESSAGE][PASSED] - Text 'Description88' is set on object 'Object Repository/ADMIN/Categories/Category/textfield_category_description'

2019-06-20 10:03:30 - [TEST_STEP][PASSED] - click: Object: 'Object Repository/ADMIN/Categories/Category/button_Save' is clicked on

2019-06-20 10:03:31 - [MESSAGE][PASSED] - Object: 'Object Repository/ADMIN/Categories/Category/button_Save' is clicked on

2019-06-20 10:03:31 - [TEST_STEP][PASSED] - waitForElementVisible: Object 'Object Repository/ADMIN/Categories/Category/label_edit popup' is visible

2019-06-20 10:03:31 - [MESSAGE][WARNING] - Timeout '0' is invalid. Using default page load timeout: '30'

2019-06-20 10:03:32 - [MESSAGE][PASSED] - Object 'Object Repository/ADMIN/Categories/Category/label_edit popup' is visible

2019-06-20 10:03:32 - [TEST_STEP][PASSED] - waitForElementNotPresent: Web element with id: 'Object Repository/ADMIN/Categories/Category/label_edit popup' located by 'By.xpath: //div[(text() = 'Category was successfully saved.' or . = 'Category was successfully saved.')]' is not present after '30' second(s)

2019-06-20 10:03:32 - [MESSAGE][WARNING] - Timeout '0' is invalid. Using default page load timeout: '30'

2019-06-20 10:03:38 - [MESSAGE][PASSED] - Web element with id: 'Object Repository/ADMIN/Categories/Category/label_edit popup' located by 'By.xpath: //div[(text() = 'Category was successfully saved.' or . = 'Category was successfully saved.')]' is not present after '30' second(s)]]></system-out>
         <system-err><![CDATA[]]></system-err>
      </testcase>
      <testcase name="Test Cases/ADMIN/Content Mgmt/Categories/Category Add-Edit/Add Category" classname="Test Cases/ADMIN/Content Mgmt/Categories/Category Add-Edit/Add Category" status="PASSED">
         <system-out><![CDATA[2019-06-20 10:03:38 - [TEST_CASE][PASSED] - Test Cases/ADMIN/Content Mgmt/Categories/Category Add-Edit/Add Category: Test Cases/ADMIN/Content Mgmt/Categories/Category Add-Edit/Add Category

2019-06-20 10:03:38 - [TEST_STEP][PASSED] - waitForElementVisible: Object 'Object Repository/ADMIN/Categories/Category List/button_Content Mgmt' is visible

2019-06-20 10:03:38 - [MESSAGE][WARNING] - Timeout '0' is invalid. Using default page load timeout: '30'

2019-06-20 10:03:38 - [MESSAGE][PASSED] - Object 'Object Repository/ADMIN/Categories/Category List/button_Content Mgmt' is visible

2019-06-20 10:03:38 - [TEST_STEP][PASSED] - click: Object: 'Object Repository/ADMIN/Categories/Category List/button_Content Mgmt' is clicked on

2019-06-20 10:03:38 - [MESSAGE][PASSED] - Object: 'Object Repository/ADMIN/Categories/Category List/button_Content Mgmt' is clicked on

2019-06-20 10:03:38 - [TEST_STEP][PASSED] - waitForElementVisible: Object 'Object Repository/ADMIN/Categories/Category List/button_Categories' is visible

2019-06-20 10:03:38 - [MESSAGE][WARNING] - Timeout '0' is invalid. Using default page load timeout: '30'

2019-06-20 10:03:38 - [MESSAGE][PASSED] - Object 'Object Repository/ADMIN/Categories/Category List/button_Categories' is visible

2019-06-20 10:03:38 - [TEST_STEP][PASSED] - click: Object: 'Object Repository/ADMIN/Categories/Category List/button_Categories' is clicked on

2019-06-20 10:03:39 - [MESSAGE][PASSED] - Object: 'Object Repository/ADMIN/Categories/Category List/button_Categories' is clicked on

2019-06-20 10:03:39 - [TEST_STEP][PASSED] - click: Object: 'Object Repository/ADMIN/Categories/Category List/button_Add a Category' is clicked on

2019-06-20 10:03:40 - [MESSAGE][PASSED] - Object: 'Object Repository/ADMIN/Categories/Category List/button_Add a Category' is clicked on

2019-06-20 10:03:40 - [TEST_STEP][PASSED] - waitForElementPresent: Object 'Object Repository/ADMIN/Categories/Category/dropdown_Parent' is present

2019-06-20 10:03:40 - [MESSAGE][PASSED] - Object 'Object Repository/ADMIN/Categories/Category/dropdown_Parent' is present

2019-06-20 10:03:40 - [TEST_STEP][PASSED] - delay: Delayed 1 second(s)

2019-06-20 10:03:41 - [MESSAGE][PASSED] - Delayed 1 second(s)

2019-06-20 10:03:41 - [TEST_STEP][PASSED] - setText: Text 'Category 15' is set on object 'Object Repository/ADMIN/Categories/Category/textfield_Category Name'

2019-06-20 10:03:41 - [MESSAGE][PASSED] - Text 'Category 15' is set on object 'Object Repository/ADMIN/Categories/Category/textfield_Category Name'

2019-06-20 10:03:41 - [TEST_STEP][PASSED] - click: Object: 'Object Repository/ADMIN/Categories/Category/dropdown_Parent' is clicked on

2019-06-20 10:03:41 - [MESSAGE][PASSED] - Object: 'Object Repository/ADMIN/Categories/Category/dropdown_Parent' is clicked on

2019-06-20 10:03:41 - [TEST_STEP][PASSED] - delay: Delayed 2 second(s)

2019-06-20 10:03:43 - [MESSAGE][PASSED] - Delayed 2 second(s)

2019-06-20 10:03:43 - [TEST_STEP][PASSED] - click: Object: 'Object Repository/ADMIN/Categories/Category/dropdown_Parent' is clicked on

2019-06-20 10:03:43 - [MESSAGE][PASSED] - Object: 'Object Repository/ADMIN/Categories/Category/dropdown_Parent' is clicked on

2019-06-20 10:03:43 - [TEST_STEP][PASSED] - selectOptionByLabel: All options with label '-' are selected in object 'Object Repository/ADMIN/Categories/Category/dropdown_Parent' 

2019-06-20 10:03:43 - [MESSAGE][PASSED] - All options with label '-' are selected in object 'Object Repository/ADMIN/Categories/Category/dropdown_Parent' 

2019-06-20 10:03:43 - [TEST_STEP][PASSED] - click: Object: 'Object Repository/ADMIN/Categories/Category/button_Browse' is clicked on

2019-06-20 10:03:43 - [MESSAGE][PASSED] - Object: 'Object Repository/ADMIN/Categories/Category/button_Browse' is clicked on

2019-06-20 10:03:43 - [TEST_STEP][PASSED] - delay: Delayed 2 second(s)

2019-06-20 10:03:45 - [MESSAGE][PASSED] - Delayed 2 second(s)

2019-06-20 10:03:45 - [TEST_STEP][PASSED] - uploadFile: File 'C:\\Katalon\\Image\\pic4.jpg' sent to object: 'Object Repository/ADMIN/Categories/Category/image_input image'

2019-06-20 10:03:45 - [MESSAGE][PASSED] - File 'C:\\Katalon\\Image\\pic4.jpg' sent to object: 'Object Repository/ADMIN/Categories/Category/image_input image'

2019-06-20 10:03:45 - [TEST_STEP][PASSED] - waitForElementVisible: Object 'Object Repository/ADMIN/Categories/Category/button_upload check' is visible

2019-06-20 10:03:45 - [MESSAGE][WARNING] - Timeout '0' is invalid. Using default page load timeout: '30'

2019-06-20 10:03:45 - [MESSAGE][PASSED] - Object 'Object Repository/ADMIN/Categories/Category/button_upload check' is visible

2019-06-20 10:03:45 - [TEST_STEP][PASSED] - click: Object: 'Object Repository/ADMIN/Categories/Category/button_upload check' is clicked on

2019-06-20 10:03:45 - [MESSAGE][PASSED] - Object: 'Object Repository/ADMIN/Categories/Category/button_upload check' is clicked on

2019-06-20 10:03:45 - [TEST_STEP][PASSED] - waitForElementVisible: Object 'Object Repository/ADMIN/Categories/Category/button_upload save' is visible

2019-06-20 10:03:45 - [MESSAGE][WARNING] - Timeout '0' is invalid. Using default page load timeout: '30'

2019-06-20 10:03:45 - [MESSAGE][PASSED] - Object 'Object Repository/ADMIN/Categories/Category/button_upload save' is visible

2019-06-20 10:03:45 - [TEST_STEP][PASSED] - click: Object: 'Object Repository/ADMIN/Categories/Category/button_upload save' is clicked on

2019-06-20 10:03:45 - [MESSAGE][PASSED] - Object: 'Object Repository/ADMIN/Categories/Category/button_upload save' is clicked on

2019-06-20 10:03:45 - [TEST_STEP][PASSED] - setText: Text 'Description89' is set on object 'Object Repository/ADMIN/Categories/Category/textfield_category_description'

2019-06-20 10:03:46 - [MESSAGE][PASSED] - Text 'Description89' is set on object 'Object Repository/ADMIN/Categories/Category/textfield_category_description'

2019-06-20 10:03:46 - [TEST_STEP][PASSED] - click: Object: 'Object Repository/ADMIN/Categories/Category/button_Save' is clicked on

2019-06-20 10:03:46 - [MESSAGE][PASSED] - Object: 'Object Repository/ADMIN/Categories/Category/button_Save' is clicked on

2019-06-20 10:03:46 - [TEST_STEP][PASSED] - waitForElementVisible: Object 'Object Repository/ADMIN/Categories/Category/label_edit popup' is visible

2019-06-20 10:03:46 - [MESSAGE][WARNING] - Timeout '0' is invalid. Using default page load timeout: '30'

2019-06-20 10:03:47 - [MESSAGE][PASSED] - Object 'Object Repository/ADMIN/Categories/Category/label_edit popup' is visible

2019-06-20 10:03:47 - [TEST_STEP][PASSED] - waitForElementNotPresent: Web element with id: 'Object Repository/ADMIN/Categories/Category/label_edit popup' located by 'By.xpath: //div[(text() = 'Category was successfully saved.' or . = 'Category was successfully saved.')]' is not present after '30' second(s)

2019-06-20 10:03:47 - [MESSAGE][WARNING] - Timeout '0' is invalid. Using default page load timeout: '30'

2019-06-20 10:03:53 - [MESSAGE][PASSED] - Web element with id: 'Object Repository/ADMIN/Categories/Category/label_edit popup' located by 'By.xpath: //div[(text() = 'Category was successfully saved.' or . = 'Category was successfully saved.')]' is not present after '30' second(s)]]></system-out>
         <system-err><![CDATA[]]></system-err>
      </testcase>
      <testcase name="Test Cases/ADMIN/Content Mgmt/Categories/Category Add-Edit/Add Category" classname="Test Cases/ADMIN/Content Mgmt/Categories/Category Add-Edit/Add Category" status="PASSED">
         <system-out><![CDATA[2019-06-20 10:03:53 - [TEST_CASE][PASSED] - Test Cases/ADMIN/Content Mgmt/Categories/Category Add-Edit/Add Category: Test Cases/ADMIN/Content Mgmt/Categories/Category Add-Edit/Add Category

2019-06-20 10:03:53 - [TEST_STEP][PASSED] - waitForElementVisible: Object 'Object Repository/ADMIN/Categories/Category List/button_Content Mgmt' is visible

2019-06-20 10:03:53 - [MESSAGE][WARNING] - Timeout '0' is invalid. Using default page load timeout: '30'

2019-06-20 10:03:53 - [MESSAGE][PASSED] - Object 'Object Repository/ADMIN/Categories/Category List/button_Content Mgmt' is visible

2019-06-20 10:03:53 - [TEST_STEP][PASSED] - click: Object: 'Object Repository/ADMIN/Categories/Category List/button_Content Mgmt' is clicked on

2019-06-20 10:03:53 - [MESSAGE][PASSED] - Object: 'Object Repository/ADMIN/Categories/Category List/button_Content Mgmt' is clicked on

2019-06-20 10:03:53 - [TEST_STEP][PASSED] - waitForElementVisible: Object 'Object Repository/ADMIN/Categories/Category List/button_Categories' is visible

2019-06-20 10:03:53 - [MESSAGE][WARNING] - Timeout '0' is invalid. Using default page load timeout: '30'

2019-06-20 10:03:53 - [MESSAGE][PASSED] - Object 'Object Repository/ADMIN/Categories/Category List/button_Categories' is visible

2019-06-20 10:03:53 - [TEST_STEP][PASSED] - click: Object: 'Object Repository/ADMIN/Categories/Category List/button_Categories' is clicked on

2019-06-20 10:03:54 - [MESSAGE][PASSED] - Object: 'Object Repository/ADMIN/Categories/Category List/button_Categories' is clicked on

2019-06-20 10:03:54 - [TEST_STEP][PASSED] - click: Object: 'Object Repository/ADMIN/Categories/Category List/button_Add a Category' is clicked on

2019-06-20 10:03:54 - [MESSAGE][PASSED] - Object: 'Object Repository/ADMIN/Categories/Category List/button_Add a Category' is clicked on

2019-06-20 10:03:54 - [TEST_STEP][PASSED] - waitForElementPresent: Object 'Object Repository/ADMIN/Categories/Category/dropdown_Parent' is present

2019-06-20 10:03:55 - [MESSAGE][PASSED] - Object 'Object Repository/ADMIN/Categories/Category/dropdown_Parent' is present

2019-06-20 10:03:55 - [TEST_STEP][PASSED] - delay: Delayed 1 second(s)

2019-06-20 10:03:56 - [MESSAGE][PASSED] - Delayed 1 second(s)

2019-06-20 10:03:56 - [TEST_STEP][PASSED] - setText: Text 'Category 16' is set on object 'Object Repository/ADMIN/Categories/Category/textfield_Category Name'

2019-06-20 10:03:56 - [MESSAGE][PASSED] - Text 'Category 16' is set on object 'Object Repository/ADMIN/Categories/Category/textfield_Category Name'

2019-06-20 10:03:56 - [TEST_STEP][PASSED] - click: Object: 'Object Repository/ADMIN/Categories/Category/dropdown_Parent' is clicked on

2019-06-20 10:03:56 - [MESSAGE][PASSED] - Object: 'Object Repository/ADMIN/Categories/Category/dropdown_Parent' is clicked on

2019-06-20 10:03:56 - [TEST_STEP][PASSED] - delay: Delayed 2 second(s)

2019-06-20 10:03:58 - [MESSAGE][PASSED] - Delayed 2 second(s)

2019-06-20 10:03:58 - [TEST_STEP][PASSED] - click: Object: 'Object Repository/ADMIN/Categories/Category/dropdown_Parent' is clicked on

2019-06-20 10:03:58 - [MESSAGE][PASSED] - Object: 'Object Repository/ADMIN/Categories/Category/dropdown_Parent' is clicked on

2019-06-20 10:03:58 - [TEST_STEP][PASSED] - selectOptionByLabel: All options with label '-' are selected in object 'Object Repository/ADMIN/Categories/Category/dropdown_Parent' 

2019-06-20 10:03:58 - [MESSAGE][PASSED] - All options with label '-' are selected in object 'Object Repository/ADMIN/Categories/Category/dropdown_Parent' 

2019-06-20 10:03:58 - [TEST_STEP][PASSED] - click: Object: 'Object Repository/ADMIN/Categories/Category/button_Browse' is clicked on

2019-06-20 10:03:58 - [MESSAGE][PASSED] - Object: 'Object Repository/ADMIN/Categories/Category/button_Browse' is clicked on

2019-06-20 10:03:58 - [TEST_STEP][PASSED] - delay: Delayed 2 second(s)

2019-06-20 10:04:00 - [MESSAGE][PASSED] - Delayed 2 second(s)

2019-06-20 10:04:00 - [TEST_STEP][PASSED] - uploadFile: File 'C:\\Katalon\\Image\\pic5.jpg' sent to object: 'Object Repository/ADMIN/Categories/Category/image_input image'

2019-06-20 10:04:00 - [MESSAGE][PASSED] - File 'C:\\Katalon\\Image\\pic5.jpg' sent to object: 'Object Repository/ADMIN/Categories/Category/image_input image'

2019-06-20 10:04:00 - [TEST_STEP][PASSED] - waitForElementVisible: Object 'Object Repository/ADMIN/Categories/Category/button_upload check' is visible

2019-06-20 10:04:00 - [MESSAGE][WARNING] - Timeout '0' is invalid. Using default page load timeout: '30'

2019-06-20 10:04:00 - [MESSAGE][PASSED] - Object 'Object Repository/ADMIN/Categories/Category/button_upload check' is visible

2019-06-20 10:04:00 - [TEST_STEP][PASSED] - click: Object: 'Object Repository/ADMIN/Categories/Category/button_upload check' is clicked on

2019-06-20 10:04:00 - [MESSAGE][PASSED] - Object: 'Object Repository/ADMIN/Categories/Category/button_upload check' is clicked on

2019-06-20 10:04:00 - [TEST_STEP][PASSED] - waitForElementVisible: Object 'Object Repository/ADMIN/Categories/Category/button_upload save' is visible

2019-06-20 10:04:00 - [MESSAGE][WARNING] - Timeout '0' is invalid. Using default page load timeout: '30'

2019-06-20 10:04:00 - [MESSAGE][PASSED] - Object 'Object Repository/ADMIN/Categories/Category/button_upload save' is visible

2019-06-20 10:04:00 - [TEST_STEP][PASSED] - click: Object: 'Object Repository/ADMIN/Categories/Category/button_upload save' is clicked on

2019-06-20 10:04:00 - [MESSAGE][PASSED] - Object: 'Object Repository/ADMIN/Categories/Category/button_upload save' is clicked on

2019-06-20 10:04:00 - [TEST_STEP][PASSED] - setText: Text 'Description90' is set on object 'Object Repository/ADMIN/Categories/Category/textfield_category_description'

2019-06-20 10:04:01 - [MESSAGE][PASSED] - Text 'Description90' is set on object 'Object Repository/ADMIN/Categories/Category/textfield_category_description'

2019-06-20 10:04:01 - [TEST_STEP][PASSED] - click: Object: 'Object Repository/ADMIN/Categories/Category/button_Save' is clicked on

2019-06-20 10:04:01 - [MESSAGE][PASSED] - Object: 'Object Repository/ADMIN/Categories/Category/button_Save' is clicked on

2019-06-20 10:04:01 - [TEST_STEP][PASSED] - waitForElementVisible: Object 'Object Repository/ADMIN/Categories/Category/label_edit popup' is visible

2019-06-20 10:04:01 - [MESSAGE][WARNING] - Timeout '0' is invalid. Using default page load timeout: '30'

2019-06-20 10:04:03 - [MESSAGE][PASSED] - Object 'Object Repository/ADMIN/Categories/Category/label_edit popup' is visible

2019-06-20 10:04:03 - [TEST_STEP][PASSED] - waitForElementNotPresent: Web element with id: 'Object Repository/ADMIN/Categories/Category/label_edit popup' located by 'By.xpath: //div[(text() = 'Category was successfully saved.' or . = 'Category was successfully saved.')]' is not present after '30' second(s)

2019-06-20 10:04:03 - [MESSAGE][WARNING] - Timeout '0' is invalid. Using default page load timeout: '30'

2019-06-20 10:04:08 - [MESSAGE][PASSED] - Web element with id: 'Object Repository/ADMIN/Categories/Category/label_edit popup' located by 'By.xpath: //div[(text() = 'Category was successfully saved.' or . = 'Category was successfully saved.')]' is not present after '30' second(s)]]></system-out>
         <system-err><![CDATA[]]></system-err>
      </testcase>
      <testcase name="Test Cases/ADMIN/Content Mgmt/Categories/Category Add-Edit/Add Category" classname="Test Cases/ADMIN/Content Mgmt/Categories/Category Add-Edit/Add Category" status="PASSED">
         <system-out><![CDATA[2019-06-20 10:04:08 - [TEST_CASE][PASSED] - Test Cases/ADMIN/Content Mgmt/Categories/Category Add-Edit/Add Category: Test Cases/ADMIN/Content Mgmt/Categories/Category Add-Edit/Add Category

2019-06-20 10:04:08 - [TEST_STEP][PASSED] - waitForElementVisible: Object 'Object Repository/ADMIN/Categories/Category List/button_Content Mgmt' is visible

2019-06-20 10:04:08 - [MESSAGE][WARNING] - Timeout '0' is invalid. Using default page load timeout: '30'

2019-06-20 10:04:08 - [MESSAGE][PASSED] - Object 'Object Repository/ADMIN/Categories/Category List/button_Content Mgmt' is visible

2019-06-20 10:04:08 - [TEST_STEP][PASSED] - click: Object: 'Object Repository/ADMIN/Categories/Category List/button_Content Mgmt' is clicked on

2019-06-20 10:04:08 - [MESSAGE][PASSED] - Object: 'Object Repository/ADMIN/Categories/Category List/button_Content Mgmt' is clicked on

2019-06-20 10:04:08 - [TEST_STEP][PASSED] - waitForElementVisible: Object 'Object Repository/ADMIN/Categories/Category List/button_Categories' is visible

2019-06-20 10:04:08 - [MESSAGE][WARNING] - Timeout '0' is invalid. Using default page load timeout: '30'

2019-06-20 10:04:08 - [MESSAGE][PASSED] - Object 'Object Repository/ADMIN/Categories/Category List/button_Categories' is visible

2019-06-20 10:04:08 - [TEST_STEP][PASSED] - click: Object: 'Object Repository/ADMIN/Categories/Category List/button_Categories' is clicked on

2019-06-20 10:04:09 - [MESSAGE][PASSED] - Object: 'Object Repository/ADMIN/Categories/Category List/button_Categories' is clicked on

2019-06-20 10:04:09 - [TEST_STEP][PASSED] - click: Object: 'Object Repository/ADMIN/Categories/Category List/button_Add a Category' is clicked on

2019-06-20 10:04:09 - [MESSAGE][PASSED] - Object: 'Object Repository/ADMIN/Categories/Category List/button_Add a Category' is clicked on

2019-06-20 10:04:09 - [TEST_STEP][PASSED] - waitForElementPresent: Object 'Object Repository/ADMIN/Categories/Category/dropdown_Parent' is present

2019-06-20 10:04:10 - [MESSAGE][PASSED] - Object 'Object Repository/ADMIN/Categories/Category/dropdown_Parent' is present

2019-06-20 10:04:10 - [TEST_STEP][PASSED] - delay: Delayed 1 second(s)

2019-06-20 10:04:11 - [MESSAGE][PASSED] - Delayed 1 second(s)

2019-06-20 10:04:11 - [TEST_STEP][PASSED] - setText: Text 'Category 17' is set on object 'Object Repository/ADMIN/Categories/Category/textfield_Category Name'

2019-06-20 10:04:11 - [MESSAGE][PASSED] - Text 'Category 17' is set on object 'Object Repository/ADMIN/Categories/Category/textfield_Category Name'

2019-06-20 10:04:11 - [TEST_STEP][PASSED] - click: Object: 'Object Repository/ADMIN/Categories/Category/dropdown_Parent' is clicked on

2019-06-20 10:04:11 - [MESSAGE][PASSED] - Object: 'Object Repository/ADMIN/Categories/Category/dropdown_Parent' is clicked on

2019-06-20 10:04:11 - [TEST_STEP][PASSED] - delay: Delayed 2 second(s)

2019-06-20 10:04:13 - [MESSAGE][PASSED] - Delayed 2 second(s)

2019-06-20 10:04:13 - [TEST_STEP][PASSED] - click: Object: 'Object Repository/ADMIN/Categories/Category/dropdown_Parent' is clicked on

2019-06-20 10:04:13 - [MESSAGE][PASSED] - Object: 'Object Repository/ADMIN/Categories/Category/dropdown_Parent' is clicked on

2019-06-20 10:04:13 - [TEST_STEP][PASSED] - selectOptionByLabel: All options with label '-' are selected in object 'Object Repository/ADMIN/Categories/Category/dropdown_Parent' 

2019-06-20 10:04:13 - [MESSAGE][PASSED] - All options with label '-' are selected in object 'Object Repository/ADMIN/Categories/Category/dropdown_Parent' 

2019-06-20 10:04:13 - [TEST_STEP][PASSED] - click: Object: 'Object Repository/ADMIN/Categories/Category/button_Browse' is clicked on

2019-06-20 10:04:13 - [MESSAGE][PASSED] - Object: 'Object Repository/ADMIN/Categories/Category/button_Browse' is clicked on

2019-06-20 10:04:13 - [TEST_STEP][PASSED] - delay: Delayed 2 second(s)

2019-06-20 10:04:15 - [MESSAGE][PASSED] - Delayed 2 second(s)

2019-06-20 10:04:15 - [TEST_STEP][PASSED] - uploadFile: File 'C:\\Katalon\\Image\\pic6.jpg' sent to object: 'Object Repository/ADMIN/Categories/Category/image_input image'

2019-06-20 10:04:15 - [MESSAGE][PASSED] - File 'C:\\Katalon\\Image\\pic6.jpg' sent to object: 'Object Repository/ADMIN/Categories/Category/image_input image'

2019-06-20 10:04:15 - [TEST_STEP][PASSED] - waitForElementVisible: Object 'Object Repository/ADMIN/Categories/Category/button_upload check' is visible

2019-06-20 10:04:15 - [MESSAGE][WARNING] - Timeout '0' is invalid. Using default page load timeout: '30'

2019-06-20 10:04:15 - [MESSAGE][PASSED] - Object 'Object Repository/ADMIN/Categories/Category/button_upload check' is visible

2019-06-20 10:04:15 - [TEST_STEP][PASSED] - click: Object: 'Object Repository/ADMIN/Categories/Category/button_upload check' is clicked on

2019-06-20 10:04:15 - [MESSAGE][PASSED] - Object: 'Object Repository/ADMIN/Categories/Category/button_upload check' is clicked on

2019-06-20 10:04:15 - [TEST_STEP][PASSED] - waitForElementVisible: Object 'Object Repository/ADMIN/Categories/Category/button_upload save' is visible

2019-06-20 10:04:15 - [MESSAGE][WARNING] - Timeout '0' is invalid. Using default page load timeout: '30'

2019-06-20 10:04:15 - [MESSAGE][PASSED] - Object 'Object Repository/ADMIN/Categories/Category/button_upload save' is visible

2019-06-20 10:04:15 - [TEST_STEP][PASSED] - click: Object: 'Object Repository/ADMIN/Categories/Category/button_upload save' is clicked on

2019-06-20 10:04:15 - [MESSAGE][PASSED] - Object: 'Object Repository/ADMIN/Categories/Category/button_upload save' is clicked on

2019-06-20 10:04:15 - [TEST_STEP][PASSED] - setText: Text 'Description91' is set on object 'Object Repository/ADMIN/Categories/Category/textfield_category_description'

2019-06-20 10:04:16 - [MESSAGE][PASSED] - Text 'Description91' is set on object 'Object Repository/ADMIN/Categories/Category/textfield_category_description'

2019-06-20 10:04:16 - [TEST_STEP][PASSED] - click: Object: 'Object Repository/ADMIN/Categories/Category/button_Save' is clicked on

2019-06-20 10:04:16 - [MESSAGE][PASSED] - Object: 'Object Repository/ADMIN/Categories/Category/button_Save' is clicked on

2019-06-20 10:04:16 - [TEST_STEP][PASSED] - waitForElementVisible: Object 'Object Repository/ADMIN/Categories/Category/label_edit popup' is visible

2019-06-20 10:04:16 - [MESSAGE][WARNING] - Timeout '0' is invalid. Using default page load timeout: '30'

2019-06-20 10:04:17 - [MESSAGE][PASSED] - Object 'Object Repository/ADMIN/Categories/Category/label_edit popup' is visible

2019-06-20 10:04:17 - [TEST_STEP][PASSED] - waitForElementNotPresent: Web element with id: 'Object Repository/ADMIN/Categories/Category/label_edit popup' located by 'By.xpath: //div[(text() = 'Category was successfully saved.' or . = 'Category was successfully saved.')]' is not present after '30' second(s)

2019-06-20 10:04:17 - [MESSAGE][WARNING] - Timeout '0' is invalid. Using default page load timeout: '30'

2019-06-20 10:04:23 - [MESSAGE][PASSED] - Web element with id: 'Object Repository/ADMIN/Categories/Category/label_edit popup' located by 'By.xpath: //div[(text() = 'Category was successfully saved.' or . = 'Category was successfully saved.')]' is not present after '30' second(s)]]></system-out>
         <system-err><![CDATA[]]></system-err>
      </testcase>
      <testcase name="Test Cases/ADMIN/Content Mgmt/Categories/Category Add-Edit/Add Category" classname="Test Cases/ADMIN/Content Mgmt/Categories/Category Add-Edit/Add Category" status="PASSED">
         <system-out><![CDATA[2019-06-20 10:04:23 - [TEST_CASE][PASSED] - Test Cases/ADMIN/Content Mgmt/Categories/Category Add-Edit/Add Category: Test Cases/ADMIN/Content Mgmt/Categories/Category Add-Edit/Add Category

2019-06-20 10:04:23 - [TEST_STEP][PASSED] - waitForElementVisible: Object 'Object Repository/ADMIN/Categories/Category List/button_Content Mgmt' is visible

2019-06-20 10:04:23 - [MESSAGE][WARNING] - Timeout '0' is invalid. Using default page load timeout: '30'

2019-06-20 10:04:23 - [MESSAGE][PASSED] - Object 'Object Repository/ADMIN/Categories/Category List/button_Content Mgmt' is visible

2019-06-20 10:04:23 - [TEST_STEP][PASSED] - click: Object: 'Object Repository/ADMIN/Categories/Category List/button_Content Mgmt' is clicked on

2019-06-20 10:04:24 - [MESSAGE][PASSED] - Object: 'Object Repository/ADMIN/Categories/Category List/button_Content Mgmt' is clicked on

2019-06-20 10:04:24 - [TEST_STEP][PASSED] - waitForElementVisible: Object 'Object Repository/ADMIN/Categories/Category List/button_Categories' is visible

2019-06-20 10:04:24 - [MESSAGE][WARNING] - Timeout '0' is invalid. Using default page load timeout: '30'

2019-06-20 10:04:24 - [MESSAGE][PASSED] - Object 'Object Repository/ADMIN/Categories/Category List/button_Categories' is visible

2019-06-20 10:04:24 - [TEST_STEP][PASSED] - click: Object: 'Object Repository/ADMIN/Categories/Category List/button_Categories' is clicked on

2019-06-20 10:04:25 - [MESSAGE][PASSED] - Object: 'Object Repository/ADMIN/Categories/Category List/button_Categories' is clicked on

2019-06-20 10:04:25 - [TEST_STEP][PASSED] - click: Object: 'Object Repository/ADMIN/Categories/Category List/button_Add a Category' is clicked on

2019-06-20 10:04:25 - [MESSAGE][PASSED] - Object: 'Object Repository/ADMIN/Categories/Category List/button_Add a Category' is clicked on

2019-06-20 10:04:25 - [TEST_STEP][PASSED] - waitForElementPresent: Object 'Object Repository/ADMIN/Categories/Category/dropdown_Parent' is present

2019-06-20 10:04:25 - [MESSAGE][PASSED] - Object 'Object Repository/ADMIN/Categories/Category/dropdown_Parent' is present

2019-06-20 10:04:25 - [TEST_STEP][PASSED] - delay: Delayed 1 second(s)

2019-06-20 10:04:26 - [MESSAGE][PASSED] - Delayed 1 second(s)

2019-06-20 10:04:26 - [TEST_STEP][PASSED] - setText: Text 'Category 18' is set on object 'Object Repository/ADMIN/Categories/Category/textfield_Category Name'

2019-06-20 10:04:26 - [MESSAGE][PASSED] - Text 'Category 18' is set on object 'Object Repository/ADMIN/Categories/Category/textfield_Category Name'

2019-06-20 10:04:26 - [TEST_STEP][PASSED] - click: Object: 'Object Repository/ADMIN/Categories/Category/dropdown_Parent' is clicked on

2019-06-20 10:04:26 - [MESSAGE][PASSED] - Object: 'Object Repository/ADMIN/Categories/Category/dropdown_Parent' is clicked on

2019-06-20 10:04:26 - [TEST_STEP][PASSED] - delay: Delayed 2 second(s)

2019-06-20 10:04:28 - [MESSAGE][PASSED] - Delayed 2 second(s)

2019-06-20 10:04:28 - [TEST_STEP][PASSED] - click: Object: 'Object Repository/ADMIN/Categories/Category/dropdown_Parent' is clicked on

2019-06-20 10:04:28 - [MESSAGE][PASSED] - Object: 'Object Repository/ADMIN/Categories/Category/dropdown_Parent' is clicked on

2019-06-20 10:04:28 - [TEST_STEP][PASSED] - selectOptionByLabel: All options with label '-' are selected in object 'Object Repository/ADMIN/Categories/Category/dropdown_Parent' 

2019-06-20 10:04:28 - [MESSAGE][PASSED] - All options with label '-' are selected in object 'Object Repository/ADMIN/Categories/Category/dropdown_Parent' 

2019-06-20 10:04:28 - [TEST_STEP][PASSED] - click: Object: 'Object Repository/ADMIN/Categories/Category/button_Browse' is clicked on

2019-06-20 10:04:28 - [MESSAGE][PASSED] - Object: 'Object Repository/ADMIN/Categories/Category/button_Browse' is clicked on

2019-06-20 10:04:28 - [TEST_STEP][PASSED] - delay: Delayed 2 second(s)

2019-06-20 10:04:30 - [MESSAGE][PASSED] - Delayed 2 second(s)

2019-06-20 10:04:30 - [TEST_STEP][PASSED] - uploadFile: File 'C:\\Katalon\\Image\\pic7.jpg' sent to object: 'Object Repository/ADMIN/Categories/Category/image_input image'

2019-06-20 10:04:31 - [MESSAGE][PASSED] - File 'C:\\Katalon\\Image\\pic7.jpg' sent to object: 'Object Repository/ADMIN/Categories/Category/image_input image'

2019-06-20 10:04:31 - [TEST_STEP][PASSED] - waitForElementVisible: Object 'Object Repository/ADMIN/Categories/Category/button_upload check' is visible

2019-06-20 10:04:31 - [MESSAGE][WARNING] - Timeout '0' is invalid. Using default page load timeout: '30'

2019-06-20 10:04:31 - [MESSAGE][PASSED] - Object 'Object Repository/ADMIN/Categories/Category/button_upload check' is visible

2019-06-20 10:04:31 - [TEST_STEP][PASSED] - click: Object: 'Object Repository/ADMIN/Categories/Category/button_upload check' is clicked on

2019-06-20 10:04:31 - [MESSAGE][PASSED] - Object: 'Object Repository/ADMIN/Categories/Category/button_upload check' is clicked on

2019-06-20 10:04:31 - [TEST_STEP][PASSED] - waitForElementVisible: Object 'Object Repository/ADMIN/Categories/Category/button_upload save' is visible

2019-06-20 10:04:31 - [MESSAGE][WARNING] - Timeout '0' is invalid. Using default page load timeout: '30'

2019-06-20 10:04:31 - [MESSAGE][PASSED] - Object 'Object Repository/ADMIN/Categories/Category/button_upload save' is visible

2019-06-20 10:04:31 - [TEST_STEP][PASSED] - click: Object: 'Object Repository/ADMIN/Categories/Category/button_upload save' is clicked on

2019-06-20 10:04:31 - [MESSAGE][PASSED] - Object: 'Object Repository/ADMIN/Categories/Category/button_upload save' is clicked on

2019-06-20 10:04:31 - [TEST_STEP][PASSED] - setText: Text 'Description92' is set on object 'Object Repository/ADMIN/Categories/Category/textfield_category_description'

2019-06-20 10:04:31 - [MESSAGE][PASSED] - Text 'Description92' is set on object 'Object Repository/ADMIN/Categories/Category/textfield_category_description'

2019-06-20 10:04:31 - [TEST_STEP][PASSED] - click: Object: 'Object Repository/ADMIN/Categories/Category/button_Save' is clicked on

2019-06-20 10:04:31 - [MESSAGE][PASSED] - Object: 'Object Repository/ADMIN/Categories/Category/button_Save' is clicked on

2019-06-20 10:04:31 - [TEST_STEP][PASSED] - waitForElementVisible: Object 'Object Repository/ADMIN/Categories/Category/label_edit popup' is visible

2019-06-20 10:04:31 - [MESSAGE][WARNING] - Timeout '0' is invalid. Using default page load timeout: '30'

2019-06-20 10:04:32 - [MESSAGE][PASSED] - Object 'Object Repository/ADMIN/Categories/Category/label_edit popup' is visible

2019-06-20 10:04:32 - [TEST_STEP][PASSED] - waitForElementNotPresent: Web element with id: 'Object Repository/ADMIN/Categories/Category/label_edit popup' located by 'By.xpath: //div[(text() = 'Category was successfully saved.' or . = 'Category was successfully saved.')]' is not present after '30' second(s)

2019-06-20 10:04:32 - [MESSAGE][WARNING] - Timeout '0' is invalid. Using default page load timeout: '30'

2019-06-20 10:04:38 - [MESSAGE][PASSED] - Web element with id: 'Object Repository/ADMIN/Categories/Category/label_edit popup' located by 'By.xpath: //div[(text() = 'Category was successfully saved.' or . = 'Category was successfully saved.')]' is not present after '30' second(s)]]></system-out>
         <system-err><![CDATA[]]></system-err>
      </testcase>
      <testcase name="Test Cases/ADMIN/Content Mgmt/Categories/Category Add-Edit/Add Category" classname="Test Cases/ADMIN/Content Mgmt/Categories/Category Add-Edit/Add Category" status="PASSED">
         <system-out><![CDATA[2019-06-20 10:04:38 - [TEST_CASE][PASSED] - Test Cases/ADMIN/Content Mgmt/Categories/Category Add-Edit/Add Category: Test Cases/ADMIN/Content Mgmt/Categories/Category Add-Edit/Add Category

2019-06-20 10:04:38 - [TEST_STEP][PASSED] - waitForElementVisible: Object 'Object Repository/ADMIN/Categories/Category List/button_Content Mgmt' is visible

2019-06-20 10:04:38 - [MESSAGE][WARNING] - Timeout '0' is invalid. Using default page load timeout: '30'

2019-06-20 10:04:38 - [MESSAGE][PASSED] - Object 'Object Repository/ADMIN/Categories/Category List/button_Content Mgmt' is visible

2019-06-20 10:04:38 - [TEST_STEP][PASSED] - click: Object: 'Object Repository/ADMIN/Categories/Category List/button_Content Mgmt' is clicked on

2019-06-20 10:04:38 - [MESSAGE][PASSED] - Object: 'Object Repository/ADMIN/Categories/Category List/button_Content Mgmt' is clicked on

2019-06-20 10:04:38 - [TEST_STEP][PASSED] - waitForElementVisible: Object 'Object Repository/ADMIN/Categories/Category List/button_Categories' is visible

2019-06-20 10:04:38 - [MESSAGE][WARNING] - Timeout '0' is invalid. Using default page load timeout: '30'

2019-06-20 10:04:39 - [MESSAGE][PASSED] - Object 'Object Repository/ADMIN/Categories/Category List/button_Categories' is visible

2019-06-20 10:04:39 - [TEST_STEP][PASSED] - click: Object: 'Object Repository/ADMIN/Categories/Category List/button_Categories' is clicked on

2019-06-20 10:04:40 - [MESSAGE][PASSED] - Object: 'Object Repository/ADMIN/Categories/Category List/button_Categories' is clicked on

2019-06-20 10:04:40 - [TEST_STEP][PASSED] - click: Object: 'Object Repository/ADMIN/Categories/Category List/button_Add a Category' is clicked on

2019-06-20 10:04:41 - [MESSAGE][PASSED] - Object: 'Object Repository/ADMIN/Categories/Category List/button_Add a Category' is clicked on

2019-06-20 10:04:41 - [TEST_STEP][PASSED] - waitForElementPresent: Object 'Object Repository/ADMIN/Categories/Category/dropdown_Parent' is present

2019-06-20 10:04:41 - [MESSAGE][PASSED] - Object 'Object Repository/ADMIN/Categories/Category/dropdown_Parent' is present

2019-06-20 10:04:41 - [TEST_STEP][PASSED] - delay: Delayed 1 second(s)

2019-06-20 10:04:42 - [MESSAGE][PASSED] - Delayed 1 second(s)

2019-06-20 10:04:42 - [TEST_STEP][PASSED] - setText: Text 'Category 19' is set on object 'Object Repository/ADMIN/Categories/Category/textfield_Category Name'

2019-06-20 10:04:42 - [MESSAGE][PASSED] - Text 'Category 19' is set on object 'Object Repository/ADMIN/Categories/Category/textfield_Category Name'

2019-06-20 10:04:42 - [TEST_STEP][PASSED] - click: Object: 'Object Repository/ADMIN/Categories/Category/dropdown_Parent' is clicked on

2019-06-20 10:04:42 - [MESSAGE][PASSED] - Object: 'Object Repository/ADMIN/Categories/Category/dropdown_Parent' is clicked on

2019-06-20 10:04:42 - [TEST_STEP][PASSED] - delay: Delayed 2 second(s)

2019-06-20 10:04:44 - [MESSAGE][PASSED] - Delayed 2 second(s)

2019-06-20 10:04:44 - [TEST_STEP][PASSED] - click: Object: 'Object Repository/ADMIN/Categories/Category/dropdown_Parent' is clicked on

2019-06-20 10:04:44 - [MESSAGE][PASSED] - Object: 'Object Repository/ADMIN/Categories/Category/dropdown_Parent' is clicked on

2019-06-20 10:04:44 - [TEST_STEP][PASSED] - selectOptionByLabel: All options with label '-' are selected in object 'Object Repository/ADMIN/Categories/Category/dropdown_Parent' 

2019-06-20 10:04:44 - [MESSAGE][PASSED] - All options with label '-' are selected in object 'Object Repository/ADMIN/Categories/Category/dropdown_Parent' 

2019-06-20 10:04:44 - [TEST_STEP][PASSED] - click: Object: 'Object Repository/ADMIN/Categories/Category/button_Browse' is clicked on

2019-06-20 10:04:44 - [MESSAGE][PASSED] - Object: 'Object Repository/ADMIN/Categories/Category/button_Browse' is clicked on

2019-06-20 10:04:44 - [TEST_STEP][PASSED] - delay: Delayed 2 second(s)

2019-06-20 10:04:46 - [MESSAGE][PASSED] - Delayed 2 second(s)

2019-06-20 10:04:46 - [TEST_STEP][PASSED] - uploadFile: File 'C:\\Katalon\\Image\\pic8.jpg' sent to object: 'Object Repository/ADMIN/Categories/Category/image_input image'

2019-06-20 10:04:47 - [MESSAGE][PASSED] - File 'C:\\Katalon\\Image\\pic8.jpg' sent to object: 'Object Repository/ADMIN/Categories/Category/image_input image'

2019-06-20 10:04:47 - [TEST_STEP][PASSED] - waitForElementVisible: Object 'Object Repository/ADMIN/Categories/Category/button_upload check' is visible

2019-06-20 10:04:47 - [MESSAGE][WARNING] - Timeout '0' is invalid. Using default page load timeout: '30'

2019-06-20 10:04:47 - [MESSAGE][PASSED] - Object 'Object Repository/ADMIN/Categories/Category/button_upload check' is visible

2019-06-20 10:04:47 - [TEST_STEP][PASSED] - click: Object: 'Object Repository/ADMIN/Categories/Category/button_upload check' is clicked on

2019-06-20 10:04:47 - [MESSAGE][PASSED] - Object: 'Object Repository/ADMIN/Categories/Category/button_upload check' is clicked on

2019-06-20 10:04:47 - [TEST_STEP][PASSED] - waitForElementVisible: Object 'Object Repository/ADMIN/Categories/Category/button_upload save' is visible

2019-06-20 10:04:47 - [MESSAGE][WARNING] - Timeout '0' is invalid. Using default page load timeout: '30'

2019-06-20 10:04:47 - [MESSAGE][PASSED] - Object 'Object Repository/ADMIN/Categories/Category/button_upload save' is visible

2019-06-20 10:04:47 - [TEST_STEP][PASSED] - click: Object: 'Object Repository/ADMIN/Categories/Category/button_upload save' is clicked on

2019-06-20 10:04:47 - [MESSAGE][PASSED] - Object: 'Object Repository/ADMIN/Categories/Category/button_upload save' is clicked on

2019-06-20 10:04:47 - [TEST_STEP][PASSED] - setText: Text 'Description93' is set on object 'Object Repository/ADMIN/Categories/Category/textfield_category_description'

2019-06-20 10:04:47 - [MESSAGE][PASSED] - Text 'Description93' is set on object 'Object Repository/ADMIN/Categories/Category/textfield_category_description'

2019-06-20 10:04:47 - [TEST_STEP][PASSED] - click: Object: 'Object Repository/ADMIN/Categories/Category/button_Save' is clicked on

2019-06-20 10:04:47 - [MESSAGE][PASSED] - Object: 'Object Repository/ADMIN/Categories/Category/button_Save' is clicked on

2019-06-20 10:04:47 - [TEST_STEP][PASSED] - waitForElementVisible: Object 'Object Repository/ADMIN/Categories/Category/label_edit popup' is visible

2019-06-20 10:04:47 - [MESSAGE][WARNING] - Timeout '0' is invalid. Using default page load timeout: '30'

2019-06-20 10:04:48 - [MESSAGE][PASSED] - Object 'Object Repository/ADMIN/Categories/Category/label_edit popup' is visible

2019-06-20 10:04:48 - [TEST_STEP][PASSED] - waitForElementNotPresent: Web element with id: 'Object Repository/ADMIN/Categories/Category/label_edit popup' located by 'By.xpath: //div[(text() = 'Category was successfully saved.' or . = 'Category was successfully saved.')]' is not present after '30' second(s)

2019-06-20 10:04:48 - [MESSAGE][WARNING] - Timeout '0' is invalid. Using default page load timeout: '30'

2019-06-20 10:04:54 - [MESSAGE][PASSED] - Web element with id: 'Object Repository/ADMIN/Categories/Category/label_edit popup' located by 'By.xpath: //div[(text() = 'Category was successfully saved.' or . = 'Category was successfully saved.')]' is not present after '30' second(s)]]></system-out>
         <system-err><![CDATA[]]></system-err>
      </testcase>
      <testcase name="Test Cases/ADMIN/Content Mgmt/Categories/Category Add-Edit/Add Category" classname="Test Cases/ADMIN/Content Mgmt/Categories/Category Add-Edit/Add Category" status="FAILED">
         <failure type="FAILED" message="Unable to click on object 'Object Repository/ADMIN/Categories/Category List/button_Categories' (Root cause: org.openqa.selenium.ElementNotVisibleException: element not visible
  (Session info: chrome=74.0.3729.169)
  (Driver info: chromedriver=2.35.528161 (5b82f2d2aae0ca24b877009200ced9065a772e73),platform=Windows NT 6.1.7601 SP1 x86_64) (WARNING: The server did not provide any stacktrace information)
Command duration or timeout: 0 milliseconds
Build info: version: '3.7.1', revision: '8a0099a', time: '2017-11-06T21:07:36.161Z'
System info: host: 'ARCADIER-PC', ip: '10.10.31.95', os.name: 'Windows 7', os.arch: 'amd64', os.version: '6.1', java.version: '1.8.0_102'
Driver info: com.kms.katalon.selenium.driver.CChromeDriver
Capabilities {acceptInsecureCerts: false, acceptSslCerts: false, applicationCacheEnabled: false, browserConnectionEnabled: false, browserName: chrome, chrome: {chromedriverVersion: 2.35.528161 (5b82f2d2aae0ca..., userDataDir: C:\Users\Arcadier\AppData\L...}, cssSelectorsEnabled: true, databaseEnabled: false, handlesAlerts: true, hasTouchScreen: false, javascriptEnabled: true, locationContextEnabled: true, mobileEmulationEnabled: false, nativeEvents: true, networkConnectionEnabled: false, pageLoadStrategy: normal, platform: XP, platformName: XP, rotatable: false, setWindowRect: true, takesHeapSnapshot: true, takesScreenshot: true, unexpectedAlertBehaviour: , unhandledPromptBehavior: , version: 74.0.3729.169, webStorageEnabled: true}
Session ID: f019e47fe2549476de78b294d2b410cf)"/>
         <system-out><![CDATA[2019-06-20 10:04:54 - [TEST_CASE][FAILED] - Test Cases/ADMIN/Content Mgmt/Categories/Category Add-Edit/Add Category: Test Cases/ADMIN/Content Mgmt/Categories/Category Add-Edit/Add Category FAILED because (of) Unable to click on object 'Object Repository/ADMIN/Categories/Category List/button_Categories' (Root cause: org.openqa.selenium.ElementNotVisibleException: element not visible
  (Session info: chrome=74.0.3729.169)
  (Driver info: chromedriver=2.35.528161 (5b82f2d2aae0ca24b877009200ced9065a772e73),platform=Windows NT 6.1.7601 SP1 x86_64) (WARNING: The server did not provide any stacktrace information)
Command duration or timeout: 0 milliseconds
Build info: version: '3.7.1', revision: '8a0099a', time: '2017-11-06T21:07:36.161Z'
System info: host: 'ARCADIER-PC', ip: '10.10.31.95', os.name: 'Windows 7', os.arch: 'amd64', os.version: '6.1', java.version: '1.8.0_102'
Driver info: com.kms.katalon.selenium.driver.CChromeDriver
Capabilities {acceptInsecureCerts: false, acceptSslCerts: false, applicationCacheEnabled: false, browserConnectionEnabled: false, browserName: chrome, chrome: {chromedriverVersion: 2.35.528161 (5b82f2d2aae0ca..., userDataDir: C:\Users\Arcadier\AppData\L...}, cssSelectorsEnabled: true, databaseEnabled: false, handlesAlerts: true, hasTouchScreen: false, javascriptEnabled: true, locationContextEnabled: true, mobileEmulationEnabled: false, nativeEvents: true, networkConnectionEnabled: false, pageLoadStrategy: normal, platform: XP, platformName: XP, rotatable: false, setWindowRect: true, takesHeapSnapshot: true, takesScreenshot: true, unexpectedAlertBehaviour: , unhandledPromptBehavior: , version: 74.0.3729.169, webStorageEnabled: true}
Session ID: f019e47fe2549476de78b294d2b410cf)

2019-06-20 10:04:54 - [TEST_STEP][PASSED] - waitForElementVisible: Object 'Object Repository/ADMIN/Categories/Category List/button_Content Mgmt' is visible

2019-06-20 10:04:54 - [MESSAGE][WARNING] - Timeout '0' is invalid. Using default page load timeout: '30'

2019-06-20 10:04:55 - [MESSAGE][PASSED] - Object 'Object Repository/ADMIN/Categories/Category List/button_Content Mgmt' is visible

2019-06-20 10:04:55 - [TEST_STEP][PASSED] - click: Object: 'Object Repository/ADMIN/Categories/Category List/button_Content Mgmt' is clicked on

2019-06-20 10:04:55 - [MESSAGE][PASSED] - Object: 'Object Repository/ADMIN/Categories/Category List/button_Content Mgmt' is clicked on

2019-06-20 10:04:55 - [TEST_STEP][PASSED] - waitForElementVisible: Object 'Object Repository/ADMIN/Categories/Category List/button_Categories' is visible

2019-06-20 10:04:55 - [MESSAGE][WARNING] - Timeout '0' is invalid. Using default page load timeout: '30'

2019-06-20 10:04:55 - [MESSAGE][PASSED] - Object 'Object Repository/ADMIN/Categories/Category List/button_Categories' is visible

2019-06-20 10:04:55 - [TEST_STEP][FAILED] - click: Unable to click on object 'Object Repository/ADMIN/Categories/Category List/button_Categories' (Root cause: org.openqa.selenium.ElementNotVisibleException: element not visible
  (Session info: chrome=74.0.3729.169)
  (Driver info: chromedriver=2.35.528161 (5b82f2d2aae0ca24b877009200ced9065a772e73),platform=Windows NT 6.1.7601 SP1 x86_64) (WARNING: The server did not provide any stacktrace information)
Command duration or timeout: 0 milliseconds
Build info: version: '3.7.1', revision: '8a0099a', time: '2017-11-06T21:07:36.161Z'
System info: host: 'ARCADIER-PC', ip: '10.10.31.95', os.name: 'Windows 7', os.arch: 'amd64', os.version: '6.1', java.version: '1.8.0_102'
Driver info: com.kms.katalon.selenium.driver.CChromeDriver
Capabilities {acceptInsecureCerts: false, acceptSslCerts: false, applicationCacheEnabled: false, browserConnectionEnabled: false, browserName: chrome, chrome: {chromedriverVersion: 2.35.528161 (5b82f2d2aae0ca..., userDataDir: C:\Users\Arcadier\AppData\L...}, cssSelectorsEnabled: true, databaseEnabled: false, handlesAlerts: true, hasTouchScreen: false, javascriptEnabled: true, locationContextEnabled: true, mobileEmulationEnabled: false, nativeEvents: true, networkConnectionEnabled: false, pageLoadStrategy: normal, platform: XP, platformName: XP, rotatable: false, setWindowRect: true, takesHeapSnapshot: true, takesScreenshot: true, unexpectedAlertBehaviour: , unhandledPromptBehavior: , version: 74.0.3729.169, webStorageEnabled: true}
Session ID: f019e47fe2549476de78b294d2b410cf)

2019-06-20 10:04:55 - [MESSAGE][FAILED] - Unable to click on object 'Object Repository/ADMIN/Categories/Category List/button_Categories' (Root cause: org.openqa.selenium.ElementNotVisibleException: element not visible
  (Session info: chrome=74.0.3729.169)
  (Driver info: chromedriver=2.35.528161 (5b82f2d2aae0ca24b877009200ced9065a772e73),platform=Windows NT 6.1.7601 SP1 x86_64) (WARNING: The server did not provide any stacktrace information)
Command duration or timeout: 0 milliseconds
Build info: version: '3.7.1', revision: '8a0099a', time: '2017-11-06T21:07:36.161Z'
System info: host: 'ARCADIER-PC', ip: '10.10.31.95', os.name: 'Windows 7', os.arch: 'amd64', os.version: '6.1', java.version: '1.8.0_102'
Driver info: com.kms.katalon.selenium.driver.CChromeDriver
Capabilities {acceptInsecureCerts: false, acceptSslCerts: false, applicationCacheEnabled: false, browserConnectionEnabled: false, browserName: chrome, chrome: {chromedriverVersion: 2.35.528161 (5b82f2d2aae0ca..., userDataDir: C:\Users\Arcadier\AppData\L...}, cssSelectorsEnabled: true, databaseEnabled: false, handlesAlerts: true, hasTouchScreen: false, javascriptEnabled: true, locationContextEnabled: true, mobileEmulationEnabled: false, nativeEvents: true, networkConnectionEnabled: false, pageLoadStrategy: normal, platform: XP, platformName: XP, rotatable: false, setWindowRect: true, takesHeapSnapshot: true, takesScreenshot: true, unexpectedAlertBehaviour: , unhandledPromptBehavior: , version: 74.0.3729.169, webStorageEnabled: true}
Session ID: f019e47fe2549476de78b294d2b410cf)
[[ATTACHMENT|C:\\Users\\Arcadier\\git\\Trillia\\Reports\\Admin\\Add Category\\20190620_094224\\1560996295265.png]]

2019-06-20 10:04:55 - [TEST_STEP][PASSED] - click: Object: 'Object Repository/ADMIN/Categories/Category List/button_Add a Category' is clicked on

2019-06-20 10:04:55 - [MESSAGE][PASSED] - Object: 'Object Repository/ADMIN/Categories/Category List/button_Add a Category' is clicked on

2019-06-20 10:04:55 - [TEST_STEP][PASSED] - waitForElementPresent: Object 'Object Repository/ADMIN/Categories/Category/dropdown_Parent' is present

2019-06-20 10:04:55 - [MESSAGE][PASSED] - Object 'Object Repository/ADMIN/Categories/Category/dropdown_Parent' is present

2019-06-20 10:04:55 - [TEST_STEP][PASSED] - delay: Delayed 1 second(s)

2019-06-20 10:04:56 - [MESSAGE][PASSED] - Delayed 1 second(s)

2019-06-20 10:04:56 - [TEST_STEP][PASSED] - setText: Text 'Category 20' is set on object 'Object Repository/ADMIN/Categories/Category/textfield_Category Name'

2019-06-20 10:04:56 - [MESSAGE][PASSED] - Text 'Category 20' is set on object 'Object Repository/ADMIN/Categories/Category/textfield_Category Name'

2019-06-20 10:04:56 - [TEST_STEP][PASSED] - click: Object: 'Object Repository/ADMIN/Categories/Category/dropdown_Parent' is clicked on

2019-06-20 10:04:57 - [MESSAGE][PASSED] - Object: 'Object Repository/ADMIN/Categories/Category/dropdown_Parent' is clicked on

2019-06-20 10:04:57 - [TEST_STEP][PASSED] - delay: Delayed 2 second(s)

2019-06-20 10:04:59 - [MESSAGE][PASSED] - Delayed 2 second(s)

2019-06-20 10:04:59 - [TEST_STEP][PASSED] - click: Object: 'Object Repository/ADMIN/Categories/Category/dropdown_Parent' is clicked on

2019-06-20 10:04:59 - [MESSAGE][PASSED] - Object: 'Object Repository/ADMIN/Categories/Category/dropdown_Parent' is clicked on

2019-06-20 10:04:59 - [TEST_STEP][PASSED] - selectOptionByLabel: All options with label '-' are selected in object 'Object Repository/ADMIN/Categories/Category/dropdown_Parent' 

2019-06-20 10:04:59 - [MESSAGE][PASSED] - All options with label '-' are selected in object 'Object Repository/ADMIN/Categories/Category/dropdown_Parent' 

2019-06-20 10:04:59 - [TEST_STEP][PASSED] - click: Object: 'Object Repository/ADMIN/Categories/Category/button_Browse' is clicked on

2019-06-20 10:04:59 - [MESSAGE][PASSED] - Object: 'Object Repository/ADMIN/Categories/Category/button_Browse' is clicked on

2019-06-20 10:04:59 - [TEST_STEP][PASSED] - delay: Delayed 2 second(s)

2019-06-20 10:05:01 - [MESSAGE][PASSED] - Delayed 2 second(s)

2019-06-20 10:05:01 - [TEST_STEP][PASSED] - uploadFile: File 'C:\\Katalon\\Image\\pic9.jpg' sent to object: 'Object Repository/ADMIN/Categories/Category/image_input image'

2019-06-20 10:05:01 - [MESSAGE][PASSED] - File 'C:\\Katalon\\Image\\pic9.jpg' sent to object: 'Object Repository/ADMIN/Categories/Category/image_input image'

2019-06-20 10:05:01 - [TEST_STEP][PASSED] - waitForElementVisible: Object 'Object Repository/ADMIN/Categories/Category/button_upload check' is visible

2019-06-20 10:05:01 - [MESSAGE][WARNING] - Timeout '0' is invalid. Using default page load timeout: '30'

2019-06-20 10:05:01 - [MESSAGE][PASSED] - Object 'Object Repository/ADMIN/Categories/Category/button_upload check' is visible

2019-06-20 10:05:01 - [TEST_STEP][PASSED] - click: Object: 'Object Repository/ADMIN/Categories/Category/button_upload check' is clicked on

2019-06-20 10:05:01 - [MESSAGE][PASSED] - Object: 'Object Repository/ADMIN/Categories/Category/button_upload check' is clicked on

2019-06-20 10:05:01 - [TEST_STEP][PASSED] - waitForElementVisible: Object 'Object Repository/ADMIN/Categories/Category/button_upload save' is visible

2019-06-20 10:05:01 - [MESSAGE][WARNING] - Timeout '0' is invalid. Using default page load timeout: '30'

2019-06-20 10:05:01 - [MESSAGE][PASSED] - Object 'Object Repository/ADMIN/Categories/Category/button_upload save' is visible

2019-06-20 10:05:01 - [TEST_STEP][PASSED] - click: Object: 'Object Repository/ADMIN/Categories/Category/button_upload save' is clicked on

2019-06-20 10:05:01 - [MESSAGE][PASSED] - Object: 'Object Repository/ADMIN/Categories/Category/button_upload save' is clicked on

2019-06-20 10:05:01 - [TEST_STEP][PASSED] - setText: Text 'Description94' is set on object 'Object Repository/ADMIN/Categories/Category/textfield_category_description'

2019-06-20 10:05:01 - [MESSAGE][PASSED] - Text 'Description94' is set on object 'Object Repository/ADMIN/Categories/Category/textfield_category_description'

2019-06-20 10:05:01 - [TEST_STEP][PASSED] - click: Object: 'Object Repository/ADMIN/Categories/Category/button_Save' is clicked on

2019-06-20 10:05:01 - [MESSAGE][PASSED] - Object: 'Object Repository/ADMIN/Categories/Category/button_Save' is clicked on

2019-06-20 10:05:01 - [TEST_STEP][PASSED] - waitForElementVisible: Object 'Object Repository/ADMIN/Categories/Category/label_edit popup' is visible

2019-06-20 10:05:01 - [MESSAGE][WARNING] - Timeout '0' is invalid. Using default page load timeout: '30'

2019-06-20 10:05:02 - [MESSAGE][PASSED] - Object 'Object Repository/ADMIN/Categories/Category/label_edit popup' is visible

2019-06-20 10:05:02 - [TEST_STEP][PASSED] - waitForElementNotPresent: Web element with id: 'Object Repository/ADMIN/Categories/Category/label_edit popup' located by 'By.xpath: //div[(text() = 'Category was successfully saved.' or . = 'Category was successfully saved.')]' is not present after '30' second(s)

2019-06-20 10:05:02 - [MESSAGE][WARNING] - Timeout '0' is invalid. Using default page load timeout: '30'

2019-06-20 10:05:09 - [MESSAGE][PASSED] - Web element with id: 'Object Repository/ADMIN/Categories/Category/label_edit popup' located by 'By.xpath: //div[(text() = 'Category was successfully saved.' or . = 'Category was successfully saved.')]' is not present after '30' second(s)]]></system-out>
         <system-err><![CDATA[2019-06-20 10:04:54 - [TEST_CASE][FAILED] - Test Cases/ADMIN/Content Mgmt/Categories/Category Add-Edit/Add Category: Test Cases/ADMIN/Content Mgmt/Categories/Category Add-Edit/Add Category FAILED because (of) Unable to click on object 'Object Repository/ADMIN/Categories/Category List/button_Categories' (Root cause: org.openqa.selenium.ElementNotVisibleException: element not visible
  (Session info: chrome=74.0.3729.169)
  (Driver info: chromedriver=2.35.528161 (5b82f2d2aae0ca24b877009200ced9065a772e73),platform=Windows NT 6.1.7601 SP1 x86_64) (WARNING: The server did not provide any stacktrace information)
Command duration or timeout: 0 milliseconds
Build info: version: '3.7.1', revision: '8a0099a', time: '2017-11-06T21:07:36.161Z'
System info: host: 'ARCADIER-PC', ip: '10.10.31.95', os.name: 'Windows 7', os.arch: 'amd64', os.version: '6.1', java.version: '1.8.0_102'
Driver info: com.kms.katalon.selenium.driver.CChromeDriver
Capabilities {acceptInsecureCerts: false, acceptSslCerts: false, applicationCacheEnabled: false, browserConnectionEnabled: false, browserName: chrome, chrome: {chromedriverVersion: 2.35.528161 (5b82f2d2aae0ca..., userDataDir: C:\Users\Arcadier\AppData\L...}, cssSelectorsEnabled: true, databaseEnabled: false, handlesAlerts: true, hasTouchScreen: false, javascriptEnabled: true, locationContextEnabled: true, mobileEmulationEnabled: false, nativeEvents: true, networkConnectionEnabled: false, pageLoadStrategy: normal, platform: XP, platformName: XP, rotatable: false, setWindowRect: true, takesHeapSnapshot: true, takesScreenshot: true, unexpectedAlertBehaviour: , unhandledPromptBehavior: , version: 74.0.3729.169, webStorageEnabled: true}
Session ID: f019e47fe2549476de78b294d2b410cf)]]></system-err>
      </testcase>
      <testcase name="Test Cases/ADMIN/Content Mgmt/Categories/Category Add-Edit/Add Category" classname="Test Cases/ADMIN/Content Mgmt/Categories/Category Add-Edit/Add Category" status="PASSED">
         <system-out><![CDATA[2019-06-20 10:05:09 - [TEST_CASE][PASSED] - Test Cases/ADMIN/Content Mgmt/Categories/Category Add-Edit/Add Category: Test Cases/ADMIN/Content Mgmt/Categories/Category Add-Edit/Add Category

2019-06-20 10:05:09 - [TEST_STEP][PASSED] - waitForElementVisible: Object 'Object Repository/ADMIN/Categories/Category List/button_Content Mgmt' is visible

2019-06-20 10:05:09 - [MESSAGE][WARNING] - Timeout '0' is invalid. Using default page load timeout: '30'

2019-06-20 10:05:09 - [MESSAGE][PASSED] - Object 'Object Repository/ADMIN/Categories/Category List/button_Content Mgmt' is visible

2019-06-20 10:05:09 - [TEST_STEP][PASSED] - click: Object: 'Object Repository/ADMIN/Categories/Category List/button_Content Mgmt' is clicked on

2019-06-20 10:05:09 - [MESSAGE][PASSED] - Object: 'Object Repository/ADMIN/Categories/Category List/button_Content Mgmt' is clicked on

2019-06-20 10:05:09 - [TEST_STEP][PASSED] - waitForElementVisible: Object 'Object Repository/ADMIN/Categories/Category List/button_Categories' is visible

2019-06-20 10:05:09 - [MESSAGE][WARNING] - Timeout '0' is invalid. Using default page load timeout: '30'

2019-06-20 10:05:09 - [MESSAGE][PASSED] - Object 'Object Repository/ADMIN/Categories/Category List/button_Categories' is visible

2019-06-20 10:05:09 - [TEST_STEP][PASSED] - click: Object: 'Object Repository/ADMIN/Categories/Category List/button_Categories' is clicked on

2019-06-20 10:05:10 - [MESSAGE][PASSED] - Object: 'Object Repository/ADMIN/Categories/Category List/button_Categories' is clicked on

2019-06-20 10:05:10 - [TEST_STEP][PASSED] - click: Object: 'Object Repository/ADMIN/Categories/Category List/button_Add a Category' is clicked on

2019-06-20 10:05:10 - [MESSAGE][PASSED] - Object: 'Object Repository/ADMIN/Categories/Category List/button_Add a Category' is clicked on

2019-06-20 10:05:10 - [TEST_STEP][PASSED] - waitForElementPresent: Object 'Object Repository/ADMIN/Categories/Category/dropdown_Parent' is present

2019-06-20 10:05:10 - [MESSAGE][PASSED] - Object 'Object Repository/ADMIN/Categories/Category/dropdown_Parent' is present

2019-06-20 10:05:10 - [TEST_STEP][PASSED] - delay: Delayed 1 second(s)

2019-06-20 10:05:11 - [MESSAGE][PASSED] - Delayed 1 second(s)

2019-06-20 10:05:11 - [TEST_STEP][PASSED] - setText: Text 'For Delete' is set on object 'Object Repository/ADMIN/Categories/Category/textfield_Category Name'

2019-06-20 10:05:11 - [MESSAGE][PASSED] - Text 'For Delete' is set on object 'Object Repository/ADMIN/Categories/Category/textfield_Category Name'

2019-06-20 10:05:11 - [TEST_STEP][PASSED] - click: Object: 'Object Repository/ADMIN/Categories/Category/dropdown_Parent' is clicked on

2019-06-20 10:05:12 - [MESSAGE][PASSED] - Object: 'Object Repository/ADMIN/Categories/Category/dropdown_Parent' is clicked on

2019-06-20 10:05:12 - [TEST_STEP][PASSED] - delay: Delayed 2 second(s)

2019-06-20 10:05:14 - [MESSAGE][PASSED] - Delayed 2 second(s)

2019-06-20 10:05:14 - [TEST_STEP][PASSED] - click: Object: 'Object Repository/ADMIN/Categories/Category/dropdown_Parent' is clicked on

2019-06-20 10:05:14 - [MESSAGE][PASSED] - Object: 'Object Repository/ADMIN/Categories/Category/dropdown_Parent' is clicked on

2019-06-20 10:05:14 - [TEST_STEP][PASSED] - selectOptionByLabel: All options with label '-' are selected in object 'Object Repository/ADMIN/Categories/Category/dropdown_Parent' 

2019-06-20 10:05:14 - [MESSAGE][PASSED] - All options with label '-' are selected in object 'Object Repository/ADMIN/Categories/Category/dropdown_Parent' 

2019-06-20 10:05:14 - [TEST_STEP][PASSED] - click: Object: 'Object Repository/ADMIN/Categories/Category/button_Browse' is clicked on

2019-06-20 10:05:14 - [MESSAGE][PASSED] - Object: 'Object Repository/ADMIN/Categories/Category/button_Browse' is clicked on

2019-06-20 10:05:14 - [TEST_STEP][PASSED] - delay: Delayed 2 second(s)

2019-06-20 10:05:16 - [MESSAGE][PASSED] - Delayed 2 second(s)

2019-06-20 10:05:16 - [TEST_STEP][PASSED] - uploadFile: File 'C:\\Katalon\\Image\\pic10.jpg' sent to object: 'Object Repository/ADMIN/Categories/Category/image_input image'

2019-06-20 10:05:16 - [MESSAGE][PASSED] - File 'C:\\Katalon\\Image\\pic10.jpg' sent to object: 'Object Repository/ADMIN/Categories/Category/image_input image'

2019-06-20 10:05:16 - [TEST_STEP][PASSED] - waitForElementVisible: Object 'Object Repository/ADMIN/Categories/Category/button_upload check' is visible

2019-06-20 10:05:16 - [MESSAGE][WARNING] - Timeout '0' is invalid. Using default page load timeout: '30'

2019-06-20 10:05:16 - [MESSAGE][PASSED] - Object 'Object Repository/ADMIN/Categories/Category/button_upload check' is visible

2019-06-20 10:05:16 - [TEST_STEP][PASSED] - click: Object: 'Object Repository/ADMIN/Categories/Category/button_upload check' is clicked on

2019-06-20 10:05:16 - [MESSAGE][PASSED] - Object: 'Object Repository/ADMIN/Categories/Category/button_upload check' is clicked on

2019-06-20 10:05:16 - [TEST_STEP][PASSED] - waitForElementVisible: Object 'Object Repository/ADMIN/Categories/Category/button_upload save' is visible

2019-06-20 10:05:16 - [MESSAGE][WARNING] - Timeout '0' is invalid. Using default page load timeout: '30'

2019-06-20 10:05:16 - [MESSAGE][PASSED] - Object 'Object Repository/ADMIN/Categories/Category/button_upload save' is visible

2019-06-20 10:05:16 - [TEST_STEP][PASSED] - click: Object: 'Object Repository/ADMIN/Categories/Category/button_upload save' is clicked on

2019-06-20 10:05:16 - [MESSAGE][PASSED] - Object: 'Object Repository/ADMIN/Categories/Category/button_upload save' is clicked on

2019-06-20 10:05:16 - [TEST_STEP][PASSED] - setText: Text 'Description95' is set on object 'Object Repository/ADMIN/Categories/Category/textfield_category_description'

2019-06-20 10:05:16 - [MESSAGE][PASSED] - Text 'Description95' is set on object 'Object Repository/ADMIN/Categories/Category/textfield_category_description'

2019-06-20 10:05:16 - [TEST_STEP][PASSED] - click: Object: 'Object Repository/ADMIN/Categories/Category/button_Save' is clicked on

2019-06-20 10:05:16 - [MESSAGE][PASSED] - Object: 'Object Repository/ADMIN/Categories/Category/button_Save' is clicked on

2019-06-20 10:05:16 - [TEST_STEP][PASSED] - waitForElementVisible: Object 'Object Repository/ADMIN/Categories/Category/label_edit popup' is visible

2019-06-20 10:05:16 - [MESSAGE][WARNING] - Timeout '0' is invalid. Using default page load timeout: '30'

2019-06-20 10:05:17 - [MESSAGE][PASSED] - Object 'Object Repository/ADMIN/Categories/Category/label_edit popup' is visible

2019-06-20 10:05:17 - [TEST_STEP][PASSED] - waitForElementNotPresent: Web element with id: 'Object Repository/ADMIN/Categories/Category/label_edit popup' located by 'By.xpath: //div[(text() = 'Category was successfully saved.' or . = 'Category was successfully saved.')]' is not present after '30' second(s)

2019-06-20 10:05:17 - [MESSAGE][WARNING] - Timeout '0' is invalid. Using default page load timeout: '30'

2019-06-20 10:05:23 - [MESSAGE][PASSED] - Web element with id: 'Object Repository/ADMIN/Categories/Category/label_edit popup' located by 'By.xpath: //div[(text() = 'Category was successfully saved.' or . = 'Category was successfully saved.')]' is not present after '30' second(s)]]></system-out>
         <system-err><![CDATA[]]></system-err>
      </testcase>
      <system-out><![CDATA[2019-06-20 09:42:26 - [TEST_SUITE][FAILED] - Add Category: Test Cases/ADMIN/Content Mgmt/Categories/Category Add-Edit/Add Category FAILED because (of) Unable to click on object 'Object Repository/ADMIN/Categories/Category List/button_Categories' (Root cause: org.openqa.selenium.WebDriverException: unknown error: Element <a href="/admin/categorymanager/index">...</a> is not clickable at point (129, 360). Other element would receive the click: <a href="#">...</a>
  (Session info: chrome=74.0.3729.169)
  (Driver info: chromedriver=2.35.528161 (5b82f2d2aae0ca24b877009200ced9065a772e73),platform=Windows NT 6.1.7601 SP1 x86_64) (WARNING: The server did not provide any stacktrace information)
Command duration or timeout: 0 milliseconds
Build info: version: '3.7.1', revision: '8a0099a', time: '2017-11-06T21:07:36.161Z'
System info: host: 'ARCADIER-PC', ip: '10.10.31.95', os.name: 'Windows 7', os.arch: 'amd64', os.version: '6.1', java.version: '1.8.0_102'
Driver info: com.kms.katalon.selenium.driver.CChromeDriver
Capabilities {acceptInsecureCerts: false, acceptSslCerts: false, applicationCacheEnabled: false, browserConnectionEnabled: false, browserName: chrome, chrome: {chromedriverVersion: 2.35.528161 (5b82f2d2aae0ca..., userDataDir: C:\Users\Arcadier\AppData\L...}, cssSelectorsEnabled: true, databaseEnabled: false, handlesAlerts: true, hasTouchScreen: false, javascriptEnabled: true, locationContextEnabled: true, mobileEmulationEnabled: false, nativeEvents: true, networkConnectionEnabled: false, pageLoadStrategy: normal, platform: XP, platformName: XP, rotatable: false, setWindowRect: true, takesHeapSnapshot: true, takesScreenshot: true, unexpectedAlertBehaviour: , unhandledPromptBehavior: , version: 74.0.3729.169, webStorageEnabled: true}
Session ID: f019e47fe2549476de78b294d2b410cf)]]></system-out>
      <system-err><![CDATA[2019-06-20 09:42:26 - [TEST_SUITE][FAILED] - Add Category: Test Cases/ADMIN/Content Mgmt/Categories/Category Add-Edit/Add Category FAILED because (of) Unable to click on object 'Object Repository/ADMIN/Categories/Category List/button_Categories' (Root cause: org.openqa.selenium.WebDriverException: unknown error: Element <a href="/admin/categorymanager/index">...</a> is not clickable at point (129, 360). Other element would receive the click: <a href="#">...</a>
  (Session info: chrome=74.0.3729.169)
  (Driver info: chromedriver=2.35.528161 (5b82f2d2aae0ca24b877009200ced9065a772e73),platform=Windows NT 6.1.7601 SP1 x86_64) (WARNING: The server did not provide any stacktrace information)
Command duration or timeout: 0 milliseconds
Build info: version: '3.7.1', revision: '8a0099a', time: '2017-11-06T21:07:36.161Z'
System info: host: 'ARCADIER-PC', ip: '10.10.31.95', os.name: 'Windows 7', os.arch: 'amd64', os.version: '6.1', java.version: '1.8.0_102'
Driver info: com.kms.katalon.selenium.driver.CChromeDriver
Capabilities {acceptInsecureCerts: false, acceptSslCerts: false, applicationCacheEnabled: false, browserConnectionEnabled: false, browserName: chrome, chrome: {chromedriverVersion: 2.35.528161 (5b82f2d2aae0ca..., userDataDir: C:\Users\Arcadier\AppData\L...}, cssSelectorsEnabled: true, databaseEnabled: false, handlesAlerts: true, hasTouchScreen: false, javascriptEnabled: true, locationContextEnabled: true, mobileEmulationEnabled: false, nativeEvents: true, networkConnectionEnabled: false, pageLoadStrategy: normal, platform: XP, platformName: XP, rotatable: false, setWindowRect: true, takesHeapSnapshot: true, takesScreenshot: true, unexpectedAlertBehaviour: , unhandledPromptBehavior: , version: 74.0.3729.169, webStorageEnabled: true}
Session ID: f019e47fe2549476de78b294d2b410cf)]]></system-err>
   </testsuite>
</testsuites>
