<?xml version="1.0" encoding="UTF-8"?>
<testsuites name="UI_Category" time="16" tests="14" failures="0" errors="0">
   <testsuite name="UI_Category" tests="14" failures="0" errors="0" time="16" timestamp="2019-10-04 08:15:10" hostname="ARCADIER01 - ARCADIER-01" id="Test Suites/Admin/UI/UI_Category">
      <properties>
         <property name="deviceName" value=""/>
         <property name="devicePlatform" value=""/>
         <property name="logFolder" value="C:\\Users\\ARCADIER01\\git\\Trillia\\Reports\\Admin\\UI\\UI_Category\\20191004_081509"/>
         <property name="logFiles" value="C:\\Users\\ARCADIER01\\git\\Trillia\\Reports\\Admin\\UI\\UI_Category\\20191004_081509\\execution0.log"/>
         <property name="attachments" value=""/>
         <property name="hostName" value="ARCADIER01 - ARCADIER-01"/>
         <property name="os" value="Windows 7 64bit"/>
         <property name="katalonVersion" value="5.4.2.1"/>
         <property name="browser" value="Chrome 77.0.3865.90"/>
         <property name="hostAddress" value="10.10.31.88"/>
         <property name="sessionId" value="3a45d01c47429c0ca307b2d145f54c03"/>
         <property name="seleniumVersion" value="3.7.1"/>
         <property name="proxyInformation" value="ProxyInformation{proxyOption=NO_PROXY, proxyServerType=HTTP, password=, proxyServerAddress=, proxyServerPort=0}"/>
         <property name="platform" value="Windows 7"/>
      </properties>
      <testcase name="Test Cases/Utilities/ADMIN/Admin Login" classname="Test Cases/Utilities/ADMIN/Admin Login" status="PASSED">
         <system-out><![CDATA[2019-10-04 08:15:11 - [TEST_CASE][PASSED] - Test Cases/Utilities/ADMIN/Admin Login: Test Cases/Utilities/ADMIN/Admin Login

2019-10-04 08:15:11 - [TEST_STEP][PASSED] - openBrowser: Browser is opened with url: ''

2019-10-04 08:15:14 - [MESSAGE][PASSED] - Browser is opened with url: ''

2019-10-04 08:15:14 - [TEST_STEP][PASSED] - maximizeWindow: Current window maximized

2019-10-04 08:15:15 - [MESSAGE][PASSED] - Current window maximized

2019-10-04 08:15:15 - [TEST_STEP][PASSED] - navigateToUrl: Navigate to 'http://0314apriljoy5.test.arcadier.io/admin' successfully

2019-10-04 08:15:20 - [MESSAGE][PASSED] - Navigate to 'http://0314apriljoy5.test.arcadier.io/admin' successfully

2019-10-04 08:15:20 - [TEST_STEP][PASSED] - Statement - If (AdminAccountType == "custom"): Object: 'Object Repository/ADMIN/Admin Login Page/button_SignIn' is clicked on

2019-10-04 08:15:20 - [TEST_STEP][PASSED] - waitForElementVisible: Object 'Object Repository/ADMIN/Admin Login Page/textbox_username' is visible

2019-10-04 08:15:20 - [MESSAGE][WARNING] - Timeout '0' is invalid. Using default page load timeout: '30'

2019-10-04 08:15:20 - [MESSAGE][PASSED] - Object 'Object Repository/ADMIN/Admin Login Page/textbox_username' is visible

2019-10-04 08:15:20 - [TEST_STEP][PASSED] - setText: Text '0314apriljoy5' is set on object 'Object Repository/ADMIN/Admin Login Page/textbox_username'

2019-10-04 08:15:20 - [MESSAGE][PASSED] - Text '0314apriljoy5' is set on object 'Object Repository/ADMIN/Admin Login Page/textbox_username'

2019-10-04 08:15:20 - [TEST_STEP][PASSED] - setText: Text 'welcome8' is set on object 'Object Repository/ADMIN/Admin Login Page/textbox_password'

2019-10-04 08:15:20 - [MESSAGE][PASSED] - Text 'welcome8' is set on object 'Object Repository/ADMIN/Admin Login Page/textbox_password'

2019-10-04 08:15:20 - [TEST_STEP][PASSED] - click: Object: 'Object Repository/ADMIN/Admin Login Page/button_SignIn' is clicked on

2019-10-04 08:15:23 - [MESSAGE][PASSED] - Object: 'Object Repository/ADMIN/Admin Login Page/button_SignIn' is clicked on]]></system-out>
         <system-err><![CDATA[]]></system-err>
      </testcase>
      <testcase name="Test Cases/ADMIN/Content Mgmt/Categories/Category UI/UI Verification_Categories/Precondition" classname="Test Cases/ADMIN/Content Mgmt/Categories/Category UI/UI Verification_Categories/Precondition" status="PASSED">
         <system-out><![CDATA[2019-10-04 08:15:23 - [TEST_CASE][PASSED] - Test Cases/ADMIN/Content Mgmt/Categories/Category UI/UI Verification_Categories/Precondition: Test Cases/ADMIN/Content Mgmt/Categories/Category UI/UI Verification_Categories/Precondition

2019-10-04 08:15:23 - [TEST_STEP][PASSED] - waitForElementVisible: Object 'Object Repository/ADMIN/New Sidebar Menu/sidemenu_Announcement' is visible

2019-10-04 08:15:23 - [MESSAGE][WARNING] - Timeout '0' is invalid. Using default page load timeout: '30'

2019-10-04 08:15:23 - [MESSAGE][PASSED] - Object 'Object Repository/ADMIN/New Sidebar Menu/sidemenu_Announcement' is visible

2019-10-04 08:15:23 - [TEST_STEP][PASSED] - click: Object: 'Object Repository/ADMIN/New Sidebar Menu/sidemenu_Content Mgmt.' is clicked on

2019-10-04 08:15:23 - [MESSAGE][PASSED] - Object: 'Object Repository/ADMIN/New Sidebar Menu/sidemenu_Content Mgmt.' is clicked on

2019-10-04 08:15:23 - [TEST_STEP][PASSED] - waitForElementVisible: Object 'Object Repository/ADMIN/Categories/a_Categories' is visible

2019-10-04 08:15:23 - [MESSAGE][WARNING] - Timeout '0' is invalid. Using default page load timeout: '30'

2019-10-04 08:15:24 - [MESSAGE][PASSED] - Object 'Object Repository/ADMIN/Categories/a_Categories' is visible

2019-10-04 08:15:24 - [TEST_STEP][PASSED] - click: Object: 'Object Repository/ADMIN/Categories/a_Categories' is clicked on

2019-10-04 08:15:25 - [MESSAGE][PASSED] - Object: 'Object Repository/ADMIN/Categories/a_Categories' is clicked on]]></system-out>
         <system-err><![CDATA[]]></system-err>
      </testcase>
      <testcase name="Test Cases/ADMIN/Content Mgmt/Categories/Category UI/UI Verification_Categories/CategoryList/01_CategoryIcon" classname="Test Cases/ADMIN/Content Mgmt/Categories/Category UI/UI Verification_Categories/CategoryList/01_CategoryIcon" status="PASSED">
         <system-out><![CDATA[2019-10-04 08:15:25 - [TEST_CASE][PASSED] - Test Cases/ADMIN/Content Mgmt/Categories/Category UI/UI Verification_Categories/CategoryList/01_CategoryIcon: Test Cases/ADMIN/Content Mgmt/Categories/Category UI/UI Verification_Categories/CategoryList/01_CategoryIcon

2019-10-04 08:15:25 - [TEST_STEP][PASSED] - waitForElementVisible: Object 'Object Repository/ADMIN/Categories/Category List/logo_Categories' is visible

2019-10-04 08:15:25 - [MESSAGE][WARNING] - Timeout '0' is invalid. Using default page load timeout: '30'

2019-10-04 08:15:25 - [MESSAGE][PASSED] - Object 'Object Repository/ADMIN/Categories/Category List/logo_Categories' is visible

2019-10-04 08:15:25 - [TEST_STEP][PASSED] - verifyElementVisible: Object 'Object Repository/ADMIN/Categories/Category List/logo_Categories' is visible

2019-10-04 08:15:25 - [MESSAGE][PASSED] - Object 'Object Repository/ADMIN/Categories/Category List/logo_Categories' is visible]]></system-out>
         <system-err><![CDATA[]]></system-err>
      </testcase>
      <testcase name="Test Cases/ADMIN/Content Mgmt/Categories/Category UI/UI Verification_Categories/CategoryList/02_CategoryLabel" classname="Test Cases/ADMIN/Content Mgmt/Categories/Category UI/UI Verification_Categories/CategoryList/02_CategoryLabel" status="PASSED">
         <system-out><![CDATA[2019-10-04 08:15:25 - [TEST_CASE][PASSED] - Test Cases/ADMIN/Content Mgmt/Categories/Category UI/UI Verification_Categories/CategoryList/02_CategoryLabel: Test Cases/ADMIN/Content Mgmt/Categories/Category UI/UI Verification_Categories/CategoryList/02_CategoryLabel

2019-10-04 08:15:25 - [TEST_STEP][PASSED] - waitForElementVisible: Object 'Object Repository/ADMIN/Categories/Category List/textlabel_Categories header' is visible

2019-10-04 08:15:25 - [MESSAGE][WARNING] - Timeout '0' is invalid. Using default page load timeout: '30'

2019-10-04 08:15:25 - [MESSAGE][PASSED] - Object 'Object Repository/ADMIN/Categories/Category List/textlabel_Categories header' is visible

2019-10-04 08:15:25 - [TEST_STEP][PASSED] - verifyElementVisible: Object 'Object Repository/ADMIN/Categories/Category List/textlabel_Categories header' is visible

2019-10-04 08:15:25 - [MESSAGE][PASSED] - Object 'Object Repository/ADMIN/Categories/Category List/textlabel_Categories header' is visible]]></system-out>
         <system-err><![CDATA[]]></system-err>
      </testcase>
      <testcase name="Test Cases/ADMIN/Content Mgmt/Categories/Category UI/UI Verification_Categories/CategoryList/03_CategoryIcon" classname="Test Cases/ADMIN/Content Mgmt/Categories/Category UI/UI Verification_Categories/CategoryList/03_CategoryIcon" status="PASSED">
         <system-out><![CDATA[2019-10-04 08:15:25 - [TEST_CASE][PASSED] - Test Cases/ADMIN/Content Mgmt/Categories/Category UI/UI Verification_Categories/CategoryList/03_CategoryIcon: Test Cases/ADMIN/Content Mgmt/Categories/Category UI/UI Verification_Categories/CategoryList/03_CategoryIcon

2019-10-04 08:15:25 - [TEST_STEP][PASSED] - waitForElementVisible: Object 'Object Repository/ADMIN/Categories/Category List/textlabel_Categories header' is visible

2019-10-04 08:15:25 - [MESSAGE][WARNING] - Timeout '0' is invalid. Using default page load timeout: '30'

2019-10-04 08:15:25 - [MESSAGE][PASSED] - Object 'Object Repository/ADMIN/Categories/Category List/textlabel_Categories header' is visible

2019-10-04 08:15:25 - [TEST_STEP][PASSED] - verifyElementVisible: Object 'Object Repository/ADMIN/Categories/Category List/textlabel_Categories header' is visible

2019-10-04 08:15:25 - [MESSAGE][PASSED] - Object 'Object Repository/ADMIN/Categories/Category List/textlabel_Categories header' is visible]]></system-out>
         <system-err><![CDATA[]]></system-err>
      </testcase>
      <testcase name="Test Cases/ADMIN/Content Mgmt/Categories/Category UI/UI Verification_Categories/CategoryList/04_CategoryDescription" classname="Test Cases/ADMIN/Content Mgmt/Categories/Category UI/UI Verification_Categories/CategoryList/04_CategoryDescription" status="PASSED">
         <system-out><![CDATA[2019-10-04 08:15:25 - [TEST_CASE][PASSED] - Test Cases/ADMIN/Content Mgmt/Categories/Category UI/UI Verification_Categories/CategoryList/04_CategoryDescription: Test Cases/ADMIN/Content Mgmt/Categories/Category UI/UI Verification_Categories/CategoryList/04_CategoryDescription

2019-10-04 08:15:25 - [TEST_STEP][PASSED] - waitForElementVisible: Object 'Object Repository/ADMIN/Categories/Category List/textlabel_Create categories for your s' is visible

2019-10-04 08:15:25 - [MESSAGE][WARNING] - Timeout '0' is invalid. Using default page load timeout: '30'

2019-10-04 08:15:25 - [MESSAGE][PASSED] - Object 'Object Repository/ADMIN/Categories/Category List/textlabel_Create categories for your s' is visible

2019-10-04 08:15:25 - [TEST_STEP][PASSED] - verifyElementVisible: Object 'Object Repository/ADMIN/Categories/Category List/textlabel_Create categories for your s' is visible

2019-10-04 08:15:25 - [MESSAGE][PASSED] - Object 'Object Repository/ADMIN/Categories/Category List/textlabel_Create categories for your s' is visible]]></system-out>
         <system-err><![CDATA[]]></system-err>
      </testcase>
      <testcase name="Test Cases/ADMIN/Content Mgmt/Categories/Category UI/UI Verification_Categories/CategoryList/05_AddCategoryButton" classname="Test Cases/ADMIN/Content Mgmt/Categories/Category UI/UI Verification_Categories/CategoryList/05_AddCategoryButton" status="PASSED">
         <system-out><![CDATA[2019-10-04 08:15:25 - [TEST_CASE][PASSED] - Test Cases/ADMIN/Content Mgmt/Categories/Category UI/UI Verification_Categories/CategoryList/05_AddCategoryButton: Test Cases/ADMIN/Content Mgmt/Categories/Category UI/UI Verification_Categories/CategoryList/05_AddCategoryButton

2019-10-04 08:15:25 - [TEST_STEP][PASSED] - waitForElementVisible: Object 'Object Repository/ADMIN/Categories/Category List/button_AddACategory' is visible

2019-10-04 08:15:25 - [MESSAGE][WARNING] - Timeout '0' is invalid. Using default page load timeout: '30'

2019-10-04 08:15:26 - [MESSAGE][PASSED] - Object 'Object Repository/ADMIN/Categories/Category List/button_AddACategory' is visible

2019-10-04 08:15:26 - [TEST_STEP][PASSED] - verifyElementVisible: Object 'Object Repository/ADMIN/Categories/Category List/button_AddACategory' is visible

2019-10-04 08:15:26 - [MESSAGE][PASSED] - Object 'Object Repository/ADMIN/Categories/Category List/button_AddACategory' is visible]]></system-out>
         <system-err><![CDATA[]]></system-err>
      </testcase>
      <testcase name="Test Cases/ADMIN/Content Mgmt/Categories/Category UI/UI Verification_Categories/CategoryList/06_CategoryName" classname="Test Cases/ADMIN/Content Mgmt/Categories/Category UI/UI Verification_Categories/CategoryList/06_CategoryName" status="PASSED">
         <system-out><![CDATA[2019-10-04 08:15:26 - [TEST_CASE][PASSED] - Test Cases/ADMIN/Content Mgmt/Categories/Category UI/UI Verification_Categories/CategoryList/06_CategoryName: Test Cases/ADMIN/Content Mgmt/Categories/Category UI/UI Verification_Categories/CategoryList/06_CategoryName

2019-10-04 08:15:26 - [TEST_STEP][PASSED] - waitForElementVisible: Object 'Object Repository/ADMIN/Categories/Category List/textlabel_CategoryNameheader' is visible

2019-10-04 08:15:26 - [MESSAGE][WARNING] - Timeout '0' is invalid. Using default page load timeout: '30'

2019-10-04 08:15:26 - [MESSAGE][PASSED] - Object 'Object Repository/ADMIN/Categories/Category List/textlabel_CategoryNameheader' is visible

2019-10-04 08:15:26 - [TEST_STEP][PASSED] - verifyElementVisible: Object 'Object Repository/ADMIN/Categories/Category List/textlabel_CategoryNameheader' is visible

2019-10-04 08:15:26 - [MESSAGE][PASSED] - Object 'Object Repository/ADMIN/Categories/Category List/textlabel_CategoryNameheader' is visible]]></system-out>
         <system-err><![CDATA[]]></system-err>
      </testcase>
      <testcase name="Test Cases/ADMIN/Content Mgmt/Categories/Category UI/UI Verification_Categories/CategoryList/07_EditButton" classname="Test Cases/ADMIN/Content Mgmt/Categories/Category UI/UI Verification_Categories/CategoryList/07_EditButton" status="PASSED">
         <system-out><![CDATA[2019-10-04 08:15:26 - [TEST_CASE][PASSED] - Test Cases/ADMIN/Content Mgmt/Categories/Category UI/UI Verification_Categories/CategoryList/07_EditButton: Test Cases/ADMIN/Content Mgmt/Categories/Category UI/UI Verification_Categories/CategoryList/07_EditButton

2019-10-04 08:15:26 - [TEST_STEP][PASSED] - waitForElementVisible: Object 'Object Repository/ADMIN/Categories/Category List/button_Edit' is visible

2019-10-04 08:15:26 - [MESSAGE][WARNING] - Timeout '0' is invalid. Using default page load timeout: '30'

2019-10-04 08:15:26 - [MESSAGE][PASSED] - Object 'Object Repository/ADMIN/Categories/Category List/button_Edit' is visible

2019-10-04 08:15:26 - [TEST_STEP][PASSED] - verifyElementVisible: Object 'Object Repository/ADMIN/Categories/Category List/button_Edit' is visible

2019-10-04 08:15:26 - [MESSAGE][PASSED] - Object 'Object Repository/ADMIN/Categories/Category List/button_Edit' is visible]]></system-out>
         <system-err><![CDATA[]]></system-err>
      </testcase>
      <testcase name="Test Cases/ADMIN/Content Mgmt/Categories/Category UI/UI Verification_Categories/CategoryList/08_DeleteButton" classname="Test Cases/ADMIN/Content Mgmt/Categories/Category UI/UI Verification_Categories/CategoryList/08_DeleteButton" status="PASSED">
         <system-out><![CDATA[2019-10-04 08:15:26 - [TEST_CASE][PASSED] - Test Cases/ADMIN/Content Mgmt/Categories/Category UI/UI Verification_Categories/CategoryList/08_DeleteButton: Test Cases/ADMIN/Content Mgmt/Categories/Category UI/UI Verification_Categories/CategoryList/08_DeleteButton

2019-10-04 08:15:26 - [TEST_STEP][PASSED] - waitForElementVisible: Object 'Object Repository/ADMIN/Categories/Category List/button_Delete' is visible

2019-10-04 08:15:26 - [MESSAGE][WARNING] - Timeout '0' is invalid. Using default page load timeout: '30'

2019-10-04 08:15:26 - [MESSAGE][PASSED] - Object 'Object Repository/ADMIN/Categories/Category List/button_Delete' is visible

2019-10-04 08:15:26 - [TEST_STEP][PASSED] - verifyElementVisible: Object 'Object Repository/ADMIN/Categories/Category List/button_Delete' is visible

2019-10-04 08:15:26 - [MESSAGE][PASSED] - Object 'Object Repository/ADMIN/Categories/Category List/button_Delete' is visible]]></system-out>
         <system-err><![CDATA[]]></system-err>
      </testcase>
      <testcase name="Test Cases/ADMIN/Content Mgmt/Categories/Category UI/UI Verification_Categories/CategoryList/00_Needhelpwithcategories" classname="Test Cases/ADMIN/Content Mgmt/Categories/Category UI/UI Verification_Categories/CategoryList/00_Needhelpwithcategories" status="PASSED">
         <system-out><![CDATA[2019-10-04 08:15:26 - [TEST_CASE][PASSED] - Test Cases/ADMIN/Content Mgmt/Categories/Category UI/UI Verification_Categories/CategoryList/00_Needhelpwithcategories: Test Cases/ADMIN/Content Mgmt/Categories/Category UI/UI Verification_Categories/CategoryList/00_Needhelpwithcategories

2019-10-04 08:15:26 - [TEST_STEP][PASSED] - waitForElementVisible: Object 'Object Repository/ADMIN/Categories/Category List/logo_Need Help' is visible

2019-10-04 08:15:26 - [MESSAGE][WARNING] - Timeout '0' is invalid. Using default page load timeout: '30'

2019-10-04 08:15:26 - [MESSAGE][PASSED] - Object 'Object Repository/ADMIN/Categories/Category List/logo_Need Help' is visible

2019-10-04 08:15:26 - [TEST_STEP][PASSED] - verifyElementVisible: Object 'Object Repository/ADMIN/Categories/Category List/logo_Need Help' is visible

2019-10-04 08:15:26 - [MESSAGE][PASSED] - Object 'Object Repository/ADMIN/Categories/Category List/logo_Need Help' is visible

2019-10-04 08:15:26 - [TEST_STEP][PASSED] - waitForElementVisible: Object 'Object Repository/ADMIN/Categories/Category List/textlabel_Need help with categories' is visible

2019-10-04 08:15:26 - [MESSAGE][WARNING] - Timeout '0' is invalid. Using default page load timeout: '30'

2019-10-04 08:15:26 - [MESSAGE][PASSED] - Object 'Object Repository/ADMIN/Categories/Category List/textlabel_Need help with categories' is visible

2019-10-04 08:15:26 - [TEST_STEP][PASSED] - verifyElementVisible: Object 'Object Repository/ADMIN/Categories/Category List/textlabel_Need help with categories' is visible

2019-10-04 08:15:26 - [MESSAGE][PASSED] - Object 'Object Repository/ADMIN/Categories/Category List/textlabel_Need help with categories' is visible]]></system-out>
         <system-err><![CDATA[]]></system-err>
      </testcase>
      <testcase name="Test Cases/ADMIN/Content Mgmt/Categories/Category UI/UI Verification_Categories/CategoryList/00_TranslateIcon" classname="Test Cases/ADMIN/Content Mgmt/Categories/Category UI/UI Verification_Categories/CategoryList/00_TranslateIcon" status="PASSED">
         <system-out><![CDATA[2019-10-04 08:15:26 - [TEST_CASE][PASSED] - Test Cases/ADMIN/Content Mgmt/Categories/Category UI/UI Verification_Categories/CategoryList/00_TranslateIcon: Test Cases/ADMIN/Content Mgmt/Categories/Category UI/UI Verification_Categories/CategoryList/00_TranslateIcon

2019-10-04 08:15:26 - [TEST_STEP][PASSED] - waitForElementVisible: Object 'Object Repository/ADMIN/Categories/Category List/logo_translate here' is visible

2019-10-04 08:15:26 - [MESSAGE][WARNING] - Timeout '0' is invalid. Using default page load timeout: '30'

2019-10-04 08:15:26 - [MESSAGE][PASSED] - Object 'Object Repository/ADMIN/Categories/Category List/logo_translate here' is visible

2019-10-04 08:15:26 - [TEST_STEP][PASSED] - verifyElementVisible: Object 'Object Repository/ADMIN/Categories/Category List/logo_translate here' is visible

2019-10-04 08:15:26 - [MESSAGE][PASSED] - Object 'Object Repository/ADMIN/Categories/Category List/logo_translate here' is visible]]></system-out>
         <system-err><![CDATA[]]></system-err>
      </testcase>
      <testcase name="Test Cases/ADMIN/Content Mgmt/Categories/Category UI/UI Verification_Categories/CategoryList/00_TranslateLink" classname="Test Cases/ADMIN/Content Mgmt/Categories/Category UI/UI Verification_Categories/CategoryList/00_TranslateLink" status="PASSED">
         <system-out><![CDATA[2019-10-04 08:15:27 - [TEST_CASE][PASSED] - Test Cases/ADMIN/Content Mgmt/Categories/Category UI/UI Verification_Categories/CategoryList/00_TranslateLink: Test Cases/ADMIN/Content Mgmt/Categories/Category UI/UI Verification_Categories/CategoryList/00_TranslateLink

2019-10-04 08:15:27 - [TEST_STEP][PASSED] - waitForElementVisible: Object 'Object Repository/ADMIN/Categories/Category List/textlink_Translate Here' is visible

2019-10-04 08:15:27 - [MESSAGE][WARNING] - Timeout '0' is invalid. Using default page load timeout: '30'

2019-10-04 08:15:27 - [MESSAGE][PASSED] - Object 'Object Repository/ADMIN/Categories/Category List/textlink_Translate Here' is visible

2019-10-04 08:15:27 - [TEST_STEP][PASSED] - verifyElementVisible: Object 'Object Repository/ADMIN/Categories/Category List/textlink_Translate Here' is visible

2019-10-04 08:15:27 - [MESSAGE][PASSED] - Object 'Object Repository/ADMIN/Categories/Category List/textlink_Translate Here' is visible]]></system-out>
         <system-err><![CDATA[]]></system-err>
      </testcase>
      <testcase name="Test Cases/ADMIN/Content Mgmt/Categories/Category UI/UI Verification_Categories/CategoryList/00_Your users dont use English" classname="Test Cases/ADMIN/Content Mgmt/Categories/Category UI/UI Verification_Categories/CategoryList/00_Your users dont use English" status="PASSED">
         <system-out><![CDATA[2019-10-04 08:15:27 - [TEST_CASE][PASSED] - Test Cases/ADMIN/Content Mgmt/Categories/Category UI/UI Verification_Categories/CategoryList/00_Your users dont use English: Test Cases/ADMIN/Content Mgmt/Categories/Category UI/UI Verification_Categories/CategoryList/00_Your users dont use English

2019-10-04 08:15:27 - [TEST_STEP][PASSED] - waitForElementVisible: Object 'Object Repository/ADMIN/Categories/Category List/textlabel_Your users dont use English' is visible

2019-10-04 08:15:27 - [MESSAGE][WARNING] - Timeout '0' is invalid. Using default page load timeout: '30'

2019-10-04 08:15:27 - [MESSAGE][PASSED] - Object 'Object Repository/ADMIN/Categories/Category List/textlabel_Your users dont use English' is visible

2019-10-04 08:15:27 - [TEST_STEP][PASSED] - verifyElementVisible: Object 'Object Repository/ADMIN/Categories/Category List/textlabel_Your users dont use English' is visible

2019-10-04 08:15:27 - [MESSAGE][PASSED] - Object 'Object Repository/ADMIN/Categories/Category List/textlabel_Your users dont use English' is visible]]></system-out>
         <system-err><![CDATA[]]></system-err>
      </testcase>
      <system-out><![CDATA[2019-10-04 08:15:10 - [TEST_SUITE][PASSED] - UI_Category: Test Cases/ADMIN/Content Mgmt/Categories/Category UI/UI Verification_Categories/CategoryList/00_Your users dont use English]]></system-out>
      <system-err><![CDATA[]]></system-err>
   </testsuite>
</testsuites>
